>>> 'Pkg.add("AbstractNumbers")' log
[ Info: Cloning cache of AbstractNumbers from https://github.com/SimonDanisch/AbstractNumbers.jl.git @ Base.Pkg.Cache cache.jl:43
[ Info: Installing AbstractNumbers v0.1.1 @ Base.Pkg.Entry entry.jl:543
[ Info: Installing BinDeps v0.8.2 @ Base.Pkg.Entry entry.jl:543
[ Info: Installing SHA v0.5.2 @ Base.Pkg.Entry entry.jl:543
[ Info: Installing SpecialFunctions v0.3.6 @ Base.Pkg.Entry entry.jl:543
[ Info: Installing URIParser v0.3.0 @ Base.Pkg.Entry entry.jl:543
[ Info: Building SpecialFunctions @ Main none:10
WARNING: importing deprecated binding Base.Void into __anon__.
WARNING: Base.Void is deprecated, use Nothing instead.
  likely near /home/vagrant/.julia/v0.7/SpecialFunctions/deps/build.jl:6
WARNING: Base.Void is deprecated, use Nothing instead.
  likely near /home/vagrant/.julia/v0.7/SpecialFunctions/deps/build.jl:6
WARNING: Base.Void is deprecated, use Nothing instead.
  likely near /home/vagrant/.julia/v0.7/SpecialFunctions/deps/build.jl:6
WARNING: Base.Void is deprecated, use Nothing instead.
  likely near /home/vagrant/.julia/v0.7/SpecialFunctions/deps/build.jl:6
WARNING: Base.Void is deprecated, use Nothing instead.
  likely near /home/vagrant/.julia/v0.7/SpecialFunctions/deps/build.jl:6
WARNING: Base.Void is deprecated, use Nothing instead.
  likely near /home/vagrant/.julia/v0.7/SpecialFunctions/deps/build.jl:6
WARNING: importing deprecated binding Base.Associative into BinDeps.
WARNING: Base.Associative is deprecated, use AbstractDict instead.
  likely near /home/vagrant/.julia/v0.7/SpecialFunctions/deps/binaries.jl:44
in @install at /home/vagrant/.julia/v0.7/BinDeps/src/dependencies.jl
┌ Warning: `unshift!` is deprecated, use `pushfirst!` instead.
│   caller = #_find_library#48(::Type, ::Function, ::BinDeps.LibraryDependency) at dependencies.jl:652
└ @ BinDeps dependencies.jl:652
┌ Warning: `unshift!` is deprecated, use `pushfirst!` instead.
│   caller = #_find_library#48(::DataType, ::Function, ::BinDeps.LibraryDependency) at dependencies.jl:652
└ @ BinDeps dependencies.jl:652
[ Info: Package database updated @ Base.Pkg.Entry entry.jl:32

>>> 'Pkg.test("AbstractNumbers")' log
Julia Version 0.7.0-DEV.3246
Commit 2138144d3a (2018-01-04 02:34 UTC)
Platform Info:
  OS: Linux (x86_64-pc-linux-gnu)
      Ubuntu 14.04.5 LTS
  uname: Linux 3.13.0-135-generic #184-Ubuntu SMP Wed Oct 18 11:55:51 UTC 2017 x86_64 x86_64
  CPU: Intel(R) Xeon(R) CPU E3-1241 v3 @ 3.50GHz: 
              speed         user         nice          sys         idle          irq
       #1  3499 MHz      36758 s        100 s       3580 s     102238 s          0 s
       #2  3499 MHz       8010 s         41 s       1948 s     140677 s          0 s
       
  Memory: 2.93927001953125 GB (697.953125 MB free)
  Uptime: 1520.0 sec
  Load Avg:  1.12060546875  0.85546875  0.4482421875
  WORD_SIZE: 64
  BLAS: libopenblas (USE64BITINT DYNAMIC_ARCH NO_AFFINITY Nehalem)
  LAPACK: libopenblas64_
  LIBM: libopenlibm
  LLVM: libLLVM-3.9.1 (ORCJIT, haswell)
Environment:
  TERM = vt100
  LD_LIBRARY_PATH = :/usr/local/lib/
  PATH = /usr/local/sbin:/usr/local/bin:/usr/sbin:/usr/bin:/sbin:/bin:/usr/games:/usr/local/games:/home/vagrant/julia/bin/
  JAVA_HOME = /usr/lib/jvm/java-8-openjdk-amd64
  HOME = /home/vagrant
Packages:
  Package Directory: /home/vagrant/.julia/v0.7
  Package Status:
2 required packages:
 - AbstractNumbers               0.1.1
 - JSON                          0.16.3
6 additional packages:
 - BinDeps                       0.8.2
 - Compat                        0.42.0
 - Nullables                     0.0.2
 - SHA                           0.5.2
 - SpecialFunctions              0.3.6
 - URIParser                     0.3.0
[ Info: Testing AbstractNumbers @ Base.Pkg.Entry entry.jl:723
WARNING: Base.Test is deprecated, run `using Test` instead.
  likely near /home/vagrant/.julia/v0.7/AbstractNumbers/test/runtests.jl:2
WARNING: Base.Complex64 is deprecated, use ComplexF32 instead.
  likely near /home/vagrant/.julia/v0.7/AbstractNumbers/test/runtests.jl:82
in top-level scope at <missing>
Test Summary: | Pass  Total
testing ~     |    2      2
Test Summary: | Pass  Total
testing conj  |    5      5
Test Summary: | Pass  Total
testing abs   |    5      5
Test Summary: | Pass  Total
testing sin   |    5      5
Test Summary: | Pass  Total
testing cos   |    5      5
Test Summary: | Pass  Total
testing tan   |    5      5
Test Summary: | Pass  Total
testing sinh  |    5      5
Test Summary: | Pass  Total
testing cosh  |    5      5
Test Summary: | Pass  Total
testing tanh  |    5      5
Test Summary: | Pass  Total
testing asin  |    3      3
Test Summary: | Pass  Total
testing acos  |    3      3
Test Summary: | Pass  Total
testing atan  |    5      5
Test Summary: | Pass  Total
testing asinh |    5      5
Test Summary: | Pass  Total
testing acosh |    3      3
Test Summary: | Pass  Total
testing atanh |    3      3
Test Summary: | Pass  Total
testing sec   |    5      5
Test Summary: | Pass  Total
testing csc   |    5      5
Test Summary: | Pass  Total
testing cot   |    5      5
Test Summary: | Pass  Total
testing asec  |    3      3
Test Summary: | Pass  Total
testing acsc  |    3      3
Test Summary: | Pass  Total
testing acot  |    5      5
Test Summary: | Pass  Total
testing sech  |    5      5
Test Summary: | Pass  Total
testing csch  |    5      5
Test Summary: | Pass  Total
testing coth  |    5      5
Test Summary: | Pass  Total
testing asech |    3      3
Test Summary: | Pass  Total
testing acsch |    5      5
Test Summary: | Pass  Total
testing acoth |    3      3
Test Summary: | Pass  Total
testing sinc  |    5      5
Test Summary: | Pass  Total
testing cosc  |    5      5
Test Summary: | Pass  Total
testing cosd  |    4      4
Test Summary: | Pass  Total
testing cotd  |    4      4
Test Summary: | Pass  Total
testing cscd  |    4      4
Test Summary: | Pass  Total
testing secd  |    4      4
Test Summary: | Pass  Total
testing sind  |    4      4
Test Summary: | Pass  Total
testing tand  |    4      4
Test Summary: | Pass  Total
testing acosd |    2      2
Test Summary: | Pass  Total
testing acotd |    4      4
Test Summary: | Pass  Total
testing acscd |    2      2
Test Summary: | Pass  Total
testing asecd |    2      2
Test Summary: | Pass  Total
testing asind |    2      2
Test Summary: | Pass  Total
testing atand |    4      4
Test Summary:   | Pass  Total
testing rad2deg |    5      5
Test Summary:   | Pass  Total
testing deg2rad |    5      5
Test Summary: | Pass  Total
testing log   |   10     10
Test Summary: | Pass  Total
testing log2  |    5      5
Test Summary: | Pass  Total
testing log10 |    5      5
Test Summary: | Pass  Total
testing log1p |    5      5
Test Summary:    | Pass  Total
testing exponent |    2      2
Test Summary: | Pass  Total
testing exp   |    5      5
Test Summary: | Pass  Total
testing exp2  |    5      5
Test Summary: | Pass  Total
testing expm1 |    5      5
Test Summary: | Pass  Total
testing cbrt  |    4      4
Test Summary: | Pass  Total
testing sqrt  |    5      5
Test Summary: | Pass  Total
testing ceil  |    8      8
Test Summary: | Pass  Total
testing floor |    8      8
Test Summary: | Pass  Total
testing trunc |    8      8
Test Summary: | Pass  Total
testing round |    9      9
Test Summary:       | Pass  Total
testing significand |    2      2
Test Summary:  | Pass  Total
testing lgamma |    5      5
Test Summary: | Pass  Total
testing gamma |    5      5
Test Summary: | Pass  Total
testing lfact |    2      2
Test Summary: | Pass  Total
testing frexp |    2      2
Test Summary: |
testing ldexp | No tests
Test Summary: | Pass  Total
testing modf  |    4      4
Test Summary: | Pass  Total
testing real  |    5      5
Test Summary: | Pass  Total
testing imag  |    5      5
Test Summary: |
testing !     | No tests
Test Summary:    | Pass  Total
testing identity |    5      5
Test Summary: | Pass  Total
testing zero  |    5      5
Test Summary: | Pass  Total
testing one   |    5      5
Test Summary: | Pass  Total
testing <<    |    2      2
Test Summary: | Pass  Total
testing >>    |    2      2
Test Summary: | Pass  Total
testing abs2  |    5      5
Test Summary: | Pass  Total
testing sign  |    5      5
Test Summary: | Pass  Total
testing atan2 |    4      4
Test Summary: | Pass  Total
testing sinpi |    5      5
Test Summary: | Pass  Total
testing cospi |    5      5
Test Summary: | Pass  Total
testing exp10 |    5      5
Test Summary:  | Pass  Total
testing iseven |    2      2
Test Summary:  | Pass  Total
testing ispow2 |    2      2
Test Summary:    | Pass  Total
testing isfinite |    5      5
Test Summary: | Pass  Total
testing isinf |    5      5
Test Summary: | Pass  Total
testing isodd |    2      2
Test Summary:     | Pass  Total
testing isinteger |    5      5
Test Summary:  | Pass  Total
testing isreal |    5      5
┌ Warning: `isimag(z::Number)` is deprecated, use `iszero(real(z))` instead.
│   caller = macro expansion at runtests.jl:104 [inlined]
└ @ Core runtests.jl:104
┌ Warning: `isimag(z::Number)` is deprecated, use `iszero(real(z))` instead.
│   caller = isimag(::MyNumber{Float32}) at overloads.jl:587
└ @ AbstractNumbers overloads.jl:587
┌ Warning: `isimag(z::Number)` is deprecated, use `iszero(real(z))` instead.
│   caller = isimag(::MyNumber{Float64}) at overloads.jl:587
└ @ AbstractNumbers overloads.jl:587
┌ Warning: `isimag(z::Number)` is deprecated, use `iszero(real(z))` instead.
│   caller = isimag(::MyNumber{Complex{Float32}}) at overloads.jl:587
└ @ AbstractNumbers overloads.jl:587
┌ Warning: `isimag(z::Number)` is deprecated, use `iszero(real(z))` instead.
│   caller = isimag(::MyNumber{Int64}) at overloads.jl:587
└ @ AbstractNumbers overloads.jl:587
┌ Warning: `isimag(z::Number)` is deprecated, use `iszero(real(z))` instead.
│   caller = isimag(::MyNumber{UInt64}) at overloads.jl:587
└ @ AbstractNumbers overloads.jl:587
Test Summary:  | Pass  Total
testing isimag |    5      5
Test Summary: | Pass  Total
testing isnan |    5      5
Test Summary:   | Pass  Total
testing isempty |    5      5
Test Summary:  | Pass  Total
testing iszero |    5      5
Test Summary:     | Pass  Total
testing transpose |    5      5
┌ Warning: `ctranspose` is deprecated, use `adjoint` instead.
│   caller = macro expansion at runtests.jl:104 [inlined]
└ @ Core runtests.jl:104
┌ Warning: `ctranspose` is deprecated, use `adjoint` instead.
│   caller = ctranspose(::MyNumber{Float32}) at overloads.jl:612
└ @ AbstractNumbers overloads.jl:612
┌ Warning: `ctranspose` is deprecated, use `adjoint` instead.
│   caller = ctranspose(::MyNumber{Float64}) at overloads.jl:612
└ @ AbstractNumbers overloads.jl:612
┌ Warning: `ctranspose` is deprecated, use `adjoint` instead.
│   caller = ctranspose(::MyNumber{Complex{Float32}}) at overloads.jl:612
└ @ AbstractNumbers overloads.jl:612
┌ Warning: `ctranspose` is deprecated, use `adjoint` instead.
│   caller = ctranspose(::MyNumber{Int64}) at overloads.jl:612
└ @ AbstractNumbers overloads.jl:612
┌ Warning: `ctranspose` is deprecated, use `adjoint` instead.
│   caller = ctranspose(::MyNumber{UInt64}) at overloads.jl:612
└ @ AbstractNumbers overloads.jl:612
testing ctranspose: Error During Test at /home/vagrant/.julia/v0.7/AbstractNumbers/test/runtests.jl:84
  Got an exception of type MethodError outside of a @test
  MethodError: no method matching adjoint(::Float32, ::Float32)
  Closest candidates are:
    adjoint(::Number) at number.jl:174
    adjoint(::Any) at operators.jl:767
  Stacktrace:
   [1] ctranspose(::Float32, ::Float32, ::Vararg{Float32,N} where N) at ./deprecated.jl:32
   [2] macro expansion at /home/vagrant/.julia/v0.7/AbstractNumbers/test/runtests.jl:104 [inlined]
   [3] macro expansion at /buildworker/worker/package_linux64/build/usr/share/julia/site/v0.7/Test/src/Test.jl:980 [inlined]
   [4] top-level scope at ./<missing>:85
   [5] include at ./boot.jl:295 [inlined]
   [6] include_relative(::Module, ::String) at ./loading.jl:521
   [7] include(::Module, ::String) at ./sysimg.jl:26
   [8] process_options(::Base.JLOptions) at ./client.jl:323
   [9] _start() at ./client.jl:374
Test Summary:                                      | Pass  Error  Total
testing ctranspose                                 |    5      1      6
  Float32 (0.35274744f0,)                          |    1             1
  Float64 (0.44497887947849524,)                   |    1             1
  Complex{Float32} (0.7143899f0 + 0.19676459f0im,) |    1             1
  Int64 (6,)                                       |    1             1
  UInt64 (0x0000000000000013,)                     |    1             1
ERROR: LoadError: Some tests did not pass: 5 passed, 0 failed, 1 errored, 0 broken.
in expression starting at /home/vagrant/.julia/v0.7/AbstractNumbers/test/runtests.jl:82
┌ Error: ------------------------------------------------------------
│ # Testing failed for AbstractNumbers
│   exception = ErrorException("failed process: Process(`/home/vagrant/julia/bin/julia -Cnative -J/home/vagrant/julia/lib/julia/sys.so --compile=yes --depwarn=yes --code-coverage=none --color=no --compiled-modules=yes --check-bounds=yes --warn-overwrite=yes --startup-file=yes /home/vagrant/.julia/v0.7/AbstractNumbers/test/runtests.jl`, ProcessExited(1)) [1]")
└ @ Base.Pkg.Entry entry.jl:739
ERROR: AbstractNumbers had test errors

>>> End of log
