>>> 'Pkg.add("AbstractFFTs")' log
INFO: Cloning cache of AbstractFFTs from https://github.com/JuliaMath/AbstractFFTs.jl.git
INFO: Installing AbstractFFTs v0.3.1
INFO: Package database updated

>>> 'Pkg.test("AbstractFFTs")' log
Julia Version 0.6.3
Commit d55cadc350 (2018-05-28 20:20 UTC)
Platform Info:
  OS: Linux (x86_64-pc-linux-gnu)
  CPU: Intel(R) Xeon(R) CPU E3-1241 v3 @ 3.50GHz
  WORD_SIZE: 64
           Ubuntu 14.04.5 LTS
  uname: Linux 3.13.0-143-generic #192-Ubuntu SMP Tue Feb 27 10:45:36 UTC 2018 x86_64 x86_64
Memory: 2.939197540283203 GB (822.58984375 MB free)
Uptime: 1033.0 sec
Load Avg:  0.978515625  0.8564453125  0.49658203125
Intel(R) Xeon(R) CPU E3-1241 v3 @ 3.50GHz: 
       speed         user         nice          sys         idle          irq
#1  3499 MHz      39190 s         64 s       4912 s      46886 s          3 s
#2  3499 MHz       7682 s         92 s       2829 s      90820 s          0 s

  BLAS: libopenblas (USE64BITINT DYNAMIC_ARCH NO_AFFINITY Nehalem)
  LAPACK: libopenblas64_
  LIBM: libopenlibm
  LLVM: libLLVM-3.9.1 (ORCJIT, haswell)
Environment:
  TERM = vt100
  LD_LIBRARY_PATH = :/usr/local/lib/
  PATH = /usr/local/sbin:/usr/local/bin:/usr/sbin:/usr/bin:/sbin:/bin:/usr/games:/usr/local/games:/home/vagrant/julia/bin/
  JAVA_HOME = /usr/lib/jvm/java-8-openjdk-amd64
  HOME = /home/vagrant

Package Directory: /home/vagrant/.julia/v0.6
2 required packages:
 - AbstractFFTs                  0.3.1
 - JSON                          0.17.2
2 additional packages:
 - Compat                        0.69.0
 - Nullables                     0.0.5
INFO: Computing test dependencies for AbstractFFTs...
INFO: No packages to install, update or remove
INFO: Testing AbstractFFTs
Test Summary: | Pass  Total
Custom Plan   |    4      4
Test Summary:   | Pass  Total
Shift functions |   14     14
Test Summary: | Pass  Total
normalization |    1      1
INFO: AbstractFFTs tests passed
INFO: No packages to install, update or remove

>>> End of log
