>>> 'Pkg.add("AbstractDomains")' log
INFO: Cloning cache of AbstractDomains from git://github.com/zenna/AbstractDomains.jl.git
INFO: Cloning cache of Compat from git://github.com/JuliaLang/Compat.jl.git
INFO: Cloning cache of Docile from git://github.com/MichaelHatherly/Docile.jl.git
INFO: Cloning cache of Iterators from git://github.com/JuliaLang/Iterators.jl.git
INFO: Installing AbstractDomains v0.0.3
INFO: Installing Compat v0.8.8
INFO: Installing Docile v0.5.23
INFO: Installing Iterators v0.1.10
INFO: Package database updated

>>> 'Pkg.test("AbstractDomains")' log
Julia Version 0.3.12
Commit 80aa779 (2015-10-26 12:41 UTC)
Platform Info:
  System: Linux (x86_64-unknown-linux-gnu)
  CPU: Intel(R) Xeon(R) CPU E3-1241 v3 @ 3.50GHz
  WORD_SIZE: 64
           Ubuntu 14.04.5 LTS
  uname: Linux 3.13.0-95-generic #142-Ubuntu SMP Fri Aug 12 17:00:09 UTC 2016 x86_64 x86_64
Memory: 2.4471054077148438 GB (157.82421875 MB free)
Uptime: 1740.0 sec
Load Avg:  0.6533203125  0.1845703125  0.10107421875
Intel(R) Xeon(R) CPU E3-1241 v3 @ 3.50GHz: 
       speed         user         nice          sys         idle          irq
#1  3500 MHz       2651 s         11 s       1795 s     167251 s          1 s
#2  3500 MHz       2078 s        158 s       1542 s     169115 s          0 s

  BLAS: libopenblas (USE64BITINT DYNAMIC_ARCH NO_AFFINITY Nehalem)
  LAPACK: libopenblas
  LIBM: libopenlibm
  LLVM: libLLVM-3.3
Environment:
  TERM = vt100
  LD_LIBRARY_PATH = :/usr/local/lib/
  PATH = /usr/local/sbin:/usr/local/bin:/usr/sbin:/usr/bin:/sbin:/bin:/usr/games:/usr/local/games:/home/vagrant/julia/bin/
  JAVA_HOME = /usr/lib/jvm/java-7-oracle
  HOME = /home/vagrant

Package Directory: /home/vagrant/.julia/v0.3
1 required packages:
 - AbstractDomains               0.0.3
3 additional packages:
 - Compat                        0.8.8
 - Docile                        0.5.23
 - Iterators                     0.1.10
INFO: Testing AbstractDomains
Running tests:
 * bool.jl
 * interval.jl
 * hyperbox.jl
 * lazybox.jl
INFO: AbstractDomains tests passed
INFO: No packages to install, update or remove

>>> End of log
