>>> 'Pkg.add("ActiveAppearanceModels")' log
INFO: Cloning cache of ActiveAppearanceModels from https://github.com/dfdx/ActiveAppearanceModels.jl.git
INFO: Cloning cache of AxisArrays from https://github.com/JuliaArrays/AxisArrays.jl.git
INFO: Cloning cache of BinDeps from https://github.com/JuliaLang/BinDeps.jl.git
INFO: Cloning cache of Blosc from https://github.com/stevengj/Blosc.jl.git
INFO: Cloning cache of BufferedStreams from https://github.com/BioJulia/BufferedStreams.jl.git
INFO: Cloning cache of Cairo from https://github.com/JuliaGraphics/Cairo.jl.git
INFO: Cloning cache of CatIndices from https://github.com/JuliaArrays/CatIndices.jl.git
INFO: Cloning cache of ColorTypes from https://github.com/JuliaGraphics/ColorTypes.jl.git
INFO: Cloning cache of ColorVectorSpace from https://github.com/JuliaGraphics/ColorVectorSpace.jl.git
INFO: Cloning cache of Colors from https://github.com/JuliaGraphics/Colors.jl.git
INFO: Cloning cache of ComputationalResources from https://github.com/timholy/ComputationalResources.jl.git
INFO: Cloning cache of CustomUnitRanges from https://github.com/JuliaArrays/CustomUnitRanges.jl.git
INFO: Cloning cache of DataStructures from https://github.com/JuliaCollections/DataStructures.jl.git
INFO: Cloning cache of Dates from https://github.com/quinnj/Dates.jl.git
INFO: Cloning cache of Docile from https://github.com/MichaelHatherly/Docile.jl.git
INFO: Cloning cache of FFTViews from https://github.com/JuliaArrays/FFTViews.jl.git
INFO: Cloning cache of FaceDatasets from https://github.com/dfdx/FaceDatasets.jl.git
INFO: Cloning cache of FileIO from https://github.com/JuliaIO/FileIO.jl.git
INFO: Cloning cache of FixedPointNumbers from https://github.com/JuliaMath/FixedPointNumbers.jl.git
INFO: Cloning cache of GeometricalPredicates from https://github.com/JuliaGeometry/GeometricalPredicates.jl.git
INFO: Cloning cache of Graphics from https://github.com/JuliaGraphics/Graphics.jl.git
INFO: Cloning cache of HDF5 from https://github.com/JuliaIO/HDF5.jl.git
INFO: Cloning cache of ImageAxes from https://github.com/JuliaImages/ImageAxes.jl.git
INFO: Cloning cache of ImageCore from https://github.com/JuliaImages/ImageCore.jl.git
INFO: Cloning cache of ImageFiltering from https://github.com/JuliaImages/ImageFiltering.jl.git
INFO: Cloning cache of ImageMagick from https://github.com/JuliaIO/ImageMagick.jl.git
INFO: Cloning cache of ImageMetadata from https://github.com/JuliaImages/ImageMetadata.jl.git
INFO: Cloning cache of ImageView from https://github.com/timholy/ImageView.jl.git
INFO: Cloning cache of Images from https://github.com/JuliaImages/Images.jl.git
INFO: Cloning cache of IndirectArrays from https://github.com/JuliaArrays/IndirectArrays.jl.git
INFO: Cloning cache of IniFile from https://github.com/JuliaIO/IniFile.jl.git
INFO: Cloning cache of IntervalSets from https://github.com/JuliaMath/IntervalSets.jl.git
INFO: Cloning cache of Libz from https://github.com/BioJulia/Libz.jl.git
INFO: Cloning cache of MAT from https://github.com/simonster/MAT.jl.git
INFO: Cloning cache of MacroTools from https://github.com/MikeInnes/MacroTools.jl.git
INFO: Cloning cache of MappedArrays from https://github.com/JuliaArrays/MappedArrays.jl.git
INFO: Cloning cache of MultivariateStats from https://github.com/JuliaStats/MultivariateStats.jl.git
INFO: Cloning cache of OffsetArrays from https://github.com/alsam/OffsetArrays.jl.git
INFO: Cloning cache of PiecewiseAffineTransforms from https://github.com/dfdx/PiecewiseAffineTransforms.jl.git
INFO: Cloning cache of RangeArrays from https://github.com/JuliaArrays/RangeArrays.jl.git
INFO: Cloning cache of SHA from https://github.com/staticfloat/SHA.jl.git
INFO: Cloning cache of SIUnits from https://github.com/Keno/SIUnits.jl.git
INFO: Cloning cache of ShowItLikeYouBuildIt from https://github.com/JuliaArrays/ShowItLikeYouBuildIt.jl.git
INFO: Cloning cache of SimpleTraits from https://github.com/mauro3/SimpleTraits.jl.git
INFO: Cloning cache of StaticArrays from https://github.com/JuliaArrays/StaticArrays.jl.git
INFO: Cloning cache of StatsBase from https://github.com/JuliaStats/StatsBase.jl.git
INFO: Cloning cache of TexExtensions from https://github.com/Keno/TexExtensions.jl.git
INFO: Cloning cache of TiledIteration from https://github.com/JuliaArrays/TiledIteration.jl.git
INFO: Cloning cache of Tk from https://github.com/JuliaGraphics/Tk.jl.git
INFO: Cloning cache of URIParser from https://github.com/JuliaWeb/URIParser.jl.git
INFO: Cloning cache of VoronoiDelaunay from https://github.com/JuliaGeometry/VoronoiDelaunay.jl.git
INFO: Cloning cache of Winston from https://github.com/nolta/Winston.jl.git
INFO: Installing ActiveAppearanceModels v0.1.2
INFO: Installing AxisArrays v0.0.3
INFO: Installing BinDeps v0.4.5
INFO: Installing Blosc v0.2.0
INFO: Installing BufferedStreams v0.3.0
INFO: Installing Cairo v0.2.35
INFO: Installing CatIndices v0.0.1
INFO: Installing ColorTypes v0.3.3
INFO: Installing ColorVectorSpace v0.2.0
INFO: Installing Colors v0.7.1
INFO: Installing ComputationalResources v0.0.1
INFO: Installing CustomUnitRanges v0.0.3
INFO: Installing DataStructures v0.5.2
INFO: Installing Dates v0.4.4
INFO: Installing Docile v0.5.23
INFO: Installing FFTViews v0.0.1
INFO: Installing FaceDatasets v0.2.0
INFO: Installing FileIO v0.3.0
INFO: Installing FixedPointNumbers v0.3.3
INFO: Installing GeometricalPredicates v0.0.6
INFO: Installing Graphics v0.1.3
INFO: Installing HDF5 v0.7.3
INFO: Installing ImageAxes v0.1.0
INFO: Installing ImageCore v0.1.1
INFO: Installing ImageFiltering v0.1.1
INFO: Installing ImageMagick v0.2.1
INFO: Installing ImageMetadata v0.2.0
INFO: Installing ImageView v0.3.1
INFO: Installing Images v0.7.0
INFO: Installing IndirectArrays v0.1.0
INFO: Installing IniFile v0.2.5
INFO: Installing IntervalSets v0.0.2
INFO: Installing Iterators v0.2.0
INFO: Installing Libz v0.2.3
INFO: Installing MAT v0.3.1
INFO: Installing MacroTools v0.3.4
INFO: Installing MappedArrays v0.0.5
INFO: Installing MultivariateStats v0.3.1
INFO: Installing OffsetArrays v0.2.12
INFO: Installing PiecewiseAffineTransforms v0.2.0
INFO: Installing RangeArrays v0.1.1
INFO: Installing Reexport v0.0.3
INFO: Installing SHA v0.3.1
INFO: Installing SIUnits v0.1.0
INFO: Installing ShowItLikeYouBuildIt v0.0.1
INFO: Installing SimpleTraits v0.2.0
INFO: Installing StaticArrays v0.1.5
INFO: Installing StatsBase v0.13.0
INFO: Installing TexExtensions v0.0.3
INFO: Installing TiledIteration v0.0.1
INFO: Installing Tk v0.4.0
INFO: Installing URIParser v0.1.8
INFO: Installing VoronoiDelaunay v0.1.0
INFO: Installing Winston v0.12.1
INFO: Building Blosc

WARNING: deprecated syntax "abstract BuildStep" at /home/vagrant/.julia/v0.6/BinDeps/src/BinDeps.jl:45.
Use "abstract type BuildStep end" instead.

WARNING: deprecated syntax "abstract BuildStep" at /home/vagrant/.julia/v0.6/BinDeps/src/BinDeps.jl:45.
Use "abstract type BuildStep end" instead.

WARNING: deprecated syntax "abstract DependencyProvider" at /home/vagrant/.julia/v0.6/BinDeps/src/dependencies.jl:7.
Use "abstract type DependencyProvider end" instead.

WARNING: deprecated syntax "abstract DependencyHelper" at /home/vagrant/.julia/v0.6/BinDeps/src/dependencies.jl:10.
Use "abstract type DependencyHelper end" instead.

WARNING: deprecated syntax "abstract PackageManager<:DependencyProvider" at /home/vagrant/.julia/v0.6/BinDeps/src/dependencies.jl:95.
Use "abstract type PackageManager<:DependencyProvider end" instead.

WARNING: deprecated syntax "abstract Sources<:DependencyHelper" at /home/vagrant/.julia/v0.6/BinDeps/src/dependencies.jl:231.
Use "abstract type Sources<:DependencyHelper end" instead.

WARNING: deprecated syntax "abstract Binaries<:DependencyProvider" at /home/vagrant/.julia/v0.6/BinDeps/src/dependencies.jl:232.
Use "abstract type Binaries<:DependencyProvider end" instead.

WARNING: deprecated syntax "abstract BuildProcess<:DependencyProvider" at /home/vagrant/.julia/v0.6/BinDeps/src/dependencies.jl:265.
Use "abstract type BuildProcess<:DependencyProvider end" instead.

WARNING: deprecated syntax "abstract SHA_CTX" at /home/vagrant/.julia/v0.6/SHA/src/types.jl:4.
Use "abstract type SHA_CTX end" instead.

WARNING: deprecated syntax "abstract SHA2_CTX<:SHA_CTX" at /home/vagrant/.julia/v0.6/SHA/src/types.jl:5.
Use "abstract type SHA2_CTX<:SHA_CTX end" instead.

WARNING: deprecated syntax "abstract SHA3_CTX<:SHA_CTX" at /home/vagrant/.julia/v0.6/SHA/src/types.jl:6.
Use "abstract type SHA3_CTX<:SHA_CTX end" instead.

WARNING: deprecated syntax "typealias SHA224_CTX SHA2_224_CTX" at /home/vagrant/.julia/v0.6/SHA/src/types.jl:44.
Use "const SHA224_CTX = SHA2_224_CTX" instead.

WARNING: deprecated syntax "typealias SHA256_CTX SHA2_256_CTX" at /home/vagrant/.julia/v0.6/SHA/src/types.jl:45.
Use "const SHA256_CTX = SHA2_256_CTX" instead.

WARNING: deprecated syntax "typealias SHA384_CTX SHA2_384_CTX" at /home/vagrant/.julia/v0.6/SHA/src/types.jl:46.
Use "const SHA384_CTX = SHA2_384_CTX" instead.

WARNING: deprecated syntax "typealias SHA512_CTX SHA2_512_CTX" at /home/vagrant/.julia/v0.6/SHA/src/types.jl:47.
Use "const SHA512_CTX = SHA2_512_CTX" instead.
  % Total    % Received % Xferd  Average Speed   Time    Time     Time  Current
                                 Dload  Upload   Total   Spent    Left  Speed
  0     0    0     0    0     0      0      0 --:--:-- --:--:-- --:--:--     0  0     0    0     0    0     0      0      0 --:--:-- --:--:-- --:--:--     0100   122    0   122    0     0   1376      0 --:--:-- --:--:-- --:--:--  1370
 38  607k   38  236k    0     0   135k      0  0:00:04  0:00:01  0:00:03  135k 78  607k   78  478k    0     0   173k      0  0:00:03  0:00:02  0:00:01  241k100  607k  100  607k    0     0   220k      0  0:00:02  0:00:02 --:--:--  369k
Compiling libblosc...
gcc -I. -DBLOSC_SHARED_LIBRARY -DSHUFFLE_AVX2_ENABLED -DSHUFFLE_SSE2_ENABLED -fPIC -O3 -pthread -std=gnu99 -DHAVE_LZ4 -I../internal-complibs/lz4-1.7.2 -c -o bitshuffle-generic.o bitshuffle-generic.c
gcc -I. -DBLOSC_SHARED_LIBRARY -DSHUFFLE_AVX2_ENABLED -DSHUFFLE_SSE2_ENABLED -fPIC -O3 -pthread -std=gnu99 -DHAVE_LZ4 -I../internal-complibs/lz4-1.7.2 -c -o shuffle-generic.o shuffle-generic.c
gcc -I. -DBLOSC_SHARED_LIBRARY -DSHUFFLE_AVX2_ENABLED -DSHUFFLE_SSE2_ENABLED -fPIC -O3 -pthread -std=gnu99 -DHAVE_LZ4 -I../internal-complibs/lz4-1.7.2 -c -o shuffle.o shuffle.c
gcc -I. -DBLOSC_SHARED_LIBRARY -DSHUFFLE_AVX2_ENABLED -DSHUFFLE_SSE2_ENABLED -fPIC -O3 -pthread -std=gnu99 -DHAVE_LZ4 -I../internal-complibs/lz4-1.7.2 -c -o blosclz.o blosclz.c
gcc -I. -DBLOSC_SHARED_LIBRARY -DSHUFFLE_AVX2_ENABLED -DSHUFFLE_SSE2_ENABLED -fPIC -O3 -pthread -std=gnu99 -DHAVE_LZ4 -I../internal-complibs/lz4-1.7.2 -c -o blosc.o blosc.c
gcc -I. -DBLOSC_SHARED_LIBRARY -DSHUFFLE_AVX2_ENABLED -DSHUFFLE_SSE2_ENABLED -fPIC -O3 -pthread -std=gnu99 -DHAVE_LZ4 -I../internal-complibs/lz4-1.7.2 -c -o ../internal-complibs/lz4-1.7.2/lz4.o ../internal-complibs/lz4-1.7.2/lz4.c
gcc -I. -DBLOSC_SHARED_LIBRARY -DSHUFFLE_AVX2_ENABLED -DSHUFFLE_SSE2_ENABLED -fPIC -O3 -pthread -std=gnu99 -DHAVE_LZ4 -I../internal-complibs/lz4-1.7.2 -c -o ../internal-complibs/lz4-1.7.2/lz4hc.o ../internal-complibs/lz4-1.7.2/lz4hc.c
echo "building with AVX2"
building with AVX2
gcc -I. -DBLOSC_SHARED_LIBRARY -DSHUFFLE_AVX2_ENABLED -DSHUFFLE_SSE2_ENABLED -fPIC -O3 -pthread -std=gnu99 -DHAVE_LZ4 -I../internal-complibs/lz4-1.7.2 -mavx2 -c -o bitshuffle-avx2.o bitshuffle-avx2.c
gcc -I. -DBLOSC_SHARED_LIBRARY -DSHUFFLE_AVX2_ENABLED -DSHUFFLE_SSE2_ENABLED -fPIC -O3 -pthread -std=gnu99 -DHAVE_LZ4 -I../internal-complibs/lz4-1.7.2 -mavx2 -c -o shuffle-avx2.o shuffle-avx2.c
echo "building without AVX2"
building without AVX2
gcc -I. -DBLOSC_SHARED_LIBRARY -DSHUFFLE_AVX2_ENABLED -DSHUFFLE_SSE2_ENABLED -fPIC -O3 -pthread -std=gnu99 -DHAVE_LZ4 -I../internal-complibs/lz4-1.7.2 -msse2 -c -o bitshuffle-sse2.o bitshuffle-sse2.c
gcc -I. -DBLOSC_SHARED_LIBRARY -DSHUFFLE_AVX2_ENABLED -DSHUFFLE_SSE2_ENABLED -fPIC -O3 -pthread -std=gnu99 -DHAVE_LZ4 -I../internal-complibs/lz4-1.7.2 -msse2 -c -o shuffle-sse2.o shuffle-sse2.c
gcc -fPIC -O3 -pthread -std=gnu99 -DHAVE_LZ4 -I../internal-complibs/lz4-1.7.2 -shared bitshuffle-generic.o shuffle-generic.o shuffle.o blosclz.o blosc.o ../internal-complibs/lz4-1.7.2/lz4.o ../internal-complibs/lz4-1.7.2/lz4hc.o bitshuffle-avx2.o shuffle-avx2.o bitshuffle-sse2.o shuffle-sse2.o -o ../../libblosc.so
INFO: Building HDF5
WARNING: Array{T}(::Type{T}, m::Int) is deprecated, use Array{T}(m) instead.
Stacktrace:
 [1] depwarn(::String, ::Symbol) at ./deprecated.jl:64
 [2] Array(::Type{Tuple{BinDeps.DependencyProvider,Dict{Symbol,Any}}}, ::Int64) at ./deprecated.jl:51
 [3] #_library_dependency#21(::Array{Any,1}, ::Function, ::BinDeps.PackageContext, ::String) at /home/vagrant/.julia/v0.6/BinDeps/src/dependencies.jl:60
 [4] (::BinDeps.#kw##_library_dependency)(::Array{Any,1}, ::BinDeps.#_library_dependency, ::BinDeps.PackageContext, ::String) at ./<missing>:0
 [5] #library_dependency#1(::Array{Any,1}, ::Function, ::String, ::Vararg{String,N} where N) at /home/vagrant/.julia/v0.6/BinDeps/src/dependencies.jl:86
 [6] (::__anon__.#kw##library_dependency)(::Array{Any,1}, ::__anon__.#library_dependency, ::String, ::Vararg{String,N} where N) at ./<missing>:0
 [7] include_from_node1(::String) at ./loading.jl:539
 [8] include(::String) at ./sysimg.jl:14
 [9] evalfile(::String, ::Array{String,1}) at ./loading.jl:573 (repeats 2 times)
 [10] cd(::##2#4, ::String) at ./file.jl:69
 [11] (::##1#3)(::IOStream) at ./none:12
 [12] open(::##1#3, ::String, ::String) at ./iostream.jl:152
 [13] eval(::Module, ::Any) at ./boot.jl:235
 [14] process_options(::Base.JLOptions) at ./client.jl:286
 [15] _start() at ./client.jl:371
while loading /home/vagrant/.julia/v0.6/HDF5/deps/build.jl, in expression starting on line 6
Installing dependency hdf5-tools via `sudo apt-get install hdf5-tools`:
Reading package lists...
Building dependency tree...
Reading state information...
The following extra packages will be installed:
  libhdf5-7
The following NEW packages will be installed:
  hdf5-tools libhdf5-7
0 upgraded, 2 newly installed, 0 to remove and 0 not upgraded.
Need to get 1,547 kB of archives.
After this operation, 5,841 kB of additional disk space will be used.
Get:1 http://archive.ubuntu.com/ubuntu/ trusty/universe libhdf5-7 amd64 1.8.11-5ubuntu7 [1,205 kB]
Get:2 http://archive.ubuntu.com/ubuntu/ trusty/universe hdf5-tools amd64 1.8.11-5ubuntu7 [342 kB]
dpkg-preconfigure: unable to re-open stdin: No such file or directory
Fetched 1,547 kB in 15s (97.4 kB/s)
Selecting previously unselected package libhdf5-7:amd64.
(Reading database ... 71294 files and directories currently installed.)
Preparing to unpack .../libhdf5-7_1.8.11-5ubuntu7_amd64.deb ...
Unpacking libhdf5-7:amd64 (1.8.11-5ubuntu7) ...
Selecting previously unselected package hdf5-tools.
Preparing to unpack .../hdf5-tools_1.8.11-5ubuntu7_amd64.deb ...
Unpacking hdf5-tools (1.8.11-5ubuntu7) ...
Processing triggers for man-db (2.6.7.1-1ubuntu1) ...
Setting up libhdf5-7:amd64 (1.8.11-5ubuntu7) ...
Setting up hdf5-tools (1.8.11-5ubuntu7) ...
Processing triggers for libc-bin (2.19-0ubuntu6.9) ...
WARNING: takebuf_string(b) is deprecated, use String(take!(b)) instead.
Stacktrace:
 [1] depwarn(::String, ::Symbol) at ./deprecated.jl:64
 [2] takebuf_string(::Base.AbstractIOBuffer{Array{UInt8,1}}) at ./deprecated.jl:51
 [3] macro expansion at /home/vagrant/.julia/v0.6/BinDeps/src/dependencies.jl:887 [inlined]
 [4] anonymous at ./<missing>:?
 [5] include_from_node1(::String) at ./loading.jl:539
 [6] include(::String) at ./sysimg.jl:14
 [7] evalfile(::String, ::Array{String,1}) at ./loading.jl:573 (repeats 2 times)
 [8] cd(::##2#4, ::String) at ./file.jl:69
 [9] (::##1#3)(::IOStream) at ./none:12
 [10] open(::##1#3, ::String, ::String) at ./iostream.jl:152
 [11] eval(::Module, ::Any) at ./boot.jl:235
 [12] process_options(::Base.JLOptions) at ./client.jl:286
 [13] _start() at ./client.jl:371
while loading /home/vagrant/.julia/v0.6/HDF5/deps/build.jl, in expression starting on line 27
INFO: Building ImageMagick
WARNING: Array{T}(::Type{T}, m::Int) is deprecated, use Array{T}(m) instead.
Stacktrace:
 [1] depwarn(::String, ::Symbol) at ./deprecated.jl:64
 [2] Array(::Type{Tuple{BinDeps.DependencyProvider,Dict{Symbol,Any}}}, ::Int64) at ./deprecated.jl:51
 [3] #_library_dependency#21(::Array{Any,1}, ::Function, ::BinDeps.PackageContext, ::String) at /home/vagrant/.julia/v0.6/BinDeps/src/dependencies.jl:60
 [4] (::BinDeps.#kw##_library_dependency)(::Array{Any,1}, ::BinDeps.#_library_dependency, ::BinDeps.PackageContext, ::String) at ./<missing>:0
 [5] #library_dependency#1(::Array{Any,1}, ::Function, ::String, ::Vararg{String,N} where N) at /home/vagrant/.julia/v0.6/BinDeps/src/dependencies.jl:86
 [6] (::__anon__.#kw##library_dependency)(::Array{Any,1}, ::__anon__.#library_dependency, ::String, ::Vararg{String,N} where N) at ./<missing>:0
 [7] include_from_node1(::String) at ./loading.jl:539
 [8] include(::String) at ./sysimg.jl:14
 [9] evalfile(::String, ::Array{String,1}) at ./loading.jl:573 (repeats 2 times)
 [10] cd(::##2#4, ::String) at ./file.jl:69
 [11] (::##1#3)(::IOStream) at ./none:12
 [12] open(::##1#3, ::String, ::String) at ./iostream.jl:152
 [13] eval(::Module, ::Any) at ./boot.jl:235
 [14] process_options(::Base.JLOptions) at ./client.jl:286
 [15] _start() at ./client.jl:371
while loading /home/vagrant/.julia/v0.6/ImageMagick/deps/build.jl, in expression starting on line 13
Installing dependency libmagickwand5 via `sudo apt-get install libmagickwand5`:
Reading package lists...
Building dependency tree...
Reading state information...
The following extra packages will be installed:
  ghostscript imagemagick-common libcupsfilters1 libcupsimage2
  libfftw3-double3 libgs9 libgs9-common libijs-0.35 libjbig2dec0 liblqr-1-0
  libmagickcore5 poppler-data
Suggested packages:
  ghostscript-x hpijs libfftw3-bin libfftw3-dev fonts-droid
  libmagickcore5-extra poppler-utils fonts-japanese-mincho
  fonts-ipafont-mincho fonts-japanese-gothic fonts-ipafont-gothic
  fonts-arphic-ukai fonts-arphic-uming fonts-unfonts-core
The following NEW packages will be installed:
  ghostscript imagemagick-common libcupsfilters1 libcupsimage2
  libfftw3-double3 libgs9 libgs9-common libijs-0.35 libjbig2dec0 liblqr-1-0
  libmagickcore5 libmagickwand5 poppler-data
0 upgraded, 13 newly installed, 0 to remove and 0 not upgraded.
Need to get 8,183 kB of archives.
After this operation, 39.4 MB of additional disk space will be used.
Get:1 http://archive.ubuntu.com/ubuntu/ trusty-updates/main imagemagick-common all 8:6.7.7.10-6ubuntu3.3 [37.8 kB]
Get:2 http://archive.ubuntu.com/ubuntu/ trusty-updates/main libcupsfilters1 amd64 1.0.52-0ubuntu1.7 [73.8 kB]
Get:3 http://archive.ubuntu.com/ubuntu/ trusty-updates/main libcupsimage2 amd64 1.7.2-0ubuntu1.7 [15.4 kB]
Get:4 http://archive.ubuntu.com/ubuntu/ trusty/main libfftw3-double3 amd64 3.3.3-7ubuntu3 [702 kB]
Get:5 http://archive.ubuntu.com/ubuntu/ trusty/main liblqr-1-0 amd64 0.4.1-2ubuntu1 [23.4 kB]
Get:6 http://archive.ubuntu.com/ubuntu/ trusty-updates/main libmagickcore5 amd64 8:6.7.7.10-6ubuntu3.3 [1,474 kB]
Get:7 http://archive.ubuntu.com/ubuntu/ trusty-updates/main libmagickwand5 amd64 8:6.7.7.10-6ubuntu3.3 [265 kB]
Get:8 http://archive.ubuntu.com/ubuntu/ trusty/main poppler-data all 0.4.6-4 [1,479 kB]
Get:9 http://archive.ubuntu.com/ubuntu/ trusty/main libijs-0.35 amd64 0.35-8build1 [16.8 kB]
Get:10 http://archive.ubuntu.com/ubuntu/ trusty/main libjbig2dec0 amd64 0.11+20120125-1ubuntu1 [48.6 kB]
Get:11 http://archive.ubuntu.com/ubuntu/ trusty-updates/main libgs9-common all 9.10~dfsg-0ubuntu10.6 [2,067 kB]
Get:12 http://archive.ubuntu.com/ubuntu/ trusty-updates/main libgs9 amd64 9.10~dfsg-0ubuntu10.6 [1,940 kB]
Get:13 http://archive.ubuntu.com/ubuntu/ trusty-updates/main ghostscript amd64 9.10~dfsg-0ubuntu10.6 [40.8 kB]
dpkg-preconfigure: unable to re-open stdin: No such file or directory
Fetched 8,183 kB in 36s (226 kB/s)
Selecting previously unselected package imagemagick-common.
(Reading database ... 71348 files and directories currently installed.)
Preparing to unpack .../imagemagick-common_8%3a6.7.7.10-6ubuntu3.3_all.deb ...
Unpacking imagemagick-common (8:6.7.7.10-6ubuntu3.3) ...
Selecting previously unselected package libcupsfilters1:amd64.
Preparing to unpack .../libcupsfilters1_1.0.52-0ubuntu1.7_amd64.deb ...
Unpacking libcupsfilters1:amd64 (1.0.52-0ubuntu1.7) ...
Selecting previously unselected package libcupsimage2:amd64.
Preparing to unpack .../libcupsimage2_1.7.2-0ubuntu1.7_amd64.deb ...
Unpacking libcupsimage2:amd64 (1.7.2-0ubuntu1.7) ...
Selecting previously unselected package libfftw3-double3:amd64.
Preparing to unpack .../libfftw3-double3_3.3.3-7ubuntu3_amd64.deb ...
Unpacking libfftw3-double3:amd64 (3.3.3-7ubuntu3) ...
Selecting previously unselected package liblqr-1-0:amd64.
Preparing to unpack .../liblqr-1-0_0.4.1-2ubuntu1_amd64.deb ...
Unpacking liblqr-1-0:amd64 (0.4.1-2ubuntu1) ...
Selecting previously unselected package libmagickcore5:amd64.
Preparing to unpack .../libmagickcore5_8%3a6.7.7.10-6ubuntu3.3_amd64.deb ...
Unpacking libmagickcore5:amd64 (8:6.7.7.10-6ubuntu3.3) ...
Selecting previously unselected package libmagickwand5:amd64.
Preparing to unpack .../libmagickwand5_8%3a6.7.7.10-6ubuntu3.3_amd64.deb ...
Unpacking libmagickwand5:amd64 (8:6.7.7.10-6ubuntu3.3) ...
Selecting previously unselected package poppler-data.
Preparing to unpack .../poppler-data_0.4.6-4_all.deb ...
Unpacking poppler-data (0.4.6-4) ...
Selecting previously unselected package libijs-0.35.
Preparing to unpack .../libijs-0.35_0.35-8build1_amd64.deb ...
Unpacking libijs-0.35 (0.35-8build1) ...
Selecting previously unselected package libjbig2dec0.
Preparing to unpack .../libjbig2dec0_0.11+20120125-1ubuntu1_amd64.deb ...
Unpacking libjbig2dec0 (0.11+20120125-1ubuntu1) ...
Selecting previously unselected package libgs9-common.
Preparing to unpack .../libgs9-common_9.10~dfsg-0ubuntu10.6_all.deb ...
Unpacking libgs9-common (9.10~dfsg-0ubuntu10.6) ...
Selecting previously unselected package libgs9.
Preparing to unpack .../libgs9_9.10~dfsg-0ubuntu10.6_amd64.deb ...
Unpacking libgs9 (9.10~dfsg-0ubuntu10.6) ...
Selecting previously unselected package ghostscript.
Preparing to unpack .../ghostscript_9.10~dfsg-0ubuntu10.6_amd64.deb ...
Unpacking ghostscript (9.10~dfsg-0ubuntu10.6) ...
Processing triggers for fontconfig (2.11.0-0ubuntu4.2) ...
Processing triggers for man-db (2.6.7.1-1ubuntu1) ...
Setting up imagemagick-common (8:6.7.7.10-6ubuntu3.3) ...
Setting up libcupsfilters1:amd64 (1.0.52-0ubuntu1.7) ...
Setting up libcupsimage2:amd64 (1.7.2-0ubuntu1.7) ...
Setting up libfftw3-double3:amd64 (3.3.3-7ubuntu3) ...
Setting up liblqr-1-0:amd64 (0.4.1-2ubuntu1) ...
Setting up libmagickcore5:amd64 (8:6.7.7.10-6ubuntu3.3) ...
Setting up libmagickwand5:amd64 (8:6.7.7.10-6ubuntu3.3) ...
Setting up poppler-data (0.4.6-4) ...
Setting up libijs-0.35 (0.35-8build1) ...
Setting up libjbig2dec0 (0.11+20120125-1ubuntu1) ...
Setting up libgs9-common (9.10~dfsg-0ubuntu10.6) ...
update-alternatives: using /usr/share/ghostscript/9.10 to provide /usr/share/ghostscript/current (ghostscript-current) in auto mode
Setting up libgs9 (9.10~dfsg-0ubuntu10.6) ...
Setting up ghostscript (9.10~dfsg-0ubuntu10.6) ...
Processing triggers for libc-bin (2.19-0ubuntu6.9) ...
WARNING: takebuf_string(b) is deprecated, use String(take!(b)) instead.
Stacktrace:
 [1] depwarn(::String, ::Symbol) at ./deprecated.jl:64
 [2] takebuf_string(::Base.AbstractIOBuffer{Array{UInt8,1}}) at ./deprecated.jl:51
 [3] macro expansion at /home/vagrant/.julia/v0.6/BinDeps/src/dependencies.jl:887 [inlined]
 [4] anonymous at ./<missing>:?
 [5] include_from_node1(::String) at ./loading.jl:539
 [6] include(::String) at ./sysimg.jl:14
 [7] evalfile(::String, ::Array{String,1}) at ./loading.jl:573 (repeats 2 times)
 [8] cd(::##2#4, ::String) at ./file.jl:69
 [9] (::##1#3)(::IOStream) at ./none:12
 [10] open(::##1#3, ::String, ::String) at ./iostream.jl:152
 [11] eval(::Module, ::Any) at ./boot.jl:235
 [12] process_options(::Base.JLOptions) at ./client.jl:286
 [13] _start() at ./client.jl:371
while loading /home/vagrant/.julia/v0.6/ImageMagick/deps/build.jl, in expression starting on line 108
INFO: Building Cairo
WARNING: Array{T}(::Type{T}, m::Int) is deprecated, use Array{T}(m) instead.
Stacktrace:
 [1] depwarn(::String, ::Symbol) at ./deprecated.jl:64
 [2] Array(::Type{Tuple{BinDeps.DependencyProvider,Dict{Symbol,Any}}}, ::Int64) at ./deprecated.jl:51
 [3] #_library_dependency#21(::Array{Any,1}, ::Function, ::BinDeps.PackageContext, ::String) at /home/vagrant/.julia/v0.6/BinDeps/src/dependencies.jl:60
 [4] (::BinDeps.#kw##_library_dependency)(::Array{Any,1}, ::BinDeps.#_library_dependency, ::BinDeps.PackageContext, ::String) at ./<missing>:0
 [5] #library_dependency#1(::Array{Any,1}, ::Function, ::String, ::Vararg{String,N} where N) at /home/vagrant/.julia/v0.6/BinDeps/src/dependencies.jl:86
 [6] (::__anon__.#kw##library_dependency)(::Array{Any,1}, ::__anon__.#library_dependency, ::String, ::Vararg{String,N} where N) at ./<missing>:0
 [7] include_from_node1(::String) at ./loading.jl:539
 [8] include(::String) at ./sysimg.jl:14
 [9] evalfile(::String, ::Array{String,1}) at ./loading.jl:573 (repeats 2 times)
 [10] cd(::##2#4, ::String) at ./file.jl:69
 [11] (::##1#3)(::IOStream) at ./none:12
 [12] open(::##1#3, ::String, ::String) at ./iostream.jl:152
 [13] eval(::Module, ::Any) at ./boot.jl:235
 [14] process_options(::Base.JLOptions) at ./client.jl:286
 [15] _start() at ./client.jl:371
while loading /home/vagrant/.julia/v0.6/Cairo/deps/build.jl, in expression starting on line 9
WARNING: special characters "#{}()[]<>|&*?~;" should now be quoted in commands
Stacktrace:
 [1] depwarn(::String, ::Symbol) at ./deprecated.jl:64
 [2] warn_shell_special(::String) at ./shell.jl:8
 [3] #shell_parse#223(::String, ::Function, ::String, ::Bool) at ./shell.jl:106
 [4] (::Base.#kw##shell_parse)(::Array{Any,1}, ::Base.#shell_parse, ::String, ::Bool) at ./<missing>:0 (repeats 2 times)
 [5] @cmd(::ANY) at ./process.jl:801
 [6] include_from_node1(::String) at ./loading.jl:539
 [7] include(::String) at ./sysimg.jl:14
 [8] evalfile(::String, ::Array{String,1}) at ./loading.jl:573 (repeats 2 times)
 [9] cd(::##2#4, ::String) at ./file.jl:69
 [10] (::##1#3)(::IOStream) at ./none:12
 [11] open(::##1#3, ::String, ::String) at ./iostream.jl:152
 [12] eval(::Module, ::Any) at ./boot.jl:235
 [13] process_options(::Base.JLOptions) at ./client.jl:286
 [14] _start() at ./client.jl:371
while loading /home/vagrant/.julia/v0.6/Cairo/deps/build.jl, in expression starting on line 135
WARNING: takebuf_string(b) is deprecated, use String(take!(b)) instead.
Stacktrace:
 [1] depwarn(::String, ::Symbol) at ./deprecated.jl:64
 [2] takebuf_string(::Base.AbstractIOBuffer{Array{UInt8,1}}) at ./deprecated.jl:51
 [3] macro expansion at /home/vagrant/.julia/v0.6/BinDeps/src/dependencies.jl:887 [inlined]
 [4] anonymous at ./<missing>:?
 [5] include_from_node1(::String) at ./loading.jl:539
 [6] include(::String) at ./sysimg.jl:14
 [7] evalfile(::String, ::Array{String,1}) at ./loading.jl:573 (repeats 2 times)
 [8] cd(::##2#4, ::String) at ./file.jl:69
 [9] (::##1#3)(::IOStream) at ./none:12
 [10] open(::##1#3, ::String, ::String) at ./iostream.jl:152
 [11] eval(::Module, ::Any) at ./boot.jl:235
 [12] process_options(::Base.JLOptions) at ./client.jl:286
 [13] _start() at ./client.jl:371
while loading /home/vagrant/.julia/v0.6/Cairo/deps/build.jl, in expression starting on line 154
INFO: Building Tk
WARNING: Array{T}(::Type{T}, m::Int) is deprecated, use Array{T}(m) instead.
Stacktrace:
 [1] depwarn(::String, ::Symbol) at ./deprecated.jl:64
 [2] Array(::Type{Tuple{BinDeps.DependencyProvider,Dict{Symbol,Any}}}, ::Int64) at ./deprecated.jl:51
 [3] #_library_dependency#21(::Array{Any,1}, ::Function, ::BinDeps.PackageContext, ::String) at /home/vagrant/.julia/v0.6/BinDeps/src/dependencies.jl:60
 [4] (::BinDeps.#kw##_library_dependency)(::Array{Any,1}, ::BinDeps.#_library_dependency, ::BinDeps.PackageContext, ::String) at ./<missing>:0
 [5] #library_dependency#1(::Array{Any,1}, ::Function, ::String, ::Vararg{String,N} where N) at /home/vagrant/.julia/v0.6/BinDeps/src/dependencies.jl:86
 [6] (::__anon__.#kw##library_dependency)(::Array{Any,1}, ::__anon__.#library_dependency, ::String, ::Vararg{String,N} where N) at ./<missing>:0
 [7] include_from_node1(::String) at ./loading.jl:539
 [8] include(::String) at ./sysimg.jl:14
 [9] evalfile(::String, ::Array{String,1}) at ./loading.jl:573 (repeats 2 times)
 [10] cd(::##2#4, ::String) at ./file.jl:69
 [11] (::##1#3)(::IOStream) at ./none:12
 [12] open(::##1#3, ::String, ::String) at ./iostream.jl:152
 [13] eval(::Module, ::Any) at ./boot.jl:235
 [14] process_options(::Base.JLOptions) at ./client.jl:286
 [15] _start() at ./client.jl:371
while loading /home/vagrant/.julia/v0.6/Tk/deps/build.jl, in expression starting on line 6
WARNING: Array{T}(::Type{T}, m::Int) is deprecated, use Array{T}(m) instead.
Stacktrace:
 [1] depwarn(::String, ::Symbol) at ./deprecated.jl:64
 [2] Array(::Type{Tuple{BinDeps.DependencyProvider,Dict{Symbol,Any}}}, ::Int64) at ./deprecated.jl:51
 [3] #_library_dependency#21(::Array{Any,1}, ::Function, ::BinDeps.PackageContext, ::String) at /home/vagrant/.julia/v0.6/BinDeps/src/dependencies.jl:60
 [4] (::BinDeps.#kw##_library_dependency)(::Array{Any,1}, ::BinDeps.#_library_dependency, ::BinDeps.PackageContext, ::String) at ./<missing>:0
 [5] #library_dependency#1(::Array{Any,1}, ::Function, ::String, ::Vararg{String,N} where N) at /home/vagrant/.julia/v0.6/BinDeps/src/dependencies.jl:86
 [6] (::__anon__.#kw##library_dependency)(::Array{Any,1}, ::__anon__.#library_dependency, ::String, ::Vararg{String,N} where N) at ./<missing>:0
 [7] include_from_node1(::String) at ./loading.jl:539
 [8] include(::String) at ./sysimg.jl:14
 [9] evalfile(::String, ::Array{String,1}) at ./loading.jl:573 (repeats 2 times)
 [10] cd(::##2#4, ::String) at ./file.jl:69
 [11] (::##1#3)(::IOStream) at ./none:12
 [12] open(::##1#3, ::String, ::String) at ./iostream.jl:152
 [13] eval(::Module, ::Any) at ./boot.jl:235
 [14] process_options(::Base.JLOptions) at ./client.jl:286
 [15] _start() at ./client.jl:371
while loading /home/vagrant/.julia/v0.6/Tk/deps/build.jl, in expression starting on line 7
WARNING: takebuf_string(b) is deprecated, use String(take!(b)) instead.
Stacktrace:
 [1] depwarn(::String, ::Symbol) at ./deprecated.jl:64
 [2] takebuf_string(::Base.AbstractIOBuffer{Array{UInt8,1}}) at ./deprecated.jl:51
 [3] macro expansion at /home/vagrant/.julia/v0.6/BinDeps/src/dependencies.jl:887 [inlined]
 [4] anonymous at ./<missing>:?
 [5] include_from_node1(::String) at ./loading.jl:539
 [6] include(::String) at ./sysimg.jl:14
 [7] evalfile(::String, ::Array{String,1}) at ./loading.jl:573 (repeats 2 times)
 [8] cd(::##2#4, ::String) at ./file.jl:69
 [9] (::##1#3)(::IOStream) at ./none:12
 [10] open(::##1#3, ::String, ::String) at ./iostream.jl:152
 [11] eval(::Module, ::Any) at ./boot.jl:235
 [12] process_options(::Base.JLOptions) at ./client.jl:286
 [13] _start() at ./client.jl:371
while loading /home/vagrant/.julia/v0.6/Tk/deps/build.jl, in expression starting on line 55
INFO: Package database updated

>>> 'Pkg.test("ActiveAppearanceModels")' log
Julia Version 0.6.0-dev.2788
Commit 8341444 (2017-02-12 23:04 UTC)
Platform Info:
  OS: Linux (x86_64-pc-linux-gnu)
  CPU: Intel(R) Xeon(R) CPU E3-1241 v3 @ 3.50GHz
  WORD_SIZE: 64
           Ubuntu 14.04.5 LTS
  uname: Linux 3.13.0-108-generic #155-Ubuntu SMP Wed Jan 11 16:58:52 UTC 2017 x86_64 x86_64
Memory: 2.9392738342285156 GB (417.15234375 MB free)
Uptime: 749.0 sec
Load Avg:  0.353515625  0.42529296875  0.23291015625
Intel(R) Xeon(R) CPU E3-1241 v3 @ 3.50GHz: 
       speed         user         nice          sys         idle          irq
#1  3500 MHz      12509 s         85 s       2724 s      55268 s          1 s
#2  3500 MHz       4988 s         56 s       2132 s      66373 s          0 s

  BLAS: libopenblas (USE64BITINT DYNAMIC_ARCH NO_AFFINITY Nehalem)
  LAPACK: libopenblas64_
  LIBM: libopenlibm
  LLVM: libLLVM-3.9.1 (ORCJIT, haswell)
Environment:
  LD_LIBRARY_PATH = :/usr/local/lib/
  HOME = /home/vagrant
  TERM = vt100
  PATH = /usr/local/sbin:/usr/local/bin:/usr/sbin:/usr/bin:/sbin:/bin:/usr/games:/usr/local/games:/home/vagrant/julia/bin/
  JAVA_HOME = /usr/lib/jvm/java-7-oracle

Package Directory: /home/vagrant/.julia/v0.6
2 required packages:
 - ActiveAppearanceModels        0.1.2
 - JSON                          0.8.3
54 additional packages:
 - AxisArrays                    0.0.3
 - BinDeps                       0.4.5
 - Blosc                         0.2.0
 - BufferedStreams               0.3.0
 - Cairo                         0.2.35
 - CatIndices                    0.0.1
 - ColorTypes                    0.3.3
 - ColorVectorSpace              0.2.0
 - Colors                        0.7.1
 - Compat                        0.17.0
 - ComputationalResources        0.0.1
 - CustomUnitRanges              0.0.3
 - DataStructures                0.5.2
 - Dates                         0.4.4
 - Docile                        0.5.23
 - FFTViews                      0.0.1
 - FaceDatasets                  0.2.0
 - FileIO                        0.3.0
 - FixedPointNumbers             0.3.3
 - GeometricalPredicates         0.0.6
 - Graphics                      0.1.3
 - HDF5                          0.7.3
 - ImageAxes                     0.1.0
 - ImageCore                     0.1.1
 - ImageFiltering                0.1.1
 - ImageMagick                   0.2.1
 - ImageMetadata                 0.2.0
 - ImageView                     0.3.1
 - Images                        0.7.0
 - IndirectArrays                0.1.0
 - IniFile                       0.2.5
 - IntervalSets                  0.0.2
 - Iterators                     0.2.0
 - Libz                          0.2.3
 - MAT                           0.3.1
 - MacroTools                    0.3.4
 - MappedArrays                  0.0.5
 - MultivariateStats             0.3.1
 - OffsetArrays                  0.2.12
 - PiecewiseAffineTransforms     0.2.0
 - RangeArrays                   0.1.1
 - Reexport                      0.0.3
 - SHA                           0.3.1
 - SIUnits                       0.1.0
 - ShowItLikeYouBuildIt          0.0.1
 - SimpleTraits                  0.2.0
 - StaticArrays                  0.1.5
 - StatsBase                     0.13.0
 - TexExtensions                 0.0.3
 - TiledIteration                0.0.1
 - Tk                            0.4.0
 - URIParser                     0.1.8
 - VoronoiDelaunay               0.1.0
 - Winston                       0.12.1
INFO: Testing ActiveAppearanceModels

WARNING: deprecated syntax "inner constructor DequeBlock(...) around /home/vagrant/.julia/v0.6/DataStructures/src/deque.jl:17".
Use "DequeBlock{T}(...) where T" instead.

WARNING: deprecated syntax "inner constructor Deque(...) around /home/vagrant/.julia/v0.6/DataStructures/src/deque.jl:69".
Use "Deque{T}(...) where T" instead.

WARNING: deprecated syntax "inner constructor Deque(...) around /home/vagrant/.julia/v0.6/DataStructures/src/deque.jl:73".
Use "Deque{T}(...) where T" instead.

WARNING: deprecated syntax "inner constructor DisjointSets(...) around /home/vagrant/.julia/v0.6/DataStructures/src/disjoint_set.jl:113".
Use "DisjointSets{T}(...) where T" instead.

WARNING: deprecated syntax "abstract AbstractHeap{VT}" at /home/vagrant/.julia/v0.6/DataStructures/src/heaps.jl:46.
Use "abstract type AbstractHeap{VT} end" instead.

WARNING: deprecated syntax "abstract AbstractMutableHeap{VT,HT}<:AbstractHeap{VT}" at /home/vagrant/.julia/v0.6/DataStructures/src/heaps.jl:48.
Use "abstract type AbstractMutableHeap{VT,HT}<:AbstractHeap{VT} end" instead.

WARNING: deprecated syntax "inner constructor BinaryHeap(...) around /home/vagrant/.julia/v0.6/DataStructures/src/heaps/binary_heap.jl:110".
Use "BinaryHeap{T,Comp}(...) where {T,Comp}" instead.

WARNING: deprecated syntax "inner constructor BinaryHeap(...) around /home/vagrant/.julia/v0.6/DataStructures/src/heaps/binary_heap.jl:114".
Use "BinaryHeap{T,Comp}(...) where {T,Comp}" instead.

WARNING: deprecated syntax "inner constructor MutableBinaryHeap(...) around /home/vagrant/.julia/v0.6/DataStructures/src/heaps/mutable_binary_heap.jl:159".
Use "MutableBinaryHeap{VT,Comp}(...) where {VT,Comp}" instead.

WARNING: deprecated syntax "inner constructor MutableBinaryHeap(...) around /home/vagrant/.julia/v0.6/DataStructures/src/heaps/mutable_binary_heap.jl:165".
Use "MutableBinaryHeap{VT,Comp}(...) where {VT,Comp}" instead.

WARNING: deprecated syntax "inner constructor OrderedDict(...) around /home/vagrant/.julia/v0.6/DataStructures/src/ordered_dict.jl:25".
Use "OrderedDict{K,V}(...) where {K,V}" instead.

WARNING: deprecated syntax "inner constructor OrderedDict(...) around /home/vagrant/.julia/v0.6/DataStructures/src/ordered_dict.jl:28".
Use "OrderedDict{K,V}(...) where {K,V}" instead.

WARNING: deprecated syntax "inner constructor OrderedDict(...) around /home/vagrant/.julia/v0.6/DataStructures/src/ordered_dict.jl:34".
Use "OrderedDict{K,V}(...) where {K,V}" instead.

WARNING: deprecated syntax "inner constructor OrderedDict(...) around /home/vagrant/.julia/v0.6/DataStructures/src/ordered_dict.jl:36".
Use "OrderedDict{K,V}(...) where {K,V}" instead.

WARNING: deprecated syntax "inner constructor OrderedDict(...) around /home/vagrant/.julia/v0.6/DataStructures/src/ordered_dict.jl:44".
Use "OrderedDict{K,V}(...) where {K,V}" instead.

WARNING: deprecated syntax "inner constructor OrderedSet(...) around /home/vagrant/.julia/v0.6/DataStructures/src/ordered_set.jl:11".
Use "OrderedSet{T}(...) where T" instead.

WARNING: deprecated syntax "inner constructor OrderedSet(...) around /home/vagrant/.julia/v0.6/DataStructures/src/ordered_set.jl:12".
Use "OrderedSet{T}(...) where T" instead.

WARNING: deprecated syntax "inner constructor DefaultDictBase(...) around none:8".
Use "DefaultDictBase{K,V,F,D}(...) where {K,V,F,D}" instead.

WARNING: deprecated syntax "inner constructor DefaultDictBase(...) around none:9".
Use "DefaultDictBase{K,V,F,D}(...) where {K,V,F,D}" instead.

WARNING: deprecated syntax "inner constructor DefaultDictBase(...) around none:12".
Use "DefaultDictBase{K,V,F,D}(...) where {K,V,F,D}" instead.

WARNING: deprecated syntax "inner constructor DefaultDict(...) around /home/vagrant/.julia/v0.6/DataStructures/src/default_dict.jl:103".
Use "DefaultDict{K,V,F}(...) where {K,V,F}" instead.

WARNING: deprecated syntax "inner constructor DefaultDict(...) around /home/vagrant/.julia/v0.6/DataStructures/src/default_dict.jl:104".
Use "DefaultDict{K,V,F}(...) where {K,V,F}" instead.

WARNING: deprecated syntax "inner constructor DefaultDict(...) around /home/vagrant/.julia/v0.6/DataStructures/src/default_dict.jl:105".
Use "DefaultDict{K,V,F}(...) where {K,V,F}" instead.

WARNING: deprecated syntax "inner constructor DefaultDict(...) around /home/vagrant/.julia/v0.6/DataStructures/src/default_dict.jl:106".
Use "DefaultDict{K,V,F}(...) where {K,V,F}" instead.

WARNING: deprecated syntax "inner constructor DefaultDict(...) around /home/vagrant/.julia/v0.6/DataStructures/src/default_dict.jl:107".
Use "DefaultDict{K,V,F}(...) where {K,V,F}" instead.

WARNING: deprecated syntax "inner constructor DefaultOrderedDict(...) around /home/vagrant/.julia/v0.6/DataStructures/src/default_dict.jl:103".
Use "DefaultOrderedDict{K,V,F}(...) where {K,V,F}" instead.

WARNING: deprecated syntax "inner constructor DefaultOrderedDict(...) around /home/vagrant/.julia/v0.6/DataStructures/src/default_dict.jl:104".
Use "DefaultOrderedDict{K,V,F}(...) where {K,V,F}" instead.

WARNING: deprecated syntax "inner constructor DefaultOrderedDict(...) around /home/vagrant/.julia/v0.6/DataStructures/src/default_dict.jl:105".
Use "DefaultOrderedDict{K,V,F}(...) where {K,V,F}" instead.

WARNING: deprecated syntax "inner constructor DefaultOrderedDict(...) around /home/vagrant/.julia/v0.6/DataStructures/src/default_dict.jl:106".
Use "DefaultOrderedDict{K,V,F}(...) where {K,V,F}" instead.

WARNING: deprecated syntax "inner constructor DefaultOrderedDict(...) around /home/vagrant/.julia/v0.6/DataStructures/src/default_dict.jl:107".
Use "DefaultOrderedDict{K,V,F}(...) where {K,V,F}" instead.

WARNING: deprecated syntax "inner constructor Trie(...) around /home/vagrant/.julia/v0.6/DataStructures/src/trie.jl:7".
Use "Trie{T}(...) where T" instead.

WARNING: deprecated syntax "inner constructor Trie(...) around /home/vagrant/.julia/v0.6/DataStructures/src/trie.jl:14".
Use "Trie{T}(...) where T" instead.

WARNING: deprecated syntax "inner constructor Trie(...) around /home/vagrant/.julia/v0.6/DataStructures/src/trie.jl:22".
Use "Trie{T}(...) where T" instead.

WARNING: deprecated syntax "abstract LinkedList{T}" at /home/vagrant/.julia/v0.6/DataStructures/src/list.jl:2.
Use "abstract type LinkedList{T} end" instead.

WARNING: deprecated syntax "inner constructor KDRec(...) around /home/vagrant/.julia/v0.6/DataStructures/src/balanced_tree.jl:32".
Use "KDRec{K,D}(...) where {K,D}" instead.

WARNING: deprecated syntax "inner constructor KDRec(...) around /home/vagrant/.julia/v0.6/DataStructures/src/balanced_tree.jl:33".
Use "KDRec{K,D}(...) where {K,D}" instead.

WARNING: deprecated syntax "inner constructor TreeNode(...) around /home/vagrant/.julia/v0.6/DataStructures/src/balanced_tree.jl:57".
Use "TreeNode{K}(...) where K" instead.

WARNING: deprecated syntax "inner constructor TreeNode(...) around /home/vagrant/.julia/v0.6/DataStructures/src/balanced_tree.jl:58".
Use "TreeNode{K}(...) where K" instead.

WARNING: deprecated syntax "inner constructor BalancedTree23(...) around /home/vagrant/.julia/v0.6/DataStructures/src/balanced_tree.jl:128".
Use "BalancedTree23{K,D,Ord}(...) where {K,D,Ord}" instead.

WARNING: deprecated syntax "abstract AbstractSemiToken" at /home/vagrant/.julia/v0.6/DataStructures/src/tokens.jl:11.
Use "abstract type AbstractSemiToken end" instead.

WARNING: deprecated syntax "inner constructor MultiDict(...) around /home/vagrant/.julia/v0.6/DataStructures/src/multi_dict.jl:11".
Use "MultiDict{K,V}(...) where {K,V}" instead.

WARNING: deprecated syntax "inner constructor MultiDict(...) around /home/vagrant/.julia/v0.6/DataStructures/src/multi_dict.jl:12".
Use "MultiDict{K,V}(...) where {K,V}" instead.

WARNING: deprecated syntax "inner constructor MultiDict(...) around /home/vagrant/.julia/v0.6/DataStructures/src/multi_dict.jl:14".
Use "MultiDict{K,V}(...) where {K,V}" instead.

WARNING: deprecated syntax "typealias SDSemiToken IntSemiToken" at /home/vagrant/.julia/v0.6/DataStructures/src/sorted_dict.jl:73.
Use "const SDSemiToken = IntSemiToken" instead.

WARNING: deprecated syntax "typealias SDToken Tuple{SortedDict,IntSemiToken}" at /home/vagrant/.julia/v0.6/DataStructures/src/sorted_dict.jl:75.
Use "const SDToken = Tuple{SortedDict,IntSemiToken}" instead.

WARNING: deprecated syntax "inner constructor SortedDict(...) around /home/vagrant/.julia/v0.6/DataStructures/src/sorted_dict.jl:11".
Use "SortedDict{K,D,Ord}(...) where {K,D,Ord}" instead.

WARNING: deprecated syntax "typealias SMDSemiToken IntSemiToken" at /home/vagrant/.julia/v0.6/DataStructures/src/sorted_multi_dict.jl:18.
Use "const SMDSemiToken = IntSemiToken" instead.

WARNING: deprecated syntax "typealias SMDToken Tuple{SortedMultiDict,IntSemiToken}" at /home/vagrant/.julia/v0.6/DataStructures/src/sorted_multi_dict.jl:20.
Use "const SMDToken = Tuple{SortedMultiDict,IntSemiToken}" instead.

WARNING: deprecated syntax "typealias SDorAssociative Union{Associative,SortedMultiDict}" at /home/vagrant/.julia/v0.6/DataStructures/src/sorted_multi_dict.jl:205.
Use "const SDorAssociative = Union{Associative,SortedMultiDict}" instead.

WARNING: deprecated syntax "inner constructor SortedMultiDict(...) around /home/vagrant/.julia/v0.6/DataStructures/src/sorted_multi_dict.jl:11".
Use "SortedMultiDict{K,D,Ord}(...) where {K,D,Ord}" instead.

WARNING: deprecated syntax "typealias SetSemiToken IntSemiToken" at /home/vagrant/.julia/v0.6/DataStructures/src/sorted_set.jl:18.
Use "const SetSemiToken = IntSemiToken" instead.

WARNING: deprecated syntax "inner constructor SortedSet(...) around /home/vagrant/.julia/v0.6/DataStructures/src/sorted_set.jl:11".
Use "SortedSet{K,Ord}(...) where {K,Ord}" instead.

WARNING: deprecated syntax "typealias SDMContainer Union{SortedDict,SortedMultiDict}" at /home/vagrant/.julia/v0.6/DataStructures/src/tokens2.jl:7.
Use "const SDMContainer = Union{SortedDict,SortedMultiDict}" instead.

WARNING: deprecated syntax "typealias SAContainer Union{SDMContainer,SortedSet}" at /home/vagrant/.julia/v0.6/DataStructures/src/tokens2.jl:8.
Use "const SAContainer = Union{SDMContainer,SortedSet}" instead.

WARNING: deprecated syntax "typealias Token Tuple{SAContainer,IntSemiToken}" at /home/vagrant/.julia/v0.6/DataStructures/src/tokens2.jl:10.
Use "const Token = Tuple{SAContainer,IntSemiToken}" instead.

WARNING: deprecated syntax "typealias SDMToken Tuple{SDMContainer,IntSemiToken}" at /home/vagrant/.julia/v0.6/DataStructures/src/tokens2.jl:11.
Use "const SDMToken = Tuple{SDMContainer,IntSemiToken}" instead.

WARNING: deprecated syntax "typealias SetToken Tuple{SortedSet,IntSemiToken}" at /home/vagrant/.julia/v0.6/DataStructures/src/tokens2.jl:12.
Use "const SetToken = Tuple{SortedSet,IntSemiToken}" instead.

WARNING: deprecated syntax "abstract AbstractExcludeLast{ContainerType<:SAContainer}" at /home/vagrant/.julia/v0.6/DataStructures/src/container_loops.jl:20.
Use "abstract type AbstractExcludeLast{ContainerType<:SAContainer} end" instead.

WARNING: deprecated syntax "abstract AbstractIncludeLast{ContainerType<:SAContainer}" at /home/vagrant/.julia/v0.6/DataStructures/src/container_loops.jl:42.
Use "abstract type AbstractIncludeLast{ContainerType<:SAContainer} end" instead.

WARNING: deprecated syntax "typealias SDMIterableTypesBase Union{SDMContainer,SDMExcludeLast,SDMIncludeLast}" at /home/vagrant/.julia/v0.6/DataStructures/src/container_loops.jl:70.
Use "const SDMIterableTypesBase = Union{SDMContainer,SDMExcludeLast,SDMIncludeLast}" instead.

WARNING: deprecated syntax "typealias SSIterableTypesBase Union{SortedSet,SSExcludeLast,SSIncludeLast}" at /home/vagrant/.julia/v0.6/DataStructures/src/container_loops.jl:74.
Use "const SSIterableTypesBase = Union{SortedSet,SSExcludeLast,SSIncludeLast}" instead.

WARNING: deprecated syntax "typealias SAIterableTypesBase Union{SAContainer,AbstractExcludeLast,AbstractIncludeLast}" at /home/vagrant/.julia/v0.6/DataStructures/src/container_loops.jl:79.
Use "const SAIterableTypesBase = Union{SAContainer,AbstractExcludeLast,AbstractIncludeLast}" instead.

WARNING: deprecated syntax "typealias SACompoundIterable Union{SDMKeyIteration,SDMValIteration,SDMSemiTokenIteration,SSSemiTokenIteration,SDMSemiTokenKeyIteration,SDMSemiTokenValIteration,SAOnlySemiTokensIteration}" at /home/vagrant/.julia/v0.6/DataStructures/src/container_loops.jl:146.
Use "const SACompoundIterable = Union{SDMKeyIteration,SDMValIteration,SDMSemiTokenIteration,SSSemiTokenIteration,SDMSemiTokenKeyIteration,SDMSemiTokenValIteration,SAOnlySemiTokensIteration}" instead.

WARNING: deprecated syntax "typealias SAIterable Union{SAIterableTypesBase,SACompoundIterable}" at /home/vagrant/.julia/v0.6/DataStructures/src/container_loops.jl:151.
Use "const SAIterable = Union{SAIterableTypesBase,SACompoundIterable}" instead.

WARNING: deprecated syntax "inner constructor CircularBuffer(...) around /home/vagrant/.julia/v0.6/DataStructures/src/circular_buffer.jl:10".
Use "CircularBuffer{T}(...) where T" instead.

WARNING: deprecated syntax "inner constructor PriorityQueue(...) around /home/vagrant/.julia/v0.6/DataStructures/src/priorityqueue.jl:35".
Use "PriorityQueue{K,V,O}(...) where {K,V,O}" instead.

WARNING: deprecated syntax "inner constructor PriorityQueue(...) around /home/vagrant/.julia/v0.6/DataStructures/src/priorityqueue.jl:38".
Use "PriorityQueue{K,V,O}(...) where {K,V,O}" instead.

WARNING: deprecated syntax "inner constructor PriorityQueue(...) around /home/vagrant/.julia/v0.6/DataStructures/src/priorityqueue.jl:43".
Use "PriorityQueue{K,V,O}(...) where {K,V,O}" instead.

WARNING: deprecated syntax "inner constructor PriorityQueue(...) around /home/vagrant/.julia/v0.6/DataStructures/src/priorityqueue.jl:50".
Use "PriorityQueue{K,V,O}(...) where {K,V,O}" instead.

WARNING: deprecated syntax "typealias RealArray{T<:Real,N} AbstractArray{T,N}" at /home/vagrant/.julia/v0.6/StatsBase/src/common.jl:14.
Use "RealArray{T<:Real,N} = AbstractArray{T,N}" instead.

WARNING: deprecated syntax "typealias RealVector{T<:Real} AbstractArray{T,1}" at /home/vagrant/.julia/v0.6/StatsBase/src/common.jl:15.
Use "RealVector{T<:Real} = AbstractArray{T,1}" instead.

WARNING: deprecated syntax "typealias RealMatrix{T<:Real} AbstractArray{T,2}" at /home/vagrant/.julia/v0.6/StatsBase/src/common.jl:16.
Use "RealMatrix{T<:Real} = AbstractArray{T,2}" instead.

WARNING: deprecated syntax "typealias IntegerArray{T<:Integer,N} AbstractArray{T,N}" at /home/vagrant/.julia/v0.6/StatsBase/src/common.jl:18.
Use "IntegerArray{T<:Integer,N} = AbstractArray{T,N}" instead.

WARNING: deprecated syntax "typealias IntegerVector{T<:Integer} AbstractArray{T,1}" at /home/vagrant/.julia/v0.6/StatsBase/src/common.jl:19.
Use "IntegerVector{T<:Integer} = AbstractArray{T,1}" instead.

WARNING: deprecated syntax "typealias IntegerMatrix{T<:Integer} AbstractArray{T,2}" at /home/vagrant/.julia/v0.6/StatsBase/src/common.jl:20.
Use "IntegerMatrix{T<:Integer} = AbstractArray{T,2}" instead.

WARNING: deprecated syntax "typealias RealFP Union{Float32,Float64}" at /home/vagrant/.julia/v0.6/StatsBase/src/common.jl:22.
Use "const RealFP = Union{Float32,Float64}" instead.

WARNING: deprecated syntax "typealias IntUnitRange{T<:Integer} UnitRange{T}" at /home/vagrant/.julia/v0.6/StatsBase/src/counts.jl:10.
Use "IntUnitRange{T<:Integer} = UnitRange{T}" instead.

WARNING: deprecated syntax "abstract AbstractHistogram{T<:Real,N,E}" at /home/vagrant/.julia/v0.6/StatsBase/src/hist.jl:93.
Use "abstract type AbstractHistogram{T<:Real,N,E} end" instead.

WARNING: deprecated syntax "inner constructor Histogram(...) around /home/vagrant/.julia/v0.6/StatsBase/src/hist.jl:100".
Use "Histogram{T,N,E}(...) where {T,N,E}" instead.

WARNING: deprecated syntax "abstract StatisticalModel" at /home/vagrant/.julia/v0.6/StatsBase/src/statmodels.jl:4.
Use "abstract type StatisticalModel end" instead.

WARNING: deprecated syntax "abstract RegressionModel<:StatisticalModel" at /home/vagrant/.julia/v0.6/StatsBase/src/statmodels.jl:149.
Use "abstract type RegressionModel<:StatisticalModel end" instead.

WARNING: deprecated syntax "typealias AbstractGray{T} Color{T,1}" at /home/vagrant/.julia/v0.6/Images/src/Images.jl:38.
Use "AbstractGray{T} = Color{T,1}" instead.

WARNING: deprecated syntax "typealias TransparentRGB{C<:AbstractRGB,T} TransparentColor{C,T,4}" at /home/vagrant/.julia/v0.6/Images/src/Images.jl:39.
Use "TransparentRGB{C<:AbstractRGB,T} = TransparentColor{C,T,4}" instead.

WARNING: deprecated syntax "typealias TransparentGray{C<:AbstractGray,T} TransparentColor{C,T,2}" at /home/vagrant/.julia/v0.6/Images/src/Images.jl:40.
Use "TransparentGray{C<:AbstractGray,T} = TransparentColor{C,T,2}" instead.

WARNING: deprecated syntax "typealias NumberLike Union{Number,AbstractGray}" at /home/vagrant/.julia/v0.6/Images/src/Images.jl:41.
Use "const NumberLike = Union{Number,AbstractGray}" instead.

WARNING: deprecated syntax "typealias RealLike Union{Real,AbstractGray}" at /home/vagrant/.julia/v0.6/Images/src/Images.jl:42.
Use "const RealLike = Union{Real,AbstractGray}" instead.

WARNING: deprecated syntax "typealias AbstractGray{T} Color{T,1}" at /home/vagrant/.julia/v0.6/Images/src/Images.jl:38.
Use "AbstractGray{T} = Color{T,1}" instead.

WARNING: deprecated syntax "typealias TransparentRGB{C<:AbstractRGB,T} TransparentColor{C,T,4}" at /home/vagrant/.julia/v0.6/Images/src/Images.jl:39.
Use "TransparentRGB{C<:AbstractRGB,T} = TransparentColor{C,T,4}" instead.

WARNING: deprecated syntax "typealias TransparentGray{C<:AbstractGray,T} TransparentColor{C,T,2}" at /home/vagrant/.julia/v0.6/Images/src/Images.jl:40.
Use "TransparentGray{C<:AbstractGray,T} = TransparentColor{C,T,2}" instead.

WARNING: deprecated syntax "typealias NumberLike Union{Number,AbstractGray}" at /home/vagrant/.julia/v0.6/Images/src/Images.jl:41.
Use "const NumberLike = Union{Number,AbstractGray}" instead.

WARNING: deprecated syntax "typealias RealLike Union{Real,AbstractGray}" at /home/vagrant/.julia/v0.6/Images/src/Images.jl:42.
Use "const RealLike = Union{Real,AbstractGray}" instead.
WARNING: could not import Base.slice into Images
WARNING: could not import Base.sub into Images

WARNING: deprecated syntax "typealias ShortInts Union{Int8,UInt8,Int16,UInt16}" at /home/vagrant/.julia/v0.6/FixedPointNumbers/src/FixedPointNumbers.jl:86.
Use "const ShortInts = Union{Int8,UInt8,Int16,UInt16}" instead.

WARNING: deprecated syntax "typealias $sym Fixed{$T,$f}" at /home/vagrant/.julia/v0.6/FixedPointNumbers/src/fixed.jl:21.
Use "$sym = Fixed{$T,$f}" instead.

WARNING: deprecated syntax "typealias $sym Normed{$T,$f}" at /home/vagrant/.julia/v0.6/FixedPointNumbers/src/normed.jl:19.
Use "$sym = Normed{$T,$f}" instead.

WARNING: deprecated syntax "typealias AbstractGray{T} Color{T,1}" at /home/vagrant/.julia/v0.6/Colors/src/Colors.jl:11.
Use "AbstractGray{T} = Color{T,1}" instead.

WARNING: deprecated syntax "typealias AbstractAGray{C<:AbstractGray,T} AlphaColor{C,T,2}" at /home/vagrant/.julia/v0.6/Colors/src/Colors.jl:13.
Use "AbstractAGray{C<:AbstractGray,T} = AlphaColor{C,T,2}" instead.

WARNING: deprecated syntax "typealias AbstractGrayA{C<:AbstractGray,T} ColorAlpha{C,T,2}" at /home/vagrant/.julia/v0.6/Colors/src/Colors.jl:14.
Use "AbstractGrayA{C<:AbstractGray,T} = ColorAlpha{C,T,2}" instead.

WARNING: deprecated syntax "typealias Color3{T} Color{T,3}" at /home/vagrant/.julia/v0.6/Colors/src/Colors.jl:15.
Use "Color3{T} = Color{T,3}" instead.

WARNING: deprecated syntax "typealias Transparent4{C<:Color3,T} TransparentColor{C,T,4}" at /home/vagrant/.julia/v0.6/Colors/src/Colors.jl:16.
Use "Transparent4{C<:Color3,T} = TransparentColor{C,T,4}" instead.

WARNING: deprecated syntax "typealias Fractional Union{AbstractFloat,FixedPoint}" at /home/vagrant/.julia/v0.6/ColorTypes/src/ColorTypes.jl:18.
Use "const Fractional = Union{AbstractFloat,FixedPoint}" instead.

WARNING: deprecated syntax "typealias AbstractGray{T} Color{T,1}" at /home/vagrant/.julia/v0.6/ColorTypes/src/types.jl:69.
Use "AbstractGray{T} = Color{T,1}" instead.

WARNING: deprecated syntax "typealias Color3{T} Color{T,3}" at /home/vagrant/.julia/v0.6/ColorTypes/src/types.jl:70.
Use "Color3{T} = Color{T,3}" instead.

WARNING: deprecated syntax "typealias TransparentGray{C<:AbstractGray,T} TransparentColor{C,T,2}" at /home/vagrant/.julia/v0.6/ColorTypes/src/types.jl:71.
Use "TransparentGray{C<:AbstractGray,T} = TransparentColor{C,T,2}" instead.

WARNING: deprecated syntax "typealias Transparent3{C<:Color3,T} TransparentColor{C,T,4}" at /home/vagrant/.julia/v0.6/ColorTypes/src/types.jl:72.
Use "Transparent3{C<:Color3,T} = TransparentColor{C,T,4}" instead.

WARNING: deprecated syntax "typealias TransparentRGB{C<:AbstractRGB,T} TransparentColor{C,T,4}" at /home/vagrant/.julia/v0.6/ColorTypes/src/types.jl:73.
Use "TransparentRGB{C<:AbstractRGB,T} = TransparentColor{C,T,4}" instead.

WARNING: deprecated syntax "typealias ColorantNormed{T<:Normed,N} Colorant{T,N}" at /home/vagrant/.julia/v0.6/ColorTypes/src/types.jl:74.
Use "ColorantNormed{T<:Normed,N} = Colorant{T,N}" instead.

WARNING: deprecated syntax "typealias HSB HSV" at /home/vagrant/.julia/v0.6/ColorTypes/src/types.jl:172.
Use "const HSB = HSV" instead.

WARNING: deprecated syntax "typealias Linear3 Union{XYZ,LMS}" at /home/vagrant/.julia/v0.6/Colors/src/algorithms.jl:4.
Use "const Linear3 = Union{XYZ,LMS}" instead.

WARNING: deprecated syntax "abstract DifferenceMetric" at /home/vagrant/.julia/v0.6/Colors/src/differences.jl:4.
Use "abstract type DifferenceMetric end" instead.

WARNING: deprecated syntax "abstract CMF" at /home/vagrant/.julia/v0.6/Colors/src/colormatch.jl:3.
Use "abstract type CMF end" instead.

WARNING: deprecated syntax "abstract CIE1931_CMF<:CMF" at /home/vagrant/.julia/v0.6/Colors/src/colormatch.jl:4.
Use "abstract type CIE1931_CMF<:CMF end" instead.

WARNING: deprecated syntax "abstract CIE1964_CMF<:CMF" at /home/vagrant/.julia/v0.6/Colors/src/colormatch.jl:5.
Use "abstract type CIE1964_CMF<:CMF end" instead.

WARNING: deprecated syntax "abstract CIE1931J_CMF<:CMF" at /home/vagrant/.julia/v0.6/Colors/src/colormatch.jl:6.
Use "abstract type CIE1931J_CMF<:CMF end" instead.

WARNING: deprecated syntax "abstract CIE1931JV_CMF<:CMF" at /home/vagrant/.julia/v0.6/Colors/src/colormatch.jl:7.
Use "abstract type CIE1931JV_CMF<:CMF end" instead.

WARNING: deprecated syntax "abstract CIE2006_2_CMF<:CMF" at /home/vagrant/.julia/v0.6/Colors/src/colormatch.jl:8.
Use "abstract type CIE2006_2_CMF<:CMF end" instead.

WARNING: deprecated syntax "abstract CIE2006_10_CMF<:CMF" at /home/vagrant/.julia/v0.6/Colors/src/colormatch.jl:9.
Use "abstract type CIE2006_10_CMF<:CMF end" instead.

WARNING: deprecated syntax "typealias AbstractGray{T} Color{T,1}" at /home/vagrant/.julia/v0.6/ColorVectorSpace/src/ColorVectorSpace.jl:35.
Use "AbstractGray{T} = Color{T,1}" instead.

WARNING: deprecated syntax "typealias TransparentRGB{C<:AbstractRGB,T} TransparentColor{C,T,4}" at /home/vagrant/.julia/v0.6/ColorVectorSpace/src/ColorVectorSpace.jl:36.
Use "TransparentRGB{C<:AbstractRGB,T} = TransparentColor{C,T,4}" instead.

WARNING: deprecated syntax "typealias TransparentGray{C<:AbstractGray,T} TransparentColor{C,T,2}" at /home/vagrant/.julia/v0.6/ColorVectorSpace/src/ColorVectorSpace.jl:37.
Use "TransparentGray{C<:AbstractGray,T} = TransparentColor{C,T,2}" instead.

WARNING: deprecated syntax "typealias TransparentRGBFloat{C<:AbstractRGB,T<:AbstractFloat} TransparentColor{C,T,4}" at /home/vagrant/.julia/v0.6/ColorVectorSpace/src/ColorVectorSpace.jl:38.
Use "TransparentRGBFloat{C<:AbstractRGB,T<:AbstractFloat} = TransparentColor{C,T,4}" instead.

WARNING: deprecated syntax "typealias TransparentGrayFloat{C<:AbstractGray,T<:AbstractFloat} TransparentColor{C,T,2}" at /home/vagrant/.julia/v0.6/ColorVectorSpace/src/ColorVectorSpace.jl:39.
Use "TransparentGrayFloat{C<:AbstractGray,T<:AbstractFloat} = TransparentColor{C,T,2}" instead.

WARNING: deprecated syntax "typealias TransparentRGBNormed{C<:AbstractRGB,T<:Normed} TransparentColor{C,T,4}" at /home/vagrant/.julia/v0.6/ColorVectorSpace/src/ColorVectorSpace.jl:40.
Use "TransparentRGBNormed{C<:AbstractRGB,T<:Normed} = TransparentColor{C,T,4}" instead.

WARNING: deprecated syntax "typealias TransparentGrayNormed{C<:AbstractGray,T<:Normed} TransparentColor{C,T,2}" at /home/vagrant/.julia/v0.6/ColorVectorSpace/src/ColorVectorSpace.jl:41.
Use "TransparentGrayNormed{C<:AbstractGray,T<:Normed} = TransparentColor{C,T,2}" instead.

WARNING: deprecated syntax "typealias MathTypes{T,C} Union{AbstractRGB{T},TransparentRGB{C,T},AbstractGray{T},TransparentGray{C,T}}" at /home/vagrant/.julia/v0.6/ColorVectorSpace/src/ColorVectorSpace.jl:43.
Use "MathTypes{T,C} = Union{AbstractRGB{T},TransparentRGB{C,T},AbstractGray{T},TransparentGray{C,T}}" instead.
WARNING: could not import Base.histrange into ColorVectorSpace

WARNING: deprecated syntax "function .*(...)".
Use "function Base.broadcast(::typeof(*), ...)" instead.

WARNING: deprecated syntax "function .*(...)".
Use "function Base.broadcast(::typeof(*), ...)" instead.

WARNING: deprecated syntax "function .*(...)".
Use "function Base.broadcast(::typeof(*), ...)" instead.

WARNING: deprecated syntax "function .*(...)".
Use "function Base.broadcast(::typeof(*), ...)" instead.

WARNING: deprecated syntax "function ./(...)".
Use "function Base.broadcast(::typeof(/), ...)" instead.

WARNING: deprecated syntax "function ./(...)".
Use "function Base.broadcast(::typeof(/), ...)" instead.

WARNING: deprecated syntax "function .+(...)".
Use "function Base.broadcast(::typeof(+), ...)" instead.

WARNING: deprecated syntax "function .+(...)".
Use "function Base.broadcast(::typeof(+), ...)" instead.

WARNING: deprecated syntax "function .-(...)".
Use "function Base.broadcast(::typeof(-), ...)" instead.

WARNING: deprecated syntax "function .-(...)".
Use "function Base.broadcast(::typeof(-), ...)" instead.

WARNING: deprecated syntax "function .*(...)".
Use "function Base.broadcast(::typeof(*), ...)" instead.

WARNING: deprecated syntax "function .*(...)".
Use "function Base.broadcast(::typeof(*), ...)" instead.

WARNING: deprecated syntax "function .+(...)".
Use "function Base.broadcast(::typeof(+), ...)" instead.

WARNING: deprecated syntax "function .+(...)".
Use "function Base.broadcast(::typeof(+), ...)" instead.

WARNING: deprecated syntax "function .-(...)".
Use "function Base.broadcast(::typeof(-), ...)" instead.

WARNING: deprecated syntax "function .-(...)".
Use "function Base.broadcast(::typeof(-), ...)" instead.

WARNING: deprecated syntax "function .*(...)".
Use "function Base.broadcast(::typeof(*), ...)" instead.

WARNING: deprecated syntax "function .*(...)".
Use "function Base.broadcast(::typeof(*), ...)" instead.

WARNING: deprecated syntax "function .*(...)".
Use "function Base.broadcast(::typeof(*), ...)" instead.

WARNING: deprecated syntax "function .*(...)".
Use "function Base.broadcast(::typeof(*), ...)" instead.

WARNING: deprecated syntax "function .*(...)".
Use "function Base.broadcast(::typeof(*), ...)" instead.

WARNING: deprecated syntax "function .*(...)".
Use "function Base.broadcast(::typeof(*), ...)" instead.

WARNING: deprecated syntax "function ./(...)".
Use "function Base.broadcast(::typeof(/), ...)" instead.

WARNING: deprecated syntax "function ./(...)".
Use "function Base.broadcast(::typeof(/), ...)" instead.

WARNING: deprecated syntax "function ./(...)".
Use "function Base.broadcast(::typeof(/), ...)" instead.

WARNING: deprecated syntax "function .^(...)".
Use "function Base.broadcast(::typeof(^), ...)" instead.

WARNING: deprecated syntax "function .+(...)".
Use "function Base.broadcast(::typeof(+), ...)" instead.

WARNING: deprecated syntax "function .-(...)".
Use "function Base.broadcast(::typeof(-), ...)" instead.

WARNING: deprecated syntax "function .+(...)".
Use "function Base.broadcast(::typeof(+), ...)" instead.

WARNING: deprecated syntax "function .-(...)".
Use "function Base.broadcast(::typeof(-), ...)" instead.
WARNING: Method definition zero(Type{C<:(ColorTypes.Gray{T} where T<:Union{AbstractFloat, FixedPointNumbers.FixedPoint{T, f} where f where T<:Integer, Bool})}) in module ColorTypes at /home/vagrant/.julia/v0.6/ColorTypes/src/traits.jl:324 overwritten in module ColorVectorSpace at /home/vagrant/.julia/v0.6/ColorVectorSpace/src/ColorVectorSpace.jl:330.
WARNING: Method definition one(Type{C<:(ColorTypes.Gray{T} where T<:Union{AbstractFloat, FixedPointNumbers.FixedPoint{T, f} where f where T<:Integer, Bool})}) in module ColorTypes at /home/vagrant/.julia/v0.6/ColorTypes/src/traits.jl:325 overwritten in module ColorVectorSpace at /home/vagrant/.julia/v0.6/ColorVectorSpace/src/ColorVectorSpace.jl:332.

WARNING: deprecated syntax "function .+(...)".
Use "function Base.broadcast(::typeof(+), ...)" instead.

WARNING: deprecated syntax "function .+(...)".
Use "function Base.broadcast(::typeof(+), ...)" instead.

WARNING: deprecated syntax "function .-(...)".
Use "function Base.broadcast(::typeof(-), ...)" instead.

WARNING: deprecated syntax "function .-(...)".
Use "function Base.broadcast(::typeof(-), ...)" instead.

WARNING: deprecated syntax "function .*(...)".
Use "function Base.broadcast(::typeof(*), ...)" instead.

WARNING: deprecated syntax "function .*(...)".
Use "function Base.broadcast(::typeof(*), ...)" instead.

WARNING: deprecated syntax "function ./(...)".
Use "function Base.broadcast(::typeof(/), ...)" instead.

WARNING: deprecated syntax "function .+(...)".
Use "function Base.broadcast(::typeof(+), ...)" instead.

WARNING: deprecated syntax "function .+(...)".
Use "function Base.broadcast(::typeof(+), ...)" instead.

WARNING: deprecated syntax "function .-(...)".
Use "function Base.broadcast(::typeof(-), ...)" instead.

WARNING: deprecated syntax "function .-(...)".
Use "function Base.broadcast(::typeof(-), ...)" instead.

WARNING: deprecated syntax "function .*(...)".
Use "function Base.broadcast(::typeof(*), ...)" instead.

WARNING: deprecated syntax "function .*(...)".
Use "function Base.broadcast(::typeof(*), ...)" instead.
ERROR: LoadError: UndefVarError: histrange not defined
Stacktrace:
 [1] include_from_node1(::String) at ./loading.jl:539
 [2] include(::String) at ./sysimg.jl:14
 [3] anonymous at ./<missing>:2
while loading /home/vagrant/.julia/v0.6/ColorVectorSpace/src/ColorVectorSpace.jl, in expression starting on line 449
ERROR: LoadError: Failed to precompile ColorVectorSpace to /home/vagrant/.julia/lib/v0.6/ColorVectorSpace.ji.
Stacktrace:
 [1] compilecache(::String) at ./loading.jl:673
 [2] require(::Symbol) at ./loading.jl:431
 [3] include_from_node1(::String) at ./loading.jl:539
 [4] include(::String) at ./sysimg.jl:14
 [5] anonymous at ./<missing>:2
while loading /home/vagrant/.julia/v0.6/Images/src/Images.jl, in expression starting on line 34
ERROR: LoadError: LoadError: LoadError: Failed to precompile Images to /home/vagrant/.julia/lib/v0.6/Images.ji.
Stacktrace:
 [1] compilecache(::String) at ./loading.jl:673
 [2] require(::Symbol) at ./loading.jl:460
 [3] include_from_node1(::String) at ./loading.jl:539
 [4] include(::String) at ./sysimg.jl:14
 [5] include_from_node1(::String) at ./loading.jl:539
while loading /home/vagrant/.julia/v0.6/ActiveAppearanceModels/src/core.jl, in expression starting on line 4
while loading /home/vagrant/.julia/v0.6/ActiveAppearanceModels/src/ActiveAppearanceModels.jl, in expression starting on line 10
while loading /home/vagrant/.julia/v0.6/ActiveAppearanceModels/test/runtests.jl, in expression starting on line 2
=======================[ ERROR: ActiveAppearanceModels ]========================

failed process: Process(`/home/vagrant/julia/bin/julia -Cx86-64 -J/home/vagrant/julia/lib/julia/sys.so --compile=yes --depwarn=yes --check-bounds=yes --code-coverage=none --color=no --compilecache=yes /home/vagrant/.julia/v0.6/ActiveAppearanceModels/test/runtests.jl`, ProcessExited(1)) [1]

================================================================================
ERROR: ActiveAppearanceModels had test errors

>>> End of log
