>>> 'Pkg.add("ActiveAppearanceModels")' log
INFO: Installing ActiveAppearanceModels v0.1.2
INFO: Installing Blosc v0.1.7
INFO: Installing BufferedStreams v0.2.0
INFO: Installing Cairo v0.2.35
INFO: Installing Dates v0.4.4
INFO: Installing Docile v0.5.23
INFO: Installing FaceDatasets v0.2.0
INFO: Installing GeometricalPredicates v0.0.5
INFO: Installing HDF5 v0.6.6
INFO: Installing ImageView v0.1.20
INFO: Installing IniFile v0.2.5
INFO: Installing Libz v0.2.0
INFO: Installing MAT v0.3.1
INFO: Installing MultivariateStats v0.3.0
INFO: Installing PiecewiseAffineTransforms v0.2.0
INFO: Installing Tk v0.3.8
INFO: Installing VoronoiDelaunay v0.0.3
INFO: Installing Winston v0.11.13
INFO: Building Blosc
INFO: Building HDF5
INFO: Building Rmath
INFO: Building ImageMagick
INFO: Building Cairo
INFO: Building Tk
WARNING: `@osx_only` is deprecated, use `@static if is_apple()` instead
 in depwarn(::String, ::Symbol) at ./deprecated.jl:64
 in @osx_only(::Any) at ./deprecated.jl:496
 in include_from_node1(::String) at ./loading.jl:488
 in evalfile(::String, ::Array{String,1}) at ./loading.jl:504 (repeats 2 times)
 in cd(::##2#4, ::String) at ./file.jl:59
 in (::##1#3)(::IOStream) at ./none:13
 in open(::##1#3, ::String, ::String) at ./iostream.jl:113
 in eval(::Module, ::Any) at ./boot.jl:234
 in process_options(::Base.JLOptions) at ./client.jl:239
 in _start() at ./client.jl:318
while loading /home/vagrant/.julia/v0.5/Tk/deps/build.jl, in expression starting on line 7
WARNING: Base.WORD_SIZE is deprecated.
  likely near /home/vagrant/.julia/v0.5/Tk/deps/build.jl:24
WARNING: Base.WORD_SIZE is deprecated.
  likely near /home/vagrant/.julia/v0.5/Tk/deps/build.jl:29
INFO: Package database updated
INFO: METADATA is out-of-date — you may not have the latest version of ActiveAppearanceModels
INFO: Use `Pkg.update()` to get the latest versions of your packages

>>> 'Pkg.test("ActiveAppearanceModels")' log
Julia Version 0.5.0-rc4+0
Commit 9c76c3e (2016-09-09 01:43 UTC)
Platform Info:
  System: Linux (x86_64-pc-linux-gnu)
  CPU: Intel(R) Xeon(R) CPU E3-1241 v3 @ 3.50GHz
  WORD_SIZE: 64
           Ubuntu 14.04.5 LTS
  uname: Linux 3.13.0-95-generic #142-Ubuntu SMP Fri Aug 12 17:00:09 UTC 2016 x86_64 x86_64
Memory: 2.4471054077148438 GB (252.86328125 MB free)
Uptime: 38164.0 sec
Load Avg:  0.97216796875  0.47265625  0.2177734375
Intel(R) Xeon(R) CPU E3-1241 v3 @ 3.50GHz: 
       speed         user         nice          sys         idle          irq
#1  3501 MHz    1110820 s         51 s     155581 s    2125775 s        176 s
#2  3501 MHz     334432 s        194 s      83462 s    3172040 s         10 s

  BLAS: libopenblas (USE64BITINT DYNAMIC_ARCH NO_AFFINITY Nehalem)
  LAPACK: libopenblas64_
  LIBM: libopenlibm
  LLVM: libLLVM-3.7.1 (ORCJIT, haswell)
Environment:
  LD_LIBRARY_PATH = :/usr/local/lib/
  HOME = /home/vagrant
  TERM = vt100
  PATH = /usr/local/sbin:/usr/local/bin:/usr/sbin:/usr/bin:/sbin:/bin:/usr/games:/usr/local/games:/home/vagrant/julia/bin/:/home/vagrant/julia/bin/
  JAVA_HOME = /usr/lib/jvm/java-7-oracle

Package Directory: /home/vagrant/.julia/v0.5
6 required packages:
 - ActiveAppearanceModels        0.1.2
 - ColorSchemes                  1.0.0
 - ColorTypes                    0.2.6
 - ColorVectorSpace              0.1.8
 - Compat                        0.9.2
 - JSON                          0.7.0
35 additional packages:
 - BinDeps                       0.4.5
 - Blosc                         0.1.7
 - BufferedStreams               0.2.0
 - Cairo                         0.2.35
 - Clustering                    0.6.0
 - Colors                        0.6.7
 - Dates                         0.4.4
 - Distances                     0.3.2
 - Docile                        0.5.23
 - FaceDatasets                  0.2.0
 - FileIO                        0.1.2
 - FixedPointNumbers             0.1.6
 - GeometricalPredicates         0.0.5
 - Graphics                      0.1.3
 - HDF5                          0.6.6
 - ImageMagick                   0.1.7
 - ImageView                     0.1.20
 - Images                        0.5.10
 - IniFile                       0.2.5
 - Libz                          0.2.0
 - MAT                           0.3.1
 - MultivariateStats             0.3.0
 - PiecewiseAffineTransforms     0.2.0
 - Reexport                      0.0.3
 - Rmath                         0.1.3
 - SHA                           0.2.1
 - SIUnits                       0.0.6
 - StatsBase                     0.9.0
 - StatsFuns                     0.3.1
 - TexExtensions                 0.0.3
 - Tk                            0.3.8
 - URIParser                     0.1.6
 - VoronoiDelaunay               0.0.3
 - Winston                       0.11.13
 - Zlib                          0.1.12
INFO: Testing ActiveAppearanceModels
WARNING: `@osx_only` is deprecated, use `@static if is_apple()` instead
 in depwarn(::String, ::Symbol) at ./deprecated.jl:64
 in @osx_only(::Any) at ./deprecated.jl:496
 in include_from_node1(::String) at ./loading.jl:488 (repeats 2 times)
 in eval(::Module, ::Any) at ./boot.jl:234
 in require(::Symbol) at ./loading.jl:415
 in include_from_node1(::String) at ./loading.jl:488
 in eval(::Module, ::Any) at ./boot.jl:234
 in require(::Symbol) at ./loading.jl:415
 in include_from_node1(::String) at ./loading.jl:488 (repeats 2 times)
 in eval(::Module, ::Any) at ./boot.jl:234
 in require(::Symbol) at ./loading.jl:415
 in include_from_node1(::String) at ./loading.jl:488
 in process_options(::Base.JLOptions) at ./client.jl:262
 in _start() at ./client.jl:318
while loading /home/vagrant/.julia/v0.5/Tk/src/tkwidget.jl, in expression starting on line 29
WARNING: Base.ByteString is deprecated, use String instead.
  likely near /home/vagrant/.julia/v0.5/Tk/src/tkwidget.jl:102
WARNING: Base.ByteString is deprecated, use String instead.
  likely near /home/vagrant/.julia/v0.5/Tk/src/tkwidget.jl:102
WARNING: Base.ByteString is deprecated, use String instead.
  likely near /home/vagrant/.julia/v0.5/Tk/src/tkwidget.jl:162
WARNING: Base.ByteString is deprecated, use String instead.
  likely near /home/vagrant/.julia/v0.5/Tk/src/tkwidget.jl:162
WARNING: Base.ByteString is deprecated, use String instead.
  likely near /home/vagrant/.julia/v0.5/Tk/src/tkwidget.jl:162
WARNING: Base.ByteString is deprecated, use String instead.
  likely near /home/vagrant/.julia/v0.5/Tk/src/tkwidget.jl:162
in jl_tcl_callback at /home/vagrant/.julia/v0.5/Tk/src/tkwidget.jl
WARNING: bytestring(p::Union{Ptr{Int8},Ptr{UInt8}}) is deprecated, use unsafe_string(p) instead.
 in depwarn(::String, ::Symbol) at ./deprecated.jl:64
 in bytestring(::Ptr{UInt8}) at ./deprecated.jl:50
 in tcl_eval(::String, ::Ptr{Void}) at /home/vagrant/.julia/v0.5/Tk/src/tkwidget.jl:94
 in tcl_eval(::String) at /home/vagrant/.julia/v0.5/Tk/src/tkwidget.jl:90
 in include_from_node1(::String) at ./loading.jl:488 (repeats 2 times)
 in eval(::Module, ::Any) at ./boot.jl:234
 in require(::Symbol) at ./loading.jl:415
 in include_from_node1(::String) at ./loading.jl:488
 in eval(::Module, ::Any) at ./boot.jl:234
 in require(::Symbol) at ./loading.jl:415
 in include_from_node1(::String) at ./loading.jl:488 (repeats 2 times)
 in eval(::Module, ::Any) at ./boot.jl:234
 in require(::Symbol) at ./loading.jl:415
 in include_from_node1(::String) at ./loading.jl:488
 in process_options(::Base.JLOptions) at ./client.jl:262
 in _start() at ./client.jl:318
while loading /home/vagrant/.julia/v0.5/Tk/src/tkwidget.jl, in expression starting on line 455
ERROR: LoadError: LoadError: LoadError: LoadError: LoadError: LoadError: ArgumentError: invalid version string: 
 in VersionNumber(::String) at ./version.jl:91
 in convert(::Type{VersionNumber}, ::String) at ./version.jl:104
 in include_from_node1(::String) at ./loading.jl:488 (repeats 2 times)
 in eval(::Module, ::Any) at ./boot.jl:234
 in require(::Symbol) at ./loading.jl:415
 in include_from_node1(::String) at ./loading.jl:488
 in eval(::Module, ::Any) at ./boot.jl:234
 in require(::Symbol) at ./loading.jl:415
 in include_from_node1(::String) at ./loading.jl:488 (repeats 2 times)
 in eval(::Module, ::Any) at ./boot.jl:234
 in require(::Symbol) at ./loading.jl:415
 in include_from_node1(::String) at ./loading.jl:488
 in process_options(::Base.JLOptions) at ./client.jl:262
 in _start() at ./client.jl:318
while loading /home/vagrant/.julia/v0.5/Tk/src/tkwidget.jl, in expression starting on line 455
while loading /home/vagrant/.julia/v0.5/Tk/src/Tk.jl, in expression starting on line 37
while loading /home/vagrant/.julia/v0.5/ImageView/src/ImageView.jl, in expression starting on line 14
while loading /home/vagrant/.julia/v0.5/ActiveAppearanceModels/src/core.jl, in expression starting on line 5
while loading /home/vagrant/.julia/v0.5/ActiveAppearanceModels/src/ActiveAppearanceModels.jl, in expression starting on line 10
while loading /home/vagrant/.julia/v0.5/ActiveAppearanceModels/test/runtests.jl, in expression starting on line 2
=======================[ ERROR: ActiveAppearanceModels ]========================

failed process: Process(`/home/vagrant/julia/bin/julia -Cx86-64 -J/home/vagrant/julia/lib/julia/sys.so --compile=yes --depwarn=yes --check-bounds=yes --code-coverage=none --color=no --compilecache=yes /home/vagrant/.julia/v0.5/ActiveAppearanceModels/test/runtests.jl`, ProcessExited(1)) [1]

================================================================================
ERROR: ActiveAppearanceModels had test errors
 in #test#61(::Bool, ::Function, ::Array{AbstractString,1}) at ./pkg/entry.jl:740
 in (::Base.Pkg.Entry.#kw##test)(::Array{Any,1}, ::Base.Pkg.Entry.#test, ::Array{AbstractString,1}) at ./<missing>:0
 in (::Base.Pkg.Dir.##2#3{Array{Any,1},Base.Pkg.Entry.#test,Tuple{Array{AbstractString,1}}})() at ./pkg/dir.jl:31
 in cd(::Base.Pkg.Dir.##2#3{Array{Any,1},Base.Pkg.Entry.#test,Tuple{Array{AbstractString,1}}}, ::String) at ./file.jl:59
 in #cd#1(::Array{Any,1}, ::Function, ::Function, ::Array{AbstractString,1}, ::Vararg{Array{AbstractString,1},N}) at ./pkg/dir.jl:31
 in (::Base.Pkg.Dir.#kw##cd)(::Array{Any,1}, ::Base.Pkg.Dir.#cd, ::Function, ::Array{AbstractString,1}, ::Vararg{Array{AbstractString,1},N}) at ./<missing>:0
 in #test#3(::Bool, ::Function, ::String, ::Vararg{String,N}) at ./pkg/pkg.jl:258
 in test(::String, ::Vararg{String,N}) at ./pkg/pkg.jl:258
 in eval(::Module, ::Any) at ./boot.jl:234
 in process_options(::Base.JLOptions) at ./client.jl:239
 in _start() at ./client.jl:318

>>> End of log
