>>> 'Pkg.add("AdaptiveRejectionSampling")' log
WARNING: Base.Pkg is deprecated, run `using Pkg` instead
 in module Main
[ Info: Cloning cache of AdaptiveRejectionSampling from https://github.com/mauriciogtec/AdaptiveRejectionSampling.jl.git
[ Info: Installing AdaptiveRejectionSampling v0.0.1
[ Info: Installing BinDeps v0.8.6
[ Info: Installing CommonSubexpressions v0.0.1
[ Info: Installing DataStructures v0.7.4
[ Info: Installing DiffResults v0.0.3
[ Info: Installing DiffRules v0.0.3
[ Info: Installing ForwardDiff v0.7.3
[ Info: Installing NaNMath v0.3.1
[ Info: Installing SHA v0.5.6
[ Info: Installing SortingAlgorithms v0.2.0
[ Info: Installing SpecialFunctions v0.3.8
[ Info: Installing StaticArrays v0.6.6
[ Info: Installing StatsBase v0.19.5
[ Info: Installing URIParser v0.3.0
[ Info: Building SpecialFunctions
┌ Warning: `isalnum(c::Char)` is deprecated, use `isalpha(c) || isnumeric(c)` instead.
│   caller = is_userinfo_char at parser.jl:4 [inlined]
└ @ Core parser.jl:4
┌ Warning: `isalnum(c::Char)` is deprecated, use `isalpha(c) || isnumeric(c)` instead.
│   caller = is_host_char at parser.jl:8 [inlined]
└ @ Core parser.jl:8
┌ Warning: `isalnum(c::Char)` is deprecated, use `isalpha(c) || isnumeric(c)` instead.
│   caller = is_host_char at parser.jl:8 [inlined]
└ @ Core parser.jl:8
WARNING: importing deprecated binding Base.Associative into BinDeps.
WARNING: Base.Associative is deprecated, use AbstractDict instead.
  likely near /home/vagrant/.julia/v0.7/SpecialFunctions/deps/binaries.jl:44
in @install at /home/vagrant/.julia/v0.7/BinDeps/src/dependencies.jl
[ Info: Package database updated

>>> 'Pkg.test("AdaptiveRejectionSampling")' log
WARNING: Base.versioninfo is deprecated: it has been moved to the standard library package `InteractiveUtils`.
Add `using InteractiveUtils` to your imports.
 in module Main
WARNING: Base.versioninfo is deprecated: it has been moved to the standard library package `InteractiveUtils`.
Add `using InteractiveUtils` to your imports.
 in module Main
Julia Version 0.7.0-DEV.3738
Commit 251a501def (2018-02-06 20:23 UTC)
Platform Info:
  OS: Linux (x86_64-pc-linux-gnu)
      Ubuntu 14.04.5 LTS
  uname: Linux 3.13.0-135-generic #184-Ubuntu SMP Wed Oct 18 11:55:51 UTC 2017 x86_64 x86_64
  CPU: Intel(R) Xeon(R) CPU E3-1241 v3 @ 3.50GHz: 
              speed         user         nice          sys         idle          irq
       #1  3499 MHz     213669 s         57 s       9227 s      80662 s          2 s
       #2  3499 MHz      27167 s         85 s       4093 s     316993 s          0 s
       
  Memory: 2.93927001953125 GB (838.66796875 MB free)
  Uptime: 3524.0 sec
  Load Avg:  0.98046875  0.94580078125  0.91748046875
  WORD_SIZE: 64
  LIBM: libopenlibm
  LLVM: libLLVM-3.9.1 (ORCJIT, haswell)
Environment:
  TERM = vt100
  LD_LIBRARY_PATH = :/usr/local/lib/
  PATH = /usr/local/sbin:/usr/local/bin:/usr/sbin:/usr/bin:/sbin:/bin:/usr/games:/usr/local/games:/home/vagrant/julia/bin/
  JAVA_HOME = /usr/lib/jvm/java-8-openjdk-amd64
  HOME = /home/vagrant
Packages:
  Package Directory: /home/vagrant/.julia/v0.7
  Package Status:
2 required packages:
 - AdaptiveRejectionSampling     0.0.1
 - JSON                          0.16.4
15 additional packages:
 - BinDeps                       0.8.6
 - CommonSubexpressions          0.0.1
 - Compat                        0.52.0
 - DataStructures                0.7.4
 - DiffResults                   0.0.3
 - DiffRules                     0.0.3
 - ForwardDiff                   0.7.3
 - NaNMath                       0.3.1
 - Nullables                     0.0.3
 - SHA                           0.5.6
 - SortingAlgorithms             0.2.0
 - SpecialFunctions              0.3.8
 - StaticArrays                  0.6.6
 - StatsBase                     0.19.5
 - URIParser                     0.3.0
WARNING: Base.Pkg is deprecated, run `using Pkg` instead
 in module Main
[ Info: Testing AdaptiveRejectionSampling
┌ Warning: Deprecated syntax `immutable` at /home/vagrant/.julia/v0.7/CommonSubexpressions/src/CommonSubexpressions.jl:7.
│ Use `struct` instead.
└ @ nothing CommonSubexpressions.jl:7
WARNING: Base.Test is deprecated, run `using Test` instead
  likely near /home/vagrant/.julia/v0.7/AdaptiveRejectionSampling/test/runtests.jl:4
Test Summary: | Pass  Total
Line          |    3      3
Test Summary: | Pass  Total
Envelop       |    4      4
Test Summary: | Pass  Total
Objective     |    4      4
WARNING: Base.GLOBAL_RNG is deprecated: it has been moved to the standard library package `Random`.
Add `using Random` to your imports.
  likely near /home/vagrant/.julia/v0.7/AdaptiveRejectionSampling/test/runtests.jl:56
WARNING: importing deprecated binding Base.randexp into StatsBase.
WARNING: Base.randexp is deprecated: it has been moved to the standard library package `Random`.
Add `using Random` to your imports.
  likely near /home/vagrant/.julia/v0.7/AdaptiveRejectionSampling/test/runtests.jl:56
WARNING: Base.randexp is deprecated: it has been moved to the standard library package `Random`.
Add `using Random` to your imports.
  likely near /home/vagrant/.julia/v0.7/AdaptiveRejectionSampling/test/runtests.jl:56
WARNING: Base.randexp is deprecated: it has been moved to the standard library package `Random`.
Add `using Random` to your imports.
  likely near /home/vagrant/.julia/v0.7/AdaptiveRejectionSampling/test/runtests.jl:56
WARNING: Base.randexp is deprecated: it has been moved to the standard library package `Random`.
Add `using Random` to your imports.
  likely near /home/vagrant/.julia/v0.7/AdaptiveRejectionSampling/test/runtests.jl:56
WARNING: Base.randexp is deprecated: it has been moved to the standard library package `Random`.
Add `using Random` to your imports.
  likely near /home/vagrant/.julia/v0.7/AdaptiveRejectionSampling/test/runtests.jl:56
WARNING: Base.randexp is deprecated: it has been moved to the standard library package `Random`.
Add `using Random` to your imports.
  likely near /home/vagrant/.julia/v0.7/AdaptiveRejectionSampling/test/runtests.jl:56
WARNING: Base.randexp is deprecated: it has been moved to the standard library package `Random`.
Add `using Random` to your imports.
  likely near /home/vagrant/.julia/v0.7/AdaptiveRejectionSampling/test/runtests.jl:56
WARNING: Base.GLOBAL_RNG is deprecated: it has been moved to the standard library package `Random`.
Add `using Random` to your imports.
  likely near /home/vagrant/.julia/v0.7/AdaptiveRejectionSampling/test/runtests.jl:56
WARNING: Base.GLOBAL_RNG is deprecated: it has been moved to the standard library package `Random`.
Add `using Random` to your imports.
  likely near /home/vagrant/.julia/v0.7/AdaptiveRejectionSampling/test/runtests.jl:56
WARNING: Base.GLOBAL_RNG is deprecated: it has been moved to the standard library package `Random`.
Add `using Random` to your imports.
  likely near /home/vagrant/.julia/v0.7/AdaptiveRejectionSampling/test/runtests.jl:56
WARNING: Base.GLOBAL_RNG is deprecated: it has been moved to the standard library package `Random`.
Add `using Random` to your imports.
  likely near /home/vagrant/.julia/v0.7/AdaptiveRejectionSampling/test/runtests.jl:56
WARNING: Base.GLOBAL_RNG is deprecated: it has been moved to the standard library package `Random`.
Add `using Random` to your imports.
  likely near /home/vagrant/.julia/v0.7/AdaptiveRejectionSampling/test/runtests.jl:56
WARNING: Base.GLOBAL_RNG is deprecated: it has been moved to the standard library package `Random`.
Add `using Random` to your imports.
  likely near /home/vagrant/.julia/v0.7/AdaptiveRejectionSampling/test/runtests.jl:56
WARNING: Base.GLOBAL_RNG is deprecated: it has been moved to the standard library package `Random`.
Add `using Random` to your imports.
  likely near /home/vagrant/.julia/v0.7/AdaptiveRejectionSampling/test/runtests.jl:56
WARNING: Base.GLOBAL_RNG is deprecated: it has been moved to the standard library package `Random`.
Add `using Random` to your imports.
  likely near /home/vagrant/.julia/v0.7/AdaptiveRejectionSampling/test/runtests.jl:56
WARNING: Base.GLOBAL_RNG is deprecated: it has been moved to the standard library package `Random`.
Add `using Random` to your imports.
  likely near /home/vagrant/.julia/v0.7/AdaptiveRejectionSampling/test/runtests.jl:56
WARNING: Base.GLOBAL_RNG is deprecated: it has been moved to the standard library package `Random`.
Add `using Random` to your imports.
  likely near /home/vagrant/.julia/v0.7/AdaptiveRejectionSampling/test/runtests.jl:56
in get_samples at /home/vagrant/.julia/v0.7/AdaptiveRejectionSampling/src/AdaptiveRejectionSampling.jl
WARNING: Base.randexp is deprecated: it has been moved to the standard library package `Random`.
Add `using Random` to your imports.
  likely near /home/vagrant/.julia/v0.7/AdaptiveRejectionSampling/test/runtests.jl:56
in efraimidis_aexpj_wsample_norep! at /home/vagrant/.julia/v0.7/StatsBase/src/sampling.jl
WARNING: Base.randexp is deprecated: it has been moved to the standard library package `Random`.
Add `using Random` to your imports.
  likely near /home/vagrant/.julia/v0.7/AdaptiveRejectionSampling/test/runtests.jl:56
in efraimidis_aexpj_wsample_norep! at /home/vagrant/.julia/v0.7/StatsBase/src/sampling.jl
WARNING: Base.randexp is deprecated: it has been moved to the standard library package `Random`.
Add `using Random` to your imports.
  likely near /home/vagrant/.julia/v0.7/AdaptiveRejectionSampling/test/runtests.jl:56
in efraimidis_aexpj_wsample_norep! at /home/vagrant/.julia/v0.7/StatsBase/src/sampling.jl
Test Summary:    | Pass  Total
RejectionSampler |    4      4
[ Info: AdaptiveRejectionSampling tests passed

>>> End of log
