>>> 'Pkg.add("AdaptiveRejectionSampling")' log
INFO: Cloning cache of AdaptiveRejectionSampling from https://github.com/mauriciogtec/AdaptiveRejectionSampling.jl.git
INFO: Installing AdaptiveRejectionSampling v0.0.2
INFO: Installing BinDeps v0.8.7
INFO: Installing CommonSubexpressions v0.0.1
INFO: Installing DataStructures v0.7.4
INFO: Installing DiffResults v0.0.3
INFO: Installing DiffRules v0.0.3
INFO: Installing ForwardDiff v0.7.3
INFO: Installing Missings v0.2.7
INFO: Installing NaNMath v0.3.1
INFO: Installing SHA v0.5.6
INFO: Installing SortingAlgorithms v0.2.0
INFO: Installing SpecialFunctions v0.3.8
INFO: Installing StaticArrays v0.7.0
INFO: Installing StatsBase v0.20.1
INFO: Installing URIParser v0.3.1
INFO: Building SpecialFunctions
INFO: Package database updated

>>> 'Pkg.test("AdaptiveRejectionSampling")' log
Julia Version 0.6.2
Commit d386e40c17 (2017-12-13 18:08 UTC)
Platform Info:
  OS: Linux (x86_64-pc-linux-gnu)
  CPU: Intel(R) Xeon(R) CPU E3-1241 v3 @ 3.50GHz
  WORD_SIZE: 64
           Ubuntu 14.04.5 LTS
  uname: Linux 3.13.0-135-generic #184-Ubuntu SMP Wed Oct 18 11:55:51 UTC 2017 x86_64 x86_64
Memory: 2.93927001953125 GB (923.453125 MB free)
Uptime: 3074.0 sec
Load Avg:  0.90283203125  0.94384765625  0.8681640625
Intel(R) Xeon(R) CPU E3-1241 v3 @ 3.50GHz: 
       speed         user         nice          sys         idle          irq
#1  3500 MHz     155807 s        114 s       8625 s     102066 s          6 s
#2  3500 MHz      22294 s         24 s       4069 s     277257 s          0 s

  BLAS: libopenblas (USE64BITINT DYNAMIC_ARCH NO_AFFINITY Nehalem)
  LAPACK: libopenblas64_
  LIBM: libopenlibm
  LLVM: libLLVM-3.9.1 (ORCJIT, haswell)
Environment:
  TERM = vt100
  LD_LIBRARY_PATH = :/usr/local/lib/
  PATH = /usr/local/sbin:/usr/local/bin:/usr/sbin:/usr/bin:/sbin:/bin:/usr/games:/usr/local/games:/home/vagrant/julia/bin/
  JAVA_HOME = /usr/lib/jvm/java-8-openjdk-amd64
  HOME = /home/vagrant

Package Directory: /home/vagrant/.julia/v0.6
2 required packages:
 - AdaptiveRejectionSampling     0.0.2
 - JSON                          0.17.1
16 additional packages:
 - BinDeps                       0.8.7
 - CommonSubexpressions          0.0.1
 - Compat                        0.56.0
 - DataStructures                0.7.4
 - DiffResults                   0.0.3
 - DiffRules                     0.0.3
 - ForwardDiff                   0.7.3
 - Missings                      0.2.7
 - NaNMath                       0.3.1
 - Nullables                     0.0.4
 - SHA                           0.5.6
 - SortingAlgorithms             0.2.0
 - SpecialFunctions              0.3.8
 - StaticArrays                  0.7.0
 - StatsBase                     0.20.1
 - URIParser                     0.3.1
INFO: Testing AdaptiveRejectionSampling
Test Summary: | Pass  Total
Line          |    3      3
Test Summary: | Pass  Total
Envelop       |    5      5
Test Summary: | Pass  Total
Objective     |    4      4
Test Summary:    | Pass  Total
RejectionSampler |    4      4
INFO: AdaptiveRejectionSampling tests passed

>>> End of log
