>>> 'Pkg.add("AdjacentFloats")' log
INFO: Cloning cache of AdjacentFloats from https://github.com/JeffreySarnoff/AdjacentFloats.jl.git
INFO: Installing AdjacentFloats v0.0.3
INFO: Package database updated

>>> 'Pkg.test("AdjacentFloats")' log
Julia Version 0.5.2
Commit f4c6c9d (2017-05-06 16:34 UTC)
Platform Info:
  OS: Linux (x86_64-pc-linux-gnu)
  CPU: Intel(R) Xeon(R) CPU E3-1241 v3 @ 3.50GHz
  WORD_SIZE: 64
           Ubuntu 14.04.5 LTS
  uname: Linux 3.13.0-119-generic #166-Ubuntu SMP Wed May 3 12:18:55 UTC 2017 x86_64 x86_64
Memory: 2.9392738342285156 GB (893.00390625 MB free)
Uptime: 1564.0 sec
Load Avg:  1.00830078125  0.8681640625  0.50732421875
Intel(R) Xeon(R) CPU E3-1241 v3 @ 3.50GHz: 
       speed         user         nice          sys         idle          irq
#1  3498 MHz      38286 s        100 s       5632 s     102255 s          2 s
#2  3498 MHz      14242 s         48 s       3363 s     135816 s          0 s

  BLAS: libopenblas (USE64BITINT DYNAMIC_ARCH NO_AFFINITY Nehalem)
  LAPACK: libopenblas64_
  LIBM: libopenlibm
  LLVM: libLLVM-3.7.1 (ORCJIT, haswell)
Environment:
  TERM = vt100
  LD_LIBRARY_PATH = :/usr/local/lib/
  PATH = /usr/local/sbin:/usr/local/bin:/usr/sbin:/usr/bin:/sbin:/bin:/usr/games:/usr/local/games:/home/vagrant/julia/bin/
  JAVA_HOME = /usr/lib/jvm/java-7-oracle
  HOME = /home/vagrant

Package Directory: /home/vagrant/.julia/v0.5
2 required packages:
 - AdjacentFloats                0.0.3
 - JSON                          0.12.0
1 additional packages:
 - Compat                        0.25.2
INFO: Testing AdjacentFloats
INFO: AdjacentFloats tests passed

>>> End of log
