>>> 'Pkg.add("AmplNLWriter")' log
[ Info: Cloning cache of AmplNLWriter from https://github.com/JuliaOpt/AmplNLWriter.jl.git @ Base.Pkg.Cache cache.jl:43
[ Info: Installing AmplNLWriter v0.4.0 @ Base.Pkg.Entry entry.jl:543
[ Info: Installing MathProgBase v0.7.0 @ Base.Pkg.Entry entry.jl:543
[ Info: Package database updated @ Base.Pkg.Entry entry.jl:32

>>> 'Pkg.test("AmplNLWriter")' log
Julia Version 0.7.0-DEV.3246
Commit 2138144d3a (2018-01-04 02:34 UTC)
Platform Info:
  OS: Linux (x86_64-pc-linux-gnu)
      Ubuntu 14.04.5 LTS
  uname: Linux 3.13.0-135-generic #184-Ubuntu SMP Wed Oct 18 11:55:51 UTC 2017 x86_64 x86_64
  CPU: Intel(R) Xeon(R) CPU E3-1241 v3 @ 3.50GHz: 
              speed         user         nice          sys         idle          irq
       #1  3499 MHz     239025 s        100 s      16387 s     159198 s          4 s
       #2  3499 MHz      52178 s         48 s       8412 s     401314 s          0 s
       
  Memory: 2.93927001953125 GB (1003.18359375 MB free)
  Uptime: 4680.0 sec
  Load Avg:  0.9111328125  0.93310546875  0.95068359375
  WORD_SIZE: 64
  BLAS: libopenblas (USE64BITINT DYNAMIC_ARCH NO_AFFINITY Nehalem)
  LAPACK: libopenblas64_
  LIBM: libopenlibm
  LLVM: libLLVM-3.9.1 (ORCJIT, haswell)
Environment:
  TERM = vt100
  LD_LIBRARY_PATH = :/usr/local/lib/
  PATH = /usr/local/sbin:/usr/local/bin:/usr/sbin:/usr/bin:/sbin:/bin:/usr/games:/usr/local/games:/home/vagrant/julia/bin/
  JAVA_HOME = /usr/lib/jvm/java-8-openjdk-amd64
  HOME = /home/vagrant
Packages:
  Package Directory: /home/vagrant/.julia/v0.7
  Package Status:
2 required packages:
 - AmplNLWriter                  0.4.0
 - JSON                          0.16.3
3 additional packages:
 - Compat                        0.42.0
 - MathProgBase                  0.7.0
 - Nullables                     0.0.2
[ Info: Computing test dependencies for AmplNLWriter... @ Base.Pkg.Entry entry.jl:713
[ Info: Installing BinDeps v0.8.2 @ Base.Pkg.Entry entry.jl:543
[ Info: Installing Calculus v0.2.2 @ Base.Pkg.Entry entry.jl:543
[ Info: Installing CommonSubexpressions v0.0.1 @ Base.Pkg.Entry entry.jl:543
[ Info: Installing DataStructures v0.7.3 @ Base.Pkg.Entry entry.jl:543
[ Info: Installing DiffResults v0.0.2 @ Base.Pkg.Entry entry.jl:543
[ Info: Installing DiffRules v0.0.2 @ Base.Pkg.Entry entry.jl:543
[ Info: Installing ForwardDiff v0.7.0 @ Base.Pkg.Entry entry.jl:543
[ Info: Installing Ipopt v0.2.6 @ Base.Pkg.Entry entry.jl:543
[ Info: Installing JuMP v0.18.0 @ Base.Pkg.Entry entry.jl:543
[ Info: Installing NaNMath v0.3.0 @ Base.Pkg.Entry entry.jl:543
[ Info: Installing ReverseDiffSparse v0.8.1 @ Base.Pkg.Entry entry.jl:543
[ Info: Installing SHA v0.5.2 @ Base.Pkg.Entry entry.jl:543
[ Info: Installing SpecialFunctions v0.3.6 @ Base.Pkg.Entry entry.jl:543
[ Info: Installing StaticArrays v0.6.6 @ Base.Pkg.Entry entry.jl:543
[ Info: Installing URIParser v0.3.0 @ Base.Pkg.Entry entry.jl:543
[ Info: Building SpecialFunctions @ Main none:10
WARNING: importing deprecated binding Base.Void into __anon__.
WARNING: Base.Void is deprecated, use Nothing instead.
  likely near /home/vagrant/.julia/v0.7/SpecialFunctions/deps/build.jl:6
WARNING: Base.Void is deprecated, use Nothing instead.
  likely near /home/vagrant/.julia/v0.7/SpecialFunctions/deps/build.jl:6
WARNING: Base.Void is deprecated, use Nothing instead.
  likely near /home/vagrant/.julia/v0.7/SpecialFunctions/deps/build.jl:6
WARNING: Base.Void is deprecated, use Nothing instead.
  likely near /home/vagrant/.julia/v0.7/SpecialFunctions/deps/build.jl:6
WARNING: Base.Void is deprecated, use Nothing instead.
  likely near /home/vagrant/.julia/v0.7/SpecialFunctions/deps/build.jl:6
WARNING: Base.Void is deprecated, use Nothing instead.
  likely near /home/vagrant/.julia/v0.7/SpecialFunctions/deps/build.jl:6
WARNING: importing deprecated binding Base.Associative into BinDeps.
WARNING: Base.Associative is deprecated, use AbstractDict instead.
  likely near /home/vagrant/.julia/v0.7/SpecialFunctions/deps/binaries.jl:44
in @install at /home/vagrant/.julia/v0.7/BinDeps/src/dependencies.jl
┌ Warning: `unshift!` is deprecated, use `pushfirst!` instead.
│   caller = #_find_library#48(::Type, ::Function, ::BinDeps.LibraryDependency) at dependencies.jl:652
└ @ BinDeps dependencies.jl:652
┌ Warning: `unshift!` is deprecated, use `pushfirst!` instead.
│   caller = #_find_library#48(::DataType, ::Function, ::BinDeps.LibraryDependency) at dependencies.jl:652
└ @ BinDeps dependencies.jl:652
[ Info: Building Ipopt @ Main none:10
┌ Warning: `is_apple` is deprecated, use `Sys.isapple` instead.
│   caller = top-level scope
└ @ Core :0
┌ Warning: `is_windows` is deprecated, use `Sys.iswindows` instead.
│   caller = top-level scope
└ @ Core :0
WARNING: importing deprecated binding Base.Associative into BinDeps.
WARNING: Base.Associative is deprecated, use AbstractDict instead.
  likely near /home/vagrant/.julia/v0.7/Ipopt/deps/build.jl:89
in @install at /home/vagrant/.julia/v0.7/BinDeps/src/dependencies.jl
[ Info: Testing AmplNLWriter @ Base.Pkg.Entry entry.jl:723
ERROR: LoadError: syntax: cannot juxtapose string literal
Stacktrace:
 [1] include at ./boot.jl:295 [inlined]
 [2] include_relative(::Module, ::String) at ./loading.jl:521
 [3] include(::Module, ::String) at ./sysimg.jl:26
 [4] top-level scope
 [5] eval at ./boot.jl:298 [inlined]
 [6] top-level scope at ./<missing>:2
in expression starting at /home/vagrant/.julia/v0.7/AmplNLWriter/src/AmplNLWriter.jl:585
ERROR: LoadError: Failed to precompile AmplNLWriter to /home/vagrant/.julia/lib/v0.7/AmplNLWriter.ji.
Stacktrace:
 [1] error at ./error.jl:33 [inlined]
 [2] compilecache(::String) at ./loading.jl:648
 [3] compilecache at ./loading.jl:605 [inlined]
 [4] _require(::Symbol) at ./loading.jl:460
 [5] require(::Symbol) at ./loading.jl:333
 [6] include at ./boot.jl:295 [inlined]
 [7] include_relative(::Module, ::String) at ./loading.jl:521
 [8] include(::Module, ::String) at ./sysimg.jl:26
 [9] process_options(::Base.JLOptions) at ./client.jl:323
 [10] _start() at ./client.jl:374
in expression starting at /home/vagrant/.julia/v0.7/AmplNLWriter/test/runtests.jl:1
┌ Error: ------------------------------------------------------------
│ # Testing failed for AmplNLWriter
│   exception = ErrorException("failed process: Process(`/home/vagrant/julia/bin/julia -Cnative -J/home/vagrant/julia/lib/julia/sys.so --compile=yes --depwarn=yes --code-coverage=none --color=no --compiled-modules=yes --check-bounds=yes --warn-overwrite=yes --startup-file=yes /home/vagrant/.julia/v0.7/AmplNLWriter/test/runtests.jl`, ProcessExited(1)) [1]")
└ @ Base.Pkg.Entry entry.jl:739
[ Info: Removing BinDeps v0.8.2 @ Base.Pkg.Entry entry.jl:546
[ Info: Removing Calculus v0.2.2 @ Base.Pkg.Entry entry.jl:546
[ Info: Removing CommonSubexpressions v0.0.1 @ Base.Pkg.Entry entry.jl:546
[ Info: Removing DataStructures v0.7.3 @ Base.Pkg.Entry entry.jl:546
[ Info: Removing DiffResults v0.0.2 @ Base.Pkg.Entry entry.jl:546
[ Info: Removing DiffRules v0.0.2 @ Base.Pkg.Entry entry.jl:546
[ Info: Removing ForwardDiff v0.7.0 @ Base.Pkg.Entry entry.jl:546
[ Info: Removing Ipopt v0.2.6 @ Base.Pkg.Entry entry.jl:546
[ Info: Removing JuMP v0.18.0 @ Base.Pkg.Entry entry.jl:546
[ Info: Removing NaNMath v0.3.0 @ Base.Pkg.Entry entry.jl:546
[ Info: Removing ReverseDiffSparse v0.8.1 @ Base.Pkg.Entry entry.jl:546
[ Info: Removing SHA v0.5.2 @ Base.Pkg.Entry entry.jl:546
[ Info: Removing SpecialFunctions v0.3.6 @ Base.Pkg.Entry entry.jl:546
[ Info: Removing StaticArrays v0.6.6 @ Base.Pkg.Entry entry.jl:546
[ Info: Removing URIParser v0.3.0 @ Base.Pkg.Entry entry.jl:546
ERROR: AmplNLWriter had test errors

>>> End of log
