>>> 'Pkg.add("AppleAccelerate")' log
INFO: Installing AppleAccelerate v0.1.0
INFO: Package database updated

>>> 'using AppleAccelerate' log
Julia Version 0.4.0-dev+1936
Commit e07f423 (2014-12-04 03:24 UTC)
Platform Info:
  System: Linux (x86_64-unknown-linux-gnu)
  CPU: Intel(R) Xeon(R) CPU E5-2650 0 @ 2.00GHz
  WORD_SIZE: 64
  BLAS: libopenblas (USE64BITINT DYNAMIC_ARCH NO_AFFINITY Sandybridge)
  LAPACK: libopenblas
  LIBM: libopenlibm
  LLVM: libLLVM-3.3

>>> test log

ERROR: FactCheck not found
 in require at ./loading.jl:49
 in require_3B_4107 at /home/idunning/julia04/usr/bin/../lib/julia/sys.so
 in include at ./boot.jl:242
 in include_from_node1 at loading.jl:128
 in process_options at ./client.jl:300
 in _start at ./client.jl:382
 in _start_3B_4032 at /home/idunning/julia04/usr/bin/../lib/julia/sys.so
while loading /home/idunning/pkgtest/.julia/v0.4/AppleAccelerate/test/runtests.jl, in expression starting on line 2

INFO: Testing AppleAccelerate
===========================[ ERROR: AppleAccelerate ]===========================

failed process: Process(`/home/idunning/julia04/usr/bin/julia /home/idunning/pkgtest/.julia/v0.4/AppleAccelerate/test/runtests.jl`, ProcessExited(1)) [1]

================================================================================
INFO: No packages to install, update or remove
ERROR: AppleAccelerate had test errors
 in error at error.jl:21
 in test at pkg/entry.jl:720
 in anonymous at pkg/dir.jl:28
 in cd at ./file.jl:20
 in cd at pkg/dir.jl:28
 in test at pkg.jl:68
 in process_options at ./client.jl:222
 in _start at ./client.jl:382
 in _start_3B_4032 at /home/idunning/julia04/usr/bin/../lib/julia/sys.so

>>> end of log
