>>> 'Pkg.add("ApproxBayes")' log
INFO: Cloning cache of ApproxBayes from https://github.com/marcjwilliams1/ApproxBayes.jl.git
INFO: Cloning cache of CategoricalArrays from https://github.com/JuliaData/CategoricalArrays.jl.git
INFO: Cloning cache of CodecZlib from https://github.com/bicycle1885/CodecZlib.jl.git
INFO: Cloning cache of Contour from https://github.com/JuliaGeometry/Contour.jl.git
INFO: Cloning cache of DataFrames from https://github.com/JuliaData/DataFrames.jl.git
INFO: Cloning cache of DataStreams from https://github.com/JuliaData/DataStreams.jl.git
INFO: Cloning cache of Measures from https://github.com/JuliaGraphics/Measures.jl.git
INFO: Cloning cache of PlotThemes from https://github.com/JuliaPlots/PlotThemes.jl.git
INFO: Cloning cache of PlotUtils from https://github.com/JuliaPlots/PlotUtils.jl.git
INFO: Cloning cache of Plots from https://github.com/JuliaPlots/Plots.jl.git
INFO: Cloning cache of Showoff from https://github.com/JuliaGraphics/Showoff.jl.git
INFO: Cloning cache of TranscodingStreams from https://github.com/bicycle1885/TranscodingStreams.jl.git
INFO: Cloning cache of WeakRefStrings from https://github.com/JuliaData/WeakRefStrings.jl.git
INFO: Installing ApproxBayes v0.0.1
INFO: Installing BinDeps v0.8.7
INFO: Installing BinaryProvider v0.2.8
INFO: Installing Calculus v0.2.2
INFO: Installing CategoricalArrays v0.3.6
INFO: Installing CodecZlib v0.4.3
INFO: Installing ColorTypes v0.6.7
INFO: Installing Colors v0.8.2
INFO: Installing Contour v0.4.0
INFO: Installing DataFrames v0.11.5
INFO: Installing DataStreams v0.3.4
INFO: Installing DataStructures v0.7.4
INFO: Installing Distances v0.6.0
INFO: Installing Distributions v0.15.0
INFO: Installing FixedPointNumbers v0.4.6
INFO: Installing Measures v0.1.0
INFO: Installing Missings v0.2.8
INFO: Installing NaNMath v0.3.1
INFO: Installing NamedTuples v4.0.0
INFO: Installing PDMats v0.8.0
INFO: Installing PlotThemes v0.2.0
INFO: Installing PlotUtils v0.4.4
INFO: Installing Plots v0.16.0
INFO: Installing ProgressMeter v0.5.5
INFO: Installing QuadGK v0.2.1
INFO: Installing RecipesBase v0.2.3
INFO: Installing Reexport v0.1.0
INFO: Installing Requires v0.4.3
INFO: Installing Rmath v0.3.2
INFO: Installing SHA v0.5.6
INFO: Installing Showoff v0.1.1
INFO: Installing SortingAlgorithms v0.2.0
INFO: Installing SpecialFunctions v0.3.8
INFO: Installing StaticArrays v0.7.0
INFO: Installing StatsBase v0.20.1
INFO: Installing StatsFuns v0.5.0
INFO: Installing TranscodingStreams v0.5.2
INFO: Installing URIParser v0.3.1
INFO: Installing WeakRefStrings v0.4.3
INFO: Building SpecialFunctions
INFO: Building Rmath
INFO: Building CodecZlib
Info: Downloading https://github.com/bicycle1885/ZlibBuilder/releases/download/v1.0.0/Zlib.x86_64-linux-gnu.tar.gz to /home/vagrant/.julia/v0.6/CodecZlib/deps/usr/downloads/Zlib.x86_64-linux-gnu.tar.gz...
[01:57:41] [01:57:41] ######################################################################## 100.0%[01:57:41] ######################################################################## 100.0%[01:57:41] ##############                                                            20.4%[01:57:41] ######################################################################## 100.0%
INFO: Building Plots
INFO: Cannot find deps/plotly-latest.min.js... downloading latest version.
  % Total    % Received % Xferd  Average Speed   Time    Time     Time  Current
                                 Dload  Upload   Total   Spent    Left  Speed
  0     0    0     0    0     0      0      0 --:--:-- --:--:-- --:--:--     0  0     0    0     0    0     0      0      0 --:--:-- --:--:-- --:--:--     0  0     0    0     0    0     0      0      0 --:--:--  0:00:01 --:--:--     0  0     0    0     0    0     0      0      0 --:--:--  0:00:02 --:--:--     0  0     0    0     0    0     0      0      0 --:--:--  0:00:03 --:--:--     0100 2416k  100 2416k    0     0   647k      0  0:00:03  0:00:03 --:--:--  647k
INFO: Package database updated

>>> 'Pkg.test("ApproxBayes")' log
Julia Version 0.6.2
Commit d386e40c17 (2017-12-13 18:08 UTC)
Platform Info:
  OS: Linux (x86_64-pc-linux-gnu)
  CPU: Intel(R) Xeon(R) CPU E3-1241 v3 @ 3.50GHz
  WORD_SIZE: 64
           Ubuntu 14.04.5 LTS
  uname: Linux 3.13.0-143-generic #192-Ubuntu SMP Tue Feb 27 10:45:36 UTC 2018 x86_64 x86_64
Memory: 2.939197540283203 GB (633.3203125 MB free)
Uptime: 7050.0 sec
Load Avg:  0.6865234375  0.78271484375  0.55615234375
Intel(R) Xeon(R) CPU E3-1241 v3 @ 3.50GHz: 
       speed         user         nice          sys         idle          irq
#1  3515 MHz     300560 s        109 s      25333 s     312963 s          3 s
#2  3515 MHz      96805 s         41 s       9080 s     590006 s          0 s

  BLAS: libopenblas (USE64BITINT DYNAMIC_ARCH NO_AFFINITY Nehalem)
  LAPACK: libopenblas64_
  LIBM: libopenlibm
  LLVM: libLLVM-3.9.1 (ORCJIT, haswell)
Environment:
  TERM = vt100
  LD_LIBRARY_PATH = :/usr/local/lib/
  PATH = /usr/local/sbin:/usr/local/bin:/usr/sbin:/usr/bin:/sbin:/bin:/usr/games:/usr/local/games:/home/vagrant/julia/bin/
  JAVA_HOME = /usr/lib/jvm/java-8-openjdk-amd64
  HOME = /home/vagrant

Package Directory: /home/vagrant/.julia/v0.6
2 required packages:
 - ApproxBayes                   0.0.1
 - JSON                          0.17.2
40 additional packages:
 - BinDeps                       0.8.7
 - BinaryProvider                0.2.8
 - Calculus                      0.2.2
 - CategoricalArrays             0.3.6
 - CodecZlib                     0.4.3
 - ColorTypes                    0.6.7
 - Colors                        0.8.2
 - Compat                        0.63.0
 - Contour                       0.4.0
 - DataFrames                    0.11.5
 - DataStreams                   0.3.4
 - DataStructures                0.7.4
 - Distances                     0.6.0
 - Distributions                 0.15.0
 - FixedPointNumbers             0.4.6
 - Measures                      0.1.0
 - Missings                      0.2.8
 - NaNMath                       0.3.1
 - NamedTuples                   4.0.0
 - Nullables                     0.0.5
 - PDMats                        0.8.0
 - PlotThemes                    0.2.0
 - PlotUtils                     0.4.4
 - Plots                         0.16.0
 - ProgressMeter                 0.5.5
 - QuadGK                        0.2.1
 - RecipesBase                   0.2.3
 - Reexport                      0.1.0
 - Requires                      0.4.3
 - Rmath                         0.3.2
 - SHA                           0.5.6
 - Showoff                       0.1.1
 - SortingAlgorithms             0.2.0
 - SpecialFunctions              0.3.8
 - StaticArrays                  0.7.0
 - StatsBase                     0.20.1
 - StatsFuns                     0.5.0
 - TranscodingStreams            0.5.2
 - URIParser                     0.3.1
 - WeakRefStrings                0.4.3
INFO: Testing ApproxBayes
Running tests ...
* test_sampling.jl ...
  0.767744 seconds (13.00 M allocations: 335.829 MiB, 22.79% gc time)
  1.246394 seconds (13.00 M allocations: 381.991 MiB, 6.32% gc time)
* test_parameter.jl ...
Test parameters of normal distribution are inferred correctly (mean within 5% of true value)
	 Check ABC rejection algorithm correctly infers parameters
	 Check no errors arising from plotting
WARNING: _show is not defined for this backend. m=application/pdf
	 Check no errors arising from printing results

#########################################
Number of simulations: 1.07e+05
Acceptance ratio: 9.32e-04

Median (95% intervals):
Parameter 1: 1.99 (1.92,2.07)
Parameter 2: 0.42 (0.30,0.54)
#########################################

	 Check output is written to file
	 Check ABC SMC algorithm correctly infers parameters
	 Check no errors arising from plotting
WARNING: _show is not defined for this backend. m=application/pdf
	 Check no errors arising from printing results

#########################################
Total number of simulations: 3.39e+03
Cumulative number of simulations = [100, 398, 724, 1083, 1501, 1904, 2332, 2860, 3386]
Acceptance ratio: 2.95e-02
Tolerance schedule = [1.0, 0.71, 0.45, 0.3, 0.22, 0.14, 0.09, 0.06, 0.05]

Median (95% intervals):
Parameter 1: 1.99 (1.94,2.04)
Parameter 2: 0.40 (0.34,0.47)
#########################################

	 Check output is written to file
	 Check ABC SMC is more efficient than ABC rejection
WARNING: Only accepted 2 particles with ϵ < 0.1. 
	Decrease ϵ or increase maxiterations if you require this. 
	 Resorting to taking the 100 particles with smallest distance
* test_bayesfactor.jl ...
Test Bayes factors are calculated correctly (within 5% of true value)
	 Checking ABC rejection model selection
121.841789 seconds (53.68 M allocations: 18.726 GiB, 2.87% gc time)
	 Checking ABC SMC model selection
  6.263882 seconds (11.56 M allocations: 2.462 GiB, 8.15% gc time)
	 Check no errors arising from plotting
WARNING: _show is not defined for this backend. m=application/pdf
WARNING: _show is not defined for this backend. m=application/pdf
WARNING: _show is not defined for this backend. m=application/pdf
WARNING: _show is not defined for this backend. m=application/pdf
* test_util.jl ...
* test_cancer.jl ...
Test Bayes factors are calculated correctly (within 5% of true value)
	 Checking ABC SMC model selection with algorithm that returns true or false for each simulations
 10.019971 seconds (18.89 M allocations: 4.624 GiB, 10.38% gc time)
Test parameters of normal distribution are inferred correctly (mean within 5% of true value)
	 Check ABC SMC with true/false returned from simulations correctly infers parameters
227.634936 seconds (170.38 M allocations: 59.330 GiB, 4.49% gc time)
INFO: ApproxBayes tests passed

>>> End of log
