>>> 'Pkg.add("Arrowhead")' log
INFO: Cloning cache of Arrowhead from https://github.com/ivanslapnicar/Arrowhead.jl.git
INFO: Cloning cache of DoubleDouble from https://github.com/simonbyrne/DoubleDouble.jl.git
INFO: Installing Arrowhead v0.0.1
INFO: Installing DoubleDouble v0.2.0
INFO: Package database updated

>>> 'Pkg.test("Arrowhead")' log
Julia Version 0.5.0
Commit 3c9d753 (2016-09-19 18:14 UTC)
Platform Info:
  System: Linux (x86_64-pc-linux-gnu)
  CPU: Intel(R) Xeon(R) CPU E3-1241 v3 @ 3.50GHz
  WORD_SIZE: 64
           Ubuntu 14.04.5 LTS
  uname: Linux 3.13.0-100-generic #147-Ubuntu SMP Tue Oct 18 16:48:51 UTC 2016 x86_64 x86_64
Memory: 2.939289093017578 GB (740.79296875 MB free)
Uptime: 4130.0 sec
Load Avg:  1.01806640625  1.02197265625  0.99755859375
Intel(R) Xeon(R) CPU E3-1241 v3 @ 3.50GHz: 
       speed         user         nice          sys         idle          irq
#1  3500 MHz     207426 s         83 s      24627 s     134092 s          4 s
#2  3500 MHz      83529 s         73 s      23167 s     294501 s          0 s

  BLAS: libopenblas (USE64BITINT DYNAMIC_ARCH NO_AFFINITY Nehalem)
  LAPACK: libopenblas64_
  LIBM: libopenlibm
  LLVM: libLLVM-3.7.1 (ORCJIT, haswell)
Environment:
  TERM = vt100
  LD_LIBRARY_PATH = :/usr/local/lib/
  PATH = /usr/local/sbin:/usr/local/bin:/usr/sbin:/usr/bin:/sbin:/bin:/usr/games:/usr/local/games:/home/vagrant/julia/bin/
  JAVA_HOME = /usr/lib/jvm/java-7-oracle
  HOME = /home/vagrant

Package Directory: /home/vagrant/.julia/v0.5
2 required packages:
 - Arrowhead                     0.0.1
 - JSON                          0.8.0
2 additional packages:
 - Compat                        0.9.3
 - DoubleDouble                  0.2.0
INFO: Testing Arrowhead
There are four tests for arrowhead matrices, a random matrix test and three
tests from the arrowhead paper [1] (see README for details)

tols = [100.0,100.0,100.0,100.0,100.0] = [100.0,100.0,100.0,100.0,100.0]

1st test - Random SymArrow matrix

A = Arrowhead.GenSymArrow(10,10) = [0.110362 0.0 0.0 0.0 0.0 0.0 0.0 0.0 0.0 0.238475; 0.0 0.0779085 0.0 0.0 0.0 0.0 0.0 0.0 0.0 0.0844837; 0.0 0.0 0.0415977 0.0 0.0 0.0 0.0 0.0 0.0 0.470813; 0.0 0.0 0.0 0.000802517 0.0 0.0 0.0 0.0 0.0 0.208148; 0.0 0.0 0.0 0.0 0.951596 0.0 0.0 0.0 0.0 0.680521; 0.0 0.0 0.0 0.0 0.0 0.0263134 0.0 0.0 0.0 0.965494; 0.0 0.0 0.0 0.0 0.0 0.0 0.163764 0.0 0.0 0.358765; 0.0 0.0 0.0 0.0 0.0 0.0 0.0 0.136271 0.0 0.719393; 0.0 0.0 0.0 0.0 0.0 0.0 0.0 0.0 0.498557 0.283518; 0.238475 0.0844837 0.470813 0.208148 0.680521 0.965494 0.358765 0.719393 0.283518 0.764254]
(U,Lambda) = eig(full(A)) = ([-1.11841,0.00169467,0.0384601,0.0773592,0.0954687,0.114825,0.159765,0.47874,0.791981,2.13155],
[-0.122764 0.00926102 -0.0194946 -0.0462424 -0.534854 0.823994 -0.0506549 -0.0436619 -0.0716694 0.0876454; -0.0446708 0.00467794 -0.012588 -0.984333 0.160706 0.0352901 -0.0108305 -0.0142156 -0.0242361 0.0305592; -0.256735 0.0497918 -0.881991 0.084252 0.291931 0.099146 -0.0418101 -0.0726404 -0.128528 0.167342; -0.117641 -0.984578 0.0324887 0.0173995 0.0734454 0.0281503 -0.0137407 -0.0293734 -0.0538928 0.0725661; -0.207955 0.00302328 -0.00438045 -0.00498152 -0.0265516 -0.0125411 0.0090186 0.0970657 0.87338 0.42842; -0.533515 0.1655 0.467203 0.121043 0.466349 0.168209 -0.07592 -0.143931 -0.258311 0.340676; -0.176995 0.00934167 -0.016829 -0.0265717 -0.175471 -0.113046 0.941327 -0.0768222 -0.116986 0.135433; -0.362686 0.0225586 -0.0432305 -0.0781469 -0.588933 -0.51727 -0.321326 -0.141677 -0.224743 0.267828; -0.110912 0.00240802 -0.00362197 -0.00430769 -0.0234946 -0.0113934 0.00878169 0.964931 -0.197933 0.12897; 0.632556 -0.00422003 0.00587777 0.00639954 0.0334031 0.0154206 -0.0104937 -0.0674455 -0.204849 0.742835])
Remedy 3 
ERROR: LoadError: MethodError: Cannot `convert` an object of type Array{Float64,1} to an object of type Float64
This may have arisen from a call to the constructor Float64(...),
since type constructors fall back to convert methods.
 in macro expansion at ./multidimensional.jl:350 [inlined]
 in macro expansion at ./cartesian.jl:64 [inlined]
 in macro expansion at ./multidimensional.jl:348 [inlined]
 in _unsafe_getindex! at ./multidimensional.jl:340 [inlined]
 in macro expansion at ./multidimensional.jl:298 [inlined]
 in _unsafe_getindex(::Base.LinearFast, ::Array{Float64,2}, ::Array{Any,1}, ::Array{Int64,1}) at ./multidimensional.jl:291
 in aheigall(::Arrowhead.SymArrow{Float64}, ::Array{Float64,1}) at /home/vagrant/.julia/v0.5/Arrowhead/src/arrowhead3.jl:540
 in include_from_node1(::String) at ./loading.jl:488
 in process_options(::Base.JLOptions) at ./client.jl:262
 in _start() at ./client.jl:318
while loading /home/vagrant/.julia/v0.5/Arrowhead/test/runtests.jl, in expression starting on line 218
==============================[ ERROR: Arrowhead ]==============================

failed process: Process(`/home/vagrant/julia/bin/julia -Cx86-64 -J/home/vagrant/julia/lib/julia/sys.so --compile=yes --depwarn=yes --check-bounds=yes --code-coverage=none --color=no --compilecache=yes /home/vagrant/.julia/v0.5/Arrowhead/test/runtests.jl`, ProcessExited(1)) [1]

================================================================================
ERROR: Arrowhead had test errors
 in #test#61(::Bool, ::Function, ::Array{AbstractString,1}) at ./pkg/entry.jl:740
 in (::Base.Pkg.Entry.#kw##test)(::Array{Any,1}, ::Base.Pkg.Entry.#test, ::Array{AbstractString,1}) at ./<missing>:0
 in (::Base.Pkg.Dir.##2#3{Array{Any,1},Base.Pkg.Entry.#test,Tuple{Array{AbstractString,1}}})() at ./pkg/dir.jl:31
 in cd(::Base.Pkg.Dir.##2#3{Array{Any,1},Base.Pkg.Entry.#test,Tuple{Array{AbstractString,1}}}, ::String) at ./file.jl:59
 in #cd#1(::Array{Any,1}, ::Function, ::Function, ::Array{AbstractString,1}, ::Vararg{Array{AbstractString,1},N}) at ./pkg/dir.jl:31
 in (::Base.Pkg.Dir.#kw##cd)(::Array{Any,1}, ::Base.Pkg.Dir.#cd, ::Function, ::Array{AbstractString,1}, ::Vararg{Array{AbstractString,1},N}) at ./<missing>:0
 in #test#3(::Bool, ::Function, ::String, ::Vararg{String,N}) at ./pkg/pkg.jl:258
 in test(::String, ::Vararg{String,N}) at ./pkg/pkg.jl:258
 in eval(::Module, ::Any) at ./boot.jl:234
 in process_options(::Base.JLOptions) at ./client.jl:239
 in _start() at ./client.jl:318

>>> End of log
