>>> 'Pkg.add("Arrowhead")' log
INFO: Cloning cache of Arrowhead from git://github.com/ivanslapnicar/Arrowhead.jl.git
INFO: Cloning cache of DoubleDouble from git://github.com/simonbyrne/DoubleDouble.jl.git
INFO: Installing Arrowhead v0.0.1
INFO: Installing DoubleDouble v0.2.0
INFO: Package database updated

>>> 'Pkg.test("Arrowhead")' log
Julia Version 0.4.7
Commit ae26b25 (2016-09-18 16:17 UTC)
Platform Info:
  System: Linux (x86_64-pc-linux-gnu)
  CPU: Intel(R) Xeon(R) CPU E3-1241 v3 @ 3.50GHz
  WORD_SIZE: 64
           Ubuntu 14.04.5 LTS
  uname: Linux 3.13.0-101-generic #148-Ubuntu SMP Thu Oct 20 22:08:32 UTC 2016 x86_64 x86_64
Memory: 2.939281463623047 GB (770.7421875 MB free)
Uptime: 4701.0 sec
Load Avg:  0.97265625  1.02197265625  0.9814453125
Intel(R) Xeon(R) CPU E3-1241 v3 @ 3.50GHz: 
       speed         user         nice          sys         idle          irq
#1  3499 MHz     193771 s         44 s      23398 s     206794 s         15 s
#2  3499 MHz     120221 s        103 s      22586 s     309344 s          0 s

  BLAS: libopenblas (USE64BITINT DYNAMIC_ARCH NO_AFFINITY Nehalem)
  LAPACK: libopenblas64_
  LIBM: libopenlibm
  LLVM: libLLVM-3.3
Environment:
  TERM = vt100
  LD_LIBRARY_PATH = :/usr/local/lib/
  PATH = /usr/local/sbin:/usr/local/bin:/usr/sbin:/usr/bin:/sbin:/bin:/usr/games:/usr/local/games:/home/vagrant/julia/bin/
  JAVA_HOME = /usr/lib/jvm/java-7-oracle
  HOME = /home/vagrant

Package Directory: /home/vagrant/.julia/v0.4
2 required packages:
 - Arrowhead                     0.0.1
 - JSON                          0.8.0
2 additional packages:
 - Compat                        0.9.4
 - DoubleDouble                  0.2.0
INFO: Testing Arrowhead
There are four tests for arrowhead matrices, a random matrix test and three
tests from the arrowhead paper [1] (see README for details)

tols = [100.0,100.0,100.0,100.0,100.0] = [100.0,100.0,100.0,100.0,100.0]

1st test - Random SymArrow matrix

A = Arrowhead.GenSymArrow(10,10) = [0.2548834937788289 0.0 0.0 0.0 0.0 0.0 0.0 0.0 0.0 0.7482517483973552
 0.0 0.04769350966236763 0.0 0.0 0.0 0.0 0.0 0.0 0.0 0.1548430602424098
 0.0 0.0 0.41418319142532245 0.0 0.0 0.0 0.0 0.0 0.0 0.6542580537142964
 0.0 0.0 0.0 0.22142694706252009 0.0 0.0 0.0 0.0 0.0 0.7567905691331884
 0.0 0.0 0.0 0.0 0.02688735022035993 0.0 0.0 0.0 0.0 0.5359257423620576
 0.0 0.0 0.0 0.0 0.0 0.26156506176306316 0.0 0.0 0.0 0.09738965018163137
 0.0 0.0 0.0 0.0 0.0 0.0 0.7300025913865078 0.0 0.0 0.8543573762394898
 0.0 0.0 0.0 0.0 0.0 0.0 0.0 0.49679334635139205 0.0 0.5475250020178697
 0.0 0.0 0.0 0.0 0.0 0.0 0.0 0.0 0.9606243446413816 0.13657999701456047
 0.7482517483973552 0.1548430602424098 0.6542580537142964 0.7567905691331884 0.5359257423620576 0.09738965018163137 0.8543573762394898 0.5475250020178697 0.13657999701456047 0.18948839911421578]
(U,Lambda) = eig(full(A)) = ([-1.4362626208714864,0.04452897146596624,0.06311021319928423,0.2373511286107839,0.26146519511764277,0.3526121054975919,0.4682631171304876,0.6288459797083368,0.9574105828656505,2.0262235626817104],
[-0.3195992833398188 -0.06140786413923498 0.20399681727407518 -0.6644568594494998 0.11577048940725601 0.5053779718147058 0.14953603686531772 0.19309716490134116 -0.024920370211313603 -0.28616339022340886
 -0.07537197098587231 -0.8447136437499808 -0.5251265469070518 0.012711037750266971 0.0007376152119371693 0.03351954633253433 0.015700190828774187 0.025713302149683703 -0.003982494870049674 -0.053017271503671554
 -0.2553947080319559 -0.030554945539144274 0.09743509722671552 -0.05760333403035764 -0.00436261773081093 -0.7013948316649252 0.5158982579462967 0.29413621966151493 -0.028179756850728932 -0.27494222459398315
 -0.32977041868561796 -0.07385517874031053 0.24992669072822837 0.7399087235269843 0.019248147836483997 0.3807862909777605 0.1307428604611705 0.17926297242219355 -0.024058989235469508 -0.28406368871342513
 -0.2645787521293188 0.5244380929211444 -0.7735450192762461 0.03964485299907865 0.0023265153714812498 0.10860358188147567 0.05177823035891124 0.0859199802799826 -0.01347557240976821 -0.1815879663553541
 -0.04143414525089416 -0.007746561150706807 0.02565752974030668 -0.06261912911231408 -0.9930717875849788 0.07060529212295615 0.020092199670802464 0.025590020623621677 -0.003274686988984761 -0.0373869822733649
 -0.2848833951599714 -0.021516762814180378 0.06698037402480209 -0.02699972577530253 -0.0018568790384865896 -0.14943038774301248 -0.1391942892986238 -0.815082360813361 -0.08790299561686332 -0.44650755187571245
 -0.2045967430244604 -0.020899682139393208 0.06600778698356828 -0.03285661840430245 -0.0023692908249512055 -0.25066026469372094 -0.8183701211718307 0.4001410288431684 -0.02781208798348167 -0.2425172126901839
 -0.041160319180154614 -0.0025737983269507082 0.007956270730055752 -0.002939979300219742 -0.00019892957446001534 -0.014827402420055013 -0.01182917136837466 -0.03972786547049023 0.9943590768858452 -0.08682833727573269
 0.72233588150353 0.017263470422795885 -0.0522833911985196 0.015568958339534067 0.001018329441607012 0.06600704600354167 0.04264332598241656 0.09650641774925432 -0.023397519860151563 -0.6774360105960389])
Remedy 3 
Remedy 3 
WARNING: [a,b,...] concatenation is deprecated; use [a;b;...] instead
 in depwarn at deprecated.jl:73
 in oldstyle_vcat_warning at ./abstractarray.jl:29
 in vect at abstractarray.jl:38
 in aheigall at /home/vagrant/.julia/v0.4/Arrowhead/src/arrowhead3.jl:540
 in include at ./boot.jl:261
 in include_from_node1 at ./loading.jl:333
 in process_options at ./client.jl:280
 in _start at ./client.jl:378
while loading /home/vagrant/.julia/v0.4/Arrowhead/test/runtests.jl, in expression starting on line 127
(Ua,Lambdaa,Sind,Kb,Kz,Knu,Krho,Qout) = aheigall(A,tols) = (
[-0.2861633902234089 -0.024920370211314033 -0.19309716490133938 -0.14953603686531922 -0.5053779718147043 -0.11577048940725627 0.6644568594495012 0.20399681727407523 0.06140786413923478 0.31959928333981896
 -0.053017271503671574 -0.00398249487004943 -0.025713302149683533 -0.015700190828773986 -0.03351954633253391 -0.0007376152119376355 -0.012711037750272141 -0.5251265469070268 0.8447136437499951 0.07537197098587234
 -0.27494222459398315 -0.028179756850729466 -0.29413621966151493 -0.5158982579463 0.7013948316649232 0.0043626177308102865 0.05760333403035396 0.09743509722671607 0.030554945539141048 0.25539470803195613
 -0.2840636887134252 -0.024058989235469633 -0.17926297242219227 -0.13074286046116684 -0.38078629097776356 -0.01924814783648291 -0.7399087235269834 0.24992669072823284 0.07385517874029869 0.3297704186856181
 -0.18158796635535412 -0.013475572409767786 -0.08591998027998178 -0.05177823035891155 -0.10860358188147655 -0.0023265153714806105 -0.039644852999077385 -0.7735450192762614 -0.5244380929211233 0.264578752129319
 -0.037386982273364906 -0.0032746869889847432 -0.025590020623621652 -0.020092199670802207 -0.07060529212295472 0.9930717875849788 0.0626191291123144 0.025657529740306745 0.007746561150707252 0.04143414525089418
 -0.4465075518757124 -0.08790299561686275 0.8150823608133602 0.13919428929862612 0.1494303877430146 0.0018568790384865133 0.02699972577530242 0.06698037402480261 0.021516762814178608 0.28488339515997163
 -0.24251721269018392 -0.027812087983481663 -0.4001410288431718 0.818370121171828 0.25066026469372205 0.0023692908249504734 0.03285661840430371 0.06600778698356802 0.02089968213939141 0.20459674302446054
 -0.08682833727573273 0.9943590768858453 0.039727865470489544 0.011829171368374107 0.014827402420055046 0.00019892957445991126 0.002939979300219807 0.007956270730056628 0.002573798326950766 0.041160319180154614
 -0.6774360105960389 -0.023397519860151726 -0.09650641774925392 -0.04264332598241664 -0.066007046003542 -0.0010183294416069102 -0.015568958339533997 -0.05228339119852003 -0.017263470422794504 -0.7223358815035298],

[2.0262235626817104,0.9574105828656498,0.6288459797083359,0.4682631171304879,0.3526121054975915,0.26146519511764277,0.23735112861078256,0.06311021319928338,0.04452897146596438,-1.436262620871489],[1,1,2,3,4,5,7,8,8,9],[1.2687293969225473,1.2687293969225473,1.2595725612172175,2.022265486418025,11.723577435944872,1.1224839895773508,1.1601723467183562,4.603980477052728,4.603980477052728,1.0352286121192606],[6.255362387717791,6.255362387717791,1.0,1.5603988367486568,1.305841588634954,8.77256848798734,1.1289218062244781,5.517569692190124,5.517569692190124,1.594171185869829],[406.2470692142907,1.2252085778975563,1.8796940096670116,1.7218559007964536,2.203802676772814,1.1333351535502352,1.332385365465248,7.141762306713242,1.4659670632641915,102.29764793752867],[2.722900431177442,0.0,0.0,0.0,0.0,0.0,0.0,0.0,0.0,1.9234007003704108],[0,0,0,0,0,0,0,0,0,0])
Residual = full(A) * Ua - Ua * diagm(Lambdaa) = [1.1102230246251565e-16 0.0 2.7755575615628914e-17 0.0 2.7755575615628914e-17 0.0 0.0 5.204170427930421e-18 -4.336808689942018e-19 0.0
 0.0 -4.336808689942018e-19 0.0 0.0 -1.734723475976807e-18 2.710505431213761e-20 0.0 0.0 0.0 -1.3877787807814457e-17
 -1.1102230246251565e-16 0.0 2.7755575615628914e-17 0.0 -2.7755575615628914e-17 0.0 -1.734723475976807e-18 2.6020852139652106e-18 -2.3852447794681098e-18 0.0
 1.1102230246251565e-16 0.0 2.7755575615628914e-17 -6.938893903907228e-18 0.0 0.0 0.0 -6.938893903907228e-18 -1.734723475976807e-18 -1.1102230246251565e-16
 5.551115123125783e-17 0.0 0.0 0.0 -6.938893903907228e-18 1.0842021724855044e-19 0.0 0.0 3.469446951953614e-18 5.551115123125783e-17
 1.3877787807814457e-17 0.0 0.0 0.0 0.0 0.0 0.0 4.336808689942018e-19 -2.168404344971009e-19 6.938893903907228e-18
 0.0 1.3877787807814457e-17 0.0 0.0 0.0 -5.421010862427522e-20 2.6020852139652106e-18 -8.673617379884035e-19 1.5178830414797062e-18 -5.551115123125783e-17
 5.551115123125783e-17 0.0 5.551115123125783e-17 0.0 -1.3877787807814457e-17 0.0 8.673617379884035e-19 2.6020852139652106e-18 -4.336808689942018e-19 -5.551115123125783e-17
 0.0 1.1102230246251565e-16 0.0 0.0 -1.734723475976807e-18 6.776263578034403e-21 1.0842021724855044e-19 -2.168404344971009e-19 1.7618285302889447e-19 -6.938893903907228e-18
 0.0 -2.0816681711721685e-17 -1.457167719820518e-16 -2.220446049250313e-16 -2.6020852139652106e-16 -3.333921680392926e-17 -2.888314587501384e-16 -1.8691645453650096e-16 9.432558900623889e-18 6.661338147750939e-16]
normR = norm(Residual) = 8.47101793441618e-16

2nd test - Example 1, p. 15 from [1]

A = SymArrow([0.002,1.0e-7,0.0,-1.0e-7,-0.002],[1.0e7,1.0e7,1.0,1.0e7,1.0e7],1.0e20,6) = [0.002 0.0 0.0 0.0 0.0 1.0e7
 0.0 1.0e-7 0.0 0.0 0.0 1.0e7
 0.0 0.0 0.0 0.0 0.0 1.0
 0.0 0.0 0.0 -1.0e-7 0.0 1.0e7
 0.0 0.0 0.0 0.0 -0.002 1.0e7
 1.0e7 1.0e7 1.0 1.0e7 1.0e7 1.0e20]
Remedy 3 
Remedy 3 
(Ua,Lambdaa,Sind,Kb,Kz,Knu,Krho,Qout) = aheigall(A,tols) = (
[-1.0e-13 0.9999997191874166 3.522369419256226e-5 4.999999999985e-11 0.0007055205858867064 0.00025025003874233365
 -1.0e-13 -0.0004996498551015835 0.7414525325484448 9.999999999969e-7 0.6710049492936274 0.0005003498536470846
 -1.0e-20 -4.9962486012695046e-11 -1.4124578560871953e-6 0.9999999999989999 7.044717712985825e-8 5.00374858621639e-11
 -1.0e-13 -0.0004995998676529386 -0.6710053200192212 -9.999999999971001e-7 0.7414521970463429 0.0005003998660955646
 -1.0e-13 -0.00024975003938170875 -3.5223518512638206e-5 -4.999999999985e-11 -0.0007069365639829943 0.9999997183124184
 -1.0 -9.987507194252807e-14 -7.044721270476236e-15 -9.999999999969999e-21 -1.412455730361881e-13 -1.0012507180709033e-13],

[1.0e20,0.001999001249000113,4.987562099722814e-9,-9.99999999998e-21,-2.0049855621017174e-6,-0.002001001251000111],[1,1,3,3,4,5],[1.0,1.0,21.000999999999998,21.000999999999998,1.5002500187537378,1.0025031289161515],[1.0,1.0,1.0e7,1.0e7,1.0,1.0],[1.0025000000550999e26,1.001247877441878,4.9875720753457715e11,1.000002000098,19.04985752600274,1.001251000161039],[1.0,0.0,41.94857979420133,0.0,0.0,0.0],[0,0,0,0,0,0])
Lambda = [1.0e20,0.001999001249000113,4.987562099722814e-9,-9.99999999998e-21,-2.0049855621017174e-6,-0.002001001251000111] = [1.0e20,0.001999001249000113,4.987562099722814e-9,-9.99999999998e-21,-2.0049855621017174e-6,-0.002001001251000111]
v4 = [4.999999999985e-11,9.999999999969e-7,0.9999999999989999,-9.999999999971e-7,-4.999999999985e-11,-9.99999999997e-21] = [4.999999999985e-11,9.999999999969e-7,0.9999999999989999,-9.999999999971e-7,-4.999999999985e-11,-9.99999999997e-21]

3rd test - Example 2, p. 16 from [1]

A = SymArrow([1 + 4 * eps(),1 + 3 * eps(),1 + 2 * eps(),1 + eps()],[1.0,2.0,3.0,4.0],0.0,5) = [1.0000000000000009 0.0 0.0 0.0 1.0
 0.0 1.0000000000000007 0.0 0.0 2.0
 0.0 0.0 1.0000000000000004 0.0 3.0
 0.0 0.0 0.0 1.0000000000000002 4.0
 1.0 2.0 3.0 4.0 0.0]
Remedy 3 
Remedy 3 
(Ua,Lambdaa,Sind,Kb,Kz,Knu,Krho,Qout) = aheigall(A,tols) = (
[-0.1348399724926484 0.9792699651769471 0.07758019882294899 0.040967239589694546 0.12309149097933271
 -0.2696799449852968 -0.14594983302278453 0.9085893014435115 0.14082185274196513 0.24618298195866548
 -0.40451991747794513 -0.10553032983416909 -0.35346272415942637 0.7509510317689753 0.3692744729379982
 -0.5393598899705936 -0.09269482740721773 -0.20859265730792328 -0.6438660100951379 0.49236596391733095
 -0.6741998624632421 -1.5079934145380345e-17 -2.077382436267882e-17 -2.1753282323928372e-17 -0.7385489458759964],

[6.000000000000002,1.0000000000000009,1.0000000000000007,1.0000000000000004,-5.0],[1,1,2,3,4],[1.0,1.0,1.125,1.7826086956521738,1.0],[4.0,4.0,2.0,1.3333333333333333,1.0],[3.36268772176997e17,1.2945640936360037,1.4415730244044909,1.34807294161284,3.2275797329488564e16],[1.5000000000000002,0.0,0.0,0.0,1.142857142857143],[0,0,0,0,0])
Lambda = [6.000000000000001,1 + 4 * eps(),1 + 3 * eps(),1 + 2 * eps(),-4.999999999999999] = [6.000000000000001,1.0000000000000009,1.0000000000000007,1.0000000000000004,-4.999999999999999]

4th test - Example 3, p. 17 from [1]

A = SymArrow([1.0e10 + 1.0 / 3.0,4.0,3.0,2.0,1.0],[1.0e10 - 1.0 / 3.0,1.0,1.0,1.0,1.0],1.0e10,6) = [1.0000000000333334e10 0.0 0.0 0.0 0.0 9.999999999666666e9
 0.0 4.0 0.0 0.0 0.0 1.0
 0.0 0.0 3.0 0.0 0.0 1.0
 0.0 0.0 0.0 2.0 0.0 1.0
 0.0 0.0 0.0 0.0 1.0 1.0
 9.999999999666666e9 1.0 1.0 1.0 1.0 1.0e10]
WARNING: [a,b] concatenation is deprecated; use [a;b] instead
 in depwarn at deprecated.jl:73
 in oldstyle_vcat_warning at ./abstractarray.jl:29
 in inv at /home/vagrant/.julia/v0.4/Arrowhead/src/arrowhead3.jl:70
 in aheig at /home/vagrant/.julia/v0.4/Arrowhead/src/arrowhead3.jl:337
 in aheigall at /home/vagrant/.julia/v0.4/Arrowhead/src/arrowhead3.jl:528
 in include at ./boot.jl:261
 in include_from_node1 at ./loading.jl:333
 in process_options at ./client.jl:280
 in _start at ./client.jl:378
while loading /home/vagrant/.julia/v0.4/Arrowhead/test/runtests.jl, in expression starting on line 127
WARNING: [a,b] concatenation is deprecated; use [a;b] instead
 in depwarn at deprecated.jl:73
 in oldstyle_vcat_warning at ./abstractarray.jl:29
 in inv at /home/vagrant/.julia/v0.4/Arrowhead/src/arrowhead3.jl:70
 in aheig at /home/vagrant/.julia/v0.4/Arrowhead/src/arrowhead3.jl:337
 in aheigall at /home/vagrant/.julia/v0.4/Arrowhead/src/arrowhead3.jl:528
 in include at ./boot.jl:261
 in include_from_node1 at ./loading.jl:333
 in process_options at ./client.jl:280
 in _start at ./client.jl:378
while loading /home/vagrant/.julia/v0.4/Arrowhead/test/runtests.jl, in expression starting on line 127
WARNING: [a,b] concatenation is deprecated; use [a;b] instead
 in depwarn at deprecated.jl:73
 in oldstyle_vcat_warning at ./abstractarray.jl:29
 in inv at /home/vagrant/.julia/v0.4/Arrowhead/src/arrowhead3.jl:70
 in aheig at /home/vagrant/.julia/v0.4/Arrowhead/src/arrowhead3.jl:337
 in aheigall at /home/vagrant/.julia/v0.4/Arrowhead/src/arrowhead3.jl:528
 in include at ./boot.jl:261
 in include_from_node1 at ./loading.jl:333
 in process_options at ./client.jl:280
 in _start at ./client.jl:378
while loading /home/vagrant/.julia/v0.4/Arrowhead/test/runtests.jl, in expression starting on line 127
WARNING: [a,b] concatenation is deprecated; use [a;b] instead
 in depwarn at deprecated.jl:73
 in oldstyle_vcat_warning at ./abstractarray.jl:29
 in inv at /home/vagrant/.julia/v0.4/Arrowhead/src/arrowhead3.jl:70
 in aheig at /home/vagrant/.julia/v0.4/Arrowhead/src/arrowhead3.jl:337
 in aheigall at /home/vagrant/.julia/v0.4/Arrowhead/src/arrowhead3.jl:528
 in include at ./boot.jl:261
 in include_from_node1 at ./loading.jl:333
 in process_options at ./client.jl:280
 in _start at ./client.jl:378
while loading /home/vagrant/.julia/v0.4/Arrowhead/test/runtests.jl, in expression starting on line 127
WARNING: [a,b] concatenation is deprecated; use [a;b] instead
 in depwarn at deprecated.jl:73
 in oldstyle_vcat_warning at ./abstractarray.jl:29
 in inv at /home/vagrant/.julia/v0.4/Arrowhead/src/arrowhead3.jl:70
 in aheig at /home/vagrant/.julia/v0.4/Arrowhead/src/arrowhead3.jl:337
 in aheigall at /home/vagrant/.julia/v0.4/Arrowhead/src/arrowhead3.jl:528
 in include at ./boot.jl:261
 in include_from_node1 at ./loading.jl:333
 in process_options at ./client.jl:280
 in _start at ./client.jl:378
while loading /home/vagrant/.julia/v0.4/Arrowhead/test/runtests.jl, in expression starting on line 127
(Ua,Lambdaa,Sind,Kb,Kz,Knu,Krho,Qout) = aheigall(A,tols) = (
[-0.7071067811924401 0.16714983306531409 0.17505507153077962 0.20118561538236143 0.2301177621381396 0.589904076050516
 -3.5355339066398446e-11 -0.9566588825248911 0.21566969393117574 0.11323247093845831 0.08404134357912596 0.13566807177978998
 -3.5355339064630683e-11 -0.14228878122088032 -0.9295685006102907 0.25901000465212415 0.13239238819618404 0.17618847422470627
 -3.5355339062862914e-11 -0.0768603041968887 -0.14731324266162008 -0.9011610463656445 0.31174953719165677 0.25122160884216316
 -3.5355339061095145e-11 -0.052650218382667285 -0.07999523865487083 -0.16446789920071386 -0.8788134985770796 0.4375681217228066
 -0.7071067811806548 -0.16714983300667702 -0.17505507148663685 -0.2011856153510452 -0.23011776212444338 -0.5899040761103801],

[1.999999999983333e10,4.174722501468362,3.1883186353364037,2.2232515665900348,1.2618505092343664,-0.3481422590562395],[1,2,3,4,5,5],[1.0000000023999953,3.870969647461591e9,4.444446328579695e9,5.714288828754567e9,7.058826697621988e9,7.058826697621988e9],[1.0,9.999999999666666e9,9.999999999666666e9,9.999999999666666e9,9.999999999666666e9,9.999999999666666e9],[1.0000000004166665,1.5725021802109125,1.6948673589848113,1.786012106971165,1.7456695621338694,8.987612489057552],[0.0,0.0,0.0,0.0,0.0,0.0],[0,1,1,1,1,1])
Lambda = [1.999999999983333e10,4.174722501468362,3.188318635336404,2.223251566590035,1.261850509234366,-0.3481422590562395] = [1.999999999983333e10,4.174722501468362,3.188318635336404,2.223251566590035,1.261850509234366,-0.3481422590562395]
There are four tests for DPR1 matrices, a random matrix test and three
tests from the DPR1 paper [2] (see README for details)

tols = [1000.0,1000.0,1000.0,1000.0,1000.0] = [1000.0,1000.0,1000.0,1000.0,1000.0]

1st test - Random SymDPR1 matrix

A = Arrowhead.GenSymDPR1(10) = [1.0839664972446466 0.1877684315575143 0.05311714907867131 0.09822864492082906 0.12894498759220374 0.11323271074107158 0.2586123741911121 0.0613749129785874 0.02881259581969841 0.26588850635033284
 0.1877684315575143 0.868540912865837 0.07156223610921106 0.13233883223101742 0.1737215156917717 0.15255310425898444 0.3484162855807197 0.08268753293311765 0.03881785488740508 0.3582190761402954
 0.05311714907867131 0.07156223610921106 0.5432815305003598 0.03743686530373488 0.049143466612736345 0.0431552093934199 0.09856225367126883 0.023391184435657523 0.010981046003662004 0.10133533050437048
 0.09822864492082906 0.13233883223101742 0.03743686530373488 0.9620393959939084 0.09088018118087311 0.0798061984409557 0.18226950780307064 0.04325692154156744 0.0203070625487716 0.1873977118633728
 0.12894498759220374 0.17372151569177172 0.04914346661273635 0.09088018118087313 0.7404933542604649 0.1047617960732745 0.23926563825701672 0.05678346897638612 0.026657131740908464 0.245997444538768
 0.11323271074107158 0.15255310425898444 0.0431552093934199 0.07980619844095571 0.10476179607327449 0.31214023274344527 0.2101105076896585 0.04986425790983205 0.023408891993157457 0.21602202614183105
 0.2586123741911121 0.3484162855807197 0.09856225367126882 0.1822695078030706 0.2392656382570167 0.21011050768965847 1.090315426210263 0.11388506060609718 0.053463606902222904 0.4933730605978489
 0.0613749129785874 0.08268753293311765 0.023391184435657523 0.04325692154156744 0.056783468976386114 0.04986425790983205 0.11388506060609718 0.2427635475384818 0.012688194953581254 0.11708924893823965
 0.02881259581969841 0.03881785488740508 0.010981046003662004 0.0203070625487716 0.026657131740908464 0.023408891993157457 0.05346360690222291 0.012688194953581255 0.210195479360859 0.05496782057624349
 0.2658885063503328 0.3582190761402954 0.10133533050437048 0.1873977118633728 0.24599744453876798 0.21602202614183103 0.49337306059784897 0.11708924893823965 0.05496782057624349 1.1487290526111225]
(U,Lambda) = eig(full(A)) = ([2.356781754754958,0.922006471277785,0.8693729092830206,0.24400645706208612,0.20469706980859767,0.21662583982800485,0.524384817564945,0.6312782292436296,0.6134999784279694,0.6198119020783908],
[-0.3446524649817665 -0.8590500072869298 0.3763052447674176 -0.03683235824864866 -0.0029628721278481263 -0.0025141696708279675 0.008357449294523233 -0.013168079648530959 0.003352520654161041 0.003989883862858765
 -0.37659180056842295 0.08531343506290695 -0.15025816279474302 -0.09356415202331816 -0.0071883155993659326 -0.006180810367992701 0.051888190239974534 0.3538424608808464 0.7226656886163616 -0.41150458600382495
 -0.10115702257339788 0.018536678715046846 -0.031149504163357412 -0.03524531520997667 -0.0026245466041723577 -0.00227647896955095 -0.9934485923198946 0.01452703912748968 -0.00467646168459268 -0.0051033448806680135
 -0.2343175991988374 0.46839774182163957 0.8513028714922339 -0.028031444952759915 -0.0022453862689017032 -0.001907693741400675 0.006718281977015737 -0.01111859349350433 0.0028009515333736754 0.0033455084250763436
 -0.259452645108698 0.05968234757066632 -0.10552468524131585 -0.06329443558059937 -0.004869712296956199 -0.004185489252745492 0.03356230481057215 0.3785518461840847 0.13346325211091742 0.8670058228916867
 -0.18507213225442432 0.022462396032403582 -0.03542315431116233 0.8785666116059248 -0.11530365760435855 -0.4226678400119938 -0.009378241018777399 0.008153068366659086 -0.0022926458569026173 -0.002634225966481122
 -0.5171553458278464 0.11556863211473482 -0.20285301513308102 -0.13066790644925194 -0.010025493867829513 -0.008623590677998576 0.07572176064486097 0.3674500739241319 -0.6739166675557359 -0.25666884990875466
 -0.1001071174611479 0.012099182164319572 -0.019070736913896633 0.40195335533524956 -0.08745395719183811 0.9056522838927731 -0.005010639847463122 0.004372285402626092 -0.0012288990995899516 -0.0014122393018730429
 -0.04674451227420398 0.005589009410313513 -0.008798051635171904 0.13414470693982405 0.9893273377582517 0.030546065641524726 -0.0022677834850042895 0.001997319216956091 -0.0005607030615444288 -0.0006446375669863513
 -0.5413245868357096 0.13196352513300608 -0.2369583784745943 -0.12385577114676861 -0.00957525753126537 -0.008218626339489077 0.05721987209203879 -0.7719305803019818 0.07569777539087877 0.11412044253127358])
WARNING: [a] concatenation is deprecated; use collect(a) instead
 in depwarn at deprecated.jl:73
 in oldstyle_vcat_warning at ./abstractarray.jl:29
 in vect at abstractarray.jl:32
 in dpr1eig at /home/vagrant/.julia/v0.4/Arrowhead/src/arrowhead4.jl:268
 in dpr1eigall at /home/vagrant/.julia/v0.4/Arrowhead/src/arrowhead4.jl:446
 in include at ./boot.jl:261
 in include_from_node1 at ./loading.jl:333
 in process_options at ./client.jl:280
 in _start at ./client.jl:378
while loading /home/vagrant/.julia/v0.4/Arrowhead/test/runtests.jl, in expression starting on line 127
WARNING: [a] concatenation is deprecated; use collect(a) instead
 in depwarn at deprecated.jl:73
 in oldstyle_vcat_warning at ./abstractarray.jl:29
 in vect at abstractarray.jl:32
 in dpr1eig at /home/vagrant/.julia/v0.4/Arrowhead/src/arrowhead4.jl:268
 in dpr1eigall at /home/vagrant/.julia/v0.4/Arrowhead/src/arrowhead4.jl:446
 in include at ./boot.jl:261
 in include_from_node1 at ./loading.jl:333
 in process_options at ./client.jl:280
 in _start at ./client.jl:378
while loading /home/vagrant/.julia/v0.4/Arrowhead/test/runtests.jl, in expression starting on line 127
(Ua,Lambdaa,Sind,Kb,Kz,Knu,Krho,Qout) = dpr1eigall(A,tols) = (
[-0.34465246498176605 0.8590500072869286 0.37630524476741956 0.013168079648530983 0.00398988386285919 0.0033525206541608903 0.008357449294523254 0.03683235824864861 0.002514169670827854 0.002962872127847947
 -0.37659180056842306 -0.08531343506290606 -0.150258162794743 -0.35384246088084 -0.41150458600384227 0.7226656886163636 0.051888190239973965 0.09356415202331814 0.006180810367992652 0.007188315599365563
 -0.1011570225733979 -0.018536678715046533 -0.031149504163357968 -0.014527039127486208 -0.0051033448806669076 -0.004676461684592647 -0.9934485923198946 0.03524531520997704 0.0022764789695507073 0.0026245466041720624
 -0.23431759919883755 -0.46839774182164234 0.8513028714922326 0.011118593493504041 0.003345508425076479 0.0028009515333733076 0.006718281977015314 0.028031444952759915 0.0019076937414005458 0.002245386268901213
 -0.25945264510869787 -0.059682347570665796 -0.10552468524131596 -0.37855184618408627 0.8670058228916744 0.13346325211091445 0.03356230481057209 0.06329443558059925 0.004185489252745777 0.004869712296956231
 -0.18507213225442426 -0.02246239603240343 -0.03542315431116289 -0.008153068366659126 -0.0026342259664812384 -0.0022926458569027873 -0.009378241018778185 -0.8785666116059249 0.42266784001199625 0.11530365760436219
 -0.5171553458278465 -0.11556863211473432 -0.20285301513308152 -0.367450073924136 -0.25666884990875855 -0.6739166675557344 0.0757217606448596 0.13066790644925197 0.008623590677998021 0.01002549386782957
 -0.10010711746114781 -0.01209918216431952 -0.01907073691389687 -0.004372285402625955 -0.0014122393018731155 -0.0012288990995895446 -0.005010639847462781 -0.4019533553352487 -0.9056522838927719 0.08745395719183477
 -0.046744512274204 -0.0055890094103135946 -0.008798051635171772 -0.0019973192169556297 -0.0006446375669864572 -0.0005607030615445094 -0.002267783485004476 -0.1341447069398257 -0.030546065641527387 -0.9893273377582515
 -0.5413245868357097 -0.13196352513300535 -0.23695837847459467 0.7719305803019821 0.11412044253129495 0.07569777539087791 0.057219872092041 0.12385577114676871 0.008218626339488767 0.009575257531265318],

[2.356781754754958,0.9220064712777855,0.8693729092830212,0.63127822924363,0.6198119020783907,0.613499978427969,0.5243848175649445,0.2440064570620868,0.2166258398280048,0.20469706980859767],[1,1,2,4,4,5,7,8,9,10],[1.416297867754457,1.416297867754457,5.561957559810846,1.841911155732074,1.841911155732074,2.6428119681359346,1.055342768993916,6.338183177003706,1.0413722851182303,1.0],[8.581250846703968,8.581250846703968,12.594320076092146,9.355979434560751,9.355979434560751,6.11169406176527,24.139746068012354,10.792984827044299,20.757287707445435,45.34610668371673],[98.5589012760958,1.5765037208745443,2.0416479149020326,11.020918852545924,1.5113628350550734,1.3651692808652058,1.2356917960991538,8.347618989585712,1.2708565511695302,1.2169522427348696],[0.0,0.0,0.0,0.0,0.0,0.0,0.0,0.0,0.0,0.0],[0,0,0,0,0,0,0,0,0,0])
Residual = full(A) * Ua - Ua * diagm(Lambdaa) = [0.0 -1.1102230246251565e-16 0.0 7.28583859910259e-17 3.0357660829594124e-17 4.336808689942018e-19 -5.204170427930421e-18 -5.898059818321144e-17 -1.3986208025063007e-17 -6.613633252161577e-18
 -1.1102230246251565e-16 -2.7755575615628914e-17 0.0 2.220446049250313e-16 5.551115123125783e-17 5.551115123125783e-17 -6.938893903907228e-18 -8.673617379884035e-17 -1.691355389077387e-17 -4.336808689942018e-18
 -2.7755575615628914e-17 -3.469446951953614e-18 6.938893903907228e-18 3.469446951953614e-17 5.204170427930421e-18 4.336808689942018e-19 2.220446049250313e-16 -2.42861286636753e-17 1.951563910473908e-18 -2.3852447794681098e-18
 0.0 5.551115123125783e-17 -1.1102230246251565e-16 3.122502256758253e-17 1.0842021724855044e-17 -2.5153490401663703e-17 -1.3010426069826053e-18 -3.382710778154774e-17 -1.1709383462843448e-17 -3.63207727782644e-18
 -2.220446049250313e-16 -2.0816681711721685e-17 0.0 8.326672684688674e-17 0.0 1.3877787807814457e-17 -3.469446951953614e-18 -6.071532165918825e-17 -5.312590645178972e-18 -1.5178830414797062e-18
 -2.220446049250313e-16 -3.122502256758253e-17 6.938893903907228e-18 6.678685382510707e-17 2.3635607360183997e-17 4.7704895589362195e-18 -3.469446951953614e-18 -5.551115123125783e-17 -1.3877787807814457e-17 0.0
 -2.220446049250313e-16 0.0 0.0 1.1102230246251565e-16 8.326672684688674e-17 -5.551115123125783e-17 0.0 -1.1796119636642288e-16 -2.6237692574149207e-17 -6.071532165918825e-18
 -8.326672684688674e-17 0.0 0.0 4.5536491244391186e-17 5.095750210681871e-18 -7.589415207398531e-18 0.0 -2.7755575615628914e-17 2.7755575615628914e-17 -3.469446951953614e-18
 -2.7755575615628914e-17 -2.6020852139652106e-18 0.0 1.0408340855860843e-17 4.336808689942018e-18 3.2526065174565133e-19 4.336808689942018e-19 -1.3877787807814457e-17 -1.734723475976807e-18 0.0
 -2.220446049250313e-16 -9.71445146547012e-17 -5.551115123125783e-17 2.220446049250313e-16 5.551115123125783e-17 5.551115123125783e-17 0.0 -1.0755285551056204e-16 -1.929879867024198e-17 -9.107298248878237e-18]
normR = norm(Residual) = 6.197190953880056e-16

2nd test - Example 1, p. 9 from [2]

A = SymDPR1([1.0e10,5.0,0.004,0.0,-0.004,-5.0],[1.0e10,1.0,1.0,1.0e-7,1.0,1.0],1.0) = [1.0000000001e20 1.0e10 1.0e10 1000.0 1.0e10 1.0e10
 1.0e10 6.0 1.0 1.0e-7 1.0 1.0
 1.0e10 1.0 1.004 1.0e-7 1.0 1.0
 1000.0 1.0e-7 1.0e-7 9.999999999999998e-15 1.0e-7 1.0e-7
 1.0e10 1.0 1.0 1.0e-7 0.996 1.0
 1.0e10 1.0 1.0 1.0e-7 1.0 -4.0]
Remedy 3 
(Ua,Lambdaa,Sind,Kb,Kz,Knu,Krho,Qout) = dpr1eigall(A,tols) = (
[-1.0 9.999999999499997e-11 1.0000000123999678e-10 9.999999998999996e-18 9.99999987400032e-11 9.999999998499996e-11
 -9.999999998999998e-11 -1.0 2.0016013058838748e-11 1.9999999997999996e-18 1.998401253837762e-11 1.0000000003599996e-11
 -9.999999998999998e-11 -2.001601279883874e-11 -1.0 2.4999999997499993e-15 1.24999999987554e-8 1.9984012797161945e-11
 -9.999999999e-18 -1.999999998859999e-18 -2.49999996849892e-15 -1.0 2.50000003100108e-15 2.000000000739999e-18
 -9.999999998999998e-11 -1.9984012778377613e-11 -1.2499999998744597e-8 -2.4999999997499993e-15 -1.0 2.0016012817654433e-11
 -9.999999998999998e-11 -9.999999994399996e-12 -1.998401303716195e-11 -1.9999999997999996e-18 -2.001601255765444e-11 -1.0],

[1.0000000001e20,5.0000000001,0.004000000100000001,9.999999998999997e-25,-0.003999999900000001,-4.9999999999],[1,2,3,4,5,6],[1.0000000008,1.0000000001,1.0000000250399683,1.0000000500400001,1.0000000000400322,1.0],[4.0e-10,1.0000000003e10,1.0000000003e10,1.0000000004e17,1.0000000003e10,1.0000000003e10],[1.0000000006e10,1.0000000001499996,1.0000000126400024,1.0000000000000047,1.0000000126400022,1.0000000001499998],[2.999999999599999,0.0,0.0,0.0,0.0,0.0],[0,0,0,0,0,0])
Lambda = [1.0000000001e20,5.0000000001,0.004000000100000001,9.999999998999997e-25,-0.003999999900000001,-4.9999999999] = [1.0000000001e20,5.0000000001,0.004000000100000001,9.999999998999997e-25,-0.003999999900000001,-4.9999999999]
v4 = [9.999999998999996e-18,1.9999999998e-18,2.499999999749999e-15,-1.0,-2.499999999749999e-15,-1.9999999998e-18] = [9.999999998999996e-18,1.9999999998e-18,2.499999999749999e-15,-1.0,-2.499999999749999e-15,-1.9999999998e-18]

3rd test - Example 2, p. 10 from [2]

A = SymDPR1([1 + 40 * eps(),1 + 30 * eps(),1 + 20 * eps(),1 + 10 * eps()],[1.0,2.0,2.0,1.0],1.0) = [2.000000000000009 2.0 2.0 1.0
 2.0 5.000000000000007 4.0 2.0
 2.0 4.0 5.000000000000004 2.0
 1.0 2.0 2.0 2.000000000000002]
Remedy 3 
(Ua,Lambdaa,Sind,Kb,Kz,Knu,Krho,Qout) = dpr1eigall(A,tols) = (
[-0.31622776601683805 0.9404105574160297 0.1162476387438193 0.0459833664161139
 -0.632455532033676 -0.30580629140265775 0.6974858324629156 0.14140730409730023
 -0.6324555320336758 -0.14140730409730037 -0.697485832462916 0.3058062914026574
 -0.31622776601683783 -0.04598336641611395 -0.1162476387438193 -0.9404105574160297],

[11.000000000000007,1.0000000000000087,1.0000000000000056,1.0000000000000024],[1,1,3,4],[1.0000000000000007,1.0000000000000007,1.5714285714285714,1.0],[5.0,5.0,2.0,5.0],[4.643711615777578e16,1.3519118415557385,1.3125,1.3519118415557376],[3.2857142857142887,0.0,0.0,0.0],[0,0,0,0])
Lambda = [11.0 + 32 * eps(),1.0 + 39 * eps(),1.0 + 25 * eps(),1.0 + 11 * eps()] = [11.000000000000007,1.0000000000000087,1.0000000000000056,1.0000000000000024]

4th test - Example 3, p. 11 from [2], see also Ming Gu's paper

A = SymDPR1([10.0 / 3.0,2.0 + 1.0e-7,2.0 - 1.0e-7,1.0],[2.0,1.0e-7,1.0e-7,2.0],1.0) = [7.333333333333334 2.0e-7 2.0e-7 4.0
 2.0e-7 2.00000010000001 9.999999999999998e-15 2.0e-7
 2.0e-7 9.999999999999998e-15 1.99999990000001 2.0e-7
 4.0 2.0e-7 2.0e-7 5.0]
WARNING: [a,b] concatenation is deprecated; use [a;b] instead
 in depwarn at deprecated.jl:73
 in oldstyle_vcat_warning at ./abstractarray.jl:29
 in inv at /home/vagrant/.julia/v0.4/Arrowhead/src/arrowhead4.jl:57
 in dpr1eig at /home/vagrant/.julia/v0.4/Arrowhead/src/arrowhead4.jl:240
 in dpr1eigall at /home/vagrant/.julia/v0.4/Arrowhead/src/arrowhead4.jl:446
 in include at ./boot.jl:261
 in include_from_node1 at ./loading.jl:333
 in process_options at ./client.jl:280
 in _start at ./client.jl:378
while loading /home/vagrant/.julia/v0.4/Arrowhead/test/runtests.jl, in expression starting on line 127
WARNING: [a,b] concatenation is deprecated; use [a;b] instead
 in depwarn at deprecated.jl:73
 in oldstyle_vcat_warning at ./abstractarray.jl:29
 in inv at /home/vagrant/.julia/v0.4/Arrowhead/src/arrowhead4.jl:57
 in dpr1eig at /home/vagrant/.julia/v0.4/Arrowhead/src/arrowhead4.jl:240
 in dpr1eigall at /home/vagrant/.julia/v0.4/Arrowhead/src/arrowhead4.jl:446
 in include at ./boot.jl:261
 in include_from_node1 at ./loading.jl:333
 in process_options at ./client.jl:280
 in _start at ./client.jl:378
while loading /home/vagrant/.julia/v0.4/Arrowhead/test/runtests.jl, in expression starting on line 127
WARNING: [a,b] concatenation is deprecated; use [a;b] instead
 in depwarn at deprecated.jl:73
 in oldstyle_vcat_warning at ./abstractarray.jl:29
 in inv at /home/vagrant/.julia/v0.4/Arrowhead/src/arrowhead4.jl:57
 in dpr1eig at /home/vagrant/.julia/v0.4/Arrowhead/src/arrowhead4.jl:240
 in dpr1eigall at /home/vagrant/.julia/v0.4/Arrowhead/src/arrowhead4.jl:446
 in include at ./boot.jl:261
 in include_from_node1 at ./loading.jl:333
 in process_options at ./client.jl:280
 in _start at ./client.jl:378
while loading /home/vagrant/.julia/v0.4/Arrowhead/test/runtests.jl, in expression starting on line 127
(Ua,Lambdaa,Sind,Kb,Kz,Knu,Krho,Qout) = dpr1eigall(A,tols) = (
[-0.7999999999999989 0.20889321381638565 0.5222329678004558 0.20889316064388422
 -3.360000040319997e-8 -0.9351941398441737 0.34815531248360626 0.06480585768707446
 -3.3599999596799965e-8 -0.06480586264549801 -0.348155311616842 0.9351941398232515
 -0.5999999999999996 -0.2785242290885133 -0.6963106237339411 -0.2785242701918447],

[10.33333333333335,2.0000001148912534,2.0,1.9999998851087477],[1,2,2,3],[3.7999999999999416,1.3913043861207293e7,1.3913043861207293e7,1.3913043298649127e7],[1.0000000999999998,4.000000099999999e7,4.000000099999999e7,4.000000099999999e7],[6.000000000000014,1.4518971715911815,9.74999965042207,1.4518971502576907],[0.0,0.0,0.0,0.0],[0,1,1,1])

 There is one test for SVD of HalfArrow matrices

HalfArrow with entries varying in magnitude

A = HalfArrow(sort(exp(20 * (rand(8) - 0.5)),rev=true),exp(20 * (rand(8) - 0.5))) = [10614.452393853262 0.0 0.0 0.0 0.0 0.0 0.0 0.0 0.0029996670677347593
 0.0 7429.207390130816 0.0 0.0 0.0 0.0 0.0 0.0 42.784892128077196
 0.0 0.0 4864.878146092633 0.0 0.0 0.0 0.0 0.0 35.156901657736285
 0.0 0.0 0.0 292.82436496525315 0.0 0.0 0.0 0.0 0.5152765808184898
 0.0 0.0 0.0 0.0 268.2479924699591 0.0 0.0 0.0 5.504866222697576
 0.0 0.0 0.0 0.0 0.0 4.230554213426562 0.0 0.0 8.552463581183899e-5
 0.0 0.0 0.0 0.0 0.0 0.0 0.005155817673264907 0.0 602.9490283128499
 0.0 0.0 0.0 0.0 0.0 0.0 0.0 0.00016872234426992081 0.00031179440999313835]
WARNING: [a,b] concatenation is deprecated; use [a;b] instead
 in depwarn at deprecated.jl:73
 in oldstyle_vcat_warning at ./abstractarray.jl:29
 in vect at abstractarray.jl:38
 in ahsvdall at /home/vagrant/.julia/v0.4/Arrowhead/src/arrowhead6.jl:528
 in include at ./boot.jl:261
 in include_from_node1 at ./loading.jl:333
 in process_options at ./client.jl:280
 in _start at ./client.jl:378
while loading /home/vagrant/.julia/v0.4/Arrowhead/test/runtests.jl, in expression starting on line 127
Remedy 3 
WARNING: [a,b] concatenation is deprecated; use [a;b] instead
 in depwarn at deprecated.jl:73
 in oldstyle_vcat_warning at ./abstractarray.jl:29
 in inv at /home/vagrant/.julia/v0.4/Arrowhead/src/arrowhead6.jl:87
 in ahsvd at /home/vagrant/.julia/v0.4/Arrowhead/src/arrowhead6.jl:329
 in ahsvdall at /home/vagrant/.julia/v0.4/Arrowhead/src/arrowhead6.jl:583
 in include at ./boot.jl:261
 in include_from_node1 at ./loading.jl:333
 in process_options at ./client.jl:280
 in _start at ./client.jl:378
while loading /home/vagrant/.julia/v0.4/Arrowhead/test/runtests.jl, in expression starting on line 127
(Ua,Lambdaa,Va,Sind,Kb,Kz,Knu,Krho,Qout) = ahsvdall(A,tols) = (
[-0.9999999999999998 2.2480049881720208e-9 1.203370239291795e-9 1.610428701633679e-8 4.234918341722823e-12 3.6184987164274613e-11 1.121045520771645e-19 6.063379607337938e-25
 -2.2403697400400354e-9 -0.9999998881525726 4.845578846954739e-5 0.000470473965485872 1.2340058785800435e-7 1.054253652523572e-6 3.2640058523411344e-15 1.765396933741685e-20
 -1.1888291986021523e-9 -4.8027829200758864e-5 -0.9999995851598577 0.0009095984214855904 2.3696243059270665e-7 2.023774324670622e-6 6.254783761051204e-15 3.383012103168773e-20
 -1.3774397043353237e-11 -4.0271138787975556e-7 -7.801131801909406e-7 -0.0011182925525666377 0.9999993734236741 5.072726358261806e-5 2.530824054305439e-14 1.3685569510247372e-19
 -1.4713831297355508e-10 -4.3012196641505455e-6 -8.32933089122992e-6 -0.01138212419591016 -6.345257015207528e-5 0.9999352194690824 3.222011996173143e-13 1.7422509066260595e-18
 -2.284508851805639e-15 -6.673746005617623e-11 -1.2901272332939868e-10 -1.4184152153568816e-7 -1.5856393303379222e-10 -1.614896052210547e-9 0.9999999999999899 1.0882623273412562e-19
 -1.610579408471601e-8 -0.000470499210700485 -0.0009095395333872952 -0.9999340718043502 -0.0011176430374280788 -0.011382191654317064 -1.418508771964448e-7 5.171157018741086e-7
 -8.328559012965574e-15 -2.433025295902911e-10 -4.703371742237272e-10 -5.17081609369031e-7 -5.779507636076637e-10 -5.885910024446433e-9 -7.335320709667462e-14 -0.9999999999998663],

[10614.452393853688,7429.331410251814,4865.007152416795,602.9545914064956,292.8242251224577,268.2340547147008,4.23055421342652,0.00016872234429096358],
[-0.9999999999999598 3.211775139707735e-9 2.625508188779795e-9 2.8350093076348125e-7 1.5350963231021774e-10 1.4318980639348856e-9 2.812701057891724e-16 3.814518726515596e-17
 -1.56806689707033e-9 -0.9999831948459641 7.3995390040433e-5 0.005796868804164041 3.1307811328717247e-6 2.9199383481456475e-5 5.731867546498744e-12 7.773422069130442e-13
 -5.448711787586308e-10 -3.1449604786862236e-5 -0.9999730679797993 0.007339002879277076 3.936810042110957e-6 3.670456942980365e-5 7.192618104526651e-12 9.754452925506258e-13
 -3.799987900774574e-13 -1.5872721232686022e-8 -4.6954945683267046e-8 -0.0005430977908084803 0.9999998509890388 5.537767663693692e-5 1.7517490833441826e-12 2.375185229832448e-13
 -3.718473229332828e-12 -1.5530247291008763e-7 -4.592647492985684e-7 -0.005063784253594384 -5.8127105273600005e-5 0.9999871772727922 2.04299060143124e-11 2.7699668946956264e-12
 -9.105263455901882e-19 -3.800294094357457e-14 -1.1218797900341989e-13 -9.952129980001933e-10 -2.2908395461921432e-12 -2.546994006854128e-11 1.0 2.728715508070099e-15
 -7.823157964515228e-15 -3.2651769208186773e-10 -9.639081411096723e-10 -8.550358240879415e-6 -1.9678575849943317e-8 -2.1878096334275784e-7 -1.728750472683815e-10 1.580202246507139e-5
 -1.3238685792887633e-22 -5.525473409710807e-18 -1.631166987964148e-17 -1.4469285507569728e-13 -3.330093596856486e-16 -3.70230595269752e-15 -2.9254618748978944e-18 -0.9999999998751481
 -2.8353007725337224e-7 -0.005797330123136748 -0.007338790059437852 -0.9999432975971382 -0.0005427871029375257 -0.005063597873923686 -9.952863454621379e-10 -1.3497840431550762e-10],

[1,2,3,4,4,5,6,8],[1.000037162230153,1.0000338501668986,1.0000000080143323,1.0221157393369849,1.0221157393369849,1.0210852165883109,1.0170392073578625,1882.4761501600037],[9983.027666640823,1.0,1.8584477805003128,2106.6156632687193,2106.6156632687193,215.25322831176769,8.785053792919178e8,6.042156888032696e12],[1.000000285647041,1.0057954430881326,1.0073596257835613,3.3941544040094493e6,1.000607703357154,1.0051595503030273,1.0000000012032677,1.0000158019125045],[0.0,0.0,0.0,1.044425744349719,0.0,0.0,0.0,0.0],[0,0,0,0,0,0,0,1])
N1 = norm(Ua' * Ua - eye(8)) = 2.220486175649793e-16
N2 = norm(Va' * Va - eye(8)) = 2.2205138119548274e-16
INFO: Arrowhead tests passed

>>> End of log
