>>> 'Pkg.add("Arrow")' log
INFO: Cloning cache of Arrow from https://github.com/ExpandingMan/Arrow.jl.git
INFO: Installing Arrow v0.1.1
INFO: Installing CategoricalArrays v0.3.10
INFO: Installing Missings v0.2.10
INFO: Installing Reexport v0.1.0
INFO: Package database updated
INFO: METADATA is out-of-date — you may not have the latest version of Arrow
INFO: Use `Pkg.update()` to get the latest versions of your packages

>>> 'Pkg.test("Arrow")' log
Julia Version 0.6.4
Commit 9d11f62bcb (2018-07-09 19:09 UTC)
Platform Info:
  OS: Linux (x86_64-pc-linux-gnu)
  CPU: Intel(R) Xeon(R) CPU E3-1241 v3 @ 3.50GHz
  WORD_SIZE: 64
           Ubuntu 14.04.5 LTS
  uname: Linux 3.13.0-143-generic #192-Ubuntu SMP Tue Feb 27 10:45:36 UTC 2018 x86_64 x86_64
Memory: 2.939197540283203 GB (726.515625 MB free)
Uptime: 10179.0 sec
Load Avg:  0.98193359375  1.04931640625  1.30712890625
Intel(R) Xeon(R) CPU E3-1241 v3 @ 3.50GHz: 
       speed         user         nice          sys         idle          irq
#1  3499 MHz     532988 s        115 s      46136 s     335910 s          5 s
#2  3499 MHz     137938 s         45 s      22233 s     843390 s          0 s

  BLAS: libopenblas (USE64BITINT DYNAMIC_ARCH NO_AFFINITY Nehalem MAX_THREADS=16)
  LAPACK: libopenblas64_
  LIBM: libopenlibm
  LLVM: libLLVM-3.9.1 (ORCJIT, haswell)
Environment:
  TERM = vt100
  LD_LIBRARY_PATH = :/usr/local/lib/
  PATH = /usr/local/sbin:/usr/local/bin:/usr/sbin:/usr/bin:/sbin:/bin:/usr/games:/usr/local/games:/home/vagrant/julia/bin/
  JAVA_HOME = /usr/lib/jvm/java-8-openjdk-amd64
  HOME = /home/vagrant

Package Directory: /home/vagrant/.julia/v0.6
2 required packages:
 - Arrow                         0.1.1
 - JSON                          0.17.2
5 additional packages:
 - CategoricalArrays             0.3.10
 - Compat                        0.70.0
 - Missings                      0.2.10
 - Nullables                     0.0.6
 - Reexport                      0.1.0
INFO: Testing Arrow
Test Summary:             | Pass  Total
indexing_Primitive_buffer |  260    260
Test Summary:                | Pass  Total
indexing_Primitive_construct |  260    260
Test Summary:               | Pass  Total
indexing_Primitive_setindex |  384    384
Test Summary:                     | Pass  Total
indexing_NullablePrimitive_buffer |  260    260
Test Summary:                        | Pass  Total
indexing_NullablePrimitive_construct |  260    260
Test Summary:                       | Pass  Total
indexing_NullablePrimitive_setindex |  384    384
Test Summary:        | Pass  Total
indexing_List_buffer |   10     10
Test Summary:           | Pass  Total
indexing_List_construct |  260    260
Test Summary:                | Pass  Total
indexing_NullableList_buffer |   12     12
Test Summary:                   | Pass  Total
indexing_NullableList_construct |  260    260
Test Summary:                | Pass  Total
indexing_BitPrimitive_buffer |   65     65
Test Summary:                   | Pass  Total
indexing_BitPrimitive_construct |  260    260
Test Summary:                        | Pass  Total
indexing_NullableBitPrimitive_buffer |   65     65
Test Summary:                           | Pass  Total
indexing_NullableBitPrimitive_construct |  260    260
Test Summary:                | Pass  Total
indexing_DictEncoding_buffer |   12     12
Test Summary:                   | Pass  Total
indexing_DictEncoding_construct |   11     11
Test Summary:    | Pass  Total
wrinting_padding |   64     64
Test Summary:     | Pass  Total
writing_Primitive |   48     48
Test Summary:             | Pass  Total
writing_NullablePrimitive |   48     48
Test Summary: | Pass  Total
writing_List  |   48     48
Test Summary: | Pass  Total
locate        |    6      6
Test Summary: | Pass  Total
DateTime      |   96     96
Test Summary:         | Pass  Total
arrowformat_construct |   13     13
INFO: Arrow tests passed

>>> End of log
