>>> 'Pkg.add("ASCIIPlots")' log
INFO: Cloning cache of ASCIIPlots from https://github.com/johnmyleswhite/ASCIIPlots.jl.git
INFO: Installing ASCIIPlots v0.0.3
INFO: Package database updated

>>> 'Pkg.test("ASCIIPlots")' log
Julia Version 0.5.0-dev+2440
Commit 2bb94d6 (2016-02-01 02:22 UTC)
Platform Info:
  System: Linux (x86_64-unknown-linux-gnu)
  CPU: Intel(R) Xeon(R) CPU E3-1241 v3 @ 3.50GHz
  WORD_SIZE: 64
  BLAS: libopenblas (USE64BITINT DYNAMIC_ARCH NO_AFFINITY Nehalem)
  LAPACK: libopenblas64_
  LIBM: libopenlibm
  LLVM: libLLVM-3.7.1
INFO: Testing ASCIIPlots
test_file = "imagesc.jl"
test_file = "lineplot.jl"
WARNING: ifloor(x) is deprecated, use floor(Integer,x) instead.
 in depwarn(Base.#depwarn, ASCIIString, Symbol) at ./deprecated.jl:64
 in ifloor(Base.#ifloor, Array{Float64,1}) at ./deprecated.jl:50
 in lineplot(ASCIIPlots.#lineplot, Array{Float64,1}, Array{Float64,1}) at /home/vagrant/.julia/v0.5/ASCIIPlots/src/lineplot.jl:29
 in include at ./boot.jl:264
 in include_from_node1 at ./loading.jl:417
 [inlined code] from /home/vagrant/.julia/v0.5/ASCIIPlots/test/runtests.jl:5
 in anonymous at ./no file:4294967295
 in include at ./boot.jl:264
 in include_from_node1 at ./loading.jl:417
 in process_options at ./client.jl:244
 in _start at ./client.jl:300
while loading /home/vagrant/.julia/v0.5/ASCIIPlots/test/lineplot.jl, in expression starting on line 6
WARNING: ifloor(x) is deprecated, use floor(Integer,x) instead.
 in depwarn(Base.#depwarn, ASCIIString, Symbol) at ./deprecated.jl:64
 in ifloor(Base.#ifloor, Array{Float64,1}) at ./deprecated.jl:50
 in lineplot(ASCIIPlots.#lineplot, Array{Float64,1}, Array{Float64,1}) at /home/vagrant/.julia/v0.5/ASCIIPlots/src/lineplot.jl:30
 in include at ./boot.jl:264
 in include_from_node1 at ./loading.jl:417
 [inlined code] from /home/vagrant/.julia/v0.5/ASCIIPlots/test/runtests.jl:5
 in anonymous at ./no file:4294967295
 in include at ./boot.jl:264
 in include_from_node1 at ./loading.jl:417
 in process_options at ./client.jl:244
 in _start at ./client.jl:300
while loading /home/vagrant/.julia/v0.5/ASCIIPlots/test/lineplot.jl, in expression starting on line 6
WARNING: [a,b] concatenation is deprecated; use [a;b] instead
 in depwarn(Base.#depwarn, ASCIIString, Symbol) at ./deprecated.jl:64
 in oldstyle_vcat_warning at ./abstractarray.jl:29
 in vect(Base.#vect, Array{Float64,1}, Vararg{Any}) at ./abstractarray.jl:38
 in lineplot(ASCIIPlots.#lineplot, Array{Float64,1}, Array{Float64,1}) at /home/vagrant/.julia/v0.5/ASCIIPlots/src/lineplot.jl:33
 in include at ./boot.jl:264
 in include_from_node1 at ./loading.jl:417
 [inlined code] from /home/vagrant/.julia/v0.5/ASCIIPlots/test/runtests.jl:5
 in anonymous at ./no file:4294967295
 in include at ./boot.jl:264
 in include_from_node1 at ./loading.jl:417
 in process_options at ./client.jl:244
 in _start at ./client.jl:300
while loading /home/vagrant/.julia/v0.5/ASCIIPlots/test/lineplot.jl, in expression starting on line 6
WARNING: [a,b] concatenation is deprecated; use [a;b] instead
 in depwarn(Base.#depwarn, ASCIIString, Symbol) at ./deprecated.jl:64
 in oldstyle_vcat_warning at ./abstractarray.jl:29
 in vect(Base.#vect, Array{Float64,1}, Vararg{Any}) at ./abstractarray.jl:38
 in lineplot(ASCIIPlots.#lineplot, Array{Float64,1}, Array{Float64,1}) at /home/vagrant/.julia/v0.5/ASCIIPlots/src/lineplot.jl:33
 in include at ./boot.jl:264
 in include_from_node1 at ./loading.jl:417
 [inlined code] from /home/vagrant/.julia/v0.5/ASCIIPlots/test/runtests.jl:5
 in anonymous at ./no file:4294967295
 in include at ./boot.jl:264
 in include_from_node1 at ./loading.jl:417
 in process_options at ./client.jl:244
 in _start at ./client.jl:300
while loading /home/vagrant/.julia/v0.5/ASCIIPlots/test/lineplot.jl, in expression starting on line 6
test_file = "scatterplot.jl"
WARNING: ifloor(x) is deprecated, use floor(Integer,x) instead.
 in depwarn(Base.#depwarn, ASCIIString, Symbol) at ./deprecated.jl:64
 in ifloor(Base.#ifloor, Array{Float64,1}) at ./deprecated.jl:50
 in #scatterplot#1(ASCIIPlots.##scatterplot#1, Char, Any, Array{Float64,1}, Array{Float64,1}) at /home/vagrant/.julia/v0.5/ASCIIPlots/src/scatterplot.jl:24
 in include at ./boot.jl:264
 in include_from_node1 at ./loading.jl:417
 [inlined code] from /home/vagrant/.julia/v0.5/ASCIIPlots/test/runtests.jl:5
 in anonymous at ./no file:4294967295
 in include at ./boot.jl:264
 in include_from_node1 at ./loading.jl:417
 in process_options at ./client.jl:244
 in _start at ./client.jl:300
while loading /home/vagrant/.julia/v0.5/ASCIIPlots/test/scatterplot.jl, in expression starting on line 6
WARNING: ifloor(x) is deprecated, use floor(Integer,x) instead.
 in depwarn(Base.#depwarn, ASCIIString, Symbol) at ./deprecated.jl:64
 in ifloor(Base.#ifloor, Array{Float64,1}) at ./deprecated.jl:50
 in #scatterplot#1(ASCIIPlots.##scatterplot#1, Char, Any, Array{Float64,1}, Array{Float64,1}) at /home/vagrant/.julia/v0.5/ASCIIPlots/src/scatterplot.jl:25
 in include at ./boot.jl:264
 in include_from_node1 at ./loading.jl:417
 [inlined code] from /home/vagrant/.julia/v0.5/ASCIIPlots/test/runtests.jl:5
 in anonymous at ./no file:4294967295
 in include at ./boot.jl:264
 in include_from_node1 at ./loading.jl:417
 in process_options at ./client.jl:244
 in _start at ./client.jl:300
while loading /home/vagrant/.julia/v0.5/ASCIIPlots/test/scatterplot.jl, in expression starting on line 6
INFO: ASCIIPlots tests passed

>>> End of log
