>>> 'Pkg.add("AssetRegistry")' log
INFO: Installing AssetRegistry v0.0.1
INFO: Installing Pidfile v1.0.0
INFO: Installing SHA v0.5.7
INFO: Package database updated
INFO: METADATA is out-of-date — you may not have the latest version of AssetRegistry
INFO: Use `Pkg.update()` to get the latest versions of your packages

>>> 'Pkg.test("AssetRegistry")' log
Julia Version 0.6.3
Commit d55cadc350 (2018-05-28 20:20 UTC)
Platform Info:
  OS: Linux (x86_64-pc-linux-gnu)
  CPU: Intel(R) Xeon(R) CPU E3-1241 v3 @ 3.50GHz
  WORD_SIZE: 64
           Ubuntu 14.04.5 LTS
  uname: Linux 3.13.0-143-generic #192-Ubuntu SMP Tue Feb 27 10:45:36 UTC 2018 x86_64 x86_64
Memory: 2.939197540283203 GB (947.6640625 MB free)
Uptime: 8964.0 sec
Load Avg:  1.0283203125  1.001953125  1.0751953125
Intel(R) Xeon(R) CPU E3-1241 v3 @ 3.50GHz: 
       speed         user         nice          sys         idle          irq
#1  3503 MHz     520834 s        109 s      44292 s     192358 s          3 s
#2  3503 MHz     115622 s         76 s      22743 s     747524 s          0 s

  BLAS: libopenblas (USE64BITINT DYNAMIC_ARCH NO_AFFINITY Nehalem)
  LAPACK: libopenblas64_
  LIBM: libopenlibm
  LLVM: libLLVM-3.9.1 (ORCJIT, haswell)
Environment:
  TERM = vt100
  LD_LIBRARY_PATH = :/usr/local/lib/
  PATH = /usr/local/sbin:/usr/local/bin:/usr/sbin:/usr/bin:/sbin:/bin:/usr/games:/usr/local/games:/home/vagrant/julia/bin/
  JAVA_HOME = /usr/lib/jvm/java-8-openjdk-amd64
  HOME = /home/vagrant

Package Directory: /home/vagrant/.julia/v0.6
2 required packages:
 - AssetRegistry                 0.0.1
 - JSON                          0.17.2
4 additional packages:
 - Compat                        0.69.0
 - Nullables                     0.0.5
 - Pidfile                       1.0.0
 - SHA                           0.5.7
INFO: Testing AssetRegistry
Test Summary: | Pass  Total
register      |    6      6
INFO: AssetRegistry tests passed

>>> End of log
