>>> 'Pkg.add("AstroLib")' log
WARNING: Base.Pkg is deprecated, run `using Pkg` instead.
 in module Main
[ Info: Cloning cache of AstroLib from https://github.com/JuliaAstro/AstroLib.jl.git
[ Info: Installing AstroLib v0.3.0
[ Info: Installing StaticArrays v0.6.6
[ Info: Building AstroLib
  % Total    % Received % Xferd  Average Speed   Time    Time     Time  Current
                                 Dload  Upload   Total   Spent    Left  Speed
  0     0    0     0    0     0      0      0 --:--:-- --:--:-- --:--:--     0  0     0    0     0    0     0      0      0 --:--:-- --:--:-- --:--:--     0
  8 10344    8   869    0     0    736      0  0:00:14  0:00:01  0:00:13   736100 10344  100 10344    0     0   8621      0  0:00:01  0:00:01 --:--:--  486k
[ Info: Package database updated

>>> 'Pkg.test("AstroLib")' log
WARNING: Base.versioninfo is deprecated: it has been moved to the standard library package `InteractiveUtils`.
Add a `using InteractiveUtils` to your imports..
 in module Main
WARNING: Base.versioninfo is deprecated: it has been moved to the standard library package `InteractiveUtils`.
Add a `using InteractiveUtils` to your imports..
 in module Main
Julia Version 0.7.0-DEV.3664
Commit 9d5aebb07a (2018-01-30 22:46 UTC)
Platform Info:
  OS: Linux (x86_64-pc-linux-gnu)
      Ubuntu 14.04.5 LTS
  uname: Linux 3.13.0-135-generic #184-Ubuntu SMP Wed Oct 18 11:55:51 UTC 2017 x86_64 x86_64
  CPU: Intel(R) Xeon(R) CPU E3-1241 v3 @ 3.50GHz: 
              speed         user         nice          sys         idle          irq
       #1  3499 MHz     449104 s        114 s      30856 s     161638 s          4 s
       #2  3499 MHz     112997 s         41 s      17850 s     602094 s          0 s
       
  Memory: 2.93927001953125 GB (664.91015625 MB free)
  Uptime: 7446.0 sec
  Load Avg:  1.08984375  1.0244140625  1.16796875
  WORD_SIZE: 64
  LIBM: libopenlibm
  LLVM: libLLVM-3.9.1 (ORCJIT, haswell)
Environment:
  TERM = vt100
  LD_LIBRARY_PATH = :/usr/local/lib/
  PATH = /usr/local/sbin:/usr/local/bin:/usr/sbin:/usr/bin:/sbin:/bin:/usr/games:/usr/local/games:/home/vagrant/julia/bin/
  JAVA_HOME = /usr/lib/jvm/java-8-openjdk-amd64
  HOME = /home/vagrant
Packages:
  Package Directory: /home/vagrant/.julia/v0.7
  Package Status:
2 required packages:
 - AstroLib                      0.3.0
 - JSON                          0.16.4
3 additional packages:
 - Compat                        0.49.0
 - Nullables                     0.0.3
 - StaticArrays                  0.6.6
WARNING: Base.Pkg is deprecated, run `using Pkg` instead.
 in module Main
[ Info: Testing AstroLib
WARNING: Base.Dates is deprecated, run `using Dates` instead.
  likely near /home/vagrant/.julia/v0.7/AstroLib/src/AstroLib.jl:7
WARNING: importing deprecated binding Base.@sprintf into AstroLib.
WARNING: Base.@sprintf is deprecated: it has been moved to the standard library package `Printf`.
Add a `using Printf` to your imports..
  likely near /home/vagrant/.julia/v0.7/AstroLib/src/adstring.jl:20
WARNING: Base.@sprintf is deprecated: it has been moved to the standard library package `Printf`.
Add a `using Printf` to your imports..
  likely near /home/vagrant/.julia/v0.7/AstroLib/src/adstring.jl:20
WARNING: Base.@sprintf is deprecated: it has been moved to the standard library package `Printf`.
Add a `using Printf` to your imports..
  likely near /home/vagrant/.julia/v0.7/AstroLib/src/types.jl:30
WARNING: Base.@sprintf is deprecated: it has been moved to the standard library package `Printf`.
Add a `using Printf` to your imports..
  likely near /home/vagrant/.julia/v0.7/AstroLib/src/types.jl:30
ERROR: LoadError: LoadError: MethodError: no method matching result_style(::Type{StaticArrays.StaticArray})
Closest candidates are:
  result_style(::Any, !Matched::Any) at broadcast.jl:264
  result_style(!Matched::Base.Broadcast.BroadcastStyle) at broadcast.jl:261
  result_style(!Matched::S<:Base.Broadcast.BroadcastStyle, !Matched::S<:Base.Broadcast.BroadcastStyle) where S<:Base.Broadcast.BroadcastStyle at broadcast.jl:262
Stacktrace:
 [1] combine_styles(::SVector{3,Float64}) at ./broadcast.jl:256
 [2] broadcast(::Function, ::SVector{3,Float64}) at ./broadcast.jl:615
 [3] top-level scope
 [4] include at ./boot.jl:292 [inlined]
 [5] include_relative(::Module, ::String) at ./loading.jl:1012
 [6] include at ./sysimg.jl:26 [inlined]
 [7] include(::String) at /home/vagrant/.julia/v0.7/AstroLib/src/AstroLib.jl:6
 [8] top-level scope
 [9] include at ./boot.jl:292 [inlined]
 [10] include_relative(::Module, ::String) at ./loading.jl:1012
 [11] include(::Module, ::String) at ./sysimg.jl:26
 [12] top-level scope
 [13] eval at ./boot.jl:295 [inlined]
 [14] top-level scope at ./<missing>:3
in expression starting at /home/vagrant/.julia/v0.7/AstroLib/src/common.jl:46
in expression starting at /home/vagrant/.julia/v0.7/AstroLib/src/AstroLib.jl:31
ERROR: LoadError: Failed to precompile AstroLib to /home/vagrant/.julia/lib/v0.7/AstroLib.ji.
Stacktrace:
 [1] error at ./error.jl:33 [inlined]
 [2] compilecache(::Base.PkgId) at ./loading.jl:1157
 [3] _require(::Base.PkgId) at ./loading.jl:949
 [4] require(::Module, ::Symbol) at ./loading.jl:820
 [5] include at ./boot.jl:292 [inlined]
 [6] include_relative(::Module, ::String) at ./loading.jl:1012
 [7] include(::Module, ::String) at ./sysimg.jl:26
 [8] exec_options(::Base.JLOptions) at ./client.jl:332
 [9] _start() at ./client.jl:447
in expression starting at /home/vagrant/.julia/v0.7/AstroLib/test/runtests.jl:4
┌ Error: ------------------------------------------------------------
│ # Testing failed for AstroLib
│   exception =
│    failed process: Process(`/home/vagrant/julia/bin/julia -Cnative -J/home/vagrant/julia/lib/julia/sys.so --compile=yes --depwarn=yes --code-coverage=none --color=no --compiled-modules=yes --check-bounds=yes --warn-overwrite=yes --startup-file=yes /home/vagrant/.julia/v0.7/AstroLib/test/runtests.jl`, ProcessExited(1)) [1]
│    Stacktrace:
│     [1] error(::String, ::Base.Process, ::String, ::Int64, ::String) at ./error.jl:42
│     [2] pipeline_error(::Base.Process) at ./process.jl:698
│     [3] run(::Cmd) at ./process.jl:660
│     [4] (::getfield(Pkg.Entry, Symbol("##89#92")){Bool,String,Array{AbstractString,1}})() at /buildworker/worker/package_linux64/build/usr/share/julia/site/v0.7/Pkg/src/entry.jl:731
│     [5] cd(::getfield(Pkg.Entry, Symbol("##89#92")){Bool,String,Array{AbstractString,1}}, ::String) at ./file.jl:70
│     [6] #test!#88(::Bool, ::Function, ::String, ::Array{AbstractString,1}, ::Array{AbstractString,1}, ::Array{AbstractString,1}) at /buildworker/worker/package_linux64/build/usr/share/julia/site/v0.7/Pkg/src/entry.jl:719
│     [7] (::getfield(Pkg.Entry, Symbol("#kw##test!")))(::NamedTuple{(:coverage,),Tuple{Bool}}, ::typeof(Pkg.Entry.test!), ::String, ::Array{AbstractString,1}, ::Array{AbstractString,1}, ::Array{AbstractString,1}) at ./<missing>:0
│     [8] #test#96(::Bool, ::Function, ::Array{AbstractString,1}) at /buildworker/worker/package_linux64/build/usr/share/julia/site/v0.7/Pkg/src/entry.jl:758
│     [9] (::getfield(Pkg.Entry, Symbol("#kw##test")))(::NamedTuple{(:coverage,),Tuple{Bool}}, ::typeof(Pkg.Entry.test), ::Array{AbstractString,1}) at ./<missing>:0
│     [10] (::getfield(Pkg.Dir, Symbol("##4#7")){Base.Iterators.IndexValue{Symbol,Bool,Tuple{Symbol},NamedTuple{(:coverage,),Tuple{Bool}}},typeof(Pkg.Entry.test),Tuple{Array{AbstractString,1}}})() at /buildworker/worker/package_linux64/build/usr/share/julia/site/v0.7/Pkg/src/dir.jl:36
│     [11] cd(::getfield(Pkg.Dir, Symbol("##4#7")){Base.Iterators.IndexValue{Symbol,Bool,Tuple{Symbol},NamedTuple{(:coverage,),Tuple{Bool}}},typeof(Pkg.Entry.test),Tuple{Array{AbstractString,1}}}, ::String) at ./file.jl:70
│     [12] #cd#1(::Base.Iterators.IndexValue{Symbol,Bool,Tuple{Symbol},NamedTuple{(:coverage,),Tuple{Bool}}}, ::Function, ::Function, ::Array{AbstractString,1}, ::Vararg{Array{AbstractString,1},N} where N) at /buildworker/worker/package_linux64/build/usr/share/julia/site/v0.7/Pkg/src/dir.jl:36
│     [13] (::getfield(Pkg.Dir, Symbol("#kw##cd")))(::NamedTuple{(:coverage,),Tuple{Bool}}, ::typeof(Pkg.Dir.cd), ::Function, ::Array{AbstractString,1}, ::Vararg{Array{AbstractString,1},N} where N) at ./<missing>:0
│     [14] #test#3(::Bool, ::Function, ::String, ::Vararg{String,N} where N) at /buildworker/worker/package_linux64/build/usr/share/julia/site/v0.7/Pkg/src/Pkg.jl:275
│     [15] test(::String, ::Vararg{String,N} where N) at /buildworker/worker/package_linux64/build/usr/share/julia/site/v0.7/Pkg/src/Pkg.jl:275
│     [16] top-level scope
│     [17] eval at ./boot.jl:295 [inlined]
│     [18] eval(::Module, ::Expr) at ./sysimg.jl:71
│     [19] exec_options(::Base.JLOptions) at ./client.jl:309
│     [20] _start() at ./client.jl:447
└ @ Pkg.Entry entry.jl:734
ERROR: AstroLib had test errors

>>> End of log
