>>> 'Pkg.add("Atom")' log
INFO: Installing Atom v0.4.5
INFO: Installing BinDeps v0.4.5
INFO: Installing Blink v0.3.5
INFO: Installing CodeTools v0.3.1
INFO: Installing Codecs v0.2.0
INFO: Installing FactCheck v0.4.3
INFO: Installing Hiccup v0.0.3
INFO: Installing HttpCommon v0.2.6
INFO: Installing HttpParser v0.2.0
INFO: Installing HttpServer v0.1.6
INFO: Installing JuliaParser v0.6.4
INFO: Installing LNR v0.0.2
INFO: Installing Lazy v0.11.0
INFO: Installing MacroTools v0.3.2
INFO: Installing MbedTLS v0.3.0
INFO: Installing Media v0.2.1
INFO: Installing Mustache v0.1.1
INFO: Installing Mux v0.2.1
INFO: Installing Reexport v0.0.3
INFO: Installing Requires v0.2.2
INFO: Installing SHA v0.2.1
INFO: Installing URIParser v0.1.6
INFO: Installing WebSockets v0.2.1
INFO: Building HttpParser
INFO: Building MbedTLS
INFO: Package database updated
INFO: METADATA is out-of-date — you may not have the latest version of Atom
INFO: Use `Pkg.update()` to get the latest versions of your packages

>>> 'Pkg.test("Atom")' log
Julia Version 0.4.6
Commit 2e358ce (2016-06-19 17:16 UTC)
Platform Info:
  System: Linux (x86_64-unknown-linux-gnu)
  CPU: Intel(R) Xeon(R) CPU E3-1241 v3 @ 3.50GHz
  WORD_SIZE: 64
           Ubuntu 14.04.5 LTS
  uname: Linux 3.13.0-95-generic #142-Ubuntu SMP Fri Aug 12 17:00:09 UTC 2016 x86_64 x86_64
Memory: 2.4471054077148438 GB (894.45703125 MB free)
Uptime: 40309.0 sec
Load Avg:  1.10009765625  1.06494140625  0.9619140625
Intel(R) Xeon(R) CPU E3-1241 v3 @ 3.50GHz: 
       speed         user         nice          sys         idle          irq
#1  3496 MHz    1007203 s         53 s     145858 s    2456111 s        156 s
#2  3496 MHz     589022 s         92 s     140162 s    3047411 s          6 s

  BLAS: libopenblas (USE64BITINT DYNAMIC_ARCH NO_AFFINITY Nehalem)
  LAPACK: libopenblas64_
  LIBM: libopenlibm
  LLVM: libLLVM-3.3
Environment:
  TERM = vt100
  LD_LIBRARY_PATH = :/usr/local/lib/
  PATH = /usr/local/sbin:/usr/local/bin:/usr/sbin:/usr/bin:/sbin:/bin:/usr/games:/usr/local/games:/home/vagrant/julia/bin/:/home/vagrant/julia/bin/
  JAVA_HOME = /usr/lib/jvm/java-7-oracle
  HOME = /home/vagrant

Package Directory: /home/vagrant/.julia/v0.4
4 required packages:
 - Atom                          0.4.5
 - ColorVectorSpace              0.1.8
 - Compat                        0.9.2
 - JSON                          0.7.0
24 additional packages:
 - BinDeps                       0.4.5
 - Blink                         0.3.5
 - CodeTools                     0.3.1
 - Codecs                        0.2.0
 - ColorTypes                    0.2.6
 - FactCheck                     0.4.3
 - FixedPointNumbers             0.1.6
 - Hiccup                        0.0.3
 - HttpCommon                    0.2.6
 - HttpParser                    0.2.0
 - HttpServer                    0.1.6
 - JuliaParser                   0.6.4
 - LNR                           0.0.2
 - Lazy                          0.11.0
 - MacroTools                    0.3.2
 - MbedTLS                       0.3.0
 - Media                         0.2.1
 - Mustache                      0.1.1
 - Mux                           0.2.1
 - Reexport                      0.0.3
 - Requires                      0.2.2
 - SHA                           0.2.1
 - URIParser                     0.1.6
 - WebSockets                    0.2.1
INFO: Testing Atom
INFO: Atom tests passed

>>> End of log
