>>> 'Pkg.add("AudioIO")' log
INFO: Cloning cache of AudioIO from git://github.com/ssfrr/AudioIO.jl.git
INFO: Installing AudioIO v0.1.1
INFO: Installing BinDeps v0.3.14
INFO: Installing SHA v0.0.4
INFO: Installing URIParser v0.0.5
INFO: Building AudioIO

WARNING: deprecated syntax "{a=>b, ...}" at /home/vagrant/.julia/v0.4/AudioIO/deps/build.jl:11.
Use "Dict{Any,Any}(a=>b, ...)" instead.

WARNING: deprecated syntax "{a=>b, ...}" at /home/vagrant/.julia/v0.4/AudioIO/deps/build.jl:12.
Use "Dict{Any,Any}(a=>b, ...)" instead.

WARNING: deprecated syntax "{a=>b, ...}" at /home/vagrant/.julia/v0.4/AudioIO/deps/build.jl:22.
Use "Dict{Any,Any}(a=>b, ...)" instead.

WARNING: deprecated syntax "{a=>b, ...}" at /home/vagrant/.julia/v0.4/AudioIO/deps/build.jl:23.
Use "Dict{Any,Any}(a=>b, ...)" instead.

WARNING: deprecated syntax "[a=>b, ...]" at /home/vagrant/.julia/v0.4/AudioIO/deps/build.jl:26.
Use "Dict(a=>b, ...)" instead.
WARNING: beginswith is deprecated, use startswith instead.
 in depwarn at ./deprecated.jl:63
 in beginswith at deprecated.jl:30
 in available_versions at /home/vagrant/.julia/v0.4/BinDeps/src/dependencies.jl:116
 in package_available at /home/vagrant/.julia/v0.4/BinDeps/src/dependencies.jl:111
 in can_provide at /home/vagrant/.julia/v0.4/BinDeps/src/dependencies.jl:590
 in _find_library at /home/vagrant/.julia/v0.4/BinDeps/src/dependencies.jl:451
 in satisfy! at /home/vagrant/.julia/v0.4/BinDeps/src/dependencies.jl:720 (repeats 2 times)
 in anonymous at /home/vagrant/.julia/v0.4/BinDeps/src/dependencies.jl:775
 in include at ./boot.jl:254
 in include_from_node1 at ./loading.jl:133
 in evalfile at loading.jl:175 (repeats 2 times)
 in anonymous at pkg/entry.jl:652
 in cd at ./file.jl:22
 in build! at pkg/entry.jl:651
 in build at pkg/entry.jl:663
 in resolve at ./pkg/entry.jl:472
 in edit at pkg/entry.jl:26
 in anonymous at task.jl:365
while loading /home/vagrant/.julia/v0.4/AudioIO/deps/build.jl, in expression starting on line 26
WARNING: beginswith is deprecated, use startswith instead.
 in depwarn at ./deprecated.jl:63
 in beginswith at deprecated.jl:30
 in available_versions at /home/vagrant/.julia/v0.4/BinDeps/src/dependencies.jl:124
 in package_available at /home/vagrant/.julia/v0.4/BinDeps/src/dependencies.jl:111
 in can_provide at /home/vagrant/.julia/v0.4/BinDeps/src/dependencies.jl:590
 in _find_library at /home/vagrant/.julia/v0.4/BinDeps/src/dependencies.jl:451
 in satisfy! at /home/vagrant/.julia/v0.4/BinDeps/src/dependencies.jl:720 (repeats 2 times)
 in anonymous at /home/vagrant/.julia/v0.4/BinDeps/src/dependencies.jl:775
 in include at ./boot.jl:254
 in include_from_node1 at ./loading.jl:133
 in evalfile at loading.jl:175 (repeats 2 times)
 in anonymous at pkg/entry.jl:652
 in cd at ./file.jl:22
 in build! at pkg/entry.jl:651
 in build at pkg/entry.jl:663
 in resolve at ./pkg/entry.jl:472
 in edit at pkg/entry.jl:26
 in anonymous at task.jl:365
while loading /home/vagrant/.julia/v0.4/AudioIO/deps/build.jl, in expression starting on line 26
Installing dependency portaudio19-dev via `sudo apt-get install portaudio19-dev`:
Reading package lists...
Building dependency tree...
Reading state information...
The following package was automatically installed and is no longer required:
  xserver-xorg-core
Use 'apt-get autoremove' to remove them.
The following extra packages will be installed:
  libasound2 libasound2-dev libjack-dev libjack0 libportaudio2
  libportaudiocpp0
Suggested packages:
  libasound2-plugins libasound2-python libasound2-doc jackd1
The following NEW packages will be installed:
  libasound2 libasound2-dev libjack-dev libjack0 libportaudio2
  libportaudiocpp0 portaudio19-dev
0 upgraded, 7 newly installed, 0 to remove and 4 not upgraded.
1 not fully installed or removed.
Need to get 1,108 kB of archives.
After this operation, 4,608 kB of additional disk space will be used.
Get:1 http://archive.ubuntu.com/ubuntu/ precise-updates/main libasound2 amd64 1.0.25-1ubuntu10.2 [428 kB]
Get:2 http://archive.ubuntu.com/ubuntu/ precise/main libjack0 amd64 1:0.121.0+svn4538-3ubuntu1 [42.7 kB]
Get:3 http://archive.ubuntu.com/ubuntu/ precise/main libportaudio2 amd64 19+svn20111121-1 [74.0 kB]
Get:4 http://archive.ubuntu.com/ubuntu/ precise/main libportaudiocpp0 amd64 19+svn20111121-1 [19.2 kB]
Get:5 http://archive.ubuntu.com/ubuntu/ precise-updates/main libasound2-dev amd64 1.0.25-1ubuntu10.2 [70.9 kB]
Get:6 http://archive.ubuntu.com/ubuntu/ precise/main libjack-dev amd64 1:0.121.0+svn4538-3ubuntu1 [339 kB]
Get:7 http://archive.ubuntu.com/ubuntu/ precise/main portaudio19-dev amd64 19+svn20111121-1 [134 kB]
dpkg-preconfigure: unable to re-open stdin: No such file or directory
Fetched 1,108 kB in 2s (486 kB/s)
Selecting previously unselected package libasound2.
(Reading database ... 75758 files and directories currently installed.)
Unpacking libasound2 (from .../libasound2_1.0.25-1ubuntu10.2_amd64.deb) ...
Selecting previously unselected package libjack0.
Unpacking libjack0 (from .../libjack0_1%3a0.121.0+svn4538-3ubuntu1_amd64.deb) ...
Selecting previously unselected package libportaudio2.
Unpacking libportaudio2 (from .../libportaudio2_19+svn20111121-1_amd64.deb) ...
Selecting previously unselected package libportaudiocpp0.
Unpacking libportaudiocpp0 (from .../libportaudiocpp0_19+svn20111121-1_amd64.deb) ...
Selecting previously unselected package libasound2-dev.
Unpacking libasound2-dev (from .../libasound2-dev_1.0.25-1ubuntu10.2_amd64.deb) ...
Selecting previously unselected package libjack-dev.
Unpacking libjack-dev (from .../libjack-dev_1%3a0.121.0+svn4538-3ubuntu1_amd64.deb) ...
Selecting previously unselected package portaudio19-dev.
Unpacking portaudio19-dev (from .../portaudio19-dev_19+svn20111121-1_amd64.deb) ...
Setting up grub-pc (1.99-21ubuntu3.18) ...
[1;24r(B)0[m[1;24r[H[J[1;1H[7m                                                                                [2;1H                                                                                [3;1H                                                                                [4;1H                                                                                [5;1H                                                                                [6;1H                                                                                [7;1H                                                                                [8;1H                                                                                [9;1H                                                                                [10;1H                                                                                [11;1H                                                                                [12;1H                                                                                [13;1H                                                                                [14;1H                                                                                [15;1H                                                                                [16;1H                                                                                [17;1H                                                                                [18;1H                                                                                [19;1H                                                                                [20;1H                                                                                [21;1H                                                                                [22;1H                                                                                [23;1H                                                                                [24;1H                                                                               [1;1HPackage configuration[4;2Hâ”Œâ”€â”€â”€â”€â”€â”€â”€â”€â”€â”€â”€â”€â”€â”€â”€â”€â”€â”€â”€â”€â”€â”€â”€â”€â”€â”€â”¤ Configuring grub-pc â”œâ”€â”€â”€â”€â”€â”€â”€â”€â”€â”€â”€â”€â”€â”€â”€â”€â”€â”€â”€â”€â”€â”€â”€â”€â”€â”€â”[5;2Hâ”‚ A new version of configuration file /etc/default/grub is available, but   â”‚[6;2Hâ”‚ the version installed currently has been locally modified.[16Câ”‚[7;2Hâ”‚[75Câ”‚[8;2Hâ”‚ What do you want to do about modified configuration file grub?[12Câ”‚[9;2Hâ”‚[75Câ”‚[10;2Hâ”‚[8Cinstall the package maintainer's version[27Câ”‚[11;2Hâ”‚[8Ckeep the local version currently installed[25Câ”‚[12;2Hâ”‚[8Cshow the differences between the versions[26Câ”‚[13;2Hâ”‚[8Cshow a side-by-side difference between the versions[16Câ”‚[14;2Hâ”‚[8Cshow a 3-way difference between available versions[17Câ”‚[15;2Hâ”‚[8Cdo a 3-way merge between available versions (experimental)[9Câ”‚[16;2Hâ”‚[8Cstart a new shell to examine the situation[25Câ”‚[17;2Hâ”‚[75Câ”‚[18;2Hâ”‚[75Câ”‚[19;2Hâ”‚[34C<Ok>[37Câ”‚[20;2Hâ”‚[75Câ”‚[21;2Hâ””â”€â”€â”€â”€â”€â”€â”€â”€â”€â”€â”€â”€â”€â”€â”€â”€â”€â”€â”€â”€â”€â”€â”€â”€â”€â”€â”€â”€â”€â”€â”€â”€â”€â”€â”€â”€â”€â”€â”€â”€â”€â”€â”€â”€â”€â”€â”€â”€â”€â”€â”€â”€â”€â”€â”€â”€â”€â”€â”€â”€â”€â”€â”€â”€â”€â”€â”€â”€â”€â”€â”€â”€â”€â”€â”€â”˜[11;11HFailed to open terminal.debconf: whiptail output the above errors, giving up!
dpkg: error processing grub-pc (--configure):
 subprocess installed post-installation script returned error exit status 255
Setting up libasound2 (1.0.25-1ubuntu10.2) ...
Setting up libjack0 (1:0.121.0+svn4538-3ubuntu1) ...
Setting up libportaudio2 (19+svn20111121-1) ...
Setting up libportaudiocpp0 (19+svn20111121-1) ...
Setting up libasound2-dev (1.0.25-1ubuntu10.2) ...
Setting up libjack-dev (1:0.121.0+svn4538-3ubuntu1) ...
Setting up portaudio19-dev (19+svn20111121-1) ...
Processing triggers for libc-bin ...
ldconfig deferred processing now taking place
Errors were encountered while processing:
 grub-pc
E: Sub-process /usr/bin/dpkg returned an error code (1)
===============================[ ERROR: AudioIO ]===============================

LoadError: failed process: Process(`sudo apt-get install portaudio19-dev`, ProcessExited(100)) [100]
while loading /home/vagrant/.julia/v0.4/AudioIO/deps/build.jl, in expression starting on line 26

================================================================================

================================[ BUILD ERRORS ]================================

WARNING: AudioIO had build errors.

 - packages with build errors remain installed in /home/vagrant/.julia/v0.4
 - build the package(s) and all dependencies with `Pkg.build("AudioIO")`
 - build a single package by running its `deps/build.jl` script

================================================================================
INFO: Package database updated

>>> 'Pkg.test("AudioIO")' log
Julia Version 0.4.0-dev+5846
Commit 0503f2a (2015-07-08 02:04 UTC)
Platform Info:
  System: Linux (x86_64-unknown-linux-gnu)
  CPU: Intel(R) Xeon(R) CPU E5-2650 0 @ 2.00GHz
  WORD_SIZE: 64
  BLAS: libopenblas (USE64BITINT DYNAMIC_ARCH NO_AFFINITY Nehalem)
  LAPACK: libopenblas
  LIBM: libopenlibm
  LLVM: libLLVM-3.3
INFO: Computing test dependencies for AudioIO...
INFO: Installing FactCheck v0.2.8
INFO: Testing AudioIO
ERROR: LoadError: LoadError: LoadError: could not open file /home/vagrant/.julia/v0.4/AudioIO/src/../deps/deps.jl
 in include at ./boot.jl:254
 in include_from_node1 at ./loading.jl:133
 in include at ./boot.jl:254
 in include_from_node1 at ./loading.jl:133
 in reload_path at ./loading.jl:157
 in _require at ./loading.jl:69
 in require at ./loading.jl:52
 in include at ./boot.jl:254
 in include_from_node1 at ./loading.jl:133
 in anonymous at no file:14
 in include at ./boot.jl:254
 in include_from_node1 at loading.jl:133
 in process_options at ./client.jl:306
 in _start at ./client.jl:406
while loading /home/vagrant/.julia/v0.4/AudioIO/src/AudioIO.jl, in expression starting on line 60
while loading /home/vagrant/.julia/v0.4/AudioIO/test/test_AudioIO.jl, in expression starting on line 4
while loading /home/vagrant/.julia/v0.4/AudioIO/test/runtests.jl, in expression starting on line 13
===============================[ ERROR: AudioIO ]===============================

failed process: Process(`/home/vagrant/julia/bin/julia --check-bounds=yes --code-coverage=none --color=no /home/vagrant/.julia/v0.4/AudioIO/test/runtests.jl`, ProcessExited(1)) [1]

================================================================================
INFO: Removing FactCheck v0.2.8
ERROR: AudioIO had test errors
 in error at ./error.jl:21
 in test at pkg/entry.jl:746
 in anonymous at pkg/dir.jl:31
 in cd at file.jl:22
 in cd at pkg/dir.jl:31
 in test at pkg.jl:71
 in process_options at ./client.jl:282
 in _start at ./client.jl:406

>>> End of log
