>>> 'Pkg.add("AWS")' log
INFO: Cloning cache of AWS from git://github.com/amitmurthy/AWS.jl.git
INFO: Cloning cache of Calendar from git://github.com/nolta/Calendar.jl.git
INFO: Cloning cache of Codecs from git://github.com/dcjones/Codecs.jl.git
INFO: Cloning cache of HTTPClient from git://github.com/amitmurthy/HTTPClient.jl.git
INFO: Cloning cache of ICU from git://github.com/nolta/ICU.jl.git
INFO: Cloning cache of LibCURL from git://github.com/amitmurthy/LibCURL.jl.git
INFO: Cloning cache of LibExpat from git://github.com/amitmurthy/LibExpat.jl.git
INFO: Installing AWS v0.1.8
INFO: Installing BinDeps v0.3.1
INFO: Installing Calendar v0.4.2
INFO: Installing Codecs v0.1.2
INFO: Installing HTTPClient v0.1.4
INFO: Installing ICU v0.4.1
INFO: Installing LibCURL v0.1.3
INFO: Installing LibExpat v0.0.4
INFO: Installing SHA v0.0.2
INFO: Installing URIParser v0.0.2
INFO: Building ICU
=================================[ ERROR: ICU ]=================================

None of the selected providers can install dependency icu.
Use BinDeps.debug(package_name) to see available providers

while loading /home/idunning/pkgtest/.julia/v0.3/ICU/deps/build.jl, in expression starting on line 28

================================================================================
INFO: Building LibCURL

================================[ BUILD ERRORS ]================================

WARNING: ICU had build errors.

 - packages with build errors remain installed in /home/idunning/pkgtest/.julia/v0.3
 - build a package and all its dependencies with `Pkg.build(pkg)`
 - build a single package by running its `deps/build.jl` script

================================================================================
INFO: Package database updated

>>> 'using AWS' log
ERROR: could not open file /home/idunning/pkgtest/.julia/v0.3/ICU/src/../deps/deps.jl
 in include at ./boot.jl:245
 in include_from_node1 at ./loading.jl:128
 in include at ./boot.jl:245
 in include_from_node1 at ./loading.jl:128
 in reload_path at loading.jl:152
 in _require at loading.jl:67
 in require at loading.jl:54
 in include at ./boot.jl:245
 in include_from_node1 at ./loading.jl:128
 in reload_path at loading.jl:152
 in _require at loading.jl:67
 in require at loading.jl:54
 in include at ./boot.jl:245
 in include_from_node1 at ./loading.jl:128
 in reload_path at loading.jl:152
 in _require at loading.jl:67
 in require at loading.jl:51
 in include at ./boot.jl:245
 in include_from_node1 at loading.jl:128
 in process_options at ./client.jl:285
 in _start at ./client.jl:354
 in _start_3B_1699 at /home/idunning/julia03/usr/bin/../lib/julia/sys.so
while loading /home/idunning/pkgtest/.julia/v0.3/ICU/src/ICU.jl, in expression starting on line 54
while loading /home/idunning/pkgtest/.julia/v0.3/Calendar/src/Calendar.jl, in expression starting on line 1
while loading /home/idunning/pkgtest/.julia/v0.3/AWS/src/AWS.jl, in expression starting on line 3
while loading /home/idunning/pkgtest/.julia/v0.3/AWS/testusing.jl, in expression starting on line 1


>>> test log
no tests to run
>>> end of log
