>>> 'Pkg.add("AWSLambda")' log
WARNING: Base.Pkg is deprecated, run `using Pkg` instead
 in module Main
[ Info: Cloning cache of AWSLambda from https://github.com/samoconnor/AWSLambda.jl.git
[ Info: Cloning cache of AWSS3 from https://github.com/samoconnor/AWSS3.jl.git
[ Info: Cloning cache of AWSSNS from https://github.com/samoconnor/AWSSNS.jl.git
[ Info: Cloning cache of AWSSQS from https://github.com/samoconnor/AWSSQS.jl.git
[ Info: Cloning cache of FNVHash from https://github.com/samoconnor/FNVHash.jl.git
[ Info: Cloning cache of Glob from https://github.com/vtjnash/Glob.jl.git
[ Info: Cloning cache of InfoZIP from https://github.com/samoconnor/InfoZIP.jl.git
[ Info: Installing AWSCore v0.3.1
[ Info: Installing AWSEC2 v0.3.0
[ Info: Installing AWSIAM v0.3.0
[ Info: Installing AWSLambda v0.2.0
[ Info: Installing AWSS3 v0.3.0
[ Info: Installing AWSSNS v0.3.2
[ Info: Installing AWSSQS v0.3.0
[ Info: Installing BinDeps v0.8.6
[ Info: Installing DataStructures v0.7.4
[ Info: Installing FNVHash v0.1.0
[ Info: Installing Glob v1.1.1
[ Info: Installing HTTP v0.6.2
[ Info: Installing InfoZIP v0.1.6
[ Info: Installing IniFile v0.4.0
[ Info: Installing IterTools v0.2.1
[ Info: Installing LightXML v0.5.0
[ Info: Installing MbedTLS v0.5.5
[ Info: Installing Primes v0.2.0
[ Info: Installing Retry v0.1.4
[ Info: Installing SHA v0.5.6
[ Info: Installing SymDict v0.1.3
[ Info: Installing URIParser v0.3.0
[ Info: Installing XMLDict v0.1.3
[ Info: Building MbedTLS
Using system libraries...
WARNING: importing deprecated binding Base.Associative into BinDeps.
WARNING: Base.Associative is deprecated, use AbstractDict instead.
  likely near /home/vagrant/.julia/v0.7/MbedTLS/deps/build.jl:48
in @install at /home/vagrant/.julia/v0.7/BinDeps/src/dependencies.jl
[ Info: Building LightXML
┌ Warning: `is_windows` is deprecated, use `Sys.iswindows` instead.
│   caller = top-level scope
└ @ Core :0
[ Info: Package database updated
┌ Info: METADATA is out-of-date — you may not have the latest version of AWSLambda
└ Use `Pkg.update()` to get the latest versions of your packages

>>> 'Pkg.test("AWSLambda")' log
Package was unable to be tested.

>>> End of log
