>>> 'Pkg.add("AWSSES")' log
[ Info: Cloning cache of AWSSES from https://github.com/samoconnor/AWSSES.jl.git
[ Info: Installing AWSCore v0.3.1
[ Info: Installing AWSSES v0.3.0
[ Info: Installing BinDeps v0.8.5
[ Info: Installing DataStructures v0.7.4
[ Info: Installing HTTP v0.5.7
[ Info: Installing IniFile v0.3.1
[ Info: Installing IterTools v0.2.1
[ Info: Installing LightXML v0.5.0
[ Info: Installing MbedTLS v0.5.4
[ Info: Installing Retry v0.1.4
[ Info: Installing SHA v0.5.3
[ Info: Installing SymDict v0.1.3
[ Info: Installing URIParser v0.3.0
[ Info: Installing XMLDict v0.1.3
[ Info: Building MbedTLS
┌ Error: ------------------------------------------------------------
│ # Build failed for MbedTLS
│   exception =
│    LoadError: ArgumentError: Module Compat not found in current path.
│    Run `Pkg.add("Compat")` to install the Compat package.
│    Stacktrace:
│     [1] require(::Module, ::Symbol) at ./loading.jl:813
│     [2] include at ./boot.jl:292 [inlined]
│     [3] include_relative(::Module, ::String) at ./loading.jl:1011
│     [4] include at ./sysimg.jl:26 [inlined]
│     [5] include(::String) at ./loading.jl:1045
│     [6] top-level scope
│     [7] eval at ./boot.jl:295 [inlined]
│     [8] eval at ./sysimg.jl:71 [inlined]
│     [9] evalfile(::String, ::Array{String,1}) at ./loading.jl:1040 (repeats 2 times)
│     [10] #2 at ./none:12 [inlined]
│     [11] cd(::getfield(, Symbol("##2#5")){String}, ::String) at ./file.jl:70
│     [12] (::getfield(, Symbol("##1#3")))(::IOStream) at ./none:11
│     [13] open(::getfield(, Symbol("##1#3")), ::String, ::String) at ./iostream.jl:310
│     [14] top-level scope
│     [15] eval at ./boot.jl:295 [inlined]
│     [16] eval(::Module, ::Expr) at ./sysimg.jl:71
│     [17] process_options(::Base.JLOptions) at ./client.jl:301
│     [18] _start() at ./client.jl:375
│    in expression starting at /home/vagrant/.julia/v0.7/MbedTLS/deps/build.jl:1
└ @ Main none:15
[ Info: Building LightXML
┌ Error: ------------------------------------------------------------
│ # Build failed for LightXML
│   exception =
│    LoadError: ArgumentError: Module Compat not found in current path.
│    Run `Pkg.add("Compat")` to install the Compat package.
│    Stacktrace:
│     [1] require(::Module, ::Symbol) at ./loading.jl:813
│     [2] include at ./boot.jl:292 [inlined]
│     [3] include_relative(::Module, ::String) at ./loading.jl:1011
│     [4] include at ./sysimg.jl:26 [inlined]
│     [5] include(::String) at ./loading.jl:1045
│     [6] top-level scope
│     [7] eval at ./boot.jl:295 [inlined]
│     [8] eval at ./sysimg.jl:71 [inlined]
│     [9] evalfile(::String, ::Array{String,1}) at ./loading.jl:1040 (repeats 2 times)
│     [10] #2 at ./none:12 [inlined]
│     [11] cd(::getfield(, Symbol("##2#5")){String}, ::String) at ./file.jl:70
│     [12] (::getfield(, Symbol("##1#3")))(::IOStream) at ./none:11
│     [13] open(::getfield(, Symbol("##1#3")), ::String, ::String) at ./iostream.jl:310
│     [14] top-level scope
│     [15] eval at ./boot.jl:295 [inlined]
│     [16] eval(::Module, ::Expr) at ./sysimg.jl:71
│     [17] process_options(::Base.JLOptions) at ./client.jl:301
│     [18] _start() at ./client.jl:375
│    in expression starting at /home/vagrant/.julia/v0.7/LightXML/deps/build.jl:1
└ @ Main none:15
┌ Warning: ------------------------------------------------------------
│ # Build error summary
│ 
│ MbedTLS and LightXML had build errors.
│ 
│  - packages with build errors remain installed in /home/vagrant/.julia/v0.7
│  - build the package(s) and all dependencies with `Pkg.build("MbedTLS", "LightXML")`
│  - build a single package by running its `deps/build.jl` script
└ @ Base.Pkg.Entry entry.jl:648
[ Info: Package database updated

>>> 'Pkg.test("AWSSES")' log
Julia Version 0.7.0-DEV.3487
Commit 808e828bcb (2018-01-20 20:33 UTC)
Platform Info:
  OS: Linux (x86_64-pc-linux-gnu)
      Ubuntu 14.04.5 LTS
  uname: Linux 3.13.0-135-generic #184-Ubuntu SMP Wed Oct 18 11:55:51 UTC 2017 x86_64 x86_64
  CPU: Intel(R) Xeon(R) CPU E3-1241 v3 @ 3.50GHz: 
              speed         user         nice          sys         idle          irq
       #1  3499 MHz     523054 s         98 s      32826 s     152220 s          6 s
       #2  3499 MHz     102480 s         57 s      13694 s     704261 s          0 s
       
  Memory: 2.93927001953125 GB (833.47265625 MB free)
  Uptime: 8306.0 sec
  Load Avg:  0.95458984375  0.96240234375  1.0185546875
  WORD_SIZE: 64
  LIBM: libopenlibm
  LLVM: libLLVM-3.9.1 (ORCJIT, haswell)
Environment:
  TERM = vt100
  LD_LIBRARY_PATH = :/usr/local/lib/
  PATH = /usr/local/sbin:/usr/local/bin:/usr/sbin:/usr/bin:/sbin:/bin:/usr/games:/usr/local/games:/home/vagrant/julia/bin/
  JAVA_HOME = /usr/lib/jvm/java-8-openjdk-amd64
  HOME = /home/vagrant
Packages:
  Package Directory: /home/vagrant/.julia/v0.7
  Package Status:
2 required packages:
 - AWSSES                        0.3.0
 - JSON                          0.16.4
15 additional packages:
 - AWSCore                       0.3.1
 - BinDeps                       0.8.5
 - Compat                        0.48.0
 - DataStructures                0.7.4
 - HTTP                          0.5.7
 - IniFile                       0.3.1
 - IterTools                     0.2.1
 - LightXML                      0.5.0
 - MbedTLS                       0.5.4
 - Nullables                     0.0.3
 - Retry                         0.1.4
 - SHA                           0.5.3
 - SymDict                       0.1.3
 - URIParser                     0.3.0
 - XMLDict                       0.1.3
[ Info: Testing AWSSES
ERROR: LoadError: syntax: extra token "SymbolDict" after end of expression
Stacktrace:
 [1] include at ./boot.jl:292 [inlined]
 [2] include_relative(::Module, ::String) at ./loading.jl:1011
 [3] include(::Module, ::String) at ./sysimg.jl:26
 [4] top-level scope
 [5] eval at ./boot.jl:295 [inlined]
 [6] top-level scope at ./<missing>:3
in expression starting at /home/vagrant/.julia/v0.7/SymDict/src/SymDict.jl:20
ERROR: LoadError: Failed to precompile SymDict to /home/vagrant/.julia/lib/v0.7/SymDict.ji.
Stacktrace:
 [1] error at ./error.jl:33 [inlined]
 [2] compilecache(::Base.PkgId) at ./loading.jl:1161
 [3] _require(::Base.PkgId) at ./loading.jl:919
 [4] require(::Module, ::Symbol) at ./loading.jl:819
 [5] include at ./boot.jl:292 [inlined]
 [6] include_relative(::Module, ::String) at ./loading.jl:1011
 [7] include(::Module, ::String) at ./sysimg.jl:26
 [8] top-level scope
 [9] eval at ./boot.jl:295 [inlined]
 [10] top-level scope at ./<missing>:3
in expression starting at /home/vagrant/.julia/v0.7/AWSCore/src/AWSCore.jl:18
ERROR: LoadError: Failed to precompile AWSCore to /home/vagrant/.julia/lib/v0.7/AWSCore.ji.
Stacktrace:
 [1] error at ./error.jl:33 [inlined]
 [2] compilecache(::Base.PkgId) at ./loading.jl:1161
 [3] _require(::Base.PkgId) at ./loading.jl:919
 [4] require(::Module, ::Symbol) at ./loading.jl:819
 [5] include at ./boot.jl:292 [inlined]
 [6] include_relative(::Module, ::String) at ./loading.jl:1011
 [7] include(::Module, ::String) at ./sysimg.jl:26
 [8] top-level scope
 [9] eval at ./boot.jl:295 [inlined]
 [10] top-level scope at ./<missing>:3
in expression starting at /home/vagrant/.julia/v0.7/AWSSES/src/AWSSES.jl:18
ERROR: LoadError: Failed to precompile AWSSES to /home/vagrant/.julia/lib/v0.7/AWSSES.ji.
Stacktrace:
 [1] error at ./error.jl:33 [inlined]
 [2] compilecache(::Base.PkgId) at ./loading.jl:1161
 [3] _require(::Base.PkgId) at ./loading.jl:948
 [4] require(::Module, ::Symbol) at ./loading.jl:819
 [5] include at ./boot.jl:292 [inlined]
 [6] include_relative(::Module, ::String) at ./loading.jl:1011
 [7] include(::Module, ::String) at ./sysimg.jl:26
 [8] process_options(::Base.JLOptions) at ./client.jl:324
 [9] _start() at ./client.jl:375
in expression starting at /home/vagrant/.julia/v0.7/AWSSES/test/runtests.jl:1
┌ Error: ------------------------------------------------------------
│ # Testing failed for AWSSES
│   exception =
│    failed process: Process(`/home/vagrant/julia/bin/julia -Cnative -J/home/vagrant/julia/lib/julia/sys.so --compile=yes --depwarn=yes --code-coverage=none --color=no --compiled-modules=yes --check-bounds=yes --warn-overwrite=yes --startup-file=yes /home/vagrant/.julia/v0.7/AWSSES/test/runtests.jl`, ProcessExited(1)) [1]
│    Stacktrace:
│     [1] error(::String, ::Base.Process, ::String, ::Int64, ::String) at ./error.jl:42
│     [2] pipeline_error(::Base.Process) at ./process.jl:694
│     [3] run(::Cmd) at ./process.jl:656
│     [4] (::getfield(Base.Pkg.Entry, Symbol("##91#94")){Bool,String,Array{AbstractString,1}})() at ./pkg/entry.jl:728
│     [5] cd(::getfield(Base.Pkg.Entry, Symbol("##91#94")){Bool,String,Array{AbstractString,1}}, ::String) at ./file.jl:70
│     [6] #test!#90(::Bool, ::Function, ::String, ::Array{AbstractString,1}, ::Array{AbstractString,1}, ::Array{AbstractString,1}) at ./pkg/entry.jl:716
│     [7] (::getfield(Base.Pkg.Entry, Symbol("#kw##test!")))(::NamedTuple{(:coverage,),Tuple{Bool}}, ::typeof(Base.Pkg.Entry.test!), ::String, ::Array{AbstractString,1}, ::Array{AbstractString,1}, ::Array{AbstractString,1}) at ./<missing>:0
│     [8] #test#98(::Bool, ::Function, ::Array{AbstractString,1}) at ./pkg/entry.jl:755
│     [9] (::getfield(Base.Pkg.Entry, Symbol("#kw##test")))(::NamedTuple{(:coverage,),Tuple{Bool}}, ::typeof(Base.Pkg.Entry.test), ::Array{AbstractString,1}) at ./<missing>:0
│     [10] (::getfield(Base.Pkg.Dir, Symbol("##4#7")){Base.Iterators.IndexValue{Symbol,Bool,Tuple{Symbol},NamedTuple{(:coverage,),Tuple{Bool}}},typeof(Base.Pkg.Entry.test),Tuple{Array{AbstractString,1}}})() at ./pkg/dir.jl:36
│     [11] cd(::getfield(Base.Pkg.Dir, Symbol("##4#7")){Base.Iterators.IndexValue{Symbol,Bool,Tuple{Symbol},NamedTuple{(:coverage,),Tuple{Bool}}},typeof(Base.Pkg.Entry.test),Tuple{Array{AbstractString,1}}}, ::String) at ./file.jl:70
│     [12] #cd#1(::Base.Iterators.IndexValue{Symbol,Bool,Tuple{Symbol},NamedTuple{(:coverage,),Tuple{Bool}}}, ::Function, ::Function, ::Array{AbstractString,1}, ::Vararg{Array{AbstractString,1},N} where N) at ./pkg/dir.jl:36
│     [13] (::getfield(Base.Pkg.Dir, Symbol("#kw##cd")))(::NamedTuple{(:coverage,),Tuple{Bool}}, ::typeof(Base.Pkg.Dir.cd), ::Function, ::Array{AbstractString,1}, ::Vararg{Array{AbstractString,1},N} where N) at ./<missing>:0
│     [14] #test#3(::Bool, ::Function, ::String, ::Vararg{String,N} where N) at ./pkg/pkg.jl:274
│     [15] test(::String, ::Vararg{String,N} where N) at ./pkg/pkg.jl:274
│     [16] top-level scope
│     [17] eval at ./boot.jl:295 [inlined]
│     [18] eval(::Module, ::Expr) at ./sysimg.jl:71
│     [19] process_options(::Base.JLOptions) at ./client.jl:301
│     [20] _start() at ./client.jl:375
└ @ Base.Pkg.Entry entry.jl:731
ERROR: AWSSES had test errors

>>> End of log
