>>> 'Pkg.add("Bandits")' log
WARNING: Base.Pkg is deprecated, run `using Pkg` instead.
 in module Main
[ Info: Cloning cache of Bandits from https://github.com/rawls238/Bandits.jl.git
[ Info: Installing Bandits v0.1.0
[ Info: Installing BinDeps v0.8.6
[ Info: Installing Calculus v0.2.2
[ Info: Installing DataStructures v0.7.4
[ Info: Installing Distributions v0.15.0
[ Info: Installing PDMats v0.8.0
[ Info: Installing QuadGK v0.2.0
[ Info: Installing Rmath v0.3.2
[ Info: Installing SHA v0.5.6
[ Info: Installing SortingAlgorithms v0.2.0
[ Info: Installing SpecialFunctions v0.3.8
[ Info: Installing StatsBase v0.19.5
[ Info: Installing StatsFuns v0.5.0
[ Info: Installing URIParser v0.3.0
[ Info: Building SpecialFunctions
┌ Warning: `isalnum(c::Char)` is deprecated, use `isalpha(c) || isnumeric(c)` instead.
│   caller = is_userinfo_char at parser.jl:4 [inlined]
└ @ Core parser.jl:4
┌ Warning: `isalnum(c::Char)` is deprecated, use `isalpha(c) || isnumeric(c)` instead.
│   caller = is_host_char at parser.jl:8 [inlined]
└ @ Core parser.jl:8
┌ Warning: `isalnum(c::Char)` is deprecated, use `isalpha(c) || isnumeric(c)` instead.
│   caller = is_host_char at parser.jl:8 [inlined]
└ @ Core parser.jl:8
WARNING: importing deprecated binding Base.Associative into BinDeps.
WARNING: Base.Associative is deprecated, use AbstractDict instead.
  likely near /home/vagrant/.julia/v0.7/SpecialFunctions/deps/binaries.jl:44
in @install at /home/vagrant/.julia/v0.7/BinDeps/src/dependencies.jl
[ Info: Building Rmath
┌ Warning: `isalnum(c::Char)` is deprecated, use `isalpha(c) || isnumeric(c)` instead.
│   caller = is_userinfo_char at parser.jl:4 [inlined]
└ @ Core parser.jl:4
┌ Warning: `isalnum(c::Char)` is deprecated, use `isalpha(c) || isnumeric(c)` instead.
│   caller = is_host_char at parser.jl:8 [inlined]
└ @ Core parser.jl:8
┌ Warning: `isalnum(c::Char)` is deprecated, use `isalpha(c) || isnumeric(c)` instead.
│   caller = is_host_char at parser.jl:8 [inlined]
└ @ Core parser.jl:8
WARNING: importing deprecated binding Base.Associative into BinDeps.
WARNING: Base.Associative is deprecated, use AbstractDict instead.
  likely near /home/vagrant/.julia/v0.7/Rmath/deps/build.jl:47
in @install at /home/vagrant/.julia/v0.7/BinDeps/src/dependencies.jl
[ Info: Package database updated

>>> 'Pkg.test("Bandits")' log
WARNING: Base.versioninfo is deprecated: it has been moved to the standard library package `InteractiveUtils`.
Add a `using InteractiveUtils` to your imports..
 in module Main
WARNING: Base.versioninfo is deprecated: it has been moved to the standard library package `InteractiveUtils`.
Add a `using InteractiveUtils` to your imports..
 in module Main
Julia Version 0.7.0-DEV.3715
Commit a1bec2a6e1 (2018-02-04 17:54 UTC)
Platform Info:
  OS: Linux (x86_64-pc-linux-gnu)
      Ubuntu 14.04.5 LTS
  uname: Linux 3.13.0-135-generic #184-Ubuntu SMP Wed Oct 18 11:55:51 UTC 2017 x86_64 x86_64
  CPU: Intel(R) Xeon(R) CPU E3-1241 v3 @ 3.50GHz: 
              speed         user         nice          sys         idle          irq
       #1  3499 MHz     744525 s         57 s      43932 s     232674 s          7 s
       #2  3499 MHz     179251 s        102 s      20764 s     972496 s          0 s
       
  Memory: 2.93927001953125 GB (974.32421875 MB free)
  Uptime: 11920.0 sec
  Load Avg:  0.9970703125  1.0068359375  1.0302734375
  WORD_SIZE: 64
  LIBM: libopenlibm
  LLVM: libLLVM-3.9.1 (ORCJIT, haswell)
Environment:
  TERM = vt100
  LD_LIBRARY_PATH = :/usr/local/lib/
  PATH = /usr/local/sbin:/usr/local/bin:/usr/sbin:/usr/bin:/sbin:/bin:/usr/games:/usr/local/games:/home/vagrant/julia/bin/
  JAVA_HOME = /usr/lib/jvm/java-8-openjdk-amd64
  HOME = /home/vagrant
Packages:
  Package Directory: /home/vagrant/.julia/v0.7
  Package Status:
2 required packages:
 - Bandits                       0.1.0
 - JSON                          0.16.4
15 additional packages:
 - BinDeps                       0.8.6
 - Calculus                      0.2.2
 - Compat                        0.52.0
 - DataStructures                0.7.4
 - Distributions                 0.15.0
 - Nullables                     0.0.3
 - PDMats                        0.8.0
 - QuadGK                        0.2.0
 - Rmath                         0.3.2
 - SHA                           0.5.6
 - SortingAlgorithms             0.2.0
 - SpecialFunctions              0.3.8
 - StatsBase                     0.19.5
 - StatsFuns                     0.5.0
 - URIParser                     0.3.0
WARNING: Base.Pkg is deprecated, run `using Pkg` instead.
 in module Main
[ Info: Testing Bandits
Running tests ...
* test_basic.jl ...
WARNING: importing deprecated binding Base.logdet into PDMats.
WARNING: importing deprecated binding Base.diag into PDMats.
WARNING: importing deprecated binding Base.diagm into PDMats.
WARNING: importing deprecated binding Base.eigmax into PDMats.
WARNING: importing deprecated binding Base.eigmin into PDMats.
WARNING: Base.BLAS is deprecated: it has been moved to the standard library package `LinearAlgebra`.
Add a `using LinearAlgebra` to your imports..
  likely near /home/vagrant/.julia/v0.7/PDMats/src/PDMats.jl:39
ERROR: LoadError: UndefVarError: LAPACK not defined
Stacktrace:
 [1] include at ./boot.jl:296 [inlined]
 [2] include_relative(::Module, ::String) at ./loading.jl:1012
 [3] include(::Module, ::String) at ./sysimg.jl:26
 [4] top-level scope
 [5] eval at ./boot.jl:299 [inlined]
 [6] top-level scope at ./<missing>:3
in expression starting at /home/vagrant/.julia/v0.7/PDMats/src/PDMats.jl:40
ERROR: LoadError: Failed to precompile PDMats to /home/vagrant/.julia/lib/v0.7/PDMats.ji.
Stacktrace:
 [1] error at ./error.jl:33 [inlined]
 [2] compilecache(::Base.PkgId) at ./loading.jl:1157
 [3] _require(::Base.PkgId) at ./loading.jl:920
 [4] require(::Module, ::Symbol) at ./loading.jl:820
 [5] include at ./boot.jl:296 [inlined]
 [6] include_relative(::Module, ::String) at ./loading.jl:1012
 [7] include(::Module, ::String) at ./sysimg.jl:26
 [8] top-level scope
 [9] eval at ./boot.jl:299 [inlined]
 [10] top-level scope at ./<missing>:3
in expression starting at /home/vagrant/.julia/v0.7/Distributions/src/Distributions.jl:5
ERROR: LoadError: LoadError: LoadError: Failed to precompile Distributions to /home/vagrant/.julia/lib/v0.7/Distributions.ji.
Stacktrace:
 [1] error at ./error.jl:33 [inlined]
 [2] compilecache(::Base.PkgId) at ./loading.jl:1157
 [3] _require(::Base.PkgId) at ./loading.jl:949
 [4] require(::Module, ::Symbol) at ./loading.jl:820
 [5] include at ./boot.jl:296 [inlined]
 [6] include_relative(::Module, ::String) at ./loading.jl:1012
 [7] _require(::Base.PkgId) at ./loading.jl:939
 [8] require(::Module, ::Symbol) at ./loading.jl:820
 [9] include at ./boot.jl:296 [inlined]
 [10] include_relative(::Module, ::String) at ./loading.jl:1012
 [11] include(::Module, ::String) at ./sysimg.jl:26
 [12] include(::String) at ./sysimg.jl:65
 [13] top-level scope at ./<missing>:8
 [14] include at ./boot.jl:296 [inlined]
 [15] include_relative(::Module, ::String) at ./loading.jl:1012
 [16] include(::Module, ::String) at ./sysimg.jl:26
 [17] exec_options(::Base.JLOptions) at ./client.jl:332
 [18] _start() at ./client.jl:447
in expression starting at /home/vagrant/.julia/v0.7/Bandits/src/Bandits.jl:2
in expression starting at /home/vagrant/.julia/v0.7/Bandits/test/test_basic.jl:1
in expression starting at /home/vagrant/.julia/v0.7/Bandits/test/runtests.jl:5
┌ Error: ------------------------------------------------------------
│ # Testing failed for Bandits
│   exception =
│    failed process: Process(`/home/vagrant/julia/bin/julia -Cnative -J/home/vagrant/julia/lib/julia/sys.so --compile=yes --depwarn=yes --code-coverage=none --color=no --compiled-modules=yes --check-bounds=yes --warn-overwrite=yes --startup-file=yes /home/vagrant/.julia/v0.7/Bandits/test/runtests.jl`, ProcessExited(1)) [1]
│    Stacktrace:
│     [1] error(::String, ::Base.Process, ::String, ::Int64, ::String) at ./error.jl:42
│     [2] pipeline_error(::Base.Process) at ./process.jl:698
│     [3] run(::Cmd) at ./process.jl:660
│     [4] (::getfield(Pkg.Entry, Symbol("##89#92")){Bool,String,Array{AbstractString,1}})() at /buildworker/worker/package_linux64/build/usr/share/julia/site/v0.7/Pkg/src/entry.jl:731
│     [5] cd(::getfield(Pkg.Entry, Symbol("##89#92")){Bool,String,Array{AbstractString,1}}, ::String) at ./file.jl:70
│     [6] #test!#88(::Bool, ::Function, ::String, ::Array{AbstractString,1}, ::Array{AbstractString,1}, ::Array{AbstractString,1}) at /buildworker/worker/package_linux64/build/usr/share/julia/site/v0.7/Pkg/src/entry.jl:719
│     [7] (::getfield(Pkg.Entry, Symbol("#kw##test!")))(::NamedTuple{(:coverage,),Tuple{Bool}}, ::typeof(Pkg.Entry.test!), ::String, ::Array{AbstractString,1}, ::Array{AbstractString,1}, ::Array{AbstractString,1}) at ./<missing>:0
│     [8] #test#96(::Bool, ::Function, ::Array{AbstractString,1}) at /buildworker/worker/package_linux64/build/usr/share/julia/site/v0.7/Pkg/src/entry.jl:758
│     [9] (::getfield(Pkg.Entry, Symbol("#kw##test")))(::NamedTuple{(:coverage,),Tuple{Bool}}, ::typeof(Pkg.Entry.test), ::Array{AbstractString,1}) at ./<missing>:0
│     [10] (::getfield(Pkg.Dir, Symbol("##4#7")){Base.Iterators.Pairs{Symbol,Bool,Tuple{Symbol},NamedTuple{(:coverage,),Tuple{Bool}}},typeof(Pkg.Entry.test),Tuple{Array{AbstractString,1}}})() at /buildworker/worker/package_linux64/build/usr/share/julia/site/v0.7/Pkg/src/dir.jl:36
│     [11] cd(::getfield(Pkg.Dir, Symbol("##4#7")){Base.Iterators.Pairs{Symbol,Bool,Tuple{Symbol},NamedTuple{(:coverage,),Tuple{Bool}}},typeof(Pkg.Entry.test),Tuple{Array{AbstractString,1}}}, ::String) at ./file.jl:70
│     [12] #cd#1(::Base.Iterators.Pairs{Symbol,Bool,Tuple{Symbol},NamedTuple{(:coverage,),Tuple{Bool}}}, ::Function, ::Function, ::Array{AbstractString,1}, ::Vararg{Array{AbstractString,1},N} where N) at /buildworker/worker/package_linux64/build/usr/share/julia/site/v0.7/Pkg/src/dir.jl:36
│     [13] (::getfield(Pkg.Dir, Symbol("#kw##cd")))(::NamedTuple{(:coverage,),Tuple{Bool}}, ::typeof(Pkg.Dir.cd), ::Function, ::Array{AbstractString,1}, ::Vararg{Array{AbstractString,1},N} where N) at ./<missing>:0
│     [14] #test#3(::Bool, ::Function, ::String, ::Vararg{String,N} where N) at /buildworker/worker/package_linux64/build/usr/share/julia/site/v0.7/Pkg/src/Pkg.jl:275
│     [15] test(::String, ::Vararg{String,N} where N) at /buildworker/worker/package_linux64/build/usr/share/julia/site/v0.7/Pkg/src/Pkg.jl:275
│     [16] top-level scope
│     [17] eval at ./boot.jl:299 [inlined]
│     [18] eval(::Module, ::Expr) at ./sysimg.jl:71
│     [19] exec_options(::Base.JLOptions) at ./client.jl:309
│     [20] _start() at ./client.jl:447
└ @ Pkg.Entry entry.jl:734
ERROR: Bandits had test errors

>>> End of log
