>>> 'Pkg.add("BayesNets")' log
INFO: Cloning cache of BayesNets from https://github.com/sisl/BayesNets.jl.git
INFO: Cloning cache of Discretizers from https://github.com/sisl/Discretizers.jl.git
INFO: Cloning cache of TikzGraphs from https://github.com/sisl/TikzGraphs.jl.git
INFO: Cloning cache of TikzPictures from https://github.com/sisl/TikzPictures.jl.git
INFO: Installing AutoHashEquals v0.1.1
INFO: Installing BayesNets v1.0.5
INFO: Installing BinDeps v0.4.7
INFO: Installing Blosc v0.2.0
INFO: Installing Calculus v0.2.2
INFO: Installing DataArrays v0.3.12
INFO: Installing DataFrames v0.9.0
INFO: Installing DataStructures v0.5.3
INFO: Installing Discretizers v0.3.1
INFO: Installing Distributions v0.12.2
INFO: Installing EzXML v0.4.3
INFO: Installing FileIO v0.3.1
INFO: Installing GZip v0.3.0
INFO: Installing HDF5 v0.7.3
INFO: Installing Iterators v0.3.0
INFO: Installing JLD v0.6.10
INFO: Installing LaTeXStrings v0.2.0
INFO: Installing LegacyStrings v0.2.1
INFO: Installing LightGraphs v0.7.4
INFO: Installing LightXML v0.4.0
INFO: Installing PDMats v0.5.6
INFO: Installing ParserCombinator v1.7.11
INFO: Installing QuadGK v0.1.1
INFO: Installing Reexport v0.0.3
INFO: Installing Rmath v0.1.6
INFO: Installing SHA v0.3.2
INFO: Installing SortingAlgorithms v0.1.1
INFO: Installing SpecialFunctions v0.1.1
INFO: Installing StatsBase v0.13.1
INFO: Installing StatsFuns v0.4.0
INFO: Installing TikzGraphs v0.4.0
INFO: Installing TikzPictures v0.3.5
INFO: Installing URIParser v0.1.8
INFO: Building EzXML
INFO: Building Rmath
INFO: Building Blosc
INFO: Building HDF5
INFO: Building LightXML
INFO: Package database updated
INFO: METADATA is out-of-date — you may not have the latest version of BayesNets
INFO: Use `Pkg.update()` to get the latest versions of your packages

>>> 'Pkg.test("BayesNets")' log
Julia Version 0.5.1
Commit 6445c82 (2017-03-05 13:25 UTC)
Platform Info:
  OS: Linux (x86_64-pc-linux-gnu)
  CPU: Intel(R) Xeon(R) CPU E3-1241 v3 @ 3.50GHz
  WORD_SIZE: 64
           Ubuntu 14.04.5 LTS
  uname: Linux 3.13.0-113-generic #160-Ubuntu SMP Thu Mar 9 09:27:29 UTC 2017 x86_64 x86_64
Memory: 2.9392738342285156 GB (858.109375 MB free)
Uptime: 6921.0 sec
Load Avg:  1.01123046875  1.0439453125  1.14208984375
Intel(R) Xeon(R) CPU E3-1241 v3 @ 3.50GHz: 
       speed         user         nice          sys         idle          irq
#1  3499 MHz     345164 s         96 s      44822 s     228757 s         11 s
#2  3499 MHz     164482 s         54 s      30414 s     475525 s          0 s

  BLAS: libopenblas (USE64BITINT DYNAMIC_ARCH NO_AFFINITY Nehalem)
  LAPACK: libopenblas64_
  LIBM: libopenlibm
  LLVM: libLLVM-3.7.1 (ORCJIT, haswell)
Environment:
  TERM = vt100
  LD_LIBRARY_PATH = :/usr/local/lib/
  PATH = /usr/local/sbin:/usr/local/bin:/usr/sbin:/usr/bin:/sbin:/bin:/usr/games:/usr/local/games:/home/vagrant/julia/bin/
  JAVA_HOME = /usr/lib/jvm/java-7-oracle
  HOME = /home/vagrant

Package Directory: /home/vagrant/.julia/v0.5
2 required packages:
 - BayesNets                     1.0.5
 - JSON                          0.8.3
33 additional packages:
 - AutoHashEquals                0.1.1
 - BinDeps                       0.4.7
 - Blosc                         0.2.0
 - Calculus                      0.2.2
 - Compat                        0.21.0
 - DataArrays                    0.3.12
 - DataFrames                    0.9.0
 - DataStructures                0.5.3
 - Discretizers                  0.3.1
 - Distributions                 0.12.2
 - EzXML                         0.4.3
 - FileIO                        0.3.1
 - GZip                          0.3.0
 - HDF5                          0.7.3
 - Iterators                     0.3.0
 - JLD                           0.6.10
 - LaTeXStrings                  0.2.0
 - LegacyStrings                 0.2.1
 - LightGraphs                   0.7.4
 - LightXML                      0.4.0
 - PDMats                        0.5.6
 - ParserCombinator              1.7.11
 - QuadGK                        0.1.1
 - Reexport                      0.0.3
 - Rmath                         0.1.6
 - SHA                           0.3.2
 - SortingAlgorithms             0.1.1
 - SpecialFunctions              0.1.1
 - StatsBase                     0.13.1
 - StatsFuns                     0.4.0
 - TikzGraphs                    0.4.0
 - TikzPictures                  0.3.5
 - URIParser                     0.1.8
INFO: Computing test dependencies for BayesNets...
INFO: Cloning cache of NBInclude from https://github.com/stevengj/NBInclude.jl.git
INFO: Cloning cache of RData from https://github.com/JuliaStats/RData.jl.git
INFO: Cloning cache of RDatasets from https://github.com/johnmyleswhite/RDatasets.jl.git
INFO: Installing NBInclude v1.1.0
INFO: Installing RData v0.0.4
INFO: Installing RDatasets v0.2.0
INFO: Testing BayesNets
ERROR: LoadError: UndefVarError: SimpleGraph not defined
 in include_from_node1(::String) at ./loading.jl:488
 in macro expansion; at ./none:2 [inlined]
 in anonymous at ./<missing>:?
 in eval(::Module, ::Any) at ./boot.jl:234
 in process_options(::Base.JLOptions) at ./client.jl:242
 in _start() at ./client.jl:321
while loading /home/vagrant/.julia/v0.5/TikzGraphs/src/TikzGraphs.jl, in expression starting on line 34
ERROR: LoadError: Failed to precompile TikzGraphs to /home/vagrant/.julia/lib/v0.5/TikzGraphs.ji.
 in compilecache(::String) at ./loading.jl:593
 in require(::Symbol) at ./loading.jl:393
 in include_from_node1(::String) at ./loading.jl:488
 in macro expansion; at ./none:2 [inlined]
 in anonymous at ./<missing>:?
 in eval(::Module, ::Any) at ./boot.jl:234
 in process_options(::Base.JLOptions) at ./client.jl:242
 in _start() at ./client.jl:321
while loading /home/vagrant/.julia/v0.5/BayesNets/src/BayesNets.jl, in expression starting on line 19
ERROR: LoadError: Failed to precompile BayesNets to /home/vagrant/.julia/lib/v0.5/BayesNets.ji.
 in compilecache(::String) at ./loading.jl:593
 in require(::Symbol) at ./loading.jl:422
 in include_from_node1(::String) at ./loading.jl:488
 in process_options(::Base.JLOptions) at ./client.jl:265
 in _start() at ./client.jl:321
while loading /home/vagrant/.julia/v0.5/BayesNets/test/runtests.jl, in expression starting on line 1
==============================[ ERROR: BayesNets ]==============================

failed process: Process(`/home/vagrant/julia/bin/julia -Cx86-64 -J/home/vagrant/julia/lib/julia/sys.so --compile=yes --depwarn=yes --check-bounds=yes --code-coverage=none --color=no --compilecache=yes /home/vagrant/.julia/v0.5/BayesNets/test/runtests.jl`, ProcessExited(1)) [1]

================================================================================
INFO: Removing NBInclude v1.1.0
INFO: Removing RData v0.0.4
INFO: Removing RDatasets v0.2.0
ERROR: BayesNets had test errors
 in #test#61(::Bool, ::Function, ::Array{AbstractString,1}) at ./pkg/entry.jl:749
 in (::Base.Pkg.Entry.#kw##test)(::Array{Any,1}, ::Base.Pkg.Entry.#test, ::Array{AbstractString,1}) at ./<missing>:0
 in (::Base.Pkg.Dir.##2#3{Array{Any,1},Base.Pkg.Entry.#test,Tuple{Array{AbstractString,1}}})() at ./pkg/dir.jl:31
 in cd(::Base.Pkg.Dir.##2#3{Array{Any,1},Base.Pkg.Entry.#test,Tuple{Array{AbstractString,1}}}, ::String) at ./file.jl:59
 in #cd#1(::Array{Any,1}, ::Function, ::Function, ::Array{AbstractString,1}, ::Vararg{Array{AbstractString,1},N}) at ./pkg/dir.jl:31
 in (::Base.Pkg.Dir.#kw##cd)(::Array{Any,1}, ::Base.Pkg.Dir.#cd, ::Function, ::Array{AbstractString,1}, ::Vararg{Array{AbstractString,1},N}) at ./<missing>:0
 in #test#3(::Bool, ::Function, ::String, ::Vararg{String,N}) at ./pkg/pkg.jl:258
 in test(::String, ::Vararg{String,N}) at ./pkg/pkg.jl:258
 in eval(::Module, ::Any) at ./boot.jl:234
 in process_options(::Base.JLOptions) at ./client.jl:242
 in _start() at ./client.jl:321

>>> End of log
