>>> 'Pkg.add("BayesianDataFusion")' log
INFO: Cloning cache of BayesianDataFusion from https://github.com/jaak-s/BayesianDataFusion.jl.git
INFO: Installing BayesianDataFusion v1.1.0
INFO: Installing BinDeps v0.4.2
INFO: Installing Calculus v0.1.15
INFO: Installing DataArrays v0.3.8
INFO: Installing DataFrames v0.7.6
INFO: Installing Distributions v0.10.0
INFO: Installing Docile v0.5.23
INFO: Installing GZip v0.2.19
INFO: Installing Iterators v0.1.10
INFO: Installing PDMats v0.4.2
INFO: Installing Reexport v0.0.3
INFO: Installing Rmath v0.1.2
INFO: Installing SHA v0.2.0
INFO: Installing SortingAlgorithms v0.1.0
INFO: Installing StatsBase v0.9.0
INFO: Installing StatsFuns v0.3.0
INFO: Installing URIParser v0.1.5
INFO: Building Rmath
INFO: Package database updated

>>> 'Pkg.test("BayesianDataFusion")' log
Julia Version 0.5.0-rc1+0
Commit cede539 (2016-08-04 08:48 UTC)
Platform Info:
  System: Linux (x86_64-unknown-linux-gnu)
  CPU: Intel(R) Xeon(R) CPU E3-1241 v3 @ 3.50GHz
  WORD_SIZE: 64
           Ubuntu 14.04.5 LTS
  uname: Linux 3.13.0-92-generic #139-Ubuntu SMP Tue Jun 28 20:42:26 UTC 2016 x86_64 x86_64
Memory: 2.4471054077148438 GB (1721.5390625 MB free)
Uptime: 4378.0 sec
Load Avg:  0.97216796875  0.9912109375  0.9794921875
Intel(R) Xeon(R) CPU E3-1241 v3 @ 3.50GHz: 
       speed         user         nice          sys         idle          irq
#1  3499 MHz     195210 s         87 s      36883 s     144977 s          8 s
#2  3499 MHz      69794 s         44 s      23950 s     326004 s          0 s

  BLAS: libopenblas (USE64BITINT DYNAMIC_ARCH NO_AFFINITY Nehalem)
  LAPACK: libopenblas64_
  LIBM: libopenlibm
  LLVM: libLLVM-3.7.1 (ORCJIT, haswell)
Environment:
  TERM = vt100
  LD_LIBRARY_PATH = :/usr/local/lib/
  PATH = /usr/local/sbin:/usr/local/bin:/usr/sbin:/usr/bin:/sbin:/bin:/usr/games:/usr/local/games:/home/vagrant/julia/bin/
  JAVA_HOME = /usr/lib/jvm/java-7-oracle
  HOME = /home/vagrant

Package Directory: /home/vagrant/.julia/v0.5
2 required packages:
 - BayesianDataFusion            1.1.0
 - JSON                          0.6.0
17 additional packages:
 - BinDeps                       0.4.2
 - Calculus                      0.1.15
 - Compat                        0.8.6
 - DataArrays                    0.3.8
 - DataFrames                    0.7.6
 - Distributions                 0.10.0
 - Docile                        0.5.23
 - GZip                          0.2.19
 - Iterators                     0.1.10
 - PDMats                        0.4.2
 - Reexport                      0.0.3
 - Rmath                         0.1.2
 - SHA                           0.2.0
 - SortingAlgorithms             0.1.0
 - StatsBase                     0.9.0
 - StatsFuns                     0.3.0
 - URIParser                     0.1.5
INFO: Testing BayesianDataFusion
INFO: Recompiling stale cache file /home/vagrant/.julia/lib/v0.5/Rmath.ji for module Rmath.
INFO: Recompiling stale cache file /home/vagrant/.julia/lib/v0.5/StatsFuns.ji for module StatsFuns.
INFO: Recompiling stale cache file /home/vagrant/.julia/lib/v0.5/Distributions.ji for module Distributions.
INFO: Recompiling stale cache file /home/vagrant/.julia/lib/v0.5/StatsBase.ji for module StatsBase.

WARNING: deprecated syntax "x::Float64".
Use "local x::Float64" instead.

WARNING: deprecated syntax "r::Float64".
Use "local r::Float64" instead.

WARNING: deprecated syntax "rmin::Float64".
Use "local rmin::Float64" instead.

WARNING: deprecated syntax "rmax::Float64".
Use "local rmax::Float64" instead.
WARNING: `@unix_only` is deprecated, use `@static if is_unix()` instead
 in depwarn(::String, ::Symbol) at ./deprecated.jl:64
 in @unix_only(::Any) at ./deprecated.jl:493
 in include_from_node1(::String) at ./loading.jl:426 (repeats 2 times)
 in macro expansion; at ./none:2 [inlined]
 in anonymous at ./<missing>:?
 in eval(::Module, ::Any) at ./boot.jl:234
 in process_options(::Base.JLOptions) at ./client.jl:239
 in _start() at ./client.jl:318
while loading /home/vagrant/.julia/v0.5/GZip/src/zlib_h.jl, in expression starting on line 3
WARNING: bytestring(p::Union{Ptr{Int8},Ptr{UInt8}}) is deprecated, use unsafe_string(p) instead.
 in depwarn(::String, ::Symbol) at ./deprecated.jl:64
 in bytestring(::Ptr{UInt8}) at ./deprecated.jl:50
 in anonymous at ./<missing>:?
 in include_from_node1(::String) at ./loading.jl:426 (repeats 2 times)
 in macro expansion; at ./none:2 [inlined]
 in anonymous at ./<missing>:?
 in eval(::Module, ::Any) at ./boot.jl:234
 in process_options(::Base.JLOptions) at ./client.jl:239
 in _start() at ./client.jl:318
while loading /home/vagrant/.julia/v0.5/GZip/src/zlib_h.jl, in expression starting on line 8
WARNING: bytestring(p::Union{Ptr{Int8},Ptr{UInt8}}) is deprecated, use unsafe_string(p) instead.
 in depwarn(::String, ::Symbol) at ./deprecated.jl:64
 in bytestring(::Ptr{UInt8}) at ./deprecated.jl:50
 in anonymous at ./<missing>:?
 in include_from_node1(::String) at ./loading.jl:426
 in macro expansion; at ./none:2 [inlined]
 in anonymous at ./<missing>:?
 in eval(::Module, ::Any) at ./boot.jl:234
 in process_options(::Base.JLOptions) at ./client.jl:239
 in _start() at ./client.jl:318
while loading /home/vagrant/.julia/v0.5/GZip/src/GZip.jl, in expression starting on line 78
WARNING: Base.LambdaStaticData is deprecated, use LambdaInfo instead.
  likely near /home/vagrant/.julia/v0.5/Docile/src/Utilities.jl:122
WARNING: symbol is deprecated, use Symbol instead.
 in depwarn(::String, ::Symbol) at ./deprecated.jl:64
 in symbol(::SubString{String}, ::Vararg{SubString{String},N}) at ./deprecated.jl:30
 in collect(::Base.Generator{Array{SubString{String},1},Docile.Utilities.##2#4}) at ./array.jl:274
 in @H_str(::Any) at /home/vagrant/.julia/v0.5/Docile/src/Utilities.jl:17
 in include_from_node1(::String) at ./loading.jl:426 (repeats 3 times)
 in macro expansion; at ./none:2 [inlined]
 in anonymous at ./<missing>:?
 in eval(::Module, ::Any) at ./boot.jl:234
 in process_options(::Base.JLOptions) at ./client.jl:239
 in _start() at ./client.jl:318
while loading /home/vagrant/.julia/v0.5/Docile/src/Runner/lookup.jl, in expression starting on line 95
WARNING: symbol is deprecated, use Symbol instead.
 in depwarn(::String, ::Symbol) at ./deprecated.jl:64
 in symbol(::SubString{String}, ::Vararg{SubString{String},N}) at ./deprecated.jl:30
 in collect_to!(::Array{DataType,1}, ::Base.Generator{Array{SubString{String},1},Docile.Utilities.##2#4}, ::Int64, ::Int64) at ./array.jl:307
 in collect(::Base.Generator{Array{SubString{String},1},Docile.Utilities.##2#4}) at ./array.jl:275
 in @H_str(::Any) at /home/vagrant/.julia/v0.5/Docile/src/Utilities.jl:17
 in include_from_node1(::String) at ./loading.jl:426 (repeats 3 times)
 in macro expansion; at ./none:2 [inlined]
 in anonymous at ./<missing>:?
 in eval(::Module, ::Any) at ./boot.jl:234
 in process_options(::Base.JLOptions) at ./client.jl:239
 in _start() at ./client.jl:318
while loading /home/vagrant/.julia/v0.5/Docile/src/Runner/lookup.jl, in expression starting on line 122
WARNING: Base.UTF8String is deprecated, use String instead.
  likely near /home/vagrant/.julia/v0.5/Docile/src/Collector/utilities.jl:480
WARNING: Base.UTF8String is deprecated, use String instead.
  likely near /home/vagrant/.julia/v0.5/Docile/src/Collector/utilities.jl:481
WARNING: Base.UTF8String is deprecated, use String instead.
  likely near /home/vagrant/.julia/v0.5/Docile/src/Collector/types.jl:480
WARNING: Base.UTF8String is deprecated, use String instead.
  likely near /home/vagrant/.julia/v0.5/Docile/src/Collector/types.jl:480
WARNING: Base.UTF8String is deprecated, use String instead.
  likely near /home/vagrant/.julia/v0.5/Docile/src/Collector/types.jl:480
WARNING: Base.UTF8String is deprecated, use String instead.
  likely near /home/vagrant/.julia/v0.5/Docile/src/Collector/types.jl:480
WARNING: Base.UTF8String is deprecated, use String instead.
  likely near /home/vagrant/.julia/v0.5/Docile/src/Collector/types.jl:480
WARNING: Base.UTF8String is deprecated, use String instead.
  likely near /home/vagrant/.julia/v0.5/Docile/src/Collector/types.jl:480
WARNING: Base.UTF8String is deprecated, use String instead.
  likely near /home/vagrant/.julia/v0.5/Docile/src/Collector/types.jl:480
WARNING: Base.UTF8String is deprecated, use String instead.
  likely near /home/vagrant/.julia/v0.5/Docile/src/Collector/types.jl:480
WARNING: Base.writemime is deprecated.
  likely near /home/vagrant/.julia/v0.5/Docile/src/Collector/types.jl:49

WARNING: deprecated syntax "[a=>b for (a,b) in c]".
Use "Dict(a=>b for (a,b) in c)" instead.

WARNING: deprecated syntax "[a=>b for (a,b) in c]".
Use "Dict(a=>b for (a,b) in c)" instead.

WARNING: deprecated syntax "[a=>b for (a,b) in c]".
Use "Dict(a=>b for (a,b) in c)" instead.
WARNING: Base.UTF8String is deprecated, use String instead.
  likely near /home/vagrant/.julia/v0.5/Docile/src/Collector/types.jl:480
WARNING: Base.writemime is deprecated.
  likely near /home/vagrant/.julia/v0.5/Docile/src/Collector/types.jl:151
WARNING: Base.UTF8String is deprecated, use String instead.
  likely near /home/vagrant/.julia/v0.5/Docile/src/Cache/types.jl:14
WARNING: Base.UTF8String is deprecated, use String instead.
  likely near /home/vagrant/.julia/v0.5/Docile/src/Cache/types.jl:38
WARNING: Base.UTF8String is deprecated, use String instead.
  likely near /home/vagrant/.julia/v0.5/Docile/src/Cache/interface.jl:1
WARNING: Base.UTF8String is deprecated, use String instead.
  likely near /home/vagrant/.julia/v0.5/Docile/src/Cache/interface.jl:1
WARNING: Base.UTF8String is deprecated, use String instead.
  likely near /home/vagrant/.julia/v0.5/Docile/src/Cache/interface.jl:1
WARNING: Base.UTF8String is deprecated, use String instead.
  likely near /home/vagrant/.julia/v0.5/Docile/src/Cache/interface.jl:1
WARNING: Base.UTF8String is deprecated, use String instead.
  likely near /home/vagrant/.julia/v0.5/Docile/src/Cache/interface.jl:1
WARNING: Base.UTF8String is deprecated, use String instead.
  likely near /home/vagrant/.julia/v0.5/Docile/src/Cache/interface.jl:1
WARNING: Base.UTF8String is deprecated, use String instead.
  likely near /home/vagrant/.julia/v0.5/Docile/src/Legacy/types.jl:53
WARNING: Base.UTF8String is deprecated, use String instead.
  likely near /home/vagrant/.julia/v0.5/Docile/src/Legacy/types.jl:53
WARNING: Base.UTF8String is deprecated, use String instead.
  likely near /home/vagrant/.julia/v0.5/Docile/src/Legacy/types.jl:53
WARNING: Base.UTF8String is deprecated, use String instead.
  likely near /home/vagrant/.julia/v0.5/Docile/src/Legacy/types.jl:53
WARNING: symbol is deprecated, use Symbol instead.
 in depwarn(::String, ::Symbol) at ./deprecated.jl:64
 in symbol(::String, ::Vararg{String,N}) at ./deprecated.jl:30
 in @META_str(::String, ::Vararg{String,N}) at /home/vagrant/.julia/v0.5/Docile/src/Formats/metaparse.jl:52
 in docm(::String, ::Expr, ::Bool) at ./docs/Docs.jl:605 (repeats 2 times)
 in @doc(::String, ::Vararg{Any,N}) at ./boot.jl:337
 in include_from_node1(::String) at ./loading.jl:426 (repeats 2 times)
 in macro expansion; at ./none:2 [inlined]
 in anonymous at ./<missing>:?
 in eval(::Module, ::Any) at ./boot.jl:234
 in process_options(::Base.JLOptions) at ./client.jl:239
 in _start() at ./client.jl:318
while loading /home/vagrant/.julia/v0.5/Docile/src/Extensions/Extensions.jl, in expression starting on line 16
WARNING: Method definition *(BayesianDataFusion.ParallelSBM, AbstractArray{#Tx<:Any, 1}) in module BayesianDataFusion at /home/vagrant/.julia/v0.5/BayesianDataFusion/src/parallel_matrix.jl:240 overwritten at /home/vagrant/.julia/v0.5/BayesianDataFusion/src/parallel_matrix.jl:307.
ERROR: LoadError: LoadError: ArgumentError: invalid type for argument Aref in method definition for partmul_time at /home/vagrant/.julia/v0.5/BayesianDataFusion/src/parallel_matrix.jl:408
 in include_from_node1(::String) at ./loading.jl:426 (repeats 2 times)
 in macro expansion; at ./none:2 [inlined]
 in anonymous at ./<missing>:?
 in eval(::Module, ::Any) at ./boot.jl:234
 in process_options(::Base.JLOptions) at ./client.jl:239
 in _start() at ./client.jl:318
while loading /home/vagrant/.julia/v0.5/BayesianDataFusion/src/parallel_matrix.jl, in expression starting on line 407
while loading /home/vagrant/.julia/v0.5/BayesianDataFusion/src/BayesianDataFusion.jl, in expression starting on line 7
ERROR: LoadError: LoadError: Failed to precompile BayesianDataFusion to /home/vagrant/.julia/lib/v0.5/BayesianDataFusion.ji
 in compilecache(::String) at ./loading.jl:505
 in require(::Symbol) at ./loading.jl:364
 in include_from_node1(::String) at ./loading.jl:426 (repeats 2 times)
 in process_options(::Base.JLOptions) at ./client.jl:262
 in _start() at ./client.jl:318
while loading /home/vagrant/.julia/v0.5/BayesianDataFusion/test/basic.jl, in expression starting on line 1
while loading /home/vagrant/.julia/v0.5/BayesianDataFusion/test/runtests.jl, in expression starting on line 1
=========================[ ERROR: BayesianDataFusion ]==========================

failed process: Process(`/home/vagrant/julia/bin/julia -Cx86-64 -J/home/vagrant/julia/lib/julia/sys.so --compile=yes --depwarn=yes --check-bounds=yes --code-coverage=none --color=no --compilecache=yes /home/vagrant/.julia/v0.5/BayesianDataFusion/test/runtests.jl`, ProcessExited(1)) [1]

================================================================================
ERROR: BayesianDataFusion had test errors
 in #test#61(::Bool, ::Function, ::Array{AbstractString,1}) at ./pkg/entry.jl:740
 in (::Base.Pkg.Entry.#kw##test)(::Array{Any,1}, ::Base.Pkg.Entry.#test, ::Array{AbstractString,1}) at ./<missing>:0
 in (::Base.Pkg.Dir.##2#3{Array{Any,1},Base.Pkg.Entry.#test,Tuple{Array{AbstractString,1}}})() at ./pkg/dir.jl:31
 in cd(::Base.Pkg.Dir.##2#3{Array{Any,1},Base.Pkg.Entry.#test,Tuple{Array{AbstractString,1}}}, ::String) at ./file.jl:59
 in #cd#1(::Array{Any,1}, ::Function, ::Function, ::Array{AbstractString,1}, ::Vararg{Array{AbstractString,1},N}) at ./pkg/dir.jl:31
 in (::Base.Pkg.Dir.#kw##cd)(::Array{Any,1}, ::Base.Pkg.Dir.#cd, ::Function, ::Array{AbstractString,1}, ::Vararg{Array{AbstractString,1},N}) at ./<missing>:0
 in #test#3(::Bool, ::Function, ::String, ::Vararg{String,N}) at ./pkg/pkg.jl:258
 in test(::String, ::Vararg{String,N}) at ./pkg/pkg.jl:258
 in eval(::Module, ::Any) at ./boot.jl:234
 in process_options(::Base.JLOptions) at ./client.jl:239
 in _start() at ./client.jl:318

>>> End of log
