>>> 'Pkg.add("BayesianNonparametrics")' log
INFO: Cloning cache of BayesianNonparametrics from https://github.com/OFAI/BayesianNonparametrics.jl.git
INFO: Installing BayesianNonparametrics v0.0.1
INFO: Installing BinDeps v0.8.6
INFO: Installing Calculus v0.2.2
INFO: Installing Clustering v0.9.1
INFO: Installing Combinatorics v0.5.0
INFO: Installing DataStructures v0.7.4
INFO: Installing Distances v0.5.0
INFO: Installing Distributions v0.15.0
INFO: Installing IterTools v0.2.1
INFO: Installing Missings v0.2.6
INFO: Installing NearestNeighbors v0.3.0
INFO: Installing PDMats v0.8.0
INFO: Installing Polynomials v0.2.1
INFO: Installing ProgressMeter v0.5.4
INFO: Installing QuadGK v0.2.0
INFO: Installing Rmath v0.3.2
INFO: Installing SHA v0.5.6
INFO: Installing SortingAlgorithms v0.2.0
INFO: Installing SpecialFunctions v0.3.8
INFO: Installing StaticArrays v0.6.6
INFO: Installing StatsBase v0.20.0
INFO: Installing StatsFuns v0.5.0
INFO: Installing URIParser v0.3.0
INFO: Building SpecialFunctions
INFO: Building Rmath
INFO: Package database updated
INFO: METADATA is out-of-date — you may not have the latest version of BayesianNonparametrics
INFO: Use `Pkg.update()` to get the latest versions of your packages

>>> 'Pkg.test("BayesianNonparametrics")' log
Julia Version 0.6.2
Commit d386e40c17 (2017-12-13 18:08 UTC)
Platform Info:
  OS: Linux (x86_64-pc-linux-gnu)
  CPU: Intel(R) Xeon(R) CPU E3-1241 v3 @ 3.50GHz
  WORD_SIZE: 64
           Ubuntu 14.04.5 LTS
  uname: Linux 3.13.0-135-generic #184-Ubuntu SMP Wed Oct 18 11:55:51 UTC 2017 x86_64 x86_64
Memory: 2.93927001953125 GB (883.23046875 MB free)
Uptime: 14261.0 sec
Load Avg:  1.0029296875  1.0146484375  1.029296875
Intel(R) Xeon(R) CPU E3-1241 v3 @ 3.50GHz: 
       speed         user         nice          sys         idle          irq
#1  3511 MHz     770155 s         46 s      38255 s     427092 s         10 s
#2  3511 MHz     179941 s         98 s      18972 s    1205150 s          0 s

  BLAS: libopenblas (USE64BITINT DYNAMIC_ARCH NO_AFFINITY Nehalem)
  LAPACK: libopenblas64_
  LIBM: libopenlibm
  LLVM: libLLVM-3.9.1 (ORCJIT, haswell)
Environment:
  TERM = vt100
  LD_LIBRARY_PATH = :/usr/local/lib/
  PATH = /usr/local/sbin:/usr/local/bin:/usr/sbin:/usr/bin:/sbin:/bin:/usr/games:/usr/local/games:/home/vagrant/julia/bin/
  JAVA_HOME = /usr/lib/jvm/java-8-openjdk-amd64
  HOME = /home/vagrant

Package Directory: /home/vagrant/.julia/v0.6
2 required packages:
 - BayesianNonparametrics        0.0.1
 - JSON                          0.16.4
24 additional packages:
 - BinDeps                       0.8.6
 - Calculus                      0.2.2
 - Clustering                    0.9.1
 - Combinatorics                 0.5.0
 - Compat                        0.53.0
 - DataStructures                0.7.4
 - Distances                     0.5.0
 - Distributions                 0.15.0
 - IterTools                     0.2.1
 - Missings                      0.2.6
 - NearestNeighbors              0.3.0
 - Nullables                     0.0.3
 - PDMats                        0.8.0
 - Polynomials                   0.2.1
 - ProgressMeter                 0.5.4
 - QuadGK                        0.2.0
 - Rmath                         0.3.2
 - SHA                           0.5.6
 - SortingAlgorithms             0.2.0
 - SpecialFunctions              0.3.8
 - StaticArrays                  0.6.6
 - StatsBase                     0.20.0
 - StatsFuns                     0.5.0
 - URIParser                     0.3.0
INFO: Testing BayesianNonparametrics
WARNING: Method definition midpoints(Base.Range{T} where T) in module Base at deprecated.jl:56 overwritten in module StatsBase at /home/vagrant/.julia/v0.6/StatsBase/src/hist.jl:535.
WARNING: Method definition midpoints(AbstractArray{T, 1} where T) in module Base at deprecated.jl:56 overwritten in module StatsBase at /home/vagrant/.julia/v0.6/StatsBase/src/hist.jl:533.

WARNING: deprecated syntax "abstract AbstractHyperparam" at /home/vagrant/.julia/v0.6/BayesianNonparametrics/src/common.jl:4.
Use "abstract type AbstractHyperparam end" instead.

WARNING: deprecated syntax "abstract AbstractModelData" at /home/vagrant/.julia/v0.6/BayesianNonparametrics/src/common.jl:7.
Use "abstract type AbstractModelData end" instead.

WARNING: deprecated syntax "abstract AbstractModelBuffer" at /home/vagrant/.julia/v0.6/BayesianNonparametrics/src/common.jl:10.
Use "abstract type AbstractModelBuffer end" instead.

WARNING: deprecated syntax "abstract ModelType" at /home/vagrant/.julia/v0.6/BayesianNonparametrics/src/common.jl:12.
Use "abstract type ModelType end" instead.

WARNING: deprecated syntax "abstract InitialisationType" at /home/vagrant/.julia/v0.6/BayesianNonparametrics/src/common.jl:14.
Use "abstract type InitialisationType end" instead.

WARNING: deprecated syntax "abstract PosteriorInference" at /home/vagrant/.julia/v0.6/BayesianNonparametrics/src/common.jl:16.
Use "abstract type PosteriorInference end" instead.

WARNING: deprecated syntax "abstract ConjugatePostDistribution" at /home/vagrant/.julia/v0.6/BayesianNonparametrics/src/distributions.jl:4.
Use "abstract type ConjugatePostDistribution end" instead.

WARNING: deprecated syntax "abstract UnivariateConjugatePostDistribution<:ConjugatePostDistribution" at /home/vagrant/.julia/v0.6/BayesianNonparametrics/src/distributions.jl:6.
Use "abstract type UnivariateConjugatePostDistribution<:ConjugatePostDistribution end" instead.

WARNING: deprecated syntax "abstract DiscreteUnivariateConjugatePostDistribution<:UnivariateConjugatePostDistribution" at /home/vagrant/.julia/v0.6/BayesianNonparametrics/src/distributions.jl:7.
Use "abstract type DiscreteUnivariateConjugatePostDistribution<:UnivariateConjugatePostDistribution end" instead.

WARNING: deprecated syntax "abstract ContinuousUnivariateConjugatePostDistribution<:UnivariateConjugatePostDistribution" at /home/vagrant/.julia/v0.6/BayesianNonparametrics/src/distributions.jl:8.
Use "abstract type ContinuousUnivariateConjugatePostDistribution<:UnivariateConjugatePostDistribution end" instead.

WARNING: deprecated syntax "abstract MultivariateConjugatePostDistribution<:ConjugatePostDistribution" at /home/vagrant/.julia/v0.6/BayesianNonparametrics/src/distributions.jl:10.
Use "abstract type MultivariateConjugatePostDistribution<:ConjugatePostDistribution end" instead.

WARNING: deprecated syntax "abstract DiscreteMultivariateConjugatePostDistribution<:MultivariateConjugatePostDistribution" at /home/vagrant/.julia/v0.6/BayesianNonparametrics/src/distributions.jl:11.
Use "abstract type DiscreteMultivariateConjugatePostDistribution<:MultivariateConjugatePostDistribution end" instead.

WARNING: deprecated syntax "abstract ContinuousMultivariateConjugatePostDistribution<:MultivariateConjugatePostDistribution" at /home/vagrant/.julia/v0.6/BayesianNonparametrics/src/distributions.jl:12.
Use "abstract type ContinuousMultivariateConjugatePostDistribution<:MultivariateConjugatePostDistribution end" instead.

WARNING: deprecated syntax "inner constructor GaussianDiagonal(...) around /home/vagrant/.julia/v0.6/BayesianNonparametrics/src/distributions.jl:83".
Use "GaussianDiagonal{T}(...) where T" instead.
WARNING: Method definition midpoints(Base.Range{T} where T) in module Base at deprecated.jl:56 overwritten in module StatsBase at /home/vagrant/.julia/v0.6/StatsBase/src/hist.jl:535.
WARNING: Method definition midpoints(AbstractArray{T, 1} where T) in module Base at deprecated.jl:56 overwritten in module StatsBase at /home/vagrant/.julia/v0.6/StatsBase/src/hist.jl:533.
WARNING: exp(x::AbstractArray{T}) where T <: Number is deprecated, use exp.(x) instead.
Stacktrace:
 [1] depwarn(::String, ::Symbol) at ./deprecated.jl:70
 [2] exp(::Array{Float64,1}) at ./deprecated.jl:57
 [3] gibbs!(::BayesianNonparametrics.DPMBuffer) at /home/vagrant/.julia/v0.6/BayesianNonparametrics/src/dpmm.jl:207
 [4] macro expansion at /home/vagrant/.julia/v0.6/BayesianNonparametrics/src/inference.jl:36 [inlined]
 [5] macro expansion at /home/vagrant/.julia/v0.6/ProgressMeter/src/ProgressMeter.jl:478 [inlined]
 [6] train(::BayesianNonparametrics.DPMBuffer, ::BayesianNonparametrics.DPMHyperparam, ::BayesianNonparametrics.Gibbs) at /home/vagrant/.julia/v0.6/BayesianNonparametrics/src/inference.jl:33
 [7] include_from_node1(::String) at ./loading.jl:576
 [8] include(::String) at ./sysimg.jl:14
 [9] include_from_node1(::String) at ./loading.jl:576
 [10] include(::String) at ./sysimg.jl:14
 [11] process_options(::Base.JLOptions) at ./client.jl:305
 [12] _start() at ./client.jl:371
while loading /home/vagrant/.julia/v0.6/BayesianNonparametrics/test/dpmTests.jl, in expression starting on line 16
WARNING: exp(x::AbstractArray{T}) where T <: Number is deprecated, use exp.(x) instead.
Stacktrace:
 [1] depwarn(::String, ::Symbol) at ./deprecated.jl:70
 [2] exp(::Array{Float64,1}) at ./deprecated.jl:57
 [3] gibbs!(::BayesianNonparametrics.DPMBuffer) at /home/vagrant/.julia/v0.6/BayesianNonparametrics/src/dpmm.jl:207
 [4] macro expansion at /home/vagrant/.julia/v0.6/BayesianNonparametrics/src/inference.jl:36 [inlined]
 [5] macro expansion at /home/vagrant/.julia/v0.6/ProgressMeter/src/ProgressMeter.jl:478 [inlined]
 [6] train(::BayesianNonparametrics.DPMBuffer, ::BayesianNonparametrics.DPMHyperparam, ::BayesianNonparametrics.Gibbs) at /home/vagrant/.julia/v0.6/BayesianNonparametrics/src/inference.jl:33
 [7] include_from_node1(::String) at ./loading.jl:576
 [8] include(::String) at ./sysimg.jl:14
 [9] include_from_node1(::String) at ./loading.jl:576
 [10] include(::String) at ./sysimg.jl:14
 [11] process_options(::Base.JLOptions) at ./client.jl:305
 [12] _start() at ./client.jl:371
while loading /home/vagrant/.julia/v0.6/BayesianNonparametrics/test/dpmTests.jl, in expression starting on line 24
INFO: BayesianNonparametrics tests passed

>>> End of log
