>>> 'Pkg.add("Bedgraph")' log
INFO: Cloning cache of Bedgraph from https://github.com/CiaranOMara/Bedgraph.jl.git
INFO: Installing Bedgraph v0.2.2
INFO: Installing BinaryProvider v0.3.0
INFO: Installing CategoricalArrays v0.3.9
INFO: Installing CodecZlib v0.4.3
INFO: Installing DataFrames v0.11.6
INFO: Installing DataStreams v0.3.4
INFO: Installing DataStructures v0.8.1
INFO: Installing Missings v0.2.9
INFO: Installing NamedTuples v4.0.0
INFO: Installing Reexport v0.1.0
INFO: Installing SHA v0.5.7
INFO: Installing SortingAlgorithms v0.2.1
INFO: Installing StatsBase v0.21.0
INFO: Installing TranscodingStreams v0.5.2
INFO: Installing WeakRefStrings v0.4.5
INFO: Building CodecZlib
INFO: Package database updated

>>> 'Pkg.test("Bedgraph")' log
Julia Version 0.6.2
Commit d386e40c17 (2017-12-13 18:08 UTC)
Platform Info:
  OS: Linux (x86_64-pc-linux-gnu)
  CPU: Intel(R) Xeon(R) CPU E3-1241 v3 @ 3.50GHz
  WORD_SIZE: 64
           Ubuntu 14.04.5 LTS
  uname: Linux 3.13.0-143-generic #192-Ubuntu SMP Tue Feb 27 10:45:36 UTC 2018 x86_64 x86_64
Memory: 2.939197540283203 GB (839.05078125 MB free)
Uptime: 17463.0 sec
Load Avg:  0.91259765625  0.96630859375  0.94921875
Intel(R) Xeon(R) CPU E3-1241 v3 @ 3.50GHz: 
       speed         user         nice          sys         idle          irq
#1  3499 MHz     973996 s         98 s      73011 s     457962 s         10 s
#2  3499 MHz     207971 s         76 s      29216 s    1483469 s          0 s

  BLAS: libopenblas (USE64BITINT DYNAMIC_ARCH NO_AFFINITY Nehalem)
  LAPACK: libopenblas64_
  LIBM: libopenlibm
  LLVM: libLLVM-3.9.1 (ORCJIT, haswell)
Environment:
  TERM = vt100
  LD_LIBRARY_PATH = :/usr/local/lib/
  PATH = /usr/local/sbin:/usr/local/bin:/usr/sbin:/usr/bin:/sbin:/bin:/usr/games:/usr/local/games:/home/vagrant/julia/bin/
  JAVA_HOME = /usr/lib/jvm/java-8-openjdk-amd64
  HOME = /home/vagrant

Package Directory: /home/vagrant/.julia/v0.6
2 required packages:
 - Bedgraph                      0.2.2
 - JSON                          0.17.2
16 additional packages:
 - BinaryProvider                0.3.0
 - CategoricalArrays             0.3.9
 - CodecZlib                     0.4.3
 - Compat                        0.64.0
 - DataFrames                    0.11.6
 - DataStreams                   0.3.4
 - DataStructures                0.8.1
 - Missings                      0.2.9
 - NamedTuples                   4.0.0
 - Nullables                     0.0.5
 - Reexport                      0.1.0
 - SHA                           0.5.7
 - SortingAlgorithms             0.2.1
 - StatsBase                     0.21.0
 - TranscodingStreams            0.5.2
 - WeakRefStrings                0.4.5
INFO: Testing Bedgraph
INFO: /tmp/juliaaKDr0M.bedgraph
INFO: /tmp/julialTJ8s5.bedgraph
INFO: /tmp/juliazfj9ho.bedgraph
Test Summary: | Pass  Total
Bedgraph      |   64     64
INFO: Bedgraph tests passed

>>> End of log
