>>> 'Pkg.add("BEncode")' log
INFO: Cloning cache of BEncode from git://github.com/joshuamiller/BEncode.jl.git
INFO: Installing BEncode v0.2.0
INFO: Package database updated

>>> 'Pkg.test("BEncode")' log
Julia Version 0.4.7
Commit ae26b25 (2016-09-18 16:17 UTC)
Platform Info:
  System: Linux (x86_64-pc-linux-gnu)
  CPU: Intel(R) Xeon(R) CPU E3-1241 v3 @ 3.50GHz
  WORD_SIZE: 64
           Ubuntu 14.04.5 LTS
  uname: Linux 3.13.0-95-generic #142-Ubuntu SMP Fri Aug 12 17:00:09 UTC 2016 x86_64 x86_64
Memory: 2.4471054077148438 GB (658.3125 MB free)
Uptime: 6109.0 sec
Load Avg:  1.0703125  1.0400390625  1.01904296875
Intel(R) Xeon(R) CPU E3-1241 v3 @ 3.50GHz: 
       speed         user         nice          sys         idle          irq
#1  3499 MHz     238990 s         55 s      32128 s     268572 s          9 s
#2  3499 MHz     183083 s         83 s      27342 s     364640 s          0 s

  BLAS: libopenblas (USE64BITINT DYNAMIC_ARCH NO_AFFINITY Nehalem)
  LAPACK: libopenblas64_
  LIBM: libopenlibm
  LLVM: libLLVM-3.3
Environment:
  TERM = vt100
  LD_LIBRARY_PATH = :/usr/local/lib/
  PATH = /usr/local/sbin:/usr/local/bin:/usr/sbin:/usr/bin:/sbin:/bin:/usr/games:/usr/local/games:/home/vagrant/julia/bin/
  JAVA_HOME = /usr/lib/jvm/java-7-oracle
  HOME = /home/vagrant

Package Directory: /home/vagrant/.julia/v0.4
2 required packages:
 - BEncode                       0.2.0
 - JSON                          0.7.0
1 additional packages:
 - Compat                        0.9.2
INFO: Testing BEncode
INFO: BEncode tests passed

>>> End of log
