>>> 'Pkg.add("BEncode")' log
INFO: Cloning cache of BEncode from https://github.com/joshuamiller/BEncode.jl.git
INFO: Installing BEncode v0.2.0
INFO: Package database updated
INFO: METADATA is out-of-date — you may not have the latest version of BEncode
INFO: Use `Pkg.update()` to get the latest versions of your packages

>>> 'Pkg.test("BEncode")' log
Julia Version 0.5.0-rc4+0
Commit 9c76c3e (2016-09-09 01:43 UTC)
Platform Info:
  System: Linux (x86_64-pc-linux-gnu)
  CPU: Intel(R) Xeon(R) CPU E3-1241 v3 @ 3.50GHz
  WORD_SIZE: 64
           Ubuntu 14.04.5 LTS
  uname: Linux 3.13.0-95-generic #142-Ubuntu SMP Fri Aug 12 17:00:09 UTC 2016 x86_64 x86_64
Memory: 2.4471054077148438 GB (821.09765625 MB free)
Uptime: 7063.0 sec
Load Avg:  0.9365234375  0.93896484375  1.0576171875
Intel(R) Xeon(R) CPU E3-1241 v3 @ 3.50GHz: 
       speed         user         nice          sys         idle          irq
#1  3500 MHz     315208 s         69 s      43112 s     269217 s         16 s
#2  3500 MHz     148946 s         89 s      30890 s     497336 s          0 s

  BLAS: libopenblas (USE64BITINT DYNAMIC_ARCH NO_AFFINITY Nehalem)
  LAPACK: libopenblas64_
  LIBM: libopenlibm
  LLVM: libLLVM-3.7.1 (ORCJIT, haswell)
Environment:
  TERM = vt100
  LD_LIBRARY_PATH = :/usr/local/lib/
  PATH = /usr/local/sbin:/usr/local/bin:/usr/sbin:/usr/bin:/sbin:/bin:/usr/games:/usr/local/games:/home/vagrant/julia/bin/
  JAVA_HOME = /usr/lib/jvm/java-7-oracle
  HOME = /home/vagrant

Package Directory: /home/vagrant/.julia/v0.5
2 required packages:
 - BEncode                       0.2.0
 - JSON                          0.7.0
1 additional packages:
 - Compat                        0.9.1
INFO: Testing BEncode
INFO: BEncode tests passed

>>> End of log
