>>> 'Pkg.add("Bezier")' log
INFO: Cloning cache of Bezier from git://github.com/rawrgrr/Bezier.jl.git
INFO: Installing Bezier v0.0.1
INFO: Package database updated

>>> 'Pkg.test("Bezier")' log
Julia Version 0.3.12
Commit 80aa779 (2015-10-26 12:41 UTC)
Platform Info:
  System: Linux (x86_64-unknown-linux-gnu)
  CPU: Intel(R) Xeon(R) CPU E3-1241 v3 @ 3.50GHz
  WORD_SIZE: 64
           Ubuntu 14.04.5 LTS
  uname: Linux 3.13.0-95-generic #142-Ubuntu SMP Fri Aug 12 17:00:09 UTC 2016 x86_64 x86_64
Memory: 2.4471054077148438 GB (323.50390625 MB free)
Uptime: 4211.0 sec
Load Avg:  0.9306640625  0.96923828125  0.95458984375
Intel(R) Xeon(R) CPU E3-1241 v3 @ 3.50GHz: 
       speed         user         nice          sys         idle          irq
#1  3506 MHz     143064 s         65 s      25677 s     208408 s          5 s
#2  3506 MHz     111033 s        102 s      22668 s     262584 s          0 s

  BLAS: libopenblas (USE64BITINT DYNAMIC_ARCH NO_AFFINITY Nehalem)
  LAPACK: libopenblas
  LIBM: libopenlibm
  LLVM: libLLVM-3.3
Environment:
  TERM = vt100
  LD_LIBRARY_PATH = :/usr/local/lib/
  PATH = /usr/local/sbin:/usr/local/bin:/usr/sbin:/usr/bin:/sbin:/bin:/usr/games:/usr/local/games:/home/vagrant/julia/bin/
  JAVA_HOME = /usr/lib/jvm/java-7-oracle
  HOME = /home/vagrant

Package Directory: /home/vagrant/.julia/v0.3
2 required packages:
 - Bezier                        0.0.1
 - JSON                          0.6.1
1 additional packages:
 - Compat                        0.8.8
INFO: Testing Bezier
INFO: Bezier tests passed
INFO: No packages to install, update or remove

>>> End of log
