>>> 'Pkg.add("BIGUQ")' log
INFO: Installing Anasol v0.1.3
INFO: Installing ArrayViews v0.6.4
INFO: Installing BIGUQ v0.1.3
INFO: Installing BinDeps v0.3.21
INFO: Installing BlackBoxOptim v0.1.3
INFO: Installing Blosc v0.1.4
INFO: Installing Calculus v0.1.14
INFO: Installing Codecs v0.1.5
INFO: Installing ColorTypes v0.2.1
INFO: Installing Colors v0.6.3
INFO: Installing Compose v0.4.2
INFO: Installing Conda v0.1.9
INFO: Installing Contour v0.1.0
INFO: Installing DataArrays v0.2.20
INFO: Installing DataFrames v0.6.10
INFO: Installing DataStructures v0.4.3
INFO: Installing Dates v0.4.4
INFO: Installing Distances v0.3.0
INFO: Installing Distributions v0.8.10
INFO: Installing Docile v0.5.23
INFO: Installing DualNumbers v0.2.2
INFO: Installing FactCheck v0.4.2
INFO: Installing FileIO v0.0.4
INFO: Installing FixedPointNumbers v0.1.2
INFO: Installing FixedSizeArrays v0.0.10
INFO: Installing Formatting v0.1.5
INFO: Installing ForwardDiff v0.1.6
INFO: Installing GZip v0.2.18
INFO: Installing Gadfly v0.4.2
INFO: Installing Graphs v0.6.0
INFO: Installing Grid v0.4.0
INFO: Installing HDF5 v0.5.8
INFO: Installing Hexagons v0.0.4
INFO: Installing Iterators v0.1.9
INFO: Installing JLD v0.5.9
INFO: Installing KernelDensity v0.1.2
INFO: Installing LaTeXStrings v0.1.6
INFO: Installing Lexicon v0.1.18
INFO: Installing LightXML v0.2.1
INFO: Installing Loess v0.0.6
INFO: Installing Lora v0.5.0
INFO: Installing Mads v0.1.7
INFO: Installing Measures v0.0.2
INFO: Installing MetaProgTools v0.1.2
INFO: Installing NaNMath v0.2.1
INFO: Installing ODE v0.2.1
INFO: Installing Optim v0.4.4
INFO: Installing PDMats v0.4.0
INFO: Installing Polynomials v0.0.5
INFO: Installing ProgressMeter v0.3.0
INFO: Installing PyCall v1.4.0
INFO: Installing PyPlot v2.1.1
INFO: Installing Reexport v0.0.3
INFO: Installing ReusableFunctions v0.1.3
INFO: Installing ReverseDiffSource v0.2.1
INFO: Installing RobustPmap v0.1.3
INFO: Installing SHA v0.1.2
INFO: Installing Showoff v0.0.6
INFO: Installing SortingAlgorithms v0.0.6
INFO: Installing StatsBase v0.8.0
INFO: Installing StatsFuns v0.2.0
INFO: Installing URIParser v0.1.3
INFO: Installing WoodburyMatrices v0.1.5
INFO: Installing YAML v0.1.10
INFO: Building Blosc
INFO: Building HDF5
INFO: Building PyCall
WARNING: readall is deprecated, use readstring instead.
 [inlined code] from ./error.jl:26
 in depwarn(::ASCIIString, ::Symbol) at ./deprecated.jl:64
 in readall(::Cmd, ::Vararg{Cmd}) at ./deprecated.jl:30
 in (::__anon__.#pyconfigvar#3)(::ASCIIString, ::ASCIIString) at /home/vagrant/.julia/v0.5/PyCall/deps/build.jl:25
 in (::__anon__.#pyconfigvar#3)(::ASCIIString, ::ASCIIString, ::ASCIIString) at /home/vagrant/.julia/v0.5/PyCall/deps/build.jl:26
 [inlined code] from ./stat.jl:100
 in pop!(::Base.EnvHash, ::ASCIIString, ::ASCIIString) at ./<no file>:4294967295
 in include(::ASCIIString) at ./boot.jl:264
 in include_from_node1(::ASCIIString) at ./loading.jl:417
 in eval(::Module, ::Any) at ./boot.jl:267
 [inlined code] from ./sysimg.jl:14
 in evalfile(::ASCIIString, ::Array{UTF8String,1}) at ./loading.jl:433 (repeats 2 times)
 in cd(::##2#4, ::ASCIIString) at ./file.jl:48
 in (::##1#3)(::IOStream) at ./none:13
 in open(::##1#3, ::ASCIIString, ::ASCIIString) at ./iostream.jl:114
 in eval(::Module, ::Any) at ./boot.jl:267
 [inlined code] from ./sysimg.jl:14
 in process_options(::Base.JLOptions) at ./client.jl:239
 in _start() at ./client.jl:318
while loading /home/vagrant/.julia/v0.5/PyCall/deps/build.jl, in expression starting on line 17
INFO: No system-wide Python was found; got the following error:
could not spawn `'' -c "import distutils.sysconfig; print(distutils.sysconfig.get_config_var('VERSION'))"`: no such file or directory (ENOENT)
using the Python distribution in the Conda package
WARNING: isexecutable is deprecated as it implied that the file would actually be executable by the user; consider using `isfile` instead. see also the system man page for `access`
 [inlined code] from ./error.jl:26
 in depwarn(::ASCIIString, ::Symbol) at ./deprecated.jl:64
 [inlined code] from ./deprecated.jl:912
 in _install_conda(::Bool) at /home/vagrant/.julia/v0.5/Conda/src/Conda.jl:119
 [inlined code] from /home/vagrant/.julia/v0.5/Conda/src/Conda.jl:106
 in pop!(::Base.EnvHash, ::ASCIIString, ::ASCIIString) at ./<no file>:4294967295
 in include(::ASCIIString) at ./boot.jl:264
 in include_from_node1(::ASCIIString) at ./loading.jl:417
 in eval(::Module, ::Any) at ./boot.jl:267
 [inlined code] from ./sysimg.jl:14
 in evalfile(::ASCIIString, ::Array{UTF8String,1}) at ./loading.jl:433 (repeats 2 times)
 in cd(::##2#4, ::ASCIIString) at ./file.jl:48
 in (::##1#3)(::IOStream) at ./none:13
 in open(::##1#3, ::ASCIIString, ::ASCIIString) at ./iostream.jl:114
 in eval(::Module, ::Any) at ./boot.jl:267
 [inlined code] from ./sysimg.jl:14
 in process_options(::Base.JLOptions) at ./client.jl:239
 in _start() at ./client.jl:318
while loading /home/vagrant/.julia/v0.5/PyCall/deps/build.jl, in expression starting on line 17
Fetching package metadata: ....
Solving package specifications: .........

# All requested packages already installed.
# packages in environment at /home/vagrant/.julia/v0.5/Conda/deps/usr:
#
numpy                     1.10.4                   py27_1    http://repo.continuum.io/pkgs/free/linux-64/numpy-1.10.4-py27_1.tar.bz2
WARNING: readall is deprecated, use readstring instead.
 [inlined code] from ./error.jl:26
 in depwarn(::ASCIIString, ::Symbol) at ./deprecated.jl:64
 in readall(::Cmd, ::Vararg{Cmd}) at ./deprecated.jl:30
 in (::__anon__.#pysys#4)(::ASCIIString, ::ASCIIString) at /home/vagrant/.julia/v0.5/PyCall/deps/build.jl:30
 in (::__anon__.#find_libpython#5)(::ASCIIString) at /home/vagrant/.julia/v0.5/PyCall/deps/build.jl:48
 [inlined code] from /home/vagrant/.julia/v0.5/PyCall/deps/build.jl:143
 in pop!(::Base.EnvHash, ::ASCIIString, ::ASCIIString) at ./<no file>:4294967295
 in include(::ASCIIString) at ./boot.jl:264
 in include_from_node1(::ASCIIString) at ./loading.jl:417
 in eval(::Module, ::Any) at ./boot.jl:267
 [inlined code] from ./sysimg.jl:14
 in evalfile(::ASCIIString, ::Array{UTF8String,1}) at ./loading.jl:433 (repeats 2 times)
 in cd(::##2#4, ::ASCIIString) at ./file.jl:48
 in (::##1#3)(::IOStream) at ./none:13
 in open(::##1#3, ::ASCIIString, ::ASCIIString) at ./iostream.jl:114
 in eval(::Module, ::Any) at ./boot.jl:267
 [inlined code] from ./sysimg.jl:14
 in process_options(::Base.JLOptions) at ./client.jl:239
 in _start() at ./client.jl:318
while loading /home/vagrant/.julia/v0.5/PyCall/deps/build.jl, in expression starting on line 17
INFO: PyCall is using /home/vagrant/.julia/v0.5/Conda/deps/usr/bin/python (Python 2.7.11) at /home/vagrant/.julia/v0.5/Conda/deps/usr/bin/python, libpython = /home/vagrant/.julia/v0.5/Conda/deps/usr/lib/libpython2.7.so
INFO: Building LightXML
INFO: Building Mads
INFO: Checking for Python YAML ...
INFO: Recompiling stale cache file /home/vagrant/.julia/lib/v0.5/PyCall.ji for module PyCall.
LLVM ERROR: Program used external function 'julia_getindex_24306' which could not be resolved!
ERROR: Build process failed.
 in build!(::Array{ASCIIString,1}, ::Dict{Any,Any}, ::Set{Any}) at ./pkg/entry.jl:554
 [inlined code] from ./dict.jl:502
 in build(::Array{ASCIIString,1}) at ./pkg/entry.jl:573
 in resolve(::Dict{ByteString,Base.Pkg.Types.VersionSet}, ::Dict{ByteString,Dict{VersionNumber,Base.Pkg.Types.Available}}, ::Dict{ByteString,Tuple{VersionNumber,Bool}}, ::Dict{ByteString,Base.Pkg.Types.Fixed}, ::Dict{ByteString,VersionNumber}) at ./pkg/entry.jl:489
 in resolve(::Dict{ByteString,Base.Pkg.Types.VersionSet}, ::Dict{ByteString,Dict{VersionNumber,Base.Pkg.Types.Available}}, ::Dict{ByteString,Tuple{VersionNumber,Bool}}, ::Dict{ByteString,Base.Pkg.Types.Fixed}) at ./pkg/entry.jl:414 (repeats 2 times)
 in edit(::Any, ::ASCIIString, ::Base.Pkg.Types.VersionSet, ::Vararg{Base.Pkg.Types.VersionSet}) at ./pkg/entry.jl:414
 in (::Base.Pkg.Entry.##2#5{ASCIIString,Base.Pkg.Types.VersionSet})() at ./task.jl:431
 in sync_end() at ./task.jl:397
 [inlined code] from ./task.jl:406
 in add(::ASCIIString, ::Base.Pkg.Types.VersionSet) at ./pkg/entry.jl:57
 [inlined code] from ./boot.jl:331
 in (::Base.Pkg.Dir.##2#3{Array{Any,1},Base.Pkg.Entry.#add,Tuple{ASCIIString}})() at ./pkg/dir.jl:31
 in cd(::Base.Pkg.Dir.##2#3{Array{Any,1},Base.Pkg.Entry.#add,Tuple{ASCIIString}}, ::ASCIIString) at ./file.jl:48
 in #cd#1(::Array{Any,1}, ::Any, ::Any, ::ASCIIString, ::Vararg{ASCIIString}) at ./pkg/dir.jl:31
 [inlined code] from ./boot.jl:331
 in add(::ASCIIString) at ./pkg.jl:83
 in eval(::Module, ::Any) at ./boot.jl:267
 [inlined code] from ./sysimg.jl:14
 in process_options(::Base.JLOptions) at ./client.jl:239
 in _start() at ./client.jl:318

>>> 'Pkg.test("BIGUQ")' log
Julia Version 0.5.0-dev+3184
Commit fb283c6 (2016-03-17 08:49 UTC)
Platform Info:
  System: Linux (x86_64-unknown-linux-gnu)
  CPU: Intel(R) Xeon(R) CPU E3-1241 v3 @ 3.50GHz
  WORD_SIZE: 64
  BLAS: libopenblas (USE64BITINT DYNAMIC_ARCH NO_AFFINITY Nehalem)
  LAPACK: libopenblas64_
  LIBM: libopenlibm
  LLVM: libLLVM-3.7.1 (ORCJIT, haswell)
INFO: Testing BIGUQ
INFO: BIGUQ tests passed

>>> End of log
