>>> 'Pkg.add("BioAlignments")' log
INFO: Cloning cache of BioAlignments from https://github.com/BioJulia/BioAlignments.jl.git
INFO: Cloning cache of BioCore from https://github.com/BioJulia/BioCore.jl.git
INFO: Cloning cache of BioSequences from https://github.com/BioJulia/BioSequences.jl.git
INFO: Cloning cache of BioSymbols from https://github.com/BioJulia/BioSymbols.jl.git
INFO: Cloning cache of GenomicFeatures from https://github.com/BioJulia/GenomicFeatures.jl.git
INFO: Cloning cache of Twiddle from https://github.com/Ward9250/Twiddle.jl.git
INFO: Installing Automa v0.2.4
INFO: Installing BGZFStreams v0.1.4
INFO: Installing BioAlignments v0.1.0
INFO: Installing BioCore v1.1.0
INFO: Installing BioSequences v0.6.2
INFO: Installing BioSymbols v1.1.1
INFO: Installing BufferedStreams v0.3.3
INFO: Installing ColorTypes v0.5.1
INFO: Installing Combinatorics v0.4.1
INFO: Installing DataStructures v0.5.3
INFO: Installing FixedPointNumbers v0.3.8
INFO: Installing GenomicFeatures v0.2.1
INFO: Installing IndexableBitVectors v0.1.2
INFO: Installing IntervalTrees v0.3.0
INFO: Installing IterTools v0.1.0
INFO: Installing Iterators v0.3.1
INFO: Installing Libz v0.2.4
INFO: Installing Polynomials v0.1.5
INFO: Installing Twiddle v0.4.0
INFO: Installing URIParser v0.1.8
INFO: Package database updated

>>> 'Pkg.test("BioAlignments")' log
Julia Version 0.5.2
Commit f4c6c9d (2017-05-06 16:34 UTC)
Platform Info:
  OS: Linux (x86_64-pc-linux-gnu)
  CPU: Intel(R) Xeon(R) CPU E3-1241 v3 @ 3.50GHz
  WORD_SIZE: 64
           Ubuntu 14.04.5 LTS
  uname: Linux 3.13.0-121-generic #170-Ubuntu SMP Wed Jun 14 09:04:33 UTC 2017 x86_64 x86_64
Memory: 2.9392738342285156 GB (1357.9609375 MB free)
Uptime: 10498.0 sec
Load Avg:  0.9228515625  0.998046875  1.0400390625
Intel(R) Xeon(R) CPU E3-1241 v3 @ 3.50GHz: 
       speed         user         nice          sys         idle          irq
#1  3499 MHz     551546 s       6580 s      53902 s     315548 s         11 s
#2  3499 MHz     205058 s         42 s      32136 s     786372 s          0 s

  BLAS: libopenblas (USE64BITINT DYNAMIC_ARCH NO_AFFINITY Nehalem)
  LAPACK: libopenblas64_
  LIBM: libopenlibm
  LLVM: libLLVM-3.7.1 (ORCJIT, haswell)
Environment:
  TERM = vt100
  LD_LIBRARY_PATH = :/usr/local/lib/
  PATH = /usr/local/sbin:/usr/local/bin:/usr/sbin:/usr/bin:/sbin:/bin:/usr/games:/usr/local/games:/home/vagrant/julia/bin/
  JAVA_HOME = /usr/lib/jvm/java-8-openjdk-amd64
  HOME = /home/vagrant

Package Directory: /home/vagrant/.julia/v0.5
2 required packages:
 - BioAlignments                 0.1.0
 - JSON                          0.12.0
20 additional packages:
 - Automa                        0.2.4
 - BGZFStreams                   0.1.4
 - BioCore                       1.1.0
 - BioSequences                  0.6.2
 - BioSymbols                    1.1.1
 - BufferedStreams               0.3.3
 - ColorTypes                    0.5.1
 - Combinatorics                 0.4.1
 - Compat                        0.26.0
 - DataStructures                0.5.3
 - FixedPointNumbers             0.3.8
 - GenomicFeatures               0.2.1
 - IndexableBitVectors           0.1.2
 - IntervalTrees                 0.3.0
 - IterTools                     0.1.0
 - Iterators                     0.3.1
 - Libz                          0.2.4
 - Polynomials                   0.1.5
 - Twiddle                       0.4.0
 - URIParser                     0.1.8
INFO: Computing test dependencies for BioAlignments...
INFO: Installing Codecs v0.3.0
INFO: Installing YAML v0.2.1
INFO: Testing BioAlignments
WARNING: Method definition count() in module IterTools at deprecated.jl:49 overwritten in module Iterators at deprecated.jl:49.
WARNING: Method definition count(Number) in module IterTools at deprecated.jl:49 overwritten in module Iterators at deprecated.jl:49.
WARNING: Method definition count(Number, Number) in module IterTools at deprecated.jl:49 overwritten in module Iterators at deprecated.jl:49.
WARNING: Method definition count() in module IterTools at deprecated.jl:49 overwritten in module Iterators at deprecated.jl:49.
WARNING: Method definition count(Number) in module IterTools at deprecated.jl:49 overwritten in module Iterators at deprecated.jl:49.
WARNING: Method definition count(Number, Number) in module IterTools at deprecated.jl:49 overwritten in module Iterators at deprecated.jl:49.
WARNING: Method definition count() in module IterTools at deprecated.jl:49 overwritten in module Iterators at deprecated.jl:49.
WARNING: Method definition count(Number) in module IterTools at deprecated.jl:49 overwritten in module Iterators at deprecated.jl:49.
WARNING: Method definition count(Number, Number) in module IterTools at deprecated.jl:49 overwritten in module Iterators at deprecated.jl:49.
WARNING: Method definition count() in module IterTools at deprecated.jl:49 overwritten in module Iterators at deprecated.jl:49.
WARNING: Method definition count(Number) in module IterTools at deprecated.jl:49 overwritten in module Iterators at deprecated.jl:49.
WARNING: Method definition count(Number, Number) in module IterTools at deprecated.jl:49 overwritten in module Iterators at deprecated.jl:49.
Test Summary: | Pass  Total
  Alignments  |  303    303
Test Summary:     | Pass  Total
  PairwiseAlignment |  212    212
Cloning into '/home/vagrant/.julia/v0.5/BioAlignments/test/BioFmtSpecimens'...
Note: checking out '3140ef6110bb309703ffde564ce705eeb80607d4'.

You are in 'detached HEAD' state. You can look around, make experimental
changes and commit them, and you can discard any commits you make in this
state without impacting any branches by performing another checkout.

If you want to create a new branch to retain commits you create, you may
do so (now or later) by using -b with the checkout command again. Example:

  git checkout -b new_branch_name

HEAD is now at 3140ef6... add BBI (bigWig and bigBed) files (#21)
Test Summary: | Pass  Total
  SAM         |   99     99
HEAD is now at 3140ef6... add BBI (bigWig and bigBed) files (#21)
Test Summary: | Pass  Total
  BAM         |  135    135
INFO: BioAlignments tests passed
INFO: Removing Codecs v0.3.0
INFO: Removing YAML v0.2.1

>>> End of log
