>>> 'Pkg.add("BioEnergeticFoodWebs")' log
[ Info: Cloning cache of BioEnergeticFoodWebs from https://github.com/PoisotLab/BioEnergeticFoodWebs.jl.git
[ Info: Cloning cache of BoundaryValueDiffEq from https://github.com/JuliaDiffEq/BoundaryValueDiffEq.jl.git
[ Info: Cloning cache of DelayDiffEq from https://github.com/JuliaDiffEq/DelayDiffEq.jl.git
[ Info: Cloning cache of DiffEqBiological from https://github.com/JuliaDiffEq/DiffEqBiological.jl.git
[ Info: Cloning cache of DiffEqCallbacks from https://github.com/JuliaDiffEq/DiffEqCallbacks.jl.git
[ Info: Cloning cache of DiffEqDiffTools from https://github.com/JuliaDiffEq/DiffEqDiffTools.jl.git
[ Info: Cloning cache of DiffEqFinancial from https://github.com/JuliaDiffEq/DiffEqFinancial.jl.git
[ Info: Cloning cache of DiffEqJump from https://github.com/JuliaDiffEq/DiffEqJump.jl.git
[ Info: Cloning cache of DiffEqParamEstim from https://github.com/JuliaDiffEq/DiffEqParamEstim.jl.git
[ Info: Cloning cache of DiffEqPhysics from https://github.com/JuliaDiffEq/DiffEqPhysics.jl.git
[ Info: Cloning cache of DiffEqSensitivity from https://github.com/JuliaDiffEq/DiffEqSensitivity.jl.git
[ Info: Cloning cache of DiffEqUncertainty from https://github.com/JuliaDiffEq/DiffEqUncertainty.jl.git
[ Info: Cloning cache of DifferentialEquations from https://github.com/JuliaDiffEq/DifferentialEquations.jl.git
[ Info: Cloning cache of DimensionalPlotRecipes from https://github.com/JuliaDiffEq/DimensionalPlotRecipes.jl.git
[ Info: Cloning cache of FiniteElementDiffEq from https://github.com/JuliaDiffEq/FiniteElementDiffEq.jl.git
[ Info: Cloning cache of GenericSVD from https://github.com/JuliaMath/GenericSVD.jl.git
[ Info: Cloning cache of LossFunctions from https://github.com/JuliaML/LossFunctions.jl.git
[ Info: Cloning cache of LsqFit from https://github.com/JuliaNLSolvers/LsqFit.jl.git
[ Info: Cloning cache of MuladdMacro from https://github.com/JuliaDiffEq/MuladdMacro.jl.git
[ Info: Cloning cache of MultiScaleArrays from https://github.com/JuliaDiffEq/MultiScaleArrays.jl.git
[ Info: Cloning cache of NLsolve from https://github.com/JuliaNLSolvers/NLsolve.jl.git
[ Info: Cloning cache of OptimBase from https://github.com/JuliaNLSolvers/OptimBase.jl.git
[ Info: Cloning cache of OrdinaryDiffEq from https://github.com/JuliaDiffEq/OrdinaryDiffEq.jl.git
[ Info: Cloning cache of PenaltyFunctions from https://github.com/JuliaML/PenaltyFunctions.jl.git
[ Info: Cloning cache of SteadyStateDiffEq from https://github.com/JuliaDiffEq/SteadyStateDiffEq.jl.git
[ Info: Cloning cache of StochasticDiffEq from https://github.com/JuliaDiffEq/StochasticDiffEq.jl.git
[ Info: Cloning cache of Sundials from https://github.com/JuliaDiffEq/Sundials.jl.git
[ Info: Installing AlgebraicDiffEq v0.1.0
[ Info: Installing BandedMatrices v0.3.1
[ Info: Installing BinDeps v0.8.5
[ Info: Installing BinaryProvider v0.1.3
[ Info: Installing BioEnergeticFoodWebs v0.3.1
[ Info: Installing Blosc v0.3.0
[ Info: Installing BoundaryValueDiffEq v0.3.0
[ Info: Installing Calculus v0.2.2
[ Info: Installing ChunkedArrays v0.1.1
[ Info: Installing Combinatorics v0.5.0
[ Info: Installing CommonSubexpressions v0.0.1
[ Info: Installing Conda v0.7.1
[ Info: Installing DataStructures v0.7.4
[ Info: Installing DelayDiffEq v1.12.0
[ Info: Installing DiffBase v0.3.2
[ Info: Installing DiffEqBase v2.10.2
[ Info: Installing DiffEqBiological v0.3.0
[ Info: Installing DiffEqCallbacks v0.8.0
[ Info: Installing DiffEqDevTools v0.11.3
[ Info: Installing DiffEqDiffTools v0.2.1
[ Info: Installing DiffEqFinancial v0.3.0
[ Info: Installing DiffEqJump v0.7.0
[ Info: Installing DiffEqMonteCarlo v0.9.1
[ Info: Installing DiffEqNoiseProcess v0.8.1
[ Info: Installing DiffEqPDEBase v0.3.5
[ Info: Installing DiffEqParamEstim v0.8.0
[ Info: Installing DiffEqPhysics v0.3.0
[ Info: Installing DiffEqSensitivity v0.5.1
[ Info: Installing DiffEqUncertainty v0.0.1
[ Info: Installing DiffResults v0.0.3
[ Info: Installing DiffRules v0.0.3
[ Info: Installing DifferentialEquations v3.1.0
[ Info: Installing DimensionalPlotRecipes v0.0.2
[ Info: Installing Distances v0.5.0
[ Info: Installing DistributedArrays v0.4.0
[ Info: Installing Distributions v0.15.0
[ Info: Installing EllipsisNotation v0.3.0
[ Info: Installing FileIO v0.6.1
[ Info: Installing FiniteElementDiffEq v0.4.0
[ Info: Installing ForwardDiff v0.7.2
[ Info: Installing FunctionWrappers v0.1.0
[ Info: Installing GenericSVD v0.1.0
[ Info: Installing HDF5 v0.8.8
[ Info: Installing Hiccup v0.1.1
[ Info: Installing IterTools v0.2.1
[ Info: Installing IterativeSolvers v0.4.2
[ Info: Installing JLD v0.8.3
[ Info: Installing Juno v0.3.2
[ Info: Installing LearnBase v0.1.6
[ Info: Installing LegacyStrings v0.3.0
[ Info: Installing LineSearches v3.2.4
[ Info: Installing LinearMaps v1.0.4
[ Info: Installing LossFunctions v0.2.0
[ Info: Installing LsqFit v0.3.0
[ Info: Installing MacroTools v0.4.0
[ Info: Installing Media v0.3.0
[ Info: Installing Missings v0.2.4
[ Info: Installing MuladdMacro v0.0.2
[ Info: Installing MultiScaleArrays v0.5.0
[ Info: Installing NLSolversBase v3.1.0
[ Info: Installing NLsolve v0.13.0
[ Info: Installing NaNMath v0.3.0
[ Info: Installing Optim v0.11.0
[ Info: Installing OptimBase v0.1.0
[ Info: Installing OrdinaryDiffEq v2.37.0
[ Info: Installing PDMats v0.8.0
[ Info: Installing ParameterizedFunctions v2.3.1
[ Info: Installing Parameters v0.8.1
[ Info: Installing PenaltyFunctions v0.0.2
[ Info: Installing Polynomials v0.2.0
[ Info: Installing PositiveFactorizations v0.1.0
[ Info: Installing Primes v0.2.0
[ Info: Installing QuadGK v0.2.0
[ Info: Installing RandomNumbers v0.1.0
[ Info: Installing RecipesBase v0.2.3
[ Info: Installing RecursiveArrayTools v0.14.3
[ Info: Installing Reexport v0.1.0
[ Info: Installing Requires v0.4.3
[ Info: Installing ResettableStacks v0.3.1
[ Info: Installing Rmath v0.3.1
[ Info: Installing Roots v0.5.0
[ Info: Installing SHA v0.5.3
[ Info: Installing SimpleTraits v0.5.1
[ Info: Installing SortingAlgorithms v0.2.0
[ Info: Installing SpecialFunctions v0.3.8
[ Info: Installing StaticArrays v0.6.6
[ Info: Installing StatsBase v0.19.5
[ Info: Installing StatsFuns v0.5.0
[ Info: Installing SteadyStateDiffEq v0.1.0
[ Info: Installing StochasticDiffEq v2.23.4
[ Info: Installing SugarBLAS v0.0.4
[ Info: Installing Sundials v1.0.0
[ Info: Installing SymEngine v0.3.0
[ Info: Installing URIParser v0.3.0
[ Info: Installing UnicodePlots v0.2.6
[ Info: Installing VectorizedRoutines v0.0.2
[ Info: Building SpecialFunctions
┌ Error: ------------------------------------------------------------
│ # Build failed for SpecialFunctions
│   exception =
│    LoadError: ArgumentError: Module Compat not found in current path.
│    Run `Pkg.add("Compat")` to install the Compat package.
│    Stacktrace:
│     [1] require(::Module, ::Symbol) at ./loading.jl:813
│     [2] include at ./boot.jl:292 [inlined]
│     [3] include_relative(::Module, ::String) at ./loading.jl:1011
│     [4] include at ./sysimg.jl:26 [inlined]
│     [5] include(::String) at ./loading.jl:1045
│     [6] top-level scope
│     [7] eval at ./boot.jl:295 [inlined]
│     [8] eval at ./sysimg.jl:71 [inlined]
│     [9] evalfile(::String, ::Array{String,1}) at ./loading.jl:1040 (repeats 2 times)
│     [10] #2 at ./none:12 [inlined]
│     [11] cd(::getfield(, Symbol("##2#5")){String}, ::String) at ./file.jl:70
│     [12] (::getfield(, Symbol("##1#3")))(::IOStream) at ./none:11
│     [13] open(::getfield(, Symbol("##1#3")), ::String, ::String) at ./iostream.jl:310
│     [14] top-level scope
│     [15] eval at ./boot.jl:295 [inlined]
│     [16] eval(::Module, ::Expr) at ./sysimg.jl:71
│     [17] process_options(::Base.JLOptions) at ./client.jl:301
│     [18] _start() at ./client.jl:375
│    in expression starting at /home/vagrant/.julia/v0.7/SpecialFunctions/deps/build.jl:1
└ @ Main none:15
[ Info: Building RandomNumbers
┌ Warning: `warn()` is deprecated, use `@warn` instead.
│   caller = #warn#936(::Base.Iterators.IndexValue{Union{},Union{},Tuple{},NamedTuple{(),Tuple{}}}, ::Function, ::String, ::Vararg{String,N} where N) at deprecated.jl:1175
└ @ Base deprecated.jl:1175
WARNING: AES-NI will not be compiled.
[ Info: Building Rmath
┌ Error: ------------------------------------------------------------
│ # Build failed for Rmath
│   exception =
│    LoadError: ArgumentError: Module BinDeps not found in current path.
│    Run `Pkg.add("BinDeps")` to install the BinDeps package.
│    Stacktrace:
│     [1] require(::Module, ::Symbol) at ./loading.jl:813
│     [2] include at ./boot.jl:292 [inlined]
│     [3] include_relative(::Module, ::String) at ./loading.jl:1011
│     [4] include at ./sysimg.jl:26 [inlined]
│     [5] include(::String) at ./loading.jl:1045
│     [6] top-level scope
│     [7] eval at ./boot.jl:295 [inlined]
│     [8] eval at ./sysimg.jl:71 [inlined]
│     [9] evalfile(::String, ::Array{String,1}) at ./loading.jl:1040 (repeats 2 times)
│     [10] #2 at ./none:12 [inlined]
│     [11] cd(::getfield(, Symbol("##2#5")){String}, ::String) at ./file.jl:70
│     [12] (::getfield(, Symbol("##1#3")))(::IOStream) at ./none:11
│     [13] open(::getfield(, Symbol("##1#3")), ::String, ::String) at ./iostream.jl:310
│     [14] top-level scope
│     [15] eval at ./boot.jl:295 [inlined]
│     [16] eval(::Module, ::Expr) at ./sysimg.jl:71
│     [17] process_options(::Base.JLOptions) at ./client.jl:301
│     [18] _start() at ./client.jl:375
│    in expression starting at /home/vagrant/.julia/v0.7/Rmath/deps/build.jl:6
└ @ Main none:15
[ Info: Building Sundials
┌ Error: ------------------------------------------------------------
│ # Build failed for Sundials
│   exception =
│    LoadError: ArgumentError: Module BinaryProvider not found in current path.
│    Run `Pkg.add("BinaryProvider")` to install the BinaryProvider package.
│    Stacktrace:
│     [1] require(::Module, ::Symbol) at ./loading.jl:813
│     [2] include at ./boot.jl:292 [inlined]
│     [3] include_relative(::Module, ::String) at ./loading.jl:1011
│     [4] include at ./sysimg.jl:26 [inlined]
│     [5] include(::String) at ./loading.jl:1045
│     [6] top-level scope
│     [7] eval at ./boot.jl:295 [inlined]
│     [8] eval at ./sysimg.jl:71 [inlined]
│     [9] evalfile(::String, ::Array{String,1}) at ./loading.jl:1040 (repeats 2 times)
│     [10] #2 at ./none:12 [inlined]
│     [11] cd(::getfield(, Symbol("##2#5")){String}, ::String) at ./file.jl:70
│     [12] (::getfield(, Symbol("##1#3")))(::IOStream) at ./none:11
│     [13] open(::getfield(, Symbol("##1#3")), ::String, ::String) at ./iostream.jl:310
│     [14] top-level scope
│     [15] eval at ./boot.jl:295 [inlined]
│     [16] eval(::Module, ::Expr) at ./sysimg.jl:71
│     [17] process_options(::Base.JLOptions) at ./client.jl:301
│     [18] _start() at ./client.jl:375
│    in expression starting at /home/vagrant/.julia/v0.7/Sundials/deps/build.jl:1
└ @ Main none:15
[ Info: Building Conda
┌ Error: ------------------------------------------------------------
│ # Build failed for Conda
│   exception =
│    LoadError: ArgumentError: Module Compat not found in current path.
│    Run `Pkg.add("Compat")` to install the Compat package.
│    Stacktrace:
│     [1] require(::Module, ::Symbol) at ./loading.jl:813
│     [2] include at ./boot.jl:292 [inlined]
│     [3] include_relative(::Module, ::String) at ./loading.jl:1011
│     [4] include at ./sysimg.jl:26 [inlined]
│     [5] include(::String) at ./loading.jl:1045
│     [6] top-level scope
│     [7] eval at ./boot.jl:295 [inlined]
│     [8] eval at ./sysimg.jl:71 [inlined]
│     [9] evalfile(::String, ::Array{String,1}) at ./loading.jl:1040 (repeats 2 times)
│     [10] #2 at ./none:12 [inlined]
│     [11] cd(::getfield(, Symbol("##2#5")){String}, ::String) at ./file.jl:70
│     [12] (::getfield(, Symbol("##1#3")))(::IOStream) at ./none:11
│     [13] open(::getfield(, Symbol("##1#3")), ::String, ::String) at ./iostream.jl:310
│     [14] top-level scope
│     [15] eval at ./boot.jl:295 [inlined]
│     [16] eval(::Module, ::Expr) at ./sysimg.jl:71
│     [17] process_options(::Base.JLOptions) at ./client.jl:301
│     [18] _start() at ./client.jl:375
│    in expression starting at /home/vagrant/.julia/v0.7/Conda/deps/build.jl:1
└ @ Main none:15
[ Info: Building SymEngine
┌ Error: ------------------------------------------------------------
│ # Build failed for SymEngine
│   exception =
│    LoadError: ArgumentError: Module BinDeps not found in current path.
│    Run `Pkg.add("BinDeps")` to install the BinDeps package.
│    Stacktrace:
│     [1] require(::Module, ::Symbol) at ./loading.jl:813
│     [2] include at ./boot.jl:292 [inlined]
│     [3] include_relative(::Module, ::String) at ./loading.jl:1011
│     [4] include at ./sysimg.jl:26 [inlined]
│     [5] include(::String) at ./loading.jl:1045
│     [6] top-level scope
│     [7] eval at ./boot.jl:295 [inlined]
│     [8] eval at ./sysimg.jl:71 [inlined]
│     [9] evalfile(::String, ::Array{String,1}) at ./loading.jl:1040 (repeats 2 times)
│     [10] #2 at ./none:12 [inlined]
│     [11] cd(::getfield(, Symbol("##2#5")){String}, ::String) at ./file.jl:70
│     [12] (::getfield(, Symbol("##1#3")))(::IOStream) at ./none:11
│     [13] open(::getfield(, Symbol("##1#3")), ::String, ::String) at ./iostream.jl:310
│     [14] top-level scope
│     [15] eval at ./boot.jl:295 [inlined]
│     [16] eval(::Module, ::Expr) at ./sysimg.jl:71
│     [17] process_options(::Base.JLOptions) at ./client.jl:301
│     [18] _start() at ./client.jl:375
│    in expression starting at /home/vagrant/.julia/v0.7/SymEngine/deps/build.jl:1
└ @ Main none:15
[ Info: Building Blosc
┌ Error: ------------------------------------------------------------
│ # Build failed for Blosc
│   exception =
│    LoadError: ArgumentError: Module BinDeps not found in current path.
│    Run `Pkg.add("BinDeps")` to install the BinDeps package.
│    Stacktrace:
│     [1] require(::Module, ::Symbol) at ./loading.jl:813
│     [2] include at ./boot.jl:292 [inlined]
│     [3] include_relative(::Module, ::String) at ./loading.jl:1011
│     [4] include at ./sysimg.jl:26 [inlined]
│     [5] include(::String) at ./loading.jl:1045
│     [6] top-level scope
│     [7] eval at ./boot.jl:295 [inlined]
│     [8] eval at ./sysimg.jl:71 [inlined]
│     [9] evalfile(::String, ::Array{String,1}) at ./loading.jl:1040 (repeats 2 times)
│     [10] #2 at ./none:12 [inlined]
│     [11] cd(::getfield(, Symbol("##2#5")){String}, ::String) at ./file.jl:70
│     [12] (::getfield(, Symbol("##1#3")))(::IOStream) at ./none:11
│     [13] open(::getfield(, Symbol("##1#3")), ::String, ::String) at ./iostream.jl:310
│     [14] top-level scope
│     [15] eval at ./boot.jl:295 [inlined]
│     [16] eval(::Module, ::Expr) at ./sysimg.jl:71
│     [17] process_options(::Base.JLOptions) at ./client.jl:301
│     [18] _start() at ./client.jl:375
│    in expression starting at /home/vagrant/.julia/v0.7/Blosc/deps/build.jl:1
└ @ Main none:15
[ Info: Building HDF5
┌ Error: ------------------------------------------------------------
│ # Build failed for HDF5
│   exception =
│    LoadError: ArgumentError: Module BinDeps not found in current path.
│    Run `Pkg.add("BinDeps")` to install the BinDeps package.
│    Stacktrace:
│     [1] require(::Module, ::Symbol) at ./loading.jl:813
│     [2] include at ./boot.jl:292 [inlined]
│     [3] include_relative(::Module, ::String) at ./loading.jl:1011
│     [4] include at ./sysimg.jl:26 [inlined]
│     [5] include(::String) at ./loading.jl:1045
│     [6] top-level scope
│     [7] eval at ./boot.jl:295 [inlined]
│     [8] eval at ./sysimg.jl:71 [inlined]
│     [9] evalfile(::String, ::Array{String,1}) at ./loading.jl:1040 (repeats 2 times)
│     [10] #2 at ./none:12 [inlined]
│     [11] cd(::getfield(, Symbol("##2#5")){String}, ::String) at ./file.jl:70
│     [12] (::getfield(, Symbol("##1#3")))(::IOStream) at ./none:11
│     [13] open(::getfield(, Symbol("##1#3")), ::String, ::String) at ./iostream.jl:310
│     [14] top-level scope
│     [15] eval at ./boot.jl:295 [inlined]
│     [16] eval(::Module, ::Expr) at ./sysimg.jl:71
│     [17] process_options(::Base.JLOptions) at ./client.jl:301
│     [18] _start() at ./client.jl:375
│    in expression starting at /home/vagrant/.julia/v0.7/HDF5/deps/build.jl:1
└ @ Main none:15
┌ Warning: ------------------------------------------------------------
│ # Build error summary
│ 
│ Conda, HDF5, SpecialFunctions, Sundials, SymEngine, Rmath and Blosc had build errors.
│ 
│  - packages with build errors remain installed in /home/vagrant/.julia/v0.7
│  - build the package(s) and all dependencies with `Pkg.build("Conda", "HDF5", "SpecialFunctions", "Sundials", "SymEngine", "Rmath", "Blosc")`
│  - build a single package by running its `deps/build.jl` script
└ @ Base.Pkg.Entry entry.jl:648
[ Info: Package database updated

>>> 'Pkg.test("BioEnergeticFoodWebs")' log
Julia Version 0.7.0-DEV.3487
Commit 808e828bcb (2018-01-20 20:33 UTC)
Platform Info:
  OS: Linux (x86_64-pc-linux-gnu)
      Ubuntu 14.04.5 LTS
  uname: Linux 3.13.0-135-generic #184-Ubuntu SMP Wed Oct 18 11:55:51 UTC 2017 x86_64 x86_64
  CPU: Intel(R) Xeon(R) CPU E3-1241 v3 @ 3.50GHz: 
              speed         user         nice          sys         idle          irq
       #1  3499 MHz     830002 s         98 s      48367 s     208902 s          8 s
       #2  3499 MHz     151670 s         57 s      17996 s    1096915 s          0 s
       
  Memory: 2.93927001953125 GB (673.578125 MB free)
  Uptime: 12826.0 sec
  Load Avg:  0.96484375  0.9853515625  0.98095703125
  WORD_SIZE: 64
  LIBM: libopenlibm
  LLVM: libLLVM-3.9.1 (ORCJIT, haswell)
Environment:
  TERM = vt100
  LD_LIBRARY_PATH = :/usr/local/lib/
  PATH = /usr/local/sbin:/usr/local/bin:/usr/sbin:/usr/bin:/sbin:/bin:/usr/games:/usr/local/games:/home/vagrant/julia/bin/
  JAVA_HOME = /usr/lib/jvm/java-8-openjdk-amd64
  HOME = /home/vagrant
Packages:
  Package Directory: /home/vagrant/.julia/v0.7
  Package Status:
2 required packages:
 - BioEnergeticFoodWebs          0.3.1
 - JSON                          0.16.4
97 additional packages:
 - AlgebraicDiffEq               0.1.0
 - BandedMatrices                0.3.1
 - BinDeps                       0.8.5
 - BinaryProvider                0.1.3
 - Blosc                         0.3.0
 - BoundaryValueDiffEq           0.3.0
 - Calculus                      0.2.2
 - ChunkedArrays                 0.1.1
 - Combinatorics                 0.5.0
 - CommonSubexpressions          0.0.1
 - Compat                        0.48.0
 - Conda                         0.7.1
 - DataStructures                0.7.4
 - DelayDiffEq                   1.12.0
 - DiffBase                      0.3.2
 - DiffEqBase                    2.10.2
 - DiffEqBiological              0.3.0
 - DiffEqCallbacks               0.8.0
 - DiffEqDevTools                0.11.3
 - DiffEqDiffTools               0.2.1
 - DiffEqFinancial               0.3.0
 - DiffEqJump                    0.7.0
 - DiffEqMonteCarlo              0.9.1
 - DiffEqNoiseProcess            0.8.1
 - DiffEqPDEBase                 0.3.5
 - DiffEqParamEstim              0.8.0
 - DiffEqPhysics                 0.3.0
 - DiffEqSensitivity             0.5.1
 - DiffEqUncertainty             0.0.1
 - DiffResults                   0.0.3
 - DiffRules                     0.0.3
 - DifferentialEquations         3.1.0
 - DimensionalPlotRecipes        0.0.2
 - Distances                     0.5.0
 - DistributedArrays             0.4.0
 - Distributions                 0.15.0
 - EllipsisNotation              0.3.0
 - FileIO                        0.6.1
 - FiniteElementDiffEq           0.4.0
 - ForwardDiff                   0.7.2
 - FunctionWrappers              0.1.0
 - GenericSVD                    0.1.0
 - HDF5                          0.8.8
 - Hiccup                        0.1.1
 - IterTools                     0.2.1
 - IterativeSolvers              0.4.2
 - JLD                           0.8.3
 - Juno                          0.3.2
 - LearnBase                     0.1.6
 - LegacyStrings                 0.3.0
 - LineSearches                  3.2.4
 - LinearMaps                    1.0.4
 - LossFunctions                 0.2.0
 - LsqFit                        0.3.0
 - MacroTools                    0.4.0
 - Media                         0.3.0
 - Missings                      0.2.4
 - MuladdMacro                   0.0.2
 - MultiScaleArrays              0.5.0
 - NLSolversBase                 3.1.0
 - NLsolve                       0.13.0
 - NaNMath                       0.3.0
 - Nullables                     0.0.3
 - Optim                         0.11.0
 - OptimBase                     0.1.0
 - OrdinaryDiffEq                2.37.0
 - PDMats                        0.8.0
 - ParameterizedFunctions        2.3.1
 - Parameters                    0.8.1
 - PenaltyFunctions              0.0.2
 - Polynomials                   0.2.0
 - PositiveFactorizations        0.1.0
 - Primes                        0.2.0
 - QuadGK                        0.2.0
 - RandomNumbers                 0.1.0
 - RecipesBase                   0.2.3
 - RecursiveArrayTools           0.14.3
 - Reexport                      0.1.0
 - Requires                      0.4.3
 - ResettableStacks              0.3.1
 - Rmath                         0.3.1
 - Roots                         0.5.0
 - SHA                           0.5.3
 - SimpleTraits                  0.5.1
 - SortingAlgorithms             0.2.0
 - SpecialFunctions              0.3.8
 - StaticArrays                  0.6.6
 - StatsBase                     0.19.5
 - StatsFuns                     0.5.0
 - SteadyStateDiffEq             0.1.0
 - StochasticDiffEq              2.23.4
 - SugarBLAS                     0.0.4
 - Sundials                      1.0.0
 - SymEngine                     0.3.0
 - URIParser                     0.3.0
 - UnicodePlots                  0.2.6
 - VectorizedRoutines            0.0.2
[ Info: Testing BioEnergeticFoodWebs
WARNING: importing deprecated binding Base.logdet into PDMats.
WARNING: importing deprecated binding Base.diag into PDMats.
WARNING: importing deprecated binding Base.diagm into PDMats.
WARNING: importing deprecated binding Base.eigmax into PDMats.
WARNING: importing deprecated binding Base.eigmin into PDMats.
ERROR: LoadError: UndefVarError: BLAS not defined
Stacktrace:
 [1] include at ./boot.jl:292 [inlined]
 [2] include_relative(::Module, ::String) at ./loading.jl:1011
 [3] include(::Module, ::String) at ./sysimg.jl:26
 [4] top-level scope
 [5] eval at ./boot.jl:295 [inlined]
 [6] top-level scope at ./<missing>:3
in expression starting at /home/vagrant/.julia/v0.7/PDMats/src/PDMats.jl:39
ERROR: LoadError: Failed to precompile PDMats to /home/vagrant/.julia/lib/v0.7/PDMats.ji.
Stacktrace:
 [1] error at ./error.jl:33 [inlined]
 [2] compilecache(::Base.PkgId) at ./loading.jl:1161
 [3] _require(::Base.PkgId) at ./loading.jl:919
 [4] require(::Module, ::Symbol) at ./loading.jl:819
 [5] include at ./boot.jl:292 [inlined]
 [6] include_relative(::Module, ::String) at ./loading.jl:1011
 [7] include(::Module, ::String) at ./sysimg.jl:26
 [8] top-level scope
 [9] eval at ./boot.jl:295 [inlined]
 [10] top-level scope at ./<missing>:3
in expression starting at /home/vagrant/.julia/v0.7/Distributions/src/Distributions.jl:5
ERROR: LoadError: LoadError: Failed to precompile Distributions to /home/vagrant/.julia/lib/v0.7/Distributions.ji.
Stacktrace:
 [1] error at ./error.jl:33 [inlined]
 [2] compilecache(::Base.PkgId) at ./loading.jl:1161
 [3] _require(::Base.PkgId) at ./loading.jl:948
 [4] require(::Module, ::Symbol) at ./loading.jl:819
 [5] include at ./boot.jl:292 [inlined]
 [6] include_relative(::Module, ::String) at ./loading.jl:1011
 [7] _require(::Base.PkgId) at ./loading.jl:938
 [8] require(::Module, ::Symbol) at ./loading.jl:819
 [9] include at ./boot.jl:292 [inlined]
 [10] include_relative(::Module, ::String) at ./loading.jl:1011
 [11] include(::Module, ::String) at ./sysimg.jl:26
 [12] process_options(::Base.JLOptions) at ./client.jl:324
 [13] _start() at ./client.jl:375
in expression starting at /home/vagrant/.julia/v0.7/BioEnergeticFoodWebs/src/BioEnergeticFoodWebs.jl:3
in expression starting at /home/vagrant/.julia/v0.7/BioEnergeticFoodWebs/test/runtests.jl:1
┌ Error: ------------------------------------------------------------
│ # Testing failed for BioEnergeticFoodWebs
│   exception =
│    failed process: Process(`/home/vagrant/julia/bin/julia -Cnative -J/home/vagrant/julia/lib/julia/sys.so --compile=yes --depwarn=yes --code-coverage=none --color=no --compiled-modules=yes --check-bounds=yes --warn-overwrite=yes --startup-file=yes /home/vagrant/.julia/v0.7/BioEnergeticFoodWebs/test/runtests.jl`, ProcessExited(1)) [1]
│    Stacktrace:
│     [1] error(::String, ::Base.Process, ::String, ::Int64, ::String) at ./error.jl:42
│     [2] pipeline_error(::Base.Process) at ./process.jl:694
│     [3] run(::Cmd) at ./process.jl:656
│     [4] (::getfield(Base.Pkg.Entry, Symbol("##91#94")){Bool,String,Array{AbstractString,1}})() at ./pkg/entry.jl:728
│     [5] cd(::getfield(Base.Pkg.Entry, Symbol("##91#94")){Bool,String,Array{AbstractString,1}}, ::String) at ./file.jl:70
│     [6] #test!#90(::Bool, ::Function, ::String, ::Array{AbstractString,1}, ::Array{AbstractString,1}, ::Array{AbstractString,1}) at ./pkg/entry.jl:716
│     [7] (::getfield(Base.Pkg.Entry, Symbol("#kw##test!")))(::NamedTuple{(:coverage,),Tuple{Bool}}, ::typeof(Base.Pkg.Entry.test!), ::String, ::Array{AbstractString,1}, ::Array{AbstractString,1}, ::Array{AbstractString,1}) at ./<missing>:0
│     [8] #test#98(::Bool, ::Function, ::Array{AbstractString,1}) at ./pkg/entry.jl:755
│     [9] (::getfield(Base.Pkg.Entry, Symbol("#kw##test")))(::NamedTuple{(:coverage,),Tuple{Bool}}, ::typeof(Base.Pkg.Entry.test), ::Array{AbstractString,1}) at ./<missing>:0
│     [10] (::getfield(Base.Pkg.Dir, Symbol("##4#7")){Base.Iterators.IndexValue{Symbol,Bool,Tuple{Symbol},NamedTuple{(:coverage,),Tuple{Bool}}},typeof(Base.Pkg.Entry.test),Tuple{Array{AbstractString,1}}})() at ./pkg/dir.jl:36
│     [11] cd(::getfield(Base.Pkg.Dir, Symbol("##4#7")){Base.Iterators.IndexValue{Symbol,Bool,Tuple{Symbol},NamedTuple{(:coverage,),Tuple{Bool}}},typeof(Base.Pkg.Entry.test),Tuple{Array{AbstractString,1}}}, ::String) at ./file.jl:70
│     [12] #cd#1(::Base.Iterators.IndexValue{Symbol,Bool,Tuple{Symbol},NamedTuple{(:coverage,),Tuple{Bool}}}, ::Function, ::Function, ::Array{AbstractString,1}, ::Vararg{Array{AbstractString,1},N} where N) at ./pkg/dir.jl:36
│     [13] (::getfield(Base.Pkg.Dir, Symbol("#kw##cd")))(::NamedTuple{(:coverage,),Tuple{Bool}}, ::typeof(Base.Pkg.Dir.cd), ::Function, ::Array{AbstractString,1}, ::Vararg{Array{AbstractString,1},N} where N) at ./<missing>:0
│     [14] #test#3(::Bool, ::Function, ::String, ::Vararg{String,N} where N) at ./pkg/pkg.jl:274
│     [15] test(::String, ::Vararg{String,N} where N) at ./pkg/pkg.jl:274
│     [16] top-level scope
│     [17] eval at ./boot.jl:295 [inlined]
│     [18] eval(::Module, ::Expr) at ./sysimg.jl:71
│     [19] process_options(::Base.JLOptions) at ./client.jl:301
│     [20] _start() at ./client.jl:375
└ @ Base.Pkg.Entry entry.jl:731
ERROR: BioEnergeticFoodWebs had test errors

>>> End of log
