>>> 'Pkg.add("BioEnergeticFoodWebs")' log
INFO: Cloning cache of BioEnergeticFoodWebs from https://github.com/PoisotLab/BioEnergeticFoodWebs.jl.git
INFO: Cloning cache of ODE from git://github.com/JuliaDiffEq/ODE.jl.git
INFO: Installing BinDeps v0.4.5
INFO: Installing BioEnergeticFoodWebs v0.1.1
INFO: Installing Blosc v0.1.7
INFO: Installing Calculus v0.1.15
INFO: Installing Distributions v0.11.1
INFO: Installing FileIO v0.2.1
INFO: Installing HDF5 v0.7.2
INFO: Installing JLD v0.6.8
INFO: Installing LegacyStrings v0.1.1
INFO: Installing ODE v0.2.1
INFO: Installing PDMats v0.5.2
INFO: Installing Polynomials v0.1.2
INFO: Installing Rmath v0.1.5
INFO: Installing SHA v0.3.0
INFO: Installing StatsBase v0.11.1
INFO: Installing StatsFuns v0.3.1
INFO: Installing URIParser v0.1.6
INFO: Building Rmath
INFO: Building Blosc
INFO: Building HDF5
INFO: Package database updated
INFO: METADATA is out-of-date — you may not have the latest version of BioEnergeticFoodWebs
INFO: Use `Pkg.update()` to get the latest versions of your packages

>>> 'Pkg.test("BioEnergeticFoodWebs")' log
Julia Version 0.4.7
Commit ae26b25 (2016-09-18 16:17 UTC)
Platform Info:
  System: Linux (x86_64-pc-linux-gnu)
  CPU: Intel(R) Xeon(R) CPU E3-1241 v3 @ 3.50GHz
  WORD_SIZE: 64
           Ubuntu 14.04.5 LTS
  uname: Linux 3.13.0-105-generic #152-Ubuntu SMP Fri Dec 2 15:37:11 UTC 2016 x86_64 x86_64
Memory: 2.9392738342285156 GB (1700.51171875 MB free)
Uptime: 7693.0 sec
Load Avg:  0.98046875  0.9853515625  1.02392578125
Intel(R) Xeon(R) CPU E3-1241 v3 @ 3.50GHz: 
       speed         user         nice          sys         idle          irq
#1  3499 MHz     334941 s       4448 s      35654 s     314245 s         27 s
#2  3499 MHz     228970 s       2106 s      31124 s     463156 s          0 s

  BLAS: libopenblas (USE64BITINT DYNAMIC_ARCH NO_AFFINITY Nehalem)
  LAPACK: libopenblas64_
  LIBM: libopenlibm
  LLVM: libLLVM-3.3
Environment:
  TERM = vt100
  LD_LIBRARY_PATH = :/usr/local/lib/
  PATH = /usr/local/sbin:/usr/local/bin:/usr/sbin:/usr/bin:/sbin:/bin:/usr/games:/usr/local/games:/home/vagrant/julia/bin/
  JAVA_HOME = /usr/lib/jvm/java-7-oracle
  HOME = /home/vagrant

Package Directory: /home/vagrant/.julia/v0.4
2 required packages:
 - BioEnergeticFoodWebs          0.1.1
 - JSON                          0.8.0
17 additional packages:
 - BinDeps                       0.4.5
 - Blosc                         0.1.7
 - Calculus                      0.1.15
 - Compat                        0.10.0
 - Distributions                 0.11.1
 - FileIO                        0.2.1
 - HDF5                          0.7.2
 - JLD                           0.6.8
 - LegacyStrings                 0.1.1
 - ODE                           0.2.1
 - PDMats                        0.5.2
 - Polynomials                   0.1.2
 - Rmath                         0.1.5
 - SHA                           0.3.0
 - StatsBase                     0.11.1
 - StatsFuns                     0.3.1
 - URIParser                     0.1.6
INFO: Testing BioEnergeticFoodWebs
[1m[32mPASSED[0m	trophic_rank.jl
[1m[32mPASSED[0m	checks.jl
[1m[32mPASSED[0m	make_parameters.jl
[1m[32mPASSED[0m	simulate.jl
[1m[32mPASSED[0m	random.jl
[1m[32mPASSED[0m	measures.jl
INFO: BioEnergeticFoodWebs tests passed

>>> End of log
