>>> 'Pkg.add("BlockArrays")' log
INFO: Cloning cache of BlockArrays from https://github.com/KristofferC/BlockArrays.jl.git
INFO: Installing BlockArrays v0.2.0
INFO: Package database updated

>>> 'Pkg.test("BlockArrays")' log
Julia Version 0.6.2
Commit d386e40c17 (2017-12-13 18:08 UTC)
Platform Info:
  OS: Linux (x86_64-pc-linux-gnu)
  CPU: Intel(R) Xeon(R) CPU E3-1241 v3 @ 3.50GHz
  WORD_SIZE: 64
           Ubuntu 14.04.5 LTS
  uname: Linux 3.13.0-135-generic #184-Ubuntu SMP Wed Oct 18 11:55:51 UTC 2017 x86_64 x86_64
Memory: 2.93927001953125 GB (328.61328125 MB free)
Uptime: 20825.0 sec
Load Avg:  1.05419921875  1.12841796875  1.03564453125
Intel(R) Xeon(R) CPU E3-1241 v3 @ 3.50GHz: 
       speed         user         nice          sys         idle          irq
#1  3506 MHz    1060638 s       4218 s      57368 s     678866 s         20 s
#2  3506 MHz     269442 s       2584 s      27723 s    1744292 s          0 s

  BLAS: libopenblas (USE64BITINT DYNAMIC_ARCH NO_AFFINITY Nehalem)
  LAPACK: libopenblas64_
  LIBM: libopenlibm
  LLVM: libLLVM-3.9.1 (ORCJIT, haswell)
Environment:
  TERM = vt100
  LD_LIBRARY_PATH = :/usr/local/lib/
  PATH = /usr/local/sbin:/usr/local/bin:/usr/sbin:/usr/bin:/sbin:/bin:/usr/games:/usr/local/games:/home/vagrant/julia/bin/
  JAVA_HOME = /usr/lib/jvm/java-8-openjdk-amd64
  HOME = /home/vagrant

Package Directory: /home/vagrant/.julia/v0.6
2 required packages:
 - BlockArrays                   0.2.0
 - JSON                          0.16.4
2 additional packages:
 - Compat                        0.53.0
 - Nullables                     0.0.3
INFO: Computing test dependencies for BlockArrays...
INFO: Cloning cache of Documenter from https://github.com/JuliaDocs/Documenter.jl.git
INFO: Installing DocStringExtensions v0.4.3
INFO: Installing Documenter v0.13.1
INFO: Testing BlockArrays
Test Summary:             | Pass  Total
BlockSizes / BlockIndices |    4      4
Test Summary:  | Pass  Total
block indexing |   10     10
Test Summary:    | Pass  Total
misc block tests |   65     65
Test Summary: | Pass  Total
convert       |   12     12
Test Summary: | Pass  Total
string        |    1      1
Test Summary:              | Pass  Total
AbstractVector{Int} blocks |    3      3
Documenter: setting up build directory.
Documenter: expanding markdown templates.
Documenter: building cross-references.
Documenter: running document checks.
 > checking for missing docstrings.
 !! Skipped doctesting.
 > checking footnote links.
Documenter: populating indices.
Documenter: rendering document.
Documenter: skipping docs deployment.
  You can set DOCUMENTER_DEBUG to "true" in Travis to see more information.
INFO: BlockArrays tests passed
INFO: Removing DocStringExtensions v0.4.3
INFO: Removing Documenter v0.13.1

>>> End of log
