>>> 'Pkg.add("BloomFilters")' log
INFO: Cloning cache of BloomFilters from git://github.com/johnmyleswhite/BloomFilters.jl.git
INFO: Installing BloomFilters v0.1.0
INFO: Package database updated

>>> 'using BloomFilters' log
Julia Version 0.3.1
Commit c03f413* (2014-09-21 21:30 UTC)
Platform Info:
  System: Linux (x86_64-unknown-linux-gnu)
  CPU: Intel(R) Xeon(R) CPU E5-2650 0 @ 2.00GHz
  WORD_SIZE: 64
  BLAS: libopenblas (USE64BITINT DYNAMIC_ARCH NO_AFFINITY Sandybridge)
  LAPACK: libopenblas
  LIBM: libopenlibm
  LLVM: libLLVM-3.3

>>> test log
For insertions:
elapsed time: 0.105650452 seconds (22798352 bytes allocated)
For lookups:
elapsed time: 0.107712079 seconds (22502084 bytes allocated, 27.61% gc time)
For insertions (mmap-backed):
elapsed time: 0.09262115 seconds (22387904 bytes allocated)
For lookups (mmap-backed):
elapsed time: 0.111840336 seconds (22389904 bytes allocated, 34.94% gc time)
System is 64-bit
In-memory Bloom is 24.24% full
90 false positives in 100000 tests
Error rate for in-memory Bloom filter 0.08%
Mmap'd Bloom is 24.24% full
90 false positives in 100000 tests
Error rate for in-memory Bloom filter 0.08%
For lookups after re-opening (mmap-backed):
elapsed time: 0.070431508 seconds (22389904 bytes allocated)
For lookups after re-opening second time (mmap-backed):
elapsed time: 0.069794594 seconds (22389904 bytes allocated)

>>> end of log
