>>> 'Pkg.add("BlossomV")' log
INFO: Cloning cache of BlossomV from https://github.com/mlewe/BlossomV.jl.git
INFO: Installing BinDeps v0.8.0
INFO: Installing BlossomV v0.3.0
INFO: Installing SHA v0.5.2
INFO: Installing URIParser v0.2.0
INFO: Building BlossomV
INFO: Attempting to create directory /home/vagrant/.julia/v0.6/BlossomV/deps/downloads
INFO: Downloading file http://pub.ist.ac.at/~vnk/software/blossom5-v2.05.src.tar.gz
  % Total    % Received % Xferd  Average Speed   Time    Time     Time  Current
                                 Dload  Upload   Total   Spent    Left  Speed
  0     0    0     0    0     0      0      0 --:--:-- --:--:-- --:--:--     0  0     0    0     0    0     0      0      0 --:--:--  0:00:01 --:--:--     0  0     0    0     0    0     0      0      0 --:--:--  0:00:01 --:--:--     0 59 47922   59 28420    0     0   9812      0  0:00:04  0:00:02  0:00:02  9810100 47922  100 47922    0     0  16538      0  0:00:02  0:00:02 --:--:-- 16536
INFO: Done downloading file http://pub.ist.ac.at/~vnk/software/blossom5-v2.05.src.tar.gz
INFO: Attempting to create directory /home/vagrant/.julia/v0.6/BlossomV/deps/src
INFO: Attempting to create directory /home/vagrant/.julia/v0.6/BlossomV/deps
INFO: Directory /home/vagrant/.julia/v0.6/BlossomV/deps already exists
INFO: Changing directory to /home/vagrant/.julia/v0.6/BlossomV/deps/src/blossom5-v2.05.src
INFO: Attempting to create directory /home/vagrant/.julia/v0.6/BlossomV/deps/usr/lib
patching file Makefile
g++ -O3 -D_NDEBUG -fPIC -fvisibility=hidden -std=c++0x  example.cpp -c -o example.o
g++ -O3 -D_NDEBUG -fPIC -fvisibility=hidden -std=c++0x  interface.cpp -c -o interface.o
g++ -O3 -D_NDEBUG -fPIC -fvisibility=hidden -std=c++0x  misc.cpp -c -o misc.o
g++ -O3 -D_NDEBUG -fPIC -fvisibility=hidden -std=c++0x  PMduals.cpp -c -o PMduals.o
g++ -O3 -D_NDEBUG -fPIC -fvisibility=hidden -std=c++0x  PMexpand.cpp -c -o PMexpand.o
g++ -O3 -D_NDEBUG -fPIC -fvisibility=hidden -std=c++0x  PMinit.cpp -c -o PMinit.o
g++ -O3 -D_NDEBUG -fPIC -fvisibility=hidden -std=c++0x  PMinterface.cpp -c -o PMinterface.o
g++ -O3 -D_NDEBUG -fPIC -fvisibility=hidden -std=c++0x  PMmain.cpp -c -o PMmain.o
g++ -O3 -D_NDEBUG -fPIC -fvisibility=hidden -std=c++0x  PMrepair.cpp -c -o PMrepair.o
g++ -O3 -D_NDEBUG -fPIC -fvisibility=hidden -std=c++0x  PMshrink.cpp -c -o PMshrink.o
g++ -O3 -D_NDEBUG -fPIC -fvisibility=hidden -std=c++0x  MinCost/MinCost.cpp -c -o MinCost/MinCost.o
g++ -O3 -D_NDEBUG -fPIC -fvisibility=hidden -std=c++0x  GEOM/GPMinit.cpp -c -o GEOM/GPMinit.o
g++ -O3 -D_NDEBUG -fPIC -fvisibility=hidden -std=c++0x  GEOM/GPMinterface.cpp -c -o GEOM/GPMinterface.o
g++ -O3 -D_NDEBUG -fPIC -fvisibility=hidden -std=c++0x  GEOM/GPMkdtree.cpp -c -o GEOM/GPMkdtree.o
g++ -O3 -D_NDEBUG -fPIC -fvisibility=hidden -std=c++0x  GEOM/GPMmain.cpp -c -o GEOM/GPMmain.o
g++ -shared -O3 -D_NDEBUG -fPIC -fvisibility=hidden -std=c++0x  -o blossom5.so  ./example.o  ./interface.o  ./misc.o  ./PMduals.o  ./PMexpand.o  ./PMinit.o  ./PMinterface.o  ./PMmain.o  ./PMrepair.o  ./PMshrink.o  MinCost/MinCost.o  GEOM/GPMinit.o  GEOM/GPMinterface.o  GEOM/GPMkdtree.o  GEOM/GPMmain.o  -lrt
INFO: Attempting to create directory /home/vagrant/.julia/v0.6/BlossomV/deps/downloads
INFO: Directory /home/vagrant/.julia/v0.6/BlossomV/deps/downloads already exists
INFO: Downloading file http://pub.ist.ac.at/~vnk/software/blossom5-v2.05.src.tar.gz
INFO: Done downloading file http://pub.ist.ac.at/~vnk/software/blossom5-v2.05.src.tar.gz
INFO: Attempting to create directory /home/vagrant/.julia/v0.6/BlossomV/deps/src
INFO: Directory /home/vagrant/.julia/v0.6/BlossomV/deps/src already exists
INFO: Attempting to create directory /home/vagrant/.julia/v0.6/BlossomV/deps
INFO: Directory /home/vagrant/.julia/v0.6/BlossomV/deps already exists
INFO: Changing directory to /home/vagrant/.julia/v0.6/BlossomV/deps/src/blossom5-v2.05.src
INFO: Attempting to create directory /home/vagrant/.julia/v0.6/BlossomV/deps/usr/lib
INFO: Directory /home/vagrant/.julia/v0.6/BlossomV/deps/usr/lib already exists
patching file Makefile
patching file PerfectMatching.h
patching file interface.h
patching file interface.cpp
g++ -O3 -D_NDEBUG -fPIC -fvisibility=hidden -std=c++0x  example.cpp -c -o example.o
g++ -O3 -D_NDEBUG -fPIC -fvisibility=hidden -std=c++0x  interface.cpp -c -o interface.o
g++ -O3 -D_NDEBUG -fPIC -fvisibility=hidden -std=c++0x  misc.cpp -c -o misc.o
g++ -O3 -D_NDEBUG -fPIC -fvisibility=hidden -std=c++0x  PMduals.cpp -c -o PMduals.o
g++ -O3 -D_NDEBUG -fPIC -fvisibility=hidden -std=c++0x  PMexpand.cpp -c -o PMexpand.o
g++ -O3 -D_NDEBUG -fPIC -fvisibility=hidden -std=c++0x  PMinit.cpp -c -o PMinit.o
g++ -O3 -D_NDEBUG -fPIC -fvisibility=hidden -std=c++0x  PMinterface.cpp -c -o PMinterface.o
g++ -O3 -D_NDEBUG -fPIC -fvisibility=hidden -std=c++0x  PMmain.cpp -c -o PMmain.o
g++ -O3 -D_NDEBUG -fPIC -fvisibility=hidden -std=c++0x  PMrepair.cpp -c -o PMrepair.o
g++ -O3 -D_NDEBUG -fPIC -fvisibility=hidden -std=c++0x  PMshrink.cpp -c -o PMshrink.o
g++ -O3 -D_NDEBUG -fPIC -fvisibility=hidden -std=c++0x  MinCost/MinCost.cpp -c -o MinCost/MinCost.o
g++ -O3 -D_NDEBUG -fPIC -fvisibility=hidden -std=c++0x  GEOM/GPMinit.cpp -c -o GEOM/GPMinit.o
g++ -O3 -D_NDEBUG -fPIC -fvisibility=hidden -std=c++0x  GEOM/GPMinterface.cpp -c -o GEOM/GPMinterface.o
g++ -O3 -D_NDEBUG -fPIC -fvisibility=hidden -std=c++0x  GEOM/GPMkdtree.cpp -c -o GEOM/GPMkdtree.o
g++ -O3 -D_NDEBUG -fPIC -fvisibility=hidden -std=c++0x  GEOM/GPMmain.cpp -c -o GEOM/GPMmain.o
g++ -shared -O3 -D_NDEBUG -fPIC -fvisibility=hidden -std=c++0x  -o blossom5.so  ./example.o  ./interface.o  ./misc.o  ./PMduals.o  ./PMexpand.o  ./PMinit.o  ./PMinterface.o  ./PMmain.o  ./PMrepair.o  ./PMshrink.o  MinCost/MinCost.o  GEOM/GPMinit.o  GEOM/GPMinterface.o  GEOM/GPMkdtree.o  GEOM/GPMmain.o  -lrt
INFO: Package database updated
INFO: METADATA is out-of-date — you may not have the latest version of BlossomV
INFO: Use `Pkg.update()` to get the latest versions of your packages

>>> 'Pkg.test("BlossomV")' log
Julia Version 0.6.1
Commit 0d7248e2ff (2017-10-24 22:15 UTC)
Platform Info:
  OS: Linux (x86_64-pc-linux-gnu)
  CPU: Intel(R) Xeon(R) CPU E3-1241 v3 @ 3.50GHz
  WORD_SIZE: 64
           Ubuntu 14.04.5 LTS
  uname: Linux 3.13.0-135-generic #184-Ubuntu SMP Wed Oct 18 11:55:51 UTC 2017 x86_64 x86_64
Memory: 2.93927001953125 GB (490.734375 MB free)
Uptime: 17692.0 sec
Load Avg:  1.14990234375  1.046875  0.97607421875
Intel(R) Xeon(R) CPU E3-1241 v3 @ 3.50GHz: 
       speed         user         nice          sys         idle          irq
#1  3500 MHz    1087034 s        131 s      49789 s     367244 s         17 s
#2  3500 MHz     258964 s       6634 s      25102 s    1450826 s          0 s

  BLAS: libopenblas (USE64BITINT DYNAMIC_ARCH NO_AFFINITY Nehalem)
  LAPACK: libopenblas64_
  LIBM: libopenlibm
  LLVM: libLLVM-3.9.1 (ORCJIT, haswell)
Environment:
  TERM = vt100
  LD_LIBRARY_PATH = :/usr/local/lib/
  PATH = /usr/local/sbin:/usr/local/bin:/usr/sbin:/usr/bin:/sbin:/bin:/usr/games:/usr/local/games:/home/vagrant/julia/bin/
  JAVA_HOME = /usr/lib/jvm/java-8-openjdk-amd64
  HOME = /home/vagrant

Package Directory: /home/vagrant/.julia/v0.6
2 required packages:
 - BlossomV                      0.3.0
 - JSON                          0.16.1
4 additional packages:
 - BinDeps                       0.8.0
 - Compat                        0.37.0
 - SHA                           0.5.2
 - URIParser                     0.2.0
INFO: Computing test dependencies for BlossomV...
INFO: Installing BaseTestNext v0.2.2
INFO: Testing BlossomV
Test Summary: | Pass  Total
Trivial Case  |    4      4
Test Summary:                 | Pass  Total
Base Case -- greedy will work |    4      4
Test Summary:                           | Pass  Total
Intermediate Case -- no greedy solution |    4      4
Test Summary:  | Pass  Total
Error handling |    4      4
INFO: BlossomV tests passed
INFO: Removing BaseTestNext v0.2.2

>>> End of log
