>>> 'Pkg.add("BlossomV")' log
INFO: Cloning cache of BlossomV from git://github.com/mlewe/BlossomV.jl.git
INFO: Installing BlossomV v0.0.1
INFO: Building BlossomV
INFO: Attempting to Create directory /home/vagrant/.julia/v0.3/BlossomV/deps/downloads
INFO: Downloading file http://pub.ist.ac.at/~vnk/software/blossom5-v2.04.src.tar.gz
  % Total    % Received % Xferd  Average Speed   Time    Time     Time  Current
                                 Dload  Upload   Total   Spent    Left  Speed
  0     0    0     0    0     0      0      0 --:--:-- --:--:-- --:--:--     0 36 47427   36 17124    0     0  18995      0  0:00:02 --:--:--  0:00:02 60939100 47427  100 47427    0     0  41765      0  0:00:01  0:00:01 --:--:-- 92091
INFO: Done downloading file http://pub.ist.ac.at/~vnk/software/blossom5-v2.04.src.tar.gz
INFO: Attempting to Create directory /home/vagrant/.julia/v0.3/BlossomV/deps/src
INFO: Attempting to Create directory /home/vagrant/.julia/v0.3/BlossomV/deps
INFO: Directory /home/vagrant/.julia/v0.3/BlossomV/deps already created
==============================[ ERROR: BlossomV ]===============================

File String["/home/vagrant/.julia/v0.3/BlossomV/deps/src/blossom5-v2.04.src"] was not created successfully (Tried to run SynchronousStepCollection({`tar xzf /home/vagrant/.julia/v0.3/BlossomV/deps/downloads/blossom5-v2.04.src.tar.gz --directory=/home/vagrant/.julia/v0.3/BlossomV/deps/src`},"","") )
while loading /home/vagrant/.julia/v0.3/BlossomV/deps/build.jl, in expression starting on line 28

================================================================================

================================[ BUILD ERRORS ]================================

WARNING: BlossomV had build errors.

 - packages with build errors remain installed in /home/vagrant/.julia/v0.3
 - build the package(s) and all dependencies with `Pkg.build("BlossomV")`
 - build a single package by running its `deps/build.jl` script

================================================================================
INFO: Package database updated

>>> 'Pkg.test("BlossomV")' log
Julia Version 0.3.10
Commit c8ceeef* (2015-06-24 13:54 UTC)
Platform Info:
  System: Linux (x86_64-unknown-linux-gnu)
  CPU: Intel(R) Xeon(R) CPU E5-2650 0 @ 2.00GHz
  WORD_SIZE: 64
  BLAS: libopenblas (USE64BITINT DYNAMIC_ARCH NO_AFFINITY Nehalem)
  LAPACK: libopenblas
  LIBM: libopenlibm
  LLVM: libLLVM-3.3
INFO: Testing BlossomV
ERROR: BlossomV not properly installed. Please run Pkg.build("BlossomV")
 in error at error.jl:21
 in include at ./boot.jl:245
 in include_from_node1 at ./loading.jl:128
 in reload_path at loading.jl:152
 in _require at loading.jl:67
 in require at loading.jl:51
 in include at ./boot.jl:245
 in include_from_node1 at loading.jl:128
 in process_options at ./client.jl:285
 in _start at ./client.jl:354
while loading /home/vagrant/.julia/v0.3/BlossomV/src/BlossomV.jl, in expression starting on line 6
while loading /home/vagrant/.julia/v0.3/BlossomV/test/runtests.jl, in expression starting on line 1

==============================[ ERROR: BlossomV ]===============================

failed process: Process(`/home/vagrant/julia/bin/julia /home/vagrant/.julia/v0.3/BlossomV/test/runtests.jl`, ProcessExited(1)) [1]

================================================================================
INFO: No packages to install, update or remove
ERROR: BlossomV had test errors
 in error at error.jl:21
 in test at pkg/entry.jl:718
 in anonymous at pkg/dir.jl:28
 in cd at ./file.jl:20
 in cd at pkg/dir.jl:28
 in test at pkg.jl:67
 in process_options at ./client.jl:213
 in _start at ./client.jl:354


>>> End of log
