>>> 'Pkg.add("BlsData")' log
INFO: Cloning cache of BlsData from git://github.com/micahjsmith/BlsData.jl.git
INFO: Installing BinDeps v0.4.5
INFO: Installing BlsData v0.0.1
INFO: Installing BufferedStreams v0.2.0
INFO: Installing Codecs v0.2.0
INFO: Installing DataArrays v0.3.8
INFO: Installing DataFrames v0.8.2
INFO: Installing FileIO v0.1.2
INFO: Installing GZip v0.2.20
INFO: Installing HttpCommon v0.2.6
INFO: Installing HttpParser v0.2.0
INFO: Installing Libz v0.2.0
INFO: Installing MbedTLS v0.3.0
INFO: Installing Reexport v0.0.3
INFO: Installing Requests v0.3.10
INFO: Installing Rmath v0.1.2
INFO: Installing SHA v0.2.1
INFO: Installing SortingAlgorithms v0.1.0
INFO: Installing StatsBase v0.9.0
INFO: Installing StatsFuns v0.3.0
INFO: Installing URIParser v0.1.6
INFO: Building HttpParser
INFO: Building MbedTLS
INFO: Building Rmath
INFO: Package database updated
INFO: METADATA is out-of-date — you may not have the latest version of BlsData
INFO: Use `Pkg.update()` to get the latest versions of your packages

>>> 'Pkg.test("BlsData")' log
Julia Version 0.4.6
Commit 2e358ce (2016-06-19 17:16 UTC)
Platform Info:
  System: Linux (x86_64-unknown-linux-gnu)
  CPU: Intel(R) Xeon(R) CPU E3-1241 v3 @ 3.50GHz
  WORD_SIZE: 64
           Ubuntu 14.04.5 LTS
  uname: Linux 3.13.0-95-generic #142-Ubuntu SMP Fri Aug 12 17:00:09 UTC 2016 x86_64 x86_64
Memory: 2.4471054077148438 GB (1137.3671875 MB free)
Uptime: 7850.0 sec
Load Avg:  1.42626953125  1.09716796875  1.02099609375
Intel(R) Xeon(R) CPU E3-1241 v3 @ 3.50GHz: 
       speed         user         nice          sys         idle          irq
#1  3500 MHz     306064 s         69 s      37230 s     351815 s         12 s
#2  3500 MHz     209012 s         68 s      33513 s     505434 s          0 s

  BLAS: libopenblas (USE64BITINT DYNAMIC_ARCH NO_AFFINITY Nehalem)
  LAPACK: libopenblas64_
  LIBM: libopenlibm
  LLVM: libLLVM-3.3
Environment:
  TERM = vt100
  LD_LIBRARY_PATH = :/usr/local/lib/
  PATH = /usr/local/sbin:/usr/local/bin:/usr/sbin:/usr/bin:/sbin:/bin:/usr/games:/usr/local/games:/home/vagrant/julia/bin/
  JAVA_HOME = /usr/lib/jvm/java-7-oracle
  HOME = /home/vagrant

Package Directory: /home/vagrant/.julia/v0.4
2 required packages:
 - BlsData                       0.0.1
 - JSON                          0.7.0
20 additional packages:
 - BinDeps                       0.4.5
 - BufferedStreams               0.2.0
 - Codecs                        0.2.0
 - Compat                        0.9.0
 - DataArrays                    0.3.8
 - DataFrames                    0.8.2
 - FileIO                        0.1.2
 - GZip                          0.2.20
 - HttpCommon                    0.2.6
 - HttpParser                    0.2.0
 - Libz                          0.2.0
 - MbedTLS                       0.3.0
 - Reexport                      0.0.3
 - Requests                      0.3.10
 - Rmath                         0.1.2
 - SHA                           0.2.1
 - SortingAlgorithms             0.1.0
 - StatsBase                     0.9.0
 - StatsFuns                     0.3.0
 - URIParser                     0.1.6
INFO: Testing BlsData
INFO: BlsData tests passed

>>> End of log
