>>> 'Pkg.add("BOSSArrays")' log
INFO: Cloning cache of BOSSArrays from https://github.com/seung-lab/BOSSArrays.jl.git
INFO: Installing BOSSArrays v0.2.2
INFO: Installing BinDeps v0.6.0
INFO: Installing Blosc v0.2.1
INFO: Installing BufferedStreams v0.3.3
INFO: Installing Codecs v0.3.0
INFO: Installing HttpCommon v0.2.7
INFO: Installing HttpParser v0.2.0
INFO: Installing Libz v0.2.4
INFO: Installing MbedTLS v0.4.5
INFO: Installing Requests v0.4.1
INFO: Installing SHA v0.3.3
INFO: Installing URIParser v0.1.8
INFO: Building HttpParser
WARNING: BinDeps.shlib_ext is deprecated.
  likely near /home/vagrant/.julia/v0.5/HttpParser/deps/build.jl:38
INFO: Building MbedTLS
Using system libraries...
INFO: Building Blosc
INFO: Package database updated

>>> 'Pkg.test("BOSSArrays")' log
Julia Version 0.5.2
Commit f4c6c9d (2017-05-06 16:34 UTC)
Platform Info:
  OS: Linux (x86_64-pc-linux-gnu)
  CPU: Intel(R) Xeon(R) CPU E3-1241 v3 @ 3.50GHz
  WORD_SIZE: 64
           Ubuntu 14.04.5 LTS
  uname: Linux 3.13.0-121-generic #170-Ubuntu SMP Wed Jun 14 09:04:33 UTC 2017 x86_64 x86_64
Memory: 2.9392738342285156 GB (493.15625 MB free)
Uptime: 11931.0 sec
Load Avg:  0.85986328125  0.98486328125  1.029296875
Intel(R) Xeon(R) CPU E3-1241 v3 @ 3.50GHz: 
       speed         user         nice          sys         idle          irq
#1  3500 MHz     624565 s        382 s      63990 s     378667 s         10 s
#2  3500 MHz     272959 s       5671 s      35553 s     845803 s          0 s

  BLAS: libopenblas (USE64BITINT DYNAMIC_ARCH NO_AFFINITY Nehalem)
  LAPACK: libopenblas64_
  LIBM: libopenlibm
  LLVM: libLLVM-3.7.1 (ORCJIT, haswell)
Environment:
  TERM = vt100
  LD_LIBRARY_PATH = :/usr/local/lib/
  PATH = /usr/local/sbin:/usr/local/bin:/usr/sbin:/usr/bin:/sbin:/bin:/usr/games:/usr/local/games:/home/vagrant/julia/bin/
  JAVA_HOME = /usr/lib/jvm/java-8-openjdk-amd64
  HOME = /home/vagrant

Package Directory: /home/vagrant/.julia/v0.5
2 required packages:
 - BOSSArrays                    0.2.2
 - JSON                          0.12.0
12 additional packages:
 - BinDeps                       0.6.0
 - Blosc                         0.2.1
 - BufferedStreams               0.3.3
 - Codecs                        0.3.0
 - Compat                        0.26.0
 - HttpCommon                    0.2.7
 - HttpParser                    0.2.0
 - Libz                          0.2.4
 - MbedTLS                       0.4.5
 - Requests                      0.4.1
 - SHA                           0.3.3
 - URIParser                     0.1.8
INFO: Computing test dependencies for BOSSArrays...
INFO: No packages to install, update or remove
INFO: Testing BOSSArrays
ERROR: LoadError: KeyError: key "INTERN_PROTOCOL" not found
 in access_env(::Base.##351#352, ::String) at ./env.jl:45
 in #BOSSArray#1(::DataType, ::Int64, ::String, ::String, ::String, ::Int64, ::Type{T}) at /home/vagrant/.julia/v0.5/BOSSArrays/src/types.jl:54
 in (::Core.#kw#Type)(::Array{Any,1}, ::Type{BOSSArrays.BOSSArray}) at ./<missing>:0
 in include_from_node1(::String) at ./loading.jl:488
 in process_options(::Base.JLOptions) at ./client.jl:265
 in _start() at ./client.jl:321
while loading /home/vagrant/.julia/v0.5/BOSSArrays/test/runtests.jl, in expression starting on line 8
=============================[ ERROR: BOSSArrays ]==============================

failed process: Process(`/home/vagrant/julia/bin/julia -Cx86-64 -J/home/vagrant/julia/lib/julia/sys.so --compile=yes --depwarn=yes --check-bounds=yes --code-coverage=none --color=no --compilecache=yes /home/vagrant/.julia/v0.5/BOSSArrays/test/runtests.jl`, ProcessExited(1)) [1]

================================================================================
INFO: No packages to install, update or remove
ERROR: BOSSArrays had test errors
 in #test#61(::Bool, ::Function, ::Array{AbstractString,1}) at ./pkg/entry.jl:748
 in (::Base.Pkg.Entry.#kw##test)(::Array{Any,1}, ::Base.Pkg.Entry.#test, ::Array{AbstractString,1}) at ./<missing>:0
 in (::Base.Pkg.Dir.##2#3{Array{Any,1},Base.Pkg.Entry.#test,Tuple{Array{AbstractString,1}}})() at ./pkg/dir.jl:31
 in cd(::Base.Pkg.Dir.##2#3{Array{Any,1},Base.Pkg.Entry.#test,Tuple{Array{AbstractString,1}}}, ::String) at ./file.jl:59
 in #cd#1(::Array{Any,1}, ::Function, ::Function, ::Array{AbstractString,1}, ::Vararg{Array{AbstractString,1},N}) at ./pkg/dir.jl:31
 in (::Base.Pkg.Dir.#kw##cd)(::Array{Any,1}, ::Base.Pkg.Dir.#cd, ::Function, ::Array{AbstractString,1}, ::Vararg{Array{AbstractString,1},N}) at ./<missing>:0
 in #test#3(::Bool, ::Function, ::String, ::Vararg{String,N}) at ./pkg/pkg.jl:258
 in test(::String, ::Vararg{String,N}) at ./pkg/pkg.jl:258
 in eval(::Module, ::Any) at ./boot.jl:234
 in process_options(::Base.JLOptions) at ./client.jl:242
 in _start() at ./client.jl:321

>>> End of log
