>>> 'Pkg.add("Brim")' log
INFO: Cloning cache of Brim from git://github.com/PoisotLab/Brim.jl.git
INFO: Cloning cache of Color from git://github.com/JuliaLang/Color.jl.git
INFO: Installing ArrayViews v0.6.4
INFO: Installing Brim v1.1.2
INFO: Installing Color v0.2.11
INFO: Installing DataArrays v0.2.20
INFO: Installing DataFrames v0.6.10
INFO: Installing Docile v0.5.19
INFO: Installing GZip v0.2.18
INFO: Installing Lexicon v0.1.16
INFO: Installing Logging v0.2.0
INFO: Installing SortingAlgorithms v0.0.6
INFO: Installing StatsBase v0.7.4
INFO: Installing StatsFuns v0.2.0
INFO: Building Cairo
INFO: Package database updated

>>> 'Pkg.test("Brim")' log
Julia Version 0.4.2
Commit bb73f34 (2015-12-06 21:47 UTC)
Platform Info:
  System: Linux (x86_64-unknown-linux-gnu)
  CPU: Intel(R) Xeon(R) CPU E3-1241 v3 @ 3.50GHz
  WORD_SIZE: 64
  BLAS: libopenblas (USE64BITINT DYNAMIC_ARCH NO_AFFINITY Nehalem)
  LAPACK: libopenblas64_
  LIBM: libopenlibm
  LLVM: libLLVM-3.3
INFO: Testing Brim
INFO: Recompiling stale cache file /home/vagrant/.julia/lib/v0.4/Cairo.ji for module Cairo.
ERROR: LoadError: LoadError: LoadError: UndefVarError: Graphics not defined
 in include at ./boot.jl:261
 in include_from_node1 at ./loading.jl:304
 in require at ./loading.jl:243
 in include at ./boot.jl:261
 in include_from_node1 at ./loading.jl:304
 in require at ./loading.jl:243
 in include at ./boot.jl:261
 in include_from_node1 at ./loading.jl:304
 in process_options at ./client.jl:280
 in _start at ./client.jl:378
while loading /home/vagrant/.julia/v0.4/Color/src/Color.jl, in expression starting on line 4
while loading /home/vagrant/.julia/v0.4/Brim/src/Brim.jl, in expression starting on line 5
while loading /home/vagrant/.julia/v0.4/Brim/test/runtests.jl, in expression starting on line 2
================================[ ERROR: Brim ]=================================

failed process: Process(`/home/vagrant/julia/bin/julia --check-bounds=yes --code-coverage=none --color=no /home/vagrant/.julia/v0.4/Brim/test/runtests.jl`, ProcessExited(1)) [1]

================================================================================
ERROR: Brim had test errors
 in error at ./error.jl:21
 in test at pkg/entry.jl:803
 in anonymous at pkg/dir.jl:31
 in cd at file.jl:22
 in cd at pkg/dir.jl:31
 in test at pkg.jl:71
 in process_options at ./client.jl:257
 in _start at ./client.jl:378

>>> End of log
