>>> 'Pkg.add("Bukdu")' log
WARNING: Base.Pkg is deprecated, run `using Pkg` instead.
 in module Main
[ Info: Cloning cache of Bukdu from https://github.com/wookay/Bukdu.jl.git
[ Info: Installing BinDeps v0.8.6
[ Info: Installing BufferedStreams v0.3.3
[ Info: Installing Bukdu v0.1.0
[ Info: Installing Codecs v0.4.0
[ Info: Installing HttpCommon v0.4.0
[ Info: Installing HttpParser v0.3.0
[ Info: Installing HttpServer v0.3.0
[ Info: Installing Libz v0.2.4
[ Info: Installing MbedTLS v0.5.5
[ Info: Installing Mustache v0.3.0
[ Info: Installing Requests v0.5.1
[ Info: Installing SHA v0.5.6
[ Info: Installing URIParser v0.3.0
[ Info: Building HttpParser
┌ Warning: `is_windows` is deprecated, use `Sys.iswindows` instead.
│   caller = top-level scope
└ @ Core :0
┌ Warning: `is_unix` is deprecated, use `Sys.isunix` instead.
│   caller = top-level scope
└ @ Core :0
WARNING: importing deprecated binding Base.Libdl into __anon__.
WARNING: Base.Libdl is deprecated, run `using Libdl` instead.
  likely near /home/vagrant/.julia/v0.7/HttpParser/deps/build.jl:38
┌ Warning: `similar(a::AbstractDict)` is deprecated, use `empty(a)` instead.
│   caller = adjust_env(::Dict{String,String}) at BinDeps.jl:389
└ @ BinDeps BinDeps.jl:389
┌ Warning: `is_windows` is deprecated, use `Sys.iswindows` instead.
│   caller = top-level scope
└ @ Core :0
WARNING: importing deprecated binding Base.Associative into BinDeps.
WARNING: Base.Associative is deprecated, use AbstractDict instead.
  likely near /home/vagrant/.julia/v0.7/HttpParser/deps/build.jl:71
in @install at /home/vagrant/.julia/v0.7/BinDeps/src/dependencies.jl
WARNING: Base.Libdl is deprecated, run `using Libdl` instead.
  likely near /home/vagrant/.julia/v0.7/HttpParser/deps/build.jl:976
WARNING: Base.Libdl is deprecated, run `using Libdl` instead.
  likely near /home/vagrant/.julia/v0.7/HttpParser/deps/build.jl:976
WARNING: Base.Libdl is deprecated, run `using Libdl` instead.
  likely near /home/vagrant/.julia/v0.7/HttpParser/deps/build.jl:976
WARNING: Base.Libdl is deprecated, run `using Libdl` instead.
  likely near /home/vagrant/.julia/v0.7/HttpParser/deps/build.jl:976
WARNING: Base.Libdl is deprecated, run `using Libdl` instead.
  likely near /home/vagrant/.julia/v0.7/HttpParser/deps/build.jl:976
in validate_httpparser at /home/vagrant/.julia/v0.7/HttpParser/deps/build.jl
[ Info: Building MbedTLS
Using system libraries...
WARNING: importing deprecated binding Base.Associative into BinDeps.
WARNING: Base.Associative is deprecated, use AbstractDict instead.
  likely near /home/vagrant/.julia/v0.7/MbedTLS/deps/build.jl:48
in @install at /home/vagrant/.julia/v0.7/BinDeps/src/dependencies.jl
[ Info: Package database updated

>>> 'Pkg.test("Bukdu")' log
WARNING: Base.versioninfo is deprecated: it has been moved to the standard library package `InteractiveUtils`.
Add a `using InteractiveUtils` to your imports..
 in module Main
WARNING: Base.versioninfo is deprecated: it has been moved to the standard library package `InteractiveUtils`.
Add a `using InteractiveUtils` to your imports..
 in module Main
Julia Version 0.7.0-DEV.3703
Commit 358ccc2b20 (2018-02-02 20:43 UTC)
Platform Info:
  OS: Linux (x86_64-pc-linux-gnu)
      Ubuntu 14.04.5 LTS
  uname: Linux 3.13.0-135-generic #184-Ubuntu SMP Wed Oct 18 11:55:51 UTC 2017 x86_64 x86_64
  CPU: Intel(R) Xeon(R) CPU E3-1241 v3 @ 3.50GHz: 
              speed         user         nice          sys         idle          irq
       #1  3498 MHz    1340933 s       8237 s      71648 s     395018 s         16 s
       #2  3498 MHz     326844 s         41 s      30781 s    1704765 s          0 s
       
  Memory: 2.93927001953125 GB (463.51953125 MB free)
  Uptime: 21050.0 sec
  Load Avg:  1.20947265625  1.205078125  1.052734375
  WORD_SIZE: 64
  LIBM: libopenlibm
  LLVM: libLLVM-3.9.1 (ORCJIT, haswell)
Environment:
  TERM = vt100
  LD_LIBRARY_PATH = :/usr/local/lib/
  PATH = /usr/local/sbin:/usr/local/bin:/usr/sbin:/usr/bin:/sbin:/bin:/usr/games:/usr/local/games:/home/vagrant/julia/bin/
  JAVA_HOME = /usr/lib/jvm/java-8-openjdk-amd64
  HOME = /home/vagrant
Packages:
  Package Directory: /home/vagrant/.julia/v0.7
  Package Status:
2 required packages:
 - Bukdu                         0.1.0
 - JSON                          0.16.4
14 additional packages:
 - BinDeps                       0.8.6
 - BufferedStreams               0.3.3
 - Codecs                        0.4.0
 - Compat                        0.51.0
 - HttpCommon                    0.4.0
 - HttpParser                    0.3.0
 - HttpServer                    0.3.0
 - Libz                          0.2.4
 - MbedTLS                       0.5.5
 - Mustache                      0.3.0
 - Nullables                     0.0.3
 - Requests                      0.5.1
 - SHA                           0.5.6
 - URIParser                     0.3.0
WARNING: Base.Pkg is deprecated, run `using Pkg` instead.
 in module Main
[ Info: Testing Bukdu
WARNING: Base.Test is deprecated, run `using Test` instead.
  likely near /home/vagrant/.julia/v0.7/Bukdu/test/runtests.jl:12
┌ Warning: Deprecated syntax `immutable` at /home/vagrant/.julia/v0.7/Bukdu/test/controller.jl:7.
│ Use `struct` instead.
└ @ nothing controller.jl:7
┌ Warning: Deprecated syntax `type` at /home/vagrant/.julia/v0.7/Bukdu/test/controller.jl:35.
│ Use `mutable struct` instead.
└ @ nothing controller.jl:35
┌ Warning: `importall` is deprecated, use `using` or individual `import` statements instead
│   caller = ip:0x0
└ @ Core :-1
┌ Warning: Deprecated syntax `type` at /home/vagrant/.julia/v0.7/Bukdu/src/octo/assoc.jl:6.
│ Use `mutable struct` instead.
└ @ nothing assoc.jl:6
┌ Warning: Deprecated syntax `type` at /home/vagrant/.julia/v0.7/Bukdu/src/octo/changeset.jl:9.
│ Use `mutable struct` instead.
└ @ nothing changeset.jl:9
WARNING: importing deprecated binding Base.Void into Octo.
WARNING: Base.Void is deprecated, use Nothing instead.
  likely near /home/vagrant/.julia/v0.7/Bukdu/src/octo/changeset.jl:82
WARNING: Base.Void is deprecated, use Nothing instead.
  likely near /home/vagrant/.julia/v0.7/Bukdu/src/octo/changeset.jl:82
WARNING: Base.Void is deprecated, use Nothing instead.
  likely near /home/vagrant/.julia/v0.7/Bukdu/src/octo/changeset.jl:82
┌ Warning: Deprecated syntax `parametric method syntax change{T <: Any, AC <: ApplicationController}(c::AC, model::T)::Changeset` around /home/vagrant/.julia/v0.7/Bukdu/src/octo/changeset.jl:87.
│ Use `change(c::AC, model::T) where {T <: Any, AC <: ApplicationController}` instead.
└ @ nothing changeset.jl:87
┌ Warning: Deprecated syntax `parametric method syntax change{AC <: ApplicationController}(c::AC, T::Type)::Changeset` around /home/vagrant/.julia/v0.7/Bukdu/src/octo/changeset.jl:101.
│ Use `change(c::AC, T::Type) where AC <: ApplicationController` instead.
└ @ nothing changeset.jl:101
┌ Warning: Deprecated syntax `immutable` at /home/vagrant/.julia/v0.7/Bukdu/src/controller.jl:59.
│ Use `struct` instead.
└ @ nothing controller.jl:59
WARNING: importing deprecated binding Base.edit into Bukdu.
┌ Warning: Deprecated syntax `immutable` at /home/vagrant/.julia/v0.7/Bukdu/src/controller/conn.jl:10.
│ Use `struct` instead.
└ @ nothing conn.jl:10
┌ Warning: Deprecated syntax `type` at /home/vagrant/.julia/v0.7/Bukdu/src/controller/conn.jl:17.
│ Use `mutable struct` instead.
└ @ nothing conn.jl:17
┌ Warning: Deprecated syntax `immutable` at /home/vagrant/.julia/v0.7/Bukdu/src/controller/conn.jl:76.
│ Use `struct` instead.
└ @ nothing conn.jl:76
┌ Warning: Deprecated syntax `parametric method syntax get{AC <: ApplicationController}(path::String, ::Type{AC}, action::Function; kw...)` around /home/vagrant/.julia/v0.7/Bukdu/src/controller.jl:10.
│ Use `get(path::String, #s19::Type{AC}, action::Function; kw...) where AC <: ApplicationController` instead.
└ @ nothing controller.jl:10
┌ Warning: Deprecated syntax `parametric method syntax post{AC <: ApplicationController}(path::String, ::Type{AC}, action::Function; kw...)` around /home/vagrant/.julia/v0.7/Bukdu/src/controller.jl:10.
│ Use `post(path::String, #s19::Type{AC}, action::Function; kw...) where AC <: ApplicationController` instead.
└ @ nothing controller.jl:10
┌ Warning: Deprecated syntax `parametric method syntax delete{AC <: ApplicationController}(path::String, ::Type{AC}, action::Function; kw...)` around /home/vagrant/.julia/v0.7/Bukdu/src/controller.jl:10.
│ Use `delete(path::String, #s19::Type{AC}, action::Function; kw...) where AC <: ApplicationController` instead.
└ @ nothing controller.jl:10
┌ Warning: Deprecated syntax `parametric method syntax patch{AC <: ApplicationController}(path::String, ::Type{AC}, action::Function; kw...)` around /home/vagrant/.julia/v0.7/Bukdu/src/controller.jl:10.
│ Use `patch(path::String, #s19::Type{AC}, action::Function; kw...) where AC <: ApplicationController` instead.
└ @ nothing controller.jl:10
┌ Warning: Deprecated syntax `parametric method syntax put{AC <: ApplicationController}(path::String, ::Type{AC}, action::Function; kw...)` around /home/vagrant/.julia/v0.7/Bukdu/src/controller.jl:10.
│ Use `put(path::String, #s19::Type{AC}, action::Function; kw...) where AC <: ApplicationController` instead.
└ @ nothing controller.jl:10
┌ Warning: Deprecated syntax `parametric method syntax check_controller_has_field_conn{AC <: ApplicationController}(::AC)` around /home/vagrant/.julia/v0.7/Bukdu/src/controller.jl:15.
│ Use `check_controller_has_field_conn(#unused#::AC) where AC <: ApplicationController` instead.
└ @ nothing controller.jl:15
┌ Warning: Deprecated syntax `parametric method syntax getindex{AC <: ApplicationController}(controller::AC, sym::Symbol)` around /home/vagrant/.julia/v0.7/Bukdu/src/controller.jl:24.
│ Use `getindex(controller::AC, sym::Symbol) where AC <: ApplicationController` instead.
└ @ nothing controller.jl:24
┌ Warning: Deprecated syntax `immutable` at /home/vagrant/.julia/v0.7/Bukdu/src/router.jl:20.
│ Use `struct` instead.
└ @ nothing router.jl:20
┌ Warning: Deprecated syntax `immutable` at /home/vagrant/.julia/v0.7/Bukdu/src/router.jl:23.
│ Use `struct` instead.
└ @ nothing router.jl:23
┌ Warning: Deprecated syntax `parametric method syntax reset{AR <: ApplicationRouter}(::Type{AR})` around /home/vagrant/.julia/v0.7/Bukdu/src/router.jl:29.
│ Use `reset(#unused#::Type{AR}) where AR <: ApplicationRouter` instead.
└ @ nothing router.jl:29
┌ Warning: Deprecated syntax `parametric method syntax (::Type{AR}){AR <: ApplicationRouter}(context::Function)` around /home/vagrant/.julia/v0.7/Bukdu/src/router.jl:34.
│ Use `(::Type{AR})(context::Function) where AR <: ApplicationRouter` instead.
└ @ nothing router.jl:34
┌ Warning: Deprecated syntax `parametric method syntax (::Type{AR}){AR <: ApplicationRouter}(verb::Function, path::String, headers = Assoc(), cookies = Vector{Cookie}(); kw...)` around /home/vagrant/.julia/v0.7/Bukdu/src/router.jl:46.
│ Use `(::Type{AR})(verb::Function, path::String, headers = Assoc(), cookies = Vector{Cookie}(); kw...) where AR <: ApplicationRouter` instead.
└ @ nothing router.jl:46
┌ Warning: Deprecated syntax `parametric method syntax resources{AC <: ApplicationController}(path::String, ::Type{AC}; kw...)` around /home/vagrant/.julia/v0.7/Bukdu/src/router.jl:87.
│ Use `resources(path::String, #s19::Type{AC}; kw...) where AC <: ApplicationController` instead.
└ @ nothing router.jl:87
┌ Warning: Deprecated syntax `parametric method syntax resources{AC <: ApplicationController}(context::Function, path::String, ::Type{AC}; kw...)` around /home/vagrant/.julia/v0.7/Bukdu/src/router.jl:91.
│ Use `resources(context::Function, path::String, #s19::Type{AC}; kw...) where AC <: ApplicationController` instead.
└ @ nothing router.jl:91
┌ Warning: Deprecated syntax `immutable` at /home/vagrant/.julia/v0.7/Bukdu/src/router/route.jl:3.
│ Use `struct` instead.
└ @ nothing route.jl:3
┌ Warning: Deprecated syntax `parametric method syntax build{AC <: ApplicationController}(kind::Symbol, verb::Function, path::String, host::String, ::Type{AC}, action::Function, pipes::Vector{Pipeline}, private::Assoc, assigns::Assoc)` around /home/vagrant/.julia/v0.7/Bukdu/src/router/route.jl:22.
│ Use `build(kind::Symbol, verb::Function, path::String, host::String, #unused#::Type{AC}, action::Function, pipes::Vector{Pipeline}, private::Assoc, assigns::Assoc) where AC <: ApplicationController` instead.
└ @ nothing route.jl:22
┌ Warning: Deprecated syntax `immutable` at /home/vagrant/.julia/v0.7/Bukdu/src/router/scope.jl:3.
│ Use `struct` instead.
└ @ nothing scope.jl:3
┌ Warning: Deprecated syntax `parametric method syntax route{AC <: ApplicationController}(kind::Symbol, verb::Function, path::String, ::Type{AC}, action::Function, options::Dict)::Route` around /home/vagrant/.julia/v0.7/Bukdu/src/router/scope.jl:45.
│ Use `route(kind::Symbol, verb::Function, path::String, #unused#::Type{AC}, action::Function, options::Dict) where AC <: ApplicationController` instead.
└ @ nothing scope.jl:45
┌ Warning: Deprecated syntax `immutable` at /home/vagrant/.julia/v0.7/Bukdu/src/router/resource.jl:3.
│ Use `struct` instead.
└ @ nothing resource.jl:3
WARNING: importing deprecated binding Bukdu.edit into RouterResource.
WARNING: Base.edit is deprecated: it has been moved to the standard library package `InteractiveUtils`.
Add a `using InteractiveUtils` to your imports..
  likely near /home/vagrant/.julia/v0.7/Bukdu/src/router/resource.jl:24
┌ Warning: Deprecated syntax `parametric method syntax build{AC <: ApplicationController}(path::String, ::Type{AC}, options::Dict)` around /home/vagrant/.julia/v0.7/Bukdu/src/router/resource.jl:27.
│ Use `build(path::String, #unused#::Type{AC}, options::Dict) where AC <: ApplicationController` instead.
└ @ nothing resource.jl:27
┌ Warning: Deprecated syntax `immutable` at /home/vagrant/.julia/v0.7/Bukdu/src/router/endpoint.jl:18.
│ Use `struct` instead.
└ @ nothing endpoint.jl:18
┌ Warning: Deprecated syntax `parametric method syntax reload{AE <: ApplicationEndpoint}(::Type{AE})` around /home/vagrant/.julia/v0.7/Bukdu/src/router/endpoint.jl:22.
│ Use `reload(#unused#::Type{AE}) where AE <: ApplicationEndpoint` instead.
└ @ nothing endpoint.jl:22
┌ Warning: Deprecated syntax `parametric method syntax (::Type{AE}){AE <: ApplicationEndpoint}(context::Function)` around /home/vagrant/.julia/v0.7/Bukdu/src/router/endpoint.jl:32.
│ Use `(::Type{AE})(context::Function) where AE <: ApplicationEndpoint` instead.
└ @ nothing endpoint.jl:32
┌ Warning: Deprecated syntax `parametric method syntax (::Type{AE}){AE <: ApplicationEndpoint}(path::String, headers = Assoc(), cookies = Vector{Cookie}(); kw...)` around /home/vagrant/.julia/v0.7/Bukdu/src/router/endpoint.jl:40.
│ Use `(::Type{AE})(path::String, headers = Assoc(), cookies = Vector{Cookie}(); kw...) where AE <: ApplicationEndpoint` instead.
└ @ nothing endpoint.jl:40
┌ Warning: Deprecated syntax `immutable` at /home/vagrant/.julia/v0.7/Bukdu/src/router/error_response.jl:3.
│ Use `struct` instead.
└ @ nothing error_response.jl:3
┌ Warning: Deprecated syntax `parametric method syntax conn_application_error{AE <: ApplicationError}(verb::Symbol, path::String, ex::AE, stackframes::Vector{StackFrame})::Conn` around /home/vagrant/.julia/v0.7/Bukdu/src/router/error_response.jl:51.
│ Use `conn_application_error(verb::Symbol, path::String, ex::AE, stackframes::Vector{StackFrame}) where AE <: ApplicationError` instead.
└ @ nothing error_response.jl:51
WARNING: importing deprecated binding Bukdu.edit into Routing.
┌ Warning: Deprecated syntax `parametric method syntax match{AC <: ApplicationController}(verb::Function, path::String, ::Type{AC}, action::Function, options::Dict)` around /home/vagrant/.julia/v0.7/Bukdu/src/router/routing.jl:28.
│ Use `match(verb::Function, path::String, #unused#::Type{AC}, action::Function, options::Dict) where AC <: ApplicationController` instead.
└ @ nothing routing.jl:28
┌ Warning: Deprecated syntax `parametric method syntax matchall{AC <: ApplicationController}(verb::Function, path::String, ::Type{AC}, action::Function, options::Dict)` around /home/vagrant/.julia/v0.7/Bukdu/src/router/routing.jl:32.
│ Use `matchall(verb::Function, path::String, #unused#::Type{AC}, action::Function, options::Dict) where AC <: ApplicationController` instead.
└ @ nothing routing.jl:32
┌ Warning: Deprecated syntax `parametric method syntax add_route{AC <: ApplicationController}(kind::Symbol, verb::Function, path::String, ::Type{AC}, action::Function, options::Dict)` around /home/vagrant/.julia/v0.7/Bukdu/src/router/routing.jl:36.
│ Use `add_route(kind::Symbol, verb::Function, path::String, #unused#::Type{AC}, action::Function, options::Dict) where AC <: ApplicationController` instead.
└ @ nothing routing.jl:36
┌ Warning: Deprecated syntax `parametric method syntax add_resources{AC <: ApplicationController}(context::Function, path::String, ::Type{AC}, options::Dict)` around /home/vagrant/.julia/v0.7/Bukdu/src/router/routing.jl:50.
│ Use `add_resources(context::Function, path::String, #unused#::Type{AC}, options::Dict) where AC <: ApplicationController` instead.
└ @ nothing routing.jl:50
┌ Warning: Deprecated syntax `parametric method syntax debug_route{AC <: ApplicationController}(route::Route, verb::Symbol, path::String, ::Type{AC})` around /home/vagrant/.julia/v0.7/Bukdu/src/router/routing.jl:89.
│ Use `debug_route(route::Route, verb::Symbol, path::String, #unused#::Type{AC}) where AC <: ApplicationController` instead.
└ @ nothing routing.jl:89
┌ Warning: Deprecated syntax `parametric method syntax route_request{AE <: ApplicationEndpoint}(compare::Function, conn::Conn, endpoint::Nullable{Type{AE}}, routes::Vector{Route}, verb::Symbol, path::String, headers::Assoc, cookies::Vector{Cookie}, body_params::Assoc)::Conn` around /home/vagrant/.julia/v0.7/Bukdu/src/router/routing.jl:106.
│ Use `route_request(compare::Function, conn::Conn, endpoint::Nullable{Type{AE}}, routes::Vector{Route}, verb::Symbol, path::String, headers::Assoc, cookies::Vector{Cookie}, body_params::Assoc) where AE <: ApplicationEndpoint` instead.
└ @ nothing routing.jl:106
WARNING: importing deprecated binding Base.Nullable into Routing.
ERROR: LoadError: LoadError: LoadError: TypeError: in Type{...} expression, expected UnionAll, got typeof(Base.Nullable)
Stacktrace:
 [1] top-level scope
 [2] include at ./boot.jl:296 [inlined]
 [3] include_relative(::Module, ::String) at ./loading.jl:1012
 [4] include at ./sysimg.jl:26 [inlined]
 [5] include(::String) at /home/vagrant/.julia/v0.7/Bukdu/src/Bukdu.jl:3
 [6] top-level scope
 [7] include at ./boot.jl:296 [inlined]
 [8] include_relative(::Module, ::String) at ./loading.jl:1012
 [9] include at ./sysimg.jl:26 [inlined]
 [10] include(::String) at /home/vagrant/.julia/v0.7/Bukdu/src/Bukdu.jl:3
 [11] top-level scope
 [12] include at ./boot.jl:296 [inlined]
 [13] include_relative(::Module, ::String) at ./loading.jl:1012
 [14] include(::Module, ::String) at ./sysimg.jl:26
 [15] top-level scope
 [16] eval at ./boot.jl:299 [inlined]
 [17] top-level scope at ./<missing>:3
in expression starting at /home/vagrant/.julia/v0.7/Bukdu/src/router/routing.jl:105
in expression starting at /home/vagrant/.julia/v0.7/Bukdu/src/router.jl:115
in expression starting at /home/vagrant/.julia/v0.7/Bukdu/src/Bukdu.jl:13
1/32 controller.jl: Error During Test at /home/vagrant/.julia/v0.7/Bukdu/test/runtests.jl:14
  Got an exception of type LoadError outside of a @test
  LoadError: Failed to precompile Bukdu to /home/vagrant/.julia/lib/v0.7/Bukdu.ji.
  Stacktrace:
   [1] error at ./error.jl:33 [inlined]
   [2] compilecache(::Base.PkgId) at ./loading.jl:1157
   [3] _require(::Base.PkgId) at ./loading.jl:949
   [4] require(::Module, ::Symbol) at ./loading.jl:820
   [5] include at ./boot.jl:296 [inlined]
   [6] include_relative(::Module, ::String) at ./loading.jl:1012
   [7] include(::Module, ::String) at ./sysimg.jl:26
   [8] include(::String) at ./sysimg.jl:65
   [9] macro expansion at /home/vagrant/.julia/v0.7/Bukdu/test/runtests.jl:15 [inlined]
   [10] macro expansion at /buildworker/worker/package_linux64/build/usr/share/julia/site/v0.7/Test/src/Test.jl:1008 [inlined]
   [11] top-level scope at ./<missing>:15
   [12] include at ./boot.jl:296 [inlined]
   [13] include_relative(::Module, ::String) at ./loading.jl:1012
   [14] include(::Module, ::String) at ./sysimg.jl:26
   [15] exec_options(::Base.JLOptions) at ./client.jl:332
   [16] _start() at ./client.jl:447
  in expression starting at /home/vagrant/.julia/v0.7/Bukdu/test/controller.jl:3
Test Summary:      | Error  Total
1/32 controller.jl |     1      1
ERROR: LoadError: Some tests did not pass: 0 passed, 0 failed, 1 errored, 0 broken.
in expression starting at /home/vagrant/.julia/v0.7/Bukdu/test/runtests.jl:12
┌ Error: ------------------------------------------------------------
│ # Testing failed for Bukdu
│   exception =
│    failed process: Process(`/home/vagrant/julia/bin/julia -Cnative -J/home/vagrant/julia/lib/julia/sys.so --compile=yes --depwarn=yes --code-coverage=none --color=no --compiled-modules=yes --check-bounds=yes --warn-overwrite=yes --startup-file=yes /home/vagrant/.julia/v0.7/Bukdu/test/runtests.jl`, ProcessExited(1)) [1]
│    Stacktrace:
│     [1] error(::String, ::Base.Process, ::String, ::Int64, ::String) at ./error.jl:42
│     [2] pipeline_error(::Base.Process) at ./process.jl:698
│     [3] run(::Cmd) at ./process.jl:660
│     [4] (::getfield(Pkg.Entry, Symbol("##89#92")){Bool,String,Array{AbstractString,1}})() at /buildworker/worker/package_linux64/build/usr/share/julia/site/v0.7/Pkg/src/entry.jl:731
│     [5] cd(::getfield(Pkg.Entry, Symbol("##89#92")){Bool,String,Array{AbstractString,1}}, ::String) at ./file.jl:70
│     [6] #test!#88(::Bool, ::Function, ::String, ::Array{AbstractString,1}, ::Array{AbstractString,1}, ::Array{AbstractString,1}) at /buildworker/worker/package_linux64/build/usr/share/julia/site/v0.7/Pkg/src/entry.jl:719
│     [7] (::getfield(Pkg.Entry, Symbol("#kw##test!")))(::NamedTuple{(:coverage,),Tuple{Bool}}, ::typeof(Pkg.Entry.test!), ::String, ::Array{AbstractString,1}, ::Array{AbstractString,1}, ::Array{AbstractString,1}) at ./<missing>:0
│     [8] #test#96(::Bool, ::Function, ::Array{AbstractString,1}) at /buildworker/worker/package_linux64/build/usr/share/julia/site/v0.7/Pkg/src/entry.jl:758
│     [9] (::getfield(Pkg.Entry, Symbol("#kw##test")))(::NamedTuple{(:coverage,),Tuple{Bool}}, ::typeof(Pkg.Entry.test), ::Array{AbstractString,1}) at ./<missing>:0
│     [10] (::getfield(Pkg.Dir, Symbol("##4#7")){Base.Iterators.Pairs{Symbol,Bool,Tuple{Symbol},NamedTuple{(:coverage,),Tuple{Bool}}},typeof(Pkg.Entry.test),Tuple{Array{AbstractString,1}}})() at /buildworker/worker/package_linux64/build/usr/share/julia/site/v0.7/Pkg/src/dir.jl:36
│     [11] cd(::getfield(Pkg.Dir, Symbol("##4#7")){Base.Iterators.Pairs{Symbol,Bool,Tuple{Symbol},NamedTuple{(:coverage,),Tuple{Bool}}},typeof(Pkg.Entry.test),Tuple{Array{AbstractString,1}}}, ::String) at ./file.jl:70
│     [12] #cd#1(::Base.Iterators.Pairs{Symbol,Bool,Tuple{Symbol},NamedTuple{(:coverage,),Tuple{Bool}}}, ::Function, ::Function, ::Array{AbstractString,1}, ::Vararg{Array{AbstractString,1},N} where N) at /buildworker/worker/package_linux64/build/usr/share/julia/site/v0.7/Pkg/src/dir.jl:36
│     [13] (::getfield(Pkg.Dir, Symbol("#kw##cd")))(::NamedTuple{(:coverage,),Tuple{Bool}}, ::typeof(Pkg.Dir.cd), ::Function, ::Array{AbstractString,1}, ::Vararg{Array{AbstractString,1},N} where N) at ./<missing>:0
│     [14] #test#3(::Bool, ::Function, ::String, ::Vararg{String,N} where N) at /buildworker/worker/package_linux64/build/usr/share/julia/site/v0.7/Pkg/src/Pkg.jl:275
│     [15] test(::String, ::Vararg{String,N} where N) at /buildworker/worker/package_linux64/build/usr/share/julia/site/v0.7/Pkg/src/Pkg.jl:275
│     [16] top-level scope
│     [17] eval at ./boot.jl:299 [inlined]
│     [18] eval(::Module, ::Expr) at ./sysimg.jl:71
│     [19] exec_options(::Base.JLOptions) at ./client.jl:309
│     [20] _start() at ./client.jl:447
└ @ Pkg.Entry entry.jl:734
ERROR: Bukdu had test errors

>>> End of log
