>>> 'Pkg.add("CALCEPH")' log
INFO: Cloning cache of CALCEPH from https://github.com/bgodard/CALCEPH.jl.git
INFO: Installing BinDeps v0.8.8
INFO: Installing BinaryProvider v0.3.3
INFO: Installing CALCEPH v0.0.3
INFO: Installing SHA v0.5.7
INFO: Installing URIParser v0.3.1
INFO: Building CALCEPH
Info: Directory /home/vagrant/.julia/v0.6/CALCEPH/deps/usr/lib does not exist!
Info: Downloading https://github.com/JuliaAstro/CALCEPHBuilder/releases/download/v3.0.0/libcalceph.x86_64-linux-gnu.tar.gz to /home/vagrant/.julia/v0.6/CALCEPH/deps/usr/downloads/libcalceph.x86_64-linux-gnu.tar.gz...
[06:28:47] [06:28:47] ######################################################################## 100.0%[06:28:47] ######################################################################## 100.0%[06:28:47] ######                                                                     9.1%[06:28:48] ########################                                                  34.5%[06:28:48] #############################################                             62.7%[06:28:48] #################################################################         91.3%[06:28:48] ######################################################################## 100.0%
Info: No hash cache found
Info: Calculated hash edc209c16bbbb0b516b98fde33c6f65a5167f2f5cff93e94501dfe8d89ad9225 for file /home/vagrant/.julia/v0.6/CALCEPH/deps/usr/downloads/libcalceph.x86_64-linux-gnu.tar.gz
Info: Installing /home/vagrant/.julia/v0.6/CALCEPH/deps/usr/downloads/libcalceph.x86_64-linux-gnu.tar.gz into /home/vagrant/.julia/v0.6/CALCEPH/deps/usr
INFO: Package database updated

>>> 'Pkg.test("CALCEPH")' log
Julia Version 0.6.4
Commit 9d11f62bcb (2018-07-09 19:09 UTC)
Platform Info:
  OS: Linux (x86_64-pc-linux-gnu)
  CPU: Intel(R) Xeon(R) CPU E3-1241 v3 @ 3.50GHz
  WORD_SIZE: 64
           Ubuntu 14.04.5 LTS
  uname: Linux 3.13.0-143-generic #192-Ubuntu SMP Tue Feb 27 10:45:36 UTC 2018 x86_64 x86_64
Memory: 2.939197540283203 GB (670.46484375 MB free)
Uptime: 23310.0 sec
Load Avg:  0.66845703125  0.24072265625  0.419921875
Intel(R) Xeon(R) CPU E3-1241 v3 @ 3.50GHz: 
       speed         user         nice          sys         idle          irq
#1  3499 MHz    1319791 s        102 s     109566 s     585887 s          7 s
#2  3499 MHz     249358 s         63 s      33851 s    2020575 s          0 s

  BLAS: libopenblas (USE64BITINT DYNAMIC_ARCH NO_AFFINITY Nehalem MAX_THREADS=16)
  LAPACK: libopenblas64_
  LIBM: libopenlibm
  LLVM: libLLVM-3.9.1 (ORCJIT, haswell)
Environment:
  TERM = vt100
  LD_LIBRARY_PATH = :/usr/local/lib/
  PATH = /usr/local/sbin:/usr/local/bin:/usr/sbin:/usr/bin:/sbin:/bin:/usr/games:/usr/local/games:/home/vagrant/julia/bin/
  JAVA_HOME = /usr/lib/jvm/java-8-openjdk-amd64
  HOME = /home/vagrant

Package Directory: /home/vagrant/.julia/v0.6
2 required packages:
 - CALCEPH                       0.0.3
 - JSON                          0.17.2
6 additional packages:
 - BinDeps                       0.8.8
 - BinaryProvider                0.3.3
 - Compat                        1.0.0
 - Nullables                     0.0.6
 - SHA                           0.5.7
 - URIParser                     0.3.1
INFO: Testing CALCEPH
CALCEPH ERROR : Target object -144 is not supported or is not available in the file.
INFO: CALCEPH tests passed

>>> End of log
