>>> 'Pkg.add("Calendar")' log
[ Info: Cloning cache of Calendar from https://github.com/nolta/Calendar.jl.git @ Base.Pkg.Cache cache.jl:43
[ Info: Cloning cache of ICU from https://github.com/nolta/ICU.jl.git @ Base.Pkg.Cache cache.jl:43
[ Info: Installing BinDeps v0.8.2 @ Base.Pkg.Entry entry.jl:543
[ Info: Installing Calendar v0.4.3 @ Base.Pkg.Entry entry.jl:543
[ Info: Installing ICU v0.4.4 @ Base.Pkg.Entry entry.jl:543
[ Info: Installing SHA v0.5.2 @ Base.Pkg.Entry entry.jl:543
[ Info: Installing URIParser v0.3.0 @ Base.Pkg.Entry entry.jl:543
[ Info: Building ICU @ Main none:10
┌ Error: ------------------------------------------------------------
│ # Build failed for ICU
│   exception = LoadError("/home/vagrant/.julia/v0.7/ICU/deps/build.jl", 9, LoadError("/home/vagrant/.julia/v0.7/ICU/deps/build.jl", 9, UndefVarError(Symbol("@osx_only"))))
└ @ Main none:15
┌ Warning: ------------------------------------------------------------
│ # Build error summary
│ 
│ ICU had build errors.
│ 
│  - packages with build errors remain installed in /home/vagrant/.julia/v0.7
│  - build the package(s) and all dependencies with `Pkg.build("ICU")`
│  - build a single package by running its `deps/build.jl` script
└ @ Base.Pkg.Entry entry.jl:656
[ Info: Package database updated @ Base.Pkg.Entry entry.jl:32
┌ Info: METADATA is out-of-date — you may not have the latest version of Calendar
│ Use `Pkg.update()` to get the latest versions of your packages
└ @ Base.Pkg.Entry entry.jl:74

>>> 'Pkg.test("Calendar")' log
Julia Version 0.7.0-DEV.3309
Commit b96097b66f (2018-01-07 00:26 UTC)
Platform Info:
  OS: Linux (x86_64-pc-linux-gnu)
      Ubuntu 14.04.5 LTS
  uname: Linux 3.13.0-135-generic #184-Ubuntu SMP Wed Oct 18 11:55:51 UTC 2017 x86_64 x86_64
  CPU: Intel(R) Xeon(R) CPU E3-1241 v3 @ 3.50GHz: 
              speed         user         nice          sys         idle          irq
       #1  3500 MHz    1297234 s        101 s      69800 s     338554 s         11 s
       #2  3500 MHz     253587 s         70 s      29144 s    1703847 s          0 s
       
  Memory: 2.93927001953125 GB (524.25 MB free)
  Uptime: 20141.0 sec
  Load Avg:  1.0869140625  1.10888671875  1.05029296875
  WORD_SIZE: 64
  BLAS: libopenblas (USE64BITINT DYNAMIC_ARCH NO_AFFINITY Nehalem)
  LAPACK: libopenblas64_
  LIBM: libopenlibm
  LLVM: libLLVM-3.9.1 (ORCJIT, haswell)
Environment:
  TERM = vt100
  LD_LIBRARY_PATH = :/usr/local/lib/
  PATH = /usr/local/sbin:/usr/local/bin:/usr/sbin:/usr/bin:/sbin:/bin:/usr/games:/usr/local/games:/home/vagrant/julia/bin/
  JAVA_HOME = /usr/lib/jvm/java-8-openjdk-amd64
  HOME = /home/vagrant
Packages:
  Package Directory: /home/vagrant/.julia/v0.7
  Package Status:
2 required packages:
 - Calendar                      0.4.3
 - JSON                          0.16.3
6 additional packages:
 - BinDeps                       0.8.2
 - Compat                        0.43.0
 - ICU                           0.4.4
 - Nullables                     0.0.2
 - SHA                           0.5.2
 - URIParser                     0.3.0
[ Info: Testing Calendar @ Base.Pkg.Entry entry.jl:723
┌ Warning: Deprecated syntax `immutable` at /home/vagrant/.julia/v0.7/Calendar/test/../src/Calendar.jl:63.
│ Use `struct` instead.
└ @ nothing Calendar.jl:63
ERROR: LoadError: LoadError: UndefVarError: require not defined
Stacktrace:
 [1] top-level scope
 [2] include at ./boot.jl:295 [inlined]
 [3] include_relative(::Module, ::String) at ./loading.jl:521
 [4] include(::Module, ::String) at ./sysimg.jl:26
 [5] include(::String) at ./sysimg.jl:65
 [6] top-level scope
 [7] include at ./boot.jl:295 [inlined]
 [8] include_relative(::Module, ::String) at ./loading.jl:521
 [9] include(::Module, ::String) at ./sysimg.jl:26
 [10] process_options(::Base.JLOptions) at ./client.jl:324
 [11] _start() at ./client.jl:375
in expression starting at /home/vagrant/.julia/v0.7/Calendar/test/../src/Calendar.jl:1
in expression starting at /home/vagrant/.julia/v0.7/Calendar/test/runtests.jl:1
┌ Error: ------------------------------------------------------------
│ # Testing failed for Calendar
│   exception = ErrorException("failed process: Process(`/home/vagrant/julia/bin/julia -Cnative -J/home/vagrant/julia/lib/julia/sys.so --compile=yes --depwarn=yes --code-coverage=none --color=no --compiled-modules=yes --check-bounds=yes --warn-overwrite=yes --startup-file=yes /home/vagrant/.julia/v0.7/Calendar/test/runtests.jl`, ProcessExited(1)) [1]")
└ @ Base.Pkg.Entry entry.jl:739
ERROR: Calendar had test errors

>>> End of log
