>>> 'Pkg.add("CasaCore")' log
INFO: Installing CasaCore v0.0.3
INFO: Building CasaCore
Downloading the CasaCore source...
fatal: destination path 'casacore' already exists and is not an empty directory.
==============================[ ERROR: CasaCore ]===============================

LoadError: failed process: Process(`git clone --branch v2.0.3 https://github.com/casacore/casacore`, ProcessExited(128)) [128]
while loading /home/vagrant/.julia/v0.4/CasaCore/deps/build.jl, in expression starting on line 6

================================================================================

================================[ BUILD ERRORS ]================================

WARNING: CasaCore had build errors.

 - packages with build errors remain installed in /home/vagrant/.julia/v0.4
 - build the package(s) and all dependencies with `Pkg.build("CasaCore")`
 - build a single package by running its `deps/build.jl` script

================================================================================
INFO: Package database updated
INFO: METADATA is out-of-date — you may not have the latest version of CasaCore
INFO: Use `Pkg.update()` to get the latest versions of your packages

>>> 'Pkg.test("CasaCore")' log
Package was unable to be tested.
>>> End of log
