>>> 'Pkg.add("CBOR")' log
INFO: Cloning cache of CBOR from https://github.com/saurvs/CBOR.jl.git
INFO: Installing CBOR v0.0.2
INFO: Package database updated

>>> 'Pkg.test("CBOR")' log
Julia Version 0.5.2
Commit f4c6c9d (2017-05-06 16:34 UTC)
Platform Info:
  OS: Linux (x86_64-pc-linux-gnu)
  CPU: Intel(R) Xeon(R) CPU E3-1241 v3 @ 3.50GHz
  WORD_SIZE: 64
           Ubuntu 14.04.5 LTS
  uname: Linux 3.13.0-135-generic #184-Ubuntu SMP Wed Oct 18 11:55:51 UTC 2017 x86_64 x86_64
Memory: 2.93927001953125 GB (999.60546875 MB free)
Uptime: 15719.0 sec
Load Avg:  1.0029296875  1.0146484375  1.04541015625
Intel(R) Xeon(R) CPU E3-1241 v3 @ 3.50GHz: 
       speed         user         nice          sys         idle          irq
#1  3500 MHz     913658 s        104 s      83414 s     370802 s         20 s
#2  3500 MHz     251517 s         45 s      42407 s    1246469 s          0 s

  BLAS: libopenblas (USE64BITINT DYNAMIC_ARCH NO_AFFINITY Nehalem)
  LAPACK: libopenblas64_
  LIBM: libopenlibm
  LLVM: libLLVM-3.7.1 (ORCJIT, haswell)
Environment:
  TERM = vt100
  LD_LIBRARY_PATH = :/usr/local/lib/
  PATH = /usr/local/sbin:/usr/local/bin:/usr/sbin:/usr/bin:/sbin:/bin:/usr/games:/usr/local/games:/home/vagrant/julia/bin/
  JAVA_HOME = /usr/lib/jvm/java-8-openjdk-amd64
  HOME = /home/vagrant

Package Directory: /home/vagrant/.julia/v0.5
2 required packages:
 - CBOR                          0.0.2
 - JSON                          0.14.0
1 additional packages:
 - Compat                        0.37.0
INFO: Computing test dependencies for CBOR...
INFO: Installing DataStructures v0.6.1
INFO: Testing CBOR
WARNING: Base.UTF8String is deprecated, use String instead.
  likely near /home/vagrant/.julia/v0.5/CBOR/test/../src/encoding-common.jl:77
WARNING: Base.ASCIIString is deprecated, use String instead.
  likely near /home/vagrant/.julia/v0.5/CBOR/test/../src/encoding-common.jl:77
WARNING: Base.UTF8String is deprecated, use String instead.
  likely near /home/vagrant/.julia/v0.5/CBOR/test/runtests.jl:83
WARNING: Base.UTF8String is deprecated, use String instead.
  likely near /home/vagrant/.julia/v0.5/CBOR/test/runtests.jl:83
WARNING: Base.UTF8String is deprecated, use String instead.
  likely near /home/vagrant/.julia/v0.5/CBOR/test/runtests.jl:83
WARNING: Base.UTF8String is deprecated, use String instead.
  likely near /home/vagrant/.julia/v0.5/CBOR/test/runtests.jl:83
WARNING: Base.UTF8String is deprecated, use String instead.
  likely near /home/vagrant/.julia/v0.5/CBOR/test/runtests.jl:83
WARNING: Base.UTF8String is deprecated, use String instead.
  likely near /home/vagrant/.julia/v0.5/CBOR/test/runtests.jl:83
WARNING: Base.UTF8String is deprecated, use String instead.
  likely near /home/vagrant/.julia/v0.5/CBOR/test/runtests.jl:83
WARNING: Base.UTF8String is deprecated, use String instead.
  likely near /home/vagrant/.julia/v0.5/CBOR/test/runtests.jl:83
WARNING: Base.UTF8String is deprecated, use String instead.
  likely near /home/vagrant/.julia/v0.5/CBOR/test/runtests.jl:83
WARNING: Base.UTF8String is deprecated, use String instead.
  likely near /home/vagrant/.julia/v0.5/CBOR/test/runtests.jl:83
WARNING: Base.UTF8String is deprecated, use String instead.
  likely near /home/vagrant/.julia/v0.5/CBOR/test/runtests.jl:83
WARNING: Base.UTF8String is deprecated, use String instead.
  likely near /home/vagrant/.julia/v0.5/CBOR/test/runtests.jl:83
WARNING: Base.UTF8String is deprecated, use String instead.
  likely near /home/vagrant/.julia/v0.5/CBOR/test/runtests.jl:83
WARNING: Base.UTF8String is deprecated, use String instead.
  likely near /home/vagrant/.julia/v0.5/CBOR/test/runtests.jl:83
WARNING: Base.UTF8String is deprecated, use String instead.
  likely near /home/vagrant/.julia/v0.5/CBOR/test/runtests.jl:83
WARNING: Base.UTF8String is deprecated, use String instead.
  likely near /home/vagrant/.julia/v0.5/CBOR/test/runtests.jl:83
WARNING: Base.UTF8String is deprecated, use String instead.
  likely near /home/vagrant/.julia/v0.5/CBOR/test/runtests.jl:83
WARNING: Base.UTF8String is deprecated, use String instead.
  likely near /home/vagrant/.julia/v0.5/CBOR/test/runtests.jl:83
WARNING: Base.UTF8String is deprecated, use String instead.
  likely near /home/vagrant/.julia/v0.5/CBOR/test/runtests.jl:83
WARNING: Base.UTF8String is deprecated, use String instead.
  likely near /home/vagrant/.julia/v0.5/CBOR/test/runtests.jl:83
WARNING: Base.UTF8String is deprecated, use String instead.
  likely near /home/vagrant/.julia/v0.5/CBOR/test/runtests.jl:83
WARNING: Base.UTF8String is deprecated, use String instead.
  likely near /home/vagrant/.julia/v0.5/CBOR/test/runtests.jl:83
WARNING: Base.UTF8String is deprecated, use String instead.
  likely near /home/vagrant/.julia/v0.5/CBOR/test/runtests.jl:83
WARNING: Base.UTF8String is deprecated, use String instead.
  likely near /home/vagrant/.julia/v0.5/CBOR/test/runtests.jl:83
WARNING: Base.UTF8String is deprecated, use String instead.
  likely near /home/vagrant/.julia/v0.5/CBOR/test/runtests.jl:83
WARNING: Base.UTF8String is deprecated, use String instead.
  likely near /home/vagrant/.julia/v0.5/CBOR/test/runtests.jl:83
WARNING: Base.UTF8String is deprecated, use String instead.
  likely near /home/vagrant/.julia/v0.5/CBOR/test/runtests.jl:83
WARNING: Base.UTF8String is deprecated, use String instead.
  likely near /home/vagrant/.julia/v0.5/CBOR/test/runtests.jl:83
WARNING: Base.UTF8String is deprecated, use String instead.
  likely near /home/vagrant/.julia/v0.5/CBOR/test/runtests.jl:83
WARNING: Base.UTF8String is deprecated, use String instead.
  likely near /home/vagrant/.julia/v0.5/CBOR/test/runtests.jl:83
WARNING: Base.UTF8String is deprecated, use String instead.
  likely near /home/vagrant/.julia/v0.5/CBOR/test/runtests.jl:83
WARNING: Base.UTF8String is deprecated, use String instead.
  likely near /home/vagrant/.julia/v0.5/CBOR/test/runtests.jl:83
WARNING: Base.UTF8String is deprecated, use String instead.
  likely near /home/vagrant/.julia/v0.5/CBOR/test/runtests.jl:83
WARNING: Base.UTF8String is deprecated, use String instead.
  likely near /home/vagrant/.julia/v0.5/CBOR/test/runtests.jl:83
WARNING: Base.UTF8String is deprecated, use String instead.
  likely near /home/vagrant/.julia/v0.5/CBOR/test/runtests.jl:83
WARNING: Base.UTF8String is deprecated, use String instead.
  likely near /home/vagrant/.julia/v0.5/CBOR/test/runtests.jl:83
WARNING: Base.UTF8String is deprecated, use String instead.
  likely near /home/vagrant/.julia/v0.5/CBOR/test/runtests.jl:83
WARNING: Base.UTF8String is deprecated, use String instead.
  likely near /home/vagrant/.julia/v0.5/CBOR/test/runtests.jl:83
WARNING: Base.UTF8String is deprecated, use String instead.
  likely near /home/vagrant/.julia/v0.5/CBOR/test/runtests.jl:83
WARNING: Base.UTF8String is deprecated, use String instead.
  likely near /home/vagrant/.julia/v0.5/CBOR/test/runtests.jl:83
WARNING: Base.UTF8String is deprecated, use String instead.
  likely near /home/vagrant/.julia/v0.5/CBOR/test/runtests.jl:83
WARNING: Base.UTF8String is deprecated, use String instead.
  likely near /home/vagrant/.julia/v0.5/CBOR/test/runtests.jl:83
WARNING: Base.UTF8String is deprecated, use String instead.
  likely near /home/vagrant/.julia/v0.5/CBOR/test/runtests.jl:83
WARNING: Base.UTF8String is deprecated, use String instead.
  likely near /home/vagrant/.julia/v0.5/CBOR/test/runtests.jl:83
WARNING: Base.UTF8String is deprecated, use String instead.
  likely near /home/vagrant/.julia/v0.5/CBOR/test/runtests.jl:83
WARNING: Base.UTF8String is deprecated, use String instead.
  likely near /home/vagrant/.julia/v0.5/CBOR/test/runtests.jl:83
WARNING: Base.UTF8String is deprecated, use String instead.
  likely near /home/vagrant/.julia/v0.5/CBOR/test/runtests.jl:83
WARNING: Base.UTF8String is deprecated, use String instead.
  likely near /home/vagrant/.julia/v0.5/CBOR/test/runtests.jl:83
WARNING: Base.UTF8String is deprecated, use String instead.
  likely near /home/vagrant/.julia/v0.5/CBOR/test/runtests.jl:83
WARNING: Base.UTF8String is deprecated, use String instead.
  likely near /home/vagrant/.julia/v0.5/CBOR/test/runtests.jl:83
WARNING: Base.UTF8String is deprecated, use String instead.
  likely near /home/vagrant/.julia/v0.5/CBOR/test/runtests.jl:83
WARNING: Base.UTF8String is deprecated, use String instead.
  likely near /home/vagrant/.julia/v0.5/CBOR/test/runtests.jl:83
WARNING: Base.UTF8String is deprecated, use String instead.
  likely near /home/vagrant/.julia/v0.5/CBOR/test/runtests.jl:83
WARNING: Base.UTF8String is deprecated, use String instead.
  likely near /home/vagrant/.julia/v0.5/CBOR/test/runtests.jl:83
WARNING: Base.UTF8String is deprecated, use String instead.
  likely near /home/vagrant/.julia/v0.5/CBOR/test/runtests.jl:83
WARNING: Base.UTF8String is deprecated, use String instead.
  likely near /home/vagrant/.julia/v0.5/CBOR/test/runtests.jl:83
WARNING: Base.UTF8String is deprecated, use String instead.
  likely near /home/vagrant/.julia/v0.5/CBOR/test/runtests.jl:83
WARNING: Base.UTF8String is deprecated, use String instead.
  likely near /home/vagrant/.julia/v0.5/CBOR/test/runtests.jl:83
WARNING: Base.UTF8String is deprecated, use String instead.
  likely near /home/vagrant/.julia/v0.5/CBOR/test/runtests.jl:83
WARNING: Base.UTF8String is deprecated, use String instead.
  likely near /home/vagrant/.julia/v0.5/CBOR/test/runtests.jl:83
WARNING: Base.UTF8String is deprecated, use String instead.
  likely near /home/vagrant/.julia/v0.5/CBOR/test/runtests.jl:83
WARNING: Base.UTF8String is deprecated, use String instead.
  likely near /home/vagrant/.julia/v0.5/CBOR/test/runtests.jl:83
WARNING: Base.UTF8String is deprecated, use String instead.
  likely near /home/vagrant/.julia/v0.5/CBOR/test/runtests.jl:83
WARNING: Base.UTF8String is deprecated, use String instead.
  likely near /home/vagrant/.julia/v0.5/CBOR/test/runtests.jl:83
WARNING: Base.UTF8String is deprecated, use String instead.
  likely near /home/vagrant/.julia/v0.5/CBOR/test/runtests.jl:83
WARNING: Base.UTF8String is deprecated, use String instead.
  likely near /home/vagrant/.julia/v0.5/CBOR/test/runtests.jl:83
WARNING: Base.UTF8String is deprecated, use String instead.
  likely near /home/vagrant/.julia/v0.5/CBOR/test/runtests.jl:83
WARNING: Base.UTF8String is deprecated, use String instead.
  likely near /home/vagrant/.julia/v0.5/CBOR/test/runtests.jl:83
WARNING: Base.UTF8String is deprecated, use String instead.
  likely near /home/vagrant/.julia/v0.5/CBOR/test/runtests.jl:83
WARNING: Base.UTF8String is deprecated, use String instead.
  likely near /home/vagrant/.julia/v0.5/CBOR/test/runtests.jl:83
WARNING: Base.UTF8String is deprecated, use String instead.
  likely near /home/vagrant/.julia/v0.5/CBOR/test/runtests.jl:83
WARNING: Base.UTF8String is deprecated, use String instead.
  likely near /home/vagrant/.julia/v0.5/CBOR/test/runtests.jl:83
WARNING: Base.UTF8String is deprecated, use String instead.
  likely near /home/vagrant/.julia/v0.5/CBOR/test/runtests.jl:83
WARNING: Base.UTF8String is deprecated, use String instead.
  likely near /home/vagrant/.julia/v0.5/CBOR/test/runtests.jl:83
WARNING: Base.UTF8String is deprecated, use String instead.
  likely near /home/vagrant/.julia/v0.5/CBOR/test/runtests.jl:83
WARNING: Base.UTF8String is deprecated, use String instead.
  likely near /home/vagrant/.julia/v0.5/CBOR/test/runtests.jl:83
WARNING: Base.UTF8String is deprecated, use String instead.
  likely near /home/vagrant/.julia/v0.5/CBOR/test/runtests.jl:83
WARNING: Base.UTF8String is deprecated, use String instead.
  likely near /home/vagrant/.julia/v0.5/CBOR/test/runtests.jl:83
WARNING: Base.UTF8String is deprecated, use String instead.
  likely near /home/vagrant/.julia/v0.5/CBOR/test/runtests.jl:83
WARNING: Base.UTF8String is deprecated, use String instead.
  likely near /home/vagrant/.julia/v0.5/CBOR/test/runtests.jl:83
WARNING: Base.UTF8String is deprecated, use String instead.
  likely near /home/vagrant/.julia/v0.5/CBOR/test/runtests.jl:83
WARNING: Base.UTF8String is deprecated, use String instead.
  likely near /home/vagrant/.julia/v0.5/CBOR/test/runtests.jl:83
WARNING: Base.UTF8String is deprecated, use String instead.
  likely near /home/vagrant/.julia/v0.5/CBOR/test/runtests.jl:83
WARNING: Base.UTF8String is deprecated, use String instead.
  likely near /home/vagrant/.julia/v0.5/CBOR/test/runtests.jl:83
WARNING: Base.UTF8String is deprecated, use String instead.
  likely near /home/vagrant/.julia/v0.5/CBOR/test/runtests.jl:83
WARNING: Base.UTF8String is deprecated, use String instead.
  likely near /home/vagrant/.julia/v0.5/CBOR/test/runtests.jl:83
WARNING: Base.UTF8String is deprecated, use String instead.
  likely near /home/vagrant/.julia/v0.5/CBOR/test/runtests.jl:83
WARNING: Base.UTF8String is deprecated, use String instead.
  likely near /home/vagrant/.julia/v0.5/CBOR/test/runtests.jl:83
WARNING: Base.UTF8String is deprecated, use String instead.
  likely near /home/vagrant/.julia/v0.5/CBOR/test/runtests.jl:83
WARNING: Base.UTF8String is deprecated, use String instead.
  likely near /home/vagrant/.julia/v0.5/CBOR/test/runtests.jl:83
WARNING: Base.UTF8String is deprecated, use String instead.
  likely near /home/vagrant/.julia/v0.5/CBOR/test/runtests.jl:83
WARNING: Base.UTF8String is deprecated, use String instead.
  likely near /home/vagrant/.julia/v0.5/CBOR/test/runtests.jl:83
WARNING: Base.UTF8String is deprecated, use String instead.
  likely near /home/vagrant/.julia/v0.5/CBOR/test/runtests.jl:83
WARNING: Base.UTF8String is deprecated, use String instead.
  likely near /home/vagrant/.julia/v0.5/CBOR/test/runtests.jl:83
WARNING: Base.UTF8String is deprecated, use String instead.
  likely near /home/vagrant/.julia/v0.5/CBOR/test/runtests.jl:83
WARNING: Base.UTF8String is deprecated, use String instead.
  likely near /home/vagrant/.julia/v0.5/CBOR/test/runtests.jl:83
WARNING: Base.UTF8String is deprecated, use String instead.
  likely near /home/vagrant/.julia/v0.5/CBOR/test/runtests.jl:83
WARNING: Base.UTF8String is deprecated, use String instead.
  likely near /home/vagrant/.julia/v0.5/CBOR/test/runtests.jl:83
WARNING: Base.UTF8String is deprecated, use String instead.
  likely near /home/vagrant/.julia/v0.5/CBOR/test/runtests.jl:83
WARNING: Base.UTF8String is deprecated, use String instead.
  likely near /home/vagrant/.julia/v0.5/CBOR/test/runtests.jl:83
WARNING: Base.UTF8String is deprecated, use String instead.
  likely near /home/vagrant/.julia/v0.5/CBOR/test/runtests.jl:83
WARNING: Base.UTF8String is deprecated, use String instead.
  likely near /home/vagrant/.julia/v0.5/CBOR/test/runtests.jl:83
WARNING: Base.UTF8String is deprecated, use String instead.
  likely near /home/vagrant/.julia/v0.5/CBOR/test/runtests.jl:83
WARNING: Base.UTF8String is deprecated, use String instead.
  likely near /home/vagrant/.julia/v0.5/CBOR/test/runtests.jl:83
WARNING: Base.UTF8String is deprecated, use String instead.
  likely near /home/vagrant/.julia/v0.5/CBOR/test/runtests.jl:83
WARNING: Base.UTF8String is deprecated, use String instead.
  likely near /home/vagrant/.julia/v0.5/CBOR/test/runtests.jl:83
WARNING: Base.UTF8String is deprecated, use String instead.
  likely near /home/vagrant/.julia/v0.5/CBOR/test/runtests.jl:83
in decode_next at 
WARNING: Base.UTF8String is deprecated, use String instead.
  likely near /home/vagrant/.julia/v0.5/CBOR/test/runtests.jl:83
WARNING: Base.UTF8String is deprecated, use String instead.
  likely near /home/vagrant/.julia/v0.5/CBOR/test/runtests.jl:83
in decode_next at /home/vagrant/.julia/v0.5/CBOR/test/../src/decoding-common.jl
WARNING: Base.UTF8String is deprecated, use String instead.
  likely near /home/vagrant/.julia/v0.5/CBOR/test/runtests.jl:83
in decode_next at /home/vagrant/.julia/v0.5/CBOR/test/../src/decoding-common.jl
WARNING: Base.UTF8String is deprecated, use String instead.
  likely near /home/vagrant/.julia/v0.5/CBOR/test/runtests.jl:83
in decode_next at /home/vagrant/.julia/v0.5/CBOR/test/../src/decoding-common.jl
WARNING: Base.UTF8String is deprecated, use String instead.
  likely near /home/vagrant/.julia/v0.5/CBOR/test/runtests.jl:83
WARNING: Base.UTF8String is deprecated, use String instead.
  likely near /home/vagrant/.julia/v0.5/CBOR/test/runtests.jl:83
WARNING: Base.UTF8String is deprecated, use String instead.
  likely near /home/vagrant/.julia/v0.5/CBOR/test/runtests.jl:83
WARNING: Base.UTF8String is deprecated, use String instead.
  likely near /home/vagrant/.julia/v0.5/CBOR/test/runtests.jl:83
WARNING: Base.UTF8String is deprecated, use String instead.
  likely near /home/vagrant/.julia/v0.5/CBOR/test/runtests.jl:83
WARNING: Base.UTF8String is deprecated, use String instead.
  likely near /home/vagrant/.julia/v0.5/CBOR/test/runtests.jl:83
WARNING: Base.UTF8String is deprecated, use String instead.
  likely near /home/vagrant/.julia/v0.5/CBOR/test/runtests.jl:83
WARNING: Base.UTF8String is deprecated, use String instead.
  likely near /home/vagrant/.julia/v0.5/CBOR/test/runtests.jl:83
WARNING: Base.UTF8String is deprecated, use String instead.
  likely near /home/vagrant/.julia/v0.5/CBOR/test/runtests.jl:83
WARNING: Base.UTF8String is deprecated, use String instead.
  likely near /home/vagrant/.julia/v0.5/CBOR/test/runtests.jl:83
WARNING: Base.UTF8String is deprecated, use String instead.
  likely near /home/vagrant/.julia/v0.5/CBOR/test/runtests.jl:83
WARNING: Base.UTF8String is deprecated, use String instead.
  likely near /home/vagrant/.julia/v0.5/CBOR/test/runtests.jl:83
WARNING: Base.UTF8String is deprecated, use String instead.
  likely near /home/vagrant/.julia/v0.5/CBOR/test/runtests.jl:83
WARNING: Base.UTF8String is deprecated, use String instead.
  likely near /home/vagrant/.julia/v0.5/CBOR/test/runtests.jl:83
WARNING: Base.UTF8String is deprecated, use String instead.
  likely near /home/vagrant/.julia/v0.5/CBOR/test/runtests.jl:83
WARNING: Base.UTF8String is deprecated, use String instead.
  likely near /home/vagrant/.julia/v0.5/CBOR/test/runtests.jl:83
WARNING: Base.UTF8String is deprecated, use String instead.
  likely near /home/vagrant/.julia/v0.5/CBOR/test/runtests.jl:83
WARNING: Base.UTF8String is deprecated, use String instead.
  likely near /home/vagrant/.julia/v0.5/CBOR/test/runtests.jl:83
WARNING: Base.UTF8String is deprecated, use String instead.
  likely near /home/vagrant/.julia/v0.5/CBOR/test/runtests.jl:83
WARNING: Base.UTF8String is deprecated, use String instead.
  likely near /home/vagrant/.julia/v0.5/CBOR/test/runtests.jl:83
WARNING: Base.UTF8String is deprecated, use String instead.
  likely near /home/vagrant/.julia/v0.5/CBOR/test/runtests.jl:83
WARNING: Base.UTF8String is deprecated, use String instead.
  likely near /home/vagrant/.julia/v0.5/CBOR/test/runtests.jl:83
WARNING: Base.UTF8String is deprecated, use String instead.
  likely near /home/vagrant/.julia/v0.5/CBOR/test/runtests.jl:83
WARNING: Base.UTF8String is deprecated, use String instead.
  likely near /home/vagrant/.julia/v0.5/CBOR/test/runtests.jl:83
WARNING: Base.UTF8String is deprecated, use String instead.
  likely near /home/vagrant/.julia/v0.5/CBOR/test/runtests.jl:83
WARNING: Base.UTF8String is deprecated, use String instead.
  likely near /home/vagrant/.julia/v0.5/CBOR/test/runtests.jl:83
WARNING: Base.UTF8String is deprecated, use String instead.
  likely near /home/vagrant/.julia/v0.5/CBOR/test/runtests.jl:83
WARNING: Base.UTF8String is deprecated, use String instead.
  likely near /home/vagrant/.julia/v0.5/CBOR/test/runtests.jl:83
WARNING: Base.UTF8String is deprecated, use String instead.
  likely near /home/vagrant/.julia/v0.5/CBOR/test/runtests.jl:83
WARNING: Base.UTF8String is deprecated, use String instead.
  likely near /home/vagrant/.julia/v0.5/CBOR/test/runtests.jl:83
WARNING: Base.UTF8String is deprecated, use String instead.
  likely near /home/vagrant/.julia/v0.5/CBOR/test/runtests.jl:83
WARNING: Base.UTF8String is deprecated, use String instead.
  likely near /home/vagrant/.julia/v0.5/CBOR/test/runtests.jl:83
WARNING: Base.UTF8String is deprecated, use String instead.
  likely near /home/vagrant/.julia/v0.5/CBOR/test/runtests.jl:83
WARNING: Base.UTF8String is deprecated, use String instead.
  likely near /home/vagrant/.julia/v0.5/CBOR/test/runtests.jl:83
WARNING: Base.UTF8String is deprecated, use String instead.
  likely near /home/vagrant/.julia/v0.5/CBOR/test/runtests.jl:83
WARNING: Base.UTF8String is deprecated, use String instead.
  likely near /home/vagrant/.julia/v0.5/CBOR/test/runtests.jl:83
WARNING: Base.UTF8String is deprecated, use String instead.
  likely near /home/vagrant/.julia/v0.5/CBOR/test/runtests.jl:83
WARNING: Base.UTF8String is deprecated, use String instead.
  likely near /home/vagrant/.julia/v0.5/CBOR/test/runtests.jl:83
WARNING: Base.UTF8String is deprecated, use String instead.
  likely near /home/vagrant/.julia/v0.5/CBOR/test/runtests.jl:83
WARNING: Base.UTF8String is deprecated, use String instead.
  likely near /home/vagrant/.julia/v0.5/CBOR/test/runtests.jl:83
WARNING: Base.UTF8String is deprecated, use String instead.
  likely near /home/vagrant/.julia/v0.5/CBOR/test/runtests.jl:83
WARNING: Base.UTF8String is deprecated, use String instead.
  likely near /home/vagrant/.julia/v0.5/CBOR/test/runtests.jl:83
WARNING: Base.UTF8String is deprecated, use String instead.
  likely near /home/vagrant/.julia/v0.5/CBOR/test/runtests.jl:83
WARNING: Base.UTF8String is deprecated, use String instead.
  likely near /home/vagrant/.julia/v0.5/CBOR/test/runtests.jl:83
WARNING: Base.UTF8String is deprecated, use String instead.
  likely near /home/vagrant/.julia/v0.5/CBOR/test/runtests.jl:83
WARNING: Base.UTF8String is deprecated, use String instead.
  likely near /home/vagrant/.julia/v0.5/CBOR/test/runtests.jl:83
WARNING: Base.UTF8String is deprecated, use String instead.
  likely near /home/vagrant/.julia/v0.5/CBOR/test/runtests.jl:83
WARNING: Base.UTF8String is deprecated, use String instead.
  likely near /home/vagrant/.julia/v0.5/CBOR/test/runtests.jl:83
WARNING: Base.UTF8String is deprecated, use String instead.
  likely near /home/vagrant/.julia/v0.5/CBOR/test/runtests.jl:83
WARNING: Base.UTF8String is deprecated, use String instead.
  likely near /home/vagrant/.julia/v0.5/CBOR/test/runtests.jl:83
WARNING: Base.UTF8String is deprecated, use String instead.
  likely near /home/vagrant/.julia/v0.5/CBOR/test/runtests.jl:83
WARNING: Base.UTF8String is deprecated, use String instead.
  likely near /home/vagrant/.julia/v0.5/CBOR/test/runtests.jl:83
WARNING: Base.UTF8String is deprecated, use String instead.
  likely near /home/vagrant/.julia/v0.5/CBOR/test/runtests.jl:83
WARNING: Base.UTF8String is deprecated, use String instead.
  likely near /home/vagrant/.julia/v0.5/CBOR/test/runtests.jl:83
WARNING: Base.UTF8String is deprecated, use String instead.
  likely near /home/vagrant/.julia/v0.5/CBOR/test/runtests.jl:83
WARNING: Base.UTF8String is deprecated, use String instead.
  likely near /home/vagrant/.julia/v0.5/CBOR/test/runtests.jl:83
WARNING: Base.UTF8String is deprecated, use String instead.
  likely near /home/vagrant/.julia/v0.5/CBOR/test/runtests.jl:83
WARNING: Base.UTF8String is deprecated, use String instead.
  likely near /home/vagrant/.julia/v0.5/CBOR/test/runtests.jl:83
WARNING: Base.UTF8String is deprecated, use String instead.
  likely near /home/vagrant/.julia/v0.5/CBOR/test/runtests.jl:83
WARNING: Base.UTF8String is deprecated, use String instead.
  likely near /home/vagrant/.julia/v0.5/CBOR/test/runtests.jl:83
WARNING: Base.UTF8String is deprecated, use String instead.
  likely near /home/vagrant/.julia/v0.5/CBOR/test/runtests.jl:83
WARNING: Base.UTF8String is deprecated, use String instead.
  likely near /home/vagrant/.julia/v0.5/CBOR/test/runtests.jl:83
WARNING: Base.UTF8String is deprecated, use String instead.
  likely near /home/vagrant/.julia/v0.5/CBOR/test/runtests.jl:83
WARNING: Base.UTF8String is deprecated, use String instead.
  likely near /home/vagrant/.julia/v0.5/CBOR/test/runtests.jl:83
WARNING: Base.UTF8String is deprecated, use String instead.
  likely near /home/vagrant/.julia/v0.5/CBOR/test/runtests.jl:83
WARNING: Base.UTF8String is deprecated, use String instead.
  likely near /home/vagrant/.julia/v0.5/CBOR/test/runtests.jl:83
WARNING: Base.UTF8String is deprecated, use String instead.
  likely near /home/vagrant/.julia/v0.5/CBOR/test/runtests.jl:83
WARNING: Base.UTF8String is deprecated, use String instead.
  likely near /home/vagrant/.julia/v0.5/CBOR/test/runtests.jl:83
WARNING: Base.UTF8String is deprecated, use String instead.
  likely near /home/vagrant/.julia/v0.5/CBOR/test/runtests.jl:83
WARNING: Base.UTF8String is deprecated, use String instead.
  likely near /home/vagrant/.julia/v0.5/CBOR/test/runtests.jl:83
WARNING: Base.UTF8String is deprecated, use String instead.
  likely near /home/vagrant/.julia/v0.5/CBOR/test/runtests.jl:83
WARNING: Base.UTF8String is deprecated, use String instead.
  likely near /home/vagrant/.julia/v0.5/CBOR/test/runtests.jl:83
WARNING: Results from decode_with_iana may change in the future.
WARNING: Results from decode_with_iana may change in the future.
WARNING: Base.UTF8String is deprecated, use String instead.
  likely near /home/vagrant/.julia/v0.5/CBOR/test/runtests.jl:111
WARNING: Base.UTF8String is deprecated, use String instead.
  likely near /home/vagrant/.julia/v0.5/CBOR/test/runtests.jl:135
WARNING: Base.ASCIIString is deprecated, use String instead.
  likely near /home/vagrant/.julia/v0.5/CBOR/test/runtests.jl:135
WARNING: Base.UTF8String is deprecated, use String instead.
  likely near /home/vagrant/.julia/v0.5/CBOR/test/runtests.jl:135
WARNING: Base.ASCIIString is deprecated, use String instead.
  likely near /home/vagrant/.julia/v0.5/CBOR/test/runtests.jl:135
WARNING: Base.UTF8String is deprecated, use String instead.
  likely near /home/vagrant/.julia/v0.5/CBOR/test/runtests.jl:135
WARNING: Base.ASCIIString is deprecated, use String instead.
  likely near /home/vagrant/.julia/v0.5/CBOR/test/runtests.jl:135
WARNING: Base.UTF8String is deprecated, use String instead.
  likely near /home/vagrant/.julia/v0.5/CBOR/test/runtests.jl:135
WARNING: Base.UTF8String is deprecated, use String instead.
  likely near /home/vagrant/.julia/v0.5/CBOR/test/runtests.jl:135
WARNING: Base.UTF8String is deprecated, use String instead.
  likely near /home/vagrant/.julia/v0.5/CBOR/test/runtests.jl:135
WARNING: Base.UTF8String is deprecated, use String instead.
  likely near /home/vagrant/.julia/v0.5/CBOR/test/runtests.jl:135
WARNING: Base.UTF8String is deprecated, use String instead.
  likely near /home/vagrant/.julia/v0.5/CBOR/test/runtests.jl:135
WARNING: Base.UTF8String is deprecated, use String instead.
  likely near /home/vagrant/.julia/v0.5/CBOR/test/runtests.jl:135
WARNING: Base.UTF8String is deprecated, use String instead.
  likely near /home/vagrant/.julia/v0.5/CBOR/test/runtests.jl:135
WARNING: Base.UTF8String is deprecated, use String instead.
  likely near /home/vagrant/.julia/v0.5/CBOR/test/runtests.jl:135
WARNING: Base.UTF8String is deprecated, use String instead.
  likely near /home/vagrant/.julia/v0.5/CBOR/test/runtests.jl:135
WARNING: Base.UTF8String is deprecated, use String instead.
  likely near /home/vagrant/.julia/v0.5/CBOR/test/runtests.jl:135
WARNING: Base.UTF8String is deprecated, use String instead.
  likely near /home/vagrant/.julia/v0.5/CBOR/test/runtests.jl:135
WARNING: Base.UTF8String is deprecated, use String instead.
  likely near /home/vagrant/.julia/v0.5/CBOR/test/runtests.jl:135
WARNING: Base.UTF8String is deprecated, use String instead.
  likely near /home/vagrant/.julia/v0.5/CBOR/test/runtests.jl:135
WARNING: Base.UTF8String is deprecated, use String instead.
  likely near /home/vagrant/.julia/v0.5/CBOR/test/runtests.jl:135
WARNING: Base.UTF8String is deprecated, use String instead.
  likely near /home/vagrant/.julia/v0.5/CBOR/test/runtests.jl:135
WARNING: Base.UTF8String is deprecated, use String instead.
  likely near /home/vagrant/.julia/v0.5/CBOR/test/runtests.jl:135
WARNING: Base.UTF8String is deprecated, use String instead.
  likely near /home/vagrant/.julia/v0.5/CBOR/test/runtests.jl:135
WARNING: Base.UTF8String is deprecated, use String instead.
  likely near /home/vagrant/.julia/v0.5/CBOR/test/runtests.jl:135
WARNING: Base.UTF8String is deprecated, use String instead.
  likely near /home/vagrant/.julia/v0.5/CBOR/test/runtests.jl:135
WARNING: Base.ASCIIString is deprecated, use String instead.
  likely near /home/vagrant/.julia/v0.5/CBOR/test/runtests.jl:135
WARNING: Base.UTF8String is deprecated, use String instead.
  likely near /home/vagrant/.julia/v0.5/CBOR/test/runtests.jl:135
WARNING: Base.ASCIIString is deprecated, use String instead.
  likely near /home/vagrant/.julia/v0.5/CBOR/test/runtests.jl:135
WARNING: Base.UTF8String is deprecated, use String instead.
  likely near /home/vagrant/.julia/v0.5/CBOR/test/runtests.jl:135
WARNING: Base.ASCIIString is deprecated, use String instead.
  likely near /home/vagrant/.julia/v0.5/CBOR/test/runtests.jl:135
WARNING: Base.UTF8String is deprecated, use String instead.
  likely near /home/vagrant/.julia/v0.5/CBOR/test/runtests.jl:135
WARNING: Base.ASCIIString is deprecated, use String instead.
  likely near /home/vagrant/.julia/v0.5/CBOR/test/runtests.jl:135
WARNING: Base.UTF8String is deprecated, use String instead.
  likely near /home/vagrant/.julia/v0.5/CBOR/test/runtests.jl:135
WARNING: Base.ASCIIString is deprecated, use String instead.
  likely near /home/vagrant/.julia/v0.5/CBOR/test/runtests.jl:135
WARNING: Base.UTF8String is deprecated, use String instead.
  likely near /home/vagrant/.julia/v0.5/CBOR/test/runtests.jl:135
WARNING: Base.ASCIIString is deprecated, use String instead.
  likely near /home/vagrant/.julia/v0.5/CBOR/test/runtests.jl:135
INFO: CBOR tests passed
INFO: Removing DataStructures v0.6.1

>>> End of log
