>>> 'Pkg.add("CellularAutomata")' log
INFO: Cloning cache of CellularAutomata from git://github.com/natj/CellularAutomata.jl.git
INFO: Installing CellularAutomata v0.1.2
INFO: Package database updated

>>> 'Pkg.test("CellularAutomata")' log
Julia Version 0.4.6
Commit 2e358ce (2016-06-19 17:16 UTC)
Platform Info:
  System: Linux (x86_64-unknown-linux-gnu)
  CPU: Intel(R) Xeon(R) CPU E3-1241 v3 @ 3.50GHz
  WORD_SIZE: 64
           Ubuntu 14.04.5 LTS
  uname: Linux 3.13.0-92-generic #139-Ubuntu SMP Tue Jun 28 20:42:26 UTC 2016 x86_64 x86_64
Memory: 2.4471054077148438 GB (835.22265625 MB free)
Uptime: 10320.0 sec
Load Avg:  0.89404296875  0.48046875  0.666015625
Intel(R) Xeon(R) CPU E3-1241 v3 @ 3.50GHz: 
       speed         user         nice          sys         idle          irq
#1  3503 MHz     407067 s       2455 s      52643 s     450013 s         28 s
#2  3503 MHz     267915 s       4734 s      51575 s     665355 s          0 s

  BLAS: libopenblas (USE64BITINT DYNAMIC_ARCH NO_AFFINITY Nehalem)
  LAPACK: libopenblas64_
  LIBM: libopenlibm
  LLVM: libLLVM-3.3
Environment:
  TERM = vt100
  LD_LIBRARY_PATH = :/usr/local/lib/
  PATH = /usr/local/sbin:/usr/local/bin:/usr/sbin:/usr/bin:/sbin:/bin:/usr/games:/usr/local/games:/home/vagrant/julia/bin/
  JAVA_HOME = /usr/lib/jvm/java-7-oracle
  HOME = /home/vagrant

Package Directory: /home/vagrant/.julia/v0.4
2 required packages:
 - CellularAutomata              0.1.2
 - JSON                          0.6.0
1 additional packages:
 - Compat                        0.8.6
INFO: Testing CellularAutomata
WARNING: int(a::AbstractArray) is deprecated, use round(Int64,a) instead.
 in depwarn at deprecated.jl:73
 in int at deprecated.jl:276
 in turbine_test at /home/vagrant/.julia/v0.4/CellularAutomata/test/conway_test.jl:43
 in include at ./boot.jl:261
 in include_from_node1 at ./loading.jl:320
 in process_options at ./client.jl:280
 in _start at ./client.jl:378
while loading /home/vagrant/.julia/v0.4/CellularAutomata/test/runtests.jl, in expression starting on line 3
WARNING: int8(a::AbstractArray) is deprecated, use round(Int8,a) instead.
 in depwarn at deprecated.jl:73
 in int8 at deprecated.jl:276
 in call at /home/vagrant/.julia/v0.4/CellularAutomata/src/2dim.jl:23
 in call at /home/vagrant/.julia/v0.4/CellularAutomata/src/2dim.jl:21
 in turbine_test at /home/vagrant/.julia/v0.4/CellularAutomata/test/conway_test.jl:56
 in include at ./boot.jl:261
 in include_from_node1 at ./loading.jl:320
 in process_options at ./client.jl:280
 in _start at ./client.jl:378
while loading /home/vagrant/.julia/v0.4/CellularAutomata/test/runtests.jl, in expression starting on line 3
WARNING: int(a::AbstractArray) is deprecated, use round(Int64,a) instead.
 in depwarn at deprecated.jl:73
 in int at deprecated.jl:276
 in blinker_test at /home/vagrant/.julia/v0.4/CellularAutomata/test/conway_test.jl:10
 in include at ./boot.jl:261
 in include_from_node1 at ./loading.jl:320
 in process_options at ./client.jl:280
 in _start at ./client.jl:378
while loading /home/vagrant/.julia/v0.4/CellularAutomata/test/runtests.jl, in expression starting on line 4
INFO: CellularAutomata tests passed

>>> End of log
