>>> 'Pkg.add("ChainRecursive")' log
INFO: Cloning cache of ChainRecursive from https://github.com/bramtayl/ChainRecursive.jl.git
INFO: Cloning cache of CreateMacrosFrom from https://github.com/bramtayl/CreateMacrosFrom.jl.git
INFO: Cloning cache of NumberedLines from https://github.com/bramtayl/NumberedLines.jl.git
INFO: Installing ChainRecursive v0.0.1
INFO: Installing CreateMacrosFrom v0.0.1
INFO: Installing NumberedLines v0.0.2
INFO: Package database updated
INFO: METADATA is out-of-date — you may not have the latest version of ChainRecursive
INFO: Use `Pkg.update()` to get the latest versions of your packages

>>> 'Pkg.test("ChainRecursive")' log
Julia Version 0.6.0-dev.2584
Commit 509c775 (2017-02-04 00:17 UTC)
Platform Info:
  OS: Linux (x86_64-pc-linux-gnu)
  CPU: Intel(R) Xeon(R) CPU E3-1241 v3 @ 3.50GHz
  WORD_SIZE: 64
           Ubuntu 14.04.5 LTS
  uname: Linux 3.13.0-108-generic #155-Ubuntu SMP Wed Jan 11 16:58:52 UTC 2017 x86_64 x86_64
Memory: 2.9392738342285156 GB (702.2578125 MB free)
Uptime: 11224.0 sec
Load Avg:  1.0380859375  1.142578125  0.8759765625
Intel(R) Xeon(R) CPU E3-1241 v3 @ 3.50GHz: 
       speed         user         nice          sys         idle          irq
#1  3499 MHz     470010 s       4243 s      64730 s     469186 s         25 s
#2  3499 MHz     176588 s       2666 s      52457 s     847644 s          0 s

  BLAS: libopenblas (USE64BITINT DYNAMIC_ARCH NO_AFFINITY Nehalem)
  LAPACK: libopenblas64_
  LIBM: libopenlibm
  LLVM: libLLVM-3.9.1 (ORCJIT, haswell)
Environment:
  TERM = vt100
  LD_LIBRARY_PATH = :/usr/local/lib/
  PATH = /usr/local/sbin:/usr/local/bin:/usr/sbin:/usr/bin:/sbin:/bin:/usr/games:/usr/local/games:/home/vagrant/julia/bin/
  JAVA_HOME = /usr/lib/jvm/java-7-oracle
  HOME = /home/vagrant

Package Directory: /home/vagrant/.julia/v0.6
2 required packages:
 - ChainRecursive                0.0.1
 - JSON                          0.8.2
3 additional packages:
 - Compat                        0.14.0
 - CreateMacrosFrom              0.0.1
 - NumberedLines                 0.0.2
INFO: Computing test dependencies for ChainRecursive...
INFO: Installing DocStringExtensions v0.3.1
INFO: Installing Documenter v0.9.0
INFO: Testing ChainRecursive
Documenter: setting up build directory.
Documenter: expanding markdown templates.
Documenter: building cross-references.
Documenter: running document checks.
 > checking for missing docstrings.
 > running doctests.
 > checking footnote links.
Documenter: populating indices.
Documenter: rendering document.
INFO: ChainRecursive tests passed
INFO: Removing DocStringExtensions v0.3.1
INFO: Removing Documenter v0.9.0

>>> End of log
