>>> 'Pkg.add("Changepoints")' log
INFO: Cloning cache of Changepoints from git://github.com/STOR-i/Changepoints.jl.git
INFO: Installing BinDeps v0.4.5
INFO: Installing Calculus v0.1.15
INFO: Installing Changepoints v0.2.0
INFO: Installing Distributions v0.11.0
INFO: Installing PDMats v0.5.0
INFO: Installing Rmath v0.1.3
INFO: Installing SHA v0.2.1
INFO: Installing StatsBase v0.10.0
INFO: Installing StatsFuns v0.3.1
INFO: Installing URIParser v0.1.6
INFO: Building Rmath
INFO: Package database updated

>>> 'Pkg.test("Changepoints")' log
Julia Version 0.4.7
Commit ae26b25 (2016-09-18 16:17 UTC)
Platform Info:
  System: Linux (x86_64-pc-linux-gnu)
  CPU: Intel(R) Xeon(R) CPU E3-1241 v3 @ 3.50GHz
  WORD_SIZE: 64
           Ubuntu 14.04.5 LTS
  uname: Linux 3.13.0-96-generic #143-Ubuntu SMP Mon Aug 29 20:15:20 UTC 2016 x86_64 x86_64
Memory: 2.9392929077148438 GB (956.2421875 MB free)
Uptime: 10572.0 sec
Load Avg:  1.060546875  1.0419921875  1.0400390625
Intel(R) Xeon(R) CPU E3-1241 v3 @ 3.50GHz: 
       speed         user         nice          sys         idle          irq
#1  3500 MHz     466369 s         78 s      48318 s     433079 s         17 s
#2  3500 MHz     271556 s         90 s      48427 s     709048 s          0 s

  BLAS: libopenblas (USE64BITINT DYNAMIC_ARCH NO_AFFINITY Nehalem)
  LAPACK: libopenblas64_
  LIBM: libopenlibm
  LLVM: libLLVM-3.3
Environment:
  TERM = vt100
  LD_LIBRARY_PATH = :/usr/local/lib/
  PATH = /usr/local/sbin:/usr/local/bin:/usr/sbin:/usr/bin:/sbin:/bin:/usr/games:/usr/local/games:/home/vagrant/julia/bin/
  JAVA_HOME = /usr/lib/jvm/java-7-oracle
  HOME = /home/vagrant

Package Directory: /home/vagrant/.julia/v0.4
2 required packages:
 - Changepoints                  0.2.0
 - JSON                          0.8.0
10 additional packages:
 - BinDeps                       0.4.5
 - Calculus                      0.1.15
 - Compat                        0.9.2
 - Distributions                 0.11.0
 - PDMats                        0.5.0
 - Rmath                         0.1.3
 - SHA                           0.2.1
 - StatsBase                     0.10.0
 - StatsFuns                     0.3.1
 - URIParser                     0.1.6
INFO: Testing Changepoints
Running ChangepointSampler tests...
Running PELT tests...
Changepoint distribution is Normal with changing mean and fixed variance
Changepoint distribution is Normal with fixed mean and changing variance
Changepoint distribution is Exponential with changing mean
Changepoint distribution is Poisson with changing mean
Running BS tests...
Changepoint distribution is Normal with changing mean and fixed variance
Changepoint distribution is Normal with fixed mean and changing variance
Changepoint distribution is Exponential with changing mean
Changepoint distribution is Poisson with changing mean
Test Normal mean change...
Changepoint distribution is Normal with changing mean and fixed variance
	Success!
Test Normal variance change...
Changepoint distribution is Normal with fixed mean and changing variance
	Success!
Test Normal mean and variance chaange...
Changepoint distribution is Normal with changing mean and changing variance
	Success!
Test Poisson change...
Changepoint distribution is Poisson with changing mean
	Success!
Test Exponential  change...
Changepoint distribution is Exponential with changing mean
	Success!
Test Gamma rate change...
Changepoint distribution is Gamma with fixed shape and changing rate
	Success!
Test Nonparametric change...
Changepoint method is Nonparametric
	Success!
INFO: Changepoints tests passed

>>> End of log
