>>> 'Pkg.add("ChaosTools")' log
INFO: Cloning cache of ChaosTools from https://github.com/JuliaDynamics/ChaosTools.jl.git
INFO: Cloning cache of DynamicalSystemsBase from https://github.com/JuliaDynamics/DynamicalSystemsBase.jl.git
INFO: Installing BinDeps v0.8.5
INFO: Installing Calculus v0.2.2
INFO: Installing ChaosTools v0.4.2
INFO: Installing Combinatorics v0.5.0
INFO: Installing CommonSubexpressions v0.0.1
INFO: Installing DataStructures v0.7.4
INFO: Installing DiffBase v0.3.2
INFO: Installing DiffEqBase v2.10.2
INFO: Installing DiffEqCallbacks v0.8.0
INFO: Installing DiffEqDiffTools v0.2.1
INFO: Installing DiffResults v0.0.3
INFO: Installing DiffRules v0.0.3
INFO: Installing Distances v0.5.0
INFO: Installing Distributions v0.15.0
INFO: Installing DynamicalSystemsBase v0.4.0
INFO: Installing ForwardDiff v0.7.2
INFO: Installing FunctionWrappers v0.1.0
INFO: Installing GenericSVD v0.1.0
INFO: Installing Hiccup v0.1.1
INFO: Installing IterTools v0.2.1
INFO: Installing Juno v0.3.2
INFO: Installing LineSearches v3.2.4
INFO: Installing LinearMaps v1.0.4
INFO: Installing LsqFit v0.3.0
INFO: Installing MacroTools v0.4.0
INFO: Installing Media v0.3.0
INFO: Installing Missings v0.2.4
INFO: Installing MuladdMacro v0.0.2
INFO: Installing NLSolversBase v3.1.0
INFO: Installing NLsolve v0.13.0
INFO: Installing NaNMath v0.3.0
INFO: Installing NearestNeighbors v0.3.0
INFO: Installing OptimBase v0.1.0
INFO: Installing OrdinaryDiffEq v2.37.0
INFO: Installing PDMats v0.8.0
INFO: Installing Parameters v0.8.1
INFO: Installing Polynomials v0.2.0
INFO: Installing QuadGK v0.2.0
INFO: Installing RecipesBase v0.2.3
INFO: Installing RecursiveArrayTools v0.14.3
INFO: Installing Reexport v0.1.0
INFO: Installing Requires v0.4.3
INFO: Installing Rmath v0.3.1
INFO: Installing Roots v0.5.0
INFO: Installing SHA v0.5.3
INFO: Installing SimpleTraits v0.5.1
INFO: Installing SortingAlgorithms v0.2.0
INFO: Installing SpecialFunctions v0.3.8
INFO: Installing StaticArrays v0.6.6
INFO: Installing StatsBase v0.19.5
INFO: Installing StatsFuns v0.5.0
INFO: Installing URIParser v0.3.0
INFO: Building SpecialFunctions
INFO: Building Rmath
INFO: Package database updated

>>> 'Pkg.test("ChaosTools")' log
Julia Version 0.6.2
Commit d386e40c17 (2017-12-13 18:08 UTC)
Platform Info:
  OS: Linux (x86_64-pc-linux-gnu)
  CPU: Intel(R) Xeon(R) CPU E3-1241 v3 @ 3.50GHz
  WORD_SIZE: 64
           Ubuntu 14.04.5 LTS
  uname: Linux 3.13.0-135-generic #184-Ubuntu SMP Wed Oct 18 11:55:51 UTC 2017 x86_64 x86_64
Memory: 2.93927001953125 GB (1047.2734375 MB free)
Uptime: 28100.0 sec
Load Avg:  1.005859375  1.0078125  1.01318359375
Intel(R) Xeon(R) CPU E3-1241 v3 @ 3.50GHz: 
       speed         user         nice          sys         idle          irq
#1  3499 MHz    1602204 s       7788 s      75694 s     716155 s         14 s
#2  3499 MHz     356142 s        101 s      37221 s    2379494 s          0 s

  BLAS: libopenblas (USE64BITINT DYNAMIC_ARCH NO_AFFINITY Nehalem)
  LAPACK: libopenblas64_
  LIBM: libopenlibm
  LLVM: libLLVM-3.9.1 (ORCJIT, haswell)
Environment:
  TERM = vt100
  LD_LIBRARY_PATH = :/usr/local/lib/
  PATH = /usr/local/sbin:/usr/local/bin:/usr/sbin:/usr/bin:/sbin:/bin:/usr/games:/usr/local/games:/home/vagrant/julia/bin/
  JAVA_HOME = /usr/lib/jvm/java-8-openjdk-amd64
  HOME = /home/vagrant

Package Directory: /home/vagrant/.julia/v0.6
2 required packages:
 - ChaosTools                    0.4.2
 - JSON                          0.16.4
53 additional packages:
 - BinDeps                       0.8.5
 - Calculus                      0.2.2
 - Combinatorics                 0.5.0
 - CommonSubexpressions          0.0.1
 - Compat                        0.48.0
 - DataStructures                0.7.4
 - DiffBase                      0.3.2
 - DiffEqBase                    2.10.2
 - DiffEqCallbacks               0.8.0
 - DiffEqDiffTools               0.2.1
 - DiffResults                   0.0.3
 - DiffRules                     0.0.3
 - Distances                     0.5.0
 - Distributions                 0.15.0
 - DynamicalSystemsBase          0.4.0
 - ForwardDiff                   0.7.2
 - FunctionWrappers              0.1.0
 - GenericSVD                    0.1.0
 - Hiccup                        0.1.1
 - IterTools                     0.2.1
 - Juno                          0.3.2
 - LineSearches                  3.2.4
 - LinearMaps                    1.0.4
 - LsqFit                        0.3.0
 - MacroTools                    0.4.0
 - Media                         0.3.0
 - Missings                      0.2.4
 - MuladdMacro                   0.0.2
 - NLSolversBase                 3.1.0
 - NLsolve                       0.13.0
 - NaNMath                       0.3.0
 - NearestNeighbors              0.3.0
 - Nullables                     0.0.3
 - OptimBase                     0.1.0
 - OrdinaryDiffEq                2.37.0
 - PDMats                        0.8.0
 - Parameters                    0.8.1
 - Polynomials                   0.2.0
 - QuadGK                        0.2.0
 - RecipesBase                   0.2.3
 - RecursiveArrayTools           0.14.3
 - Reexport                      0.1.0
 - Requires                      0.4.3
 - Rmath                         0.3.1
 - Roots                         0.5.0
 - SHA                           0.5.3
 - SimpleTraits                  0.5.1
 - SortingAlgorithms             0.2.0
 - SpecialFunctions              0.3.8
 - StaticArrays                  0.6.6
 - StatsBase                     0.19.5
 - StatsFuns                     0.5.0
 - URIParser                     0.3.0
INFO: Testing ChaosTools

Testing discrete system lyapunov exponents...
Test Summary: | Pass  Total
Towel Map     |    9      9
Test Summary: | Pass  Total
Logistic Map  |    5      5
Test Summary: | Pass  Total
Henon Map     |    8      8
Test Summary:         | Pass  Total
Coupled Standard Maps |    6      6

Testing continuous system lyapunov exponents...
Test Summary: | Pass  Total
Lorenz system |   13     13
Test Summary:   | Pass  Total
Roessler system |   10     10
Test Summary:     | Pass  Total
Duffing, t-depend |    7      7

Testing generalized entropy (renyi) & linear scaling...
Test Summary:          | Pass  Total
Generalized Dimensions |    7      7

Testing dimension calls (all names)...
Test Summary:   | Pass  Total
Dimension calls |    3      3

Testing delay coordinates reconstruction...
Test Summary:        | Pass  Total
Henon Reconstruction |   40     40

Testing finding stable & unstable fixed points...
Test Summary: | Pass  Total
Standard Map  |   38     38

Testing chaos detection algorithms...
Test Summary: | Pass  Total
GALI discrete |   30     30
Test Summary:   | Pass  Total
GALI continuous |   12     12
Test Summary: | Pass  Total
Orbit Diagram |    5      5
Test Summary: | Pass  Total
Poincare SOS  |  163    163
Test Summary: | Pass  Total
Produce OD    |    5      5
Test Summary: | Pass  Total
Stroboscopic  |    1      1

Test took total time of:
176.963 seconds or 2.949 minutes
INFO: ChaosTools tests passed

>>> End of log
