>>> 'Pkg.add("Chipmunk")' log
WARNING: Base.Pkg is deprecated, run `using Pkg` instead
 in module Main
[ Info: Cloning cache of Chipmunk from https://github.com/zyedidia/Chipmunk.jl.git
[ Info: Cloning cache of SFML from https://github.com/zyedidia/SFML.jl.git
[ Info: Installing Chipmunk v0.0.5
[ Info: Installing SFML v0.2.0
[ Info: Building SFML
┌ Error: ------------------------------------------------------------
│ # Build failed for SFML
│   exception =
│    LoadError: LoadError: UndefVarError: @windows_only not defined
│    Stacktrace:
│     [1] top-level scope
│     [2] include at ./boot.jl:305 [inlined]
│     [3] include_relative(::Module, ::String) at ./loading.jl:1072
│     [4] include at ./sysimg.jl:29 [inlined]
│     [5] include(::String) at ./loading.jl:1106
│     [6] top-level scope
│     [7] eval at ./boot.jl:308 [inlined]
│     [8] eval at ./sysimg.jl:74 [inlined]
│     [9] evalfile(::String, ::Array{String,1}) at ./loading.jl:1101 (repeats 2 times)
│     [10] #6 at ./none:13 [inlined]
│     [11] cd(::getfield(, Symbol("##6#8")){String}, ::String) at ./file.jl:72
│     [12] (::getfield(, Symbol("##5#7")))(::IOStream) at ./none:12
│     [13] #open#318(::Base.Iterators.Pairs{Union{},Union{},Tuple{},NamedTuple{(),Tuple{}}}, ::Function, ::getfield(, Symbol("##5#7")), ::String, ::Vararg{String,N} where N) at ./iostream.jl:369
│     [14] open(::Function, ::String, ::String) at ./iostream.jl:367
│     [15] top-level scope
│     [16] eval at ./boot.jl:308 [inlined]
│     [17] eval(::Module, ::Expr) at ./sysimg.jl:74
│     [18] exec_options(::Base.JLOptions) at ./client.jl:309
│     [19] _start() at ./client.jl:448
│    in expression starting at /home/vagrant/.julia/v0.7/SFML/deps/build.jl:1
│    in expression starting at /home/vagrant/.julia/v0.7/SFML/deps/build.jl:1
└ @ Main none:16
[ Info: Building Chipmunk
WARNING: importing deprecated binding Base.Pkg into __anon__.
WARNING: Base.Pkg is deprecated, run `using Pkg` instead
  likely near /home/vagrant/.julia/v0.7/Chipmunk/deps/build.jl:1
Checking dependencies...
┌ Error: ------------------------------------------------------------
│ # Build failed for Chipmunk
│   exception =
│    LoadError: LoadError: UndefVarError: @unix_only not defined
│    Stacktrace:
│     [1] top-level scope
│     [2] include at ./boot.jl:305 [inlined]
│     [3] include_relative(::Module, ::String) at ./loading.jl:1072
│     [4] include at ./sysimg.jl:29 [inlined]
│     [5] include(::String) at ./loading.jl:1106
│     [6] top-level scope
│     [7] eval at ./boot.jl:308 [inlined]
│     [8] eval at ./sysimg.jl:74 [inlined]
│     [9] evalfile(::String, ::Array{String,1}) at ./loading.jl:1101 (repeats 2 times)
│     [10] #6 at ./none:13 [inlined]
│     [11] cd(::getfield(, Symbol("##6#8")){String}, ::String) at ./file.jl:72
│     [12] (::getfield(, Symbol("##5#7")))(::IOStream) at ./none:12
│     [13] #open#318(::Base.Iterators.Pairs{Union{},Union{},Tuple{},NamedTuple{(),Tuple{}}}, ::Function, ::getfield(, Symbol("##5#7")), ::String, ::Vararg{String,N} where N) at ./iostream.jl:369
│     [14] open(::Function, ::String, ::String) at ./iostream.jl:367
│     [15] top-level scope
│     [16] eval at ./boot.jl:308 [inlined]
│     [17] eval(::Module, ::Expr) at ./sysimg.jl:74
│     [18] exec_options(::Base.JLOptions) at ./client.jl:309
│     [19] _start() at ./client.jl:448
│    in expression starting at /home/vagrant/.julia/v0.7/Chipmunk/deps/build.jl:5
│    in expression starting at /home/vagrant/.julia/v0.7/Chipmunk/deps/build.jl:4
└ @ Main none:16
┌ Warning: ------------------------------------------------------------
│ # Build error summary
│ 
│ SFML and Chipmunk had build errors.
│ 
│  - packages with build errors remain installed in /home/vagrant/.julia/v0.7
│  - build the package(s) and all dependencies with `Pkg.build("SFML", "Chipmunk")`
│  - build a single package by running its `deps/build.jl` script
└ @ Pkg.Entry entry.jl:649
[ Info: Package database updated
┌ Info: METADATA is out-of-date — you may not have the latest version of Chipmunk
└ Use `Pkg.update()` to get the latest versions of your packages

>>> 'Pkg.test("Chipmunk")' log
WARNING: Base.versioninfo is deprecated: it has been moved to the standard library package `InteractiveUtils`.
Add `using InteractiveUtils` to your imports.
 in module Main
WARNING: Base.versioninfo is deprecated: it has been moved to the standard library package `InteractiveUtils`.
Add `using InteractiveUtils` to your imports.
 in module Main
Julia Version 0.7.0-DEV.4465
Commit f569ebe9bc (2018-03-04 15:47 UTC)
Platform Info:
  OS: Linux (x86_64-pc-linux-gnu)
      Ubuntu 14.04.5 LTS
  uname: Linux 3.13.0-135-generic #184-Ubuntu SMP Wed Oct 18 11:55:51 UTC 2017 x86_64 x86_64
  CPU: Intel(R) Xeon(R) CPU E3-1241 v3 @ 3.50GHz: 
              speed         user         nice          sys         idle          irq
       #1  3515 MHz    1579632 s       7799 s      88190 s     520145 s         23 s
       #2  3515 MHz     425867 s         49 s      41980 s    2040866 s          0 s
       
  Memory: 2.93927001953125 GB (921.25390625 MB free)
  Uptime: 25550.0 sec
  Load Avg:  1.076171875  1.01611328125  1.0400390625
  WORD_SIZE: 64
  LIBM: libopenlibm
  LLVM: libLLVM-3.9.1 (ORCJIT, haswell)
Environment:
  TERM = vt100
  LD_LIBRARY_PATH = :/usr/local/lib/
  PATH = /usr/local/sbin:/usr/local/bin:/usr/sbin:/usr/bin:/sbin:/bin:/usr/games:/usr/local/games:/home/vagrant/julia/bin/
  JAVA_HOME = /usr/lib/jvm/java-8-openjdk-amd64
  HOME = /home/vagrant
Packages:
  Package Directory: /home/vagrant/.julia/v0.7
  Package Status:
2 required packages:
 - Chipmunk                      0.0.5
 - JSON                          0.17.1
3 additional packages:
 - Compat                        0.56.0
 - Nullables                     0.0.4
 - SFML                          0.2.0
WARNING: Base.Pkg is deprecated, run `using Pkg` instead
 in module Main
[ Info: Testing Chipmunk
┌ Warning: Deprecated syntax `1./` at /home/vagrant/.julia/v0.7/Chipmunk/test/runtests.jl:15.
│ Use `1 ./` instead.
└ @ nothing runtests.jl:15
WARNING: importing deprecated binding Base.launch into SFML.
WARNING: importing deprecated binding Base.listen into SFML.
WARNING: importing deprecated binding Base.accept into SFML.
WARNING: importing deprecated binding Base.connect into SFML.
WARNING: importing deprecated binding Base.send into SFML.
WARNING: could not import Base.scale into SFML
┌ Warning: `is_unix` is deprecated, use `Sys.isunix` instead.
│   caller = top-level scope
└ @ Core :0
┌ Warning: `is_apple` is deprecated, use `Sys.isapple` instead.
│   caller = top-level scope
└ @ Core :0
┌ Warning: `is_linux` is deprecated, use `Sys.islinux` instead.
│   caller = top-level scope
└ @ Core :0
┌ Warning: `is_windows` is deprecated, use `Sys.iswindows` instead.
│   caller = top-level scope
└ @ Core :0
┌ Warning: `is_unix` is deprecated, use `Sys.isunix` instead.
│   caller = top-level scope
└ @ Core :0
┌ Warning: `global const` declarations may no longer appear inside functions.
│ Instead, use a non-constant global, or a global `const var = Ref{T}()`.
└ @ nothing SFML.jl:59
┌ Warning: `global const` declarations may no longer appear inside functions.
│ Instead, use a non-constant global, or a global `const var = Ref{T}()`.
└ @ nothing SFML.jl:60
┌ Warning: `global const` declarations may no longer appear inside functions.
│ Instead, use a non-constant global, or a global `const var = Ref{T}()`.
└ @ nothing SFML.jl:61
┌ Warning: `global const` declarations may no longer appear inside functions.
│ Instead, use a non-constant global, or a global `const var = Ref{T}()`.
└ @ nothing SFML.jl:62
┌ Warning: `global const` declarations may no longer appear inside functions.
│ Instead, use a non-constant global, or a global `const var = Ref{T}()`.
└ @ nothing SFML.jl:63
┌ Warning: `global const` declarations may no longer appear inside functions.
│ Instead, use a non-constant global, or a global `const var = Ref{T}()`.
└ @ nothing SFML.jl:75
┌ Warning: `global const` declarations may no longer appear inside functions.
│ Instead, use a non-constant global, or a global `const var = Ref{T}()`.
└ @ nothing SFML.jl:77
┌ Warning: Deprecated syntax `immutable` at /home/vagrant/.julia/v0.7/SFML/src/julia/System/vector.jl:1.
│ Use `struct` instead.
└ @ nothing vector.jl:1
ERROR: LoadError: LoadError: syntax: extra token "Vector2" after end of expression
Stacktrace:
 [1] include at ./boot.jl:305 [inlined]
 [2] include_relative(::Module, ::String) at ./loading.jl:1072
 [3] include at ./sysimg.jl:29 [inlined]
 [4] include(::String) at /home/vagrant/.julia/v0.7/SFML/src/SFML.jl:1
 [5] top-level scope
 [6] include at ./boot.jl:305 [inlined]
 [7] include_relative(::Module, ::String) at ./loading.jl:1072
 [8] include(::Module, ::String) at ./sysimg.jl:29
 [9] top-level scope
 [10] eval at ./boot.jl:308 [inlined]
 [11] top-level scope at ./<missing>:3
in expression starting at /home/vagrant/.julia/v0.7/SFML/src/julia/System/vector.jl:7
in expression starting at /home/vagrant/.julia/v0.7/SFML/src/SFML.jl:86
ERROR: LoadError: LoadError: Failed to precompile SFML to /home/vagrant/.julia/compiled/v0.7/SFML.ji.
Stacktrace:
 [1] error at ./error.jl:33 [inlined]
 [2] compilecache(::Base.PkgId) at ./loading.jl:1206
 [3] _require(::Base.PkgId) at ./loading.jl:1008
 [4] require(::Base.PkgId) at ./loading.jl:879
 [5] require(::Module, ::Symbol) at ./loading.jl:874
 [6] include at ./boot.jl:305 [inlined]
 [7] include_relative(::Module, ::String) at ./loading.jl:1072
 [8] _require(::Base.PkgId) at ./loading.jl:998
 [9] require(::Base.PkgId) at ./loading.jl:879
 [10] require(::Module, ::Symbol) at ./loading.jl:874
 [11] include at ./boot.jl:305 [inlined]
 [12] include_relative(::Module, ::String) at ./loading.jl:1072
 [13] include(::Module, ::String) at ./sysimg.jl:29
 [14] exec_options(::Base.JLOptions) at ./client.jl:332
 [15] _start() at ./client.jl:448
in expression starting at /home/vagrant/.julia/v0.7/Chipmunk/src/Chipmunk.jl:4
in expression starting at /home/vagrant/.julia/v0.7/Chipmunk/test/runtests.jl:1
┌ Error: ------------------------------------------------------------
│ # Testing failed for Chipmunk
│   exception =
│    failed process: Process(`/home/vagrant/julia/bin/julia -Cnative -J/home/vagrant/julia/lib/julia/sys.so --compile=yes --depwarn=yes --code-coverage=none --color=no --compiled-modules=yes --check-bounds=yes --warn-overwrite=yes --startup-file=yes /home/vagrant/.julia/v0.7/Chipmunk/test/runtests.jl`, ProcessExited(1)) [1]
│    Stacktrace:
│     [1] error(::String, ::Base.Process, ::String, ::Int64, ::String) at ./error.jl:42
│     [2] pipeline_error(::Base.Process) at ./process.jl:712
│     [3] #run#534(::Bool, ::Function, ::Cmd) at ./process.jl:670
│     [4] run at ./process.jl:668 [inlined]
│     [5] (::getfield(Pkg.Entry, Symbol("##56#57")){Bool,String,Array{AbstractString,1}})() at /buildworker/worker/package_linux64/build/usr/share/julia/site/v0.7/Pkg/src/entry.jl:729
│     [6] cd(::getfield(Pkg.Entry, Symbol("##56#57")){Bool,String,Array{AbstractString,1}}, ::String) at ./file.jl:72
│     [7] #test!#55(::Bool, ::Function, ::String, ::Array{AbstractString,1}, ::Array{AbstractString,1}, ::Array{AbstractString,1}) at /buildworker/worker/package_linux64/build/usr/share/julia/site/v0.7/Pkg/src/entry.jl:717
│     [8] (::getfield(Pkg.Entry, Symbol("#kw##test!")))(::NamedTuple{(:coverage,),Tuple{Bool}}, ::typeof(Pkg.Entry.test!), ::String, ::Array{AbstractString,1}, ::Array{AbstractString,1}, ::Array{AbstractString,1}) at ./<missing>:0
│     [9] #test#59(::Bool, ::Function, ::Array{AbstractString,1}) at /buildworker/worker/package_linux64/build/usr/share/julia/site/v0.7/Pkg/src/entry.jl:756
│     [10] #test at ./<missing>:0 [inlined]
│     [11] #4 at /buildworker/worker/package_linux64/build/usr/share/julia/site/v0.7/Pkg/src/dir.jl:36 [inlined]
│     [12] cd(::getfield(Pkg.Dir, Symbol("##4#7")){Base.Iterators.Pairs{Symbol,Bool,Tuple{Symbol},NamedTuple{(:coverage,),Tuple{Bool}}},typeof(Pkg.Entry.test),Tuple{Array{AbstractString,1}}}, ::String) at ./file.jl:72
│     [13] #cd#1(::Base.Iterators.Pairs{Symbol,Bool,Tuple{Symbol},NamedTuple{(:coverage,),Tuple{Bool}}}, ::Function, ::Function, ::Array{AbstractString,1}, ::Vararg{Array{AbstractString,1},N} where N) at /buildworker/worker/package_linux64/build/usr/share/julia/site/v0.7/Pkg/src/dir.jl:36
│     [14] (::getfield(Pkg.Dir, Symbol("#kw##cd")))(::NamedTuple{(:coverage,),Tuple{Bool}}, ::typeof(Pkg.Dir.cd), ::Function, ::Array{AbstractString,1}, ::Vararg{Array{AbstractString,1},N} where N) at ./<missing>:0
│     [15] #test#3(::Bool, ::Function, ::String, ::Vararg{String,N} where N) at /buildworker/worker/package_linux64/build/usr/share/julia/site/v0.7/Pkg/src/Pkg.jl:276
│     [16] test(::String, ::Vararg{String,N} where N) at /buildworker/worker/package_linux64/build/usr/share/julia/site/v0.7/Pkg/src/Pkg.jl:276
│     [17] top-level scope
│     [18] eval at ./boot.jl:308 [inlined]
│     [19] eval(::Module, ::Expr) at ./sysimg.jl:74
│     [20] exec_options(::Base.JLOptions) at ./client.jl:309
│     [21] _start() at ./client.jl:448
└ @ Pkg.Entry entry.jl:732
ERROR: Chipmunk had test errors

>>> End of log
