>>> 'Pkg.add("ChunkedArrays")' log
INFO: Cloning cache of ChunkedArrays from git://github.com/ChrisRackauckas/ChunkedArrays.jl.git
INFO: Cloning cache of EllipsisNotation from git://github.com/ChrisRackauckas/EllipsisNotation.jl.git
INFO: Installing ChunkedArrays v0.0.2
INFO: Installing EllipsisNotation v0.0.2
INFO: Package database updated

>>> 'Pkg.test("ChunkedArrays")' log
Julia Version 0.4.6
Commit 2e358ce (2016-06-19 17:16 UTC)
Platform Info:
  System: Linux (x86_64-unknown-linux-gnu)
  CPU: Intel(R) Xeon(R) CPU E3-1241 v3 @ 3.50GHz
  WORD_SIZE: 64
           Ubuntu 14.04.5 LTS
  uname: Linux 3.13.0-92-generic #139-Ubuntu SMP Tue Jun 28 20:42:26 UTC 2016 x86_64 x86_64
Memory: 2.4471054077148438 GB (643.96484375 MB free)
Uptime: 10689.0 sec
Load Avg:  0.93212890625  0.8037109375  0.751953125
Intel(R) Xeon(R) CPU E3-1241 v3 @ 3.50GHz: 
       speed         user         nice          sys         idle          irq
#1  3503 MHz     422501 s       2455 s      55135 s     465318 s         30 s
#2  3503 MHz     279506 s       4734 s      53609 s     686548 s          0 s

  BLAS: libopenblas (USE64BITINT DYNAMIC_ARCH NO_AFFINITY Nehalem)
  LAPACK: libopenblas64_
  LIBM: libopenlibm
  LLVM: libLLVM-3.3
Environment:
  TERM = vt100
  LD_LIBRARY_PATH = :/usr/local/lib/
  PATH = /usr/local/sbin:/usr/local/bin:/usr/sbin:/usr/bin:/sbin:/bin:/usr/games:/usr/local/games:/home/vagrant/julia/bin/
  JAVA_HOME = /usr/lib/jvm/java-7-oracle
  HOME = /home/vagrant

Package Directory: /home/vagrant/.julia/v0.4
2 required packages:
 - ChunkedArrays                 0.0.2
 - JSON                          0.6.0
2 additional packages:
 - Compat                        0.8.6
 - EllipsisNotation              0.0.2
INFO: Testing ChunkedArrays
[0.46881908892050184 0.98466420505536
 0.4724617442530863 -1.0406234545309152]
[0.5554467424677514 -0.86571608145682 1.9425669172199367
 -1.1878670727186493 -0.3757160599009646 -2.239417026383076
 -0.5005993667667639 1.1082305769794283 0.4642090042305464]
-0.26747979531915944
[-0.874389906063497,-0.6473671404754786,0.12441476965516649,0.9535785544314559]
Random Generating Benchmark
Test Results For Average Time:
One-by-one:                             0.000620651725
Thousand-by-Thousand:                   0.00032617810000000003
Altogether:                             0.000379184375
Hundred-by-hundred:                     0.00027854775
Take at Beginning:                      0.00035395589999999996
Pre-made Rands:                         0.00025469515000000004
Chunked Rands Premade:                  0.0003723034
Chunked Rands 100 buffer:              0.000550135075
Chunked Rands Direct:                   0.001326593225
Chunked Rands Max buffer:               0.000360797975
Parallel Chunked Rands 100 buffer:     0.007191809624999999

elapsed time: 1.886489023 seconds
INFO: ChunkedArrays tests passed

>>> End of log
