>>> 'Pkg.add("Clang")' log
INFO: Cloning cache of Clang from https://github.com/ihnorton/Clang.jl.git
INFO: Installing Clang v0.3.0
INFO: Installing DataStructures v0.7.2
INFO: Building Clang
INFO: Called Clang.jl:find_llvm
INFO: No system llvm-config: 
ERROR: failed process: Process(`which llvm-config`, ProcessExited(1)) [1]
================================[ ERROR: Clang ]================================

LoadError: No useable llvm-config found
while loading /home/vagrant/.julia/v0.6/Clang/deps/build.jl, in expression starting on line 64

================================================================================

================================[ BUILD ERRORS ]================================

WARNING: Clang had build errors.

 - packages with build errors remain installed in /home/vagrant/.julia/v0.6
 - build the package(s) and all dependencies with `Pkg.build("Clang")`
 - build a single package by running its `deps/build.jl` script

================================================================================
INFO: Package database updated
INFO: METADATA is out-of-date — you may not have the latest version of Clang
INFO: Use `Pkg.update()` to get the latest versions of your packages

>>> 'Pkg.test("Clang")' log
Package was unable to be tested.

>>> End of log
