>>> 'Pkg.add("CLFFT")' log
[ Info: Installing BinDeps v0.8.2 @ Base.Pkg.Entry entry.jl:543
[ Info: Installing CLFFT v0.5.1 @ Base.Pkg.Entry entry.jl:543
[ Info: Installing OpenCL v0.7.0 @ Base.Pkg.Entry entry.jl:543
[ Info: Installing Primes v0.2.0 @ Base.Pkg.Entry entry.jl:543
[ Info: Installing SHA v0.5.2 @ Base.Pkg.Entry entry.jl:543
[ Info: Installing URIParser v0.3.0 @ Base.Pkg.Entry entry.jl:543
[ Info: Building CLFFT @ Main none:10
┌ Warning: `is_windows` is deprecated, use `Sys.iswindows` instead.
│   caller = top-level scope
└ @ Core :0
┌ Warning: `is_linux` is deprecated, use `Sys.islinux` instead.
│   caller = top-level scope
└ @ Core :0
┌ Warning: `is_apple` is deprecated, use `Sys.isapple` instead.
│   caller = top-level scope
└ @ Core :0
WARNING: importing deprecated binding Base.Associative into BinDeps.
WARNING: Base.Associative is deprecated, use AbstractDict instead.
  likely near /home/vagrant/.julia/v0.7/CLFFT/deps/build.jl:43
in @install at /home/vagrant/.julia/v0.7/BinDeps/src/dependencies.jl
┌ Warning: `unshift!` is deprecated, use `pushfirst!` instead.
│   caller = #_find_library#48(::Type, ::Function, ::BinDeps.LibraryDependency) at dependencies.jl:652
└ @ BinDeps dependencies.jl:652
┌ Warning: `info()` is deprecated, use `@info` instead.
│   caller = run(::BinDeps.DirectoryRule) at BinDeps.jl:492
└ @ BinDeps BinDeps.jl:492
INFO: Attempting to create directory /home/vagrant/.julia/v0.7/CLFFT/deps/downloads
┌ Warning: `info()` is deprecated, use `@info` instead.
│   caller = run(::BinDeps.DirectoryRule) at BinDeps.jl:499
└ @ BinDeps BinDeps.jl:499
INFO: Directory /home/vagrant/.julia/v0.7/CLFFT/deps/downloads already exists
┌ Warning: `info()` is deprecated, use `@info` instead.
│   caller = (::getfield(BinDeps, Symbol("##15#17")){BinDeps.FileDownloader})() at BinDeps.jl:358
└ @ BinDeps BinDeps.jl:358
INFO: Downloading file https://github.com/clMathLibraries/clFFT/releases/download/v2.12.2/clFFT-2.12.2-Linux-x64.tar.gz
┌ Warning: `info()` is deprecated, use `@info` instead.
│   caller = (::getfield(BinDeps, Symbol("##16#18")){BinDeps.FileDownloader})() at BinDeps.jl:358
└ @ BinDeps BinDeps.jl:358
INFO: Done downloading file https://github.com/clMathLibraries/clFFT/releases/download/v2.12.2/clFFT-2.12.2-Linux-x64.tar.gz
INFO: Attempting to create directory /home/vagrant/.julia/v0.7/CLFFT
INFO: Directory /home/vagrant/.julia/v0.7/CLFFT already exists
┌ Warning: `info()` is deprecated, use `@info` instead.
│   caller = run(::BinDeps.PathRule) at BinDeps.jl:510
└ @ BinDeps BinDeps.jl:510
INFO: Path /home/vagrant/.julia/v0.7/CLFFT/deps/clFFT-2.12.2-Linux-x64 already exists
┌ Error: ------------------------------------------------------------
│ # Build failed for CLFFT
│   exception = LoadError("/home/vagrant/.julia/v0.7/CLFFT/deps/build.jl", 975, ErrorException("Provider BinDeps.Binaries failed to satisfy dependency libCLFFT"))
└ @ Main none:15
┌ Warning: ------------------------------------------------------------
│ # Build error summary
│ 
│ CLFFT had build errors.
│ 
│  - packages with build errors remain installed in /home/vagrant/.julia/v0.7
│  - build the package(s) and all dependencies with `Pkg.build("CLFFT")`
│  - build a single package by running its `deps/build.jl` script
└ @ Base.Pkg.Entry entry.jl:656
[ Info: Package database updated @ Base.Pkg.Entry entry.jl:32
┌ Info: METADATA is out-of-date — you may not have the latest version of CLFFT
│ Use `Pkg.update()` to get the latest versions of your packages
└ @ Base.Pkg.Entry entry.jl:74

>>> 'Pkg.test("CLFFT")' log
Package was unable to be tested.

>>> End of log
