>>> 'Pkg.add("Cliffords")' log
INFO: Cloning cache of Cliffords from git://github.com/BBN-Q/Cliffords.jl.git
INFO: Installing Cliffords v0.3.0
INFO: Downgrading Compat: v0.18.0 => v0.10.0
INFO: Installing Iterators v0.2.0
INFO: Downgrading JSON: v0.8.3 => v0.8.2
INFO: Package database updated

>>> 'Pkg.test("Cliffords")' log
Julia Version 0.4.7
Commit ae26b25 (2016-09-18 16:17 UTC)
Platform Info:
  System: Linux (x86_64-pc-linux-gnu)
  CPU: Intel(R) Xeon(R) CPU E3-1241 v3 @ 3.50GHz
  WORD_SIZE: 64
           Ubuntu 14.04.5 LTS
  uname: Linux 3.13.0-108-generic #155-Ubuntu SMP Wed Jan 11 16:58:52 UTC 2017 x86_64 x86_64
Memory: 2.9392738342285156 GB (368.17578125 MB free)
Uptime: 12808.0 sec
Load Avg:  1.0791015625  0.9853515625  1.0068359375
Intel(R) Xeon(R) CPU E3-1241 v3 @ 3.50GHz: 
       speed         user         nice          sys         idle          irq
#1  3503 MHz     563993 s       7629 s      53038 s     525493 s         50 s
#2  3503 MHz     350979 s         91 s      47338 s     829802 s          0 s

  BLAS: libopenblas (USE64BITINT DYNAMIC_ARCH NO_AFFINITY Nehalem)
  LAPACK: libopenblas64_
  LIBM: libopenlibm
  LLVM: libLLVM-3.3
Environment:
  TERM = vt100
  LD_LIBRARY_PATH = :/usr/local/lib/
  PATH = /usr/local/sbin:/usr/local/bin:/usr/sbin:/usr/bin:/sbin:/bin:/usr/games:/usr/local/games:/home/vagrant/julia/bin/
  JAVA_HOME = /usr/lib/jvm/java-7-oracle
  HOME = /home/vagrant

Package Directory: /home/vagrant/.julia/v0.4
2 required packages:
 - Cliffords                     0.3.0
 - JSON                          0.8.2
2 additional packages:
 - Compat                        0.10.0
 - Iterators                     0.2.0
INFO: Testing Cliffords
WARNING: Base.String is deprecated, use AbstractString instead.
  likely near /home/vagrant/.julia/v0.4/Cliffords/src/Paulis.jl:28
WARNING: Base.String is deprecated, use AbstractString instead.
  likely near /home/vagrant/.julia/v0.4/Cliffords/src/Cliffords.jl:55
WARNING: Base.String is deprecated, use AbstractString instead.
  likely near /home/vagrant/.julia/v0.4/Cliffords/src/Cliffords.jl:55
INFO: Cliffords tests passed

>>> End of log
