>>> 'Pkg.add("Cliffords")' log
INFO: Cloning cache of Cliffords from git://github.com/BBN-Q/Cliffords.jl.git
INFO: Installing Cliffords v0.1.0
INFO: Installing Iterators v0.1.7
INFO: Package database updated
INFO: METADATA is out-of-date a you may not have the latest version of Cliffords
INFO: Use `Pkg.update()` to get the latest versions of your packages

>>> 'using Cliffords' log
Julia Version 0.3.1
Commit c03f413* (2014-09-21 21:30 UTC)
Platform Info:
  System: Linux (x86_64-unknown-linux-gnu)
  CPU: Intel(R) Xeon(R) CPU E5-2650 0 @ 2.00GHz
  WORD_SIZE: 64
  BLAS: libopenblas (USE64BITINT DYNAMIC_ARCH NO_AFFINITY Sandybridge)
  LAPACK: libopenblas
  LIBM: libopenlibm
  LLVM: libLLVM-3.3

>>> test log
WARNING: nonzeros(A::StridedArray) is deprecated, use A[find(A)] instead.
 in isid at /home/idunning/pkgtest/.julia/v0.3/Cliffords/src/Paulis.jl:22
 in * at /home/idunning/pkgtest/.julia/v0.3/Cliffords/src/Cliffords.jl:85
 in * at /home/idunning/pkgtest/.julia/v0.3/Cliffords/src/Cliffords.jl:63
 in kron at /home/idunning/pkgtest/.julia/v0.3/Cliffords/src/Cliffords.jl:132
 in anonymous at test.jl:62
 in do_test at test.jl:37
 in include at ./boot.jl:245
 in include_from_node1 at loading.jl:128
 in process_options at ./client.jl:285
 in _start at ./client.jl:354
 in _start_3B_1712 at /home/idunning/julia03/usr/bin/../lib/julia/sys.so
WARNING: nonzeros(A::StridedArray) is deprecated, use A[find(A)] instead.
 in isid at /home/idunning/pkgtest/.julia/v0.3/Cliffords/src/Paulis.jl:22
 in * at /home/idunning/pkgtest/.julia/v0.3/Cliffords/src/Cliffords.jl:85
 in * at /home/idunning/pkgtest/.julia/v0.3/Cliffords/src/Cliffords.jl:63
 in kron at /home/idunning/pkgtest/.julia/v0.3/Cliffords/src/Cliffords.jl:132
 in anonymous at test.jl:62
 in do_test at test.jl:37
 in include at ./boot.jl:245
... truncated ...
 in process_options at ./client.jl:285
 in _start at ./client.jl:354
 in _start_3B_1712 at /home/idunning/julia03/usr/bin/../lib/julia/sys.so
WARNING: nonzeros(A::StridedArray) is deprecated, use A[find(A)] instead.
 in isid at /home/idunning/pkgtest/.julia/v0.3/Cliffords/src/Paulis.jl:22
 in * at /home/idunning/pkgtest/.julia/v0.3/Cliffords/src/Cliffords.jl:85
 in   at /home/idunning/pkgtest/.julia/v0.3/Cliffords/src/Cliffords.jl:79
 in anonymous at test.jl:62
 in do_test at test.jl:37
 in include at ./boot.jl:245
 in include_from_node1 at loading.jl:128
 in process_options at ./client.jl:285
 in _start at ./client.jl:354
 in _start_3B_1712 at /home/idunning/julia03/usr/bin/../lib/julia/sys.so
WARNING: nonzeros(A::StridedArray) is deprecated, use A[find(A)] instead.
 in isid at /home/idunning/pkgtest/.julia/v0.3/Cliffords/src/Paulis.jl:22
 in   at /home/idunning/pkgtest/.julia/v0.3/Cliffords/src/Cliffords.jl:98
 in   at /home/idunning/pkgtest/.julia/v0.3/Cliffords/src/Cliffords.jl:79
 in anonymous at test.jl:62
 in do_test at test.jl:37
 in include at ./boot.jl:245
 in include_from_node1 at loading.jl:128
 in process_options at ./client.jl:285
 in _start at ./client.jl:354
 in _start_3B_1712 at /home/idunning/julia03/usr/bin/../lib/julia/sys.so
WARNING: nonzeros(A::StridedArray) is deprecated, use A[find(A)] instead.
 in isid at /home/idunning/pkgtest/.julia/v0.3/Cliffords/src/Paulis.jl:22
 in * at /home/idunning/pkgtest/.julia/v0.3/Cliffords/src/Cliffords.jl:85
 in   at /home/idunning/pkgtest/.julia/v0.3/Cliffords/src/Cliffords.jl:79
 in anonymous at test.jl:62
 in do_test at test.jl:37
 in include at ./boot.jl:245
 in include_from_node1 at loading.jl:128
 in process_options at ./client.jl:285
 in _start at ./client.jl:354
 in _start_3B_1712 at /home/idunning/julia03/usr/bin/../lib/julia/sys.so
WARNING: nonzeros(A::StridedArray) is deprecated, use A[find(A)] instead.
 in isid at /home/idunning/pkgtest/.julia/v0.3/Cliffords/src/Paulis.jl:22
 in   at /home/idunning/pkgtest/.julia/v0.3/Cliffords/src/Cliffords.jl:98
 in   at /home/idunning/pkgtest/.julia/v0.3/Cliffords/src/Cliffords.jl:79
 in anonymous at test.jl:62
 in do_test at test.jl:37
 in include at ./boot.jl:245
 in include_from_node1 at loading.jl:128
 in process_options at ./client.jl:285
 in _start at ./client.jl:354
 in _start_3B_1712 at /home/idunning/julia03/usr/bin/../lib/julia/sys.so
INFO: Testing Cliffords
INFO: Cliffords tests passed
INFO: No packages to install, update or remove

>>> end of log
