>>> 'Pkg.add("CodecXz")' log
INFO: Cloning cache of CodecXz from https://github.com/bicycle1885/CodecXz.jl.git
INFO: Installing CodecXz v0.4.0
INFO: Installing TranscodingStreams v0.4.1
INFO: Package database updated

>>> 'Pkg.test("CodecXz")' log
Julia Version 0.6.2
Commit d386e40c17 (2017-12-13 18:08 UTC)
Platform Info:
  OS: Linux (x86_64-pc-linux-gnu)
  CPU: Intel(R) Xeon(R) CPU E3-1241 v3 @ 3.50GHz
  WORD_SIZE: 64
           Ubuntu 14.04.5 LTS
  uname: Linux 3.13.0-135-generic #184-Ubuntu SMP Wed Oct 18 11:55:51 UTC 2017 x86_64 x86_64
Memory: 2.93927001953125 GB (1021.14453125 MB free)
Uptime: 30885.0 sec
Load Avg:  0.9580078125  1.20458984375  1.18408203125
Intel(R) Xeon(R) CPU E3-1241 v3 @ 3.50GHz: 
       speed         user         nice          sys         idle          irq
#1  3499 MHz    1884219 s       7325 s      88773 s     629209 s         17 s
#2  3499 MHz     432721 s         58 s      42377 s    2552386 s          0 s

  BLAS: libopenblas (USE64BITINT DYNAMIC_ARCH NO_AFFINITY Nehalem)
  LAPACK: libopenblas64_
  LIBM: libopenlibm
  LLVM: libLLVM-3.9.1 (ORCJIT, haswell)
Environment:
  TERM = vt100
  LD_LIBRARY_PATH = :/usr/local/lib/
  PATH = /usr/local/sbin:/usr/local/bin:/usr/sbin:/usr/bin:/sbin:/bin:/usr/games:/usr/local/games:/home/vagrant/julia/bin/
  JAVA_HOME = /usr/lib/jvm/java-8-openjdk-amd64
  HOME = /home/vagrant

Package Directory: /home/vagrant/.julia/v0.6
2 required packages:
 - CodecXz                       0.4.0
 - JSON                          0.16.4
3 additional packages:
 - Compat                        0.46.0
 - Nullables                     0.0.3
 - TranscodingStreams            0.4.1
INFO: Testing CodecXz
Test Summary: | Pass  Total
Xz Codec      |  504    504
INFO: CodecXz tests passed

>>> End of log
