>>> 'Pkg.add("ColorBrewer")' log
INFO: Cloning cache of ColorBrewer from https://github.com/timothyrenner/ColorBrewer.jl.git
INFO: Installing ColorBrewer v0.3.1
INFO: Installing ColorTypes v0.5.2
INFO: Installing Colors v0.7.4
INFO: Installing FixedPointNumbers v0.3.8
INFO: Installing Reexport v0.0.3
INFO: Package database updated

>>> 'Pkg.test("ColorBrewer")' log
Julia Version 0.6.0
Commit 9036443 (2017-06-19 13:05 UTC)
Platform Info:
  OS: Linux (x86_64-pc-linux-gnu)
  CPU: Intel(R) Xeon(R) CPU E3-1241 v3 @ 3.50GHz
  WORD_SIZE: 64
           Ubuntu 14.04.5 LTS
  uname: Linux 3.13.0-121-generic #170-Ubuntu SMP Wed Jun 14 09:04:33 UTC 2017 x86_64 x86_64
Memory: 2.9392738342285156 GB (2069.42578125 MB free)
Uptime: 24304.0 sec
Load Avg:  0.9970703125  1.05078125  1.12109375
Intel(R) Xeon(R) CPU E3-1241 v3 @ 3.50GHz: 
       speed         user         nice          sys         idle          irq
#1  3500 MHz    1424693 s       4656 s      77572 s     570153 s         22 s
#2  3500 MHz     346978 s       3340 s      42707 s    1990240 s          0 s

  BLAS: libopenblas (USE64BITINT DYNAMIC_ARCH NO_AFFINITY Nehalem)
  LAPACK: libopenblas64_
  LIBM: libopenlibm
  LLVM: libLLVM-3.9.1 (ORCJIT, haswell)
Environment:
  TERM = vt100
  LD_LIBRARY_PATH = :/usr/local/lib/
  PATH = /usr/local/sbin:/usr/local/bin:/usr/sbin:/usr/bin:/sbin:/bin:/usr/games:/usr/local/games:/home/vagrant/julia/bin/
  JAVA_HOME = /usr/lib/jvm/java-8-openjdk-amd64
  HOME = /home/vagrant

Package Directory: /home/vagrant/.julia/v0.6
2 required packages:
 - ColorBrewer                   0.3.1
 - JSON                          0.13.0
5 additional packages:
 - ColorTypes                    0.5.2
 - Colors                        0.7.4
 - Compat                        0.26.0
 - FixedPointNumbers             0.3.8
 - Reexport                      0.0.3
INFO: Testing ColorBrewer
INFO: ColorBrewer tests passed

>>> End of log
