>>> 'Pkg.add("CompilerTools")' log
INFO: Cloning cache of CompilerTools from git://github.com/IntelLabs/CompilerTools.jl.git
INFO: Installing CompilerTools v0.2.1
INFO: Package database updated
INFO: METADATA is out-of-date — you may not have the latest version of CompilerTools
INFO: Use `Pkg.update()` to get the latest versions of your packages

>>> 'Pkg.test("CompilerTools")' log
Julia Version 0.4.7
Commit ae26b25 (2016-09-18 16:17 UTC)
Platform Info:
  System: Linux (x86_64-pc-linux-gnu)
  CPU: Intel(R) Xeon(R) CPU E3-1241 v3 @ 3.50GHz
  WORD_SIZE: 64
           Ubuntu 14.04.5 LTS
  uname: Linux 3.13.0-128-generic #177-Ubuntu SMP Tue Aug 8 11:40:23 UTC 2017 x86_64 x86_64
Memory: 2.9392738342285156 GB (751.22265625 MB free)
Uptime: 16534.0 sec
Load Avg:  1.05224609375  1.0146484375  0.9716796875
Intel(R) Xeon(R) CPU E3-1241 v3 @ 3.50GHz: 
       speed         user         nice          sys         idle          irq
#1  3499 MHz     638628 s       5016 s      59901 s     799284 s         35 s
#2  3499 MHz     490792 s       1010 s      49196 s    1049072 s          0 s

  BLAS: libopenblas (USE64BITINT DYNAMIC_ARCH NO_AFFINITY Nehalem)
  LAPACK: libopenblas64_
  LIBM: libopenlibm
  LLVM: libLLVM-3.3
Environment:
  TERM = vt100
  LD_LIBRARY_PATH = :/usr/local/lib/
  PATH = /usr/local/sbin:/usr/local/bin:/usr/sbin:/usr/bin:/sbin:/bin:/usr/games:/usr/local/games:/home/vagrant/julia/bin/
  JAVA_HOME = /usr/lib/jvm/java-8-openjdk-amd64
  HOME = /home/vagrant

Package Directory: /home/vagrant/.julia/v0.4
2 required packages:
 - CompilerTools                 0.2.1
 - JSON                          0.9.1
1 additional packages:
 - Compat                        0.26.0
INFO: Testing CompilerTools
test test_loops_1 runs in 1.638291132 seconds
test test_loops_2 runs in 0.396754643 seconds
test test_liveness_1 runs in 2.073703428 seconds
test test_liveness_2 runs in 0.61474108 seconds
test test_alias_1 runs in 1.013843967 seconds
test test_alias_2 runs in 0.026821482 seconds
test test_alias_3 runs in 0.03170108 seconds
All tests PASSED!
INFO: CompilerTools tests passed

>>> End of log
