>>> 'Pkg.add("CompressedSensing")' log
INFO: Installing CompressedSensing v0.0.2
INFO: Package database updated

>>> 'using CompressedSensing' log

WARNING: deprecated syntax "{a,b, ...}" at /home/idunning/pkgtest/.julia/v0.4/CompressedSensing/src/nGMCA.jl:54.
Use "Any[a,b, ...]" instead.

WARNING: deprecated syntax "{a,b, ...}" at /home/idunning/pkgtest/.julia/v0.4/CompressedSensing/src/nGMCA.jl:88.
Use "Any[a,b, ...]" instead.

WARNING: deprecated syntax "{a,b, ...}" at /home/idunning/pkgtest/.julia/v0.4/CompressedSensing/src/nGMCA.jl:176.
Use "Any[a,b, ...]" instead.
Julia Version 0.4.0-dev+1986
Commit 1b9041c (2014-12-08 08:41 UTC)
Platform Info:
  System: Linux (x86_64-unknown-linux-gnu)
  CPU: Intel(R) Xeon(R) CPU E5-2650 0 @ 2.00GHz
  WORD_SIZE: 64
  BLAS: libopenblas (USE64BITINT DYNAMIC_ARCH NO_AFFINITY Sandybridge)
  LAPACK: libopenblas
  LIBM: libopenlibm
  LLVM: libLLVM-3.3

>>> test log

WARNING: deprecated syntax "{a,b, ...}" at /home/idunning/pkgtest/.julia/v0.4/CompressedSensing/src/nGMCA.jl:54.
Use "Any[a,b, ...]" instead.

WARNING: deprecated syntax "{a,b, ...}" at /home/idunning/pkgtest/.julia/v0.4/CompressedSensing/src/nGMCA.jl:88.
Use "Any[a,b, ...]" instead.

WARNING: deprecated syntax "{a,b, ...}" at /home/idunning/pkgtest/.julia/v0.4/CompressedSensing/src/nGMCA.jl:176.
Use "Any[a,b, ...]" instead.
INFO: IRLS() PASSED
INFO: UIRLS() PASSED
INFO: GI() PASSED
INFO: Testing CompressedSensing
INFO: CompressedSensing tests passed
INFO: No packages to install, update or remove

>>> end of log
