>>> 'Pkg.add("ConfParser")' log
ERROR: fixed packages introduce conflicting requirements for ConfParser: 
       available versions are 0.0.1, 0.0.2, 0.0.3, 0.0.4 and 0.0.5
ERROR: fixed packages introduce conflicting requirements for ConfParser: 
       available versions are 0.0.1, 0.0.2, 0.0.3, 0.0.4 and 0.0.5
INFO: Cloning cache of ConfParser from git://github.com/brandonkmiller/ConfParser.jl.git
INFO: Installing ConfParser v0.0.5
INFO: Package database updated
INFO: Nothing to be done

>>> 'Pkg.test("ConfParser")' log
Julia Version 0.3.12
Commit 80aa779 (2015-10-26 12:41 UTC)
Platform Info:
  System: Linux (x86_64-unknown-linux-gnu)
  CPU: Intel(R) Xeon(R) CPU E3-1241 v3 @ 3.50GHz
  WORD_SIZE: 64
           Ubuntu 14.04.4 LTS
  uname: Linux 3.13.0-92-generic #139-Ubuntu SMP Tue Jun 28 20:42:26 UTC 2016 x86_64 x86_64
Memory: 2.4471054077148438 GB (344.21875 MB free)
Uptime: 8752.0 sec
Load Avg:  1.08251953125  1.064453125  1.056640625
Intel(R) Xeon(R) CPU E3-1241 v3 @ 3.50GHz: 
       speed         user         nice          sys         idle          irq
#1  3500 MHz     325010 s       3534 s      50044 s     401431 s         16 s
#2  3500 MHz     266377 s       3562 s      47517 s     507517 s          0 s

  BLAS: libopenblas (USE64BITINT DYNAMIC_ARCH NO_AFFINITY Nehalem)
  LAPACK: libopenblas
  LIBM: libopenlibm
  LLVM: libLLVM-3.3
Environment:
  TERM = vt100
  LD_LIBRARY_PATH = :/usr/local/lib/
  PATH = /usr/local/sbin:/usr/local/bin:/usr/sbin:/usr/bin:/sbin:/bin:/usr/games:/usr/local/games:/home/vagrant/julia/bin/
  JAVA_HOME = /usr/lib/jvm/java-7-oracle
  HOME = /home/vagrant

Package Directory: /home/vagrant/.julia/v0.3
4 required packages:
 - ConfParser                    0.0.5
 - HttpParser                    0.0.13
 - JSON                          0.6.0
 - Markdown                      0.3.0
8 additional packages:
 - BinDeps                       0.3.21
 - Compat                        0.8.6
 - Dates                         0.3.2
 - HttpCommon                    0.1.2
 - Lazy                          0.10.1
 - MacroTools                    0.2.0
 - SHA                           0.2.0
 - URIParser                     0.0.7
INFO: Testing ConfParser
INFO: ConfParser tests passed
INFO: No packages to install, update or remove

>>> End of log
