>>> 'Pkg.add("ConfidenceWeighted")' log
INFO: Cloning cache of ConfidenceWeighted from https://github.com/chezou/ConfidenceWeighted.jl.git
INFO: Installing ConfidenceWeighted v0.0.2
INFO: Installing DataStructures v0.5.3
INFO: Package database updated

>>> 'Pkg.test("ConfidenceWeighted")' log
Julia Version 0.5.2
Commit f4c6c9d (2017-05-06 16:34 UTC)
Platform Info:
  OS: Linux (x86_64-pc-linux-gnu)
  CPU: Intel(R) Xeon(R) CPU E3-1241 v3 @ 3.50GHz
  WORD_SIZE: 64
           Ubuntu 14.04.5 LTS
  uname: Linux 3.13.0-117-generic #164-Ubuntu SMP Fri Apr 7 11:05:26 UTC 2017 x86_64 x86_64
Memory: 2.9392738342285156 GB (669.62109375 MB free)
Uptime: 17389.0 sec
Load Avg:  1.02197265625  1.02197265625  1.08544921875
Intel(R) Xeon(R) CPU E3-1241 v3 @ 3.50GHz: 
       speed         user         nice          sys         idle          irq
#1  3499 MHz    1008924 s      11727 s      89499 s     415976 s         36 s
#2  3499 MHz     310150 s       2321 s      50707 s    1330313 s          0 s

  BLAS: libopenblas (USE64BITINT DYNAMIC_ARCH NO_AFFINITY Nehalem)
  LAPACK: libopenblas64_
  LIBM: libopenlibm
  LLVM: libLLVM-3.7.1 (ORCJIT, haswell)
Environment:
  TERM = vt100
  LD_LIBRARY_PATH = :/usr/local/lib/
  PATH = /usr/local/sbin:/usr/local/bin:/usr/sbin:/usr/bin:/sbin:/bin:/usr/games:/usr/local/games:/home/vagrant/julia/bin/
  JAVA_HOME = /usr/lib/jvm/java-7-oracle
  HOME = /home/vagrant

Package Directory: /home/vagrant/.julia/v0.5
2 required packages:
 - ConfidenceWeighted            0.0.2
 - JSON                          0.11.0
2 additional packages:
 - Compat                        0.25.0
 - DataStructures                0.5.3
INFO: Testing ConfidenceWeighted
INFO: ConfidenceWeighted tests passed

>>> End of log
