>>> 'Pkg.add("ConnectSDK")' log
INFO: Cloning cache of ConnectSDK from https://github.com/Lanzafame/ConnectSDK.jl.git
INFO: Installing BinDeps v0.4.5
INFO: Installing ConnectSDK v0.1.5
INFO: Installing HTTPClient v0.2.1
INFO: Installing LibCURL v0.2.1
INFO: Installing SHA v0.3.1
INFO: Installing URIParser v0.1.8
INFO: Building LibCURL
INFO: Package database updated
INFO: METADATA is out-of-date — you may not have the latest version of ConnectSDK
INFO: Use `Pkg.update()` to get the latest versions of your packages

>>> 'Pkg.test("ConnectSDK")' log
Julia Version 0.6.0-dev.2635
Commit dc2459d (2017-02-13 07:46 UTC)
Platform Info:
  OS: Linux (x86_64-pc-linux-gnu)
  CPU: Intel(R) Xeon(R) CPU E3-1241 v3 @ 3.50GHz
  WORD_SIZE: 64
           Ubuntu 14.04.5 LTS
  uname: Linux 3.13.0-108-generic #155-Ubuntu SMP Wed Jan 11 16:58:52 UTC 2017 x86_64 x86_64
Memory: 2.9392738342285156 GB (783.796875 MB free)
Uptime: 11735.0 sec
Load Avg:  0.93701171875  0.9951171875  1.0966796875
Intel(R) Xeon(R) CPU E3-1241 v3 @ 3.50GHz: 
       speed         user         nice          sys         idle          irq
#1  3500 MHz     567699 s       6582 s      56400 s     412648 s         36 s
#2  3500 MHz     198928 s         74 s      34101 s     901128 s          2 s

  BLAS: libopenblas (USE64BITINT DYNAMIC_ARCH NO_AFFINITY Nehalem)
  LAPACK: libopenblas64_
  LIBM: libopenlibm
  LLVM: libLLVM-3.9.1 (ORCJIT, haswell)
Environment:
  TERM = vt100
  LD_LIBRARY_PATH = :/usr/local/lib/
  PATH = /usr/local/sbin:/usr/local/bin:/usr/sbin:/usr/bin:/sbin:/bin:/usr/games:/usr/local/games:/home/vagrant/julia/bin/
  JAVA_HOME = /usr/lib/jvm/java-7-oracle
  HOME = /home/vagrant

Package Directory: /home/vagrant/.julia/v0.6
2 required packages:
 - ConnectSDK                    0.1.5
 - JSON                          0.8.3
6 additional packages:
 - BinDeps                       0.4.5
 - Compat                        0.18.0
 - HTTPClient                    0.2.1
 - LibCURL                       0.2.1
 - SHA                           0.3.1
 - URIParser                     0.1.8
INFO: Testing ConnectSDK
ERROR: LoadError: LoadError: UndefVarError: fd_set not defined
Stacktrace:
 [1] include_from_node1(::String) at ./loading.jl:539
 [2] include(::String) at ./sysimg.jl:14
 [3] include_from_node1(::String) at ./loading.jl:539
 [4] include(::String) at ./sysimg.jl:14
 [5] anonymous at ./<missing>:2
while loading /home/vagrant/.julia/v0.6/LibCURL/src/lC_curl_h.jl, in expression starting on line 4
while loading /home/vagrant/.julia/v0.6/LibCURL/src/LibCURL.jl, in expression starting on line 20
ERROR: LoadError: LoadError: LoadError: LoadError: Failed to precompile LibCURL to /home/vagrant/.julia/lib/v0.6/LibCURL.ji.
Stacktrace:
 [1] compilecache(::String) at ./loading.jl:673
 [2] require(::Symbol) at ./loading.jl:460
 [3] include_from_node1(::String) at ./loading.jl:539
 [4] include(::String) at ./sysimg.jl:14
 [5] include_from_node1(::String) at ./loading.jl:539
 [6] eval(::Module, ::Any) at ./boot.jl:236
 [7] require(::Symbol) at ./loading.jl:453
 [8] include_from_node1(::String) at ./loading.jl:539
while loading /home/vagrant/.julia/v0.6/HTTPClient/src/HTTPC.jl, in expression starting on line 4
while loading /home/vagrant/.julia/v0.6/HTTPClient/src/HTTPClient.jl, in expression starting on line 3
while loading /home/vagrant/.julia/v0.6/ConnectSDK/src/ConnectSDK.jl, in expression starting on line 3
while loading /home/vagrant/.julia/v0.6/ConnectSDK/test/runtests.jl, in expression starting on line 1
=============================[ ERROR: ConnectSDK ]==============================

failed process: Process(`/home/vagrant/julia/bin/julia -Cx86-64 -J/home/vagrant/julia/lib/julia/sys.so --compile=yes --depwarn=yes --check-bounds=yes --code-coverage=none --color=no --compilecache=yes /home/vagrant/.julia/v0.6/ConnectSDK/test/runtests.jl`, ProcessExited(1)) [1]

================================================================================
ERROR: ConnectSDK had test errors

>>> End of log
