>>> 'Pkg.add("ContinuousTransformations")' log
WARNING: Base.Pkg is deprecated, run `using Pkg` instead
 in module Main
[ Info: Cloning cache of ContinuousTransformations from https://github.com/tpapp/ContinuousTransformations.jl.git
[ Info: Cloning cache of Unrolled from https://github.com/cstjean/Unrolled.jl.git
[ Info: Installing ArgCheck v0.4.2
[ Info: Installing AutoHashEquals v0.2.0
[ Info: Installing BinDeps v0.8.6
[ Info: Installing Calculus v0.2.2
[ Info: Installing ContinuousTransformations v0.0.2
[ Info: Installing DataStructures v0.7.4
[ Info: Installing Distributions v0.15.0
[ Info: Installing DocStringExtensions v0.4.3
[ Info: Installing Lazy v0.12.0
[ Info: Installing MacroTools v0.4.0
[ Info: Installing Missings v0.2.6
[ Info: Installing PDMats v0.8.0
[ Info: Installing Parameters v0.8.1
[ Info: Installing QuadGK v0.2.0
[ Info: Installing Rmath v0.3.2
[ Info: Installing SHA v0.5.6
[ Info: Installing SortingAlgorithms v0.2.0
[ Info: Installing SpecialFunctions v0.3.8
[ Info: Installing StatsBase v0.20.0
[ Info: Installing StatsFuns v0.5.0
[ Info: Installing URIParser v0.3.0
[ Info: Installing Unrolled v0.0.1
[ Info: Building SpecialFunctions
┌ Warning: `isalnum(c::Char)` is deprecated, use `isalpha(c) || isnumeric(c)` instead.
│   caller = is_userinfo_char at parser.jl:4 [inlined]
└ @ Core parser.jl:4
┌ Warning: `isalnum(c::Char)` is deprecated, use `isalpha(c) || isnumeric(c)` instead.
│   caller = is_host_char at parser.jl:8 [inlined]
└ @ Core parser.jl:8
┌ Warning: `isalnum(c::Char)` is deprecated, use `isalpha(c) || isnumeric(c)` instead.
│   caller = is_host_char at parser.jl:8 [inlined]
└ @ Core parser.jl:8
WARNING: importing deprecated binding Base.Associative into BinDeps.
WARNING: Base.Associative is deprecated, use AbstractDict instead.
  likely near /home/vagrant/.julia/v0.7/SpecialFunctions/deps/binaries.jl:44
in @install at /home/vagrant/.julia/v0.7/BinDeps/src/dependencies.jl
[ Info: Building Rmath
┌ Warning: `isalnum(c::Char)` is deprecated, use `isalpha(c) || isnumeric(c)` instead.
│   caller = is_userinfo_char at parser.jl:4 [inlined]
└ @ Core parser.jl:4
┌ Warning: `isalnum(c::Char)` is deprecated, use `isalpha(c) || isnumeric(c)` instead.
│   caller = is_host_char at parser.jl:8 [inlined]
└ @ Core parser.jl:8
┌ Warning: `isalnum(c::Char)` is deprecated, use `isalpha(c) || isnumeric(c)` instead.
│   caller = is_host_char at parser.jl:8 [inlined]
└ @ Core parser.jl:8
WARNING: importing deprecated binding Base.Associative into BinDeps.
WARNING: Base.Associative is deprecated, use AbstractDict instead.
  likely near /home/vagrant/.julia/v0.7/Rmath/deps/build.jl:47
in @install at /home/vagrant/.julia/v0.7/BinDeps/src/dependencies.jl
[ Info: Package database updated
┌ Info: METADATA is out-of-date — you may not have the latest version of ContinuousTransformations
└ Use `Pkg.update()` to get the latest versions of your packages

>>> 'Pkg.test("ContinuousTransformations")' log
WARNING: Base.versioninfo is deprecated: it has been moved to the standard library package `InteractiveUtils`.
Add `using InteractiveUtils` to your imports.
 in module Main
WARNING: Base.versioninfo is deprecated: it has been moved to the standard library package `InteractiveUtils`.
Add `using InteractiveUtils` to your imports.
 in module Main
Julia Version 0.7.0-DEV.4012
Commit 3a47cd4b2e (2018-02-18 14:23 UTC)
Platform Info:
  OS: Linux (x86_64-pc-linux-gnu)
      Ubuntu 14.04.5 LTS
  uname: Linux 3.13.0-135-generic #184-Ubuntu SMP Wed Oct 18 11:55:51 UTC 2017 x86_64 x86_64
  CPU: Intel(R) Xeon(R) CPU E3-1241 v3 @ 3.50GHz: 
              speed         user         nice          sys         idle          irq
       #1  3491 MHz    2258026 s       6534 s     124789 s     765218 s         21 s
       #2  3491 MHz     638067 s         72 s      56774 s    2929124 s          0 s
       
  Memory: 2.93927001953125 GB (1021.83984375 MB free)
  Uptime: 36935.0 sec
  Load Avg:  0.92919921875  0.97021484375  0.95458984375
  WORD_SIZE: 64
  LIBM: libopenlibm
  LLVM: libLLVM-3.9.1 (ORCJIT, haswell)
Environment:
  TERM = vt100
  LD_LIBRARY_PATH = :/usr/local/lib/
  PATH = /usr/local/sbin:/usr/local/bin:/usr/sbin:/usr/bin:/sbin:/bin:/usr/games:/usr/local/games:/home/vagrant/julia/bin/
  JAVA_HOME = /usr/lib/jvm/java-8-openjdk-amd64
  HOME = /home/vagrant
Packages:
  Package Directory: /home/vagrant/.julia/v0.7
  Package Status:
2 required packages:
 - ContinuousTransformations     0.0.2
 - JSON                          0.16.4
23 additional packages:
 - ArgCheck                      0.4.2
 - AutoHashEquals                0.2.0
 - BinDeps                       0.8.6
 - Calculus                      0.2.2
 - Compat                        0.54.0
 - DataStructures                0.7.4
 - Distributions                 0.15.0
 - DocStringExtensions           0.4.3
 - Lazy                          0.12.0
 - MacroTools                    0.4.0
 - Missings                      0.2.6
 - Nullables                     0.0.3
 - PDMats                        0.8.0
 - Parameters                    0.8.1
 - QuadGK                        0.2.0
 - Rmath                         0.3.2
 - SHA                           0.5.6
 - SortingAlgorithms             0.2.0
 - SpecialFunctions              0.3.8
 - StatsBase                     0.20.0
 - StatsFuns                     0.5.0
 - URIParser                     0.3.0
 - Unrolled                      0.0.1
WARNING: Base.Pkg is deprecated, run `using Pkg` instead
 in module Main
[ Info: Computing test dependencies for ContinuousTransformations...
[ Info: Installing CommonSubexpressions v0.0.1
[ Info: Installing DiffResults v0.0.3
[ Info: Installing DiffRules v0.0.3
[ Info: Installing ForwardDiff v0.7.3
[ Info: Installing NaNMath v0.3.1
[ Info: Installing StaticArrays v0.6.6
[ Info: Building SpecialFunctions
┌ Warning: `isalnum(c::Char)` is deprecated, use `isalpha(c) || isnumeric(c)` instead.
│   caller = is_userinfo_char at parser.jl:4 [inlined]
└ @ Core parser.jl:4
┌ Warning: `isalnum(c::Char)` is deprecated, use `isalpha(c) || isnumeric(c)` instead.
│   caller = is_host_char at parser.jl:8 [inlined]
└ @ Core parser.jl:8
┌ Warning: `isalnum(c::Char)` is deprecated, use `isalpha(c) || isnumeric(c)` instead.
│   caller = is_host_char at parser.jl:8 [inlined]
└ @ Core parser.jl:8
WARNING: importing deprecated binding Base.Associative into BinDeps.
WARNING: Base.Associative is deprecated, use AbstractDict instead.
  likely near /home/vagrant/.julia/v0.7/SpecialFunctions/deps/binaries.jl:44
in @install at /home/vagrant/.julia/v0.7/BinDeps/src/dependencies.jl
[ Info: Testing ContinuousTransformations
WARNING: importing deprecated binding Base.logdet into PDMats.
WARNING: importing deprecated binding Base.diag into PDMats.
WARNING: importing deprecated binding Base.diagm into PDMats.
WARNING: importing deprecated binding Base.eigmax into PDMats.
WARNING: importing deprecated binding Base.eigmin into PDMats.
WARNING: Base.BLAS is deprecated: it has been moved to the standard library package `LinearAlgebra`.
Add `using LinearAlgebra` to your imports.
  likely near /home/vagrant/.julia/v0.7/PDMats/src/PDMats.jl:39
ERROR: LoadError: UndefVarError: LAPACK not defined
Stacktrace:
 [1] include at ./boot.jl:295 [inlined]
 [2] include_relative(::Module, ::String) at ./loading.jl:1060
 [3] include(::Module, ::String) at ./sysimg.jl:27
 [4] top-level scope
 [5] eval at ./boot.jl:298 [inlined]
 [6] top-level scope at ./<missing>:3
in expression starting at /home/vagrant/.julia/v0.7/PDMats/src/PDMats.jl:40
ERROR: LoadError: Failed to precompile PDMats to /home/vagrant/.julia/lib/v0.7/PDMats.ji.
Stacktrace:
 [1] error at ./error.jl:33 [inlined]
 [2] compilecache(::Base.PkgId) at ./loading.jl:1198
 [3] _require(::Base.PkgId) at ./loading.jl:967
 [4] require(::Module, ::Symbol) at ./loading.jl:867
 [5] include at ./boot.jl:295 [inlined]
 [6] include_relative(::Module, ::String) at ./loading.jl:1060
 [7] include(::Module, ::String) at ./sysimg.jl:27
 [8] top-level scope
 [9] eval at ./boot.jl:298 [inlined]
 [10] top-level scope at ./<missing>:3
in expression starting at /home/vagrant/.julia/v0.7/Distributions/src/Distributions.jl:5
ERROR: LoadError: Failed to precompile Distributions to /home/vagrant/.julia/lib/v0.7/Distributions.ji.
Stacktrace:
 [1] error at ./error.jl:33 [inlined]
 [2] compilecache(::Base.PkgId) at ./loading.jl:1198
 [3] _require(::Base.PkgId) at ./loading.jl:967
 [4] require(::Module, ::Symbol) at ./loading.jl:867
 [5] include at ./boot.jl:295 [inlined]
 [6] include_relative(::Module, ::String) at ./loading.jl:1060
 [7] include(::Module, ::String) at ./sysimg.jl:27
 [8] top-level scope
 [9] eval at ./boot.jl:298 [inlined]
 [10] top-level scope at ./<missing>:3
in expression starting at /home/vagrant/.julia/v0.7/ContinuousTransformations/src/ContinuousTransformations.jl:8
ERROR: LoadError: Failed to precompile ContinuousTransformations to /home/vagrant/.julia/lib/v0.7/ContinuousTransformations.ji.
Stacktrace:
 [1] error at ./error.jl:33 [inlined]
 [2] compilecache(::Base.PkgId) at ./loading.jl:1198
 [3] _require(::Base.PkgId) at ./loading.jl:996
 [4] require(::Module, ::Symbol) at ./loading.jl:867
 [5] include at ./boot.jl:295 [inlined]
 [6] include_relative(::Module, ::String) at ./loading.jl:1060
 [7] include(::Module, ::String) at ./sysimg.jl:27
 [8] exec_options(::Base.JLOptions) at ./client.jl:332
 [9] _start() at ./client.jl:448
in expression starting at /home/vagrant/.julia/v0.7/ContinuousTransformations/test/runtests.jl:1
┌ Error: ------------------------------------------------------------
│ # Testing failed for ContinuousTransformations
│   exception =
│    failed process: Process(`/home/vagrant/julia/bin/julia -Cnative -J/home/vagrant/julia/lib/julia/sys.so --compile=yes --depwarn=yes --code-coverage=none --color=no --compiled-modules=yes --check-bounds=yes --warn-overwrite=yes --startup-file=yes /home/vagrant/.julia/v0.7/ContinuousTransformations/test/runtests.jl`, ProcessExited(1)) [1]
│    Stacktrace:
│     [1] error(::String, ::Base.Process, ::String, ::Int64, ::String) at ./error.jl:42
│     [2] pipeline_error(::Base.Process) at ./process.jl:693
│     [3] run(::Cmd) at ./process.jl:655
│     [4] (::getfield(Pkg.Entry, Symbol("##56#57")){Bool,String,Array{AbstractString,1}})() at /buildworker/worker/package_linux64/build/usr/share/julia/site/v0.7/Pkg/src/entry.jl:731
│     [5] cd(::getfield(Pkg.Entry, Symbol("##56#57")){Bool,String,Array{AbstractString,1}}, ::String) at ./file.jl:70
│     [6] #test!#55(::Bool, ::Function, ::String, ::Array{AbstractString,1}, ::Array{AbstractString,1}, ::Array{AbstractString,1}) at /buildworker/worker/package_linux64/build/usr/share/julia/site/v0.7/Pkg/src/entry.jl:719
│     [7] (::getfield(Pkg.Entry, Symbol("#kw##test!")))(::NamedTuple{(:coverage,),Tuple{Bool}}, ::typeof(Pkg.Entry.test!), ::String, ::Array{AbstractString,1}, ::Array{AbstractString,1}, ::Array{AbstractString,1}) at ./<missing>:0
│     [8] #test#59(::Bool, ::Function, ::Array{AbstractString,1}) at /buildworker/worker/package_linux64/build/usr/share/julia/site/v0.7/Pkg/src/entry.jl:758
│     [9] #test at ./<missing>:0 [inlined]
│     [10] #4 at /buildworker/worker/package_linux64/build/usr/share/julia/site/v0.7/Pkg/src/dir.jl:36 [inlined]
│     [11] cd(::getfield(Pkg.Dir, Symbol("##4#7")){Base.Iterators.Pairs{Symbol,Bool,Tuple{Symbol},NamedTuple{(:coverage,),Tuple{Bool}}},typeof(Pkg.Entry.test),Tuple{Array{AbstractString,1}}}, ::String) at ./file.jl:70
│     [12] #cd#1(::Base.Iterators.Pairs{Symbol,Bool,Tuple{Symbol},NamedTuple{(:coverage,),Tuple{Bool}}}, ::Function, ::Function, ::Array{AbstractString,1}, ::Vararg{Array{AbstractString,1},N} where N) at /buildworker/worker/package_linux64/build/usr/share/julia/site/v0.7/Pkg/src/dir.jl:36
│     [13] (::getfield(Pkg.Dir, Symbol("#kw##cd")))(::NamedTuple{(:coverage,),Tuple{Bool}}, ::typeof(Pkg.Dir.cd), ::Function, ::Array{AbstractString,1}, ::Vararg{Array{AbstractString,1},N} where N) at ./<missing>:0
│     [14] #test#3(::Bool, ::Function, ::String, ::Vararg{String,N} where N) at /buildworker/worker/package_linux64/build/usr/share/julia/site/v0.7/Pkg/src/Pkg.jl:277
│     [15] test(::String, ::Vararg{String,N} where N) at /buildworker/worker/package_linux64/build/usr/share/julia/site/v0.7/Pkg/src/Pkg.jl:277
│     [16] top-level scope
│     [17] eval at ./boot.jl:298 [inlined]
│     [18] eval(::Module, ::Expr) at ./sysimg.jl:72
│     [19] exec_options(::Base.JLOptions) at ./client.jl:309
│     [20] _start() at ./client.jl:448
└ @ Pkg.Entry entry.jl:734
[ Info: Removing CommonSubexpressions v0.0.1
[ Info: Removing DiffResults v0.0.3
[ Info: Removing DiffRules v0.0.3
[ Info: Removing ForwardDiff v0.7.3
[ Info: Removing NaNMath v0.3.1
[ Info: Removing StaticArrays v0.6.6
ERROR: ContinuousTransformations had test errors

>>> End of log
