>>> 'Pkg.add("Convertible")' log
WARNING: Base.Pkg is deprecated, run `using Pkg` instead
 in module Main
[ Info: Cloning cache of Convertible from https://github.com/helgee/Convertible.jl.git
[ Info: Installing Convertible v0.1.3
[ Info: Installing DataStructures v0.7.4
[ Info: Package database updated
┌ Info: METADATA is out-of-date — you may not have the latest version of Convertible
└ Use `Pkg.update()` to get the latest versions of your packages

>>> 'Pkg.test("Convertible")' log
WARNING: Base.versioninfo is deprecated: it has been moved to the standard library package `InteractiveUtils`.
Add `using InteractiveUtils` to your imports.
 in module Main
WARNING: Base.versioninfo is deprecated: it has been moved to the standard library package `InteractiveUtils`.
Add `using InteractiveUtils` to your imports.
 in module Main
Julia Version 0.7.0-DEV.3755
Commit 94ee4f5a30 (2018-02-08 21:49 UTC)
Platform Info:
  OS: Linux (x86_64-pc-linux-gnu)
      Ubuntu 14.04.5 LTS
  uname: Linux 3.13.0-135-generic #184-Ubuntu SMP Wed Oct 18 11:55:51 UTC 2017 x86_64 x86_64
  CPU: Intel(R) Xeon(R) CPU E3-1241 v3 @ 3.50GHz: 
              speed         user         nice          sys         idle          irq
       #1  3499 MHz    2642152 s       6146 s     128176 s     800213 s         22 s
       #2  3499 MHz     689100 s       2116 s      60213 s    3370236 s          0 s
       
  Memory: 2.93927001953125 GB (1110.9140625 MB free)
  Uptime: 42111.0 sec
  Load Avg:  1.25537109375  1.00390625  0.97119140625
  WORD_SIZE: 64
  LIBM: libopenlibm
  LLVM: libLLVM-3.9.1 (ORCJIT, haswell)
Environment:
  TERM = vt100
  LD_LIBRARY_PATH = :/usr/local/lib/
  PATH = /usr/local/sbin:/usr/local/bin:/usr/sbin:/usr/bin:/sbin:/bin:/usr/games:/usr/local/games:/home/vagrant/julia/bin/
  JAVA_HOME = /usr/lib/jvm/java-8-openjdk-amd64
  HOME = /home/vagrant
Packages:
  Package Directory: /home/vagrant/.julia/v0.7
  Package Status:
2 required packages:
 - Convertible                   0.1.3
 - JSON                          0.16.4
3 additional packages:
 - Compat                        0.53.0
 - DataStructures                0.7.4
 - Nullables                     0.0.3
WARNING: Base.Pkg is deprecated, run `using Pkg` instead
 in module Main
[ Info: Computing test dependencies for Convertible...
[ Info: No packages to install, update or remove
[ Info: Testing Convertible
┌ Warning: Deprecated syntax `type` at /home/vagrant/.julia/v0.7/Convertible/test/runtests.jl:10.
│ Use `mutable struct` instead.
└ @ nothing runtests.jl:10
┌ Warning: Deprecated syntax `type` at /home/vagrant/.julia/v0.7/Convertible/test/runtests.jl:22.
│ Use `mutable struct` instead.
└ @ nothing runtests.jl:22
┌ Warning: Deprecated syntax `immutable` at /home/vagrant/.julia/v0.7/Convertible/test/runtests.jl:35.
│ Use `struct` instead.
└ @ nothing runtests.jl:35
┌ Warning: Deprecated syntax `immutable` at /home/vagrant/.julia/v0.7/Convertible/test/runtests.jl:36.
│ Use `struct` instead.
└ @ nothing runtests.jl:36
┌ Warning: Deprecated syntax `immutable` at /home/vagrant/.julia/v0.7/Convertible/test/runtests.jl:37.
│ Use `struct` instead.
└ @ nothing runtests.jl:37
┌ Warning: Deprecated syntax `type` at /home/vagrant/.julia/v0.7/Convertible/test/runtests.jl:46.
│ Use `mutable struct` instead.
└ @ nothing runtests.jl:46
┌ Warning: Deprecated syntax `parametric method syntax isconvertible{T}(::Type{T})` around /home/vagrant/.julia/v0.7/Convertible/src/Convertible.jl:76.
│ Use `isconvertible(#unused#::Type{T}) where T` instead.
└ @ nothing Convertible.jl:76
┌ Warning: Deprecated syntax `parametric method syntax _convert{T, S}(::Type{T}, obj::S)` around /home/vagrant/.julia/v0.7/Convertible/src/Convertible.jl:78.
│ Use `_convert(#unused#::Type{T}, obj::S) where {T, S}` instead.
└ @ nothing Convertible.jl:78
┌ Warning: Deprecated syntax `parametric method syntax _convert{T}(::Type{T}, obj, ::Type{Val{true}}, ::Type{Val{true}})` around /home/vagrant/.julia/v0.7/Convertible/src/Convertible.jl:79.
│ Use `_convert(#unused#::Type{T}, obj, #unused#::Type{Val{true}}, #unused#::Type{Val{true}}) where T` instead.
└ @ nothing Convertible.jl:79
┌ Warning: Deprecated syntax `parametric method syntax _convert{T}(::Type{T}, obj, ::Type{Val{false}}, ::Type{Val{false}})` around /home/vagrant/.julia/v0.7/Convertible/src/Convertible.jl:80.
│ Use `_convert(#unused#::Type{T}, obj, #unused#::Type{Val{false}}, #unused#::Type{Val{false}}) where T` instead.
└ @ nothing Convertible.jl:80
┌ Warning: Deprecated syntax `parametric method syntax __convert{T, S}(::Type{T}, obj::S)` around /home/vagrant/.julia/v0.7/Convertible/src/Convertible.jl:175.
│ Use `__convert(#unused#::Type{T}, obj::S) where {T, S}` instead.
└ @ nothing Convertible.jl:175
┌ Warning: Replacing module `Convertible`
└ @ Base loading.jl:894
WARNING: Base.Test is deprecated, run `using Test` instead
  likely near /home/vagrant/.julia/v0.7/Convertible/test/runtests.jl:2
ERROR: LoadError: LoadError: @convertible must be used on a type or alias definition.
Stacktrace:
 [1] error(::String) at ./error.jl:33
 [2] @convertible(::LineNumberNode, ::Module, ::Any) at /home/vagrant/.julia/v0.7/Convertible/src/Convertible.jl:17
in expression starting at /home/vagrant/.julia/v0.7/Convertible/test/runtests.jl:10
in expression starting at /home/vagrant/.julia/v0.7/Convertible/test/runtests.jl:9
┌ Error: ------------------------------------------------------------
│ # Testing failed for Convertible
│   exception =
│    failed process: Process(`/home/vagrant/julia/bin/julia -Cnative -J/home/vagrant/julia/lib/julia/sys.so --compile=yes --depwarn=yes --code-coverage=none --color=no --compiled-modules=yes --check-bounds=yes --warn-overwrite=yes --startup-file=yes /home/vagrant/.julia/v0.7/Convertible/test/runtests.jl`, ProcessExited(1)) [1]
│    Stacktrace:
│     [1] error(::String, ::Base.Process, ::String, ::Int64, ::String) at ./error.jl:42
│     [2] pipeline_error(::Base.Process) at ./process.jl:698
│     [3] run(::Cmd) at ./process.jl:660
│     [4] (::getfield(Pkg.Entry, Symbol("##89#92")){Bool,String,Array{AbstractString,1}})() at /buildworker/worker/package_linux64/build/usr/share/julia/site/v0.7/Pkg/src/entry.jl:731
│     [5] cd(::getfield(Pkg.Entry, Symbol("##89#92")){Bool,String,Array{AbstractString,1}}, ::String) at ./file.jl:70
│     [6] #test!#88(::Bool, ::Function, ::String, ::Array{AbstractString,1}, ::Array{AbstractString,1}, ::Array{AbstractString,1}) at /buildworker/worker/package_linux64/build/usr/share/julia/site/v0.7/Pkg/src/entry.jl:719
│     [7] (::getfield(Pkg.Entry, Symbol("#kw##test!")))(::NamedTuple{(:coverage,),Tuple{Bool}}, ::typeof(Pkg.Entry.test!), ::String, ::Array{AbstractString,1}, ::Array{AbstractString,1}, ::Array{AbstractString,1}) at ./<missing>:0
│     [8] #test#96(::Bool, ::Function, ::Array{AbstractString,1}) at /buildworker/worker/package_linux64/build/usr/share/julia/site/v0.7/Pkg/src/entry.jl:758
│     [9] #test at ./<missing>:0 [inlined]
│     [10] #4 at /buildworker/worker/package_linux64/build/usr/share/julia/site/v0.7/Pkg/src/dir.jl:36 [inlined]
│     [11] cd(::getfield(Pkg.Dir, Symbol("##4#7")){Base.Iterators.Pairs{Symbol,Bool,Tuple{Symbol},NamedTuple{(:coverage,),Tuple{Bool}}},typeof(Pkg.Entry.test),Tuple{Array{AbstractString,1}}}, ::String) at ./file.jl:70
│     [12] #cd#1(::Base.Iterators.Pairs{Symbol,Bool,Tuple{Symbol},NamedTuple{(:coverage,),Tuple{Bool}}}, ::Function, ::Function, ::Array{AbstractString,1}, ::Vararg{Array{AbstractString,1},N} where N) at /buildworker/worker/package_linux64/build/usr/share/julia/site/v0.7/Pkg/src/dir.jl:36
│     [13] (::getfield(Pkg.Dir, Symbol("#kw##cd")))(::NamedTuple{(:coverage,),Tuple{Bool}}, ::typeof(Pkg.Dir.cd), ::Function, ::Array{AbstractString,1}, ::Vararg{Array{AbstractString,1},N} where N) at ./<missing>:0
│     [14] #test#3(::Bool, ::Function, ::String, ::Vararg{String,N} where N) at /buildworker/worker/package_linux64/build/usr/share/julia/site/v0.7/Pkg/src/Pkg.jl:275
│     [15] test(::String, ::Vararg{String,N} where N) at /buildworker/worker/package_linux64/build/usr/share/julia/site/v0.7/Pkg/src/Pkg.jl:275
│     [16] top-level scope
│     [17] eval at ./boot.jl:298 [inlined]
│     [18] eval(::Module, ::Expr) at ./sysimg.jl:71
│     [19] exec_options(::Base.JLOptions) at ./client.jl:309
│     [20] _start() at ./client.jl:448
└ @ Pkg.Entry entry.jl:734
[ Info: No packages to install, update or remove
ERROR: Convertible had test errors

>>> End of log
