>>> 'Pkg.add("ConvexSwitch")' log
[ Info: Cloning cache of ConvexSwitch from https://github.com/YeeJeremy/ConvexSwitch.jl.git
[ Info: Installing BinDeps v0.8.6
[ Info: Installing Clustering v0.9.1
[ Info: Installing ConvexSwitch v0.0.1
[ Info: Installing DataStructures v0.7.4
[ Info: Installing Distances v0.5.0
[ Info: Installing NearestNeighbors v0.3.0
[ Info: Installing SHA v0.5.6
[ Info: Installing SortingAlgorithms v0.2.0
[ Info: Installing SpecialFunctions v0.3.8
[ Info: Installing StaticArrays v0.6.6
[ Info: Installing StatsBase v0.19.5
[ Info: Installing URIParser v0.3.0
[ Info: Building SpecialFunctions
┌ Warning: `isalnum(c::Char)` is deprecated, use `isalpha(c) || isnumeric(c)` instead.
│   caller = is_userinfo_char at parser.jl:4 [inlined]
└ @ Core parser.jl:4
┌ Warning: `isalnum(c::Char)` is deprecated, use `isalpha(c) || isnumeric(c)` instead.
│   caller = is_host_char at parser.jl:8 [inlined]
└ @ Core parser.jl:8
┌ Warning: `isalnum(c::Char)` is deprecated, use `isalpha(c) || isnumeric(c)` instead.
│   caller = is_host_char at parser.jl:8 [inlined]
└ @ Core parser.jl:8
WARNING: importing deprecated binding Base.Associative into BinDeps.
WARNING: Base.Associative is deprecated, use AbstractDict instead.
  likely near /home/vagrant/.julia/v0.7/SpecialFunctions/deps/binaries.jl:44
in @install at /home/vagrant/.julia/v0.7/BinDeps/src/dependencies.jl
[ Info: Package database updated
┌ Info: METADATA is out-of-date — you may not have the latest version of ConvexSwitch
└ Use `Pkg.update()` to get the latest versions of your packages

>>> 'Pkg.test("ConvexSwitch")' log
Julia Version 0.7.0-DEV.3583
Commit 7d3991f784 (2018-01-26 19:00 UTC)
Platform Info:
  OS: Linux (x86_64-pc-linux-gnu)
      Ubuntu 14.04.5 LTS
  uname: Linux 3.13.0-135-generic #184-Ubuntu SMP Wed Oct 18 11:55:51 UTC 2017 x86_64 x86_64
  CPU: Intel(R) Xeon(R) CPU E3-1241 v3 @ 3.50GHz: 
              speed         user         nice          sys         idle          irq
       #1  3500 MHz    2399622 s       6509 s     124409 s     838423 s         21 s
       #2  3500 MHz     728162 s       1744 s      59005 s    3042805 s          0 s
       
  Memory: 2.93927001953125 GB (995.31640625 MB free)
  Uptime: 39242.0 sec
  Load Avg:  0.96728515625  0.99462890625  0.96533203125
  WORD_SIZE: 64
  LIBM: libopenlibm
  LLVM: libLLVM-3.9.1 (ORCJIT, haswell)
Environment:
  TERM = vt100
  LD_LIBRARY_PATH = :/usr/local/lib/
  PATH = /usr/local/sbin:/usr/local/bin:/usr/sbin:/usr/bin:/sbin:/bin:/usr/games:/usr/local/games:/home/vagrant/julia/bin/
  JAVA_HOME = /usr/lib/jvm/java-8-openjdk-amd64
  HOME = /home/vagrant
Packages:
  Package Directory: /home/vagrant/.julia/v0.7
  Package Status:
2 required packages:
 - ConvexSwitch                  0.0.1
 - JSON                          0.16.4
13 additional packages:
 - BinDeps                       0.8.6
 - Clustering                    0.9.1
 - Compat                        0.49.0
 - DataStructures                0.7.4
 - Distances                     0.5.0
 - NearestNeighbors              0.3.0
 - Nullables                     0.0.3
 - SHA                           0.5.6
 - SortingAlgorithms             0.2.0
 - SpecialFunctions              0.3.8
 - StaticArrays                  0.6.6
 - StatsBase                     0.19.5
 - URIParser                     0.3.0
[ Info: Testing ConvexSwitch
┌ Warning: Deprecated syntax `immutable` at /home/vagrant/.julia/v0.7/ConvexSwitch/src/CSS.jl:8.
│ Use `struct` instead.
└ @ nothing CSS.jl:8
┌ Warning: Deprecated syntax `immutable` at /home/vagrant/.julia/v0.7/ConvexSwitch/src/Path.jl:8.
│ Use `struct` instead.
└ @ nothing Path.jl:8
┌ Warning: Deprecated syntax `immutable` at /home/vagrant/.julia/v0.7/ConvexSwitch/src/PermMat.jl:8.
│ Use `struct` instead.
└ @ nothing PermMat.jl:8
┌ Warning: Deprecated syntax `immutable` at /home/vagrant/.julia/v0.7/ConvexSwitch/src/SGrid.jl:8.
│ Use `struct` instead.
└ @ nothing SGrid.jl:8
┌ Warning: Deprecated syntax `immutable` at /home/vagrant/.julia/v0.7/ConvexSwitch/src/Bellman.jl:8.
│ Use `struct` instead.
└ @ nothing Bellman.jl:8
┌ Warning: Deprecated syntax `immutable` at /home/vagrant/.julia/v0.7/ConvexSwitch/src/PathPolicy.jl:6.
│ Use `struct` instead.
└ @ nothing PathPolicy.jl:6
┌ Warning: Deprecated syntax `immutable` at /home/vagrant/.julia/v0.7/ConvexSwitch/src/Mart.jl:6.
│ Use `struct` instead.
└ @ nothing Mart.jl:6
┌ Warning: Deprecated syntax `immutable` at /home/vagrant/.julia/v0.7/ConvexSwitch/src/OptimalBounds.jl:6.
│ Use `struct` instead.
└ @ nothing OptimalBounds.jl:6
WARNING: Base.Test is deprecated, run `using Test` instead.
  likely near /home/vagrant/.julia/v0.7/ConvexSwitch/test/runtests.jl:2
Test Failed at /home/vagrant/.julia/v0.7/ConvexSwitch/test/runtests.jl:5
  Expression: 1 == 2
   Evaluated: 1 == 2
ERROR: LoadError: There was an error during testing
in expression starting at /home/vagrant/.julia/v0.7/ConvexSwitch/test/runtests.jl:5
┌ Error: ------------------------------------------------------------
│ # Testing failed for ConvexSwitch
│   exception =
│    failed process: Process(`/home/vagrant/julia/bin/julia -Cnative -J/home/vagrant/julia/lib/julia/sys.so --compile=yes --depwarn=yes --code-coverage=none --color=no --compiled-modules=yes --check-bounds=yes --warn-overwrite=yes --startup-file=yes /home/vagrant/.julia/v0.7/ConvexSwitch/test/runtests.jl`, ProcessExited(1)) [1]
│    Stacktrace:
│     [1] error(::String, ::Base.Process, ::String, ::Int64, ::String) at ./error.jl:42
│     [2] pipeline_error(::Base.Process) at ./process.jl:698
│     [3] run(::Cmd) at ./process.jl:660
│     [4] (::getfield(Base.Pkg.Entry, Symbol("##89#92")){Bool,String,Array{AbstractString,1}})() at ./pkg/entry.jl:729
│     [5] cd(::getfield(Base.Pkg.Entry, Symbol("##89#92")){Bool,String,Array{AbstractString,1}}, ::String) at ./file.jl:70
│     [6] #test!#88(::Bool, ::Function, ::String, ::Array{AbstractString,1}, ::Array{AbstractString,1}, ::Array{AbstractString,1}) at ./pkg/entry.jl:717
│     [7] (::getfield(Base.Pkg.Entry, Symbol("#kw##test!")))(::NamedTuple{(:coverage,),Tuple{Bool}}, ::typeof(Base.Pkg.Entry.test!), ::String, ::Array{AbstractString,1}, ::Array{AbstractString,1}, ::Array{AbstractString,1}) at ./<missing>:0
│     [8] #test#96(::Bool, ::Function, ::Array{AbstractString,1}) at ./pkg/entry.jl:756
│     [9] (::getfield(Base.Pkg.Entry, Symbol("#kw##test")))(::NamedTuple{(:coverage,),Tuple{Bool}}, ::typeof(Base.Pkg.Entry.test), ::Array{AbstractString,1}) at ./<missing>:0
│     [10] (::getfield(Base.Pkg.Dir, Symbol("##4#7")){Base.Iterators.IndexValue{Symbol,Bool,Tuple{Symbol},NamedTuple{(:coverage,),Tuple{Bool}}},typeof(Base.Pkg.Entry.test),Tuple{Array{AbstractString,1}}})() at ./pkg/dir.jl:36
│     [11] cd(::getfield(Base.Pkg.Dir, Symbol("##4#7")){Base.Iterators.IndexValue{Symbol,Bool,Tuple{Symbol},NamedTuple{(:coverage,),Tuple{Bool}}},typeof(Base.Pkg.Entry.test),Tuple{Array{AbstractString,1}}}, ::String) at ./file.jl:70
│     [12] #cd#1(::Base.Iterators.IndexValue{Symbol,Bool,Tuple{Symbol},NamedTuple{(:coverage,),Tuple{Bool}}}, ::Function, ::Function, ::Array{AbstractString,1}, ::Vararg{Array{AbstractString,1},N} where N) at ./pkg/dir.jl:36
│     [13] (::getfield(Base.Pkg.Dir, Symbol("#kw##cd")))(::NamedTuple{(:coverage,),Tuple{Bool}}, ::typeof(Base.Pkg.Dir.cd), ::Function, ::Array{AbstractString,1}, ::Vararg{Array{AbstractString,1},N} where N) at ./<missing>:0
│     [14] #test#3(::Bool, ::Function, ::String, ::Vararg{String,N} where N) at ./pkg/pkg.jl:274
│     [15] test(::String, ::Vararg{String,N} where N) at ./pkg/pkg.jl:274
│     [16] top-level scope
│     [17] eval at ./boot.jl:295 [inlined]
│     [18] eval(::Module, ::Expr) at ./sysimg.jl:71
│     [19] process_options(::Base.JLOptions) at ./client.jl:311
│     [20] _start() at ./client.jl:386
└ @ Base.Pkg.Entry entry.jl:732
ERROR: ConvexSwitch had test errors

>>> End of log
