>>> 'Pkg.add("Cosmology")' log
INFO: Cloning cache of Cosmology from https://github.com/JuliaAstro/Cosmology.jl.git
INFO: Installing Cosmology v0.2.1
INFO: Package database updated
INFO: METADATA is out-of-date — you may not have the latest version of Cosmology
INFO: Use `Pkg.update()` to get the latest versions of your packages

>>> 'Pkg.test("Cosmology")' log
Julia Version 0.5.0
Commit 3c9d753 (2016-09-19 18:14 UTC)
Platform Info:
  System: Linux (x86_64-pc-linux-gnu)
  CPU: Intel(R) Xeon(R) CPU E3-1241 v3 @ 3.50GHz
  WORD_SIZE: 64
           Ubuntu 14.04.5 LTS
  uname: Linux 3.13.0-96-generic #143-Ubuntu SMP Mon Aug 29 20:15:20 UTC 2016 x86_64 x86_64
Memory: 2.4471054077148438 GB (758.08984375 MB free)
Uptime: 13149.0 sec
Load Avg:  1.18603515625  1.40087890625  1.2529296875
Intel(R) Xeon(R) CPU E3-1241 v3 @ 3.50GHz: 
       speed         user         nice          sys         idle          irq
#1  3499 MHz     585641 s       6139 s      71379 s     492726 s         25 s
#2  3499 MHz     337982 s        128 s      38686 s     882350 s          0 s

  BLAS: libopenblas (USE64BITINT DYNAMIC_ARCH NO_AFFINITY Nehalem)
  LAPACK: libopenblas64_
  LIBM: libopenlibm
  LLVM: libLLVM-3.7.1 (ORCJIT, haswell)
Environment:
  TERM = vt100
  LD_LIBRARY_PATH = :/usr/local/lib/
  PATH = /usr/local/sbin:/usr/local/bin:/usr/sbin:/usr/bin:/sbin:/bin:/usr/games:/usr/local/games:/home/vagrant/julia/bin/
  JAVA_HOME = /usr/lib/jvm/java-7-oracle
  HOME = /home/vagrant

Package Directory: /home/vagrant/.julia/v0.5
2 required packages:
 - Cosmology                     0.2.1
 - JSON                          0.7.0
1 additional packages:
 - Compat                        0.9.2
INFO: Testing Cosmology
INFO: Cosmology tests passed

>>> End of log
