>>> 'Pkg.add("Cpp")' log
gcc -Wall -O2 -shared -fPIC demo.cpp   -o libdemo.so
INFO: Cloning cache of Cpp from git://github.com/timholy/Cpp.jl.git
INFO: Installing Cpp v0.1.0
INFO: Building Cpp
INFO: Package database updated

>>> 'using Cpp' log
Julia Version 0.3.1-pre+26
Commit 91ba8a9 (2014-08-26 16:55 UTC)
Platform Info:
  System: Linux (x86_64-unknown-linux-gnu)
  CPU: Intel(R) Xeon(R) CPU E5-2650 0 @ 2.00GHz
  WORD_SIZE: 64
  BLAS: libopenblas (USE64BITINT DYNAMIC_ARCH NO_AFFINITY Sandybridge)
  LAPACK: libopenblas
  LIBM: libopenlibm
  LLVM: libLLVM-3.3

>>> test log
INFO: Testing Cpp
INFO: Cpp tests passed
INFO: No packages to install, update or remove

>>> end of log
