>>> 'Pkg.add("CQLdriver")' log
INFO: Cloning cache of CQLdriver from https://github.com/r3tex/CQLdriver.jl.git
INFO: Installing BinDeps v0.8.0
INFO: Installing CQLdriver v0.8.5
INFO: Installing CategoricalArrays v0.3.0
INFO: Installing DataFrames v0.11.1
INFO: Installing DataStreams v0.3.1
INFO: Installing DataStructures v0.7.2
INFO: Installing GZip v0.3.0
INFO: Installing Missings v0.2.2
INFO: Installing NamedTuples v4.0.0
INFO: Installing Reexport v0.0.3
INFO: Installing SHA v0.5.2
INFO: Installing SortingAlgorithms v0.2.0
INFO: Installing SpecialFunctions v0.3.5
INFO: Installing StatsBase v0.19.2
INFO: Installing URIParser v0.2.0
INFO: Installing WeakRefStrings v0.4.0
INFO: Building SpecialFunctions
INFO: Building CQLdriver
==============================[ ERROR: CQLdriver ]==============================

LoadError: Unable to install CPP driver.
while loading /home/vagrant/.julia/v0.6/CQLdriver/deps/build.jl, in expression starting on line 31

================================================================================

================================[ BUILD ERRORS ]================================

WARNING: CQLdriver had build errors.

 - packages with build errors remain installed in /home/vagrant/.julia/v0.6
 - build the package(s) and all dependencies with `Pkg.build("CQLdriver")`
 - build a single package by running its `deps/build.jl` script

================================================================================
INFO: Package database updated
INFO: METADATA is out-of-date — you may not have the latest version of CQLdriver
INFO: Use `Pkg.update()` to get the latest versions of your packages

>>> 'Pkg.test("CQLdriver")' log
Julia Version 0.6.1
Commit 0d7248e2ff (2017-10-24 22:15 UTC)
Platform Info:
  OS: Linux (x86_64-pc-linux-gnu)
  CPU: Intel(R) Xeon(R) CPU E3-1241 v3 @ 3.50GHz
  WORD_SIZE: 64
           Ubuntu 14.04.5 LTS
  uname: Linux 3.13.0-135-generic #184-Ubuntu SMP Wed Oct 18 11:55:51 UTC 2017 x86_64 x86_64
Memory: 2.93927001953125 GB (712.40234375 MB free)
Uptime: 37671.0 sec
Load Avg:  1.00927734375  1.00830078125  1.037109375
Intel(R) Xeon(R) CPU E3-1241 v3 @ 3.50GHz: 
       speed         user         nice          sys         idle          irq
#1  3500 MHz    2297628 s        131 s     106620 s     815108 s         39 s
#2  3500 MHz     585913 s       6634 s      56845 s    3052125 s          0 s

  BLAS: libopenblas (USE64BITINT DYNAMIC_ARCH NO_AFFINITY Nehalem)
  LAPACK: libopenblas64_
  LIBM: libopenlibm
  LLVM: libLLVM-3.9.1 (ORCJIT, haswell)
Environment:
  TERM = vt100
  LD_LIBRARY_PATH = :/usr/local/lib/
  PATH = /usr/local/sbin:/usr/local/bin:/usr/sbin:/usr/bin:/sbin:/bin:/usr/games:/usr/local/games:/home/vagrant/julia/bin/
  JAVA_HOME = /usr/lib/jvm/java-8-openjdk-amd64
  HOME = /home/vagrant

Package Directory: /home/vagrant/.julia/v0.6
2 required packages:
 - CQLdriver                     0.8.5
 - JSON                          0.16.1
16 additional packages:
 - BinDeps                       0.8.0
 - CategoricalArrays             0.3.0
 - Compat                        0.37.0
 - DataFrames                    0.11.1
 - DataStreams                   0.3.1
 - DataStructures                0.7.2
 - GZip                          0.3.0
 - Missings                      0.2.2
 - NamedTuples                   4.0.0
 - Reexport                      0.0.3
 - SHA                           0.5.2
 - SortingAlgorithms             0.2.0
 - SpecialFunctions              0.3.5
 - StatsBase                     0.19.2
 - URIParser                     0.2.0
 - WeakRefStrings                0.4.0
INFO: Testing CQLdriver
INFO: CQLdriver tests passed

>>> End of log
