>>> 'Pkg.add("CreateMacrosFrom")' log
[ Info: Cloning cache of CreateMacrosFrom from https://github.com/bramtayl/CreateMacrosFrom.jl.git @ Base.Pkg.Cache cache.jl:43
[ Info: Installing CreateMacrosFrom v0.0.1 @ Base.Pkg.Entry entry.jl:543
[ Info: Package database updated @ Base.Pkg.Entry entry.jl:32
┌ Info: METADATA is out-of-date — you may not have the latest version of CreateMacrosFrom
│ Use `Pkg.update()` to get the latest versions of your packages
└ @ Base.Pkg.Entry entry.jl:74

>>> 'Pkg.test("CreateMacrosFrom")' log
Julia Version 0.7.0-DEV.3246
Commit 2138144d3a (2018-01-04 02:34 UTC)
Platform Info:
  OS: Linux (x86_64-pc-linux-gnu)
      Ubuntu 14.04.5 LTS
  uname: Linux 3.13.0-135-generic #184-Ubuntu SMP Wed Oct 18 11:55:51 UTC 2017 x86_64 x86_64
  CPU: Intel(R) Xeon(R) CPU E3-1241 v3 @ 3.50GHz: 
              speed         user         nice          sys         idle          irq
       #1  3499 MHz    2424876 s        111 s     122976 s     691938 s         24 s
       #2  3499 MHz     551534 s         48 s      56809 s    3123288 s          0 s
       
  Memory: 2.93927001953125 GB (802.3203125 MB free)
  Uptime: 37909.0 sec
  Load Avg:  1.0029296875  1.0146484375  0.9921875
  WORD_SIZE: 64
  BLAS: libopenblas (USE64BITINT DYNAMIC_ARCH NO_AFFINITY Nehalem)
  LAPACK: libopenblas64_
  LIBM: libopenlibm
  LLVM: libLLVM-3.9.1 (ORCJIT, haswell)
Environment:
  TERM = vt100
  LD_LIBRARY_PATH = :/usr/local/lib/
  PATH = /usr/local/sbin:/usr/local/bin:/usr/sbin:/usr/bin:/sbin:/bin:/usr/games:/usr/local/games:/home/vagrant/julia/bin/
  JAVA_HOME = /usr/lib/jvm/java-8-openjdk-amd64
  HOME = /home/vagrant
Packages:
  Package Directory: /home/vagrant/.julia/v0.7
  Package Status:
2 required packages:
 - CreateMacrosFrom              0.0.1
 - JSON                          0.16.3
2 additional packages:
 - Compat                        0.42.0
 - Nullables                     0.0.2
[ Info: Computing test dependencies for CreateMacrosFrom... @ Base.Pkg.Entry entry.jl:713
[ Info: Installing DocStringExtensions v0.4.1 @ Base.Pkg.Entry entry.jl:543
[ Info: Installing Documenter v0.12.5 @ Base.Pkg.Entry entry.jl:543
[ Info: Testing CreateMacrosFrom @ Base.Pkg.Entry entry.jl:723
ERROR: LoadError: LoadError: cannot document the following expression:

$(Expr(:quote, :($(Expr(:macrocall, Symbol("@create_macros_from"))))))

Stacktrace:
 [1] error(::String, ::String) at ./error.jl:42
 [2] top-level scope at /home/vagrant/.julia/v0.7/CreateMacrosFrom/src/CreateMacrosFrom.jl:12
in expression starting at /home/vagrant/.julia/v0.7/CreateMacrosFrom/src/CreateMacrosFrom.jl:79
in expression starting at /home/vagrant/.julia/v0.7/CreateMacrosFrom/test/runtests.jl:1
┌ Error: ------------------------------------------------------------
│ # Testing failed for CreateMacrosFrom
│   exception = ErrorException("failed process: Process(`/home/vagrant/julia/bin/julia -Cnative -J/home/vagrant/julia/lib/julia/sys.so --compile=yes --depwarn=yes --code-coverage=none --color=no --compiled-modules=yes --check-bounds=yes --warn-overwrite=yes --startup-file=yes /home/vagrant/.julia/v0.7/CreateMacrosFrom/test/runtests.jl`, ProcessExited(1)) [1]")
└ @ Base.Pkg.Entry entry.jl:739
[ Info: Removing DocStringExtensions v0.4.1 @ Base.Pkg.Entry entry.jl:546
[ Info: Removing Documenter v0.12.5 @ Base.Pkg.Entry entry.jl:546
ERROR: CreateMacrosFrom had test errors

>>> End of log
