>>> 'Pkg.add("CreateMacrosFrom")' log
INFO: Cloning cache of CreateMacrosFrom from https://github.com/bramtayl/CreateMacrosFrom.jl.git
INFO: Installing CreateMacrosFrom v0.0.1
INFO: Package database updated
INFO: METADATA is out-of-date — you may not have the latest version of CreateMacrosFrom
INFO: Use `Pkg.update()` to get the latest versions of your packages

>>> 'Pkg.test("CreateMacrosFrom")' log
Julia Version 0.6.2
Commit d386e40c17 (2017-12-13 18:08 UTC)
Platform Info:
  OS: Linux (x86_64-pc-linux-gnu)
  CPU: Intel(R) Xeon(R) CPU E3-1241 v3 @ 3.50GHz
  WORD_SIZE: 64
           Ubuntu 14.04.5 LTS
  uname: Linux 3.13.0-135-generic #184-Ubuntu SMP Wed Oct 18 11:55:51 UTC 2017 x86_64 x86_64
Memory: 2.93927001953125 GB (645.890625 MB free)
Uptime: 40714.0 sec
Load Avg:  0.9609375  0.998046875  1.005859375
Intel(R) Xeon(R) CPU E3-1241 v3 @ 3.50GHz: 
       speed         user         nice          sys         idle          irq
#1  3499 MHz    2531480 s       7695 s     114039 s     806049 s         22 s
#2  3499 MHz     618772 s         98 s      63306 s    3323913 s          0 s

  BLAS: libopenblas (USE64BITINT DYNAMIC_ARCH NO_AFFINITY Nehalem)
  LAPACK: libopenblas64_
  LIBM: libopenlibm
  LLVM: libLLVM-3.9.1 (ORCJIT, haswell)
Environment:
  TERM = vt100
  LD_LIBRARY_PATH = :/usr/local/lib/
  PATH = /usr/local/sbin:/usr/local/bin:/usr/sbin:/usr/bin:/sbin:/bin:/usr/games:/usr/local/games:/home/vagrant/julia/bin/
  JAVA_HOME = /usr/lib/jvm/java-8-openjdk-amd64
  HOME = /home/vagrant

Package Directory: /home/vagrant/.julia/v0.6
2 required packages:
 - CreateMacrosFrom              0.0.1
 - JSON                          0.16.4
2 additional packages:
 - Compat                        0.49.0
 - Nullables                     0.0.3
INFO: Computing test dependencies for CreateMacrosFrom...
INFO: Installing DocStringExtensions v0.4.3
INFO: Installing Documenter v0.13.1
INFO: Testing CreateMacrosFrom
Documenter: setting up build directory.
Documenter: expanding markdown templates.
Documenter: building cross-references.
Documenter: running document checks.
 > checking for missing docstrings.
 > running doctests.
 > checking footnote links.
Documenter: populating indices.
Documenter: rendering document.
INFO: CreateMacrosFrom tests passed
INFO: Removing DocStringExtensions v0.4.3
INFO: Removing Documenter v0.13.1

>>> End of log
