>>> 'Pkg.add("CRF")' log
[ Info: Cloning cache of CRF from https://github.com/slyrz/CRF.jl.git @ Base.Pkg.Cache cache.jl:43
[ Info: Installing CRF v0.1.1 @ Base.Pkg.Entry entry.jl:543
[ Info: Package database updated @ Base.Pkg.Entry entry.jl:32
┌ Info: METADATA is out-of-date — you may not have the latest version of CRF
│ Use `Pkg.update()` to get the latest versions of your packages
└ @ Base.Pkg.Entry entry.jl:74

>>> 'Pkg.test("CRF")' log
Julia Version 0.7.0-DEV.3246
Commit 2138144d3a (2018-01-04 02:34 UTC)
Platform Info:
  OS: Linux (x86_64-pc-linux-gnu)
      Ubuntu 14.04.5 LTS
  uname: Linux 3.13.0-135-generic #184-Ubuntu SMP Wed Oct 18 11:55:51 UTC 2017 x86_64 x86_64
  CPU: Intel(R) Xeon(R) CPU E3-1241 v3 @ 3.50GHz: 
              speed         user         nice          sys         idle          irq
       #1  3499 MHz    2432536 s        111 s     123342 s     692910 s         24 s
       #2  3499 MHz     552458 s         48 s      56880 s    3132783 s          0 s
       
  Memory: 2.93927001953125 GB (798.90234375 MB free)
  Uptime: 38015.0 sec
  Load Avg:  1.0029296875  1.0146484375  0.9921875
  WORD_SIZE: 64
  BLAS: libopenblas (USE64BITINT DYNAMIC_ARCH NO_AFFINITY Nehalem)
  LAPACK: libopenblas64_
  LIBM: libopenlibm
  LLVM: libLLVM-3.9.1 (ORCJIT, haswell)
Environment:
  TERM = vt100
  LD_LIBRARY_PATH = :/usr/local/lib/
  PATH = /usr/local/sbin:/usr/local/bin:/usr/sbin:/usr/bin:/sbin:/bin:/usr/games:/usr/local/games:/home/vagrant/julia/bin/
  JAVA_HOME = /usr/lib/jvm/java-8-openjdk-amd64
  HOME = /home/vagrant
Packages:
  Package Directory: /home/vagrant/.julia/v0.7
  Package Status:
2 required packages:
 - CRF                           0.1.1
 - JSON                          0.16.3
2 additional packages:
 - Compat                        0.42.0
 - Nullables                     0.0.2
[ Info: Testing CRF @ Base.Pkg.Entry entry.jl:723
┌ Warning: Deprecated syntax `type` at /home/vagrant/.julia/v0.7/CRF/src/base.jl:3.
│ Use `mutable struct` instead.
└ @ nothing base.jl:3
┌ Warning: Deprecated syntax `parametric method syntax Sequence{Tx, Ty}(x::AbstractArray{Tx}, y::AbstractArray{Ty}, f::Function; labels::AbstractArray{Ty} = Ty[], Θ::AbstractArray{Float64} = Float64[], σ::Float64 = 50.0)` around /home/vagrant/.julia/v0.7/CRF/src/base.jl:33.
│ Use `Sequence(x::AbstractArray{Tx}, y::AbstractArray{Ty}, f::Function; labels::AbstractArray{Ty} = Ty[], Θ::AbstractArray{Float64} = Float64[], σ::Float64 = 50.0) where {Tx, Ty}` instead.
└ @ nothing base.jl:33
┌ Warning: Deprecated syntax `parametric method syntax Sequence{Tx, Ty}(x::AbstractArray{Tx}, y::AbstractArray{Ty}, f::Function; args...)` around /home/vagrant/.julia/v0.7/CRF/src/base.jl:81.
│ Use `Sequence(x::AbstractArray{Tx}, y::AbstractArray{Ty}, f::Function; args...) where {Tx, Ty}` instead.
└ @ nothing base.jl:81
WARNING: Method definition (::Type{CRF.Sequence{Tx, Ty} where Ty where Tx})(AbstractArray{Tx, N} where N, AbstractArray{Ty, N} where N, Function) where {Tx, Ty} in module CRF at /home/vagrant/.julia/v0.7/CRF/src/base.jl:33 overwritten at /home/vagrant/.julia/v0.7/CRF/src/base.jl:81.
WARNING: Method definition Type(Any, Type{CRF.Sequence{Tx, Ty} where Ty where Tx}, AbstractArray{Tx, N} where N, AbstractArray{Ty, N} where N, Function) where {Tx, Ty} in module CRF overwritten.
┌ Warning: Deprecated syntax `parametric method syntax Sequence{Tx, Ty}(x::AbstractArray{Tx}, f::Function; labels::AbstractArray{Ty} = Ty[], args...)` around /home/vagrant/.julia/v0.7/CRF/src/base.jl:82.
│ Use `Sequence(x::AbstractArray{Tx}, f::Function; labels::AbstractArray{Ty} = Ty[], args...) where {Tx, Ty}` instead.
└ @ nothing base.jl:82
┌ Warning: Deprecated syntax `type` at /home/vagrant/.julia/v0.7/CRF/src/features.jl:5.
│ Use `mutable struct` instead.
└ @ nothing features.jl:5
┌ Warning: Deprecated syntax `parametric method syntax logsumexp{I <: Number}(x::AbstractArray{I})` around /home/vagrant/.julia/v0.7/CRF/src/util.jl:2.
│ Use `logsumexp(x::AbstractArray{I}) where I <: Number` instead.
└ @ nothing util.jl:2
>>> base.jl
WARNING: Base.Test is deprecated, run `using Test` instead.
  likely near /home/vagrant/.julia/v0.7/CRF/test/base.jl:2
ERROR: LoadError: LoadError: MethodError: no method matching Sequence{Array{Float64,1},Bool}(::Array{Array{Float64,1},1}, ::Array{Bool,1}, ::typeof(feature_vector))
Stacktrace:
 [1] #Sequence#9(::Base.Iterators.IndexValue{Union{},Union{},Tuple{},NamedTuple{(),Tuple{}}}, ::Type, ::Array{Array{Float64,1},1}, ::Array{Bool,1}, ::Function) at /home/vagrant/.julia/v0.7/CRF/src/base.jl:81
 [2] Sequence(::Array{Array{Float64,1},1}, ::Array{Bool,1}, ::Function) at /home/vagrant/.julia/v0.7/CRF/src/base.jl:81
 [3] top-level scope
 [4] include at ./boot.jl:295 [inlined]
 [5] include_relative(::Module, ::String) at ./loading.jl:521
 [6] include(::Module, ::String) at ./sysimg.jl:26
 [7] include(::String) at ./sysimg.jl:65
 [8] top-level scope at ./<missing>:10
 [9] include at ./boot.jl:295 [inlined]
 [10] include_relative(::Module, ::String) at ./loading.jl:521
 [11] include(::Module, ::String) at ./sysimg.jl:26
 [12] process_options(::Base.JLOptions) at ./client.jl:323
 [13] _start() at ./client.jl:374
in expression starting at /home/vagrant/.julia/v0.7/CRF/test/base.jl:46
in expression starting at /home/vagrant/.julia/v0.7/CRF/test/runtests.jl:8
┌ Error: ------------------------------------------------------------
│ # Testing failed for CRF
│   exception = ErrorException("failed process: Process(`/home/vagrant/julia/bin/julia -Cnative -J/home/vagrant/julia/lib/julia/sys.so --compile=yes --depwarn=yes --code-coverage=none --color=no --compiled-modules=yes --check-bounds=yes --warn-overwrite=yes --startup-file=yes /home/vagrant/.julia/v0.7/CRF/test/runtests.jl`, ProcessExited(1)) [1]")
└ @ Base.Pkg.Entry entry.jl:739
ERROR: CRF had test errors

>>> End of log
