>>> 'Pkg.add("CrossfilterCharts")' log
INFO: Cloning cache of CrossfilterCharts from https://github.com/tawheeler/CrossfilterCharts.jl.git
INFO: Installing BinDeps v0.8.0
INFO: Installing CrossfilterCharts v2.0.0
INFO: Installing DataArrays v0.6.2
INFO: Installing DataFrames v0.10.1
INFO: Installing DataStructures v0.7.2
INFO: Installing FileIO v0.6.0
INFO: Installing GZip v0.3.0
INFO: Installing Reexport v0.0.3
INFO: Installing SHA v0.5.2
INFO: Installing SortingAlgorithms v0.2.0
INFO: Installing SpecialFunctions v0.3.5
INFO: Installing StatsBase v0.19.2
INFO: Installing URIParser v0.2.0
INFO: Building SpecialFunctions
INFO: Package database updated
INFO: METADATA is out-of-date — you may not have the latest version of CrossfilterCharts
INFO: Use `Pkg.update()` to get the latest versions of your packages

>>> 'Pkg.test("CrossfilterCharts")' log
Julia Version 0.6.1
Commit 0d7248e2ff (2017-10-24 22:15 UTC)
Platform Info:
  OS: Linux (x86_64-pc-linux-gnu)
  CPU: Intel(R) Xeon(R) CPU E3-1241 v3 @ 3.50GHz
  WORD_SIZE: 64
           Ubuntu 14.04.5 LTS
  uname: Linux 3.13.0-135-generic #184-Ubuntu SMP Wed Oct 18 11:55:51 UTC 2017 x86_64 x86_64
Memory: 2.93927001953125 GB (683.31640625 MB free)
Uptime: 39311.0 sec
Load Avg:  1.00439453125  0.9970703125  1.02099609375
Intel(R) Xeon(R) CPU E3-1241 v3 @ 3.50GHz: 
       speed         user         nice          sys         idle          irq
#1  3500 MHz    2368122 s        131 s     109170 s     890728 s         40 s
#2  3500 MHz     652192 s       6634 s      60891 s    3138806 s          0 s

  BLAS: libopenblas (USE64BITINT DYNAMIC_ARCH NO_AFFINITY Nehalem)
  LAPACK: libopenblas64_
  LIBM: libopenlibm
  LLVM: libLLVM-3.9.1 (ORCJIT, haswell)
Environment:
  TERM = vt100
  LD_LIBRARY_PATH = :/usr/local/lib/
  PATH = /usr/local/sbin:/usr/local/bin:/usr/sbin:/usr/bin:/sbin:/bin:/usr/games:/usr/local/games:/home/vagrant/julia/bin/
  JAVA_HOME = /usr/lib/jvm/java-8-openjdk-amd64
  HOME = /home/vagrant

Package Directory: /home/vagrant/.julia/v0.6
2 required packages:
 - CrossfilterCharts             2.0.0
 - JSON                          0.16.1
13 additional packages:
 - BinDeps                       0.8.0
 - Compat                        0.37.0
 - DataArrays                    0.6.2
 - DataFrames                    0.10.1
 - DataStructures                0.7.2
 - FileIO                        0.6.0
 - GZip                          0.3.0
 - Reexport                      0.0.3
 - SHA                           0.5.2
 - SortingAlgorithms             0.2.0
 - SpecialFunctions              0.3.5
 - StatsBase                     0.19.2
 - URIParser                     0.2.0
INFO: Testing CrossfilterCharts
INFO: CrossfilterCharts tests passed

>>> End of log
