>>> 'Pkg.add("CrossDecomposition")' log
INFO: Cloning cache of CrossDecomposition from git://github.com/simonster/CrossDecomposition.jl.git
INFO: Installing CrossDecomposition v0.0.1
INFO: Installing StatsBase v0.12.0
INFO: Package database updated

>>> 'Pkg.test("CrossDecomposition")' log
Julia Version 0.4.7
Commit ae26b25 (2016-09-18 16:17 UTC)
Platform Info:
  System: Linux (x86_64-pc-linux-gnu)
  CPU: Intel(R) Xeon(R) CPU E3-1241 v3 @ 3.50GHz
  WORD_SIZE: 64
           Ubuntu 14.04.5 LTS
  uname: Linux 3.13.0-117-generic #164-Ubuntu SMP Fri Apr 7 11:05:26 UTC 2017 x86_64 x86_64
Memory: 2.9392738342285156 GB (632.44140625 MB free)
Uptime: 16670.0 sec
Load Avg:  1.03662109375  1.0478515625  1.10888671875
Intel(R) Xeon(R) CPU E3-1241 v3 @ 3.50GHz: 
       speed         user         nice          sys         idle          irq
#1  3505 MHz     751862 s       5830 s      71992 s     671297 s         29 s
#2  3505 MHz     552061 s       1093 s      62996 s     980843 s          1 s

  BLAS: libopenblas (USE64BITINT DYNAMIC_ARCH NO_AFFINITY Nehalem)
  LAPACK: libopenblas64_
  LIBM: libopenlibm
  LLVM: libLLVM-3.3
Environment:
  TERM = vt100
  LD_LIBRARY_PATH = :/usr/local/lib/
  PATH = /usr/local/sbin:/usr/local/bin:/usr/sbin:/usr/bin:/sbin:/bin:/usr/games:/usr/local/games:/home/vagrant/julia/bin/
  JAVA_HOME = /usr/lib/jvm/java-7-oracle
  HOME = /home/vagrant

Package Directory: /home/vagrant/.julia/v0.4
2 required packages:
 - CrossDecomposition            0.0.1
 - JSON                          0.10.0
2 additional packages:
 - Compat                        0.24.0
 - StatsBase                     0.12.0
INFO: Testing CrossDecomposition
INFO: CrossDecomposition tests passed

>>> End of log
