>>> 'Pkg.add("CUDAapi")' log
[ Info: Installing CUDAapi v0.3.0 @ Base.Pkg.Entry entry.jl:543
[ Info: Package database updated @ Base.Pkg.Entry entry.jl:32
┌ Info: METADATA is out-of-date — you may not have the latest version of CUDAapi
│ Use `Pkg.update()` to get the latest versions of your packages
└ @ Base.Pkg.Entry entry.jl:74

>>> 'Pkg.test("CUDAapi")' log
Julia Version 0.7.0-DEV.3246
Commit 2138144d3a (2018-01-04 02:34 UTC)
Platform Info:
  OS: Linux (x86_64-pc-linux-gnu)
      Ubuntu 14.04.5 LTS
  uname: Linux 3.13.0-135-generic #184-Ubuntu SMP Wed Oct 18 11:55:51 UTC 2017 x86_64 x86_64
  CPU: Intel(R) Xeon(R) CPU E3-1241 v3 @ 3.50GHz: 
              speed         user         nice          sys         idle          irq
       #1  3499 MHz    2556128 s        111 s     131754 s     720034 s         28 s
       #2  3499 MHz     577228 s         48 s      58984 s    3284958 s          0 s
       
  Memory: 2.93927001953125 GB (714.796875 MB free)
  Uptime: 39836.0 sec
  Load Avg:  1.0400390625  0.966796875  0.9599609375
  WORD_SIZE: 64
  BLAS: libopenblas (USE64BITINT DYNAMIC_ARCH NO_AFFINITY Nehalem)
  LAPACK: libopenblas64_
  LIBM: libopenlibm
  LLVM: libLLVM-3.9.1 (ORCJIT, haswell)
Environment:
  TERM = vt100
  LD_LIBRARY_PATH = :/usr/local/lib/
  PATH = /usr/local/sbin:/usr/local/bin:/usr/sbin:/usr/bin:/sbin:/bin:/usr/games:/usr/local/games:/home/vagrant/julia/bin/
  JAVA_HOME = /usr/lib/jvm/java-8-openjdk-amd64
  HOME = /home/vagrant
Packages:
  Package Directory: /home/vagrant/.julia/v0.7
  Package Status:
2 required packages:
 - CUDAapi                       0.3.0
 - JSON                          0.16.3
2 additional packages:
 - Compat                        0.42.0
 - Nullables                     0.0.2
[ Info: Testing CUDAapi @ Base.Pkg.Entry entry.jl:723
[ Warning: Use of final value of loop variable `name` around /home/vagrant/.julia/v0.7/CUDAapi/src/discovery.jl:58 is deprecated. In the future the variable will be local to the loop instead. @ nothing discovery.jl:58
WARNING: importing deprecated binding Base.Void into CUDAapi.
WARNING: Base.Void is deprecated, use Nothing instead.
  likely near /home/vagrant/.julia/v0.7/CUDAapi/src/discovery.jl:134
WARNING: Base.Void is deprecated, use Nothing instead.
  likely near /home/vagrant/.julia/v0.7/CUDAapi/src/discovery.jl:134
WARNING: Base.Void is deprecated, use Nothing instead.
  likely near /home/vagrant/.julia/v0.7/CUDAapi/src/discovery.jl:134
WARNING: Base.Void is deprecated, use Nothing instead.
  likely near /home/vagrant/.julia/v0.7/CUDAapi/src/discovery.jl:141
WARNING: Base.Void is deprecated, use Nothing instead.
  likely near /home/vagrant/.julia/v0.7/CUDAapi/src/discovery.jl:141
WARNING: Base.Void is deprecated, use Nothing instead.
  likely near /home/vagrant/.julia/v0.7/CUDAapi/src/discovery.jl:141
[ Warning: Use of final value of loop variable `dir` around /home/vagrant/.julia/v0.7/CUDAapi/src/discovery.jl:221 is deprecated. In the future the variable will be local to the loop instead. @ nothing discovery.jl:221
┌ Warning: `warn()` is deprecated, use `@warn` instead.
│   caller = #warn#959(::Base.Iterators.IndexValue{Union{},Union{},Tuple{},NamedTuple{(),Tuple{}}}, ::Function, ::String, ::Vararg{String,N} where N) at deprecated.jl:3644
└ @ Base deprecated.jl:3644
WARNING: Could not find CUDA toolkit; specify using any of the CUDA_PATH, CUDA_HOME or CUDA_ROOT environment variables
Test Failed at /home/vagrant/.julia/v0.7/CUDAapi/test/runtests.jl:33
  Expression: rv != nothing
   Evaluated: nothing != nothing
ERROR: LoadError: There was an error during testing
in expression starting at /home/vagrant/.julia/v0.7/CUDAapi/test/runtests.jl:33
┌ Error: ------------------------------------------------------------
│ # Testing failed for CUDAapi
│   exception = ErrorException("failed process: Process(`/home/vagrant/julia/bin/julia -Cnative -J/home/vagrant/julia/lib/julia/sys.so --compile=yes --depwarn=yes --code-coverage=none --color=no --compiled-modules=yes --check-bounds=yes --warn-overwrite=yes --startup-file=yes /home/vagrant/.julia/v0.7/CUDAapi/test/runtests.jl`, ProcessExited(1)) [1]")
└ @ Base.Pkg.Entry entry.jl:739
ERROR: CUDAapi had test errors

>>> End of log
