>>> 'Pkg.add("CUDAdrv")' log
INFO: Installing CUDAapi v0.1.3
INFO: Installing CUDAdrv v0.5.4
INFO: Building CUDAdrv
===============================[ ERROR: CUDAdrv ]===============================

LoadError: Could not find CUDA driver
while loading /home/vagrant/.julia/v0.5/CUDAdrv/deps/build.jl, in expression starting on line 104

================================================================================

================================[ BUILD ERRORS ]================================

WARNING: CUDAdrv had build errors.

 - packages with build errors remain installed in /home/vagrant/.julia/v0.5
 - build the package(s) and all dependencies with `Pkg.build("CUDAdrv")`
 - build a single package by running its `deps/build.jl` script

================================================================================
INFO: Package database updated
INFO: METADATA is out-of-date — you may not have the latest version of CUDAdrv
INFO: Use `Pkg.update()` to get the latest versions of your packages

>>> 'Pkg.test("CUDAdrv")' log
Package was unable to be tested.

>>> End of log
