>>> 'Pkg.add("CUFFT")' log
WARNING: Base.Pkg is deprecated, run `using Pkg` instead
 in module Main
[ Info: Cloning cache of CUFFT from https://github.com/JuliaGPU/CUFFT.jl.git
[ Info: Installing CUDAapi v0.2.1
[ Info: Installing CUDAdrv v0.6.1
[ Info: Installing CUDArt v0.4.1
[ Info: Installing CUFFT v0.0.4
[ Info: Building CUDAdrv
WARNING: both CUDAapi and Base export "@debug"; uses of it in module __anon__ must be qualified
┌ Error: ------------------------------------------------------------
│ # Build failed for CUDAdrv
│   exception =
│    LoadError: LoadError: UndefVarError: @debug not defined
│    Stacktrace:
│     [1] top-level scope
│     [2] include at ./boot.jl:295 [inlined]
│     [3] include_relative(::Module, ::String) at ./loading.jl:1064
│     [4] include at ./sysimg.jl:27 [inlined]
│     [5] include(::String) at ./loading.jl:1098
│     [6] top-level scope
│     [7] eval at ./boot.jl:298 [inlined]
│     [8] eval at ./sysimg.jl:72 [inlined]
│     [9] evalfile(::String, ::Array{String,1}) at ./loading.jl:1093 (repeats 2 times)
│     [10] #6 at ./none:15 [inlined]
│     [11] cd(::getfield(, Symbol("##6#8")){String}, ::String) at ./file.jl:70
│     [12] (::getfield(, Symbol("##5#7")))(::IOStream) at ./none:14
│     [13] #open#315(::Base.Iterators.Pairs{Union{},Union{},Tuple{},NamedTuple{(),Tuple{}}}, ::Function, ::getfield(, Symbol("##5#7")), ::String, ::Vararg{String,N} where N) at ./iostream.jl:369
│     [14] open(::Function, ::String, ::String) at ./iostream.jl:367
│     [15] top-level scope
│     [16] eval at ./boot.jl:298 [inlined]
│     [17] eval(::Module, ::Expr) at ./sysimg.jl:72
│     [18] exec_options(::Base.JLOptions) at ./client.jl:309
│     [19] _start() at ./client.jl:448
│    in expression starting at /home/vagrant/.julia/v0.7/CUDAdrv/deps/build.jl:86
│    in expression starting at /home/vagrant/.julia/v0.7/CUDAdrv/deps/build.jl:46
└ @ Main none:18
[ Info: Building CUDArt
┌ Warning: Deprecated syntax `type` at /home/vagrant/.julia/v0.7/CUDArt/deps/build.jl:95.
│ Use `mutable struct` instead.
└ @ nothing build.jl:95
┌ Warning: Deprecated syntax `(a < b)?` at /home/vagrant/.julia/v0.7/CUDArt/deps/build.jl:226.
│ Use `(a < b) ?` instead.
└ @ nothing build.jl:226
┌ Warning: Deprecated syntax `(a < b) ?a` at /home/vagrant/.julia/v0.7/CUDArt/deps/build.jl:226.
│ Use `(a < b) ? a` instead.
└ @ nothing build.jl:226
┌ Warning: Deprecated syntax `(a < b) ? a:` at /home/vagrant/.julia/v0.7/CUDArt/deps/build.jl:226.
│ Use `(a < b) ? a :` instead.
└ @ nothing build.jl:226
┌ Warning: Deprecated syntax `(a < b) ? a :b` at /home/vagrant/.julia/v0.7/CUDArt/deps/build.jl:226.
│ Use `(a < b) ? a : b` instead.
└ @ nothing build.jl:226
WARNING: both CUDAapi and Base export "@debug"; uses of it in module __anon__ must be qualified
┌ Error: ------------------------------------------------------------
│ # Build failed for CUDArt
│   exception =
│    LoadError: LoadError: UndefVarError: @debug not defined
│    Stacktrace:
│     [1] top-level scope
│     [2] include at ./boot.jl:295 [inlined]
│     [3] include_relative(::Module, ::String) at ./loading.jl:1064
│     [4] include at ./sysimg.jl:27 [inlined]
│     [5] include(::String) at ./loading.jl:1098
│     [6] top-level scope
│     [7] eval at ./boot.jl:298 [inlined]
│     [8] eval at ./sysimg.jl:72 [inlined]
│     [9] evalfile(::String, ::Array{String,1}) at ./loading.jl:1093 (repeats 2 times)
│     [10] #6 at ./none:15 [inlined]
│     [11] cd(::getfield(, Symbol("##6#8")){String}, ::String) at ./file.jl:70
│     [12] (::getfield(, Symbol("##5#7")))(::IOStream) at ./none:14
│     [13] #open#315(::Base.Iterators.Pairs{Union{},Union{},Tuple{},NamedTuple{(),Tuple{}}}, ::Function, ::getfield(, Symbol("##5#7")), ::String, ::Vararg{String,N} where N) at ./iostream.jl:369
│     [14] open(::Function, ::String, ::String) at ./iostream.jl:367
│     [15] top-level scope
│     [16] eval at ./boot.jl:298 [inlined]
│     [17] eval(::Module, ::Expr) at ./sysimg.jl:72
│     [18] exec_options(::Base.JLOptions) at ./client.jl:309
│     [19] _start() at ./client.jl:448
│    in expression starting at /home/vagrant/.julia/v0.7/CUDArt/deps/build.jl:240
│    in expression starting at /home/vagrant/.julia/v0.7/CUDArt/deps/build.jl:214
└ @ Main none:18
┌ Warning: ------------------------------------------------------------
│ # Build error summary
│ 
│ CUDArt and CUDAdrv had build errors.
│ 
│  - packages with build errors remain installed in /home/vagrant/.julia/v0.7
│  - build the package(s) and all dependencies with `Pkg.build("CUDArt", "CUDAdrv")`
│  - build a single package by running its `deps/build.jl` script
└ @ Pkg.Entry entry.jl:651
[ Info: Package database updated
┌ Info: METADATA is out-of-date — you may not have the latest version of CUFFT
└ Use `Pkg.update()` to get the latest versions of your packages

>>> 'Pkg.test("CUFFT")' log
Package was unable to be tested.

>>> End of log
