>>> 'Pkg.add("Cumulants")' log
INFO: Cloning cache of Cumulants from https://github.com/ZKSI/Cumulants.jl.git
INFO: Cloning cache of SymmetricTensors from https://github.com/ZKSI/SymmetricTensors.jl.git
INFO: Installing BinDeps v0.8.3
INFO: Installing Calculus v0.2.2
INFO: Installing Combinatorics v0.5.0
INFO: Installing Cumulants v0.3.1
INFO: Installing DataStructures v0.7.4
INFO: Installing Distributions v0.15.0
INFO: Installing IterTools v0.2.0
INFO: Installing NullableArrays v0.1.2
INFO: Installing PDMats v0.8.0
INFO: Installing Polynomials v0.2.0
INFO: Installing QuadGK v0.2.0
INFO: Installing Reexport v0.1.0
INFO: Installing Rmath v0.3.1
INFO: Installing SHA v0.5.2
INFO: Installing SortingAlgorithms v0.2.0
INFO: Installing SpecialFunctions v0.3.7
INFO: Installing StatsBase v0.19.5
INFO: Installing StatsFuns v0.5.0
INFO: Installing SymmetricTensors v0.2.1
INFO: Installing URIParser v0.3.0
INFO: Building SpecialFunctions
INFO: Building Rmath
INFO: Package database updated
INFO: METADATA is out-of-date — you may not have the latest version of Cumulants
INFO: Use `Pkg.update()` to get the latest versions of your packages

>>> 'Pkg.test("Cumulants")' log
Julia Version 0.6.2
Commit d386e40c17 (2017-12-13 18:08 UTC)
Platform Info:
  OS: Linux (x86_64-pc-linux-gnu)
  CPU: Intel(R) Xeon(R) CPU E3-1241 v3 @ 3.50GHz
  WORD_SIZE: 64
           Ubuntu 14.04.5 LTS
  uname: Linux 3.13.0-135-generic #184-Ubuntu SMP Wed Oct 18 11:55:51 UTC 2017 x86_64 x86_64
Memory: 2.93927001953125 GB (1184.42578125 MB free)
Uptime: 45082.0 sec
Load Avg:  1.01318359375  1.34375  1.591796875
Intel(R) Xeon(R) CPU E3-1241 v3 @ 3.50GHz: 
       speed         user         nice          sys         idle          irq
#1  3500 MHz    2855088 s       7067 s     137404 s     858537 s         19 s
#2  3500 MHz     767154 s         75 s      68500 s    3595370 s          0 s

  BLAS: libopenblas (USE64BITINT DYNAMIC_ARCH NO_AFFINITY Nehalem)
  LAPACK: libopenblas64_
  LIBM: libopenlibm
  LLVM: libLLVM-3.9.1 (ORCJIT, haswell)
Environment:
  TERM = vt100
  LD_LIBRARY_PATH = :/usr/local/lib/
  PATH = /usr/local/sbin:/usr/local/bin:/usr/sbin:/usr/bin:/sbin:/bin:/usr/games:/usr/local/games:/home/vagrant/julia/bin/
  JAVA_HOME = /usr/lib/jvm/java-8-openjdk-amd64
  HOME = /home/vagrant

Package Directory: /home/vagrant/.julia/v0.6
2 required packages:
 - Cumulants                     0.3.1
 - JSON                          0.16.3
21 additional packages:
 - BinDeps                       0.8.3
 - Calculus                      0.2.2
 - Combinatorics                 0.5.0
 - Compat                        0.45.0
 - DataStructures                0.7.4
 - Distributions                 0.15.0
 - IterTools                     0.2.0
 - NullableArrays                0.1.2
 - Nullables                     0.0.3
 - PDMats                        0.8.0
 - Polynomials                   0.2.0
 - QuadGK                        0.2.0
 - Reexport                      0.1.0
 - Rmath                         0.3.1
 - SHA                           0.5.2
 - SortingAlgorithms             0.2.0
 - SpecialFunctions              0.3.7
 - StatsBase                     0.19.5
 - StatsFuns                     0.5.0
 - SymmetricTensors              0.2.1
 - URIParser                     0.3.0
INFO: Computing test dependencies for Cumulants...
INFO: Cloning cache of NPZ from https://github.com/fhs/NPZ.jl.git
INFO: Installing ArgParse v0.5.0
INFO: Installing ColorTypes v0.6.6
INFO: Installing Colors v0.8.2
INFO: Installing Conda v0.7.1
INFO: Installing FixedPointNumbers v0.4.3
INFO: Installing LaTeXStrings v0.3.0
INFO: Installing MacroTools v0.4.0
INFO: Installing NPZ v0.2.0
INFO: Installing PyCall v1.15.0
INFO: Installing PyPlot v2.3.2
INFO: Installing TextWrap v0.2.0
INFO: Installing ZipFile v0.5.0
INFO: Building Conda
INFO: Building PyCall
INFO: Using the Python distribution in the Conda package by default.
To use a different Python version, set ENV["PYTHON"]="pythoncommand" and re-run Pkg.build("PyCall").
Fetching package metadata .............
Solving package specifications: .

# All requested packages already installed.
# packages in environment at /home/vagrant/.julia/v0.6/Conda/deps/usr:
#
numpy                     1.14.0          py27_blas_openblas_200  [blas_openblas]  conda-forge
INFO: PyCall is using /home/vagrant/.julia/v0.6/Conda/deps/usr/bin/python (Python 2.7.14) at /home/vagrant/.julia/v0.6/Conda/deps/usr/bin/python, libpython = /home/vagrant/.julia/v0.6/Conda/deps/usr/lib/libpython2.7
INFO: /home/vagrant/.julia/v0.6/PyCall/deps/deps.jl has not changed
INFO: /home/vagrant/.julia/v0.6/PyCall/deps/PYTHON has not changed
INFO: Testing Cumulants
WARNING: Method definition ==(Base.Nullable{S}, Base.Nullable{T}) in module Base at nullable.jl:238 overwritten in module NullableArrays at /home/vagrant/.julia/v0.6/NullableArrays/src/operators.jl:99.
Test Summary:    | Pass  Total
Helper functions |    4      4
Test Summary: | Pass  Total
Moment        |    8      8
Test Summary: | Pass  Total
Exceptions    |    2      2
Test Summary:             | Pass  Total
Cumulant helper functions |    9      9
Test Summary:                     | Pass  Total
Cumulants vs naive implementation |   13     13
Test Summary:               | Pass  Total
test pyramid implementation |    8      8
Test Summary:                         | Pass  Total
Tests implementation from raw moments |    5      5
Test Summary:                                     | Pass  Total
Cumulants vs pyramid implementation square blocks |    9      9
WARNING: Method definition ==(Base.Nullable{S}, Base.Nullable{T}) in module Base at nullable.jl:238 overwritten in module NullableArrays at /home/vagrant/.julia/v0.6/NullableArrays/src/operators.jl:99.
WARNING: Method definition ==(Base.Nullable{S}, Base.Nullable{T}) in module Base at nullable.jl:238 overwritten in module NullableArrays at /home/vagrant/.julia/v0.6/NullableArrays/src/operators.jl:99.
WARNING: Method definition ==(Base.Nullable{S}, Base.Nullable{T}) in module Base at nullable.jl:238 overwritten in module NullableArrays at /home/vagrant/.julia/v0.6/NullableArrays/src/operators.jl:99.
Test Summary:                     | Pass  Total
Cumulants parallel implementation |    7      7
INFO: Cumulants tests passed
INFO: Removing ArgParse v0.5.0
INFO: Removing ColorTypes v0.6.6
INFO: Removing Colors v0.8.2
INFO: Removing Conda v0.7.1
INFO: Removing FixedPointNumbers v0.4.3
INFO: Removing LaTeXStrings v0.3.0
INFO: Removing MacroTools v0.4.0
INFO: Removing NPZ v0.2.0
INFO: Removing PyCall v1.15.0
INFO: Removing PyPlot v2.3.2
INFO: Removing TextWrap v0.2.0
INFO: Removing ZipFile v0.5.0

>>> End of log
