>>> 'Pkg.add("CUSOLVER")' log
INFO: Cloning cache of CUSOLVER from https://github.com/JuliaGPU/CUSOLVER.jl.git
INFO: Cloning cache of CUSPARSE from https://github.com/JuliaGPU/CUSPARSE.jl.git
INFO: Installing CUBLAS v0.1.0
INFO: Installing CUDAdrv v0.3.1
INFO: Installing CUDArt v0.3.0
INFO: Installing CUSOLVER v0.2.0
INFO: Installing CUSPARSE v0.6.0
INFO: Building CUDAdrv
===============================[ ERROR: CUDAdrv ]===============================

LoadError: CUDA driver library cannot be found (specify the path to libcuda using the CUDA_DRIVER environment variable).
while loading /home/vagrant/.julia/v0.6/CUDAdrv/deps/build.jl, in expression starting on line 99

================================================================================
INFO: Building CUDArt
===============================[ ERROR: CUDArt ]================================

LoadError: CUDA runtime library cannot be found.
while loading /home/vagrant/.julia/v0.6/CUDArt/deps/build.jl, in expression starting on line 380

================================================================================

================================[ BUILD ERRORS ]================================

WARNING: CUDArt and CUDAdrv had build errors.

 - packages with build errors remain installed in /home/vagrant/.julia/v0.6
 - build the package(s) and all dependencies with `Pkg.build("CUDArt", "CUDAdrv")`
 - build a single package by running its `deps/build.jl` script

================================================================================
INFO: Package database updated
INFO: METADATA is out-of-date — you may not have the latest version of CUSOLVER
INFO: Use `Pkg.update()` to get the latest versions of your packages

>>> 'Pkg.test("CUSOLVER")' log
Package was unable to be tested.

>>> End of log
