>>> 'Pkg.add("CustomUnitRanges")' log
[ Info: Installing CustomUnitRanges v0.1.0 @ Base.Pkg.Entry entry.jl:543
[ Info: Package database updated @ Base.Pkg.Entry entry.jl:32
┌ Info: METADATA is out-of-date — you may not have the latest version of CustomUnitRanges
│ Use `Pkg.update()` to get the latest versions of your packages
└ @ Base.Pkg.Entry entry.jl:74

>>> 'Pkg.test("CustomUnitRanges")' log
Julia Version 0.7.0-DEV.3309
Commit b96097b66f (2018-01-07 00:26 UTC)
Platform Info:
  OS: Linux (x86_64-pc-linux-gnu)
      Ubuntu 14.04.5 LTS
  uname: Linux 3.13.0-135-generic #184-Ubuntu SMP Wed Oct 18 11:55:51 UTC 2017 x86_64 x86_64
  CPU: Intel(R) Xeon(R) CPU E3-1241 v3 @ 3.50GHz: 
              speed         user         nice          sys         idle          irq
       #1  3500 MHz    2611123 s        105 s     139109 s     748100 s         16 s
       #2  3500 MHz     619542 s         73 s      58265 s    3377013 s          0 s
       
  Memory: 2.93927001953125 GB (631.78515625 MB free)
  Uptime: 41256.0 sec
  Load Avg:  0.9970703125  0.9853515625  1.029296875
  WORD_SIZE: 64
  BLAS: libopenblas (USE64BITINT DYNAMIC_ARCH NO_AFFINITY Nehalem)
  LAPACK: libopenblas64_
  LIBM: libopenlibm
  LLVM: libLLVM-3.9.1 (ORCJIT, haswell)
Environment:
  TERM = vt100
  LD_LIBRARY_PATH = :/usr/local/lib/
  PATH = /usr/local/sbin:/usr/local/bin:/usr/sbin:/usr/bin:/sbin:/bin:/usr/games:/usr/local/games:/home/vagrant/julia/bin/
  JAVA_HOME = /usr/lib/jvm/java-8-openjdk-amd64
  HOME = /home/vagrant
Packages:
  Package Directory: /home/vagrant/.julia/v0.7
  Package Status:
2 required packages:
 - CustomUnitRanges              0.1.0
 - JSON                          0.16.3
2 additional packages:
 - Compat                        0.43.0
 - Nullables                     0.0.2
[ Info: Testing CustomUnitRanges @ Base.Pkg.Entry entry.jl:723
WARNING: Base.Test is deprecated, run `using Test` instead.
  likely near /home/vagrant/.julia/v0.7/CustomUnitRanges/test/runtests.jl:1
ERROR: LoadError: LoadError: ArgumentError: Module ModZ not found in current path.
Run `Pkg.add("ModZ")` to install the ModZ package.
Stacktrace:
 [1] _require(::Symbol) at ./loading.jl:411
 [2] require(::Symbol) at ./loading.jl:333
 [3] include at ./boot.jl:295 [inlined]
 [4] include_relative(::Module, ::String) at ./loading.jl:521
 [5] include(::Module, ::String) at ./sysimg.jl:26
 [6] include(::String) at ./sysimg.jl:65
 [7] top-level scope
 [8] include at ./boot.jl:295 [inlined]
 [9] include_relative(::Module, ::String) at ./loading.jl:521
 [10] include(::Module, ::String) at ./sysimg.jl:26
 [11] process_options(::Base.JLOptions) at ./client.jl:324
 [12] _start() at ./client.jl:375
in expression starting at /home/vagrant/.julia/v0.7/CustomUnitRanges/test/zerorange.jl:8
in expression starting at /home/vagrant/.julia/v0.7/CustomUnitRanges/test/runtests.jl:3
┌ Error: ------------------------------------------------------------
│ # Testing failed for CustomUnitRanges
│   exception = ErrorException("failed process: Process(`/home/vagrant/julia/bin/julia -Cnative -J/home/vagrant/julia/lib/julia/sys.so --compile=yes --depwarn=yes --code-coverage=none --color=no --compiled-modules=yes --check-bounds=yes --warn-overwrite=yes --startup-file=yes /home/vagrant/.julia/v0.7/CustomUnitRanges/test/runtests.jl`, ProcessExited(1)) [1]")
└ @ Base.Pkg.Entry entry.jl:739
ERROR: CustomUnitRanges had test errors

>>> End of log
