>>> 'Pkg.add("Dagger")' log
INFO: Cloning cache of Dagger from https://github.com/JuliaParallel/Dagger.jl.git
INFO: Installing Dagger v0.2.2
INFO: Installing Logging v0.3.1
INFO: Package database updated

>>> 'Pkg.test("Dagger")' log
Julia Version 0.5.2
Commit f4c6c9d (2017-05-06 16:34 UTC)
Platform Info:
  OS: Linux (x86_64-pc-linux-gnu)
  CPU: Intel(R) Xeon(R) CPU E3-1241 v3 @ 3.50GHz
  WORD_SIZE: 64
           Ubuntu 14.04.5 LTS
  uname: Linux 3.13.0-135-generic #184-Ubuntu SMP Wed Oct 18 11:55:51 UTC 2017 x86_64 x86_64
Memory: 2.93927001953125 GB (1113.8125 MB free)
Uptime: 27445.0 sec
Load Avg:  1.18798828125  1.66162109375  1.83056640625
Intel(R) Xeon(R) CPU E3-1241 v3 @ 3.50GHz: 
       speed         user         nice          sys         idle          irq
#1  3500 MHz    1744290 s       4521 s     152127 s     521090 s         28 s
#2  3500 MHz     628981 s       3304 s      75257 s    1971758 s          1 s

  BLAS: libopenblas (USE64BITINT DYNAMIC_ARCH NO_AFFINITY Nehalem)
  LAPACK: libopenblas64_
  LIBM: libopenlibm
  LLVM: libLLVM-3.7.1 (ORCJIT, haswell)
Environment:
  TERM = vt100
  LD_LIBRARY_PATH = :/usr/local/lib/
  PATH = /usr/local/sbin:/usr/local/bin:/usr/sbin:/usr/bin:/sbin:/bin:/usr/games:/usr/local/games:/home/vagrant/julia/bin/
  JAVA_HOME = /usr/lib/jvm/java-8-openjdk-amd64
  HOME = /home/vagrant

Package Directory: /home/vagrant/.julia/v0.5
2 required packages:
 - Dagger                        0.2.2
 - JSON                          0.14.0
2 additional packages:
 - Compat                        0.37.0
 - Logging                       0.3.1
INFO: Computing test dependencies for Dagger...
INFO: Installing BaseTestNext v0.2.2
INFO: Testing Dagger
Test Summary: | Pass  Total
  UnitDomain  |    1      1
Test Summary: | Pass  Total
  ArrayDomain |   13     13
Test Summary: | Pass  Total
  rand        |   19     19
Test Summary:  | Pass  Total
  sum(ones(...)) |    1      1
Test Summary:         | Pass  Total
  distributing an array |    1      1
Test Summary: | Pass  Total
  transpose   |   16     16
Test Summary:          | Pass  Total
  matrix-matrix multiply |    8      8
Test Summary: | Pass  Total
  concat      |    4      4
Test Summary: | Pass  Total
  scale       |    1      1
Test Summary: | Pass  Total
  Getindex    |   18     18
Test Summary: | Pass  Total
  cleanup     |    1      1
Test Summary: | Pass  Total
  sort        |    8      8
Test Summary: | Pass  Total
  reducedim   |    4      4
Test Summary: | Pass  Total
  setindex    |    2      2
Test Summary: | Pass  Total
  cache       |    4      4
INFO: Dagger tests passed
INFO: Removing BaseTestNext v0.2.2

>>> End of log
