>>> 'Pkg.add("DASSL")' log
INFO: Cloning cache of DASSL from https://github.com/pwl/DASSL.jl.git
INFO: Installing DASSL v0.0.4
INFO: Package database updated
INFO: METADATA is out-of-date — you may not have the latest version of DASSL
INFO: Use `Pkg.update()` to get the latest versions of your packages

>>> 'Pkg.test("DASSL")' log
Julia Version 0.5.0-rc2+0
Commit 0350e57 (2016-08-12 11:25 UTC)
Platform Info:
  System: Linux (x86_64-unknown-linux-gnu)
  CPU: Intel(R) Xeon(R) CPU E3-1241 v3 @ 3.50GHz
  WORD_SIZE: 64
           Ubuntu 14.04.5 LTS
  uname: Linux 3.13.0-93-generic #140-Ubuntu SMP Mon Jul 18 21:21:05 UTC 2016 x86_64 x86_64
Memory: 2.4471054077148438 GB (1051.53515625 MB free)
Uptime: 12808.0 sec
Load Avg:  1.01416015625  1.03564453125  1.091796875
Intel(R) Xeon(R) CPU E3-1241 v3 @ 3.50GHz: 
       speed         user         nice          sys         idle          irq
#1  3499 MHz     702731 s         78 s      86044 s     311343 s         22 s
#2  3499 MHz     221026 s         65 s      41360 s     973424 s          0 s

  BLAS: libopenblas (USE64BITINT DYNAMIC_ARCH NO_AFFINITY Nehalem)
  LAPACK: libopenblas64_
  LIBM: libopenlibm
  LLVM: libLLVM-3.7.1 (ORCJIT, haswell)
Environment:
  TERM = vt100
  LD_LIBRARY_PATH = :/usr/local/lib/
  PATH = /usr/local/sbin:/usr/local/bin:/usr/sbin:/usr/bin:/sbin:/bin:/usr/games:/usr/local/games:/home/vagrant/julia/bin/
  JAVA_HOME = /usr/lib/jvm/java-7-oracle
  HOME = /home/vagrant

Package Directory: /home/vagrant/.julia/v0.5
2 required packages:
 - DASSL                         0.0.4
 - JSON                          0.6.0
1 additional packages:
 - Compat                        0.8.7
INFO: Testing DASSL
INFO: DASSL tests passed

>>> End of log
