>>> 'Pkg.add("DataAssim")' log
INFO: Cloning cache of DataAssim from https://github.com/Alexander-Barth/DataAssim.jl.git
INFO: Installing DataAssim v0.0.2
INFO: Package database updated
INFO: METADATA is out-of-date — you may not have the latest version of DataAssim
INFO: Use `Pkg.update()` to get the latest versions of your packages

>>> 'Pkg.test("DataAssim")' log
Julia Version 0.4.7
Commit ae26b25 (2016-09-18 16:17 UTC)
Platform Info:
  System: Linux (x86_64-pc-linux-gnu)
  CPU: Intel(R) Xeon(R) CPU E3-1241 v3 @ 3.50GHz
  WORD_SIZE: 64
           Ubuntu 14.04.5 LTS
  uname: Linux 3.13.0-115-generic #162-Ubuntu SMP Fri Mar 24 16:03:51 UTC 2017 x86_64 x86_64
Memory: 2.9392738342285156 GB (1078.40625 MB free)
Uptime: 18470.0 sec
Load Avg:  1.07470703125  1.04345703125  1.04931640625
Intel(R) Xeon(R) CPU E3-1241 v3 @ 3.50GHz: 
       speed         user         nice          sys         idle          irq
#1  3499 MHz     852038 s       1821 s      71232 s     739417 s         43 s
#2  3499 MHz     579063 s       4598 s      61670 s    1137527 s          0 s

  BLAS: libopenblas (USE64BITINT DYNAMIC_ARCH NO_AFFINITY Nehalem)
  LAPACK: libopenblas64_
  LIBM: libopenlibm
  LLVM: libLLVM-3.3
Environment:
  TERM = vt100
  LD_LIBRARY_PATH = :/usr/local/lib/
  PATH = /usr/local/sbin:/usr/local/bin:/usr/sbin:/usr/bin:/sbin:/bin:/usr/games:/usr/local/games:/home/vagrant/julia/bin/
  JAVA_HOME = /usr/lib/jvm/java-7-oracle
  HOME = /home/vagrant

Package Directory: /home/vagrant/.julia/v0.4
2 required packages:
 - DataAssim                     0.0.2
 - JSON                          0.8.3
1 additional packages:
 - Compat                        0.21.0
INFO: Testing DataAssim
INFO: DataAssim tests passed

>>> End of log
