>>> 'Pkg.add("DatasetsCF")' log
INFO: Cloning cache of DatasetsCF from https://github.com/JuliaRecsys/DatasetsCF.jl.git
INFO: Cloning cache of Persa from https://github.com/JuliaRecsys/Persa.jl.git
INFO: Installing BinDeps v0.8.8
INFO: Installing BinaryProvider v0.3.3
INFO: Installing DataArrays v0.6.2
INFO: Installing DataFrames v0.10.1
INFO: Installing DataStructures v0.8.4
INFO: Installing DatasetsCF v0.2.1
INFO: Installing Distances v0.6.0
INFO: Installing FileIO v0.9.1
INFO: Installing GZip v0.4.0
INFO: Installing IterTools v0.2.1
INFO: Installing MLBase v0.7.0
INFO: Installing Missings v0.2.10
INFO: Installing Persa v0.0.4
INFO: Installing Reexport v0.1.0
INFO: Installing SHA v0.5.7
INFO: Installing SortingAlgorithms v0.2.1
INFO: Installing SpecialFunctions v0.6.0
INFO: Installing StatsBase v0.23.1
INFO: Installing URIParser v0.3.1
INFO: Building SpecialFunctions
INFO: Package database updated
INFO: METADATA is out-of-date — you may not have the latest version of DatasetsCF
INFO: Use `Pkg.update()` to get the latest versions of your packages

>>> 'Pkg.test("DatasetsCF")' log
Julia Version 0.6.4
Commit 9d11f62bcb (2018-07-09 19:09 UTC)
Platform Info:
  OS: Linux (x86_64-pc-linux-gnu)
  CPU: Intel(R) Xeon(R) CPU E3-1241 v3 @ 3.50GHz
  WORD_SIZE: 64
           Ubuntu 14.04.5 LTS
  uname: Linux 3.13.0-143-generic #192-Ubuntu SMP Tue Feb 27 10:45:36 UTC 2018 x86_64 x86_64
Memory: 2.939197540283203 GB (1990.88671875 MB free)
Uptime: 53054.0 sec
Load Avg:  1.208984375  1.251953125  1.13427734375
Intel(R) Xeon(R) CPU E3-1241 v3 @ 3.50GHz: 
       speed         user         nice          sys         idle          irq
#1  3501 MHz    3267262 s       4397 s     238478 s    1004333 s         12 s
#2  3501 MHz     856289 s         87 s     105394 s    4239502 s          0 s

  BLAS: libopenblas (USE64BITINT DYNAMIC_ARCH NO_AFFINITY Nehalem MAX_THREADS=16)
  LAPACK: libopenblas64_
  LIBM: libopenlibm
  LLVM: libLLVM-3.9.1 (ORCJIT, haswell)
Environment:
  TERM = vt100
  LD_LIBRARY_PATH = :/usr/local/lib/
  PATH = /usr/local/sbin:/usr/local/bin:/usr/sbin:/usr/bin:/sbin:/bin:/usr/games:/usr/local/games:/home/vagrant/julia/bin/
  JAVA_HOME = /usr/lib/jvm/java-8-openjdk-amd64
  HOME = /home/vagrant

Package Directory: /home/vagrant/.julia/v0.6
2 required packages:
 - DatasetsCF                    0.2.1
 - JSON                          0.17.2
20 additional packages:
 - BinDeps                       0.8.8
 - BinaryProvider                0.3.3
 - Compat                        1.0.0
 - DataArrays                    0.6.2
 - DataFrames                    0.10.1
 - DataStructures                0.8.4
 - Distances                     0.6.0
 - FileIO                        0.9.1
 - GZip                          0.4.0
 - IterTools                     0.2.1
 - MLBase                        0.7.0
 - Missings                      0.2.10
 - Nullables                     0.0.6
 - Persa                         0.0.4
 - Reexport                      0.1.0
 - SHA                           0.5.7
 - SortingAlgorithms             0.2.1
 - SpecialFunctions              0.6.0
 - StatsBase                     0.23.1
 - URIParser                     0.3.1
INFO: Testing DatasetsCF
  % Total    % Received % Xferd  Average Speed   Time    Time     Time  Current
                                 Dload  Upload   Total   Spent    Left  Speed
  0     0    0     0    0     0      0      0 --:--:-- --:--:-- --:--:--     0  0     0    0     0    0     0      0      0 --:--:-- --:--:-- --:--:--     0 20 4808k   20  984k    0     0   679k      0  0:00:07  0:00:01  0:00:06  679k 37 4808k   37 1826k    0     0   743k      0  0:00:06  0:00:02  0:00:04  743k 43 4808k   43 2097k    0     0   607k      0  0:00:07  0:00:03  0:00:04  607k 60 4808k   60 2910k    0     0   651k      0  0:00:07  0:00:04  0:00:03  651k 74 4808k   74 3564k    0     0   653k      0  0:00:07  0:00:05  0:00:02  660k 96 4808k   96 4632k    0     0   716k      0  0:00:06  0:00:06 --:--:--  726k100 4808k  100 4808k    0     0   742k      0  0:00:06  0:00:06 --:--:--  742k
Archive:  /tmp/juliawyDI6L
   creating: /home/vagrant/.julia/v0.6/DatasetsCF/src/../datasets/ml-100k/
  inflating: /home/vagrant/.julia/v0.6/DatasetsCF/src/../datasets/ml-100k/allbut.pl  
  inflating: /home/vagrant/.julia/v0.6/DatasetsCF/src/../datasets/ml-100k/mku.sh  
  inflating: /home/vagrant/.julia/v0.6/DatasetsCF/src/../datasets/ml-100k/README  
  inflating: /home/vagrant/.julia/v0.6/DatasetsCF/src/../datasets/ml-100k/u.data  
  inflating: /home/vagrant/.julia/v0.6/DatasetsCF/src/../datasets/ml-100k/u.genre  
  inflating: /home/vagrant/.julia/v0.6/DatasetsCF/src/../datasets/ml-100k/u.info  
  inflating: /home/vagrant/.julia/v0.6/DatasetsCF/src/../datasets/ml-100k/u.item  
  inflating: /home/vagrant/.julia/v0.6/DatasetsCF/src/../datasets/ml-100k/u.occupation  
  inflating: /home/vagrant/.julia/v0.6/DatasetsCF/src/../datasets/ml-100k/u.user  
  inflating: /home/vagrant/.julia/v0.6/DatasetsCF/src/../datasets/ml-100k/u1.base  
  inflating: /home/vagrant/.julia/v0.6/DatasetsCF/src/../datasets/ml-100k/u1.test  
  inflating: /home/vagrant/.julia/v0.6/DatasetsCF/src/../datasets/ml-100k/u2.base  
  inflating: /home/vagrant/.julia/v0.6/DatasetsCF/src/../datasets/ml-100k/u2.test  
  inflating: /home/vagrant/.julia/v0.6/DatasetsCF/src/../datasets/ml-100k/u3.base  
  inflating: /home/vagrant/.julia/v0.6/DatasetsCF/src/../datasets/ml-100k/u3.test  
  inflating: /home/vagrant/.julia/v0.6/DatasetsCF/src/../datasets/ml-100k/u4.base  
  inflating: /home/vagrant/.julia/v0.6/DatasetsCF/src/../datasets/ml-100k/u4.test  
  inflating: /home/vagrant/.julia/v0.6/DatasetsCF/src/../datasets/ml-100k/u5.base  
  inflating: /home/vagrant/.julia/v0.6/DatasetsCF/src/../datasets/ml-100k/u5.test  
  inflating: /home/vagrant/.julia/v0.6/DatasetsCF/src/../datasets/ml-100k/ua.base  
  inflating: /home/vagrant/.julia/v0.6/DatasetsCF/src/../datasets/ml-100k/ua.test  
  inflating: /home/vagrant/.julia/v0.6/DatasetsCF/src/../datasets/ml-100k/ub.base  
  inflating: /home/vagrant/.julia/v0.6/DatasetsCF/src/../datasets/ml-100k/ub.test  
  % Total    % Received % Xferd  Average Speed   Time    Time     Time  Current
                                 Dload  Upload   Total   Spent    Left  Speed
  0     0    0     0    0     0      0      0 --:--:-- --:--:-- --:--:--     0100 5778k  100 5778k    0     0  13.7M      0 --:--:-- --:--:-- --:--:-- 13.7M
Archive:  /tmp/juliaVV1QhE
   creating: /home/vagrant/.julia/v0.6/DatasetsCF/src/../datasets/ml-1m/
  inflating: /home/vagrant/.julia/v0.6/DatasetsCF/src/../datasets/ml-1m/movies.dat  
  inflating: /home/vagrant/.julia/v0.6/DatasetsCF/src/../datasets/ml-1m/ratings.dat  
  inflating: /home/vagrant/.julia/v0.6/DatasetsCF/src/../datasets/ml-1m/README  
  inflating: /home/vagrant/.julia/v0.6/DatasetsCF/src/../datasets/ml-1m/users.dat  
INFO: DatasetsCF tests passed

>>> End of log
