>>> 'Pkg.add("DataDepsGenerators")' log
INFO: Cloning cache of DataDepsGenerators from https://github.com/oxinabox/DataDepsGenerators.jl.git
INFO: Cloning cache of Suppressor from https://github.com/Ismael-VC/Suppressor.jl.git
INFO: Installing AbstractTrees v0.1.0
INFO: Installing BinDeps v0.8.6
INFO: Installing Cascadia v0.2.0
INFO: Installing DataDepsGenerators v0.2.0
INFO: Installing Gumbo v0.4.0
INFO: Installing SHA v0.5.3
INFO: Installing Suppressor v0.0.5
INFO: Installing URIParser v0.3.0
INFO: Building Gumbo
INFO: Package database updated
INFO: METADATA is out-of-date — you may not have the latest version of DataDepsGenerators
INFO: Use `Pkg.update()` to get the latest versions of your packages

>>> 'Pkg.test("DataDepsGenerators")' log
Julia Version 0.6.2
Commit d386e40c17 (2017-12-13 18:08 UTC)
Platform Info:
  OS: Linux (x86_64-pc-linux-gnu)
  CPU: Intel(R) Xeon(R) CPU E3-1241 v3 @ 3.50GHz
  WORD_SIZE: 64
           Ubuntu 14.04.5 LTS
  uname: Linux 3.13.0-135-generic #184-Ubuntu SMP Wed Oct 18 11:55:51 UTC 2017 x86_64 x86_64
Memory: 2.93927001953125 GB (1505.1484375 MB free)
Uptime: 51578.0 sec
Load Avg:  0.9248046875  0.96044921875  1.07080078125
Intel(R) Xeon(R) CPU E3-1241 v3 @ 3.50GHz: 
       speed         user         nice          sys         idle          irq
#1  3499 MHz    3259417 s         65 s     153832 s     971595 s         34 s
#2  3499 MHz     979358 s        103 s      84770 s    3991759 s          0 s

  BLAS: libopenblas (USE64BITINT DYNAMIC_ARCH NO_AFFINITY Nehalem)
  LAPACK: libopenblas64_
  LIBM: libopenlibm
  LLVM: libLLVM-3.9.1 (ORCJIT, haswell)
Environment:
  TERM = vt100
  LD_LIBRARY_PATH = :/usr/local/lib/
  PATH = /usr/local/sbin:/usr/local/bin:/usr/sbin:/usr/bin:/sbin:/bin:/usr/games:/usr/local/games:/home/vagrant/julia/bin/
  JAVA_HOME = /usr/lib/jvm/java-8-openjdk-amd64
  HOME = /home/vagrant

Package Directory: /home/vagrant/.julia/v0.6
2 required packages:
 - DataDepsGenerators            0.2.0
 - JSON                          0.16.4
9 additional packages:
 - AbstractTrees                 0.1.0
 - BinDeps                       0.8.6
 - Cascadia                      0.2.0
 - Compat                        0.49.0
 - Gumbo                         0.4.0
 - Nullables                     0.0.3
 - SHA                           0.5.3
 - Suppressor                    0.0.5
 - URIParser                     0.3.0
INFO: Computing test dependencies for DataDepsGenerators...
INFO: Cloning cache of DeepDiffs from https://github.com/ssfrr/DeepDiffs.jl.git
INFO: Cloning cache of TestSetExtensions from https://github.com/ssfrr/TestSetExtensions.jl.git
INFO: Installing AbstractFFTs v0.2.1
INFO: Installing AxisAlgorithms v0.2.0
INFO: Installing AxisArrays v0.2.0
INFO: Installing Calculus v0.2.2
INFO: Installing CatIndices v0.1.0
INFO: Installing ColorTypes v0.6.6
INFO: Installing ColorVectorSpace v0.5.2
INFO: Installing Colors v0.8.2
INFO: Installing ComputationalResources v0.2.0
INFO: Installing CoordinateTransformations v0.4.1
INFO: Installing Crayons v0.4.1
INFO: Installing CustomUnitRanges v0.1.0
INFO: Installing DataStructures v0.7.4
INFO: Installing DeepDiffs v1.0.1
INFO: Installing DualNumbers v0.3.0
INFO: Installing FFTViews v0.1.0
INFO: Installing FFTW v0.0.4
INFO: Installing FileIO v0.6.1
INFO: Installing FixedPointNumbers v0.4.3
INFO: Installing Graphics v0.2.0
INFO: Installing IdentityRanges v0.1.0
INFO: Installing ImageAxes v0.4.0
INFO: Installing ImageCore v0.5.0
INFO: Installing ImageFiltering v0.2.3
INFO: Installing ImageInTerminal v0.2.1
INFO: Installing ImageMetadata v0.4.0
INFO: Installing ImageMorphology v0.0.2
INFO: Installing ImageTransformations v0.4.1
INFO: Installing Images v0.12.0
INFO: Installing IndirectArrays v0.3.0
INFO: Installing Interpolations v0.7.3
INFO: Installing IntervalSets v0.1.1
INFO: Installing IterTools v0.2.1
INFO: Installing MacroTools v0.4.0
INFO: Installing MappedArrays v0.0.7
INFO: Installing NaNMath v0.3.0
INFO: Installing OffsetArrays v0.4.2
INFO: Installing PaddedViews v0.2.0
INFO: Installing RangeArrays v0.2.0
INFO: Installing Ratios v0.2.0
INFO: Installing Reexport v0.1.0
INFO: Installing ReferenceTests v0.1.0
INFO: Installing Requires v0.4.3
INFO: Installing Rotations v0.6.1
INFO: Installing SIUnits v0.1.0
INFO: Installing ShowItLikeYouBuildIt v0.2.0
INFO: Installing SimpleTraits v0.5.1
INFO: Installing SortingAlgorithms v0.2.0
INFO: Installing SpecialFunctions v0.3.8
INFO: Installing StaticArrays v0.6.6
INFO: Installing StatsBase v0.19.5
INFO: Installing TestSetExtensions v1.1.1
INFO: Installing TexExtensions v0.1.0
INFO: Installing TiledIteration v0.1.0
INFO: Installing WoodburyMatrices v0.2.2
INFO: Building SpecialFunctions
INFO: Building FFTW
INFO: Testing DataDepsGenerators
.......

Test Summary: | Pass  Total
UCI           |    7      7
....Test for "buzzfeed primates.txt" failed.
- REFERENCE -------------------
RegisterDataDep(
    "Primates in biodefense research Data and analysis",
    """
	Dataset: Primates in biodefense research: Data and analysis
	Website: https://github.com/BuzzFeedNews/2015-07-primates
	# Primates in biodefense research: Data and analysis
	
	This repository contains data and script to repeat the reported analysis. It contains the following:
	
	- `facility.txt` `report.txt` Raw data files downloaded from the USDA's [Animal Care Information System](https://acissearch.aphis.usda.gov/LPASearch/faces/CustomerSearch.jspx) database on May 13, 2015.
	- `facility.json` `report.json` Files to process/clean the data above using [Open Refine](http://openrefine.org/). Load each `.txt` file as a new project, select the `Undo/Redo` tab, click the `Apply` button and then paste the content of the corresponding `.json` file into the `Apply Operation History` box. Click `Perform Operations` and the data will be processed to edit field headings, and ensure that entries for primates are labelled consistently as `NONHUMAN PRIMATES` in the field `col_a`. Then export the data from each project as a tab-separated text file.
	- `facility.tsv` `report.tsv` Processed/cleaned versions of the data, exported from Open Refine.
	- `primates.r` [R](http://www.r-project.org/) script to repeat the analysis reported in the article, using the processed/cleaned data. The script will generate a static version of the published interactive chart.
	
	
	
	
	
	
	
	""",
    Any["https://cdn.rawgit.com/BuzzFeedNews/2015-07-primates/7758abd/README.md", "https://cdn.rawgit.com/BuzzFeedNews/2015-07-primates/7758abd/facility.json", "https://cdn.rawgit.com/BuzzFeedNews/2015-07-primates/7758abd/facility.tsv", "https://cdn.rawgit.com/BuzzFeedNews/2015-07-primates/7758abd/facility.txt", "https://cdn.rawgit.com/BuzzFeedNews/2015-07-primates/7758abd/primates.r", "https://cdn.rawgit.com/BuzzFeedNews/2015-07-primates/7758abd/report.json", "https://cdn.rawgit.com/BuzzFeedNews/2015-07-primates/7758abd/report.tsv", "https://cdn.rawgit.com/BuzzFeedNews/2015-07-primates/7758abd/report.txt"]
)

-------------------------------
- ACTUAL ----------------------
RegisterDataDep(
    "Primates in biodefense research Data and analysis",
    """
	Dataset: Primates in biodefense research: Data and analysis
	Website: https://github.com/BuzzFeedNews/2015-07-primates
	# Primates in biodefense research: Data and analysis
	
	This repository contains data and script to repeat the reported analysis. It contains the following:
	
	- `facility.txt` `report.txt` Raw data files downloaded from the USDA's [Animal Care Information System](https://acissearch.aphis.usda.gov/LPASearch/faces/CustomerSearch.jspx) database on May 13, 2015.
	- `facility.json` `report.json` Files to process/clean the data above using [Open Refine](http://openrefine.org/). Load each `.txt` file as a new project, select the `Undo/Redo` tab, click the `Apply` button and then paste the content of the corresponding `.json` file into the `Apply Operation History` box. Click `Perform Operations` and the data will be processed to edit field headings, and ensure that entries for primates are labelled consistently as `NONHUMAN PRIMATES` in the field `col_a`. Then export the data from each project as a tab-separated text file.
	- `facility.tsv` `report.tsv` Processed/cleaned versions of the data, exported from Open Refine.
	- `primates.r` [R](http://www.r-project.org/) script to repeat the analysis reported in the article, using the processed/cleaned data. The script will generate a static version of the published interactive chart.
	
	
	
	
	
	
	
	""",
    Any["https://cdn.rawgit.com/BuzzFeedNews/2015-07-primates//README.md", "https://cdn.rawgit.com/BuzzFeedNews/2015-07-primates//facility.json", "https://cdn.rawgit.com/BuzzFeedNews/2015-07-primates//facility.tsv", "https://cdn.rawgit.com/BuzzFeedNews/2015-07-primates//facility.txt", "https://cdn.rawgit.com/BuzzFeedNews/2015-07-primates//primates.r", "https://cdn.rawgit.com/BuzzFeedNews/2015-07-primates//report.json", "https://cdn.rawgit.com/BuzzFeedNews/2015-07-primates//report.tsv", "https://cdn.rawgit.com/BuzzFeedNews/2015-07-primates//report.txt"]
)

-------------------------------

=====================================================
BuzzFeedNews (whole repos): Error During Test
  Got an exception of type ErrorException outside of a @test
  You need to run the tests interactively with 'include("test/runtests.jl")' to update reference images
  Stacktrace:
   [1] test_reference_string(::FileIO.File{FileIO.DataFormat{:TXT}}, ::Array{SubString{String},1}) at /home/vagrant/.julia/v0.6/ReferenceTests/src/string.jl:87
   [2] test_reference(::FileIO.File{FileIO.DataFormat{:TXT}}, ::String) at /home/vagrant/.julia/v0.6/ReferenceTests/src/string.jl:5
   [3] #test_reference#1(::Array{Any,1}, ::Function, ::String, ::String) at /home/vagrant/.julia/v0.6/ReferenceTests/src/test_reference.jl:60
   [4] macro expansion at /home/vagrant/.julia/v0.6/DataDepsGenerators/test/GitHub.jl:22 [inlined]
   [5] macro expansion at ./test.jl:860 [inlined]
   [6] anonymous at ./<missing>:?
   [7] include_from_node1(::String) at ./loading.jl:576
   [8] include(::String) at ./sysimg.jl:14
   [9] macro expansion at /home/vagrant/.julia/v0.6/DataDepsGenerators/test/runtests.jl:11 [inlined]
   [10] macro expansion at ./test.jl:860 [inlined]
   [11] macro expansion at /home/vagrant/.julia/v0.6/DataDepsGenerators/test/runtests.jl:10 [inlined]
   [12] anonymous at ./<missing>:?
   [13] include_from_node1(::String) at ./loading.jl:576
   [14] include(::String) at ./sysimg.jl:14
   [15] process_options(::Base.JLOptions) at ./client.jl:305
   [16] _start() at ./client.jl:371
=====================================================


Test Summary:                         | Pass  Error  Total
GitHub                                |    4      1      5
  fivethirtyeight (folders in 1 repo) |    3             3
  BuzzFeedNews (whole repos)          |    1      1      2
ERROR: LoadError: Some tests did not pass: 4 passed, 0 failed, 1 errored, 0 broken.
while loading /home/vagrant/.julia/v0.6/DataDepsGenerators/test/runtests.jl, in expression starting on line 9
=========================[ ERROR: DataDepsGenerators ]==========================

failed process: Process(`/home/vagrant/julia/bin/julia -Cx86-64 -J/home/vagrant/julia/lib/julia/sys.so --compile=yes --depwarn=yes --check-bounds=yes --code-coverage=none --color=no --compilecache=yes /home/vagrant/.julia/v0.6/DataDepsGenerators/test/runtests.jl`, ProcessExited(1)) [1]

================================================================================
INFO: Removing AbstractFFTs v0.2.1
INFO: Removing AxisAlgorithms v0.2.0
INFO: Removing AxisArrays v0.2.0
INFO: Removing Calculus v0.2.2
INFO: Removing CatIndices v0.1.0
INFO: Removing ColorTypes v0.6.6
INFO: Removing ColorVectorSpace v0.5.2
INFO: Removing Colors v0.8.2
INFO: Removing ComputationalResources v0.2.0
INFO: Removing CoordinateTransformations v0.4.1
INFO: Removing Crayons v0.4.1
INFO: Removing CustomUnitRanges v0.1.0
INFO: Removing DataStructures v0.7.4
INFO: Removing DeepDiffs v1.0.1
INFO: Removing DualNumbers v0.3.0
INFO: Removing FFTViews v0.1.0
INFO: Removing FFTW v0.0.4
INFO: Removing FileIO v0.6.1
INFO: Removing FixedPointNumbers v0.4.3
INFO: Removing Graphics v0.2.0
INFO: Removing IdentityRanges v0.1.0
INFO: Removing ImageAxes v0.4.0
INFO: Removing ImageCore v0.5.0
INFO: Removing ImageFiltering v0.2.3
INFO: Removing ImageInTerminal v0.2.1
INFO: Removing ImageMetadata v0.4.0
INFO: Removing ImageMorphology v0.0.2
INFO: Removing ImageTransformations v0.4.1
INFO: Removing Images v0.12.0
INFO: Removing IndirectArrays v0.3.0
INFO: Removing Interpolations v0.7.3
INFO: Removing IntervalSets v0.1.1
INFO: Removing IterTools v0.2.1
INFO: Removing MacroTools v0.4.0
INFO: Removing MappedArrays v0.0.7
INFO: Removing NaNMath v0.3.0
INFO: Removing OffsetArrays v0.4.2
INFO: Removing PaddedViews v0.2.0
INFO: Removing RangeArrays v0.2.0
INFO: Removing Ratios v0.2.0
INFO: Removing Reexport v0.1.0
INFO: Removing ReferenceTests v0.1.0
INFO: Removing Requires v0.4.3
INFO: Removing Rotations v0.6.1
INFO: Removing SIUnits v0.1.0
INFO: Removing ShowItLikeYouBuildIt v0.2.0
INFO: Removing SimpleTraits v0.5.1
INFO: Removing SortingAlgorithms v0.2.0
INFO: Removing SpecialFunctions v0.3.8
INFO: Removing StaticArrays v0.6.6
INFO: Removing StatsBase v0.19.5
INFO: Removing TestSetExtensions v1.1.1
INFO: Removing TexExtensions v0.1.0
INFO: Removing TiledIteration v0.1.0
INFO: Removing WoodburyMatrices v0.2.2
ERROR: DataDepsGenerators had test errors

>>> End of log
