>>> 'Pkg.add("DataStreams")' log
INFO: Installing BinDeps v0.4.5
INFO: Installing CategoricalArrays v0.0.5
INFO: Installing DataArrays v0.3.8
INFO: Installing DataFrames v0.8.3
INFO: Installing DataStreams v0.0.14
INFO: Installing FileIO v0.1.2
INFO: Installing GZip v0.2.20
INFO: Installing LegacyStrings v0.1.1
INFO: Installing NullableArrays v0.0.9
INFO: Installing Reexport v0.0.3
INFO: Installing Rmath v0.1.3
INFO: Installing SHA v0.2.1
INFO: Installing SortingAlgorithms v0.1.0
INFO: Installing StatsBase v0.9.0
INFO: Installing StatsFuns v0.3.1
INFO: Installing URIParser v0.1.6
INFO: Installing WeakRefStrings v0.1.4
INFO: Building Rmath
INFO: Package database updated
INFO: METADATA is out-of-date — you may not have the latest version of DataStreams
INFO: Use `Pkg.update()` to get the latest versions of your packages

>>> 'Pkg.test("DataStreams")' log
Julia Version 0.4.7
Commit ae26b25 (2016-09-18 16:17 UTC)
Platform Info:
  System: Linux (x86_64-pc-linux-gnu)
  CPU: Intel(R) Xeon(R) CPU E3-1241 v3 @ 3.50GHz
  WORD_SIZE: 64
           Ubuntu 14.04.5 LTS
  uname: Linux 3.13.0-96-generic #143-Ubuntu SMP Mon Aug 29 20:15:20 UTC 2016 x86_64 x86_64
Memory: 2.4471054077148438 GB (920.84375 MB free)
Uptime: 17160.0 sec
Load Avg:  0.93896484375  0.9521484375  1.0185546875
Intel(R) Xeon(R) CPU E3-1241 v3 @ 3.50GHz: 
       speed         user         nice          sys         idle          irq
#1  3499 MHz     725488 s       5007 s      76274 s     695864 s         98 s
#2  3499 MHz     480112 s        219 s      71389 s    1067140 s          0 s

  BLAS: libopenblas (USE64BITINT DYNAMIC_ARCH NO_AFFINITY Nehalem)
  LAPACK: libopenblas64_
  LIBM: libopenlibm
  LLVM: libLLVM-3.3
Environment:
  TERM = vt100
  LD_LIBRARY_PATH = :/usr/local/lib/
  PATH = /usr/local/sbin:/usr/local/bin:/usr/sbin:/usr/bin:/sbin:/bin:/usr/games:/usr/local/games:/home/vagrant/julia/bin/
  JAVA_HOME = /usr/lib/jvm/java-7-oracle
  HOME = /home/vagrant

Package Directory: /home/vagrant/.julia/v0.4
2 required packages:
 - DataStreams                   0.0.14
 - JSON                          0.7.0
17 additional packages:
 - BinDeps                       0.4.5
 - CategoricalArrays             0.0.5
 - Compat                        0.9.2
 - DataArrays                    0.3.8
 - DataFrames                    0.8.3
 - FileIO                        0.1.2
 - GZip                          0.2.20
 - LegacyStrings                 0.1.1
 - NullableArrays                0.0.9
 - Reexport                      0.0.3
 - Rmath                         0.1.3
 - SHA                           0.2.1
 - SortingAlgorithms             0.1.0
 - StatsBase                     0.9.0
 - StatsFuns                     0.3.1
 - URIParser                     0.1.6
 - WeakRefStrings                0.1.4
INFO: Testing DataStreams
WARNING: New definition 
    broadcast(Any, NullableArrays.NullableArray...)
is ambiguous with: 
    broadcast(Function, DataArrays.PooledDataArray...) at /home/vagrant/.julia/v0.4/DataArrays/src/broadcast.jl:319.
To fix, define 
    broadcast(Function)
before the new definition.
WARNING: New definition 
    promote_op(Type{#T<:Any}, Any) at /home/vagrant/.julia/v0.4/NullableArrays/src/operators.jl:10
is ambiguous with: 
    promote_op(Any, Type{#R<:Number}) at /home/vagrant/.julia/v0.4/NullableArrays/src/operators.jl:12.
To fix, define 
    promote_op(Type{#T<:Any}, Type{#R<:Number})
before the new definition.
WARNING: Method definition convert(Type{Array{#T<:Any, #n<:Any}}, AbstractArray{#S<:Any, #n<:Any}) in module Base at array.jl:241 overwritten in module CategoricalArrays at /home/vagrant/.julia/v0.4/CategoricalArrays/src/CategoricalArrays.jl:24.
WARNING: Method definition convert(Type{Array{#T<:Any, N<:Any}}, AbstractArray{#S<:Any, #n<:Any}) in module Base at array.jl:240 overwritten in module CategoricalArrays at /home/vagrant/.julia/v0.4/CategoricalArrays/src/CategoricalArrays.jl:23.

signal (11): Segmentation fault
unknown function (ip: 0x7f095be9c8bd)
unknown function (ip: 0x7f095bea0fbe)
unknown function (ip: 0x7f095bea032c)
jl_apply_type at /home/vagrant/julia/bin/../lib/julia/libjulia.so (unknown line)
unknown function (ip: 0x7f095bf13e12)
unknown function (ip: 0x7f095bf125f8)
unknown function (ip: 0x7f095bf13e91)
unknown function (ip: 0x7f095bf125f8)
unknown function (ip: 0x7f095bf13e91)
unknown function (ip: 0x7f095bf125f8)
unknown function (ip: 0x7f095bf13e91)
unknown function (ip: 0x7f095bf14b08)
unknown function (ip: 0x7f095bf14e48)
jl_restore_incremental at /home/vagrant/julia/bin/../lib/julia/libjulia.so (unknown line)
_include_from_serialized at loading.jl:62
_require_from_serialized at loading.jl:87
jlcall__require_from_serialized_21521 at  (unknown line)
jl_apply_generic at /home/vagrant/julia/bin/../lib/julia/libjulia.so (unknown line)
_require_search_from_serialized at loading.jl:117
jlcall__require_search_from_serialized_21507 at  (unknown line)
jl_apply_generic at /home/vagrant/julia/bin/../lib/julia/libjulia.so (unknown line)
require at ./loading.jl:249
stale_cachefile at loading.jl:477
jlcall_stale_cachefile_21509 at  (unknown line)
jl_apply_generic at /home/vagrant/julia/bin/../lib/julia/libjulia.so (unknown line)
_require_search_from_serialized at loading.jl:114
jlcall__require_search_from_serialized_21507 at  (unknown line)
jl_apply_generic at /home/vagrant/julia/bin/../lib/julia/libjulia.so (unknown line)
require at ./loading.jl:249
unknown function (ip: 0x7f09591647ac)
jl_apply_generic at /home/vagrant/julia/bin/../lib/julia/libjulia.so (unknown line)
unknown function (ip: 0x7f095bf1bc65)
unknown function (ip: 0x7f095bf1cd0b)
unknown function (ip: 0x7f095bf1cad3)
unknown function (ip: 0x7f095bf1d72c)
jl_load at /home/vagrant/julia/bin/../lib/julia/libjulia.so (unknown line)
include at ./boot.jl:261
jl_apply_generic at /home/vagrant/julia/bin/../lib/julia/libjulia.so (unknown line)
include_from_node1 at ./loading.jl:333
jl_apply_generic at /home/vagrant/julia/bin/../lib/julia/libjulia.so (unknown line)
process_options at ./client.jl:284
_start at ./client.jl:378
unknown function (ip: 0x7f095914ae79)
jl_apply_generic at /home/vagrant/julia/bin/../lib/julia/libjulia.so (unknown line)
unknown function (ip: 0x401c87)
unknown function (ip: 0x40186f)
__libc_start_main at /lib/x86_64-linux-gnu/libc.so.6 (unknown line)
unknown function (ip: 0x4018b5)
=============================[ ERROR: DataStreams ]=============================

failed process: Process(`/home/vagrant/julia/bin/julia --check-bounds=yes --code-coverage=none --color=no /home/vagrant/.julia/v0.4/DataStreams/test/runtests.jl`, ProcessSignaled(11)) [0]

================================================================================
ERROR: DataStreams had test errors
 in error at ./error.jl:21
 in test at pkg/entry.jl:803
 in anonymous at pkg/dir.jl:31
 in cd at file.jl:22
 in cd at pkg/dir.jl:31
 in test at pkg.jl:71
 in process_options at ./client.jl:257
 in _start at ./client.jl:378

>>> End of log
