>>> 'Pkg.add("DataArrays")' log
INFO: Installing DataArrays v0.3.9
INFO: Installing Reexport v0.0.3
INFO: Installing StatsBase v0.11.1
INFO: Package database updated

>>> 'Pkg.test("DataArrays")' log
Julia Version 0.4.7
Commit ae26b25 (2016-09-18 16:17 UTC)
Platform Info:
  System: Linux (x86_64-pc-linux-gnu)
  CPU: Intel(R) Xeon(R) CPU E3-1241 v3 @ 3.50GHz
  WORD_SIZE: 64
           Ubuntu 14.04.5 LTS
  uname: Linux 3.13.0-100-generic #147-Ubuntu SMP Tue Oct 18 16:48:51 UTC 2016 x86_64 x86_64
Memory: 2.939289093017578 GB (1029.28125 MB free)
Uptime: 16004.0 sec
Load Avg:  1.2958984375  1.1318359375  1.10791015625
Intel(R) Xeon(R) CPU E3-1241 v3 @ 3.50GHz: 
       speed         user         nice          sys         idle          irq
#1  3499 MHz     664699 s       2324 s      69652 s     725896 s         41 s
#2  3499 MHz     483860 s       5548 s      65106 s     992112 s          0 s

  BLAS: libopenblas (USE64BITINT DYNAMIC_ARCH NO_AFFINITY Nehalem)
  LAPACK: libopenblas64_
  LIBM: libopenlibm
  LLVM: libLLVM-3.3
Environment:
  TERM = vt100
  LD_LIBRARY_PATH = :/usr/local/lib/
  PATH = /usr/local/sbin:/usr/local/bin:/usr/sbin:/usr/bin:/sbin:/bin:/usr/games:/usr/local/games:/home/vagrant/julia/bin/
  JAVA_HOME = /usr/lib/jvm/java-7-oracle
  HOME = /home/vagrant

Package Directory: /home/vagrant/.julia/v0.4
2 required packages:
 - DataArrays                    0.3.9
 - JSON                          0.8.0
3 additional packages:
 - Compat                        0.9.3
 - Reexport                      0.0.3
 - StatsBase                     0.11.1
INFO: Testing DataArrays
Running tests:
 * abstractarray.jl
 * booleans.jl
 * constructors.jl
 * containers.jl
 * conversions.jl
 * data.jl
 * dataarray.jl
 * datamatrix.jl
 * indexing.jl
 * linalg.jl
 * nas.jl
 * operators.jl
 * reduce.jl
 * reducedim.jl
 * broadcast.jl
 * padding.jl
 * pooleddataarray.jl
 * extras.jl
 * sort.jl
 * statistics.jl
 * literals.jl
 * newtests/dataarray.jl
 * newtests/datamatrix.jl
 * newtests/datavector.jl
INFO: DataArrays tests passed

>>> End of log
