>>> 'Pkg.add("DateParser")' log
INFO: Cloning cache of DateParser from https://github.com/invenia/DateParser.jl.git
INFO: Cloning cache of Mocking from https://github.com/invenia/Mocking.jl.git
INFO: Cloning cache of TimeZones from https://github.com/JuliaTime/TimeZones.jl.git
INFO: Installing DateParser v0.1.1
INFO: Installing Mocking v0.4.4
INFO: Installing TimeZones v0.6.1
INFO: Building TimeZones
Info: Downloading 2018b tzdata
  % Total    % Received % Xferd  Average Speed   Time    Time     Time  Current
                                 Dload  Upload   Total   Spent    Left  Speed
  0     0    0     0    0     0      0      0 --:--:-- --:--:-- --:--:--     0  0     0    0     0    0     0      0      0 --:--:-- --:--:-- --:--:--     0  0     0    0     0    0     0      0      0 --:--:-- --:--:-- --:--:--     0
  9  332k    9 32766    0     0  17120      0  0:00:19  0:00:01  0:00:18 17120100  332k  100  332k    0     0   172k      0  0:00:01  0:00:01 --:--:-- 22.5M
Info: Extracting tzdata archive
africa
antarctica
asia
australasia
europe
northamerica
southamerica
Info: Converting tz source files into TimeZone data
Info: Successfully built TimeZones
INFO: Package database updated
INFO: METADATA is out-of-date — you may not have the latest version of DateParser
INFO: Use `Pkg.update()` to get the latest versions of your packages

>>> 'Pkg.test("DateParser")' log
Julia Version 0.6.2
Commit d386e40c17 (2017-12-13 18:08 UTC)
Platform Info:
  OS: Linux (x86_64-pc-linux-gnu)
  CPU: Intel(R) Xeon(R) CPU E3-1241 v3 @ 3.50GHz
  WORD_SIZE: 64
           Ubuntu 14.04.5 LTS
  uname: Linux 3.13.0-135-generic #184-Ubuntu SMP Wed Oct 18 11:55:51 UTC 2017 x86_64 x86_64
Memory: 2.93927001953125 GB (1142.578125 MB free)
Uptime: 52992.0 sec
Load Avg:  0.88525390625  0.95458984375  0.97265625
Intel(R) Xeon(R) CPU E3-1241 v3 @ 3.50GHz: 
       speed         user         nice          sys         idle          irq
#1  3500 MHz    3458549 s       3552 s     153136 s     909797 s         29 s
#2  3500 MHz    1000862 s       4290 s      86276 s    4105320 s          0 s

  BLAS: libopenblas (USE64BITINT DYNAMIC_ARCH NO_AFFINITY Nehalem)
  LAPACK: libopenblas64_
  LIBM: libopenlibm
  LLVM: libLLVM-3.9.1 (ORCJIT, haswell)
Environment:
  TERM = vt100
  LD_LIBRARY_PATH = :/usr/local/lib/
  PATH = /usr/local/sbin:/usr/local/bin:/usr/sbin:/usr/bin:/sbin:/bin:/usr/games:/usr/local/games:/home/vagrant/julia/bin/
  JAVA_HOME = /usr/lib/jvm/java-8-openjdk-amd64
  HOME = /home/vagrant

Package Directory: /home/vagrant/.julia/v0.6
2 required packages:
 - DateParser                    0.1.1
 - JSON                          0.16.4
4 additional packages:
 - Compat                        0.52.0
 - Mocking                       0.4.4
 - Nullables                     0.0.3
 - TimeZones                     0.6.1
INFO: Computing test dependencies for DateParser...
INFO: Installing Combinatorics v0.5.0
INFO: Installing IterTools v0.2.1
INFO: Installing Polynomials v0.2.1
INFO: Testing DateParser
INFO: DateParser tests passed
INFO: Removing Combinatorics v0.5.0
INFO: Removing IterTools v0.2.1
INFO: Removing Polynomials v0.2.1

>>> End of log
