>>> 'Pkg.add("Debug")' log
INFO: Cloning cache of Debug from git://github.com/toivoh/Debug.jl.git
INFO: Installing Debug v0.1.6
INFO: Package database updated

>>> 'Pkg.test("Debug")' log
Julia Version 0.3.12
Commit 80aa779 (2015-10-26 12:41 UTC)
Platform Info:
  System: Linux (x86_64-unknown-linux-gnu)
  CPU: Intel(R) Xeon(R) CPU E3-1241 v3 @ 3.50GHz
  WORD_SIZE: 64
           Ubuntu 14.04.4 LTS
  uname: Linux 3.13.0-92-generic #139-Ubuntu SMP Tue Jun 28 20:42:26 UTC 2016 x86_64 x86_64
Memory: 2.4471054077148438 GB (226.1953125 MB free)
Uptime: 9746.0 sec
Load Avg:  0.88427734375  0.953125  1.0576171875
Intel(R) Xeon(R) CPU E3-1241 v3 @ 3.50GHz: 
       speed         user         nice          sys         idle          irq
#1  3499 MHz     371074 s       7340 s      50898 s     434133 s         46 s
#2  3499 MHz     241715 s         83 s      43796 s     624401 s          2 s

  BLAS: libopenblas (USE64BITINT DYNAMIC_ARCH NO_AFFINITY Nehalem)
  LAPACK: libopenblas
  LIBM: libopenlibm
  LLVM: libLLVM-3.3
Environment:
  TERM = vt100
  LD_LIBRARY_PATH = :/usr/local/lib/
  PATH = /usr/local/sbin:/usr/local/bin:/usr/sbin:/usr/bin:/sbin:/bin:/usr/games:/usr/local/games:/home/vagrant/julia/bin/
  JAVA_HOME = /usr/lib/jvm/java-7-oracle
  HOME = /home/vagrant

Package Directory: /home/vagrant/.julia/v0.3
4 required packages:
 - Debug                         0.1.6
 - HttpParser                    0.0.13
 - JSON                          0.6.0
 - Markdown                      0.3.0
8 additional packages:
 - BinDeps                       0.3.21
 - Compat                        0.8.6
 - Dates                         0.3.2
 - HttpCommon                    0.1.2
 - Lazy                          0.10.1
 - MacroTools                    0.2.0
 - SHA                           0.2.0
 - URIParser                     0.0.7
INFO: Testing Debug
Warning: replacing module TestTrap
1:
2:	x = 0
3:	x = 0	k = 1
3:	x = 1	k = 2
3:	x = 3	k = 3
5:	x = 6
6:	x = 36
1:
2:	x = 1
3:	x = 1	k = 1
3:	x = 2	k = 2
3:	x = 4	k = 3
5:	x = 7
6:	x = 7	y = 1	z = 2
7:	x = 49	y = 2	z = 1
INFO: Debug tests passed
INFO: No packages to install, update or remove

>>> End of log
