>>> 'Pkg.add("DecisionTree")' log
INFO: Cloning cache of DecisionTree from git://github.com/bensadeghi/DecisionTree.jl.git
INFO: Installing DecisionTree v0.4.2
INFO: Installing ScikitLearnBase v0.1.1
INFO: Package database updated

>>> 'Pkg.test("DecisionTree")' log
Julia Version 0.4.6
Commit 2e358ce (2016-06-19 17:16 UTC)
Platform Info:
  System: Linux (x86_64-unknown-linux-gnu)
  CPU: Intel(R) Xeon(R) CPU E3-1241 v3 @ 3.50GHz
  WORD_SIZE: 64
           Ubuntu 14.04.5 LTS
  uname: Linux 3.13.0-95-generic #142-Ubuntu SMP Fri Aug 12 17:00:09 UTC 2016 x86_64 x86_64
Memory: 2.4471054077148438 GB (630.78515625 MB free)
Uptime: 15901.0 sec
Load Avg:  1.0888671875  1.0205078125  1.029296875
Intel(R) Xeon(R) CPU E3-1241 v3 @ 3.50GHz: 
       speed         user         nice          sys         idle          irq
#1  3500 MHz     664857 s       6538 s      79426 s     651151 s         52 s
#2  3500 MHz     476776 s         48 s      73097 s     955922 s          0 s

  BLAS: libopenblas (USE64BITINT DYNAMIC_ARCH NO_AFFINITY Nehalem)
  LAPACK: libopenblas64_
  LIBM: libopenlibm
  LLVM: libLLVM-3.3
Environment:
  TERM = vt100
  LD_LIBRARY_PATH = :/usr/local/lib/
  PATH = /usr/local/sbin:/usr/local/bin:/usr/sbin:/usr/bin:/sbin:/bin:/usr/games:/usr/local/games:/home/vagrant/julia/bin/
  JAVA_HOME = /usr/lib/jvm/java-7-oracle
  HOME = /home/vagrant

Package Directory: /home/vagrant/.julia/v0.4
2 required packages:
 - DecisionTree                  0.4.2
 - JSON                          0.7.0
2 additional packages:
 - Compat                        0.9.2
 - ScikitLearnBase               0.1.1
INFO: Testing DecisionTree
Running tests...
Test: classification_rand.jl

##### nfoldCV Classification Tree #####

Fold 1
Classes:  Any[-1,0,1,2,3]
Matrix:   5x5 Array{Int64,2}:
 0   0    0   0  0
 1  48   14   0  0
 0   9  173   9  0
 0   0   19  58  0
 0   0    0   2  0
Accuracy: 0.8378378378378378
Kappa:    0.7129264515717045

Fold 2
Classes:  Any[-1,0,1,2,3]
Matrix:   5x5 Array{Int64,2}:
 0   2    0   0  0
 0  58   17   0  0
 0  11  169  11  0
 0   0   16  47  0
 0   0    0   1  1
Accuracy: 0.8258258258258259
Kappa:    0.6947030649826913

Fold 3
Classes:  Any[-1,0,1,2]
Matrix:   4x4 Array{Int64,2}:
 0   2    0   0
 0  48   17   0
 0  16  170  10
 0   0   21  49
Accuracy: 0.8018018018018018
Kappa:    0.6437983176933925

Mean Accuracy: 0.8218218218218217

##### nfoldCV Classification Forest #####

Fold 1
Classes:  Any[-1,0,1,2,3]
Matrix:   5x5 Array{Int64,2}:
 0   2    0   0  0
 0  54    8   0  0
 0  22  176   3  0
 0   0   19  47  0
 0   0    0   2  0
Accuracy: 0.8318318318318318
Kappa:    0.6983402892361448

Fold 2
Classes:  Any[-1,0,1,2,3]
Matrix:   5x5 Array{Int64,2}:
 0   1    0   0  0
 0  58   15   0  0
 0   6  173  10  0
 0   0   19  50  0
 0   0    0   1  0
Accuracy: 0.8438438438438438
Kappa:    0.7243201935935808

Fold 3
Classes:  Any[-1,0,1,2,3]
Matrix:   5x5 Array{Int64,2}:
 0   1    0   0  0
 0  57   11   0  0
 0   4  179   5  0
 0   0   18  57  0
 0   0    0   1  0
Accuracy: 0.8798798798798799
Kappa:    0.7880465915600536

Mean Accuracy: 0.8518518518518517

##### nfoldCV Adaboosted Stumps #####

Fold 1
Classes:  Any[-1,0,1,2,3]
Matrix:   5x5 Array{Int64,2}:
 0  0    2  0  0
 0  0   65  0  0
 0  0  197  0  0
 0  0   67  0  0
 0  0    2  0  0
Accuracy: 0.5915915915915916
Kappa:    0.0

Fold 2
Classes:  Any[-1,0,1,2,3]
Matrix:   5x5 Array{Int64,2}:
 0  0    1  0  0
 0  1   65  0  0
 0  0  190  0  0
 0  0   74  0  0
 0  0    2  0  0
Accuracy: 0.5735735735735735
Kappa:    0.009572083865697408

Fold 3
Classes:  Any[-1,0,1,2]
Matrix:   4x4 Array{Int64,2}:
 0  1    0  0
 0  2   70  0
 0  0  191  0
 0  0   67  2
Accuracy: 0.5855855855855856
Kappa:    0.040365861298473436

Mean Accuracy: 0.5835835835835835
==================================================
Test: regression_rand.jl

##### nfoldCV Regression Tree #####

Fold 1
Mean Squared Error:     3.6007840161775215
Correlation Coeff:      0.8771376190603104
Coeff of Determination: 0.7616238788570509

Fold 2
Mean Squared Error:     3.282892681647715
Correlation Coeff:      0.8909176750478995
Coeff of Determination: 0.7884119011290495

Fold 3
Mean Squared Error:     4.14262105147208
Correlation Coeff:      0.8607959395162933
Coeff of Determination: 0.7371116545435448

Mean Coeff of Determination: 0.7623824781765484

##### nfoldCV Regression Forest #####

Fold 1
Mean Squared Error:     1.8654541432894127
Correlation Coeff:      0.9535631449101952
Coeff of Determination: 0.8789399572875455

Fold 2
Mean Squared Error:     2.0480630944332274
Correlation Coeff:      0.953340879650279
Coeff of Determination: 0.873679278216909

Fold 3
Mean Squared Error:     1.7851934788250372
Correlation Coeff:      0.9475287578992078
Coeff of Determination: 0.8793646138074909

Mean Coeff of Determination: 0.8773279497706484
==================================================
Test: classification_scikitlearn.jl
==================================================
Test: regression_scikitlearn.jl
==================================================
INFO: DecisionTree tests passed

>>> End of log
