>>> 'Pkg.add("DecisionTree")' log
INFO: Cloning cache of DecisionTree from git://github.com/bensadeghi/DecisionTree.jl.git
INFO: Installing DecisionTree v0.3.4
INFO: Package database updated

>>> 'using DecisionTree' log
Julia Version 0.3.1-pre+26
Commit 91ba8a9 (2014-08-26 16:55 UTC)
Platform Info:
  System: Linux (x86_64-unknown-linux-gnu)
  CPU: Intel(R) Xeon(R) CPU E5-2650 0 @ 2.00GHz
  WORD_SIZE: 64
  BLAS: libopenblas (USE64BITINT DYNAMIC_ARCH NO_AFFINITY Sandybridge)
  LAPACK: libopenblas
  LIBM: libopenlibm
  LLVM: libLLVM-3.3

>>> test log
Running tests...
Test: classification_rand.jl

##### nfoldCV Classification Tree #####

Fold 1
Classes:  {-1,0,1,2}
Matrix:   
[8 1 0 0
 4 127 15 0
 0 10 159 0
 0 0 6 3]
Accuracy: 0.8918918918918919
Kappa:    0.8008174658558468

Fold 2
Classes:  {-1,0,1,2}
Matrix:   
[0 1 0 0
 1 150 13 0
... truncated ...
Mean Squared Error:     1.4242037000230485
Correlation Coeff:      0.8928406957743407
Coeff of Determination: 0.7958155830515262

Fold 3
Mean Squared Error:     1.3720688347666883
Correlation Coeff:      0.8975993976426229
Coeff of Determination: 0.7949078500027451

Mean Coeff of Determination: 0.8148068180745932

##### nfoldCV Regression Forest #####

Fold 1
Mean Squared Error:     0.7022066633215412
Correlation Coeff:      0.9533648196725324
Coeff of Determination: 0.896623421222311

Fold 2
Mean Squared Error:     1.023714329739546
Correlation Coeff:      0.9473120943927505
Coeff of Determination: 0.8693067282539115

Fold 3
Mean Squared Error:     0.6820633027972984
Correlation Coeff:      0.9596070527376693
Coeff of Determination: 0.9010928972902306

Mean Coeff of Determination: 0.8890076822554844
==================================================

>>> end of log
