>>> 'Pkg.add("DeclarativePackages")' log
INFO: Cloning cache of DeclarativePackages from https://github.com/rened/DeclarativePackages.jl.git
INFO: Installing DeclarativePackages v0.1.2
INFO: Package database updated
INFO: METADATA is out-of-date — you may not have the latest version of DeclarativePackages
INFO: Use `Pkg.update()` to get the latest versions of your packages

>>> 'Pkg.test("DeclarativePackages")' log
Julia Version 0.6.0-dev.2635
Commit dc2459d (2017-02-13 07:46 UTC)
Platform Info:
  OS: Linux (x86_64-pc-linux-gnu)
  CPU: Intel(R) Xeon(R) CPU E3-1241 v3 @ 3.50GHz
  WORD_SIZE: 64
           Ubuntu 14.04.5 LTS
  uname: Linux 3.13.0-108-generic #155-Ubuntu SMP Wed Jan 11 16:58:52 UTC 2017 x86_64 x86_64
Memory: 2.9392738342285156 GB (686.515625 MB free)
Uptime: 15349.0 sec
Load Avg:  1.263671875  1.2265625  1.12451171875
Intel(R) Xeon(R) CPU E3-1241 v3 @ 3.50GHz: 
       speed         user         nice          sys         idle          irq
#1  3500 MHz     793611 s       6616 s      80195 s     490999 s         71 s
#2  3500 MHz     262082 s         51 s      44460 s    1181787 s          1 s

  BLAS: libopenblas (USE64BITINT DYNAMIC_ARCH NO_AFFINITY Nehalem)
  LAPACK: libopenblas64_
  LIBM: libopenlibm
  LLVM: libLLVM-3.9.1 (ORCJIT, haswell)
Environment:
  TERM = vt100
  LD_LIBRARY_PATH = :/usr/local/lib/
  PATH = /usr/local/sbin:/usr/local/bin:/usr/sbin:/usr/bin:/sbin:/bin:/usr/games:/usr/local/games:/home/vagrant/julia/bin/
  JAVA_HOME = /usr/lib/jvm/java-7-oracle
  HOME = /home/vagrant

Package Directory: /home/vagrant/.julia/v0.6
2 required packages:
 - DeclarativePackages           0.1.2
 - JSON                          0.8.3
1 additional packages:
 - Compat                        0.19.0
INFO: Testing DeclarativePackages
Testing /home/vagrant/.julia/v0.6/DeclarativePackages/test/../test/DECLARE.empty
ERROR: LoadError: UndefVarError: readall not defined
Stacktrace:
 [1] runjdp(::String) at /home/vagrant/.julia/v0.6/DeclarativePackages/test/runtests.jl:34
 [2] include_from_node1(::String) at ./loading.jl:539
 [3] include(::String) at ./sysimg.jl:14
 [4] process_options(::Base.JLOptions) at ./client.jl:300
 [5] _start() at ./client.jl:366
while loading /home/vagrant/.julia/v0.6/DeclarativePackages/test/runtests.jl, in expression starting on line 40
=========================[ ERROR: DeclarativePackages ]=========================

failed process: Process(`/home/vagrant/julia/bin/julia -Cx86-64 -J/home/vagrant/julia/lib/julia/sys.so --compile=yes --depwarn=yes --check-bounds=yes --code-coverage=none --color=no --compilecache=yes /home/vagrant/.julia/v0.6/DeclarativePackages/test/runtests.jl`, ProcessExited(1)) [1]

================================================================================
ERROR: DeclarativePackages had test errors

>>> End of log
