>>> 'Pkg.add("DeclarativePackages")' log
INFO: Cloning cache of DeclarativePackages from git://github.com/rened/DeclarativePackages.jl.git
INFO: Installing DeclarativePackages v0.0.9
INFO: Package database updated

>>> 'Pkg.test("DeclarativePackages")' log
Julia Version 0.3.12
Commit 80aa779 (2015-10-26 12:41 UTC)
Platform Info:
  System: Linux (x86_64-unknown-linux-gnu)
  CPU: Intel(R) Xeon(R) CPU E3-1241 v3 @ 3.50GHz
  WORD_SIZE: 64
           Ubuntu 14.04.5 LTS
  uname: Linux 3.13.0-95-generic #142-Ubuntu SMP Fri Aug 12 17:00:09 UTC 2016 x86_64 x86_64
Memory: 2.4471054077148438 GB (344.48046875 MB free)
Uptime: 11436.0 sec
Load Avg:  1.021484375  1.00341796875  1.0400390625
Intel(R) Xeon(R) CPU E3-1241 v3 @ 3.50GHz: 
       speed         user         nice          sys         idle          irq
#1  3506 MHz     426973 s       7223 s      57593 s     525287 s         20 s
#2  3506 MHz     381330 s        102 s      51290 s     638132 s          0 s

  BLAS: libopenblas (USE64BITINT DYNAMIC_ARCH NO_AFFINITY Nehalem)
  LAPACK: libopenblas
  LIBM: libopenlibm
  LLVM: libLLVM-3.3
Environment:
  TERM = vt100
  LD_LIBRARY_PATH = :/usr/local/lib/
  PATH = /usr/local/sbin:/usr/local/bin:/usr/sbin:/usr/bin:/sbin:/bin:/usr/games:/usr/local/games:/home/vagrant/julia/bin/
  JAVA_HOME = /usr/lib/jvm/java-7-oracle
  HOME = /home/vagrant

Package Directory: /home/vagrant/.julia/v0.3
4 required packages:
 - DeclarativePackages           0.0.9
 - HttpParser                    0.0.13
 - JSON                          0.6.1
 - Markdown                      0.3.0
8 additional packages:
 - BinDeps                       0.3.21
 - Compat                        0.8.8
 - Dates                         0.3.2
 - HttpCommon                    0.1.2
 - Lazy                          0.10.1
 - MacroTools                    0.2.0
 - SHA                           0.2.1
 - URIParser                     0.0.7
INFO: Testing DeclarativePackages
Testing /home/vagrant/.julia/v0.3/DeclarativePackages/test/../test/DECLARE.empty
Cloning into '/home/vagrant/.julia/declarative/FHaSIbGibhZqCqdmqU9F05bRuZYNwyw5/v0.3/METADATA'...
Switched to a new branch 'pinned.3849394ec10b633761a240ff37a131196ddfdb22.tmp'
INFO: No packages to install, update or remove
Testing /home/vagrant/.julia/v0.3/DeclarativePackages/test/../test/DECLARE.METADATA1
Cloning into '/home/vagrant/.julia/declarative/h8FiSUMIy9fZeQGEGgHfEyLhxDIbZgmG/v0.3/METADATA'...
Switched to a new branch 'pinned.4620c4f8100b77d55099b2405d521a771b6fabe6.tmp'
INFO: No packages to install, update or remove
Testing /home/vagrant/.julia/v0.3/DeclarativePackages/test/../test/DECLARE.METADATA2
Testing /home/vagrant/.julia/v0.3/DeclarativePackages/test/../test/DECLARE.JSON1
Cloning into '/home/vagrant/.julia/declarative/YthpffMG7Q7EQwXfb3io19AOCHQRgOSW/v0.3/JSON'...
Switched to a new branch 'pinned.v0.3.9.tmp'
INFO: No packages to install, update or remove
Testing /home/vagrant/.julia/v0.3/DeclarativePackages/test/../test/DECLARE.JSON2
Cloning into '/home/vagrant/.julia/declarative/sbu67nXhBrQoTkLThfeU37lMtO5VN90L/v0.3/JSON'...
Switched to a new branch 'pinned.v0.3.7.tmp'
INFO: No packages to install, update or remove
Testing /home/vagrant/.julia/v0.3/DeclarativePackages/test/../test/DECLARE.HDF5_1
Cloning into '/home/vagrant/.julia/declarative/uIGAtalAzh9Mpewc7mxBtt8C0M2ZfXD9/v0.3/METADATA'...
Switched to a new branch 'pinned.80dc1295472e499d3cfe6ce96c84705b5f91fafa.tmp'
Cloning into '/home/vagrant/.julia/declarative/uIGAtalAzh9Mpewc7mxBtt8C0M2ZfXD9/v0.3/HDF5'...
Switched to a new branch 'pinned.v0.4.5.tmp'
INFO: Cloning cache of BinDeps from git://github.com/JuliaLang/BinDeps.jl.git
INFO: Cloning cache of SHA from git://github.com/staticfloat/SHA.jl.git
INFO: Cloning cache of URIParser from git://github.com/JuliaWeb/URIParser.jl.git
INFO: Installing BinDeps v0.3.6
INFO: Installing SHA v0.0.3
INFO: Installing URIParser v0.0.3
INFO: Building HDF5
Testing /home/vagrant/.julia/v0.3/DeclarativePackages/test/../test/DECLARE.HDF5_2
Cloning into '/home/vagrant/.julia/declarative/8EDPWUXn46w8DBgpt9zWLgVUu0vi4xjD/v0.3/BinDeps'...
Switched to a new branch 'pinned.v0.3.6.tmp'
Cloning into '/home/vagrant/.julia/declarative/8EDPWUXn46w8DBgpt9zWLgVUu0vi4xjD/v0.3/HDF5'...
Switched to a new branch 'pinned.v0.4.5.tmp'
Cloning into '/home/vagrant/.julia/declarative/8EDPWUXn46w8DBgpt9zWLgVUu0vi4xjD/v0.3/JSON'...
Switched to a new branch 'pinned.v0.3.8.tmp'
Cloning into '/home/vagrant/.julia/declarative/8EDPWUXn46w8DBgpt9zWLgVUu0vi4xjD/v0.3/SHA'...
Switched to a new branch 'pinned.v0.0.3.tmp'
Cloning into '/home/vagrant/.julia/declarative/8EDPWUXn46w8DBgpt9zWLgVUu0vi4xjD/v0.3/URIParser'...
Switched to a new branch 'pinned.v0.0.3.tmp'
Cloning into '/home/vagrant/.julia/declarative/8EDPWUXn46w8DBgpt9zWLgVUu0vi4xjD/v0.3/DeclarativePackages'...
Switched to a new branch 'pinned.0758b40af08af4ae06992d2b2b922b1d4e954bad.tmp'
INFO: No packages to install, update or remove
INFO: Building HDF5
Testing /home/vagrant/.julia/v0.3/DeclarativePackages/test/../test/DECLARE.HDF5_3
Cloning into '/home/vagrant/.julia/declarative/Ia1rMrRXsdKY2tUtSqJkbLwlxAIqPQoM/v0.3/METADATA'...
Switched to a new branch 'pinned.3849394ec10b633761a240ff37a131196ddfdb22.tmp'
Cloning into '/home/vagrant/.julia/declarative/Ia1rMrRXsdKY2tUtSqJkbLwlxAIqPQoM/v0.3/HDF5'...
Switched to a new branch 'pinned.v0.4.6.tmp'
INFO: Cloning cache of BinDeps from git://github.com/JuliaLang/BinDeps.jl.git
INFO: Cloning cache of Compat from git://github.com/JuliaLang/Compat.jl.git
INFO: Cloning cache of Dates from git://github.com/quinnj/Dates.jl.git
INFO: Cloning cache of HttpCommon from git://github.com/JuliaWeb/HttpCommon.jl.git
INFO: Cloning cache of SHA from git://github.com/staticfloat/SHA.jl.git
INFO: Cloning cache of URIParser from git://github.com/JuliaWeb/URIParser.jl.git
INFO: Installing BinDeps v0.3.21
INFO: Installing Compat v0.8.8
INFO: Installing Dates v0.3.2
INFO: Installing HttpCommon v0.1.2
INFO: Installing SHA v0.2.1
INFO: Installing URIParser v0.0.7
INFO: Building HDF5
Warning: Method definition parse(Type{T<:Integer},String) in module DeclarativePackages at /home/vagrant/.julia/v0.3/DeclarativePackages/src/DeclarativePackages.jl:4 overwritten in module Compat at /home/vagrant/.julia/declarative/Ia1rMrRXsdKY2tUtSqJkbLwlxAIqPQoM/v0.3/Compat/src/Compat.jl:353.
Testing /home/vagrant/.julia/v0.3/DeclarativePackages/test/../test/DECLARE.HDF5_4
Cloning into '/home/vagrant/.julia/declarative/chusGImd7YAguz0Nge3D8XjsDMn3VB6T/v0.3/METADATA'...
Switched to a new branch 'pinned.3849394ec10b633761a240ff37a131196ddfdb22.tmp'
Cloning into '/home/vagrant/.julia/declarative/chusGImd7YAguz0Nge3D8XjsDMn3VB6T/v0.3/HDF5'...
Switched to a new branch 'pinned.v0.4.5.tmp'
INFO: Cloning cache of BinDeps from git://github.com/JuliaLang/BinDeps.jl.git
INFO: Cloning cache of Compat from git://github.com/JuliaLang/Compat.jl.git
INFO: Cloning cache of Dates from git://github.com/quinnj/Dates.jl.git
INFO: Cloning cache of HttpCommon from git://github.com/JuliaWeb/HttpCommon.jl.git
INFO: Cloning cache of SHA from git://github.com/staticfloat/SHA.jl.git
INFO: Cloning cache of URIParser from git://github.com/JuliaWeb/URIParser.jl.git
INFO: Installing BinDeps v0.3.21
INFO: Installing Compat v0.8.8
INFO: Installing Dates v0.3.2
INFO: Installing HttpCommon v0.1.2
INFO: Installing SHA v0.2.1
INFO: Installing URIParser v0.0.7
INFO: Building HDF5
Warning: Method definition parse(Type{T<:Integer},String) in module DeclarativePackages at /home/vagrant/.julia/v0.3/DeclarativePackages/src/DeclarativePackages.jl:4 overwritten in module Compat at /home/vagrant/.julia/declarative/chusGImd7YAguz0Nge3D8XjsDMn3VB6T/v0.3/Compat/src/Compat.jl:353.
Testing /home/vagrant/.julia/v0.3/DeclarativePackages/test/../test/DECLARE.HDF5_1
Cloning into '/home/vagrant/.julia/declarative/Re4z5T8dNOcPPo6OHR8Wx6sUUSysO6sg/v0.3/HDF5'...
Switched to a new branch 'pinned.v0.4.5.tmp'
INFO: Cloning cache of ArrayViews from git://github.com/lindahua/ArrayViews.jl.git
INFO: Cloning cache of BinDeps from git://github.com/JuliaLang/BinDeps.jl.git
INFO: Cloning cache of DataArrays from git://github.com/JuliaStats/DataArrays.jl.git
INFO: Cloning cache of DataFrames from git://github.com/JuliaStats/DataFrames.jl.git
INFO: Cloning cache of GZip from git://github.com/JuliaLang/GZip.jl.git
INFO: Cloning cache of Reexport from git://github.com/simonster/Reexport.jl.git
INFO: Cloning cache of SHA from git://github.com/staticfloat/SHA.jl.git
INFO: Cloning cache of SortingAlgorithms from git://github.com/JuliaLang/SortingAlgorithms.jl.git
INFO: Cloning cache of StatsBase from git://github.com/JuliaStats/StatsBase.jl.git
INFO: Cloning cache of URIParser from git://github.com/JuliaWeb/URIParser.jl.git
INFO: Installing ArrayViews v0.4.6
INFO: Installing BinDeps v0.3.6
INFO: Installing DataArrays v0.2.3
INFO: Installing DataFrames v0.5.10
INFO: Installing GZip v0.2.13
INFO: Installing Reexport v0.0.1
INFO: Installing SHA v0.0.3
INFO: Installing SortingAlgorithms v0.0.2
INFO: Installing StatsBase v0.6.8
INFO: Installing URIParser v0.0.3
INFO: Building HDF5
INFO: DeclarativePackages tests passed
INFO: No packages to install, update or remove

>>> End of log
