>>> 'Pkg.add("DeterministicPolicyGradient")' log
INFO: Cloning cache of DeterministicPolicyGradient from https://github.com/baggepinnen/DeterministicPolicyGradient.jl.git
INFO: Installing ColorTypes v0.3.4
INFO: Installing Colors v0.7.3
INFO: Installing ControlSystems v0.2.0
INFO: Installing DeterministicPolicyGradient v0.0.1
INFO: Installing FixedPointNumbers v0.3.4
INFO: Installing FixedSizeArrays v0.2.5
INFO: Installing Iterators v0.3.0
INFO: Installing Measures v0.0.3
INFO: Installing PlotThemes v0.1.1
INFO: Installing PlotUtils v0.3.0
INFO: Installing Plots v0.10.3
INFO: Installing Polynomials v0.1.2
INFO: Installing RecipesBase v0.1.0
INFO: Installing Reexport v0.0.3
INFO: Installing Showoff v0.0.7
INFO: Building Plots
INFO: Package database updated
INFO: METADATA is out-of-date — you may not have the latest version of DeterministicPolicyGradient
INFO: Use `Pkg.update()` to get the latest versions of your packages

>>> 'Pkg.test("DeterministicPolicyGradient")' log
Julia Version 0.5.0
Commit 3c9d753 (2016-09-19 18:14 UTC)
Platform Info:
  System: Linux (x86_64-pc-linux-gnu)
  CPU: Intel(R) Xeon(R) CPU E3-1241 v3 @ 3.50GHz
  WORD_SIZE: 64
           Ubuntu 14.04.5 LTS
  uname: Linux 3.13.0-109-generic #156-Ubuntu SMP Wed Feb 8 16:09:17 UTC 2017 x86_64 x86_64
Memory: 2.9392738342285156 GB (1843.3203125 MB free)
Uptime: 26521.0 sec
Load Avg:  1.099609375  1.07861328125  1.06201171875
Intel(R) Xeon(R) CPU E3-1241 v3 @ 3.50GHz: 
       speed         user         nice          sys         idle          irq
#1  3500 MHz    1593032 s       7466 s     129964 s     632224 s         75 s
#2  3500 MHz     783060 s        100 s      79984 s    1702481 s          0 s

  BLAS: libopenblas (USE64BITINT DYNAMIC_ARCH NO_AFFINITY Nehalem)
  LAPACK: libopenblas64_
  LIBM: libopenlibm
  LLVM: libLLVM-3.7.1 (ORCJIT, haswell)
Environment:
  TERM = vt100
  LD_LIBRARY_PATH = :/usr/local/lib/
  PATH = /usr/local/sbin:/usr/local/bin:/usr/sbin:/usr/bin:/sbin:/bin:/usr/games:/usr/local/games:/home/vagrant/julia/bin/
  JAVA_HOME = /usr/lib/jvm/java-7-oracle
  HOME = /home/vagrant

Package Directory: /home/vagrant/.julia/v0.5
2 required packages:
 - DeterministicPolicyGradient   0.0.1
 - JSON                          0.8.3
15 additional packages:
 - ColorTypes                    0.3.4
 - Colors                        0.7.3
 - Compat                        0.19.0
 - ControlSystems                0.2.0
 - FixedPointNumbers             0.3.4
 - FixedSizeArrays               0.2.5
 - Iterators                     0.3.0
 - Measures                      0.0.3
 - PlotThemes                    0.1.1
 - PlotUtils                     0.3.0
 - Plots                         0.10.3
 - Polynomials                   0.1.2
 - RecipesBase                   0.1.0
 - Reexport                      0.0.3
 - Showoff                       0.0.7
INFO: Testing DeterministicPolicyGradient
1, cost: 27.23814 norm ∇Θ: 158.11388 norm ∇w: 50.0 norm ∇v: 50.0
101, cost: 27.23814 norm ∇Θ: 158.11388 norm ∇w: 50.0 norm ∇v: 50.0
201, cost: 27.23814 norm ∇Θ: 158.11388 norm ∇w: 50.0 norm ∇v: 50.0
301, cost: 27.23814 norm ∇Θ: 158.11388 norm ∇w: 50.0 norm ∇v: 50.0
401, cost: 27.23814 norm ∇Θ: 158.11388 norm ∇w: 50.0 norm ∇v: 50.0
501, cost: 27.23814 norm ∇Θ: 158.11388 norm ∇w: 50.0 norm ∇v: 50.0
601, cost: 27.23814 norm ∇Θ: 158.11388 norm ∇w: 50.0 norm ∇v: 50.0
701, cost: 27.23814 norm ∇Θ: 158.11388 norm ∇w: 50.0 norm ∇v: 50.0
801, cost: 27.23814 norm ∇Θ: 158.11388 norm ∇w: 50.0 norm ∇v: 50.0
901, cost: 27.23814 norm ∇Θ: 158.11388 norm ∇w: 50.0 norm ∇v: 50.0
1001, cost: 27.23986 norm ∇Θ: 181.19867 norm ∇w: 50.0 norm ∇v: 50.0
1101, cost: 26.19039 norm ∇Θ: 295.14406 norm ∇w: 50.0 norm ∇v: 50.0
1201, cost: 24.86541 norm ∇Θ: 337.84061 norm ∇w: 50.0 norm ∇v: 50.0
1301, cost: 23.70132 norm ∇Θ: 351.58081 norm ∇w: 50.0 norm ∇v: 50.0
1401, cost: 22.43475 norm ∇Θ: 368.86486 norm ∇w: 50.0 norm ∇v: 50.0
1501, cost: 21.36013 norm ∇Θ: 387.8706 norm ∇w: 50.0 norm ∇v: 50.0
1601, cost: 20.36406 norm ∇Θ: 386.60774 norm ∇w: 50.0 norm ∇v: 50.0
1701, cost: 19.35427 norm ∇Θ: 445.80084 norm ∇w: 50.0 norm ∇v: 50.0
1801, cost: 18.521 norm ∇Θ: 427.44079 norm ∇w: 50.0 norm ∇v: 50.0
1901, cost: 17.72022 norm ∇Θ: 419.76786 norm ∇w: 50.0 norm ∇v: 50.0
2001, cost: 17.11464 norm ∇Θ: 497.09951 norm ∇w: 50.0 norm ∇v: 50.0
2101, cost: 16.22592 norm ∇Θ: 474.48196 norm ∇w: 50.0 norm ∇v: 50.0
2201, cost: 15.55925 norm ∇Θ: 437.93362 norm ∇w: 50.0 norm ∇v: 50.0
2301, cost: 15.0325 norm ∇Θ: 526.41562 norm ∇w: 50.0 norm ∇v: 50.0
2401, cost: 14.61404 norm ∇Θ: 441.33275 norm ∇w: 50.0 norm ∇v: 50.0
2501, cost: 14.14383 norm ∇Θ: 541.05587 norm ∇w: 50.0 norm ∇v: 50.0
2601, cost: 13.57181 norm ∇Θ: 484.40065 norm ∇w: 50.0 norm ∇v: 50.0
2701, cost: 13.10896 norm ∇Θ: 493.64095 norm ∇w: 50.0 norm ∇v: 50.0
2801, cost: 12.63433 norm ∇Θ: 527.13625 norm ∇w: 50.0 norm ∇v: 50.0
2901, cost: 12.39646 norm ∇Θ: 475.79483 norm ∇w: 50.0 norm ∇v: 50.0
3001, cost: 12.00693 norm ∇Θ: 516.89157 norm ∇w: 50.0 norm ∇v: 50.0
3101, cost: 11.66907 norm ∇Θ: 556.87383 norm ∇w: 50.0 norm ∇v: 50.0
3201, cost: 11.31537 norm ∇Θ: 541.20118 norm ∇w: 50.0 norm ∇v: 50.0
3301, cost: 11.01938 norm ∇Θ: 491.28665 norm ∇w: 50.0 norm ∇v: 50.0
3401, cost: 10.76663 norm ∇Θ: 489.57944 norm ∇w: 50.0 norm ∇v: 50.0
3501, cost: 10.60296 norm ∇Θ: 466.74665 norm ∇w: 50.0 norm ∇v: 50.0
3601, cost: 10.24623 norm ∇Θ: 463.80271 norm ∇w: 50.0 norm ∇v: 50.0
3701, cost: 10.06176 norm ∇Θ: 436.53957 norm ∇w: 50.0 norm ∇v: 50.0
3801, cost: 9.73934 norm ∇Θ: 501.17023 norm ∇w: 50.0 norm ∇v: 50.0
3901, cost: 9.60744 norm ∇Θ: 487.90966 norm ∇w: 50.0 norm ∇v: 50.0
4001, cost: 9.54602 norm ∇Θ: 464.73198 norm ∇w: 50.0 norm ∇v: 50.0
4101, cost: 9.35648 norm ∇Θ: 408.71505 norm ∇w: 50.0 norm ∇v: 50.0
4201, cost: 9.12248 norm ∇Θ: 397.21482 norm ∇w: 50.0 norm ∇v: 50.0
4301, cost: 8.94843 norm ∇Θ: 395.45735 norm ∇w: 50.0 norm ∇v: 50.0
4401, cost: 8.75293 norm ∇Θ: 438.06282 norm ∇w: 50.0 norm ∇v: 50.0
4501, cost: 8.64639 norm ∇Θ: 386.71538 norm ∇w: 50.0 norm ∇v: 50.0
4601, cost: 8.49552 norm ∇Θ: 423.22226 norm ∇w: 50.0 norm ∇v: 50.0
4701, cost: 8.35353 norm ∇Θ: 388.15824 norm ∇w: 50.0 norm ∇v: 50.0
4801, cost: 8.24116 norm ∇Θ: 382.96851 norm ∇w: 50.0 norm ∇v: 50.0
4901, cost: 8.12184 norm ∇Θ: 368.06085 norm ∇w: 50.0 norm ∇v: 50.0
5001, cost: 8.03096 norm ∇Θ: 308.15848 norm ∇w: 50.0 norm ∇v: 50.0
5101, cost: 7.92829 norm ∇Θ: 330.21055 norm ∇w: 50.0 norm ∇v: 50.0
5201, cost: 7.8658 norm ∇Θ: 293.09771 norm ∇w: 50.0 norm ∇v: 50.0
5301, cost: 7.79386 norm ∇Θ: 309.51663 norm ∇w: 50.0 norm ∇v: 50.0
5401, cost: 7.70654 norm ∇Θ: 220.47321 norm ∇w: 50.0 norm ∇v: 50.0
5501, cost: 7.65165 norm ∇Θ: 247.3831 norm ∇w: 50.0 norm ∇v: 50.0
5601, cost: 7.62352 norm ∇Θ: 214.92116 norm ∇w: 50.0 norm ∇v: 50.0
5701, cost: 7.57968 norm ∇Θ: 262.89257 norm ∇w: 50.0 norm ∇v: 50.0
5801, cost: 7.53053 norm ∇Θ: 235.20456 norm ∇w: 50.0 norm ∇v: 50.0
5901, cost: 7.49749 norm ∇Θ: 259.2062 norm ∇w: 50.0 norm ∇v: 50.0
6001, cost: 7.47426 norm ∇Θ: 196.73768 norm ∇w: 50.0 norm ∇v: 50.0
6101, cost: 7.43402 norm ∇Θ: 187.22204 norm ∇w: 50.0 norm ∇v: 50.0
6201, cost: 7.40254 norm ∇Θ: 176.64604 norm ∇w: 50.0 norm ∇v: 50.0
6301, cost: 7.37091 norm ∇Θ: 175.37559 norm ∇w: 50.0 norm ∇v: 50.0
6401, cost: 7.33904 norm ∇Θ: 220.65273 norm ∇w: 50.0 norm ∇v: 50.0
6501, cost: 7.31175 norm ∇Θ: 186.52899 norm ∇w: 50.0 norm ∇v: 50.0
6601, cost: 7.29039 norm ∇Θ: 107.53011 norm ∇w: 50.0 norm ∇v: 50.0
6701, cost: 7.2686 norm ∇Θ: 121.66789 norm ∇w: 50.0 norm ∇v: 50.0
6801, cost: 7.23771 norm ∇Θ: 133.37603 norm ∇w: 50.0 norm ∇v: 50.0
6901, cost: 7.21391 norm ∇Θ: 93.54389 norm ∇w: 50.0 norm ∇v: 50.0
7001, cost: 7.18605 norm ∇Θ: 135.13609 norm ∇w: 50.0 norm ∇v: 50.0
7101, cost: 7.1552 norm ∇Θ: 107.38058 norm ∇w: 50.0 norm ∇v: 50.0
7201, cost: 7.13386 norm ∇Θ: 106.07678 norm ∇w: 50.0 norm ∇v: 50.0
7301, cost: 7.10707 norm ∇Θ: 149.73958 norm ∇w: 50.0 norm ∇v: 50.0
7401, cost: 7.08014 norm ∇Θ: 157.02631 norm ∇w: 50.0 norm ∇v: 50.0
7501, cost: 7.06151 norm ∇Θ: 93.48343 norm ∇w: 50.0 norm ∇v: 50.0
7601, cost: 7.05416 norm ∇Θ: 84.12754 norm ∇w: 50.0 norm ∇v: 50.0
7701, cost: 7.07478 norm ∇Θ: 118.79086 norm ∇w: 50.0 norm ∇v: 50.0
7801, cost: 7.05369 norm ∇Θ: 85.7958 norm ∇w: 50.0 norm ∇v: 50.0
7901, cost: 7.07601 norm ∇Θ: 78.9878 norm ∇w: 50.0 norm ∇v: 50.0
8001, cost: 7.05475 norm ∇Θ: 87.90344 norm ∇w: 50.0 norm ∇v: 50.0
8101, cost: 7.08616 norm ∇Θ: 74.2018 norm ∇w: 50.0 norm ∇v: 50.0
8201, cost: 7.13265 norm ∇Θ: 84.98422 norm ∇w: 50.0 norm ∇v: 50.0
8301, cost: 7.10976 norm ∇Θ: 65.00862 norm ∇w: 50.0 norm ∇v: 50.0
8401, cost: 7.08429 norm ∇Θ: 121.20681 norm ∇w: 50.0 norm ∇v: 50.0
8501, cost: 7.07546 norm ∇Θ: 58.63187 norm ∇w: 50.0 norm ∇v: 50.0
8601, cost: 7.08052 norm ∇Θ: 62.57188 norm ∇w: 50.0 norm ∇v: 50.0
8701, cost: 7.0303 norm ∇Θ: 135.30321 norm ∇w: 50.0 norm ∇v: 50.0
8801, cost: 7.0019 norm ∇Θ: 69.65018 norm ∇w: 50.0 norm ∇v: 50.0
8901, cost: 6.99323 norm ∇Θ: 52.21377 norm ∇w: 50.0 norm ∇v: 50.0
9001, cost: 6.93863 norm ∇Θ: 99.67042 norm ∇w: 50.0 norm ∇v: 50.0
9101, cost: 6.90634 norm ∇Θ: 64.75598 norm ∇w: 50.0 norm ∇v: 50.0
9201, cost: 6.86775 norm ∇Θ: 80.18145 norm ∇w: 50.0 norm ∇v: 50.0
9301, cost: 6.82812 norm ∇Θ: 53.31757 norm ∇w: 50.0 norm ∇v: 50.0
9401, cost: 6.76398 norm ∇Θ: 48.18209 norm ∇w: 50.0 norm ∇v: 50.0
9501, cost: 6.77365 norm ∇Θ: 76.39268 norm ∇w: 50.0 norm ∇v: 50.0
9601, cost: 6.71613 norm ∇Θ: 74.68248 norm ∇w: 50.0 norm ∇v: 50.0
9701, cost: 6.71346 norm ∇Θ: 58.93585 norm ∇w: 50.0 norm ∇v: 50.0
9801, cost: 6.69521 norm ∇Θ: 66.31911 norm ∇w: 50.0 norm ∇v: 50.0
9901, cost: 6.6997 norm ∇Θ: 65.99879 norm ∇w: 50.0 norm ∇v: 50.0
INFO: DeterministicPolicyGradient tests passed

>>> End of log
