>>> 'Pkg.add("Devectorize")' log
INFO: Cloning cache of Devectorize from https://github.com/lindahua/Devectorize.jl.git
INFO: Installing Devectorize v0.4.2
INFO: Package database updated

>>> 'Pkg.test("Devectorize")' log
Julia Version 0.6.0-dev.1973
Commit f4ed16b (2017-01-06 23:58 UTC)
Platform Info:
  OS: Linux (x86_64-pc-linux-gnu)
  CPU: Intel(R) Xeon(R) CPU E3-1241 v3 @ 3.50GHz
  WORD_SIZE: 64
           Ubuntu 14.04.5 LTS
  uname: Linux 3.13.0-106-generic #153-Ubuntu SMP Tue Dec 6 15:44:32 UTC 2016 x86_64 x86_64
Memory: 2.9392738342285156 GB (1941.453125 MB free)
Uptime: 16245.0 sec
Load Avg:  1.65673828125  1.62548828125  1.3212890625
Intel(R) Xeon(R) CPU E3-1241 v3 @ 3.50GHz: 
       speed         user         nice          sys         idle          irq
#1  3499 MHz     920524 s       5510 s      88886 s     439233 s         33 s
#2  3499 MHz     302969 s       1052 s      64356 s    1219070 s          0 s

  BLAS: libopenblas (USE64BITINT DYNAMIC_ARCH NO_AFFINITY Nehalem)
  LAPACK: libopenblas64_
  LIBM: libopenlibm
  LLVM: libLLVM-3.9.1 (ORCJIT, haswell)
Environment:
  TERM = vt100
  LD_LIBRARY_PATH = :/usr/local/lib/
  PATH = /usr/local/sbin:/usr/local/bin:/usr/sbin:/usr/bin:/sbin:/bin:/usr/games:/usr/local/games:/home/vagrant/julia/bin/
  JAVA_HOME = /usr/lib/jvm/java-7-oracle
  HOME = /home/vagrant

Package Directory: /home/vagrant/.julia/v0.6
2 required packages:
 - Devectorize                   0.4.2
 - JSON                          0.8.0
1 additional packages:
 - Compat                        0.10.0
INFO: Testing Devectorize
Testing Devectorize.jl
---------------------------
* running texpr.jl ...
WARNING: Base.ASCIIString is deprecated, use String instead.
  likely near /home/vagrant/.julia/v0.6/Devectorize/src/texpr.jl:293
WARNING: Base.ASCIIString is deprecated, use String instead.
  likely near /home/vagrant/.julia/v0.6/Devectorize/src/texpr.jl:293
WARNING: Base.ASCIIString is deprecated, use String instead.
  likely near /home/vagrant/.julia/v0.6/Devectorize/test/texpr.jl:39
WARNING: Base.ASCIIString is deprecated, use String instead.
  likely near /home/vagrant/.julia/v0.6/Devectorize/test/texpr.jl:39
WARNING: Base.ASCIIString is deprecated, use String instead.
  likely near /home/vagrant/.julia/v0.6/Devectorize/test/texpr.jl:39
WARNING: symbol is deprecated, use Symbol instead.
Stacktrace:
 [1] depwarn(::String, ::Symbol) at ./deprecated.jl:64
 [2] symbol(::String, ::Vararg{String,N}) at ./deprecated.jl:30
 [3] tref_arg(::Expr) at /home/vagrant/.julia/v0.6/Devectorize/src/texpr.jl:356
 [4] tref(::Expr) at /home/vagrant/.julia/v0.6/Devectorize/src/texpr.jl:393
 [5] texpr(::Expr) at /home/vagrant/.julia/v0.6/Devectorize/src/texpr.jl:607
 [6] include_from_node1(::String) at ./loading.jl:532
 [7] include(::String) at ./sysimg.jl:14
 [8] macro expansion; at /home/vagrant/.julia/v0.6/Devectorize/test/runtests.jl:18 [inlined]
 [9] anonymous at ./<missing>:?
 [10] include_from_node1(::String) at ./loading.jl:532
 [11] include(::String) at ./sysimg.jl:14
 [12] process_options(::Base.JLOptions) at ./client.jl:308
 [13] _start() at ./client.jl:374
while loading /home/vagrant/.julia/v0.6/Devectorize/test/texpr.jl, in expression starting on line 165
* running tmode.jl ...
* running scalar_ref.jl ...
Test Failed
  Expression: isequal(r,abct[1,1:end])
ERROR: LoadError: LoadError: There was an error during testing
while loading /home/vagrant/.julia/v0.6/Devectorize/test/scalar_ref.jl, in expression starting on line 382
while loading /home/vagrant/.julia/v0.6/Devectorize/test/runtests.jl, in expression starting on line 15
=============================[ ERROR: Devectorize ]=============================

failed process: Process(`/home/vagrant/julia/bin/julia -Cx86-64 -J/home/vagrant/julia/lib/julia/sys.so --compile=yes --depwarn=yes --check-bounds=yes --code-coverage=none --color=no --compilecache=yes /home/vagrant/.julia/v0.6/Devectorize/test/runtests.jl`, ProcessExited(1)) [1]

================================================================================
ERROR: Devectorize had test errors

>>> End of log
