>>> 'Pkg.add("DevIL")' log
INFO: Cloning cache of DevIL from git://github.com/JuliaGL/DevIL.jl.git
INFO: Installing DevIL v0.3.0
INFO: Building DevIL
Reading package lists...
Building dependency tree...
Reading state information...
The following extra packages will be installed:
  liballegro4.4 liballegro4.4-plugin-alsa libasyncns0 libcaca0 libglu1-mesa
  liblcms1 libmng2 libpulse0 libsdl1.2debian
Suggested packages:
  liblcms-utils pulseaudio
The following NEW packages will be installed:
  liballegro4.4 liballegro4.4-plugin-alsa libasyncns0 libcaca0 libdevil1c2
  libglu1-mesa liblcms1 libmng2 libpulse0 libsdl1.2debian
0 upgraded, 10 newly installed, 0 to remove and 0 not upgraded.
Need to get 1,713 kB of archives.
After this operation, 5,794 kB of additional disk space will be used.
Get:1 http://archive.ubuntu.com/ubuntu/ trusty/universe liballegro4.4 amd64 2:4.4.2-4 [433 kB]
Get:2 http://archive.ubuntu.com/ubuntu/ trusty/main libasyncns0 amd64 0.8-4ubuntu2 [11.9 kB]
Get:3 http://archive.ubuntu.com/ubuntu/ trusty/main libcaca0 amd64 0.99.beta18-1ubuntu5 [202 kB]
Get:4 http://archive.ubuntu.com/ubuntu/ trusty/main libglu1-mesa amd64 9.0.0-2 [195 kB]
Get:5 http://archive.ubuntu.com/ubuntu/ trusty/universe liblcms1 amd64 1.19.dfsg-1.2ubuntu5 [91.4 kB]
Get:6 http://archive.ubuntu.com/ubuntu/ trusty/main libmng2 amd64 2.0.2-0ubuntu3 [169 kB]
Get:7 http://archive.ubuntu.com/ubuntu/ trusty-updates/main libpulse0 amd64 1:4.0-0ubuntu11.1 [225 kB]
Get:8 http://archive.ubuntu.com/ubuntu/ trusty-updates/main libsdl1.2debian amd64 1.2.15-8ubuntu1.1 [162 kB]
Get:9 http://archive.ubuntu.com/ubuntu/ trusty/universe libdevil1c2 amd64 1.7.8-7ubuntu3 [209 kB]
Get:10 http://archive.ubuntu.com/ubuntu/ trusty/universe liballegro4.4-plugin-alsa amd64 2:4.4.2-4 [13.4 kB]
dpkg-preconfigure: unable to re-open stdin: No such file or directory
Fetched 1,713 kB in 1s (1,303 kB/s)
Selecting previously unselected package liballegro4.4:amd64.
(Reading database ... 73246 files and directories currently installed.)
Preparing to unpack .../liballegro4.4_2%3a4.4.2-4_amd64.deb ...
Unpacking liballegro4.4:amd64 (2:4.4.2-4) ...
Selecting previously unselected package libasyncns0:amd64.
Preparing to unpack .../libasyncns0_0.8-4ubuntu2_amd64.deb ...
Unpacking libasyncns0:amd64 (0.8-4ubuntu2) ...
Selecting previously unselected package libcaca0:amd64.
Preparing to unpack .../libcaca0_0.99.beta18-1ubuntu5_amd64.deb ...
Unpacking libcaca0:amd64 (0.99.beta18-1ubuntu5) ...
Selecting previously unselected package libglu1-mesa:amd64.
Preparing to unpack .../libglu1-mesa_9.0.0-2_amd64.deb ...
Unpacking libglu1-mesa:amd64 (9.0.0-2) ...
Selecting previously unselected package liblcms1:amd64.
Preparing to unpack .../liblcms1_1.19.dfsg-1.2ubuntu5_amd64.deb ...
Unpacking liblcms1:amd64 (1.19.dfsg-1.2ubuntu5) ...
Selecting previously unselected package libmng2:amd64.
Preparing to unpack .../libmng2_2.0.2-0ubuntu3_amd64.deb ...
Unpacking libmng2:amd64 (2.0.2-0ubuntu3) ...
Selecting previously unselected package libpulse0:amd64.
Preparing to unpack .../libpulse0_1%3a4.0-0ubuntu11.1_amd64.deb ...
Unpacking libpulse0:amd64 (1:4.0-0ubuntu11.1) ...
Selecting previously unselected package libsdl1.2debian:amd64.
Preparing to unpack .../libsdl1.2debian_1.2.15-8ubuntu1.1_amd64.deb ...
Unpacking libsdl1.2debian:amd64 (1.2.15-8ubuntu1.1) ...
Selecting previously unselected package libdevil1c2.
Preparing to unpack .../libdevil1c2_1.7.8-7ubuntu3_amd64.deb ...
Unpacking libdevil1c2 (1.7.8-7ubuntu3) ...
Selecting previously unselected package liballegro4.4-plugin-alsa:amd64.
Preparing to unpack .../liballegro4.4-plugin-alsa_2%3a4.4.2-4_amd64.deb ...
Unpacking liballegro4.4-plugin-alsa:amd64 (2:4.4.2-4) ...
Setting up liballegro4.4:amd64 (2:4.4.2-4) ...
Setting up libasyncns0:amd64 (0.8-4ubuntu2) ...
Setting up libcaca0:amd64 (0.99.beta18-1ubuntu5) ...
Setting up libglu1-mesa:amd64 (9.0.0-2) ...
Setting up liblcms1:amd64 (1.19.dfsg-1.2ubuntu5) ...
Setting up libmng2:amd64 (2.0.2-0ubuntu3) ...
Setting up libpulse0:amd64 (1:4.0-0ubuntu11.1) ...
Setting up libsdl1.2debian:amd64 (1.2.15-8ubuntu1.1) ...
Setting up libdevil1c2 (1.7.8-7ubuntu3) ...
Setting up liballegro4.4-plugin-alsa:amd64 (2:4.4.2-4) ...
Processing triggers for libc-bin (2.19-0ubuntu6.9) ...
INFO: Package database updated

>>> 'Pkg.test("DevIL")' log
Julia Version 0.4.6
Commit 2e358ce (2016-06-19 17:16 UTC)
Platform Info:
  System: Linux (x86_64-unknown-linux-gnu)
  CPU: Intel(R) Xeon(R) CPU E3-1241 v3 @ 3.50GHz
  WORD_SIZE: 64
           Ubuntu 14.04.5 LTS
  uname: Linux 3.13.0-95-generic #142-Ubuntu SMP Fri Aug 12 17:00:09 UTC 2016 x86_64 x86_64
Memory: 2.4471054077148438 GB (972.8046875 MB free)
Uptime: 16873.0 sec
Load Avg:  0.8818359375  0.96923828125  0.9892578125
Intel(R) Xeon(R) CPU E3-1241 v3 @ 3.50GHz: 
       speed         user         nice          sys         idle          irq
#1  3501 MHz     699063 s       3912 s      81612 s     704969 s         39 s
#2  3501 MHz     488996 s       2856 s      75210 s    1042359 s          0 s

  BLAS: libopenblas (USE64BITINT DYNAMIC_ARCH NO_AFFINITY Nehalem)
  LAPACK: libopenblas64_
  LIBM: libopenlibm
  LLVM: libLLVM-3.3
Environment:
  TERM = vt100
  LD_LIBRARY_PATH = :/usr/local/lib/
  PATH = /usr/local/sbin:/usr/local/bin:/usr/sbin:/usr/bin:/sbin:/bin:/usr/games:/usr/local/games:/home/vagrant/julia/bin/
  JAVA_HOME = /usr/lib/jvm/java-7-oracle
  HOME = /home/vagrant

Package Directory: /home/vagrant/.julia/v0.4
2 required packages:
 - DevIL                         0.3.0
 - JSON                          0.7.0
1 additional packages:
 - Compat                        0.8.8
INFO: Testing DevIL
INFO: DevIL tests passed

>>> End of log
