>>> 'Pkg.add("DevIL")' log
INFO: Cloning cache of DevIL from https://github.com/JuliaGL/DevIL.jl.git
INFO: Installing DevIL v0.4.2
INFO: Building DevIL
Reading package lists...
Building dependency tree...
Reading state information...
The following extra packages will be installed:
  liballegro4.4 liblcms1 libmng2 libxxf86dga1
Suggested packages:
  liblcms-utils
Recommended packages:
  liballegro4.4-plugin-alsa
The following NEW packages will be installed:
  liballegro4.4 libdevil1c2 liblcms1 libmng2 libxxf86dga1
0 upgraded, 5 newly installed, 0 to remove and 4 not upgraded.
Need to get 916 kB of archives.
After this operation, 2,701 kB of additional disk space will be used.
Get:1 http://archive.ubuntu.com/ubuntu/ trusty/main libxxf86dga1 amd64 2:1.1.4-1 [13.7 kB]
Get:2 http://archive.ubuntu.com/ubuntu/ trusty/universe liballegro4.4 amd64 2:4.4.2-4 [433 kB]
Get:3 http://archive.ubuntu.com/ubuntu/ trusty/universe liblcms1 amd64 1.19.dfsg-1.2ubuntu5 [91.4 kB]
Get:4 http://archive.ubuntu.com/ubuntu/ trusty/main libmng2 amd64 2.0.2-0ubuntu3 [169 kB]
Get:5 http://archive.ubuntu.com/ubuntu/ trusty/universe libdevil1c2 amd64 1.7.8-7ubuntu3 [209 kB]
dpkg-preconfigure: unable to re-open stdin: No such file or directory
Fetched 916 kB in 0s (1,196 kB/s)
Selecting previously unselected package libxxf86dga1:amd64.
(Reading database ... 93742 files and directories currently installed.)
Preparing to unpack .../libxxf86dga1_2%3a1.1.4-1_amd64.deb ...
Unpacking libxxf86dga1:amd64 (2:1.1.4-1) ...
Selecting previously unselected package liballegro4.4:amd64.
Preparing to unpack .../liballegro4.4_2%3a4.4.2-4_amd64.deb ...
Unpacking liballegro4.4:amd64 (2:4.4.2-4) ...
Selecting previously unselected package liblcms1:amd64.
Preparing to unpack .../liblcms1_1.19.dfsg-1.2ubuntu5_amd64.deb ...
Unpacking liblcms1:amd64 (1.19.dfsg-1.2ubuntu5) ...
Selecting previously unselected package libmng2:amd64.
Preparing to unpack .../libmng2_2.0.2-0ubuntu3_amd64.deb ...
Unpacking libmng2:amd64 (2.0.2-0ubuntu3) ...
Selecting previously unselected package libdevil1c2.
Preparing to unpack .../libdevil1c2_1.7.8-7ubuntu3_amd64.deb ...
Unpacking libdevil1c2 (1.7.8-7ubuntu3) ...
Setting up libxxf86dga1:amd64 (2:1.1.4-1) ...
Setting up liballegro4.4:amd64 (2:4.4.2-4) ...
Setting up liblcms1:amd64 (1.19.dfsg-1.2ubuntu5) ...
Setting up libmng2:amd64 (2.0.2-0ubuntu3) ...
Setting up libdevil1c2 (1.7.8-7ubuntu3) ...
Processing triggers for libc-bin (2.19-0ubuntu6.9) ...
INFO: Package database updated
INFO: METADATA is out-of-date — you may not have the latest version of DevIL
INFO: Use `Pkg.update()` to get the latest versions of your packages

>>> 'Pkg.test("DevIL")' log
Julia Version 0.5.1
Commit 6445c82 (2017-03-05 13:25 UTC)
Platform Info:
  OS: Linux (x86_64-pc-linux-gnu)
  CPU: Intel(R) Xeon(R) CPU E3-1241 v3 @ 3.50GHz
  WORD_SIZE: 64
           Ubuntu 14.04.5 LTS
  uname: Linux 3.13.0-110-generic #157-Ubuntu SMP Mon Feb 20 11:54:05 UTC 2017 x86_64 x86_64
Memory: 2.9392738342285156 GB (1743.37890625 MB free)
Uptime: 26370.0 sec
Load Avg:  1.2744140625  1.23876953125  1.14111328125
Intel(R) Xeon(R) CPU E3-1241 v3 @ 3.50GHz: 
       speed         user         nice          sys         idle          irq
#1  3500 MHz    1541100 s       2915 s     132014 s     692081 s         70 s
#2  3500 MHz     809548 s       3984 s      86541 s    1652729 s          1 s

  BLAS: libopenblas (USE64BITINT DYNAMIC_ARCH NO_AFFINITY Nehalem)
  LAPACK: libopenblas64_
  LIBM: libopenlibm
  LLVM: libLLVM-3.7.1 (ORCJIT, haswell)
Environment:
  TERM = vt100
  LD_LIBRARY_PATH = :/usr/local/lib/
  PATH = /usr/local/sbin:/usr/local/bin:/usr/sbin:/usr/bin:/sbin:/bin:/usr/games:/usr/local/games:/home/vagrant/julia/bin/
  JAVA_HOME = /usr/lib/jvm/java-7-oracle
  HOME = /home/vagrant

Package Directory: /home/vagrant/.julia/v0.5
2 required packages:
 - DevIL                         0.4.2
 - JSON                          0.8.3
1 additional packages:
 - Compat                        0.20.0
INFO: Testing DevIL
INFO: DevIL tests passed

>>> End of log
