>>> 'Pkg.add("DICOM")' log
WARNING: Base.Pkg is deprecated, run `using Pkg` instead
 in module Main
[ Info: Cloning cache of DICOM from https://github.com/JuliaIO/DICOM.jl.git
[ Info: Installing DICOM v0.1.0
[ Info: Package database updated
┌ Info: METADATA is out-of-date — you may not have the latest version of DICOM
└ Use `Pkg.update()` to get the latest versions of your packages

>>> 'Pkg.test("DICOM")' log
WARNING: Base.versioninfo is deprecated: it has been moved to the standard library package `InteractiveUtils`.
Add `using InteractiveUtils` to your imports.
 in module Main
WARNING: Base.versioninfo is deprecated: it has been moved to the standard library package `InteractiveUtils`.
Add `using InteractiveUtils` to your imports.
 in module Main
Julia Version 0.7.0-DEV.4465
Commit f569ebe9bc (2018-03-04 15:47 UTC)
Platform Info:
  OS: Linux (x86_64-pc-linux-gnu)
      Ubuntu 14.04.5 LTS
  uname: Linux 3.13.0-135-generic #184-Ubuntu SMP Wed Oct 18 11:55:51 UTC 2017 x86_64 x86_64
  CPU: Intel(R) Xeon(R) CPU E3-1241 v3 @ 3.50GHz: 
              speed         user         nice          sys         idle          irq
       #1  3515 MHz    3193735 s       7801 s     168149 s     983632 s         71 s
       #2  3515 MHz     819941 s         49 s      79998 s    4086898 s          0 s
       
  Memory: 2.93927001953125 GB (1652.97265625 MB free)
  Uptime: 50857.0 sec
  Load Avg:  0.9228515625  0.9697265625  0.951171875
  WORD_SIZE: 64
  LIBM: libopenlibm
  LLVM: libLLVM-3.9.1 (ORCJIT, haswell)
Environment:
  TERM = vt100
  LD_LIBRARY_PATH = :/usr/local/lib/
  PATH = /usr/local/sbin:/usr/local/bin:/usr/sbin:/usr/bin:/sbin:/bin:/usr/games:/usr/local/games:/home/vagrant/julia/bin/
  JAVA_HOME = /usr/lib/jvm/java-8-openjdk-amd64
  HOME = /home/vagrant
Packages:
  Package Directory: /home/vagrant/.julia/v0.7
  Package Status:
2 required packages:
 - DICOM                         0.1.0
 - JSON                          0.17.1
2 additional packages:
 - Compat                        0.56.0
 - Nullables                     0.0.4
WARNING: Base.Pkg is deprecated, run `using Pkg` instead
 in module Main
[ Info: Testing DICOM
┌ Warning: Deprecated syntax `type` at /home/vagrant/.julia/v0.7/DICOM/src/DICOM.jl:49.
│ Use `mutable struct` instead.
└ @ nothing DICOM.jl:49
  % Total    % Received % Xferd  Average Speed   Time    Time     Time  Current
                                 Dload  Upload   Total   Spent    Left  Speed
  0     0    0     0    0     0      0      0 --:--:-- --:--:-- --:--:--     0100 59033  100 59033    0     0   129k      0 --:--:-- --:--:-- --:--:--  129k
Archive:  /tmp/tmp60dWyI/dicomTestData.zip
  inflating: /tmp/tmp60dWyI/DISCIMG/DICOMDIR  
  inflating: /tmp/tmp60dWyI/DISCIMG/IMAGES/MGIMAGEA  
  inflating: /tmp/tmp60dWyI/DISCIMG/IMAGES/DXIMAGEA  
  inflating: /tmp/tmp60dWyI/DISCIMG/IMAGES/CRIMAGEA  
  inflating: /tmp/tmp60dWyI/DISCIMG/IMAGES/XAIMAGEA  
  inflating: /tmp/tmp60dWyI/DISCIMG/IMAGES/MGIMAGEI  
  inflating: /tmp/tmp60dWyI/DISCIMG/IMAGES/DXIMAGEI  
  inflating: /tmp/tmp60dWyI/DISCIMG/IMAGES/CRIMAGEI  
  inflating: /tmp/tmp60dWyI/DISCIMG/IMAGES/XAIMAGEI  
  inflating: /tmp/tmp60dWyI/README   
┌ Warning: `read(s::IO, t::Type, d1::Int, dims::Int...)` is deprecated, use `read!(s, Array{t}(uninitialized, tuple(d1, dims...)))` instead.
│   caller = dcm_parse(::String) at DICOM.jl:419
└ @ DICOM DICOM.jl:419
┌ Warning: `read(s::IO, t::Type, d1::Int, dims::Int...)` is deprecated, use `read!(s, Array{t}(uninitialized, tuple(d1, dims...)))` instead.
│   caller = dcm_parse(::String) at DICOM.jl:427
└ @ DICOM DICOM.jl:427
┌ Warning: `read(s::IO, t::Type, d1::Int, dims::Int...)` is deprecated, use `read!(s, Array{t}(uninitialized, tuple(d1, dims...)))` instead.
│   caller = element(::IOStream, ::Bool, ::Array{Any,1}) at DICOM.jl:293
└ @ DICOM DICOM.jl:293
┌ Warning: `read(s::IO, t::Type, d1::Integer, dims::Integer...)` is deprecated, use `read!(s, Array{t}(uninitialized, convert(Tuple{Vararg{Int}}, tuple(d1, dims...))))` instead.
│   caller = element(::IOStream, ::Bool, ::Array{Any,1}) at DICOM.jl:316
└ @ DICOM DICOM.jl:316
┌ Warning: `read(s::IO, t::Type, d1::Int, dims::Int...)` is deprecated, use `read!(s, Array{t}(uninitialized, tuple(d1, dims...)))` instead.
│   caller = element(::IOStream, ::Bool, ::Bool) at DICOM.jl:293
└ @ DICOM DICOM.jl:293
┌ Warning: `read(s::IO, t::Type, d1::Integer, dims::Integer...)` is deprecated, use `read!(s, Array{t}(uninitialized, convert(Tuple{Vararg{Int}}, tuple(d1, dims...))))` instead.
│   caller = element(::IOStream, ::Bool, ::Array{Any,1}) at DICOM.jl:316
└ @ DICOM DICOM.jl:316
┌ Warning: `Array{T}(m::Integer, n::Integer, o::Integer) where T` is deprecated, use `Array{T}(uninitialized, m, n, o)` instead.
│   caller = pixeldata_parse(::IOStream, ::UInt32, ::String, ::Array{Any,1}) at DICOM.jl:204
└ @ DICOM DICOM.jl:204
[ Info: DICOM tests passed

>>> End of log
