>>> 'Pkg.add("DICOM")' log
INFO: Cloning cache of DICOM from https://github.com/JuliaIO/DICOM.jl.git
INFO: Installing DICOM v0.1.0
INFO: Package database updated
INFO: METADATA is out-of-date — you may not have the latest version of DICOM
INFO: Use `Pkg.update()` to get the latest versions of your packages

>>> 'Pkg.test("DICOM")' log
Julia Version 0.6.2
Commit d386e40c17 (2017-12-13 18:08 UTC)
Platform Info:
  OS: Linux (x86_64-pc-linux-gnu)
  CPU: Intel(R) Xeon(R) CPU E3-1241 v3 @ 3.50GHz
  WORD_SIZE: 64
           Ubuntu 14.04.5 LTS
  uname: Linux 3.13.0-143-generic #192-Ubuntu SMP Tue Feb 27 10:45:36 UTC 2018 x86_64 x86_64
Memory: 2.939197540283203 GB (1896.53515625 MB free)
Uptime: 70173.0 sec
Load Avg:  0.9970703125  1.11083984375  1.21044921875
Intel(R) Xeon(R) CPU E3-1241 v3 @ 3.50GHz: 
       speed         user         nice          sys         idle          irq
#1  3507 MHz    4309378 s       5750 s     290182 s    1454778 s         46 s
#2  3507 MHz    1205800 s       1392 s     153678 s    5509492 s          1 s

  BLAS: libopenblas (USE64BITINT DYNAMIC_ARCH NO_AFFINITY Nehalem)
  LAPACK: libopenblas64_
  LIBM: libopenlibm
  LLVM: libLLVM-3.9.1 (ORCJIT, haswell)
Environment:
  TERM = vt100
  LD_LIBRARY_PATH = :/usr/local/lib/
  PATH = /usr/local/sbin:/usr/local/bin:/usr/sbin:/usr/bin:/sbin:/bin:/usr/games:/usr/local/games:/home/vagrant/julia/bin/
  JAVA_HOME = /usr/lib/jvm/java-8-openjdk-amd64
  HOME = /home/vagrant

Package Directory: /home/vagrant/.julia/v0.6
2 required packages:
 - DICOM                         0.1.0
 - JSON                          0.17.2
2 additional packages:
 - Compat                        0.64.0
 - Nullables                     0.0.5
INFO: Testing DICOM
  % Total    % Received % Xferd  Average Speed   Time    Time     Time  Current
                                 Dload  Upload   Total   Spent    Left  Speed
  0     0    0     0    0     0      0      0 --:--:-- --:--:-- --:--:--     0100 59033  100 59033    0     0   175k      0 --:--:-- --:--:-- --:--:--  175k
Archive:  /tmp/tmpM7hoNR/dicomTestData.zip
  inflating: /tmp/tmpM7hoNR/DISCIMG/DICOMDIR  
  inflating: /tmp/tmpM7hoNR/DISCIMG/IMAGES/MGIMAGEA  
  inflating: /tmp/tmpM7hoNR/DISCIMG/IMAGES/DXIMAGEA  
  inflating: /tmp/tmpM7hoNR/DISCIMG/IMAGES/CRIMAGEA  
  inflating: /tmp/tmpM7hoNR/DISCIMG/IMAGES/XAIMAGEA  
  inflating: /tmp/tmpM7hoNR/DISCIMG/IMAGES/MGIMAGEI  
  inflating: /tmp/tmpM7hoNR/DISCIMG/IMAGES/DXIMAGEI  
  inflating: /tmp/tmpM7hoNR/DISCIMG/IMAGES/CRIMAGEI  
  inflating: /tmp/tmpM7hoNR/DISCIMG/IMAGES/XAIMAGEI  
  inflating: /tmp/tmpM7hoNR/README   
INFO: DICOM tests passed

>>> End of log
