>>> 'Pkg.add("DictFiles")' log
[ Info: Cloning cache of DictFiles from https://github.com/rened/DictFiles.jl.git
[ Info: Cloning cache of FunctionalData from https://github.com/rened/FunctionalData.jl.git
[ Info: Installing BinDeps v0.8.6
[ Info: Installing Blosc v0.3.0
[ Info: Installing DictFiles v0.1.0
[ Info: Installing FactCheck v0.4.3
[ Info: Installing FileIO v0.6.1
[ Info: Installing FunctionalData v0.1.2
[ Info: Installing HDF5 v0.8.8
[ Info: Installing JLD v0.8.3
[ Info: Installing LegacyStrings v0.3.0
[ Info: Installing SHA v0.5.3
[ Info: Installing URIParser v0.3.0
[ Info: Building Blosc
WARNING: importing deprecated binding Base.Libdl into __anon__.
WARNING: Base.Libdl is deprecated, run `using Libdl` instead.
  likely near /home/vagrant/.julia/v0.7/Blosc/deps/build.jl:6
[ Info: Building HDF5
┌ Warning: `isalnum(c::Char)` is deprecated, use `isalpha(c) || isnumeric(c)` instead.
│   caller = is_userinfo_char at parser.jl:4 [inlined]
└ @ Core parser.jl:4
┌ Warning: `isalnum(c::Char)` is deprecated, use `isalpha(c) || isnumeric(c)` instead.
│   caller = is_host_char at parser.jl:8 [inlined]
└ @ Core parser.jl:8
┌ Warning: `isalnum(c::Char)` is deprecated, use `isalpha(c) || isnumeric(c)` instead.
│   caller = is_host_char at parser.jl:8 [inlined]
└ @ Core parser.jl:8
WARNING: importing deprecated binding Base.Associative into BinDeps.
WARNING: Base.Associative is deprecated, use AbstractDict instead.
  likely near /home/vagrant/.julia/v0.7/HDF5/deps/build.jl:40
in @install at /home/vagrant/.julia/v0.7/BinDeps/src/dependencies.jl
WARNING: importing deprecated binding Base.Libdl into __anon__.
WARNING: Base.Libdl is deprecated, run `using Libdl` instead.
  likely near /home/vagrant/.julia/v0.7/HDF5/deps/build.jl:976
WARNING: Base.Libdl is deprecated, run `using Libdl` instead.
  likely near /home/vagrant/.julia/v0.7/HDF5/deps/build.jl:976
WARNING: Base.Libdl is deprecated, run `using Libdl` instead.
  likely near /home/vagrant/.julia/v0.7/HDF5/deps/build.jl:976
WARNING: Base.Libdl is deprecated, run `using Libdl` instead.
  likely near /home/vagrant/.julia/v0.7/HDF5/deps/build.jl:976
WARNING: Base.Libdl is deprecated, run `using Libdl` instead.
  likely near /home/vagrant/.julia/v0.7/HDF5/deps/build.jl:976
in h5_get_libversion at /home/vagrant/.julia/v0.7/HDF5/deps/build.jl
[ Info: Package database updated
┌ Info: METADATA is out-of-date — you may not have the latest version of DictFiles
└ Use `Pkg.update()` to get the latest versions of your packages

>>> 'Pkg.test("DictFiles")' log
Julia Version 0.7.0-DEV.3519
Commit 5ecba29832 (2018-01-22 20:58 UTC)
Platform Info:
  OS: Linux (x86_64-pc-linux-gnu)
      Ubuntu 14.04.5 LTS
  uname: Linux 3.13.0-135-generic #184-Ubuntu SMP Wed Oct 18 11:55:51 UTC 2017 x86_64 x86_64
  CPU: Intel(R) Xeon(R) CPU E3-1241 v3 @ 3.50GHz: 
              speed         user         nice          sys         idle          irq
       #1  3500 MHz    3134458 s       5036 s     170480 s     938424 s         40 s
       #2  3500 MHz     708638 s       2786 s      71198 s    4099712 s          0 s
       
  Memory: 2.93927001953125 GB (1128.2578125 MB free)
  Uptime: 49851.0 sec
  Load Avg:  0.9951171875  0.998046875  1.0078125
  WORD_SIZE: 64
  LIBM: libopenlibm
  LLVM: libLLVM-3.9.1 (ORCJIT, haswell)
Environment:
  TERM = vt100
  LD_LIBRARY_PATH = :/usr/local/lib/
  PATH = /usr/local/sbin:/usr/local/bin:/usr/sbin:/usr/bin:/sbin:/bin:/usr/games:/usr/local/games:/home/vagrant/julia/bin/
  JAVA_HOME = /usr/lib/jvm/java-8-openjdk-amd64
  HOME = /home/vagrant
Packages:
  Package Directory: /home/vagrant/.julia/v0.7
  Package Status:
2 required packages:
 - DictFiles                     0.1.0
 - JSON                          0.16.4
12 additional packages:
 - BinDeps                       0.8.6
 - Blosc                         0.3.0
 - Compat                        0.49.0
 - FactCheck                     0.4.3
 - FileIO                        0.6.1
 - FunctionalData                0.1.2
 - HDF5                          0.8.8
 - JLD                           0.8.3
 - LegacyStrings                 0.3.0
 - Nullables                     0.0.3
 - SHA                           0.5.3
 - URIParser                     0.3.0
[ Info: Computing test dependencies for DictFiles...
[ Info: No packages to install, update or remove
[ Info: Testing DictFiles

Running runtests.jl ...
ERROR: LoadError: LoadError: syntax: extra token "Result" after end of expression
Stacktrace:
 [1] include at ./boot.jl:292 [inlined]
 [2] include_relative(::Module, ::String) at ./loading.jl:1011
 [3] _require(::Base.PkgId) at ./loading.jl:938
 [4] require(::Module, ::Symbol) at ./loading.jl:819
 [5] include at ./boot.jl:292 [inlined]
 [6] include_relative(::Module, ::String) at ./loading.jl:1011
 [7] include(::Module, ::String) at ./sysimg.jl:26
 [8] process_options(::Base.JLOptions) at ./client.jl:334
 [9] _start() at ./client.jl:386
in expression starting at /home/vagrant/.julia/v0.7/FactCheck/src/FactCheck.jl:45
in expression starting at /home/vagrant/.julia/v0.7/DictFiles/test/runtests.jl:3
┌ Error: ------------------------------------------------------------
│ # Testing failed for DictFiles
│   exception =
│    failed process: Process(`/home/vagrant/julia/bin/julia -Cnative -J/home/vagrant/julia/lib/julia/sys.so --compile=yes --depwarn=yes --code-coverage=none --color=no --compiled-modules=yes --check-bounds=yes --warn-overwrite=yes --startup-file=yes /home/vagrant/.julia/v0.7/DictFiles/test/runtests.jl`, ProcessExited(1)) [1]
│    Stacktrace:
│     [1] error(::String, ::Base.Process, ::String, ::Int64, ::String) at ./error.jl:42
│     [2] pipeline_error(::Base.Process) at ./process.jl:698
│     [3] run(::Cmd) at ./process.jl:660
│     [4] (::getfield(Base.Pkg.Entry, Symbol("##89#92")){Bool,String,Array{AbstractString,1}})() at ./pkg/entry.jl:729
│     [5] cd(::getfield(Base.Pkg.Entry, Symbol("##89#92")){Bool,String,Array{AbstractString,1}}, ::String) at ./file.jl:70
│     [6] #test!#88(::Bool, ::Function, ::String, ::Array{AbstractString,1}, ::Array{AbstractString,1}, ::Array{AbstractString,1}) at ./pkg/entry.jl:717
│     [7] (::getfield(Base.Pkg.Entry, Symbol("#kw##test!")))(::NamedTuple{(:coverage,),Tuple{Bool}}, ::typeof(Base.Pkg.Entry.test!), ::String, ::Array{AbstractString,1}, ::Array{AbstractString,1}, ::Array{AbstractString,1}) at ./<missing>:0
│     [8] #test#96(::Bool, ::Function, ::Array{AbstractString,1}) at ./pkg/entry.jl:756
│     [9] (::getfield(Base.Pkg.Entry, Symbol("#kw##test")))(::NamedTuple{(:coverage,),Tuple{Bool}}, ::typeof(Base.Pkg.Entry.test), ::Array{AbstractString,1}) at ./<missing>:0
│     [10] (::getfield(Base.Pkg.Dir, Symbol("##4#7")){Base.Iterators.IndexValue{Symbol,Bool,Tuple{Symbol},NamedTuple{(:coverage,),Tuple{Bool}}},typeof(Base.Pkg.Entry.test),Tuple{Array{AbstractString,1}}})() at ./pkg/dir.jl:36
│     [11] cd(::getfield(Base.Pkg.Dir, Symbol("##4#7")){Base.Iterators.IndexValue{Symbol,Bool,Tuple{Symbol},NamedTuple{(:coverage,),Tuple{Bool}}},typeof(Base.Pkg.Entry.test),Tuple{Array{AbstractString,1}}}, ::String) at ./file.jl:70
│     [12] #cd#1(::Base.Iterators.IndexValue{Symbol,Bool,Tuple{Symbol},NamedTuple{(:coverage,),Tuple{Bool}}}, ::Function, ::Function, ::Array{AbstractString,1}, ::Vararg{Array{AbstractString,1},N} where N) at ./pkg/dir.jl:36
│     [13] (::getfield(Base.Pkg.Dir, Symbol("#kw##cd")))(::NamedTuple{(:coverage,),Tuple{Bool}}, ::typeof(Base.Pkg.Dir.cd), ::Function, ::Array{AbstractString,1}, ::Vararg{Array{AbstractString,1},N} where N) at ./<missing>:0
│     [14] #test#3(::Bool, ::Function, ::String, ::Vararg{String,N} where N) at ./pkg/pkg.jl:274
│     [15] test(::String, ::Vararg{String,N} where N) at ./pkg/pkg.jl:274
│     [16] top-level scope
│     [17] eval at ./boot.jl:295 [inlined]
│     [18] eval(::Module, ::Expr) at ./sysimg.jl:71
│     [19] process_options(::Base.JLOptions) at ./client.jl:311
│     [20] _start() at ./client.jl:386
└ @ Base.Pkg.Entry entry.jl:732
[ Info: No packages to install, update or remove
ERROR: DictFiles had test errors

>>> End of log
