>>> 'Pkg.add("Dierckx")' log
INFO: Installing Dierckx v0.3.0
INFO: Building Dierckx
make: Nothing to be done for `all'.
INFO: Package database updated
INFO: METADATA is out-of-date — you may not have the latest version of Dierckx
INFO: Use `Pkg.update()` to get the latest versions of your packages

>>> 'Pkg.test("Dierckx")' log
Julia Version 0.6.2
Commit d386e40c17 (2017-12-13 18:08 UTC)
Platform Info:
  OS: Linux (x86_64-pc-linux-gnu)
  CPU: Intel(R) Xeon(R) CPU E3-1241 v3 @ 3.50GHz
  WORD_SIZE: 64
           Ubuntu 14.04.5 LTS
  uname: Linux 3.13.0-143-generic #192-Ubuntu SMP Tue Feb 27 10:45:36 UTC 2018 x86_64 x86_64
Memory: 2.939197540283203 GB (1882.14453125 MB free)
Uptime: 70969.0 sec
Load Avg:  1.0771484375  1.05517578125  1.1552734375
Intel(R) Xeon(R) CPU E3-1241 v3 @ 3.50GHz: 
       speed         user         nice          sys         idle          irq
#1  3499 MHz    4199850 s       5350 s     295715 s    1631356 s         56 s
#2  3499 MHz    1286905 s       1891 s     163316 s    5492369 s          0 s

  BLAS: libopenblas (USE64BITINT DYNAMIC_ARCH NO_AFFINITY Nehalem)
  LAPACK: libopenblas64_
  LIBM: libopenlibm
  LLVM: libLLVM-3.9.1 (ORCJIT, haswell)
Environment:
  TERM = vt100
  LD_LIBRARY_PATH = :/usr/local/lib/
  PATH = /usr/local/sbin:/usr/local/bin:/usr/sbin:/usr/bin:/sbin:/bin:/usr/games:/usr/local/games:/home/vagrant/julia/bin/
  JAVA_HOME = /usr/lib/jvm/java-8-openjdk-amd64
  HOME = /home/vagrant

Package Directory: /home/vagrant/.julia/v0.6
2 required packages:
 - Dierckx                       0.3.0
 - JSON                          0.17.2
2 additional packages:
 - Compat                        0.64.0
 - Nullables                     0.0.5
INFO: Testing Dierckx
All tests passed.
INFO: Dierckx tests passed

>>> End of log
