>>> 'Pkg.add("Dierckx")' log
INFO: Cloning cache of Dierckx from https://github.com/kbarbary/Dierckx.jl.git
INFO: Installing Dierckx v0.1.9
INFO: Building Dierckx
ifort -c -fPIC -O3  bispeu.f -o bispeu.o
make: ifort: Command not found
make: *** [bispeu.o] Error 127
gfortran -c -fPIC -O3  bispeu.f -o bispeu.o
gfortran -c -fPIC -O3  bispev.f -o bispev.o
gfortran -c -fPIC -O3  clocur.f -o clocur.o
gfortran -c -fPIC -O3  cocosp.f -o cocosp.o
gfortran -c -fPIC -O3  concon.f -o concon.o
gfortran -c -fPIC -O3  concur.f -o concur.o
gfortran -c -fPIC -O3  cualde.f -o cualde.o
gfortran -c -fPIC -O3  curev.f -o curev.o
gfortran -c -fPIC -O3  curfit.f -o curfit.o
gfortran -c -fPIC -O3  dblint.f -o dblint.o
gfortran -c -fPIC -O3  evapol.f -o evapol.o
gfortran -c -fPIC -O3  fourco.f -o fourco.o
gfortran -c -fPIC -O3  fpader.f -o fpader.o
gfortran -c -fPIC -O3  fpadno.f -o fpadno.o
gfortran -c -fPIC -O3  fpadpo.f -o fpadpo.o
gfortran -c -fPIC -O3  fpback.f -o fpback.o
gfortran -c -fPIC -O3  fpbacp.f -o fpbacp.o
gfortran -c -fPIC -O3  fpbfout.f -o fpbfout.o
gfortran -c -fPIC -O3  fpbisp.f -o fpbisp.o
gfortran -c -fPIC -O3  fpbspl.f -o fpbspl.o
gfortran -c -fPIC -O3  fpchec.f -o fpchec.o
gfortran -c -fPIC -O3  fpched.f -o fpched.o
gfortran -c -fPIC -O3  fpchep.f -o fpchep.o
gfortran -c -fPIC -O3  fpclos.f -o fpclos.o
gfortran -c -fPIC -O3  fpcoco.f -o fpcoco.o
gfortran -c -fPIC -O3  fpcons.f -o fpcons.o
gfortran -c -fPIC -O3  fpcosp.f -o fpcosp.o
gfortran -c -fPIC -O3  fpcsin.f -o fpcsin.o
gfortran -c -fPIC -O3  fpcurf.f -o fpcurf.o
gfortran -c -fPIC -O3  fpcuro.f -o fpcuro.o
gfortran -c -fPIC -O3  fpcyt1.f -o fpcyt1.o
gfortran -c -fPIC -O3  fpcyt2.f -o fpcyt2.o
gfortran -c -fPIC -O3  fpdeno.f -o fpdeno.o
gfortran -c -fPIC -O3  fpdisc.f -o fpdisc.o
gfortran -c -fPIC -O3  fpfrno.f -o fpfrno.o
gfortran -c -fPIC -O3  fpgivs.f -o fpgivs.o
gfortran -c -fPIC -O3  fpgrdi.f -o fpgrdi.o
gfortran -c -fPIC -O3  fpgrpa.f -o fpgrpa.o
gfortran -c -fPIC -O3  fpgrre.f -o fpgrre.o
gfortran -c -fPIC -O3  fpgrsp.f -o fpgrsp.o
gfortran -c -fPIC -O3  fpinst.f -o fpinst.o
gfortran -c -fPIC -O3  fpintb.f -o fpintb.o
gfortran -c -fPIC -O3  fpknot.f -o fpknot.o
gfortran -c -fPIC -O3  fpopdi.f -o fpopdi.o
gfortran -c -fPIC -O3  fpopsp.f -o fpopsp.o
gfortran -c -fPIC -O3  fporde.f -o fporde.o
gfortran -c -fPIC -O3  fppara.f -o fppara.o
gfortran -c -fPIC -O3  fppasu.f -o fppasu.o
gfortran -c -fPIC -O3  fpperi.f -o fpperi.o
gfortran -c -fPIC -O3  fppocu.f -o fppocu.o
gfortran -c -fPIC -O3  fppogr.f -o fppogr.o
gfortran -c -fPIC -O3  fppola.f -o fppola.o
gfortran -c -fPIC -O3  fprank.f -o fprank.o
gfortran -c -fPIC -O3  fprati.f -o fprati.o
gfortran -c -fPIC -O3  fpregr.f -o fpregr.o
gfortran -c -fPIC -O3  fprota.f -o fprota.o
gfortran -c -fPIC -O3  fprppo.f -o fprppo.o
gfortran -c -fPIC -O3  fprpsp.f -o fprpsp.o
gfortran -c -fPIC -O3  fpseno.f -o fpseno.o
gfortran -c -fPIC -O3  fpspgr.f -o fpspgr.o
gfortran -c -fPIC -O3  fpsphe.f -o fpsphe.o
gfortran -c -fPIC -O3  fpsuev.f -o fpsuev.o
gfortran -c -fPIC -O3  fpsurf.f -o fpsurf.o
gfortran -c -fPIC -O3  fpsysy.f -o fpsysy.o
gfortran -c -fPIC -O3  fptrnp.f -o fptrnp.o
gfortran -c -fPIC -O3  fptrpe.f -o fptrpe.o
gfortran -c -fPIC -O3  insert.f -o insert.o
gfortran -c -fPIC -O3  parcur.f -o parcur.o
gfortran -c -fPIC -O3  parder.f -o parder.o
gfortran -c -fPIC -O3  pardeu.f -o pardeu.o
gfortran -c -fPIC -O3  parsur.f -o parsur.o
gfortran -c -fPIC -O3  percur.f -o percur.o
gfortran -c -fPIC -O3  pogrid.f -o pogrid.o
gfortran -c -fPIC -O3  polar.f -o polar.o
gfortran -c -fPIC -O3  profil.f -o profil.o
gfortran -c -fPIC -O3  regrid.f -o regrid.o
gfortran -c -fPIC -O3  spalde.f -o spalde.o
gfortran -c -fPIC -O3  spgrid.f -o spgrid.o
gfortran -c -fPIC -O3  sphere.f -o sphere.o
gfortran -c -fPIC -O3  splder.f -o splder.o
gfortran -c -fPIC -O3  splev.f -o splev.o
gfortran -c -fPIC -O3  splint.f -o splint.o
gfortran -c -fPIC -O3  sproot.f -o sproot.o
gfortran -c -fPIC -O3  surev.f -o surev.o
gfortran -c -fPIC -O3  surfit.f -o surfit.o
gfortran -o libddierckx.so -shared bispeu.o bispev.o clocur.o cocosp.o concon.o concur.o cualde.o curev.o curfit.o dblint.o evapol.o fourco.o fpader.o fpadno.o fpadpo.o fpback.o fpbacp.o fpbfout.o fpbisp.o fpbspl.o fpchec.o fpched.o fpchep.o fpclos.o fpcoco.o fpcons.o fpcosp.o fpcsin.o fpcurf.o fpcuro.o fpcyt1.o fpcyt2.o fpdeno.o fpdisc.o fpfrno.o fpgivs.o fpgrdi.o fpgrpa.o fpgrre.o fpgrsp.o fpinst.o fpintb.o fpknot.o fpopdi.o fpopsp.o fporde.o fppara.o fppasu.o fpperi.o fppocu.o fppogr.o fppola.o fprank.o fprati.o fpregr.o fprota.o fprppo.o fprpsp.o fpseno.o fpspgr.o fpsphe.o fpsuev.o fpsurf.o fpsysy.o fptrnp.o fptrpe.o insert.o parcur.o parder.o pardeu.o parsur.o percur.o pogrid.o polar.o profil.o regrid.o spalde.o spgrid.o sphere.o splder.o splev.o splint.o sproot.o surev.o surfit.o
INFO: Package database updated

>>> 'Pkg.test("Dierckx")' log
Julia Version 0.5.0-rc3+0
Commit e6f843b (2016-08-22 23:43 UTC)
Platform Info:
  System: Linux (x86_64-unknown-linux-gnu)
  CPU: Intel(R) Xeon(R) CPU E3-1241 v3 @ 3.50GHz
  WORD_SIZE: 64
           Ubuntu 14.04.5 LTS
  uname: Linux 3.13.0-95-generic #142-Ubuntu SMP Fri Aug 12 17:00:09 UTC 2016 x86_64 x86_64
Memory: 2.4471054077148438 GB (1674.3046875 MB free)
Uptime: 17746.0 sec
Load Avg:  0.9833984375  1.0244140625  1.0126953125
Intel(R) Xeon(R) CPU E3-1241 v3 @ 3.50GHz: 
       speed         user         nice          sys         idle          irq
#1  3502 MHz     877364 s       7988 s     101740 s     550350 s         40 s
#2  3502 MHz     338382 s        139 s      57368 s    1290469 s          1 s

  BLAS: libopenblas (USE64BITINT DYNAMIC_ARCH NO_AFFINITY Nehalem)
  LAPACK: libopenblas64_
  LIBM: libopenlibm
  LLVM: libLLVM-3.7.1 (ORCJIT, haswell)
Environment:
  TERM = vt100
  LD_LIBRARY_PATH = :/usr/local/lib/
  PATH = /usr/local/sbin:/usr/local/bin:/usr/sbin:/usr/bin:/sbin:/bin:/usr/games:/usr/local/games:/home/vagrant/julia/bin/
  JAVA_HOME = /usr/lib/jvm/java-7-oracle
  HOME = /home/vagrant

Package Directory: /home/vagrant/.julia/v0.5
2 required packages:
 - Dierckx                       0.1.9
 - JSON                          0.7.0
67 additional packages:
 - Anasol                        0.1.8
 - AxisAlgorithms                0.1.5
 - BIGUQ                         0.1.6
 - BinDeps                       0.4.5
 - BlackBoxOptim                 0.2.1
 - Blosc                         0.1.7
 - Calculus                      0.1.15
 - Codecs                        0.2.0
 - ColorTypes                    0.2.6
 - Colors                        0.6.6
 - Compat                        0.8.8
 - Compose                       0.4.4
 - Conda                         0.3.0
 - Contour                       0.2.0
 - DataArrays                    0.3.8
 - DataFrames                    0.8.1
 - DataStructures                0.4.5
 - Dates                         0.4.4
 - Distances                     0.3.2
 - Distributions                 0.10.2
 - Docile                        0.5.23
 - FactCheck                     0.4.3
 - FileIO                        0.1.2
 - FixedPointNumbers             0.1.4
 - FixedSizeArrays               0.2.3
 - Formatting                    0.1.5
 - ForwardDiff                   0.2.5
 - GZip                          0.2.20
 - Gadfly                        0.4.3
 - HDF5                          0.6.5
 - Hexagons                      0.0.4
 - Interpolations                0.3.6
 - Iterators                     0.1.10
 - JLD                           0.6.3
 - KernelDensity                 0.3.0
 - LaTeXStrings                  0.2.0
 - LegacyStrings                 0.1.1
 - Lexicon                       0.1.18
 - Loess                         0.0.7
 - Lora                          0.5.5
 - MacroTools                    0.3.2
 - Mads                          0.2.3              33972a53 (dirty)
 - Measures                      0.0.3
 - MetaProgTools                 0.1.4
 - NaNMath                       0.2.1
 - ODE                           0.2.1
 - Optim                         0.6.1
 - PDMats                        0.4.2
 - Polynomials                   0.1.0
 - PositiveFactorizations        0.0.2
 - ProgressMeter                 0.3.3
 - PyCall                        1.7.1
 - PyPlot                        2.2.1
 - Ratios                        0.0.4
 - Reexport                      0.0.3
 - ReusableFunctions             0.1.6
 - ReverseDiffSource             0.2.3
 - Rmath                         0.1.2
 - RobustPmap                    0.1.9
 - SHA                           0.2.1
 - Showoff                       0.0.7
 - SortingAlgorithms             0.1.0
 - StatsBase                     0.9.0
 - StatsFuns                     0.3.0
 - URIParser                     0.1.6
 - WoodburyMatrices              0.2.0
 - YAML                          0.1.10
INFO: Testing Dierckx
All tests passed.
INFO: Dierckx tests passed

>>> End of log
