>>> 'Pkg.add("DiffLinearAlgebra")' log
WARNING: Base.Pkg is deprecated, run `using Pkg` instead
 in module Main
[ Info: Cloning cache of DiffLinearAlgebra from https://github.com/invenia/DiffLinearAlgebra.jl.git
[ Info: Installing DiffLinearAlgebra v0.0.1
[ Info: Package database updated
┌ Info: METADATA is out-of-date — you may not have the latest version of DiffLinearAlgebra
└ Use `Pkg.update()` to get the latest versions of your packages

>>> 'Pkg.test("DiffLinearAlgebra")' log
WARNING: Base.versioninfo is deprecated: it has been moved to the standard library package `InteractiveUtils`.
Add `using InteractiveUtils` to your imports.
 in module Main
WARNING: Base.versioninfo is deprecated: it has been moved to the standard library package `InteractiveUtils`.
Add `using InteractiveUtils` to your imports.
 in module Main
Julia Version 0.7.0-DEV.4419
Commit 23453713d4 (2018-02-28 05:04 UTC)
Platform Info:
  OS: Linux (x86_64-pc-linux-gnu)
      Ubuntu 14.04.5 LTS
  uname: Linux 3.13.0-135-generic #184-Ubuntu SMP Wed Oct 18 11:55:51 UTC 2017 x86_64 x86_64
  CPU: Intel(R) Xeon(R) CPU E3-1241 v3 @ 3.50GHz: 
              speed         user         nice          sys         idle          irq
       #1  3506 MHz    3379792 s         96 s     181363 s    1287495 s         46 s
       #2  3506 MHz     941002 s       7009 s      77959 s    4513922 s          2 s
       
  Memory: 2.93927001953125 GB (1425.38671875 MB free)
  Uptime: 56408.0 sec
  Load Avg:  1.00390625  0.98681640625  0.9560546875
  WORD_SIZE: 64
  LIBM: libopenlibm
  LLVM: libLLVM-3.9.1 (ORCJIT, haswell)
Environment:
  TERM = vt100
  LD_LIBRARY_PATH = :/usr/local/lib/
  PATH = /usr/local/sbin:/usr/local/bin:/usr/sbin:/usr/bin:/sbin:/bin:/usr/games:/usr/local/games:/home/vagrant/julia/bin/
  JAVA_HOME = /usr/lib/jvm/java-8-openjdk-amd64
  HOME = /home/vagrant
Packages:
  Package Directory: /home/vagrant/.julia/v0.7
  Package Status:
2 required packages:
 - DiffLinearAlgebra             0.0.1
 - JSON                          0.17.1
2 additional packages:
 - Compat                        0.55.1
 - Nullables                     0.0.3
WARNING: Base.Pkg is deprecated, run `using Pkg` instead
 in module Main
[ Info: Computing test dependencies for DiffLinearAlgebra...
[ Info: Cloning cache of FDM from https://github.com/invenia/FDM.jl.git
[ Info: Installing FDM v0.1.0
[ Info: Testing DiffLinearAlgebra
WARNING: importing deprecated binding Base.trace into DiffLinearAlgebra.
WARNING: importing deprecated binding Base.det into DiffLinearAlgebra.
WARNING: importing deprecated binding Base.logdet into DiffLinearAlgebra.
WARNING: importing deprecated binding Base.vecnorm into DiffLinearAlgebra.
WARNING: Base.trace is deprecated: it has been moved to the standard library package `LinearAlgebra`.
Add `using LinearAlgebra` to your imports.
  likely near /home/vagrant/.julia/v0.7/DiffLinearAlgebra/src/generic.jl:8
WARNING: Base.det is deprecated: it has been moved to the standard library package `LinearAlgebra`.
Add `using LinearAlgebra` to your imports.
  likely near /home/vagrant/.julia/v0.7/DiffLinearAlgebra/src/generic.jl:14
WARNING: Base.logdet is deprecated: it has been moved to the standard library package `LinearAlgebra`.
Add `using LinearAlgebra` to your imports.
  likely near /home/vagrant/.julia/v0.7/DiffLinearAlgebra/src/generic.jl:17
WARNING: Base.vecnorm is deprecated: it has been moved to the standard library package `LinearAlgebra`.
Add `using LinearAlgebra` to your imports.
  likely near /home/vagrant/.julia/v0.7/DiffLinearAlgebra/src/generic.jl:26
WARNING: Base.vecnorm is deprecated: it has been moved to the standard library package `LinearAlgebra`.
Add `using LinearAlgebra` to your imports.
  likely near /home/vagrant/.julia/v0.7/DiffLinearAlgebra/src/generic.jl:29
ERROR: LoadError: LoadError: syntax: extra token "'" after end of expression
Stacktrace:
 [1] include at ./boot.jl:305 [inlined]
 [2] include_relative(::Module, ::String) at ./loading.jl:1066
 [3] include at ./sysimg.jl:29 [inlined]
 [4] include(::String) at /home/vagrant/.julia/v0.7/DiffLinearAlgebra/src/DiffLinearAlgebra.jl:3
 [5] top-level scope
 [6] include at ./boot.jl:305 [inlined]
 [7] include_relative(::Module, ::String) at ./loading.jl:1066
 [8] include(::Module, ::String) at ./sysimg.jl:29
 [9] top-level scope
 [10] eval at ./boot.jl:308 [inlined]
 [11] top-level scope at ./<missing>:3
in expression starting at /home/vagrant/.julia/v0.7/DiffLinearAlgebra/src/generic.jl:97
in expression starting at /home/vagrant/.julia/v0.7/DiffLinearAlgebra/src/DiffLinearAlgebra.jl:20
ERROR: LoadError: Failed to precompile DiffLinearAlgebra to /home/vagrant/.julia/compiled/v0.7/DiffLinearAlgebra.ji.
Stacktrace:
 [1] error at ./error.jl:33 [inlined]
 [2] compilecache(::Base.PkgId) at ./loading.jl:1200
 [3] _require(::Base.PkgId) at ./loading.jl:1002
 [4] require(::Base.PkgId) at ./loading.jl:873
 [5] require(::Module, ::Symbol) at ./loading.jl:868
 [6] include at ./boot.jl:305 [inlined]
 [7] include_relative(::Module, ::String) at ./loading.jl:1066
 [8] include(::Module, ::String) at ./sysimg.jl:29
 [9] exec_options(::Base.JLOptions) at ./client.jl:332
 [10] _start() at ./client.jl:448
in expression starting at /home/vagrant/.julia/v0.7/DiffLinearAlgebra/test/runtests.jl:1
┌ Error: ------------------------------------------------------------
│ # Testing failed for DiffLinearAlgebra
│   exception =
│    failed process: Process(`/home/vagrant/julia/bin/julia -Cnative -J/home/vagrant/julia/lib/julia/sys.so --compile=yes --depwarn=yes --code-coverage=none --color=no --compiled-modules=yes --check-bounds=yes --warn-overwrite=yes --startup-file=yes /home/vagrant/.julia/v0.7/DiffLinearAlgebra/test/runtests.jl`, ProcessExited(1)) [1]
│    Stacktrace:
│     [1] error(::String, ::Base.Process, ::String, ::Int64, ::String) at ./error.jl:42
│     [2] pipeline_error(::Base.Process) at ./process.jl:693
│     [3] run(::Cmd) at ./process.jl:655
│     [4] (::getfield(Pkg.Entry, Symbol("##56#57")){Bool,String,Array{AbstractString,1}})() at /buildworker/worker/package_linux64/build/usr/share/julia/site/v0.7/Pkg/src/entry.jl:729
│     [5] cd(::getfield(Pkg.Entry, Symbol("##56#57")){Bool,String,Array{AbstractString,1}}, ::String) at ./file.jl:72
│     [6] #test!#55(::Bool, ::Function, ::String, ::Array{AbstractString,1}, ::Array{AbstractString,1}, ::Array{AbstractString,1}) at /buildworker/worker/package_linux64/build/usr/share/julia/site/v0.7/Pkg/src/entry.jl:717
│     [7] (::getfield(Pkg.Entry, Symbol("#kw##test!")))(::NamedTuple{(:coverage,),Tuple{Bool}}, ::typeof(Pkg.Entry.test!), ::String, ::Array{AbstractString,1}, ::Array{AbstractString,1}, ::Array{AbstractString,1}) at ./<missing>:0
│     [8] #test#59(::Bool, ::Function, ::Array{AbstractString,1}) at /buildworker/worker/package_linux64/build/usr/share/julia/site/v0.7/Pkg/src/entry.jl:756
│     [9] #test at ./<missing>:0 [inlined]
│     [10] #4 at /buildworker/worker/package_linux64/build/usr/share/julia/site/v0.7/Pkg/src/dir.jl:36 [inlined]
│     [11] cd(::getfield(Pkg.Dir, Symbol("##4#7")){Base.Iterators.Pairs{Symbol,Bool,Tuple{Symbol},NamedTuple{(:coverage,),Tuple{Bool}}},typeof(Pkg.Entry.test),Tuple{Array{AbstractString,1}}}, ::String) at ./file.jl:72
│     [12] #cd#1(::Base.Iterators.Pairs{Symbol,Bool,Tuple{Symbol},NamedTuple{(:coverage,),Tuple{Bool}}}, ::Function, ::Function, ::Array{AbstractString,1}, ::Vararg{Array{AbstractString,1},N} where N) at /buildworker/worker/package_linux64/build/usr/share/julia/site/v0.7/Pkg/src/dir.jl:36
│     [13] (::getfield(Pkg.Dir, Symbol("#kw##cd")))(::NamedTuple{(:coverage,),Tuple{Bool}}, ::typeof(Pkg.Dir.cd), ::Function, ::Array{AbstractString,1}, ::Vararg{Array{AbstractString,1},N} where N) at ./<missing>:0
│     [14] #test#3(::Bool, ::Function, ::String, ::Vararg{String,N} where N) at /buildworker/worker/package_linux64/build/usr/share/julia/site/v0.7/Pkg/src/Pkg.jl:276
│     [15] test(::String, ::Vararg{String,N} where N) at /buildworker/worker/package_linux64/build/usr/share/julia/site/v0.7/Pkg/src/Pkg.jl:276
│     [16] top-level scope
│     [17] eval at ./boot.jl:308 [inlined]
│     [18] eval(::Module, ::Expr) at ./sysimg.jl:74
│     [19] exec_options(::Base.JLOptions) at ./client.jl:309
│     [20] _start() at ./client.jl:448
└ @ Pkg.Entry entry.jl:732
[ Info: Removing FDM v0.1.0
ERROR: DiffLinearAlgebra had test errors

>>> End of log
