>>> 'Pkg.add("DiffRules")' log
WARNING: Base.Pkg is deprecated, run `using Pkg` instead
 in module Main
[ Info: Installing DiffRules v0.0.4
[ Info: Package database updated
┌ Info: METADATA is out-of-date — you may not have the latest version of DiffRules
└ Use `Pkg.update()` to get the latest versions of your packages

>>> 'Pkg.test("DiffRules")' log
WARNING: Base.versioninfo is deprecated: it has been moved to the standard library package `InteractiveUtils`.
Add `using InteractiveUtils` to your imports.
 in module Main
WARNING: Base.versioninfo is deprecated: it has been moved to the standard library package `InteractiveUtils`.
Add `using InteractiveUtils` to your imports.
 in module Main
Julia Version 0.7.0-DEV.4941
Commit 9f5351c36a (2018-04-24 14:26 UTC)
Platform Info:
  OS: Linux (x86_64-pc-linux-gnu)
      Ubuntu 14.04.5 LTS
  uname: Linux 3.13.0-143-generic #192-Ubuntu SMP Tue Feb 27 10:45:36 UTC 2018 x86_64 x86_64
  CPU: Intel(R) Xeon(R) CPU E3-1241 v3 @ 3.50GHz: 
              speed         user         nice          sys         idle          irq
       #1  3494 MHz    3964492 s       6618 s     289158 s    1158991 s         50 s
       #2  3494 MHz     934077 s         92 s     113971 s    5176620 s          3 s
       
  Memory: 2.939197540283203 GB (1539.0703125 MB free)
  Uptime: 63523.0 sec
  Load Avg:  1.064453125  1.029296875  0.9716796875
  WORD_SIZE: 64
  LIBM: libopenlibm
  LLVM: libLLVM-3.9.1 (ORCJIT, haswell)
Environment:
  TERM = vt100
  LD_LIBRARY_PATH = :/usr/local/lib/
  PATH = /usr/local/sbin:/usr/local/bin:/usr/sbin:/usr/bin:/sbin:/bin:/usr/games:/usr/local/games:/home/vagrant/julia/bin/
  JAVA_HOME = /usr/lib/jvm/java-8-openjdk-amd64
  HOME = /home/vagrant
Packages:
  Package Directory: /home/vagrant/.julia/v0.7
  Package Status:
2 required packages:
 - DiffRules                     0.0.4
 - JSON                          0.17.2
2 additional packages:
 - Compat                        0.63.0
 - Nullables                     0.0.5
WARNING: Base.Pkg is deprecated, run `using Pkg` instead
 in module Main
[ Info: Computing test dependencies for DiffRules...
[ Info: Installing BinDeps v0.8.8
[ Info: Installing NaNMath v0.3.1
[ Info: Installing SHA v0.5.7
[ Info: Installing SpecialFunctions v0.4.0
[ Info: Installing URIParser v0.3.1
[ Info: Building SpecialFunctions
[ Info: Testing DiffRules
WARNING: Base.Test is deprecated, run `using Test` instead
  likely near /home/vagrant/.julia/v0.7/DiffRules/test/runtests.jl:1
WARNING: Base.srand is deprecated: it has been moved to the standard library package `Random`.
Add `using Random` to your imports.
  likely near /home/vagrant/.julia/v0.7/DiffRules/test/runtests.jl:5
[ Info: DiffRules tests passed
[ Info: Removing BinDeps v0.8.8
[ Info: Removing NaNMath v0.3.1
[ Info: Removing SHA v0.5.7
[ Info: Removing SpecialFunctions v0.4.0
[ Info: Removing URIParser v0.3.1

>>> End of log
