>>> 'Pkg.add("DiffEqDevTools")' log
[ Info: Installing BinDeps v0.8.6
[ Info: Installing Calculus v0.2.2
[ Info: Installing ChunkedArrays v0.1.1
[ Info: Installing DataStructures v0.7.4
[ Info: Installing DiffEqBase v2.10.2
[ Info: Installing DiffEqDevTools v0.11.3
[ Info: Installing DiffEqMonteCarlo v0.9.1
[ Info: Installing DiffEqNoiseProcess v0.8.1
[ Info: Installing DiffEqPDEBase v0.3.5
[ Info: Installing DistributedArrays v0.4.0
[ Info: Installing Distributions v0.15.0
[ Info: Installing EllipsisNotation v0.3.0
[ Info: Installing FunctionWrappers v0.1.0
[ Info: Installing Hiccup v0.1.1
[ Info: Installing Juno v0.3.2
[ Info: Installing LinearMaps v1.0.4
[ Info: Installing MacroTools v0.4.0
[ Info: Installing Media v0.3.0
[ Info: Installing PDMats v0.8.0
[ Info: Installing Primes v0.2.0
[ Info: Installing QuadGK v0.2.0
[ Info: Installing RandomNumbers v0.1.0
[ Info: Installing RecipesBase v0.2.3
[ Info: Installing RecursiveArrayTools v0.14.3
[ Info: Installing Requires v0.4.3
[ Info: Installing ResettableStacks v0.3.1
[ Info: Installing Rmath v0.3.2
[ Info: Installing SHA v0.5.3
[ Info: Installing SimpleTraits v0.5.1
[ Info: Installing SortingAlgorithms v0.2.0
[ Info: Installing SpecialFunctions v0.3.8
[ Info: Installing StaticArrays v0.6.6
[ Info: Installing StatsBase v0.19.5
[ Info: Installing StatsFuns v0.5.0
[ Info: Installing URIParser v0.3.0
[ Info: Installing VectorizedRoutines v0.0.2
[ Info: Building RandomNumbers
┌ Warning: `warn()` is deprecated, use `@warn` instead.
│   caller = #warn#946(::Base.Iterators.IndexValue{Union{},Union{},Tuple{},NamedTuple{(),Tuple{}}}, ::Function, ::String, ::Vararg{String,N} where N) at deprecated.jl:1177
└ @ Base deprecated.jl:1177
WARNING: AES-NI will not be compiled.
[ Info: Building SpecialFunctions
┌ Warning: `isalnum(c::Char)` is deprecated, use `isalpha(c) || isnumeric(c)` instead.
│   caller = is_userinfo_char at parser.jl:4 [inlined]
└ @ Core parser.jl:4
┌ Warning: `isalnum(c::Char)` is deprecated, use `isalpha(c) || isnumeric(c)` instead.
│   caller = is_host_char at parser.jl:8 [inlined]
└ @ Core parser.jl:8
┌ Warning: `isalnum(c::Char)` is deprecated, use `isalpha(c) || isnumeric(c)` instead.
│   caller = is_host_char at parser.jl:8 [inlined]
└ @ Core parser.jl:8
WARNING: importing deprecated binding Base.Associative into BinDeps.
WARNING: Base.Associative is deprecated, use AbstractDict instead.
  likely near /home/vagrant/.julia/v0.7/SpecialFunctions/deps/binaries.jl:44
in @install at /home/vagrant/.julia/v0.7/BinDeps/src/dependencies.jl
[ Info: Building Rmath
┌ Warning: `isalnum(c::Char)` is deprecated, use `isalpha(c) || isnumeric(c)` instead.
│   caller = is_userinfo_char at parser.jl:4 [inlined]
└ @ Core parser.jl:4
┌ Warning: `isalnum(c::Char)` is deprecated, use `isalpha(c) || isnumeric(c)` instead.
│   caller = is_host_char at parser.jl:8 [inlined]
└ @ Core parser.jl:8
┌ Warning: `isalnum(c::Char)` is deprecated, use `isalpha(c) || isnumeric(c)` instead.
│   caller = is_host_char at parser.jl:8 [inlined]
└ @ Core parser.jl:8
WARNING: importing deprecated binding Base.Associative into BinDeps.
WARNING: Base.Associative is deprecated, use AbstractDict instead.
  likely near /home/vagrant/.julia/v0.7/Rmath/deps/build.jl:47
in @install at /home/vagrant/.julia/v0.7/BinDeps/src/dependencies.jl
[ Info: Package database updated
┌ Info: METADATA is out-of-date — you may not have the latest version of DiffEqDevTools
└ Use `Pkg.update()` to get the latest versions of your packages

>>> 'Pkg.test("DiffEqDevTools")' log
Julia Version 0.7.0-DEV.3519
Commit 5ecba29832 (2018-01-22 20:58 UTC)
Platform Info:
  OS: Linux (x86_64-pc-linux-gnu)
      Ubuntu 14.04.5 LTS
  uname: Linux 3.13.0-135-generic #184-Ubuntu SMP Wed Oct 18 11:55:51 UTC 2017 x86_64 x86_64
  CPU: Intel(R) Xeon(R) CPU E3-1241 v3 @ 3.50GHz: 
              speed         user         nice          sys         idle          irq
       #1  3500 MHz    3199184 s       5036 s     173658 s     961328 s         42 s
       #2  3500 MHz     728955 s       2786 s      72816 s    4181757 s          0 s
       
  Memory: 2.93927001953125 GB (1114.1953125 MB free)
  Uptime: 50923.0 sec
  Load Avg:  0.98974609375  1.00439453125  1.01318359375
  WORD_SIZE: 64
  LIBM: libopenlibm
  LLVM: libLLVM-3.9.1 (ORCJIT, haswell)
Environment:
  TERM = vt100
  LD_LIBRARY_PATH = :/usr/local/lib/
  PATH = /usr/local/sbin:/usr/local/bin:/usr/sbin:/usr/bin:/sbin:/bin:/usr/games:/usr/local/games:/home/vagrant/julia/bin/
  JAVA_HOME = /usr/lib/jvm/java-8-openjdk-amd64
  HOME = /home/vagrant
Packages:
  Package Directory: /home/vagrant/.julia/v0.7
  Package Status:
2 required packages:
 - DiffEqDevTools                0.11.3
 - JSON                          0.16.4
37 additional packages:
 - BinDeps                       0.8.6
 - Calculus                      0.2.2
 - ChunkedArrays                 0.1.1
 - Compat                        0.49.0
 - DataStructures                0.7.4
 - DiffEqBase                    2.10.2
 - DiffEqMonteCarlo              0.9.1
 - DiffEqNoiseProcess            0.8.1
 - DiffEqPDEBase                 0.3.5
 - DistributedArrays             0.4.0
 - Distributions                 0.15.0
 - EllipsisNotation              0.3.0
 - FunctionWrappers              0.1.0
 - Hiccup                        0.1.1
 - Juno                          0.3.2
 - LinearMaps                    1.0.4
 - MacroTools                    0.4.0
 - Media                         0.3.0
 - Nullables                     0.0.3
 - PDMats                        0.8.0
 - Primes                        0.2.0
 - QuadGK                        0.2.0
 - RandomNumbers                 0.1.0
 - RecipesBase                   0.2.3
 - RecursiveArrayTools           0.14.3
 - Requires                      0.4.3
 - ResettableStacks              0.3.1
 - Rmath                         0.3.2
 - SHA                           0.5.3
 - SimpleTraits                  0.5.1
 - SortingAlgorithms             0.2.0
 - SpecialFunctions              0.3.8
 - StaticArrays                  0.6.6
 - StatsBase                     0.19.5
 - StatsFuns                     0.5.0
 - URIParser                     0.3.0
 - VectorizedRoutines            0.0.2
[ Info: Computing test dependencies for DiffEqDevTools...
[ Info: Installing Combinatorics v0.5.0
[ Info: Installing CommonSubexpressions v0.0.1
[ Info: Installing Conda v0.7.1
[ Info: Installing DiffBase v0.3.2
[ Info: Installing DiffEqDiffTools v0.2.1
[ Info: Installing DiffEqProblemLibrary v0.11.0
[ Info: Installing DiffResults v0.0.3
[ Info: Installing DiffRules v0.0.3
[ Info: Installing Distances v0.5.0
[ Info: Installing FiniteElementDiffEq v0.4.0
[ Info: Installing ForwardDiff v0.7.2
[ Info: Installing GenericSVD v0.1.0
[ Info: Installing IterTools v0.2.1
[ Info: Installing IterativeSolvers v0.4.2
[ Info: Installing LineSearches v3.2.4
[ Info: Installing Missings v0.2.5
[ Info: Installing MuladdMacro v0.0.2
[ Info: Installing NLSolversBase v3.1.0
[ Info: Installing NLsolve v0.13.0
[ Info: Installing NaNMath v0.3.0
[ Info: Installing OrdinaryDiffEq v2.37.0
[ Info: Installing ParameterizedFunctions v2.3.1
[ Info: Installing Parameters v0.8.1
[ Info: Installing Polynomials v0.2.0
[ Info: Installing Reexport v0.1.0
[ Info: Installing Roots v0.5.0
[ Info: Installing StochasticDiffEq v2.23.4
[ Info: Installing SugarBLAS v0.0.4
[ Info: Installing SymEngine v0.3.0
[ Info: Installing UnicodePlots v0.2.6
[ Info: Building Conda
┌ Warning: `isdefined(:symbol)` is deprecated, use `@isdefined symbol` instead
│   caller = ip:0x0
└ @ Core :-1
┌ Warning: `readstring(filename::AbstractString)` is deprecated, use `read(filename, String)` instead.
│   caller = top-level scope
└ @ Core :0
[ Info: Building SymEngine
┌ Warning: `is_windows` is deprecated, use `Sys.iswindows` instead.
│   caller = top-level scope
└ @ Core :0
┌ Warning: `is_apple` is deprecated, use `Sys.isapple` instead.
│   caller = top-level scope at build.jl:14
└ @ Core build.jl:14
┌ Warning: `is_windows` is deprecated, use `Sys.iswindows` instead.
│   caller = top-level scope
└ @ Core :0
WARNING: importing deprecated binding Base.Associative into BinDeps.
WARNING: Base.Associative is deprecated, use AbstractDict instead.
  likely near /home/vagrant/.julia/v0.7/SymEngine/deps/build.jl:50
in @install at /home/vagrant/.julia/v0.7/BinDeps/src/dependencies.jl
[ Info: Building SpecialFunctions
┌ Warning: `isalnum(c::Char)` is deprecated, use `isalpha(c) || isnumeric(c)` instead.
│   caller = is_userinfo_char at parser.jl:4 [inlined]
└ @ Core parser.jl:4
┌ Warning: `isalnum(c::Char)` is deprecated, use `isalpha(c) || isnumeric(c)` instead.
│   caller = is_host_char at parser.jl:8 [inlined]
└ @ Core parser.jl:8
┌ Warning: `isalnum(c::Char)` is deprecated, use `isalpha(c) || isnumeric(c)` instead.
│   caller = is_host_char at parser.jl:8 [inlined]
└ @ Core parser.jl:8
WARNING: importing deprecated binding Base.Associative into BinDeps.
WARNING: Base.Associative is deprecated, use AbstractDict instead.
  likely near /home/vagrant/.julia/v0.7/SpecialFunctions/deps/binaries.jl:44
in @install at /home/vagrant/.julia/v0.7/BinDeps/src/dependencies.jl
[ Info: Building Rmath
┌ Warning: `isalnum(c::Char)` is deprecated, use `isalpha(c) || isnumeric(c)` instead.
│   caller = is_userinfo_char at parser.jl:4 [inlined]
└ @ Core parser.jl:4
┌ Warning: `isalnum(c::Char)` is deprecated, use `isalpha(c) || isnumeric(c)` instead.
│   caller = is_host_char at parser.jl:8 [inlined]
└ @ Core parser.jl:8
┌ Warning: `isalnum(c::Char)` is deprecated, use `isalpha(c) || isnumeric(c)` instead.
│   caller = is_host_char at parser.jl:8 [inlined]
└ @ Core parser.jl:8
WARNING: importing deprecated binding Base.Associative into BinDeps.
WARNING: Base.Associative is deprecated, use AbstractDict instead.
  likely near /home/vagrant/.julia/v0.7/Rmath/deps/build.jl:47
in @install at /home/vagrant/.julia/v0.7/BinDeps/src/dependencies.jl
[ Info: Building RandomNumbers
┌ Warning: `warn()` is deprecated, use `@warn` instead.
│   caller = #warn#946(::Base.Iterators.IndexValue{Union{},Union{},Tuple{},NamedTuple{(),Tuple{}}}, ::Function, ::String, ::Vararg{String,N} where N) at deprecated.jl:1177
└ @ Base deprecated.jl:1177
WARNING: AES-NI will not be compiled.
[ Info: Testing DiffEqDevTools
WARNING: importing deprecated binding Base.eye into StaticArrays.
WARNING: importing deprecated binding Base.cross into StaticArrays.
WARNING: importing deprecated binding Base.vecdot into StaticArrays.
WARNING: importing deprecated binding Base.det into StaticArrays.
WARNING: importing deprecated binding Base.logdet into StaticArrays.
WARNING: importing deprecated binding Base.eig into StaticArrays.
WARNING: importing deprecated binding Base.eigvals into StaticArrays.
WARNING: importing deprecated binding Base.eigfact into StaticArrays.
WARNING: importing deprecated binding Base.expm into StaticArrays.
WARNING: importing deprecated binding Base.logm into StaticArrays.
WARNING: importing deprecated binding Base.sqrtm into StaticArrays.
WARNING: importing deprecated binding Base.lyap into StaticArrays.
WARNING: importing deprecated binding Base.trace into StaticArrays.
WARNING: importing deprecated binding Base.diag into StaticArrays.
WARNING: importing deprecated binding Base.vecnorm into StaticArrays.
WARNING: importing deprecated binding Base.norm into StaticArrays.
WARNING: importing deprecated binding Base.dot into StaticArrays.
WARNING: importing deprecated binding Base.diagm into StaticArrays.
WARNING: importing deprecated binding Base.diag into StaticArrays.
WARNING: importing deprecated binding Base.lu into StaticArrays.
WARNING: importing deprecated binding Base.svd into StaticArrays.
WARNING: importing deprecated binding Base.svdvals into StaticArrays.
WARNING: importing deprecated binding Base.svdfact into StaticArrays.
WARNING: importing deprecated binding Base.factorize into StaticArrays.
WARNING: importing deprecated binding Base.ishermitian into StaticArrays.
WARNING: importing deprecated binding Base.issymmetric into StaticArrays.
WARNING: importing deprecated binding Base.isposdef into StaticArrays.
WARNING: importing deprecated binding Base.diff into StaticArrays.
WARNING: importing deprecated binding Base.randexp into StaticArrays.
WARNING: importing deprecated binding Base.rand! into StaticArrays.
WARNING: importing deprecated binding Base.randn! into StaticArrays.
WARNING: importing deprecated binding Base.randexp! into StaticArrays.
WARNING: importing deprecated binding Base.normalize into StaticArrays.
WARNING: importing deprecated binding Base.normalize! into StaticArrays.
WARNING: importing deprecated binding Base.Eigen into StaticArrays.
WARNING: Base.LinAlg is deprecated, run `using LinearAlgebra` instead.
  likely near /home/vagrant/.julia/v0.7/StaticArrays/src/SDiagonal.jl:93
WARNING: importing deprecated binding Base.UpperTriangular into StaticArrays.
WARNING: importing deprecated binding Base.Symmetric into StaticArrays.
ERROR: LoadError: LoadError: TypeError: in Type{...} expression, expected UnionAll, got typeof(Base.Symmetric)
Stacktrace:
 [1] top-level scope
 [2] include at ./boot.jl:292 [inlined]
 [3] include_relative(::Module, ::String) at ./loading.jl:1011
 [4] include at ./sysimg.jl:26 [inlined]
 [5] include(::String) at /home/vagrant/.julia/v0.7/StaticArrays/src/StaticArrays.jl:3
 [6] top-level scope
 [7] include at ./boot.jl:292 [inlined]
 [8] include_relative(::Module, ::String) at ./loading.jl:1011
 [9] include(::Module, ::String) at ./sysimg.jl:26
 [10] top-level scope
 [11] eval at ./boot.jl:295 [inlined]
 [12] top-level scope at ./<missing>:3
in expression starting at /home/vagrant/.julia/v0.7/StaticArrays/src/abstractarray.jl:134
in expression starting at /home/vagrant/.julia/v0.7/StaticArrays/src/StaticArrays.jl:91
ERROR: LoadError: Failed to precompile StaticArrays to /home/vagrant/.julia/lib/v0.7/StaticArrays.ji.
Stacktrace:
 [1] error at ./error.jl:33 [inlined]
 [2] compilecache(::Base.PkgId) at ./loading.jl:1155
 [3] _require(::Base.PkgId) at ./loading.jl:919
 [4] require(::Module, ::Symbol) at ./loading.jl:819
 [5] include at ./boot.jl:292 [inlined]
 [6] include_relative(::Module, ::String) at ./loading.jl:1011
 [7] include(::Module, ::String) at ./sysimg.jl:26
 [8] top-level scope
 [9] eval at ./boot.jl:295 [inlined]
 [10] top-level scope at ./<missing>:3
in expression starting at /home/vagrant/.julia/v0.7/RecursiveArrayTools/src/RecursiveArrayTools.jl:5
ERROR: LoadError: Failed to precompile RecursiveArrayTools to /home/vagrant/.julia/lib/v0.7/RecursiveArrayTools.ji.
Stacktrace:
 [1] error at ./error.jl:33 [inlined]
 [2] compilecache(::Base.PkgId) at ./loading.jl:1155
 [3] _require(::Base.PkgId) at ./loading.jl:919
 [4] require(::Module, ::Symbol) at ./loading.jl:819
 [5] include at ./boot.jl:292 [inlined]
 [6] include_relative(::Module, ::String) at ./loading.jl:1011
 [7] include(::Module, ::String) at ./sysimg.jl:26
 [8] top-level scope
 [9] eval at ./boot.jl:295 [inlined]
 [10] top-level scope at ./<missing>:3
in expression starting at /home/vagrant/.julia/v0.7/DiffEqBase/src/DiffEqBase.jl:5
ERROR: LoadError: Failed to precompile DiffEqBase to /home/vagrant/.julia/lib/v0.7/DiffEqBase.ji.
Stacktrace:
 [1] error at ./error.jl:33 [inlined]
 [2] compilecache(::Base.PkgId) at ./loading.jl:1155
 [3] _require(::Base.PkgId) at ./loading.jl:919
 [4] require(::Module, ::Symbol) at ./loading.jl:819
 [5] include at ./boot.jl:292 [inlined]
 [6] include_relative(::Module, ::String) at ./loading.jl:1011
 [7] include(::Module, ::String) at ./sysimg.jl:26
 [8] top-level scope
 [9] eval at ./boot.jl:295 [inlined]
 [10] top-level scope at ./<missing>:3
in expression starting at /home/vagrant/.julia/v0.7/DiffEqDevTools/src/DiffEqDevTools.jl:5
ERROR: LoadError: Failed to precompile DiffEqDevTools to /home/vagrant/.julia/lib/v0.7/DiffEqDevTools.ji.
Stacktrace:
 [1] error at ./error.jl:33 [inlined]
 [2] compilecache(::Base.PkgId) at ./loading.jl:1155
 [3] _require(::Base.PkgId) at ./loading.jl:948
 [4] require(::Module, ::Symbol) at ./loading.jl:819
 [5] include at ./boot.jl:292 [inlined]
 [6] include_relative(::Module, ::String) at ./loading.jl:1011
 [7] include(::Module, ::String) at ./sysimg.jl:26
 [8] process_options(::Base.JLOptions) at ./client.jl:334
 [9] _start() at ./client.jl:386
in expression starting at /home/vagrant/.julia/v0.7/DiffEqDevTools/test/runtests.jl:1
┌ Error: ------------------------------------------------------------
│ # Testing failed for DiffEqDevTools
│   exception =
│    failed process: Process(`/home/vagrant/julia/bin/julia -Cnative -J/home/vagrant/julia/lib/julia/sys.so --compile=yes --depwarn=yes --code-coverage=none --color=no --compiled-modules=yes --check-bounds=yes --warn-overwrite=yes --startup-file=yes /home/vagrant/.julia/v0.7/DiffEqDevTools/test/runtests.jl`, ProcessExited(1)) [1]
│    Stacktrace:
│     [1] error(::String, ::Base.Process, ::String, ::Int64, ::String) at ./error.jl:42
│     [2] pipeline_error(::Base.Process) at ./process.jl:698
│     [3] run(::Cmd) at ./process.jl:660
│     [4] (::getfield(Base.Pkg.Entry, Symbol("##89#92")){Bool,String,Array{AbstractString,1}})() at ./pkg/entry.jl:729
│     [5] cd(::getfield(Base.Pkg.Entry, Symbol("##89#92")){Bool,String,Array{AbstractString,1}}, ::String) at ./file.jl:70
│     [6] #test!#88(::Bool, ::Function, ::String, ::Array{AbstractString,1}, ::Array{AbstractString,1}, ::Array{AbstractString,1}) at ./pkg/entry.jl:717
│     [7] (::getfield(Base.Pkg.Entry, Symbol("#kw##test!")))(::NamedTuple{(:coverage,),Tuple{Bool}}, ::typeof(Base.Pkg.Entry.test!), ::String, ::Array{AbstractString,1}, ::Array{AbstractString,1}, ::Array{AbstractString,1}) at ./<missing>:0
│     [8] #test#96(::Bool, ::Function, ::Array{AbstractString,1}) at ./pkg/entry.jl:756
│     [9] (::getfield(Base.Pkg.Entry, Symbol("#kw##test")))(::NamedTuple{(:coverage,),Tuple{Bool}}, ::typeof(Base.Pkg.Entry.test), ::Array{AbstractString,1}) at ./<missing>:0
│     [10] (::getfield(Base.Pkg.Dir, Symbol("##4#7")){Base.Iterators.IndexValue{Symbol,Bool,Tuple{Symbol},NamedTuple{(:coverage,),Tuple{Bool}}},typeof(Base.Pkg.Entry.test),Tuple{Array{AbstractString,1}}})() at ./pkg/dir.jl:36
│     [11] cd(::getfield(Base.Pkg.Dir, Symbol("##4#7")){Base.Iterators.IndexValue{Symbol,Bool,Tuple{Symbol},NamedTuple{(:coverage,),Tuple{Bool}}},typeof(Base.Pkg.Entry.test),Tuple{Array{AbstractString,1}}}, ::String) at ./file.jl:70
│     [12] #cd#1(::Base.Iterators.IndexValue{Symbol,Bool,Tuple{Symbol},NamedTuple{(:coverage,),Tuple{Bool}}}, ::Function, ::Function, ::Array{AbstractString,1}, ::Vararg{Array{AbstractString,1},N} where N) at ./pkg/dir.jl:36
│     [13] (::getfield(Base.Pkg.Dir, Symbol("#kw##cd")))(::NamedTuple{(:coverage,),Tuple{Bool}}, ::typeof(Base.Pkg.Dir.cd), ::Function, ::Array{AbstractString,1}, ::Vararg{Array{AbstractString,1},N} where N) at ./<missing>:0
│     [14] #test#3(::Bool, ::Function, ::String, ::Vararg{String,N} where N) at ./pkg/pkg.jl:274
│     [15] test(::String, ::Vararg{String,N} where N) at ./pkg/pkg.jl:274
│     [16] top-level scope
│     [17] eval at ./boot.jl:295 [inlined]
│     [18] eval(::Module, ::Expr) at ./sysimg.jl:71
│     [19] process_options(::Base.JLOptions) at ./client.jl:311
│     [20] _start() at ./client.jl:386
└ @ Base.Pkg.Entry entry.jl:732
[ Info: Removing Combinatorics v0.5.0
[ Info: Removing CommonSubexpressions v0.0.1
[ Info: Removing Conda v0.7.1
[ Info: Removing DiffBase v0.3.2
[ Info: Removing DiffEqDiffTools v0.2.1
[ Info: Removing DiffEqProblemLibrary v0.11.0
[ Info: Removing DiffResults v0.0.3
[ Info: Removing DiffRules v0.0.3
[ Info: Removing Distances v0.5.0
[ Info: Removing FiniteElementDiffEq v0.4.0
[ Info: Removing ForwardDiff v0.7.2
[ Info: Removing GenericSVD v0.1.0
[ Info: Removing IterTools v0.2.1
[ Info: Removing IterativeSolvers v0.4.2
[ Info: Removing LineSearches v3.2.4
[ Info: Removing Missings v0.2.5
[ Info: Removing MuladdMacro v0.0.2
[ Info: Removing NLSolversBase v3.1.0
[ Info: Removing NLsolve v0.13.0
[ Info: Removing NaNMath v0.3.0
[ Info: Removing OrdinaryDiffEq v2.37.0
[ Info: Removing ParameterizedFunctions v2.3.1
[ Info: Removing Parameters v0.8.1
[ Info: Removing Polynomials v0.2.0
[ Info: Removing Reexport v0.1.0
[ Info: Removing Roots v0.5.0
[ Info: Removing StochasticDiffEq v2.23.4
[ Info: Removing SugarBLAS v0.0.4
[ Info: Removing SymEngine v0.3.0
[ Info: Removing UnicodePlots v0.2.6
ERROR: DiffEqDevTools had test errors

>>> End of log
