>>> 'Pkg.add("Digits")' log
INFO: Cloning cache of Digits from git://github.com/greenflash1357/Digits.jl.git
INFO: Installing Digits v0.1.4
INFO: Package database updated

>>> 'Pkg.test("Digits")' log
Julia Version 0.3.12
Commit 80aa779 (2015-10-26 12:41 UTC)
Platform Info:
  System: Linux (x86_64-unknown-linux-gnu)
  CPU: Intel(R) Xeon(R) CPU E3-1241 v3 @ 3.50GHz
  WORD_SIZE: 64
           Ubuntu 14.04.5 LTS
  uname: Linux 3.13.0-95-generic #142-Ubuntu SMP Fri Aug 12 17:00:09 UTC 2016 x86_64 x86_64
Memory: 2.4471054077148438 GB (852.63671875 MB free)
Uptime: 10732.0 sec
Load Avg:  0.93505859375  1.060546875  1.0595703125
Intel(R) Xeon(R) CPU E3-1241 v3 @ 3.50GHz: 
       speed         user         nice          sys         idle          irq
#1  3499 MHz     461904 s         62 s      62336 s     414282 s         32 s
#2  3499 MHz     282620 s       6868 s      55428 s     644376 s          3 s

  BLAS: libopenblas (USE64BITINT DYNAMIC_ARCH NO_AFFINITY Nehalem)
  LAPACK: libopenblas
  LIBM: libopenlibm
  LLVM: libLLVM-3.3
Environment:
  TERM = vt100
  LD_LIBRARY_PATH = :/usr/local/lib/
  PATH = /usr/local/sbin:/usr/local/bin:/usr/sbin:/usr/bin:/sbin:/bin:/usr/games:/usr/local/games:/home/vagrant/julia/bin/
  JAVA_HOME = /usr/lib/jvm/java-7-oracle
  HOME = /home/vagrant

Package Directory: /home/vagrant/.julia/v0.3
4 required packages:
 - Digits                        0.1.4
 - HttpParser                    0.0.13
 - JSON                          0.6.1
 - Markdown                      0.3.0
8 additional packages:
 - BinDeps                       0.3.21
 - Compat                        0.8.8
 - Dates                         0.3.2
 - HttpCommon                    0.1.2
 - Lazy                          0.10.1
 - MacroTools                    0.2.0
 - SHA                           0.2.1
 - URIParser                     0.0.7
INFO: Testing Digits
INFO: Digits tests passed
INFO: No packages to install, update or remove

>>> End of log
