>>> 'Pkg.add("Digits")' log
INFO: Cloning cache of Digits from https://github.com/greenflash1357/Digits.jl.git
INFO: Installing Digits v0.2.0
INFO: Package database updated
INFO: METADATA is out-of-date — you may not have the latest version of Digits
INFO: Use `Pkg.update()` to get the latest versions of your packages

>>> 'Pkg.test("Digits")' log
Julia Version 0.6.2
Commit d386e40c17 (2017-12-13 18:08 UTC)
Platform Info:
  OS: Linux (x86_64-pc-linux-gnu)
  CPU: Intel(R) Xeon(R) CPU E3-1241 v3 @ 3.50GHz
  WORD_SIZE: 64
           Ubuntu 14.04.5 LTS
  uname: Linux 3.13.0-143-generic #192-Ubuntu SMP Tue Feb 27 10:45:36 UTC 2018 x86_64 x86_64
Memory: 2.939197540283203 GB (2202.0859375 MB free)
Uptime: 76618.0 sec
Load Avg:  1.0029296875  1.0146484375  1.04345703125
Intel(R) Xeon(R) CPU E3-1241 v3 @ 3.50GHz: 
       speed         user         nice          sys         idle          irq
#1  3507 MHz    4765983 s       5750 s     312493 s    1511227 s         48 s
#2  3507 MHz    1253879 s       1392 s     160786 s    6087820 s          1 s

  BLAS: libopenblas (USE64BITINT DYNAMIC_ARCH NO_AFFINITY Nehalem)
  LAPACK: libopenblas64_
  LIBM: libopenlibm
  LLVM: libLLVM-3.9.1 (ORCJIT, haswell)
Environment:
  TERM = vt100
  LD_LIBRARY_PATH = :/usr/local/lib/
  PATH = /usr/local/sbin:/usr/local/bin:/usr/sbin:/usr/bin:/sbin:/bin:/usr/games:/usr/local/games:/home/vagrant/julia/bin/
  JAVA_HOME = /usr/lib/jvm/java-8-openjdk-amd64
  HOME = /home/vagrant

Package Directory: /home/vagrant/.julia/v0.6
2 required packages:
 - Digits                        0.2.0
 - JSON                          0.17.2
2 additional packages:
 - Compat                        0.64.0
 - Nullables                     0.0.5
INFO: Testing Digits
INFO: Digits tests passed

>>> End of log
