>>> 'Pkg.add("DirectGaussianSimulation")' log
INFO: Cloning cache of DirectGaussianSimulation from https://github.com/juliohm/DirectGaussianSimulation.jl.git
INFO: Cloning cache of GeoStatsBase from https://github.com/juliohm/GeoStatsBase.jl.git
INFO: Cloning cache of GeoStatsDevTools from https://github.com/juliohm/GeoStatsDevTools.jl.git
INFO: Cloning cache of Variography from https://github.com/juliohm/Variography.jl.git
INFO: Installing BinDeps v0.8.8
INFO: Installing BinaryProvider v0.3.0
INFO: Installing CSV v0.2.4
INFO: Installing Calculus v0.3.1
INFO: Installing CategoricalArrays v0.3.9
INFO: Installing CodecZlib v0.4.3
INFO: Installing DataFrames v0.11.6
INFO: Installing DataStreams v0.3.4
INFO: Installing DataStructures v0.8.2
INFO: Installing DirectGaussianSimulation v0.0.1
INFO: Installing Distances v0.6.0
INFO: Installing Distributions v0.15.0
INFO: Installing GeoStatsBase v0.1.0
INFO: Installing GeoStatsDevTools v0.1.4
INFO: Installing Missings v0.2.9
INFO: Installing NamedTuples v4.0.2
INFO: Installing PDMats v0.8.0
INFO: Installing Parameters v0.8.1
INFO: Installing QuadGK v0.2.1
INFO: Installing RecipesBase v0.3.1
INFO: Installing Reexport v0.1.0
INFO: Installing Rmath v0.3.2
INFO: Installing SHA v0.5.7
INFO: Installing SortingAlgorithms v0.2.1
INFO: Installing SpecialFunctions v0.4.0
INFO: Installing StaticArrays v0.7.0
INFO: Installing StatsBase v0.22.0
INFO: Installing StatsFuns v0.6.0
INFO: Installing TranscodingStreams v0.5.2
INFO: Installing URIParser v0.3.1
INFO: Installing Variography v0.0.3
INFO: Installing WeakRefStrings v0.4.6
INFO: Building CodecZlib
INFO: Building SpecialFunctions
INFO: Building Rmath
INFO: Package database updated
INFO: METADATA is out-of-date — you may not have the latest version of DirectGaussianSimulation
INFO: Use `Pkg.update()` to get the latest versions of your packages

>>> 'Pkg.test("DirectGaussianSimulation")' log
Julia Version 0.6.2
Commit d386e40c17 (2017-12-13 18:08 UTC)
Platform Info:
  OS: Linux (x86_64-pc-linux-gnu)
  CPU: Intel(R) Xeon(R) CPU E3-1241 v3 @ 3.50GHz
  WORD_SIZE: 64
           Ubuntu 14.04.5 LTS
  uname: Linux 3.13.0-143-generic #192-Ubuntu SMP Tue Feb 27 10:45:36 UTC 2018 x86_64 x86_64
Memory: 2.939197540283203 GB (1997.6953125 MB free)
Uptime: 76356.0 sec
Load Avg:  0.99609375  0.97216796875  0.986328125
Intel(R) Xeon(R) CPU E3-1241 v3 @ 3.50GHz: 
       speed         user         nice          sys         idle          irq
#1  3500 MHz    4645994 s       5684 s     298343 s    1635452 s         60 s
#2  3500 MHz    1401160 s       2171 s     163153 s    5879623 s          0 s

  BLAS: libopenblas (USE64BITINT DYNAMIC_ARCH NO_AFFINITY Nehalem)
  LAPACK: libopenblas64_
  LIBM: libopenlibm
  LLVM: libLLVM-3.9.1 (ORCJIT, haswell)
Environment:
  TERM = vt100
  LD_LIBRARY_PATH = :/usr/local/lib/
  PATH = /usr/local/sbin:/usr/local/bin:/usr/sbin:/usr/bin:/sbin:/bin:/usr/games:/usr/local/games:/home/vagrant/julia/bin/
  JAVA_HOME = /usr/lib/jvm/java-8-openjdk-amd64
  HOME = /home/vagrant

Package Directory: /home/vagrant/.julia/v0.6
2 required packages:
 - DirectGaussianSimulation      0.0.1
 - JSON                          0.17.2
33 additional packages:
 - BinDeps                       0.8.8
 - BinaryProvider                0.3.0
 - CSV                           0.2.4
 - Calculus                      0.3.1
 - CategoricalArrays             0.3.9
 - CodecZlib                     0.4.3
 - Compat                        0.64.0
 - DataFrames                    0.11.6
 - DataStreams                   0.3.4
 - DataStructures                0.8.2
 - Distances                     0.6.0
 - Distributions                 0.15.0
 - GeoStatsBase                  0.1.0
 - GeoStatsDevTools              0.1.4
 - Missings                      0.2.9
 - NamedTuples                   4.0.2
 - Nullables                     0.0.5
 - PDMats                        0.8.0
 - Parameters                    0.8.1
 - QuadGK                        0.2.1
 - RecipesBase                   0.3.1
 - Reexport                      0.1.0
 - Rmath                         0.3.2
 - SHA                           0.5.7
 - SortingAlgorithms             0.2.1
 - SpecialFunctions              0.4.0
 - StaticArrays                  0.7.0
 - StatsBase                     0.22.0
 - StatsFuns                     0.6.0
 - TranscodingStreams            0.5.2
 - URIParser                     0.3.1
 - Variography                   0.0.3
 - WeakRefStrings                0.4.6
INFO: Computing test dependencies for DirectGaussianSimulation...
INFO: Cloning cache of GeoStats from https://github.com/juliohm/GeoStats.jl.git
INFO: Cloning cache of KrigingEstimators from https://github.com/juliohm/KrigingEstimators.jl.git
INFO: Installing AbstractFFTs v0.3.1
INFO: Installing AxisAlgorithms v0.2.0
INFO: Installing AxisArrays v0.2.1
INFO: Installing CatIndices v0.1.0
INFO: Installing ColorTypes v0.6.7
INFO: Installing ColorVectorSpace v0.5.2
INFO: Installing Colors v0.8.2
INFO: Installing Combinatorics v0.6.0
INFO: Installing ComputationalResources v0.2.0
INFO: Installing Contour v0.4.0
INFO: Installing CoordinateTransformations v0.4.1
INFO: Installing CustomUnitRanges v0.1.0
INFO: Installing DualNumbers v0.3.0
INFO: Installing FFTViews v0.1.0
INFO: Installing FFTW v0.0.4
INFO: Installing FileIO v0.7.0
INFO: Installing FixedPointNumbers v0.4.6
INFO: Installing GR v0.31.0
INFO: Installing GeoStats v0.6.2
INFO: Installing Graphics v0.3.0
INFO: Installing IdentityRanges v0.1.0
INFO: Installing ImageAxes v0.4.0
INFO: Installing ImageCore v0.5.0
INFO: Installing ImageDistances v0.0.2
INFO: Installing ImageFiltering v0.3.0
INFO: Installing ImageMagick v0.5.1
INFO: Installing ImageMetadata v0.4.0
INFO: Installing ImageMorphology v0.0.2
INFO: Installing ImageTransformations v0.4.1
INFO: Installing Images v0.13.0
INFO: Installing IndirectArrays v0.4.2
INFO: Installing Interpolations v0.7.3
INFO: Installing IntervalSets v0.2.0
INFO: Installing IterTools v0.2.1
INFO: Installing KrigingEstimators v0.0.2
INFO: Installing MacroTools v0.4.0
INFO: Installing MappedArrays v0.0.7
INFO: Installing Measures v0.2.0
INFO: Installing NaNMath v0.3.1
INFO: Installing OffsetArrays v0.5.0
INFO: Installing PaddedViews v0.3.0
INFO: Installing PlotThemes v0.2.0
INFO: Installing PlotUtils v0.4.4
INFO: Installing Plots v0.17.0
INFO: Installing Polynomials v0.3.0
INFO: Installing ProgressMeter v0.5.5
INFO: Installing RangeArrays v0.2.0
INFO: Installing Ratios v0.2.0
INFO: Installing Requires v0.4.3
INFO: Installing Rotations v0.6.1
INFO: Installing SIUnits v0.1.0
INFO: Installing ShowItLikeYouBuildIt v0.2.0
INFO: Installing Showoff v0.1.1
INFO: Installing SimpleTraits v0.6.0
INFO: Installing TexExtensions v0.1.0
INFO: Installing TiledIteration v0.1.0
INFO: Installing VisualRegressionTests v0.1.0
INFO: Installing WoodburyMatrices v0.2.2
INFO: Building SpecialFunctions
INFO: Building FFTW
INFO: Building GR
INFO: Downloading pre-compiled GR 0.31.0 Ubuntu binary
  % Total    % Received % Xferd  Average Speed   Time    Time     Time  Current
                                 Dload  Upload   Total   Spent    Left  Speed
  0     0    0     0    0     0      0      0 --:--:-- --:--:-- --:--:--     0  0     0    0     0    0     0      0      0 --:--:-- --:--:-- --:--:--     0  0 38.8M    0 49152    0     0  39539      0  0:17:09  0:00:01  0:17:08 39543  2 38.8M    2  816k    0     0   360k      0  0:01:50  0:00:02  0:01:48  360k  2 38.8M    2  880k    0     0   269k      0  0:02:27  0:00:03  0:02:24  269k  4 38.8M    4 1696k    0     0   401k      0  0:01:38  0:00:04  0:01:34  401k  9 38.8M    9 3600k    0     0   686k      0  0:00:57  0:00:05  0:00:52  722k 22 38.8M   22 9040k    0     0  1443k      0  0:00:27  0:00:06  0:00:21 1791k 51 38.8M   51 20.0M    0     0  2849k      0  0:00:13  0:00:07  0:00:06 3987k100 38.8M  100 38.8M    0     0  4866k      0  0:00:08  0:00:08 --:--:-- 7938k
INFO: Building CodecZlib
INFO: Building Rmath
INFO: Building ImageMagick
INFO: Building Plots
INFO: Testing DirectGaussianSimulation
WARNING: Gtk not loaded. err: ArgumentError("Module Gtk not found in current path.\nRun `Pkg.add(\"Gtk\")` to install the Gtk package.")
Test Summary:               |
DirectGaussianSimulation.jl | No tests
INFO: DirectGaussianSimulation tests passed
INFO: Removing AbstractFFTs v0.3.1
INFO: Removing AxisAlgorithms v0.2.0
INFO: Removing AxisArrays v0.2.1
INFO: Removing CatIndices v0.1.0
INFO: Removing ColorTypes v0.6.7
INFO: Removing ColorVectorSpace v0.5.2
INFO: Removing Colors v0.8.2
INFO: Removing Combinatorics v0.6.0
INFO: Removing ComputationalResources v0.2.0
INFO: Removing Contour v0.4.0
INFO: Removing CoordinateTransformations v0.4.1
INFO: Removing CustomUnitRanges v0.1.0
INFO: Removing DualNumbers v0.3.0
INFO: Removing FFTViews v0.1.0
INFO: Removing FFTW v0.0.4
INFO: Removing FileIO v0.7.0
INFO: Removing FixedPointNumbers v0.4.6
INFO: Removing GR v0.31.0
INFO: Removing GeoStats v0.6.2
INFO: Removing Graphics v0.3.0
INFO: Removing IdentityRanges v0.1.0
INFO: Removing ImageAxes v0.4.0
INFO: Removing ImageCore v0.5.0
INFO: Removing ImageDistances v0.0.2
INFO: Removing ImageFiltering v0.3.0
INFO: Removing ImageMagick v0.5.1
INFO: Removing ImageMetadata v0.4.0
INFO: Removing ImageMorphology v0.0.2
INFO: Removing ImageTransformations v0.4.1
INFO: Removing Images v0.13.0
INFO: Removing IndirectArrays v0.4.2
INFO: Removing Interpolations v0.7.3
INFO: Removing IntervalSets v0.2.0
INFO: Removing IterTools v0.2.1
INFO: Removing KrigingEstimators v0.0.2
INFO: Removing MacroTools v0.4.0
INFO: Removing MappedArrays v0.0.7
INFO: Removing Measures v0.2.0
INFO: Removing NaNMath v0.3.1
INFO: Removing OffsetArrays v0.5.0
INFO: Removing PaddedViews v0.3.0
INFO: Removing PlotThemes v0.2.0
INFO: Removing PlotUtils v0.4.4
INFO: Removing Plots v0.17.0
INFO: Removing Polynomials v0.3.0
INFO: Removing ProgressMeter v0.5.5
INFO: Removing RangeArrays v0.2.0
INFO: Removing Ratios v0.2.0
INFO: Removing Requires v0.4.3
INFO: Removing Rotations v0.6.1
INFO: Removing SIUnits v0.1.0
INFO: Removing ShowItLikeYouBuildIt v0.2.0
INFO: Removing Showoff v0.1.1
INFO: Removing SimpleTraits v0.6.0
INFO: Removing TexExtensions v0.1.0
INFO: Removing TiledIteration v0.1.0
INFO: Removing VisualRegressionTests v0.1.0
INFO: Removing WoodburyMatrices v0.2.2

>>> End of log
