>>> 'Pkg.add("Displaz")' log
INFO: Cloning cache of Displaz from https://github.com/c42f/Displaz.jl.git
INFO: Installing ColorTypes v0.2.12
INFO: Installing Colors v0.6.9
INFO: Installing Displaz v0.0.1
INFO: Installing FixedPointNumbers v0.2.1
INFO: Installing FixedSizeArrays v0.2.4
INFO: Installing Reexport v0.0.3
INFO: Building Displaz
ERROR: could not spawn `displaz -version`: no such file or directory (ENOENT)
WARNING: displaz could not be found - please check that you have it installed
(for now, you will need to build it from source - see
https://github.com/c42f/displaz).  To ensure julia can find it, you
should add its location to your PATH, or optionally set the DISPLAZ_CMD
environment variable to the full path of the executable.
INFO: Package database updated
INFO: METADATA is out-of-date — you may not have the latest version of Displaz
INFO: Use `Pkg.update()` to get the latest versions of your packages

>>> 'Pkg.test("Displaz")' log
Julia Version 0.5.0
Commit 3c9d753 (2016-09-19 18:14 UTC)
Platform Info:
  System: Linux (x86_64-pc-linux-gnu)
  CPU: Intel(R) Xeon(R) CPU E3-1241 v3 @ 3.50GHz
  WORD_SIZE: 64
           Ubuntu 14.04.5 LTS
  uname: Linux 3.13.0-100-generic #147-Ubuntu SMP Tue Oct 18 16:48:51 UTC 2016 x86_64 x86_64
Memory: 2.939289093017578 GB (1438.703125 MB free)
Uptime: 21623.0 sec
Load Avg:  1.01220703125  1.0185546875  1.04541015625
Intel(R) Xeon(R) CPU E3-1241 v3 @ 3.50GHz: 
       speed         user         nice          sys         idle          irq
#1  3489 MHz    1348709 s       5421 s     105317 s     462700 s         42 s
#2  3489 MHz     621756 s       1746 s      62755 s    1404793 s          0 s

  BLAS: libopenblas (USE64BITINT DYNAMIC_ARCH NO_AFFINITY Nehalem)
  LAPACK: libopenblas64_
  LIBM: libopenlibm
  LLVM: libLLVM-3.7.1 (ORCJIT, haswell)
Environment:
  TERM = vt100
  LD_LIBRARY_PATH = :/usr/local/lib/
  PATH = /usr/local/sbin:/usr/local/bin:/usr/sbin:/usr/bin:/sbin:/bin:/usr/games:/usr/local/games:/home/vagrant/julia/bin/
  JAVA_HOME = /usr/lib/jvm/java-7-oracle
  HOME = /home/vagrant

Package Directory: /home/vagrant/.julia/v0.5
2 required packages:
 - Displaz                       0.0.1
 - JSON                          0.8.0
6 additional packages:
 - ColorTypes                    0.2.12
 - Colors                        0.6.9
 - Compat                        0.9.3
 - FixedPointNumbers             0.2.1
 - FixedSizeArrays               0.2.4
 - Reexport                      0.0.3
INFO: Testing Displaz
INFO: Displaz tests passed

>>> End of log
