>>> 'Pkg.add("Displaz")' log
[ Info: Cloning cache of Displaz from https://github.com/c42f/Displaz.jl.git @ Base.Pkg.Cache cache.jl:43
[ Info: Cloning cache of FixedSizeArrays from https://github.com/SimonDanisch/FixedSizeArrays.jl.git @ Base.Pkg.Cache cache.jl:43
[ Info: Installing ColorTypes v0.6.6 @ Base.Pkg.Entry entry.jl:543
[ Info: Installing Colors v0.8.2 @ Base.Pkg.Entry entry.jl:543
[ Info: Installing Displaz v0.0.1 @ Base.Pkg.Entry entry.jl:543
[ Info: Installing FixedPointNumbers v0.4.3 @ Base.Pkg.Entry entry.jl:543
[ Info: Installing FixedSizeArrays v0.2.5 @ Base.Pkg.Entry entry.jl:543
[ Info: Installing Reexport v0.1.0 @ Base.Pkg.Entry entry.jl:543
[ Info: Building Displaz @ Main none:10
┌ Warning: `readstring(cmd::AbstractCmd)` is deprecated, use `read(cmd, String)` instead.
│   caller = displaz_version() at build.jl:7
└ @ Main.__anon__ build.jl:7
┌ Warning: `warn()` is deprecated, use `@warn` instead.
│   caller = displaz_version() at build.jl:11
└ @ Main.__anon__ build.jl:11
ERROR: could not spawn `displaz -version`: no such file or directory (ENOENT)
┌ Warning: `warn()` is deprecated, use `@warn` instead.
│   caller = #warn#959(::Base.Iterators.IndexValue{Union{},Union{},Tuple{},NamedTuple{(),Tuple{}}}, ::Function, ::String, ::Vararg{String,N} where N) at deprecated.jl:3644
└ @ Base deprecated.jl:3644
WARNING: displaz could not be found - please check that you have it installed
(for now, you will need to build it from source - see
https://github.com/c42f/displaz).  To ensure julia can find it, you
should add its location to your PATH, or optionally set the DISPLAZ_CMD
environment variable to the full path of the executable.
[ Info: Package database updated @ Base.Pkg.Entry entry.jl:32
┌ Info: METADATA is out-of-date — you may not have the latest version of Displaz
│ Use `Pkg.update()` to get the latest versions of your packages
└ @ Base.Pkg.Entry entry.jl:74

>>> 'Pkg.test("Displaz")' log
Julia Version 0.7.0-DEV.3246
Commit 2138144d3a (2018-01-04 02:34 UTC)
Platform Info:
  OS: Linux (x86_64-pc-linux-gnu)
      Ubuntu 14.04.5 LTS
  uname: Linux 3.13.0-135-generic #184-Ubuntu SMP Wed Oct 18 11:55:51 UTC 2017 x86_64 x86_64
  CPU: Intel(R) Xeon(R) CPU E3-1241 v3 @ 3.50GHz: 
              speed         user         nice          sys         idle          irq
       #1  3499 MHz    3435579 s        116 s     173005 s     928886 s         57 s
       #2  3499 MHz     769516 s         48 s      75506 s    4369898 s          0 s
       
  Memory: 2.93927001953125 GB (1035.6796875 MB free)
  Uptime: 53033.0 sec
  Load Avg:  0.97607421875  0.998046875  0.99267578125
  WORD_SIZE: 64
  BLAS: libopenblas (USE64BITINT DYNAMIC_ARCH NO_AFFINITY Nehalem)
  LAPACK: libopenblas64_
  LIBM: libopenlibm
  LLVM: libLLVM-3.9.1 (ORCJIT, haswell)
Environment:
  TERM = vt100
  LD_LIBRARY_PATH = :/usr/local/lib/
  PATH = /usr/local/sbin:/usr/local/bin:/usr/sbin:/usr/bin:/sbin:/bin:/usr/games:/usr/local/games:/home/vagrant/julia/bin/
  JAVA_HOME = /usr/lib/jvm/java-8-openjdk-amd64
  HOME = /home/vagrant
Packages:
  Package Directory: /home/vagrant/.julia/v0.7
  Package Status:
2 required packages:
 - Displaz                       0.0.1
 - JSON                          0.16.3
7 additional packages:
 - ColorTypes                    0.6.6
 - Colors                        0.8.2
 - Compat                        0.42.0
 - FixedPointNumbers             0.4.3
 - FixedSizeArrays               0.2.5
 - Nullables                     0.0.2
 - Reexport                      0.1.0
[ Info: Testing Displaz @ Base.Pkg.Entry entry.jl:723
┌ Warning: Deprecated syntax `type` at /home/vagrant/.julia/v0.7/Displaz/src/Displaz.jl:169.
│ Use `mutable struct` instead.
└ @ nothing Displaz.jl:169
┌ Warning: Deprecated syntax `type` at /home/vagrant/.julia/v0.7/Displaz/src/Displaz.jl:169.
│ Use `mutable struct` instead.
└ @ nothing Displaz.jl:169
ERROR: LoadError: syntax: extra token "Functor" after end of expression
Stacktrace:
 [1] include at ./boot.jl:295 [inlined]
 [2] include_relative(::Module, ::String) at ./loading.jl:521
 [3] include(::Module, ::String) at ./sysimg.jl:26
 [4] top-level scope
 [5] eval at ./boot.jl:298 [inlined]
 [6] top-level scope at ./<missing>:2
in expression starting at /home/vagrant/.julia/v0.7/FixedSizeArrays/src/FixedSizeArrays.jl:22
ERROR: LoadError: Failed to precompile FixedSizeArrays to /home/vagrant/.julia/lib/v0.7/FixedSizeArrays.ji.
Stacktrace:
 [1] error at ./error.jl:33 [inlined]
 [2] compilecache(::String) at ./loading.jl:648
 [3] compilecache at ./loading.jl:605 [inlined]
 [4] _require(::Symbol) at ./loading.jl:440
 [5] require(::Symbol) at ./loading.jl:333
 [6] include at ./boot.jl:295 [inlined]
 [7] include_relative(::Module, ::String) at ./loading.jl:521
 [8] include(::Module, ::String) at ./sysimg.jl:26
 [9] top-level scope
 [10] eval at ./boot.jl:298 [inlined]
 [11] top-level scope at ./<missing>:2
in expression starting at /home/vagrant/.julia/v0.7/Displaz/src/Displaz.jl:5
ERROR: LoadError: Failed to precompile Displaz to /home/vagrant/.julia/lib/v0.7/Displaz.ji.
Stacktrace:
 [1] error at ./error.jl:33 [inlined]
 [2] compilecache(::String) at ./loading.jl:648
 [3] compilecache at ./loading.jl:605 [inlined]
 [4] _require(::Symbol) at ./loading.jl:460
 [5] require(::Symbol) at ./loading.jl:333
 [6] include at ./boot.jl:295 [inlined]
 [7] include_relative(::Module, ::String) at ./loading.jl:521
 [8] include(::Module, ::String) at ./sysimg.jl:26
 [9] process_options(::Base.JLOptions) at ./client.jl:323
 [10] _start() at ./client.jl:374
in expression starting at /home/vagrant/.julia/v0.7/Displaz/test/runtests.jl:1
┌ Error: ------------------------------------------------------------
│ # Testing failed for Displaz
│   exception = ErrorException("failed process: Process(`/home/vagrant/julia/bin/julia -Cnative -J/home/vagrant/julia/lib/julia/sys.so --compile=yes --depwarn=yes --code-coverage=none --color=no --compiled-modules=yes --check-bounds=yes --warn-overwrite=yes --startup-file=yes /home/vagrant/.julia/v0.7/Displaz/test/runtests.jl`, ProcessExited(1)) [1]")
└ @ Base.Pkg.Entry entry.jl:739
ERROR: Displaz had test errors

>>> End of log
