>>> 'Pkg.add("DistributedArrays")' log
INFO: Cloning cache of DistributedArrays from https://github.com/JuliaParallel/DistributedArrays.jl.git
INFO: Installing DistributedArrays v0.3.0
INFO: Installing Primes v0.1.2
INFO: Package database updated

>>> 'Pkg.test("DistributedArrays")' log
Julia Version 0.6.0-pre.alpha.161
Commit 8f97e6e (2017-03-17 02:27 UTC)
Platform Info:
  OS: Linux (x86_64-pc-linux-gnu)
  CPU: Intel(R) Xeon(R) CPU E3-1241 v3 @ 3.50GHz
  WORD_SIZE: 64
           Ubuntu 14.04.5 LTS
  uname: Linux 3.13.0-113-generic #160-Ubuntu SMP Thu Mar 9 09:27:29 UTC 2017 x86_64 x86_64
Memory: 2.9392738342285156 GB (1752.18359375 MB free)
Uptime: 24226.0 sec
Load Avg:  1.03076171875  1.0341796875  1.01318359375
Intel(R) Xeon(R) CPU E3-1241 v3 @ 3.50GHz: 
       speed         user         nice          sys         idle          irq
#1  3499 MHz    1385937 s       6646 s     123056 s     652510 s         50 s
#2  3499 MHz     671207 s         44 s      77232 s    1574357 s          2 s

  BLAS: libopenblas (USE64BITINT DYNAMIC_ARCH NO_AFFINITY Nehalem)
  LAPACK: libopenblas64_
  LIBM: libopenlibm
  LLVM: libLLVM-3.9.1 (ORCJIT, haswell)
Environment:
  TERM = vt100
  LD_LIBRARY_PATH = :/usr/local/lib/
  PATH = /usr/local/sbin:/usr/local/bin:/usr/sbin:/usr/bin:/sbin:/bin:/usr/games:/usr/local/games:/home/vagrant/julia/bin/
  JAVA_HOME = /usr/lib/jvm/java-7-oracle
  HOME = /home/vagrant

Package Directory: /home/vagrant/.julia/v0.6
2 required packages:
 - DistributedArrays             0.3.0
 - JSON                          0.8.3
2 additional packages:
 - Compat                        0.20.0
 - Primes                        0.1.2
INFO: Testing DistributedArrays

WARNING: deprecated syntax "typealias SubDArray{T,N,D<:DArray} SubArray{T,N,D}" at /home/vagrant/.julia/v0.6/DistributedArrays/src/core.jl:74.
Use "SubDArray{T,N,D<:DArray} = SubArray{T,N,D}" instead.

WARNING: deprecated syntax "typealias SubOrDArray{T,N} Union{DArray{T,N},SubDArray{T,N}}" at /home/vagrant/.julia/v0.6/DistributedArrays/src/core.jl:75.
Use "SubOrDArray{T,N} = Union{DArray{T,N},SubDArray{T,N}}" instead.

WARNING: deprecated syntax "typealias ReshapedMergedIndices{T,N,M<:MergedIndices} Base.ReshapedArray{T,N,M}" at /home/vagrant/.julia/v0.6/DistributedArrays/src/core.jl:657.
Use "ReshapedMergedIndices{T,N,M<:MergedIndices} = Base.ReshapedArray{T,N,M}" instead.

WARNING: deprecated syntax "typealias SubMergedIndices{T,N,M<:Union{MergedIndices,ReshapedMergedIndices}} SubArray{T,N,M}" at /home/vagrant/.julia/v0.6/DistributedArrays/src/core.jl:658.
Use "SubMergedIndices{T,N,M<:Union{MergedIndices,ReshapedMergedIndices}} = SubArray{T,N,M}" instead.

WARNING: deprecated syntax "typealias MergedIndicesOrSub Union{MergedIndices,ReshapedMergedIndices,SubMergedIndices}" at /home/vagrant/.julia/v0.6/DistributedArrays/src/core.jl:659.
Use "const MergedIndicesOrSub = Union{MergedIndices,ReshapedMergedIndices,SubMergedIndices}" instead.

WARNING: deprecated syntax "inner constructor DArray(...) around /home/vagrant/.julia/v0.6/DistributedArrays/src/core.jl:51".
Use "DArray{T,N,A}(...) where {T,N,A}" instead.

WARNING: deprecated syntax "inner constructor DArray(...) around /home/vagrant/.julia/v0.6/DistributedArrays/src/core.jl:70".
Use "DArray{T,N,A}(...) where {T,N,A}" instead.
ERROR: LoadError: LoadError: UndefVarError: Predicate not defined
Stacktrace:
 [1] macro expansion at /home/vagrant/.julia/v0.6/DistributedArrays/src/mapreduce.jl:142 [inlined]
 [2] anonymous at ./<missing>:?
 [3] include_from_node1(::String) at ./loading.jl:539
 [4] include(::String) at ./sysimg.jl:14
 [5] include_from_node1(::String) at ./loading.jl:539
 [6] include(::String) at ./sysimg.jl:14
 [7] anonymous at ./<missing>:2
while loading /home/vagrant/.julia/v0.6/DistributedArrays/src/mapreduce.jl, in expression starting on line 139
while loading /home/vagrant/.julia/v0.6/DistributedArrays/src/DistributedArrays.jl, in expression starting on line 19
ERROR: LoadError: Failed to precompile DistributedArrays to /home/vagrant/.julia/lib/v0.6/DistributedArrays.ji.
Stacktrace:
 [1] compilecache(::String) at ./loading.jl:673
 [2] require(::Symbol) at ./loading.jl:460
 [3] include_from_node1(::String) at ./loading.jl:539
 [4] include(::String) at ./sysimg.jl:14
 [5] process_options(::Base.JLOptions) at ./client.jl:305
 [6] _start() at ./client.jl:371
while loading /home/vagrant/.julia/v0.6/DistributedArrays/test/runtests.jl, in expression starting on line 11
==========================[ ERROR: DistributedArrays ]==========================

failed process: Process(`/home/vagrant/julia/bin/julia -Cx86-64 -J/home/vagrant/julia/lib/julia/sys.so --compile=yes --depwarn=yes --check-bounds=yes --code-coverage=none --color=no --compilecache=yes /home/vagrant/.julia/v0.6/DistributedArrays/test/runtests.jl`, ProcessExited(1)) [1]

================================================================================
ERROR: DistributedArrays had test errors

>>> End of log
