>>> 'Pkg.add("DocumentFormat")' log
[ Info: Cloning cache of DocumentFormat from https://github.com/ZacLN/DocumentFormat.jl.git @ Base.Pkg.Cache cache.jl:43
[ Info: Installing AbstractTrees v0.1.0 @ Base.Pkg.Entry entry.jl:543
[ Info: Installing CSTParser v0.3.4 @ Base.Pkg.Entry entry.jl:543
[ Info: Installing DocumentFormat v0.1.0 @ Base.Pkg.Entry entry.jl:543
[ Info: Installing Tokenize v0.4.2 @ Base.Pkg.Entry entry.jl:543
[ Info: Package database updated @ Base.Pkg.Entry entry.jl:32
┌ Info: METADATA is out-of-date — you may not have the latest version of DocumentFormat
│ Use `Pkg.update()` to get the latest versions of your packages
└ @ Base.Pkg.Entry entry.jl:74

>>> 'Pkg.test("DocumentFormat")' log
Julia Version 0.7.0-DEV.3246
Commit 2138144d3a (2018-01-04 02:34 UTC)
Platform Info:
  OS: Linux (x86_64-pc-linux-gnu)
      Ubuntu 14.04.5 LTS
  uname: Linux 3.13.0-135-generic #184-Ubuntu SMP Wed Oct 18 11:55:51 UTC 2017 x86_64 x86_64
  CPU: Intel(R) Xeon(R) CPU E3-1241 v3 @ 3.50GHz: 
              speed         user         nice          sys         idle          irq
       #1  3499 MHz    3554771 s        116 s     178243 s     962225 s         58 s
       #2  3499 MHz     788653 s         48 s      77167 s    4529892 s          0 s
       
  Memory: 2.93927001953125 GB (1025.4140625 MB free)
  Uptime: 54857.0 sec
  Load Avg:  0.87744140625  0.77490234375  0.88525390625
  WORD_SIZE: 64
  BLAS: libopenblas (USE64BITINT DYNAMIC_ARCH NO_AFFINITY Nehalem)
  LAPACK: libopenblas64_
  LIBM: libopenlibm
  LLVM: libLLVM-3.9.1 (ORCJIT, haswell)
Environment:
  TERM = vt100
  LD_LIBRARY_PATH = :/usr/local/lib/
  PATH = /usr/local/sbin:/usr/local/bin:/usr/sbin:/usr/bin:/sbin:/bin:/usr/games:/usr/local/games:/home/vagrant/julia/bin/
  JAVA_HOME = /usr/lib/jvm/java-8-openjdk-amd64
  HOME = /home/vagrant
Packages:
  Package Directory: /home/vagrant/.julia/v0.7
  Package Status:
2 required packages:
 - DocumentFormat                0.1.0
 - JSON                          0.16.3
5 additional packages:
 - AbstractTrees                 0.1.0
 - CSTParser                     0.3.4
 - Compat                        0.42.0
 - Nullables                     0.0.2
 - Tokenize                      0.4.2
[ Info: Testing DocumentFormat @ Base.Pkg.Entry entry.jl:723
┌ Warning: Deprecated syntax `immutable` at /home/vagrant/.julia/v0.7/AbstractTrees/src/AbstractTrees.jl:61.
│ Use `struct` instead.
└ @ nothing AbstractTrees.jl:61
ERROR: LoadError: syntax: invalid escape sequence
Stacktrace:
 [1] include at ./boot.jl:295 [inlined]
 [2] include_relative(::Module, ::String) at ./loading.jl:521
 [3] include(::Module, ::String) at ./sysimg.jl:26
 [4] top-level scope
 [5] eval at ./boot.jl:298 [inlined]
 [6] top-level scope at ./<missing>:2
in expression starting at /home/vagrant/.julia/v0.7/AbstractTrees/src/AbstractTrees.jl:111
ERROR: LoadError: Failed to precompile AbstractTrees to /home/vagrant/.julia/lib/v0.7/AbstractTrees.ji.
Stacktrace:
 [1] error at ./error.jl:33 [inlined]
 [2] compilecache(::String) at ./loading.jl:648
 [3] compilecache at ./loading.jl:605 [inlined]
 [4] _require(::Symbol) at ./loading.jl:440
 [5] require(::Symbol) at ./loading.jl:333
 [6] include at ./boot.jl:295 [inlined]
 [7] include_relative(::Module, ::String) at ./loading.jl:521
 [8] include(::Module, ::String) at ./sysimg.jl:26
 [9] top-level scope
 [10] eval at ./boot.jl:298 [inlined]
 [11] top-level scope at ./<missing>:2
in expression starting at /home/vagrant/.julia/v0.7/CSTParser/src/CSTParser.jl:6
ERROR: LoadError: LoadError: Failed to precompile CSTParser to /home/vagrant/.julia/lib/v0.7/CSTParser.ji.
Stacktrace:
 [1] error at ./error.jl:33 [inlined]
 [2] compilecache(::String) at ./loading.jl:648
 [3] compilecache at ./loading.jl:605 [inlined]
 [4] _require(::Symbol) at ./loading.jl:460
 [5] require(::Symbol) at ./loading.jl:333
 [6] include at ./boot.jl:295 [inlined]
 [7] include_relative(::Module, ::String) at ./loading.jl:521
 [8] _require(::Symbol) at ./loading.jl:453
 [9] require(::Symbol) at ./loading.jl:333
 [10] include at ./boot.jl:295 [inlined]
 [11] include_relative(::Module, ::String) at ./loading.jl:521
 [12] include(::Module, ::String) at ./sysimg.jl:26
 [13] process_options(::Base.JLOptions) at ./client.jl:323
 [14] _start() at ./client.jl:374
in expression starting at /home/vagrant/.julia/v0.7/DocumentFormat/src/DocumentFormat.jl:2
in expression starting at /home/vagrant/.julia/v0.7/DocumentFormat/test/runtests.jl:1
┌ Error: ------------------------------------------------------------
│ # Testing failed for DocumentFormat
│   exception = ErrorException("failed process: Process(`/home/vagrant/julia/bin/julia -Cnative -J/home/vagrant/julia/lib/julia/sys.so --compile=yes --depwarn=yes --code-coverage=none --color=no --compiled-modules=yes --check-bounds=yes --warn-overwrite=yes --startup-file=yes /home/vagrant/.julia/v0.7/DocumentFormat/test/runtests.jl`, ProcessExited(1)) [1]")
└ @ Base.Pkg.Entry entry.jl:739
ERROR: DocumentFormat had test errors

>>> End of log
