>>> 'Pkg.add("Documenter")' log
INFO: Cloning cache of Documenter from https://github.com/JuliaDocs/Documenter.jl.git
INFO: Installing Documenter v0.1.6
INFO: Package database updated
INFO: METADATA is out-of-date — you may not have the latest version of Documenter
INFO: Use `Pkg.update()` to get the latest versions of your packages
INFO: Nothing to be done
INFO: METADATA is out-of-date — you may not have the latest version of Documenter
INFO: Use `Pkg.update()` to get the latest versions of your packages

>>> 'Pkg.test("Documenter")' log
Julia Version 0.5.0-rc0+4
Commit 347057b (2016-07-27 09:20 UTC)
Platform Info:
  System: Linux (x86_64-unknown-linux-gnu)
  CPU: Intel(R) Xeon(R) CPU E3-1241 v3 @ 3.50GHz
  WORD_SIZE: 64
           Ubuntu 14.04.4 LTS
  uname: Linux 3.13.0-92-generic #139-Ubuntu SMP Tue Jun 28 20:42:26 UTC 2016 x86_64 x86_64
Memory: 2.4471054077148438 GB (1330.37109375 MB free)
Uptime: 17000.0 sec
Load Avg:  1.0419921875  1.17333984375  1.1015625
Intel(R) Xeon(R) CPU E3-1241 v3 @ 3.50GHz: 
       speed         user         nice          sys         idle          irq
#1  3499 MHz     808169 s       3208 s     115243 s     564683 s         31 s
#2  3499 MHz     309777 s        914 s      53073 s    1263957 s          0 s

  BLAS: libopenblas (USE64BITINT DYNAMIC_ARCH NO_AFFINITY Nehalem)
  LAPACK: libopenblas64_
  LIBM: libopenlibm
  LLVM: libLLVM-3.7.1 (ORCJIT, haswell)
Environment:
  TERM = vt100
  LD_LIBRARY_PATH = :/usr/local/lib/
  PATH = /usr/local/sbin:/usr/local/bin:/usr/sbin:/usr/bin:/sbin:/bin:/usr/games:/usr/local/games:/home/vagrant/julia/bin/
  JAVA_HOME = /usr/lib/jvm/java-7-oracle
  HOME = /home/vagrant

Package Directory: /home/vagrant/.julia/v0.5
2 required packages:
 - Documenter                    0.1.6
 - JSON                          0.6.0
1 additional packages:
 - Compat                        0.8.6
INFO: Testing Documenter
INFO: The following errors are expected output.
Documenter: setting up build directory.
Documenter: redirecting output streams.
Documenter: expanding markdown templates.
 !! Warning in src/index.md:

Failed to parse expression.

ERROR: ParseError("extra token \"error\" after end of expression")

 !! Undefined binding 'Tests.missing_doc'. [src/index.md]
 !! Warning in src/index.md:

Failed to evaluate `CurrentModule = NonExistantModule` in `@meta` block.

ERROR: UndefVarError(:NonExistantModule)

 !! Warning in src/index.md:

Failed to evaluate `Modules = [NonExistantModule]` in `@autodocs` block.

ERROR: UndefVarError(:NonExistantModule)

 !! Warning in src/index.md:

Failed to evaluate `@eval` block.

ERROR: UndefVarError(:NonExistantModule)

 !! '@autodocs' missing 'Modules = ...'. [src/index.md]
Documenter: building cross-references.
Documenter: running document checks.
Documenter: restoring output streams.
Documenter: populating indices.
Documenter: rendering document.
Documenter: copying assets to build directory.
INFO: END of expected error output.
Documenter: setting up build directory.
Documenter: redirecting output streams.
Documenter: expanding markdown templates.
INFO: Unable to find ccall
INFO: Unable to find for
Documenter: building cross-references.
Documenter: running document checks.
Documenter: restoring output streams.
Documenter: populating indices.
Documenter: rendering document.
Documenter: copying assets to build directory.
Documenter: setting up build directory.
Documenter: redirecting output streams.
Documenter: expanding markdown templates.
Documenter: building cross-references.
Documenter: running document checks.
Documenter: restoring output streams.
Documenter: populating indices.
Documenter: rendering document.
Documenter: copying assets to build directory.
INFO: Deploying documentation to /tmp/tmpu2PkFR/docs
INFO: Generating .gitignore at /tmp/tmpu2PkFR/docs/.gitignore
INFO: Generating make.jl at /tmp/tmpu2PkFR/docs/make.jl
INFO: Generating mkdocs.yml at /tmp/tmpu2PkFR/docs/mkdocs.yml
INFO: Generating src/index.md at /tmp/tmpu2PkFR/docs/src/index.md
Documenter: setting up build directory.
Documenter: redirecting output streams.
Documenter: expanding markdown templates.
Documenter: building cross-references.
Documenter: running document checks.
Documenter: restoring output streams.
Documenter: populating indices.
Documenter: rendering document.
Documenter: copying assets to build directory.
Documenter: skipping docs deployment.
INFO: Documenter tests passed

>>> End of log
