>>> 'Pkg.add("DocumentFunction")' log
INFO: Installing DocumentFunction v0.1.4
INFO: Package database updated
INFO: METADATA is out-of-date — you may not have the latest version of DocumentFunction
INFO: Use `Pkg.update()` to get the latest versions of your packages

>>> 'Pkg.test("DocumentFunction")' log
Julia Version 0.5.2
Commit f4c6c9d (2017-05-06 16:34 UTC)
Platform Info:
  OS: Linux (x86_64-pc-linux-gnu)
  CPU: Intel(R) Xeon(R) CPU E3-1241 v3 @ 3.50GHz
  WORD_SIZE: 64
           Ubuntu 14.04.5 LTS
  uname: Linux 3.13.0-121-generic #170-Ubuntu SMP Wed Jun 14 09:04:33 UTC 2017 x86_64 x86_64
Memory: 2.9392738342285156 GB (1535.16796875 MB free)
Uptime: 31099.0 sec
Load Avg:  0.54345703125  0.72119140625  0.767578125
Intel(R) Xeon(R) CPU E3-1241 v3 @ 3.50GHz: 
       speed         user         nice          sys         idle          irq
#1  3510 MHz    1890214 s        351 s     141883 s     714112 s         33 s
#2  3510 MHz     636790 s       6496 s      75374 s    2325770 s          0 s

  BLAS: libopenblas (USE64BITINT DYNAMIC_ARCH NO_AFFINITY Nehalem)
  LAPACK: libopenblas64_
  LIBM: libopenlibm
  LLVM: libLLVM-3.7.1 (ORCJIT, haswell)
Environment:
  TERM = vt100
  LD_LIBRARY_PATH = :/usr/local/lib/
  PATH = /usr/local/sbin:/usr/local/bin:/usr/sbin:/usr/bin:/sbin:/bin:/usr/games:/usr/local/games:/home/vagrant/julia/bin/
  JAVA_HOME = /usr/lib/jvm/java-8-openjdk-amd64
  HOME = /home/vagrant

Package Directory: /home/vagrant/.julia/v0.5
2 required packages:
 - DocumentFunction              0.1.4
 - JSON                          0.12.0
1 additional packages:
 - Compat                        0.26.0
INFO: Testing DocumentFunction
Test Summary: | Pass  Total
  Document    |    3      3
INFO: DocumentFunction tests passed

>>> End of log
