>>> 'Pkg.add("DualNumbers")' log
INFO: Installing Calculus v0.4.0
INFO: Installing DualNumbers v0.4.0
INFO: Installing NaNMath v0.3.1
INFO: Package database updated
INFO: METADATA is out-of-date — you may not have the latest version of DualNumbers
INFO: Use `Pkg.update()` to get the latest versions of your packages

>>> 'Pkg.test("DualNumbers")' log
Julia Version 0.6.4
Commit 9d11f62bcb (2018-07-09 19:09 UTC)
Platform Info:
  OS: Linux (x86_64-pc-linux-gnu)
  CPU: Intel(R) Xeon(R) CPU E3-1241 v3 @ 3.50GHz
  WORD_SIZE: 64
           Ubuntu 14.04.5 LTS
  uname: Linux 3.13.0-143-generic #192-Ubuntu SMP Tue Feb 27 10:45:36 UTC 2018 x86_64 x86_64
Memory: 2.939197540283203 GB (944.3359375 MB free)
Uptime: 71462.0 sec
Load Avg:  1.05419921875  1.015625  0.96533203125
Intel(R) Xeon(R) CPU E3-1241 v3 @ 3.50GHz: 
       speed         user         nice          sys         idle          irq
#1  3499 MHz    4524845 s        833 s     309080 s    1208621 s          6 s
#2  3499 MHz    1071262 s       4749 s     150184 s    5799925 s          0 s

  BLAS: libopenblas (USE64BITINT DYNAMIC_ARCH NO_AFFINITY Nehalem MAX_THREADS=16)
  LAPACK: libopenblas64_
  LIBM: libopenlibm
  LLVM: libLLVM-3.9.1 (ORCJIT, haswell)
Environment:
  TERM = vt100
  LD_LIBRARY_PATH = :/usr/local/lib/
  PATH = /usr/local/sbin:/usr/local/bin:/usr/sbin:/usr/bin:/sbin:/bin:/usr/games:/usr/local/games:/home/vagrant/julia/bin/
  JAVA_HOME = /usr/lib/jvm/java-8-openjdk-amd64
  HOME = /home/vagrant

Package Directory: /home/vagrant/.julia/v0.6
2 required packages:
 - DualNumbers                   0.4.0
 - JSON                          0.17.2
4 additional packages:
 - Calculus                      0.4.0
 - Compat                        0.69.0
 - NaNMath                       0.3.1
 - Nullables                     0.0.6
INFO: Testing DualNumbers
INFO: DualNumbers tests passed

>>> End of log
