>>> 'Pkg.add("DustExtinction")' log
INFO: Cloning cache of DustExtinction from https://github.com/JuliaAstro/DustExtinction.jl.git
INFO: Installing BinDeps v0.4.5
INFO: Installing DustExtinction v0.2.1
INFO: Installing FITSIO v0.8.4
INFO: Installing SHA v0.2.1
INFO: Installing URIParser v0.1.6
INFO: Building FITSIO
INFO: Package database updated

>>> 'Pkg.test("DustExtinction")' log
Julia Version 0.5.0-rc3+0
Commit e6f843b (2016-08-22 23:43 UTC)
Platform Info:
  System: Linux (x86_64-unknown-linux-gnu)
  CPU: Intel(R) Xeon(R) CPU E3-1241 v3 @ 3.50GHz
  WORD_SIZE: 64
           Ubuntu 14.04.5 LTS
  uname: Linux 3.13.0-95-generic #142-Ubuntu SMP Fri Aug 12 17:00:09 UTC 2016 x86_64 x86_64
Memory: 2.4471054077148438 GB (1030.8046875 MB free)
Uptime: 19420.0 sec
Load Avg:  1.05419921875  1.04541015625  1.06201171875
Intel(R) Xeon(R) CPU E3-1241 v3 @ 3.50GHz: 
       speed         user         nice          sys         idle          irq
#1  3500 MHz     969152 s       1398 s     109791 s     603044 s         35 s
#2  3500 MHz     398894 s       6786 s      52493 s    1400818 s          0 s

  BLAS: libopenblas (USE64BITINT DYNAMIC_ARCH NO_AFFINITY Nehalem)
  LAPACK: libopenblas64_
  LIBM: libopenlibm
  LLVM: libLLVM-3.7.1 (ORCJIT, haswell)
Environment:
  TERM = vt100
  LD_LIBRARY_PATH = :/usr/local/lib/
  PATH = /usr/local/sbin:/usr/local/bin:/usr/sbin:/usr/bin:/sbin:/bin:/usr/games:/usr/local/games:/home/vagrant/julia/bin/
  JAVA_HOME = /usr/lib/jvm/java-7-oracle
  HOME = /home/vagrant

Package Directory: /home/vagrant/.julia/v0.5
2 required packages:
 - DustExtinction                0.2.1
 - JSON                          0.7.0
5 additional packages:
 - BinDeps                       0.4.5
 - Compat                        0.8.8
 - FITSIO                        0.8.4
 - SHA                           0.2.1
 - URIParser                     0.1.6
INFO: Testing DustExtinction
Skipping SFD98Map test because $SFD98_DIR not defined.
Tests passed.
INFO: DustExtinction tests passed

>>> End of log
