>>> 'Pkg.add("DustExtinction")' log
  % Total    % Received % Xferd  Average Speed   Time    Time     Time  Current
                                 Dload  Upload   Total   Spent    Left  Speed
  0     0    0     0    0     0      0      0 --:--:-- --:--:-- --:--:--     0  0     0    0     0    0     0      0      0 --:--:-- --:--:-- --:--:--     0100 4541k  100 4541k    0     0  4957k      0 --:--:-- --:--:-- --:--:-- 4957k
checking build system type... x86_64-unknown-linux-gnu
checking host system type... x86_64-unknown-linux-gnu
checking target system type... x86_64-unknown-linux-gnu
checking for gcc... gcc
checking whether the C compiler works... yes
checking for C compiler default output file name... a.out
checking for suffix of executables... 
checking whether we are cross compiling... no
checking for suffix of object files... o
checking whether we are using the GNU C compiler... yes
checking whether gcc accepts -g... yes
checking for gcc option to accept ISO C89... none needed
checking for gfortran... gfortran
checking whether we are using GNU Fortran... 
yes
cfitsio: == Adding wrapper support for GNU Fortran... 
 done
... truncated ...
a - putcoluj.o
a - putkey.o
a - region.o
a - scalnull.o
a - swapproc.o
a - wcssub.o
a - wcsutil.o
a - imcompress.o
a - quantize.o
a - ricecomp.o
a - pliocomp.o
a - fits_hcompress.o
a - fits_hdecompress.o
a - zlib/adler32.o
a - zlib/crc32.o
a - zlib/deflate.o
a - zlib/infback.o
a - zlib/inffast.o
a - zlib/inflate.o
a - zlib/inftrees.o
a - zlib/trees.o
a - zlib/uncompr.o
a - zlib/zcompress.o
a - zlib/zuncompress.o
a - zlib/zutil.o
a - f77_wrap1.o
a - f77_wrap2.o
a - f77_wrap3.o
a - f77_wrap4.o
/bin/cp -a libcfitsio* /home/idunning/pkgtest/.julia/v0.3/FITSIO/deps/usr/lib
/bin/cp fitsio.h fitsio2.h longnam.h drvrsmem.h /home/idunning/pkgtest/.julia/v0.3/FITSIO/deps/usr/include
/bin/cp cfitsio.pc /home/idunning/pkgtest/.julia/v0.3/FITSIO/deps/usr/lib/pkgconfig
INFO: Cloning cache of DustExtinction from git://github.com/JuliaAstro/DustExtinction.jl.git
INFO: Cloning cache of FITSIO from git://github.com/JuliaAstro/FITSIO.jl.git
INFO: Installing BinDeps v0.3.7
INFO: Installing Compat v0.2.9
INFO: Installing DustExtinction v0.1.0
INFO: Installing FITSIO v0.5.2
INFO: Installing SHA v0.0.3
INFO: Installing URIParser v0.0.3
INFO: Building FITSIO
INFO: Attempting to Create directory /home/idunning/pkgtest/.julia/v0.3/FITSIO/deps/downloads
INFO: Downloading file ftp://heasarc.gsfc.nasa.gov/software/fitsio/c/cfitsio3360.tar.gz
INFO: Done downloading file ftp://heasarc.gsfc.nasa.gov/software/fitsio/c/cfitsio3360.tar.gz
INFO: Attempting to Create directory /home/idunning/pkgtest/.julia/v0.3/FITSIO/deps/src
INFO: Attempting to Create directory /home/idunning/pkgtest/.julia/v0.3/FITSIO/deps
INFO: Directory /home/idunning/pkgtest/.julia/v0.3/FITSIO/deps already created
INFO: Attempting to Create directory /home/idunning/pkgtest/.julia/v0.3/FITSIO/deps/src/cfitsio
INFO: Changing Directory to /home/idunning/pkgtest/.julia/v0.3/FITSIO/deps/src/cfitsio
INFO: Package database updated

>>> 'using DustExtinction' log
Julia Version 0.3.4
Commit 3392026* (2014-12-26 10:42 UTC)
Platform Info:
  System: Linux (x86_64-unknown-linux-gnu)
  CPU: Intel(R) Xeon(R) CPU E5-2650 0 @ 2.00GHz
  WORD_SIZE: 64
  BLAS: libopenblas (USE64BITINT DYNAMIC_ARCH NO_AFFINITY Sandybridge)
  LAPACK: libopenblas
  LIBM: libopenlibm
  LLVM: libLLVM-3.3

>>> test log
ERROR: SFD98_DIR not defined
 in anonymous at no file:121
 in include at ./boot.jl:245
 in include_from_node1 at loading.jl:128
 in process_options at ./client.jl:285
 in _start at ./client.jl:354
while loading /home/idunning/pkgtest/.julia/v0.3/DustExtinction/test/runtests.jl, in expression starting on line 114


INFO: Testing DustExtinction
===========================[ ERROR: DustExtinction ]============================

failed process: Process(`/home/idunning/julia03/usr/bin/julia /home/idunning/pkgtest/.julia/v0.3/DustExtinction/test/runtests.jl`, ProcessExited(1)) [1]

================================================================================
INFO: No packages to install, update or remove
ERROR: DustExtinction had test errors
 in error at error.jl:21
 in test at pkg/entry.jl:718
 in anonymous at pkg/dir.jl:28
 in cd at ./file.jl:20
 in cd at pkg/dir.jl:28
 in test at pkg.jl:67
 in process_options at ./client.jl:213
 in _start at ./client.jl:354

>>> end of log
