No tests, tried 'using DWARF', no errors.
INFO: Installing DWARF v0.0.0
INFO: Installing ELF v0.0.0
INFO: Installing StrPack v0.0.0
INFO: Package database updated
Warning: could not import Base.show_indented into DWARF
Warning: New definition 
    read(IO,Any,Type{UConstant}) at /home/idunning/pkgtest/.julia/v0.3/DWARF/src/DWARF.jl:476
is ambiguous with: 
    read(File,Array{T,N},Any) at deprecated.jl:26.
To fix, define 
To fix, define 
    read(File,Array{T,N},Type{ExplicitFlag})
before the new definition.
Warning: New definition 
    read(IO,Any,Type{StringAttribute}) at /home/idunning/pkgtest/.julia/v0.3/DWARF/src/DWARF.jl:486
is ambiguous with: 
    read(File,Array{T,N},Any) at deprecated.jl:26.
To fix, define 
    read(File,Array{T,N},Type{StringAttribute})
before the new definition.
INFO: Package database updated
