>>> 'Pkg.add("DynamicalBilliardsPlotting")' log
INFO: Cloning cache of DynamicalBilliardsPlotting from https://github.com/Datseris/DynamicalBilliardsPlotting.jl.git
INFO: Installing BinDeps v0.4.7
INFO: Installing ColorTypes v0.4.1
INFO: Installing Colors v0.7.3
INFO: Installing Conda v0.5.3
INFO: Installing DynamicalBilliards v1.1.0
INFO: Installing DynamicalBilliardsPlotting v0.1.0
INFO: Installing FixedPointNumbers v0.3.7
INFO: Installing LaTeXStrings v0.2.1
INFO: Installing MacroTools v0.3.6
INFO: Installing PyCall v1.12.0
INFO: Installing PyPlot v2.3.1
INFO: Installing Reexport v0.0.3
INFO: Installing SHA v0.3.2
INFO: Installing StaticArrays v0.4.0
INFO: Installing URIParser v0.1.8
INFO: Building Conda
INFO: Building PyCall
INFO: Using the Python distribution in the Conda package by default.
To use a different Python version, set ENV["PYTHON"]="pythoncommand" and re-run Pkg.build("PyCall").
INFO: PyCall is using /home/vagrant/.julia/v0.6/Conda/deps/usr/bin/python (Python 2.7.13) at /home/vagrant/.julia/v0.6/Conda/deps/usr/bin/python, libpython = /home/vagrant/.julia/v0.6/Conda/deps/usr/lib/libpython2.7
INFO: /home/vagrant/.julia/v0.6/PyCall/deps/deps.jl has not changed
INFO: /home/vagrant/.julia/v0.6/PyCall/deps/PYTHON has not changed
INFO: Package database updated
INFO: METADATA is out-of-date — you may not have the latest version of DynamicalBilliardsPlotting
INFO: Use `Pkg.update()` to get the latest versions of your packages

>>> 'Pkg.test("DynamicalBilliardsPlotting")' log
Julia Version 0.6.0-pre.beta.290
Commit 5955d79 (2017-04-23 18:30 UTC)
Platform Info:
  OS: Linux (x86_64-pc-linux-gnu)
  CPU: Intel(R) Xeon(R) CPU E3-1241 v3 @ 3.50GHz
  WORD_SIZE: 64
           Ubuntu 14.04.5 LTS
  uname: Linux 3.13.0-116-generic #163-Ubuntu SMP Fri Mar 31 14:13:22 UTC 2017 x86_64 x86_64
Memory: 2.9392738342285156 GB (1483.8359375 MB free)
Uptime: 45730.0 sec
Load Avg:  0.92919921875  0.9853515625  1.03466796875
Intel(R) Xeon(R) CPU E3-1241 v3 @ 3.50GHz: 
       speed         user         nice          sys         idle          irq
#1  3503 MHz    2918712 s       7829 s     128524 s     850436 s         35 s
#2  3503 MHz     899979 s         45 s      78160 s    3476703 s          0 s

  BLAS: libopenblas (USE64BITINT DYNAMIC_ARCH NO_AFFINITY Nehalem)
  LAPACK: libopenblas64_
  LIBM: libopenlibm
  LLVM: libLLVM-3.9.1 (ORCJIT, haswell)
Environment:
  TERM = vt100
  LD_LIBRARY_PATH = :/usr/local/lib/
  PATH = /usr/local/sbin:/usr/local/bin:/usr/sbin:/usr/bin:/sbin:/bin:/usr/games:/usr/local/games:/home/vagrant/julia/bin/
  JAVA_HOME = /usr/lib/jvm/java-7-oracle
  HOME = /home/vagrant

Package Directory: /home/vagrant/.julia/v0.6
2 required packages:
 - DynamicalBilliardsPlotting    0.1.0
 - JSON                          0.9.1
15 additional packages:
 - BinDeps                       0.4.7
 - ColorTypes                    0.4.1
 - Colors                        0.7.3
 - Compat                        0.24.0
 - Conda                         0.5.3
 - DynamicalBilliards            1.1.0
 - FixedPointNumbers             0.3.7
 - LaTeXStrings                  0.2.1
 - MacroTools                    0.3.6
 - PyCall                        1.12.0
 - PyPlot                        2.3.1
 - Reexport                      0.0.3
 - SHA                           0.3.2
 - StaticArrays                  0.4.0
 - URIParser                     0.1.8
INFO: Testing DynamicalBilliardsPlotting

WARNING: deprecated syntax "abstract AbstractParticle" at /home/vagrant/.julia/v0.6/DynamicalBilliards/src/ParticlesObstacles.jl:14.
Use "abstract type AbstractParticle end" instead.

WARNING: deprecated syntax "abstract Obstacle" at /home/vagrant/.julia/v0.6/DynamicalBilliards/src/ParticlesObstacles.jl:140.
Use "abstract type Obstacle end" instead.

WARNING: deprecated syntax "abstract Circular<:Obstacle" at /home/vagrant/.julia/v0.6/DynamicalBilliards/src/ParticlesObstacles.jl:146.
Use "abstract type Circular<:Obstacle end" instead.

WARNING: deprecated syntax "abstract Wall<:Obstacle" at /home/vagrant/.julia/v0.6/DynamicalBilliards/src/ParticlesObstacles.jl:220.
Use "abstract type Wall<:Obstacle end" instead.
INFO: DynamicalBilliardsPlotting tests passed

>>> End of log
