>>> 'Pkg.add("DynamicalBilliards")' log
INFO: Cloning cache of DynamicalBilliards from https://github.com/Datseris/DynamicalBilliards.jl.git
INFO: Installing BinDeps v0.4.7
INFO: Installing ColorTypes v0.4.0
INFO: Installing Colors v0.7.3
INFO: Installing Conda v0.5.3
INFO: Installing DynamicalBilliards v1.0.0
INFO: Installing FixedPointNumbers v0.3.5
INFO: Installing LaTeXStrings v0.2.1
INFO: Installing MacroTools v0.3.6
INFO: Installing PyCall v1.11.1
INFO: Installing PyPlot v2.3.1
INFO: Installing Reexport v0.0.3
INFO: Installing SHA v0.3.2
INFO: Installing StaticArrays v0.4.0
INFO: Installing URIParser v0.1.8
INFO: Building Conda
INFO: Building PyCall
INFO: Using the Python distribution in the Conda package by default.
To use a different Python version, set ENV["PYTHON"]="pythoncommand" and re-run Pkg.build("PyCall").
Fetching package metadata .........
Solving package specifications: ..........

# All requested packages already installed.
# packages in environment at /home/vagrant/.julia/v0.6/Conda/deps/usr:
#
numpy                     1.12.1          py27_blas_openblas_200  [blas_openblas]  conda-forge
INFO: PyCall is using /home/vagrant/.julia/v0.6/Conda/deps/usr/bin/python (Python 2.7.13) at /home/vagrant/.julia/v0.6/Conda/deps/usr/bin/python, libpython = /home/vagrant/.julia/v0.6/Conda/deps/usr/lib/libpython2.7
INFO: /home/vagrant/.julia/v0.6/PyCall/deps/deps.jl has not changed
INFO: /home/vagrant/.julia/v0.6/PyCall/deps/PYTHON has not changed
INFO: Package database updated
INFO: METADATA is out-of-date — you may not have the latest version of DynamicalBilliards
INFO: Use `Pkg.update()` to get the latest versions of your packages

>>> 'Pkg.test("DynamicalBilliards")' log
Julia Version 0.6.0-pre.alpha.300
Commit 06e096f (2017-03-29 02:23 UTC)
Platform Info:
  OS: Linux (x86_64-pc-linux-gnu)
  CPU: Intel(R) Xeon(R) CPU E3-1241 v3 @ 3.50GHz
  WORD_SIZE: 64
           Ubuntu 14.04.5 LTS
  uname: Linux 3.13.0-113-generic #160-Ubuntu SMP Thu Mar 9 09:27:29 UTC 2017 x86_64 x86_64
Memory: 2.9392738342285156 GB (1431.5234375 MB free)
Uptime: 26154.0 sec
Load Avg:  0.8525390625  0.955078125  1.05615234375
Intel(R) Xeon(R) CPU E3-1241 v3 @ 3.50GHz: 
       speed         user         nice          sys         idle          irq
#1  3500 MHz    1543840 s       6658 s     124016 s     654727 s         53 s
#2  3500 MHz     757130 s        290 s      85245 s    1690278 s          1 s

  BLAS: libopenblas (USE64BITINT DYNAMIC_ARCH NO_AFFINITY Nehalem)
  LAPACK: libopenblas64_
  LIBM: libopenlibm
  LLVM: libLLVM-3.9.1 (ORCJIT, haswell)
Environment:
  TERM = vt100
  LD_LIBRARY_PATH = :/usr/local/lib/
  PATH = /usr/local/sbin:/usr/local/bin:/usr/sbin:/usr/bin:/sbin:/bin:/usr/games:/usr/local/games:/home/vagrant/julia/bin/
  JAVA_HOME = /usr/lib/jvm/java-7-oracle
  HOME = /home/vagrant

Package Directory: /home/vagrant/.julia/v0.6
2 required packages:
 - DynamicalBilliards            1.0.0
 - JSON                          0.8.3
14 additional packages:
 - BinDeps                       0.4.7
 - ColorTypes                    0.4.0
 - Colors                        0.7.3
 - Compat                        0.21.0
 - Conda                         0.5.3
 - FixedPointNumbers             0.3.5
 - LaTeXStrings                  0.2.1
 - MacroTools                    0.3.6
 - PyCall                        1.11.1
 - PyPlot                        2.3.1
 - Reexport                      0.0.3
 - SHA                           0.3.2
 - StaticArrays                  0.4.0
 - URIParser                     0.1.8
INFO: Testing DynamicalBilliards

WARNING: deprecated syntax "abstract AbstractParticle" at /home/vagrant/.julia/v0.6/DynamicalBilliards/src/ParticlesObstacles.jl:16.
Use "abstract type AbstractParticle end" instead.

WARNING: deprecated syntax "abstract Obstacle" at /home/vagrant/.julia/v0.6/DynamicalBilliards/src/ParticlesObstacles.jl:142.
Use "abstract type Obstacle end" instead.

WARNING: deprecated syntax "abstract Circular<:Obstacle" at /home/vagrant/.julia/v0.6/DynamicalBilliards/src/ParticlesObstacles.jl:148.
Use "abstract type Circular<:Obstacle end" instead.

WARNING: deprecated syntax "abstract Wall<:Obstacle" at /home/vagrant/.julia/v0.6/DynamicalBilliards/src/ParticlesObstacles.jl:221.
Use "abstract type Wall<:Obstacle end" instead.
ERROR: LoadError: LoadError: MethodError: rem(::Int64, ::Type{FixedPointNumbers.Normed{UInt8,8}}) is ambiguous. Candidates:
  rem(x::Real, ::Type{T}) where T<:FixedPointNumbers.Normed in FixedPointNumbers at /home/vagrant/.julia/v0.6/FixedPointNumbers/src/normed.jl:59
  rem(x::Integer, T::Type) in Base at int.jl:375
Stacktrace:
 [1] ColorTypes.RGB{FixedPointNumbers.Normed{UInt8,8}}(::Int64, ::Int64, ::Int64) at /home/vagrant/.julia/v0.6/ColorTypes/src/types.jl:91
 [2] ColorTypes.RGB(::Int64, ::Int64, ::Int64) at /home/vagrant/.julia/v0.6/ColorTypes/src/types.jl:445
 [3] include_from_node1(::String) at ./loading.jl:539
 [4] include(::String) at ./sysimg.jl:14
 [5] include_from_node1(::String) at ./loading.jl:539
 [6] include(::String) at ./sysimg.jl:14
 [7] anonymous at ./<missing>:2
while loading /home/vagrant/.julia/v0.6/Colors/src/algorithms.jl, in expression starting on line 66
while loading /home/vagrant/.julia/v0.6/Colors/src/Colors.jl, in expression starting on line 35
ERROR: LoadError: LoadError: Failed to precompile Colors to /home/vagrant/.julia/lib/v0.6/Colors.ji.
Stacktrace:
 [1] compilecache(::String) at ./loading.jl:673
 [2] require(::Symbol) at ./loading.jl:431
 [3] include_from_node1(::String) at ./loading.jl:539
 [4] include(::String) at ./sysimg.jl:14
 [5] include_from_node1(::String) at ./loading.jl:539
 [6] include(::String) at ./sysimg.jl:14
 [7] anonymous at ./<missing>:2
while loading /home/vagrant/.julia/v0.6/PyPlot/src/colormaps.jl, in expression starting on line 4
while loading /home/vagrant/.julia/v0.6/PyPlot/src/PyPlot.jl, in expression starting on line 199
ERROR: LoadError: LoadError: LoadError: Failed to precompile PyPlot to /home/vagrant/.julia/lib/v0.6/PyPlot.ji.
Stacktrace:
 [1] compilecache(::String) at ./loading.jl:673
 [2] require(::Symbol) at ./loading.jl:460
 [3] include_from_node1(::String) at ./loading.jl:539
 [4] include(::String) at ./sysimg.jl:14
 [5] include_from_node1(::String) at ./loading.jl:539
while loading /home/vagrant/.julia/v0.6/DynamicalBilliards/src/PlotBilliards.jl, in expression starting on line 1
while loading /home/vagrant/.julia/v0.6/DynamicalBilliards/src/DynamicalBilliards.jl, in expression starting on line 24
while loading /home/vagrant/.julia/v0.6/DynamicalBilliards/test/runtests.jl, in expression starting on line 1
=========================[ ERROR: DynamicalBilliards ]==========================

failed process: Process(`/home/vagrant/julia/bin/julia -Cx86-64 -J/home/vagrant/julia/lib/julia/sys.so --compile=yes --depwarn=yes --check-bounds=yes --code-coverage=none --color=no --compilecache=yes /home/vagrant/.julia/v0.6/DynamicalBilliards/test/runtests.jl`, ProcessExited(1)) [1]

================================================================================
ERROR: DynamicalBilliards had test errors

>>> End of log
