>>> 'Pkg.add("DynamicalSystemsBase")' log
INFO: Installing BinDeps v0.8.6
INFO: Installing CommonSubexpressions v0.0.1
INFO: Installing DataStructures v0.7.4
INFO: Installing DiffBase v0.3.2
INFO: Installing DiffEqBase v3.3.0
INFO: Installing DiffEqCallbacks v1.0.0
INFO: Installing DiffEqDiffTools v0.3.0
INFO: Installing DiffResults v0.0.3
INFO: Installing DiffRules v0.0.3
INFO: Installing Distances v0.5.0
INFO: Installing DynamicalSystemsBase v0.5.1
INFO: Installing ForwardDiff v0.7.3
INFO: Installing FunctionWrappers v0.1.0
INFO: Installing GenericSVD v0.1.0
INFO: Installing IterTools v0.2.1
INFO: Installing IteratorInterfaceExtensions v0.0.2
INFO: Installing Juno v0.4.0
INFO: Installing LineSearches v3.2.5
INFO: Installing LinearMaps v1.0.4
INFO: Installing MacroTools v0.4.0
INFO: Installing Media v0.3.0
INFO: Installing Missings v0.2.6
INFO: Installing MuladdMacro v0.0.2
INFO: Installing NLSolversBase v4.2.1
INFO: Installing NLsolve v1.0.0
INFO: Installing NaNMath v0.3.1
INFO: Installing NamedTuples v4.0.0
INFO: Installing NearestNeighbors v0.3.0
INFO: Installing OrdinaryDiffEq v3.1.0
INFO: Installing Parameters v0.8.1
INFO: Installing RecipesBase v0.2.3
INFO: Installing RecursiveArrayTools v0.14.6
INFO: Installing Reexport v0.1.0
INFO: Installing Requires v0.4.3
INFO: Installing Roots v0.5.0
INFO: Installing SHA v0.5.6
INFO: Installing SimpleTraits v0.5.1
INFO: Installing SortingAlgorithms v0.2.0
INFO: Installing SpecialFunctions v0.3.8
INFO: Installing StaticArrays v0.6.6
INFO: Installing StatsBase v0.19.5
INFO: Installing TableTraits v0.1.0
INFO: Installing URIParser v0.3.0
INFO: Building DiffEqBase
INFO: ~~~ DifferentialEquations.jl *BREAKING* changes  ~~~

We have changed the front-end API on how
users may define equations of motion and 
problems, for all problem types that can
be used in the DifferentialEquations.jl.
These are *BREAKING* changes, and they
also have *NO WARNINGS*!

Please see our latest documentation here:
http://docs.juliadiffeq.org/latest/

or the blogpost that describes the changes:
http://juliadiffeq.org/2018/01/24/Parameters.html

In short, the mutated argument is the first argument,
and parameters are now directly passed
into the equations of motion function. For all
types now mutation goes first, then dependent variables, 
then parameters, then independent variables. 

`f(mutated, dependent variables, p/integrator, independent variables)`

For example, this means that the ODE syntax will be `f(u,p,t)` (for the
out-of-place) and `f(du,u,p,t)` (for the in-place). Notice
that this change also removes the need for ParameterizedFunctions
as now parameters are part of the equations of motion.

For more details please visit the above links!
INFO: Building SpecialFunctions
INFO: Building DynamicalSystemsBase
INFO: ~~~ DynamicalSystemsBase.jl update message ~~~

We have changed the fundamental way users define
equations of motion and Jacobians
for all subtypes of `DynamicalSystem`!
In short, parameters are now directly passed
into the equations of motion function, e.g.
`f(du, u, p, t)`. These updates are in-line
with DifferentialEquations v4.0 release.

Notice that the same changes happened for
discrete systems as well. For example, the
e.o.m. for `DiscreteDS` are now expected
in the form `eom(x, p)`.

Please see the documentation strings of the system types you are using!

Also, be sure to visit the updated documentation here:
https://juliadynamics.github.io/DynamicalSystems.jl/latest/

INFO: Package database updated
INFO: METADATA is out-of-date — you may not have the latest version of DynamicalSystemsBase
INFO: Use `Pkg.update()` to get the latest versions of your packages

>>> 'Pkg.test("DynamicalSystemsBase")' log
Julia Version 0.6.2
Commit d386e40c17 (2017-12-13 18:08 UTC)
Platform Info:
  OS: Linux (x86_64-pc-linux-gnu)
  CPU: Intel(R) Xeon(R) CPU E3-1241 v3 @ 3.50GHz
  WORD_SIZE: 64
           Ubuntu 14.04.5 LTS
  uname: Linux 3.13.0-135-generic #184-Ubuntu SMP Wed Oct 18 11:55:51 UTC 2017 x86_64 x86_64
Memory: 2.93927001953125 GB (805.02734375 MB free)
Uptime: 72408.0 sec
Load Avg:  0.99658203125  0.9853515625  0.970703125
Intel(R) Xeon(R) CPU E3-1241 v3 @ 3.50GHz: 
       speed         user         nice          sys         idle          irq
#1  3501 MHz    4573264 s       6971 s     205046 s    1457283 s         64 s
#2  3501 MHz    1398095 s       1177 s     130432 s    5572019 s          1 s

  BLAS: libopenblas (USE64BITINT DYNAMIC_ARCH NO_AFFINITY Nehalem)
  LAPACK: libopenblas64_
  LIBM: libopenlibm
  LLVM: libLLVM-3.9.1 (ORCJIT, haswell)
Environment:
  TERM = vt100
  LD_LIBRARY_PATH = :/usr/local/lib/
  PATH = /usr/local/sbin:/usr/local/bin:/usr/sbin:/usr/bin:/sbin:/bin:/usr/games:/usr/local/games:/home/vagrant/julia/bin/
  JAVA_HOME = /usr/lib/jvm/java-8-openjdk-amd64
  HOME = /home/vagrant

Package Directory: /home/vagrant/.julia/v0.6
2 required packages:
 - DynamicalSystemsBase          0.5.1
 - JSON                          0.16.4
44 additional packages:
 - BinDeps                       0.8.6
 - CommonSubexpressions          0.0.1
 - Compat                        0.52.0
 - DataStructures                0.7.4
 - DiffBase                      0.3.2
 - DiffEqBase                    3.3.0
 - DiffEqCallbacks               1.0.0
 - DiffEqDiffTools               0.3.0
 - DiffResults                   0.0.3
 - DiffRules                     0.0.3
 - Distances                     0.5.0
 - ForwardDiff                   0.7.3
 - FunctionWrappers              0.1.0
 - GenericSVD                    0.1.0
 - IterTools                     0.2.1
 - IteratorInterfaceExtensions   0.0.2
 - Juno                          0.4.0
 - LineSearches                  3.2.5
 - LinearMaps                    1.0.4
 - MacroTools                    0.4.0
 - Media                         0.3.0
 - Missings                      0.2.6
 - MuladdMacro                   0.0.2
 - NLSolversBase                 4.2.1
 - NLsolve                       1.0.0
 - NaNMath                       0.3.1
 - NamedTuples                   4.0.0
 - NearestNeighbors              0.3.0
 - Nullables                     0.0.3
 - OrdinaryDiffEq                3.1.0
 - Parameters                    0.8.1
 - RecipesBase                   0.2.3
 - RecursiveArrayTools           0.14.6
 - Reexport                      0.1.0
 - Requires                      0.4.3
 - Roots                         0.5.0
 - SHA                           0.5.6
 - SimpleTraits                  0.5.1
 - SortingAlgorithms             0.2.0
 - SpecialFunctions              0.3.8
 - StaticArrays                  0.6.6
 - StatsBase                     0.19.5
 - TableTraits                   0.1.0
 - URIParser                     0.3.0
INFO: Testing DynamicalSystemsBase

Testing custom QR-decomposition...
Test Summary:    | Pass  Total
QR-decomposition |   44     44

Testing discrete system evolution...
Test Summary: | Pass  Total
Logistic Map  |    8      8
Test Summary:    | Pass  Total
DiscreteDS towel |   11     11
Test Summary:    | Pass  Total
DiscreteDS henon |   11     11
Test Summary:         | Pass  Total
Coupled standard maps |    4      4

Testing continuous systems...
Test Summary:           | Pass  Total
ODEProblem conservation |    4      4
Test Summary: | Pass  Total
Lorenz System |   14     14
Test Summary: | Pass  Total
Lorenz96      |    7      7
Test Summary:     | Pass  Total
Gissinger Columns |    3      3

Testing Dataset (file at /home/vagrant)...
Test Summary: | Pass  Total
Dataset       |   24     24

Testing Reconstruction
Test Summary:  | Pass  Total
Reconstruction |    8      8

Test took total time of:
393.778 seconds or 6.563 minutes
INFO: DynamicalSystemsBase tests passed

>>> End of log
