>>> 'Pkg.add("EAGOIntervalArithmetic")' log
WARNING: Base.Pkg is deprecated, run `using Pkg` instead
 in module Main
[ Info: Cloning cache of EAGOIntervalArithmetic from https://github.com/MatthewStuber/EAGOIntervalArithmetic.jl.git
[ Info: Installing AdjacentFloats v0.0.6
[ Info: Installing CRlibm v0.5.0
[ Info: Installing EAGOIntervalArithmetic v0.0.4
[ Info: Installing ErrorfreeArithmetic v0.0.3
[ Info: Installing FastRounding v0.0.5
[ Info: Installing IntervalArithmetic v0.12.0
[ Info: Installing RecipesBase v0.2.3
[ Info: Installing StaticArrays v0.7.0
[ Info: Building CRlibm
┌ Warning: `is_windows` is deprecated, use `Sys.iswindows` instead.
│   caller = top-level scope
└ @ Core :0
Working in /home/vagrant/.julia/v0.7/CRlibm/deps/src/crlibm-1.0beta4
┌ Warning: `is_apple` is deprecated, use `Sys.isapple` instead.
│   caller = top-level scope
└ @ Core :0
Working in /home/vagrant/.julia/v0.7/CRlibm/deps/src/crlibm-1.0beta4
Making all in scs_lib
Making all in .
Making all in tests
[ Info: Package database updated
┌ Info: METADATA is out-of-date — you may not have the latest version of EAGOIntervalArithmetic
└ Use `Pkg.update()` to get the latest versions of your packages

>>> 'Pkg.test("EAGOIntervalArithmetic")' log
WARNING: Base.versioninfo is deprecated: it has been moved to the standard library package `InteractiveUtils`.
Add `using InteractiveUtils` to your imports.
 in module Main
WARNING: Base.versioninfo is deprecated: it has been moved to the standard library package `InteractiveUtils`.
Add `using InteractiveUtils` to your imports.
 in module Main
Julia Version 0.7.0-DEV.4880
Commit 2eb9048f7b (2018-04-13 19:14 UTC)
Platform Info:
  OS: Linux (x86_64-pc-linux-gnu)
      Ubuntu 14.04.5 LTS
  uname: Linux 3.13.0-143-generic #192-Ubuntu SMP Tue Feb 27 10:45:36 UTC 2018 x86_64 x86_64
  CPU: Intel(R) Xeon(R) CPU E3-1241 v3 @ 3.50GHz: 
              speed         user         nice          sys         idle          irq
       #1  3507 MHz    4411032 s       4967 s     318898 s    1476983 s         53 s
       #2  3507 MHz    1075962 s       2863 s     128294 s    5905458 s          1 s
       
  Memory: 2.939197540283203 GB (1015.2421875 MB free)
  Uptime: 72697.0 sec
  Load Avg:  0.87744140625  0.95703125  0.95458984375
  WORD_SIZE: 64
  LIBM: libopenlibm
  LLVM: libLLVM-3.9.1 (ORCJIT, haswell)
Environment:
  TERM = vt100
  LD_LIBRARY_PATH = :/usr/local/lib/
  PATH = /usr/local/sbin:/usr/local/bin:/usr/sbin:/usr/bin:/sbin:/bin:/usr/games:/usr/local/games:/home/vagrant/julia/bin/
  JAVA_HOME = /usr/lib/jvm/java-8-openjdk-amd64
  HOME = /home/vagrant
Packages:
  Package Directory: /home/vagrant/.julia/v0.7
  Package Status:
2 required packages:
 - EAGOIntervalArithmetic        0.0.4
 - JSON                          0.17.2
9 additional packages:
 - AdjacentFloats                0.0.6
 - CRlibm                        0.5.0
 - Compat                        0.63.0
 - ErrorfreeArithmetic           0.0.3
 - FastRounding                  0.0.5
 - IntervalArithmetic            0.12.0
 - Nullables                     0.0.5
 - RecipesBase                   0.2.3
 - StaticArrays                  0.7.0
WARNING: Base.Pkg is deprecated, run `using Pkg` instead
 in module Main
[ Info: Testing EAGOIntervalArithmetic
Testing Arithmetic...
done (took 1.173025929 seconds).
[ Info: EAGOIntervalArithmetic tests passed

>>> End of log
