>>> 'Pkg.add("EarCut")' log
INFO: Cloning cache of EarCut from https://github.com/JuliaGeometry/EarCut.jl.git
INFO: Installing ColorTypes v0.6.7
INFO: Installing EarCut v1.0.0
INFO: Installing FixedPointNumbers v0.4.6
INFO: Installing GeometryTypes v0.4.4
INFO: Installing IterTools v0.2.1
INFO: Installing StaticArrays v0.7.0
INFO: Building EarCut
INFO: Compiled EarCut successfully!
INFO: Package database updated

>>> 'Pkg.test("EarCut")' log
Julia Version 0.6.2
Commit d386e40c17 (2017-12-13 18:08 UTC)
Platform Info:
  OS: Linux (x86_64-pc-linux-gnu)
  CPU: Intel(R) Xeon(R) CPU E3-1241 v3 @ 3.50GHz
  WORD_SIZE: 64
           Ubuntu 14.04.5 LTS
  uname: Linux 3.13.0-143-generic #192-Ubuntu SMP Tue Feb 27 10:45:36 UTC 2018 x86_64 x86_64
Memory: 2.939197540283203 GB (827.078125 MB free)
Uptime: 87779.0 sec
Load Avg:  1.021484375  0.9853515625  0.99853515625
Intel(R) Xeon(R) CPU E3-1241 v3 @ 3.50GHz: 
       speed         user         nice          sys         idle          irq
#1  3500 MHz    5388111 s       7075 s     369386 s    1841667 s         82 s
#2  3500 MHz    1618505 s        934 s     192742 s    6782282 s          3 s

  BLAS: libopenblas (USE64BITINT DYNAMIC_ARCH NO_AFFINITY Nehalem)
  LAPACK: libopenblas64_
  LIBM: libopenlibm
  LLVM: libLLVM-3.9.1 (ORCJIT, haswell)
Environment:
  TERM = vt100
  LD_LIBRARY_PATH = :/usr/local/lib/
  PATH = /usr/local/sbin:/usr/local/bin:/usr/sbin:/usr/bin:/sbin:/bin:/usr/games:/usr/local/games:/home/vagrant/julia/bin/
  JAVA_HOME = /usr/lib/jvm/java-8-openjdk-amd64
  HOME = /home/vagrant

Package Directory: /home/vagrant/.julia/v0.6
2 required packages:
 - EarCut                        1.0.0
 - JSON                          0.17.2
7 additional packages:
 - ColorTypes                    0.6.7
 - Compat                        0.64.0
 - FixedPointNumbers             0.4.6
 - GeometryTypes                 0.4.4
 - IterTools                     0.2.1
 - Nullables                     0.0.5
 - StaticArrays                  0.7.0
INFO: Testing EarCut
Test Summary:                             | Pass  Total
Testing polygon with element type Float32 |    3      3
Test Summary:                             | Pass  Total
Testing polygon with element type Float64 |    3      3
Test Summary:                           | Pass  Total
Testing polygon with element type Int32 |    3      3
Test Summary:                           | Pass  Total
Testing polygon with element type Int64 |    3      3
INFO: EarCut tests passed

>>> End of log
