>>> 'Pkg.add("EasyPkg")' log
INFO: Installing BaseTestNext v0.2.1
INFO: Installing EasyPkg v0.1.0
INFO: Package database updated

>>> 'Pkg.test("EasyPkg")' log
Julia Version 0.5.0-rc0+115
Commit 643bac8 (2016-08-01 21:42 UTC)
Platform Info:
  System: Linux (x86_64-unknown-linux-gnu)
  CPU: Intel(R) Xeon(R) CPU E3-1241 v3 @ 3.50GHz
  WORD_SIZE: 64
           Ubuntu 14.04.5 LTS
  uname: Linux 3.13.0-92-generic #139-Ubuntu SMP Tue Jun 28 20:42:26 UTC 2016 x86_64 x86_64
Memory: 2.4471054077148438 GB (1022.796875 MB free)
Uptime: 17640.0 sec
Load Avg:  0.939453125  1.001953125  1.03759765625
Intel(R) Xeon(R) CPU E3-1241 v3 @ 3.50GHz: 
       speed         user         nice          sys         idle          irq
#1  3499 MHz     818451 s        101 s     105077 s     626779 s         30 s
#2  3499 MHz     399262 s       5773 s      51461 s    1224436 s          0 s

  BLAS: libopenblas (USE64BITINT DYNAMIC_ARCH NO_AFFINITY Nehalem)
  LAPACK: libopenblas64_
  LIBM: libopenlibm
  LLVM: libLLVM-3.7.1 (ORCJIT, haswell)
Environment:
  TERM = vt100
  LD_LIBRARY_PATH = :/usr/local/lib/
  PATH = /usr/local/sbin:/usr/local/bin:/usr/sbin:/usr/bin:/sbin:/bin:/usr/games:/usr/local/games:/home/vagrant/julia/bin/
  JAVA_HOME = /usr/lib/jvm/java-7-oracle
  HOME = /home/vagrant

Package Directory: /home/vagrant/.julia/v0.5
2 required packages:
 - EasyPkg                       0.1.0
 - JSON                          0.6.0
2 additional packages:
 - BaseTestNext                  0.2.1
 - Compat                        0.8.6
INFO: Testing EasyPkg
INFO: Ok, some tests were expected to fail
ERROR: LoadError: LoadError: MethodError: no method matching Base.Test.TestSetException(::Int64, ::Int64, ::Int64)
Closest candidates are:
  Base.Test.TestSetException(::Int64, ::Int64, ::Int64, !Matched::Int64) at test.jl:367
  Base.Test.TestSetException(::Any, ::Any, ::Any, !Matched::Any) at test.jl:367
  Base.Test.TestSetException{T}(::Any) at sysimg.jl:53
 in run_all_tests(::String) at /home/vagrant/.julia/v0.5/EasyPkg/src/testing/exec/run_all_tests.jl:61
 in run_all_tests() at /home/vagrant/.julia/v0.5/EasyPkg/src/testing/exec/run_all_tests.jl:58
 in include_from_node1(::String) at ./loading.jl:426 (repeats 2 times)
 in process_options(::Base.JLOptions) at ./client.jl:262
 in _start() at ./client.jl:318
while loading /home/vagrant/.julia/v0.5/EasyPkg/test/should_pass/runtests.jl, in expression starting on line 5
while loading /home/vagrant/.julia/v0.5/EasyPkg/test/runtests.jl, in expression starting on line 12
===============================[ ERROR: EasyPkg ]===============================

failed process: Process(`/home/vagrant/julia/bin/julia -Cx86-64 -J/home/vagrant/julia/lib/julia/sys.so --compile=yes --depwarn=yes --check-bounds=yes --code-coverage=none --color=no --compilecache=yes /home/vagrant/.julia/v0.5/EasyPkg/test/runtests.jl`, ProcessExited(1)) [1]

================================================================================
ERROR: EasyPkg had test errors
 in #test#61(::Bool, ::Function, ::Array{AbstractString,1}) at ./pkg/entry.jl:740
 in (::Base.Pkg.Entry.#kw##test)(::Array{Any,1}, ::Base.Pkg.Entry.#test, ::Array{AbstractString,1}) at ./<missing>:0
 in (::Base.Pkg.Dir.##2#3{Array{Any,1},Base.Pkg.Entry.#test,Tuple{Array{AbstractString,1}}})() at ./pkg/dir.jl:31
 in cd(::Base.Pkg.Dir.##2#3{Array{Any,1},Base.Pkg.Entry.#test,Tuple{Array{AbstractString,1}}}, ::String) at ./file.jl:59
 in #cd#1(::Array{Any,1}, ::Function, ::Function, ::Array{AbstractString,1}, ::Vararg{Array{AbstractString,1},N}) at ./pkg/dir.jl:31
 in (::Base.Pkg.Dir.#kw##cd)(::Array{Any,1}, ::Base.Pkg.Dir.#cd, ::Function, ::Array{AbstractString,1}, ::Vararg{Array{AbstractString,1},N}) at ./<missing>:0
 in #test#3(::Bool, ::Function, ::String, ::Vararg{String,N}) at ./pkg/pkg.jl:258
 in test(::String, ::Vararg{String,N}) at ./pkg/pkg.jl:258
 in eval(::Module, ::Any) at ./boot.jl:234
 in process_options(::Base.JLOptions) at ./client.jl:239
 in _start() at ./client.jl:318

>>> End of log
