>>> 'Pkg.add("EconDatasets")' log
INFO: Cloning cache of EconDatasets from https://github.com/JuliaFinMetriX/EconDatasets.jl.git
INFO: Cloning cache of TimeData from https://github.com/JuliaFinMetriX/TimeData.jl.git
INFO: Cloning cache of TimeSeries from https://github.com/JuliaStats/TimeSeries.jl.git
INFO: Installing BinDeps v0.4.0
INFO: Installing DataArrays v0.3.6
INFO: Installing DataFrames v0.7.6
INFO: Installing Dates v0.4.4
INFO: Installing Docile v0.5.23
INFO: Installing EconDatasets v0.0.2
INFO: Installing GZip v0.2.19
INFO: Installing Gumbo v0.2.0
INFO: Installing Rmath v0.1.2
INFO: Installing SHA v0.1.2
INFO: Installing SortingAlgorithms v0.0.6
INFO: Installing StatsBase v0.9.0
INFO: Installing StatsFuns v0.3.0
INFO: Installing TimeData v0.7.0
INFO: Installing TimeSeries v0.5.10
INFO: Installing URIParser v0.1.5
INFO: Building Rmath
WARNING: Base.OS_NAME is deprecated.
  likely near /home/vagrant/.julia/v0.5/Rmath/deps/build.jl:38
WARNING: Base.OS_NAME is deprecated.
  likely near /home/vagrant/.julia/v0.5/Rmath/deps/build.jl:38
WARNING: Base.OS_NAME is deprecated.
  likely near /home/vagrant/.julia/v0.5/Rmath/deps/build.jl:38
WARNING: Base.OS_NAME is deprecated.
  likely near /home/vagrant/.julia/v0.5/Rmath/deps/build.jl:38
WARNING: Base.OS_NAME is deprecated.
  likely near /home/vagrant/.julia/v0.5/Rmath/deps/build.jl:38
WARNING: Base.OS_NAME is deprecated.
  likely near /home/vagrant/.julia/v0.5/Rmath/deps/build.jl:38
WARNING: Base.OS_NAME is deprecated.
  likely near /home/vagrant/.julia/v0.5/Rmath/deps/build.jl:38
WARNING: Base.OS_NAME is deprecated.
  likely near /home/vagrant/.julia/v0.5/Rmath/deps/build.jl:38
WARNING: Base.OS_NAME is deprecated.
  likely near /home/vagrant/.julia/v0.5/Rmath/deps/build.jl:38
in applicable at /home/vagrant/.julia/v0.5/BinDeps/src/dependencies.jl
WARNING: Base.OS_NAME is deprecated.
  likely near /home/vagrant/.julia/v0.5/Rmath/deps/build.jl:38
WARNING: Base.OS_NAME is deprecated.
  likely near /home/vagrant/.julia/v0.5/Rmath/deps/build.jl:38
WARNING: Base.OS_NAME is deprecated.
  likely near /home/vagrant/.julia/v0.5/Rmath/deps/build.jl:38
WARNING: Base.OS_NAME is deprecated.
  likely near /home/vagrant/.julia/v0.5/Rmath/deps/build.jl:38
WARNING: Base.OS_NAME is deprecated.
  likely near /home/vagrant/.julia/v0.5/Rmath/deps/build.jl:38
in can_provide at /home/vagrant/.julia/v0.5/BinDeps/src/dependencies.jl
WARNING: Base.OS_NAME is deprecated.
  likely near /home/vagrant/.julia/v0.5/Rmath/deps/build.jl:38
WARNING: Base.OS_NAME is deprecated.
  likely near /home/vagrant/.julia/v0.5/Rmath/deps/build.jl:38
WARNING: Base.OS_NAME is deprecated.
  likely near /home/vagrant/.julia/v0.5/Rmath/deps/build.jl:38
WARNING: Base.OS_NAME is deprecated.
  likely near /home/vagrant/.julia/v0.5/Rmath/deps/build.jl:38
WARNING: Base.OS_NAME is deprecated.
  likely near /home/vagrant/.julia/v0.5/Rmath/deps/build.jl:38
in can_provide at /home/vagrant/.julia/v0.5/BinDeps/src/dependencies.jl
INFO: Building Gumbo
WARNING: Base.WORD_SIZE is deprecated.
  likely near /home/vagrant/.julia/v0.5/Gumbo/deps/build.jl:12
WARNING: Incorrect mapping in BinDeps.@install call. No dependencies will be cached.
WARNING: Base.OS_NAME is deprecated.
  likely near /home/vagrant/.julia/v0.5/Gumbo/deps/build.jl:19
WARNING: Base.OS_NAME is deprecated.
  likely near /home/vagrant/.julia/v0.5/Gumbo/deps/build.jl:19
WARNING: Base.OS_NAME is deprecated.
  likely near /home/vagrant/.julia/v0.5/Gumbo/deps/build.jl:19
WARNING: Base.OS_NAME is deprecated.
  likely near /home/vagrant/.julia/v0.5/Gumbo/deps/build.jl:19
WARNING: Base.OS_NAME is deprecated.
  likely near /home/vagrant/.julia/v0.5/Gumbo/deps/build.jl:19
in can_provide at /home/vagrant/.julia/v0.5/BinDeps/src/dependencies.jl
================================[ ERROR: Gumbo ]================================

LoadError: MethodError: no method matching keys(::Array{Pair{Symbol,Symbol},1})
Closest candidates are:
  keys(!Matched::Associative{K,V}) at dict.jl:118
while loading /home/vagrant/.julia/v0.5/Gumbo/deps/build.jl, in expression starting on line 19

================================================================================

================================[ BUILD ERRORS ]================================

WARNING: Gumbo had build errors.

 - packages with build errors remain installed in /home/vagrant/.julia/v0.5
 - build the package(s) and all dependencies with `Pkg.build("Gumbo")`
 - build a single package by running its `deps/build.jl` script

================================================================================
INFO: Package database updated
INFO: METADATA is out-of-date — you may not have the latest version of EconDatasets
INFO: Use `Pkg.update()` to get the latest versions of your packages
INFO: Nothing to be done
INFO: METADATA is out-of-date — you may not have the latest version of EconDatasets
INFO: Use `Pkg.update()` to get the latest versions of your packages

>>> 'Pkg.test("EconDatasets")' log
Julia Version 0.5.0-pre+5688
Commit da9c28e (2016-07-25 21:05 UTC)
Platform Info:
  System: Linux (x86_64-unknown-linux-gnu)
  CPU: Intel(R) Xeon(R) CPU E3-1241 v3 @ 3.50GHz
  WORD_SIZE: 64
           Ubuntu 14.04.4 LTS
  uname: Linux 3.13.0-92-generic #139-Ubuntu SMP Tue Jun 28 20:42:26 UTC 2016 x86_64 x86_64
Memory: 2.4471054077148438 GB (1079.55859375 MB free)
Uptime: 17863.0 sec
Load Avg:  1.0234375  1.05126953125  1.0546875
Intel(R) Xeon(R) CPU E3-1241 v3 @ 3.50GHz: 
       speed         user         nice          sys         idle          irq
#1  3499 MHz     840225 s       2814 s      98714 s     613156 s         41 s
#2  3499 MHz     342914 s        949 s      53483 s    1301437 s          0 s

  BLAS: libopenblas (USE64BITINT DYNAMIC_ARCH NO_AFFINITY Nehalem)
  LAPACK: libopenblas64_
  LIBM: libopenlibm
  LLVM: libLLVM-3.7.1 (ORCJIT, haswell)
Environment:
  TERM = vt100
  LD_LIBRARY_PATH = :/usr/local/lib/
  PATH = /usr/local/sbin:/usr/local/bin:/usr/sbin:/usr/bin:/sbin:/bin:/usr/games:/usr/local/games:/home/vagrant/julia/bin/
  JAVA_HOME = /usr/lib/jvm/java-7-oracle
  HOME = /home/vagrant

Package Directory: /home/vagrant/.julia/v0.5
2 required packages:
 - EconDatasets                  0.0.2
 - JSON                          0.6.0
27 additional packages:
 - BinDeps                       0.4.0
 - ColorTypes                    0.2.5
 - ColorVectorSpace              0.1.5
 - Colors                        0.6.6
 - Compat                        0.8.6
 - DataArrays                    0.3.6
 - DataFrames                    0.7.6
 - Dates                         0.4.4
 - Docile                        0.5.23
 - FileIO                        0.1.0
 - FixedPointNumbers             0.1.4
 - GZip                          0.2.19
 - Graphics                      0.1.3
 - Gumbo                         0.2.0
 - Images                        0.5.5              8840a952 (dirty)
 - Reexport                      0.0.3
 - Rmath                         0.1.2
 - SHA                           0.1.2
 - SIUnits                       0.0.6
 - SortingAlgorithms             0.0.6
 - StatsBase                     0.9.0
 - StatsFuns                     0.3.0
 - TexExtensions                 0.0.3
 - TimeData                      0.7.0
 - TimeSeries                    0.5.10
 - URIParser                     0.1.5
 - Zlib                          0.1.12
INFO: Testing EconDatasets
INFO: Recompiling stale cache file /home/vagrant/.julia/lib/v0.5/Rmath.ji for module Rmath.
INFO: Recompiling stale cache file /home/vagrant/.julia/lib/v0.5/DataFrames.ji for module DataFrames.
INFO: Recompiling stale cache file /home/vagrant/.julia/lib/v0.5/StatsFuns.ji for module StatsFuns.
INFO: Recompiling stale cache file /home/vagrant/.julia/lib/v0.5/StatsBase.ji for module StatsBase.
INFO: Recompiling stale cache file /home/vagrant/.julia/lib/v0.5/DataArrays.ji for module DataArrays.
WARNING: requiring "Dates" in module "Main" did not define a corresponding module.
WARNING: requiring "Dates" in module "Main" did not define a corresponding module.
WARNING: requiring "Dates" in module "TimeData" did not define a corresponding module.
ERROR: LoadError: LoadError: LoadError: LoadError: LoadError: MethodError: no method matching Union(::Type{Array{Date,1}}, ::Type{Array{DateTime,1}})
Closest candidates are:
  Union{T}(::Any) at sysimg.jl:53
 in include_from_node1(::String) at ./loading.jl:426 (repeats 2 times)
 in eval(::Module, ::Any) at ./boot.jl:234
 in require(::Symbol) at ./loading.jl:357
 in include_from_node1(::String) at ./loading.jl:426
 in eval(::Module, ::Any) at ./boot.jl:234
 in require(::Symbol) at ./loading.jl:357
 in include_from_node1(::String) at ./loading.jl:426
 in eval(::Module, ::Any) at ./boot.jl:234
 in require(::Symbol) at ./loading.jl:357
 in include_from_node1(::String) at ./loading.jl:426
 in process_options(::Base.JLOptions) at ./client.jl:262
 in _start() at ./client.jl:318
while loading /home/vagrant/.julia/v0.5/TimeSeries/src/timearray.jl, in expression starting on line 7
while loading /home/vagrant/.julia/v0.5/TimeSeries/src/TimeSeries.jl, in expression starting on line 27
while loading /home/vagrant/.julia/v0.5/TimeData/src/TimeData.jl, in expression starting on line 14
while loading /home/vagrant/.julia/v0.5/EconDatasets/src/EconDatasets.jl, in expression starting on line 4
while loading /home/vagrant/.julia/v0.5/EconDatasets/test/runtests.jl, in expression starting on line 3
============================[ ERROR: EconDatasets ]=============================

failed process: Process(`/home/vagrant/julia/bin/julia -Cx86-64 -J/home/vagrant/julia/lib/julia/sys.so --compile=yes --depwarn=yes --check-bounds=yes --code-coverage=none --color=no --compilecache=yes /home/vagrant/.julia/v0.5/EconDatasets/test/runtests.jl`, ProcessExited(1)) [1]

================================================================================
ERROR: EconDatasets had test errors
 in #test#61(::Bool, ::Function, ::Array{AbstractString,1}) at ./pkg/entry.jl:740
 in (::Base.Pkg.Entry.#kw##test)(::Array{Any,1}, ::Base.Pkg.Entry.#test, ::Array{AbstractString,1}) at ./<missing>:0
 in (::Base.Pkg.Dir.##2#3{Array{Any,1},Base.Pkg.Entry.#test,Tuple{Array{AbstractString,1}}})() at ./pkg/dir.jl:31
 in cd(::Base.Pkg.Dir.##2#3{Array{Any,1},Base.Pkg.Entry.#test,Tuple{Array{AbstractString,1}}}, ::String) at ./file.jl:59
 in #cd#1(::Array{Any,1}, ::Function, ::Function, ::Array{AbstractString,1}, ::Vararg{Array{AbstractString,1},N}) at ./pkg/dir.jl:31
 in (::Base.Pkg.Dir.#kw##cd)(::Array{Any,1}, ::Base.Pkg.Dir.#cd, ::Function, ::Array{AbstractString,1}, ::Vararg{Array{AbstractString,1},N}) at ./<missing>:0
 in #test#3(::Bool, ::Function, ::String, ::Vararg{String,N}) at ./pkg/pkg.jl:258
 in test(::String, ::Vararg{String,N}) at ./pkg/pkg.jl:258
 in eval(::Module, ::Any) at ./boot.jl:234
 in process_options(::Base.JLOptions) at ./client.jl:239
 in _start() at ./client.jl:318

>>> End of log
