>>> 'Pkg.add("EconModels")' log
INFO: Cloning cache of EconModels from git://github.com/emoszkowski/EconModels.jl.git
INFO: Installing DataArrays v0.3.12
INFO: Installing DataFrames v0.8.5
INFO: Installing DataStructures v0.5.3
INFO: Installing EconModels v0.0.1
INFO: Installing FileIO v0.2.2
INFO: Installing GZip v0.2.20
INFO: Installing Hiccup v0.0.3
INFO: Installing Juno v0.2.7
INFO: Installing Lazy v0.11.7
INFO: Installing MacroTools v0.3.6
INFO: Installing Media v0.2.7
INFO: Installing Reexport v0.0.3
INFO: Installing SortingAlgorithms v0.1.1
INFO: Installing StatsBase v0.12.0
INFO: Package database updated

>>> 'Pkg.test("EconModels")' log
Julia Version 0.4.7
Commit ae26b25 (2016-09-18 16:17 UTC)
Platform Info:
  System: Linux (x86_64-pc-linux-gnu)
  CPU: Intel(R) Xeon(R) CPU E3-1241 v3 @ 3.50GHz
  WORD_SIZE: 64
           Ubuntu 14.04.5 LTS
  uname: Linux 3.13.0-119-generic #166-Ubuntu SMP Wed May 3 12:18:55 UTC 2017 x86_64 x86_64
Memory: 2.9392738342285156 GB (813.07421875 MB free)
Uptime: 26427.0 sec
Load Avg:  1.1923828125  1.00634765625  0.998046875
Intel(R) Xeon(R) CPU E3-1241 v3 @ 3.50GHz: 
       speed         user         nice          sys         idle          irq
#1  3500 MHz    1189589 s       2936 s     102273 s    1089063 s         62 s
#2  3500 MHz     926119 s       3749 s      86435 s    1535365 s          3 s

  BLAS: libopenblas (USE64BITINT DYNAMIC_ARCH NO_AFFINITY Nehalem)
  LAPACK: libopenblas64_
  LIBM: libopenlibm
  LLVM: libLLVM-3.3
Environment:
  TERM = vt100
  LD_LIBRARY_PATH = :/usr/local/lib/
  PATH = /usr/local/sbin:/usr/local/bin:/usr/sbin:/usr/bin:/sbin:/bin:/usr/games:/usr/local/games:/home/vagrant/julia/bin/
  JAVA_HOME = /usr/lib/jvm/java-7-oracle
  HOME = /home/vagrant

Package Directory: /home/vagrant/.julia/v0.4
2 required packages:
 - EconModels                    0.0.1
 - JSON                          0.9.1
14 additional packages:
 - Compat                        0.25.2
 - DataArrays                    0.3.12
 - DataFrames                    0.8.5
 - DataStructures                0.5.3
 - FileIO                        0.2.2
 - GZip                          0.2.20
 - Hiccup                        0.0.3
 - Juno                          0.2.7
 - Lazy                          0.11.7
 - MacroTools                    0.3.6
 - Media                         0.2.7
 - Reexport                      0.0.3
 - SortingAlgorithms             0.1.1
 - StatsBase                     0.12.0
INFO: Testing EconModels
INFO: EconModels tests passed

>>> End of log
