>>> 'Pkg.add("Electron")' log
WARNING: Base.Pkg is deprecated, run `using Pkg` instead
 in module Main
[ Info: Cloning cache of Electron from https://github.com/davidanthoff/Electron.jl.git
[ Info: Installing BinDeps v0.8.6
[ Info: Installing Electron v0.0.1
[ Info: Installing SHA v0.5.6
[ Info: Installing URIParser v0.3.0
[ Info: Building Electron
┌ Warning: `is_apple` is deprecated, use `Sys.isapple` instead.
│   caller = top-level scope
└ @ Core :0
  % Total    % Received % Xferd  Average Speed   Time    Time     Time  Current
                                 Dload  Upload   Total   Spent    Left  Speed
  0     0    0     0    0     0      0      0 --:--:-- --:--:-- --:--:--     0100  386k  100  386k    0     0  1256k      0 --:--:-- --:--:-- --:--:-- 1260k
┌ Warning: `is_apple` is deprecated, use `Sys.isapple` instead.
│   caller = (::getfield(Main.__anon__, Symbol("##1#2")))() at build.jl:14
└ @ Main.__anon__ build.jl:14
┌ Warning: `is_windows` is deprecated, use `Sys.iswindows` instead.
│   caller = (::getfield(Main.__anon__, Symbol("##1#2")))() at build.jl:26
└ @ Main.__anon__ build.jl:26
┌ Warning: `is_linux` is deprecated, use `Sys.islinux` instead.
│   caller = (::getfield(Main.__anon__, Symbol("##1#2")))() at build.jl:34
└ @ Main.__anon__ build.jl:34
  % Total    % Received % Xferd  Average Speed   Time    Time     Time  Current
                                 Dload  Upload   Total   Spent    Left  Speed
  0     0    0     0    0     0      0      0 --:--:-- --:--:-- --:--:--     0100   618    0   618    0     0   2067      0 --:--:-- --:--:-- --:--:--  2073
  4 48.6M    4 2192k    0     0  3445k      0  0:00:14 --:--:--  0:00:14 3445k 33 48.6M   33 16.3M    0     0  10.0M      0  0:00:04  0:00:01  0:00:03 14.2M 57 48.6M   57 28.0M    0     0  10.6M      0  0:00:04  0:00:02  0:00:02 12.9M 86 48.6M   86 42.3M    0     0  11.6M      0  0:00:04  0:00:03  0:00:01 13.3M100 48.6M  100 48.6M    0     0  11.9M      0  0:00:04  0:00:04 --:--:-- 13.5M
[ Info: Package database updated
┌ Info: METADATA is out-of-date — you may not have the latest version of Electron
└ Use `Pkg.update()` to get the latest versions of your packages

>>> 'Pkg.test("Electron")' log
WARNING: Base.versioninfo is deprecated: it has been moved to the standard library package `InteractiveUtils`.
Add `using InteractiveUtils` to your imports.
 in module Main
WARNING: Base.versioninfo is deprecated: it has been moved to the standard library package `InteractiveUtils`.
Add `using InteractiveUtils` to your imports.
 in module Main
Julia Version 0.7.0-DEV.3979
Commit a2e4f16a43 (2018-02-14 20:50 UTC)
Platform Info:
  OS: Linux (x86_64-pc-linux-gnu)
      Ubuntu 14.04.5 LTS
  uname: Linux 3.13.0-135-generic #184-Ubuntu SMP Wed Oct 18 11:55:51 UTC 2017 x86_64 x86_64
  CPU: Intel(R) Xeon(R) CPU E3-1241 v3 @ 3.50GHz: 
              speed         user         nice          sys         idle          irq
       #1  3499 MHz    5175406 s       2807 s     220757 s    1783473 s         84 s
       #2  3499 MHz    1491330 s       4980 s     102168 s    6612845 s          2 s
       
  Memory: 2.93927001953125 GB (819.09375 MB free)
  Uptime: 83750.0 sec
  Load Avg:  0.93798828125  0.98046875  0.95849609375
  WORD_SIZE: 64
  LIBM: libopenlibm
  LLVM: libLLVM-3.9.1 (ORCJIT, haswell)
Environment:
  TERM = vt100
  LD_LIBRARY_PATH = :/usr/local/lib/
  PATH = /usr/local/sbin:/usr/local/bin:/usr/sbin:/usr/bin:/sbin:/bin:/usr/games:/usr/local/games:/home/vagrant/julia/bin/
  JAVA_HOME = /usr/lib/jvm/java-8-openjdk-amd64
  HOME = /home/vagrant
Packages:
  Package Directory: /home/vagrant/.julia/v0.7
  Package Status:
2 required packages:
 - Electron                      0.0.1
 - JSON                          0.16.4
5 additional packages:
 - BinDeps                       0.8.6
 - Compat                        0.53.0
 - Nullables                     0.0.3
 - SHA                           0.5.6
 - URIParser                     0.3.0
WARNING: Base.Pkg is deprecated, run `using Pkg` instead
 in module Main
[ Info: Testing Electron
WARNING: importing deprecated binding Base.Nullable into Electron.
ERROR: LoadError: TypeError: in Type{...} expression, expected UnionAll, got typeof(Base.Nullable)
Stacktrace:
 [1] top-level scope
 [2] include at ./boot.jl:295 [inlined]
 [3] include_relative(::Module, ::String) at ./loading.jl:1067
 [4] include(::Module, ::String) at ./sysimg.jl:27
 [5] top-level scope
 [6] eval at ./boot.jl:298 [inlined]
 [7] top-level scope at ./<missing>:3
in expression starting at /home/vagrant/.julia/v0.7/Electron/src/Electron.jl:19
ERROR: LoadError: Failed to precompile Electron to /home/vagrant/.julia/lib/v0.7/Electron.ji.
Stacktrace:
 [1] error at ./error.jl:33 [inlined]
 [2] compilecache(::Base.PkgId) at ./loading.jl:1208
 [3] _require(::Base.PkgId) at ./loading.jl:1003
 [4] require(::Module, ::Symbol) at ./loading.jl:874
 [5] include at ./boot.jl:295 [inlined]
 [6] include_relative(::Module, ::String) at ./loading.jl:1067
 [7] include(::Module, ::String) at ./sysimg.jl:27
 [8] exec_options(::Base.JLOptions) at ./client.jl:332
 [9] _start() at ./client.jl:448
in expression starting at /home/vagrant/.julia/v0.7/Electron/test/runtests.jl:1
┌ Error: ------------------------------------------------------------
│ # Testing failed for Electron
│   exception =
│    failed process: Process(`/home/vagrant/julia/bin/julia -Cnative -J/home/vagrant/julia/lib/julia/sys.so --compile=yes --depwarn=yes --code-coverage=none --color=no --compiled-modules=yes --check-bounds=yes --warn-overwrite=yes --startup-file=yes /home/vagrant/.julia/v0.7/Electron/test/runtests.jl`, ProcessExited(1)) [1]
│    Stacktrace:
│     [1] error(::String, ::Base.Process, ::String, ::Int64, ::String) at ./error.jl:42
│     [2] pipeline_error(::Base.Process) at ./process.jl:693
│     [3] run(::Cmd) at ./process.jl:655
│     [4] (::getfield(Pkg.Entry, Symbol("##89#92")){Bool,String,Array{AbstractString,1}})() at /buildworker/worker/package_linux64/build/usr/share/julia/site/v0.7/Pkg/src/entry.jl:731
│     [5] cd(::getfield(Pkg.Entry, Symbol("##89#92")){Bool,String,Array{AbstractString,1}}, ::String) at ./file.jl:70
│     [6] #test!#88(::Bool, ::Function, ::String, ::Array{AbstractString,1}, ::Array{AbstractString,1}, ::Array{AbstractString,1}) at /buildworker/worker/package_linux64/build/usr/share/julia/site/v0.7/Pkg/src/entry.jl:719
│     [7] (::getfield(Pkg.Entry, Symbol("#kw##test!")))(::NamedTuple{(:coverage,),Tuple{Bool}}, ::typeof(Pkg.Entry.test!), ::String, ::Array{AbstractString,1}, ::Array{AbstractString,1}, ::Array{AbstractString,1}) at ./<missing>:0
│     [8] #test#96(::Bool, ::Function, ::Array{AbstractString,1}) at /buildworker/worker/package_linux64/build/usr/share/julia/site/v0.7/Pkg/src/entry.jl:758
│     [9] #test at ./<missing>:0 [inlined]
│     [10] #4 at /buildworker/worker/package_linux64/build/usr/share/julia/site/v0.7/Pkg/src/dir.jl:36 [inlined]
│     [11] cd(::getfield(Pkg.Dir, Symbol("##4#7")){Base.Iterators.Pairs{Symbol,Bool,Tuple{Symbol},NamedTuple{(:coverage,),Tuple{Bool}}},typeof(Pkg.Entry.test),Tuple{Array{AbstractString,1}}}, ::String) at ./file.jl:70
│     [12] #cd#1(::Base.Iterators.Pairs{Symbol,Bool,Tuple{Symbol},NamedTuple{(:coverage,),Tuple{Bool}}}, ::Function, ::Function, ::Array{AbstractString,1}, ::Vararg{Array{AbstractString,1},N} where N) at /buildworker/worker/package_linux64/build/usr/share/julia/site/v0.7/Pkg/src/dir.jl:36
│     [13] (::getfield(Pkg.Dir, Symbol("#kw##cd")))(::NamedTuple{(:coverage,),Tuple{Bool}}, ::typeof(Pkg.Dir.cd), ::Function, ::Array{AbstractString,1}, ::Vararg{Array{AbstractString,1},N} where N) at ./<missing>:0
│     [14] #test#3(::Bool, ::Function, ::String, ::Vararg{String,N} where N) at /buildworker/worker/package_linux64/build/usr/share/julia/site/v0.7/Pkg/src/Pkg.jl:275
│     [15] test(::String, ::Vararg{String,N} where N) at /buildworker/worker/package_linux64/build/usr/share/julia/site/v0.7/Pkg/src/Pkg.jl:275
│     [16] top-level scope
│     [17] eval at ./boot.jl:298 [inlined]
│     [18] eval(::Module, ::Expr) at ./sysimg.jl:72
│     [19] exec_options(::Base.JLOptions) at ./client.jl:309
│     [20] _start() at ./client.jl:448
└ @ Pkg.Entry entry.jl:734
ERROR: Electron had test errors

>>> End of log
