>>> 'Pkg.add("Elemental")' log
INFO: Cloning cache of Elemental from https://github.com/JuliaParallel/Elemental.jl.git
INFO: Installing DistributedArrays v0.3.0
INFO: Installing Elemental v0.1.2
INFO: Installing Primes v0.1.3
INFO: Building Elemental
CMake Warning at CMakeLists.txt:250 (message):
  Build mode not specified, defaulting to Release build.


CMake Error at cmake/detect/MPI.cmake:88 (message):
  Detected Open MPI version 1.6.5, but known bugs in version 1.6.5 of Open
  MPI have led Elemental to require at least version 1.8.1
Call Stack (most recent call first):
  CMakeLists.txt:326 (include)


==============================[ ERROR: Elemental ]==============================

LoadError: failed process: Process(`cmake -D CMAKE_INSTALL_PREFIX=/home/vagrant/.julia/v0.6/Elemental/deps/usr -D INSTALL_PYTHON_PACKAGE=OFF -D PYTHON_EXECUTABLE= -D PYTHON_SITE_PACKAGES= -D EL_USE_64BIT_INTS=ON -D EL_USE_64BIT_BLAS_INTS=ON -D MATH_LIBS=/home/vagrant/julia/bin/../lib/julia/libopenblas64_.so -D EL_BLAS_SUFFIX=_64_ -D EL_LAPACK_SUFFIX=_64_ -D CMAKE_INSTALL_RPATH=/home/vagrant/.julia/v0.6/Elemental/deps/usr/lib /home/vagrant/.julia/v0.6/Elemental/deps/src/Elemental`, ProcessExited(1)) [1]
while loading /home/vagrant/.julia/v0.6/Elemental/deps/build.jl, in expression starting on line 56

================================================================================

================================[ BUILD ERRORS ]================================

WARNING: Elemental had build errors.

 - packages with build errors remain installed in /home/vagrant/.julia/v0.6
 - build the package(s) and all dependencies with `Pkg.build("Elemental")`
 - build a single package by running its `deps/build.jl` script

================================================================================
INFO: Package database updated
INFO: METADATA is out-of-date — you may not have the latest version of Elemental
INFO: Use `Pkg.update()` to get the latest versions of your packages

>>> 'Pkg.test("Elemental")' log
Package was unable to be tested.

>>> End of log
