>>> 'Pkg.add("ELF")' log
INFO: Installing ELF v0.0.0
INFO: Installing StrPack v0.0.1
INFO: Package database updated
INFO: METADATA is out-of-date a you may not have the latest version of ELF
INFO: Use `Pkg.update()` to get the latest versions of your packages

>>> 'using ELF' log

WARNING: deprecated syntax "(Type=>Integer)[]" at /home/idunning/pkgtest/.julia/v0.4/StrPack/src/StrPack.jl:25.
Use "Dict{Type,Integer}()" instead.

WARNING: deprecated syntax "{a=>b, ...}" at /home/idunning/pkgtest/.julia/v0.4/StrPack/src/StrPack.jl:107.
Use "Dict{Any,Any}(a=>b, ...)" instead.

WARNING: deprecated syntax "[a=>b, ...]" at /home/idunning/pkgtest/.julia/v0.4/StrPack/src/StrPack.jl:300.
Use "Dict(a=>b, ...)" instead.

WARNING: deprecated syntax "[a=>b, ...]" at /home/idunning/pkgtest/.julia/v0.4/StrPack/src/StrPack.jl:405.
Use "Dict(a=>b, ...)" instead.
Julia Version 0.4.0-dev+998
Commit e24fac0 (2014-10-07 22:02 UTC)
Platform Info:
  System: Linux (x86_64-unknown-linux-gnu)
  CPU: Intel(R) Xeon(R) CPU E5-2650 0 @ 2.00GHz
  WORD_SIZE: 64
  BLAS: libopenblas (USE64BITINT DYNAMIC_ARCH NO_AFFINITY Sandybridge)
  LAPACK: libopenblas
  LIBM: libopenlibm
  LLVM: libLLVM-3.3

ERROR: `Dict{K,V}` has no method matching Dict{K,V}(::Array{Any,1}, ::Array{Array{Integer,1},1})
 in include at ./boot.jl:245
 in include_from_node1 at ./loading.jl:128
 in reload_path at ./loading.jl:152
 in _require at ./loading.jl:67
 in require at ./loading.jl:52
 in require_3B_3964 at /home/idunning/julia04/usr/bin/../lib/julia/sys.so
 in include at ./boot.jl:245
 in include_from_node1 at loading.jl:128
 in process_options at ./client.jl:293
 in _start at ./client.jl:362
 in _start_3B_3789 at /home/idunning/julia04/usr/bin/../lib/julia/sys.so
while loading /home/idunning/pkgtest/.julia/v0.4/ELF/src/ELF.jl, in expression starting on line 62
while loading /home/idunning/pkgtest/.julia/v0.4/ELF/testusing.jl, in expression starting on line 2

>>> test log
no tests to run
>>> end of log
