>>> 'Pkg.add("Elliptic")' log
[ Info: Cloning cache of Elliptic from https://github.com/nolta/Elliptic.jl.git @ Base.Pkg.Cache cache.jl:43
[ Info: Installing Elliptic v0.4.1 @ Base.Pkg.Entry entry.jl:543
[ Info: Package database updated @ Base.Pkg.Entry entry.jl:32
┌ Info: METADATA is out-of-date — you may not have the latest version of Elliptic
│ Use `Pkg.update()` to get the latest versions of your packages
└ @ Base.Pkg.Entry entry.jl:74

>>> 'Pkg.test("Elliptic")' log
Julia Version 0.7.0-DEV.3246
Commit 2138144d3a (2018-01-04 02:34 UTC)
Platform Info:
  OS: Linux (x86_64-pc-linux-gnu)
      Ubuntu 14.04.5 LTS
  uname: Linux 3.13.0-135-generic #184-Ubuntu SMP Wed Oct 18 11:55:51 UTC 2017 x86_64 x86_64
  CPU: Intel(R) Xeon(R) CPU E3-1241 v3 @ 3.50GHz: 
              speed         user         nice          sys         idle          irq
       #1  3499 MHz    3921852 s        120 s     196127 s    1042801 s         62 s
       #2  3499 MHz     864308 s         50 s      82667 s    4985521 s          0 s
       
  Memory: 2.93927001953125 GB (766.3515625 MB free)
  Uptime: 60293.0 sec
  Load Avg:  1.0029296875  1.0048828125  0.97607421875
  WORD_SIZE: 64
  BLAS: libopenblas (USE64BITINT DYNAMIC_ARCH NO_AFFINITY Nehalem)
  LAPACK: libopenblas64_
  LIBM: libopenlibm
  LLVM: libLLVM-3.9.1 (ORCJIT, haswell)
Environment:
  TERM = vt100
  LD_LIBRARY_PATH = :/usr/local/lib/
  PATH = /usr/local/sbin:/usr/local/bin:/usr/sbin:/usr/bin:/sbin:/bin:/usr/games:/usr/local/games:/home/vagrant/julia/bin/
  JAVA_HOME = /usr/lib/jvm/java-8-openjdk-amd64
  HOME = /home/vagrant
Packages:
  Package Directory: /home/vagrant/.julia/v0.7
  Package Status:
2 required packages:
 - Elliptic                      0.4.1
 - JSON                          0.16.3
2 additional packages:
 - Compat                        0.42.0
 - Nullables                     0.0.2
[ Info: Testing Elliptic @ Base.Pkg.Entry entry.jl:723
┌ Warning: Deprecated syntax `15.*` at /home/vagrant/.julia/v0.7/Elliptic/test/runtests.jl:691.
│ Use `15 .*` instead.
└ @ nothing runtests.jl:691
WARNING: Base.Test is deprecated, run `using Test` instead.
  likely near /home/vagrant/.julia/v0.7/Elliptic/test/runtests.jl:1
┌ Warning: Deprecated syntax `2.*` at /home/vagrant/.julia/v0.7/Elliptic/test/../src/jacobi.jl:13.
│ Use `2 .*` instead.
└ @ nothing jacobi.jl:13
┌ Warning: Deprecated syntax `1./` at /home/vagrant/.julia/v0.7/Elliptic/test/../src/jacobi.jl:55.
│ Use `1 ./` instead.
└ @ nothing jacobi.jl:55
┌ Warning: `Array{T}(m::Int) where T` is deprecated, use `Array{T}(uninitialized, m)` instead.
│   caller = top-level scope
└ @ Core :0
[ Warning: Deprecated syntax ``const` declaration on local variable` around /home/vagrant/.julia/v0.7/Elliptic/test/../src/slatec.jl:38. @ nothing slatec.jl:38
[ Warning: Deprecated syntax ``const` declaration on local variable` around /home/vagrant/.julia/v0.7/Elliptic/test/../src/slatec.jl:39. @ nothing slatec.jl:39
[ Warning: Deprecated syntax ``const` declaration on local variable` around /home/vagrant/.julia/v0.7/Elliptic/test/../src/slatec.jl:40. @ nothing slatec.jl:40
[ Warning: Deprecated syntax ``const` declaration on local variable` around /home/vagrant/.julia/v0.7/Elliptic/test/../src/slatec.jl:41. @ nothing slatec.jl:41
[ Warning: Deprecated syntax ``const` declaration on local variable` around /home/vagrant/.julia/v0.7/Elliptic/test/../src/slatec.jl:42. @ nothing slatec.jl:42
[ Warning: Deprecated syntax ``const` declaration on local variable` around /home/vagrant/.julia/v0.7/Elliptic/test/../src/slatec.jl:43. @ nothing slatec.jl:43
[ Warning: Deprecated syntax ``const` declaration on local variable` around /home/vagrant/.julia/v0.7/Elliptic/test/../src/slatec.jl:117. @ nothing slatec.jl:117
[ Warning: Deprecated syntax ``const` declaration on local variable` around /home/vagrant/.julia/v0.7/Elliptic/test/../src/slatec.jl:118. @ nothing slatec.jl:118
[ Warning: Deprecated syntax ``const` declaration on local variable` around /home/vagrant/.julia/v0.7/Elliptic/test/../src/slatec.jl:119. @ nothing slatec.jl:119
[ Warning: Deprecated syntax ``const` declaration on local variable` around /home/vagrant/.julia/v0.7/Elliptic/test/../src/slatec.jl:120. @ nothing slatec.jl:120
[ Warning: Deprecated syntax ``const` declaration on local variable` around /home/vagrant/.julia/v0.7/Elliptic/test/../src/slatec.jl:121. @ nothing slatec.jl:121
[ Warning: Deprecated syntax ``const` declaration on local variable` around /home/vagrant/.julia/v0.7/Elliptic/test/../src/slatec.jl:122. @ nothing slatec.jl:122
[ Warning: Deprecated syntax ``const` declaration on local variable` around /home/vagrant/.julia/v0.7/Elliptic/test/../src/slatec.jl:123. @ nothing slatec.jl:123
[ Warning: Deprecated syntax ``const` declaration on local variable` around /home/vagrant/.julia/v0.7/Elliptic/test/../src/slatec.jl:124. @ nothing slatec.jl:124
[ Warning: Deprecated syntax ``const` declaration on local variable` around /home/vagrant/.julia/v0.7/Elliptic/test/../src/slatec.jl:125. @ nothing slatec.jl:125
[ Warning: Deprecated syntax ``const` declaration on local variable` around /home/vagrant/.julia/v0.7/Elliptic/test/../src/slatec.jl:205. @ nothing slatec.jl:205
[ Warning: Deprecated syntax ``const` declaration on local variable` around /home/vagrant/.julia/v0.7/Elliptic/test/../src/slatec.jl:206. @ nothing slatec.jl:206
[ Warning: Deprecated syntax ``const` declaration on local variable` around /home/vagrant/.julia/v0.7/Elliptic/test/../src/slatec.jl:207. @ nothing slatec.jl:207
[ Warning: Deprecated syntax ``const` declaration on local variable` around /home/vagrant/.julia/v0.7/Elliptic/test/../src/slatec.jl:208. @ nothing slatec.jl:208
[ Warning: Deprecated syntax ``const` declaration on local variable` around /home/vagrant/.julia/v0.7/Elliptic/test/../src/slatec.jl:209. @ nothing slatec.jl:209
[ Warning: Deprecated syntax ``const` declaration on local variable` around /home/vagrant/.julia/v0.7/Elliptic/test/../src/slatec.jl:271. @ nothing slatec.jl:271
[ Warning: Deprecated syntax ``const` declaration on local variable` around /home/vagrant/.julia/v0.7/Elliptic/test/../src/slatec.jl:272. @ nothing slatec.jl:272
[ Warning: Deprecated syntax ``const` declaration on local variable` around /home/vagrant/.julia/v0.7/Elliptic/test/../src/slatec.jl:273. @ nothing slatec.jl:273
[ Warning: Deprecated syntax ``const` declaration on local variable` around /home/vagrant/.julia/v0.7/Elliptic/test/../src/slatec.jl:275. @ nothing slatec.jl:275
[ Warning: Deprecated syntax ``const` declaration on local variable` around /home/vagrant/.julia/v0.7/Elliptic/test/../src/slatec.jl:276. @ nothing slatec.jl:276
[ Warning: Deprecated syntax ``const` declaration on local variable` around /home/vagrant/.julia/v0.7/Elliptic/test/../src/slatec.jl:277. @ nothing slatec.jl:277
[ Warning: Deprecated syntax ``const` declaration on local variable` around /home/vagrant/.julia/v0.7/Elliptic/test/../src/slatec.jl:278. @ nothing slatec.jl:278
┌ Warning: Deprecated syntax `2.*` at /home/vagrant/.julia/v0.7/Elliptic/src/jacobi.jl:13.
│ Use `2 .*` instead.
└ @ nothing jacobi.jl:13
┌ Warning: Deprecated syntax `1./` at /home/vagrant/.julia/v0.7/Elliptic/src/jacobi.jl:55.
│ Use `1 ./` instead.
└ @ nothing jacobi.jl:55
┌ Warning: `Array{T}(m::Int) where T` is deprecated, use `Array{T}(uninitialized, m)` instead.
│   caller = top-level scope
└ @ Core :0
[ Warning: Deprecated syntax ``const` declaration on local variable` around /home/vagrant/.julia/v0.7/Elliptic/src/slatec.jl:38. @ nothing slatec.jl:38
[ Warning: Deprecated syntax ``const` declaration on local variable` around /home/vagrant/.julia/v0.7/Elliptic/src/slatec.jl:39. @ nothing slatec.jl:39
[ Warning: Deprecated syntax ``const` declaration on local variable` around /home/vagrant/.julia/v0.7/Elliptic/src/slatec.jl:40. @ nothing slatec.jl:40
[ Warning: Deprecated syntax ``const` declaration on local variable` around /home/vagrant/.julia/v0.7/Elliptic/src/slatec.jl:41. @ nothing slatec.jl:41
[ Warning: Deprecated syntax ``const` declaration on local variable` around /home/vagrant/.julia/v0.7/Elliptic/src/slatec.jl:42. @ nothing slatec.jl:42
[ Warning: Deprecated syntax ``const` declaration on local variable` around /home/vagrant/.julia/v0.7/Elliptic/src/slatec.jl:43. @ nothing slatec.jl:43
[ Warning: Deprecated syntax ``const` declaration on local variable` around /home/vagrant/.julia/v0.7/Elliptic/src/slatec.jl:117. @ nothing slatec.jl:117
[ Warning: Deprecated syntax ``const` declaration on local variable` around /home/vagrant/.julia/v0.7/Elliptic/src/slatec.jl:118. @ nothing slatec.jl:118
[ Warning: Deprecated syntax ``const` declaration on local variable` around /home/vagrant/.julia/v0.7/Elliptic/src/slatec.jl:119. @ nothing slatec.jl:119
[ Warning: Deprecated syntax ``const` declaration on local variable` around /home/vagrant/.julia/v0.7/Elliptic/src/slatec.jl:120. @ nothing slatec.jl:120
[ Warning: Deprecated syntax ``const` declaration on local variable` around /home/vagrant/.julia/v0.7/Elliptic/src/slatec.jl:121. @ nothing slatec.jl:121
[ Warning: Deprecated syntax ``const` declaration on local variable` around /home/vagrant/.julia/v0.7/Elliptic/src/slatec.jl:122. @ nothing slatec.jl:122
[ Warning: Deprecated syntax ``const` declaration on local variable` around /home/vagrant/.julia/v0.7/Elliptic/src/slatec.jl:123. @ nothing slatec.jl:123
[ Warning: Deprecated syntax ``const` declaration on local variable` around /home/vagrant/.julia/v0.7/Elliptic/src/slatec.jl:124. @ nothing slatec.jl:124
[ Warning: Deprecated syntax ``const` declaration on local variable` around /home/vagrant/.julia/v0.7/Elliptic/src/slatec.jl:125. @ nothing slatec.jl:125
[ Warning: Deprecated syntax ``const` declaration on local variable` around /home/vagrant/.julia/v0.7/Elliptic/src/slatec.jl:205. @ nothing slatec.jl:205
[ Warning: Deprecated syntax ``const` declaration on local variable` around /home/vagrant/.julia/v0.7/Elliptic/src/slatec.jl:206. @ nothing slatec.jl:206
[ Warning: Deprecated syntax ``const` declaration on local variable` around /home/vagrant/.julia/v0.7/Elliptic/src/slatec.jl:207. @ nothing slatec.jl:207
[ Warning: Deprecated syntax ``const` declaration on local variable` around /home/vagrant/.julia/v0.7/Elliptic/src/slatec.jl:208. @ nothing slatec.jl:208
[ Warning: Deprecated syntax ``const` declaration on local variable` around /home/vagrant/.julia/v0.7/Elliptic/src/slatec.jl:209. @ nothing slatec.jl:209
[ Warning: Deprecated syntax ``const` declaration on local variable` around /home/vagrant/.julia/v0.7/Elliptic/src/slatec.jl:271. @ nothing slatec.jl:271
[ Warning: Deprecated syntax ``const` declaration on local variable` around /home/vagrant/.julia/v0.7/Elliptic/src/slatec.jl:272. @ nothing slatec.jl:272
[ Warning: Deprecated syntax ``const` declaration on local variable` around /home/vagrant/.julia/v0.7/Elliptic/src/slatec.jl:273. @ nothing slatec.jl:273
[ Warning: Deprecated syntax ``const` declaration on local variable` around /home/vagrant/.julia/v0.7/Elliptic/src/slatec.jl:275. @ nothing slatec.jl:275
[ Warning: Deprecated syntax ``const` declaration on local variable` around /home/vagrant/.julia/v0.7/Elliptic/src/slatec.jl:276. @ nothing slatec.jl:276
[ Warning: Deprecated syntax ``const` declaration on local variable` around /home/vagrant/.julia/v0.7/Elliptic/src/slatec.jl:277. @ nothing slatec.jl:277
[ Warning: Deprecated syntax ``const` declaration on local variable` around /home/vagrant/.julia/v0.7/Elliptic/src/slatec.jl:278. @ nothing slatec.jl:278
WARNING: using Elliptic.Elliptic in module Main conflicts with an existing identifier.
ERROR: LoadError: importing Elliptic into Main conflicts with an existing identifier
Stacktrace:
 [1] include at ./boot.jl:295 [inlined]
 [2] include_relative(::Module, ::String) at ./loading.jl:521
 [3] include(::Module, ::String) at ./sysimg.jl:26
 [4] process_options(::Base.JLOptions) at ./client.jl:323
 [5] _start() at ./client.jl:374
in expression starting at /home/vagrant/.julia/v0.7/Elliptic/test/runtests.jl:4
┌ Error: ------------------------------------------------------------
│ # Testing failed for Elliptic
│   exception = ErrorException("failed process: Process(`/home/vagrant/julia/bin/julia -Cnative -J/home/vagrant/julia/lib/julia/sys.so --compile=yes --depwarn=yes --code-coverage=none --color=no --compiled-modules=yes --check-bounds=yes --warn-overwrite=yes --startup-file=yes /home/vagrant/.julia/v0.7/Elliptic/test/runtests.jl`, ProcessExited(1)) [1]")
└ @ Base.Pkg.Entry entry.jl:739
ERROR: Elliptic had test errors

>>> End of log
