>>> 'Pkg.add("EnglishText")' log
WARNING: Base.Pkg is deprecated, run `using Pkg` instead
 in module Main
[ Info: Cloning cache of EnglishText from https://github.com/TotalVerb/EnglishText.jl.git
[ Info: Installing EnglishText v0.5.0
[ Info: Package database updated
┌ Info: METADATA is out-of-date — you may not have the latest version of EnglishText
└ Use `Pkg.update()` to get the latest versions of your packages

>>> 'Pkg.test("EnglishText")' log
WARNING: Base.versioninfo is deprecated: it has been moved to the standard library package `InteractiveUtils`.
Add `using InteractiveUtils` to your imports.
 in module Main
WARNING: Base.versioninfo is deprecated: it has been moved to the standard library package `InteractiveUtils`.
Add `using InteractiveUtils` to your imports.
 in module Main
Julia Version 0.7.0-DEV.4449
Commit d1f26785f2 (2018-03-02 17:11 UTC)
Platform Info:
  OS: Linux (x86_64-pc-linux-gnu)
      Ubuntu 14.04.5 LTS
  uname: Linux 3.13.0-135-generic #184-Ubuntu SMP Wed Oct 18 11:55:51 UTC 2017 x86_64 x86_64
  CPU: Intel(R) Xeon(R) CPU E3-1241 v3 @ 3.50GHz: 
              speed         user         nice          sys         idle          irq
       #1  3499 MHz    4170268 s       4385 s     226272 s    1569797 s         90 s
       #2  3499 MHz    1253062 s       1478 s     100912 s    5441112 s          2 s
       
  Memory: 2.93927001953125 GB (672.74609375 MB free)
  Uptime: 69415.0 sec
  Load Avg:  0.9970703125  0.95654296875  0.7763671875
  WORD_SIZE: 64
  LIBM: libopenlibm
  LLVM: libLLVM-3.9.1 (ORCJIT, haswell)
Environment:
  TERM = vt100
  LD_LIBRARY_PATH = :/usr/local/lib/
  PATH = /usr/local/sbin:/usr/local/bin:/usr/sbin:/usr/bin:/sbin:/bin:/usr/games:/usr/local/games:/home/vagrant/julia/bin/
  JAVA_HOME = /usr/lib/jvm/java-8-openjdk-amd64
  HOME = /home/vagrant
Packages:
  Package Directory: /home/vagrant/.julia/v0.7
  Package Status:
2 required packages:
 - EnglishText                   0.5.0
 - JSON                          0.17.1
2 additional packages:
 - Compat                        0.56.0
 - Nullables                     0.0.3
WARNING: Base.Pkg is deprecated, run `using Pkg` instead
 in module Main
[ Info: Computing test dependencies for EnglishText...
[ Info: No packages to install, update or remove
[ Info: Testing EnglishText
WARNING: importing deprecated binding Base.DevNull into Parser.
WARNING: Base.DevNull is deprecated, use devnull instead.
  likely near /home/vagrant/.julia/v0.7/EnglishText/src/articulate.jl:16
WARNING: Base.DevNull is deprecated, use devnull instead.
  likely near /home/vagrant/.julia/v0.7/EnglishText/src/articulate.jl:16
WARNING: Base.DevNull is deprecated, use devnull instead.
  likely near /home/vagrant/.julia/v0.7/EnglishText/src/articulate.jl:16
WARNING: Base.DevNull is deprecated, use devnull instead.
  likely near /home/vagrant/.julia/v0.7/EnglishText/src/articulate.jl:16
WARNING: Base.iteratorsize is deprecated, use IteratorSize instead.
  likely near /home/vagrant/.julia/v0.7/EnglishText/src/text.jl:30
WARNING: Base.Test is deprecated, run `using Test` instead
  likely near /home/vagrant/.julia/v0.7/EnglishText/test/runtests.jl:4
Test Summary: | Pass  Total
Articles      |    7      7
Int → Eng: Error During Test at /home/vagrant/.julia/v0.7/EnglishText/test/numeric.jl:3
  Test threw exception MethodError(digits, (1, 1000), 0x0000000000006988)
  Expression: english(1) == "one"
  MethodError: no method matching digits(::Int64, ::Int64)
  Closest candidates are:
    digits(::Any, ::Any, !Matched::Any) at deprecated.jl:55
    digits(::Any, ::Any, !Matched::Any, !Matched::Any) at deprecated.jl:55
    digits(::Integer; base, pad) at intfuncs.jl:731
    ...
  Stacktrace:
   [1] english(::Int64) at /home/vagrant/.julia/v0.7/EnglishText/src/numeric.jl:99
   [2] macro expansion at /home/vagrant/.julia/v0.7/EnglishText/test/numeric.jl:3 [inlined]
   [3] macro expansion at /buildworker/worker/package_linux64/build/usr/share/julia/site/v0.7/Test/src/Test.jl:1022 [inlined]
   [4] top-level scope at /home/vagrant/.julia/v0.7/EnglishText/test/numeric.jl:2
Int → Eng: Error During Test at /home/vagrant/.julia/v0.7/EnglishText/test/numeric.jl:4
  Test threw exception MethodError(digits, (2, 1000), 0x0000000000006988)
  Expression: english(2) == "two"
  MethodError: no method matching digits(::Int64, ::Int64)
  Closest candidates are:
    digits(::Any, ::Any, !Matched::Any) at deprecated.jl:55
    digits(::Any, ::Any, !Matched::Any, !Matched::Any) at deprecated.jl:55
    digits(::Integer; base, pad) at intfuncs.jl:731
    ...
  Stacktrace:
   [1] english(::Int64) at /home/vagrant/.julia/v0.7/EnglishText/src/numeric.jl:99
   [2] macro expansion at /home/vagrant/.julia/v0.7/EnglishText/test/numeric.jl:4 [inlined]
   [3] macro expansion at /buildworker/worker/package_linux64/build/usr/share/julia/site/v0.7/Test/src/Test.jl:1022 [inlined]
   [4] top-level scope at /home/vagrant/.julia/v0.7/EnglishText/test/numeric.jl:2
Int → Eng: Error During Test at /home/vagrant/.julia/v0.7/EnglishText/test/numeric.jl:5
  Test threw exception MethodError(digits, (9, 1000), 0x0000000000006988)
  Expression: english(9) == "nine"
  MethodError: no method matching digits(::Int64, ::Int64)
  Closest candidates are:
    digits(::Any, ::Any, !Matched::Any) at deprecated.jl:55
    digits(::Any, ::Any, !Matched::Any, !Matched::Any) at deprecated.jl:55
    digits(::Integer; base, pad) at intfuncs.jl:731
    ...
  Stacktrace:
   [1] english(::Int64) at /home/vagrant/.julia/v0.7/EnglishText/src/numeric.jl:99
   [2] macro expansion at /home/vagrant/.julia/v0.7/EnglishText/test/numeric.jl:5 [inlined]
   [3] macro expansion at /buildworker/worker/package_linux64/build/usr/share/julia/site/v0.7/Test/src/Test.jl:1022 [inlined]
   [4] top-level scope at /home/vagrant/.julia/v0.7/EnglishText/test/numeric.jl:2
Int → Eng: Error During Test at /home/vagrant/.julia/v0.7/EnglishText/test/numeric.jl:6
  Test threw exception MethodError(digits, (10, 1000), 0x0000000000006988)
  Expression: english(10) == "ten"
  MethodError: no method matching digits(::Int64, ::Int64)
  Closest candidates are:
    digits(::Any, ::Any, !Matched::Any) at deprecated.jl:55
    digits(::Any, ::Any, !Matched::Any, !Matched::Any) at deprecated.jl:55
    digits(::Integer; base, pad) at intfuncs.jl:731
    ...
  Stacktrace:
   [1] english(::Int64) at /home/vagrant/.julia/v0.7/EnglishText/src/numeric.jl:99
   [2] macro expansion at /home/vagrant/.julia/v0.7/EnglishText/test/numeric.jl:6 [inlined]
   [3] macro expansion at /buildworker/worker/package_linux64/build/usr/share/julia/site/v0.7/Test/src/Test.jl:1022 [inlined]
   [4] top-level scope at /home/vagrant/.julia/v0.7/EnglishText/test/numeric.jl:2
Int → Eng: Error During Test at /home/vagrant/.julia/v0.7/EnglishText/test/numeric.jl:7
  Test threw exception MethodError(digits, (11, 1000), 0x0000000000006988)
  Expression: english(11) == "eleven"
  MethodError: no method matching digits(::Int64, ::Int64)
  Closest candidates are:
    digits(::Any, ::Any, !Matched::Any) at deprecated.jl:55
    digits(::Any, ::Any, !Matched::Any, !Matched::Any) at deprecated.jl:55
    digits(::Integer; base, pad) at intfuncs.jl:731
    ...
  Stacktrace:
   [1] english(::Int64) at /home/vagrant/.julia/v0.7/EnglishText/src/numeric.jl:99
   [2] macro expansion at /home/vagrant/.julia/v0.7/EnglishText/test/numeric.jl:7 [inlined]
   [3] macro expansion at /buildworker/worker/package_linux64/build/usr/share/julia/site/v0.7/Test/src/Test.jl:1022 [inlined]
   [4] top-level scope at /home/vagrant/.julia/v0.7/EnglishText/test/numeric.jl:2
Int → Eng: Error During Test at /home/vagrant/.julia/v0.7/EnglishText/test/numeric.jl:8
  Test threw exception MethodError(digits, (19, 1000), 0x0000000000006988)
  Expression: english(19) == "nineteen"
  MethodError: no method matching digits(::Int64, ::Int64)
  Closest candidates are:
    digits(::Any, ::Any, !Matched::Any) at deprecated.jl:55
    digits(::Any, ::Any, !Matched::Any, !Matched::Any) at deprecated.jl:55
    digits(::Integer; base, pad) at intfuncs.jl:731
    ...
  Stacktrace:
   [1] english(::Int64) at /home/vagrant/.julia/v0.7/EnglishText/src/numeric.jl:99
   [2] macro expansion at /home/vagrant/.julia/v0.7/EnglishText/test/numeric.jl:8 [inlined]
   [3] macro expansion at /buildworker/worker/package_linux64/build/usr/share/julia/site/v0.7/Test/src/Test.jl:1022 [inlined]
   [4] top-level scope at /home/vagrant/.julia/v0.7/EnglishText/test/numeric.jl:2
Int → Eng: Error During Test at /home/vagrant/.julia/v0.7/EnglishText/test/numeric.jl:9
  Test threw exception MethodError(digits, (20, 1000), 0x0000000000006988)
  Expression: english(20) == "twenty"
  MethodError: no method matching digits(::Int64, ::Int64)
  Closest candidates are:
    digits(::Any, ::Any, !Matched::Any) at deprecated.jl:55
    digits(::Any, ::Any, !Matched::Any, !Matched::Any) at deprecated.jl:55
    digits(::Integer; base, pad) at intfuncs.jl:731
    ...
  Stacktrace:
   [1] english(::Int64) at /home/vagrant/.julia/v0.7/EnglishText/src/numeric.jl:99
   [2] macro expansion at /home/vagrant/.julia/v0.7/EnglishText/test/numeric.jl:9 [inlined]
   [3] macro expansion at /buildworker/worker/package_linux64/build/usr/share/julia/site/v0.7/Test/src/Test.jl:1022 [inlined]
   [4] top-level scope at /home/vagrant/.julia/v0.7/EnglishText/test/numeric.jl:2
Int → Eng: Error During Test at /home/vagrant/.julia/v0.7/EnglishText/test/numeric.jl:10
  Test threw exception MethodError(digits, (21, 1000), 0x0000000000006988)
  Expression: english(21) == "twenty-one"
  MethodError: no method matching digits(::Int64, ::Int64)
  Closest candidates are:
    digits(::Any, ::Any, !Matched::Any) at deprecated.jl:55
    digits(::Any, ::Any, !Matched::Any, !Matched::Any) at deprecated.jl:55
    digits(::Integer; base, pad) at intfuncs.jl:731
    ...
  Stacktrace:
   [1] english(::Int64) at /home/vagrant/.julia/v0.7/EnglishText/src/numeric.jl:99
   [2] macro expansion at /home/vagrant/.julia/v0.7/EnglishText/test/numeric.jl:10 [inlined]
   [3] macro expansion at /buildworker/worker/package_linux64/build/usr/share/julia/site/v0.7/Test/src/Test.jl:1022 [inlined]
   [4] top-level scope at /home/vagrant/.julia/v0.7/EnglishText/test/numeric.jl:2
Int → Eng: Error During Test at /home/vagrant/.julia/v0.7/EnglishText/test/numeric.jl:11
  Test threw exception MethodError(digits, (29, 1000), 0x0000000000006988)
  Expression: english(29) == "twenty-nine"
  MethodError: no method matching digits(::Int64, ::Int64)
  Closest candidates are:
    digits(::Any, ::Any, !Matched::Any) at deprecated.jl:55
    digits(::Any, ::Any, !Matched::Any, !Matched::Any) at deprecated.jl:55
    digits(::Integer; base, pad) at intfuncs.jl:731
    ...
  Stacktrace:
   [1] english(::Int64) at /home/vagrant/.julia/v0.7/EnglishText/src/numeric.jl:99
   [2] macro expansion at /home/vagrant/.julia/v0.7/EnglishText/test/numeric.jl:11 [inlined]
   [3] macro expansion at /buildworker/worker/package_linux64/build/usr/share/julia/site/v0.7/Test/src/Test.jl:1022 [inlined]
   [4] top-level scope at /home/vagrant/.julia/v0.7/EnglishText/test/numeric.jl:2
Int → Eng: Error During Test at /home/vagrant/.julia/v0.7/EnglishText/test/numeric.jl:12
  Test threw exception MethodError(digits, (30, 1000), 0x0000000000006988)
  Expression: english(30) == "thirty"
  MethodError: no method matching digits(::Int64, ::Int64)
  Closest candidates are:
    digits(::Any, ::Any, !Matched::Any) at deprecated.jl:55
    digits(::Any, ::Any, !Matched::Any, !Matched::Any) at deprecated.jl:55
    digits(::Integer; base, pad) at intfuncs.jl:731
    ...
  Stacktrace:
   [1] english(::Int64) at /home/vagrant/.julia/v0.7/EnglishText/src/numeric.jl:99
   [2] macro expansion at /home/vagrant/.julia/v0.7/EnglishText/test/numeric.jl:12 [inlined]
   [3] macro expansion at /buildworker/worker/package_linux64/build/usr/share/julia/site/v0.7/Test/src/Test.jl:1022 [inlined]
   [4] top-level scope at /home/vagrant/.julia/v0.7/EnglishText/test/numeric.jl:2
Int → Eng: Error During Test at /home/vagrant/.julia/v0.7/EnglishText/test/numeric.jl:13
  Test threw exception MethodError(digits, (99, 1000), 0x0000000000006988)
  Expression: english(99) == "ninety-nine"
  MethodError: no method matching digits(::Int64, ::Int64)
  Closest candidates are:
    digits(::Any, ::Any, !Matched::Any) at deprecated.jl:55
    digits(::Any, ::Any, !Matched::Any, !Matched::Any) at deprecated.jl:55
    digits(::Integer; base, pad) at intfuncs.jl:731
    ...
  Stacktrace:
   [1] english(::Int64) at /home/vagrant/.julia/v0.7/EnglishText/src/numeric.jl:99
   [2] macro expansion at /home/vagrant/.julia/v0.7/EnglishText/test/numeric.jl:13 [inlined]
   [3] macro expansion at /buildworker/worker/package_linux64/build/usr/share/julia/site/v0.7/Test/src/Test.jl:1022 [inlined]
   [4] top-level scope at /home/vagrant/.julia/v0.7/EnglishText/test/numeric.jl:2
Int → Eng: Error During Test at /home/vagrant/.julia/v0.7/EnglishText/test/numeric.jl:14
  Test threw exception MethodError(digits, (100, 1000), 0x0000000000006988)
  Expression: english(100) == "one hundred"
  MethodError: no method matching digits(::Int64, ::Int64)
  Closest candidates are:
    digits(::Any, ::Any, !Matched::Any) at deprecated.jl:55
    digits(::Any, ::Any, !Matched::Any, !Matched::Any) at deprecated.jl:55
    digits(::Integer; base, pad) at intfuncs.jl:731
    ...
  Stacktrace:
   [1] english(::Int64) at /home/vagrant/.julia/v0.7/EnglishText/src/numeric.jl:99
   [2] macro expansion at /home/vagrant/.julia/v0.7/EnglishText/test/numeric.jl:14 [inlined]
   [3] macro expansion at /buildworker/worker/package_linux64/build/usr/share/julia/site/v0.7/Test/src/Test.jl:1022 [inlined]
   [4] top-level scope at /home/vagrant/.julia/v0.7/EnglishText/test/numeric.jl:2
Int → Eng: Error During Test at /home/vagrant/.julia/v0.7/EnglishText/test/numeric.jl:15
  Test threw exception MethodError(digits, (101, 1000), 0x0000000000006988)
  Expression: english(101) == "one hundred one"
  MethodError: no method matching digits(::Int64, ::Int64)
  Closest candidates are:
    digits(::Any, ::Any, !Matched::Any) at deprecated.jl:55
    digits(::Any, ::Any, !Matched::Any, !Matched::Any) at deprecated.jl:55
    digits(::Integer; base, pad) at intfuncs.jl:731
    ...
  Stacktrace:
   [1] english(::Int64) at /home/vagrant/.julia/v0.7/EnglishText/src/numeric.jl:99
   [2] macro expansion at /home/vagrant/.julia/v0.7/EnglishText/test/numeric.jl:15 [inlined]
   [3] macro expansion at /buildworker/worker/package_linux64/build/usr/share/julia/site/v0.7/Test/src/Test.jl:1022 [inlined]
   [4] top-level scope at /home/vagrant/.julia/v0.7/EnglishText/test/numeric.jl:2
Int → Eng: Error During Test at /home/vagrant/.julia/v0.7/EnglishText/test/numeric.jl:16
  Test threw exception MethodError(digits, (111, 1000), 0x0000000000006988)
  Expression: english(111) == "one hundred eleven"
  MethodError: no method matching digits(::Int64, ::Int64)
  Closest candidates are:
    digits(::Any, ::Any, !Matched::Any) at deprecated.jl:55
    digits(::Any, ::Any, !Matched::Any, !Matched::Any) at deprecated.jl:55
    digits(::Integer; base, pad) at intfuncs.jl:731
    ...
  Stacktrace:
   [1] english(::Int64) at /home/vagrant/.julia/v0.7/EnglishText/src/numeric.jl:99
   [2] macro expansion at /home/vagrant/.julia/v0.7/EnglishText/test/numeric.jl:16 [inlined]
   [3] macro expansion at /buildworker/worker/package_linux64/build/usr/share/julia/site/v0.7/Test/src/Test.jl:1022 [inlined]
   [4] top-level scope at /home/vagrant/.julia/v0.7/EnglishText/test/numeric.jl:2
Int → Eng: Error During Test at /home/vagrant/.julia/v0.7/EnglishText/test/numeric.jl:17
  Test threw exception MethodError(digits, (199, 1000), 0x0000000000006988)
  Expression: english(199) == "one hundred ninety-nine"
  MethodError: no method matching digits(::Int64, ::Int64)
  Closest candidates are:
    digits(::Any, ::Any, !Matched::Any) at deprecated.jl:55
    digits(::Any, ::Any, !Matched::Any, !Matched::Any) at deprecated.jl:55
    digits(::Integer; base, pad) at intfuncs.jl:731
    ...
  Stacktrace:
   [1] english(::Int64) at /home/vagrant/.julia/v0.7/EnglishText/src/numeric.jl:99
   [2] macro expansion at /home/vagrant/.julia/v0.7/EnglishText/test/numeric.jl:17 [inlined]
   [3] macro expansion at /buildworker/worker/package_linux64/build/usr/share/julia/site/v0.7/Test/src/Test.jl:1022 [inlined]
   [4] top-level scope at /home/vagrant/.julia/v0.7/EnglishText/test/numeric.jl:2
Int → Eng: Error During Test at /home/vagrant/.julia/v0.7/EnglishText/test/numeric.jl:18
  Test threw exception MethodError(digits, (200, 1000), 0x0000000000006988)
  Expression: english(200) == "two hundred"
  MethodError: no method matching digits(::Int64, ::Int64)
  Closest candidates are:
    digits(::Any, ::Any, !Matched::Any) at deprecated.jl:55
    digits(::Any, ::Any, !Matched::Any, !Matched::Any) at deprecated.jl:55
    digits(::Integer; base, pad) at intfuncs.jl:731
    ...
  Stacktrace:
   [1] english(::Int64) at /home/vagrant/.julia/v0.7/EnglishText/src/numeric.jl:99
   [2] macro expansion at /home/vagrant/.julia/v0.7/EnglishText/test/numeric.jl:18 [inlined]
   [3] macro expansion at /buildworker/worker/package_linux64/build/usr/share/julia/site/v0.7/Test/src/Test.jl:1022 [inlined]
   [4] top-level scope at /home/vagrant/.julia/v0.7/EnglishText/test/numeric.jl:2
Int → Eng: Error During Test at /home/vagrant/.julia/v0.7/EnglishText/test/numeric.jl:19
  Test threw exception MethodError(digits, (999, 1000), 0x0000000000006988)
  Expression: english(999) == "nine hundred ninety-nine"
  MethodError: no method matching digits(::Int64, ::Int64)
  Closest candidates are:
    digits(::Any, ::Any, !Matched::Any) at deprecated.jl:55
    digits(::Any, ::Any, !Matched::Any, !Matched::Any) at deprecated.jl:55
    digits(::Integer; base, pad) at intfuncs.jl:731
    ...
  Stacktrace:
   [1] english(::Int64) at /home/vagrant/.julia/v0.7/EnglishText/src/numeric.jl:99
   [2] macro expansion at /home/vagrant/.julia/v0.7/EnglishText/test/numeric.jl:19 [inlined]
   [3] macro expansion at /buildworker/worker/package_linux64/build/usr/share/julia/site/v0.7/Test/src/Test.jl:1022 [inlined]
   [4] top-level scope at /home/vagrant/.julia/v0.7/EnglishText/test/numeric.jl:2
Int → Eng: Error During Test at /home/vagrant/.julia/v0.7/EnglishText/test/numeric.jl:20
  Test threw exception MethodError(digits, (1000, 1000), 0x0000000000006988)
  Expression: english(1000) == "one thousand"
  MethodError: no method matching digits(::Int64, ::Int64)
  Closest candidates are:
    digits(::Any, ::Any, !Matched::Any) at deprecated.jl:55
    digits(::Any, ::Any, !Matched::Any, !Matched::Any) at deprecated.jl:55
    digits(::Integer; base, pad) at intfuncs.jl:731
    ...
  Stacktrace:
   [1] english(::Int64) at /home/vagrant/.julia/v0.7/EnglishText/src/numeric.jl:99
   [2] macro expansion at /home/vagrant/.julia/v0.7/EnglishText/test/numeric.jl:20 [inlined]
   [3] macro expansion at /buildworker/worker/package_linux64/build/usr/share/julia/site/v0.7/Test/src/Test.jl:1022 [inlined]
   [4] top-level scope at /home/vagrant/.julia/v0.7/EnglishText/test/numeric.jl:2
Int → Eng: Error During Test at /home/vagrant/.julia/v0.7/EnglishText/test/numeric.jl:21
  Test threw exception MethodError(digits, (1001, 1000), 0x0000000000006988)
  Expression: english(1001) == "one thousand one"
  MethodError: no method matching digits(::Int64, ::Int64)
  Closest candidates are:
    digits(::Any, ::Any, !Matched::Any) at deprecated.jl:55
    digits(::Any, ::Any, !Matched::Any, !Matched::Any) at deprecated.jl:55
    digits(::Integer; base, pad) at intfuncs.jl:731
    ...
  Stacktrace:
   [1] english(::Int64) at /home/vagrant/.julia/v0.7/EnglishText/src/numeric.jl:99
   [2] macro expansion at /home/vagrant/.julia/v0.7/EnglishText/test/numeric.jl:21 [inlined]
   [3] macro expansion at /buildworker/worker/package_linux64/build/usr/share/julia/site/v0.7/Test/src/Test.jl:1022 [inlined]
   [4] top-level scope at /home/vagrant/.julia/v0.7/EnglishText/test/numeric.jl:2
Int → Eng: Error During Test at /home/vagrant/.julia/v0.7/EnglishText/test/numeric.jl:22
  Test threw exception MethodError(digits, (1100, 1000), 0x0000000000006988)
  Expression: english(1100) == "one thousand one hundred"
  MethodError: no method matching digits(::Int64, ::Int64)
  Closest candidates are:
    digits(::Any, ::Any, !Matched::Any) at deprecated.jl:55
    digits(::Any, ::Any, !Matched::Any, !Matched::Any) at deprecated.jl:55
    digits(::Integer; base, pad) at intfuncs.jl:731
    ...
  Stacktrace:
   [1] english(::Int64) at /home/vagrant/.julia/v0.7/EnglishText/src/numeric.jl:99
   [2] macro expansion at /home/vagrant/.julia/v0.7/EnglishText/test/numeric.jl:22 [inlined]
   [3] macro expansion at /buildworker/worker/package_linux64/build/usr/share/julia/site/v0.7/Test/src/Test.jl:1022 [inlined]
   [4] top-level scope at /home/vagrant/.julia/v0.7/EnglishText/test/numeric.jl:2
Int → Eng: Error During Test at /home/vagrant/.julia/v0.7/EnglishText/test/numeric.jl:23
  Test threw exception MethodError(digits, (1999, 1000), 0x0000000000006988)
  Expression: english(1999) == "one thousand nine hundred ninety-nine"
  MethodError: no method matching digits(::Int64, ::Int64)
  Closest candidates are:
    digits(::Any, ::Any, !Matched::Any) at deprecated.jl:55
    digits(::Any, ::Any, !Matched::Any, !Matched::Any) at deprecated.jl:55
    digits(::Integer; base, pad) at intfuncs.jl:731
    ...
  Stacktrace:
   [1] english(::Int64) at /home/vagrant/.julia/v0.7/EnglishText/src/numeric.jl:99
   [2] macro expansion at /home/vagrant/.julia/v0.7/EnglishText/test/numeric.jl:23 [inlined]
   [3] macro expansion at /buildworker/worker/package_linux64/build/usr/share/julia/site/v0.7/Test/src/Test.jl:1022 [inlined]
   [4] top-level scope at /home/vagrant/.julia/v0.7/EnglishText/test/numeric.jl:2
Int → Eng: Error During Test at /home/vagrant/.julia/v0.7/EnglishText/test/numeric.jl:24
  Test threw exception MethodError(digits, (2000, 1000), 0x0000000000006988)
  Expression: english(2000) == "two thousand"
  MethodError: no method matching digits(::Int64, ::Int64)
  Closest candidates are:
    digits(::Any, ::Any, !Matched::Any) at deprecated.jl:55
    digits(::Any, ::Any, !Matched::Any, !Matched::Any) at deprecated.jl:55
    digits(::Integer; base, pad) at intfuncs.jl:731
    ...
  Stacktrace:
   [1] english(::Int64) at /home/vagrant/.julia/v0.7/EnglishText/src/numeric.jl:99
   [2] macro expansion at /home/vagrant/.julia/v0.7/EnglishText/test/numeric.jl:24 [inlined]
   [3] macro expansion at /buildworker/worker/package_linux64/build/usr/share/julia/site/v0.7/Test/src/Test.jl:1022 [inlined]
   [4] top-level scope at /home/vagrant/.julia/v0.7/EnglishText/test/numeric.jl:2
Int → Eng: Error During Test at /home/vagrant/.julia/v0.7/EnglishText/test/numeric.jl:25
  Test threw exception MethodError(digits, (10000, 1000), 0x0000000000006988)
  Expression: english(10000) == "ten thousand"
  MethodError: no method matching digits(::Int64, ::Int64)
  Closest candidates are:
    digits(::Any, ::Any, !Matched::Any) at deprecated.jl:55
    digits(::Any, ::Any, !Matched::Any, !Matched::Any) at deprecated.jl:55
    digits(::Integer; base, pad) at intfuncs.jl:731
    ...
  Stacktrace:
   [1] english(::Int64) at /home/vagrant/.julia/v0.7/EnglishText/src/numeric.jl:99
   [2] macro expansion at /home/vagrant/.julia/v0.7/EnglishText/test/numeric.jl:25 [inlined]
   [3] macro expansion at /buildworker/worker/package_linux64/build/usr/share/julia/site/v0.7/Test/src/Test.jl:1022 [inlined]
   [4] top-level scope at /home/vagrant/.julia/v0.7/EnglishText/test/numeric.jl:2
Int → Eng: Error During Test at /home/vagrant/.julia/v0.7/EnglishText/test/numeric.jl:26
  Test threw exception MethodError(digits, (805097, 1000), 0x0000000000006988)
  Expression: english(805097) == "eight hundred five thousand ninety-seven"
  MethodError: no method matching digits(::Int64, ::Int64)
  Closest candidates are:
    digits(::Any, ::Any, !Matched::Any) at deprecated.jl:55
    digits(::Any, ::Any, !Matched::Any, !Matched::Any) at deprecated.jl:55
    digits(::Integer; base, pad) at intfuncs.jl:731
    ...
  Stacktrace:
   [1] english(::Int64) at /home/vagrant/.julia/v0.7/EnglishText/src/numeric.jl:99
   [2] macro expansion at /home/vagrant/.julia/v0.7/EnglishText/test/numeric.jl:26 [inlined]
   [3] macro expansion at /buildworker/worker/package_linux64/build/usr/share/julia/site/v0.7/Test/src/Test.jl:1022 [inlined]
   [4] top-level scope at /home/vagrant/.julia/v0.7/EnglishText/test/numeric.jl:2
Int → Eng: Error During Test at /home/vagrant/.julia/v0.7/EnglishText/test/numeric.jl:27
  Test threw exception MethodError(digits, (999999, 1000), 0x0000000000006988)
  Expression: english(999999) == "nine hundred ninety-nine thousand nine hundred ninety-nine"
  MethodError: no method matching digits(::Int64, ::Int64)
  Closest candidates are:
    digits(::Any, ::Any, !Matched::Any) at deprecated.jl:55
    digits(::Any, ::Any, !Matched::Any, !Matched::Any) at deprecated.jl:55
    digits(::Integer; base, pad) at intfuncs.jl:731
    ...
  Stacktrace:
   [1] english(::Int64) at /home/vagrant/.julia/v0.7/EnglishText/src/numeric.jl:99
   [2] macro expansion at /home/vagrant/.julia/v0.7/EnglishText/test/numeric.jl:27 [inlined]
   [3] macro expansion at /buildworker/worker/package_linux64/build/usr/share/julia/site/v0.7/Test/src/Test.jl:1022 [inlined]
   [4] top-level scope at /home/vagrant/.julia/v0.7/EnglishText/test/numeric.jl:2
Int → Eng: Error During Test at /home/vagrant/.julia/v0.7/EnglishText/test/numeric.jl:29
  Test threw exception MethodError(digits, (1000000, 1000), 0x0000000000006988)
  Expression: english(1000000) == "one million"
  MethodError: no method matching digits(::Int64, ::Int64)
  Closest candidates are:
    digits(::Any, ::Any, !Matched::Any) at deprecated.jl:55
    digits(::Any, ::Any, !Matched::Any, !Matched::Any) at deprecated.jl:55
    digits(::Integer; base, pad) at intfuncs.jl:731
    ...
  Stacktrace:
   [1] english(::Int64) at /home/vagrant/.julia/v0.7/EnglishText/src/numeric.jl:99
   [2] macro expansion at /home/vagrant/.julia/v0.7/EnglishText/test/numeric.jl:29 [inlined]
   [3] macro expansion at /buildworker/worker/package_linux64/build/usr/share/julia/site/v0.7/Test/src/Test.jl:1022 [inlined]
   [4] top-level scope at /home/vagrant/.julia/v0.7/EnglishText/test/numeric.jl:2
Int → Eng: Error During Test at /home/vagrant/.julia/v0.7/EnglishText/test/numeric.jl:30
  Test threw exception MethodError(digits, (1000001, 1000), 0x0000000000006988)
  Expression: english(1000001) == "one million one"
  MethodError: no method matching digits(::Int64, ::Int64)
  Closest candidates are:
    digits(::Any, ::Any, !Matched::Any) at deprecated.jl:55
    digits(::Any, ::Any, !Matched::Any, !Matched::Any) at deprecated.jl:55
    digits(::Integer; base, pad) at intfuncs.jl:731
    ...
  Stacktrace:
   [1] english(::Int64) at /home/vagrant/.julia/v0.7/EnglishText/src/numeric.jl:99
   [2] macro expansion at /home/vagrant/.julia/v0.7/EnglishText/test/numeric.jl:30 [inlined]
   [3] macro expansion at /buildworker/worker/package_linux64/build/usr/share/julia/site/v0.7/Test/src/Test.jl:1022 [inlined]
   [4] top-level scope at /home/vagrant/.julia/v0.7/EnglishText/test/numeric.jl:2
Int → Eng: Error During Test at /home/vagrant/.julia/v0.7/EnglishText/test/numeric.jl:31
  Test threw exception MethodError(digits, (1001000, 1000), 0x0000000000006988)
  Expression: english(1001000) == "one million one thousand"
  MethodError: no method matching digits(::Int64, ::Int64)
  Closest candidates are:
    digits(::Any, ::Any, !Matched::Any) at deprecated.jl:55
    digits(::Any, ::Any, !Matched::Any, !Matched::Any) at deprecated.jl:55
    digits(::Integer; base, pad) at intfuncs.jl:731
    ...
  Stacktrace:
   [1] english(::Int64) at /home/vagrant/.julia/v0.7/EnglishText/src/numeric.jl:99
   [2] macro expansion at /home/vagrant/.julia/v0.7/EnglishText/test/numeric.jl:31 [inlined]
   [3] macro expansion at /buildworker/worker/package_linux64/build/usr/share/julia/site/v0.7/Test/src/Test.jl:1022 [inlined]
   [4] top-level scope at /home/vagrant/.julia/v0.7/EnglishText/test/numeric.jl:2
Int → Eng: Error During Test at /home/vagrant/.julia/v0.7/EnglishText/test/numeric.jl:32
  Test threw exception MethodError(digits, (1001001, 1000), 0x0000000000006988)
  Expression: english(1001001) == "one million one thousand one"
  MethodError: no method matching digits(::Int64, ::Int64)
  Closest candidates are:
    digits(::Any, ::Any, !Matched::Any) at deprecated.jl:55
    digits(::Any, ::Any, !Matched::Any, !Matched::Any) at deprecated.jl:55
    digits(::Integer; base, pad) at intfuncs.jl:731
    ...
  Stacktrace:
   [1] english(::Int64) at /home/vagrant/.julia/v0.7/EnglishText/src/numeric.jl:99
   [2] macro expansion at /home/vagrant/.julia/v0.7/EnglishText/test/numeric.jl:32 [inlined]
   [3] macro expansion at /buildworker/worker/package_linux64/build/usr/share/julia/site/v0.7/Test/src/Test.jl:1022 [inlined]
   [4] top-level scope at /home/vagrant/.julia/v0.7/EnglishText/test/numeric.jl:2
Int → Eng: Error During Test at /home/vagrant/.julia/v0.7/EnglishText/test/numeric.jl:33
  Test threw exception MethodError(digits, (800000005, 1000), 0x0000000000006988)
  Expression: english(800000005) == "eight hundred million five"
  MethodError: no method matching digits(::Int64, ::Int64)
  Closest candidates are:
    digits(::Any, ::Any, !Matched::Any) at deprecated.jl:55
    digits(::Any, ::Any, !Matched::Any, !Matched::Any) at deprecated.jl:55
    digits(::Integer; base, pad) at intfuncs.jl:731
    ...
  Stacktrace:
   [1] english(::Int64) at /home/vagrant/.julia/v0.7/EnglishText/src/numeric.jl:99
   [2] macro expansion at /home/vagrant/.julia/v0.7/EnglishText/test/numeric.jl:33 [inlined]
   [3] macro expansion at /buildworker/worker/package_linux64/build/usr/share/julia/site/v0.7/Test/src/Test.jl:1022 [inlined]
   [4] top-level scope at /home/vagrant/.julia/v0.7/EnglishText/test/numeric.jl:2
Int → Eng: Error During Test at /home/vagrant/.julia/v0.7/EnglishText/test/numeric.jl:34
  Test threw exception MethodError(digits, (1000000000, 1000), 0x0000000000006988)
  Expression: english(1000000000) == "one billion"
  MethodError: no method matching digits(::Int64, ::Int64)
  Closest candidates are:
    digits(::Any, ::Any, !Matched::Any) at deprecated.jl:55
    digits(::Any, ::Any, !Matched::Any, !Matched::Any) at deprecated.jl:55
    digits(::Integer; base, pad) at intfuncs.jl:731
    ...
  Stacktrace:
   [1] english(::Int64) at /home/vagrant/.julia/v0.7/EnglishText/src/numeric.jl:99
   [2] macro expansion at /home/vagrant/.julia/v0.7/EnglishText/test/numeric.jl:34 [inlined]
   [3] macro expansion at /buildworker/worker/package_linux64/build/usr/share/julia/site/v0.7/Test/src/Test.jl:1022 [inlined]
   [4] top-level scope at /home/vagrant/.julia/v0.7/EnglishText/test/numeric.jl:2
Int → Eng: Error During Test at /home/vagrant/.julia/v0.7/EnglishText/test/numeric.jl:35
  Test threw exception MethodError(digits, (1000000000000000000000, 1000), 0x0000000000006988)
  Expression: english(BigInt(10) ^ 21) == "one sextillion"
  MethodError: no method matching digits(::BigInt, ::Int64)
  Closest candidates are:
    digits(::Any, ::Any, !Matched::Any) at deprecated.jl:55
    digits(::Any, ::Any, !Matched::Any, !Matched::Any) at deprecated.jl:55
    digits(::Integer; base, pad) at intfuncs.jl:731
    ...
  Stacktrace:
   [1] english(::BigInt) at /home/vagrant/.julia/v0.7/EnglishText/src/numeric.jl:99
   [2] macro expansion at /home/vagrant/.julia/v0.7/EnglishText/test/numeric.jl:35 [inlined]
   [3] macro expansion at /buildworker/worker/package_linux64/build/usr/share/julia/site/v0.7/Test/src/Test.jl:1022 [inlined]
   [4] top-level scope at /home/vagrant/.julia/v0.7/EnglishText/test/numeric.jl:2
Int → Eng: Error During Test at /home/vagrant/.julia/v0.7/EnglishText/test/numeric.jl:36
  Test threw exception MethodError(digits, (1000000000000000000000000000000000000000000000000000000000000000, 1000), 0x0000000000006988)
  Expression: english(BigInt(10) ^ 63) == "one vigintillion"
  MethodError: no method matching digits(::BigInt, ::Int64)
  Closest candidates are:
    digits(::Any, ::Any, !Matched::Any) at deprecated.jl:55
    digits(::Any, ::Any, !Matched::Any, !Matched::Any) at deprecated.jl:55
    digits(::Integer; base, pad) at intfuncs.jl:731
    ...
  Stacktrace:
   [1] english(::BigInt) at /home/vagrant/.julia/v0.7/EnglishText/src/numeric.jl:99
   [2] macro expansion at /home/vagrant/.julia/v0.7/EnglishText/test/numeric.jl:36 [inlined]
   [3] macro expansion at /buildworker/worker/package_linux64/build/usr/share/julia/site/v0.7/Test/src/Test.jl:1022 [inlined]
   [4] top-level scope at /home/vagrant/.julia/v0.7/EnglishText/test/numeric.jl:2
Test Summary: | Pass  Error  Total
Int → Eng     |    1     33     34
ERROR: LoadError: LoadError: Some tests did not pass: 1 passed, 0 failed, 33 errored, 0 broken.
in expression starting at /home/vagrant/.julia/v0.7/EnglishText/test/numeric.jl:1
in expression starting at /home/vagrant/.julia/v0.7/EnglishText/test/runtests.jl:16
┌ Error: ------------------------------------------------------------
│ # Testing failed for EnglishText
│   exception =
│    failed process: Process(`/home/vagrant/julia/bin/julia -Cnative -J/home/vagrant/julia/lib/julia/sys.so --compile=yes --depwarn=yes --code-coverage=none --color=no --compiled-modules=yes --check-bounds=yes --warn-overwrite=yes --startup-file=yes /home/vagrant/.julia/v0.7/EnglishText/test/runtests.jl`, ProcessExited(1)) [1]
│    Stacktrace:
│     [1] error(::String, ::Base.Process, ::String, ::Int64, ::String) at ./error.jl:42
│     [2] pipeline_error(::Base.Process) at ./process.jl:712
│     [3] #run#534(::Bool, ::Function, ::Cmd) at ./process.jl:670
│     [4] run at ./process.jl:668 [inlined]
│     [5] (::getfield(Pkg.Entry, Symbol("##56#57")){Bool,String,Array{AbstractString,1}})() at /buildworker/worker/package_linux64/build/usr/share/julia/site/v0.7/Pkg/src/entry.jl:729
│     [6] cd(::getfield(Pkg.Entry, Symbol("##56#57")){Bool,String,Array{AbstractString,1}}, ::String) at ./file.jl:72
│     [7] #test!#55(::Bool, ::Function, ::String, ::Array{AbstractString,1}, ::Array{AbstractString,1}, ::Array{AbstractString,1}) at /buildworker/worker/package_linux64/build/usr/share/julia/site/v0.7/Pkg/src/entry.jl:717
│     [8] (::getfield(Pkg.Entry, Symbol("#kw##test!")))(::NamedTuple{(:coverage,),Tuple{Bool}}, ::typeof(Pkg.Entry.test!), ::String, ::Array{AbstractString,1}, ::Array{AbstractString,1}, ::Array{AbstractString,1}) at ./<missing>:0
│     [9] #test#59(::Bool, ::Function, ::Array{AbstractString,1}) at /buildworker/worker/package_linux64/build/usr/share/julia/site/v0.7/Pkg/src/entry.jl:756
│     [10] #test at ./<missing>:0 [inlined]
│     [11] #4 at /buildworker/worker/package_linux64/build/usr/share/julia/site/v0.7/Pkg/src/dir.jl:36 [inlined]
│     [12] cd(::getfield(Pkg.Dir, Symbol("##4#7")){Base.Iterators.Pairs{Symbol,Bool,Tuple{Symbol},NamedTuple{(:coverage,),Tuple{Bool}}},typeof(Pkg.Entry.test),Tuple{Array{AbstractString,1}}}, ::String) at ./file.jl:72
│     [13] #cd#1(::Base.Iterators.Pairs{Symbol,Bool,Tuple{Symbol},NamedTuple{(:coverage,),Tuple{Bool}}}, ::Function, ::Function, ::Array{AbstractString,1}, ::Vararg{Array{AbstractString,1},N} where N) at /buildworker/worker/package_linux64/build/usr/share/julia/site/v0.7/Pkg/src/dir.jl:36
│     [14] (::getfield(Pkg.Dir, Symbol("#kw##cd")))(::NamedTuple{(:coverage,),Tuple{Bool}}, ::typeof(Pkg.Dir.cd), ::Function, ::Array{AbstractString,1}, ::Vararg{Array{AbstractString,1},N} where N) at ./<missing>:0
│     [15] #test#3(::Bool, ::Function, ::String, ::Vararg{String,N} where N) at /buildworker/worker/package_linux64/build/usr/share/julia/site/v0.7/Pkg/src/Pkg.jl:276
│     [16] test(::String, ::Vararg{String,N} where N) at /buildworker/worker/package_linux64/build/usr/share/julia/site/v0.7/Pkg/src/Pkg.jl:276
│     [17] top-level scope
│     [18] eval at ./boot.jl:308 [inlined]
│     [19] eval(::Module, ::Expr) at ./sysimg.jl:74
│     [20] exec_options(::Base.JLOptions) at ./client.jl:309
│     [21] _start() at ./client.jl:448
└ @ Pkg.Entry entry.jl:732
[ Info: No packages to install, update or remove
ERROR: EnglishText had test errors

>>> End of log
