>>> 'Pkg.add("Equations")' log
INFO: Cloning cache of Equations from https://github.com/jhlq/Equations.jl.git
INFO: Installing Equations v0.2.1
INFO: Package database updated

>>> 'Pkg.test("Equations")' log
Julia Version 0.6.0-dev.1973
Commit f4ed16b (2017-01-06 23:58 UTC)
Platform Info:
  OS: Linux (x86_64-pc-linux-gnu)
  CPU: Intel(R) Xeon(R) CPU E3-1241 v3 @ 3.50GHz
  WORD_SIZE: 64
           Ubuntu 14.04.5 LTS
  uname: Linux 3.13.0-106-generic #153-Ubuntu SMP Tue Dec 6 15:44:32 UTC 2016 x86_64 x86_64
Memory: 2.9392738342285156 GB (847.9765625 MB free)
Uptime: 19512.0 sec
Load Avg:  0.9697265625  0.97265625  1.02392578125
Intel(R) Xeon(R) CPU E3-1241 v3 @ 3.50GHz: 
       speed         user         nice          sys         idle          irq
#1  3499 MHz    1125031 s       5510 s     108399 s     499449 s         42 s
#2  3499 MHz     359211 s       1052 s      72876 s    1472319 s          0 s

  BLAS: libopenblas (USE64BITINT DYNAMIC_ARCH NO_AFFINITY Nehalem)
  LAPACK: libopenblas64_
  LIBM: libopenlibm
  LLVM: libLLVM-3.9.1 (ORCJIT, haswell)
Environment:
  TERM = vt100
  LD_LIBRARY_PATH = :/usr/local/lib/
  PATH = /usr/local/sbin:/usr/local/bin:/usr/sbin:/usr/bin:/sbin:/bin:/usr/games:/usr/local/games:/home/vagrant/julia/bin/
  JAVA_HOME = /usr/lib/jvm/java-7-oracle
  HOME = /home/vagrant

Package Directory: /home/vagrant/.julia/v0.6
2 required packages:
 - Equations                     0.2.1
 - JSON                          0.8.0
1 additional packages:
 - Compat                        0.10.0
INFO: Testing Equations

WARNING: deprecated syntax "function .*(...)".
Use "function Base.broadcast(::typeof(*), ...)" instead.

WARNING: deprecated syntax "function .*(...)".
Use "function Base.broadcast(::typeof(*), ...)" instead.
WARNING: Method definition simplify(Equations.Expression) in module Equations at /home/vagrant/.julia/v0.6/Equations/src/tensors.jl:262 overwritten at /home/vagrant/.julia/v0.6/Equations/src/common.jl:597.

WARNING: deprecated syntax "function .*(...)".
Use "function Base.broadcast(::typeof(*), ...)" instead.
WARNING: Method definition print(IO, Equations.Alt) in module Equations at /home/vagrant/.julia/v0.6/Equations/src/tensors.jl:336 overwritten at /home/vagrant/.julia/v0.6/Equations/src/printers.jl:61.
Error During Test
  Test threw an exception of type UndefVarError
  Expression: randeval(sqrt(tri).rhs) == randeval(sqrt(:a ^ 2 + :b ^ 2))
  UndefVarError: permutations not defined
  Stacktrace:
   [1] simplify(::Equations.Sqrt) at /home/vagrant/.julia/v0.6/Equations/src/sqrt.jl:26
   [2] sqrt(::Equations.Equation) at /home/vagrant/.julia/v0.6/Equations/src/sqrt.jl:6
   [3] include_from_node1(::String) at ./loading.jl:532
   [4] include(::String) at ./sysimg.jl:14
   [5] include_from_node1(::String) at ./loading.jl:532
   [6] include(::String) at ./sysimg.jl:14
   [7] process_options(::Base.JLOptions) at ./client.jl:308
   [8] _start() at ./client.jl:374
ERROR: LoadError: LoadError: There was an error during testing
while loading /home/vagrant/.julia/v0.6/Equations/test/equationsTests.jl, in expression starting on line 16
while loading /home/vagrant/.julia/v0.6/Equations/test/runtests.jl, in expression starting on line 6
==============================[ ERROR: Equations ]==============================

failed process: Process(`/home/vagrant/julia/bin/julia -Cx86-64 -J/home/vagrant/julia/lib/julia/sys.so --compile=yes --depwarn=yes --check-bounds=yes --code-coverage=none --color=no --compilecache=yes /home/vagrant/.julia/v0.6/Equations/test/runtests.jl`, ProcessExited(1)) [1]

================================================================================
ERROR: Equations had test errors

>>> End of log
