>>> 'Pkg.add("FastGroupBy")' log
WARNING: Base.Pkg is deprecated, run `using Pkg` instead
 in module Main
[ Info: Cloning cache of FastGroupBy from https://github.com/xiaodaigh/FastGroupBy.jl.git
[ Info: Cloning cache of IndexedTables from https://github.com/JuliaComputing/IndexedTables.jl.git
[ Info: Cloning cache of OnlineStats from https://github.com/joshday/OnlineStats.jl.git
[ Info: Cloning cache of OnlineStatsBase from https://github.com/joshday/OnlineStatsBase.jl.git
[ Info: Cloning cache of SweepOperator from https://github.com/joshday/SweepOperator.jl.git
[ Info: Installing BinDeps v0.8.6
[ Info: Installing CategoricalArrays v0.3.3
[ Info: Installing CodecZlib v0.4.2
[ Info: Installing DataFrames v0.11.5
[ Info: Installing DataStreams v0.3.4
[ Info: Installing DataStructures v0.7.4
[ Info: Installing DataValues v0.3.1
[ Info: Installing FastGroupBy v0.1.0
[ Info: Installing IndexedTables v0.5.2
[ Info: Installing IteratorInterfaceExtensions v0.0.2
[ Info: Installing LearnBase v0.1.6
[ Info: Installing LossFunctions v0.2.0
[ Info: Installing Missings v0.2.6
[ Info: Installing NamedTuples v4.0.0
[ Info: Installing OnlineStats v0.15.2
[ Info: Installing OnlineStatsBase v0.5.0
[ Info: Installing PenaltyFunctions v0.0.2
[ Info: Installing PooledArrays v0.1.1
[ Info: Installing RecipesBase v0.2.3
[ Info: Installing Reexport v0.1.0
[ Info: Installing SHA v0.5.6
[ Info: Installing SortingAlgorithms v0.2.0
[ Info: Installing SpecialFunctions v0.3.8
[ Info: Installing StatsBase v0.19.5
[ Info: Installing SweepOperator v0.1.0
[ Info: Installing TableTraits v0.1.0
[ Info: Installing TableTraitsUtils v0.1.3
[ Info: Installing TranscodingStreams v0.4.1
[ Info: Installing URIParser v0.3.0
[ Info: Installing WeakRefStrings v0.4.2
[ Info: Building SpecialFunctions
┌ Warning: `isalnum(c::Char)` is deprecated, use `isalpha(c) || isnumeric(c)` instead.
│   caller = is_userinfo_char at parser.jl:4 [inlined]
└ @ Core parser.jl:4
┌ Warning: `isalnum(c::Char)` is deprecated, use `isalpha(c) || isnumeric(c)` instead.
│   caller = is_host_char at parser.jl:8 [inlined]
└ @ Core parser.jl:8
┌ Warning: `isalnum(c::Char)` is deprecated, use `isalpha(c) || isnumeric(c)` instead.
│   caller = is_host_char at parser.jl:8 [inlined]
└ @ Core parser.jl:8
WARNING: importing deprecated binding Base.Associative into BinDeps.
WARNING: Base.Associative is deprecated, use AbstractDict instead.
  likely near /home/vagrant/.julia/v0.7/SpecialFunctions/deps/binaries.jl:44
in @install at /home/vagrant/.julia/v0.7/BinDeps/src/dependencies.jl
[ Info: Package database updated
┌ Info: METADATA is out-of-date — you may not have the latest version of FastGroupBy
└ Use `Pkg.update()` to get the latest versions of your packages

>>> 'Pkg.test("FastGroupBy")' log
WARNING: Base.versioninfo is deprecated: it has been moved to the standard library package `InteractiveUtils`.
Add `using InteractiveUtils` to your imports.
 in module Main
WARNING: Base.versioninfo is deprecated: it has been moved to the standard library package `InteractiveUtils`.
Add `using InteractiveUtils` to your imports.
 in module Main
Julia Version 0.7.0-DEV.3738
Commit 251a501def (2018-02-06 20:23 UTC)
Platform Info:
  OS: Linux (x86_64-pc-linux-gnu)
      Ubuntu 14.04.5 LTS
  uname: Linux 3.13.0-135-generic #184-Ubuntu SMP Wed Oct 18 11:55:51 UTC 2017 x86_64 x86_64
  CPU: Intel(R) Xeon(R) CPU E3-1241 v3 @ 3.50GHz: 
              speed         user         nice          sys         idle          irq
       #1  3499 MHz    5081503 s       2209 s     242404 s    1429845 s         82 s
       #2  3499 MHz    1262294 s       5964 s     101150 s    6379891 s          2 s
       
  Memory: 2.93927001953125 GB (761.640625 MB free)
  Uptime: 78965.0 sec
  Load Avg:  0.9208984375  0.95068359375  0.94970703125
  WORD_SIZE: 64
  LIBM: libopenlibm
  LLVM: libLLVM-3.9.1 (ORCJIT, haswell)
Environment:
  TERM = vt100
  LD_LIBRARY_PATH = :/usr/local/lib/
  PATH = /usr/local/sbin:/usr/local/bin:/usr/sbin:/usr/bin:/sbin:/bin:/usr/games:/usr/local/games:/home/vagrant/julia/bin/
  JAVA_HOME = /usr/lib/jvm/java-8-openjdk-amd64
  HOME = /home/vagrant
Packages:
  Package Directory: /home/vagrant/.julia/v0.7
  Package Status:
2 required packages:
 - FastGroupBy                   0.1.0
 - JSON                          0.16.4
31 additional packages:
 - BinDeps                       0.8.6
 - CategoricalArrays             0.3.3
 - CodecZlib                     0.4.2
 - Compat                        0.52.0
 - DataFrames                    0.11.5
 - DataStreams                   0.3.4
 - DataStructures                0.7.4
 - DataValues                    0.3.1
 - IndexedTables                 0.5.2
 - IteratorInterfaceExtensions   0.0.2
 - LearnBase                     0.1.6
 - LossFunctions                 0.2.0
 - Missings                      0.2.6
 - NamedTuples                   4.0.0
 - Nullables                     0.0.3
 - OnlineStats                   0.15.2
 - OnlineStatsBase               0.5.0
 - PenaltyFunctions              0.0.2
 - PooledArrays                  0.1.1
 - RecipesBase                   0.2.3
 - Reexport                      0.1.0
 - SHA                           0.5.6
 - SortingAlgorithms             0.2.0
 - SpecialFunctions              0.3.8
 - StatsBase                     0.19.5
 - SweepOperator                 0.1.0
 - TableTraits                   0.1.0
 - TableTraitsUtils              0.1.3
 - TranscodingStreams            0.4.1
 - URIParser                     0.3.0
 - WeakRefStrings                0.4.2
WARNING: Base.Pkg is deprecated, run `using Pkg` instead
 in module Main
[ Info: Computing test dependencies for FastGroupBy...
[ Info: No packages to install, update or remove
[ Info: Testing FastGroupBy
ERROR: LoadError: ArgumentError: Module SortingAlgorithms not found in current path.
Run `Pkg.add("SortingAlgorithms")` to install the SortingAlgorithms package.
Stacktrace:
 [1] require(::Module, ::Symbol) at ./loading.jl:868
 [2] include at ./boot.jl:295 [inlined]
 [3] include_relative(::Module, ::String) at ./loading.jl:1066
 [4] include(::Module, ::String) at ./sysimg.jl:26
 [5] top-level scope
 [6] eval at ./boot.jl:298 [inlined]
 [7] top-level scope at ./<missing>:3
in expression starting at /home/vagrant/.julia/v0.7/FastGroupBy/src/FastGroupBy.jl:4
ERROR: LoadError: Failed to precompile FastGroupBy to /home/vagrant/.julia/lib/v0.7/r5ji/FastGroupBy.ji.
Stacktrace:
 [1] error at ./error.jl:33 [inlined]
 [2] compilecache(::Base.PkgId) at ./loading.jl:1211
 [3] _require(::Base.PkgId) at ./loading.jl:1003
 [4] require(::Module, ::Symbol) at ./loading.jl:874
 [5] include at ./boot.jl:295 [inlined]
 [6] include_relative(::Module, ::String) at ./loading.jl:1066
 [7] include(::Module, ::String) at ./sysimg.jl:26
 [8] exec_options(::Base.JLOptions) at ./client.jl:332
 [9] _start() at ./client.jl:448
in expression starting at /home/vagrant/.julia/v0.7/FastGroupBy/test/runtests.jl:1
┌ Error: ------------------------------------------------------------
│ # Testing failed for FastGroupBy
│   exception =
│    failed process: Process(`/home/vagrant/julia/bin/julia -Cnative -J/home/vagrant/julia/lib/julia/sys.so --compile=yes --depwarn=yes --code-coverage=none --color=no --compiled-modules=yes --check-bounds=yes --warn-overwrite=yes --startup-file=yes /home/vagrant/.julia/v0.7/FastGroupBy/test/runtests.jl`, ProcessExited(1)) [1]
│    Stacktrace:
│     [1] error(::String, ::Base.Process, ::String, ::Int64, ::String) at ./error.jl:42
│     [2] pipeline_error(::Base.Process) at ./process.jl:698
│     [3] run(::Cmd) at ./process.jl:660
│     [4] (::getfield(Pkg.Entry, Symbol("##89#92")){Bool,String,Array{AbstractString,1}})() at /buildworker/worker/package_linux64/build/usr/share/julia/site/v0.7/Pkg/src/entry.jl:731
│     [5] cd(::getfield(Pkg.Entry, Symbol("##89#92")){Bool,String,Array{AbstractString,1}}, ::String) at ./file.jl:70
│     [6] #test!#88(::Bool, ::Function, ::String, ::Array{AbstractString,1}, ::Array{AbstractString,1}, ::Array{AbstractString,1}) at /buildworker/worker/package_linux64/build/usr/share/julia/site/v0.7/Pkg/src/entry.jl:719
│     [7] (::getfield(Pkg.Entry, Symbol("#kw##test!")))(::NamedTuple{(:coverage,),Tuple{Bool}}, ::typeof(Pkg.Entry.test!), ::String, ::Array{AbstractString,1}, ::Array{AbstractString,1}, ::Array{AbstractString,1}) at ./<missing>:0
│     [8] #test#96(::Bool, ::Function, ::Array{AbstractString,1}) at /buildworker/worker/package_linux64/build/usr/share/julia/site/v0.7/Pkg/src/entry.jl:758
│     [9] (::getfield(Pkg.Entry, Symbol("#kw##test")))(::NamedTuple{(:coverage,),Tuple{Bool}}, ::typeof(Pkg.Entry.test), ::Array{AbstractString,1}) at ./<missing>:0
│     [10] (::getfield(Pkg.Dir, Symbol("##4#7")){Base.Iterators.Pairs{Symbol,Bool,Tuple{Symbol},NamedTuple{(:coverage,),Tuple{Bool}}},typeof(Pkg.Entry.test),Tuple{Array{AbstractString,1}}})() at /buildworker/worker/package_linux64/build/usr/share/julia/site/v0.7/Pkg/src/dir.jl:36
│     [11] cd(::getfield(Pkg.Dir, Symbol("##4#7")){Base.Iterators.Pairs{Symbol,Bool,Tuple{Symbol},NamedTuple{(:coverage,),Tuple{Bool}}},typeof(Pkg.Entry.test),Tuple{Array{AbstractString,1}}}, ::String) at ./file.jl:70
│     [12] #cd#1(::Base.Iterators.Pairs{Symbol,Bool,Tuple{Symbol},NamedTuple{(:coverage,),Tuple{Bool}}}, ::Function, ::Function, ::Array{AbstractString,1}, ::Vararg{Array{AbstractString,1},N} where N) at /buildworker/worker/package_linux64/build/usr/share/julia/site/v0.7/Pkg/src/dir.jl:36
│     [13] (::getfield(Pkg.Dir, Symbol("#kw##cd")))(::NamedTuple{(:coverage,),Tuple{Bool}}, ::typeof(Pkg.Dir.cd), ::Function, ::Array{AbstractString,1}, ::Vararg{Array{AbstractString,1},N} where N) at ./<missing>:0
│     [14] #test#3(::Bool, ::Function, ::String, ::Vararg{String,N} where N) at /buildworker/worker/package_linux64/build/usr/share/julia/site/v0.7/Pkg/src/Pkg.jl:275
│     [15] test(::String, ::Vararg{String,N} where N) at /buildworker/worker/package_linux64/build/usr/share/julia/site/v0.7/Pkg/src/Pkg.jl:275
│     [16] top-level scope
│     [17] eval at ./boot.jl:298 [inlined]
│     [18] eval(::Module, ::Expr) at ./sysimg.jl:71
│     [19] exec_options(::Base.JLOptions) at ./client.jl:309
│     [20] _start() at ./client.jl:448
└ @ Pkg.Entry entry.jl:734
[ Info: No packages to install, update or remove
ERROR: FastGroupBy had test errors

>>> End of log
