>>> 'Pkg.add("FastClosures")' log
INFO: Installing FastClosures v0.2.0
INFO: Package database updated
INFO: METADATA is out-of-date — you may not have the latest version of FastClosures
INFO: Use `Pkg.update()` to get the latest versions of your packages

>>> 'Pkg.test("FastClosures")' log
Julia Version 0.6.2
Commit d386e40c17 (2017-12-13 18:08 UTC)
Platform Info:
  OS: Linux (x86_64-pc-linux-gnu)
  CPU: Intel(R) Xeon(R) CPU E3-1241 v3 @ 3.50GHz
  WORD_SIZE: 64
           Ubuntu 14.04.5 LTS
  uname: Linux 3.13.0-135-generic #184-Ubuntu SMP Wed Oct 18 11:55:51 UTC 2017 x86_64 x86_64
Memory: 2.93927001953125 GB (2108.98046875 MB free)
Uptime: 81191.0 sec
Load Avg:  1.0771484375  1.001953125  0.9921875
Intel(R) Xeon(R) CPU E3-1241 v3 @ 3.50GHz: 
       speed         user         nice          sys         idle          irq
#1  3499 MHz    5185006 s       2313 s     231412 s    1508194 s         57 s
#2  3499 MHz    1360031 s       4689 s     133465 s    6480129 s          1 s

  BLAS: libopenblas (USE64BITINT DYNAMIC_ARCH NO_AFFINITY Nehalem)
  LAPACK: libopenblas64_
  LIBM: libopenlibm
  LLVM: libLLVM-3.9.1 (ORCJIT, haswell)
Environment:
  TERM = vt100
  LD_LIBRARY_PATH = :/usr/local/lib/
  PATH = /usr/local/sbin:/usr/local/bin:/usr/sbin:/usr/bin:/sbin:/bin:/usr/games:/usr/local/games:/home/vagrant/julia/bin/
  JAVA_HOME = /usr/lib/jvm/java-8-openjdk-amd64
  HOME = /home/vagrant

Package Directory: /home/vagrant/.julia/v0.6
2 required packages:
 - FastClosures                  0.2.0
 - JSON                          0.17.1
2 additional packages:
 - Compat                        0.55.0
 - Nullables                     0.0.3
INFO: Testing FastClosures
Test Summary: | Pass  Total
FastClosures  |   21     21
INFO: FastClosures tests passed

>>> End of log
