>>> 'Pkg.add("FastTransforms")' log
INFO: Installing FastTransforms v0.0.7
INFO: Installing StatsBase v0.12.0
INFO: Installing ToeplitzMatrices v0.1.1
INFO: Package database updated
INFO: METADATA is out-of-date — you may not have the latest version of FastTransforms
INFO: Use `Pkg.update()` to get the latest versions of your packages

>>> 'Pkg.test("FastTransforms")' log
Julia Version 0.4.7
Commit ae26b25 (2016-09-18 16:17 UTC)
Platform Info:
  System: Linux (x86_64-pc-linux-gnu)
  CPU: Intel(R) Xeon(R) CPU E3-1241 v3 @ 3.50GHz
  WORD_SIZE: 64
           Ubuntu 14.04.5 LTS
  uname: Linux 3.13.0-128-generic #177-Ubuntu SMP Tue Aug 8 11:40:23 UTC 2017 x86_64 x86_64
Memory: 2.9392738342285156 GB (603.79296875 MB free)
Uptime: 32084.0 sec
Load Avg:  1.07373046875  0.9814453125  1.0185546875
Intel(R) Xeon(R) CPU E3-1241 v3 @ 3.50GHz: 
       speed         user         nice          sys         idle          irq
#1  3499 MHz    1511870 s        139 s     125385 s    1262501 s         41 s
#2  3499 MHz    1055978 s       6520 s     108309 s    1936367 s          0 s

  BLAS: libopenblas (USE64BITINT DYNAMIC_ARCH NO_AFFINITY Nehalem)
  LAPACK: libopenblas64_
  LIBM: libopenlibm
  LLVM: libLLVM-3.3
Environment:
  TERM = vt100
  LD_LIBRARY_PATH = :/usr/local/lib/
  PATH = /usr/local/sbin:/usr/local/bin:/usr/sbin:/usr/bin:/sbin:/bin:/usr/games:/usr/local/games:/home/vagrant/julia/bin/
  JAVA_HOME = /usr/lib/jvm/java-8-openjdk-amd64
  HOME = /home/vagrant

Package Directory: /home/vagrant/.julia/v0.4
2 required packages:
 - FastTransforms                0.0.7
 - JSON                          0.9.1
3 additional packages:
 - Compat                        0.26.0
 - StatsBase                     0.12.0
 - ToeplitzMatrices              0.1.1
INFO: Testing FastTransforms
Testing special functions
  0.050813 seconds (19.44 k allocations: 8.493 MB, 55.28% gc time)
  0.010113 seconds (6 allocations: 7.630 MB)
  0.016084 seconds (24.20 k allocations: 1.125 MB)
  0.037819 seconds (30.54 k allocations: 1.410 MB)
Testing the Chebyshev–Jacobi transform

N = 10

This is the mean log(||Error||_∞/Estimate): -3.979927282758543 and the standard deviation: 0.9924367442388938

N = 100

This is the mean log(||Error||_∞/Estimate): -4.063444884427348 and the standard deviation: 1.890001291860476

N = 1000

This is the mean log(||Error||_∞/Estimate): -4.4788646927588065 and the standard deviation: 2.268607769648524
Testing the special cases length(c) = 0,1,2:
Testing the special cases (α,β) = (±0.5,±0.5)
Testing increment/decrement operators for α,β ≤ -0.5
Testing increment/decrement operators for α ≤ -0.5, β > -0.5
Testing increment/decrement operators for α > -0.5, β ≤ -0.5
Testing increment/decrement operators for α > -0.5, β > -0.5
Testing for complex coefficients
Testing for Vector{Float32}
Testing for Matrix of coefficients
Testing Gaunt coefficients
Testing Table 2 of Y.-l. Xu, JCAM 85:53–65, 1997.
Testing Table 3 of Y.-l. Xu, JCAM 85:53–65, 1997.
Testing BigFloat support of FFT and DCT methods
Testing equivalence of CXN and ASY methods
Testing (I)Padua Transforms and their inverse function property
Testing runtimes for (I)Padua Transforms
  0.002019 seconds (418 allocations: 19.438 KB)
  0.003432 seconds (40.81 k allocations: 650.516 KB)
Accuracy of 2d function interpolation at a point
INFO: FastTransforms tests passed

>>> End of log
