>>> 'Pkg.add("FastTransforms")' log
INFO: Installing FastTransforms v0.0.6
INFO: Installing StatsBase v0.11.1
INFO: Installing ToeplitzMatrices v0.1.1
INFO: Package database updated
INFO: METADATA is out-of-date — you may not have the latest version of FastTransforms
INFO: Use `Pkg.update()` to get the latest versions of your packages

>>> 'Pkg.test("FastTransforms")' log
Julia Version 0.5.0
Commit 3c9d753 (2016-09-19 18:14 UTC)
Platform Info:
  System: Linux (x86_64-pc-linux-gnu)
  CPU: Intel(R) Xeon(R) CPU E3-1241 v3 @ 3.50GHz
  WORD_SIZE: 64
           Ubuntu 14.04.5 LTS
  uname: Linux 3.13.0-98-generic #145-Ubuntu SMP Sat Oct 8 20:13:07 UTC 2016 x86_64 x86_64
Memory: 2.939289093017578 GB (761.1953125 MB free)
Uptime: 24065.0 sec
Load Avg:  1.0302734375  1.05029296875  1.07373046875
Intel(R) Xeon(R) CPU E3-1241 v3 @ 3.50GHz: 
       speed         user         nice          sys         idle          irq
#1  3499 MHz    1517582 s       8240 s     112628 s     496689 s         56 s
#2  3499 MHz     664394 s         44 s      73231 s    1588593 s          1 s

  BLAS: libopenblas (USE64BITINT DYNAMIC_ARCH NO_AFFINITY Nehalem)
  LAPACK: libopenblas64_
  LIBM: libopenlibm
  LLVM: libLLVM-3.7.1 (ORCJIT, haswell)
Environment:
  TERM = vt100
  LD_LIBRARY_PATH = :/usr/local/lib/
  PATH = /usr/local/sbin:/usr/local/bin:/usr/sbin:/usr/bin:/sbin:/bin:/usr/games:/usr/local/games:/home/vagrant/julia/bin/
  JAVA_HOME = /usr/lib/jvm/java-7-oracle
  HOME = /home/vagrant

Package Directory: /home/vagrant/.julia/v0.5
2 required packages:
 - FastTransforms                0.0.6
 - JSON                          0.8.0
3 additional packages:
 - Compat                        0.9.2
 - StatsBase                     0.11.1
 - ToeplitzMatrices              0.1.1
INFO: Testing FastTransforms
Testing special functions
  0.041582 seconds (12.68 k allocations: 8.192 MB)
  0.006269 seconds (6 allocations: 7.630 MB)
  0.058919 seconds (23.94 k allocations: 1.067 MB)
  0.069323 seconds (26.60 k allocations: 1.165 MB)
Testing the Chebyshev–Jacobi transform

N = 10

This is the mean log(||Error||_∞/Estimate): -3.9186088902178473 and the standard deviation: 1.0567151211360455

N = 100

This is the mean log(||Error||_∞/Estimate): -4.097677650057845 and the standard deviation: 1.8642101892040943

N = 1000

This is the mean log(||Error||_∞/Estimate): -4.47152520201463 and the standard deviation: 2.2534653397100732
Testing the special cases length(c) = 0,1,2:
Testing the special cases (α,β) = (±0.5,±0.5)
Testing increment/decrement operators for α,β ≤ -0.5
Testing increment/decrement operators for α ≤ -0.5, β > -0.5
Testing increment/decrement operators for α > -0.5, β ≤ -0.5
Testing increment/decrement operators for α > -0.5, β > -0.5
Testing for complex coefficients
Testing for Vector{Float32}
Testing for Matrix of coefficients
Testing Gaunt coefficients
Testing Table 2 of Y.-l. Xu, JCAM 85:53–65, 1997.
Testing Table 3 of Y.-l. Xu, JCAM 85:53–65, 1997.
Testing BigFloat support of FFT and DCT methods
Testing equivalence of CXN and ASY methods
INFO: FastTransforms tests passed

>>> End of log
