>>> 'Pkg.add("Fatou")' log
INFO: Cloning cache of Fatou from https://github.com/chakravala/Fatou.jl.git
INFO: Cloning cache of ForceImport from https://github.com/chakravala/ForceImport.jl.git
INFO: Cloning cache of Reduce from https://github.com/chakravala/Reduce.jl.git
INFO: Cloning cache of SyntaxTree from https://github.com/chakravala/SyntaxTree.jl.git
INFO: Installing ColorTypes v0.6.7
INFO: Installing Colors v0.8.2
INFO: Installing Conda v1.0.0
INFO: Installing Fatou v0.2.0
INFO: Installing FixedPointNumbers v0.4.6
INFO: Installing ForceImport v0.0.2
INFO: Installing LaTeXStrings v1.0.0
INFO: Installing MacroTools v0.4.2
INFO: Installing PyCall v1.17.1
INFO: Installing PyPlot v2.6.0
INFO: Installing Reduce v0.4.1
INFO: Installing Reexport v0.1.0
INFO: Installing SyntaxTree v0.1.0
INFO: Installing VersionParsing v1.1.1
INFO: Building Conda
INFO: Building PyCall
Info: Using the Python distribution in the Conda package by default.
To use a different Python version, set ENV["PYTHON"]="pythoncommand" and re-run Pkg.build("PyCall").
Info: Running `conda install -y numpy` in root environment
Solving environment: ...working... done

# All requested packages already installed.

Info: PyCall is using /home/vagrant/.julia/v0.6/Conda/deps/usr/bin/python (Python 3.6.6) at /home/vagrant/.julia/v0.6/Conda/deps/usr/bin/python, libpython = /home/vagrant/.julia/v0.6/Conda/deps/usr/lib/libpython3.6m
Info: /home/vagrant/.julia/v0.6/PyCall/deps/deps.jl has not changed
Info: /home/vagrant/.julia/v0.6/PyCall/deps/PYTHON has not changed
INFO: Building Reduce
Building Reduce.jl with CSL binaries ... 
  % Total    % Received % Xferd  Average Speed   Time    Time     Time  Current
                                 Dload  Upload   Total   Spent    Left  Speed
  0     0    0     0    0     0      0      0 --:--:-- --:--:-- --:--:--     0  0     0    0     0    0     0      0      0 --:--:-- --:--:-- --:--:--     0100 15873  100 15873    0     0  22395      0 --:--:-- --:--:-- --:--:-- 22387
100   399  100   399    0     0    370      0  0:00:01  0:00:01 --:--:--   370100   399  100   399    0     0    370      0  0:00:01  0:00:01 --:--:--     0
 65 16.5M   65 10.7M    0     0  5323k      0  0:00:03  0:00:02  0:00:01 5323k100 16.5M  100 16.5M    0     0  6795k      0  0:00:02  0:00:02 --:--:-- 13.8M
./
./usr/
./usr/lib/
./usr/lib/reduce/
./usr/lib/reduce/cslbuild/
./usr/lib/reduce/cslbuild/csl/
./usr/lib/reduce/cslbuild/csl/bootstrapreduce.img
./usr/lib/reduce/cslbuild/csl/bootstrapreduce
./usr/lib/reduce/cslbuild/csl/csl
./usr/lib/reduce/cslbuild/csl/reduce.doc
./usr/lib/reduce/cslbuild/csl/reduce.fonts
./usr/lib/reduce/cslbuild/csl/reduce.resources/
./usr/lib/reduce/cslbuild/csl/reduce.resources/qepcad.awk
./usr/lib/reduce/cslbuild/csl/reduce.resources/mma.awk
./usr/lib/reduce/cslbuild/csl/reduce.img
./usr/lib/reduce/cslbuild/csl/reduce
./usr/lib/reduce/cslbuild/csl/csl.img
./usr/bin/
./usr/bin/bootstrapreduce
./usr/bin/csl
./usr/bin/redcsl
./usr/share/
./usr/share/doc/
./usr/share/doc/reduce-csl/
./usr/share/doc/reduce-csl/changelog.gz
./usr/share/doc/reduce-csl/copyright
./usr/share/man/
./usr/share/man/man1/
./usr/share/man/man1/redcsl.1.gz
./usr/share/reduce/
./usr/share/reduce/cslbuild
./usr/share/reduce/fonts/
./usr/share/reduce/fonts/cmmi5.ttf
./usr/share/reduce/fonts/cmmi10.pfa
./usr/share/reduce/fonts/cmuntt.pfb
./usr/share/reduce/fonts/cmr12.ttf
./usr/share/reduce/fonts/cmmi7.ttf
./usr/share/reduce/fonts/cmr10.pfa
./usr/share/reduce/fonts/cmmi6.ttf
./usr/share/reduce/fonts/cmr6.ttf
./usr/share/reduce/fonts/cmr10.pfb
./usr/share/reduce/fonts/cmsy10.ttf
./usr/share/reduce/fonts/cmex10.pfa
./usr/share/reduce/fonts/cmex10.ttf
./usr/share/reduce/fonts/cmsy8.ttf
./usr/share/reduce/fonts/cmmi8.ttf
./usr/share/reduce/fonts/cmmi12.ttf
./usr/share/reduce/fonts/cmmi10.pfb
./usr/share/reduce/fonts/cmr8.ttf
./usr/share/reduce/fonts/cmr9.ttf
./usr/share/reduce/fonts/README.BaKoMa
./usr/share/reduce/fonts/cmuntt.ttf
./usr/share/reduce/fonts/fonts.dir
./usr/share/reduce/fonts/cmr10.ttf
./usr/share/reduce/fonts/cmr7.ttf
./usr/share/reduce/fonts/pfmfiles/
./usr/share/reduce/fonts/pfmfiles/cmsy10.pfm
./usr/share/reduce/fonts/pfmfiles/cmmi10.pfm
./usr/share/reduce/fonts/pfmfiles/cmr10.pfm
./usr/share/reduce/fonts/pfmfiles/cmex10.pfm
./usr/share/reduce/fonts/cmsy5.ttf
./usr/share/reduce/fonts/cmex7.ttf
./usr/share/reduce/fonts/cmex10.pfb
./usr/share/reduce/fonts/cmr5.ttf
./usr/share/reduce/fonts/fonts.scale
./usr/share/reduce/fonts/cmmi9.ttf
./usr/share/reduce/fonts/cmsy9.ttf
./usr/share/reduce/fonts/cmsy7.ttf
./usr/share/reduce/fonts/cmr17.ttf
./usr/share/reduce/fonts/cmsy10.pfa
./usr/share/reduce/fonts/cmex8.ttf
./usr/share/reduce/fonts/cmsy6.ttf
./usr/share/reduce/fonts/cmsy10.pfb
./usr/share/reduce/fonts/README.cmps-fonts
./usr/share/reduce/fonts/README
./usr/share/reduce/fonts/cmex9.ttf
./usr/share/reduce/fonts/cmmi10.ttf
DONE
INFO: Package database updated
INFO: METADATA is out-of-date — you may not have the latest version of Fatou
INFO: Use `Pkg.update()` to get the latest versions of your packages

>>> 'Pkg.test("Fatou")' log
Julia Version 0.6.4
Commit 9d11f62bcb (2018-07-09 19:09 UTC)
Platform Info:
  OS: Linux (x86_64-pc-linux-gnu)
  CPU: Intel(R) Xeon(R) CPU E3-1241 v3 @ 3.50GHz
  WORD_SIZE: 64
           Ubuntu 14.04.5 LTS
  uname: Linux 3.13.0-143-generic #192-Ubuntu SMP Tue Feb 27 10:45:36 UTC 2018 x86_64 x86_64
Memory: 2.939197540283203 GB (1477.8984375 MB free)
Uptime: 87586.0 sec
Load Avg:  1.07958984375  1.0673828125  1.0048828125
Intel(R) Xeon(R) CPU E3-1241 v3 @ 3.50GHz: 
       speed         user         nice          sys         idle          irq
#1  3501 MHz    5430805 s       1507 s     399502 s    1597707 s         11 s
#2  3501 MHz    1289766 s       5857 s     188187 s    7124458 s          0 s

  BLAS: libopenblas (USE64BITINT DYNAMIC_ARCH NO_AFFINITY Nehalem MAX_THREADS=16)
  LAPACK: libopenblas64_
  LIBM: libopenlibm
  LLVM: libLLVM-3.9.1 (ORCJIT, haswell)
Environment:
  TERM = vt100
  LD_LIBRARY_PATH = :/usr/local/lib/
  PATH = /usr/local/sbin:/usr/local/bin:/usr/sbin:/usr/bin:/sbin:/bin:/usr/games:/usr/local/games:/home/vagrant/julia/bin/
  JAVA_HOME = /usr/lib/jvm/java-8-openjdk-amd64
  HOME = /home/vagrant

Package Directory: /home/vagrant/.julia/v0.6
2 required packages:
 - Fatou                         0.2.0
 - JSON                          0.17.2
15 additional packages:
 - ColorTypes                    0.6.7
 - Colors                        0.8.2
 - Compat                        1.0.0
 - Conda                         1.0.0
 - FixedPointNumbers             0.4.6
 - ForceImport                   0.0.2
 - LaTeXStrings                  1.0.0
 - MacroTools                    0.4.2
 - Nullables                     0.0.6
 - PyCall                        1.17.1
 - PyPlot                        2.6.0
 - Reduce                        0.4.1
 - Reexport                      0.1.0
 - SyntaxTree                    0.1.0
 - VersionParsing                1.1.1
INFO: Testing Fatou
WARNING: No working GUI backend found for matplotlib
Fatou detected 1 julia threads.
  0.360198 seconds (11.13 M allocations: 356.193 MiB, 18.52% gc time)
  0.113732 seconds (2.98 M allocations: 95.054 MiB, 22.47% gc time)
  0.102387 seconds (2.76 M allocations: 88.167 MiB, 20.56% gc time)
INFO: Fatou tests passed

>>> End of log
