>>> 'Pkg.add("Fatou")' log
[ Info: Cloning cache of Fatou from https://github.com/chakravala/Fatou.jl.git @ Base.Pkg.Cache cache.jl:43
[ Info: Cloning cache of SymPy from https://github.com/JuliaPy/SymPy.jl.git @ Base.Pkg.Cache cache.jl:43
[ Info: Installing BaseTestNext v0.2.2 @ Base.Pkg.Entry entry.jl:543
[ Info: Installing BinDeps v0.8.2 @ Base.Pkg.Entry entry.jl:543
[ Info: Installing ColorTypes v0.6.6 @ Base.Pkg.Entry entry.jl:543
[ Info: Installing Colors v0.8.2 @ Base.Pkg.Entry entry.jl:543
[ Info: Installing Conda v0.7.1 @ Base.Pkg.Entry entry.jl:543
[ Info: Installing Fatou v0.1.3 @ Base.Pkg.Entry entry.jl:543
[ Info: Installing FixedPointNumbers v0.4.3 @ Base.Pkg.Entry entry.jl:543
[ Info: Installing LaTeXStrings v0.3.0 @ Base.Pkg.Entry entry.jl:543
[ Info: Installing MacroTools v0.4.0 @ Base.Pkg.Entry entry.jl:543
[ Info: Installing PyCall v1.15.0 @ Base.Pkg.Entry entry.jl:543
[ Info: Installing PyPlot v2.3.2 @ Base.Pkg.Entry entry.jl:543
[ Info: Installing RecipesBase v0.2.3 @ Base.Pkg.Entry entry.jl:543
[ Info: Installing Reexport v0.1.0 @ Base.Pkg.Entry entry.jl:543
[ Info: Installing SHA v0.5.2 @ Base.Pkg.Entry entry.jl:543
[ Info: Installing SymPy v0.5.4 @ Base.Pkg.Entry entry.jl:543
[ Info: Installing URIParser v0.3.0 @ Base.Pkg.Entry entry.jl:543
[ Info: Building Conda @ Main none:10
┌ Warning: `isdefined(:symbol)` is deprecated, use `@isdefined symbol` instead
│   caller = ip:0x0
└ @ Core :-1
┌ Warning: `readstring(filename::AbstractString)` is deprecated, use `read(filename, String)` instead.
│   caller = top-level scope
└ @ Core :0
[ Info: Building PyCall @ Main none:10
┌ Warning: Deprecated syntax `immutable` at /home/vagrant/.julia/v0.7/PyCall/deps/build.jl:11.
│ Use `struct` instead.
└ @ nothing build.jl:11
[ Warning: Replacing module `URIParser` @ Base loading.jl:350
[ Warning: Replacing module `SHA` @ Base loading.jl:350
┌ Warning: Deprecated syntax `type` at /home/vagrant/.julia/v0.7/Conda/src/bindeps_conda.jl:4.
│ Use `mutable struct` instead.
└ @ nothing bindeps_conda.jl:4
┌ Warning: Deprecated syntax `parametric method syntax Base.show{T}(io::IO, manager::EnvManager{T})` around /home/vagrant/.julia/v0.7/Conda/src/bindeps_conda.jl:12.
│ Use `Base.show(io::IO, manager::EnvManager{T}) where T` instead.
└ @ nothing bindeps_conda.jl:12
┌ Warning: Deprecated syntax `parametric method syntax BinDeps.package_available{T}(manager::EnvManager{T})` around /home/vagrant/.julia/v0.7/Conda/src/bindeps_conda.jl:18.
│ Use `BinDeps.package_available(manager::EnvManager{T}) where T` instead.
└ @ nothing bindeps_conda.jl:18
┌ Warning: Deprecated syntax `parametric method syntax BinDeps.libdir{T}(m::EnvManager{T}, ::Any)` around /home/vagrant/.julia/v0.7/Conda/src/bindeps_conda.jl:28.
│ Use `BinDeps.libdir(m::EnvManager{T}, #unused#::Any) where T` instead.
└ @ nothing bindeps_conda.jl:28
┌ Warning: Deprecated syntax `parametric method syntax BinDeps.bindir{T}(m::EnvManager{T}, ::Any)` around /home/vagrant/.julia/v0.7/Conda/src/bindeps_conda.jl:29.
│ Use `BinDeps.bindir(m::EnvManager{T}, #unused#::Any) where T` instead.
└ @ nothing bindeps_conda.jl:29
┌ Warning: Deprecated syntax `parametric method syntax BinDeps.provider{T, S <: String}(::Type{EnvManager{T}}, packages::Vector{S}; opts...)` around /home/vagrant/.julia/v0.7/Conda/src/bindeps_conda.jl:31.
│ Use `BinDeps.provider(#s4::Type{EnvManager{T}}, packages::Vector{S}; opts...) where {T, S <: String}` instead.
└ @ nothing bindeps_conda.jl:31
┌ Warning: Deprecated syntax `parametric method syntax BinDeps.provider{T}(::Type{EnvManager{T}}, packages::String; opts...)` around /home/vagrant/.julia/v0.7/Conda/src/bindeps_conda.jl:32.
│ Use `BinDeps.provider(#s4::Type{EnvManager{T}}, packages::String; opts...) where T` instead.
└ @ nothing bindeps_conda.jl:32
┌ Warning: Deprecated syntax `parametric method syntax install{T}(pkgs, manager::EnvManager{T})` around /home/vagrant/.julia/v0.7/Conda/src/bindeps_conda.jl:43.
│ Use `install(pkgs, manager::EnvManager{T}) where T` instead.
└ @ nothing bindeps_conda.jl:43
[ Warning: Deprecated syntax ``const` declaration on local variable` around /home/vagrant/.julia/v0.7/PyCall/deps/build.jl:50. @ nothing build.jl:50
[ Warning: Deprecated syntax ``const` declaration on local variable` around /home/vagrant/.julia/v0.7/PyCall/deps/build.jl:145. @ nothing build.jl:145
[ Warning: Deprecated syntax ``const` declaration on local variable` around /home/vagrant/.julia/v0.7/PyCall/deps/build.jl:187. @ nothing build.jl:187
[ Warning: Deprecated syntax ``const` declaration on local variable` around /home/vagrant/.julia/v0.7/PyCall/deps/build.jl:187. @ nothing build.jl:187
[ Warning: Deprecated syntax ``const` declaration on local variable` around /home/vagrant/.julia/v0.7/PyCall/deps/build.jl:188. @ nothing build.jl:188
[ Warning: Deprecated syntax ``const` declaration on local variable` around /home/vagrant/.julia/v0.7/PyCall/deps/build.jl:207. @ nothing build.jl:207
WARNING: importing deprecated binding Base.Void into __anon__.
WARNING: Base.Void is deprecated, use Nothing instead.
  likely near /home/vagrant/.julia/v0.7/PyCall/deps/depsutils.jl:20
WARNING: Base.Void is deprecated, use Nothing instead.
  likely near /home/vagrant/.julia/v0.7/PyCall/deps/depsutils.jl:20
┌ Warning: `info()` is deprecated, use `@info` instead.
│   caller = top-level scope at build.jl:169
└ @ Core build.jl:169
INFO: Using the Python distribution in the Conda package by default.
To use a different Python version, set ENV["PYTHON"]="pythoncommand" and re-run Pkg.build("PyCall").
Fetching package metadata .............
Solving package specifications: .

# All requested packages already installed.
# packages in environment at /home/vagrant/.julia/v0.7/Conda/deps/usr:
#
numpy                     1.13.3          py27_blas_openblas_201  [blas_openblas]  conda-forge
┌ Warning: `readstring(cmd::AbstractCmd)` is deprecated, use `read(cmd, String)` instead.
│   caller = (::getfield(Main.__anon__, Symbol("#pyvar#2")))(::String, ::String, ::String) at build.jl:39
└ @ Main.__anon__ build.jl:39
┌ Warning: `unshift!` is deprecated, use `pushfirst!` instead.
│   caller = (::getfield(Main.__anon__, Symbol("#find_libpython#5")))(::String) at build.jl:58
└ @ Main.__anon__ build.jl:58
┌ Warning: `unshift!` is deprecated, use `pushfirst!` instead.
│   caller = (::getfield(Main.__anon__, Symbol("#find_libpython#5")))(::String) at build.jl:60
└ @ Main.__anon__ build.jl:60
┌ Warning: `unshift!` is deprecated, use `pushfirst!` instead.
│   caller = (::getfield(Main.__anon__, Symbol("#find_libpython#5")))(::String) at build.jl:60
└ @ Main.__anon__ build.jl:60
┌ Warning: `info()` is deprecated, use `@info` instead.
│   caller = top-level scope at build.jl:209
└ @ Core build.jl:209
INFO: PyCall is using /home/vagrant/.julia/v0.7/Conda/deps/usr/bin/python (Python 2.7.14) at /home/vagrant/.julia/v0.7/Conda/deps/usr/bin/python, libpython = /home/vagrant/.julia/v0.7/Conda/deps/usr/lib/libpython2.7
┌ Warning: `readstring(filename::AbstractString)` is deprecated, use `read(filename, String)` instead.
│   caller = (::getfield(Main.__anon__, Symbol("#writeifchanged#7")))(::String, ::String) at build.jl:224
└ @ Main.__anon__ build.jl:224
┌ Warning: `info()` is deprecated, use `@info` instead.
│   caller = (::getfield(Main.__anon__, Symbol("#writeifchanged#7")))(::String, ::String) at build.jl:228
└ @ Main.__anon__ build.jl:228
INFO: /home/vagrant/.julia/v0.7/PyCall/deps/deps.jl has not changed
┌ Warning: `readstring(filename::AbstractString)` is deprecated, use `read(filename, String)` instead.
│   caller = (::getfield(Main.__anon__, Symbol("#writeifchanged#7")))(::String, ::SubString{String}) at build.jl:224
└ @ Main.__anon__ build.jl:224
┌ Warning: `info()` is deprecated, use `@info` instead.
│   caller = (::getfield(Main.__anon__, Symbol("#writeifchanged#7")))(::String, ::SubString{String}) at build.jl:228
└ @ Main.__anon__ build.jl:228
INFO: /home/vagrant/.julia/v0.7/PyCall/deps/PYTHON has not changed
[ Info: Package database updated @ Base.Pkg.Entry entry.jl:32
┌ Info: METADATA is out-of-date — you may not have the latest version of Fatou
│ Use `Pkg.update()` to get the latest versions of your packages
└ @ Base.Pkg.Entry entry.jl:74

>>> 'Pkg.test("Fatou")' log
Julia Version 0.7.0-DEV.3246
Commit 2138144d3a (2018-01-04 02:34 UTC)
Platform Info:
  OS: Linux (x86_64-pc-linux-gnu)
      Ubuntu 14.04.5 LTS
  uname: Linux 3.13.0-135-generic #184-Ubuntu SMP Wed Oct 18 11:55:51 UTC 2017 x86_64 x86_64
  CPU: Intel(R) Xeon(R) CPU E3-1241 v3 @ 3.50GHz: 
              speed         user         nice          sys         idle          irq
       #1  3499 MHz    4328754 s        126 s     214294 s    1105275 s         64 s
       #2  3499 MHz     921613 s         51 s      88718 s    5500694 s          0 s
       
  Memory: 2.93927001953125 GB (765.30859375 MB free)
  Uptime: 66156.0 sec
  Load Avg:  0.91357421875  0.982421875  1.025390625
  WORD_SIZE: 64
  BLAS: libopenblas (USE64BITINT DYNAMIC_ARCH NO_AFFINITY Nehalem)
  LAPACK: libopenblas64_
  LIBM: libopenlibm
  LLVM: libLLVM-3.9.1 (ORCJIT, haswell)
Environment:
  TERM = vt100
  LD_LIBRARY_PATH = :/usr/local/lib/
  PATH = /usr/local/sbin:/usr/local/bin:/usr/sbin:/usr/bin:/sbin:/bin:/usr/games:/usr/local/games:/home/vagrant/julia/bin/
  JAVA_HOME = /usr/lib/jvm/java-8-openjdk-amd64
  HOME = /home/vagrant
Packages:
  Package Directory: /home/vagrant/.julia/v0.7
  Package Status:
2 required packages:
 - Fatou                         0.1.3
 - JSON                          0.16.3
17 additional packages:
 - BaseTestNext                  0.2.2
 - BinDeps                       0.8.2
 - ColorTypes                    0.6.6
 - Colors                        0.8.2
 - Compat                        0.42.0
 - Conda                         0.7.1
 - FixedPointNumbers             0.4.3
 - LaTeXStrings                  0.3.0
 - MacroTools                    0.4.0
 - Nullables                     0.0.2
 - PyCall                        1.15.0
 - PyPlot                        2.3.2
 - RecipesBase                   0.2.3
 - Reexport                      0.1.0
 - SHA                           0.5.2
 - SymPy                         0.5.4
 - URIParser                     0.3.0
[ Info: Testing Fatou @ Base.Pkg.Entry entry.jl:723
┌ Warning: Deprecated syntax `type` at /home/vagrant/.julia/v0.7/Fatou/src/Fatou.jl:31.
│ Use `mutable struct` instead.
└ @ nothing Fatou.jl:31
┌ Warning: Deprecated syntax `immutable` at /home/vagrant/.julia/v0.7/Fatou/src/Fatou.jl:82.
│ Use `struct` instead.
└ @ nothing Fatou.jl:82
┌ Warning: Deprecated syntax `K.mandel ? z = K.seed:` at /home/vagrant/.julia/v0.7/Fatou/src/Fatou.jl:264.
│ Use `K.mandel ? z = K.seed :` instead.
└ @ nothing Fatou.jl:264
┌ Warning: Deprecated syntax `<(VERSION, @v_str # /home/vagrant/.julia/v0.7/Fatou/src/Fatou.jl, line 306 "0.6.0")?` at /home/vagrant/.julia/v0.7/Fatou/src/Fatou.jl:306.
│ Use `<(VERSION, @v_str # /home/vagrant/.julia/v0.7/Fatou/src/Fatou.jl, line 306 "0.6.0") ?` instead.
└ @ nothing Fatou.jl:306
┌ Warning: Deprecated syntax `<(VERSION, @v_str # /home/vagrant/.julia/v0.7/Fatou/src/Fatou.jl, line 306 "0.6.0") ?'"'` at /home/vagrant/.julia/v0.7/Fatou/src/Fatou.jl:306.
│ Use `<(VERSION, @v_str # /home/vagrant/.julia/v0.7/Fatou/src/Fatou.jl, line 306 "0.6.0") ? '"'` instead.
└ @ nothing Fatou.jl:306
WARNING: importing deprecated binding Base.@sprintf into Colors.
ERROR: LoadError: LoadError: LoadError: LoadError: Base.@sprintf has been moved to the standard library package Printf.
Restart Julia and then run `using Printf` to load it.
Stacktrace:
 [1] error(::Function, ::String, ::String, ::String, ::String, ::String, ::String) at ./error.jl:42
 [2] #@sprintf#922(::Base.Iterators.IndexValue{Union{},Union{},Tuple{},NamedTuple{(),Tuple{}}}, ::Function, ::LineNumberNode, ::Vararg{Any,N} where N) at ./deprecated.jl:138
 [3] @sprintf(::Vararg{Any,N} where N) at ./deprecated.jl:138
 [4] #macroexpand#37 at ./expr.jl:75 [inlined]
 [5] macroexpand at ./expr.jl:74 [inlined]
 [6] docm(::LineNumberNode, ::Module, ::String, ::Expr, ::Bool) at ./docs/Docs.jl:657 (repeats 2 times)
 [7] @doc(::LineNumberNode, ::Module, ::String, ::Vararg{Any,N} where N) at ./boot.jl:411
 [8] include at ./boot.jl:295 [inlined]
 [9] include_relative(::Module, ::String) at ./loading.jl:521
 [10] include at ./sysimg.jl:26 [inlined]
 [11] include(::String) at /home/vagrant/.julia/v0.7/Colors/src/Colors.jl:3
 [12] top-level scope
 [13] include at ./boot.jl:295 [inlined]
 [14] include_relative(::Module, ::String) at ./loading.jl:521
 [15] include(::Module, ::String) at ./sysimg.jl:26
 [16] top-level scope
 [17] eval at ./boot.jl:298 [inlined]
 [18] top-level scope at ./<missing>:2
in expression starting at /home/vagrant/.julia/v0.7/Colors/src/utilities.jl:19
in expression starting at /home/vagrant/.julia/v0.7/Colors/src/utilities.jl:12
in expression starting at /home/vagrant/.julia/v0.7/Colors/src/utilities.jl:12
in expression starting at /home/vagrant/.julia/v0.7/Colors/src/Colors.jl:30
ERROR: LoadError: LoadError: Failed to precompile Colors to /home/vagrant/.julia/lib/v0.7/Colors.ji.
Stacktrace:
 [1] error at ./error.jl:33 [inlined]
 [2] compilecache(::String) at ./loading.jl:648
 [3] compilecache at ./loading.jl:605 [inlined]
 [4] _require(::Symbol) at ./loading.jl:460
 [5] require(::Symbol) at ./loading.jl:333
 [6] include at ./boot.jl:295 [inlined]
 [7] include_relative(::Module, ::String) at ./loading.jl:521
 [8] _require(::Symbol) at ./loading.jl:453
 [9] require(::Symbol) at ./loading.jl:333
 [10] include at ./boot.jl:295 [inlined]
 [11] include_relative(::Module, ::String) at ./loading.jl:521
 [12] include(::Module, ::String) at ./sysimg.jl:26
 [13] process_options(::Base.JLOptions) at ./client.jl:323
 [14] _start() at ./client.jl:374
in expression starting at /home/vagrant/.julia/v0.7/Fatou/src/Fatou.jl:2
in expression starting at /home/vagrant/.julia/v0.7/Fatou/test/runtests.jl:1
┌ Error: ------------------------------------------------------------
│ # Testing failed for Fatou
│   exception = ErrorException("failed process: Process(`/home/vagrant/julia/bin/julia -Cnative -J/home/vagrant/julia/lib/julia/sys.so --compile=yes --depwarn=yes --code-coverage=none --color=no --compiled-modules=yes --check-bounds=yes --warn-overwrite=yes --startup-file=yes /home/vagrant/.julia/v0.7/Fatou/test/runtests.jl`, ProcessExited(1)) [1]")
└ @ Base.Pkg.Entry entry.jl:739
ERROR: Fatou had test errors

>>> End of log
