>>> 'Pkg.add("FEniCS")' log
[ Info: Cloning cache of FEniCS from https://github.com/JuliaDiffEq/FEniCS.jl.git
[ Info: Installing BinDeps v0.8.5
[ Info: Installing Conda v0.7.1
[ Info: Installing FEniCS v0.0.2
[ Info: Installing MacroTools v0.4.0
[ Info: Installing PyCall v1.15.0
[ Info: Installing SHA v0.5.3
[ Info: Installing URIParser v0.3.0
[ Info: Building Conda
┌ Warning: `isdefined(:symbol)` is deprecated, use `@isdefined symbol` instead
│   caller = ip:0x0
└ @ Core :-1
┌ Warning: `readstring(filename::AbstractString)` is deprecated, use `read(filename, String)` instead.
│   caller = top-level scope
└ @ Core :0
[ Info: Building PyCall
┌ Warning: Deprecated syntax `immutable` at /home/vagrant/.julia/v0.7/PyCall/deps/build.jl:11.
│ Use `struct` instead.
└ @ nothing build.jl:11
┌ Warning: Replacing module `URIParser`
└ @ Base loading.jl:350
┌ Warning: Replacing module `SHA`
└ @ Base loading.jl:350
┌ Warning: Deprecated syntax ``const` declaration on local variable` around /home/vagrant/.julia/v0.7/PyCall/deps/build.jl:50.
└ @ nothing build.jl:50
┌ Warning: Deprecated syntax ``const` declaration on local variable` around /home/vagrant/.julia/v0.7/PyCall/deps/build.jl:145.
└ @ nothing build.jl:145
┌ Warning: Deprecated syntax ``const` declaration on local variable` around /home/vagrant/.julia/v0.7/PyCall/deps/build.jl:187.
└ @ nothing build.jl:187
┌ Warning: Deprecated syntax ``const` declaration on local variable` around /home/vagrant/.julia/v0.7/PyCall/deps/build.jl:187.
└ @ nothing build.jl:187
┌ Warning: Deprecated syntax ``const` declaration on local variable` around /home/vagrant/.julia/v0.7/PyCall/deps/build.jl:188.
└ @ nothing build.jl:188
┌ Warning: Deprecated syntax ``const` declaration on local variable` around /home/vagrant/.julia/v0.7/PyCall/deps/build.jl:207.
└ @ nothing build.jl:207
WARNING: importing deprecated binding Base.Void into __anon__.
WARNING: Base.Void is deprecated, use Nothing instead.
  likely near /home/vagrant/.julia/v0.7/PyCall/deps/depsutils.jl:20
WARNING: Base.Void is deprecated, use Nothing instead.
  likely near /home/vagrant/.julia/v0.7/PyCall/deps/depsutils.jl:20
┌ Warning: `info()` is deprecated, use `@info` instead.
│   caller = top-level scope at build.jl:169
└ @ Core build.jl:169
INFO: Using the Python distribution in the Conda package by default.
To use a different Python version, set ENV["PYTHON"]="pythoncommand" and re-run Pkg.build("PyCall").
Fetching package metadata .............
Solving package specifications: .

# All requested packages already installed.
# packages in environment at /home/vagrant/.julia/v0.7/Conda/deps/usr:
#
numpy                     1.14.0          py27_blas_openblas_200  [blas_openblas]  conda-forge
┌ Warning: `readstring(cmd::AbstractCmd)` is deprecated, use `read(cmd, String)` instead.
│   caller = (::getfield(Main.__anon__, Symbol("#pyvar#2")))(::String, ::String, ::String) at build.jl:39
└ @ Main.__anon__ build.jl:39
┌ Warning: `unshift!` is deprecated, use `pushfirst!` instead.
│   caller = (::getfield(Main.__anon__, Symbol("#find_libpython#5")))(::String) at build.jl:58
└ @ Main.__anon__ build.jl:58
┌ Warning: `unshift!` is deprecated, use `pushfirst!` instead.
│   caller = (::getfield(Main.__anon__, Symbol("#find_libpython#5")))(::String) at build.jl:60
└ @ Main.__anon__ build.jl:60
┌ Warning: `unshift!` is deprecated, use `pushfirst!` instead.
│   caller = (::getfield(Main.__anon__, Symbol("#find_libpython#5")))(::String) at build.jl:60
└ @ Main.__anon__ build.jl:60
┌ Error: ------------------------------------------------------------
│ # Build failed for PyCall
│   exception =
│    LoadError: UndefVarError: Libdl not defined
│    Stacktrace:
│     [1] (::getfield(Main.__anon__, Symbol("#find_libpython#5")))(::String) at /home/vagrant/.julia/v0.7/PyCall/deps/build.jl:85
│     [2] top-level scope at /home/vagrant/.julia/v0.7/PyCall/deps/build.jl:187
│     [3] include at ./boot.jl:292 [inlined]
│     [4] include_relative(::Module, ::String) at ./loading.jl:521
│     [5] include at ./sysimg.jl:26 [inlined]
│     [6] include(::String) at ./loading.jl:555
│     [7] top-level scope
│     [8] eval at ./boot.jl:295 [inlined]
│     [9] eval at ./sysimg.jl:71 [inlined]
│     [10] evalfile(::String, ::Array{String,1}) at ./loading.jl:550 (repeats 2 times)
│     [11] #2 at ./none:12 [inlined]
│     [12] cd(::getfield(, Symbol("##2#5")){String}, ::String) at ./file.jl:70
│     [13] (::getfield(, Symbol("##1#3")))(::IOStream) at ./none:11
│     [14] open(::getfield(, Symbol("##1#3")), ::String, ::String) at ./iostream.jl:310
│     [15] top-level scope
│     [16] eval at ./boot.jl:295 [inlined]
│     [17] eval(::Module, ::Expr) at ./sysimg.jl:71
│     [18] process_options(::Base.JLOptions) at ./client.jl:301
│     [19] _start() at ./client.jl:375
│    in expression starting at /home/vagrant/.julia/v0.7/PyCall/deps/build.jl:255
└ @ Main none:15
[ Info: Building FEniCS
┌ Warning: Deprecated syntax `immutable` at /home/vagrant/.julia/v0.7/PyCall/src/PyCall.jl:48.
│ Use `struct` instead.
└ @ nothing PyCall.jl:48
┌ Warning: Deprecated syntax `type` at /home/vagrant/.julia/v0.7/PyCall/src/PyCall.jl:70.
│ Use `mutable struct` instead.
└ @ nothing PyCall.jl:70
┌ Warning: Deprecated syntax `immutable` at /home/vagrant/.julia/v0.7/PyCall/src/PyCall.jl:324.
│ Use `struct` instead.
└ @ nothing PyCall.jl:324
┌ Warning: Deprecated syntax `immutable` at /home/vagrant/.julia/v0.7/PyCall/src/PyCall.jl:48.
│ Use `struct` instead.
└ @ nothing PyCall.jl:48
┌ Warning: Deprecated syntax `type` at /home/vagrant/.julia/v0.7/PyCall/src/PyCall.jl:70.
│ Use `mutable struct` instead.
└ @ nothing PyCall.jl:70
┌ Warning: Deprecated syntax `immutable` at /home/vagrant/.julia/v0.7/PyCall/src/PyCall.jl:324.
│ Use `struct` instead.
└ @ nothing PyCall.jl:324
┌ Warning: Replacing module `URIParser`
└ @ Base loading.jl:350
┌ Warning: Replacing module `SHA`
└ @ Base loading.jl:350
WARNING: importing deprecated binding Base.Void into PyCall.
WARNING: Base.Void is deprecated, use Nothing instead.
  likely near /home/vagrant/.julia/v0.7/PyCall/src/../deps/depsutils.jl:20
WARNING: Base.Void is deprecated, use Nothing instead.
  likely near /home/vagrant/.julia/v0.7/PyCall/src/../deps/depsutils.jl:20
┌ Warning: Deprecated syntax `immutable` at /home/vagrant/.julia/v0.7/PyCall/src/startup.jl:8.
│ Use `struct` instead.
└ @ nothing startup.jl:8
WARNING: Base.Void is deprecated, use Nothing instead.
  likely near /home/vagrant/.julia/v0.7/PyCall/src/startup.jl:6
WARNING: Base.Void is deprecated, use Nothing instead.
  likely near /home/vagrant/.julia/v0.7/PyCall/src/startup.jl:8
WARNING: Base.Void is deprecated, use Nothing instead.
  likely near /home/vagrant/.julia/v0.7/PyCall/src/startup.jl:8
WARNING: Base.Void is deprecated, use Nothing instead.
  likely near /home/vagrant/.julia/v0.7/PyCall/src/startup.jl:8
WARNING: Base.Void is deprecated, use Nothing instead.
  likely near /home/vagrant/.julia/v0.7/PyCall/src/startup.jl:8
WARNING: Base.Void is deprecated, use Nothing instead.
  likely near /home/vagrant/.julia/v0.7/PyCall/src/startup.jl:14
WARNING: Base.Void is deprecated, use Nothing instead.
  likely near /home/vagrant/.julia/v0.7/PyCall/src/startup.jl:14
ERROR: LoadError: LoadError: UndefVarError: Libdl not defined
Stacktrace:
 [1] hassym(::Ptr{Nothing}, ::Symbol) at /home/vagrant/.julia/v0.7/PyCall/src/../deps/depsutils.jl:1
 [2] top-level scope at /home/vagrant/.julia/v0.7/PyCall/src/startup.jl:38
 [3] include at ./boot.jl:292 [inlined]
 [4] include_relative(::Module, ::String) at ./loading.jl:521
 [5] include at ./sysimg.jl:26 [inlined]
 [6] include(::String) at /home/vagrant/.julia/v0.7/PyCall/src/PyCall.jl:3
 [7] top-level scope
 [8] include at ./boot.jl:292 [inlined]
 [9] include_relative(::Module, ::String) at ./loading.jl:521
 [10] include(::Module, ::String) at ./sysimg.jl:26
 [11] top-level scope
 [12] eval at ./boot.jl:295 [inlined]
 [13] top-level scope at ./<missing>:2
in expression starting at /home/vagrant/.julia/v0.7/PyCall/src/startup.jl:38
in expression starting at /home/vagrant/.julia/v0.7/PyCall/src/PyCall.jl:39
┌ Error: ------------------------------------------------------------
│ # Build failed for FEniCS
│   exception =
│    LoadError: Failed to precompile PyCall to /home/vagrant/.julia/lib/v0.7/PyCall.ji.
│    Stacktrace:
│     [1] error at ./error.jl:33 [inlined]
│     [2] compilecache(::String) at ./loading.jl:648
│     [3] compilecache at ./loading.jl:605 [inlined]
│     [4] _require(::Symbol) at ./loading.jl:460
│     [5] require(::Symbol) at ./loading.jl:333
│     [6] include at ./boot.jl:292 [inlined]
│     [7] include_relative(::Module, ::String) at ./loading.jl:521
│     [8] include at ./sysimg.jl:26 [inlined]
│     [9] include(::String) at ./loading.jl:555
│     [10] top-level scope
│     [11] eval at ./boot.jl:295 [inlined]
│     [12] eval at ./sysimg.jl:71 [inlined]
│     [13] evalfile(::String, ::Array{String,1}) at ./loading.jl:550 (repeats 2 times)
│     [14] #2 at ./none:12 [inlined]
│     [15] cd(::getfield(, Symbol("##2#5")){String}, ::String) at ./file.jl:70
│     [16] (::getfield(, Symbol("##1#3")))(::IOStream) at ./none:11
│     [17] open(::getfield(, Symbol("##1#3")), ::String, ::String) at ./iostream.jl:310
│     [18] top-level scope
│     [19] eval at ./boot.jl:295 [inlined]
│     [20] eval(::Module, ::Expr) at ./sysimg.jl:71
│     [21] process_options(::Base.JLOptions) at ./client.jl:301
│     [22] _start() at ./client.jl:375
│    in expression starting at /home/vagrant/.julia/v0.7/FEniCS/deps/build.jl:1
└ @ Main none:15
┌ Warning: ------------------------------------------------------------
│ # Build error summary
│ 
│ FEniCS and PyCall had build errors.
│ 
│  - packages with build errors remain installed in /home/vagrant/.julia/v0.7
│  - build the package(s) and all dependencies with `Pkg.build("FEniCS", "PyCall")`
│  - build a single package by running its `deps/build.jl` script
└ @ Base.Pkg.Entry entry.jl:650
[ Info: Package database updated
┌ Info: METADATA is out-of-date — you may not have the latest version of FEniCS
└ Use `Pkg.update()` to get the latest versions of your packages

>>> 'Pkg.test("FEniCS")' log
Julia Version 0.7.0-DEV.3421
Commit 2042dcfc2e (2018-01-16 23:39 UTC)
Platform Info:
  OS: Linux (x86_64-pc-linux-gnu)
      Ubuntu 14.04.5 LTS
  uname: Linux 3.13.0-135-generic #184-Ubuntu SMP Wed Oct 18 11:55:51 UTC 2017 x86_64 x86_64
  CPU: Intel(R) Xeon(R) CPU E3-1241 v3 @ 3.50GHz: 
              speed         user         nice          sys         idle          irq
       #1  3499 MHz    4290469 s       7478 s     219376 s    1053415 s         46 s
       #2  3499 MHz     880286 s        185 s      87298 s    5501079 s          0 s
       
  Memory: 2.93927001953125 GB (798.63671875 MB free)
  Uptime: 65808.0 sec
  Load Avg:  0.82763671875  0.94091796875  0.97021484375
  WORD_SIZE: 64
  BLAS: libopenblas (USE64BITINT DYNAMIC_ARCH NO_AFFINITY Nehalem)
  LAPACK: libopenblas64_
  LIBM: libopenlibm
  LLVM: libLLVM-3.9.1 (ORCJIT, haswell)
Environment:
  TERM = vt100
  LD_LIBRARY_PATH = :/usr/local/lib/
  PATH = /usr/local/sbin:/usr/local/bin:/usr/sbin:/usr/bin:/sbin:/bin:/usr/games:/usr/local/games:/home/vagrant/julia/bin/
  JAVA_HOME = /usr/lib/jvm/java-8-openjdk-amd64
  HOME = /home/vagrant
Packages:
  Package Directory: /home/vagrant/.julia/v0.7
  Package Status:
2 required packages:
 - FEniCS                        0.0.2
 - JSON                          0.16.4
8 additional packages:
 - BinDeps                       0.8.5
 - Compat                        0.46.0
 - Conda                         0.7.1
 - MacroTools                    0.4.0
 - Nullables                     0.0.3
 - PyCall                        1.15.0
 - SHA                           0.5.3
 - URIParser                     0.3.0
[ Info: Computing test dependencies for FEniCS...
[ Info: Installing ColorTypes v0.6.6
[ Info: Installing Colors v0.8.2
[ Info: Installing Contour v0.4.0
[ Info: Installing DataStructures v0.7.4
[ Info: Installing FixedPointNumbers v0.4.3
[ Info: Installing LaTeXStrings v0.3.0
[ Info: Installing Measures v0.1.0
[ Info: Installing NaNMath v0.3.0
[ Info: Installing PlotThemes v0.2.0
[ Info: Installing PlotUtils v0.4.4
[ Info: Installing Plots v0.15.0
[ Info: Installing PyPlot v2.3.2
[ Info: Installing RecipesBase v0.2.3
[ Info: Installing Reexport v0.1.0
[ Info: Installing Requires v0.4.3
[ Info: Installing Showoff v0.1.1
[ Info: Installing SortingAlgorithms v0.2.0
[ Info: Installing SpecialFunctions v0.3.8
[ Info: Installing StaticArrays v0.6.6
[ Info: Installing StatsBase v0.19.5
[ Info: Building SpecialFunctions
┌ Warning: `isalnum(c::Char)` is deprecated, use `isalpha(c) || isnumeric(c)` instead.
│   caller = is_userinfo_char at parser.jl:4 [inlined]
└ @ Core parser.jl:4
┌ Warning: `isalnum(c::Char)` is deprecated, use `isalpha(c) || isnumeric(c)` instead.
│   caller = is_host_char at parser.jl:8 [inlined]
└ @ Core parser.jl:8
┌ Warning: `isalnum(c::Char)` is deprecated, use `isalpha(c) || isnumeric(c)` instead.
│   caller = is_host_char at parser.jl:8 [inlined]
└ @ Core parser.jl:8
WARNING: importing deprecated binding Base.Associative into BinDeps.
WARNING: Base.Associative is deprecated, use AbstractDict instead.
  likely near /home/vagrant/.julia/v0.7/SpecialFunctions/deps/binaries.jl:44
in @install at /home/vagrant/.julia/v0.7/BinDeps/src/dependencies.jl
[ Info: Building Plots
[ Info: Building Conda
┌ Warning: `isdefined(:symbol)` is deprecated, use `@isdefined symbol` instead
│   caller = ip:0x0
└ @ Core :-1
┌ Warning: `readstring(filename::AbstractString)` is deprecated, use `read(filename, String)` instead.
│   caller = top-level scope
└ @ Core :0
[ Info: Building PyCall
┌ Warning: Deprecated syntax `immutable` at /home/vagrant/.julia/v0.7/PyCall/deps/build.jl:11.
│ Use `struct` instead.
└ @ nothing build.jl:11
┌ Warning: Replacing module `URIParser`
└ @ Base loading.jl:350
┌ Warning: Replacing module `SHA`
└ @ Base loading.jl:350
┌ Warning: Deprecated syntax ``const` declaration on local variable` around /home/vagrant/.julia/v0.7/PyCall/deps/build.jl:50.
└ @ nothing build.jl:50
┌ Warning: Deprecated syntax ``const` declaration on local variable` around /home/vagrant/.julia/v0.7/PyCall/deps/build.jl:145.
└ @ nothing build.jl:145
┌ Warning: Deprecated syntax ``const` declaration on local variable` around /home/vagrant/.julia/v0.7/PyCall/deps/build.jl:187.
└ @ nothing build.jl:187
┌ Warning: Deprecated syntax ``const` declaration on local variable` around /home/vagrant/.julia/v0.7/PyCall/deps/build.jl:187.
└ @ nothing build.jl:187
┌ Warning: Deprecated syntax ``const` declaration on local variable` around /home/vagrant/.julia/v0.7/PyCall/deps/build.jl:188.
└ @ nothing build.jl:188
┌ Warning: Deprecated syntax ``const` declaration on local variable` around /home/vagrant/.julia/v0.7/PyCall/deps/build.jl:207.
└ @ nothing build.jl:207
WARNING: importing deprecated binding Base.Void into __anon__.
WARNING: Base.Void is deprecated, use Nothing instead.
  likely near /home/vagrant/.julia/v0.7/PyCall/deps/depsutils.jl:20
WARNING: Base.Void is deprecated, use Nothing instead.
  likely near /home/vagrant/.julia/v0.7/PyCall/deps/depsutils.jl:20
┌ Warning: `info()` is deprecated, use `@info` instead.
│   caller = top-level scope at build.jl:169
└ @ Core build.jl:169
INFO: Using the Python distribution in the Conda package by default.
To use a different Python version, set ENV["PYTHON"]="pythoncommand" and re-run Pkg.build("PyCall").
Fetching package metadata .............
Solving package specifications: .

# All requested packages already installed.
# packages in environment at /home/vagrant/.julia/v0.7/Conda/deps/usr:
#
numpy                     1.14.0          py27_blas_openblas_200  [blas_openblas]  conda-forge
┌ Warning: `readstring(cmd::AbstractCmd)` is deprecated, use `read(cmd, String)` instead.
│   caller = (::getfield(Main.__anon__, Symbol("#pyvar#2")))(::String, ::String, ::String) at build.jl:39
└ @ Main.__anon__ build.jl:39
┌ Warning: `unshift!` is deprecated, use `pushfirst!` instead.
│   caller = (::getfield(Main.__anon__, Symbol("#find_libpython#5")))(::String) at build.jl:58
└ @ Main.__anon__ build.jl:58
┌ Warning: `unshift!` is deprecated, use `pushfirst!` instead.
│   caller = (::getfield(Main.__anon__, Symbol("#find_libpython#5")))(::String) at build.jl:60
└ @ Main.__anon__ build.jl:60
┌ Warning: `unshift!` is deprecated, use `pushfirst!` instead.
│   caller = (::getfield(Main.__anon__, Symbol("#find_libpython#5")))(::String) at build.jl:60
└ @ Main.__anon__ build.jl:60
┌ Error: ------------------------------------------------------------
│ # Build failed for PyCall
│   exception =
│    LoadError: UndefVarError: Libdl not defined
│    Stacktrace:
│     [1] (::getfield(Main.__anon__, Symbol("#find_libpython#5")))(::String) at /home/vagrant/.julia/v0.7/PyCall/deps/build.jl:85
│     [2] top-level scope at /home/vagrant/.julia/v0.7/PyCall/deps/build.jl:187
│     [3] include at ./boot.jl:292 [inlined]
│     [4] include_relative(::Module, ::String) at ./loading.jl:521
│     [5] include at ./sysimg.jl:26 [inlined]
│     [6] include(::String) at ./loading.jl:555
│     [7] top-level scope
│     [8] eval at ./boot.jl:295 [inlined]
│     [9] eval at ./sysimg.jl:71 [inlined]
│     [10] evalfile(::String, ::Array{String,1}) at ./loading.jl:550 (repeats 2 times)
│     [11] #2 at ./none:12 [inlined]
│     [12] cd(::getfield(, Symbol("##2#5")){String}, ::String) at ./file.jl:70
│     [13] (::getfield(, Symbol("##1#3")))(::IOStream) at ./none:11
│     [14] open(::getfield(, Symbol("##1#3")), ::String, ::String) at ./iostream.jl:310
│     [15] top-level scope
│     [16] eval at ./boot.jl:295 [inlined]
│     [17] eval(::Module, ::Expr) at ./sysimg.jl:71
│     [18] process_options(::Base.JLOptions) at ./client.jl:301
│     [19] _start() at ./client.jl:375
│    in expression starting at /home/vagrant/.julia/v0.7/PyCall/deps/build.jl:255
└ @ Main none:15
┌ Warning: ------------------------------------------------------------
│ # Build error summary
│ 
│ PyCall had build errors.
│ 
│  - packages with build errors remain installed in /home/vagrant/.julia/v0.7
│  - build the package(s) and all dependencies with `Pkg.build("PyCall")`
│  - build a single package by running its `deps/build.jl` script
└ @ Base.Pkg.Entry entry.jl:650
[ Info: Testing FEniCS
┌ Warning: Deprecated syntax `immutable` at /home/vagrant/.julia/v0.7/PyCall/src/PyCall.jl:48.
│ Use `struct` instead.
└ @ nothing PyCall.jl:48
┌ Warning: Deprecated syntax `type` at /home/vagrant/.julia/v0.7/PyCall/src/PyCall.jl:70.
│ Use `mutable struct` instead.
└ @ nothing PyCall.jl:70
┌ Warning: Deprecated syntax `immutable` at /home/vagrant/.julia/v0.7/PyCall/src/PyCall.jl:324.
│ Use `struct` instead.
└ @ nothing PyCall.jl:324
┌ Warning: Deprecated syntax `immutable` at /home/vagrant/.julia/v0.7/PyCall/src/PyCall.jl:48.
│ Use `struct` instead.
└ @ nothing PyCall.jl:48
┌ Warning: Deprecated syntax `type` at /home/vagrant/.julia/v0.7/PyCall/src/PyCall.jl:70.
│ Use `mutable struct` instead.
└ @ nothing PyCall.jl:70
┌ Warning: Deprecated syntax `immutable` at /home/vagrant/.julia/v0.7/PyCall/src/PyCall.jl:324.
│ Use `struct` instead.
└ @ nothing PyCall.jl:324
┌ Warning: Replacing module `URIParser`
└ @ Base loading.jl:350
┌ Warning: Replacing module `SHA`
└ @ Base loading.jl:350
WARNING: importing deprecated binding Base.Void into PyCall.
WARNING: Base.Void is deprecated, use Nothing instead.
  likely near /home/vagrant/.julia/v0.7/PyCall/src/../deps/depsutils.jl:20
WARNING: Base.Void is deprecated, use Nothing instead.
  likely near /home/vagrant/.julia/v0.7/PyCall/src/../deps/depsutils.jl:20
┌ Warning: Deprecated syntax `immutable` at /home/vagrant/.julia/v0.7/PyCall/src/startup.jl:8.
│ Use `struct` instead.
└ @ nothing startup.jl:8
WARNING: Base.Void is deprecated, use Nothing instead.
  likely near /home/vagrant/.julia/v0.7/PyCall/src/startup.jl:6
WARNING: Base.Void is deprecated, use Nothing instead.
  likely near /home/vagrant/.julia/v0.7/PyCall/src/startup.jl:8
WARNING: Base.Void is deprecated, use Nothing instead.
  likely near /home/vagrant/.julia/v0.7/PyCall/src/startup.jl:8
WARNING: Base.Void is deprecated, use Nothing instead.
  likely near /home/vagrant/.julia/v0.7/PyCall/src/startup.jl:8
WARNING: Base.Void is deprecated, use Nothing instead.
  likely near /home/vagrant/.julia/v0.7/PyCall/src/startup.jl:8
WARNING: Base.Void is deprecated, use Nothing instead.
  likely near /home/vagrant/.julia/v0.7/PyCall/src/startup.jl:14
WARNING: Base.Void is deprecated, use Nothing instead.
  likely near /home/vagrant/.julia/v0.7/PyCall/src/startup.jl:14
ERROR: LoadError: LoadError: UndefVarError: Libdl not defined
Stacktrace:
 [1] hassym(::Ptr{Nothing}, ::Symbol) at /home/vagrant/.julia/v0.7/PyCall/src/../deps/depsutils.jl:1
 [2] top-level scope at /home/vagrant/.julia/v0.7/PyCall/src/startup.jl:38
 [3] include at ./boot.jl:292 [inlined]
 [4] include_relative(::Module, ::String) at ./loading.jl:521
 [5] include at ./sysimg.jl:26 [inlined]
 [6] include(::String) at /home/vagrant/.julia/v0.7/PyCall/src/PyCall.jl:3
 [7] top-level scope
 [8] include at ./boot.jl:292 [inlined]
 [9] include_relative(::Module, ::String) at ./loading.jl:521
 [10] include(::Module, ::String) at ./sysimg.jl:26
 [11] top-level scope
 [12] eval at ./boot.jl:295 [inlined]
 [13] top-level scope at ./<missing>:2
in expression starting at /home/vagrant/.julia/v0.7/PyCall/src/startup.jl:38
in expression starting at /home/vagrant/.julia/v0.7/PyCall/src/PyCall.jl:39
ERROR: LoadError: LoadError: Failed to precompile PyCall to /home/vagrant/.julia/lib/v0.7/PyCall.ji.
Stacktrace:
 [1] error at ./error.jl:33 [inlined]
 [2] compilecache(::String) at ./loading.jl:648
 [3] compilecache at ./loading.jl:605 [inlined]
 [4] _require(::Symbol) at ./loading.jl:460
 [5] require(::Symbol) at ./loading.jl:333
 [6] include at ./boot.jl:292 [inlined]
 [7] include_relative(::Module, ::String) at ./loading.jl:521
 [8] _require(::Symbol) at ./loading.jl:453
 [9] require(::Symbol) at ./loading.jl:333
 [10] include at ./boot.jl:292 [inlined]
 [11] include_relative(::Module, ::String) at ./loading.jl:521
 [12] include(::Module, ::String) at ./sysimg.jl:26
 [13] process_options(::Base.JLOptions) at ./client.jl:324
 [14] _start() at ./client.jl:375
in expression starting at /home/vagrant/.julia/v0.7/FEniCS/src/FEniCS.jl:4
in expression starting at /home/vagrant/.julia/v0.7/FEniCS/test/runtests.jl:1
┌ Error: ------------------------------------------------------------
│ # Testing failed for FEniCS
│   exception =
│    failed process: Process(`/home/vagrant/julia/bin/julia -Cnative -J/home/vagrant/julia/lib/julia/sys.so --compile=yes --depwarn=yes --code-coverage=none --color=no --compiled-modules=yes --check-bounds=yes --warn-overwrite=yes --startup-file=yes /home/vagrant/.julia/v0.7/FEniCS/test/runtests.jl`, ProcessExited(1)) [1]
│    Stacktrace:
│     [1] error(::String, ::Base.Process, ::String, ::Int64, ::String) at ./error.jl:42
│     [2] pipeline_error(::Base.Process) at ./process.jl:707
│     [3] run(::Cmd) at ./process.jl:669
│     [4] (::getfield(Base.Pkg.Entry, Symbol("##91#94")){Bool,String,Array{AbstractString,1}})() at ./pkg/entry.jl:730
│     [5] cd(::getfield(Base.Pkg.Entry, Symbol("##91#94")){Bool,String,Array{AbstractString,1}}, ::String) at ./file.jl:70
│     [6] #test!#90(::Bool, ::Function, ::String, ::Array{AbstractString,1}, ::Array{AbstractString,1}, ::Array{AbstractString,1}) at ./pkg/entry.jl:718
│     [7] (::getfield(Base.Pkg.Entry, Symbol("#kw##test!")))(::NamedTuple{(:coverage,),Tuple{Bool}}, ::typeof(Base.Pkg.Entry.test!), ::String, ::Array{AbstractString,1}, ::Array{AbstractString,1}, ::Array{AbstractString,1}) at ./<missing>:0
│     [8] #test#98(::Bool, ::Function, ::Array{AbstractString,1}) at ./pkg/entry.jl:757
│     [9] (::getfield(Base.Pkg.Entry, Symbol("#kw##test")))(::NamedTuple{(:coverage,),Tuple{Bool}}, ::typeof(Base.Pkg.Entry.test), ::Array{AbstractString,1}) at ./<missing>:0
│     [10] (::getfield(Base.Pkg.Dir, Symbol("##4#7")){Base.Iterators.IndexValue{Symbol,Bool,Tuple{Symbol},NamedTuple{(:coverage,),Tuple{Bool}}},typeof(Base.Pkg.Entry.test),Tuple{Array{AbstractString,1}}})() at ./pkg/dir.jl:36
│     [11] cd(::getfield(Base.Pkg.Dir, Symbol("##4#7")){Base.Iterators.IndexValue{Symbol,Bool,Tuple{Symbol},NamedTuple{(:coverage,),Tuple{Bool}}},typeof(Base.Pkg.Entry.test),Tuple{Array{AbstractString,1}}}, ::String) at ./file.jl:70
│     [12] #cd#1(::Base.Iterators.IndexValue{Symbol,Bool,Tuple{Symbol},NamedTuple{(:coverage,),Tuple{Bool}}}, ::Function, ::Function, ::Array{AbstractString,1}, ::Vararg{Array{AbstractString,1},N} where N) at ./pkg/dir.jl:36
│     [13] (::getfield(Base.Pkg.Dir, Symbol("#kw##cd")))(::NamedTuple{(:coverage,),Tuple{Bool}}, ::typeof(Base.Pkg.Dir.cd), ::Function, ::Array{AbstractString,1}, ::Vararg{Array{AbstractString,1},N} where N) at ./<missing>:0
│     [14] #test#3(::Bool, ::Function, ::String, ::Vararg{String,N} where N) at ./pkg/pkg.jl:274
│     [15] test(::String, ::Vararg{String,N} where N) at ./pkg/pkg.jl:274
│     [16] top-level scope
│     [17] eval at ./boot.jl:295 [inlined]
│     [18] eval(::Module, ::Expr) at ./sysimg.jl:71
│     [19] process_options(::Base.JLOptions) at ./client.jl:301
│     [20] _start() at ./client.jl:375
└ @ Base.Pkg.Entry entry.jl:733
[ Info: Removing ColorTypes v0.6.6
[ Info: Removing Colors v0.8.2
[ Info: Removing Contour v0.4.0
[ Info: Removing DataStructures v0.7.4
[ Info: Removing FixedPointNumbers v0.4.3
[ Info: Removing LaTeXStrings v0.3.0
[ Info: Removing Measures v0.1.0
[ Info: Removing NaNMath v0.3.0
[ Info: Removing PlotThemes v0.2.0
[ Info: Removing PlotUtils v0.4.4
[ Info: Removing Plots v0.15.0
[ Info: Removing PyPlot v2.3.2
[ Info: Removing RecipesBase v0.2.3
[ Info: Removing Reexport v0.1.0
[ Info: Removing Requires v0.4.3
[ Info: Removing Showoff v0.1.1
[ Info: Removing SortingAlgorithms v0.2.0
[ Info: Removing SpecialFunctions v0.3.8
[ Info: Removing StaticArrays v0.6.6
[ Info: Removing StatsBase v0.19.5
ERROR: FEniCS had test errors

>>> End of log
