>>> 'Pkg.add("FinancialMarkets")' log
INFO: Installing ArrayViews v0.4.8
INFO: Installing Compat v0.2.0
INFO: Installing DataArrays v0.2.5
INFO: Installing DataFrames v0.5.12
INFO: Installing Dates v0.4.4
INFO: Installing FinancialMarkets v0.1.1
INFO: Installing GZip v0.2.13
INFO: Installing Reexport v0.0.2
INFO: Installing SortingAlgorithms v0.0.2
INFO: Installing StatsBase v0.6.10
INFO: Package database updated

>>> 'using FinancialMarkets' log

WARNING: deprecated syntax "[a=>b, ...]" at /home/idunning/pkgtest/.julia/v0.4/FinancialMarkets/src/constants.jl:11.
Use "Dict(a=>b, ...)" instead.

WARNING: deprecated syntax "[a=>b, ...]" at /home/idunning/pkgtest/.julia/v0.4/FinancialMarkets/src/constants.jl:27.
Use "Dict(a=>b, ...)" instead.

WARNING: deprecated syntax "[a=>b, ...]" at /home/idunning/pkgtest/.julia/v0.4/FinancialMarkets/src/currencies.jl:55.
Use "Dict(a=>b, ...)" instead.

WARNING: deprecated syntax "[a=>b, ...]" at /home/idunning/pkgtest/.julia/v0.4/FinancialMarkets/src/instruments/futures.jl:17.
Use "Dict(a=>b, ...)" instead.

WARNING: deprecated syntax "[a=>b, ...]" at /home/idunning/pkgtest/.julia/v0.4/FinancialMarkets/src/instruments/futures.jl:18.
Use "Dict(a=>b, ...)" instead.

WARNING: deprecated syntax "[a=>b, ...]" at /home/idunning/pkgtest/.julia/v0.4/FinancialMarkets/src/instruments/futures.jl:19.
Use "Dict(a=>b, ...)" instead.

WARNING: deprecated syntax "[a=>b, ...]" at /home/idunning/pkgtest/.julia/v0.4/FinancialMarkets/src/instruments/futures.jl:20.
Use "Dict(a=>b, ...)" instead.

WARNING: deprecated syntax "[a=>b, ...]" at /home/idunning/pkgtest/.julia/v0.4/FinancialMarkets/src/instruments/futures.jl:21.
Use "Dict(a=>b, ...)" instead.

WARNING: deprecated syntax "[a=>b, ...]" at /home/idunning/pkgtest/.julia/v0.4/FinancialMarkets/src/instruments/futures.jl:22.
Use "Dict(a=>b, ...)" instead.
Julia Version 0.4.0-dev+1881
Commit 84612d4 (2014-11-30 09:30 UTC)
Platform Info:
  System: Linux (x86_64-unknown-linux-gnu)
  CPU: Intel(R) Xeon(R) CPU E5-2650 0 @ 2.00GHz
  WORD_SIZE: 64
  BLAS: libopenblas (USE64BITINT DYNAMIC_ARCH NO_AFFINITY Sandybridge)
  LAPACK: libopenblas
  LIBM: libopenlibm
  LLVM: libLLVM-3.3

>>> test log
Warning: requiring "Dates" did not define a corresponding module.

WARNING: deprecated syntax "[a=>b, ...]" at /home/idunning/pkgtest/.julia/v0.4/FinancialMarkets/src/constants.jl:11.
Use "Dict(a=>b, ...)" instead.

WARNING: deprecated syntax "[a=>b, ...]" at /home/idunning/pkgtest/.julia/v0.4/FinancialMarkets/src/constants.jl:27.
Use "Dict(a=>b, ...)" instead.

WARNING: deprecated syntax "[a=>b, ...]" at /home/idunning/pkgtest/.julia/v0.4/FinancialMarkets/src/currencies.jl:55.
Use "Dict(a=>b, ...)" instead.

WARNING: deprecated syntax "[a=>b, ...]" at /home/idunning/pkgtest/.julia/v0.4/FinancialMarkets/src/instruments/futures.jl:17.
Use "Dict(a=>b, ...)" instead.

WARNING: deprecated syntax "[a=>b, ...]" at /home/idunning/pkgtest/.julia/v0.4/FinancialMarkets/src/instruments/futures.jl:18.
Use "Dict(a=>b, ...)" instead.

WARNING: deprecated syntax "[a=>b, ...]" at /home/idunning/pkgtest/.julia/v0.4/FinancialMarkets/src/instruments/futures.jl:19.
Use "Dict(a=>b, ...)" instead.

WARNING: deprecated syntax "[a=>b, ...]" at /home/idunning/pkgtest/.julia/v0.4/FinancialMarkets/src/instruments/futures.jl:20.
Use "Dict(a=>b, ...)" instead.

WARNING: deprecated syntax "[a=>b, ...]" at /home/idunning/pkgtest/.julia/v0.4/FinancialMarkets/src/instruments/futures.jl:21.
Use "Dict(a=>b, ...)" instead.

WARNING: deprecated syntax "[a=>b, ...]" at /home/idunning/pkgtest/.julia/v0.4/FinancialMarkets/src/instruments/futures.jl:22.
Use "Dict(a=>b, ...)" instead.
INFO: Testing FinancialMarkets
INFO: FinancialMarkets tests passed
INFO: No packages to install, update or remove

>>> end of log
