>>> 'Pkg.add("FinancialToolbox")' log
[ Info: Cloning cache of FinancialToolbox from https://github.com/rcalxrc08/FinancialToolbox.jl.git
[ Info: Installing BinDeps v0.8.6
[ Info: Installing FinancialToolbox v0.1.3
[ Info: Installing SHA v0.5.3
[ Info: Installing SpecialFunctions v0.3.8
[ Info: Installing URIParser v0.3.0
[ Info: Building SpecialFunctions
┌ Warning: `isalnum(c::Char)` is deprecated, use `isalpha(c) || isnumeric(c)` instead.
│   caller = is_userinfo_char at parser.jl:4 [inlined]
└ @ Core parser.jl:4
┌ Warning: `isalnum(c::Char)` is deprecated, use `isalpha(c) || isnumeric(c)` instead.
│   caller = is_host_char at parser.jl:8 [inlined]
└ @ Core parser.jl:8
┌ Warning: `isalnum(c::Char)` is deprecated, use `isalpha(c) || isnumeric(c)` instead.
│   caller = is_host_char at parser.jl:8 [inlined]
└ @ Core parser.jl:8
WARNING: importing deprecated binding Base.Associative into BinDeps.
WARNING: Base.Associative is deprecated, use AbstractDict instead.
  likely near /home/vagrant/.julia/v0.7/SpecialFunctions/deps/binaries.jl:44
in @install at /home/vagrant/.julia/v0.7/BinDeps/src/dependencies.jl
[ Info: Package database updated
┌ Info: METADATA is out-of-date — you may not have the latest version of FinancialToolbox
└ Use `Pkg.update()` to get the latest versions of your packages

>>> 'Pkg.test("FinancialToolbox")' log
Julia Version 0.7.0-DEV.3519
Commit 5ecba29832 (2018-01-22 20:58 UTC)
Platform Info:
  OS: Linux (x86_64-pc-linux-gnu)
      Ubuntu 14.04.5 LTS
  uname: Linux 3.13.0-135-generic #184-Ubuntu SMP Wed Oct 18 11:55:51 UTC 2017 x86_64 x86_64
  CPU: Intel(R) Xeon(R) CPU E3-1241 v3 @ 3.50GHz: 
              speed         user         nice          sys         idle          irq
       #1  3500 MHz    4635273 s       5038 s     237551 s    1244027 s         54 s
       #2  3500 MHz     985492 s       2786 s      94057 s    5989661 s          1 s
       
  Memory: 2.93927001953125 GB (862.28515625 MB free)
  Uptime: 72158.0 sec
  Load Avg:  1.0361328125  1.001953125  1.033203125
  WORD_SIZE: 64
  LIBM: libopenlibm
  LLVM: libLLVM-3.9.1 (ORCJIT, haswell)
Environment:
  TERM = vt100
  LD_LIBRARY_PATH = :/usr/local/lib/
  PATH = /usr/local/sbin:/usr/local/bin:/usr/sbin:/usr/bin:/sbin:/bin:/usr/games:/usr/local/games:/home/vagrant/julia/bin/
  JAVA_HOME = /usr/lib/jvm/java-8-openjdk-amd64
  HOME = /home/vagrant
Packages:
  Package Directory: /home/vagrant/.julia/v0.7
  Package Status:
2 required packages:
 - FinancialToolbox              0.1.3
 - JSON                          0.16.4
6 additional packages:
 - BinDeps                       0.8.6
 - Compat                        0.49.0
 - Nullables                     0.0.3
 - SHA                           0.5.3
 - SpecialFunctions              0.3.8
 - URIParser                     0.3.0
[ Info: Computing test dependencies for FinancialToolbox...
[ Info: Cloning cache of HyperDualNumbers from https://github.com/JuliaDiff/HyperDualNumbers.jl.git
[ Info: Installing Calculus v0.2.2
[ Info: Installing DualNumbers v0.3.0
[ Info: Installing HyperDualNumbers v2.0.1
[ Info: Installing NaNMath v0.3.0
[ Info: Building SpecialFunctions
┌ Warning: `isalnum(c::Char)` is deprecated, use `isalpha(c) || isnumeric(c)` instead.
│   caller = is_userinfo_char at parser.jl:4 [inlined]
└ @ Core parser.jl:4
┌ Warning: `isalnum(c::Char)` is deprecated, use `isalpha(c) || isnumeric(c)` instead.
│   caller = is_host_char at parser.jl:8 [inlined]
└ @ Core parser.jl:8
┌ Warning: `isalnum(c::Char)` is deprecated, use `isalpha(c) || isnumeric(c)` instead.
│   caller = is_host_char at parser.jl:8 [inlined]
└ @ Core parser.jl:8
WARNING: importing deprecated binding Base.Associative into BinDeps.
WARNING: Base.Associative is deprecated, use AbstractDict instead.
  likely near /home/vagrant/.julia/v0.7/SpecialFunctions/deps/binaries.jl:44
in @install at /home/vagrant/.julia/v0.7/BinDeps/src/dependencies.jl
[ Info: Testing FinancialToolbox
Running tests:

┌ Warning: Deprecated syntax `implicit assignment to global variable `i``.
│ Use `global i` instead.
└ @ nothing none:0
------------------------------------------------------------
  * testRealNumbers.jl *
WARNING: Base.Test is deprecated, run `using Test` instead.
  likely near /home/vagrant/.julia/v0.7/FinancialToolbox/test/testRealNumbers.jl:1
┌ Warning: `using A.B` will only be allowed for modules, not single bindings. Use `using A: B` instead
│   caller = ip:0x0
└ @ Core :-1
ERROR: LoadError: LoadError: UndefVarError: Date not defined
Stacktrace:
 [1] top-level scope
 [2] include at ./boot.jl:292 [inlined]
 [3] include_relative(::Module, ::String) at ./loading.jl:1011
 [4] include at ./sysimg.jl:26 [inlined]
 [5] include(::String) at /home/vagrant/.julia/v0.7/FinancialToolbox/src/FinancialToolbox.jl:2
 [6] top-level scope
 [7] include at ./boot.jl:292 [inlined]
 [8] include_relative(::Module, ::String) at ./loading.jl:1011
 [9] include(::Module, ::String) at ./sysimg.jl:26
 [10] top-level scope
 [11] eval at ./boot.jl:295 [inlined]
 [12] top-level scope at ./<missing>:3
in expression starting at /home/vagrant/.julia/v0.7/FinancialToolbox/src/dates.jl:2
in expression starting at /home/vagrant/.julia/v0.7/FinancialToolbox/src/FinancialToolbox.jl:7
ERROR: LoadError: LoadError: Failed to precompile FinancialToolbox to /home/vagrant/.julia/lib/v0.7/FinancialToolbox.ji.
Stacktrace:
 [1] error at ./error.jl:33 [inlined]
 [2] compilecache(::Base.PkgId) at ./loading.jl:1155
 [3] _require(::Base.PkgId) at ./loading.jl:948
 [4] require(::Module, ::Symbol) at ./loading.jl:819
 [5] include at ./boot.jl:292 [inlined]
 [6] include_relative(::Module, ::String) at ./loading.jl:1011
 [7] include(::Module, ::String) at ./sysimg.jl:26
 [8] include(::String) at ./sysimg.jl:65
 [9] top-level scope at ./<missing>:8
 [10] include at ./boot.jl:292 [inlined]
 [11] include_relative(::Module, ::String) at ./loading.jl:1011
 [12] include(::Module, ::String) at ./sysimg.jl:26
 [13] process_options(::Base.JLOptions) at ./client.jl:334
 [14] _start() at ./client.jl:386
in expression starting at /home/vagrant/.julia/v0.7/FinancialToolbox/test/testRealNumbers.jl:2
in expression starting at /home/vagrant/.julia/v0.7/FinancialToolbox/test/runtests.jl:5
┌ Error: ------------------------------------------------------------
│ # Testing failed for FinancialToolbox
│   exception =
│    failed process: Process(`/home/vagrant/julia/bin/julia -Cnative -J/home/vagrant/julia/lib/julia/sys.so --compile=yes --depwarn=yes --code-coverage=none --color=no --compiled-modules=yes --check-bounds=yes --warn-overwrite=yes --startup-file=yes /home/vagrant/.julia/v0.7/FinancialToolbox/test/runtests.jl`, ProcessExited(1)) [1]
│    Stacktrace:
│     [1] error(::String, ::Base.Process, ::String, ::Int64, ::String) at ./error.jl:42
│     [2] pipeline_error(::Base.Process) at ./process.jl:698
│     [3] run(::Cmd) at ./process.jl:660
│     [4] (::getfield(Base.Pkg.Entry, Symbol("##89#92")){Bool,String,Array{AbstractString,1}})() at ./pkg/entry.jl:729
│     [5] cd(::getfield(Base.Pkg.Entry, Symbol("##89#92")){Bool,String,Array{AbstractString,1}}, ::String) at ./file.jl:70
│     [6] #test!#88(::Bool, ::Function, ::String, ::Array{AbstractString,1}, ::Array{AbstractString,1}, ::Array{AbstractString,1}) at ./pkg/entry.jl:717
│     [7] (::getfield(Base.Pkg.Entry, Symbol("#kw##test!")))(::NamedTuple{(:coverage,),Tuple{Bool}}, ::typeof(Base.Pkg.Entry.test!), ::String, ::Array{AbstractString,1}, ::Array{AbstractString,1}, ::Array{AbstractString,1}) at ./<missing>:0
│     [8] #test#96(::Bool, ::Function, ::Array{AbstractString,1}) at ./pkg/entry.jl:756
│     [9] (::getfield(Base.Pkg.Entry, Symbol("#kw##test")))(::NamedTuple{(:coverage,),Tuple{Bool}}, ::typeof(Base.Pkg.Entry.test), ::Array{AbstractString,1}) at ./<missing>:0
│     [10] (::getfield(Base.Pkg.Dir, Symbol("##4#7")){Base.Iterators.IndexValue{Symbol,Bool,Tuple{Symbol},NamedTuple{(:coverage,),Tuple{Bool}}},typeof(Base.Pkg.Entry.test),Tuple{Array{AbstractString,1}}})() at ./pkg/dir.jl:36
│     [11] cd(::getfield(Base.Pkg.Dir, Symbol("##4#7")){Base.Iterators.IndexValue{Symbol,Bool,Tuple{Symbol},NamedTuple{(:coverage,),Tuple{Bool}}},typeof(Base.Pkg.Entry.test),Tuple{Array{AbstractString,1}}}, ::String) at ./file.jl:70
│     [12] #cd#1(::Base.Iterators.IndexValue{Symbol,Bool,Tuple{Symbol},NamedTuple{(:coverage,),Tuple{Bool}}}, ::Function, ::Function, ::Array{AbstractString,1}, ::Vararg{Array{AbstractString,1},N} where N) at ./pkg/dir.jl:36
│     [13] (::getfield(Base.Pkg.Dir, Symbol("#kw##cd")))(::NamedTuple{(:coverage,),Tuple{Bool}}, ::typeof(Base.Pkg.Dir.cd), ::Function, ::Array{AbstractString,1}, ::Vararg{Array{AbstractString,1},N} where N) at ./<missing>:0
│     [14] #test#3(::Bool, ::Function, ::String, ::Vararg{String,N} where N) at ./pkg/pkg.jl:274
│     [15] test(::String, ::Vararg{String,N} where N) at ./pkg/pkg.jl:274
│     [16] top-level scope
│     [17] eval at ./boot.jl:295 [inlined]
│     [18] eval(::Module, ::Expr) at ./sysimg.jl:71
│     [19] process_options(::Base.JLOptions) at ./client.jl:311
│     [20] _start() at ./client.jl:386
└ @ Base.Pkg.Entry entry.jl:732
[ Info: Removing Calculus v0.2.2
[ Info: Removing DualNumbers v0.3.0
[ Info: Removing HyperDualNumbers v2.0.1
[ Info: Removing NaNMath v0.3.0
ERROR: FinancialToolbox had test errors

>>> End of log
