>>> 'Pkg.add("FITSIO")' log
[ Info: Installing BinDeps v0.8.6
[ Info: Installing FITSIO v0.11.0
[ Info: Installing SHA v0.5.6
[ Info: Installing URIParser v0.3.0
[ Info: Building FITSIO
┌ Warning: `isalnum(c::Char)` is deprecated, use `isalpha(c) || isnumeric(c)` instead.
│   caller = is_userinfo_char at parser.jl:4 [inlined]
└ @ Core parser.jl:4
┌ Warning: `isalnum(c::Char)` is deprecated, use `isalpha(c) || isnumeric(c)` instead.
│   caller = is_host_char at parser.jl:8 [inlined]
└ @ Core parser.jl:8
┌ Warning: `isalnum(c::Char)` is deprecated, use `isalpha(c) || isnumeric(c)` instead.
│   caller = is_host_char at parser.jl:8 [inlined]
└ @ Core parser.jl:8
WARNING: importing deprecated binding Base.Associative into BinDeps.
WARNING: Base.Associative is deprecated, use AbstractDict instead.
  likely near /home/vagrant/.julia/v0.7/FITSIO/deps/build.jl:72
in @install at /home/vagrant/.julia/v0.7/BinDeps/src/dependencies.jl
[ Info: Package database updated
┌ Info: METADATA is out-of-date — you may not have the latest version of FITSIO
└ Use `Pkg.update()` to get the latest versions of your packages

>>> 'Pkg.test("FITSIO")' log
Julia Version 0.7.0-DEV.3583
Commit 7d3991f784 (2018-01-26 19:00 UTC)
Platform Info:
  OS: Linux (x86_64-pc-linux-gnu)
      Ubuntu 14.04.5 LTS
  uname: Linux 3.13.0-135-generic #184-Ubuntu SMP Wed Oct 18 11:55:51 UTC 2017 x86_64 x86_64
  CPU: Intel(R) Xeon(R) CPU E3-1241 v3 @ 3.50GHz: 
              speed         user         nice          sys         idle          irq
       #1  3500 MHz    4958394 s       6526 s     235802 s    1499535 s         74 s
       #2  3500 MHz    1320500 s       1753 s     103053 s    6217165 s          2 s
       
  Memory: 2.93927001953125 GB (938.546875 MB free)
  Uptime: 78152.0 sec
  Load Avg:  0.97802734375  0.98974609375  1.01513671875
  WORD_SIZE: 64
  LIBM: libopenlibm
  LLVM: libLLVM-3.9.1 (ORCJIT, haswell)
Environment:
  TERM = vt100
  LD_LIBRARY_PATH = :/usr/local/lib/
  PATH = /usr/local/sbin:/usr/local/bin:/usr/sbin:/usr/bin:/sbin:/bin:/usr/games:/usr/local/games:/home/vagrant/julia/bin/
  JAVA_HOME = /usr/lib/jvm/java-8-openjdk-amd64
  HOME = /home/vagrant
Packages:
  Package Directory: /home/vagrant/.julia/v0.7
  Package Status:
2 required packages:
 - FITSIO                        0.11.0
 - JSON                          0.16.4
5 additional packages:
 - BinDeps                       0.8.6
 - Compat                        0.49.0
 - Nullables                     0.0.3
 - SHA                           0.5.6
 - URIParser                     0.3.0
[ Info: Testing FITSIO
WARNING: Base.Test is deprecated, run `using Test` instead.
  likely near /home/vagrant/.julia/v0.7/FITSIO/test/runtests.jl:2
WARNING: Base.Void is deprecated, use Nothing instead.
  likely near /home/vagrant/.julia/v0.7/FITSIO/test/runtests.jl:4
WARNING: Base.Void is deprecated, use Nothing instead.
  likely near /home/vagrant/.julia/v0.7/FITSIO/test/runtests.jl:4
WARNING: Base.Void is deprecated, use Nothing instead.
  likely near /home/vagrant/.julia/v0.7/FITSIO/test/runtests.jl:4
WARNING: Base.Void is deprecated, use Nothing instead.
  likely near /home/vagrant/.julia/v0.7/FITSIO/test/runtests.jl:4
WARNING: Base.Void is deprecated, use Nothing instead.
  likely near /home/vagrant/.julia/v0.7/FITSIO/test/runtests.jl:4
WARNING: Base.Void is deprecated, use Nothing instead.
  likely near /home/vagrant/.julia/v0.7/FITSIO/test/runtests.jl:4
WARNING: Base.Void is deprecated, use Nothing instead.
  likely near /home/vagrant/.julia/v0.7/FITSIO/test/runtests.jl:4
WARNING: Base.Void is deprecated, use Nothing instead.
  likely near /home/vagrant/.julia/v0.7/FITSIO/test/runtests.jl:4
WARNING: Base.Void is deprecated, use Nothing instead.
  likely near /home/vagrant/.julia/v0.7/FITSIO/test/runtests.jl:4
WARNING: Base.Void is deprecated, use Nothing instead.
  likely near /home/vagrant/.julia/v0.7/FITSIO/test/runtests.jl:4
WARNING: Base.Void is deprecated, use Nothing instead.
  likely near /home/vagrant/.julia/v0.7/FITSIO/test/runtests.jl:4
WARNING: Base.Void is deprecated, use Nothing instead.
  likely near /home/vagrant/.julia/v0.7/FITSIO/test/runtests.jl:4
WARNING: Base.Void is deprecated, use Nothing instead.
  likely near /home/vagrant/.julia/v0.7/FITSIO/test/runtests.jl:4
WARNING: Base.Void is deprecated, use Nothing instead.
  likely near /home/vagrant/.julia/v0.7/FITSIO/test/runtests.jl:4
WARNING: Base.Void is deprecated, use Nothing instead.
  likely near /home/vagrant/.julia/v0.7/FITSIO/test/runtests.jl:4
WARNING: Base.Void is deprecated, use Nothing instead.
  likely near /home/vagrant/.julia/v0.7/FITSIO/test/runtests.jl:4
WARNING: Base.Void is deprecated, use Nothing instead.
  likely near /home/vagrant/.julia/v0.7/FITSIO/test/runtests.jl:4
WARNING: Base.Void is deprecated, use Nothing instead.
  likely near /home/vagrant/.julia/v0.7/FITSIO/test/runtests.jl:4
WARNING: Base.Void is deprecated, use Nothing instead.
  likely near /home/vagrant/.julia/v0.7/FITSIO/test/runtests.jl:4
WARNING: Base.Void is deprecated, use Nothing instead.
  likely near /home/vagrant/.julia/v0.7/FITSIO/test/runtests.jl:4
WARNING: Base.Void is deprecated, use Nothing instead.
  likely near /home/vagrant/.julia/v0.7/FITSIO/test/runtests.jl:4
WARNING: Base.Void is deprecated, use Nothing instead.
  likely near /home/vagrant/.julia/v0.7/FITSIO/test/runtests.jl:4
WARNING: Base.Void is deprecated, use Nothing instead.
  likely near /home/vagrant/.julia/v0.7/FITSIO/test/runtests.jl:4
WARNING: Base.Void is deprecated, use Nothing instead.
  likely near /home/vagrant/.julia/v0.7/FITSIO/test/runtests.jl:4
WARNING: Base.Void is deprecated, use Nothing instead.
  likely near /home/vagrant/.julia/v0.7/FITSIO/test/runtests.jl:4
WARNING: Base.Void is deprecated, use Nothing instead.
  likely near /home/vagrant/.julia/v0.7/FITSIO/test/runtests.jl:4
WARNING: Base.Void is deprecated, use Nothing instead.
  likely near /home/vagrant/.julia/v0.7/FITSIO/test/runtests.jl:4
WARNING: Base.Void is deprecated, use Nothing instead.
  likely near /home/vagrant/.julia/v0.7/FITSIO/test/runtests.jl:4
WARNING: Base.Void is deprecated, use Nothing instead.
  likely near /home/vagrant/.julia/v0.7/FITSIO/test/runtests.jl:4
WARNING: Base.Void is deprecated, use Nothing instead.
  likely near /home/vagrant/.julia/v0.7/FITSIO/test/runtests.jl:4
WARNING: Base.Void is deprecated, use Nothing instead.
  likely near /home/vagrant/.julia/v0.7/FITSIO/test/runtests.jl:4
WARNING: Base.Void is deprecated, use Nothing instead.
  likely near /home/vagrant/.julia/v0.7/FITSIO/test/runtests.jl:4
WARNING: Base.Void is deprecated, use Nothing instead.
  likely near /home/vagrant/.julia/v0.7/FITSIO/test/runtests.jl:4
WARNING: Base.Void is deprecated, use Nothing instead.
  likely near /home/vagrant/.julia/v0.7/FITSIO/test/runtests.jl:4
WARNING: Base.Void is deprecated, use Nothing instead.
  likely near /home/vagrant/.julia/v0.7/FITSIO/test/runtests.jl:4
WARNING: Base.Void is deprecated, use Nothing instead.
  likely near /home/vagrant/.julia/v0.7/FITSIO/test/runtests.jl:4
WARNING: Base.Void is deprecated, use Nothing instead.
  likely near /home/vagrant/.julia/v0.7/FITSIO/test/runtests.jl:4
WARNING: Base.Void is deprecated, use Nothing instead.
  likely near /home/vagrant/.julia/v0.7/FITSIO/test/runtests.jl:4
WARNING: Base.Void is deprecated, use Nothing instead.
  likely near /home/vagrant/.julia/v0.7/FITSIO/test/runtests.jl:4
WARNING: Base.Void is deprecated, use Nothing instead.
  likely near /home/vagrant/.julia/v0.7/FITSIO/test/runtests.jl:4
WARNING: importing deprecated binding Base.Nullable into FITSIO.
WARNING: Base.Void is deprecated, use Nothing instead.
  likely near /home/vagrant/.julia/v0.7/FITSIO/test/runtests.jl:4
WARNING: Base.Void is deprecated, use Nothing instead.
  likely near /home/vagrant/.julia/v0.7/FITSIO/test/runtests.jl:4
WARNING: Base.Void is deprecated, use Nothing instead.
  likely near /home/vagrant/.julia/v0.7/FITSIO/test/runtests.jl:4
WARNING: Base.Void is deprecated, use Nothing instead.
  likely near /home/vagrant/.julia/v0.7/FITSIO/test/runtests.jl:4
WARNING: Base.Void is deprecated, use Nothing instead.
  likely near /home/vagrant/.julia/v0.7/FITSIO/test/runtests.jl:4
WARNING: Base.Void is deprecated, use Nothing instead.
  likely near /home/vagrant/.julia/v0.7/FITSIO/test/runtests.jl:4
WARNING: Base.Void is deprecated, use Nothing instead.
  likely near /home/vagrant/.julia/v0.7/FITSIO/test/runtests.jl:4
WARNING: Base.Void is deprecated, use Nothing instead.
  likely near /home/vagrant/.julia/v0.7/FITSIO/test/runtests.jl:4
WARNING: Base.Void is deprecated, use Nothing instead.
  likely near /home/vagrant/.julia/v0.7/FITSIO/test/runtests.jl:4
WARNING: Base.Void is deprecated, use Nothing instead.
  likely near /home/vagrant/.julia/v0.7/FITSIO/test/runtests.jl:4
WARNING: Base.Void is deprecated, use Nothing instead.
  likely near /home/vagrant/.julia/v0.7/FITSIO/test/runtests.jl:4
WARNING: Base.Void is deprecated, use Nothing instead.
  likely near /home/vagrant/.julia/v0.7/FITSIO/test/runtests.jl:4
WARNING: Base.Void is deprecated, use Nothing instead.
  likely near /home/vagrant/.julia/v0.7/FITSIO/test/runtests.jl:4
WARNING: Base.Void is deprecated, use Nothing instead.
  likely near /home/vagrant/.julia/v0.7/FITSIO/test/runtests.jl:4
WARNING: Base.Void is deprecated, use Nothing instead.
  likely near /home/vagrant/.julia/v0.7/FITSIO/test/runtests.jl:4
WARNING: Base.Void is deprecated, use Nothing instead.
  likely near /home/vagrant/.julia/v0.7/FITSIO/test/runtests.jl:4
WARNING: Base.Void is deprecated, use Nothing instead.
  likely near /home/vagrant/.julia/v0.7/FITSIO/test/runtests.jl:4
WARNING: Base.Void is deprecated, use Nothing instead.
  likely near /home/vagrant/.julia/v0.7/FITSIO/test/runtests.jl:4
WARNING: Base.Void is deprecated, use Nothing instead.
  likely near /home/vagrant/.julia/v0.7/FITSIO/test/runtests.jl:4
WARNING: Base.Void is deprecated, use Nothing instead.
  likely near /home/vagrant/.julia/v0.7/FITSIO/test/runtests.jl:4
WARNING: Base.Void is deprecated, use Nothing instead.
  likely near /home/vagrant/.julia/v0.7/FITSIO/test/runtests.jl:4
WARNING: Base.Void is deprecated, use Nothing instead.
  likely near /home/vagrant/.julia/v0.7/FITSIO/test/runtests.jl:4
WARNING: Base.Void is deprecated, use Nothing instead.
  likely near /home/vagrant/.julia/v0.7/FITSIO/test/runtests.jl:4
WARNING: Base.Void is deprecated, use Nothing instead.
  likely near /home/vagrant/.julia/v0.7/FITSIO/test/runtests.jl:4
WARNING: Base.Void is deprecated, use Nothing instead.
  likely near /home/vagrant/.julia/v0.7/FITSIO/test/runtests.jl:4
WARNING: Base.Void is deprecated, use Nothing instead.
  likely near /home/vagrant/.julia/v0.7/FITSIO/test/runtests.jl:4
WARNING: importing deprecated binding Base.isnull into FITSIO.
WARNING: Base.Void is deprecated, use Nothing instead.
  likely near /home/vagrant/.julia/v0.7/FITSIO/test/runtests.jl:4
WARNING: Base.Void is deprecated, use Nothing instead.
  likely near /home/vagrant/.julia/v0.7/FITSIO/test/runtests.jl:4
WARNING: Base.Void is deprecated, use Nothing instead.
  likely near /home/vagrant/.julia/v0.7/FITSIO/test/runtests.jl:4
WARNING: Base.Void is deprecated, use Nothing instead.
  likely near /home/vagrant/.julia/v0.7/FITSIO/test/runtests.jl:4
WARNING: Base.Void is deprecated, use Nothing instead.
  likely near /home/vagrant/.julia/v0.7/FITSIO/test/runtests.jl:4
WARNING: Base.Void is deprecated, use Nothing instead.
  likely near /home/vagrant/.julia/v0.7/FITSIO/test/runtests.jl:4
WARNING: Base.Void is deprecated, use Nothing instead.
  likely near /home/vagrant/.julia/v0.7/FITSIO/test/runtests.jl:4
WARNING: Base.Void is deprecated, use Nothing instead.
  likely near /home/vagrant/.julia/v0.7/FITSIO/test/runtests.jl:4
WARNING: Base.Void is deprecated, use Nothing instead.
  likely near /home/vagrant/.julia/v0.7/FITSIO/test/runtests.jl:4
WARNING: Base.Void is deprecated, use Nothing instead.
  likely near /home/vagrant/.julia/v0.7/FITSIO/test/runtests.jl:4
WARNING: Base.Void is deprecated, use Nothing instead.
  likely near /home/vagrant/.julia/v0.7/FITSIO/test/runtests.jl:4
WARNING: Base.Void is deprecated, use Nothing instead.
  likely near /home/vagrant/.julia/v0.7/FITSIO/test/runtests.jl:4
WARNING: Base.Void is deprecated, use Nothing instead.
  likely near /home/vagrant/.julia/v0.7/FITSIO/test/runtests.jl:4
WARNING: Base.Void is deprecated, use Nothing instead.
  likely near /home/vagrant/.julia/v0.7/FITSIO/test/runtests.jl:4
WARNING: Base.Void is deprecated, use Nothing instead.
  likely near /home/vagrant/.julia/v0.7/FITSIO/test/runtests.jl:4
WARNING: Base.Void is deprecated, use Nothing instead.
  likely near /home/vagrant/.julia/v0.7/FITSIO/test/runtests.jl:4
WARNING: Base.Void is deprecated, use Nothing instead.
  likely near /home/vagrant/.julia/v0.7/FITSIO/test/runtests.jl:4
WARNING: Base.Void is deprecated, use Nothing instead.
  likely near /home/vagrant/.julia/v0.7/FITSIO/test/runtests.jl:4
WARNING: Base.Void is deprecated, use Nothing instead.
  likely near /home/vagrant/.julia/v0.7/FITSIO/test/runtests.jl:4
WARNING: Base.Void is deprecated, use Nothing instead.
  likely near /home/vagrant/.julia/v0.7/FITSIO/test/runtests.jl:4
WARNING: Base.Void is deprecated, use Nothing instead.
  likely near /home/vagrant/.julia/v0.7/FITSIO/test/runtests.jl:4
WARNING: Base.Void is deprecated, use Nothing instead.
  likely near /home/vagrant/.julia/v0.7/FITSIO/test/runtests.jl:4
WARNING: Base.Void is deprecated, use Nothing instead.
  likely near /home/vagrant/.julia/v0.7/FITSIO/test/runtests.jl:4
WARNING: Base.Void is deprecated, use Nothing instead.
  likely near /home/vagrant/.julia/v0.7/FITSIO/test/runtests.jl:4
┌ Warning: `finalizer(o, f::Function)` is deprecated, use `finalizer(f, o)` instead.
│   caller = Type at libcfitsio.jl:176 [inlined]
└ @ Core libcfitsio.jl:176
WARNING: Base.Void is deprecated, use Nothing instead.
  likely near /home/vagrant/.julia/v0.7/FITSIO/test/runtests.jl:4
WARNING: Base.Void is deprecated, use Nothing instead.
  likely near /home/vagrant/.julia/v0.7/FITSIO/test/runtests.jl:4
WARNING: Base.Void is deprecated, use Nothing instead.
  likely near /home/vagrant/.julia/v0.7/FITSIO/test/runtests.jl:4
WARNING: Base.Void is deprecated, use Nothing instead.
  likely near /home/vagrant/.julia/v0.7/FITSIO/test/runtests.jl:4
WARNING: Base.Void is deprecated, use Nothing instead.
  likely near /home/vagrant/.julia/v0.7/FITSIO/test/runtests.jl:4
WARNING: Base.Void is deprecated, use Nothing instead.
  likely near /home/vagrant/.julia/v0.7/FITSIO/test/runtests.jl:4
WARNING: Base.Void is deprecated, use Nothing instead.
  likely near /home/vagrant/.julia/v0.7/FITSIO/test/runtests.jl:4
WARNING: Base.Void is deprecated, use Nothing instead.
  likely near /home/vagrant/.julia/v0.7/FITSIO/test/runtests.jl:4
WARNING: Base.Void is deprecated, use Nothing instead.
  likely near /home/vagrant/.julia/v0.7/FITSIO/test/runtests.jl:4
WARNING: Base.Void is deprecated, use Nothing instead.
  likely near /home/vagrant/.julia/v0.7/FITSIO/test/runtests.jl:4
WARNING: Base.Void is deprecated, use Nothing instead.
  likely near /home/vagrant/.julia/v0.7/FITSIO/test/runtests.jl:4
WARNING: Base.Void is deprecated, use Nothing instead.
  likely near /home/vagrant/.julia/v0.7/FITSIO/test/runtests.jl:4
Images: Error During Test at /home/vagrant/.julia/v0.7/FITSIO/test/runtests.jl:4
  Got an exception of type MethodError outside of a @test
  MethodError: no method matching lastindex(::FITS)
  Closest candidates are:
    lastindex(!Matched::Base.Markdown.MD) at markdown/parse/parse.jl:26
    lastindex(!Matched::Base64.Buffer) at /buildworker/worker/package_linux64/build/usr/share/julia/site/v0.7/Base64/src/buffer.jl:19
    lastindex(!Matched::Cmd) at process.jl:824
    ...
  Stacktrace:
   [1] (::getfield(, Symbol("##1#2")))(::FITS) at /home/vagrant/.julia/v0.7/FITSIO/test/runtests.jl:16
   [2] FITS(::getfield(, Symbol("##1#2")), ::String, ::String) at /home/vagrant/.julia/v0.7/FITSIO/src/FITSIO.jl:139
   [3] macro expansion at /home/vagrant/.julia/v0.7/FITSIO/test/runtests.jl:7 [inlined]
   [4] macro expansion at /buildworker/worker/package_linux64/build/usr/share/julia/site/v0.7/Test/src/Test.jl:1007 [inlined]
   [5] top-level scope at /home/vagrant/.julia/v0.7/FITSIO/test/runtests.jl:6
   [6] include at ./boot.jl:292 [inlined]
   [7] include_relative(::Module, ::String) at ./loading.jl:1012
   [8] include(::Module, ::String) at ./sysimg.jl:26
   [9] process_options(::Base.JLOptions) at ./client.jl:334
   [10] _start() at ./client.jl:386
Test Summary: | Error  Total
Images        |     1      1
ERROR: LoadError: Some tests did not pass: 0 passed, 0 failed, 1 errored, 0 broken.
in expression starting at /home/vagrant/.julia/v0.7/FITSIO/test/runtests.jl:4
┌ Error: ------------------------------------------------------------
│ # Testing failed for FITSIO
│   exception =
│    failed process: Process(`/home/vagrant/julia/bin/julia -Cnative -J/home/vagrant/julia/lib/julia/sys.so --compile=yes --depwarn=yes --code-coverage=none --color=no --compiled-modules=yes --check-bounds=yes --warn-overwrite=yes --startup-file=yes /home/vagrant/.julia/v0.7/FITSIO/test/runtests.jl`, ProcessExited(1)) [1]
│    Stacktrace:
│     [1] error(::String, ::Base.Process, ::String, ::Int64, ::String) at ./error.jl:42
│     [2] pipeline_error(::Base.Process) at ./process.jl:698
│     [3] run(::Cmd) at ./process.jl:660
│     [4] (::getfield(Base.Pkg.Entry, Symbol("##89#92")){Bool,String,Array{AbstractString,1}})() at ./pkg/entry.jl:729
│     [5] cd(::getfield(Base.Pkg.Entry, Symbol("##89#92")){Bool,String,Array{AbstractString,1}}, ::String) at ./file.jl:70
│     [6] #test!#88(::Bool, ::Function, ::String, ::Array{AbstractString,1}, ::Array{AbstractString,1}, ::Array{AbstractString,1}) at ./pkg/entry.jl:717
│     [7] (::getfield(Base.Pkg.Entry, Symbol("#kw##test!")))(::NamedTuple{(:coverage,),Tuple{Bool}}, ::typeof(Base.Pkg.Entry.test!), ::String, ::Array{AbstractString,1}, ::Array{AbstractString,1}, ::Array{AbstractString,1}) at ./<missing>:0
│     [8] #test#96(::Bool, ::Function, ::Array{AbstractString,1}) at ./pkg/entry.jl:756
│     [9] (::getfield(Base.Pkg.Entry, Symbol("#kw##test")))(::NamedTuple{(:coverage,),Tuple{Bool}}, ::typeof(Base.Pkg.Entry.test), ::Array{AbstractString,1}) at ./<missing>:0
│     [10] (::getfield(Base.Pkg.Dir, Symbol("##4#7")){Base.Iterators.IndexValue{Symbol,Bool,Tuple{Symbol},NamedTuple{(:coverage,),Tuple{Bool}}},typeof(Base.Pkg.Entry.test),Tuple{Array{AbstractString,1}}})() at ./pkg/dir.jl:36
│     [11] cd(::getfield(Base.Pkg.Dir, Symbol("##4#7")){Base.Iterators.IndexValue{Symbol,Bool,Tuple{Symbol},NamedTuple{(:coverage,),Tuple{Bool}}},typeof(Base.Pkg.Entry.test),Tuple{Array{AbstractString,1}}}, ::String) at ./file.jl:70
│     [12] #cd#1(::Base.Iterators.IndexValue{Symbol,Bool,Tuple{Symbol},NamedTuple{(:coverage,),Tuple{Bool}}}, ::Function, ::Function, ::Array{AbstractString,1}, ::Vararg{Array{AbstractString,1},N} where N) at ./pkg/dir.jl:36
│     [13] (::getfield(Base.Pkg.Dir, Symbol("#kw##cd")))(::NamedTuple{(:coverage,),Tuple{Bool}}, ::typeof(Base.Pkg.Dir.cd), ::Function, ::Array{AbstractString,1}, ::Vararg{Array{AbstractString,1},N} where N) at ./<missing>:0
│     [14] #test#3(::Bool, ::Function, ::String, ::Vararg{String,N} where N) at ./pkg/pkg.jl:274
│     [15] test(::String, ::Vararg{String,N} where N) at ./pkg/pkg.jl:274
│     [16] top-level scope
│     [17] eval at ./boot.jl:295 [inlined]
│     [18] eval(::Module, ::Expr) at ./sysimg.jl:71
│     [19] process_options(::Base.JLOptions) at ./client.jl:311
│     [20] _start() at ./client.jl:386
└ @ Base.Pkg.Entry entry.jl:732
ERROR: FITSIO had test errors

>>> End of log
