>>> 'Pkg.add("FITSIO")' log
INFO: Installing BinDeps v0.4.5
INFO: Installing FITSIO v0.8.4
INFO: Installing SHA v0.3.0
INFO: Installing URIParser v0.1.6
INFO: Building FITSIO
WARNING: takebuf_string(b) is deprecated, use String(take!(b)) instead.
 in depwarn(::String, ::Symbol) at ./deprecated.jl:64
 in takebuf_string(::Base.AbstractIOBuffer{Array{UInt8,1}}) at ./deprecated.jl:50
 in macro expansion; at /home/vagrant/.julia/v0.6/BinDeps/src/dependencies.jl:887 [inlined]
 in anonymous at ./<missing>:?
 in include_from_node1(::String) at ./loading.jl:532
 in include(::SubString{String}) at ./sysimg.jl:14
 in evalfile(::SubString{String}, ::Array{String,1}) at ./loading.jl:572 (repeats 2 times)
 in cd(::##2#4, ::String) at ./file.jl:69
 in (::##1#3)(::IOStream) at ./none:13
 in open(::##1#3, ::String, ::String) at ./iostream.jl:152
 in eval(::Module, ::Any) at ./boot.jl:236
 in process_options(::Base.JLOptions) at ./client.jl:248
 in _start() at ./client.jl:335
while loading /home/vagrant/.julia/v0.6/FITSIO/deps/build.jl, in expression starting on line 65
INFO: Package database updated

>>> 'Pkg.test("FITSIO")' log
Julia Version 0.6.0-dev.1378
Commit 1e0e793 (2016-12-03 13:48 UTC)
Platform Info:
  OS: Linux (x86_64-pc-linux-gnu)
  CPU: Intel(R) Xeon(R) CPU E3-1241 v3 @ 3.50GHz
  WORD_SIZE: 64
           Ubuntu 14.04.5 LTS
  uname: Linux 3.13.0-103-generic #150-Ubuntu SMP Thu Nov 24 10:34:17 UTC 2016 x86_64 x86_64
Memory: 2.9392738342285156 GB (657.94140625 MB free)
Uptime: 21579.0 sec
Load Avg:  0.89111328125  0.95166015625  1.01416015625
Intel(R) Xeon(R) CPU E3-1241 v3 @ 3.50GHz: 
       speed         user         nice          sys         idle          irq
#1  3499 MHz    1361634 s        120 s     136482 s     433478 s         62 s
#2  3499 MHz     561457 s       6592 s      73598 s    1436033 s          3 s

  BLAS: libopenblas (USE64BITINT DYNAMIC_ARCH NO_AFFINITY Nehalem)
  LAPACK: libopenblas64_
  LIBM: libopenlibm
  LLVM: libLLVM-3.7.1 (ORCJIT, haswell)
Environment:
  TERM = vt100
  LD_LIBRARY_PATH = :/usr/local/lib/
  PATH = /usr/local/sbin:/usr/local/bin:/usr/sbin:/usr/bin:/sbin:/bin:/usr/games:/usr/local/games:/home/vagrant/julia/bin/
  JAVA_HOME = /usr/lib/jvm/java-7-oracle
  HOME = /home/vagrant

Package Directory: /home/vagrant/.julia/v0.6
2 required packages:
 - FITSIO                        0.8.4
 - JSON                          0.8.0
4 additional packages:
 - BinDeps                       0.4.5
 - Compat                        0.9.5
 - SHA                           0.3.0
 - URIParser                     0.1.6
INFO: Testing FITSIO
WARNING: takebuf_string(b) is deprecated, use String(take!(b)) instead.
 in depwarn(::String, ::Symbol) at ./deprecated.jl:64
 in takebuf_string(::Base.AbstractIOBuffer{Array{UInt8,1}}) at ./deprecated.jl:50
 in include_from_node1(::String) at ./loading.jl:532
 in include(::String) at ./sysimg.jl:14
 in process_options(::Base.JLOptions) at ./client.jl:271
 in _start() at ./client.jl:335
while loading /home/vagrant/.julia/v0.6/FITSIO/test/runtests.jl, in expression starting on line 139
All tests passed.
INFO: FITSIO tests passed

>>> End of log
