>>> 'Pkg.add("FixedPointDecimals")' log
INFO: Installing FixedPointDecimals v0.1.0
INFO: Package database updated
INFO: METADATA is out-of-date — you may not have the latest version of FixedPointDecimals
INFO: Use `Pkg.update()` to get the latest versions of your packages

>>> 'Pkg.test("FixedPointDecimals")' log
Julia Version 0.5.2
Commit f4c6c9d (2017-05-06 16:34 UTC)
Platform Info:
  OS: Linux (x86_64-pc-linux-gnu)
  CPU: Intel(R) Xeon(R) CPU E3-1241 v3 @ 3.50GHz
  WORD_SIZE: 64
           Ubuntu 14.04.5 LTS
  uname: Linux 3.13.0-128-generic #177-Ubuntu SMP Tue Aug 8 11:40:23 UTC 2017 x86_64 x86_64
Memory: 2.9392738342285156 GB (763.1640625 MB free)
Uptime: 39376.0 sec
Load Avg:  1.0048828125  1.0146484375  1.0400390625
Intel(R) Xeon(R) CPU E3-1241 v3 @ 3.50GHz: 
       speed         user         nice          sys         idle          irq
#1  3500 MHz    2434155 s       5392 s     211223 s     842026 s         92 s
#2  3500 MHz     966908 s       4386 s     113562 s    2722057 s          0 s

  BLAS: libopenblas (USE64BITINT DYNAMIC_ARCH NO_AFFINITY Nehalem)
  LAPACK: libopenblas64_
  LIBM: libopenlibm
  LLVM: libLLVM-3.7.1 (ORCJIT, haswell)
Environment:
  TERM = vt100
  LD_LIBRARY_PATH = :/usr/local/lib/
  PATH = /usr/local/sbin:/usr/local/bin:/usr/sbin:/usr/bin:/sbin:/bin:/usr/games:/usr/local/games:/home/vagrant/julia/bin/
  JAVA_HOME = /usr/lib/jvm/java-8-openjdk-amd64
  HOME = /home/vagrant

Package Directory: /home/vagrant/.julia/v0.5
2 required packages:
 - FixedPointDecimals            0.1.0
 - JSON                          0.13.0
1 additional packages:
 - Compat                        0.30.0
INFO: Testing FixedPointDecimals
Test Summary:      | Pass  Total
  FixedPointDecimals | 3798   3798
INFO: FixedPointDecimals tests passed

>>> End of log
