>>> 'Pkg.add("FixedEffectModels")' log
INFO: Cloning cache of FixedEffectModels from git://github.com/matthieugomez/FixedEffectModels.jl.git
INFO: Installing ArrayViews v0.6.2
INFO: Installing DataArrays v0.2.16
INFO: Installing DataFrames v0.6.6
INFO: Installing Distances v0.2.0
INFO: Installing Distributions v0.7.3
INFO: Installing Docile v0.5.10
INFO: Installing FixedEffectModels v0.0.1
INFO: Installing GLM v0.4.6
INFO: Installing GZip v0.2.15
INFO: Installing NumericFuns v0.2.3
INFO: Installing PDMats v0.3.3
INFO: Installing Reexport v0.0.2
INFO: Installing SortingAlgorithms v0.0.5
INFO: Installing StatsBase v0.6.15
INFO: Package database updated

>>> 'Pkg.test("FixedEffectModels")' log
Julia Version 0.4.0-dev+5624
Commit 2b07246* (2015-06-26 20:21 UTC)
Platform Info:
  System: Linux (x86_64-unknown-linux-gnu)
  CPU: Intel(R) Xeon(R) CPU E5-2650 0 @ 2.00GHz
  WORD_SIZE: 64
  BLAS: libopenblas (USE64BITINT DYNAMIC_ARCH NO_AFFINITY Nehalem)
  LAPACK: libopenblas
  LIBM: libopenlibm
  LLVM: libLLVM-3.3
INFO: Computing test dependencies for FixedEffectModels...
INFO: Cloning cache of RDatasets from git://github.com/johnmyleswhite/RDatasets.jl.git
INFO: Installing RDatasets v0.1.2
INFO: Testing FixedEffectModels
Running tests:
	[1m[31mFAILED[0m: reg.jl
Warning: could not import DataFrames.DataFrame into FixedEffectModels
Warning: could not import DataFrames.ModelMatrix into FixedEffectModels
Warning: could not import DataFrames.ModelFrame into FixedEffectModels
Warning: could not import DataFrames.Terms into FixedEffectModels
Warning: could not import DataFrames.coefnames into FixedEffectModels
Warning: could not import DataFrames.Formula into FixedEffectModels
Warning: could not import DataFrames.complete_cases into FixedEffectModels
	[1m[31mFAILED[0m: RegressionResult.jl
	[1m[31mFAILED[0m: partial_out.jl
	[1m[31mFAILED[0m: utils.jl
INFO: FixedEffectModels tests passed
INFO: Removing RDatasets v0.1.2

>>> End of log
