>>> 'Pkg.add("FixedSizeStrings")' log
[ Info: Cloning cache of FixedSizeStrings from https://github.com/JuliaComputing/FixedSizeStrings.jl.git @ Base.Pkg.Cache cache.jl:43
[ Info: Installing FixedSizeStrings v0.0.1 @ Base.Pkg.Entry entry.jl:543
[ Info: Package database updated @ Base.Pkg.Entry entry.jl:32
┌ Info: METADATA is out-of-date — you may not have the latest version of FixedSizeStrings
│ Use `Pkg.update()` to get the latest versions of your packages
└ @ Base.Pkg.Entry entry.jl:74

>>> 'Pkg.test("FixedSizeStrings")' log
Julia Version 0.7.0-DEV.3246
Commit 2138144d3a (2018-01-04 02:34 UTC)
Platform Info:
  OS: Linux (x86_64-pc-linux-gnu)
      Ubuntu 14.04.5 LTS
  uname: Linux 3.13.0-135-generic #184-Ubuntu SMP Wed Oct 18 11:55:51 UTC 2017 x86_64 x86_64
  CPU: Intel(R) Xeon(R) CPU E3-1241 v3 @ 3.50GHz: 
              speed         user         nice          sys         idle          irq
       #1  3499 MHz    4510806 s        126 s     224094 s    1120829 s         64 s
       #2  3499 MHz     934138 s         52 s      91395 s    5746787 s          0 s
       
  Memory: 2.93927001953125 GB (1088.24609375 MB free)
  Uptime: 68795.0 sec
  Load Avg:  0.9970703125  0.9853515625  0.95458984375
  WORD_SIZE: 64
  BLAS: libopenblas (USE64BITINT DYNAMIC_ARCH NO_AFFINITY Nehalem)
  LAPACK: libopenblas64_
  LIBM: libopenlibm
  LLVM: libLLVM-3.9.1 (ORCJIT, haswell)
Environment:
  TERM = vt100
  LD_LIBRARY_PATH = :/usr/local/lib/
  PATH = /usr/local/sbin:/usr/local/bin:/usr/sbin:/usr/bin:/sbin:/bin:/usr/games:/usr/local/games:/home/vagrant/julia/bin/
  JAVA_HOME = /usr/lib/jvm/java-8-openjdk-amd64
  HOME = /home/vagrant
Packages:
  Package Directory: /home/vagrant/.julia/v0.7
  Package Status:
2 required packages:
 - FixedSizeStrings              0.0.1
 - JSON                          0.16.3
2 additional packages:
 - Compat                        0.42.0
 - Nullables                     0.0.2
[ Info: Testing FixedSizeStrings @ Base.Pkg.Entry entry.jl:723
WARNING: Base.Test is deprecated, run `using Test` instead.
  likely near /home/vagrant/.julia/v0.7/FixedSizeStrings/test/runtests.jl:1
┌ Warning: Deprecated syntax `immutable` at /home/vagrant/.julia/v0.7/FixedSizeStrings/src/FixedSizeStrings.jl:7.
│ Use `struct` instead.
└ @ nothing FixedSizeStrings.jl:7
ERROR: LoadError: LoadError: syntax: too few type parameters specified in "new{...}"
Stacktrace:
 [1] include at ./boot.jl:295 [inlined]
 [2] include_relative(::Module, ::String) at ./loading.jl:521
 [3] _require(::Symbol) at ./loading.jl:453
 [4] require(::Symbol) at ./loading.jl:333
 [5] include at ./boot.jl:295 [inlined]
 [6] include_relative(::Module, ::String) at ./loading.jl:521
 [7] include(::Module, ::String) at ./sysimg.jl:26
 [8] process_options(::Base.JLOptions) at ./client.jl:323
 [9] _start() at ./client.jl:374
in expression starting at /home/vagrant/.julia/v0.7/FixedSizeStrings/src/FixedSizeStrings.jl:7
in expression starting at /home/vagrant/.julia/v0.7/FixedSizeStrings/test/runtests.jl:2
┌ Error: ------------------------------------------------------------
│ # Testing failed for FixedSizeStrings
│   exception = ErrorException("failed process: Process(`/home/vagrant/julia/bin/julia -Cnative -J/home/vagrant/julia/lib/julia/sys.so --compile=yes --depwarn=yes --code-coverage=none --color=no --compiled-modules=yes --check-bounds=yes --warn-overwrite=yes --startup-file=yes /home/vagrant/.julia/v0.7/FixedSizeStrings/test/runtests.jl`, ProcessExited(1)) [1]")
└ @ Base.Pkg.Entry entry.jl:739
ERROR: FixedSizeStrings had test errors

>>> End of log
