>>> 'Pkg.add("FixedPointNumbers")' log
INFO: Installing FixedPointNumbers v0.0.4
INFO: Package database updated

>>> 'using FixedPointNumbers' log
Julia Version 0.4.0-dev+1881
Commit 84612d4 (2014-11-30 09:30 UTC)
Platform Info:
  System: Linux (x86_64-unknown-linux-gnu)
  CPU: Intel(R) Xeon(R) CPU E5-2650 0 @ 2.00GHz
  WORD_SIZE: 64
  BLAS: libopenblas (USE64BITINT DYNAMIC_ARCH NO_AFFINITY Sandybridge)
  LAPACK: libopenblas
  LIBM: libopenlibm
  LLVM: libLLVM-3.3

>>> test log
WARNING: itrunc(x) is deprecated, use trunc(Integer,x) instead.
 in convert at /home/idunning/pkgtest/.julia/v0.4/FixedPointNumbers/src/fixed32.jl:42
 in test_fixed at /home/idunning/pkgtest/.julia/v0.4/FixedPointNumbers/test/fixed32.jl:10
 in anonymous at no file:43
 in include at ./boot.jl:242
 in include_from_node1 at ./loading.jl:128
 in include at ./boot.jl:242
 in include_from_node1 at loading.jl:128
 in process_options at ./client.jl:300
 in _start at ./client.jl:382
 in _start_3B_4048 at /home/idunning/julia04/usr/bin/../lib/julia/sys.so
WARNING: itrunc(x) is deprecated, use trunc(Integer,x) instead.
 in convert at /home/idunning/pkgtest/.julia/v0.4/FixedPointNumbers/src/fixed32.jl:42
 in anonymous at test.jl:83
 in do_test at test.jl:47
 in test_fixed at /home/idunning/pkgtest/.julia/v0.4/FixedPointNumbers/test/fixed32.jl:11
 in anonymous at no file:43
 in include at ./boot.jl:242
 in include_from_node1 at ./loading.jl:128
 in include at ./boot.jl:242
... truncated ...
unknown function (ip: -1780321943)
uv__epoll_wait at /home/idunning/julia04/usr/bin/../lib/libjulia.so (unknown line)
unknown function (ip: -1780326854)
uv__io_poll at /home/idunning/julia04/usr/bin/../lib/libjulia.so (unknown line)
unknown function (ip: -1789807288)
rec_backtrace at /home/idunning/julia04/usr/bin/../lib/libjulia.so (unknown line)
uv_run at /home/idunning/julia04/usr/bin/../lib/libjulia.so (unknown line)
jl_backtrace_from_here at /home/idunning/julia04/usr/bin/../lib/libjulia.so (unknown line)
convert at /home/idunning/pkgtest/.julia/v0.4/FixedPointNumbers/src/fixed32.jl:42
test_fixed at /home/idunning/pkgtest/.julia/v0.4/FixedPointNumbers/test/fixed32.jl:27
jlcall_test_fixed;42371 at  (unknown line)
jl_apply_generic at /home/idunning/julia04/usr/bin/../lib/libjulia.so (unknown line)
anonymous at no file:43
unknown function (ip: -1789764820)
unknown function (ip: -1789762320)
jl_load at /home/idunning/julia04/usr/bin/../lib/libjulia.so (unknown line)
include at ./boot.jl:242
jl_apply_generic at /home/idunning/julia04/usr/bin/../lib/libjulia.so (unknown line)
include_from_node1 at ./loading.jl:128
jl_apply_generic at /home/idunning/julia04/usr/bin/../lib/libjulia.so (unknown line)
unknown function (ip: -1789832944)
unknown function (ip: -1789835666)
unknown function (ip: -1789765010)
unknown function (ip: -1789762320)
jl_load at /home/idunning/julia04/usr/bin/../lib/libjulia.so (unknown line)
include at ./boot.jl:242
jl_apply_generic at /home/idunning/julia04/usr/bin/../lib/libjulia.so (unknown line)
include_from_node1 at loading.jl:128
jl_apply_generic at /home/idunning/julia04/usr/bin/../lib/libjulia.so (unknown line)
process_options at ./client.jl:300
_start at ./client.jl:382
_start_3B_4048 at /home/idunning/julia04/usr/bin/../lib/julia/sys.so (unknown line)
jl_apply_generic at /home/idunning/julia04/usr/bin/../lib/libjulia.so (unknown line)
unknown function (ip: 4200466)
julia_trampoline at /home/idunning/julia04/usr/bin/../lib/libjulia.so (unknown line)
unknown function (ip: 4199453)
__libc_start_main at /usr/lib/libc.so.6 (unknown line)
unknown function (ip: 4199507)
unknown function (ip: 0)
process_events at ./stream.jl:537
wait at ./task.jl:273
wait at ./task.jl:194
jl_apply_generic at /home/idunning/julia04/usr/bin/../lib/libjulia.so (unknown line)
anonymous at task.jl:486
jl_handle_stack_start at /home/idunning/julia04/usr/bin/../lib/libjulia.so (unknown line)
julia_trampoline at /home/idunning/julia04/usr/bin/../lib/libjulia.so (unknown line)
unknown function (ip: 4199453)
__libc_start_main at /usr/lib/libc.so.6 (unknown line)
unknown function (ip: 4199507)
unknown function (ip: 0)

>>> end of log
