>>> 'Pkg.add("Fixtures")' log
INFO: Installing FactCheck v0.1.2
INFO: Installing Fixtures v0.0.2
INFO: Installing MetaTools v0.0.1
INFO: Installing ProgressMeter v0.1.1
INFO: Installing RunTests v0.0.3
INFO: Package database updated

>>> 'using Fixtures' log

WARNING: deprecated syntax "x[i:]" at /home/idunning/pkgtest/.julia/v0.4/MetaTools/src/parsed_function.jl:100.
Use "x[i:end]" instead.

WARNING: deprecated syntax "x[i:]" at /home/idunning/pkgtest/.julia/v0.4/MetaTools/src/parsed_function.jl:135.
Use "x[i:end]" instead.

WARNING: deprecated syntax "x[i:]" at /home/idunning/pkgtest/.julia/v0.4/MetaTools/src/parsed_function.jl:138.
Use "x[i:end]" instead.
Julia Version 0.4.0-dev+730
Commit 13c6917 (2014-09-23 06:17 UTC)
Platform Info:
  System: Linux (x86_64-unknown-linux-gnu)
  CPU: Intel(R) Xeon(R) CPU E5-2650 0 @ 2.00GHz
  WORD_SIZE: 64
  BLAS: libopenblas (USE64BITINT DYNAMIC_ARCH NO_AFFINITY Sandybridge)
  LAPACK: libopenblas
  LIBM: libopenlibm
  LLVM: libLLVM-3.3
WARNING: setfield is deprecated, use setfield! instead.
... truncated ...
 in anonymous at no file:14
 in include at ./boot.jl:246
 in include_from_node1 at ./loading.jl:128
 in include at ./boot.jl:246
 in include_from_node1 at ./loading.jl:128
 in reload_path at loading.jl:152
 in _require at loading.jl:67
 in require at loading.jl:51
 in include at ./boot.jl:246
 in include_from_node1 at loading.jl:128
 in process_options at ./client.jl:285
 in _start at ./client.jl:354
 in _start_3B_3600 at /home/idunning/julia04/usr/bin/../lib/julia/sys.so
WARNING: setfield is deprecated, use setfield! instead.
 in depwarn at deprecated.jl:36
 in ParsedFunction at /home/idunning/pkgtest/.julia/v0.4/MetaTools/src/parsed_function.jl:53
 in ParsedFunction at /home/idunning/pkgtest/.julia/v0.4/MetaTools/src/parsed_function.jl:141
 in anonymous at no file:14
 in include at ./boot.jl:246
 in include_from_node1 at ./loading.jl:128
 in include at ./boot.jl:246
 in include_from_node1 at ./loading.jl:128
 in reload_path at loading.jl:152
 in _require at loading.jl:67
 in require at loading.jl:51
 in include at ./boot.jl:246
 in include_from_node1 at loading.jl:128
 in process_options at ./client.jl:285
 in _start at ./client.jl:354
 in _start_3B_3600 at /home/idunning/julia04/usr/bin/../lib/julia/sys.so

>>> test log

WARNING: deprecated syntax "x[i:]" at /home/idunning/pkgtest/.julia/v0.4/MetaTools/src/parsed_function.jl:100.
Use "x[i:end]" instead.

WARNING: deprecated syntax "x[i:]" at /home/idunning/pkgtest/.julia/v0.4/MetaTools/src/parsed_function.jl:135.
Use "x[i:end]" instead.

WARNING: deprecated syntax "x[i:]" at /home/idunning/pkgtest/.julia/v0.4/MetaTools/src/parsed_function.jl:138.
Use "x[i:end]" instead.
WARNING: setfield is deprecated, use setfield! instead.
 in depwarn at deprecated.jl:36
 in ParsedArgument at /home/idunning/pkgtest/.julia/v0.4/MetaTools/src/parsed_function.jl:13
 in ParsedArgument at /home/idunning/pkgtest/.julia/v0.4/MetaTools/src/parsed_function.jl:31
 in include at ./boot.jl:246
 in include_from_node1 at ./loading.jl:128
 in include at ./boot.jl:246
 in include_from_node1 at ./loading.jl:128
 in reload_path at loading.jl:152
 in _require at loading.jl:67
 in require at loading.jl:51
... truncated ...
Running code from README.md
Hello Bob
Test code here
Good bye Bob
Hello Bob
Secret message for Bob
Good bye Bob
before
avant
hello world
apras
after
before
Bonjour tout le monde
after
Hello Bob
Hello Bob
Secret message for Bob
Good bye Bob
Good bye Bob
before

[1mFactCheck support tests 
[0m
avant
apras
[32m1 fact verified.[0m

after


>>> end of log
