>>> 'Pkg.add("FLAC")' log
INFO: Cloning cache of FLAC from git://github.com/dmbates/FLAC.jl.git
INFO: Installing BinDeps v0.4.5
INFO: Installing FLAC v0.1.0
INFO: Installing FileIO v0.2.0
INFO: Installing SHA v0.3.0
INFO: Installing URIParser v0.1.6
INFO: Building FLAC
INFO: Package database updated

>>> 'Pkg.test("FLAC")' log
Julia Version 0.4.7
Commit ae26b25 (2016-09-18 16:17 UTC)
Platform Info:
  System: Linux (x86_64-pc-linux-gnu)
  CPU: Intel(R) Xeon(R) CPU E3-1241 v3 @ 3.50GHz
  WORD_SIZE: 64
           Ubuntu 14.04.5 LTS
  uname: Linux 3.13.0-105-generic #152-Ubuntu SMP Fri Dec 2 15:37:11 UTC 2016 x86_64 x86_64
Memory: 2.9392738342285156 GB (525.6640625 MB free)
Uptime: 23552.0 sec
Load Avg:  1.0234375  1.00390625  1.0078125
Intel(R) Xeon(R) CPU E3-1241 v3 @ 3.50GHz: 
       speed         user         nice          sys         idle          irq
#1  3499 MHz    1146484 s       1086 s     100628 s     855842 s         62 s
#2  3499 MHz     719862 s       5046 s      88911 s    1447254 s          2 s

  BLAS: libopenblas (USE64BITINT DYNAMIC_ARCH NO_AFFINITY Nehalem)
  LAPACK: libopenblas64_
  LIBM: libopenlibm
  LLVM: libLLVM-3.3
Environment:
  TERM = vt100
  LD_LIBRARY_PATH = :/usr/local/lib/
  PATH = /usr/local/sbin:/usr/local/bin:/usr/sbin:/usr/bin:/sbin:/bin:/usr/games:/usr/local/games:/home/vagrant/julia/bin/
  JAVA_HOME = /usr/lib/jvm/java-7-oracle
  HOME = /home/vagrant

Package Directory: /home/vagrant/.julia/v0.4
2 required packages:
 - FLAC                          0.1.0
 - JSON                          0.8.0
5 additional packages:
 - BinDeps                       0.4.5
 - Compat                        0.9.5
 - FileIO                        0.2.0
 - SHA                           0.3.0
 - URIParser                     0.1.6
INFO: Computing test dependencies for FLAC...
INFO: Cloning cache of WAV from git://github.com/dancasimiro/WAV.jl.git
INFO: Installing WAV v0.8.1
INFO: Testing FLAC
INFO: FLAC tests passed
INFO: Removing WAV v0.8.1

>>> End of log
