>>> 'Pkg.add("FLANN")' log
INFO: Cloning cache of FLANN from https://github.com/wildart/FLANN.jl.git
INFO: Installing BinDeps v0.6.0
INFO: Installing Distances v0.4.1
INFO: Installing FLANN v0.0.4
INFO: Installing SHA v0.3.2
INFO: Installing URIParser v0.1.8
INFO: Building FLANN
WARNING: `@osx_only` is deprecated, use `@static if is_apple()` instead
 in depwarn(::String, ::Symbol) at ./deprecated.jl:64
 in @osx_only(::Any) at ./deprecated.jl:497
 in include_from_node1(::String) at ./loading.jl:488
 in evalfile(::String, ::Array{String,1}) at ./loading.jl:504 (repeats 2 times)
 in cd(::##2#4, ::String) at ./file.jl:59
 in (::##1#3)(::IOStream) at ./none:13
 in open(::##1#3, ::String, ::String) at ./iostream.jl:113
 in eval(::Module, ::Any) at ./boot.jl:234
 in process_options(::Base.JLOptions) at ./client.jl:242
 in _start() at ./client.jl:321
while loading /home/vagrant/.julia/v0.5/FLANN/deps/build.jl, in expression starting on line 13
WARNING: BinDeps.shlib_ext is deprecated.
  likely near /home/vagrant/.julia/v0.5/FLANN/deps/build.jl:268
Installing dependency libflann1.8 via `sudo apt-get install libflann1.8`:
Reading package lists...
Building dependency tree...
Reading state information...
The following NEW packages will be installed:
  libflann1.8
0 upgraded, 1 newly installed, 0 to remove and 0 not upgraded.
1 not fully installed or removed.
Need to get 584 kB of archives.
After this operation, 5,247 kB of additional disk space will be used.
Get:1 http://archive.ubuntu.com/ubuntu/ trusty/universe libflann1.8 amd64 1.8.4-3 [584 kB]
dpkg-preconfigure: unable to re-open stdin: No such file or directory
Fetched 584 kB in 0s (1,063 kB/s)
Selecting previously unselected package libflann1.8:amd64.
(Reading database ... 83953 files and directories currently installed.)
Preparing to unpack .../libflann1.8_1.8.4-3_amd64.deb ...
Unpacking libflann1.8:amd64 (1.8.4-3) ...
Setting up oracle-java7-installer (7u80+7u60arm-0~webupd8~1) ...
Downloading Oracle Java 7...
--2017-05-23 13:41:16--  http://download.oracle.com/otn-pub/java/jdk/7u80-b15/jdk-7u80-linux-x64.tar.gz
Resolving download.oracle.com (download.oracle.com)... 104.96.210.29, 104.96.210.53
Connecting to download.oracle.com (download.oracle.com)|104.96.210.29|:80... connected.
HTTP request sent, awaiting response... 302 Moved Temporarily
Location: https://edelivery.oracle.com/otn-pub/java/jdk/7u80-b15/jdk-7u80-linux-x64.tar.gz [following]
--2017-05-23 13:41:17--  https://edelivery.oracle.com/otn-pub/java/jdk/7u80-b15/jdk-7u80-linux-x64.tar.gz
Resolving edelivery.oracle.com (edelivery.oracle.com)... 104.96.204.183, 2600:1400:d:181::2d3e, 2600:1400:d:185::2d3e
Connecting to edelivery.oracle.com (edelivery.oracle.com)|104.96.204.183|:443... connected.
HTTP request sent, awaiting response... 302 Moved Temporarily
Location: http://download.oracle.com/otn-pub/java/jdk/7u80-b15/jdk-7u80-linux-x64.tar.gz?AuthParam=1495546997_4e1be40c3f52a63848083dc457539dd9 [following]
--2017-05-23 13:41:17--  http://download.oracle.com/otn-pub/java/jdk/7u80-b15/jdk-7u80-linux-x64.tar.gz?AuthParam=1495546997_4e1be40c3f52a63848083dc457539dd9
Connecting to download.oracle.com (download.oracle.com)|104.96.210.29|:80... connected.
HTTP request sent, awaiting response... 404 Not Found
2017-05-23 13:41:18 ERROR 404: Not Found.

download failed
Oracle JDK 7 is NOT installed.
dpkg: error processing package oracle-java7-installer (--configure):
 subprocess installed post-installation script returned error exit status 1
Setting up libflann1.8:amd64 (1.8.4-3) ...
Processing triggers for libc-bin (2.19-0ubuntu6.11) ...
Errors were encountered while processing:
 oracle-java7-installer
E: Sub-process /usr/bin/dpkg returned an error code (1)
================================[ ERROR: FLANN ]================================

LoadError: failed process: Process(`sudo apt-get install libflann1.8`, ProcessExited(100)) [100]
while loading /home/vagrant/.julia/v0.5/FLANN/deps/build.jl, in expression starting on line 44

================================================================================

================================[ BUILD ERRORS ]================================

WARNING: FLANN had build errors.

 - packages with build errors remain installed in /home/vagrant/.julia/v0.5
 - build the package(s) and all dependencies with `Pkg.build("FLANN")`
 - build a single package by running its `deps/build.jl` script

================================================================================
INFO: Package database updated
INFO: METADATA is out-of-date — you may not have the latest version of FLANN
INFO: Use `Pkg.update()` to get the latest versions of your packages

>>> 'Pkg.test("FLANN")' log
Julia Version 0.5.2
Commit f4c6c9d (2017-05-06 16:34 UTC)
Platform Info:
  OS: Linux (x86_64-pc-linux-gnu)
  CPU: Intel(R) Xeon(R) CPU E3-1241 v3 @ 3.50GHz
  WORD_SIZE: 64
           Ubuntu 14.04.5 LTS
  uname: Linux 3.13.0-119-generic #166-Ubuntu SMP Wed May 3 12:18:55 UTC 2017 x86_64 x86_64
Memory: 2.9392738342285156 GB (750.109375 MB free)
Uptime: 33603.0 sec
Load Avg:  0.90576171875  1.01806640625  1.037109375
Intel(R) Xeon(R) CPU E3-1241 v3 @ 3.50GHz: 
       speed         user         nice          sys         idle          irq
#1  3499 MHz    2034248 s       2045 s     141474 s     803993 s         34 s
#2  3499 MHz     801154 s       4064 s      77035 s    2403012 s          1 s

  BLAS: libopenblas (USE64BITINT DYNAMIC_ARCH NO_AFFINITY Nehalem)
  LAPACK: libopenblas64_
  LIBM: libopenlibm
  LLVM: libLLVM-3.7.1 (ORCJIT, haswell)
Environment:
  TERM = vt100
  LD_LIBRARY_PATH = :/usr/local/lib/
  PATH = /usr/local/sbin:/usr/local/bin:/usr/sbin:/usr/bin:/sbin:/bin:/usr/games:/usr/local/games:/home/vagrant/julia/bin/
  JAVA_HOME = /usr/lib/jvm/java-7-oracle
  HOME = /home/vagrant

Package Directory: /home/vagrant/.julia/v0.5
2 required packages:
 - FLANN                         0.0.4
 - JSON                          0.12.0
5 additional packages:
 - BinDeps                       0.6.0
 - Compat                        0.25.2
 - Distances                     0.4.1
 - SHA                           0.3.2
 - URIParser                     0.1.8
INFO: Testing FLANN
ERROR: LoadError: LoadError: FLANN not properly installed. Please run Pkg.build("FLANN")
 in error(::String) at ./error.jl:21
 in include_from_node1(::String) at ./loading.jl:488
 in eval(::Module, ::Any) at ./boot.jl:234
 in require(::Symbol) at ./loading.jl:415
 in include_from_node1(::String) at ./loading.jl:488
 in process_options(::Base.JLOptions) at ./client.jl:265
 in _start() at ./client.jl:321
while loading /home/vagrant/.julia/v0.5/FLANN/src/FLANN.jl, in expression starting on line 12
while loading /home/vagrant/.julia/v0.5/FLANN/test/runtests.jl, in expression starting on line 1
================================[ ERROR: FLANN ]================================

failed process: Process(`/home/vagrant/julia/bin/julia -Cx86-64 -J/home/vagrant/julia/lib/julia/sys.so --compile=yes --depwarn=yes --check-bounds=yes --code-coverage=none --color=no --compilecache=yes /home/vagrant/.julia/v0.5/FLANN/test/runtests.jl`, ProcessExited(1)) [1]

================================================================================
ERROR: FLANN had test errors
 in #test#61(::Bool, ::Function, ::Array{AbstractString,1}) at ./pkg/entry.jl:748
 in (::Base.Pkg.Entry.#kw##test)(::Array{Any,1}, ::Base.Pkg.Entry.#test, ::Array{AbstractString,1}) at ./<missing>:0
 in (::Base.Pkg.Dir.##2#3{Array{Any,1},Base.Pkg.Entry.#test,Tuple{Array{AbstractString,1}}})() at ./pkg/dir.jl:31
 in cd(::Base.Pkg.Dir.##2#3{Array{Any,1},Base.Pkg.Entry.#test,Tuple{Array{AbstractString,1}}}, ::String) at ./file.jl:59
 in #cd#1(::Array{Any,1}, ::Function, ::Function, ::Array{AbstractString,1}, ::Vararg{Array{AbstractString,1},N}) at ./pkg/dir.jl:31
 in (::Base.Pkg.Dir.#kw##cd)(::Array{Any,1}, ::Base.Pkg.Dir.#cd, ::Function, ::Array{AbstractString,1}, ::Vararg{Array{AbstractString,1},N}) at ./<missing>:0
 in #test#3(::Bool, ::Function, ::String, ::Vararg{String,N}) at ./pkg/pkg.jl:258
 in test(::String, ::Vararg{String,N}) at ./pkg/pkg.jl:258
 in eval(::Module, ::Any) at ./boot.jl:234
 in process_options(::Base.JLOptions) at ./client.jl:242
 in _start() at ./client.jl:321

>>> End of log
