>>> 'Pkg.add("FLANN")' log
[ Info: Cloning cache of FLANN from https://github.com/wildart/FLANN.jl.git @ Base.Pkg.Cache cache.jl:43
[ Info: Installing BinDeps v0.8.2 @ Base.Pkg.Entry entry.jl:543
[ Info: Installing Distances v0.5.0 @ Base.Pkg.Entry entry.jl:543
[ Info: Installing FLANN v0.0.4 @ Base.Pkg.Entry entry.jl:543
[ Info: Installing SHA v0.5.2 @ Base.Pkg.Entry entry.jl:543
[ Info: Installing URIParser v0.3.0 @ Base.Pkg.Entry entry.jl:543
[ Info: Building FLANN @ Main none:10
┌ Error: ------------------------------------------------------------
│ # Build failed for FLANN
│   exception = LoadError("/home/vagrant/.julia/v0.7/FLANN/deps/build.jl", 13, LoadError("/home/vagrant/.julia/v0.7/FLANN/deps/build.jl", 13, UndefVarError(Symbol("@osx_only"))))
└ @ Main none:15
┌ Warning: ------------------------------------------------------------
│ # Build error summary
│ 
│ FLANN had build errors.
│ 
│  - packages with build errors remain installed in /home/vagrant/.julia/v0.7
│  - build the package(s) and all dependencies with `Pkg.build("FLANN")`
│  - build a single package by running its `deps/build.jl` script
└ @ Base.Pkg.Entry entry.jl:656
[ Info: Package database updated @ Base.Pkg.Entry entry.jl:32
┌ Info: METADATA is out-of-date — you may not have the latest version of FLANN
│ Use `Pkg.update()` to get the latest versions of your packages
└ @ Base.Pkg.Entry entry.jl:74

>>> 'Pkg.test("FLANN")' log
Julia Version 0.7.0-DEV.3246
Commit 2138144d3a (2018-01-04 02:34 UTC)
Platform Info:
  OS: Linux (x86_64-pc-linux-gnu)
      Ubuntu 14.04.5 LTS
  uname: Linux 3.13.0-135-generic #184-Ubuntu SMP Wed Oct 18 11:55:51 UTC 2017 x86_64 x86_64
  CPU: Intel(R) Xeon(R) CPU E3-1241 v3 @ 3.50GHz: 
              speed         user         nice          sys         idle          irq
       #1  3499 MHz    4527945 s        126 s     225076 s    1121654 s         64 s
       #2  3499 MHz     934882 s         52 s      91600 s    5771724 s          0 s
       
  Memory: 2.93927001953125 GB (1086.02734375 MB free)
  Uptime: 69055.0 sec
  Load Avg:  1.0302734375  1.0146484375  0.96533203125
  WORD_SIZE: 64
  BLAS: libopenblas (USE64BITINT DYNAMIC_ARCH NO_AFFINITY Nehalem)
  LAPACK: libopenblas64_
  LIBM: libopenlibm
  LLVM: libLLVM-3.9.1 (ORCJIT, haswell)
Environment:
  TERM = vt100
  LD_LIBRARY_PATH = :/usr/local/lib/
  PATH = /usr/local/sbin:/usr/local/bin:/usr/sbin:/usr/bin:/sbin:/bin:/usr/games:/usr/local/games:/home/vagrant/julia/bin/
  JAVA_HOME = /usr/lib/jvm/java-8-openjdk-amd64
  HOME = /home/vagrant
Packages:
  Package Directory: /home/vagrant/.julia/v0.7
  Package Status:
2 required packages:
 - FLANN                         0.0.4
 - JSON                          0.16.3
6 additional packages:
 - BinDeps                       0.8.2
 - Compat                        0.42.0
 - Distances                     0.5.0
 - Nullables                     0.0.2
 - SHA                           0.5.2
 - URIParser                     0.3.0
[ Info: Testing FLANN @ Base.Pkg.Entry entry.jl:723
ERROR: LoadError: LoadError: FLANN not properly installed. Please run Pkg.build("FLANN")
Stacktrace:
 [1] error(::String) at ./error.jl:33
 [2] top-level scope at /home/vagrant/.julia/v0.7/FLANN/src/FLANN.jl:12
 [3] include at ./boot.jl:295 [inlined]
 [4] include_relative(::Module, ::String) at ./loading.jl:521
 [5] _require(::Symbol) at ./loading.jl:453
 [6] require(::Symbol) at ./loading.jl:333
 [7] include at ./boot.jl:295 [inlined]
 [8] include_relative(::Module, ::String) at ./loading.jl:521
 [9] include(::Module, ::String) at ./sysimg.jl:26
 [10] process_options(::Base.JLOptions) at ./client.jl:323
 [11] _start() at ./client.jl:374
in expression starting at /home/vagrant/.julia/v0.7/FLANN/src/FLANN.jl:12
in expression starting at /home/vagrant/.julia/v0.7/FLANN/test/runtests.jl:1
┌ Error: ------------------------------------------------------------
│ # Testing failed for FLANN
│   exception = ErrorException("failed process: Process(`/home/vagrant/julia/bin/julia -Cnative -J/home/vagrant/julia/lib/julia/sys.so --compile=yes --depwarn=yes --code-coverage=none --color=no --compiled-modules=yes --check-bounds=yes --warn-overwrite=yes --startup-file=yes /home/vagrant/.julia/v0.7/FLANN/test/runtests.jl`, ProcessExited(1)) [1]")
└ @ Base.Pkg.Entry entry.jl:739
ERROR: FLANN had test errors

>>> End of log
