>>> 'Pkg.add("FluorescentSeries")' log
INFO: Cloning cache of FluorescentSeries from https://github.com/romainFr/FluorescentSeries.jl.git
INFO: Installing AbstractFFTs v0.3.0
INFO: Installing AxisArrays v0.2.1
INFO: Installing BinDeps v0.8.6
INFO: Installing ColorTypes v0.6.7
INFO: Installing Colors v0.8.2
INFO: Installing FFTW v0.0.4
INFO: Installing FixedPointNumbers v0.4.6
INFO: Installing FluorescentSeries v0.0.1
INFO: Installing Graphics v0.2.0
INFO: Installing ImageAxes v0.4.0
INFO: Installing ImageCore v0.5.0
INFO: Installing IntervalSets v0.1.1
INFO: Installing IterTools v0.2.1
INFO: Installing MacroTools v0.4.0
INFO: Installing MappedArrays v0.0.7
INFO: Installing NaNMath v0.3.1
INFO: Installing OffsetArrays v0.5.0
INFO: Installing PaddedViews v0.3.0
INFO: Installing RangeArrays v0.2.0
INFO: Installing Reexport v0.1.0
INFO: Installing SHA v0.5.6
INFO: Installing ShowItLikeYouBuildIt v0.2.0
INFO: Installing SimpleTraits v0.6.0
INFO: Installing URIParser v0.3.0
INFO: Building FFTW
INFO: Package database updated

>>> 'Pkg.test("FluorescentSeries")' log
Julia Version 0.6.2
Commit d386e40c17 (2017-12-13 18:08 UTC)
Platform Info:
  OS: Linux (x86_64-pc-linux-gnu)
  CPU: Intel(R) Xeon(R) CPU E3-1241 v3 @ 3.50GHz
  WORD_SIZE: 64
           Ubuntu 14.04.5 LTS
  uname: Linux 3.13.0-135-generic #184-Ubuntu SMP Wed Oct 18 11:55:51 UTC 2017 x86_64 x86_64
Memory: 2.93927001953125 GB (732.515625 MB free)
Uptime: 89104.0 sec
Load Avg:  1.00830078125  1.02734375  0.97607421875
Intel(R) Xeon(R) CPU E3-1241 v3 @ 3.50GHz: 
       speed         user         nice          sys         idle          irq
#1  3500 MHz    5574310 s       6965 s     260224 s    1726054 s         59 s
#2  3500 MHz    1487386 s        114 s     142781 s    7081739 s          2 s

  BLAS: libopenblas (USE64BITINT DYNAMIC_ARCH NO_AFFINITY Nehalem)
  LAPACK: libopenblas64_
  LIBM: libopenlibm
  LLVM: libLLVM-3.9.1 (ORCJIT, haswell)
Environment:
  TERM = vt100
  LD_LIBRARY_PATH = :/usr/local/lib/
  PATH = /usr/local/sbin:/usr/local/bin:/usr/sbin:/usr/bin:/sbin:/bin:/usr/games:/usr/local/games:/home/vagrant/julia/bin/
  JAVA_HOME = /usr/lib/jvm/java-8-openjdk-amd64
  HOME = /home/vagrant

Package Directory: /home/vagrant/.julia/v0.6
2 required packages:
 - FluorescentSeries             0.0.1
 - JSON                          0.16.4
25 additional packages:
 - AbstractFFTs                  0.3.0
 - AxisArrays                    0.2.1
 - BinDeps                       0.8.6
 - ColorTypes                    0.6.7
 - Colors                        0.8.2
 - Compat                        0.54.0
 - FFTW                          0.0.4
 - FixedPointNumbers             0.4.6
 - Graphics                      0.2.0
 - ImageAxes                     0.4.0
 - ImageCore                     0.5.0
 - IntervalSets                  0.1.1
 - IterTools                     0.2.1
 - MacroTools                    0.4.0
 - MappedArrays                  0.0.7
 - NaNMath                       0.3.1
 - Nullables                     0.0.3
 - OffsetArrays                  0.5.0
 - PaddedViews                   0.3.0
 - RangeArrays                   0.2.0
 - Reexport                      0.1.0
 - SHA                           0.5.6
 - ShowItLikeYouBuildIt          0.2.0
 - SimpleTraits                  0.6.0
 - URIParser                     0.3.0
INFO: Testing FluorescentSeries
INFO: FluorescentSeries tests passed

>>> End of log
