>>> 'Pkg.add("ForwardDiff")' log
[ Info: Installing BinDeps v0.8.2 @ Base.Pkg.Entry entry.jl:543
[ Info: Installing CommonSubexpressions v0.0.1 @ Base.Pkg.Entry entry.jl:543
[ Info: Installing DiffResults v0.0.2 @ Base.Pkg.Entry entry.jl:543
[ Info: Installing DiffRules v0.0.2 @ Base.Pkg.Entry entry.jl:543
[ Info: Installing ForwardDiff v0.7.0 @ Base.Pkg.Entry entry.jl:543
[ Info: Installing NaNMath v0.3.0 @ Base.Pkg.Entry entry.jl:543
[ Info: Installing SHA v0.5.2 @ Base.Pkg.Entry entry.jl:543
[ Info: Installing SpecialFunctions v0.3.6 @ Base.Pkg.Entry entry.jl:543
[ Info: Installing StaticArrays v0.6.6 @ Base.Pkg.Entry entry.jl:543
[ Info: Installing URIParser v0.3.0 @ Base.Pkg.Entry entry.jl:543
[ Info: Building SpecialFunctions @ Main none:10
WARNING: importing deprecated binding Base.Void into __anon__.
WARNING: Base.Void is deprecated, use Nothing instead.
  likely near /home/vagrant/.julia/v0.7/SpecialFunctions/deps/build.jl:6
WARNING: Base.Void is deprecated, use Nothing instead.
  likely near /home/vagrant/.julia/v0.7/SpecialFunctions/deps/build.jl:6
WARNING: Base.Void is deprecated, use Nothing instead.
  likely near /home/vagrant/.julia/v0.7/SpecialFunctions/deps/build.jl:6
WARNING: Base.Void is deprecated, use Nothing instead.
  likely near /home/vagrant/.julia/v0.7/SpecialFunctions/deps/build.jl:6
WARNING: Base.Void is deprecated, use Nothing instead.
  likely near /home/vagrant/.julia/v0.7/SpecialFunctions/deps/build.jl:6
WARNING: Base.Void is deprecated, use Nothing instead.
  likely near /home/vagrant/.julia/v0.7/SpecialFunctions/deps/build.jl:6
WARNING: importing deprecated binding Base.Associative into BinDeps.
WARNING: Base.Associative is deprecated, use AbstractDict instead.
  likely near /home/vagrant/.julia/v0.7/SpecialFunctions/deps/binaries.jl:44
in @install at /home/vagrant/.julia/v0.7/BinDeps/src/dependencies.jl
┌ Warning: `unshift!` is deprecated, use `pushfirst!` instead.
│   caller = #_find_library#48(::Type, ::Function, ::BinDeps.LibraryDependency) at dependencies.jl:652
└ @ BinDeps dependencies.jl:652
┌ Warning: `unshift!` is deprecated, use `pushfirst!` instead.
│   caller = #_find_library#48(::DataType, ::Function, ::BinDeps.LibraryDependency) at dependencies.jl:652
└ @ BinDeps dependencies.jl:652
[ Info: Package database updated @ Base.Pkg.Entry entry.jl:32
┌ Info: METADATA is out-of-date — you may not have the latest version of ForwardDiff
│ Use `Pkg.update()` to get the latest versions of your packages
└ @ Base.Pkg.Entry entry.jl:74

>>> 'Pkg.test("ForwardDiff")' log
Julia Version 0.7.0-DEV.3246
Commit 2138144d3a (2018-01-04 02:34 UTC)
Platform Info:
  OS: Linux (x86_64-pc-linux-gnu)
      Ubuntu 14.04.5 LTS
  uname: Linux 3.13.0-135-generic #184-Ubuntu SMP Wed Oct 18 11:55:51 UTC 2017 x86_64 x86_64
  CPU: Intel(R) Xeon(R) CPU E3-1241 v3 @ 3.50GHz: 
              speed         user         nice          sys         idle          irq
       #1  3499 MHz    4592386 s        126 s     228535 s    1132204 s         64 s
       #2  3499 MHz     944898 s         52 s      92628 s    5862272 s          0 s
       
  Memory: 2.93927001953125 GB (984.91015625 MB free)
  Uptime: 70079.0 sec
  Load Avg:  0.9013671875  0.94482421875  0.94970703125
  WORD_SIZE: 64
  BLAS: libopenblas (USE64BITINT DYNAMIC_ARCH NO_AFFINITY Nehalem)
  LAPACK: libopenblas64_
  LIBM: libopenlibm
  LLVM: libLLVM-3.9.1 (ORCJIT, haswell)
Environment:
  TERM = vt100
  LD_LIBRARY_PATH = :/usr/local/lib/
  PATH = /usr/local/sbin:/usr/local/bin:/usr/sbin:/usr/bin:/sbin:/bin:/usr/games:/usr/local/games:/home/vagrant/julia/bin/
  JAVA_HOME = /usr/lib/jvm/java-8-openjdk-amd64
  HOME = /home/vagrant
Packages:
  Package Directory: /home/vagrant/.julia/v0.7
  Package Status:
2 required packages:
 - ForwardDiff                   0.7.0
 - JSON                          0.16.3
11 additional packages:
 - BinDeps                       0.8.2
 - CommonSubexpressions          0.0.1
 - Compat                        0.42.0
 - DiffResults                   0.0.2
 - DiffRules                     0.0.2
 - NaNMath                       0.3.0
 - Nullables                     0.0.2
 - SHA                           0.5.2
 - SpecialFunctions              0.3.6
 - StaticArrays                  0.6.6
 - URIParser                     0.3.0
[ Info: Computing test dependencies for ForwardDiff... @ Base.Pkg.Entry entry.jl:713
[ Info: Installing Calculus v0.2.2 @ Base.Pkg.Entry entry.jl:543
[ Info: Installing DiffTests v0.0.1 @ Base.Pkg.Entry entry.jl:543
[ Info: Testing ForwardDiff @ Base.Pkg.Entry entry.jl:723
[ Warning: Replacing module `Compat` @ Base loading.jl:350
Testing Partials...
┌ Warning: tic() is deprecated, use @time, @elapsed, or calls to time_ns() instead.
│   caller = top-level scope
└ @ Core :0
┌ Warning: Deprecated syntax `(rand(T, N)...)` at /home/vagrant/.julia/v0.7/ForwardDiff/test/PartialsTest.jl:12.
│ Use `(rand(T, N)...,)` instead.
└ @ nothing PartialsTest.jl:12
┌ Warning: Deprecated syntax `(rand(T, N)...)` at /home/vagrant/.julia/v0.7/ForwardDiff/test/PartialsTest.jl:15.
│ Use `(rand(T, N)...,)` instead.
└ @ nothing PartialsTest.jl:15
┌ Warning: Deprecated syntax `(zeros(T, N)...)` at /home/vagrant/.julia/v0.7/ForwardDiff/test/PartialsTest.jl:125.
│ Use `(zeros(T, N)...,)` instead.
└ @ nothing PartialsTest.jl:125
WARNING: Base.Test is deprecated, run `using Test` instead.
  likely near /home/vagrant/.julia/v0.7/ForwardDiff/test/PartialsTest.jl:3
┌ Warning: `using A.B` will only be allowed for modules, not single bindings. Use `using A: B` instead
│   caller = ip:0x0
└ @ Core :-1
  ...testing Partials{0,Int64}
  ...testing Partials{0,Float32}
  ...testing Partials{0,Float64}
  ...testing Partials{3,Int64}
  ...testing Partials{3,Float32}
  ...testing Partials{3,Float64}
┌ Warning: toq() is deprecated, use @elapsed or calls to time_ns() instead.
│   caller = top-level scope
└ @ Core :0
done (took 4.672677896 seconds).
Testing Dual...
┌ Warning: tic() is deprecated, use @time, @elapsed, or calls to time_ns() instead.
│   caller = top-level scope
└ @ Core :0
WARNING: Base.Test is deprecated, run `using Test` instead.
  likely near /home/vagrant/.julia/v0.7/ForwardDiff/test/DualTest.jl:3
  ...testing Dual{TestTag(),Int64,0} and Dual{TestTag(),Dual{TestTag(),Int64,0},0}
┌ Warning: Constructors no longer fall back to `convert`. A constructor `ForwardDiff.Dual{Main.DualTest.TestTag(),Int128,0}(::Int64)` should be defined instead.
│   caller = convert(::Type{ForwardDiff.Dual{Main.DualTest.TestTag(),ForwardDiff.Dual{Main.DualTest.TestTag(),Int128,0},0}}, ::Int64) at dual.jl:314
└ @ ForwardDiff dual.jl:314
┌ Warning: Constructors no longer fall back to `convert`. A constructor `ForwardDiff.Dual{Main.DualTest.TestTag(),Int64,0}(::Int64)` should be defined instead.
│   caller = top-level scope at DualTest.jl:305
└ @ Core DualTest.jl:305
┌ Warning: Constructors no longer fall back to `convert`. A constructor `ForwardDiff.Dual{Main.DualTest.TestTag(),Int128,0}(::Int64)` should be defined instead.
│   caller = top-level scope at DualTest.jl:306
└ @ Core DualTest.jl:306
┌ Warning: Constructors no longer fall back to `convert`. A constructor `ForwardDiff.Dual{Main.DualTest.TestTag(),Float16,0}(::ForwardDiff.Dual{Main.DualTest.TestTag(),Int64,0})` should be defined instead.
│   caller = float at dual.jl:322 [inlined]
└ @ Core dual.jl:322
Error During Test at /home/vagrant/.julia/v0.7/ForwardDiff/test/DualTest.jl:386
  Test threw an exception of type TypeError
  Expression: partials(NaNMath.pow(Dual{TestTag()}(-2.0, 1.0), Dual{TestTag()}(2.0, 0.0)), 1) == -4.0
  TypeError: in pow, in ccall: first argument not a pointer or valid constant expression, expected Ptr, got Tuple{Symbol,String}
  Stacktrace:
   [1] pow(::Float64, ::Float64) at /home/vagrant/.julia/v0.7/NaNMath/src/NaNMath.jl:22
   [2] pow(::ForwardDiff.Dual{Main.DualTest.TestTag(),Float64,1}, ::ForwardDiff.Dual{Main.DualTest.TestTag(),Float64,1}) at /home/vagrant/.julia/v0.7/ForwardDiff/src/dual.jl:386
   [3] top-level scope at /home/vagrant/.julia/v0.7/ForwardDiff/test/DualTest.jl:386
   [4] include at ./boot.jl:295 [inlined]
   [5] include_relative(::Module, ::String) at ./loading.jl:521
   [6] include(::Module, ::String) at ./sysimg.jl:26
   [7] include(::String) at ./sysimg.jl:65
   [8] top-level scope
   [9] include at ./boot.jl:295 [inlined]
   [10] include_relative(::Module, ::String) at ./loading.jl:521
   [11] include(::Module, ::String) at ./sysimg.jl:26
   [12] process_options(::Base.JLOptions) at ./client.jl:323
   [13] _start() at ./client.jl:374
ERROR: LoadError: LoadError: There was an error during testing
in expression starting at /home/vagrant/.julia/v0.7/ForwardDiff/test/DualTest.jl:386
in expression starting at /home/vagrant/.julia/v0.7/ForwardDiff/test/runtests.jl:10
┌ Error: ------------------------------------------------------------
│ # Testing failed for ForwardDiff
│   exception = ErrorException("failed process: Process(`/home/vagrant/julia/bin/julia -Cnative -J/home/vagrant/julia/lib/julia/sys.so --compile=yes --depwarn=yes --code-coverage=none --color=no --compiled-modules=yes --check-bounds=yes --warn-overwrite=yes --startup-file=yes /home/vagrant/.julia/v0.7/ForwardDiff/test/runtests.jl`, ProcessExited(1)) [1]")
└ @ Base.Pkg.Entry entry.jl:739
[ Info: Removing Calculus v0.2.2 @ Base.Pkg.Entry entry.jl:546
[ Info: Removing DiffTests v0.0.1 @ Base.Pkg.Entry entry.jl:546
ERROR: ForwardDiff had test errors

>>> End of log
