>>> 'Pkg.add("FourierFlows")' log
[ Info: Cloning cache of FourierFlows from https://github.com/FourierFlows/FourierFlows.jl.git @ Base.Pkg.Cache cache.jl:43
[ Info: Installing BinDeps v0.8.2 @ Base.Pkg.Entry entry.jl:543
[ Info: Installing BufferedStreams v0.3.3 @ Base.Pkg.Entry entry.jl:543
[ Info: Installing DataStructures v0.7.4 @ Base.Pkg.Entry entry.jl:543
[ Info: Installing FileIO v0.6.1 @ Base.Pkg.Entry entry.jl:543
[ Info: Installing FourierFlows v0.0.1 @ Base.Pkg.Entry entry.jl:543
[ Info: Installing JLD2 v0.0.5 @ Base.Pkg.Entry entry.jl:543
[ Info: Installing Libz v0.2.4 @ Base.Pkg.Entry entry.jl:543
[ Info: Installing SHA v0.5.2 @ Base.Pkg.Entry entry.jl:543
[ Info: Installing SpecialFunctions v0.3.7 @ Base.Pkg.Entry entry.jl:543
[ Info: Installing URIParser v0.3.0 @ Base.Pkg.Entry entry.jl:543
[ Info: Building SpecialFunctions @ Main none:10
WARNING: importing deprecated binding Base.Associative into BinDeps.
WARNING: Base.Associative is deprecated, use AbstractDict instead.
  likely near /home/vagrant/.julia/v0.7/SpecialFunctions/deps/binaries.jl:44
in @install at /home/vagrant/.julia/v0.7/BinDeps/src/dependencies.jl
┌ Warning: `unshift!` is deprecated, use `pushfirst!` instead.
│   caller = #_find_library#48(::Type, ::Function, ::BinDeps.LibraryDependency) at dependencies.jl:652
└ @ BinDeps dependencies.jl:652
┌ Warning: `unshift!` is deprecated, use `pushfirst!` instead.
│   caller = #_find_library#48(::DataType, ::Function, ::BinDeps.LibraryDependency) at dependencies.jl:652
└ @ BinDeps dependencies.jl:652
[ Info: Package database updated @ Base.Pkg.Entry entry.jl:32
┌ Info: METADATA is out-of-date — you may not have the latest version of FourierFlows
│ Use `Pkg.update()` to get the latest versions of your packages
└ @ Base.Pkg.Entry entry.jl:74

>>> 'Pkg.test("FourierFlows")' log
Julia Version 0.7.0-DEV.3309
Commit b96097b66f (2018-01-07 00:26 UTC)
Platform Info:
  OS: Linux (x86_64-pc-linux-gnu)
      Ubuntu 14.04.5 LTS
  uname: Linux 3.13.0-135-generic #184-Ubuntu SMP Wed Oct 18 11:55:51 UTC 2017 x86_64 x86_64
  CPU: Intel(R) Xeon(R) CPU E3-1241 v3 @ 3.50GHz: 
              speed         user         nice          sys         idle          irq
       #1  3500 MHz    4747722 s        122 s     234078 s    1195676 s         39 s
       #2  3500 MHz    1015907 s         75 s      92167 s    6069405 s          1 s
       
  Memory: 2.93927001953125 GB (326.89453125 MB free)
  Uptime: 72945.0 sec
  Load Avg:  0.96435546875  0.98583984375  0.9814453125
  WORD_SIZE: 64
  BLAS: libopenblas (USE64BITINT DYNAMIC_ARCH NO_AFFINITY Nehalem)
  LAPACK: libopenblas64_
  LIBM: libopenlibm
  LLVM: libLLVM-3.9.1 (ORCJIT, haswell)
Environment:
  TERM = vt100
  LD_LIBRARY_PATH = :/usr/local/lib/
  PATH = /usr/local/sbin:/usr/local/bin:/usr/sbin:/usr/bin:/sbin:/bin:/usr/games:/usr/local/games:/home/vagrant/julia/bin/
  JAVA_HOME = /usr/lib/jvm/java-8-openjdk-amd64
  HOME = /home/vagrant
Packages:
  Package Directory: /home/vagrant/.julia/v0.7
  Package Status:
2 required packages:
 - FourierFlows                  0.0.1
 - JSON                          0.16.3
11 additional packages:
 - BinDeps                       0.8.2
 - BufferedStreams               0.3.3
 - Compat                        0.43.0
 - DataStructures                0.7.4
 - FileIO                        0.6.1
 - JLD2                          0.0.5
 - Libz                          0.2.4
 - Nullables                     0.0.2
 - SHA                           0.5.2
 - SpecialFunctions              0.3.7
 - URIParser                     0.3.0
[ Info: Testing FourierFlows @ Base.Pkg.Entry entry.jl:723
┌ Warning: Deprecated syntax `type` at /home/vagrant/.julia/v0.7/FourierFlows/src/FourierFlows.jl:29.
│ Use `mutable struct` instead.
└ @ nothing FourierFlows.jl:29
┌ Warning: Deprecated syntax `type` at /home/vagrant/.julia/v0.7/FourierFlows/src/FourierFlows.jl:29.
│ Use `mutable struct` instead.
└ @ nothing FourierFlows.jl:29
┌ Warning: Deprecated syntax `type` at /home/vagrant/.julia/v0.7/FourierFlows/src/domains.jl:9.
│ Use `mutable struct` instead.
└ @ nothing domains.jl:9
┌ Warning: Deprecated syntax `type` at /home/vagrant/.julia/v0.7/FourierFlows/src/domains.jl:17.
│ Use `mutable struct` instead.
└ @ nothing domains.jl:17
ERROR: LoadError: LoadError: UndefVarError: cFFTWPlan not defined
Stacktrace:
 [1] getproperty(::Module, ::Symbol) at ./sysimg.jl:14
 [2] top-level scope
 [3] include at ./boot.jl:295 [inlined]
 [4] include_relative(::Module, ::String) at ./loading.jl:521
 [5] include at ./sysimg.jl:26 [inlined]
 [6] include(::String) at /home/vagrant/.julia/v0.7/FourierFlows/src/FourierFlows.jl:3
 [7] top-level scope
 [8] include at ./boot.jl:295 [inlined]
 [9] include_relative(::Module, ::String) at ./loading.jl:521
 [10] include(::Module, ::String) at ./sysimg.jl:26
 [11] top-level scope
 [12] eval at ./boot.jl:298 [inlined]
 [13] top-level scope at ./<missing>:2
in expression starting at /home/vagrant/.julia/v0.7/FourierFlows/src/domains.jl:14
in expression starting at /home/vagrant/.julia/v0.7/FourierFlows/src/FourierFlows.jl:54
ERROR: LoadError: Failed to precompile FourierFlows to /home/vagrant/.julia/lib/v0.7/FourierFlows.ji.
Stacktrace:
 [1] error at ./error.jl:33 [inlined]
 [2] compilecache(::String) at ./loading.jl:648
 [3] compilecache at ./loading.jl:605 [inlined]
 [4] _require(::Symbol) at ./loading.jl:460
 [5] require(::Symbol) at ./loading.jl:333
 [6] include at ./boot.jl:295 [inlined]
 [7] include_relative(::Module, ::String) at ./loading.jl:521
 [8] include(::Module, ::String) at ./sysimg.jl:26
 [9] process_options(::Base.JLOptions) at ./client.jl:324
 [10] _start() at ./client.jl:375
in expression starting at /home/vagrant/.julia/v0.7/FourierFlows/test/runtests.jl:4
┌ Error: ------------------------------------------------------------
│ # Testing failed for FourierFlows
│   exception = ErrorException("failed process: Process(`/home/vagrant/julia/bin/julia -Cnative -J/home/vagrant/julia/lib/julia/sys.so --compile=yes --depwarn=yes --code-coverage=none --color=no --compiled-modules=yes --check-bounds=yes --warn-overwrite=yes --startup-file=yes /home/vagrant/.julia/v0.7/FourierFlows/test/runtests.jl`, ProcessExited(1)) [1]")
└ @ Base.Pkg.Entry entry.jl:739
ERROR: FourierFlows had test errors

>>> End of log
