>>> 'Pkg.add("FractionalGaussianFields")' log
WARNING: Base.Pkg is deprecated, run `using Pkg` instead
 in module Main
[ Info: Cloning cache of FractionalGaussianFields from https://github.com/sswatson/FractionalGaussianFields.jl.git
[ Info: Installing AsyPlots v0.1.0
[ Info: Installing AxisAlgorithms v0.2.0
[ Info: Installing BinDeps v0.8.8
[ Info: Installing BinaryProvider v0.3.0
[ Info: Installing Cairo v0.5.1
[ Info: Installing Calculus v0.3.1
[ Info: Installing CodecZlib v0.4.3
[ Info: Installing ColorTypes v0.6.7
[ Info: Installing Colors v0.8.2
[ Info: Installing Contour v0.4.0
[ Info: Installing DataStructures v0.8.1
[ Info: Installing DualNumbers v0.3.0
[ Info: Installing FixedPointNumbers v0.4.6
[ Info: Installing FractionalGaussianFields v0.1.0
[ Info: Installing Graphics v0.3.0
[ Info: Installing Interpolations v0.7.3
[ Info: Installing LightGraphs v0.13.0
[ Info: Installing MacroTools v0.4.0
[ Info: Installing NaNMath v0.3.1
[ Info: Installing ProgressMeter v0.5.5
[ Info: Installing Ratios v0.2.0
[ Info: Installing Reexport v0.1.0
[ Info: Installing Requires v0.4.3
[ Info: Installing SHA v0.5.7
[ Info: Installing ShowItLikeYouBuildIt v0.2.0
[ Info: Installing SimpleTraits v0.7.1
[ Info: Installing StaticArrays v0.7.0
[ Info: Installing TranscodingStreams v0.5.2
[ Info: Installing URIParser v0.3.1
[ Info: Installing WoodburyMatrices v0.2.2
[ Info: Building Cairo
┌ Warning: `is_apple` is deprecated, use `Sys.isapple` instead.
│   caller = top-level scope
└ @ Core :0
┌ Warning: `is_linux` is deprecated, use `Sys.islinux` instead.
│   caller = xx(::String, ::Vararg{String,N} where N) at build.jl:113
└ @ Main.__anon__ build.jl:113
┌ Warning: `is_linux` is deprecated, use `Sys.islinux` instead.
│   caller = top-level scope
└ @ Core :0
┌ Warning: `is_apple` is deprecated, use `Sys.isapple` instead.
│   caller = top-level scope
└ @ Core :0
┌ Warning: `similar(a::AbstractDict)` is deprecated, use `empty(a)` instead.
│   caller = adjust_env(::Dict{AbstractString,AbstractString}) at BinDeps.jl:388
└ @ BinDeps BinDeps.jl:388
┌ Warning: `replace(s::AbstractString, pat, f)` is deprecated, use `replace(s, pat => f)` instead.
│   caller = top-level scope
└ @ Core :0
┌ Warning: `replace(s::AbstractString, pat, f)` is deprecated, use `replace(s, pat => f)` instead.
│   caller = top-level scope
└ @ Core :0
[ Info: Building CodecZlib
┌ Warning: `ismatch(r::Regex, s::AbstractString)` is deprecated, use `occursin(r, s)` instead.
│   caller = valid_dl_path(::String, ::BinaryProvider.Linux) at PlatformNames.jl:376
└ @ BinaryProvider PlatformNames.jl:376
WARNING: importing deprecated binding Base.Libdl into Sys.
WARNING: Base.Libdl is deprecated, run `using Libdl` instead
  likely near /home/vagrant/.julia/v0.7/CodecZlib/deps/build.jl:98
[ Info: Package database updated

>>> 'Pkg.test("FractionalGaussianFields")' log
WARNING: Base.versioninfo is deprecated: it has been moved to the standard library package `InteractiveUtils`.
Add `using InteractiveUtils` to your imports.
 in module Main
WARNING: Base.versioninfo is deprecated: it has been moved to the standard library package `InteractiveUtils`.
Add `using InteractiveUtils` to your imports.
 in module Main
Julia Version 0.7.0-DEV.4925
Commit 55d4808a62 (2018-04-21 19:20 UTC)
Platform Info:
  OS: Linux (x86_64-pc-linux-gnu)
      Ubuntu 14.04.5 LTS
  uname: Linux 3.13.0-143-generic #192-Ubuntu SMP Tue Feb 27 10:45:36 UTC 2018 x86_64 x86_64
  CPU: Intel(R) Xeon(R) CPU E3-1241 v3 @ 3.50GHz: 
              speed         user         nice          sys         idle          irq
       #1  3499 MHz    5904070 s         60 s     443584 s    1921022 s        112 s
       #2  3499 MHz    1513726 s       7503 s     175170 s    7698072 s          3 s
       
  Memory: 2.939197540283203 GB (801.47265625 MB free)
  Uptime: 96214.0 sec
  Load Avg:  0.83447265625  0.95361328125  0.94580078125
  WORD_SIZE: 64
  LIBM: libopenlibm
  LLVM: libLLVM-3.9.1 (ORCJIT, haswell)
Environment:
  TERM = vt100
  LD_LIBRARY_PATH = :/usr/local/lib/
  PATH = /usr/local/sbin:/usr/local/bin:/usr/sbin:/usr/bin:/sbin:/bin:/usr/games:/usr/local/games:/home/vagrant/julia/bin/
  JAVA_HOME = /usr/lib/jvm/java-8-openjdk-amd64
  HOME = /home/vagrant
Packages:
  Package Directory: /home/vagrant/.julia/v0.7
  Package Status:
2 required packages:
 - FractionalGaussianFields      0.1.0
 - JSON                          0.17.2
31 additional packages:
 - AsyPlots                      0.1.0
 - AxisAlgorithms                0.2.0
 - BinDeps                       0.8.8
 - BinaryProvider                0.3.0
 - Cairo                         0.5.1
 - Calculus                      0.3.1
 - CodecZlib                     0.4.3
 - ColorTypes                    0.6.7
 - Colors                        0.8.2
 - Compat                        0.64.0
 - Contour                       0.4.0
 - DataStructures                0.8.1
 - DualNumbers                   0.3.0
 - FixedPointNumbers             0.4.6
 - Graphics                      0.3.0
 - Interpolations                0.7.3
 - LightGraphs                   0.13.0
 - MacroTools                    0.4.0
 - NaNMath                       0.3.1
 - Nullables                     0.0.5
 - ProgressMeter                 0.5.5
 - Ratios                        0.2.0
 - Reexport                      0.1.0
 - Requires                      0.4.3
 - SHA                           0.5.7
 - ShowItLikeYouBuildIt          0.2.0
 - SimpleTraits                  0.7.1
 - StaticArrays                  0.7.0
 - TranscodingStreams            0.5.2
 - URIParser                     0.3.1
 - WoodburyMatrices              0.2.2
WARNING: Base.Pkg is deprecated, run `using Pkg` instead
 in module Main
[ Info: Testing FractionalGaussianFields
WARNING: importing deprecated binding SparseArrays.blkdiag into LightGraphs.
┌ Warning: `ismatch(r::Regex, s::AbstractString)` is deprecated, use `occursin(r, s)` instead.
│   caller = isbinding at match.jl:14 [inlined]
└ @ Core match.jl:14
┌ Warning: `ismatch(r::Regex, s::AbstractString)` is deprecated, use `occursin(r, s)` instead.
│   caller = isslurp at match.jl:29 [inlined]
└ @ Core match.jl:29
┌ Warning: `ismatch(r::Regex, s::AbstractString)` is deprecated, use `occursin(r, s)` instead.
│   caller = isslurp(::Symbol) at match.jl:29
└ @ MacroTools match.jl:29
┌ Warning: `ismatch(r::Regex, s::AbstractString)` is deprecated, use `occursin(r, s)` instead.
│   caller = isbinding at match.jl:14 [inlined]
└ @ Core match.jl:14
WARNING: could not import LightGraphs.adjacency_matrix into LinAlg
WARNING: could not import LightGraphs.laplacian_matrix into LinAlg
WARNING: could not import LightGraphs.laplacian_spectrum into LinAlg
WARNING: SparseArrays.blkdiag is deprecated, use blockdiag instead.
  likely near /home/vagrant/.julia/v0.7/LightGraphs/src/operators.jl:65
asy not found, using Cairo backend
┌ Warning: `replace(s::AbstractString, pat, f)` is deprecated, use `replace(s, pat => f)` instead.
│   caller = _parse_colorant(::String) at parse.jl:51
└ @ Colors parse.jl:51
┌ Warning: `current_module()` is deprecated, use `@__MODULE__` instead.
│   caller = @require(::LineNumberNode, ::Module, ::Any, ::Any) at require.jl:51
└ @ Requires require.jl:51
┌ Warning: `isdefined(:symbol)` is deprecated, use `@isdefined symbol` instead
│   caller = ip:0x0
└ @ Core :-1
WARNING: Method definition __init__() in module Requires at /home/vagrant/.julia/v0.7/Requires/src/init.jl:9 overwritten in module AsyPlots at /home/vagrant/.julia/v0.7/Requires/src/init.jl:9.
WARNING: importing deprecated binding Base.Range into AsyPlots.
WARNING: Base.Range is deprecated, use AbstractRange instead.
  likely near /home/vagrant/.julia/v0.7/AsyPlots/src/asy3d.jl:202
WARNING: Base.Range is deprecated, use AbstractRange instead.
  likely near /home/vagrant/.julia/v0.7/AsyPlots/src/asy3d.jl:202
WARNING: Base.Range is deprecated, use AbstractRange instead.
  likely near /home/vagrant/.julia/v0.7/AsyPlots/src/asy3d.jl:202
WARNING: Base.Range is deprecated, use AbstractRange instead.
  likely near /home/vagrant/.julia/v0.7/AsyPlots/src/asy3d.jl:202
WARNING: Base.Range is deprecated, use AbstractRange instead.
  likely near /home/vagrant/.julia/v0.7/AsyPlots/src/asy3d.jl:202
WARNING: Base.Range is deprecated, use AbstractRange instead.
  likely near /home/vagrant/.julia/v0.7/AsyPlots/src/asy3d.jl:202
ERROR: LoadError: LoadError: syntax: invalid keyword argument syntax "kwargs"
Stacktrace:
 [1] include at ./boot.jl:314 [inlined]
 [2] include_relative(::Module, ::String) at ./loading.jl:1067
 [3] include at ./sysimg.jl:29 [inlined]
 [4] include(::String) at /home/vagrant/.julia/v0.7/AsyPlots/src/AsyPlots.jl:3
 [5] top-level scope
 [6] include at ./boot.jl:314 [inlined]
 [7] include_relative(::Module, ::String) at ./loading.jl:1067
 [8] include(::Module, ::String) at ./sysimg.jl:29
 [9] top-level scope
 [10] eval at ./boot.jl:317 [inlined]
 [11] top-level scope at ./<missing>:3
in expression starting at /home/vagrant/.julia/v0.7/AsyPlots/src/asy3d.jl:341
in expression starting at /home/vagrant/.julia/v0.7/AsyPlots/src/AsyPlots.jl:93
ERROR: LoadError: Failed to precompile AsyPlots to /home/vagrant/.julia/compiled/v0.7/AsyPlots.ji.
Stacktrace:
 [1] error at ./error.jl:33 [inlined]
 [2] compilecache(::Base.PkgId) at ./loading.jl:1201
 [3] _require(::Base.PkgId) at ./loading.jl:974
 [4] require(::Base.PkgId) at ./loading.jl:874
 [5] require(::Module, ::Symbol) at ./loading.jl:869
 [6] include at ./boot.jl:314 [inlined]
 [7] include_relative(::Module, ::String) at ./loading.jl:1067
 [8] include(::Module, ::String) at ./sysimg.jl:29
 [9] top-level scope
 [10] eval at ./boot.jl:317 [inlined]
 [11] top-level scope at ./<missing>:3
in expression starting at /home/vagrant/.julia/v0.7/FractionalGaussianFields/src/FractionalGaussianFields.jl:5
ERROR: LoadError: Failed to precompile FractionalGaussianFields to /home/vagrant/.julia/compiled/v0.7/FractionalGaussianFields.ji.
Stacktrace:
 [1] error at ./error.jl:33 [inlined]
 [2] compilecache(::Base.PkgId) at ./loading.jl:1201
 [3] _require(::Base.PkgId) at ./loading.jl:1003
 [4] require(::Base.PkgId) at ./loading.jl:874
 [5] require(::Module, ::Symbol) at ./loading.jl:869
 [6] include at ./boot.jl:314 [inlined]
 [7] include_relative(::Module, ::String) at ./loading.jl:1067
 [8] include(::Module, ::String) at ./sysimg.jl:29
 [9] exec_options(::Base.JLOptions) at ./client.jl:327
 [10] _start() at ./client.jl:455
in expression starting at /home/vagrant/.julia/v0.7/FractionalGaussianFields/test/runtests.jl:1
┌ Error: ------------------------------------------------------------
│ # Testing failed for FractionalGaussianFields
│   exception =
│    failed process: Process(`/home/vagrant/julia/bin/julia -Cnative -J/home/vagrant/julia/lib/julia/sys.so --compile=yes --depwarn=yes --code-coverage=none --color=no --compiled-modules=yes --check-bounds=yes --warn-overwrite=yes --startup-file=yes /home/vagrant/.julia/v0.7/FractionalGaussianFields/test/runtests.jl`, ProcessExited(1)) [1]
│    Stacktrace:
│     [1] error(::String, ::Base.Process, ::String, ::Int64, ::String) at ./error.jl:42
│     [2] pipeline_error(::Base.Process) at ./process.jl:712
│     [3] #run#533(::Bool, ::Function, ::Cmd) at ./process.jl:670
│     [4] run at ./process.jl:668 [inlined]
│     [5] (::getfield(Pkg.Entry, Symbol("##56#57")){Bool,String,Array{AbstractString,1}})() at /buildworker/worker/package_linux64/build/usr/share/julia/stdlib/v0.7/Pkg/src/entry.jl:729
│     [6] cd(::getfield(Pkg.Entry, Symbol("##56#57")){Bool,String,Array{AbstractString,1}}, ::String) at ./file.jl:72
│     [7] #test!#55(::Bool, ::Function, ::String, ::Array{AbstractString,1}, ::Array{AbstractString,1}, ::Array{AbstractString,1}) at /buildworker/worker/package_linux64/build/usr/share/julia/stdlib/v0.7/Pkg/src/entry.jl:717
│     [8] (::getfield(Pkg.Entry, Symbol("#kw##test!")))(::NamedTuple{(:coverage,),Tuple{Bool}}, ::typeof(Pkg.Entry.test!), ::String, ::Array{AbstractString,1}, ::Array{AbstractString,1}, ::Array{AbstractString,1}) at ./<missing>:0
│     [9] #test#59(::Bool, ::Function, ::Array{AbstractString,1}) at /buildworker/worker/package_linux64/build/usr/share/julia/stdlib/v0.7/Pkg/src/entry.jl:756
│     [10] #test at ./<missing>:0 [inlined]
│     [11] #4 at /buildworker/worker/package_linux64/build/usr/share/julia/stdlib/v0.7/Pkg/src/dir.jl:36 [inlined]
│     [12] cd(::getfield(Pkg.Dir, Symbol("##4#7")){Base.Iterators.Pairs{Symbol,Bool,Tuple{Symbol},NamedTuple{(:coverage,),Tuple{Bool}}},typeof(Pkg.Entry.test),Tuple{Array{AbstractString,1}}}, ::String) at ./file.jl:72
│     [13] #cd#1(::Base.Iterators.Pairs{Symbol,Bool,Tuple{Symbol},NamedTuple{(:coverage,),Tuple{Bool}}}, ::Function, ::Function, ::Array{AbstractString,1}, ::Vararg{Array{AbstractString,1},N} where N) at /buildworker/worker/package_linux64/build/usr/share/julia/stdlib/v0.7/Pkg/src/dir.jl:36
│     [14] (::getfield(Pkg.Dir, Symbol("#kw##cd")))(::NamedTuple{(:coverage,),Tuple{Bool}}, ::typeof(Pkg.Dir.cd), ::Function, ::Array{AbstractString,1}, ::Vararg{Array{AbstractString,1},N} where N) at ./<missing>:0
│     [15] #test#3(::Bool, ::Function, ::String, ::Vararg{String,N} where N) at /buildworker/worker/package_linux64/build/usr/share/julia/stdlib/v0.7/Pkg/src/Pkg.jl:278
│     [16] test(::String, ::Vararg{String,N} where N) at /buildworker/worker/package_linux64/build/usr/share/julia/stdlib/v0.7/Pkg/src/Pkg.jl:278
│     [17] top-level scope
│     [18] eval at ./boot.jl:317 [inlined]
│     [19] eval(::Module, ::Expr) at ./sysimg.jl:74
│     [20] exec_options(::Base.JLOptions) at ./client.jl:304
│     [21] _start() at ./client.jl:455
└ @ Pkg.Entry entry.jl:732
ERROR: FractionalGaussianFields had test errors

>>> End of log
