>>> 'Pkg.add("FreeType")' log
INFO: Cloning cache of FreeType from git://github.com/JuliaGraphics/FreeType.jl.git
INFO: Installing FreeType v1.0.3
INFO: Building FreeType
INFO: Package database updated

>>> 'Pkg.test("FreeType")' log
Julia Version 0.4.6
Commit 2e358ce (2016-06-19 17:16 UTC)
Platform Info:
  System: Linux (x86_64-unknown-linux-gnu)
  CPU: Intel(R) Xeon(R) CPU E3-1241 v3 @ 3.50GHz
  WORD_SIZE: 64
           Ubuntu 14.04.5 LTS
  uname: Linux 3.13.0-95-generic #142-Ubuntu SMP Fri Aug 12 17:00:09 UTC 2016 x86_64 x86_64
Memory: 2.4471054077148438 GB (567.46875 MB free)
Uptime: 21030.0 sec
Load Avg:  0.99365234375  0.9990234375  1.02978515625
Intel(R) Xeon(R) CPU E3-1241 v3 @ 3.50GHz: 
       speed         user         nice          sys         idle          irq
#1  3500 MHz     955729 s       1167 s     101760 s     793225 s         43 s
#2  3500 MHz     635660 s       5921 s      92310 s    1242225 s          0 s

  BLAS: libopenblas (USE64BITINT DYNAMIC_ARCH NO_AFFINITY Nehalem)
  LAPACK: libopenblas64_
  LIBM: libopenlibm
  LLVM: libLLVM-3.3
Environment:
  TERM = vt100
  LD_LIBRARY_PATH = :/usr/local/lib/
  PATH = /usr/local/sbin:/usr/local/bin:/usr/sbin:/usr/bin:/sbin:/bin:/usr/games:/usr/local/games:/home/vagrant/julia/bin/
  JAVA_HOME = /usr/lib/jvm/java-7-oracle
  HOME = /home/vagrant

Package Directory: /home/vagrant/.julia/v0.4
2 required packages:
 - FreeType                      1.0.3
 - JSON                          0.7.0
1 additional packages:
 - Compat                        0.8.8
INFO: Testing FreeType
INFO: FreeType tests passed

>>> End of log
