>>> 'Pkg.add("FreeType")' log
INFO: Cloning cache of FreeType from https://github.com/JuliaGraphics/FreeType.jl.git
INFO: Installing FreeType v1.1.0
INFO: Building FreeType
INFO: Package database updated
INFO: METADATA is out-of-date — you may not have the latest version of FreeType
INFO: Use `Pkg.update()` to get the latest versions of your packages

>>> 'Pkg.test("FreeType")' log
Julia Version 0.5.0
Commit 3c9d753 (2016-09-19 18:14 UTC)
Platform Info:
  System: Linux (x86_64-pc-linux-gnu)
  CPU: Intel(R) Xeon(R) CPU E3-1241 v3 @ 3.50GHz
  WORD_SIZE: 64
           Ubuntu 14.04.5 LTS
  uname: Linux 3.13.0-107-generic #154-Ubuntu SMP Tue Dec 20 09:57:27 UTC 2016 x86_64 x86_64
Memory: 2.9392738342285156 GB (741.2734375 MB free)
Uptime: 31789.0 sec
Load Avg:  1.05322265625  1.03759765625  1.04638671875
Intel(R) Xeon(R) CPU E3-1241 v3 @ 3.50GHz: 
       speed         user         nice          sys         idle          irq
#1  3500 MHz    1873713 s       5246 s     158026 s     695515 s        183 s
#2  3500 MHz     659842 s       2072 s      94254 s    2284191 s          8 s

  BLAS: libopenblas (USE64BITINT DYNAMIC_ARCH NO_AFFINITY Nehalem)
  LAPACK: libopenblas64_
  LIBM: libopenlibm
  LLVM: libLLVM-3.7.1 (ORCJIT, haswell)
Environment:
  TERM = vt100
  LD_LIBRARY_PATH = :/usr/local/lib/
  PATH = /usr/local/sbin:/usr/local/bin:/usr/sbin:/usr/bin:/sbin:/bin:/usr/games:/usr/local/games:/home/vagrant/julia/bin/
  JAVA_HOME = /usr/lib/jvm/java-7-oracle
  HOME = /home/vagrant

Package Directory: /home/vagrant/.julia/v0.5
2 required packages:
 - FreeType                      1.1.0
 - JSON                          0.8.2
1 additional packages:
 - Compat                        0.14.0
INFO: Testing FreeType
INFO: FreeType tests passed

>>> End of log
