>>> 'Pkg.add("FreqTables")' log
INFO: Cloning cache of FreqTables from git://github.com/nalimilan/FreqTables.jl.git
INFO: Cloning cache of NamedArrays from git://github.com/davidavdav/NamedArrays.jl.git
INFO: Installing BinDeps v0.4.5
INFO: Installing Combinatorics v0.2.1
INFO: Installing DataArrays v0.3.8
INFO: Installing DataFrames v0.8.2
INFO: Installing DataStructures v0.4.5
INFO: Installing FileIO v0.1.2
INFO: Installing FreqTables v0.0.2
INFO: Installing GZip v0.2.20
INFO: Installing Iterators v0.1.10
INFO: Installing NamedArrays v0.5.2
INFO: Installing Polynomials v0.1.0
INFO: Installing Reexport v0.0.3
INFO: Installing Rmath v0.1.2
INFO: Installing SHA v0.2.1
INFO: Installing SortingAlgorithms v0.1.0
INFO: Installing StatsBase v0.9.0
INFO: Installing StatsFuns v0.3.0
INFO: Installing URIParser v0.1.6
INFO: Building Rmath
INFO: Package database updated

>>> 'Pkg.test("FreqTables")' log
Julia Version 0.4.6
Commit 2e358ce (2016-06-19 17:16 UTC)
Platform Info:
  System: Linux (x86_64-unknown-linux-gnu)
  CPU: Intel(R) Xeon(R) CPU E3-1241 v3 @ 3.50GHz
  WORD_SIZE: 64
           Ubuntu 14.04.5 LTS
  uname: Linux 3.13.0-95-generic #142-Ubuntu SMP Fri Aug 12 17:00:09 UTC 2016 x86_64 x86_64
Memory: 2.4471054077148438 GB (541.40234375 MB free)
Uptime: 22065.0 sec
Load Avg:  0.875  1.00732421875  1.03369140625
Intel(R) Xeon(R) CPU E3-1241 v3 @ 3.50GHz: 
       speed         user         nice          sys         idle          irq
#1  3500 MHz     984972 s       5383 s     111855 s     837111 s         60 s
#2  3500 MHz     600594 s        630 s      98689 s    1379217 s          0 s

  BLAS: libopenblas (USE64BITINT DYNAMIC_ARCH NO_AFFINITY Nehalem)
  LAPACK: libopenblas64_
  LIBM: libopenlibm
  LLVM: libLLVM-3.3
Environment:
  TERM = vt100
  LD_LIBRARY_PATH = :/usr/local/lib/
  PATH = /usr/local/sbin:/usr/local/bin:/usr/sbin:/usr/bin:/sbin:/bin:/usr/games:/usr/local/games:/home/vagrant/julia/bin/
  JAVA_HOME = /usr/lib/jvm/java-7-oracle
  HOME = /home/vagrant

Package Directory: /home/vagrant/.julia/v0.4
2 required packages:
 - FreqTables                    0.0.2
 - JSON                          0.7.0
18 additional packages:
 - BinDeps                       0.4.5
 - Combinatorics                 0.2.1
 - Compat                        0.9.0
 - DataArrays                    0.3.8
 - DataFrames                    0.8.2
 - DataStructures                0.4.5
 - FileIO                        0.1.2
 - GZip                          0.2.20
 - Iterators                     0.1.10
 - NamedArrays                   0.5.2
 - Polynomials                   0.1.0
 - Reexport                      0.0.3
 - Rmath                         0.1.2
 - SHA                           0.2.1
 - SortingAlgorithms             0.1.0
 - StatsBase                     0.9.0
 - StatsFuns                     0.3.0
 - URIParser                     0.1.6
INFO: Computing test dependencies for FreqTables...
INFO: Installing RDatasets v0.1.3
INFO: Building Rmath
INFO: Testing FreqTables
WARNING: New definition 
    .*(NamedArrays.NamedArray{#T1<:Number, #N<:Any, AT<:Any, DT<:Any}, AbstractArray{#T2<:Number, #N<:Any}) at /home/vagrant/.julia/v0.4/NamedArrays/src/arithmetic.jl:33
is ambiguous with: 
    .*(AbstractArray, Union{DataArrays.DataArray, DataArrays.PooledDataArray}, AbstractArray...) at /home/vagrant/.julia/v0.4/DataArrays/src/broadcast.jl:297.
To fix, define 
    .*(NamedArrays.NamedArray{#T1<:Number, N<:Any, AT<:Any, DT<:Any}, Union{DataArrays.PooledDataArray{#T2<:Number, R<:Integer, N<:Any}, DataArrays.DataArray{#T2<:Number, N<:Any}})
before the new definition.
WARNING: New definition 
    .*(AbstractArray{#T1<:Number, #N<:Any}, NamedArrays.NamedArray{#T2<:Number, #N<:Any, AT<:Any, DT<:Any}) at /home/vagrant/.julia/v0.4/NamedArrays/src/arithmetic.jl:34
is ambiguous with: 
    .*(Union{DataArrays.DataArray, DataArrays.PooledDataArray}, AbstractArray...) at /home/vagrant/.julia/v0.4/DataArrays/src/broadcast.jl:297.
To fix, define 
    .*(Union{DataArrays.PooledDataArray{#T1<:Number, R<:Integer, N<:Any}, DataArrays.DataArray{#T1<:Number, N<:Any}}, NamedArrays.NamedArray{#T2<:Number, N<:Any, AT<:Any, DT<:Any})
before the new definition.
WARNING: New definition 
    .*(NamedArrays.NamedArray, AbstractArray) at /home/vagrant/.julia/v0.4/NamedArrays/src/arithmetic.jl:64
is ambiguous with: 
    .*(AbstractArray, Union{DataArrays.DataArray, DataArrays.PooledDataArray}, AbstractArray...) at /home/vagrant/.julia/v0.4/DataArrays/src/broadcast.jl:297.
To fix, define 
    .*(NamedArrays.NamedArray, Union{DataArrays.DataArray, DataArrays.PooledDataArray})
before the new definition.
WARNING: New definition 
    broadcast(Function, NamedArrays.NamedArray...) at /home/vagrant/.julia/v0.4/NamedArrays/src/keepnames.jl:47
is ambiguous with: 
    broadcast(Function, DataArrays.PooledDataArray...) at /home/vagrant/.julia/v0.4/DataArrays/src/broadcast.jl:319.
To fix, define 
    broadcast(Function)
before the new definition.
WARNING: New definition 
    -(AbstractArray{#T1<:Number, #N<:Any}, NamedArrays.NamedArray{#T2<:Number, #N<:Any, AT<:Any, DT<:Any}) at /home/vagrant/.julia/v0.4/NamedArrays/src/arithmetic.jl:34
is ambiguous with: 
    -(DataArrays.DataArray, AbstractArray) at /home/vagrant/.julia/v0.4/DataArrays/src/operators.jl:276.
To fix, define 
    -(DataArrays.DataArray{#T1<:Number, N<:Any}, NamedArrays.NamedArray{#T2<:Number, N<:Any, AT<:Any, DT<:Any})
before the new definition.
WARNING: New definition 
    -(AbstractArray{#T1<:Number, #N<:Any}, NamedArrays.NamedArray{#T2<:Number, #N<:Any, AT<:Any, DT<:Any}) at /home/vagrant/.julia/v0.4/NamedArrays/src/arithmetic.jl:34
is ambiguous with: 
    -(DataArrays.AbstractDataArray, AbstractArray) at /home/vagrant/.julia/v0.4/DataArrays/src/operators.jl:300.
To fix, define 
    -(DataArrays.AbstractDataArray{#T1<:Number, N<:Any}, NamedArrays.NamedArray{#T2<:Number, N<:Any, AT<:Any, DT<:Any})
before the new definition.
WARNING: New definition 
    .+(NamedArrays.NamedArray{#T1<:Number, #N<:Any, AT<:Any, DT<:Any}, AbstractArray{#T2<:Number, #N<:Any}) at /home/vagrant/.julia/v0.4/NamedArrays/src/arithmetic.jl:33
is ambiguous with: 
    .+(AbstractArray, Union{DataArrays.DataArray, DataArrays.PooledDataArray}, AbstractArray...) at /home/vagrant/.julia/v0.4/DataArrays/src/broadcast.jl:299.
To fix, define 
    .+(NamedArrays.NamedArray{#T1<:Number, N<:Any, AT<:Any, DT<:Any}, Union{DataArrays.PooledDataArray{#T2<:Number, R<:Integer, N<:Any}, DataArrays.DataArray{#T2<:Number, N<:Any}})
before the new definition.
WARNING: New definition 
    .+(AbstractArray{#T1<:Number, #N<:Any}, NamedArrays.NamedArray{#T2<:Number, #N<:Any, AT<:Any, DT<:Any}) at /home/vagrant/.julia/v0.4/NamedArrays/src/arithmetic.jl:34
is ambiguous with: 
    .+(Union{DataArrays.DataArray, DataArrays.PooledDataArray}, AbstractArray...) at /home/vagrant/.julia/v0.4/DataArrays/src/broadcast.jl:299.
To fix, define 
    .+(Union{DataArrays.PooledDataArray{#T1<:Number, R<:Integer, N<:Any}, DataArrays.DataArray{#T1<:Number, N<:Any}}, NamedArrays.NamedArray{#T2<:Number, N<:Any, AT<:Any, DT<:Any})
before the new definition.
WARNING: New definition 
    .+(NamedArrays.NamedArray, AbstractArray) at /home/vagrant/.julia/v0.4/NamedArrays/src/arithmetic.jl:64
is ambiguous with: 
    .+(AbstractArray, Union{DataArrays.DataArray, DataArrays.PooledDataArray}, AbstractArray...) at /home/vagrant/.julia/v0.4/DataArrays/src/broadcast.jl:299.
To fix, define 
    .+(NamedArrays.NamedArray, Union{DataArrays.DataArray, DataArrays.PooledDataArray})
before the new definition.
WARNING: New definition 
    .-(NamedArrays.NamedArray{#T1<:Number, #N<:Any, AT<:Any, DT<:Any}, AbstractArray{#T2<:Number, #N<:Any}) at /home/vagrant/.julia/v0.4/NamedArrays/src/arithmetic.jl:33
is ambiguous with: 
    .-(AbstractArray, Union{DataArrays.DataArray, DataArrays.PooledDataArray}) at /home/vagrant/.julia/v0.4/DataArrays/src/broadcast.jl:287.
To fix, define 
    .-(NamedArrays.NamedArray{#T1<:Number, N<:Any, AT<:Any, DT<:Any}, Union{DataArrays.PooledDataArray{#T2<:Number, R<:Integer, N<:Any}, DataArrays.DataArray{#T2<:Number, N<:Any}})
before the new definition.
WARNING: New definition 
    .-(AbstractArray{#T1<:Number, #N<:Any}, NamedArrays.NamedArray{#T2<:Number, #N<:Any, AT<:Any, DT<:Any}) at /home/vagrant/.julia/v0.4/NamedArrays/src/arithmetic.jl:34
is ambiguous with: 
    .-(Union{DataArrays.DataArray, DataArrays.PooledDataArray}, AbstractArray) at /home/vagrant/.julia/v0.4/DataArrays/src/broadcast.jl:286.
To fix, define 
    .-(Union{DataArrays.PooledDataArray{#T1<:Number, R<:Integer, N<:Any}, DataArrays.DataArray{#T1<:Number, N<:Any}}, NamedArrays.NamedArray{#T2<:Number, N<:Any, AT<:Any, DT<:Any})
before the new definition.
WARNING: New definition 
    .-(NamedArrays.NamedArray, AbstractArray) at /home/vagrant/.julia/v0.4/NamedArrays/src/arithmetic.jl:64
is ambiguous with: 
    .-(AbstractArray, Union{DataArrays.DataArray, DataArrays.PooledDataArray}) at /home/vagrant/.julia/v0.4/DataArrays/src/broadcast.jl:287.
To fix, define 
    .-(NamedArrays.NamedArray, Union{DataArrays.DataArray, DataArrays.PooledDataArray})
before the new definition.
WARNING: New definition 
    ./(NamedArrays.NamedArray{#T1<:Number, #N<:Any, AT<:Any, DT<:Any}, AbstractArray{#T2<:Number, #N<:Any}) at /home/vagrant/.julia/v0.4/NamedArrays/src/arithmetic.jl:33
is ambiguous with: 
    ./(AbstractArray, Union{DataArrays.DataArray, DataArrays.PooledDataArray}) at /home/vagrant/.julia/v0.4/DataArrays/src/broadcast.jl:287.
To fix, define 
    ./(NamedArrays.NamedArray{#T1<:Number, N<:Any, AT<:Any, DT<:Any}, Union{DataArrays.PooledDataArray{#T2<:Number, R<:Integer, N<:Any}, DataArrays.DataArray{#T2<:Number, N<:Any}})
before the new definition.
WARNING: New definition 
    ./(AbstractArray{#T1<:Number, #N<:Any}, NamedArrays.NamedArray{#T2<:Number, #N<:Any, AT<:Any, DT<:Any}) at /home/vagrant/.julia/v0.4/NamedArrays/src/arithmetic.jl:34
is ambiguous with: 
    ./(Union{DataArrays.DataArray, DataArrays.PooledDataArray}, AbstractArray) at /home/vagrant/.julia/v0.4/DataArrays/src/broadcast.jl:286.
To fix, define 
    ./(Union{DataArrays.PooledDataArray{#T1<:Number, R<:Integer, N<:Any}, DataArrays.DataArray{#T1<:Number, N<:Any}}, NamedArrays.NamedArray{#T2<:Number, N<:Any, AT<:Any, DT<:Any})
before the new definition.
WARNING: New definition 
    ./(NamedArrays.NamedArray, AbstractArray) at /home/vagrant/.julia/v0.4/NamedArrays/src/arithmetic.jl:64
is ambiguous with: 
    ./(AbstractArray, Union{DataArrays.DataArray, DataArrays.PooledDataArray}) at /home/vagrant/.julia/v0.4/DataArrays/src/broadcast.jl:287.
To fix, define 
    ./(NamedArrays.NamedArray, Union{DataArrays.DataArray, DataArrays.PooledDataArray})
before the new definition.
WARNING: New definition 
    +(AbstractArray{#T1<:Number, #N<:Any}, NamedArrays.NamedArray{#T2<:Number, #N<:Any, AT<:Any, DT<:Any}) at /home/vagrant/.julia/v0.4/NamedArrays/src/arithmetic.jl:34
is ambiguous with: 
    +(DataArrays.DataArray, AbstractArray) at /home/vagrant/.julia/v0.4/DataArrays/src/operators.jl:276.
To fix, define 
    +(DataArrays.DataArray{#T1<:Number, N<:Any}, NamedArrays.NamedArray{#T2<:Number, N<:Any, AT<:Any, DT<:Any})
before the new definition.
WARNING: New definition 
    +(AbstractArray{#T1<:Number, #N<:Any}, NamedArrays.NamedArray{#T2<:Number, #N<:Any, AT<:Any, DT<:Any}) at /home/vagrant/.julia/v0.4/NamedArrays/src/arithmetic.jl:34
is ambiguous with: 
    +(DataArrays.AbstractDataArray, AbstractArray) at /home/vagrant/.julia/v0.4/DataArrays/src/operators.jl:300.
To fix, define 
    +(DataArrays.AbstractDataArray{#T1<:Number, N<:Any}, NamedArrays.NamedArray{#T2<:Number, N<:Any, AT<:Any, DT<:Any})
before the new definition.
WARNING: read_rda(args...) is deprecated, use FileIO.load(args...) instead.
 in depwarn at deprecated.jl:73
 in read_rda at deprecated.jl:50
 in dataset at /home/vagrant/.julia/v0.4/RDatasets/src/dataset.jl:6
 in include at ./boot.jl:261
 in include_from_node1 at ./loading.jl:320
 in include at ./boot.jl:261
 in include_from_node1 at ./loading.jl:320
 in process_options at ./client.jl:280
 in _start at ./client.jl:378
while loading /home/vagrant/.julia/v0.4/FreqTables/test/freqtable.jl, in expression starting on line 53
WARNING: FileIO.NotInstalledError(:RData,"")
 in checked_import at /home/vagrant/.julia/v0.4/FileIO/src/loadsave.jl:12
 in load at /home/vagrant/.julia/v0.4/FileIO/src/loadsave.jl:81
 in load at /home/vagrant/.julia/v0.4/FileIO/src/loadsave.jl:45
 in read_rda at deprecated.jl:52
 in dataset at /home/vagrant/.julia/v0.4/RDatasets/src/dataset.jl:6
 in include at ./boot.jl:261
 in include_from_node1 at ./loading.jl:320
 in include at ./boot.jl:261
 in include_from_node1 at ./loading.jl:320
 in process_options at ./client.jl:280
 in _start at ./client.jl:378
Library RData is not installed but can load format: FileIO.File{FileIO.DataFormat{:RData}}("/home/vagrant/.julia/v0.4/RDatasets/src/../data/datasets/iris.rda")
ERROR: LoadError: LoadError: RData is not installed.

 in checked_import at /home/vagrant/.julia/v0.4/FileIO/src/loadsave.jl:12
 in load at /home/vagrant/.julia/v0.4/FileIO/src/loadsave.jl:81
 in load at /home/vagrant/.julia/v0.4/FileIO/src/loadsave.jl:45
 in read_rda at deprecated.jl:52
 in dataset at /home/vagrant/.julia/v0.4/RDatasets/src/dataset.jl:6
 in include at ./boot.jl:261
 in include_from_node1 at ./loading.jl:320
 in include at ./boot.jl:261
 in include_from_node1 at ./loading.jl:320
 in process_options at ./client.jl:280
 in _start at ./client.jl:378
while loading /home/vagrant/.julia/v0.4/FreqTables/test/freqtable.jl, in expression starting on line 53
while loading /home/vagrant/.julia/v0.4/FreqTables/test/runtests.jl, in expression starting on line 1
=============================[ ERROR: FreqTables ]==============================

failed process: Process(`/home/vagrant/julia/bin/julia --check-bounds=yes --code-coverage=none --color=no /home/vagrant/.julia/v0.4/FreqTables/test/runtests.jl`, ProcessExited(1)) [1]

================================================================================
INFO: Removing RDatasets v0.1.3
ERROR: FreqTables had test errors
 in error at ./error.jl:21
 in test at pkg/entry.jl:803
 in anonymous at pkg/dir.jl:31
 in cd at file.jl:22
 in cd at pkg/dir.jl:31
 in test at pkg.jl:71
 in process_options at ./client.jl:257
 in _start at ./client.jl:378

>>> End of log
