>>> 'Pkg.add("FunctionalCollections")' log
INFO: Installing ArrayViews v0.4.8
INFO: Installing Benchmark v0.1.0
INFO: Installing Compat v0.2.0
INFO: Installing DataArrays v0.2.5
INFO: Installing DataFrames v0.5.12
INFO: Installing FactCheck v0.2.0
INFO: Installing FunctionalCollections v0.1.1
INFO: Installing GZip v0.2.13
INFO: Installing Reexport v0.0.2
INFO: Installing SortingAlgorithms v0.0.2
INFO: Installing StatsBase v0.6.10
INFO: Package database updated

>>> 'using FunctionalCollections' log

WARNING: deprecated syntax "{}" at /home/idunning/pkgtest/.julia/v0.4/FunctionalCollections/src/PersistentHashMap.jl:201.
Use "[]" instead.
Julia Version 0.4.0-dev+1425
Commit 0470ecb (2014-11-06 06:36 UTC)
Platform Info:
  System: Linux (x86_64-unknown-linux-gnu)
  CPU: Intel(R) Xeon(R) CPU E5-2650 0 @ 2.00GHz
  WORD_SIZE: 64
  BLAS: libopenblas (USE64BITINT DYNAMIC_ARCH NO_AFFINITY Sandybridge)
  LAPACK: libopenblas
  LIBM: libopenlibm
  LLVM: libLLVM-3.3

>>> test log

WARNING: deprecated syntax "[a=>b, ...]" at /home/idunning/pkgtest/.julia/v0.4/FactCheck/src/FactCheck.jl:21.
Use "Dict(a=>b, ...)" instead.

WARNING: deprecated syntax "[a=>b, ...]" at /home/idunning/pkgtest/.julia/v0.4/FactCheck/src/FactCheck.jl:122.
Use "Dict(a=>b, ...)" instead.

WARNING: deprecated syntax "[a=>b, ...]" at /home/idunning/pkgtest/.julia/v0.4/FactCheck/src/FactCheck.jl:140.
Use "Dict(a=>b, ...)" instead.

WARNING: deprecated syntax "{a=>b, ...}" at /home/idunning/pkgtest/.julia/v0.4/FactCheck/src/FactCheck.jl:333.
Use "Dict{Any,Any}(a=>b, ...)" instead.

WARNING: deprecated syntax "{}" at /home/idunning/pkgtest/.julia/v0.4/FunctionalCollections/src/PersistentHashMap.jl:201.
Use "[]" instead.

WARNING: deprecated syntax "[a=>b, ...]" at /home/idunning/pkgtest/.julia/v0.4/FunctionalCollections/test/./PersistentMapTest.jl:119.
Use "Dict(a=>b, ...)" instead.

WARNING: deprecated syntax "{a=>b, ...}" at /home/idunning/pkgtest/.julia/v0.4/FunctionalCollections/test/./PersistentMapTest.jl:134.
... truncated ...
 in call at /home/idunning/pkgtest/.julia/v0.4/FunctionalCollections/src/PersistentHashMap.jl:132
 in call at /home/idunning/pkgtest/.julia/v0.4/FunctionalCollections/src/PersistentHashMap.jl:138
 in call at /home/idunning/pkgtest/.julia/v0.4/FunctionalCollections/src/PersistentSet.jl:12
 in anonymous at /home/idunning/pkgtest/.julia/v0.4/FactCheck/src/FactCheck.jl:120
 in do_fact at /home/idunning/pkgtest/.julia/v0.4/FactCheck/src/FactCheck.jl:150
 in anonymous at /home/idunning/pkgtest/.julia/v0.4/FunctionalCollections/test/./PersistentSetTest.jl:120
 in context at /home/idunning/pkgtest/.julia/v0.4/FactCheck/src/FactCheck.jl:276
 in anonymous at /home/idunning/pkgtest/.julia/v0.4/FunctionalCollections/test/./PersistentSetTest.jl:73
 in facts at /home/idunning/pkgtest/.julia/v0.4/FactCheck/src/FactCheck.jl:256
 in include at ./boot.jl:242
 in include_from_node1 at ./loading.jl:128
 in include at ./boot.jl:242
 in include_from_node1 at loading.jl:128
 in process_options at ./client.jl:293
 in _start at ./client.jl:375
 in _start_3B_3772 at /home/idunning/julia04/usr/bin/../lib/julia/sys.so
Out of 32 total facts:
  Verified: 24
  Errored:  8
Persistent Lists
21 facts verified.
Persistent Queues
15 facts verified.
@Persistent constructor macro
  Error   :: (line:-1) :: Persistent Hash Maps
    @Persistent $(Expr(:dict, :("foo"=>1), :("bar"=>2))) => phmap(("foo",1),("bar",2))
InexactError()
 in _update at /home/idunning/pkgtest/.julia/v0.4/FunctionalCollections/src/PersistentHashMap.jl:160
 in assoc at /home/idunning/pkgtest/.julia/v0.4/FunctionalCollections/src/PersistentHashMap.jl:171
 in call at /home/idunning/pkgtest/.julia/v0.4/FunctionalCollections/src/PersistentHashMap.jl:132
 in call at /home/idunning/pkgtest/.julia/v0.4/FunctionalCollections/src/PersistentHashMap.jl:138
 in anonymous at /home/idunning/pkgtest/.julia/v0.4/FactCheck/src/FactCheck.jl:120
 in do_fact at /home/idunning/pkgtest/.julia/v0.4/FactCheck/src/FactCheck.jl:150
 in anonymous at /home/idunning/pkgtest/.julia/v0.4/FunctionalCollections/test/./PersistentMacroTest.jl:120
 in context at /home/idunning/pkgtest/.julia/v0.4/FactCheck/src/FactCheck.jl:276
 in anonymous at /home/idunning/pkgtest/.julia/v0.4/FunctionalCollections/test/./PersistentMacroTest.jl:10
 in facts at /home/idunning/pkgtest/.julia/v0.4/FactCheck/src/FactCheck.jl:256
 in include at ./boot.jl:242
 in include_from_node1 at ./loading.jl:128
 in include at ./boot.jl:242
 in include_from_node1 at loading.jl:128
 in process_options at ./client.jl:293
 in _start at ./client.jl:375
 in _start_3B_3772 at /home/idunning/julia04/usr/bin/../lib/julia/sys.so
Out of 3 total facts:
  Verified: 2
  Errored:  1
INFO: Testing FunctionalCollections
INFO: FunctionalCollections tests passed
INFO: No packages to install, update or remove

>>> end of log
