>>> 'Pkg.add("Gadfly")' log
INFO: Cloning cache of AxisAlgorithms from https://github.com/timholy/AxisAlgorithms.jl.git
INFO: Cloning cache of BinDeps from https://github.com/JuliaLang/BinDeps.jl.git
INFO: Cloning cache of Calculus from https://github.com/johnmyleswhite/Calculus.jl.git
INFO: Cloning cache of ColorTypes from https://github.com/JuliaGraphics/ColorTypes.jl.git
INFO: Cloning cache of Colors from https://github.com/JuliaGraphics/Colors.jl.git
INFO: Cloning cache of CommonSubexpressions from https://github.com/rdeits/CommonSubexpressions.jl.git
INFO: Cloning cache of Compat from https://github.com/JuliaLang/Compat.jl.git
INFO: Cloning cache of Compose from https://github.com/GiovineItalia/Compose.jl.git
INFO: Cloning cache of Contour from https://github.com/JuliaGeometry/Contour.jl.git
INFO: Cloning cache of CoupledFields from https://github.com/Mattriks/CoupledFields.jl.git
INFO: Cloning cache of DataArrays from https://github.com/JuliaStats/DataArrays.jl.git
INFO: Cloning cache of DataFrames from https://github.com/JuliaData/DataFrames.jl.git
INFO: Cloning cache of DataStructures from https://github.com/JuliaCollections/DataStructures.jl.git
INFO: Cloning cache of DiffResults from https://github.com/JuliaDiff/DiffResults.jl.git
INFO: Cloning cache of DiffRules from https://github.com/JuliaDiff/DiffRules.jl.git
INFO: Cloning cache of Distances from https://github.com/JuliaStats/Distances.jl.git
INFO: Cloning cache of Distributions from https://github.com/JuliaStats/Distributions.jl.git
INFO: Cloning cache of DualNumbers from https://github.com/JuliaDiff/DualNumbers.jl.git
INFO: Cloning cache of FileIO from https://github.com/JuliaIO/FileIO.jl.git
INFO: Cloning cache of FixedPointNumbers from https://github.com/JuliaMath/FixedPointNumbers.jl.git
INFO: Cloning cache of ForwardDiff from https://github.com/JuliaDiff/ForwardDiff.jl.git
INFO: Cloning cache of GZip from https://github.com/JuliaIO/GZip.jl.git
INFO: Cloning cache of Gadfly from https://github.com/GiovineItalia/Gadfly.jl.git
INFO: Cloning cache of Hexagons from https://github.com/GiovineItalia/Hexagons.jl.git
INFO: Cloning cache of Interpolations from https://github.com/JuliaMath/Interpolations.jl.git
INFO: Cloning cache of IterTools from https://github.com/JuliaCollections/IterTools.jl.git
INFO: Cloning cache of JSON from https://github.com/JuliaIO/JSON.jl.git
INFO: Cloning cache of Juno from https://github.com/JunoLab/Juno.jl.git
INFO: Cloning cache of KernelDensity from https://github.com/JuliaStats/KernelDensity.jl.git
INFO: Cloning cache of LineSearches from https://github.com/JuliaNLSolvers/LineSearches.jl.git
INFO: Cloning cache of Loess from https://github.com/JuliaStats/Loess.jl.git
INFO: Cloning cache of MacroTools from https://github.com/MikeInnes/MacroTools.jl.git
INFO: Cloning cache of Measures from https://github.com/JuliaGraphics/Measures.jl.git
INFO: Cloning cache of Media from https://github.com/JunoLab/Media.jl.git
INFO: Cloning cache of Missings from https://github.com/JuliaData/Missings.jl.git
INFO: Cloning cache of NLSolversBase from https://github.com/JuliaNLSolvers/NLSolversBase.jl.git
INFO: Cloning cache of NaNMath from https://github.com/mlubin/NaNMath.jl.git
INFO: Cloning cache of Nullables from https://github.com/JuliaArchive/Nullables.jl.git
INFO: Cloning cache of Optim from https://github.com/JuliaNLSolvers/Optim.jl.git
INFO: Cloning cache of PDMats from https://github.com/JuliaStats/PDMats.jl.git
INFO: Cloning cache of Parameters from https://github.com/mauro3/Parameters.jl.git
INFO: Cloning cache of PositiveFactorizations from https://github.com/timholy/PositiveFactorizations.jl.git
INFO: Cloning cache of QuadGK from https://github.com/JuliaMath/QuadGK.jl.git
INFO: Cloning cache of Ratios from https://github.com/timholy/Ratios.jl.git
INFO: Cloning cache of Reexport from https://github.com/simonster/Reexport.jl.git
INFO: Cloning cache of Rmath from https://github.com/JuliaStats/Rmath.jl.git
INFO: Cloning cache of SHA from https://github.com/staticfloat/SHA.jl.git
INFO: Cloning cache of ShowItLikeYouBuildIt from https://github.com/JuliaArrays/ShowItLikeYouBuildIt.jl.git
INFO: Cloning cache of Showoff from https://github.com/JuliaGraphics/Showoff.jl.git
INFO: Cloning cache of SortingAlgorithms from https://github.com/JuliaCollections/SortingAlgorithms.jl.git
INFO: Cloning cache of SpecialFunctions from https://github.com/JuliaMath/SpecialFunctions.jl.git
INFO: Cloning cache of StaticArrays from https://github.com/JuliaArrays/StaticArrays.jl.git
INFO: Cloning cache of StatsBase from https://github.com/JuliaStats/StatsBase.jl.git
INFO: Cloning cache of StatsFuns from https://github.com/JuliaStats/StatsFuns.jl.git
INFO: Cloning cache of URIParser from https://github.com/JuliaWeb/URIParser.jl.git
INFO: Cloning cache of WoodburyMatrices from https://github.com/timholy/WoodburyMatrices.jl.git
INFO: Installing AxisAlgorithms v0.2.0
INFO: Installing BinDeps v0.8.6
INFO: Installing Calculus v0.2.2
INFO: Installing ColorTypes v0.6.7
INFO: Installing Colors v0.8.2
INFO: Installing CommonSubexpressions v0.0.1
INFO: Installing Compat v0.54.0
INFO: Installing Compose v0.5.5
INFO: Installing Contour v0.4.0
INFO: Installing CoupledFields v0.0.1
INFO: Installing DataArrays v0.6.2
INFO: Installing DataFrames v0.10.1
INFO: Installing DataStructures v0.7.4
INFO: Installing DiffResults v0.0.3
INFO: Installing DiffRules v0.0.3
INFO: Installing Distances v0.5.0
INFO: Installing Distributions v0.15.0
INFO: Installing DualNumbers v0.3.0
INFO: Installing FileIO v0.7.0
INFO: Installing FixedPointNumbers v0.4.6
INFO: Installing ForwardDiff v0.7.3
INFO: Installing GZip v0.3.0
INFO: Installing Gadfly v0.6.5
INFO: Installing Hexagons v0.1.0
INFO: Installing Interpolations v0.7.3
INFO: Installing IterTools v0.2.1
INFO: Installing JSON v0.16.4
INFO: Installing Juno v0.4.0
INFO: Installing KernelDensity v0.4.1
INFO: Installing LineSearches v3.2.5
INFO: Installing Loess v0.3.0
INFO: Installing MacroTools v0.4.0
INFO: Installing Measures v0.1.0
INFO: Installing Media v0.3.0
INFO: Installing Missings v0.2.6
INFO: Installing NLSolversBase v4.2.1
INFO: Installing NaNMath v0.3.1
INFO: Installing Nullables v0.0.3
INFO: Installing Optim v0.13.0
INFO: Installing PDMats v0.8.0
INFO: Installing Parameters v0.8.1
INFO: Installing PositiveFactorizations v0.1.0
INFO: Installing QuadGK v0.2.0
INFO: Installing Ratios v0.2.0
INFO: Installing Reexport v0.1.0
INFO: Installing Rmath v0.3.2
INFO: Installing SHA v0.5.6
INFO: Installing ShowItLikeYouBuildIt v0.2.0
INFO: Installing Showoff v0.1.1
INFO: Installing SortingAlgorithms v0.2.0
INFO: Installing SpecialFunctions v0.3.8
INFO: Installing StaticArrays v0.6.6
INFO: Installing StatsBase v0.20.0
INFO: Installing StatsFuns v0.5.0
INFO: Installing URIParser v0.3.0
INFO: Installing WoodburyMatrices v0.2.2
INFO: Building SpecialFunctions
INFO: Building Rmath
INFO: Attempting to create directory /home/vagrant/.julia/v0.6/Rmath/deps/downloads
INFO: Downloading file https://github.com/JuliaLang/Rmath-julia/archive/v0.2.0.tar.gz
  % Total    % Received % Xferd  Average Speed   Time    Time     Time  Current
                                 Dload  Upload   Total   Spent    Left  Speed
  0     0    0     0    0     0      0      0 --:--:-- --:--:-- --:--:--     0100   129    0   129    0     0   1471      0 --:--:-- --:--:-- --:--:--  1482
  0     0    0   130    0     0    896      0 --:--:-- --:--:-- --:--:--   896
100  155k  100  155k    0     0   209k      0 --:--:-- --:--:-- --:--:--  209k
INFO: Done downloading file https://github.com/JuliaLang/Rmath-julia/archive/v0.2.0.tar.gz
INFO: Attempting to create directory /home/vagrant/.julia/v0.6/Rmath/deps/src
INFO: Attempting to create directory /home/vagrant/.julia/v0.6/Rmath/deps
INFO: Directory /home/vagrant/.julia/v0.6/Rmath/deps already exists
INFO: Attempting to create directory /home/vagrant/.julia/v0.6/Rmath/deps/usr/lib
INFO: Changing directory to /home/vagrant/.julia/v0.6/Rmath/deps/src/Rmath-julia-0.2.0
make -C src
make[1]: Entering directory `/home/vagrant/.julia/v0.6/Rmath/deps/src/Rmath-julia-0.2.0/src'
gcc  -Wall -O3 -fPIC -DMATHLIB_STANDALONE   -std=gnu99 -I../include -DNDEBUG -c bd0.c -o bd0.o
gcc  -Wall -O3 -fPIC -DMATHLIB_STANDALONE   -std=gnu99 -I../include -DNDEBUG -c bessel_i.c -o bessel_i.o
gcc  -Wall -O3 -fPIC -DMATHLIB_STANDALONE   -std=gnu99 -I../include -DNDEBUG -c bessel_j.c -o bessel_j.o
gcc  -Wall -O3 -fPIC -DMATHLIB_STANDALONE   -std=gnu99 -I../include -DNDEBUG -c bessel_k.c -o bessel_k.o
gcc  -Wall -O3 -fPIC -DMATHLIB_STANDALONE   -std=gnu99 -I../include -DNDEBUG -c bessel_y.c -o bessel_y.o
gcc  -Wall -O3 -fPIC -DMATHLIB_STANDALONE   -std=gnu99 -I../include -DNDEBUG -c beta.c -o beta.o
gcc  -Wall -O3 -fPIC -DMATHLIB_STANDALONE   -std=gnu99 -I../include -DNDEBUG -c callback.c -o callback.o
gcc  -Wall -O3 -fPIC -DMATHLIB_STANDALONE   -std=gnu99 -I../include -DNDEBUG -c chebyshev.c -o chebyshev.o
gcc  -Wall -O3 -fPIC -DMATHLIB_STANDALONE   -std=gnu99 -I../include -DNDEBUG -c choose.c -o choose.o
gcc  -Wall -O3 -fPIC -DMATHLIB_STANDALONE   -std=gnu99 -I../include -DNDEBUG -c cospi.c -o cospi.o
gcc  -Wall -O3 -fPIC -DMATHLIB_STANDALONE   -std=gnu99 -I../include -DNDEBUG -c d1mach.c -o d1mach.o
gcc  -Wall -O3 -fPIC -DMATHLIB_STANDALONE   -std=gnu99 -I../include -DNDEBUG -c dbeta.c -o dbeta.o
gcc  -Wall -O3 -fPIC -DMATHLIB_STANDALONE   -std=gnu99 -I../include -DNDEBUG -c dbinom.c -o dbinom.o
gcc  -Wall -O3 -fPIC -DMATHLIB_STANDALONE   -std=gnu99 -I../include -DNDEBUG -c dcauchy.c -o dcauchy.o
gcc  -Wall -O3 -fPIC -DMATHLIB_STANDALONE   -std=gnu99 -I../include -DNDEBUG -c dchisq.c -o dchisq.o
gcc  -Wall -O3 -fPIC -DMATHLIB_STANDALONE   -std=gnu99 -I../include -DNDEBUG -c dexp.c -o dexp.o
gcc  -Wall -O3 -fPIC -DMATHLIB_STANDALONE   -std=gnu99 -I../include -DNDEBUG -c df.c -o df.o
gcc  -Wall -O3 -fPIC -DMATHLIB_STANDALONE   -std=gnu99 -I../include -DNDEBUG -c dgamma.c -o dgamma.o
gcc  -Wall -O3 -fPIC -DMATHLIB_STANDALONE   -std=gnu99 -I../include -DNDEBUG -c dgeom.c -o dgeom.o
gcc  -Wall -O3 -fPIC -DMATHLIB_STANDALONE   -std=gnu99 -I../include -DNDEBUG -c dhyper.c -o dhyper.o
gcc  -Wall -O3 -fPIC -DMATHLIB_STANDALONE   -std=gnu99 -I../include -DNDEBUG -c dlnorm.c -o dlnorm.o
gcc  -Wall -O3 -fPIC -DMATHLIB_STANDALONE   -std=gnu99 -I../include -DNDEBUG -c dlogis.c -o dlogis.o
gcc  -Wall -O3 -fPIC -DMATHLIB_STANDALONE   -std=gnu99 -I../include -DNDEBUG -c dnbeta.c -o dnbeta.o
gcc  -Wall -O3 -fPIC -DMATHLIB_STANDALONE   -std=gnu99 -I../include -DNDEBUG -c dnbinom.c -o dnbinom.o
gcc  -Wall -O3 -fPIC -DMATHLIB_STANDALONE   -std=gnu99 -I../include -DNDEBUG -c dnchisq.c -o dnchisq.o
gcc  -Wall -O3 -fPIC -DMATHLIB_STANDALONE   -std=gnu99 -I../include -DNDEBUG -c dnf.c -o dnf.o
gcc  -Wall -O3 -fPIC -DMATHLIB_STANDALONE   -std=gnu99 -I../include -DNDEBUG -c dnorm.c -o dnorm.o
gcc  -Wall -O3 -fPIC -DMATHLIB_STANDALONE   -std=gnu99 -I../include -DNDEBUG -c dnt.c -o dnt.o
gcc  -Wall -O3 -fPIC -DMATHLIB_STANDALONE   -std=gnu99 -I../include -DNDEBUG -c dpois.c -o dpois.o
gcc  -Wall -O3 -fPIC -DMATHLIB_STANDALONE   -std=gnu99 -I../include -DNDEBUG -c dt.c -o dt.o
gcc  -Wall -O3 -fPIC -DMATHLIB_STANDALONE   -std=gnu99 -I../include -DNDEBUG -c dunif.c -o dunif.o
gcc  -Wall -O3 -fPIC -DMATHLIB_STANDALONE   -std=gnu99 -I../include -DNDEBUG -c dweibull.c -o dweibull.o
gcc  -Wall -O3 -fPIC -DMATHLIB_STANDALONE   -std=gnu99 -I../include -DNDEBUG -c expm1.c -o expm1.o
gcc  -Wall -O3 -fPIC -DMATHLIB_STANDALONE   -std=gnu99 -I../include -DNDEBUG -c fmax2.c -o fmax2.o
gcc  -Wall -O3 -fPIC -DMATHLIB_STANDALONE   -std=gnu99 -I../include -DNDEBUG -c fmin2.c -o fmin2.o
gcc  -Wall -O3 -fPIC -DMATHLIB_STANDALONE   -std=gnu99 -I../include -DNDEBUG -c fprec.c -o fprec.o
gcc  -Wall -O3 -fPIC -DMATHLIB_STANDALONE   -std=gnu99 -I../include -DNDEBUG -c fround.c -o fround.o
gcc  -Wall -O3 -fPIC -DMATHLIB_STANDALONE   -std=gnu99 -I../include -DNDEBUG -c fsign.c -o fsign.o
gcc  -Wall -O3 -fPIC -DMATHLIB_STANDALONE   -std=gnu99 -I../include -DNDEBUG -c ftrunc.c -o ftrunc.o
gcc  -Wall -O3 -fPIC -DMATHLIB_STANDALONE   -std=gnu99 -I../include -DNDEBUG -c gamma.c -o gamma.o
gcc  -Wall -O3 -fPIC -DMATHLIB_STANDALONE   -std=gnu99 -I../include -DNDEBUG -c gamma_cody.c -o gamma_cody.o
gcc  -Wall -O3 -fPIC -DMATHLIB_STANDALONE   -std=gnu99 -I../include -DNDEBUG -c gammalims.c -o gammalims.o
gcc  -Wall -O3 -fPIC -DMATHLIB_STANDALONE   -std=gnu99 -I../include -DNDEBUG -c i1mach.c -o i1mach.o
gcc  -Wall -O3 -fPIC -DMATHLIB_STANDALONE   -std=gnu99 -I../include -DNDEBUG -c imax2.c -o imax2.o
gcc  -Wall -O3 -fPIC -DMATHLIB_STANDALONE   -std=gnu99 -I../include -DNDEBUG -c imin2.c -o imin2.o
gcc  -Wall -O3 -fPIC -DMATHLIB_STANDALONE   -std=gnu99 -I../include -DNDEBUG -c lbeta.c -o lbeta.o
gcc  -Wall -O3 -fPIC -DMATHLIB_STANDALONE   -std=gnu99 -I../include -DNDEBUG -c lgamma.c -o lgamma.o
gcc  -Wall -O3 -fPIC -DMATHLIB_STANDALONE   -std=gnu99 -I../include -DNDEBUG -c lgammacor.c -o lgammacor.o
gcc  -Wall -O3 -fPIC -DMATHLIB_STANDALONE   -std=gnu99 -I../include -DNDEBUG -c log1p.c -o log1p.o
gcc  -Wall -O3 -fPIC -DMATHLIB_STANDALONE   -std=gnu99 -I../include -DNDEBUG -c mlutils.c -o mlutils.o
gcc  -Wall -O3 -fPIC -DMATHLIB_STANDALONE   -std=gnu99 -I../include -DNDEBUG -c pbeta.c -o pbeta.o
gcc  -Wall -O3 -fPIC -DMATHLIB_STANDALONE   -std=gnu99 -I../include -DNDEBUG -c pbinom.c -o pbinom.o
gcc  -Wall -O3 -fPIC -DMATHLIB_STANDALONE   -std=gnu99 -I../include -DNDEBUG -c pcauchy.c -o pcauchy.o
gcc  -Wall -O3 -fPIC -DMATHLIB_STANDALONE   -std=gnu99 -I../include -DNDEBUG -c pchisq.c -o pchisq.o
gcc  -Wall -O3 -fPIC -DMATHLIB_STANDALONE   -std=gnu99 -I../include -DNDEBUG -c pexp.c -o pexp.o
gcc  -Wall -O3 -fPIC -DMATHLIB_STANDALONE   -std=gnu99 -I../include -DNDEBUG -c pf.c -o pf.o
gcc  -Wall -O3 -fPIC -DMATHLIB_STANDALONE   -std=gnu99 -I../include -DNDEBUG -c pgamma.c -o pgamma.o
gcc  -Wall -O3 -fPIC -DMATHLIB_STANDALONE   -std=gnu99 -I../include -DNDEBUG -c pgeom.c -o pgeom.o
gcc  -Wall -O3 -fPIC -DMATHLIB_STANDALONE   -std=gnu99 -I../include -DNDEBUG -c phyper.c -o phyper.o
gcc  -Wall -O3 -fPIC -DMATHLIB_STANDALONE   -std=gnu99 -I../include -DNDEBUG -c plnorm.c -o plnorm.o
gcc  -Wall -O3 -fPIC -DMATHLIB_STANDALONE   -std=gnu99 -I../include -DNDEBUG -c plogis.c -o plogis.o
gcc  -Wall -O3 -fPIC -DMATHLIB_STANDALONE   -std=gnu99 -I../include -DNDEBUG -c pnbeta.c -o pnbeta.o
gcc  -Wall -O3 -fPIC -DMATHLIB_STANDALONE   -std=gnu99 -I../include -DNDEBUG -c pnbinom.c -o pnbinom.o
gcc  -Wall -O3 -fPIC -DMATHLIB_STANDALONE   -std=gnu99 -I../include -DNDEBUG -c pnchisq.c -o pnchisq.o
gcc  -Wall -O3 -fPIC -DMATHLIB_STANDALONE   -std=gnu99 -I../include -DNDEBUG -c pnf.c -o pnf.o
gcc  -Wall -O3 -fPIC -DMATHLIB_STANDALONE   -std=gnu99 -I../include -DNDEBUG -c pnorm.c -o pnorm.o
gcc  -Wall -O3 -fPIC -DMATHLIB_STANDALONE   -std=gnu99 -I../include -DNDEBUG -c pnt.c -o pnt.o
gcc  -Wall -O3 -fPIC -DMATHLIB_STANDALONE   -std=gnu99 -I../include -DNDEBUG -c polygamma.c -o polygamma.o
gcc  -Wall -O3 -fPIC -DMATHLIB_STANDALONE   -std=gnu99 -I../include -DNDEBUG -c ppois.c -o ppois.o
gcc  -Wall -O3 -fPIC -DMATHLIB_STANDALONE   -std=gnu99 -I../include -DNDEBUG -c pt.c -o pt.o
gcc  -Wall -O3 -fPIC -DMATHLIB_STANDALONE   -std=gnu99 -I../include -DNDEBUG -c ptukey.c -o ptukey.o
gcc  -Wall -O3 -fPIC -DMATHLIB_STANDALONE   -std=gnu99 -I../include -DNDEBUG -c punif.c -o punif.o
gcc  -Wall -O3 -fPIC -DMATHLIB_STANDALONE   -std=gnu99 -I../include -DNDEBUG -c pweibull.c -o pweibull.o
gcc  -Wall -O3 -fPIC -DMATHLIB_STANDALONE   -std=gnu99 -I../include -DNDEBUG -c qbeta.c -o qbeta.o
gcc  -Wall -O3 -fPIC -DMATHLIB_STANDALONE   -std=gnu99 -I../include -DNDEBUG -c qbinom.c -o qbinom.o
gcc  -Wall -O3 -fPIC -DMATHLIB_STANDALONE   -std=gnu99 -I../include -DNDEBUG -c qcauchy.c -o qcauchy.o
gcc  -Wall -O3 -fPIC -DMATHLIB_STANDALONE   -std=gnu99 -I../include -DNDEBUG -c qchisq.c -o qchisq.o
gcc  -Wall -O3 -fPIC -DMATHLIB_STANDALONE   -std=gnu99 -I../include -DNDEBUG -c qexp.c -o qexp.o
gcc  -Wall -O3 -fPIC -DMATHLIB_STANDALONE   -std=gnu99 -I../include -DNDEBUG -c qf.c -o qf.o
gcc  -Wall -O3 -fPIC -DMATHLIB_STANDALONE   -std=gnu99 -I../include -DNDEBUG -c qgamma.c -o qgamma.o
gcc  -Wall -O3 -fPIC -DMATHLIB_STANDALONE   -std=gnu99 -I../include -DNDEBUG -c qgeom.c -o qgeom.o
gcc  -Wall -O3 -fPIC -DMATHLIB_STANDALONE   -std=gnu99 -I../include -DNDEBUG -c qhyper.c -o qhyper.o
gcc  -Wall -O3 -fPIC -DMATHLIB_STANDALONE   -std=gnu99 -I../include -DNDEBUG -c qlnorm.c -o qlnorm.o
gcc  -Wall -O3 -fPIC -DMATHLIB_STANDALONE   -std=gnu99 -I../include -DNDEBUG -c qlogis.c -o qlogis.o
gcc  -Wall -O3 -fPIC -DMATHLIB_STANDALONE   -std=gnu99 -I../include -DNDEBUG -c qnbeta.c -o qnbeta.o
gcc  -Wall -O3 -fPIC -DMATHLIB_STANDALONE   -std=gnu99 -I../include -DNDEBUG -c qnbinom.c -o qnbinom.o
gcc  -Wall -O3 -fPIC -DMATHLIB_STANDALONE   -std=gnu99 -I../include -DNDEBUG -c qnchisq.c -o qnchisq.o
gcc  -Wall -O3 -fPIC -DMATHLIB_STANDALONE   -std=gnu99 -I../include -DNDEBUG -c qnf.c -o qnf.o
gcc  -Wall -O3 -fPIC -DMATHLIB_STANDALONE   -std=gnu99 -I../include -DNDEBUG -c qnorm.c -o qnorm.o
gcc  -Wall -O3 -fPIC -DMATHLIB_STANDALONE   -std=gnu99 -I../include -DNDEBUG -c qnt.c -o qnt.o
gcc  -Wall -O3 -fPIC -DMATHLIB_STANDALONE   -std=gnu99 -I../include -DNDEBUG -c qpois.c -o qpois.o
gcc  -Wall -O3 -fPIC -DMATHLIB_STANDALONE   -std=gnu99 -I../include -DNDEBUG -c qt.c -o qt.o
gcc  -Wall -O3 -fPIC -DMATHLIB_STANDALONE   -std=gnu99 -I../include -DNDEBUG -c qtukey.c -o qtukey.o
gcc  -Wall -O3 -fPIC -DMATHLIB_STANDALONE   -std=gnu99 -I../include -DNDEBUG -c qunif.c -o qunif.o
gcc  -Wall -O3 -fPIC -DMATHLIB_STANDALONE   -std=gnu99 -I../include -DNDEBUG -c qweibull.c -o qweibull.o
gcc  -Wall -O3 -fPIC -DMATHLIB_STANDALONE   -std=gnu99 -I../include -DNDEBUG -c rbeta.c -o rbeta.o
gcc  -Wall -O3 -fPIC -DMATHLIB_STANDALONE   -std=gnu99 -I../include -DNDEBUG -c rbinom.c -o rbinom.o
gcc  -Wall -O3 -fPIC -DMATHLIB_STANDALONE   -std=gnu99 -I../include -DNDEBUG -c rcauchy.c -o rcauchy.o
gcc  -Wall -O3 -fPIC -DMATHLIB_STANDALONE   -std=gnu99 -I../include -DNDEBUG -c rchisq.c -o rchisq.o
gcc  -Wall -O3 -fPIC -DMATHLIB_STANDALONE   -std=gnu99 -I../include -DNDEBUG -c rexp.c -o rexp.o
gcc  -Wall -O3 -fPIC -DMATHLIB_STANDALONE   -std=gnu99 -I../include -DNDEBUG -c rf.c -o rf.o
gcc  -Wall -O3 -fPIC -DMATHLIB_STANDALONE   -std=gnu99 -I../include -DNDEBUG -c rgamma.c -o rgamma.o
gcc  -Wall -O3 -fPIC -DMATHLIB_STANDALONE   -std=gnu99 -I../include -DNDEBUG -c rgeom.c -o rgeom.o
gcc  -Wall -O3 -fPIC -DMATHLIB_STANDALONE   -std=gnu99 -I../include -DNDEBUG -c rhyper.c -o rhyper.o
gcc  -Wall -O3 -fPIC -DMATHLIB_STANDALONE   -std=gnu99 -I../include -DNDEBUG -c rlnorm.c -o rlnorm.o
gcc  -Wall -O3 -fPIC -DMATHLIB_STANDALONE   -std=gnu99 -I../include -DNDEBUG -c rlogis.c -o rlogis.o
gcc  -Wall -O3 -fPIC -DMATHLIB_STANDALONE   -std=gnu99 -I../include -DNDEBUG -c rmultinom.c -o rmultinom.o
gcc  -Wall -O3 -fPIC -DMATHLIB_STANDALONE   -std=gnu99 -I../include -DNDEBUG -c rnbinom.c -o rnbinom.o
gcc  -Wall -O3 -fPIC -DMATHLIB_STANDALONE   -std=gnu99 -I../include -DNDEBUG -c rnchisq.c -o rnchisq.o
gcc  -Wall -O3 -fPIC -DMATHLIB_STANDALONE   -std=gnu99 -I../include -DNDEBUG -c rnorm.c -o rnorm.o
gcc  -Wall -O3 -fPIC -DMATHLIB_STANDALONE   -std=gnu99 -I../include -DNDEBUG -c rpois.c -o rpois.o
gcc  -Wall -O3 -fPIC -DMATHLIB_STANDALONE   -std=gnu99 -I../include -DNDEBUG -c rt.c -o rt.o
gcc  -Wall -O3 -fPIC -DMATHLIB_STANDALONE   -std=gnu99 -I../include -DNDEBUG -c runif.c -o runif.o
gcc  -Wall -O3 -fPIC -DMATHLIB_STANDALONE   -std=gnu99 -I../include -DNDEBUG -c rweibull.c -o rweibull.o
gcc  -Wall -O3 -fPIC -DMATHLIB_STANDALONE   -std=gnu99 -I../include -DNDEBUG -c sign.c -o sign.o
gcc  -Wall -O3 -fPIC -DMATHLIB_STANDALONE   -std=gnu99 -I../include -DNDEBUG -c signrank.c -o signrank.o
gcc  -Wall -O3 -fPIC -DMATHLIB_STANDALONE   -std=gnu99 -I../include -DNDEBUG -c stirlerr.c -o stirlerr.o
gcc  -Wall -O3 -fPIC -DMATHLIB_STANDALONE   -std=gnu99 -I../include -DNDEBUG -c toms708.c -o toms708.o
gcc  -Wall -O3 -fPIC -DMATHLIB_STANDALONE   -std=gnu99 -I../include -DNDEBUG -c wilcox.c -o wilcox.o
rm -f libRmath-julia.so
gcc   -shared -o libRmath-julia.so bd0.o bessel_i.o bessel_j.o bessel_k.o bessel_y.o beta.o callback.o chebyshev.o choose.o cospi.o d1mach.o dbeta.o dbinom.o dcauchy.o dchisq.o dexp.o df.o dgamma.o dgeom.o dhyper.o dlnorm.o dlogis.o dnbeta.o dnbinom.o dnchisq.o dnf.o dnorm.o dnt.o dpois.o dt.o dunif.o dweibull.o expm1.o fmax2.o fmin2.o fprec.o fround.o fsign.o ftrunc.o gamma.o gamma_cody.o gammalims.o i1mach.o imax2.o imin2.o lbeta.o lgamma.o lgammacor.o log1p.o mlutils.o pbeta.o pbinom.o pcauchy.o pchisq.o pexp.o pf.o pgamma.o pgeom.o phyper.o plnorm.o plogis.o pnbeta.o pnbinom.o pnchisq.o pnf.o pnorm.o pnt.o polygamma.o ppois.o pt.o ptukey.o punif.o pweibull.o qbeta.o qbinom.o qcauchy.o qchisq.o qexp.o qf.o qgamma.o qgeom.o qhyper.o qlnorm.o qlogis.o qnbeta.o qnbinom.o qnchisq.o qnf.o qnorm.o qnt.o qpois.o qt.o qtukey.o qunif.o qweibull.o rbeta.o rbinom.o rcauchy.o rchisq.o rexp.o rf.o rgamma.o rgeom.o rhyper.o rlnorm.o rlogis.o rmultinom.o rnbinom.o rnchisq.o rnorm.o rpois.o rt.o runif.o rweibull.o sign.o signrank.o stirlerr.o toms708.o wilcox.o
make[1]: Leaving directory `/home/vagrant/.julia/v0.6/Rmath/deps/src/Rmath-julia-0.2.0/src'
INFO: Changing directory to /home/vagrant/.julia/v0.6/Rmath/deps/src/Rmath-julia-0.2.0
INFO: Package database updated

>>> 'Pkg.test("Gadfly")' log
Julia Version 0.6.2
Commit d386e40c17 (2017-12-13 18:08 UTC)
Platform Info:
  OS: Linux (x86_64-pc-linux-gnu)
  CPU: Intel(R) Xeon(R) CPU E3-1241 v3 @ 3.50GHz
  WORD_SIZE: 64
           Ubuntu 14.04.5 LTS
  uname: Linux 3.13.0-135-generic #184-Ubuntu SMP Wed Oct 18 11:55:51 UTC 2017 x86_64 x86_64
Memory: 2.93927001953125 GB (590.921875 MB free)
Uptime: 934.0 sec
Load Avg:  0.42724609375  0.3134765625  0.1669921875
Intel(R) Xeon(R) CPU E3-1241 v3 @ 3.50GHz: 
       speed         user         nice          sys         idle          irq
#1  3499 MHz       8394 s         99 s       2698 s      78734 s          6 s
#2  3499 MHz       4596 s         41 s       2043 s      85522 s          0 s

  BLAS: libopenblas (USE64BITINT DYNAMIC_ARCH NO_AFFINITY Nehalem)
  LAPACK: libopenblas64_
  LIBM: libopenlibm
  LLVM: libLLVM-3.9.1 (ORCJIT, haswell)
Environment:
  TERM = vt100
  LD_LIBRARY_PATH = :/usr/local/lib/
  PATH = /usr/local/sbin:/usr/local/bin:/usr/sbin:/usr/bin:/sbin:/bin:/usr/games:/usr/local/games:/home/vagrant/julia/bin/
  JAVA_HOME = /usr/lib/jvm/java-8-openjdk-amd64
  HOME = /home/vagrant

Package Directory: /home/vagrant/.julia/v0.6
1 required packages:
 - Gadfly                        0.6.5
55 additional packages:
 - AxisAlgorithms                0.2.0
 - BinDeps                       0.8.6
 - Calculus                      0.2.2
 - ColorTypes                    0.6.7
 - Colors                        0.8.2
 - CommonSubexpressions          0.0.1
 - Compat                        0.54.0
 - Compose                       0.5.5
 - Contour                       0.4.0
 - CoupledFields                 0.0.1
 - DataArrays                    0.6.2
 - DataFrames                    0.10.1
 - DataStructures                0.7.4
 - DiffResults                   0.0.3
 - DiffRules                     0.0.3
 - Distances                     0.5.0
 - Distributions                 0.15.0
 - DualNumbers                   0.3.0
 - FileIO                        0.7.0
 - FixedPointNumbers             0.4.6
 - ForwardDiff                   0.7.3
 - GZip                          0.3.0
 - Hexagons                      0.1.0
 - Interpolations                0.7.3
 - IterTools                     0.2.1
 - JSON                          0.16.4
 - Juno                          0.4.0
 - KernelDensity                 0.4.1
 - LineSearches                  3.2.5
 - Loess                         0.3.0
 - MacroTools                    0.4.0
 - Measures                      0.1.0
 - Media                         0.3.0
 - Missings                      0.2.6
 - NLSolversBase                 4.2.1
 - NaNMath                       0.3.1
 - Nullables                     0.0.3
 - Optim                         0.13.0
 - PDMats                        0.8.0
 - Parameters                    0.8.1
 - PositiveFactorizations        0.1.0
 - QuadGK                        0.2.0
 - Ratios                        0.2.0
 - Reexport                      0.1.0
 - Rmath                         0.3.2
 - SHA                           0.5.6
 - ShowItLikeYouBuildIt          0.2.0
 - Showoff                       0.1.1
 - SortingAlgorithms             0.2.0
 - SpecialFunctions              0.3.8
 - StaticArrays                  0.6.6
 - StatsBase                     0.20.0
 - StatsFuns                     0.5.0
 - URIParser                     0.3.0
 - WoodburyMatrices              0.2.2
INFO: Computing test dependencies for Gadfly...
INFO: Cloning cache of AbstractFFTs from https://github.com/JuliaMath/AbstractFFTs.jl.git
INFO: Cloning cache of AxisArrays from https://github.com/JuliaArrays/AxisArrays.jl.git
INFO: Cloning cache of Cairo from https://github.com/JuliaGraphics/Cairo.jl.git
INFO: Cloning cache of CatIndices from https://github.com/JuliaArrays/CatIndices.jl.git
INFO: Cloning cache of CodecZlib from https://github.com/bicycle1885/CodecZlib.jl.git
INFO: Cloning cache of ColorVectorSpace from https://github.com/JuliaGraphics/ColorVectorSpace.jl.git
INFO: Cloning cache of ComputationalResources from https://github.com/timholy/ComputationalResources.jl.git
INFO: Cloning cache of CoordinateTransformations from https://github.com/FugroRoames/CoordinateTransformations.jl.git
INFO: Cloning cache of CustomUnitRanges from https://github.com/JuliaArrays/CustomUnitRanges.jl.git
INFO: Cloning cache of FFTViews from https://github.com/JuliaArrays/FFTViews.jl.git
INFO: Cloning cache of FFTW from https://github.com/JuliaMath/FFTW.jl.git
INFO: Cloning cache of Fontconfig from https://github.com/JuliaGraphics/Fontconfig.jl.git
INFO: Cloning cache of Graphics from https://github.com/JuliaGraphics/Graphics.jl.git
INFO: Cloning cache of Gtk from https://github.com/JuliaGraphics/Gtk.jl.git
INFO: Cloning cache of IdentityRanges from https://github.com/JuliaArrays/IdentityRanges.jl.git
INFO: Cloning cache of ImageAxes from https://github.com/JuliaImages/ImageAxes.jl.git
INFO: Cloning cache of ImageCore from https://github.com/JuliaImages/ImageCore.jl.git
INFO: Cloning cache of ImageFiltering from https://github.com/JuliaImages/ImageFiltering.jl.git
INFO: Cloning cache of ImageMetadata from https://github.com/JuliaImages/ImageMetadata.jl.git
INFO: Cloning cache of ImageMorphology from https://github.com/JuliaImages/ImageMorphology.jl.git
INFO: Cloning cache of ImageTransformations from https://github.com/JuliaImages/ImageTransformations.jl.git
INFO: Cloning cache of Images from https://github.com/JuliaImages/Images.jl.git
INFO: Cloning cache of IndirectArrays from https://github.com/JuliaArrays/IndirectArrays.jl.git
INFO: Cloning cache of IntervalSets from https://github.com/JuliaMath/IntervalSets.jl.git
INFO: Cloning cache of MappedArrays from https://github.com/JuliaArrays/MappedArrays.jl.git
INFO: Cloning cache of OffsetArrays from https://github.com/JuliaArrays/OffsetArrays.jl.git
INFO: Cloning cache of PaddedViews from https://github.com/JuliaArrays/PaddedViews.jl.git
INFO: Cloning cache of RData from https://github.com/JuliaData/RData.jl.git
INFO: Cloning cache of RDatasets from https://github.com/johnmyleswhite/RDatasets.jl.git
INFO: Cloning cache of RangeArrays from https://github.com/JuliaArrays/RangeArrays.jl.git
INFO: Cloning cache of Requires from https://github.com/MikeInnes/Requires.jl.git
INFO: Cloning cache of Rotations from https://github.com/FugroRoames/Rotations.jl.git
INFO: Cloning cache of Rsvg from https://github.com/lobingera/Rsvg.jl.git
INFO: Cloning cache of SIUnits from https://github.com/Keno/SIUnits.jl.git
INFO: Cloning cache of SimpleTraits from https://github.com/mauro3/SimpleTraits.jl.git
INFO: Cloning cache of TexExtensions from https://github.com/Keno/TexExtensions.jl.git
INFO: Cloning cache of TiledIteration from https://github.com/JuliaArrays/TiledIteration.jl.git
INFO: Cloning cache of TranscodingStreams from https://github.com/bicycle1885/TranscodingStreams.jl.git
INFO: Installing AbstractFFTs v0.2.1
INFO: Installing AxisArrays v0.2.1
INFO: Installing Cairo v0.5.0
INFO: Installing CatIndices v0.1.0
INFO: Installing CodecZlib v0.4.2
INFO: Installing ColorVectorSpace v0.5.2
INFO: Installing ComputationalResources v0.2.0
INFO: Installing CoordinateTransformations v0.4.1
INFO: Installing CustomUnitRanges v0.1.0
INFO: Installing FFTViews v0.1.0
INFO: Installing FFTW v0.0.4
INFO: Installing Fontconfig v0.1.1
INFO: Installing Graphics v0.2.0
INFO: Installing Gtk v0.13.1
INFO: Installing IdentityRanges v0.1.0
INFO: Installing ImageAxes v0.4.0
INFO: Installing ImageCore v0.5.0
INFO: Installing ImageFiltering v0.2.3
INFO: Installing ImageMetadata v0.4.0
INFO: Installing ImageMorphology v0.0.2
INFO: Installing ImageTransformations v0.4.1
INFO: Installing Images v0.12.0
INFO: Installing IndirectArrays v0.3.0
INFO: Installing IntervalSets v0.1.1
INFO: Installing MappedArrays v0.0.7
INFO: Installing OffsetArrays v0.5.0
INFO: Installing PaddedViews v0.3.0
INFO: Installing RData v0.2.0
INFO: Installing RDatasets v0.2.0
INFO: Installing RangeArrays v0.2.0
INFO: Installing Requires v0.4.3
INFO: Installing Rotations v0.6.1
INFO: Installing Rsvg v0.2.0
INFO: Installing SIUnits v0.1.0
INFO: Installing SimpleTraits v0.5.1
INFO: Installing TexExtensions v0.1.0
INFO: Installing TiledIteration v0.1.0
INFO: Installing TranscodingStreams v0.4.1
INFO: Building Cairo
INFO: Building SpecialFunctions
INFO: Building FFTW
INFO: Building Fontconfig
INFO: Building Gtk
INFO: Building Rsvg
Installing dependency librsvg2-2 via `sudo apt-get install librsvg2-2`:
Reading package lists...
Building dependency tree...
Reading state information...
Suggested packages:
  librsvg2-bin
Recommended packages:
  librsvg2-common
The following NEW packages will be installed:
  librsvg2-2
0 upgraded, 1 newly installed, 0 to remove and 4 not upgraded.
Need to get 88.3 kB of archives.
After this operation, 418 kB of additional disk space will be used.
Get:1 http://archive.ubuntu.com/ubuntu/ trusty/main librsvg2-2 amd64 2.40.2-1 [88.3 kB]
dpkg-preconfigure: unable to re-open stdin: No such file or directory
Fetched 88.3 kB in 0s (241 kB/s)
Selecting previously unselected package librsvg2-2:amd64.
(Reading database ... 73572 files and directories currently installed.)
Preparing to unpack .../librsvg2-2_2.40.2-1_amd64.deb ...
Unpacking librsvg2-2:amd64 (2.40.2-1) ...
Setting up librsvg2-2:amd64 (2.40.2-1) ...
Processing triggers for libc-bin (2.19-0ubuntu6.14) ...
INFO: Testing Gadfly
WARNING: Method definition midpoints(AbstractArray{T, 1} where T) in module Base at deprecated.jl:56 overwritten in module StatsBase at /home/vagrant/.julia/v0.6/StatsBase/src/hist.jl:533.
WARNING: Method definition midpoints(Base.Range{T} where T) in module Base at deprecated.jl:56 overwritten in module StatsBase at /home/vagrant/.julia/v0.6/StatsBase/src/hist.jl:535.
WARNING: Method definition midpoints(Base.Range{T} where T) in module Base at deprecated.jl:56 overwritten in module StatsBase at /home/vagrant/.julia/v0.6/StatsBase/src/hist.jl:535.
WARNING: Method definition midpoints(AbstractArray{T, 1} where T) in module Base at deprecated.jl:56 overwritten in module StatsBase at /home/vagrant/.julia/v0.6/StatsBase/src/hist.jl:533.
WARNING: Method definition midpoints(Base.Range{T} where T) in module Base at deprecated.jl:56 overwritten in module StatsBase at /home/vagrant/.julia/v0.6/StatsBase/src/hist.jl:535.
WARNING: Method definition midpoints(AbstractArray{T, 1} where T) in module Base at deprecated.jl:56 overwritten in module StatsBase at /home/vagrant/.julia/v0.6/StatsBase/src/hist.jl:533.
WARNING: Method definition midpoints(Base.Range{T} where T) in module Base at deprecated.jl:56 overwritten in module StatsBase at /home/vagrant/.julia/v0.6/StatsBase/src/hist.jl:535.
WARNING: Method definition midpoints(AbstractArray{T, 1} where T) in module Base at deprecated.jl:56 overwritten in module StatsBase at /home/vagrant/.julia/v0.6/StatsBase/src/hist.jl:533.
WARNING: Method definition midpoints(Base.Range{T} where T) in module Base at deprecated.jl:56 overwritten in module StatsBase at /home/vagrant/.julia/v0.6/StatsBase/src/hist.jl:535.
WARNING: Method definition midpoints(AbstractArray{T, 1} where T) in module Base at deprecated.jl:56 overwritten in module StatsBase at /home/vagrant/.julia/v0.6/StatsBase/src/hist.jl:533.
WARNING: could not import Juno.Hiccup into Gadfly
WARNING: Method definition midpoints(Base.Range{T} where T) in module Base at deprecated.jl:56 overwritten in module StatsBase at /home/vagrant/.julia/v0.6/StatsBase/src/hist.jl:535.
WARNING: Method definition midpoints(AbstractArray{T, 1} where T) in module Base at deprecated.jl:56 overwritten in module StatsBase at /home/vagrant/.julia/v0.6/StatsBase/src/hist.jl:533.
WARNING: Method definition midpoints(Base.Range{T} where T) in module Base at deprecated.jl:56 overwritten in module StatsBase at /home/vagrant/.julia/v0.6/StatsBase/src/hist.jl:535.
WARNING: Method definition midpoints(AbstractArray{T, 1} where T) in module Base at deprecated.jl:56 overwritten in module StatsBase at /home/vagrant/.julia/v0.6/StatsBase/src/hist.jl:533.
WARNING: Method definition midpoints(Base.Range{T} where T) in module Base at deprecated.jl:56 overwritten in module StatsBase at /home/vagrant/.julia/v0.6/StatsBase/src/hist.jl:535.
WARNING: Method definition midpoints(AbstractArray{T, 1} where T) in module Base at deprecated.jl:56 overwritten in module StatsBase at /home/vagrant/.julia/v0.6/StatsBase/src/hist.jl:533.
Rendering array_aesthetics on pgf backend.
 36.423080 seconds (15.41 M allocations: 837.992 MiB, 1.52% gc time)
Rendering array_aesthetics on svgjs backend.
  3.753767 seconds (1.59 M allocations: 83.817 MiB, 1.37% gc time)
Rendering array_aesthetics on svg backend.
  0.019404 seconds (46.18 k allocations: 2.068 MiB)
Rendering array_aesthetics on png backend.
  1.003315 seconds (382.93 k allocations: 20.180 MiB, 1.06% gc time)
Rendering array_of_arrays on pgf backend.
  7.274569 seconds (3.18 M allocations: 175.363 MiB, 1.43% gc time)
Rendering array_of_arrays on svgjs backend.
  0.322244 seconds (163.00 k allocations: 7.899 MiB, 3.89% gc time)
Rendering array_of_arrays on svg backend.
  0.012067 seconds (27.74 k allocations: 1.680 MiB)
Rendering array_of_arrays on png backend.
  0.146773 seconds (53.44 k allocations: 3.071 MiB)
Rendering aspect_ratio on pgf backend.
  1.307164 seconds (994.59 k allocations: 57.667 MiB, 2.51% gc time)
Rendering aspect_ratio on svgjs backend.
  0.021242 seconds (61.98 k allocations: 2.235 MiB)
Rendering aspect_ratio on svg backend.
  0.016229 seconds (25.53 k allocations: 1.147 MiB)
Rendering aspect_ratio on png backend.
  0.036820 seconds (24.93 k allocations: 1.123 MiB)
Rendering auto_enumerate on pgf backend.
  5.985044 seconds (2.71 M allocations: 146.780 MiB, 1.58% gc time)
Rendering auto_enumerate on svgjs backend.
  0.040891 seconds (58.12 k allocations: 2.126 MiB)
Rendering auto_enumerate on svg backend.
  0.016456 seconds (21.68 k allocations: 1.034 MiB)
Rendering auto_enumerate on png backend.
  0.033299 seconds (20.81 k allocations: 1.011 MiB)
Rendering beeswarm on pgf backend.
WARNING: Method definition midpoints(Base.Range{T} where T) in module Base at deprecated.jl:56 overwritten in module StatsBase at /home/vagrant/.julia/v0.6/StatsBase/src/hist.jl:535.
WARNING: Method definition midpoints(AbstractArray{T, 1} where T) in module Base at deprecated.jl:56 overwritten in module StatsBase at /home/vagrant/.julia/v0.6/StatsBase/src/hist.jl:533.
  2.624209 seconds (1.64 M allocations: 82.233 MiB, 1.97% gc time)
Rendering beeswarm on svgjs backend.
  0.065489 seconds (401.34 k allocations: 11.820 MiB, 16.27% gc time)
Rendering beeswarm on svg backend.
  0.043791 seconds (383.19 k allocations: 11.259 MiB)
Rendering beeswarm on png backend.
  0.070833 seconds (381.26 k allocations: 11.220 MiB, 12.46% gc time)
Rendering boxplot on pgf backend.
  5.501028 seconds (2.27 M allocations: 123.366 MiB, 1.16% gc time)
Rendering boxplot on svgjs backend.
  0.032573 seconds (46.58 k allocations: 1.654 MiB)
Rendering boxplot on svg backend.
  0.022376 seconds (28.67 k allocations: 1.105 MiB)
Rendering boxplot on png backend.
  0.100517 seconds (36.77 k allocations: 1.504 MiB, 17.52% gc time)
Rendering boxplot_nonstandard on pgf backend.
  0.022284 seconds (32.89 k allocations: 1.359 MiB)
Rendering boxplot_nonstandard on svgjs backend.
  0.033947 seconds (46.03 k allocations: 1.632 MiB)
Rendering boxplot_nonstandard on svg backend.
  0.016806 seconds (28.14 k allocations: 1.084 MiB)
Rendering boxplot_nonstandard on png backend.
  0.031325 seconds (26.90 k allocations: 1.044 MiB)
Rendering color_bar on pgf backend.
  0.037972 seconds (45.60 k allocations: 3.221 MiB)
Rendering color_bar on svgjs backend.
  0.075874 seconds (144.39 k allocations: 6.061 MiB)
Rendering color_bar on svg backend.
  0.010756 seconds (29.31 k allocations: 2.243 MiB)
Rendering color_bar on png backend.
  0.022204 seconds (24.86 k allocations: 2.087 MiB)
Rendering colored_points on pgf backend.
  1.264662 seconds (821.19 k allocations: 46.997 MiB, 2.09% gc time)
Rendering colored_points on svgjs backend.
  0.091701 seconds (117.57 k allocations: 4.821 MiB)
Rendering colored_points on svg backend.
  0.045460 seconds (74.64 k allocations: 3.488 MiB)
Rendering colored_points on png backend.
  0.064223 seconds (63.63 k allocations: 3.039 MiB)
Rendering colored_ribbon on pgf backend.
  2.976125 seconds (1.37 M allocations: 74.275 MiB, 1.93% gc time)
Rendering colored_ribbon on svgjs backend.
  0.071151 seconds (147.38 k allocations: 5.158 MiB)
Rendering colored_ribbon on svg backend.
  0.031919 seconds (109.50 k allocations: 3.976 MiB)
Rendering colored_ribbon on png backend.
  0.114089 seconds (123.30 k allocations: 4.658 MiB)
Rendering colored_smooth_lm on pgf backend.
  3.688424 seconds (2.16 M allocations: 114.159 MiB, 2.51% gc time)
Rendering colored_smooth_lm on svgjs backend.
  0.118186 seconds (270.33 k allocations: 9.552 MiB)
Rendering colored_smooth_lm on svg backend.
  0.085242 seconds (224.27 k allocations: 8.124 MiB, 20.51% gc time)
Rendering colored_smooth_lm on png backend.
  0.128137 seconds (217.87 k allocations: 7.866 MiB)
Rendering colorful_density on pgf backend.
  3.891481 seconds (3.79 M allocations: 144.019 MiB, 2.39% gc time)
Rendering colorful_density on svgjs backend.
  0.391141 seconds (2.25 M allocations: 62.415 MiB, 10.53% gc time)
Rendering colorful_density on svg backend.
  0.209205 seconds (2.21 M allocations: 61.128 MiB, 19.53% gc time)
Rendering colorful_density on png backend.
  0.563193 seconds (2.21 M allocations: 61.069 MiB, 44.44% gc time)
Rendering colorful_hist on pgf backend.
  2.086067 seconds (2.83 M allocations: 83.180 MiB, 2.39% gc time)
Rendering colorful_hist on svgjs backend.
  0.515047 seconds (2.54 M allocations: 66.531 MiB, 6.67% gc time)
Rendering colorful_hist on svg backend.
  0.388536 seconds (2.50 M allocations: 65.317 MiB, 5.81% gc time)
Rendering colorful_hist on png backend.
  0.242137 seconds (2.47 M allocations: 64.656 MiB, 8.04% gc time)
Rendering continuous_color_scale_range on pgf backend.
  3.936668 seconds (1.31 M allocations: 73.063 MiB, 1.16% gc time)
Rendering continuous_color_scale_range on svgjs backend.
  0.050495 seconds (58.61 k allocations: 2.170 MiB)
Rendering continuous_color_scale_range on svg backend.
  0.021208 seconds (25.65 k allocations: 1.178 MiB)
Rendering continuous_color_scale_range on png backend.
  0.038879 seconds (23.85 k allocations: 1.122 MiB)
Rendering continuous_scale_range on pgf backend.
  1.173592 seconds (690.91 k allocations: 39.516 MiB, 2.84% gc time)
Rendering continuous_scale_range on svgjs backend.
  0.040815 seconds (53.72 k allocations: 1.990 MiB)
Rendering continuous_scale_range on svg backend.
  0.016178 seconds (20.69 k allocations: 1.002 MiB)
Rendering continuous_scale_range on png backend.
  0.031466 seconds (19.80 k allocations: 988.297 KiB)
Rendering contour_color_none on pgf backend.
  3.455021 seconds (1.19 M allocations: 67.716 MiB, 1.48% gc time)
Rendering contour_color_none on svgjs backend.
  0.039883 seconds (63.34 k allocations: 2.410 MiB)
Rendering contour_color_none on svg backend.
  0.020519 seconds (30.38 k allocations: 1.423 MiB)
Rendering contour_color_none on png backend.
  0.037028 seconds (29.53 k allocations: 1.392 MiB)
Rendering contour_function on pgf backend.
  1.825506 seconds (1.26 M allocations: 62.140 MiB, 2.60% gc time)
Rendering contour_function on svgjs backend.
  0.298776 seconds (479.18 k allocations: 16.988 MiB, 4.60% gc time)
Rendering contour_function on svg backend.
  0.268204 seconds (446.37 k allocations: 16.004 MiB, 5.25% gc time)
Rendering contour_function on png backend.
  0.264492 seconds (444.33 k allocations: 15.942 MiB)
Rendering contour_layers on pgf backend.
  1.377851 seconds (1.70 M allocations: 76.097 MiB, 3.51% gc time)
Rendering contour_layers on svgjs backend.
  0.614257 seconds (997.06 k allocations: 35.015 MiB, 3.51% gc time)
Rendering contour_layers on svg backend.
  0.547012 seconds (964.21 k allocations: 34.033 MiB, 2.23% gc time)
Rendering contour_layers on png backend.
  0.576293 seconds (961.61 k allocations: 33.949 MiB, 4.28% gc time)
Rendering contour_matrix on pgf backend.
  0.988046 seconds (1.10 M allocations: 55.483 MiB, 2.55% gc time)
Rendering contour_matrix on svgjs backend.
  0.133475 seconds (430.20 k allocations: 15.707 MiB, 9.48% gc time)
Rendering contour_matrix on svg backend.
  0.098713 seconds (389.73 k allocations: 14.501 MiB, 12.32% gc time)
Rendering contour_matrix on png backend.
  0.117980 seconds (387.58 k allocations: 14.435 MiB, 13.89% gc time)
Rendering coord_limits on pgf backend.
  0.035708 seconds (31.06 k allocations: 1.580 MiB, 44.88% gc time)
Rendering coord_limits on svgjs backend.
  0.055844 seconds (89.99 k allocations: 3.063 MiB)
Rendering coord_limits on svg backend.
  0.007605 seconds (20.30 k allocations: 1004.391 KiB)
Rendering coord_limits on png backend.
  0.040941 seconds (19.20 k allocations: 962.938 KiB)
Rendering custom_themes on pgf backend.
  0.176535 seconds (125.51 k allocations: 6.471 MiB)
Rendering custom_themes on svgjs backend.
  0.050669 seconds (99.67 k allocations: 3.810 MiB, 28.15% gc time)
Rendering custom_themes on svg backend.
  0.018405 seconds (63.45 k allocations: 2.728 MiB)
Rendering custom_themes on png backend.
  0.049635 seconds (58.44 k allocations: 2.497 MiB)
Rendering date_bar on pgf backend.
  5.379820 seconds (1.10 M allocations: 60.225 MiB, 1.22% gc time)
Rendering date_bar on svgjs backend.
  0.341887 seconds (96.98 k allocations: 4.686 MiB)
Rendering date_bar on svg backend.
  0.016598 seconds (19.24 k allocations: 888.016 KiB)
Rendering date_bar on png backend.
  0.173225 seconds (54.61 k allocations: 2.855 MiB)
Rendering density2d on pgf backend.
  2.626562 seconds (1.67 M allocations: 88.486 MiB, 2.40% gc time)
Rendering density2d on svgjs backend.
  0.558139 seconds (706.54 k allocations: 31.113 MiB, 5.00% gc time)
Rendering density2d on svg backend.
  0.451428 seconds (657.23 k allocations: 29.645 MiB, 3.13% gc time)
Rendering density2d on png backend.
  0.329565 seconds (625.49 k allocations: 28.201 MiB, 3.16% gc time)
Rendering density_dark on pgf backend.
  0.338138 seconds (2.20 M allocations: 61.086 MiB, 8.55% gc time)
Rendering density_dark on svgjs backend.
  0.382283 seconds (2.22 M allocations: 61.406 MiB, 5.14% gc time)
Rendering density_dark on svg backend.
  0.345139 seconds (2.18 M allocations: 60.135 MiB, 54.96% gc time)
Rendering density_dark on png backend.
  0.228804 seconds (2.18 M allocations: 60.076 MiB, 10.22% gc time)
Rendering density on pgf backend.
  0.605391 seconds (1.10 M allocations: 31.416 MiB, 1.81% gc time)
Rendering density on svgjs backend.
  0.134810 seconds (977.78 k allocations: 24.287 MiB, 7.58% gc time)
Rendering density on svg backend.
  0.132378 seconds (938.43 k allocations: 23.114 MiB, 7.28% gc time)
Rendering density on png backend.
  0.125702 seconds (937.54 k allocations: 23.081 MiB, 4.36% gc time)
Rendering discrete_bar_horizontal on pgf backend.
  0.994636 seconds (410.70 k allocations: 18.607 MiB, 1.62% gc time)
Rendering discrete_bar_horizontal on svgjs backend.
  0.041468 seconds (185.40 k allocations: 4.963 MiB)
Rendering discrete_bar_horizontal on svg backend.
  0.018243 seconds (158.36 k allocations: 4.138 MiB)
Rendering discrete_bar_horizontal on png backend.
  0.033912 seconds (138.26 k allocations: 3.813 MiB)
Rendering discrete_bar on pgf backend.
  0.027721 seconds (226.02 k allocations: 8.568 MiB)
Rendering discrete_bar on svgjs backend.
  0.043792 seconds (184.11 k allocations: 4.980 MiB)
Rendering discrete_bar on svg backend.
  0.018842 seconds (157.06 k allocations: 4.164 MiB)
Rendering discrete_bar on png backend.
  0.046199 seconds (136.86 k allocations: 3.829 MiB, 26.30% gc time)
Rendering discrete_color_hue on pgf backend.
  0.176659 seconds (71.16 k allocations: 4.030 MiB)
Rendering discrete_color_hue on svgjs backend.
  0.074279 seconds (63.58 k allocations: 2.630 MiB)
Rendering discrete_color_hue on svg backend.
  0.036422 seconds (24.69 k allocations: 1.422 MiB)
Rendering discrete_color_hue on png backend.
  0.047502 seconds (23.42 k allocations: 1.374 MiB)
Rendering discrete_color_manual on pgf backend.
  1.233048 seconds (884.28 k allocations: 49.177 MiB, 2.51% gc time)
Rendering discrete_color_manual on svgjs backend.
  0.050470 seconds (103.41 k allocations: 3.958 MiB)
Rendering discrete_color_manual on svg backend.
  0.032855 seconds (60.35 k allocations: 2.622 MiB, 42.35% gc time)
Rendering discrete_color_manual on png backend.
  0.031239 seconds (58.88 k allocations: 2.555 MiB)
Rendering discrete_histogram on pgf backend.
  0.255230 seconds (89.69 k allocations: 4.393 MiB)
Rendering discrete_histogram on svgjs backend.
  0.018577 seconds (49.81 k allocations: 1.738 MiB)
Rendering discrete_histogram on svg backend.
  0.009832 seconds (25.48 k allocations: 1.004 MiB)
Rendering discrete_histogram on png backend.
  0.021700 seconds (24.24 k allocations: 982.688 KiB)
Rendering dodged_discrete_histogram_horizontal on pgf backend.
  0.705445 seconds (5.52 M allocations: 94.012 MiB, 4.78% gc time)
Rendering dodged_discrete_histogram_horizontal on svgjs backend.
  0.176205 seconds (5.45 M allocations: 88.708 MiB, 22.61% gc time)
Rendering dodged_discrete_histogram_horizontal on svg backend.
  0.155301 seconds (5.40 M allocations: 87.179 MiB, 14.33% gc time)
Rendering dodged_discrete_histogram_horizontal on png backend.
  0.127436 seconds (5.39 M allocations: 86.771 MiB, 16.19% gc time)
Rendering dodged_discrete_histogram on pgf backend.
  0.202398 seconds (5.43 M allocations: 89.159 MiB, 12.15% gc time)
Rendering dodged_discrete_histogram on svgjs backend.
  0.161200 seconds (5.45 M allocations: 88.710 MiB, 16.88% gc time)
Rendering dodged_discrete_histogram on svg backend.
  0.126868 seconds (5.40 M allocations: 87.164 MiB, 17.56% gc time)
Rendering dodged_discrete_histogram on png backend.
  0.126996 seconds (5.39 M allocations: 86.756 MiB, 17.85% gc time)
Rendering errorbar on pgf backend.
  2.329750 seconds (1.18 M allocations: 68.826 MiB, 1.90% gc time)
Rendering errorbar on svgjs backend.
  0.070772 seconds (72.95 k allocations: 3.306 MiB)
Rendering errorbar on svg backend.
  0.029708 seconds (33.76 k allocations: 2.087 MiB)
Rendering errorbar on png backend.
  0.062668 seconds (30.65 k allocations: 1.974 MiB, 30.37% gc time)
Rendering explicit_number_format on pgf backend.
  0.256323 seconds (80.05 k allocations: 4.323 MiB)
Rendering explicit_number_format on svgjs backend.
  0.044782 seconds (52.97 k allocations: 1.973 MiB)
Rendering explicit_number_format on svg backend.
  0.018632 seconds (20.54 k allocations: 1.001 MiB)
Rendering explicit_number_format on png backend.
  0.034431 seconds (19.66 k allocations: 988.391 KiB)
Rendering explicit_subplot_titles on pgf backend.
  4.899975 seconds (859.26 k allocations: 45.906 MiB, 0.78% gc time)
Rendering explicit_subplot_titles on svgjs backend.
  0.070941 seconds (90.80 k allocations: 3.299 MiB)
Rendering explicit_subplot_titles on svg backend.
  0.032287 seconds (38.50 k allocations: 1.783 MiB)
Rendering explicit_subplot_titles on png backend.
  0.052069 seconds (36.55 k allocations: 1.713 MiB)
Rendering explicit_xy_ticks on pgf backend.
  0.202923 seconds (44.90 k allocations: 2.423 MiB, 10.45% gc time)
Rendering explicit_xy_ticks on svgjs backend.
  0.013341 seconds (12.95 k allocations: 683.672 KiB)
Rendering explicit_xy_ticks on svg backend.
  0.010183 seconds (10.76 k allocations: 589.234 KiB)
Rendering explicit_xy_ticks on png backend.
  0.025403 seconds (9.90 k allocations: 553.594 KiB)
Rendering function_explicit_colors on pgf backend.
  0.712932 seconds (710.14 k allocations: 40.449 MiB, 4.69% gc time)
Rendering function_explicit_colors on svgjs backend.
  0.039274 seconds (99.07 k allocations: 3.968 MiB)
Rendering function_explicit_colors on svg backend.
  0.015432 seconds (56.15 k allocations: 2.640 MiB)
Rendering function_explicit_colors on png backend.
  0.029141 seconds (54.98 k allocations: 2.596 MiB)
Rendering function_layers on pgf backend.
  0.099508 seconds (120.34 k allocations: 5.599 MiB, 14.64% gc time)
Rendering function_layers on svgjs backend.
  0.087433 seconds (166.90 k allocations: 6.576 MiB)
Rendering function_layers on svg backend.
  0.065839 seconds (116.27 k allocations: 5.011 MiB)
Rendering function_layers on png backend.
  0.072772 seconds (104.60 k allocations: 4.524 MiB)
Rendering function_plots on pgf backend.
  0.031906 seconds (70.89 k allocations: 3.285 MiB)
Rendering function_plots on svgjs backend.
  0.090878 seconds (106.04 k allocations: 4.192 MiB, 16.86% gc time)
Rendering function_plots on svg backend.
  0.019270 seconds (63.12 k allocations: 2.863 MiB)
Rendering function_plots on png backend.
  0.033831 seconds (61.65 k allocations: 2.797 MiB)
Rendering gridstack_empty_args on pgf backend.
  0.005698 seconds (14.23 k allocations: 820.156 KiB)
Rendering gridstack_empty_args on svgjs backend.
  0.052079 seconds (76.66 k allocations: 2.568 MiB)
Rendering gridstack_empty_args on svg backend.
  0.006293 seconds (10.72 k allocations: 609.297 KiB)
Rendering gridstack_empty_args on png backend.
  0.042338 seconds (9.66 k allocations: 567.875 KiB)
Rendering gridstack on pgf backend.
  0.012411 seconds (31.79 k allocations: 1.984 MiB)
Rendering gridstack on svgjs backend.
  0.107866 seconds (166.71 k allocations: 5.802 MiB)
Rendering gridstack on svg backend.
  0.011616 seconds (25.56 k allocations: 1.588 MiB)
Rendering gridstack on png backend.
  0.030909 seconds (22.95 k allocations: 1.488 MiB)
Rendering grid_strokedash on pgf backend.
  0.030672 seconds (59.47 k allocations: 2.825 MiB)
Rendering grid_strokedash on svgjs backend.
  0.066121 seconds (99.48 k allocations: 3.802 MiB)
Rendering grid_strokedash on svg backend.
  0.032100 seconds (63.26 k allocations: 2.720 MiB)
Rendering grid_strokedash on png backend.
  0.068764 seconds (58.29 k allocations: 2.491 MiB)
Rendering Guide_colorkey on pgf backend.
  0.071590 seconds (32.65 k allocations: 1.719 MiB)
Rendering Guide_colorkey on svgjs backend.
  0.038239 seconds (64.16 k allocations: 2.531 MiB)
Rendering Guide_colorkey on svg backend.
  0.021604 seconds (29.08 k allocations: 1.466 MiB)
Rendering Guide_colorkey on png backend.
  0.033494 seconds (27.11 k allocations: 1.387 MiB)
Rendering hair on pgf backend.
  0.004858 seconds (19.73 k allocations: 1.158 MiB)
Rendering hair on svgjs backend.
  0.051793 seconds (82.60 k allocations: 2.897 MiB, 30.87% gc time)
Rendering hair on svg backend.
  0.005257 seconds (16.54 k allocations: 939.922 KiB)
Rendering hair on png backend.
  0.017857 seconds (14.38 k allocations: 856.641 KiB)
Rendering hexbin_dark on pgf backend.
  1.747659 seconds (1.39 M allocations: 52.144 MiB, 3.01% gc time)
Rendering hexbin_dark on svgjs backend.
  0.165575 seconds (945.26 k allocations: 25.671 MiB, 8.92% gc time)
Rendering hexbin_dark on svg backend.
  0.107803 seconds (902.36 k allocations: 24.384 MiB, 14.03% gc time)
Rendering hexbin_dark on png backend.
  0.090904 seconds (873.13 k allocations: 23.964 MiB, 12.52% gc time)
Rendering hexbin on pgf backend.
  0.191765 seconds (895.63 k allocations: 26.259 MiB, 5.79% gc time)
Rendering hexbin on svgjs backend.
  0.158660 seconds (901.98 k allocations: 24.230 MiB, 6.78% gc time)
Rendering hexbin on svg backend.
  0.101484 seconds (859.08 k allocations: 22.942 MiB, 9.65% gc time)
Rendering hexbin on png backend.
  0.092026 seconds (829.90 k allocations: 22.524 MiB, 9.49% gc time)
Rendering histogram2d_discrete on pgf backend.
  2.829525 seconds (1.70 M allocations: 92.987 MiB, 2.73% gc time)
Rendering histogram2d_discrete on svgjs backend.
  0.048386 seconds (54.76 k allocations: 1.935 MiB)
Rendering histogram2d_discrete on svg backend.
  0.025744 seconds (34.52 k allocations: 1.317 MiB)
Rendering histogram2d_discrete on png backend.
  0.041075 seconds (31.37 k allocations: 1.229 MiB)
Rendering histogram2d_explicit_bins on pgf backend.
  1.902012 seconds (823.48 k allocations: 45.587 MiB, 1.80% gc time)
Rendering histogram2d_explicit_bins on svgjs backend.
  0.079868 seconds (134.11 k allocations: 5.984 MiB)
Rendering histogram2d_explicit_bins on svg backend.
  0.028236 seconds (57.03 k allocations: 1.962 MiB)
Rendering histogram2d_explicit_bins on png backend.
  0.064998 seconds (51.59 k allocations: 1.727 MiB, 29.62% gc time)
Rendering histogram2d on pgf backend.
  0.038935 seconds (598.03 k allocations: 11.160 MiB)
Rendering histogram2d on svgjs backend.
  0.104341 seconds (662.78 k allocations: 14.467 MiB, 11.05% gc time)
Rendering histogram2d on svg backend.
  0.035936 seconds (585.54 k allocations: 10.440 MiB)
Rendering histogram2d on png backend.
  0.066256 seconds (578.46 k allocations: 10.164 MiB, 18.74% gc time)
Rendering histogram_density on pgf backend.
  0.560513 seconds (2.53 M allocations: 66.453 MiB, 8.00% gc time)
Rendering histogram_density on svgjs backend.
  0.388116 seconds (2.51 M allocations: 64.830 MiB, 9.97% gc time)
Rendering histogram_density on svg backend.
  0.335458 seconds (2.48 M allocations: 63.619 MiB, 8.87% gc time)
Rendering histogram_density on png backend.
  0.340821 seconds (2.47 M allocations: 63.405 MiB, 8.47% gc time)
Rendering histogram_errorbar on pgf backend.
  1.560328 seconds (793.97 k allocations: 44.829 MiB, 2.63% gc time)
Rendering histogram_errorbar on svgjs backend.
  0.049535 seconds (69.38 k allocations: 2.491 MiB)
Rendering histogram_errorbar on svg backend.
  0.018669 seconds (29.13 k allocations: 1.293 MiB)
Rendering histogram_errorbar on png backend.
  0.033257 seconds (27.51 k allocations: 1.255 MiB)
Rendering histogram_explicit_bins on pgf backend.
  0.031431 seconds (283.75 k allocations: 5.686 MiB)
Rendering histogram_explicit_bins on svgjs backend.
  0.056112 seconds (319.73 k allocations: 6.664 MiB)
Rendering histogram_explicit_bins on svg backend.
  0.044169 seconds (280.81 k allocations: 5.506 MiB, 29.76% gc time)
Rendering histogram_explicit_bins on png backend.
  0.046367 seconds (279.82 k allocations: 5.477 MiB)
Rendering hstack_empty_args on pgf backend.
  0.006951 seconds (20.91 k allocations: 1.150 MiB)
Rendering hstack_empty_args on svgjs backend.
  0.076053 seconds (114.59 k allocations: 3.798 MiB)
Rendering hstack_empty_args on svg backend.
  0.006292 seconds (15.71 k allocations: 860.703 KiB)
Rendering hstack_empty_args on png backend.
  0.035033 seconds (14.13 k allocations: 800.078 KiB)
Rendering hstack_empty_vector on pgf backend.
  0.007332 seconds (20.91 k allocations: 1.150 MiB)
Rendering hstack_empty_vector on svgjs backend.
  0.073434 seconds (114.59 k allocations: 3.798 MiB)
Rendering hstack_empty_vector on svg backend.
  0.006534 seconds (15.71 k allocations: 860.719 KiB)
Rendering hstack_empty_vector on png backend.
  0.052734 seconds (14.13 k allocations: 800.625 KiB, 29.01% gc time)
Rendering hstack on pgf backend.
  1.121085 seconds (344.48 k allocations: 18.781 MiB, 1.76% gc time)
Rendering hstack on svgjs backend.
  0.131319 seconds (159.55 k allocations: 5.459 MiB, 16.11% gc time)
Rendering hstack on svg backend.
  0.017478 seconds (44.86 k allocations: 2.004 MiB)
Rendering hstack on png backend.
  0.055165 seconds (38.94 k allocations: 1.749 MiB)
Rendering hvabline_dates on pgf backend.
  2.325701 seconds (473.92 k allocations: 25.431 MiB, 0.93% gc time)
Rendering hvabline_dates on svgjs backend.
  0.376962 seconds (107.84 k allocations: 4.970 MiB, 6.72% gc time)
Rendering hvabline_dates on svg backend.
  0.005373 seconds (10.33 k allocations: 559.031 KiB)
Rendering hvabline_dates on png backend.
  0.178885 seconds (45.76 k allocations: 2.533 MiB)
Rendering hvabline_docs on pgf backend.
 35.789356 seconds (322.94 M allocations: 6.598 GiB, 8.24% gc time)
Rendering hvabline_docs on svgjs backend.
 32.923553 seconds (322.82 M allocations: 6.579 GiB, 8.92% gc time)
Rendering hvabline_docs on svg backend.
 31.040168 seconds (322.71 M allocations: 6.576 GiB, 7.88% gc time)
Rendering hvabline_docs on png backend.
 29.762567 seconds (322.40 M allocations: 6.569 GiB, 8.35% gc time)
Rendering hvabline on pgf backend.
  0.145523 seconds (84.01 k allocations: 4.780 MiB)
Rendering hvabline on svgjs backend.
  0.065271 seconds (196.29 k allocations: 6.877 MiB)
Rendering hvabline on svg backend.
  0.007760 seconds (32.68 k allocations: 1.974 MiB)
Rendering hvabline on png backend.
  0.035562 seconds (29.21 k allocations: 1.851 MiB)
Rendering issue1004 on pgf backend.
  0.013472 seconds (26.23 k allocations: 1.551 MiB)
Rendering issue1004 on svgjs backend.
  0.033390 seconds (63.54 k allocations: 2.640 MiB)
Rendering issue1004 on svg backend.
  0.014536 seconds (25.21 k allocations: 1.448 MiB)
Rendering issue1004 on png backend.
  0.024772 seconds (23.23 k allocations: 1.371 MiB)
Rendering issue1005 on pgf backend.
  0.015574 seconds (30.06 k allocations: 1.630 MiB)
Rendering issue1005 on svgjs backend.
  0.028468 seconds (61.33 k allocations: 2.466 MiB)
Rendering issue1005 on svg backend.
  0.019160 seconds (28.79 k allocations: 1.491 MiB)
Rendering issue1005 on png backend.
  0.041450 seconds (27.04 k allocations: 1.420 MiB)
Rendering issue1066 on pgf backend.
  1.885054 seconds (495.55 k allocations: 26.921 MiB, 1.00% gc time)
Rendering issue1066 on svgjs backend.
  0.024868 seconds (53.90 k allocations: 1.940 MiB)
Rendering issue1066 on svg backend.
  0.012071 seconds (21.74 k allocations: 993.922 KiB)
Rendering issue1066 on png backend.
  0.021908 seconds (21.23 k allocations: 979.797 KiB)
Rendering issue106 on pgf backend.
  0.883815 seconds (796.17 k allocations: 45.445 MiB, 5.70% gc time)
Rendering issue106 on svgjs backend.
  0.034960 seconds (75.76 k allocations: 2.673 MiB)
Rendering issue106 on svg backend.
  0.016557 seconds (30.84 k allocations: 1.339 MiB)
Rendering issue106 on png backend.
  0.025615 seconds (28.27 k allocations: 1.265 MiB)
Rendering issue120 on pgf backend.
  0.021662 seconds (98.64 k allocations: 4.613 MiB)
Rendering issue120 on svgjs backend.
  0.065048 seconds (148.37 k allocations: 5.719 MiB, 22.94% gc time)
Rendering issue120 on svg backend.
  0.025167 seconds (108.35 k allocations: 4.525 MiB)
Rendering issue120 on png backend.
  0.066254 seconds (99.05 k allocations: 4.092 MiB)
Rendering issue177 on pgf backend.
  0.715036 seconds (265.04 k allocations: 13.828 MiB, 2.26% gc time)
Rendering issue177 on svgjs backend.
  0.036389 seconds (90.75 k allocations: 4.171 MiB)
Rendering issue177 on svg backend.
  0.019571 seconds (49.60 k allocations: 2.333 MiB)
Rendering issue177 on png backend.
  0.029019 seconds (44.98 k allocations: 2.172 MiB)
Rendering issue509 on pgf backend.
  0.014040 seconds (24.45 k allocations: 1.348 MiB)
Rendering issue509 on svgjs backend.
  0.028137 seconds (55.45 k allocations: 2.203 MiB)
Rendering issue509 on svg backend.
  0.013476 seconds (22.68 k allocations: 1.221 MiB)
Rendering issue509 on png backend.
  0.024026 seconds (21.59 k allocations: 1.178 MiB)
Rendering issue82 on pgf backend.
  0.220023 seconds (55.41 k allocations: 2.763 MiB)
Rendering issue82 on svgjs backend.
  0.040743 seconds (52.39 k allocations: 1.867 MiB)
Rendering issue82 on svg backend.
  0.017345 seconds (18.07 k allocations: 860.750 KiB)
Rendering issue82 on png backend.
  0.031860 seconds (17.43 k allocations: 836.016 KiB)
Rendering issue846 on pgf backend.
  2.464820 seconds (963.63 k allocations: 54.280 MiB, 2.34% gc time)
Rendering issue846 on svgjs backend.
  0.220262 seconds (90.69 k allocations: 4.512 MiB)
Rendering issue846 on svg backend.
  0.008854 seconds (12.84 k allocations: 679.664 KiB)
Rendering issue846 on png backend.
  0.121539 seconds (47.88 k allocations: 2.599 MiB)
Rendering issue871 on pgf backend.
  0.060772 seconds (34.08 k allocations: 1.745 MiB)
Rendering issue871 on svgjs backend.
  0.026769 seconds (57.67 k allocations: 2.097 MiB)
Rendering issue871 on svg backend.
  0.010869 seconds (19.46 k allocations: 980.781 KiB)
Rendering issue871 on png backend.
  0.027701 seconds (18.72 k allocations: 956.063 KiB)
Rendering issue882 on pgf backend.
  0.460685 seconds (461.05 k allocations: 18.712 MiB)
Rendering issue882 on svgjs backend.
  0.066331 seconds (341.48 k allocations: 11.420 MiB, 22.16% gc time)
Rendering issue882 on svg backend.
  0.032413 seconds (308.21 k allocations: 10.422 MiB)
Rendering issue882 on png backend.
  0.060367 seconds (306.46 k allocations: 10.368 MiB, 23.69% gc time)
Rendering issue961 on pgf backend.
  1.146652 seconds (1.51 M allocations: 66.139 MiB, 4.33% gc time)
Rendering issue961 on svgjs backend.
  0.093741 seconds (606.04 k allocations: 15.057 MiB, 17.08% gc time)
Rendering issue961 on svg backend.
  0.090630 seconds (586.19 k allocations: 14.448 MiB, 17.66% gc time)
Rendering issue961 on png backend.
  0.221284 seconds (585.62 k allocations: 14.429 MiB)
Rendering issue975 on pgf backend.
  5.674353 seconds (3.49 M allocations: 176.211 MiB, 2.48% gc time)
Rendering issue975 on svgjs backend.
  0.160701 seconds (1.32 M allocations: 61.344 MiB, 24.80% gc time)
Rendering issue975 on svg backend.
  0.142813 seconds (1.30 M allocations: 60.644 MiB, 22.91% gc time)
Rendering issue975 on png backend.
  0.152171 seconds (1.29 M allocations: 60.074 MiB, 12.40% gc time)
Rendering issue986 on pgf backend.
  0.843466 seconds (348.68 k allocations: 18.196 MiB)
Rendering issue986 on svgjs backend.
  0.041245 seconds (59.38 k allocations: 2.405 MiB, 40.95% gc time)
Rendering issue986 on svg backend.
  0.013381 seconds (42.14 k allocations: 1.875 MiB)
Rendering issue986 on png backend.
  0.035328 seconds (38.67 k allocations: 1.718 MiB)
Rendering issue98 on pgf backend.
  0.011685 seconds (18.15 k allocations: 956.328 KiB)
Rendering issue98 on svgjs backend.
  0.020246 seconds (47.15 k allocations: 1.762 MiB)
Rendering issue98 on svg backend.
  0.010126 seconds (16.81 k allocations: 869.531 KiB)
Rendering issue98 on png backend.
  0.012899 seconds (16.11 k allocations: 846.813 KiB)
Rendering issue996 on pgf backend.
  0.643668 seconds (704.06 k allocations: 40.438 MiB, 5.11% gc time)
Rendering issue996 on svgjs backend.
  0.023453 seconds (42.03 k allocations: 1.610 MiB)
Rendering issue996 on svg backend.
  0.015067 seconds (20.86 k allocations: 989.775 KiB)
Rendering issue996 on png backend.
  0.022295 seconds (18.98 k allocations: 931.354 KiB)
Rendering issue997 on pgf backend.
  0.019633 seconds (100.76 k allocations: 5.404 MiB)
Rendering issue997 on svgjs backend.
  0.142074 seconds (254.31 k allocations: 9.363 MiB, 11.31% gc time)
Rendering issue997 on svg backend.
  0.044441 seconds (114.34 k allocations: 5.062 MiB)
Rendering issue997 on png backend.
  0.140047 seconds (86.59 k allocations: 3.962 MiB, 15.41% gc time)
Rendering jitter on pgf backend.
  0.053904 seconds (145.97 k allocations: 6.882 MiB)
Rendering jitter on svgjs backend.
  0.109509 seconds (199.82 k allocations: 7.930 MiB)
Rendering jitter on svg backend.
  0.055404 seconds (163.27 k allocations: 6.837 MiB, 26.04% gc time)
Rendering jitter on png backend.
  0.106229 seconds (148.17 k allocations: 6.135 MiB)
Rendering labels on pgf backend.
  2.630583 seconds (16.54 M allocations: 359.590 MiB, 6.15% gc time)
Rendering labels on svgjs backend.
  1.487545 seconds (15.62 M allocations: 317.052 MiB, 9.27% gc time)
Rendering labels on svg backend.
  1.501280 seconds (15.54 M allocations: 313.307 MiB, 8.06% gc time)
Rendering labels on png backend.
  1.871026 seconds (15.83 M allocations: 318.769 MiB, 7.40% gc time)
Rendering lab_gradient on pgf backend.
  0.234455 seconds (110.76 k allocations: 5.733 MiB)
Rendering lab_gradient on svgjs backend.
  0.049501 seconds (82.20 k allocations: 2.875 MiB)
Rendering lab_gradient on svg backend.
  0.042671 seconds (36.46 k allocations: 1.517 MiB, 40.36% gc time)
Rendering lab_gradient on png backend.
  0.036615 seconds (32.90 k allocations: 1.419 MiB)
Rendering layer_data on pgf backend.
  0.018808 seconds (19.85 k allocations: 1.014 MiB)
Rendering layer_data on svgjs backend.
  0.039423 seconds (49.09 k allocations: 1.835 MiB)
Rendering layer_data on svg backend.
  0.017942 seconds (18.10 k allocations: 927.328 KiB)
Rendering layer_data on png backend.
  0.033061 seconds (17.41 k allocations: 899.313 KiB)
Rendering layered_subplots on pgf backend.
  0.976708 seconds (280.10 k allocations: 15.231 MiB, 2.10% gc time)
Rendering layered_subplots on svgjs backend.
  0.038003 seconds (97.69 k allocations: 3.477 MiB)
Rendering layered_subplots on svg backend.
  0.015118 seconds (35.45 k allocations: 1.676 MiB)
Rendering layered_subplots on png backend.
  0.037374 seconds (34.21 k allocations: 1.636 MiB)
Rendering layer_guide on pgf backend.
  0.087834 seconds (34.88 k allocations: 1.743 MiB)
Rendering layer_guide on svgjs backend.
  0.050451 seconds (69.20 k allocations: 2.529 MiB)
Rendering layer_guide on svg backend.
  0.019908 seconds (24.89 k allocations: 1.213 MiB)
Rendering layer_guide on png backend.
  0.035052 seconds (23.96 k allocations: 1.176 MiB)
Rendering layer_leak on pgf backend.
  0.024234 seconds (28.40 k allocations: 1.790 MiB)
Rendering layer_leak on svgjs backend.
  0.081020 seconds (65.18 k allocations: 2.853 MiB, 22.61% gc time)
Rendering layer_leak on svg backend.
  0.027340 seconds (26.24 k allocations: 1.642 MiB)
Rendering layer_leak on png backend.
  0.038597 seconds (24.77 k allocations: 1.587 MiB)
Rendering layer_order on pgf backend.
  0.021823 seconds (28.55 k allocations: 1.434 MiB)
Rendering layer_order on svgjs backend.
  0.053590 seconds (72.58 k allocations: 2.665 MiB)
Rendering layer_order on svg backend.
  0.021246 seconds (27.51 k allocations: 1.327 MiB)
Rendering layer_order on png backend.
  0.037934 seconds (26.29 k allocations: 1.276 MiB)
Rendering layer_themes on pgf backend.
  0.020663 seconds (26.66 k allocations: 1.342 MiB)
Rendering layer_themes on svgjs backend.
  0.049239 seconds (68.73 k allocations: 2.512 MiB)
Rendering layer_themes on svg backend.
  0.019206 seconds (24.42 k allocations: 1.196 MiB)
Rendering layer_themes on png backend.
  0.036296 seconds (23.53 k allocations: 1.160 MiB)
Rendering line_histogram on pgf backend.
  1.337506 seconds (6.06 M allocations: 126.372 MiB, 6.00% gc time)
Rendering line_histogram on svgjs backend.
  0.205217 seconds (5.42 M allocations: 88.209 MiB, 17.10% gc time)
Rendering line_histogram on svg backend.
  0.122462 seconds (5.38 M allocations: 86.922 MiB, 21.13% gc time)
Rendering line_histogram on png backend.
  0.138105 seconds (5.38 M allocations: 86.854 MiB, 18.24% gc time)
Rendering log10_scale_range on pgf backend.
  0.151074 seconds (79.71 k allocations: 4.326 MiB, 7.46% gc time)
Rendering log10_scale_range on svgjs backend.
  0.034337 seconds (83.32 k allocations: 4.335 MiB)
Rendering log10_scale_range on svg backend.
  0.012516 seconds (21.65 k allocations: 1.106 MiB)
Rendering log10_scale_range on png backend.
  0.027076 seconds (19.91 k allocations: 1.005 MiB)
Rendering matrix_lines on pgf backend.
  0.845590 seconds (754.65 k allocations: 41.935 MiB, 3.45% gc time)
Rendering matrix_lines on svgjs backend.
  0.059881 seconds (99.94 k allocations: 3.516 MiB)
Rendering matrix_lines on svg backend.
  0.052374 seconds (67.91 k allocations: 2.555 MiB, 36.73% gc time)
Rendering matrix_lines on png backend.
  0.077664 seconds (65.99 k allocations: 2.496 MiB)
Rendering multicolumn_colorkey on pgf backend.
  1.447272 seconds (875.61 k allocations: 48.770 MiB, 2.18% gc time)
Rendering multicolumn_colorkey on svgjs backend.
  0.086451 seconds (199.32 k allocations: 7.773 MiB)
Rendering multicolumn_colorkey on svg backend.
  0.074417 seconds (147.24 k allocations: 6.159 MiB, 22.38% gc time)
Rendering multicolumn_colorkey on png backend.
  0.069371 seconds (122.19 k allocations: 5.135 MiB)
Rendering multi_geom_layer on pgf backend.
  0.606264 seconds (646.98 k allocations: 37.245 MiB, 5.33% gc time)
Rendering multi_geom_layer on svgjs backend.
  0.025220 seconds (53.52 k allocations: 2.037 MiB)
Rendering multi_geom_layer on svg backend.
  0.013356 seconds (20.82 k allocations: 1.058 MiB)
Rendering multi_geom_layer on png backend.
  0.022907 seconds (20.10 k allocations: 1.031 MiB)
Rendering nan_skipping on pgf backend.
  0.014857 seconds (23.98 k allocations: 1.220 MiB)
Rendering nan_skipping on svgjs backend.
  0.026647 seconds (59.61 k allocations: 2.211 MiB)
Rendering nan_skipping on svg backend.
  0.011561 seconds (21.95 k allocations: 1.088 MiB)
Rendering nan_skipping on png backend.
  0.022003 seconds (21.13 k allocations: 1.055 MiB)
Rendering negative_positive_stacked_bar on pgf backend.
  0.010665 seconds (22.94 k allocations: 1.548 MiB)
Rendering negative_positive_stacked_bar on svgjs backend.
  0.073300 seconds (100.44 k allocations: 3.806 MiB, 19.52% gc time)
Rendering negative_positive_stacked_bar on svg backend.
  0.008716 seconds (18.23 k allocations: 1.243 MiB)
Rendering negative_positive_stacked_bar on png backend.
  0.020799 seconds (15.38 k allocations: 1.138 MiB)
Rendering negative_stacked_bar on pgf backend.
  0.094877 seconds (80.44 k allocations: 4.490 MiB)
Rendering negative_stacked_bar on svgjs backend.
  0.072839 seconds (166.23 k allocations: 5.796 MiB)
Rendering negative_stacked_bar on svg backend.
  0.016301 seconds (37.00 k allocations: 1.925 MiB)
Rendering negative_stacked_bar on png backend.
  0.048101 seconds (30.33 k allocations: 1.726 MiB)
Rendering noticks on pgf backend.
  0.004902 seconds (7.08 k allocations: 409.031 KiB)
Rendering noticks on svgjs backend.
  0.005422 seconds (9.02 k allocations: 468.719 KiB)
Rendering noticks on svg backend.
  0.004996 seconds (7.21 k allocations: 391.141 KiB)
Rendering noticks on png backend.
  0.013692 seconds (6.56 k allocations: 363.891 KiB)
Rendering ordered_line on pgf backend.
  0.011638 seconds (20.93 k allocations: 1.050 MiB)
Rendering ordered_line on svgjs backend.
  0.039988 seconds (51.66 k allocations: 1.908 MiB, 35.59% gc time)
Rendering ordered_line on svg backend.
  0.009891 seconds (18.67 k allocations: 942.484 KiB)
Rendering ordered_line on png backend.
  0.021768 seconds (18.08 k allocations: 918.781 KiB)
Rendering percent on pgf backend.
  3.914844 seconds (1.43 M allocations: 79.202 MiB, 1.48% gc time)
Rendering percent on svgjs backend.
  3.544775 seconds (1.46 M allocations: 80.138 MiB, 2.05% gc time)
Rendering percent on svg backend.
  4.151934 seconds (1.41 M allocations: 78.247 MiB, 2.06% gc time)
Rendering percent on png backend.
  3.788157 seconds (1.41 M allocations: 78.171 MiB, 1.85% gc time)
Rendering point_color_categorical on pgf backend.
  0.015853 seconds (48.99 k allocations: 2.552 MiB)
Rendering point_color_categorical on svgjs backend.
  0.044779 seconds (92.18 k allocations: 3.761 MiB)
Rendering point_color_categorical on svg backend.
  0.049248 seconds (54.69 k allocations: 2.595 MiB, 38.91% gc time)
Rendering point_color_categorical on png backend.
  0.064141 seconds (47.29 k allocations: 2.295 MiB)
Rendering point_color_explicit on pgf backend.
  2.169792 seconds (894.25 k allocations: 51.099 MiB, 1.84% gc time)
Rendering point_color_explicit on svgjs backend.
  0.051200 seconds (78.43 k allocations: 3.001 MiB)
Rendering point_color_explicit on svg backend.
  0.025975 seconds (46.59 k allocations: 2.046 MiB)
Rendering point_color_explicit on png backend.
  0.071753 seconds (43.23 k allocations: 1.894 MiB)
Rendering point_color_numerical on pgf backend.
  0.052033 seconds (53.55 k allocations: 2.480 MiB, 39.10% gc time)
Rendering point_color_numerical on svgjs backend.
  0.055771 seconds (83.89 k allocations: 3.133 MiB)
Rendering point_color_numerical on svg backend.
  0.018988 seconds (51.64 k allocations: 2.165 MiB)
Rendering point_color_numerical on png backend.
  0.049871 seconds (47.08 k allocations: 1.982 MiB)
Rendering point_color_shape_size on pgf backend.
  1.710310 seconds (813.71 k allocations: 46.446 MiB, 2.10% gc time)
Rendering point_color_shape_size on svgjs backend.
  0.030159 seconds (79.23 k allocations: 3.028 MiB)
Rendering point_color_shape_size on svg backend.
  0.016308 seconds (47.52 k allocations: 2.077 MiB)
Rendering point_color_shape_size on png backend.
  0.057067 seconds (41.79 k allocations: 1.895 MiB)
Rendering point_shape_categorical on pgf backend.
  1.043686 seconds (748.01 k allocations: 42.485 MiB, 3.53% gc time)
Rendering point_shape_categorical on svgjs backend.
  0.030622 seconds (79.41 k allocations: 3.069 MiB)
Rendering point_shape_categorical on svg backend.
  0.034297 seconds (47.69 k allocations: 2.118 MiB, 45.55% gc time)
Rendering point_shape_categorical on png backend.
  0.040767 seconds (42.04 k allocations: 1.928 MiB)
Rendering point_shape_explicit on pgf backend.
  0.586806 seconds (670.63 k allocations: 38.269 MiB, 3.25% gc time)
Rendering point_shape_explicit on svgjs backend.
  0.030406 seconds (79.01 k allocations: 3.033 MiB)
Rendering point_shape_explicit on svg backend.
  0.045961 seconds (47.30 k allocations: 2.082 MiB, 40.87% gc time)
Rendering point_shape_explicit on png backend.
  0.062544 seconds (41.65 k allocations: 1.893 MiB)
Rendering point_shape_numerical on pgf backend.
  0.342685 seconds (102.58 k allocations: 4.951 MiB)
Rendering point_shape_numerical on svgjs backend.
  0.049618 seconds (90.41 k allocations: 3.380 MiB)
Rendering point_shape_numerical on svg backend.
  0.027567 seconds (58.75 k allocations: 2.430 MiB)
Rendering point_shape_numerical on png backend.
  0.057486 seconds (52.35 k allocations: 2.231 MiB)
Rendering point_size_categorical on pgf backend.
  1.048110 seconds (753.88 k allocations: 42.838 MiB, 2.95% gc time)
Rendering point_size_categorical on svgjs backend.
  0.030267 seconds (79.05 k allocations: 3.033 MiB)
Rendering point_size_categorical on svg backend.
  0.015805 seconds (47.21 k allocations: 2.077 MiB)
Rendering point_size_categorical on png backend.
  0.068969 seconds (43.84 k allocations: 1.923 MiB, 23.58% gc time)
Rendering point_size_explicit on pgf backend.
  0.807874 seconds (729.86 k allocations: 41.475 MiB, 1.98% gc time)
Rendering point_size_explicit on svgjs backend.
  0.045955 seconds (77.47 k allocations: 2.986 MiB, 31.49% gc time)
Rendering point_size_explicit on svg backend.
  0.013848 seconds (45.63 k allocations: 2.030 MiB)
Rendering point_size_explicit on png backend.
  0.064615 seconds (42.27 k allocations: 1.875 MiB)
Rendering point_size_numerical on pgf backend.
  1.007353 seconds (798.49 k allocations: 45.257 MiB, 3.14% gc time)
Rendering point_size_numerical on svgjs backend.
  0.028742 seconds (73.51 k allocations: 2.853 MiB)
Rendering point_size_numerical on svg backend.
  0.015247 seconds (45.70 k allocations: 2.012 MiB)
Rendering point_size_numerical on png backend.
  0.053414 seconds (42.29 k allocations: 1.854 MiB)
Rendering points on pgf backend.
  0.016574 seconds (59.60 k allocations: 2.830 MiB)
Rendering points on svgjs backend.
  0.052724 seconds (99.51 k allocations: 3.804 MiB, 30.05% gc time)
Rendering points on svg backend.
  0.017188 seconds (63.29 k allocations: 2.721 MiB)
Rendering points on png backend.
  0.044672 seconds (58.32 k allocations: 2.492 MiB)
Rendering polygon on pgf backend.
  2.403794 seconds (1.30 M allocations: 72.848 MiB, 2.38% gc time)
Rendering polygon on svgjs backend.
  0.027538 seconds (62.72 k allocations: 2.289 MiB)
Rendering polygon on svg backend.
  0.010956 seconds (21.08 k allocations: 1.051 MiB)
Rendering polygon on png backend.
  0.020410 seconds (20.49 k allocations: 1.028 MiB)
Rendering raster on pgf backend.
  0.136590 seconds (108.33 k allocations: 4.652 MiB, 17.30% gc time)
Rendering raster on svgjs backend.
  0.594447 seconds (160.63 k allocations: 7.282 MiB)
Rendering raster on svg backend.
  0.021952 seconds (54.99 k allocations: 1.858 MiB)
Rendering raster on png backend.
  0.029662 seconds (53.17 k allocations: 1.789 MiB)
Rendering rectbin on pgf backend.
  0.003547 seconds (15.41 k allocations: 984.281 KiB)
Rendering rectbin on svgjs backend.
  0.045068 seconds (103.03 k allocations: 3.468 MiB)
Rendering rectbin on svg backend.
  0.007338 seconds (12.33 k allocations: 793.953 KiB)
Rendering rectbin on png backend.
  0.020511 seconds (11.19 k allocations: 752.172 KiB)
Rendering ribbon on pgf backend.
  0.977924 seconds (675.84 k allocations: 38.278 MiB, 3.56% gc time)
Rendering ribbon on svgjs backend.
  0.038880 seconds (69.07 k allocations: 2.378 MiB)
Rendering ribbon on svg backend.
  0.019019 seconds (37.09 k allocations: 1.420 MiB)
Rendering ribbon on png backend.
  0.037366 seconds (36.44 k allocations: 1.395 MiB)
Rendering rug on pgf backend.
  1.267353 seconds (272.08 k allocations: 14.631 MiB, 1.59% gc time)
Rendering rug on svgjs backend.
  0.043296 seconds (57.85 k allocations: 2.163 MiB)
Rendering rug on svg backend.
  0.020374 seconds (26.25 k allocations: 1.215 MiB)
Rendering rug on png backend.
  0.035410 seconds (24.85 k allocations: 1.162 MiB)
Rendering scale_color_asinh on pgf backend.
  0.044330 seconds (41.91 k allocations: 2.078 MiB)
Rendering scale_color_asinh on svgjs backend.
  0.025533 seconds (58.54 k allocations: 2.164 MiB)
Rendering scale_color_asinh on svg backend.
  0.012250 seconds (25.69 k allocations: 1.180 MiB)
Rendering scale_color_asinh on png backend.
  0.023998 seconds (23.79 k allocations: 1.117 MiB)
Rendering scale_color_continuous_colormap on pgf backend.
  0.575714 seconds (209.73 k allocations: 11.120 MiB, 3.02% gc time)
Rendering scale_color_continuous_colormap on svgjs backend.
  0.365322 seconds (174.61 k allocations: 8.006 MiB)
Rendering scale_color_continuous_colormap on svg backend.
  0.430764 seconds (128.80 k allocations: 6.638 MiB, 5.21% gc time)
Rendering scale_color_continuous_colormap on png backend.
  0.401028 seconds (125.22 k allocations: 6.541 MiB)
Rendering scale_color_log10 on pgf backend.
  0.022913 seconds (31.35 k allocations: 1.515 MiB)
Rendering scale_color_log10 on svgjs backend.
  0.051149 seconds (58.89 k allocations: 2.201 MiB)
Rendering scale_color_log10 on svg backend.
  0.023003 seconds (26.04 k allocations: 1.216 MiB)
Rendering scale_color_log10 on png backend.
  0.038572 seconds (23.56 k allocations: 1.109 MiB)
Rendering scale_color_log2 on pgf backend.
  0.074041 seconds (41.46 k allocations: 2.056 MiB)
Rendering scale_color_log2 on svgjs backend.
  0.051067 seconds (58.89 k allocations: 2.201 MiB)
Rendering scale_color_log2 on svg backend.
  0.044045 seconds (26.04 k allocations: 1.217 MiB, 47.87% gc time)
Rendering scale_color_log2 on png backend.
  0.028377 seconds (23.56 k allocations: 1.109 MiB)
Rendering scale_color_log on pgf backend.
  0.081725 seconds (41.92 k allocations: 2.077 MiB)
Rendering scale_color_log on svgjs backend.
  0.050702 seconds (59.28 k allocations: 2.220 MiB)
Rendering scale_color_log on svg backend.
  0.025124 seconds (26.43 k allocations: 1.236 MiB)
Rendering scale_color_log on png backend.
  0.040384 seconds (23.79 k allocations: 1.117 MiB)
Rendering scale_color_sqrt on pgf backend.
  0.022905 seconds (32.12 k allocations: 1.549 MiB)
Rendering scale_color_sqrt on svgjs backend.
  0.032796 seconds (59.63 k allocations: 2.238 MiB)
Rendering scale_color_sqrt on svg backend.
  0.013989 seconds (26.77 k allocations: 1.254 MiB)
Rendering scale_color_sqrt on png backend.
  0.026244 seconds (23.96 k allocations: 1.123 MiB)
Rendering shape_hvline on pgf backend.
  0.049732 seconds (27.07 k allocations: 1.467 MiB)
Rendering shape_hvline on svgjs backend.
  0.042444 seconds (77.46 k allocations: 2.578 MiB)
Rendering shape_hvline on svg backend.
  0.003411 seconds (11.41 k allocations: 613.031 KiB)
Rendering shape_hvline on png backend.
  0.020990 seconds (10.06 k allocations: 567.094 KiB)
Rendering single_boxplot on pgf backend.
  1.172506 seconds (719.09 k allocations: 37.234 MiB, 3.27% gc time)
Rendering single_boxplot on svgjs backend.
  0.053875 seconds (141.51 k allocations: 4.602 MiB)
Rendering single_boxplot on svg backend.
  0.029403 seconds (95.22 k allocations: 3.227 MiB)
Rendering single_boxplot on png backend.
  0.031989 seconds (85.82 k allocations: 2.981 MiB)
Rendering single_datetime on pgf backend.
  1.713834 seconds (911.79 k allocations: 51.718 MiB, 2.91% gc time)
Rendering single_datetime on svgjs backend.
  0.016345 seconds (33.56 k allocations: 1.329 MiB)
Rendering single_datetime on svg backend.
  0.011329 seconds (16.39 k allocations: 810.953 KiB)
Rendering single_datetime on png backend.
  0.020608 seconds (15.81 k allocations: 796.422 KiB)
Rendering single_violin on pgf backend.
  2.457930 seconds (1.00 M allocations: 52.676 MiB, 1.82% gc time)
Rendering single_violin on svgjs backend.
  0.022202 seconds (58.02 k allocations: 2.077 MiB)
Rendering single_violin on svg backend.
  0.011053 seconds (26.06 k allocations: 1.118 MiB)
Rendering single_violin on png backend.
  0.019960 seconds (25.56 k allocations: 1.099 MiB)
Rendering smooth_lm on pgf backend.
  0.823067 seconds (402.29 k allocations: 21.487 MiB, 2.29% gc time)
Rendering smooth_lm on svgjs backend.
  0.046777 seconds (78.16 k allocations: 2.908 MiB, 37.64% gc time)
Rendering smooth_lm on svg backend.
  0.017734 seconds (45.06 k allocations: 1.916 MiB)
Rendering smooth_lm on png backend.
  0.063905 seconds (43.31 k allocations: 1.839 MiB)
Rendering spy on pgf backend.
  0.016712 seconds (49.45 k allocations: 2.230 MiB)
Rendering spy on svgjs backend.
  0.036590 seconds (81.79 k allocations: 2.849 MiB)
Rendering spy on svg backend.
  0.015094 seconds (36.04 k allocations: 1.490 MiB)
Rendering spy on png backend.
  0.023437 seconds (32.45 k allocations: 1.392 MiB)
Rendering stacked_continuous_histogram on pgf backend.
  0.141051 seconds (5.40 M allocations: 88.643 MiB, 29.41% gc time)
Rendering stacked_continuous_histogram on svgjs backend.
  0.160395 seconds (5.44 M allocations: 89.030 MiB, 17.03% gc time)
Rendering stacked_continuous_histogram on svg backend.
  0.132808 seconds (5.39 M allocations: 87.720 MiB, 20.08% gc time)
Rendering stacked_continuous_histogram on png backend.
  0.122474 seconds (5.38 M allocations: 87.311 MiB, 15.04% gc time)
Rendering stacked_discrete_histogram_horizontal on pgf backend.
  0.145686 seconds (5.41 M allocations: 88.814 MiB, 19.75% gc time)
Rendering stacked_discrete_histogram_horizontal on svgjs backend.
  0.163932 seconds (5.44 M allocations: 89.056 MiB, 19.05% gc time)
Rendering stacked_discrete_histogram_horizontal on svg backend.
  0.133961 seconds (5.39 M allocations: 87.735 MiB, 20.05% gc time)
Rendering stacked_discrete_histogram_horizontal on png backend.
  0.132336 seconds (5.38 M allocations: 87.325 MiB, 20.20% gc time)
Rendering stacked_discrete_histogram on pgf backend.
  0.123386 seconds (5.40 M allocations: 88.643 MiB, 21.20% gc time)
Rendering stacked_discrete_histogram on svgjs backend.
  0.162389 seconds (5.44 M allocations: 89.030 MiB, 16.34% gc time)
Rendering stacked_discrete_histogram on svg backend.
  0.133244 seconds (5.39 M allocations: 87.720 MiB, 20.21% gc time)
Rendering stacked_discrete_histogram on png backend.
  0.137249 seconds (5.38 M allocations: 87.311 MiB, 20.18% gc time)
Rendering stat_binmean on pgf backend.
  0.019774 seconds (132.23 k allocations: 6.722 MiB)
Rendering stat_binmean on svgjs backend.
  0.164682 seconds (334.10 k allocations: 12.023 MiB)
Rendering stat_binmean on svg backend.
  0.030132 seconds (104.61 k allocations: 4.859 MiB)
Rendering stat_binmean on png backend.
  0.084842 seconds (91.77 k allocations: 4.354 MiB)
Rendering static_label_layout on pgf backend.
  0.081800 seconds (74.69 k allocations: 4.217 MiB)
Rendering static_label_layout on svgjs backend.
  0.067839 seconds (203.58 k allocations: 7.136 MiB)
Rendering static_label_layout on svg backend.
  0.009583 seconds (41.39 k allocations: 2.277 MiB)
Rendering static_label_layout on png backend.
  0.074238 seconds (36.62 k allocations: 2.076 MiB)
Rendering stat_qq on pgf backend.
WARNING: quantile(d::UnivariateDistribution, X::AbstractArray) is deprecated, use quantile.(d, X) instead.
Stacktrace:
 [1] depwarn(::String, ::Symbol) at ./deprecated.jl:70
 [2] quantile(::Distributions.Normal{Float64}, ::Array{Float64,1}) at ./deprecated.jl:57
 [3] qqbuild(::Array{Float64,1}, ::Distributions.Normal{Float64}) at /home/vagrant/.julia/v0.6/Distributions/src/qq.jl:18
 [4] apply_statistic(::Gadfly.Stat.QQStatistic, ::Dict{Symbol,Gadfly.ScaleElement}, ::Gadfly.Coord.Cartesian, ::Gadfly.Aesthetics) at /home/vagrant/.julia/v0.6/Gadfly/src/statistics.jl:1488
 [5] apply_statistics(::Array{Gadfly.StatisticElement,1}, ::Dict{Symbol,Gadfly.ScaleElement}, ::Gadfly.Coord.Cartesian, ::Gadfly.Aesthetics) at /home/vagrant/.julia/v0.6/Gadfly/src/statistics.jl:40
 [6] render_prepare(::Gadfly.Plot) at /home/vagrant/.julia/v0.6/Gadfly/src/Gadfly.jl:701
 [7] render(::Gadfly.Plot) at /home/vagrant/.julia/v0.6/Gadfly/src/Gadfly.jl:760
 [8] collect_to!(::Array{Compose.Context,1}, ::Base.Generator{NTuple{8,Gadfly.Plot},Gadfly.##120#121}, ::Int64, ::Int64) at ./array.jl:508
 [9] collect(::Base.Generator{NTuple{8,Gadfly.Plot},Gadfly.##120#121}) at ./array.jl:476
 [10] vstack(::Gadfly.Plot, ::Gadfly.Plot, ::Gadfly.Plot, ::Gadfly.Plot, ::Vararg{Gadfly.Plot,N} where N) at /home/vagrant/.julia/v0.6/Gadfly/src/Gadfly.jl:908
 [11] include_from_node1(::String) at ./loading.jl:576
 [12] include(::String) at ./sysimg.jl:14
 [13] evalfile(::String, ::Array{String,1}) at ./loading.jl:610
 [14] macro expansion at /home/vagrant/.julia/v0.6/Gadfly/test/runtests.jl:71 [inlined]
 [15] anonymous at ./<missing>:?
 [16] include_from_node1(::String) at ./loading.jl:576
 [17] include(::String) at ./sysimg.jl:14
 [18] process_options(::Base.JLOptions) at ./client.jl:305
 [19] _start() at ./client.jl:371
while loading /home/vagrant/.julia/v0.6/Gadfly/test/testscripts/stat_qq.jl, in expression starting on line 36
WARNING: quantile(d::UnivariateDistribution, X::AbstractArray) is deprecated, use quantile.(d, X) instead.
Stacktrace:
 [1] depwarn(::String, ::Symbol) at ./deprecated.jl:70
 [2] quantile(::Distributions.Normal{Float64}, ::Array{Float64,1}) at ./deprecated.jl:57
 [3] qqbuild(::Distributions.Normal{Float64}, ::Array{Float64,1}) at /home/vagrant/.julia/v0.6/Distributions/src/qq.jl:25
 [4] apply_statistic(::Gadfly.Stat.QQStatistic, ::Dict{Symbol,Gadfly.ScaleElement}, ::Gadfly.Coord.Cartesian, ::Gadfly.Aesthetics) at /home/vagrant/.julia/v0.6/Gadfly/src/statistics.jl:1488
 [5] apply_statistics(::Array{Gadfly.StatisticElement,1}, ::Dict{Symbol,Gadfly.ScaleElement}, ::Gadfly.Coord.Cartesian, ::Gadfly.Aesthetics) at /home/vagrant/.julia/v0.6/Gadfly/src/statistics.jl:40
 [6] render_prepare(::Gadfly.Plot) at /home/vagrant/.julia/v0.6/Gadfly/src/Gadfly.jl:701
 [7] render(::Gadfly.Plot) at /home/vagrant/.julia/v0.6/Gadfly/src/Gadfly.jl:760
 [8] collect_to!(::Array{Compose.Context,1}, ::Base.Generator{NTuple{8,Gadfly.Plot},Gadfly.##120#121}, ::Int64, ::Int64) at ./array.jl:508
 [9] collect(::Base.Generator{NTuple{8,Gadfly.Plot},Gadfly.##120#121}) at ./array.jl:476
 [10] vstack(::Gadfly.Plot, ::Gadfly.Plot, ::Gadfly.Plot, ::Gadfly.Plot, ::Vararg{Gadfly.Plot,N} where N) at /home/vagrant/.julia/v0.6/Gadfly/src/Gadfly.jl:908
 [11] include_from_node1(::String) at ./loading.jl:576
 [12] include(::String) at ./sysimg.jl:14
 [13] evalfile(::String, ::Array{String,1}) at ./loading.jl:610
 [14] macro expansion at /home/vagrant/.julia/v0.6/Gadfly/test/runtests.jl:71 [inlined]
 [15] anonymous at ./<missing>:?
 [16] include_from_node1(::String) at ./loading.jl:576
 [17] include(::String) at ./sysimg.jl:14
 [18] process_options(::Base.JLOptions) at ./client.jl:305
 [19] _start() at ./client.jl:371
while loading /home/vagrant/.julia/v0.6/Gadfly/test/testscripts/stat_qq.jl, in expression starting on line 36
  0.061679 seconds (174.39 k allocations: 9.275 MiB, 38.54% gc time)
Rendering stat_qq on svgjs backend.
  0.254198 seconds (573.67 k allocations: 23.245 MiB, 9.69% gc time)
Rendering stat_qq on svg backend.
  0.038656 seconds (191.03 k allocations: 8.640 MiB)
Rendering stat_qq on png backend.
  0.212452 seconds (161.00 k allocations: 7.153 MiB)
Rendering step on pgf backend.
  1.092414 seconds (290.92 k allocations: 15.995 MiB, 1.98% gc time)
Rendering step on svgjs backend.
  0.055584 seconds (62.50 k allocations: 2.617 MiB)
Rendering step on svg backend.
  0.022643 seconds (25.29 k allocations: 1.460 MiB)
Rendering step on png backend.
  0.036797 seconds (24.28 k allocations: 1.423 MiB)
Rendering subplot_categorical_bar on pgf backend.
  0.773491 seconds (171.88 k allocations: 8.851 MiB)
Rendering subplot_categorical_bar on svgjs backend.
  0.141311 seconds (168.65 k allocations: 5.999 MiB, 14.66% gc time)
Rendering subplot_categorical_bar on svg backend.
  0.040786 seconds (61.65 k allocations: 2.891 MiB)
Rendering subplot_categorical_bar on png backend.
  0.060206 seconds (59.13 k allocations: 2.801 MiB)
Rendering subplot_grid_free_axis on pgf backend.
  2.498044 seconds (1.14 M allocations: 62.765 MiB, 2.74% gc time)
Rendering subplot_grid_free_axis on svgjs backend.
  0.178859 seconds (404.45 k allocations: 15.275 MiB, 11.28% gc time)
Rendering subplot_grid_free_axis on svg backend.
  0.076618 seconds (202.15 k allocations: 9.343 MiB)
Rendering subplot_grid_free_axis on png backend.
  0.195478 seconds (192.00 k allocations: 9.013 MiB, 11.07% gc time)
Rendering subplot_grid_free_y_1 on pgf backend.
  1.637023 seconds (1.57 M allocations: 77.942 MiB, 5.23% gc time)
Rendering subplot_grid_free_y_1 on svgjs backend.
  0.333211 seconds (1.02 M allocations: 37.900 MiB, 13.09% gc time)
Rendering subplot_grid_free_y_1 on svg backend.
  0.187409 seconds (869.96 k allocations: 33.587 MiB, 20.23% gc time)
Rendering subplot_grid_free_y_1 on png backend.
===============================[ ERROR: Gadfly ]================================

failed process: Process(`/home/vagrant/julia/bin/julia -Cx86-64 -J/home/vagrant/julia/lib/julia/sys.so --compile=yes --depwarn=yes --check-bounds=yes --code-coverage=none --color=no --compilecache=yes /home/vagrant/.julia/v0.6/Gadfly/test/runtests.jl`, ProcessSignaled(9)) [0]

================================================================================
INFO: Removing AbstractFFTs v0.2.1
INFO: Removing AxisArrays v0.2.1
INFO: Removing Cairo v0.5.0
INFO: Removing CatIndices v0.1.0
INFO: Removing CodecZlib v0.4.2
INFO: Removing ColorVectorSpace v0.5.2
INFO: Removing ComputationalResources v0.2.0
INFO: Removing CoordinateTransformations v0.4.1
INFO: Removing CustomUnitRanges v0.1.0
INFO: Removing FFTViews v0.1.0
INFO: Removing FFTW v0.0.4
INFO: Removing Fontconfig v0.1.1
INFO: Removing Graphics v0.2.0
INFO: Removing Gtk v0.13.1
INFO: Removing IdentityRanges v0.1.0
INFO: Removing ImageAxes v0.4.0
INFO: Removing ImageCore v0.5.0
INFO: Removing ImageFiltering v0.2.3
INFO: Removing ImageMetadata v0.4.0
INFO: Removing ImageMorphology v0.0.2
INFO: Removing ImageTransformations v0.4.1
INFO: Removing Images v0.12.0
INFO: Removing IndirectArrays v0.3.0
INFO: Removing IntervalSets v0.1.1
INFO: Removing MappedArrays v0.0.7
INFO: Removing OffsetArrays v0.5.0
INFO: Removing PaddedViews v0.3.0
INFO: Removing RData v0.2.0
INFO: Removing RDatasets v0.2.0
INFO: Removing RangeArrays v0.2.0
INFO: Removing Requires v0.4.3
INFO: Removing Rotations v0.6.1
INFO: Removing Rsvg v0.2.0
INFO: Removing SIUnits v0.1.0
INFO: Removing SimpleTraits v0.5.1
INFO: Removing TexExtensions v0.1.0
INFO: Removing TiledIteration v0.1.0
INFO: Removing TranscodingStreams v0.4.1
ERROR: Gadfly had test errors

>>> End of log
