>>> 'Pkg.add("GARCH")' log
INFO: Cloning cache of GARCH from git://github.com/AndreyKolev/GARCH.jl.git
INFO: Installing ArrayViews v0.6.2
INFO: Installing BinDeps v0.3.12
INFO: Installing Distributions v0.7.3
INFO: Installing GARCH v0.1.2
INFO: Installing MathProgBase v0.3.11
INFO: Installing NLopt v0.2.1
INFO: Installing PDMats v0.3.3
INFO: Installing SHA v0.0.4
INFO: Installing StatsBase v0.6.15
INFO: Installing URIParser v0.0.5
INFO: Building NLopt
INFO: Package database updated

>>> 'Pkg.test("GARCH")' log
INFO: Testing GARCH
ERROR: LoadError: `float` not defined on abstractly-typed arrays; please convert to a more specific type
 in float at float.jl:460
 in include at ./boot.jl:254
 in include_from_node1 at loading.jl:133
 in process_options at ./client.jl:304
 in _start at ./client.jl:404
while loading /home/vagrant/.julia/v0.4/GARCH/test/runtests.jl, in expression starting on line 5

================================[ ERROR: GARCH ]================================

failed process: Process(`/home/vagrant/julia/bin/julia --check-bounds=yes --code-coverage=none --color=no /home/vagrant/.julia/v0.4/GARCH/test/runtests.jl`, ProcessExited(1)) [1]

================================================================================
INFO: No packages to install, update or remove
ERROR: GARCH had test errors
 in error at ./error.jl:21
 in test at pkg/entry.jl:746
 in anonymous at pkg/dir.jl:31
 in cd at file.jl:22
 in cd at pkg/dir.jl:31
 in test at pkg.jl:71
 in process_options at ./client.jl:280
 in _start at ./client.jl:404


>>> End of log
