>>> 'Pkg.add("GARCH")' log
INFO: Cloning cache of GARCH from git://github.com/AndreyKolev/GARCH.jl.git
INFO: Installing ArrayViews v0.6.2
INFO: Installing Distributions v0.7.3
INFO: Installing GARCH v0.1.2
INFO: Installing MathProgBase v0.3.12
INFO: Installing NLopt v0.2.1
INFO: Installing PDMats v0.3.3
INFO: Installing StatsBase v0.6.15
INFO: Building NLopt
INFO: Attempting to Create directory /home/vagrant/.julia/v0.3/NLopt/deps/downloads
INFO: Directory /home/vagrant/.julia/v0.3/NLopt/deps/downloads already created
INFO: Downloading file http://ab-initio.mit.edu/nlopt/nlopt-2.4.tar.gz
INFO: Done downloading file http://ab-initio.mit.edu/nlopt/nlopt-2.4.tar.gz
INFO: Attempting to Create directory /home/vagrant/.julia/v0.3/NLopt/deps/src
INFO: Directory /home/vagrant/.julia/v0.3/NLopt/deps/src already created
INFO: Attempting to Create directory /home/vagrant/.julia/v0.3/NLopt/deps
INFO: Directory /home/vagrant/.julia/v0.3/NLopt/deps already created
================================[ ERROR: NLopt ]================================

File String["/home/vagrant/.julia/v0.3/NLopt/deps/src/nlopt-2.4"] was not created successfully (Tried to run SynchronousStepCollection({`tar xzf /home/vagrant/.julia/v0.3/NLopt/deps/downloads/nlopt-2.4.tar.gz --directory=/home/vagrant/.julia/v0.3/NLopt/deps/src`},"","") )
while loading /home/vagrant/.julia/v0.3/NLopt/deps/build.jl, in expression starting on line 54

================================================================================

================================[ BUILD ERRORS ]================================

WARNING: NLopt had build errors.

 - packages with build errors remain installed in /home/vagrant/.julia/v0.3
 - build the package(s) and all dependencies with `Pkg.build("NLopt")`
 - build a single package by running its `deps/build.jl` script

================================================================================
INFO: Package database updated

>>> 'Pkg.test("GARCH")' log
Julia Version 0.3.10
Commit c8ceeef* (2015-06-24 13:54 UTC)
Platform Info:
  System: Linux (x86_64-unknown-linux-gnu)
  CPU: Intel(R) Xeon(R) CPU E5-2650 0 @ 2.00GHz
  WORD_SIZE: 64
  BLAS: libopenblas (USE64BITINT DYNAMIC_ARCH NO_AFFINITY Nehalem)
  LAPACK: libopenblas
  LIBM: libopenlibm
  LLVM: libLLVM-3.3
INFO: Testing GARCH
ERROR: NLopt not properly installed. Please run Pkg.build("NLopt")
 in error at error.jl:21
 in include at ./boot.jl:245
 in include_from_node1 at ./loading.jl:128
 in reload_path at loading.jl:152
 in _require at loading.jl:67
 in require at loading.jl:54
 in include at ./boot.jl:245
 in include_from_node1 at ./loading.jl:128
 in reload_path at loading.jl:152
 in _require at loading.jl:67
 in require at loading.jl:51
 in include at ./boot.jl:245
 in include_from_node1 at loading.jl:128
 in process_options at ./client.jl:285
 in _start at ./client.jl:354
while loading /home/vagrant/.julia/v0.3/NLopt/src/NLopt.jl, in expression starting on line 16
while loading /home/vagrant/.julia/v0.3/GARCH/src/GARCH.jl, in expression starting on line 7
while loading /home/vagrant/.julia/v0.3/GARCH/test/runtests.jl, in expression starting on line 2

================================[ ERROR: GARCH ]================================

failed process: Process(`/home/vagrant/julia/bin/julia /home/vagrant/.julia/v0.3/GARCH/test/runtests.jl`, ProcessExited(1)) [1]

================================================================================
INFO: No packages to install, update or remove
ERROR: GARCH had test errors
 in error at error.jl:21
 in test at pkg/entry.jl:718
 in anonymous at pkg/dir.jl:28
 in cd at ./file.jl:20
 in cd at pkg/dir.jl:28
 in test at pkg.jl:67
 in process_options at ./client.jl:213
 in _start at ./client.jl:354


>>> End of log
