>>> 'Pkg.add("Gasp")' log
INFO: Cloning cache of Gasp from https://github.com/kpamnany/Gasp.jl.git
INFO: Installing Gasp v0.1.0
INFO: Building Gasp
make: mpicc: Command not found
make: *** [src/gasp.o] Error 127
================================[ ERROR: Gasp ]=================================

LoadError: failed process: Process(`make -C gasp`, ProcessExited(2)) [2]
while loading /home/vagrant/.julia/v0.6/Gasp/deps/build.jl, in expression starting on line 8

================================================================================

================================[ BUILD ERRORS ]================================

WARNING: Gasp had build errors.

 - packages with build errors remain installed in /home/vagrant/.julia/v0.6
 - build the package(s) and all dependencies with `Pkg.build("Gasp")`
 - build a single package by running its `deps/build.jl` script

================================================================================
INFO: Package database updated
INFO: METADATA is out-of-date — you may not have the latest version of Gasp
INFO: Use `Pkg.update()` to get the latest versions of your packages

>>> 'Pkg.test("Gasp")' log
Julia Version 0.6.0
Commit 9036443 (2017-06-19 13:05 UTC)
Platform Info:
  OS: Linux (x86_64-pc-linux-gnu)
  CPU: Intel(R) Xeon(R) CPU E3-1241 v3 @ 3.50GHz
  WORD_SIZE: 64
           Ubuntu 14.04.5 LTS
  uname: Linux 3.13.0-121-generic #170-Ubuntu SMP Wed Jun 14 09:04:33 UTC 2017 x86_64 x86_64
Memory: 2.9392738342285156 GB (1237.02734375 MB free)
Uptime: 62255.0 sec
Load Avg:  1.01318359375  0.99853515625  0.9599609375
Intel(R) Xeon(R) CPU E3-1241 v3 @ 3.50GHz: 
       speed         user         nice          sys         idle          irq
#1  3499 MHz    3890606 s         96 s     171223 s    1262463 s         54 s
#2  3499 MHz    1196710 s       6762 s     113087 s    4787539 s          0 s

  BLAS: libopenblas (USE64BITINT DYNAMIC_ARCH NO_AFFINITY Nehalem)
  LAPACK: libopenblas64_
  LIBM: libopenlibm
  LLVM: libLLVM-3.9.1 (ORCJIT, haswell)
Environment:
  TERM = vt100
  LD_LIBRARY_PATH = :/usr/local/lib/
  PATH = /usr/local/sbin:/usr/local/bin:/usr/sbin:/usr/bin:/sbin:/bin:/usr/games:/usr/local/games:/home/vagrant/julia/bin/
  JAVA_HOME = /usr/lib/jvm/java-8-openjdk-amd64
  HOME = /home/vagrant

Package Directory: /home/vagrant/.julia/v0.6
2 required packages:
 - Gasp                          0.1.0
 - JSON                          0.12.0
1 additional packages:
 - Compat                        0.26.0
INFO: Testing Gasp
ERROR: LoadError: error compiling __init__: could not load library "/home/vagrant/.julia/v0.6/Gasp/src/../deps/gasp/libgasp.so"
/home/vagrant/.julia/v0.6/Gasp/src/../deps/gasp/libgasp.so: cannot open shared object file: No such file or directory
Stacktrace:
 [1] include_from_node1(::String) at ./loading.jl:569
 [2] include(::String) at ./sysimg.jl:14
 [3] anonymous at ./<missing>:2
while loading /home/vagrant/.julia/v0.6/Gasp/src/Gasp.jl, in expression starting on line 31
ERROR: LoadError: Failed to precompile Gasp to /home/vagrant/.julia/lib/v0.6/Gasp.ji.
Stacktrace:
 [1] compilecache(::String) at ./loading.jl:703
 [2] _require(::Symbol) at ./loading.jl:490
 [3] require(::Symbol) at ./loading.jl:398
 [4] include_from_node1(::String) at ./loading.jl:569
 [5] include(::String) at ./sysimg.jl:14
 [6] process_options(::Base.JLOptions) at ./client.jl:305
 [7] _start() at ./client.jl:371
while loading /home/vagrant/.julia/v0.6/Gasp/test/runtests.jl, in expression starting on line 1
================================[ ERROR: Gasp ]=================================

failed process: Process(`/home/vagrant/julia/bin/julia -Cx86-64 -J/home/vagrant/julia/lib/julia/sys.so --compile=yes --depwarn=yes --check-bounds=yes --code-coverage=none --color=no --compilecache=yes /home/vagrant/.julia/v0.6/Gasp/test/runtests.jl`, ProcessExited(1)) [1]

================================================================================
ERROR: Gasp had test errors

>>> End of log
