>>> 'Pkg.add("GaussianMixtures")' log
[ Info: Cloning cache of Clustering from https://github.com/JuliaStats/Clustering.jl.git
[ Info: Cloning cache of GaussianMixtures from https://github.com/davidavdav/GaussianMixtures.jl.git
[ Info: Cloning cache of NearestNeighbors from https://github.com/KristofferC/NearestNeighbors.jl.git
[ Info: Cloning cache of ScikitLearnBase from https://github.com/cstjean/ScikitLearnBase.jl.git
[ Info: Installing BinDeps v0.8.5
[ Info: Installing Blosc v0.3.0
[ Info: Installing Calculus v0.2.2
[ Info: Installing Clustering v0.9.1
[ Info: Installing DataStructures v0.7.4
[ Info: Installing Distances v0.5.0
[ Info: Installing Distributions v0.15.0
[ Info: Installing FileIO v0.6.1
[ Info: Installing GaussianMixtures v0.1.0
[ Info: Installing HDF5 v0.8.8
[ Info: Installing JLD v0.8.3
[ Info: Installing LegacyStrings v0.3.0
[ Info: Installing NearestNeighbors v0.3.0
[ Info: Installing PDMats v0.8.0
[ Info: Installing QuadGK v0.2.0
[ Info: Installing Rmath v0.3.1
[ Info: Installing SHA v0.5.3
[ Info: Installing ScikitLearnBase v0.3.0
[ Info: Installing SortingAlgorithms v0.2.0
[ Info: Installing SpecialFunctions v0.3.8
[ Info: Installing StaticArrays v0.6.6
[ Info: Installing StatsBase v0.19.5
[ Info: Installing StatsFuns v0.5.0
[ Info: Installing URIParser v0.3.0
[ Info: Building Blosc
┌ Error: ------------------------------------------------------------
│ # Build failed for Blosc
│   exception =
│    LoadError: ArgumentError: Module BinDeps not found in current path.
│    Run `Pkg.add("BinDeps")` to install the BinDeps package.
│    Stacktrace:
│     [1] require(::Module, ::Symbol) at ./loading.jl:813
│     [2] include at ./boot.jl:292 [inlined]
│     [3] include_relative(::Module, ::String) at ./loading.jl:1011
│     [4] include at ./sysimg.jl:26 [inlined]
│     [5] include(::String) at ./loading.jl:1045
│     [6] top-level scope
│     [7] eval at ./boot.jl:295 [inlined]
│     [8] eval at ./sysimg.jl:71 [inlined]
│     [9] evalfile(::String, ::Array{String,1}) at ./loading.jl:1040 (repeats 2 times)
│     [10] #2 at ./none:12 [inlined]
│     [11] cd(::getfield(, Symbol("##2#5")){String}, ::String) at ./file.jl:70
│     [12] (::getfield(, Symbol("##1#3")))(::IOStream) at ./none:11
│     [13] open(::getfield(, Symbol("##1#3")), ::String, ::String) at ./iostream.jl:310
│     [14] top-level scope
│     [15] eval at ./boot.jl:295 [inlined]
│     [16] eval(::Module, ::Expr) at ./sysimg.jl:71
│     [17] process_options(::Base.JLOptions) at ./client.jl:301
│     [18] _start() at ./client.jl:375
│    in expression starting at /home/vagrant/.julia/v0.7/Blosc/deps/build.jl:1
└ @ Main none:15
[ Info: Building SpecialFunctions
┌ Error: ------------------------------------------------------------
│ # Build failed for SpecialFunctions
│   exception =
│    LoadError: ArgumentError: Module Compat not found in current path.
│    Run `Pkg.add("Compat")` to install the Compat package.
│    Stacktrace:
│     [1] require(::Module, ::Symbol) at ./loading.jl:813
│     [2] include at ./boot.jl:292 [inlined]
│     [3] include_relative(::Module, ::String) at ./loading.jl:1011
│     [4] include at ./sysimg.jl:26 [inlined]
│     [5] include(::String) at ./loading.jl:1045
│     [6] top-level scope
│     [7] eval at ./boot.jl:295 [inlined]
│     [8] eval at ./sysimg.jl:71 [inlined]
│     [9] evalfile(::String, ::Array{String,1}) at ./loading.jl:1040 (repeats 2 times)
│     [10] #2 at ./none:12 [inlined]
│     [11] cd(::getfield(, Symbol("##2#5")){String}, ::String) at ./file.jl:70
│     [12] (::getfield(, Symbol("##1#3")))(::IOStream) at ./none:11
│     [13] open(::getfield(, Symbol("##1#3")), ::String, ::String) at ./iostream.jl:310
│     [14] top-level scope
│     [15] eval at ./boot.jl:295 [inlined]
│     [16] eval(::Module, ::Expr) at ./sysimg.jl:71
│     [17] process_options(::Base.JLOptions) at ./client.jl:301
│     [18] _start() at ./client.jl:375
│    in expression starting at /home/vagrant/.julia/v0.7/SpecialFunctions/deps/build.jl:1
└ @ Main none:15
[ Info: Building Rmath
┌ Error: ------------------------------------------------------------
│ # Build failed for Rmath
│   exception =
│    LoadError: ArgumentError: Module BinDeps not found in current path.
│    Run `Pkg.add("BinDeps")` to install the BinDeps package.
│    Stacktrace:
│     [1] require(::Module, ::Symbol) at ./loading.jl:813
│     [2] include at ./boot.jl:292 [inlined]
│     [3] include_relative(::Module, ::String) at ./loading.jl:1011
│     [4] include at ./sysimg.jl:26 [inlined]
│     [5] include(::String) at ./loading.jl:1045
│     [6] top-level scope
│     [7] eval at ./boot.jl:295 [inlined]
│     [8] eval at ./sysimg.jl:71 [inlined]
│     [9] evalfile(::String, ::Array{String,1}) at ./loading.jl:1040 (repeats 2 times)
│     [10] #2 at ./none:12 [inlined]
│     [11] cd(::getfield(, Symbol("##2#5")){String}, ::String) at ./file.jl:70
│     [12] (::getfield(, Symbol("##1#3")))(::IOStream) at ./none:11
│     [13] open(::getfield(, Symbol("##1#3")), ::String, ::String) at ./iostream.jl:310
│     [14] top-level scope
│     [15] eval at ./boot.jl:295 [inlined]
│     [16] eval(::Module, ::Expr) at ./sysimg.jl:71
│     [17] process_options(::Base.JLOptions) at ./client.jl:301
│     [18] _start() at ./client.jl:375
│    in expression starting at /home/vagrant/.julia/v0.7/Rmath/deps/build.jl:6
└ @ Main none:15
[ Info: Building HDF5
┌ Error: ------------------------------------------------------------
│ # Build failed for HDF5
│   exception =
│    LoadError: ArgumentError: Module BinDeps not found in current path.
│    Run `Pkg.add("BinDeps")` to install the BinDeps package.
│    Stacktrace:
│     [1] require(::Module, ::Symbol) at ./loading.jl:813
│     [2] include at ./boot.jl:292 [inlined]
│     [3] include_relative(::Module, ::String) at ./loading.jl:1011
│     [4] include at ./sysimg.jl:26 [inlined]
│     [5] include(::String) at ./loading.jl:1045
│     [6] top-level scope
│     [7] eval at ./boot.jl:295 [inlined]
│     [8] eval at ./sysimg.jl:71 [inlined]
│     [9] evalfile(::String, ::Array{String,1}) at ./loading.jl:1040 (repeats 2 times)
│     [10] #2 at ./none:12 [inlined]
│     [11] cd(::getfield(, Symbol("##2#5")){String}, ::String) at ./file.jl:70
│     [12] (::getfield(, Symbol("##1#3")))(::IOStream) at ./none:11
│     [13] open(::getfield(, Symbol("##1#3")), ::String, ::String) at ./iostream.jl:310
│     [14] top-level scope
│     [15] eval at ./boot.jl:295 [inlined]
│     [16] eval(::Module, ::Expr) at ./sysimg.jl:71
│     [17] process_options(::Base.JLOptions) at ./client.jl:301
│     [18] _start() at ./client.jl:375
│    in expression starting at /home/vagrant/.julia/v0.7/HDF5/deps/build.jl:1
└ @ Main none:15
┌ Warning: ------------------------------------------------------------
│ # Build error summary
│ 
│ HDF5, SpecialFunctions, Rmath and Blosc had build errors.
│ 
│  - packages with build errors remain installed in /home/vagrant/.julia/v0.7
│  - build the package(s) and all dependencies with `Pkg.build("HDF5", "SpecialFunctions", "Rmath", "Blosc")`
│  - build a single package by running its `deps/build.jl` script
└ @ Base.Pkg.Entry entry.jl:648
[ Info: Package database updated

>>> 'Pkg.test("GaussianMixtures")' log
Julia Version 0.7.0-DEV.3487
Commit 808e828bcb (2018-01-20 20:33 UTC)
Platform Info:
  OS: Linux (x86_64-pc-linux-gnu)
      Ubuntu 14.04.5 LTS
  uname: Linux 3.13.0-135-generic #184-Ubuntu SMP Wed Oct 18 11:55:51 UTC 2017 x86_64 x86_64
  CPU: Intel(R) Xeon(R) CPU E3-1241 v3 @ 3.50GHz: 
              speed         user         nice          sys         idle          irq
       #1  3500 MHz      64495 s         86 s       5915 s      58921 s          2 s
       #2  3500 MHz      11377 s         63 s       2534 s     133156 s          0 s
       
  Memory: 2.93927001953125 GB (753.32421875 MB free)
  Uptime: 1496.0 sec
  Load Avg:  0.9296875  0.9345703125  0.658203125
  WORD_SIZE: 64
  LIBM: libopenlibm
  LLVM: libLLVM-3.9.1 (ORCJIT, haswell)
Environment:
  TERM = vt100
  LD_LIBRARY_PATH = :/usr/local/lib/
  PATH = /usr/local/sbin:/usr/local/bin:/usr/sbin:/usr/bin:/sbin:/bin:/usr/games:/usr/local/games:/home/vagrant/julia/bin/
  JAVA_HOME = /usr/lib/jvm/java-8-openjdk-amd64
  HOME = /home/vagrant
Packages:
  Package Directory: /home/vagrant/.julia/v0.7
  Package Status:
2 required packages:
 - GaussianMixtures              0.1.0
 - JSON                          0.16.4
25 additional packages:
 - BinDeps                       0.8.5
 - Blosc                         0.3.0
 - Calculus                      0.2.2
 - Clustering                    0.9.1
 - Compat                        0.48.0
 - DataStructures                0.7.4
 - Distances                     0.5.0
 - Distributions                 0.15.0
 - FileIO                        0.6.1
 - HDF5                          0.8.8
 - JLD                           0.8.3
 - LegacyStrings                 0.3.0
 - NearestNeighbors              0.3.0
 - Nullables                     0.0.3
 - PDMats                        0.8.0
 - QuadGK                        0.2.0
 - Rmath                         0.3.1
 - SHA                           0.5.3
 - ScikitLearnBase               0.3.0
 - SortingAlgorithms             0.2.0
 - SpecialFunctions              0.3.8
 - StaticArrays                  0.6.6
 - StatsBase                     0.19.5
 - StatsFuns                     0.5.0
 - URIParser                     0.3.0
[ Info: Testing GaussianMixtures
┌ Warning: Deprecated syntax `immutable` at /home/vagrant/.julia/v0.7/HDF5/src/HDF5.jl:238.
│ Use `struct` instead.
└ @ nothing HDF5.jl:238
┌ Warning: Deprecated syntax `type` at /home/vagrant/.julia/v0.7/HDF5/src/HDF5.jl:280.
│ Use `mutable struct` instead.
└ @ nothing HDF5.jl:280
┌ Warning: Deprecated syntax `type` at /home/vagrant/.julia/v0.7/HDF5/src/HDF5.jl:285.
│ Use `mutable struct` instead.
└ @ nothing HDF5.jl:285
┌ Warning: Deprecated syntax `type` at /home/vagrant/.julia/v0.7/HDF5/src/HDF5.jl:312.
│ Use `mutable struct` instead.
└ @ nothing HDF5.jl:312
┌ Warning: Deprecated syntax `type` at /home/vagrant/.julia/v0.7/HDF5/src/HDF5.jl:334.
│ Use `mutable struct` instead.
└ @ nothing HDF5.jl:334
┌ Warning: Deprecated syntax `type` at /home/vagrant/.julia/v0.7/HDF5/src/HDF5.jl:353.
│ Use `mutable struct` instead.
└ @ nothing HDF5.jl:353
┌ Warning: Deprecated syntax `type` at /home/vagrant/.julia/v0.7/HDF5/src/HDF5.jl:372.
│ Use `mutable struct` instead.
└ @ nothing HDF5.jl:372
┌ Warning: Deprecated syntax `type` at /home/vagrant/.julia/v0.7/HDF5/src/HDF5.jl:401.
│ Use `mutable struct` instead.
└ @ nothing HDF5.jl:401
┌ Warning: Deprecated syntax `type` at /home/vagrant/.julia/v0.7/HDF5/src/HDF5.jl:412.
│ Use `mutable struct` instead.
└ @ nothing HDF5.jl:412
┌ Warning: Deprecated syntax `type` at /home/vagrant/.julia/v0.7/HDF5/src/HDF5.jl:425.
│ Use `mutable struct` instead.
└ @ nothing HDF5.jl:425
┌ Warning: Deprecated syntax `type` at /home/vagrant/.julia/v0.7/HDF5/src/HDF5.jl:430.
│ Use `mutable struct` instead.
└ @ nothing HDF5.jl:430
┌ Warning: Deprecated syntax `immutable` at /home/vagrant/.julia/v0.7/HDF5/src/HDF5.jl:455.
│ Use `struct` instead.
└ @ nothing HDF5.jl:455
┌ Warning: Deprecated syntax `type` at /home/vagrant/.julia/v0.7/HDF5/src/HDF5.jl:462.
│ Use `mutable struct` instead.
└ @ nothing HDF5.jl:462
┌ Warning: Deprecated syntax `type` at /home/vagrant/.julia/v0.7/HDF5/src/HDF5.jl:468.
│ Use `mutable struct` instead.
└ @ nothing HDF5.jl:468
┌ Warning: Deprecated syntax `immutable` at /home/vagrant/.julia/v0.7/HDF5/src/HDF5.jl:471.
│ Use `struct` instead.
└ @ nothing HDF5.jl:471
┌ Warning: Deprecated syntax `type` at /home/vagrant/.julia/v0.7/HDF5/src/HDF5.jl:476.
│ Use `mutable struct` instead.
└ @ nothing HDF5.jl:476
┌ Warning: Deprecated syntax `immutable` at /home/vagrant/.julia/v0.7/HDF5/src/HDF5.jl:485.
│ Use `struct` instead.
└ @ nothing HDF5.jl:485
┌ Warning: Deprecated syntax `immutable` at /home/vagrant/.julia/v0.7/HDF5/src/HDF5.jl:501.
│ Use `struct` instead.
└ @ nothing HDF5.jl:501
┌ Warning: Deprecated syntax `immutable` at /home/vagrant/.julia/v0.7/HDF5/src/HDF5.jl:509.
│ Use `struct` instead.
└ @ nothing HDF5.jl:509
┌ Warning: Deprecated syntax `immutable` at /home/vagrant/.julia/v0.7/HDF5/src/HDF5.jl:513.
│ Use `struct` instead.
└ @ nothing HDF5.jl:513
┌ Warning: Deprecated syntax `immutable` at /home/vagrant/.julia/v0.7/HDF5/src/HDF5.jl:537.
│ Use `struct` instead.
└ @ nothing HDF5.jl:537
┌ Warning: Deprecated syntax `(row...)` at /home/vagrant/.julia/v0.7/HDF5/src/HDF5.jl:1428.
│ Use `(row...,)` instead.
└ @ nothing HDF5.jl:1428
┌ Warning: Deprecated syntax `(membername...)` at /home/vagrant/.julia/v0.7/HDF5/src/HDF5.jl:1471.
│ Use `(membername...,)` instead.
└ @ nothing HDF5.jl:1471
┌ Warning: Deprecated syntax `(membertype...)` at /home/vagrant/.julia/v0.7/HDF5/src/HDF5.jl:1472.
│ Use `(membertype...,)` instead.
└ @ nothing HDF5.jl:1472
ERROR: LoadError: HDF5 not properly installed. Please run Pkg.build("HDF5")
Stacktrace:
 [1] error(::String) at ./error.jl:33
 [2] top-level scope at /home/vagrant/.julia/v0.7/HDF5/src/HDF5.jl:36
 [3] include at ./boot.jl:292 [inlined]
 [4] include_relative(::Module, ::String) at ./loading.jl:1011
 [5] include(::Module, ::String) at ./sysimg.jl:26
 [6] top-level scope
 [7] eval at ./boot.jl:295 [inlined]
 [8] top-level scope at ./<missing>:3
in expression starting at /home/vagrant/.julia/v0.7/HDF5/src/HDF5.jl:36
ERROR: LoadError: Failed to precompile HDF5 to /home/vagrant/.julia/lib/v0.7/HDF5.ji.
Stacktrace:
 [1] error at ./error.jl:33 [inlined]
 [2] compilecache(::Base.PkgId) at ./loading.jl:1161
 [3] _require(::Base.PkgId) at ./loading.jl:919
 [4] require(::Module, ::Symbol) at ./loading.jl:819
 [5] include at ./boot.jl:292 [inlined]
 [6] include_relative(::Module, ::String) at ./loading.jl:1011
 [7] include(::Module, ::String) at ./sysimg.jl:26
 [8] top-level scope
 [9] eval at ./boot.jl:295 [inlined]
 [10] top-level scope at ./<missing>:3
in expression starting at /home/vagrant/.julia/v0.7/JLD/src/JLD.jl:4
ERROR: LoadError: Failed to precompile JLD to /home/vagrant/.julia/lib/v0.7/JLD.ji.
Stacktrace:
 [1] error at ./error.jl:33 [inlined]
 [2] compilecache(::Base.PkgId) at ./loading.jl:1161
 [3] _require(::Base.PkgId) at ./loading.jl:948
 [4] require(::Module, ::Symbol) at ./loading.jl:819
 [5] include at ./boot.jl:292 [inlined]
 [6] include_relative(::Module, ::String) at ./loading.jl:1011
 [7] include(::Module, ::String) at ./sysimg.jl:26
 [8] process_options(::Base.JLOptions) at ./client.jl:324
 [9] _start() at ./client.jl:375
in expression starting at /home/vagrant/.julia/v0.7/GaussianMixtures/test/runtests.jl:1
┌ Error: ------------------------------------------------------------
│ # Testing failed for GaussianMixtures
│   exception =
│    failed process: Process(`/home/vagrant/julia/bin/julia -Cnative -J/home/vagrant/julia/lib/julia/sys.so --compile=yes --depwarn=yes --code-coverage=none --color=no --compiled-modules=yes --check-bounds=yes --warn-overwrite=yes --startup-file=yes /home/vagrant/.julia/v0.7/GaussianMixtures/test/runtests.jl`, ProcessExited(1)) [1]
│    Stacktrace:
│     [1] error(::String, ::Base.Process, ::String, ::Int64, ::String) at ./error.jl:42
│     [2] pipeline_error(::Base.Process) at ./process.jl:694
│     [3] run(::Cmd) at ./process.jl:656
│     [4] (::getfield(Base.Pkg.Entry, Symbol("##91#94")){Bool,String,Array{AbstractString,1}})() at ./pkg/entry.jl:728
│     [5] cd(::getfield(Base.Pkg.Entry, Symbol("##91#94")){Bool,String,Array{AbstractString,1}}, ::String) at ./file.jl:70
│     [6] #test!#90(::Bool, ::Function, ::String, ::Array{AbstractString,1}, ::Array{AbstractString,1}, ::Array{AbstractString,1}) at ./pkg/entry.jl:716
│     [7] (::getfield(Base.Pkg.Entry, Symbol("#kw##test!")))(::NamedTuple{(:coverage,),Tuple{Bool}}, ::typeof(Base.Pkg.Entry.test!), ::String, ::Array{AbstractString,1}, ::Array{AbstractString,1}, ::Array{AbstractString,1}) at ./<missing>:0
│     [8] #test#98(::Bool, ::Function, ::Array{AbstractString,1}) at ./pkg/entry.jl:755
│     [9] (::getfield(Base.Pkg.Entry, Symbol("#kw##test")))(::NamedTuple{(:coverage,),Tuple{Bool}}, ::typeof(Base.Pkg.Entry.test), ::Array{AbstractString,1}) at ./<missing>:0
│     [10] (::getfield(Base.Pkg.Dir, Symbol("##4#7")){Base.Iterators.IndexValue{Symbol,Bool,Tuple{Symbol},NamedTuple{(:coverage,),Tuple{Bool}}},typeof(Base.Pkg.Entry.test),Tuple{Array{AbstractString,1}}})() at ./pkg/dir.jl:36
│     [11] cd(::getfield(Base.Pkg.Dir, Symbol("##4#7")){Base.Iterators.IndexValue{Symbol,Bool,Tuple{Symbol},NamedTuple{(:coverage,),Tuple{Bool}}},typeof(Base.Pkg.Entry.test),Tuple{Array{AbstractString,1}}}, ::String) at ./file.jl:70
│     [12] #cd#1(::Base.Iterators.IndexValue{Symbol,Bool,Tuple{Symbol},NamedTuple{(:coverage,),Tuple{Bool}}}, ::Function, ::Function, ::Array{AbstractString,1}, ::Vararg{Array{AbstractString,1},N} where N) at ./pkg/dir.jl:36
│     [13] (::getfield(Base.Pkg.Dir, Symbol("#kw##cd")))(::NamedTuple{(:coverage,),Tuple{Bool}}, ::typeof(Base.Pkg.Dir.cd), ::Function, ::Array{AbstractString,1}, ::Vararg{Array{AbstractString,1},N} where N) at ./<missing>:0
│     [14] #test#3(::Bool, ::Function, ::String, ::Vararg{String,N} where N) at ./pkg/pkg.jl:274
│     [15] test(::String, ::Vararg{String,N} where N) at ./pkg/pkg.jl:274
│     [16] top-level scope
│     [17] eval at ./boot.jl:295 [inlined]
│     [18] eval(::Module, ::Expr) at ./sysimg.jl:71
│     [19] process_options(::Base.JLOptions) at ./client.jl:301
│     [20] _start() at ./client.jl:375
└ @ Base.Pkg.Entry entry.jl:731
ERROR: GaussianMixtures had test errors

>>> End of log
