>>> 'Pkg.add("GaussianProcesses")' log
INFO: Cloning cache of GaussianProcesses from https://github.com/STOR-i/GaussianProcesses.jl.git
INFO: Installing ArrayViews v0.6.4
INFO: Installing Calculus v0.1.14
INFO: Installing Distances v0.2.1
INFO: Installing Docile v0.5.20
INFO: Installing DualNumbers v0.1.5
INFO: Installing GaussianProcesses v0.1.4
INFO: Installing NaNMath v0.1.1
INFO: Installing Optim v0.4.4
INFO: Installing PDMats v0.3.6
INFO: Package database updated

>>> 'Pkg.test("GaussianProcesses")' log
Julia Version 0.5.0-dev+1526
Commit b775873 (2015-11-30 04:16 UTC)
Platform Info:
  System: Linux (x86_64-unknown-linux-gnu)
  CPU: Intel(R) Xeon(R) CPU E3-1241 v3 @ 3.50GHz
  WORD_SIZE: 64
  BLAS: libopenblas (USE64BITINT DYNAMIC_ARCH NO_AFFINITY Nehalem)
  LAPACK: libopenblas64_
  LIBM: libopenlibm
  LLVM: libLLVM-3.3
INFO: Testing GaussianProcesses
Running test_GP.jl...
Running test_kernels.jl...
	Testing GaussianProcesses.SEIso...
	Testing GaussianProcesses.Mat12Iso...
	Testing GaussianProcesses.Mat32Iso...
	Testing GaussianProcesses.Mat52Iso...
	Testing GaussianProcesses.RQIso...
	Testing GaussianProcesses.Periodic...
	Testing GaussianProcesses.LinIso...
	Testing GaussianProcesses.Poly...
	Testing GaussianProcesses.Noise...
	Testing GaussianProcesses.SEArd...
	Testing GaussianProcesses.Mat12Ard...
	Testing GaussianProcesses.Mat32Ard...
	Testing GaussianProcesses.Mat52Ard...
	Testing GaussianProcesses.RQArd...
	Testing GaussianProcesses.LinArd...
	Testing GaussianProcesses.SumKernel...
	Testing GaussianProcesses.ProdKernel...
INFO: GaussianProcesses tests passed

>>> End of log
