>>> 'Pkg.add("Geodesy")' log
INFO: Cloning cache of Geodesy from https://github.com/JuliaGeo/Geodesy.jl.git
INFO: Installing CoordinateTransformations v0.4.1
INFO: Installing Geodesy v0.3.1
INFO: Installing Rotations v0.3.5
INFO: Installing StaticArrays v0.3.1
INFO: Package database updated
INFO: METADATA is out-of-date — you may not have the latest version of Geodesy
INFO: Use `Pkg.update()` to get the latest versions of your packages

>>> 'Pkg.test("Geodesy")' log
Julia Version 0.5.2
Commit f4c6c9d (2017-05-06 16:34 UTC)
Platform Info:
  OS: Linux (x86_64-pc-linux-gnu)
  CPU: Intel(R) Xeon(R) CPU E3-1241 v3 @ 3.50GHz
  WORD_SIZE: 64
           Ubuntu 14.04.5 LTS
  uname: Linux 3.13.0-128-generic #177-Ubuntu SMP Tue Aug 8 11:40:23 UTC 2017 x86_64 x86_64
Memory: 2.9392738342285156 GB (1311.65625 MB free)
Uptime: 43849.0 sec
Load Avg:  0.98388671875  0.998046875  1.03466796875
Intel(R) Xeon(R) CPU E3-1241 v3 @ 3.50GHz: 
       speed         user         nice          sys         idle          irq
#1  3499 MHz    2597535 s       1682 s     244104 s    1052959 s         98 s
#2  3499 MHz    1125466 s       4899 s     117555 s    2991838 s          2 s

  BLAS: libopenblas (USE64BITINT DYNAMIC_ARCH NO_AFFINITY Nehalem)
  LAPACK: libopenblas64_
  LIBM: libopenlibm
  LLVM: libLLVM-3.7.1 (ORCJIT, haswell)
Environment:
  TERM = vt100
  LD_LIBRARY_PATH = :/usr/local/lib/
  PATH = /usr/local/sbin:/usr/local/bin:/usr/sbin:/usr/bin:/sbin:/bin:/usr/games:/usr/local/games:/home/vagrant/julia/bin/
  JAVA_HOME = /usr/lib/jvm/java-8-openjdk-amd64
  HOME = /home/vagrant

Package Directory: /home/vagrant/.julia/v0.5
2 required packages:
 - Geodesy                       0.3.1
 - JSON                          0.13.0
4 additional packages:
 - Compat                        0.30.0
 - CoordinateTransformations     0.4.1
 - Rotations                     0.3.5
 - StaticArrays                  0.3.1
INFO: Testing Geodesy
Test Summary: |  Pass  Total
  Geodesy     | 30258  30258
INFO: Geodesy tests passed

>>> End of log
