>>> 'Pkg.add("GeoEfficiency")' log
WARNING: Base.Pkg is deprecated, run `using Pkg` instead
 in module Main
[ Info: Cloning cache of GeoEfficiency from https://github.com/DrKrar/GeoEfficiency.jl.git
[ Info: Installing DataStructures v0.7.4
[ Info: Installing GeoEfficiency v0.9.1
[ Info: Installing QuadGK v0.2.0
[ Info: Building GeoEfficiency
┌ Warning: `info()` is deprecated, use `@info` instead.
│   caller = top-level scope
└ @ Core :0
INFO: Creating 'GeoEfficiency' folder at '/home/vagrant'.....
[ Info: Package database updated

>>> 'Pkg.test("GeoEfficiency")' log
WARNING: Base.versioninfo is deprecated: it has been moved to the standard library package `InteractiveUtils`.
Add `using InteractiveUtils` to your imports.
 in module Main
WARNING: Base.versioninfo is deprecated: it has been moved to the standard library package `InteractiveUtils`.
Add `using InteractiveUtils` to your imports.
 in module Main
Julia Version 0.7.0-DEV.4062
Commit 9f8bdf459e (2018-02-22 20:17 UTC)
Platform Info:
  OS: Linux (x86_64-pc-linux-gnu)
      Ubuntu 14.04.5 LTS
  uname: Linux 3.13.0-135-generic #184-Ubuntu SMP Wed Oct 18 11:55:51 UTC 2017 x86_64 x86_64
  CPU: Intel(R) Xeon(R) CPU E3-1241 v3 @ 3.50GHz: 
              speed         user         nice          sys         idle          irq
       #1  3514 MHz     168445 s         51 s      12703 s      89152 s          2 s
       #2  3514 MHz      34768 s         90 s       5633 s     264414 s          0 s
       
  Memory: 2.93927001953125 GB (845.6953125 MB free)
  Uptime: 3114.0 sec
  Load Avg:  1.0029296875  0.9853515625  0.91552734375
  WORD_SIZE: 64
  LIBM: libopenlibm
  LLVM: libLLVM-3.9.1 (ORCJIT, haswell)
Environment:
  TERM = vt100
  LD_LIBRARY_PATH = :/usr/local/lib/
  PATH = /usr/local/sbin:/usr/local/bin:/usr/sbin:/usr/bin:/sbin:/bin:/usr/games:/usr/local/games:/home/vagrant/julia/bin/
  JAVA_HOME = /usr/lib/jvm/java-8-openjdk-amd64
  HOME = /home/vagrant
Packages:
  Package Directory: /home/vagrant/.julia/v0.7
  Package Status:
2 required packages:
 - GeoEfficiency                 0.9.1
 - JSON                          0.16.4
4 additional packages:
 - Compat                        0.54.0
 - DataStructures                0.7.4
 - Nullables                     0.0.3
 - QuadGK                        0.2.0
WARNING: Base.Pkg is deprecated, run `using Pkg` instead
 in module Main
[ Info: Computing test dependencies for GeoEfficiency...
[ Info: No packages to install, update or remove
[ Info: Testing GeoEfficiency
┌ Warning: `logging()` is deprecated, use `with_logger` instead to capture
│ messages from `Base`.
│   caller = ip:0x0
└ @ Core :-1
┌ Warning: Deprecated syntax `multiple line breaks between doc string and object` at /home/vagrant/.julia/v0.7/QuadGK/src/QuadGK.jl:234.
│ Use `at most one line break` instead.
└ @ nothing QuadGK.jl:234
WARNING: importing deprecated binding Base.now into GeoEfficiency.
WARNING: Base.now is deprecated: it has been moved to the standard library package `Dates`.
Add `using Dates` to your imports.
  likely near /home/vagrant/.julia/v0.7/GeoEfficiency/src/GeoEfficiency.jl:54
WARNING: Base.now is deprecated: it has been moved to the standard library package `Dates`.
Add `using Dates` to your imports.
  likely near /home/vagrant/.julia/v0.7/GeoEfficiency/src/GeoEfficiency.jl:54
WARNING: Base.now is deprecated: it has been moved to the standard library package `Dates`.
Add `using Dates` to your imports.
  likely near /home/vagrant/.julia/v0.7/GeoEfficiency/src/GeoEfficiency.jl:54
in about at /home/vagrant/.julia/v0.7/GeoEfficiency/src/Config.jl
ERROR: LoadError: UndefVarError: Date not defined
Stacktrace:
 [1] about() at /home/vagrant/.julia/v0.7/GeoEfficiency/src/Config.jl:5
 [2] top-level scope
 [3] include at ./boot.jl:295 [inlined]
 [4] include_relative(::Module, ::String) at ./loading.jl:1074
 [5] include(::Module, ::String) at ./sysimg.jl:29
 [6] top-level scope
 [7] eval at ./boot.jl:298 [inlined]
 [8] top-level scope at ./<missing>:3
in expression starting at /home/vagrant/.julia/v0.7/GeoEfficiency/src/GeoEfficiency.jl:54
ERROR: LoadError: Failed to precompile GeoEfficiency to /home/vagrant/.julia/lib/v0.7/GeoEfficiency.ji.
Stacktrace:
 [1] error at ./error.jl:33 [inlined]
 [2] compilecache(::Base.PkgId) at ./loading.jl:1212
 [3] _require(::Base.PkgId) at ./loading.jl:1010
 [4] require(::Base.PkgId) at ./loading.jl:881
 [5] require(::Module, ::Symbol) at ./loading.jl:876
 [6] include at ./boot.jl:295 [inlined]
 [7] include_relative(::Module, ::String) at ./loading.jl:1074
 [8] include(::Module, ::String) at ./sysimg.jl:29
 [9] exec_options(::Base.JLOptions) at ./client.jl:332
 [10] _start() at ./client.jl:448
in expression starting at /home/vagrant/.julia/v0.7/GeoEfficiency/test/runtests.jl:14
┌ Error: ------------------------------------------------------------
│ # Testing failed for GeoEfficiency
│   exception =
│    failed process: Process(`/home/vagrant/julia/bin/julia -Cnative -J/home/vagrant/julia/lib/julia/sys.so --compile=yes --depwarn=yes --code-coverage=none --color=no --compiled-modules=yes --check-bounds=yes --warn-overwrite=yes --startup-file=yes /home/vagrant/.julia/v0.7/GeoEfficiency/test/runtests.jl`, ProcessExited(1)) [1]
│    Stacktrace:
│     [1] error(::String, ::Base.Process, ::String, ::Int64, ::String) at ./error.jl:42
│     [2] pipeline_error(::Base.Process) at ./process.jl:693
│     [3] run(::Cmd) at ./process.jl:655
│     [4] (::getfield(Pkg.Entry, Symbol("##56#57")){Bool,String,Array{AbstractString,1}})() at /buildworker/worker/package_linux64/build/usr/share/julia/site/v0.7/Pkg/src/entry.jl:731
│     [5] cd(::getfield(Pkg.Entry, Symbol("##56#57")){Bool,String,Array{AbstractString,1}}, ::String) at ./file.jl:72
│     [6] #test!#55(::Bool, ::Function, ::String, ::Array{AbstractString,1}, ::Array{AbstractString,1}, ::Array{AbstractString,1}) at /buildworker/worker/package_linux64/build/usr/share/julia/site/v0.7/Pkg/src/entry.jl:719
│     [7] (::getfield(Pkg.Entry, Symbol("#kw##test!")))(::NamedTuple{(:coverage,),Tuple{Bool}}, ::typeof(Pkg.Entry.test!), ::String, ::Array{AbstractString,1}, ::Array{AbstractString,1}, ::Array{AbstractString,1}) at ./<missing>:0
│     [8] #test#59(::Bool, ::Function, ::Array{AbstractString,1}) at /buildworker/worker/package_linux64/build/usr/share/julia/site/v0.7/Pkg/src/entry.jl:758
│     [9] #test at ./<missing>:0 [inlined]
│     [10] #4 at /buildworker/worker/package_linux64/build/usr/share/julia/site/v0.7/Pkg/src/dir.jl:36 [inlined]
│     [11] cd(::getfield(Pkg.Dir, Symbol("##4#7")){Base.Iterators.Pairs{Symbol,Bool,Tuple{Symbol},NamedTuple{(:coverage,),Tuple{Bool}}},typeof(Pkg.Entry.test),Tuple{Array{AbstractString,1}}}, ::String) at ./file.jl:72
│     [12] #cd#1(::Base.Iterators.Pairs{Symbol,Bool,Tuple{Symbol},NamedTuple{(:coverage,),Tuple{Bool}}}, ::Function, ::Function, ::Array{AbstractString,1}, ::Vararg{Array{AbstractString,1},N} where N) at /buildworker/worker/package_linux64/build/usr/share/julia/site/v0.7/Pkg/src/dir.jl:36
│     [13] (::getfield(Pkg.Dir, Symbol("#kw##cd")))(::NamedTuple{(:coverage,),Tuple{Bool}}, ::typeof(Pkg.Dir.cd), ::Function, ::Array{AbstractString,1}, ::Vararg{Array{AbstractString,1},N} where N) at ./<missing>:0
│     [14] #test#3(::Bool, ::Function, ::String, ::Vararg{String,N} where N) at /buildworker/worker/package_linux64/build/usr/share/julia/site/v0.7/Pkg/src/Pkg.jl:277
│     [15] test(::String, ::Vararg{String,N} where N) at /buildworker/worker/package_linux64/build/usr/share/julia/site/v0.7/Pkg/src/Pkg.jl:277
│     [16] top-level scope
│     [17] eval at ./boot.jl:298 [inlined]
│     [18] eval(::Module, ::Expr) at ./sysimg.jl:74
│     [19] exec_options(::Base.JLOptions) at ./client.jl:309
│     [20] _start() at ./client.jl:448
└ @ Pkg.Entry entry.jl:734
[ Info: No packages to install, update or remove
ERROR: GeoEfficiency had test errors

>>> End of log
