>>> 'Pkg.add("GeoInterface")' log
INFO: Cloning cache of GeoInterface from git://github.com/JuliaGeo/GeoInterface.jl.git
INFO: Installing GeoInterface v0.0.1
INFO: Package database updated

>>> 'Pkg.test("GeoInterface")' log
Julia Version 0.3.12
Commit 80aa779 (2015-10-26 12:41 UTC)
Platform Info:
  System: Linux (x86_64-unknown-linux-gnu)
  CPU: Intel(R) Xeon(R) CPU E3-1241 v3 @ 3.50GHz
  WORD_SIZE: 64
           Ubuntu 14.04.5 LTS
  uname: Linux 3.13.0-95-generic #142-Ubuntu SMP Fri Aug 12 17:00:09 UTC 2016 x86_64 x86_64
Memory: 2.4471054077148438 GB (1971.48046875 MB free)
Uptime: 17375.0 sec
Load Avg:  0.912109375  0.984375  1.029296875
Intel(R) Xeon(R) CPU E3-1241 v3 @ 3.50GHz: 
       speed         user         nice          sys         idle          irq
#1  3498 MHz     729434 s       6758 s      90724 s     701236 s         38 s
#2  3498 MHz     480203 s        748 s      80727 s    1082935 s          1 s

  BLAS: libopenblas (USE64BITINT DYNAMIC_ARCH NO_AFFINITY Nehalem)
  LAPACK: libopenblas
  LIBM: libopenlibm
  LLVM: libLLVM-3.3
Environment:
  TERM = vt100
  LD_LIBRARY_PATH = :/usr/local/lib/
  PATH = /usr/local/sbin:/usr/local/bin:/usr/sbin:/usr/bin:/sbin:/bin:/usr/games:/usr/local/games:/home/vagrant/julia/bin/
  JAVA_HOME = /usr/lib/jvm/java-7-oracle
  HOME = /home/vagrant

Package Directory: /home/vagrant/.julia/v0.3
4 required packages:
 - GeoInterface                  0.0.1
 - HttpParser                    0.0.13
 - JSON                          0.6.1
 - Markdown                      0.3.0
8 additional packages:
 - BinDeps                       0.3.21
 - Compat                        0.8.8
 - Dates                         0.3.2
 - HttpCommon                    0.1.2
 - Lazy                          0.10.1
 - MacroTools                    0.2.0
 - SHA                           0.2.1
 - URIParser                     0.0.7
INFO: Testing GeoInterface
INFO: GeoInterface tests passed
INFO: No packages to install, update or remove

>>> End of log
