>>> 'Pkg.add("GeometricalPredicates")' log
INFO: Installing GeometricalPredicates v0.0.3
INFO: Package database updated

>>> 'using GeometricalPredicates' log
Julia Version 0.4.0-dev+1956
Commit 2bda001 (2014-12-05 08:30 UTC)
Platform Info:
  System: Linux (x86_64-unknown-linux-gnu)
  CPU: Intel(R) Xeon(R) CPU E5-2650 0 @ 2.00GHz
  WORD_SIZE: 64
  BLAS: libopenblas (USE64BITINT DYNAMIC_ARCH NO_AFFINITY Sandybridge)
  LAPACK: libopenblas
  LIBM: libopenlibm
  LLVM: libLLVM-3.3

>>> test log
WARNING: itrunc(x) is deprecated, use trunc(Integer,x) instead.
 in peanokey at /home/idunning/pkgtest/.julia/v0.4/GeometricalPredicates/src/GeometricalPredicates.jl:815
 in anonymous at test.jl:83
 in do_test at test.jl:47
 in include at ./boot.jl:242
 in include_from_node1 at loading.jl:128
 in process_options at ./client.jl:300
 in _start at ./client.jl:382
 in _start_3B_4076 at /home/idunning/julia04/usr/bin/../lib/julia/sys.so
WARNING: itrunc(x) is deprecated, use trunc(Integer,x) instead.
 in peanokey at /home/idunning/pkgtest/.julia/v0.4/GeometricalPredicates/src/GeometricalPredicates.jl:816
 in anonymous at test.jl:83
 in do_test at test.jl:47
 in include at ./boot.jl:242
 in include_from_node1 at loading.jl:128
 in process_options at ./client.jl:300
 in _start at ./client.jl:382
 in _start_3B_4076 at /home/idunning/julia04/usr/bin/../lib/julia/sys.so
WARNING: itrunc(x) is deprecated, use trunc(Integer,x) instead.
 in peanokey at /home/idunning/pkgtest/.julia/v0.4/GeometricalPredicates/src/GeometricalPredicates.jl:815
... truncated ...
 in peanokey at /home/idunning/pkgtest/.julia/v0.4/GeometricalPredicates/src/GeometricalPredicates.jl:898
 in anonymous at no file:464
 in include at ./boot.jl:242
 in include_from_node1 at loading.jl:128
 in process_options at ./client.jl:300
 in _start at ./client.jl:382
 in _start_3B_4076 at /home/idunning/julia04/usr/bin/../lib/julia/sys.so
WARNING: itrunc(x) is deprecated, use trunc(Integer,x) instead.
 in peanokey at /home/idunning/pkgtest/.julia/v0.4/GeometricalPredicates/src/GeometricalPredicates.jl:899
 in anonymous at no file:464
 in include at ./boot.jl:242
 in include_from_node1 at loading.jl:128
 in process_options at ./client.jl:300
 in _start at ./client.jl:382
 in _start_3B_4076 at /home/idunning/julia04/usr/bin/../lib/julia/sys.so
WARNING: itrunc(x) is deprecated, use trunc(Integer,x) instead.
 in peanokey at /home/idunning/pkgtest/.julia/v0.4/GeometricalPredicates/src/GeometricalPredicates.jl:900
 in anonymous at no file:464
 in include at ./boot.jl:242
 in include_from_node1 at loading.jl:128
 in process_options at ./client.jl:300
 in _start at ./client.jl:382
 in _start_3B_4076 at /home/idunning/julia04/usr/bin/../lib/julia/sys.so
WARNING: itrunc(x) is deprecated, use trunc(Integer,x) instead.
 in peanokey at /home/idunning/pkgtest/.julia/v0.4/GeometricalPredicates/src/GeometricalPredicates.jl:898
 in anonymous at no file:464
 in include at ./boot.jl:242
 in include_from_node1 at loading.jl:128
 in process_options at ./client.jl:300
 in _start at ./client.jl:382
 in _start_3B_4076 at /home/idunning/julia04/usr/bin/../lib/julia/sys.so
WARNING: itrunc(x) is deprecated, use trunc(Integer,x) instead.
 in peanokey at /home/idunning/pkgtest/.julia/v0.4/GeometricalPredicates/src/GeometricalPredicates.jl:899
 in anonymous at no file:464
 in include at ./boot.jl:242
 in include_from_node1 at loading.jl:128
 in process_options at ./client.jl:300
 in _start at ./client.jl:382
 in _start_3B_4076 at /home/idunning/julia04/usr/bin/../lib/julia/sys.so
WARNING: itrunc(x) is deprecated, use trunc(Integer,x) instead.
 in peanokey at /home/idunning/pkgtest/.julia/v0.4/GeometricalPredicates/src/GeometricalPredicates.jl:900
 in anonymous at no file:464
 in include at ./boot.jl:242
 in include_from_node1 at loading.jl:128
 in process_options at ./client.jl:300
 in _start at ./client.jl:382
 in _start_3B_4076 at /home/idunning/julia04/usr/bin/../lib/julia/sys.so
INFO: Testing GeometricalPredicates
INFO: GeometricalPredicates tests passed
INFO: No packages to install, update or remove

>>> end of log
