>>> 'Pkg.add("GeostatInversion")' log
INFO: Cloning cache of GeostatInversion from https://github.com/madsjulia/GeostatInversion.jl.git
INFO: Cloning cache of Grid from https://github.com/timholy/Grid.jl.git
INFO: Installing BinDeps v0.4.5
INFO: Installing Blosc v0.1.7
INFO: Installing FileIO v0.2.1
INFO: Installing GeostatInversion v0.1.1
INFO: Installing Grid v0.4.2
INFO: Installing HDF5 v0.7.2
INFO: Installing IterativeSolvers v0.2.2
INFO: Installing JLD v0.6.8
INFO: Installing LegacyStrings v0.1.1
INFO: Installing RobustPmap v0.1.12
INFO: Installing SHA v0.3.0
INFO: Installing URIParser v0.1.6
INFO: Installing WoodburyMatrices v0.2.1
INFO: Building Blosc
INFO: Building HDF5
INFO: Package database updated
INFO: METADATA is out-of-date — you may not have the latest version of GeostatInversion
INFO: Use `Pkg.update()` to get the latest versions of your packages

>>> 'Pkg.test("GeostatInversion")' log
Julia Version 0.5.0
Commit 3c9d753 (2016-09-19 18:14 UTC)
Platform Info:
  System: Linux (x86_64-pc-linux-gnu)
  CPU: Intel(R) Xeon(R) CPU E3-1241 v3 @ 3.50GHz
  WORD_SIZE: 64
           Ubuntu 14.04.5 LTS
  uname: Linux 3.13.0-105-generic #152-Ubuntu SMP Fri Dec 2 15:37:11 UTC 2016 x86_64 x86_64
Memory: 2.9392738342285156 GB (2185.5625 MB free)
Uptime: 29410.0 sec
Load Avg:  0.8857421875  0.9775390625  1.0400390625
Intel(R) Xeon(R) CPU E3-1241 v3 @ 3.50GHz: 
       speed         user         nice          sys         idle          irq
#1  3500 MHz    1690387 s       1400 s     179296 s     723091 s         62 s
#2  3500 MHz     448720 s       4166 s      88117 s    2321846 s          1 s

  BLAS: libopenblas (USE64BITINT DYNAMIC_ARCH NO_AFFINITY Nehalem)
  LAPACK: libopenblas64_
  LIBM: libopenlibm
  LLVM: libLLVM-3.7.1 (ORCJIT, haswell)
Environment:
  TERM = vt100
  LD_LIBRARY_PATH = :/usr/local/lib/
  PATH = /usr/local/sbin:/usr/local/bin:/usr/sbin:/usr/bin:/sbin:/bin:/usr/games:/usr/local/games:/home/vagrant/julia/bin/
  JAVA_HOME = /usr/lib/jvm/java-7-oracle
  HOME = /home/vagrant

Package Directory: /home/vagrant/.julia/v0.5
2 required packages:
 - GeostatInversion              0.1.1
 - JSON                          0.8.0
13 additional packages:
 - BinDeps                       0.4.5
 - Blosc                         0.1.7
 - Compat                        0.10.0
 - FileIO                        0.2.1
 - Grid                          0.4.2
 - HDF5                          0.7.2
 - IterativeSolvers              0.2.2
 - JLD                           0.6.8
 - LegacyStrings                 0.1.1
 - RobustPmap                    0.1.12
 - SHA                           0.3.0
 - URIParser                     0.1.6
 - WoodburyMatrices              0.2.1
INFO: Testing GeostatInversion
INFO: GeostatInversion tests passed

>>> End of log
