>>> 'Pkg.add("Gettext")' log
INFO: Cloning cache of Gettext from https://github.com/Julia-i18n/Gettext.jl.git
INFO: Installing BinDeps v0.4.5
INFO: Installing Conda v0.4.0
INFO: Installing Formatting v0.2.0
INFO: Installing Gettext v0.1.0
INFO: Installing MacroTools v0.3.2
INFO: Installing PyCall v1.7.2
INFO: Installing SHA v0.3.0
INFO: Installing URIParser v0.1.6
INFO: Building Conda
INFO: Building PyCall
INFO: No system-wide Python was found; got the following error:
could not spawn `'' -c "import distutils.sysconfig; print(distutils.sysconfig.get_config_var('VERSION'))"`: no such file or directory (ENOENT)
using the Python distribution in the Conda package
Fetching package metadata .........
Solving package specifications: ..........

# All requested packages already installed.
# packages in environment at /home/vagrant/.julia/v0.6/Conda/deps/usr:
#
numpy                     1.11.2                   py27_0  
INFO: PyCall is using /home/vagrant/.julia/v0.6/Conda/deps/usr/bin/python (Python 2.7.12) at /home/vagrant/.julia/v0.6/Conda/deps/usr/bin/python, libpython = /home/vagrant/.julia/v0.6/Conda/deps/usr/lib/libpython2.7
INFO: Package database updated
INFO: METADATA is out-of-date — you may not have the latest version of Gettext
INFO: Use `Pkg.update()` to get the latest versions of your packages

>>> 'Pkg.test("Gettext")' log
Julia Version 0.6.0-dev.1401
Commit d2c1c7d (2016-12-06 04:36 UTC)
Platform Info:
  OS: Linux (x86_64-pc-linux-gnu)
  CPU: Intel(R) Xeon(R) CPU E3-1241 v3 @ 3.50GHz
  WORD_SIZE: 64
           Ubuntu 14.04.5 LTS
  uname: Linux 3.13.0-105-generic #152-Ubuntu SMP Fri Dec 2 15:37:11 UTC 2016 x86_64 x86_64
Memory: 2.9392738342285156 GB (1887.71484375 MB free)
Uptime: 27764.0 sec
Load Avg:  1.03564453125  1.0146484375  1.02392578125
Intel(R) Xeon(R) CPU E3-1241 v3 @ 3.50GHz: 
       speed         user         nice          sys         idle          irq
#1  3499 MHz    1641040 s       6298 s     171854 s     682676 s         61 s
#2  3499 MHz     795613 s         42 s      98674 s    1786153 s          1 s

  BLAS: libopenblas (USE64BITINT DYNAMIC_ARCH NO_AFFINITY Nehalem)
  LAPACK: libopenblas64_
  LIBM: libopenlibm
  LLVM: libLLVM-3.7.1 (ORCJIT, haswell)
Environment:
  TERM = vt100
  LD_LIBRARY_PATH = :/usr/local/lib/
  PATH = /usr/local/sbin:/usr/local/bin:/usr/sbin:/usr/bin:/sbin:/bin:/usr/games:/usr/local/games:/home/vagrant/julia/bin/
  JAVA_HOME = /usr/lib/jvm/java-7-oracle
  HOME = /home/vagrant

Package Directory: /home/vagrant/.julia/v0.6
2 required packages:
 - Gettext                       0.1.0
 - JSON                          0.8.0
8 additional packages:
 - BinDeps                       0.4.5
 - Compat                        0.9.5
 - Conda                         0.4.0
 - Formatting                    0.2.0
 - MacroTools                    0.3.2
 - PyCall                        1.7.2
 - SHA                           0.3.0
 - URIParser                     0.1.6
INFO: Testing Gettext
INFO: Gettext tests passed

>>> End of log
