>>> 'Pkg.add("Git")' log
INFO: Cloning cache of Git from https://github.com/JuliaPackaging/Git.jl.git
INFO: Installing BinDeps v0.8.8
INFO: Installing Git v0.2.0
INFO: Installing SHA v0.5.7
INFO: Installing URIParser v0.3.1
INFO: Building Git
INFO: Using git version 1.9.1 found on path at `/usr/bin/git`
INFO: Package database updated
INFO: METADATA is out-of-date — you may not have the latest version of Git
INFO: Use `Pkg.update()` to get the latest versions of your packages

>>> 'Pkg.test("Git")' log
Julia Version 0.6.4
Commit 9d11f62bcb (2018-07-09 19:09 UTC)
Platform Info:
  OS: Linux (x86_64-pc-linux-gnu)
  CPU: Intel(R) Xeon(R) CPU E3-1241 v3 @ 3.50GHz
  WORD_SIZE: 64
           Ubuntu 14.04.5 LTS
  uname: Linux 3.13.0-143-generic #192-Ubuntu SMP Tue Feb 27 10:45:36 UTC 2018 x86_64 x86_64
Memory: 2.939197540283203 GB (1145.03125 MB free)
Uptime: 7517.0 sec
Load Avg:  0.9970703125  0.9853515625  0.95458984375
Intel(R) Xeon(R) CPU E3-1241 v3 @ 3.50GHz: 
       speed         user         nice          sys         idle          irq
#1  3502 MHz     446699 s         23 s      43554 s     157853 s          2 s
#2  3502 MHz      84845 s        153 s      19399 s     635141 s          0 s

  BLAS: libopenblas (USE64BITINT DYNAMIC_ARCH NO_AFFINITY Nehalem MAX_THREADS=16)
  LAPACK: libopenblas64_
  LIBM: libopenlibm
  LLVM: libLLVM-3.9.1 (ORCJIT, haswell)
Environment:
  TERM = vt100
  LD_LIBRARY_PATH = :/usr/local/lib/
  PATH = /usr/local/sbin:/usr/local/bin:/usr/sbin:/usr/bin:/sbin:/bin:/usr/games:/usr/local/games:/home/vagrant/julia/bin/
  JAVA_HOME = /usr/lib/jvm/java-8-openjdk-amd64
  HOME = /home/vagrant

Package Directory: /home/vagrant/.julia/v0.6
2 required packages:
 - Git                           0.2.0
 - JSON                          0.17.2
5 additional packages:
 - BinDeps                       0.8.8
 - Compat                        1.0.0
 - Nullables                     0.0.6
 - SHA                           0.5.7
 - URIParser                     0.3.1
INFO: Testing Git
INFO: Git tests passed

>>> End of log
