>>> 'Pkg.add("GitHub")' log
INFO: Cloning cache of GitHub from https://github.com/JuliaWeb/GitHub.jl.git
INFO: Installing BinDeps v0.4.5
INFO: Installing BufferedStreams v0.3.0
INFO: Installing Codecs v0.2.0
INFO: Installing Dates v0.4.4
INFO: Installing GitHub v2.1.1
INFO: Installing HttpCommon v0.2.6
INFO: Installing HttpParser v0.2.0
INFO: Installing HttpServer v0.1.7
INFO: Installing Libz v0.2.4
INFO: Installing MbedTLS v0.4.3
INFO: Installing Requests v0.4.1
INFO: Installing SHA v0.3.1
INFO: Installing URIParser v0.1.8
INFO: Building HttpParser
INFO: Building MbedTLS
Using system libraries...
INFO: Package database updated
INFO: METADATA is out-of-date — you may not have the latest version of GitHub
INFO: Use `Pkg.update()` to get the latest versions of your packages

>>> 'Pkg.test("GitHub")' log
Julia Version 0.5.0
Commit 3c9d753 (2016-09-19 18:14 UTC)
Platform Info:
  System: Linux (x86_64-pc-linux-gnu)
  CPU: Intel(R) Xeon(R) CPU E3-1241 v3 @ 3.50GHz
  WORD_SIZE: 64
           Ubuntu 14.04.5 LTS
  uname: Linux 3.13.0-108-generic #155-Ubuntu SMP Wed Jan 11 16:58:52 UTC 2017 x86_64 x86_64
Memory: 2.9392738342285156 GB (1879.94140625 MB free)
Uptime: 37477.0 sec
Load Avg:  1.0244140625  1.03369140625  1.04443359375
Intel(R) Xeon(R) CPU E3-1241 v3 @ 3.50GHz: 
       speed         user         nice          sys         idle          irq
#1  3499 MHz    2093232 s       6331 s     184052 s    1042654 s        230 s
#2  3499 MHz     888321 s         39 s     115220 s    2579627 s          8 s

  BLAS: libopenblas (USE64BITINT DYNAMIC_ARCH NO_AFFINITY Nehalem)
  LAPACK: libopenblas64_
  LIBM: libopenlibm
  LLVM: libLLVM-3.7.1 (ORCJIT, haswell)
Environment:
  TERM = vt100
  LD_LIBRARY_PATH = :/usr/local/lib/
  PATH = /usr/local/sbin:/usr/local/bin:/usr/sbin:/usr/bin:/sbin:/bin:/usr/games:/usr/local/games:/home/vagrant/julia/bin/
  JAVA_HOME = /usr/lib/jvm/java-7-oracle
  HOME = /home/vagrant

Package Directory: /home/vagrant/.julia/v0.5
2 required packages:
 - GitHub                        2.1.1
 - JSON                          0.8.3
13 additional packages:
 - BinDeps                       0.4.5
 - BufferedStreams               0.3.0
 - Codecs                        0.2.0
 - Compat                        0.19.0
 - Dates                         0.4.4
 - HttpCommon                    0.2.6
 - HttpParser                    0.2.0
 - HttpServer                    0.1.7
 - Libz                          0.2.4
 - MbedTLS                       0.4.3
 - Requests                      0.4.1
 - SHA                           0.3.1
 - URIParser                     0.1.8
INFO: Computing test dependencies for GitHub...
INFO: Installing Blosc v0.2.0
INFO: Installing FileIO v0.3.0
INFO: Installing HDF5 v0.7.3
INFO: Installing JLD v0.6.9
INFO: Installing LegacyStrings v0.2.0
INFO: Building Blosc
INFO: Building HDF5
INFO: Testing GitHub
INFO: GitHub tests passed
INFO: Removing Blosc v0.2.0
INFO: Removing FileIO v0.3.0
INFO: Removing HDF5 v0.7.3
INFO: Removing JLD v0.6.9
INFO: Removing LegacyStrings v0.2.0

>>> End of log
