>>> 'Pkg.add("GitLab")' log
INFO: Cloning cache of GitLab from https://github.com/JuliaComputing/GitLab.jl.git
INFO: Installing BinDeps v0.6.0
INFO: Installing BufferedStreams v0.3.3
INFO: Installing Codecs v0.4.0
INFO: Installing Dates v0.4.4
INFO: Installing GitLab v0.0.2
INFO: Installing HttpCommon v0.3.0
INFO: Installing HttpParser v0.3.0
INFO: Installing HttpServer v0.2.0
INFO: Installing Libz v0.2.4
INFO: Installing MbedTLS v0.4.5
INFO: Installing Requests v0.5.1
INFO: Installing SHA v0.3.3
INFO: Installing URIParser v0.2.0
INFO: Building HttpParser
INFO: Building MbedTLS
Using system libraries...
INFO: Package database updated

>>> 'Pkg.test("GitLab")' log
Julia Version 0.5.2
Commit f4c6c9d (2017-05-06 16:34 UTC)
Platform Info:
  OS: Linux (x86_64-pc-linux-gnu)
  CPU: Intel(R) Xeon(R) CPU E3-1241 v3 @ 3.50GHz
  WORD_SIZE: 64
           Ubuntu 14.04.5 LTS
  uname: Linux 3.13.0-135-generic #184-Ubuntu SMP Wed Oct 18 11:55:51 UTC 2017 x86_64 x86_64
Memory: 2.93927001953125 GB (1748.35546875 MB free)
Uptime: 50178.0 sec
Load Avg:  0.8408203125  0.36376953125  0.4658203125
Intel(R) Xeon(R) CPU E3-1241 v3 @ 3.50GHz: 
       speed         user         nice          sys         idle          irq
#1  3500 MHz    3087075 s       4527 s     274900 s    1070043 s        116 s
#2  3500 MHz    1048869 s       3307 s     128610 s    3705877 s          4 s

  BLAS: libopenblas (USE64BITINT DYNAMIC_ARCH NO_AFFINITY Nehalem)
  LAPACK: libopenblas64_
  LIBM: libopenlibm
  LLVM: libLLVM-3.7.1 (ORCJIT, haswell)
Environment:
  TERM = vt100
  LD_LIBRARY_PATH = :/usr/local/lib/
  PATH = /usr/local/sbin:/usr/local/bin:/usr/sbin:/usr/bin:/sbin:/bin:/usr/games:/usr/local/games:/home/vagrant/julia/bin/
  JAVA_HOME = /usr/lib/jvm/java-8-openjdk-amd64
  HOME = /home/vagrant

Package Directory: /home/vagrant/.julia/v0.5
2 required packages:
 - GitLab                        0.0.2
 - JSON                          0.14.0
13 additional packages:
 - BinDeps                       0.6.0
 - BufferedStreams               0.3.3
 - Codecs                        0.4.0
 - Compat                        0.37.0
 - Dates                         0.4.4
 - HttpCommon                    0.3.0
 - HttpParser                    0.3.0
 - HttpServer                    0.2.0
 - Libz                          0.2.4
 - MbedTLS                       0.4.5
 - Requests                      0.5.1
 - SHA                           0.3.3
 - URIParser                     0.2.0
INFO: Computing test dependencies for GitLab...
INFO: Installing Blosc v0.3.0
INFO: Installing FileIO v0.5.2
INFO: Installing HDF5 v0.8.8
INFO: Installing JLD v0.6.11
INFO: Installing LegacyStrings v0.3.0
INFO: Building Blosc
INFO: Building HDF5
INFO: Testing GitLab
WARNING: Method definition gh_get() in module GitLab at /home/vagrant/.julia/v0.5/GitLab/src/utils/requests.jl:31 overwritten at /home/vagrant/.julia/v0.5/GitLab/src/utils/requests.jl:32.
WARNING: Method definition gh_get(Any) in module GitLab at /home/vagrant/.julia/v0.5/GitLab/src/utils/requests.jl:31 overwritten at /home/vagrant/.julia/v0.5/GitLab/src/utils/requests.jl:32.
WARNING: Method definition #gh_get(Array{Any, 1}, GitLab.#gh_get) in module GitLab overwritten.
WARNING: Method definition #gh_get(Array{Any, 1}, GitLab.#gh_get, Any) in module GitLab overwritten.
ERROR: LoadError: LoadError: KeyError: key "GITLAB_AUTH" not found
 in access_env(::Base.##351#352, ::String) at ./env.jl:45
 in getindex(::Base.EnvHash, ::String) at ./env.jl:73
 in include_from_node1(::String) at ./loading.jl:488 (repeats 2 times)
 in process_options(::Base.JLOptions) at ./client.jl:265
 in _start() at ./client.jl:321
while loading /home/vagrant/.julia/v0.5/GitLab/test/read_only_api_tests.jl, in expression starting on line 13
while loading /home/vagrant/.julia/v0.5/GitLab/test/runtests.jl, in expression starting on line 3
===============================[ ERROR: GitLab ]================================

failed process: Process(`/home/vagrant/julia/bin/julia -Cx86-64 -J/home/vagrant/julia/lib/julia/sys.so --compile=yes --depwarn=yes --check-bounds=yes --code-coverage=none --color=no --compilecache=yes /home/vagrant/.julia/v0.5/GitLab/test/runtests.jl`, ProcessExited(1)) [1]

================================================================================
INFO: Removing Blosc v0.3.0
INFO: Removing FileIO v0.5.2
INFO: Removing HDF5 v0.8.8
INFO: Removing JLD v0.6.11
INFO: Removing LegacyStrings v0.3.0
ERROR: GitLab had test errors
 in #test#61(::Bool, ::Function, ::Array{AbstractString,1}) at ./pkg/entry.jl:748
 in (::Base.Pkg.Entry.#kw##test)(::Array{Any,1}, ::Base.Pkg.Entry.#test, ::Array{AbstractString,1}) at ./<missing>:0
 in (::Base.Pkg.Dir.##2#3{Array{Any,1},Base.Pkg.Entry.#test,Tuple{Array{AbstractString,1}}})() at ./pkg/dir.jl:31
 in cd(::Base.Pkg.Dir.##2#3{Array{Any,1},Base.Pkg.Entry.#test,Tuple{Array{AbstractString,1}}}, ::String) at ./file.jl:59
 in #cd#1(::Array{Any,1}, ::Function, ::Function, ::Array{AbstractString,1}, ::Vararg{Array{AbstractString,1},N}) at ./pkg/dir.jl:31
 in (::Base.Pkg.Dir.#kw##cd)(::Array{Any,1}, ::Base.Pkg.Dir.#cd, ::Function, ::Array{AbstractString,1}, ::Vararg{Array{AbstractString,1},N}) at ./<missing>:0
 in #test#3(::Bool, ::Function, ::String, ::Vararg{String,N}) at ./pkg/pkg.jl:258
 in test(::String, ::Vararg{String,N}) at ./pkg/pkg.jl:258
 in eval(::Module, ::Any) at ./boot.jl:234
 in process_options(::Base.JLOptions) at ./client.jl:242
 in _start() at ./client.jl:321

>>> End of log
