>>> 'Pkg.add("GLAbstraction")' log
INFO: Cloning cache of GLAbstraction from git://github.com/SimonDanisch/GLAbstraction.jl.git
INFO: Cloning cache of Images from git://github.com/timholy/Images.jl.git
INFO: Cloning cache of ModernGL from git://github.com/JuliaGL/ModernGL.jl.git
INFO: Cloning cache of Quaternions from git://github.com/forio/Quaternions.jl.git
INFO: Cloning cache of Reactive from git://github.com/JuliaLang/Reactive.jl.git
INFO: Cloning cache of SIUnits from git://github.com/Keno/SIUnits.jl.git
INFO: Cloning cache of TexExtensions from git://github.com/Keno/TexExtensions.jl.git
INFO: Installing BinDeps v0.3.6
INFO: Installing Calculus v0.1.5
INFO: Installing Color v0.3.10
INFO: Installing Compat v0.1.0
INFO: Installing DualNumbers v0.1.0
INFO: Installing FixedPointNumbers v0.0.4
INFO: Installing GLAbstraction v0.0.3
INFO: Installing Images v0.4.21
INFO: Installing ImmutableArrays v0.0.6
INFO: Installing ModernGL v0.0.3
INFO: Installing Mustache v0.0.6
INFO: Installing Quaternions v0.0.4
INFO: Installing Reactive v0.1.8
INFO: Installing SHA v0.0.3
INFO: Installing SIUnits v0.0.2
INFO: Installing TexExtensions v0.0.2
INFO: Installing URIParser v0.0.3
INFO: Installing Zlib v0.1.7
INFO: Building Images
INFO: Package database updated
INFO: METADATA is out-of-date a you may not have the latest version of GLAbstraction
INFO: Use `Pkg.update()` to get the latest versions of your packages

>>> 'using GLAbstraction' log
Julia Version 0.3.1
Commit c03f413* (2014-09-21 21:30 UTC)
Platform Info:
  System: Linux (x86_64-unknown-linux-gnu)
  CPU: Intel(R) Xeon(R) CPU E5-2650 0 @ 2.00GHz
  WORD_SIZE: 64
  BLAS: libopenblas (USE64BITINT DYNAMIC_ARCH NO_AFFINITY Sandybridge)
  LAPACK: libopenblas
  LIBM: libopenlibm
  LLVM: libLLVM-3.3

>>> test log
ERROR: GLFW not found
 in require at loading.jl:47
 in include at ./boot.jl:245
 in include_from_node1 at loading.jl:128
 in process_options at ./client.jl:285
 in _start at ./client.jl:354
 in _start_3B_1712 at /home/idunning/julia03/usr/bin/../lib/julia/sys.so
while loading /home/idunning/pkgtest/.julia/v0.3/GLAbstraction/test/runtests.jl, in expression starting on line 2

INFO: Testing GLAbstraction
============================[ ERROR: GLAbstraction ]============================

failed process: Process(`/home/idunning/julia03/usr/bin/julia /home/idunning/pkgtest/.julia/v0.3/GLAbstraction/test/runtests.jl`, ProcessExited(1)) [1]

================================================================================
INFO: No packages to install, update or remove
ERROR: GLAbstraction had test errors
 in error at error.jl:21
 in test at pkg/entry.jl:715
 in anonymous at pkg/dir.jl:28
 in cd at ./file.jl:20
 in cd at pkg/dir.jl:28
 in test at pkg.jl:67
 in process_options at ./client.jl:213
 in _start at ./client.jl:354
 in _start_3B_1712 at /home/idunning/julia03/usr/bin/../lib/julia/sys.so


>>> end of log
