>>> 'Pkg.add("GLBooks")' log
[ Info: Cloning cache of FreeType from https://github.com/JuliaGraphics/FreeType.jl.git
[ Info: Cloning cache of FreeTypeAbstraction from https://github.com/JuliaGraphics/FreeTypeAbstraction.jl.git
[ Info: Cloning cache of GLBooks from https://github.com/SimonDanisch/GLBooks.jl.git
[ Info: Cloning cache of GLVisualize from https://github.com/JuliaGL/GLVisualize.jl.git
[ Info: Cloning cache of GLWindow from https://github.com/JuliaGL/GLWindow.jl.git
[ Info: Cloning cache of MeshIO from https://github.com/JuliaIO/MeshIO.jl.git
[ Info: Cloning cache of Packing from https://github.com/JuliaGeometry/Packing.jl.git
[ Info: Cloning cache of SignedDistanceFields from https://github.com/JuliaGraphics/SignedDistanceFields.jl.git
[ Info: Cloning cache of UnicodeFun from https://github.com/SimonDanisch/UnicodeFun.jl.git
[ Info: Installing AbstractFFTs v0.2.1
[ Info: Installing AxisAlgorithms v0.2.0
[ Info: Installing AxisArrays v0.2.0
[ Info: Installing BinDeps v0.8.5
[ Info: Installing Calculus v0.2.2
[ Info: Installing CatIndices v0.1.0
[ Info: Installing ColorTypes v0.6.6
[ Info: Installing ColorVectorSpace v0.5.2
[ Info: Installing Colors v0.8.2
[ Info: Installing ComputationalResources v0.2.0
[ Info: Installing CoordinateTransformations v0.4.1
[ Info: Installing CustomUnitRanges v0.1.0
[ Info: Installing DataStructures v0.7.4
[ Info: Installing DualNumbers v0.3.0
[ Info: Installing FFTViews v0.1.0
[ Info: Installing FFTW v0.1.2
[ Info: Installing FileIO v0.6.1
[ Info: Installing FixedPointNumbers v0.4.3
[ Info: Installing FreeType v1.3.0
[ Info: Installing FreeTypeAbstraction v0.1.0
[ Info: Installing GLAbstraction v0.6.1
[ Info: Installing GLBooks v0.0.1
[ Info: Installing GLFW v1.5.0
[ Info: Installing GLVisualize v0.6.1
[ Info: Installing GLWindow v0.7.1
[ Info: Installing GeometryTypes v0.4.4
[ Info: Installing Graphics v0.2.0
[ Info: Installing IdentityRanges v0.1.0
[ Info: Installing ImageAxes v0.4.0
[ Info: Installing ImageCore v0.5.0
[ Info: Installing ImageFiltering v0.2.3
[ Info: Installing ImageMetadata v0.4.0
[ Info: Installing ImageMorphology v0.0.2
[ Info: Installing ImageTransformations v0.4.1
[ Info: Installing Images v0.12.0
[ Info: Installing IndirectArrays v0.3.0
[ Info: Installing Interpolations v0.7.3
[ Info: Installing IntervalSets v0.1.1
[ Info: Installing IterTools v0.2.1
[ Info: Installing MacroTools v0.4.0
[ Info: Installing MappedArrays v0.0.7
[ Info: Installing MeshIO v0.1.1
[ Info: Installing ModernGL v0.2.1
[ Info: Installing NaNMath v0.3.0
[ Info: Installing OffsetArrays v0.4.2
[ Info: Installing Packing v0.1.0
[ Info: Installing PaddedViews v0.2.0
[ Info: Installing Quaternions v0.3.0
[ Info: Installing RangeArrays v0.2.0
[ Info: Installing Ratios v0.2.0
[ Info: Installing Reactive v0.6.0
[ Info: Installing Reexport v0.1.0
[ Info: Installing Requires v0.4.3
[ Info: Installing Rotations v0.6.1
[ Info: Installing SHA v0.5.3
[ Info: Installing SIUnits v0.1.0
[ Info: Installing ShowItLikeYouBuildIt v0.2.0
[ Info: Installing SignedDistanceFields v0.2.0
[ Info: Installing SimpleTraits v0.5.1
[ Info: Installing SortingAlgorithms v0.2.0
[ Info: Installing SpecialFunctions v0.3.8
[ Info: Installing StaticArrays v0.6.6
[ Info: Installing StatsBase v0.19.5
[ Info: Installing TexExtensions v0.1.0
[ Info: Installing TiledIteration v0.1.0
[ Info: Installing URIParser v0.3.0
[ Info: Installing UnicodeFun v0.1.0
[ Info: Installing WoodburyMatrices v0.2.2
[ Info: Building SpecialFunctions
┌ Error: ------------------------------------------------------------
│ # Build failed for SpecialFunctions
│   exception =
│    LoadError: ArgumentError: Module Compat not found in current path.
│    Run `Pkg.add("Compat")` to install the Compat package.
│    Stacktrace:
│     [1] require(::Module, ::Symbol) at ./loading.jl:813
│     [2] include at ./boot.jl:292 [inlined]
│     [3] include_relative(::Module, ::String) at ./loading.jl:1011
│     [4] include at ./sysimg.jl:26 [inlined]
│     [5] include(::String) at ./loading.jl:1045
│     [6] top-level scope
│     [7] eval at ./boot.jl:295 [inlined]
│     [8] eval at ./sysimg.jl:71 [inlined]
│     [9] evalfile(::String, ::Array{String,1}) at ./loading.jl:1040 (repeats 2 times)
│     [10] #2 at ./none:12 [inlined]
│     [11] cd(::getfield(, Symbol("##2#5")){String}, ::String) at ./file.jl:70
│     [12] (::getfield(, Symbol("##1#3")))(::IOStream) at ./none:11
│     [13] open(::getfield(, Symbol("##1#3")), ::String, ::String) at ./iostream.jl:310
│     [14] top-level scope
│     [15] eval at ./boot.jl:295 [inlined]
│     [16] eval(::Module, ::Expr) at ./sysimg.jl:71
│     [17] process_options(::Base.JLOptions) at ./client.jl:301
│     [18] _start() at ./client.jl:375
│    in expression starting at /home/vagrant/.julia/v0.7/SpecialFunctions/deps/build.jl:1
└ @ Main none:15
[ Info: Building FFTW
┌ Error: ------------------------------------------------------------
│ # Build failed for FFTW
│   exception =
│    LoadError: LoadError: ArgumentError: Module BinDeps not found in current path.
│    Run `Pkg.add("BinDeps")` to install the BinDeps package.
│    Stacktrace:
│     [1] require(::Module, ::Symbol) at ./loading.jl:813
│     [2] include at ./boot.jl:292 [inlined]
│     [3] include_relative(::Module, ::String) at ./loading.jl:1011
│     [4] include at ./sysimg.jl:26 [inlined]
│     [5] include(::String) at ./loading.jl:1045
│     [6] top-level scope at /home/vagrant/.julia/v0.7/FFTW/deps/build.jl:34
│     [7] include at ./boot.jl:292 [inlined]
│     [8] include_relative(::Module, ::String) at ./loading.jl:1011
│     [9] include at ./sysimg.jl:26 [inlined]
│     [10] include(::String) at ./loading.jl:1045
│     [11] top-level scope
│     [12] eval at ./boot.jl:295 [inlined]
│     [13] eval at ./sysimg.jl:71 [inlined]
│     [14] evalfile(::String, ::Array{String,1}) at ./loading.jl:1040 (repeats 2 times)
│     [15] #2 at ./none:12 [inlined]
│     [16] cd(::getfield(, Symbol("##2#5")){String}, ::String) at ./file.jl:70
│     [17] (::getfield(, Symbol("##1#3")))(::IOStream) at ./none:11
│     [18] open(::getfield(, Symbol("##1#3")), ::String, ::String) at ./iostream.jl:310
│     [19] top-level scope
│     [20] eval at ./boot.jl:295 [inlined]
│     [21] eval(::Module, ::Expr) at ./sysimg.jl:71
│     [22] process_options(::Base.JLOptions) at ./client.jl:301
│     [23] _start() at ./client.jl:375
│    in expression starting at /home/vagrant/.julia/v0.7/FFTW/deps/build_fftw.jl:1
│    in expression starting at /home/vagrant/.julia/v0.7/FFTW/deps/build.jl:34
└ @ Main none:15
[ Info: Building FreeType
┌ Error: ------------------------------------------------------------
│ # Build failed for FreeType
│   exception =
│    LoadError: ArgumentError: Module Compat not found in current path.
│    Run `Pkg.add("Compat")` to install the Compat package.
│    Stacktrace:
│     [1] require(::Module, ::Symbol) at ./loading.jl:813
│     [2] include at ./boot.jl:292 [inlined]
│     [3] include_relative(::Module, ::String) at ./loading.jl:1011
│     [4] include at ./sysimg.jl:26 [inlined]
│     [5] include(::String) at ./loading.jl:1045
│     [6] top-level scope
│     [7] eval at ./boot.jl:295 [inlined]
│     [8] eval at ./sysimg.jl:71 [inlined]
│     [9] evalfile(::String, ::Array{String,1}) at ./loading.jl:1040 (repeats 2 times)
│     [10] #2 at ./none:12 [inlined]
│     [11] cd(::getfield(, Symbol("##2#5")){String}, ::String) at ./file.jl:70
│     [12] (::getfield(, Symbol("##1#3")))(::IOStream) at ./none:11
│     [13] open(::getfield(, Symbol("##1#3")), ::String, ::String) at ./iostream.jl:310
│     [14] top-level scope
│     [15] eval at ./boot.jl:295 [inlined]
│     [16] eval(::Module, ::Expr) at ./sysimg.jl:71
│     [17] process_options(::Base.JLOptions) at ./client.jl:301
│     [18] _start() at ./client.jl:375
│    in expression starting at /home/vagrant/.julia/v0.7/FreeType/deps/build.jl:1
└ @ Main none:15
[ Info: Building GLFW
┌ Error: ------------------------------------------------------------
│ # Build failed for GLFW
│   exception =
│    LoadError: ArgumentError: Module BinDeps not found in current path.
│    Run `Pkg.add("BinDeps")` to install the BinDeps package.
│    Stacktrace:
│     [1] require(::Module, ::Symbol) at ./loading.jl:813
│     [2] include at ./boot.jl:292 [inlined]
│     [3] include_relative(::Module, ::String) at ./loading.jl:1011
│     [4] include at ./sysimg.jl:26 [inlined]
│     [5] include(::String) at ./loading.jl:1045
│     [6] top-level scope
│     [7] eval at ./boot.jl:295 [inlined]
│     [8] eval at ./sysimg.jl:71 [inlined]
│     [9] evalfile(::String, ::Array{String,1}) at ./loading.jl:1040 (repeats 2 times)
│     [10] #2 at ./none:12 [inlined]
│     [11] cd(::getfield(, Symbol("##2#5")){String}, ::String) at ./file.jl:70
│     [12] (::getfield(, Symbol("##1#3")))(::IOStream) at ./none:11
│     [13] open(::getfield(, Symbol("##1#3")), ::String, ::String) at ./iostream.jl:310
│     [14] top-level scope
│     [15] eval at ./boot.jl:295 [inlined]
│     [16] eval(::Module, ::Expr) at ./sysimg.jl:71
│     [17] process_options(::Base.JLOptions) at ./client.jl:301
│     [18] _start() at ./client.jl:375
│    in expression starting at /home/vagrant/.julia/v0.7/GLFW/deps/build.jl:4
└ @ Main none:15
┌ Warning: ------------------------------------------------------------
│ # Build error summary
│ 
│ FreeType, GLFW, SpecialFunctions and FFTW had build errors.
│ 
│  - packages with build errors remain installed in /home/vagrant/.julia/v0.7
│  - build the package(s) and all dependencies with `Pkg.build("FreeType", "GLFW", "SpecialFunctions", "FFTW")`
│  - build a single package by running its `deps/build.jl` script
└ @ Base.Pkg.Entry entry.jl:648
[ Info: Package database updated

>>> 'Pkg.test("GLBooks")' log
Julia Version 0.7.0-DEV.3487
Commit 808e828bcb (2018-01-20 20:33 UTC)
Platform Info:
  OS: Linux (x86_64-pc-linux-gnu)
      Ubuntu 14.04.5 LTS
  uname: Linux 3.13.0-135-generic #184-Ubuntu SMP Wed Oct 18 11:55:51 UTC 2017 x86_64 x86_64
  CPU: Intel(R) Xeon(R) CPU E3-1241 v3 @ 3.50GHz: 
              speed         user         nice          sys         idle          irq
       #1  3500 MHz     308201 s         86 s      19854 s     106969 s          4 s
       #2  3500 MHz      49863 s         63 s       6488 s     467886 s          0 s
       
  Memory: 2.93927001953125 GB (798.03125 MB free)
  Uptime: 5325.0 sec
  Load Avg:  0.91943359375  0.9482421875  0.951171875
  WORD_SIZE: 64
  LIBM: libopenlibm
  LLVM: libLLVM-3.9.1 (ORCJIT, haswell)
Environment:
  TERM = vt100
  LD_LIBRARY_PATH = :/usr/local/lib/
  PATH = /usr/local/sbin:/usr/local/bin:/usr/sbin:/usr/bin:/sbin:/bin:/usr/games:/usr/local/games:/home/vagrant/julia/bin/
  JAVA_HOME = /usr/lib/jvm/java-8-openjdk-amd64
  HOME = /home/vagrant
Packages:
  Package Directory: /home/vagrant/.julia/v0.7
  Package Status:
2 required packages:
 - GLBooks                       0.0.1
 - JSON                          0.16.4
69 additional packages:
 - AbstractFFTs                  0.2.1
 - AxisAlgorithms                0.2.0
 - AxisArrays                    0.2.0
 - BinDeps                       0.8.5
 - Calculus                      0.2.2
 - CatIndices                    0.1.0
 - ColorTypes                    0.6.6
 - ColorVectorSpace              0.5.2
 - Colors                        0.8.2
 - Compat                        0.48.0
 - ComputationalResources        0.2.0
 - CoordinateTransformations     0.4.1
 - CustomUnitRanges              0.1.0
 - DataStructures                0.7.4
 - DualNumbers                   0.3.0
 - FFTViews                      0.1.0
 - FFTW                          0.1.2
 - FileIO                        0.6.1
 - FixedPointNumbers             0.4.3
 - FreeType                      1.3.0
 - FreeTypeAbstraction           0.1.0
 - GLAbstraction                 0.6.1
 - GLFW                          1.5.0
 - GLVisualize                   0.6.1
 - GLWindow                      0.7.1
 - GeometryTypes                 0.4.4
 - Graphics                      0.2.0
 - IdentityRanges                0.1.0
 - ImageAxes                     0.4.0
 - ImageCore                     0.5.0
 - ImageFiltering                0.2.3
 - ImageMetadata                 0.4.0
 - ImageMorphology               0.0.2
 - ImageTransformations          0.4.1
 - Images                        0.12.0
 - IndirectArrays                0.3.0
 - Interpolations                0.7.3
 - IntervalSets                  0.1.1
 - IterTools                     0.2.1
 - MacroTools                    0.4.0
 - MappedArrays                  0.0.7
 - MeshIO                        0.1.1
 - ModernGL                      0.2.1
 - NaNMath                       0.3.0
 - Nullables                     0.0.3
 - OffsetArrays                  0.4.2
 - Packing                       0.1.0
 - PaddedViews                   0.2.0
 - Quaternions                   0.3.0
 - RangeArrays                   0.2.0
 - Ratios                        0.2.0
 - Reactive                      0.6.0
 - Reexport                      0.1.0
 - Requires                      0.4.3
 - Rotations                     0.6.1
 - SHA                           0.5.3
 - SIUnits                       0.1.0
 - ShowItLikeYouBuildIt          0.2.0
 - SignedDistanceFields          0.2.0
 - SimpleTraits                  0.5.1
 - SortingAlgorithms             0.2.0
 - SpecialFunctions              0.3.8
 - StaticArrays                  0.6.6
 - StatsBase                     0.19.5
 - TexExtensions                 0.1.0
 - TiledIteration                0.1.0
 - URIParser                     0.3.0
 - UnicodeFun                    0.1.0
 - WoodburyMatrices              0.2.2
[ Info: Testing GLBooks
ERROR: LoadError: could not open file /home/vagrant/.julia/v0.7/GLFW/src/../deps/deps.jl
Stacktrace:
 [1] include at ./boot.jl:292 [inlined]
 [2] include_relative(::Module, ::String) at ./loading.jl:1011
 [3] include at ./sysimg.jl:26 [inlined]
 [4] include(::String) at /home/vagrant/.julia/v0.7/GLFW/src/GLFW.jl:3
 [5] top-level scope
 [6] include at ./boot.jl:292 [inlined]
 [7] include_relative(::Module, ::String) at ./loading.jl:1011
 [8] include(::Module, ::String) at ./sysimg.jl:26
 [9] top-level scope
 [10] eval at ./boot.jl:295 [inlined]
 [11] top-level scope at ./<missing>:3
in expression starting at /home/vagrant/.julia/v0.7/GLFW/src/GLFW.jl:5
ERROR: LoadError: Failed to precompile GLFW to /home/vagrant/.julia/lib/v0.7/GLFW.ji.
Stacktrace:
 [1] error at ./error.jl:33 [inlined]
 [2] compilecache(::Base.PkgId) at ./loading.jl:1161
 [3] _require(::Base.PkgId) at ./loading.jl:919
 [4] require(::Module, ::Symbol) at ./loading.jl:819
 [5] include at ./boot.jl:292 [inlined]
 [6] include_relative(::Module, ::String) at ./loading.jl:1011
 [7] include(::Module, ::String) at ./sysimg.jl:26
 [8] top-level scope
 [9] eval at ./boot.jl:295 [inlined]
 [10] top-level scope at ./<missing>:3
in expression starting at /home/vagrant/.julia/v0.7/GLVisualize/src/GLVisualize.jl:4
ERROR: LoadError: LoadError: Failed to precompile GLVisualize to /home/vagrant/.julia/lib/v0.7/GLVisualize.ji.
Stacktrace:
 [1] error at ./error.jl:33 [inlined]
 [2] compilecache(::Base.PkgId) at ./loading.jl:1161
 [3] _require(::Base.PkgId) at ./loading.jl:948
 [4] require(::Module, ::Symbol) at ./loading.jl:819
 [5] include at ./boot.jl:292 [inlined]
 [6] include_relative(::Module, ::String) at ./loading.jl:1011
 [7] _require(::Base.PkgId) at ./loading.jl:938
 [8] require(::Module, ::Symbol) at ./loading.jl:819
 [9] include at ./boot.jl:292 [inlined]
 [10] include_relative(::Module, ::String) at ./loading.jl:1011
 [11] include(::Module, ::String) at ./sysimg.jl:26
 [12] process_options(::Base.JLOptions) at ./client.jl:324
 [13] _start() at ./client.jl:375
in expression starting at /home/vagrant/.julia/v0.7/GLBooks/src/GLBooks.jl:6
in expression starting at /home/vagrant/.julia/v0.7/GLBooks/test/runtests.jl:1
┌ Error: ------------------------------------------------------------
│ # Testing failed for GLBooks
│   exception =
│    failed process: Process(`/home/vagrant/julia/bin/julia -Cnative -J/home/vagrant/julia/lib/julia/sys.so --compile=yes --depwarn=yes --code-coverage=none --color=no --compiled-modules=yes --check-bounds=yes --warn-overwrite=yes --startup-file=yes /home/vagrant/.julia/v0.7/GLBooks/test/runtests.jl`, ProcessExited(1)) [1]
│    Stacktrace:
│     [1] error(::String, ::Base.Process, ::String, ::Int64, ::String) at ./error.jl:42
│     [2] pipeline_error(::Base.Process) at ./process.jl:694
│     [3] run(::Cmd) at ./process.jl:656
│     [4] (::getfield(Base.Pkg.Entry, Symbol("##91#94")){Bool,String,Array{AbstractString,1}})() at ./pkg/entry.jl:728
│     [5] cd(::getfield(Base.Pkg.Entry, Symbol("##91#94")){Bool,String,Array{AbstractString,1}}, ::String) at ./file.jl:70
│     [6] #test!#90(::Bool, ::Function, ::String, ::Array{AbstractString,1}, ::Array{AbstractString,1}, ::Array{AbstractString,1}) at ./pkg/entry.jl:716
│     [7] (::getfield(Base.Pkg.Entry, Symbol("#kw##test!")))(::NamedTuple{(:coverage,),Tuple{Bool}}, ::typeof(Base.Pkg.Entry.test!), ::String, ::Array{AbstractString,1}, ::Array{AbstractString,1}, ::Array{AbstractString,1}) at ./<missing>:0
│     [8] #test#98(::Bool, ::Function, ::Array{AbstractString,1}) at ./pkg/entry.jl:755
│     [9] (::getfield(Base.Pkg.Entry, Symbol("#kw##test")))(::NamedTuple{(:coverage,),Tuple{Bool}}, ::typeof(Base.Pkg.Entry.test), ::Array{AbstractString,1}) at ./<missing>:0
│     [10] (::getfield(Base.Pkg.Dir, Symbol("##4#7")){Base.Iterators.IndexValue{Symbol,Bool,Tuple{Symbol},NamedTuple{(:coverage,),Tuple{Bool}}},typeof(Base.Pkg.Entry.test),Tuple{Array{AbstractString,1}}})() at ./pkg/dir.jl:36
│     [11] cd(::getfield(Base.Pkg.Dir, Symbol("##4#7")){Base.Iterators.IndexValue{Symbol,Bool,Tuple{Symbol},NamedTuple{(:coverage,),Tuple{Bool}}},typeof(Base.Pkg.Entry.test),Tuple{Array{AbstractString,1}}}, ::String) at ./file.jl:70
│     [12] #cd#1(::Base.Iterators.IndexValue{Symbol,Bool,Tuple{Symbol},NamedTuple{(:coverage,),Tuple{Bool}}}, ::Function, ::Function, ::Array{AbstractString,1}, ::Vararg{Array{AbstractString,1},N} where N) at ./pkg/dir.jl:36
│     [13] (::getfield(Base.Pkg.Dir, Symbol("#kw##cd")))(::NamedTuple{(:coverage,),Tuple{Bool}}, ::typeof(Base.Pkg.Dir.cd), ::Function, ::Array{AbstractString,1}, ::Vararg{Array{AbstractString,1},N} where N) at ./<missing>:0
│     [14] #test#3(::Bool, ::Function, ::String, ::Vararg{String,N} where N) at ./pkg/pkg.jl:274
│     [15] test(::String, ::Vararg{String,N} where N) at ./pkg/pkg.jl:274
│     [16] top-level scope
│     [17] eval at ./boot.jl:295 [inlined]
│     [18] eval(::Module, ::Expr) at ./sysimg.jl:71
│     [19] process_options(::Base.JLOptions) at ./client.jl:301
│     [20] _start() at ./client.jl:375
└ @ Base.Pkg.Entry entry.jl:731
ERROR: GLBooks had test errors

>>> End of log
