This package can't be automatically tested - see package's README.
INFO: Cloning cache of GLFW from git://github.com/jayschwa/GLFW.jl.git
INFO: Installing GLFW v1.0.0-alpha.1
INFO: Building GLFW
INFO: Downloading GLFW 3.0.4 source tarball
  % Total    % Received % Xferd  Average Speed   Time    Time     Time  Current
                                 Dload  Upload   Total   Spent    Left  Speed
  0     0    0     0    0     0      0      0 --:--:-- --:--:-- --:--:--     0  0     0    0     0    0     0      0      0 --:--:-- --:--:-- --:--:--     0100   116  100   116    0     0    540      0 --:--:-- --:--:-- --:--:--   539
  0     0    0  320k    0     0   344k      0 --:--:-- --:--:-- --:--:--  344k
-- The C compiler identification is GNU 4.9.0
-- Check for working C compiler: /usr/bin/cc
-- Check for working C compiler: /usr/bin/cc -- works
-- Detecting C compiler ABI info
-- Detecting C compiler ABI info - done
-- Looking for XOpenDisplay in /usr/lib64/libX11.so;/usr/lib64/libXext.so
-- Looking for XOpenDisplay in /usr/lib64/libX11.so;/usr/lib64/libXext.so - found
-- Looking for gethostbyname
-- Looking for gethostbyname - found
-- Looking for connect
-- Looking for connect - found
-- Looking for remove
..truncated..
[ 27%] Building C object src/CMakeFiles/glfw.dir/input.c.o
[ 33%] Building C object src/CMakeFiles/glfw.dir/joystick.c.o
[ 38%] Building C object src/CMakeFiles/glfw.dir/monitor.c.o
[ 44%] Building C object src/CMakeFiles/glfw.dir/time.c.o
[ 50%] Building C object src/CMakeFiles/glfw.dir/window.c.o
[ 55%] Building C object src/CMakeFiles/glfw.dir/x11_clipboard.c.o
[ 61%] Building C object src/CMakeFiles/glfw.dir/x11_gamma.c.o
[ 66%] Building C object src/CMakeFiles/glfw.dir/x11_init.c.o
[ 72%] Building C object src/CMakeFiles/glfw.dir/x11_joystick.c.o
[ 77%] Building C object src/CMakeFiles/glfw.dir/x11_monitor.c.o
[ 83%] Building C object src/CMakeFiles/glfw.dir/x11_time.c.o
[ 88%] Building C object src/CMakeFiles/glfw.dir/x11_window.c.o
[ 94%] Building C object src/CMakeFiles/glfw.dir/x11_unicode.c.o
[100%] Building C object src/CMakeFiles/glfw.dir/glx_context.c.o
Linking C shared library libglfw.so
[100%] Built target glfw
Install the project...
-- Install configuration: ""
-- Installing: /home/idunning/pkgtest/.julia/v0.2/GLFW/deps/usr/include/GLFW
-- Installing: /home/idunning/pkgtest/.julia/v0.2/GLFW/deps/usr/include/GLFW/glfw3native.h
-- Installing: /home/idunning/pkgtest/.julia/v0.2/GLFW/deps/usr/include/GLFW/glfw3.h
-- Installing: /home/idunning/pkgtest/.julia/v0.2/GLFW/deps/usr/lib/cmake/glfw/glfwConfig.cmake
-- Installing: /home/idunning/pkgtest/.julia/v0.2/GLFW/deps/usr/lib/cmake/glfw/glfwConfigVersion.cmake
-- Installing: /home/idunning/pkgtest/.julia/v0.2/GLFW/deps/usr/lib/cmake/glfw/glfwTargets.cmake
-- Installing: /home/idunning/pkgtest/.julia/v0.2/GLFW/deps/usr/lib/cmake/glfw/glfwTargets-noconfig.cmake
-- Installing: /home/idunning/pkgtest/.julia/v0.2/GLFW/deps/usr/lib/pkgconfig/glfw3.pc
-- Installing: /home/idunning/pkgtest/.julia/v0.2/GLFW/deps/usr/lib/libglfw.so.3.0
-- Installing: /home/idunning/pkgtest/.julia/v0.2/GLFW/deps/usr/lib/libglfw.so.3
-- Installing: /home/idunning/pkgtest/.julia/v0.2/GLFW/deps/usr/lib/libglfw.so
INFO: REQUIRE updated.
INFO: REQUIRE updated.
