>>> 'Pkg.add("GLM")' log
INFO: Installing Distributions v0.8.0
INFO: Installing GLM v0.4.6
INFO: Installing NumericFuns v0.2.3
INFO: Installing PDMats v0.3.4
INFO: Package database updated
INFO: METADATA is out-of-date — you may not have the latest version of GLM
INFO: Use `Pkg.update()` to get the latest versions of your packages

>>> 'Pkg.test("GLM")' log
Julia Version 0.3.10
Commit c8ceeef* (2015-06-24 13:54 UTC)
Platform Info:
  System: Linux (x86_64-unknown-linux-gnu)
  CPU: Intel(R) Core(TM) i7-4960HQ CPU @ 2.60GHz
  WORD_SIZE: 64
  BLAS: libopenblas (USE64BITINT DYNAMIC_ARCH NO_AFFINITY Nehalem)
  LAPACK: libopenblas
  LIBM: libopenlibm
  LLVM: libLLVM-3.3
INFO: Computing test dependencies for GLM...
INFO: No packages to install, update or remove
INFO: Testing GLM
WARNING: array(da::DataArray{T}) is deprecated.
Use convert(Array, da).
 in array at /home/vagrant/.julia/v0.3/DataArrays/src/deprecated.jl:22
 in include at ./boot.jl:245
 in include_from_node1 at loading.jl:128
 in process_options at ./client.jl:285
 in _start at ./client.jl:354
WARNING: array(da::DataArray{T}) is deprecated.
Use convert(Array, da).
 in array at /home/vagrant/.julia/v0.3/DataArrays/src/deprecated.jl:22
 in include at ./boot.jl:245
 in include_from_node1 at loading.jl:128
 in process_options at ./client.jl:285
 in _start at ./client.jl:354
INFO: GLM tests passed
INFO: No packages to install, update or remove

>>> End of log
