>>> 'Pkg.add("GLM")' log
INFO: Installing Distributions v0.7.4
INFO: Installing GLM v0.4.6
INFO: Installing NumericFuns v0.2.3
INFO: Installing PDMats v0.3.3
INFO: Package database updated

>>> 'Pkg.test("GLM")' log
Julia Version 0.4.0-dev+5846
Commit 0503f2a (2015-07-08 02:04 UTC)
Platform Info:
  System: Linux (x86_64-unknown-linux-gnu)
  CPU: Intel(R) Xeon(R) CPU E5-2650 0 @ 2.00GHz
  WORD_SIZE: 64
  BLAS: libopenblas (USE64BITINT DYNAMIC_ARCH NO_AFFINITY Nehalem)
  LAPACK: libopenblas
  LIBM: libopenlibm
  LLVM: libLLVM-3.3
INFO: Computing test dependencies for GLM...
INFO: No packages to install, update or remove
INFO: Testing GLM

WARNING: deprecated syntax "* (" at /home/vagrant/.julia/v0.4/PDMats/src/pdmat.jl:35.
Use "*(" instead.

WARNING: deprecated syntax "* (" at /home/vagrant/.julia/v0.4/PDMats/src/pdmat.jl:36.
Use "*(" instead.

WARNING: deprecated syntax "\ (" at /home/vagrant/.julia/v0.4/PDMats/src/pdmat.jl:37.
Use "\(" instead.

WARNING: deprecated syntax "* (" at /home/vagrant/.julia/v0.4/PDMats/src/pdiagmat.jl:36.
Use "*(" instead.

WARNING: deprecated syntax "* (" at /home/vagrant/.julia/v0.4/PDMats/src/pdiagmat.jl:37.
Use "*(" instead.

WARNING: deprecated syntax "\ (" at /home/vagrant/.julia/v0.4/PDMats/src/pdiagmat.jl:38.
Use "\(" instead.

WARNING: deprecated syntax "* (" at /home/vagrant/.julia/v0.4/PDMats/src/scalmat.jl:32.
Use "*(" instead.

WARNING: deprecated syntax "/ (" at /home/vagrant/.julia/v0.4/PDMats/src/scalmat.jl:33.
Use "/(" instead.

WARNING: deprecated syntax "* (" at /home/vagrant/.julia/v0.4/PDMats/src/scalmat.jl:34.
Use "*(" instead.

WARNING: deprecated syntax "\ (" at /home/vagrant/.julia/v0.4/PDMats/src/scalmat.jl:35.
Use "\(" instead.

WARNING: deprecated syntax "* (" at /home/vagrant/.julia/v0.4/PDMats/src/generics.jl:24.
Use "*(" instead.

WARNING: deprecated syntax "* (" at /home/vagrant/.julia/v0.4/PDMats/src/generics.jl:25.
Use "*(" instead.

WARNING: deprecated syntax "/ (" at /home/vagrant/.julia/v0.4/PDMats/src/generics.jl:26.
Use "/(" instead.

WARNING: deprecated syntax ".+ (" at /home/vagrant/.julia/v0.4/Distributions/src/utils.jl:18.
Use ".+(" instead.

WARNING: deprecated syntax ".- (" at /home/vagrant/.julia/v0.4/Distributions/src/utils.jl:19.
Use ".-(" instead.
Warning: New definition 
    insupport(Distributions.Truncated{#D<:Distributions.Distribution{Distributions.Univariate, S<:Distributions.ValueSupport}, #S<:Distributions.ValueSupport}, Real) at /home/vagrant/.julia/v0.4/Distributions/src/truncate.jl:33
is ambiguous with: 
    insupport(Union{Type{#D<:Distributions.Distribution{Distributions.Univariate, Distributions.Continuous}}, #D<:Distributions.Distribution{Distributions.Univariate, Distributions.Continuous}}, Real) at /home/vagrant/.julia/v0.4/Distributions/src/univariates.jl:34.
To fix, define 
    insupport(_<:Distributions.Truncated{#D<:Distributions.Distribution{Distributions.Univariate, S<:Distributions.ValueSupport}, Distributions.Continuous}, Real)
before the new definition.
Warning: New definition 
    insupport(Distributions.Truncated{#D<:Distributions.Distribution{Distributions.Univariate, S<:Distributions.ValueSupport}, #S<:Distributions.ValueSupport}, Real) at /home/vagrant/.julia/v0.4/Distributions/src/truncate.jl:33
is ambiguous with: 
    insupport(Union{Type{#D<:Distributions.Distribution{Distributions.Univariate, Distributions.Discrete}}, #D<:Distributions.Distribution{Distributions.Univariate, Distributions.Discrete}}, Real) at /home/vagrant/.julia/v0.4/Distributions/src/univariates.jl:35.
To fix, define 
    insupport(_<:Distributions.Truncated{#D<:Distributions.Distribution{Distributions.Univariate, S<:Distributions.ValueSupport}, Distributions.Discrete}, Real)
before the new definition.

WARNING: deprecated syntax "Base.sort (" at /home/vagrant/.julia/v0.4/DataFrames/src/abstractdataframe/sort.jl:305.
Use "Base.sort(" instead.
WARNING: array(da::DataArray{T}) is deprecated.
Use convert(Array, da).
 in depwarn at ./deprecated.jl:63
 in array at /home/vagrant/.julia/v0.4/DataArrays/src/deprecated.jl:22
 in include at ./boot.jl:254
 in include_from_node1 at loading.jl:133
 in process_options at ./client.jl:306
 in _start at ./client.jl:406
while loading /home/vagrant/.julia/v0.4/GLM/test/runtests.jl, in expression starting on line 12
WARNING: array(da::DataArray{T}) is deprecated.
Use convert(Array, da).
 in depwarn at ./deprecated.jl:63
 in array at /home/vagrant/.julia/v0.4/DataArrays/src/deprecated.jl:22
 in include at ./boot.jl:254
 in include_from_node1 at loading.jl:133
 in process_options at ./client.jl:306
 in _start at ./client.jl:406
while loading /home/vagrant/.julia/v0.4/GLM/test/runtests.jl, in expression starting on line 12
INFO: GLM tests passed
INFO: No packages to install, update or remove

>>> End of log
