INFO: Cloning cache of GLMNet from git://github.com/simonster/GLMNet.jl.git
INFO: Installing Blocks v0.0.3
INFO: Installing DataArrays v0.0.3
INFO: Installing DataFrames v0.4.3
INFO: Installing Distributions v0.3.0
INFO: Installing GLMNet v0.0.2
INFO: Installing GZip v0.2.12
INFO: Installing NumericExtensions v0.3.6
INFO: Installing SortingAlgorithms v0.0.1
INFO: Installing StatsBase v0.3.8
INFO: Building GLMNet
INFO: REQUIRE updated.
Warning: could not import Base.foldl into NumericExtensions
Warning: could not import Base.foldr into NumericExtensions
Warning: could not import Base.sum! into NumericExtensions
Warning: could not import Base.maximum! into NumericExtensions
Warning: could not import Base.minimum! into NumericExtensions
Warning: could not import Base.foldl into NumericExtensions
Warning: could not import Base.foldr into NumericExtensions
Warning: could not import Base.sum! into NumericExtensions
Warning: could not import Base.maximum! into NumericExtensions
Warning: could not import Base.minimum! into NumericExtensions
INFO: REQUIRE updated.
