>>> 'Pkg.add("GLText")' log
[ Info: Removing AbstractFFTs v0.2.0 @ Base.Pkg.Entry entry.jl:546
[ Info: Removing AxisAlgorithms v0.2.0 @ Base.Pkg.Entry entry.jl:546
[ Info: Removing AxisArrays v0.2.0 @ Base.Pkg.Entry entry.jl:546
[ Info: Removing CatIndices v0.1.0 @ Base.Pkg.Entry entry.jl:546
[ Info: Removing ColorVectorSpace v0.5.2 @ Base.Pkg.Entry entry.jl:546
[ Info: Removing Colors v0.8.2 @ Base.Pkg.Entry entry.jl:546
[ Info: Removing ComputationalResources v0.2.0 @ Base.Pkg.Entry entry.jl:546
[ Info: Removing CoordinateTransformations v0.4.1 @ Base.Pkg.Entry entry.jl:546
[ Info: Removing CustomUnitRanges v0.1.0 @ Base.Pkg.Entry entry.jl:546
[ Info: Removing FFTViews v0.1.0 @ Base.Pkg.Entry entry.jl:546
[ Info: Removing FFTW v0.1.2 @ Base.Pkg.Entry entry.jl:546
[ Info: Removing GLWindow v0.7.1 @ Base.Pkg.Entry entry.jl:546
[ Info: Removing Graphics v0.2.0 @ Base.Pkg.Entry entry.jl:546
[ Info: Removing IdentityRanges v0.1.0 @ Base.Pkg.Entry entry.jl:546
[ Info: Removing ImageAxes v0.4.0 @ Base.Pkg.Entry entry.jl:546
[ Info: Removing ImageCore v0.5.0 @ Base.Pkg.Entry entry.jl:546
[ Info: Removing ImageFiltering v0.2.3 @ Base.Pkg.Entry entry.jl:546
[ Info: Removing ImageMetadata v0.4.0 @ Base.Pkg.Entry entry.jl:546
[ Info: Removing ImageMorphology v0.0.2 @ Base.Pkg.Entry entry.jl:546
[ Info: Removing ImageTransformations v0.4.1 @ Base.Pkg.Entry entry.jl:546
[ Info: Removing Images v0.12.0 @ Base.Pkg.Entry entry.jl:546
[ Info: Removing ImmutableArrays v0.0.12 @ Base.Pkg.Entry entry.jl:546
[ Info: Removing IndirectArrays v0.3.0 @ Base.Pkg.Entry entry.jl:546
[ Info: Removing Interpolations v0.7.2 @ Base.Pkg.Entry entry.jl:546
[ Info: Removing IntervalSets v0.1.1 @ Base.Pkg.Entry entry.jl:546
[ Info: Removing MacroTools v0.4.0 @ Base.Pkg.Entry entry.jl:546
[ Info: Removing MappedArrays v0.0.7 @ Base.Pkg.Entry entry.jl:546
[ Info: Removing Mustache v0.3.0 @ Base.Pkg.Entry entry.jl:546
[ Info: Removing OffsetArrays v0.4.2 @ Base.Pkg.Entry entry.jl:546
[ Info: Removing PaddedViews v0.2.0 @ Base.Pkg.Entry entry.jl:546
[ Info: Removing RangeArrays v0.2.0 @ Base.Pkg.Entry entry.jl:546
[ Info: Removing Ratios v0.2.0 @ Base.Pkg.Entry entry.jl:546
[ Info: Removing Reexport v0.1.0 @ Base.Pkg.Entry entry.jl:546
[ Info: Removing Requires v0.4.3 @ Base.Pkg.Entry entry.jl:546
[ Info: Removing Rotations v0.6.1 @ Base.Pkg.Entry entry.jl:546
[ Info: Removing SIUnits v0.1.0 @ Base.Pkg.Entry entry.jl:546
[ Info: Removing ShowItLikeYouBuildIt v0.2.0 @ Base.Pkg.Entry entry.jl:546
[ Info: Removing SimpleTraits v0.5.1 @ Base.Pkg.Entry entry.jl:546
[ Info: Removing SortingAlgorithms v0.2.0 @ Base.Pkg.Entry entry.jl:546
[ Info: Removing SpecialFunctions v0.3.7 @ Base.Pkg.Entry entry.jl:546
[ Info: Removing StatsBase v0.19.5 @ Base.Pkg.Entry entry.jl:546
[ Info: Removing TexExtensions v0.1.0 @ Base.Pkg.Entry entry.jl:546
[ Info: Removing TiledIteration v0.1.0 @ Base.Pkg.Entry entry.jl:546
[ Info: Removing WoodburyMatrices v0.2.2 @ Base.Pkg.Entry entry.jl:546
[ Info: Package database updated @ Base.Pkg.Entry entry.jl:32

>>> 'Pkg.test("GLText")' log
Package was unable to be tested.

>>> End of log
