>>> 'Pkg.add("GLUT")' log
INFO: Cloning cache of GLUT from https://github.com/rennis250/GLUT.jl.git
INFO: Cloning cache of OpenGL from https://github.com/rennis250/OpenGL.jl.git
INFO: Installing ColorTypes v0.2.0
INFO: Installing ColorVectorSpace v0.1.0
INFO: Installing Colors v0.6.0
INFO: Installing Docile v0.5.19
INFO: Installing FileIO v0.0.3
INFO: Installing FixedPointNumbers v0.1.1
INFO: Installing GLUT v0.4.0
INFO: Installing GetC v1.1.1
INFO: Installing Graphics v0.1.3
INFO: Installing Images v0.5.0
INFO: Installing OpenGL v2.0.3
INFO: Installing Reexport v0.0.3
INFO: Installing SIUnits v0.0.6
INFO: Installing TexExtensions v0.0.3
INFO: Installing Zlib v0.1.12
INFO: Building GLUT

WARNING: deprecated syntax "{a=>b, ...}" at /home/vagrant/.julia/v0.5/GLUT/deps/build.jl:13.
Use "Dict{Any,Any}(a=>b, ...)" instead.

WARNING: deprecated syntax "{a=>b, ...}" at /home/vagrant/.julia/v0.5/GLUT/deps/build.jl:14.
Use "Dict{Any,Any}(a=>b, ...)" instead.

WARNING: deprecated syntax "[a=>b, ...]" at /home/vagrant/.julia/v0.5/GLUT/deps/build.jl:17.
Use "Dict(a=>b, ...)" instead.
Installing dependency freeglut3-dev via `sudo apt-get install freeglut3-dev`:
Reading package lists...
Building dependency tree...
Reading state information...
Some packages could not be installed. This may mean that you have
requested an impossible situation or if you are using the unstable
distribution that some required packages have not yet been created
or been moved out of Incoming.
The following information may help to resolve the situation:

The following packages have unmet dependencies:
 freeglut3-dev : Depends: libgl1-mesa-dev or
                          libgl-dev
                 Depends: libglu1-mesa-dev but it is not going to be installed or
                          libglu-dev
E: Unable to correct problems, you have held broken packages.
================================[ ERROR: GLUT ]=================================

LoadError: failed process: Process(`sudo apt-get install freeglut3-dev`, ProcessExited(100)) [100]
while loading /home/vagrant/.julia/v0.5/GLUT/deps/build.jl, in expression starting on line 17

================================================================================

================================[ BUILD ERRORS ]================================

WARNING: GLUT had build errors.

 - packages with build errors remain installed in /home/vagrant/.julia/v0.5
 - build the package(s) and all dependencies with `Pkg.build("GLUT")`
 - build a single package by running its `deps/build.jl` script

================================================================================
INFO: Package database updated
INFO: METADATA is out-of-date — you may not have the latest version of GLUT
INFO: Use `Pkg.update()` to get the latest versions of your packages

>>> 'Pkg.test("GLUT")' log
No tests found.
>>> End of log
