>>> 'Pkg.add("GLVisualize")' log
INFO: Cloning cache of GLVisualize from https://github.com/JuliaGL/GLVisualize.jl.git
INFO: Cloning cache of MeshIO from https://github.com/JuliaIO/MeshIO.jl.git
INFO: Cloning cache of Packing from https://github.com/JuliaGeometry/Packing.jl.git
INFO: Cloning cache of SignedDistanceFields from https://github.com/JuliaGraphics/SignedDistanceFields.jl.git
INFO: Installing ColorVectorSpace v0.1.7
INFO: Installing DualNumbers v0.2.2
INFO: Installing FreeType v1.0.3
INFO: Installing GLAbstraction v0.1.0
INFO: Installing GLFW v1.1.4
INFO: Installing GLVisualize v0.0.10
INFO: Installing GLWindow v0.1.4
INFO: Installing GeometryTypes v0.1.6
INFO: Installing Graphics v0.1.3
INFO: Installing Images v0.5.9
INFO: Installing MeshIO v0.0.5
INFO: Installing ModernGL v0.0.8
INFO: Installing Mustache v0.1.1
INFO: Installing Packing v0.0.4
INFO: Installing Quaternions v0.1.1
INFO: Installing Reactive v0.3.4
INFO: Installing SIUnits v0.0.6
INFO: Installing SignedDistanceFields v0.0.1
INFO: Installing TexExtensions v0.0.3
INFO: Installing Zlib v0.1.12
INFO: Building FreeType
WARNING: `@windows_only` is deprecated, use `@static if is_windows()` instead
 in depwarn(::String, ::Symbol) at ./deprecated.jl:64
 in @windows_only(::Any) at ./deprecated.jl:488
 in include_from_node1(::String) at ./loading.jl:488
 in evalfile(::String, ::Array{String,1}) at ./loading.jl:504 (repeats 2 times)
 in cd(::##2#4, ::String) at ./file.jl:59
 in (::##1#3)(::IOStream) at ./none:13
 in open(::##1#3, ::String, ::String) at ./iostream.jl:113
 in eval(::Module, ::Any) at ./boot.jl:234
 in process_options(::Base.JLOptions) at ./client.jl:239
 in _start() at ./client.jl:318
while loading /home/vagrant/.julia/v0.5/FreeType/deps/build.jl, in expression starting on line 3
INFO: Building GLFW
INFO: Building GLFW 3.2.1 library from source
-- Could NOT find Vulkan (missing:  VULKAN_LIBRARY VULKAN_INCLUDE_DIR) 
-- Using X11 for window creation
CMake Error at /usr/share/cmake-2.8/Modules/FindX11.cmake:427 (message):
  Could not find X11
Call Stack (most recent call first):
  CMakeLists.txt:212 (find_package)


-- Configuring incomplete, errors occurred!
See also "/home/vagrant/.julia/v0.5/GLFW/deps/builds/glfw-3.2.1/CMakeFiles/CMakeOutput.log".
See also "/home/vagrant/.julia/v0.5/GLFW/deps/builds/glfw-3.2.1/CMakeFiles/CMakeError.log".
ERROR: failed process: Process(`cmake -DBUILD_SHARED_LIBS=ON -DCMAKE_INSTALL_PREFIX=../../usr64 -DGLFW_BUILD_DOCS=OFF -DGLFW_BUILD_EXAMPLES=OFF -DGLFW_BUILD_TESTS=OFF ../../src/glfw-3.2.1`, ProcessExited(1)) [1]
WARNING: On Linux, you might not have xorg-dev and libglu1-mesa-dev installed, which you can get via the commandline with for example
sudo apt-get install  xorg-dev libglu1-mesa-dev
If that doesn't help, try to install GLFW manually
(see http://www.glfw.org/download.html for more information)
INFO: Building Rmath
INFO: Package database updated
INFO: METADATA is out-of-date — you may not have the latest version of GLVisualize
INFO: Use `Pkg.update()` to get the latest versions of your packages

>>> 'Pkg.test("GLVisualize")' log
Package was unable to be tested.
>>> End of log
