>>> 'Pkg.add("GLWindow")' log
INFO: Installing Calculus v0.1.14
INFO: Installing ColorTypes v0.2.0
INFO: Installing DualNumbers v0.2.1
INFO: Installing FileIO v0.0.3
INFO: Installing FixedPointNumbers v0.1.1
INFO: Installing FixedSizeArrays v0.0.9
INFO: Installing GLAbstraction v0.0.7
INFO: Installing GLFW v1.1.0
INFO: Installing GLWindow v0.0.7
INFO: Installing GeometryTypes v0.1.1
INFO: Installing MacroTools v0.2.1
INFO: Installing ModernGL v0.0.6
INFO: Installing Mustache v0.0.14
INFO: Installing NaNMath v0.1.1
INFO: Installing Quaternions v0.1.0
INFO: Installing Reactive v0.3.0
INFO: Installing Requires v0.2.2
INFO: Building GLFW
INFO: Building GLFW 3.1.2 library from source
-- Using X11 for window creation
-- Using GLX for context creation
CMake Error at CMakeLists.txt:269 (message):
  The RandR library and headers were not found


-- Configuring incomplete, errors occurred!
See also "/home/vagrant/.julia/v0.5/GLFW/deps/builds/glfw-3.1.2/CMakeFiles/CMakeOutput.log".
See also "/home/vagrant/.julia/v0.5/GLFW/deps/builds/glfw-3.1.2/CMakeFiles/CMakeError.log".
ERROR: failed process: Process(`cmake -DBUILD_SHARED_LIBS=ON -DCMAKE_INSTALL_PREFIX=../../usr64 -DGLFW_BUILD_DOCS=OFF -DGLFW_BUILD_EXAMPLES=OFF -DGLFW_BUILD_TESTS=OFF ../../src/glfw-3.1.2`, ProcessExited(1)) [1]
WARNING: On Linux, you might not have xorg-dev and libglu1-mesa-dev installed, which you can get via the commandline with for example
sudo apt-get install  xorg-dev libglu1-mesa-dev
If that doesn't help, try to install GLFW manually
(see http://www.glfw.org/download.html for more information)
INFO: Package database updated
INFO: METADATA is out-of-date — you may not have the latest version of GLWindow
INFO: Use `Pkg.update()` to get the latest versions of your packages

>>> 'Pkg.test("GLWindow")' log
Package was unable to be tested.
>>> End of log
