>>> 'Pkg.add("GradientBoost")' log
INFO: Cloning cache of GradientBoost from git://github.com/svs14/GradientBoost.jl.git
INFO: Installing DataStructures v0.3.10
INFO: Installing DecisionTree v0.3.8
INFO: Installing Distributions v0.7.4
INFO: Installing FactCheck v0.2.8
INFO: Installing GLM v0.4.6
INFO: Installing GradientBoost v0.0.1
INFO: Installing NumericFuns v0.2.3
INFO: Installing PDMats v0.3.3
INFO: Package database updated

>>> 'Pkg.test("GradientBoost")' log
Julia Version 0.4.0-dev+5846
Commit 0503f2a (2015-07-08 02:04 UTC)
Platform Info:
  System: Linux (x86_64-unknown-linux-gnu)
  CPU: Intel(R) Xeon(R) CPU E5-2650 0 @ 2.00GHz
  WORD_SIZE: 64
  BLAS: libopenblas (USE64BITINT DYNAMIC_ARCH NO_AFFINITY Nehalem)
  LAPACK: libopenblas
  LIBM: libopenlibm
  LLVM: libLLVM-3.3
INFO: Testing GradientBoost

WARNING: deprecated syntax "{a=>b, ...}" at /home/vagrant/.julia/v0.4/GradientBoost/src/gb_dt.jl:28.
Use "Dict{Any,Any}(a=>b, ...)" instead.

WARNING: deprecated syntax "HashDict{K} (" at /home/vagrant/.julia/v0.4/DataStructures/src/hashdict.jl:77.
Use "HashDict{K}(" instead.

WARNING: deprecated syntax "HashDict{V} (" at /home/vagrant/.julia/v0.4/DataStructures/src/hashdict.jl:78.
Use "HashDict{V}(" instead.

WARNING: deprecated syntax "HashDict (" at /home/vagrant/.julia/v0.4/DataStructures/src/hashdict.jl:79.
Use "HashDict(" instead.

WARNING: deprecated syntax "OrderedDict{K} (" at /home/vagrant/.julia/v0.4/DataStructures/src/ordereddict.jl:39.
Use "OrderedDict{K}(" instead.

WARNING: deprecated syntax "OrderedDict{V} (" at /home/vagrant/.julia/v0.4/DataStructures/src/ordereddict.jl:40.
Use "OrderedDict{V}(" instead.

WARNING: deprecated syntax "OrderedDict (" at /home/vagrant/.julia/v0.4/DataStructures/src/ordereddict.jl:41.
Use "OrderedDict(" instead.
Util functions
     - err_must_be_overriden throws an error
     - weighted_median works
     - holdout returns proportional partitions
WARNING: int(x::FloatingPoint) is deprecated, use round(Int,x) instead.
 in depwarn at ./deprecated.jl:63
 in int at deprecated.jl:49
 in holdout at /home/vagrant/.julia/v0.4/GradientBoost/src/util.jl:41
 in anonymous at /home/vagrant/.julia/v0.4/GradientBoost/test/test_util.jl:44
 in context at /home/vagrant/.julia/v0.4/FactCheck/src/FactCheck.jl:341
 in anonymous at /home/vagrant/.julia/v0.4/GradientBoost/test/test_util.jl:41
 in facts at /home/vagrant/.julia/v0.4/FactCheck/src/FactCheck.jl:315
 in include at ./boot.jl:254
 in include_from_node1 at ./loading.jl:133
 in include at ./boot.jl:254
 in include_from_node1 at loading.jl:133
 in process_options at ./client.jl:306
 in _start at ./client.jl:406
while loading /home/vagrant/.julia/v0.4/GradientBoost/test/test_util.jl, in expression starting on line 6
12 facts verified.

WARNING: deprecated syntax "{a,b, ...}" at /home/vagrant/.julia/v0.4/GradientBoost/test/test_loss.jl:14.
Use "Any[a,b, ...]" instead.

WARNING: deprecated syntax "{a,b, ...}" at /home/vagrant/.julia/v0.4/GradientBoost/test/test_loss.jl:21.
Use "Any[a,b, ...]" instead.

WARNING: deprecated syntax "{a,b, ...}" at /home/vagrant/.julia/v0.4/GradientBoost/test/test_loss.jl:28.
Use "Any[a,b, ...]" instead.

WARNING: deprecated syntax "{a,b, ...}" at /home/vagrant/.julia/v0.4/GradientBoost/test/test_loss.jl:66.
Use "Any[a,b, ...]" instead.

WARNING: deprecated syntax "{a,b, ...}" at /home/vagrant/.julia/v0.4/GradientBoost/test/test_loss.jl:71.
Use "Any[a,b, ...]" instead.

WARNING: deprecated syntax "{a,b, ...}" at /home/vagrant/.julia/v0.4/GradientBoost/test/test_loss.jl:76.
Use "Any[a,b, ...]" instead.

WARNING: deprecated syntax "{a,b, ...}" at /home/vagrant/.julia/v0.4/GradientBoost/test/test_loss.jl:82.
Use "Any[a,b, ...]" instead.

WARNING: deprecated syntax "{a,b, ...}" at /home/vagrant/.julia/v0.4/GradientBoost/test/test_loss.jl:87.
Use "Any[a,b, ...]" instead.

WARNING: deprecated syntax "{a,b, ...}" at /home/vagrant/.julia/v0.4/GradientBoost/test/test_loss.jl:92.
Use "Any[a,b, ...]" instead.

WARNING: deprecated syntax "{a,b, ...}" at /home/vagrant/.julia/v0.4/GradientBoost/test/test_loss.jl:100.
Use "Any[a,b, ...]" instead.

WARNING: deprecated syntax "{a,b, ...}" at /home/vagrant/.julia/v0.4/GradientBoost/test/test_loss.jl:111.
Use "Any[a,b, ...]" instead.

WARNING: deprecated syntax "{a,b, ...}" at /home/vagrant/.julia/v0.4/GradientBoost/test/test_loss.jl:116.
Use "Any[a,b, ...]" instead.
Loss functions
     - not implemented functions throw an error
     - LeastSquares loss works
     - LeastSquares negative_gradient works
     - LeastSquares minimizing_scalar works
     - LeastAbsoluteDeviation loss works
     - LeastAbsoluteDeviation negative_gradient works
     - LeastAbsoluteDeviation minimizing_scalar works
     - BinomialDeviance loss works
     - BinomialDeviance negative_gradient works
     - BinomialDeviance minimizing_scalar works
48 facts verified.
Gradient Boost
     - not implemented functions throw an error
     - stochastic_gradient_boost works
WARNING: int(x::FloatingPoint) is deprecated, use round(Int,x) instead.
 in depwarn at ./deprecated.jl:63
 in int at deprecated.jl:49
 in create_sample_indices at /home/vagrant/.julia/v0.4/GradientBoost/src/gb.jl:116
 in stochastic_gradient_boost at /home/vagrant/.julia/v0.4/GradientBoost/src/gb.jl:54
 in anonymous at /home/vagrant/.julia/v0.4/GradientBoost/test/test_gb.jl:62
 in context at /home/vagrant/.julia/v0.4/FactCheck/src/FactCheck.jl:341
 in anonymous at /home/vagrant/.julia/v0.4/GradientBoost/test/test_gb.jl:59
 in facts at /home/vagrant/.julia/v0.4/FactCheck/src/FactCheck.jl:315
 in include at ./boot.jl:254
 in include_from_node1 at ./loading.jl:133
 in include at ./boot.jl:254
 in include_from_node1 at loading.jl:133
 in process_options at ./client.jl:306
 in _start at ./client.jl:406
while loading /home/vagrant/.julia/v0.4/GradientBoost/test/test_gb.jl, in expression starting on line 45
     - fit returns model
     - predict works
     - create_sample_indices works
WARNING: [a] concatenation is deprecated; use collect(a) instead
 in depwarn at ./deprecated.jl:63
 in oldstyle_vcat_warning at ./abstractarray.jl:29
 in vect at abstractarray.jl:32
 in anonymous at /home/vagrant/.julia/v0.4/GradientBoost/test/test_gb.jl:85
 in context at /home/vagrant/.julia/v0.4/FactCheck/src/FactCheck.jl:341
 in anonymous at /home/vagrant/.julia/v0.4/GradientBoost/test/test_gb.jl:83
 in facts at /home/vagrant/.julia/v0.4/FactCheck/src/FactCheck.jl:315
 in include at ./boot.jl:254
 in include_from_node1 at ./loading.jl:133
 in include at ./boot.jl:254
 in include_from_node1 at loading.jl:133
 in process_options at ./client.jl:306
 in _start at ./client.jl:406
while loading /home/vagrant/.julia/v0.4/GradientBoost/test/test_gb.jl, in expression starting on line 45
  Failure   :: (line:-1) :: create_sample_indices works :: got 2
    length(indices) => 3
  Failure   :: (line:-1) :: create_sample_indices works :: got 2
    length(unique(indices)) => 3
Out of 12 total facts:
  Verified: 10
  Failed:   2
ERROR: LoadError: LoadError: syntax: malformed expression
 in include at ./boot.jl:254
 in include_from_node1 at ./loading.jl:133
 in include at ./boot.jl:254
 in include_from_node1 at loading.jl:133
 in process_options at ./client.jl:306
 in _start at ./client.jl:406
while loading /home/vagrant/.julia/v0.4/GradientBoost/test/test_gb_dt.jl, in expression starting on line 51
while loading /home/vagrant/.julia/v0.4/GradientBoost/test/runtests.jl, in expression starting on line 9
============================[ ERROR: GradientBoost ]============================

failed process: Process(`/home/vagrant/julia/bin/julia --check-bounds=yes --code-coverage=none --color=no /home/vagrant/.julia/v0.4/GradientBoost/test/runtests.jl`, ProcessExited(1)) [1]

================================================================================
INFO: No packages to install, update or remove
ERROR: GradientBoost had test errors
 in error at ./error.jl:21
 in test at pkg/entry.jl:746
 in anonymous at pkg/dir.jl:31
 in cd at file.jl:22
 in cd at pkg/dir.jl:31
 in test at pkg.jl:71
 in process_options at ./client.jl:282
 in _start at ./client.jl:406

>>> End of log
