>>> 'Pkg.add("GraphLayout")' log
INFO: Cloning cache of GraphLayout from git://github.com/IainNZ/GraphLayout.jl.git
INFO: Installing GraphLayout v0.2.0
INFO: Package database updated

>>> 'Pkg.test("GraphLayout")' log
INFO: Computing test dependencies for GraphLayout...
INFO: Installing Color v0.4.5
INFO: Installing Compose v0.3.12
INFO: Installing DataStructures v0.3.9
INFO: Installing FixedPointNumbers v0.0.7
INFO: Installing Graphics v0.1.0
INFO: Installing Iterators v0.1.8
INFO: Testing GraphLayout
INFO: GraphLayout tests passed
INFO: Removing Color v0.4.5
INFO: Removing Compose v0.3.12
INFO: Removing DataStructures v0.3.9
INFO: Removing FixedPointNumbers v0.0.7
INFO: Removing Graphics v0.1.0
INFO: Removing Iterators v0.1.8

>>> End of log
