>>> 'Pkg.add("Graphs")' log
INFO: Installing DataStructures v0.4.6
INFO: Installing Graphs v0.7.0
INFO: Package database updated
INFO: METADATA is out-of-date — you may not have the latest version of Graphs
INFO: Use `Pkg.update()` to get the latest versions of your packages

>>> 'Pkg.test("Graphs")' log
Julia Version 0.5.0
Commit 3c9d753 (2016-09-19 18:14 UTC)
Platform Info:
  System: Linux (x86_64-pc-linux-gnu)
  CPU: Intel(R) Xeon(R) CPU E3-1241 v3 @ 3.50GHz
  WORD_SIZE: 64
           Ubuntu 14.04.5 LTS
  uname: Linux 3.13.0-96-generic #143-Ubuntu SMP Mon Aug 29 20:15:20 UTC 2016 x86_64 x86_64
Memory: 2.4471054077148438 GB (1322.6640625 MB free)
Uptime: 29461.0 sec
Load Avg:  1.11865234375  1.08740234375  1.05810546875
Intel(R) Xeon(R) CPU E3-1241 v3 @ 3.50GHz: 
       speed         user         nice          sys         idle          irq
#1  3496 MHz    1675766 s       6006 s     178694 s     688051 s        136 s
#2  3496 MHz     839742 s       1288 s     106582 s    1833189 s          4 s

  BLAS: libopenblas (USE64BITINT DYNAMIC_ARCH NO_AFFINITY Nehalem)
  LAPACK: libopenblas64_
  LIBM: libopenlibm
  LLVM: libLLVM-3.7.1 (ORCJIT, haswell)
Environment:
  TERM = vt100
  LD_LIBRARY_PATH = :/usr/local/lib/
  PATH = /usr/local/sbin:/usr/local/bin:/usr/sbin:/usr/bin:/sbin:/bin:/usr/games:/usr/local/games:/home/vagrant/julia/bin/
  JAVA_HOME = /usr/lib/jvm/java-7-oracle
  HOME = /home/vagrant

Package Directory: /home/vagrant/.julia/v0.5
2 required packages:
 - Graphs                        0.7.0
 - JSON                          0.7.0
2 additional packages:
 - Compat                        0.9.2
 - DataStructures                0.4.6
INFO: Testing Graphs
running /home/vagrant/.julia/v0.5/Graphs/test/edgelist.jl ...
running /home/vagrant/.julia/v0.5/Graphs/test/adjlist.jl ...
running /home/vagrant/.julia/v0.5/Graphs/test/bellman_test.jl ...
running /home/vagrant/.julia/v0.5/Graphs/test/inclist.jl ...
running /home/vagrant/.julia/v0.5/Graphs/test/graph.jl ...
running /home/vagrant/.julia/v0.5/Graphs/test/gmatrix.jl ...
running /home/vagrant/.julia/v0.5/Graphs/test/bfs.jl ...
running /home/vagrant/.julia/v0.5/Graphs/test/dfs.jl ...
running /home/vagrant/.julia/v0.5/Graphs/test/conn_comp.jl ...
running /home/vagrant/.julia/v0.5/Graphs/test/dijkstra.jl ...
running /home/vagrant/.julia/v0.5/Graphs/test/a_star_spath.jl ...
running /home/vagrant/.julia/v0.5/Graphs/test/mst.jl ...
running /home/vagrant/.julia/v0.5/Graphs/test/floyd.jl ...
running /home/vagrant/.julia/v0.5/Graphs/test/dot.jl ...
running /home/vagrant/.julia/v0.5/Graphs/test/dot2.jl ...
implements_edge_list(sgd) == true = true
implements_vertex_map(sgd) == true = true
digraph graphname {
1
2
3
4
}

digraph graphname {
1
2
3
4
1 -> 3
3 -> 1
2 -> 3
}

implements_edge_list(ag) == true = true
implements_vertex_map(ag) == true = true
digraph graphname {
1	["label"="a","color"="bisque"]
2	["label"="b","color"="bisque"]
3	["label"="c","color"="bisque"]
4	["label"="d","color"="bisque"]
1 -> 3
3 -> 1
2 -> 3
}

graph graphname {
1	["label"="a","color"="bisque"]
2	["label"="b","color"="bisque"]
3	["label"="c","color"="bisque"]
4	["label"="d","color"="bisque"]
1 -- 3
2 -- 3
}

implements_edge_list(agu) == true = true
implements_vertex_map(agu) == true = true
running /home/vagrant/.julia/v0.5/Graphs/test/cliques.jl ...
running /home/vagrant/.julia/v0.5/Graphs/test/random.jl ...
running /home/vagrant/.julia/v0.5/Graphs/test/generators.jl ...
running /home/vagrant/.julia/v0.5/Graphs/test/maximum_adjacency_visit.jl ...
WARNING: imported binding for vertices overwritten in module Main
INFO: Graphs tests passed

>>> End of log
