Tests exist, ran 'julia runtests.jl', passed!
INFO: Cloning cache of Graphs from git://github.com/JuliaLang/Graphs.jl.git
INFO: Installing DataStructures v0.2.13
INFO: Installing Graphs v0.3.1
INFO: REQUIRE updated.
WARNING: queue is deprecated, use Queue instead.
 in depwarn at deprecated.jl:29
 in queue at deprecated.jl:8
 in traverse_graph at /home/idunning/pkgtest/.julia/v0.2/Graphs/src/breadth_first_visit.jl:53
 in visited_vertices at /home/idunning/pkgtest/.julia/v0.2/Graphs/src/graph_visit.jl:61
 in include at boot.jl:238
 in traverse_graph at /home/idunning/pkgtest/.julia/v0.2/Graphs/src/breadth_first_visit.jl:74
 in visited_vertices at /home/idunning/pkgtest/.julia/v0.2/Graphs/src/graph_visit.jl:61
 in include at boot.jl:238
WARNING: queue is deprecated, use Queue instead.
 in depwarn at deprecated.jl:29
 in queue at deprecated.jl:8
 in traverse_graph at /home/idunning/pkgtest/.julia/v0.2/Graphs/src/breadth_first_visit.jl:74
 in gdistances! at /home/idunning/pkgtest/.julia/v0.2/Graphs/src/breadth_first_visit.jl:123
 in gdistances at /home/idunning/pkgtest/.julia/v0.2/Graphs/src/breadth_first_visit.jl:129
 in include at boot.jl:238
INFO: REQUIRE updated.
