>>> 'Pkg.add("GraphCentrality")' log
INFO: Installing DataStructures v0.3.5
INFO: Installing GraphCentrality v0.1.0
INFO: Installing Graphs v0.5.0
INFO: Package database updated
INFO: METADATA is out-of-date a you may not have the latest version of GraphCentrality
INFO: Use `Pkg.update()` to get the latest versions of your packages

>>> 'using GraphCentrality' log
Julia Version 0.4.0-dev+2736
Commit a3485dd (2015-01-16 03:36 UTC)
Platform Info:
  System: Linux (x86_64-unknown-linux-gnu)
  CPU: Intel(R) Xeon(R) CPU E5-2650 0 @ 2.00GHz
  WORD_SIZE: 64
  BLAS: libopenblas (USE64BITINT DYNAMIC_ARCH NO_AFFINITY Sandybridge)
  LAPACK: libopenblas
  LIBM: libopenlibm
  LLVM: libLLVM-3.3

>>> test log
running /home/idunning/pkgtest/.julia/v0.4/GraphCentrality/test/randgraphs.jl ...
10
9, 2
3, 8
2, 9
4, 8
5, 2
5, 4
3, 1
3, 10
7, 6
5, 10
running /home/idunning/pkgtest/.julia/v0.4/GraphCentrality/test/measures/degree.jl ...
running /home/idunning/pkgtest/.julia/v0.4/GraphCentrality/test/measures/betweenness.jl ...
running /home/idunning/pkgtest/.julia/v0.4/GraphCentrality/test/measures/closeness.jl ...
INFO: Testing GraphCentrality
INFO: GraphCentrality tests passed
INFO: No packages to install, update or remove

>>> end of log
