>>> 'Pkg.add("GraphLayout")' log
[ Info: Cloning cache of GraphLayout from https://github.com/IainNZ/GraphLayout.jl.git
[ Info: Installing BinDeps v0.8.6
[ Info: Installing Calculus v0.2.2
[ Info: Installing ColorTypes v0.6.6
[ Info: Installing Colors v0.8.2
[ Info: Installing CommonSubexpressions v0.0.1
[ Info: Installing Compose v0.5.4
[ Info: Installing DataStructures v0.7.4
[ Info: Installing DiffResults v0.0.3
[ Info: Installing DiffRules v0.0.3
[ Info: Installing FixedPointNumbers v0.4.3
[ Info: Installing ForwardDiff v0.7.2
[ Info: Installing GraphLayout v0.3.1
[ Info: Installing IterTools v0.2.1
[ Info: Installing JuMP v0.18.0
[ Info: Installing MathProgBase v0.7.0
[ Info: Installing Measures v0.1.0
[ Info: Installing NaNMath v0.3.0
[ Info: Installing Reexport v0.1.0
[ Info: Installing ReverseDiffSparse v0.8.1
[ Info: Installing SHA v0.5.6
[ Info: Installing SpecialFunctions v0.3.8
[ Info: Installing StaticArrays v0.6.6
[ Info: Installing URIParser v0.3.0
[ Info: Building SpecialFunctions
┌ Warning: `isalnum(c::Char)` is deprecated, use `isalpha(c) || isnumeric(c)` instead.
│   caller = is_userinfo_char at parser.jl:4 [inlined]
└ @ Core parser.jl:4
┌ Warning: `isalnum(c::Char)` is deprecated, use `isalpha(c) || isnumeric(c)` instead.
│   caller = is_host_char at parser.jl:8 [inlined]
└ @ Core parser.jl:8
┌ Warning: `isalnum(c::Char)` is deprecated, use `isalpha(c) || isnumeric(c)` instead.
│   caller = is_host_char at parser.jl:8 [inlined]
└ @ Core parser.jl:8
WARNING: importing deprecated binding Base.Associative into BinDeps.
WARNING: Base.Associative is deprecated, use AbstractDict instead.
  likely near /home/vagrant/.julia/v0.7/SpecialFunctions/deps/binaries.jl:44
in @install at /home/vagrant/.julia/v0.7/BinDeps/src/dependencies.jl
[ Info: Package database updated

>>> 'Pkg.test("GraphLayout")' log
Julia Version 0.7.0-DEV.3563
Commit cf6303abe0 (2018-01-24 23:08 UTC)
Platform Info:
  OS: Linux (x86_64-pc-linux-gnu)
      Ubuntu 14.04.5 LTS
  uname: Linux 3.13.0-135-generic #184-Ubuntu SMP Wed Oct 18 11:55:51 UTC 2017 x86_64 x86_64
  CPU: Intel(R) Xeon(R) CPU E3-1241 v3 @ 3.50GHz: 
              speed         user         nice          sys         idle          irq
       #1  3500 MHz     608603 s        104 s      35904 s     241716 s          4 s
       #2  3500 MHz     107974 s         42 s      11738 s     907415 s          0 s
       
  Memory: 2.93927001953125 GB (925.39453125 MB free)
  Uptime: 10379.0 sec
  Load Avg:  1.0087890625  0.9990234375  0.96533203125
  WORD_SIZE: 64
  LIBM: libopenlibm
  LLVM: libLLVM-3.9.1 (ORCJIT, haswell)
Environment:
  TERM = vt100
  LD_LIBRARY_PATH = :/usr/local/lib/
  PATH = /usr/local/sbin:/usr/local/bin:/usr/sbin:/usr/bin:/sbin:/bin:/usr/games:/usr/local/games:/home/vagrant/julia/bin/
  JAVA_HOME = /usr/lib/jvm/java-8-openjdk-amd64
  HOME = /home/vagrant
Packages:
  Package Directory: /home/vagrant/.julia/v0.7
  Package Status:
2 required packages:
 - GraphLayout                   0.3.1
 - JSON                          0.16.4
24 additional packages:
 - BinDeps                       0.8.6
 - Calculus                      0.2.2
 - ColorTypes                    0.6.6
 - Colors                        0.8.2
 - CommonSubexpressions          0.0.1
 - Compat                        0.49.0
 - Compose                       0.5.4
 - DataStructures                0.7.4
 - DiffResults                   0.0.3
 - DiffRules                     0.0.3
 - FixedPointNumbers             0.4.3
 - ForwardDiff                   0.7.2
 - IterTools                     0.2.1
 - JuMP                          0.18.0
 - MathProgBase                  0.7.0
 - Measures                      0.1.0
 - NaNMath                       0.3.0
 - Nullables                     0.0.3
 - Reexport                      0.1.0
 - ReverseDiffSparse             0.8.1
 - SHA                           0.5.6
 - SpecialFunctions              0.3.8
 - StaticArrays                  0.6.6
 - URIParser                     0.3.0
[ Info: Computing test dependencies for GraphLayout...
[ Info: Installing BaseTestNext v0.2.2
[ Info: Installing GLPK v0.4.2
[ Info: Installing GLPKMathProgInterface v0.3.4
[ Info: Building GLPK
┌ Warning: `replace(s::AbstractString, pat, f)` is deprecated, use `replace(s, pat => f)` instead.
│   caller = top-level scope
└ @ Core :0
┌ Warning: `replace(s::AbstractString, pat, f)` is deprecated, use `replace(s, pat => f)` instead.
│   caller = top-level scope
└ @ Core :0
┌ Error: ------------------------------------------------------------
│ # Build failed for GLPK
│   exception =
│    LoadError: UndefVarError: JULIA_HOME not defined
│    Stacktrace:
│     [1] top-level scope
│     [2] include at ./boot.jl:292 [inlined]
│     [3] include_relative(::Module, ::String) at ./loading.jl:1012
│     [4] include at ./sysimg.jl:26 [inlined]
│     [5] include(::String) at ./loading.jl:1046
│     [6] top-level scope
│     [7] eval at ./boot.jl:295 [inlined]
│     [8] eval at ./sysimg.jl:71 [inlined]
│     [9] evalfile(::String, ::Array{String,1}) at ./loading.jl:1041 (repeats 2 times)
│     [10] #2 at ./none:14 [inlined]
│     [11] cd(::getfield(, Symbol("##2#5")){String}, ::String) at ./file.jl:70
│     [12] (::getfield(, Symbol("##1#3")))(::IOStream) at ./none:13
│     [13] #open#317(::Base.Iterators.IndexValue{Union{},Union{},Tuple{},NamedTuple{(),Tuple{}}}, ::Function, ::getfield(, Symbol("##1#3")), ::String, ::Vararg{String,N} where N) at ./iostream.jl:369
│     [14] open(::Function, ::String, ::String) at ./iostream.jl:367
│     [15] top-level scope
│     [16] eval at ./boot.jl:295 [inlined]
│     [17] eval(::Module, ::Expr) at ./sysimg.jl:71
│     [18] process_options(::Base.JLOptions) at ./client.jl:311
│     [19] _start() at ./client.jl:386
│    in expression starting at /home/vagrant/.julia/v0.7/GLPK/deps/build.jl:21
└ @ Main none:17
┌ Warning: ------------------------------------------------------------
│ # Build error summary
│ 
│ GLPK had build errors.
│ 
│  - packages with build errors remain installed in /home/vagrant/.julia/v0.7
│  - build the package(s) and all dependencies with `Pkg.build("GLPK")`
│  - build a single package by running its `deps/build.jl` script
└ @ Base.Pkg.Entry entry.jl:649
[ Info: Testing GraphLayout
ERROR: LoadError: LoadError: syntax: extra token "Result" after end of expression
Stacktrace:
 [1] include at ./boot.jl:292 [inlined]
 [2] include_relative(::Module, ::String) at ./loading.jl:1012
 [3] _require(::Base.PkgId) at ./loading.jl:939
 [4] require(::Module, ::Symbol) at ./loading.jl:820
 [5] include at ./boot.jl:292 [inlined]
 [6] include_relative(::Module, ::String) at ./loading.jl:1012
 [7] include(::Module, ::String) at ./sysimg.jl:26
 [8] process_options(::Base.JLOptions) at ./client.jl:334
 [9] _start() at ./client.jl:386
in expression starting at /home/vagrant/.julia/v0.7/BaseTestNext/src/BaseTestNext.jl:29
in expression starting at /home/vagrant/.julia/v0.7/GraphLayout/test/runtests.jl:1
┌ Error: ------------------------------------------------------------
│ # Testing failed for GraphLayout
│   exception =
│    failed process: Process(`/home/vagrant/julia/bin/julia -Cnative -J/home/vagrant/julia/lib/julia/sys.so --compile=yes --depwarn=yes --code-coverage=none --color=no --compiled-modules=yes --check-bounds=yes --warn-overwrite=yes --startup-file=yes /home/vagrant/.julia/v0.7/GraphLayout/test/runtests.jl`, ProcessExited(1)) [1]
│    Stacktrace:
│     [1] error(::String, ::Base.Process, ::String, ::Int64, ::String) at ./error.jl:42
│     [2] pipeline_error(::Base.Process) at ./process.jl:698
│     [3] run(::Cmd) at ./process.jl:660
│     [4] (::getfield(Base.Pkg.Entry, Symbol("##89#92")){Bool,String,Array{AbstractString,1}})() at ./pkg/entry.jl:729
│     [5] cd(::getfield(Base.Pkg.Entry, Symbol("##89#92")){Bool,String,Array{AbstractString,1}}, ::String) at ./file.jl:70
│     [6] #test!#88(::Bool, ::Function, ::String, ::Array{AbstractString,1}, ::Array{AbstractString,1}, ::Array{AbstractString,1}) at ./pkg/entry.jl:717
│     [7] (::getfield(Base.Pkg.Entry, Symbol("#kw##test!")))(::NamedTuple{(:coverage,),Tuple{Bool}}, ::typeof(Base.Pkg.Entry.test!), ::String, ::Array{AbstractString,1}, ::Array{AbstractString,1}, ::Array{AbstractString,1}) at ./<missing>:0
│     [8] #test#96(::Bool, ::Function, ::Array{AbstractString,1}) at ./pkg/entry.jl:756
│     [9] (::getfield(Base.Pkg.Entry, Symbol("#kw##test")))(::NamedTuple{(:coverage,),Tuple{Bool}}, ::typeof(Base.Pkg.Entry.test), ::Array{AbstractString,1}) at ./<missing>:0
│     [10] (::getfield(Base.Pkg.Dir, Symbol("##4#7")){Base.Iterators.IndexValue{Symbol,Bool,Tuple{Symbol},NamedTuple{(:coverage,),Tuple{Bool}}},typeof(Base.Pkg.Entry.test),Tuple{Array{AbstractString,1}}})() at ./pkg/dir.jl:36
│     [11] cd(::getfield(Base.Pkg.Dir, Symbol("##4#7")){Base.Iterators.IndexValue{Symbol,Bool,Tuple{Symbol},NamedTuple{(:coverage,),Tuple{Bool}}},typeof(Base.Pkg.Entry.test),Tuple{Array{AbstractString,1}}}, ::String) at ./file.jl:70
│     [12] #cd#1(::Base.Iterators.IndexValue{Symbol,Bool,Tuple{Symbol},NamedTuple{(:coverage,),Tuple{Bool}}}, ::Function, ::Function, ::Array{AbstractString,1}, ::Vararg{Array{AbstractString,1},N} where N) at ./pkg/dir.jl:36
│     [13] (::getfield(Base.Pkg.Dir, Symbol("#kw##cd")))(::NamedTuple{(:coverage,),Tuple{Bool}}, ::typeof(Base.Pkg.Dir.cd), ::Function, ::Array{AbstractString,1}, ::Vararg{Array{AbstractString,1},N} where N) at ./<missing>:0
│     [14] #test#3(::Bool, ::Function, ::String, ::Vararg{String,N} where N) at ./pkg/pkg.jl:274
│     [15] test(::String, ::Vararg{String,N} where N) at ./pkg/pkg.jl:274
│     [16] top-level scope
│     [17] eval at ./boot.jl:295 [inlined]
│     [18] eval(::Module, ::Expr) at ./sysimg.jl:71
│     [19] process_options(::Base.JLOptions) at ./client.jl:311
│     [20] _start() at ./client.jl:386
└ @ Base.Pkg.Entry entry.jl:732
[ Info: Removing BaseTestNext v0.2.2
[ Info: Removing GLPK v0.4.2
[ Info: Removing GLPKMathProgInterface v0.3.4
ERROR: GraphLayout had test errors

>>> End of log
