>>> 'Pkg.add("GraphPlot")' log
[ Info: Cloning cache of GraphPlot from https://github.com/JuliaGraphs/GraphPlot.jl.git @ Base.Pkg.Cache cache.jl:43
[ Info: Installing CodecZlib v0.4.1 @ Base.Pkg.Entry entry.jl:543
[ Info: Installing ColorTypes v0.6.6 @ Base.Pkg.Entry entry.jl:543
[ Info: Installing Colors v0.8.2 @ Base.Pkg.Entry entry.jl:543
[ Info: Installing Compose v0.5.4 @ Base.Pkg.Entry entry.jl:543
[ Info: Installing DataStructures v0.7.4 @ Base.Pkg.Entry entry.jl:543
[ Info: Installing FixedPointNumbers v0.4.3 @ Base.Pkg.Entry entry.jl:543
[ Info: Installing GraphPlot v0.2.0 @ Base.Pkg.Entry entry.jl:543
[ Info: Installing IterTools v0.2.0 @ Base.Pkg.Entry entry.jl:543
[ Info: Installing LightGraphs v0.11.1 @ Base.Pkg.Entry entry.jl:543
[ Info: Installing MacroTools v0.4.0 @ Base.Pkg.Entry entry.jl:543
[ Info: Installing Measures v0.1.0 @ Base.Pkg.Entry entry.jl:543
[ Info: Installing Reexport v0.1.0 @ Base.Pkg.Entry entry.jl:543
[ Info: Installing SimpleTraits v0.5.1 @ Base.Pkg.Entry entry.jl:543
[ Info: Installing TranscodingStreams v0.4.1 @ Base.Pkg.Entry entry.jl:543
[ Info: Package database updated @ Base.Pkg.Entry entry.jl:32
┌ Info: METADATA is out-of-date — you may not have the latest version of GraphPlot
│ Use `Pkg.update()` to get the latest versions of your packages
└ @ Base.Pkg.Entry entry.jl:74

>>> 'Pkg.test("GraphPlot")' log
Julia Version 0.7.0-DEV.3299
Commit fb527308bb (2018-01-05 19:41 UTC)
Platform Info:
  OS: Linux (x86_64-pc-linux-gnu)
      Ubuntu 14.04.5 LTS
  uname: Linux 3.13.0-135-generic #184-Ubuntu SMP Wed Oct 18 11:55:51 UTC 2017 x86_64 x86_64
  CPU: Intel(R) Xeon(R) CPU E3-1241 v3 @ 3.50GHz: 
              speed         user         nice          sys         idle          irq
       #1  3500 MHz     617622 s         87 s      34588 s     247742 s          3 s
       #2  3500 MHz     118174 s         66 s      14522 s     883793 s          0 s
       
  Memory: 2.93927001953125 GB (1039.6171875 MB free)
  Uptime: 10310.0 sec
  Load Avg:  1.00390625  1.0146484375  0.9697265625
  WORD_SIZE: 64
  BLAS: libopenblas (USE64BITINT DYNAMIC_ARCH NO_AFFINITY Nehalem)
  LAPACK: libopenblas64_
  LIBM: libopenlibm
  LLVM: libLLVM-3.9.1 (ORCJIT, haswell)
Environment:
  TERM = vt100
  LD_LIBRARY_PATH = :/usr/local/lib/
  PATH = /usr/local/sbin:/usr/local/bin:/usr/sbin:/usr/bin:/sbin:/bin:/usr/games:/usr/local/games:/home/vagrant/julia/bin/
  JAVA_HOME = /usr/lib/jvm/java-8-openjdk-amd64
  HOME = /home/vagrant
Packages:
  Package Directory: /home/vagrant/.julia/v0.7
  Package Status:
2 required packages:
 - GraphPlot                     0.2.0
 - JSON                          0.16.3
15 additional packages:
 - CodecZlib                     0.4.1
 - ColorTypes                    0.6.6
 - Colors                        0.8.2
 - Compat                        0.42.0
 - Compose                       0.5.4
 - DataStructures                0.7.4
 - FixedPointNumbers             0.4.3
 - IterTools                     0.2.0
 - LightGraphs                   0.11.1
 - MacroTools                    0.4.0
 - Measures                      0.1.0
 - Nullables                     0.0.2
 - Reexport                      0.1.0
 - SimpleTraits                  0.5.1
 - TranscodingStreams            0.4.1
[ Info: Testing GraphPlot @ Base.Pkg.Entry entry.jl:723
┌ Warning: Deprecated syntax `immutable` at /home/vagrant/.julia/v0.7/Compose/src/Compose.jl:72.
│ Use `struct` instead.
└ @ nothing Compose.jl:72
ERROR: LoadError: UndefVarError: promote_sys_size not defined
Stacktrace:
 [1] getproperty(::Module, ::Symbol) at ./sysimg.jl:14
 [2] top-level scope at /home/vagrant/.julia/v0.7/FixedPointNumbers/src/FixedPointNumbers.jl:140
 [3] include at ./boot.jl:295 [inlined]
 [4] include_relative(::Module, ::String) at ./loading.jl:521
 [5] include(::Module, ::String) at ./sysimg.jl:26
 [6] top-level scope
 [7] eval at ./boot.jl:298 [inlined]
 [8] top-level scope at ./<missing>:2
in expression starting at /home/vagrant/.julia/v0.7/FixedPointNumbers/src/FixedPointNumbers.jl:140
ERROR: LoadError: Failed to precompile FixedPointNumbers to /home/vagrant/.julia/lib/v0.7/FixedPointNumbers.ji.
Stacktrace:
 [1] error at ./error.jl:33 [inlined]
 [2] compilecache(::String) at ./loading.jl:648
 [3] compilecache at ./loading.jl:605 [inlined]
 [4] _require(::Symbol) at ./loading.jl:440
 [5] require(::Symbol) at ./loading.jl:333
 [6] include at ./boot.jl:295 [inlined]
 [7] include_relative(::Module, ::String) at ./loading.jl:521
 [8] include(::Module, ::String) at ./sysimg.jl:26
 [9] top-level scope
 [10] eval at ./boot.jl:298 [inlined]
 [11] top-level scope at ./<missing>:2
in expression starting at /home/vagrant/.julia/v0.7/Colors/src/Colors.jl:5
ERROR: LoadError: Failed to precompile Colors to /home/vagrant/.julia/lib/v0.7/Colors.ji.
Stacktrace:
 [1] error at ./error.jl:33 [inlined]
 [2] compilecache(::String) at ./loading.jl:648
 [3] compilecache at ./loading.jl:605 [inlined]
 [4] _require(::Symbol) at ./loading.jl:440
 [5] require(::Symbol) at ./loading.jl:333
 [6] include at ./boot.jl:295 [inlined]
 [7] include_relative(::Module, ::String) at ./loading.jl:521
 [8] include(::Module, ::String) at ./sysimg.jl:26
 [9] top-level scope
 [10] eval at ./boot.jl:298 [inlined]
 [11] top-level scope at ./<missing>:2
in expression starting at /home/vagrant/.julia/v0.7/Compose/src/Compose.jl:5
ERROR: LoadError: Failed to precompile Compose to /home/vagrant/.julia/lib/v0.7/Compose.ji.
Stacktrace:
 [1] error at ./error.jl:33 [inlined]
 [2] compilecache(::String) at ./loading.jl:648
 [3] compilecache at ./loading.jl:605 [inlined]
 [4] _require(::Symbol) at ./loading.jl:440
 [5] require(::Symbol) at ./loading.jl:333
 [6] include at ./boot.jl:295 [inlined]
 [7] include_relative(::Module, ::String) at ./loading.jl:521
 [8] include(::Module, ::String) at ./sysimg.jl:26
 [9] top-level scope
 [10] eval at ./boot.jl:298 [inlined]
 [11] top-level scope at ./<missing>:2
in expression starting at /home/vagrant/.julia/v0.7/GraphPlot/src/GraphPlot.jl:5
ERROR: LoadError: Failed to precompile GraphPlot to /home/vagrant/.julia/lib/v0.7/GraphPlot.ji.
Stacktrace:
 [1] error at ./error.jl:33 [inlined]
 [2] compilecache(::String) at ./loading.jl:648
 [3] compilecache at ./loading.jl:605 [inlined]
 [4] _require(::Symbol) at ./loading.jl:460
 [5] require(::Symbol) at ./loading.jl:333
 [6] include at ./boot.jl:295 [inlined]
 [7] include_relative(::Module, ::String) at ./loading.jl:521
 [8] include(::Module, ::String) at ./sysimg.jl:26
 [9] process_options(::Base.JLOptions) at ./client.jl:323
 [10] _start() at ./client.jl:374
in expression starting at /home/vagrant/.julia/v0.7/GraphPlot/test/runtests.jl:1
┌ Error: ------------------------------------------------------------
│ # Testing failed for GraphPlot
│   exception = ErrorException("failed process: Process(`/home/vagrant/julia/bin/julia -Cnative -J/home/vagrant/julia/lib/julia/sys.so --compile=yes --depwarn=yes --code-coverage=none --color=no --compiled-modules=yes --check-bounds=yes --warn-overwrite=yes --startup-file=yes /home/vagrant/.julia/v0.7/GraphPlot/test/runtests.jl`, ProcessExited(1)) [1]")
└ @ Base.Pkg.Entry entry.jl:739
ERROR: GraphPlot had test errors

>>> End of log
