>>> 'Pkg.add("Gurobi")' log
INFO: Cloning cache of Gurobi from git://github.com/JuliaOpt/Gurobi.jl.git
INFO: Installing Gurobi v0.1.27
INFO: Installing MathProgBase v0.3.12
INFO: Building Gurobi
WARNING: [a] concatenation is deprecated; use collect(a) instead
 in depwarn at ./deprecated.jl:63
 in oldstyle_vcat_warning at ./abstractarray.jl:29
 in vect at abstractarray.jl:32
 in include at ./boot.jl:254
 in include_from_node1 at ./loading.jl:133
 in evalfile at loading.jl:175 (repeats 2 times)
 in anonymous at pkg/entry.jl:652
 in cd at ./file.jl:22
 in build! at pkg/entry.jl:651
 in build at pkg/entry.jl:663
 in resolve at ./pkg/entry.jl:472
 in edit at pkg/entry.jl:26
 in anonymous at task.jl:365
while loading /home/vagrant/.julia/v0.4/Gurobi/deps/build.jl, in expression starting on line 14
WARNING: dlopen_e is deprecated, use Libdl.dlopen_e instead.
 in depwarn at ./deprecated.jl:63
 in dlopen_e at deprecated.jl:30
 in anonymous at no file:31
 in include at ./boot.jl:254
 in include_from_node1 at ./loading.jl:133
 in evalfile at loading.jl:175 (repeats 2 times)
 in anonymous at pkg/entry.jl:652
 in cd at ./file.jl:22
 in build! at pkg/entry.jl:651
 in build at pkg/entry.jl:663
 in resolve at ./pkg/entry.jl:472
 in edit at pkg/entry.jl:26
 in anonymous at task.jl:365
while loading /home/vagrant/.julia/v0.4/Gurobi/deps/build.jl, in expression starting on line 30
===============================[ ERROR: Gurobi ]================================

LoadError: Unable to locate Gurobi installation. Note that this must be downloaded separately from gurobi.com
while loading /home/vagrant/.julia/v0.4/Gurobi/deps/build.jl, in expression starting on line 40

================================================================================

================================[ BUILD ERRORS ]================================

WARNING: Gurobi had build errors.

 - packages with build errors remain installed in /home/vagrant/.julia/v0.4
 - build the package(s) and all dependencies with `Pkg.build("Gurobi")`
 - build a single package by running its `deps/build.jl` script

================================================================================
INFO: Package database updated

>>> 'Pkg.test("Gurobi")' log
Package was unable to be tested.
>>> End of log
