>>> 'Pkg.add("HackerNews")' log
INFO: Cloning cache of HackerNews from https://github.com/rahulkp220/HackerNews.jl.git
INFO: Installing BinaryProvider v0.3.3
INFO: Installing HTTP v0.6.12
INFO: Installing HackerNews v0.0.1
INFO: Installing IniFile v0.4.0
INFO: Installing MbedTLS v0.5.12
INFO: Installing SHA v0.5.7
INFO: Building MbedTLS
Info: using prebuilt binaries
INFO: Package database updated
INFO: METADATA is out-of-date — you may not have the latest version of HackerNews
INFO: Use `Pkg.update()` to get the latest versions of your packages

>>> 'Pkg.test("HackerNews")' log
Julia Version 0.6.4
Commit 9d11f62bcb (2018-07-09 19:09 UTC)
Platform Info:
  OS: Linux (x86_64-pc-linux-gnu)
  CPU: Intel(R) Xeon(R) CPU E3-1241 v3 @ 3.50GHz
  WORD_SIZE: 64
           Ubuntu 14.04.5 LTS
  uname: Linux 3.13.0-143-generic #192-Ubuntu SMP Tue Feb 27 10:45:36 UTC 2018 x86_64 x86_64
Memory: 2.939197540283203 GB (744.40625 MB free)
Uptime: 16517.0 sec
Load Avg:  1.025390625  0.9931640625  0.78662109375
Intel(R) Xeon(R) CPU E3-1241 v3 @ 3.50GHz: 
       speed         user         nice          sys         idle          irq
#1  3502 MHz     849719 s         23 s      77778 s     509666 s          3 s
#2  3502 MHz     149274 s        153 s      29496 s    1448857 s          0 s

  BLAS: libopenblas (USE64BITINT DYNAMIC_ARCH NO_AFFINITY Nehalem MAX_THREADS=16)
  LAPACK: libopenblas64_
  LIBM: libopenlibm
  LLVM: libLLVM-3.9.1 (ORCJIT, haswell)
Environment:
  TERM = vt100
  LD_LIBRARY_PATH = :/usr/local/lib/
  PATH = /usr/local/sbin:/usr/local/bin:/usr/sbin:/usr/bin:/sbin:/bin:/usr/games:/usr/local/games:/home/vagrant/julia/bin/
  JAVA_HOME = /usr/lib/jvm/java-8-openjdk-amd64
  HOME = /home/vagrant

Package Directory: /home/vagrant/.julia/v0.6
2 required packages:
 - HackerNews                    0.0.1
 - JSON                          0.17.2
7 additional packages:
 - BinaryProvider                0.3.3
 - Compat                        1.0.0
 - HTTP                          0.6.12
 - IniFile                       0.4.0
 - MbedTLS                       0.5.12
 - Nullables                     0.0.6
 - SHA                           0.5.7
INFO: Testing HackerNews
INFO: fetching maxitem..
INFO: generating post data...
INFO: fetching HackerNews.JobStories...
INFO: generating post data...
INFO: fetching updates..
INFO: generating user data...
INFO: fetching updates..
INFO: generating post data...
INFO: HackerNews tests passed

>>> End of log
