>>> 'Pkg.add("HDF5")' log
INFO: Installing BinDeps v0.4.5
INFO: Installing Blosc v0.1.7
INFO: Installing HDF5 v0.6.5
INFO: Installing SHA v0.2.1
INFO: Installing URIParser v0.1.6
INFO: Building Blosc
INFO: Building HDF5
INFO: Package database updated

>>> 'Pkg.test("HDF5")' log
Julia Version 0.4.6
Commit 2e358ce (2016-06-19 17:16 UTC)
Platform Info:
  System: Linux (x86_64-unknown-linux-gnu)
  CPU: Intel(R) Xeon(R) CPU E3-1241 v3 @ 3.50GHz
  WORD_SIZE: 64
           Ubuntu 14.04.5 LTS
  uname: Linux 3.13.0-95-generic #142-Ubuntu SMP Fri Aug 12 17:00:09 UTC 2016 x86_64 x86_64
Memory: 2.4471054077148438 GB (997.25390625 MB free)
Uptime: 27114.0 sec
Load Avg:  0.994140625  1.07861328125  1.12548828125
Intel(R) Xeon(R) CPU E3-1241 v3 @ 3.50GHz: 
       speed         user         nice          sys         idle          irq
#1  3500 MHz    1226079 s       6538 s     139262 s     997591 s        105 s
#2  3500 MHz     788614 s         48 s     126288 s    1647803 s          2 s

  BLAS: libopenblas (USE64BITINT DYNAMIC_ARCH NO_AFFINITY Nehalem)
  LAPACK: libopenblas64_
  LIBM: libopenlibm
  LLVM: libLLVM-3.3
Environment:
  TERM = vt100
  LD_LIBRARY_PATH = :/usr/local/lib/
  PATH = /usr/local/sbin:/usr/local/bin:/usr/sbin:/usr/bin:/sbin:/bin:/usr/games:/usr/local/games:/home/vagrant/julia/bin/
  JAVA_HOME = /usr/lib/jvm/java-7-oracle
  HOME = /home/vagrant

Package Directory: /home/vagrant/.julia/v0.4
2 required packages:
 - HDF5                          0.6.5
 - JSON                          0.7.0
5 additional packages:
 - BinDeps                       0.4.5
 - Blosc                         0.1.7
 - Compat                        0.9.2
 - SHA                           0.2.1
 - URIParser                     0.1.6
INFO: Computing test dependencies for HDF5...
INFO: Installing DataArrays v0.3.8
INFO: Installing DataFrames v0.8.3
INFO: Installing FileIO v0.1.2
INFO: Installing GZip v0.2.20
INFO: Installing Reexport v0.0.3
INFO: Installing Rmath v0.1.3
INFO: Installing SortingAlgorithms v0.1.0
INFO: Installing StatsBase v0.9.0
INFO: Installing StatsFuns v0.3.1
INFO: Building Rmath
INFO: Testing HDF5
plain.jl
readremote.jl
  % Total    % Received % Xferd  Average Speed   Time    Time     Time  Current
                                 Dload  Upload   Total   Spent    Left  Speed
  0     0    0     0    0     0      0      0 --:--:-- --:--:-- --:--:--     0100 19341    0 19341    0     0  15942      0 --:--:--  0:00:01 --:--:-- 15944100 30811    0 30811    0     0  25384      0 --:--:--  0:00:01 --:--:-- 25400
ERROR: LoadError: LoadError: This does not appear to be an HDF5 file
 in h5open at /home/vagrant/.julia/v0.4/HDF5/src/plain.jl:567
 in h5open at /home/vagrant/.julia/v0.4/HDF5/src/plain.jl:598
 in include at ./boot.jl:261
 in include_from_node1 at ./loading.jl:320
 in runtest at /home/vagrant/.julia/v0.4/HDF5/test/runtests.jl:3
 in include at ./boot.jl:261
 in include_from_node1 at ./loading.jl:320
 in process_options at ./client.jl:280
 in _start at ./client.jl:378
while loading /home/vagrant/.julia/v0.4/HDF5/test/readremote.jl, in expression starting on line 63
while loading /home/vagrant/.julia/v0.4/HDF5/test/runtests.jl, in expression starting on line 6
================================[ ERROR: HDF5 ]=================================

failed process: Process(`/home/vagrant/julia/bin/julia --check-bounds=yes --code-coverage=none --color=no /home/vagrant/.julia/v0.4/HDF5/test/runtests.jl`, ProcessExited(1)) [1]

================================================================================
INFO: Removing DataArrays v0.3.8
INFO: Removing DataFrames v0.8.3
INFO: Removing FileIO v0.1.2
INFO: Removing GZip v0.2.20
INFO: Removing Reexport v0.0.3
INFO: Removing Rmath v0.1.3
INFO: Removing SortingAlgorithms v0.1.0
INFO: Removing StatsBase v0.9.0
INFO: Removing StatsFuns v0.3.1
ERROR: HDF5 had test errors
 in error at ./error.jl:21
 in test at pkg/entry.jl:803
 in anonymous at pkg/dir.jl:31
 in cd at file.jl:22
 in cd at pkg/dir.jl:31
 in test at pkg.jl:71
 in process_options at ./client.jl:257
 in _start at ./client.jl:378

>>> End of log
