>>> 'Pkg.add("HDF5")' log
INFO: Installing Blosc v0.1.7
INFO: Installing HDF5 v0.6.5
INFO: Building Blosc
INFO: Building HDF5
INFO: Package database updated

>>> 'Pkg.test("HDF5")' log
Julia Version 0.3.12
Commit 80aa779 (2015-10-26 12:41 UTC)
Platform Info:
  System: Linux (x86_64-unknown-linux-gnu)
  CPU: Intel(R) Xeon(R) CPU E3-1241 v3 @ 3.50GHz
  WORD_SIZE: 64
           Ubuntu 14.04.5 LTS
  uname: Linux 3.13.0-95-generic #142-Ubuntu SMP Fri Aug 12 17:00:09 UTC 2016 x86_64 x86_64
Memory: 2.4471054077148438 GB (1058.45703125 MB free)
Uptime: 20237.0 sec
Load Avg:  0.9677734375  1.0625  1.09228515625
Intel(R) Xeon(R) CPU E3-1241 v3 @ 3.50GHz: 
       speed         user         nice          sys         idle          irq
#1  3499 MHz     914164 s       6900 s     105066 s     726314 s         42 s
#2  3499 MHz     524787 s        246 s      93773 s    1263723 s          5 s

  BLAS: libopenblas (USE64BITINT DYNAMIC_ARCH NO_AFFINITY Nehalem)
  LAPACK: libopenblas
  LIBM: libopenlibm
  LLVM: libLLVM-3.3
Environment:
  TERM = vt100
  LD_LIBRARY_PATH = :/usr/local/lib/
  PATH = /usr/local/sbin:/usr/local/bin:/usr/sbin:/usr/bin:/sbin:/bin:/usr/games:/usr/local/games:/home/vagrant/julia/bin/
  JAVA_HOME = /usr/lib/jvm/java-7-oracle
  HOME = /home/vagrant

Package Directory: /home/vagrant/.julia/v0.3
4 required packages:
 - HDF5                          0.6.5
 - HttpParser                    0.0.13
 - JSON                          0.6.1
 - Markdown                      0.3.0
9 additional packages:
 - BinDeps                       0.3.21
 - Blosc                         0.1.7
 - Compat                        0.8.8
 - Dates                         0.3.2
 - HttpCommon                    0.1.2
 - Lazy                          0.10.1
 - MacroTools                    0.2.0
 - SHA                           0.2.1
 - URIParser                     0.0.7
INFO: Computing test dependencies for HDF5...
INFO: Installing ArrayViews v0.6.4
INFO: Installing DataArrays v0.2.20
INFO: Installing DataFrames v0.6.10
INFO: Installing Docile v0.5.23
INFO: Installing GZip v0.2.20
INFO: Installing Reexport v0.0.3
INFO: Installing SortingAlgorithms v0.0.6
INFO: Installing StatsBase v0.7.4
INFO: Installing StatsFuns v0.2.2
INFO: Testing HDF5
plain.jl
readremote.jl
  % Total    % Received % Xferd  Average Speed   Time    Time     Time  Current
                                 Dload  Upload   Total   Spent    Left  Speed
  0     0    0     0    0     0      0      0 --:--:-- --:--:-- --:--:--     0100 30811    0 30811    0     0  52413      0 --:--:-- --:--:-- --:--:-- 52488
ERROR: This does not appear to be an HDF5 file
 in h5open at /home/vagrant/.julia/v0.3/HDF5/src/plain.jl:567
 in h5open at /home/vagrant/.julia/v0.3/HDF5/src/plain.jl:598
 in include at ./boot.jl:245
 in include_from_node1 at ./loading.jl:128
 in runtest at /home/vagrant/.julia/v0.3/HDF5/test/runtests.jl:3
 in include at ./boot.jl:245
 in include_from_node1 at loading.jl:128
 in process_options at ./client.jl:285
 in _start at ./client.jl:354
while loading /home/vagrant/.julia/v0.3/HDF5/test/readremote.jl, in expression starting on line 63
while loading /home/vagrant/.julia/v0.3/HDF5/test/runtests.jl, in expression starting on line 6
================================[ ERROR: HDF5 ]=================================

failed process: Process(`/home/vagrant/julia/bin/julia /home/vagrant/.julia/v0.3/HDF5/test/runtests.jl`, ProcessExited(1)) [1]

================================================================================
INFO: Removing ArrayViews v0.6.4
INFO: Removing DataArrays v0.2.20
INFO: Removing DataFrames v0.6.10
INFO: Removing Docile v0.5.23
INFO: Removing GZip v0.2.20
INFO: Removing Reexport v0.0.3
INFO: Removing SortingAlgorithms v0.0.6
INFO: Removing StatsBase v0.7.4
INFO: Removing StatsFuns v0.2.2
ERROR: HDF5 had test errors
 in error at error.jl:21
 in test at pkg/entry.jl:718
 in anonymous at pkg/dir.jl:28
 in cd at ./file.jl:20
 in cd at pkg/dir.jl:28
 in test at pkg.jl:67
 in process_options at ./client.jl:213
 in _start at ./client.jl:354

>>> End of log
