>>> 'Pkg.add("HDFS")' log
INFO: Installing Blocks v0.0.4
INFO: Installing HDFS v0.0.0
INFO: Installing PTools v0.0.0
INFO: Installing URLParse v0.0.0
INFO: Package database updated

>>> 'using HDFS' log
WARNING: This package has been deprecated in favour of JuliaWeb/URIParser.jl
https://github.com/JuliaWeb/URIParser.jl
As of Julia 0.4 this package will no longer be installable 
through `Pkg.add`. Please convert your code according.
ERROR: type cannot be constructed
 in include at ./boot.jl:246
 in include_from_node1 at ./loading.jl:128
 in include at ./boot.jl:246
 in include_from_node1 at ./loading.jl:128
 in reload_path at loading.jl:152
 in _require at loading.jl:67
 in require at loading.jl:54
 in include at ./boot.jl:246
 in include_from_node1 at ./loading.jl:128
 in include at ./boot.jl:246
 in include_from_node1 at ./loading.jl:128
 in reload_path at loading.jl:152
 in _require at loading.jl:67
 in require at loading.jl:51
 in include at ./boot.jl:246
 in include_from_node1 at loading.jl:128
 in process_options at ./client.jl:285
 in _start at ./client.jl:354
 in _start_3B_3601 at /home/idunning/julia04/usr/bin/../lib/julia/sys.so
while loading /home/idunning/pkgtest/.julia/v0.4/PTools/src/queued_tasks.jl, in expression starting on line 58
while loading /home/idunning/pkgtest/.julia/v0.4/PTools/src/PTools.jl, in expression starting on line 5
while loading /home/idunning/pkgtest/.julia/v0.4/HDFS/src/dmapreduce.jl, in expression starting on line 18
while loading /home/idunning/pkgtest/.julia/v0.4/HDFS/src/HDFS.jl, in expression starting on line 41
while loading /home/idunning/pkgtest/.julia/v0.4/HDFS/testusing.jl, in expression starting on line 2
Julia Version 0.4.0-dev+542
Commit 17abdc3 (2014-09-11 05:07 UTC)
Platform Info:
  System: Linux (x86_64-unknown-linux-gnu)
  CPU: Intel(R) Xeon(R) CPU E5-2650 0 @ 2.00GHz
  WORD_SIZE: 64
  BLAS: libopenblas (USE64BITINT DYNAMIC_ARCH NO_AFFINITY Sandybridge)
  LAPACK: libopenblas
  LIBM: libopenlibm
  LLVM: libLLVM-3.3


>>> test log
no tests to run
>>> end of log
