>>> 'Pkg.add("Hermetic")' log
INFO: Cloning cache of Hermetic from https://github.com/gragusa/Hermetic.jl.git
INFO: Installing Calculus v0.4.0
INFO: Installing Combinatorics v0.6.0
INFO: Installing Hermetic v0.1.0
INFO: Installing IterTools v0.2.1
INFO: Installing Polynomials v0.4.0
INFO: Package database updated
INFO: METADATA is out-of-date — you may not have the latest version of Hermetic
INFO: Use `Pkg.update()` to get the latest versions of your packages

>>> 'Pkg.test("Hermetic")' log
Julia Version 0.6.4
Commit 9d11f62bcb (2018-07-09 19:09 UTC)
Platform Info:
  OS: Linux (x86_64-pc-linux-gnu)
  CPU: Intel(R) Xeon(R) CPU E3-1241 v3 @ 3.50GHz
  WORD_SIZE: 64
           Ubuntu 14.04.5 LTS
  uname: Linux 3.13.0-143-generic #192-Ubuntu SMP Tue Feb 27 10:45:36 UTC 2018 x86_64 x86_64
Memory: 2.939197540283203 GB (677.38671875 MB free)
Uptime: 18357.0 sec
Load Avg:  0.93408203125  1.7294921875  1.65673828125
Intel(R) Xeon(R) CPU E3-1241 v3 @ 3.50GHz: 
       speed         user         nice          sys         idle          irq
#1  3499 MHz     961781 s        126 s      88766 s     573119 s          4 s
#2  3499 MHz     219178 s         42 s      42630 s    1539390 s          0 s

  BLAS: libopenblas (USE64BITINT DYNAMIC_ARCH NO_AFFINITY Nehalem MAX_THREADS=16)
  LAPACK: libopenblas64_
  LIBM: libopenlibm
  LLVM: libLLVM-3.9.1 (ORCJIT, haswell)
Environment:
  TERM = vt100
  LD_LIBRARY_PATH = :/usr/local/lib/
  PATH = /usr/local/sbin:/usr/local/bin:/usr/sbin:/usr/bin:/sbin:/bin:/usr/games:/usr/local/games:/home/vagrant/julia/bin/
  JAVA_HOME = /usr/lib/jvm/java-8-openjdk-amd64
  HOME = /home/vagrant

Package Directory: /home/vagrant/.julia/v0.6
2 required packages:
 - Hermetic                      0.1.0
 - JSON                          0.17.2
6 additional packages:
 - Calculus                      0.4.0
 - Combinatorics                 0.6.0
 - Compat                        0.70.0
 - IterTools                     0.2.1
 - Nullables                     0.0.6
 - Polynomials                   0.4.0
INFO: Computing test dependencies for Hermetic...
INFO: Installing DataStructures v0.8.4
INFO: Testing Hermetic
Checking glxr ordering: 2
Checking glxr ordering: 3
Checking glxr ordering: 4
Checking glxr ordering: 5
Checking glxr ordering: 6
Checking glxr ordering: 7
Checking glxr ordering: 8
Checking glxr ordering: 9
Checking glxr ordering: 10
Checking glxr ordering: 11
Checking glxr ordering: 12
Checking glxr ordering: 13
Checking glxr ordering: 14
Checking glxr ordering: 15
Checking glxr ordering: 16
Checking glxr ordering: 17
Checking glxr ordering: 18
Checking glxr ordering: 19
Checking glxr ordering: 20
WARNING: @test_approx_eq_eps is deprecated, use `@test ((i[2])[$(Expr(:quote, 2))])[e + 1] ≈ c atol=1.0e-5` instead
Stacktrace:
 [1] depwarn(::String, ::Symbol) at ./deprecated.jl:70
 [2] @test_approx_eq_eps(::ANY, ::ANY, ::ANY) at ./deprecated.jl:1048
 [3] include_from_node1(::String) at ./loading.jl:576
 [4] include(::String) at ./sysimg.jl:14
 [5] process_options(::Base.JLOptions) at ./client.jl:305
 [6] _start() at ./client.jl:371
while loading /home/vagrant/.julia/v0.6/Hermetic/test/runtests.jl, in expression starting on line 75
WARNING: @test_approx_eq_eps is deprecated, use `@test [Hen_2[j + 1]] ≈ Hermetic.Hen_value(j, [2.0]) atol=1.0e-8` instead
Stacktrace:
 [1] depwarn(::String, ::Symbol) at ./deprecated.jl:70
 [2] @test_approx_eq_eps(::ANY, ::ANY, ::ANY) at ./deprecated.jl:1048
 [3] include_from_node1(::String) at ./loading.jl:576
 [4] include(::String) at ./sysimg.jl:14
 [5] process_options(::Base.JLOptions) at ./client.jl:305
 [6] _start() at ./client.jl:371
while loading /home/vagrant/.julia/v0.6/Hermetic/test/runtests.jl, in expression starting on line 103
INFO: Hermetic tests passed
INFO: Removing DataStructures v0.8.4

>>> End of log
