>>> 'Pkg.add("HigherOrderKernels")' log
WARNING: Base.Pkg is deprecated, run `using Pkg` instead
 in module Main
[ Info: Cloning cache of HigherOrderKernels from https://github.com/Godisemo/HigherOrderKernels.jl.git
[ Info: Installing GaussQuadrature v0.4.0
[ Info: Installing HigherOrderKernels v0.0.1
[ Info: Package database updated
┌ Info: METADATA is out-of-date — you may not have the latest version of HigherOrderKernels
└ Use `Pkg.update()` to get the latest versions of your packages

>>> 'Pkg.test("HigherOrderKernels")' log
WARNING: Base.versioninfo is deprecated: it has been moved to the standard library package `InteractiveUtils`.
Add `using InteractiveUtils` to your imports.
 in module Main
WARNING: Base.versioninfo is deprecated: it has been moved to the standard library package `InteractiveUtils`.
Add `using InteractiveUtils` to your imports.
 in module Main
Julia Version 0.7.0-DEV.4941
Commit 9f5351c36a (2018-04-24 14:26 UTC)
Platform Info:
  OS: Linux (x86_64-pc-linux-gnu)
      Ubuntu 14.04.5 LTS
  uname: Linux 3.13.0-143-generic #192-Ubuntu SMP Tue Feb 27 10:45:36 UTC 2018 x86_64 x86_64
  CPU: Intel(R) Xeon(R) CPU E3-1241 v3 @ 3.50GHz: 
              speed         user         nice          sys         idle          irq
       #1  3496 MHz    1118250 s         70 s      96994 s     328137 s         10 s
       #2  3496 MHz     265705 s        111 s      40586 s    1463981 s          0 s
       
  Memory: 2.939197540283203 GB (1187.98046875 MB free)
  Uptime: 18053.0 sec
  Load Avg:  0.97802734375  1.06787109375  1.35693359375
  WORD_SIZE: 64
  LIBM: libopenlibm
  LLVM: libLLVM-3.9.1 (ORCJIT, haswell)
Environment:
  TERM = vt100
  LD_LIBRARY_PATH = :/usr/local/lib/
  PATH = /usr/local/sbin:/usr/local/bin:/usr/sbin:/usr/bin:/sbin:/bin:/usr/games:/usr/local/games:/home/vagrant/julia/bin/
  JAVA_HOME = /usr/lib/jvm/java-8-openjdk-amd64
  HOME = /home/vagrant
Packages:
  Package Directory: /home/vagrant/.julia/v0.7
  Package Status:
2 required packages:
 - HigherOrderKernels            0.0.1
 - JSON                          0.17.2
3 additional packages:
 - Compat                        0.63.0
 - GaussQuadrature               0.4.0
 - Nullables                     0.0.5
WARNING: Base.Pkg is deprecated, run `using Pkg` instead
 in module Main
[ Info: Testing HigherOrderKernels
┌ Warning: Deprecated syntax `immutable` at /home/vagrant/.julia/v0.7/GaussQuadrature/src/GaussQuadrature.jl:88.
│ Use `struct` instead.
└ @ nothing GaussQuadrature.jl:88
┌ Warning: Deprecated syntax `parametric method syntax legendre_coeff{T <: AbstractFloat}(::Type{T}, n::Integer, endpt::EndPt)` around /home/vagrant/.julia/v0.7/GaussQuadrature/src/to_be_removed.jl:13.
│ Use `legendre_coeff(#unused#::Type{T}, n::Integer, endpt::EndPt) where T <: AbstractFloat` instead.
└ @ nothing to_be_removed.jl:13
┌ Warning: Deprecated syntax `parametric method syntax chebyshev_coeff{T <: AbstractFloat}(::Type{T}, n::Integer, kind::Integer, endpt::EndPt)` around /home/vagrant/.julia/v0.7/GaussQuadrature/src/to_be_removed.jl:25.
│ Use `chebyshev_coeff(#unused#::Type{T}, n::Integer, kind::Integer, endpt::EndPt) where T <: AbstractFloat` instead.
└ @ nothing to_be_removed.jl:25
┌ Warning: Deprecated syntax `parametric method syntax jacobi_coeff{T <: AbstractFloat}(n::Integer, alpha::T, beta::T, endpt::EndPt)` around /home/vagrant/.julia/v0.7/GaussQuadrature/src/to_be_removed.jl:42.
│ Use `jacobi_coeff(n::Integer, alpha::T, beta::T, endpt::EndPt) where T <: AbstractFloat` instead.
└ @ nothing to_be_removed.jl:42
┌ Warning: Deprecated syntax `parametric method syntax laguerre_coeff{T <: AbstractFloat}(n::Integer, alpha::T, endpt::EndPt)` around /home/vagrant/.julia/v0.7/GaussQuadrature/src/to_be_removed.jl:64.
│ Use `laguerre_coeff(n::Integer, alpha::T, endpt::EndPt) where T <: AbstractFloat` instead.
└ @ nothing to_be_removed.jl:64
┌ Warning: Deprecated syntax `parametric method syntax hermite_coeff{T <: AbstractFloat}(::Type{T}, n::Integer)` around /home/vagrant/.julia/v0.7/GaussQuadrature/src/to_be_removed.jl:77.
│ Use `hermite_coeff(#unused#::Type{T}, n::Integer) where T <: AbstractFloat` instead.
└ @ nothing to_be_removed.jl:77
┌ Warning: Deprecated syntax `parametric method syntax custom_gauss_rule{T <: AbstractFloat}(lo::T, hi::T, a::Array{T, 1}, b::Array{T, 1}, μ0::T, endpt::EndPt, maxits::Integer = maxiterations[T])` around /home/vagrant/.julia/v0.7/GaussQuadrature/src/to_be_removed.jl:113.
│ Use `custom_gauss_rule(lo::T, hi::T, a::Array{T, 1}, b::Array{T, 1}, μ0::T, endpt::EndPt, maxits::Integer = maxiterations[T]) where T <: AbstractFloat` instead.
└ @ nothing to_be_removed.jl:113
WARNING: importing deprecated binding Base.@sprintf into GaussQuadrature.
WARNING: Base.@sprintf is deprecated: it has been moved to the standard library package `Printf`.
Add `using Printf` to your imports.
  likely near /home/vagrant/.julia/v0.7/GaussQuadrature/src/to_be_removed.jl:146
┌ Warning: Deprecated syntax `parametric method syntax steig!{T <: AbstractFloat}(d::Array{T, 1}, e::Array{T, 1}, z::Array{T, 1}, maxits::Integer)` around /home/vagrant/.julia/v0.7/GaussQuadrature/src/to_be_removed.jl:172.
│ Use `steig!(d::Array{T, 1}, e::Array{T, 1}, z::Array{T, 1}, maxits::Integer) where T <: AbstractFloat` instead.
└ @ nothing to_be_removed.jl:172
┌ Warning: Deprecated syntax `parametric method syntax orthonormal_poly{T <: AbstractFloat}(x::Array{T, 1}, a::Array{T, 1}, b::Array{T, 1}, μ0::T)` around /home/vagrant/.julia/v0.7/GaussQuadrature/src/to_be_removed.jl:242.
│ Use `orthonormal_poly(x::Array{T, 1}, a::Array{T, 1}, b::Array{T, 1}, μ0::T) where T <: AbstractFloat` instead.
└ @ nothing to_be_removed.jl:242
┌ Warning: Deprecated syntax `parametric method syntax legendre{T <: AbstractFloat}(::Type{T}, n::Integer, endpt::EndPt = neither)` around /home/vagrant/.julia/v0.7/GaussQuadrature/src/GaussQuadrature.jl:114.
│ Use `legendre(#s17::Type{T}, n::Integer, endpt::EndPt = neither) where T <: AbstractFloat` instead.
└ @ nothing GaussQuadrature.jl:114
┌ Warning: Deprecated syntax `parametric method syntax legendre_coefs{T <: AbstractFloat}(::Type{T}, n::Integer)` around /home/vagrant/.julia/v0.7/GaussQuadrature/src/GaussQuadrature.jl:127.
│ Use `legendre_coefs(#unused#::Type{T}, n::Integer) where T <: AbstractFloat` instead.
└ @ nothing GaussQuadrature.jl:127
┌ Warning: Deprecated syntax `parametric method syntax chebyshev{T <: AbstractFloat}(::Type{T}, n::Integer, kind::Integer = 1, endpt::EndPt = neither)` around /home/vagrant/.julia/v0.7/GaussQuadrature/src/GaussQuadrature.jl:150.
│ Use `chebyshev(#s17::Type{T}, n::Integer, kind::Integer = 1, endpt::EndPt = neither) where T <: AbstractFloat` instead.
└ @ nothing GaussQuadrature.jl:150
┌ Warning: Deprecated syntax `parametric method syntax chebyshev_coefs{T <: AbstractFloat}(::Type{T}, n::Integer, kind::Integer)` around /home/vagrant/.julia/v0.7/GaussQuadrature/src/GaussQuadrature.jl:165.
│ Use `chebyshev_coefs(#unused#::Type{T}, n::Integer, kind::Integer) where T <: AbstractFloat` instead.
└ @ nothing GaussQuadrature.jl:165
┌ Warning: Deprecated syntax `parametric method syntax jacobi{T <: AbstractFloat}(n::Integer, α::T, β::T, endpt::EndPt = neither)` around /home/vagrant/.julia/v0.7/GaussQuadrature/src/GaussQuadrature.jl:194.
│ Use `jacobi(n::Integer, α::T, β::T, endpt::EndPt = neither) where T <: AbstractFloat` instead.
└ @ nothing GaussQuadrature.jl:194
┌ Warning: Deprecated syntax `parametric method syntax jacobi_coefs{T <: AbstractFloat}(n::Integer, α::T, β::T)` around /home/vagrant/.julia/v0.7/GaussQuadrature/src/GaussQuadrature.jl:201.
│ Use `jacobi_coefs(n::Integer, α::T, β::T) where T <: AbstractFloat` instead.
└ @ nothing GaussQuadrature.jl:201
┌ Warning: Deprecated syntax `parametric method syntax laguerre{T <: AbstractFloat}(n::Integer, α::T, endpt::EndPt = neither)` around /home/vagrant/.julia/v0.7/GaussQuadrature/src/GaussQuadrature.jl:230.
│ Use `laguerre(n::Integer, α::T, endpt::EndPt = neither) where T <: AbstractFloat` instead.
└ @ nothing GaussQuadrature.jl:230
┌ Warning: Deprecated syntax `parametric method syntax laguerre_coefs{T <: AbstractFloat}(n::Integer, α::T)` around /home/vagrant/.julia/v0.7/GaussQuadrature/src/GaussQuadrature.jl:238.
│ Use `laguerre_coefs(n::Integer, α::T) where T <: AbstractFloat` instead.
└ @ nothing GaussQuadrature.jl:238
┌ Warning: Deprecated syntax `parametric method syntax hermite{T <: AbstractFloat}(::Type{T}, n::Integer)` around /home/vagrant/.julia/v0.7/GaussQuadrature/src/GaussQuadrature.jl:257.
│ Use `hermite(#unused#::Type{T}, n::Integer) where T <: AbstractFloat` instead.
└ @ nothing GaussQuadrature.jl:257
┌ Warning: Deprecated syntax `parametric method syntax hermite_coefs{T <: AbstractFloat}(::Type{T}, n::Integer)` around /home/vagrant/.julia/v0.7/GaussQuadrature/src/GaussQuadrature.jl:270.
│ Use `hermite_coefs(#unused#::Type{T}, n::Integer) where T <: AbstractFloat` instead.
└ @ nothing GaussQuadrature.jl:270
┌ Warning: Deprecated syntax `parametric method syntax logweight{T <: AbstractFloat}(::Type{T}, n::Integer, r::Integer, endpt::EndPt = neither)` around /home/vagrant/.julia/v0.7/GaussQuadrature/src/GaussQuadrature.jl:290.
│ Use `logweight(#s17::Type{T}, n::Integer, r::Integer, endpt::EndPt = neither) where T <: AbstractFloat` instead.
└ @ nothing GaussQuadrature.jl:290
┌ Warning: Deprecated syntax `parametric method syntax logweight{T <: AbstractFloat}(n::Integer, ρ::T, endpt::EndPt = neither)` around /home/vagrant/.julia/v0.7/GaussQuadrature/src/GaussQuadrature.jl:309.
│ Use `logweight(n::Integer, ρ::T, endpt::EndPt = neither) where T <: AbstractFloat` instead.
└ @ nothing GaussQuadrature.jl:309
┌ Warning: Deprecated syntax `parametric method syntax logweight_coefs{T <: AbstractFloat}(::Type{T}, n::Integer, r::Integer)` around /home/vagrant/.julia/v0.7/GaussQuadrature/src/GaussQuadrature.jl:316.
│ Use `logweight_coefs(#unused#::Type{T}, n::Integer, r::Integer) where T <: AbstractFloat` instead.
└ @ nothing GaussQuadrature.jl:316
┌ Warning: Deprecated syntax `parametric method syntax logweight_coefs{T <: AbstractFloat}(n::Integer, ρ::T)` around /home/vagrant/.julia/v0.7/GaussQuadrature/src/GaussQuadrature.jl:323.
│ Use `logweight_coefs(n::Integer, ρ::T) where T <: AbstractFloat` instead.
└ @ nothing GaussQuadrature.jl:323
┌ Warning: Deprecated syntax `parametric method syntax modified_moments{T <: AbstractFloat}(::Type{T}, n::Integer, r::Integer)` around /home/vagrant/.julia/v0.7/GaussQuadrature/src/GaussQuadrature.jl:331.
│ Use `modified_moments(#unused#::Type{T}, n::Integer, r::Integer) where T <: AbstractFloat` instead.
└ @ nothing GaussQuadrature.jl:331
┌ Warning: Deprecated syntax `parametric method syntax modified_moments{T <: AbstractFloat}(n::Integer, ρ::T)` around /home/vagrant/.julia/v0.7/GaussQuadrature/src/GaussQuadrature.jl:364.
│ Use `modified_moments(n::Integer, ρ::T) where T <: AbstractFloat` instead.
└ @ nothing GaussQuadrature.jl:364
┌ Warning: Deprecated syntax `parametric method syntax custom_gauss_rule{T <: AbstractFloat}(lo::T, hi::T, a::Array{T, 1}, b::Array{T, 1}, endpt::EndPt, maxits::Integer = maxiterations[T])` around /home/vagrant/.julia/v0.7/GaussQuadrature/src/GaussQuadrature.jl:433.
│ Use `custom_gauss_rule(lo::T, hi::T, a::Array{T, 1}, b::Array{T, 1}, endpt::EndPt, maxits::Integer = maxiterations[T]) where T <: AbstractFloat` instead.
└ @ nothing GaussQuadrature.jl:433
┌ Warning: Deprecated syntax `parametric method syntax modified_chebyshev{T <: AbstractFloat}(a::Vector{T}, b::Vector{T}, ν::Vector{T})` around /home/vagrant/.julia/v0.7/GaussQuadrature/src/GaussQuadrature.jl:479.
│ Use `modified_chebyshev(a::Vector{T}, b::Vector{T}, ν::Vector{T}) where T <: AbstractFloat` instead.
└ @ nothing GaussQuadrature.jl:479
┌ Warning: Deprecated syntax `parametric method syntax solve{T <: AbstractFloat}(n::Integer, shift::T, a::Array{T, 1}, b::Array{T, 1})` around /home/vagrant/.julia/v0.7/GaussQuadrature/src/GaussQuadrature.jl:539.
│ Use `solve(n::Integer, shift::T, a::Array{T, 1}, b::Array{T, 1}) where T <: AbstractFloat` instead.
└ @ nothing GaussQuadrature.jl:539
WARNING: Base.@sprintf is deprecated: it has been moved to the standard library package `Printf`.
Add `using Printf` to your imports.
  likely near /home/vagrant/.julia/v0.7/GaussQuadrature/src/GaussQuadrature.jl:546
┌ Warning: Deprecated syntax `parametric method syntax special_eigenproblem!{T <: AbstractFloat}(d::Array{T, 1}, e::Array{T, 1}, z::Array{T, 1}, maxits::Integer)` around /home/vagrant/.julia/v0.7/GaussQuadrature/src/GaussQuadrature.jl:572.
│ Use `special_eigenproblem!(d::Array{T, 1}, e::Array{T, 1}, z::Array{T, 1}, maxits::Integer) where T <: AbstractFloat` instead.
└ @ nothing GaussQuadrature.jl:572
┌ Warning: Deprecated syntax `parametric method syntax orthonormal_poly{T <: AbstractFloat}(x::Array{T, 1}, a::Array{T, 1}, b::Array{T, 1})` around /home/vagrant/.julia/v0.7/GaussQuadrature/src/GaussQuadrature.jl:642.
│ Use `orthonormal_poly(x::Array{T, 1}, a::Array{T, 1}, b::Array{T, 1}) where T <: AbstractFloat` instead.
└ @ nothing GaussQuadrature.jl:642
WARNING: Base.Test is deprecated, run `using Test` instead
  likely near /home/vagrant/.julia/v0.7/HigherOrderKernels/test/runtests.jl:3
┌ Warning: `round(x::Number, digits)` is deprecated, use `round(x; digits=digits)` instead.
│   caller = top-level scope
└ @ Core :0
┌ Warning: `round(x::Number, digits)` is deprecated, use `round(x; digits=digits)` instead.
│   caller = top-level scope
└ @ Core :0
┌ Warning: `round(x::Number, digits)` is deprecated, use `round(x; digits=digits)` instead.
│   caller = top-level scope
└ @ Core :0
┌ Warning: `round(x::Number, digits)` is deprecated, use `round(x; digits=digits)` instead.
│   caller = top-level scope
└ @ Core :0
┌ Warning: `round(x::Number, digits)` is deprecated, use `round(x; digits=digits)` instead.
│   caller = top-level scope
└ @ Core :0
┌ Warning: `round(x::Number, digits)` is deprecated, use `round(x; digits=digits)` instead.
│   caller = top-level scope
└ @ Core :0
┌ Warning: `round(x::Number, digits)` is deprecated, use `round(x; digits=digits)` instead.
│   caller = top-level scope
└ @ Core :0
┌ Warning: `round(x::Number, digits)` is deprecated, use `round(x; digits=digits)` instead.
│   caller = top-level scope
└ @ Core :0
┌ Warning: `round(x::Number, digits)` is deprecated, use `round(x; digits=digits)` instead.
│   caller = top-level scope
└ @ Core :0
┌ Warning: `round(x::Number, digits)` is deprecated, use `round(x; digits=digits)` instead.
│   caller = top-level scope
└ @ Core :0
┌ Warning: `round(x::Number, digits)` is deprecated, use `round(x; digits=digits)` instead.
│   caller = top-level scope
└ @ Core :0
┌ Warning: `round(x::Number, digits)` is deprecated, use `round(x; digits=digits)` instead.
│   caller = top-level scope
└ @ Core :0
[ Info: HigherOrderKernels tests passed

>>> End of log
