>>> 'Pkg.add("HilbertSpaceFillingCurve")' log
INFO: Cloning cache of HilbertSpaceFillingCurve from https://github.com/jonathanBieler/HilbertSpaceFillingCurve.jl.git
INFO: Installing BinDeps v0.8.8
INFO: Installing HilbertSpaceFillingCurve v0.0.1
INFO: Installing SHA v0.5.7
INFO: Installing URIParser v0.3.1
INFO: Building HilbertSpaceFillingCurve
Info: Changing directory to /home/vagrant/.julia/v0.6/HilbertSpaceFillingCurve/src/lib
gcc  -fPIC -O2 -shared -o libhilbert.so hilbert.c
INFO: Package database updated

>>> 'Pkg.test("HilbertSpaceFillingCurve")' log
Julia Version 0.6.4
Commit 9d11f62bcb (2018-07-09 19:09 UTC)
Platform Info:
  OS: Linux (x86_64-pc-linux-gnu)
  CPU: Intel(R) Xeon(R) CPU E3-1241 v3 @ 3.50GHz
  WORD_SIZE: 64
           Ubuntu 14.04.5 LTS
  uname: Linux 3.13.0-143-generic #192-Ubuntu SMP Tue Feb 27 10:45:36 UTC 2018 x86_64 x86_64
Memory: 2.939197540283203 GB (1898.41796875 MB free)
Uptime: 19314.0 sec
Load Avg:  0.9970703125  0.9833984375  1.1845703125
Intel(R) Xeon(R) CPU E3-1241 v3 @ 3.50GHz: 
       speed         user         nice          sys         idle          irq
#1  3500 MHz     984152 s         84 s     102512 s     597476 s          5 s
#2  3500 MHz     193758 s         78 s      44032 s    1663520 s          0 s

  BLAS: libopenblas (USE64BITINT DYNAMIC_ARCH NO_AFFINITY Nehalem MAX_THREADS=16)
  LAPACK: libopenblas64_
  LIBM: libopenlibm
  LLVM: libLLVM-3.9.1 (ORCJIT, haswell)
Environment:
  TERM = vt100
  LD_LIBRARY_PATH = :/usr/local/lib/
  PATH = /usr/local/sbin:/usr/local/bin:/usr/sbin:/usr/bin:/sbin:/bin:/usr/games:/usr/local/games:/home/vagrant/julia/bin/
  JAVA_HOME = /usr/lib/jvm/java-8-openjdk-amd64
  HOME = /home/vagrant

Package Directory: /home/vagrant/.julia/v0.6
2 required packages:
 - HilbertSpaceFillingCurve      0.0.1
 - JSON                          0.17.2
5 additional packages:
 - BinDeps                       0.8.8
 - Compat                        1.0.0
 - Nullables                     0.0.6
 - SHA                           0.5.7
 - URIParser                     0.3.1
INFO: Testing HilbertSpaceFillingCurve
INFO: HilbertSpaceFillingCurve tests passed

>>> End of log
