>>> 'Pkg.add("Hinton")' log
INFO: Cloning cache of Hinton from git://github.com/ninjin/Hinton.jl.git
INFO: Installing Color v0.3.15
INFO: Installing Compose v0.3.10
INFO: Installing DataStructures v0.3.5
INFO: Installing FixedPointNumbers v0.0.6
INFO: Installing Hinton v0.1.0
INFO: Installing Iterators v0.1.7
INFO: Package database updated

>>> 'using Hinton' log
Julia Version 0.3.4
Commit 3392026* (2014-12-26 10:42 UTC)
Platform Info:
  System: Linux (x86_64-unknown-linux-gnu)
  CPU: Intel(R) Xeon(R) CPU E5-2650 0 @ 2.00GHz
  WORD_SIZE: 64
  BLAS: libopenblas (USE64BITINT DYNAMIC_ARCH NO_AFFINITY Sandybridge)
  LAPACK: libopenblas
  LIBM: libopenlibm
  LLVM: libLLVM-3.3

>>> test log
INFO: Testing Hinton
INFO: Hinton tests passed
INFO: No packages to install, update or remove

>>> end of log
