>>> 'Pkg.add("Hinton")' log
INFO: Cloning cache of Hinton from https://github.com/ninjin/Hinton.jl.git
INFO: Installing ColorTypes v0.5.2
INFO: Installing Colors v0.7.4
INFO: Installing Compose v0.5.3
INFO: Installing DataStructures v0.6.0
INFO: Installing FixedPointNumbers v0.3.8
INFO: Installing Hinton v0.1.1
INFO: Installing IterTools v0.1.0
INFO: Installing Measures v0.1.0
INFO: Installing Reexport v0.0.3
INFO: Package database updated
INFO: METADATA is out-of-date — you may not have the latest version of Hinton
INFO: Use `Pkg.update()` to get the latest versions of your packages

>>> 'Pkg.test("Hinton")' log
Julia Version 0.5.2
Commit f4c6c9d (2017-05-06 16:34 UTC)
Platform Info:
  OS: Linux (x86_64-pc-linux-gnu)
  CPU: Intel(R) Xeon(R) CPU E3-1241 v3 @ 3.50GHz
  WORD_SIZE: 64
           Ubuntu 14.04.5 LTS
  uname: Linux 3.13.0-121-generic #170-Ubuntu SMP Wed Jun 14 09:04:33 UTC 2017 x86_64 x86_64
Memory: 2.9392738342285156 GB (1759.671875 MB free)
Uptime: 46722.0 sec
Load Avg:  1.10595703125  1.5029296875  1.458984375
Intel(R) Xeon(R) CPU E3-1241 v3 @ 3.50GHz: 
       speed         user         nice          sys         idle          irq
#1  3499 MHz    2826586 s       4674 s     255194 s    1051725 s         95 s
#2  3499 MHz    1210278 s       3181 s     132644 s    3183997 s          2 s

  BLAS: libopenblas (USE64BITINT DYNAMIC_ARCH NO_AFFINITY Nehalem)
  LAPACK: libopenblas64_
  LIBM: libopenlibm
  LLVM: libLLVM-3.7.1 (ORCJIT, haswell)
Environment:
  TERM = vt100
  LD_LIBRARY_PATH = :/usr/local/lib/
  PATH = /usr/local/sbin:/usr/local/bin:/usr/sbin:/usr/bin:/sbin:/bin:/usr/games:/usr/local/games:/home/vagrant/julia/bin/
  JAVA_HOME = /usr/lib/jvm/java-8-openjdk-amd64
  HOME = /home/vagrant

Package Directory: /home/vagrant/.julia/v0.5
2 required packages:
 - Hinton                        0.1.1
 - JSON                          0.13.0
9 additional packages:
 - ColorTypes                    0.5.2
 - Colors                        0.7.4
 - Compat                        0.27.0
 - Compose                       0.5.3
 - DataStructures                0.6.0
 - FixedPointNumbers             0.3.8
 - IterTools                     0.1.0
 - Measures                      0.1.0
 - Reexport                      0.0.3
INFO: Testing Hinton
WARNING: Base.UTF8String is deprecated, use String instead.
  likely near /home/vagrant/.julia/v0.5/Hinton/src/text.jl:10
WARNING: Base.UTF8String is deprecated, use String instead.
  likely near /home/vagrant/.julia/v0.5/Hinton/src/text.jl:10
WARNING: Base.UTF8String is deprecated, use String instead.
  likely near /home/vagrant/.julia/v0.5/Hinton/src/text.jl:10
WARNING: Base.UTF8String is deprecated, use String instead.
  likely near /home/vagrant/.julia/v0.5/Hinton/src/text.jl:23
WARNING: Base.UTF8String is deprecated, use String instead.
  likely near /home/vagrant/.julia/v0.5/Hinton/src/text.jl:23
WARNING: Base.UTF8String is deprecated, use String instead.
  likely near /home/vagrant/.julia/v0.5/Hinton/src/text.jl:23
WARNING: Base.UTF8String is deprecated, use String instead.
  likely near /home/vagrant/.julia/v0.5/Hinton/src/text.jl:23
WARNING: Base.UTF8String is deprecated, use String instead.
  likely near /home/vagrant/.julia/v0.5/Hinton/src/text.jl:23
WARNING: Base.UTF8String is deprecated, use String instead.
  likely near /home/vagrant/.julia/v0.5/Hinton/src/text.jl:23
WARNING: Base.UTF8String is deprecated, use String instead.
  likely near /home/vagrant/.julia/v0.5/Hinton/src/text.jl:23
WARNING: Base.UTF8String is deprecated, use String instead.
  likely near /home/vagrant/.julia/v0.5/Hinton/src/text.jl:23
WARNING: Base.UTF8String is deprecated, use String instead.
  likely near /home/vagrant/.julia/v0.5/Hinton/src/text.jl:23
WARNING: Base.UTF8String is deprecated, use String instead.
  likely near /home/vagrant/.julia/v0.5/Hinton/src/text.jl:23
WARNING: Base.UTF8String is deprecated, use String instead.
  likely near /home/vagrant/.julia/v0.5/Hinton/src/text.jl:23
WARNING: Base.UTF8String is deprecated, use String instead.
  likely near /home/vagrant/.julia/v0.5/Hinton/src/text.jl:23
INFO: Hinton tests passed

>>> End of log
