>>> 'Pkg.add("Hive")' log
INFO: Cloning cache of Hive from git://github.com/JuliaDB/Hive.jl.git
INFO: Installing DataArrays v0.3.8
INFO: Installing DataFrames v0.8.3
INFO: Installing FileIO v0.1.2
INFO: Installing GZip v0.2.20
INFO: Installing Hive v0.0.3
INFO: Installing Reexport v0.0.3
INFO: Installing SortingAlgorithms v0.1.0
INFO: Installing StatsBase v0.10.0
INFO: Installing Thrift v0.0.6
INFO: Package database updated

>>> 'Pkg.test("Hive")' log
Julia Version 0.4.7
Commit ae26b25 (2016-09-18 16:17 UTC)
Platform Info:
  System: Linux (x86_64-pc-linux-gnu)
  CPU: Intel(R) Xeon(R) CPU E3-1241 v3 @ 3.50GHz
  WORD_SIZE: 64
           Ubuntu 14.04.5 LTS
  uname: Linux 3.13.0-96-generic #143-Ubuntu SMP Mon Aug 29 20:15:20 UTC 2016 x86_64 x86_64
Memory: 2.4471054077148438 GB (335.17578125 MB free)
Uptime: 29051.0 sec
Load Avg:  1.14306640625  0.96484375  1.0498046875
Intel(R) Xeon(R) CPU E3-1241 v3 @ 3.50GHz: 
       speed         user         nice          sys         idle          irq
#1  3498 MHz    1617574 s       3834 s     143728 s     934422 s         72 s
#2  3498 MHz     786078 s       3115 s     120712 s    1837051 s         18 s

  BLAS: libopenblas (USE64BITINT DYNAMIC_ARCH NO_AFFINITY Nehalem)
  LAPACK: libopenblas64_
  LIBM: libopenlibm
  LLVM: libLLVM-3.3
Environment:
  TERM = vt100
  LD_LIBRARY_PATH = :/usr/local/lib/
  PATH = /usr/local/sbin:/usr/local/bin:/usr/sbin:/usr/bin:/sbin:/bin:/usr/games:/usr/local/games:/home/vagrant/julia/bin/
  JAVA_HOME = /usr/lib/jvm/java-7-oracle
  HOME = /home/vagrant

Package Directory: /home/vagrant/.julia/v0.4
2 required packages:
 - Hive                          0.0.3
 - JSON                          0.7.1
9 additional packages:
 - Compat                        0.9.2
 - DataArrays                    0.3.8
 - DataFrames                    0.8.3
 - FileIO                        0.1.2
 - GZip                          0.2.20
 - Reexport                      0.0.3
 - SortingAlgorithms             0.1.0
 - StatsBase                     0.10.0
 - Thrift                        0.0.6
INFO: Testing Hive
INFO: Hive tests passed

>>> End of log
