>>> 'Pkg.add("HPack")' log
INFO: Cloning cache of HPack from https://github.com/sorpaas/HPack.jl.git
INFO: Installing HPack v0.1.0
INFO: Installing HttpCommon v0.2.6
INFO: Installing URIParser v0.1.6
INFO: Package database updated
INFO: METADATA is out-of-date — you may not have the latest version of HPack
INFO: Use `Pkg.update()` to get the latest versions of your packages

>>> 'Pkg.test("HPack")' log
Julia Version 0.6.0-dev.787
Commit c71f205 (2016-09-26 16:28 UTC)
Platform Info:
  OS: Linux (x86_64-pc-linux-gnu)
  CPU: Intel(R) Xeon(R) CPU E3-1241 v3 @ 3.50GHz
  WORD_SIZE: 64
           Ubuntu 14.04.5 LTS
  uname: Linux 3.13.0-96-generic #143-Ubuntu SMP Mon Aug 29 20:15:20 UTC 2016 x86_64 x86_64
Memory: 2.9392929077148438 GB (373.1015625 MB free)
Uptime: 27242.0 sec
Load Avg:  1.13427734375  1.0234375  1.1376953125
Intel(R) Xeon(R) CPU E3-1241 v3 @ 3.50GHz: 
       speed         user         nice          sys         idle          irq
#1  3496 MHz    1756756 s       5506 s     184326 s     627646 s         47 s
#2  3496 MHz     409720 s       2121 s      94967 s    2110488 s          8 s

  BLAS: libopenblas (USE64BITINT DYNAMIC_ARCH NO_AFFINITY Nehalem)
  LAPACK: libopenblas64_
  LIBM: libopenlibm
  LLVM: libLLVM-3.7.1 (ORCJIT, haswell)
Environment:
  TERM = vt100
  LD_LIBRARY_PATH = :/usr/local/lib/
  PATH = /usr/local/sbin:/usr/local/bin:/usr/sbin:/usr/bin:/sbin:/bin:/usr/games:/usr/local/games:/home/vagrant/julia/bin/
  JAVA_HOME = /usr/lib/jvm/java-7-oracle
  HOME = /home/vagrant

Package Directory: /home/vagrant/.julia/v0.6
2 required packages:
 - HPack                         0.1.0
 - JSON                          0.7.1
3 additional packages:
 - Compat                        0.9.2
 - HttpCommon                    0.2.6
 - URIParser                     0.1.6
INFO: Testing HPack
WARNING: ascii(v::Vector{UInt8}) is deprecated, use ascii(String(v)) instead.
 in depwarn(::String, ::Symbol) at ./deprecated.jl:64
 in ascii(::Array{UInt8,1}) at ./deprecated.jl:50
 in decode(::HPack.DynamicTable, ::Base.AbstractIOBuffer{Array{UInt8,1}}) at /home/vagrant/.julia/v0.6/HPack/src/decode.jl:78
 in include_from_node1(::String) at ./loading.jl:532
 in include(::String) at ./sysimg.jl:14
 in include_from_node1(::String) at ./loading.jl:532
 in include(::String) at ./sysimg.jl:14
 in process_options(::Base.JLOptions) at ./client.jl:268
 in _start() at ./client.jl:332
while loading /home/vagrant/.julia/v0.6/HPack/test/codes.jl, in expression starting on line 6
WARNING: readbytes is deprecated, use read instead.
 in depwarn(::String, ::Symbol) at ./deprecated.jl:64
 in readbytes(::Base.AbstractIOBuffer{Array{UInt8,1}}, ::Vararg{Any,N}) at ./deprecated.jl:30
 in decode_string(::Base.AbstractIOBuffer{Array{UInt8,1}}) at /home/vagrant/.julia/v0.6/HPack/src/decode.jl:34
 in decode_literal(::HPack.DynamicTable, ::Base.AbstractIOBuffer{Array{UInt8,1}}, ::Bool) at /home/vagrant/.julia/v0.6/HPack/src/decode.jl:48
 in decode(::HPack.DynamicTable, ::Base.AbstractIOBuffer{Array{UInt8,1}}) at /home/vagrant/.julia/v0.6/HPack/src/decode.jl:89
 in include_from_node1(::String) at ./loading.jl:532
 in include(::String) at ./sysimg.jl:14
 in include_from_node1(::String) at ./loading.jl:532
 in include(::String) at ./sysimg.jl:14
 in process_options(::Base.JLOptions) at ./client.jl:268
 in _start() at ./client.jl:332
while loading /home/vagrant/.julia/v0.6/HPack/test/codes.jl, in expression starting on line 23
Headers
======================
Pair{AbstractString,AbstractString}("server","nghttpd nghttp2/1.10.0")
Pair{AbstractString,AbstractString}("content-type","text/html; charset=UTF-8")
Pair{AbstractString,AbstractString}("date","Thu, 02 Jun 2016 19:25:35 GMT")
Pair{AbstractString,AbstractString}(":status","404")
INFO: HPack tests passed

>>> End of log
