>>> 'Pkg.add("HPack")' log
INFO: Cloning cache of HPack from git://github.com/sorpaas/HPack.jl.git
INFO: Installing HPack v0.1.0
INFO: Installing HttpCommon v0.2.6
INFO: Installing URIParser v0.1.6
INFO: Package database updated

>>> 'Pkg.test("HPack")' log
Julia Version 0.4.6
Commit 2e358ce (2016-06-19 17:16 UTC)
Platform Info:
  System: Linux (x86_64-unknown-linux-gnu)
  CPU: Intel(R) Xeon(R) CPU E3-1241 v3 @ 3.50GHz
  WORD_SIZE: 64
           Ubuntu 14.04.5 LTS
  uname: Linux 3.13.0-95-generic #142-Ubuntu SMP Fri Aug 12 17:00:09 UTC 2016 x86_64 x86_64
Memory: 2.4471054077148438 GB (931.91796875 MB free)
Uptime: 28926.0 sec
Load Avg:  0.94482421875  1.21435546875  1.564453125
Intel(R) Xeon(R) CPU E3-1241 v3 @ 3.50GHz: 
       speed         user         nice          sys         idle          irq
#1  3500 MHz    1289456 s       1302 s     145719 s    1105477 s         75 s
#2  3500 MHz     876286 s       5683 s     130254 s    1744733 s          0 s

  BLAS: libopenblas (USE64BITINT DYNAMIC_ARCH NO_AFFINITY Nehalem)
  LAPACK: libopenblas64_
  LIBM: libopenlibm
  LLVM: libLLVM-3.3
Environment:
  TERM = vt100
  LD_LIBRARY_PATH = :/usr/local/lib/
  PATH = /usr/local/sbin:/usr/local/bin:/usr/sbin:/usr/bin:/sbin:/bin:/usr/games:/usr/local/games:/home/vagrant/julia/bin/
  JAVA_HOME = /usr/lib/jvm/java-7-oracle
  HOME = /home/vagrant

Package Directory: /home/vagrant/.julia/v0.4
2 required packages:
 - HPack                         0.1.0
 - JSON                          0.7.0
3 additional packages:
 - Compat                        0.9.2
 - HttpCommon                    0.2.6
 - URIParser                     0.1.6
INFO: Testing HPack
Headers
======================
Pair{AbstractString,AbstractString}("server","nghttpd nghttp2/1.10.0")
Pair{AbstractString,AbstractString}("content-type","text/html; charset=UTF-8")
Pair{AbstractString,AbstractString}("date","Thu, 02 Jun 2016 19:25:35 GMT")
Pair{AbstractString,AbstractString}(":status","404")
INFO: HPack tests passed

>>> End of log
