>>> 'Pkg.add("HPAT")' log
INFO: Cloning cache of HPAT from https://github.com/IntelLabs/HPAT.jl.git
INFO: Cloning cache of MPI from https://github.com/JuliaParallel/MPI.jl.git
INFO: Cloning cache of ParallelAccelerator from https://github.com/IntelLabs/ParallelAccelerator.jl.git
INFO: Installing Cairo v0.2.31
INFO: Installing ColorTypes v0.2.1
INFO: Installing ColorVectorSpace v0.1.1
INFO: Installing Colors v0.6.3
INFO: Installing CompilerTools v0.1.4
INFO: Installing Dates v0.4.4
INFO: Installing DocOpt v0.1.2
INFO: Installing FileIO v0.0.4
INFO: Installing FixedPointNumbers v0.1.2
INFO: Installing Graphics v0.1.3
INFO: Installing HPAT v0.0.2
INFO: Installing ImageMagick v0.1.3
INFO: Installing Images v0.5.3
INFO: Installing IniFile v0.2.5
INFO: Installing MPI v0.3.2
INFO: Installing ParallelAccelerator v0.1.6
INFO: Installing SIUnits v0.0.6
INFO: Installing TexExtensions v0.0.3
INFO: Installing Tk v0.3.7
INFO: Installing Winston v0.11.13
INFO: Building Cairo
INFO: Building MPI
INFO: Attempting to Create directory /home/vagrant/.julia/v0.5/MPI/deps/build
INFO: Changing Directory to /home/vagrant/.julia/v0.5/MPI/deps/build
-- The Fortran compiler identification is GNU
-- The C compiler identification is GNU 4.8.4
-- Check for working Fortran compiler: /usr/bin/f95
-- Check for working Fortran compiler: /usr/bin/f95  -- works
-- Detecting Fortran compiler ABI info
-- Detecting Fortran compiler ABI info - done
-- Checking whether /usr/bin/f95 supports Fortran 90
-- Checking whether /usr/bin/f95 supports Fortran 90 -- yes
-- Check for working C compiler: /usr/bin/cc
-- Check for working C compiler: /usr/bin/cc -- works
-- Detecting C compiler ABI info
-- Detecting C compiler ABI info - done
-- Found Git: /usr/bin/git (found version "1.9.1") 
CMake Error at /usr/share/cmake-2.8/Modules/FindPackageHandleStandardArgs.cmake:108 (message):
  Could NOT find MPI_C (missing: MPI_C_LIBRARIES MPI_C_INCLUDE_PATH)
Call Stack (most recent call first):
  /usr/share/cmake-2.8/Modules/FindPackageHandleStandardArgs.cmake:315 (_FPHSA_FAILURE_MESSAGE)
  /usr/share/cmake-2.8/Modules/FindMPI.cmake:587 (find_package_handle_standard_args)
  CMakeLists.txt:5 (find_package)


-- Configuring incomplete, errors occurred!
See also "/home/vagrant/.julia/v0.5/MPI/deps/build/CMakeFiles/CMakeOutput.log".
=================================[ ERROR: MPI ]=================================

LoadError: failed process: Process(`cmake -DCMAKE_INSTALL_PREFIX=/home/vagrant/.julia/v0.5/MPI/deps/src -DCMAKE_LIB_INSTALL_PREFIX=/home/vagrant/.julia/v0.5/MPI/deps/usr/lib ..`, ProcessExited(1)) [1]
while loading /home/vagrant/.julia/v0.5/MPI/deps/build.jl, in expression starting on line 49

================================================================================
INFO: Building Tk
INFO: Building ImageMagick
WARNING: readall is deprecated, use readstring instead.
 [inlined code] from ./error.jl:26
 in depwarn(::ASCIIString, ::Symbol) at ./deprecated.jl:64
 in readall(::ASCIIString, ::Vararg{ASCIIString}) at ./deprecated.jl:30
 in include(::ASCIIString) at ./boot.jl:264
 in include_from_node1(::ASCIIString) at ./loading.jl:417
 in eval(::Module, ::Any) at ./boot.jl:267
 [inlined code] from ./sysimg.jl:14
 in evalfile(::ASCIIString, ::Array{UTF8String,1}) at ./loading.jl:433 (repeats 2 times)
 in cd(::##2#4, ::ASCIIString) at ./file.jl:48
 in (::##1#3)(::IOStream) at ./none:13
 in open(::##1#3, ::ASCIIString, ::ASCIIString) at ./iostream.jl:114
 in eval(::Module, ::Any) at ./boot.jl:267
 [inlined code] from ./sysimg.jl:14
 in process_options(::Base.JLOptions) at ./client.jl:239
 in _start() at ./client.jl:318
while loading /home/vagrant/.julia/v0.5/ImageMagick/deps/build.jl, in expression starting on line 96
INFO: Building ParallelAccelerator
ParallelAccelerator: build.jl begin.
ParallelAccelerator: Building j2c-array shared library
MKL not detected (optional)
OpenBlas not detected (optional)
Using g++ to build ParallelAccelerator array runtime.
ParallelAccelerator: build.jl done.

================================[ BUILD ERRORS ]================================

WARNING: MPI had build errors.

 - packages with build errors remain installed in /home/vagrant/.julia/v0.5
 - build the package(s) and all dependencies with `Pkg.build("MPI")`
 - build a single package by running its `deps/build.jl` script

================================================================================
INFO: Package database updated
INFO: METADATA is out-of-date — you may not have the latest version of HPAT
INFO: Use `Pkg.update()` to get the latest versions of your packages

>>> 'Pkg.test("HPAT")' log
Julia Version 0.5.0-dev+3184
Commit fb283c6 (2016-03-17 08:49 UTC)
Platform Info:
  System: Linux (x86_64-unknown-linux-gnu)
  CPU: Intel(R) Xeon(R) CPU E3-1241 v3 @ 3.50GHz
  WORD_SIZE: 64
  BLAS: libopenblas (USE64BITINT DYNAMIC_ARCH NO_AFFINITY Nehalem)
  LAPACK: libopenblas64_
  LIBM: libopenlibm
  LLVM: libLLVM-3.7.1 (ORCJIT, haswell)
INFO: Testing HPAT
WARNING: Base.LambdaStaticData is deprecated, use LambdaInfo instead.
  likely near /home/vagrant/.julia/v0.5/CompilerTools/src/ast_walk.jl:458
WARNING: Base.LambdaStaticData is deprecated, use LambdaInfo instead.
  likely near /home/vagrant/.julia/v0.5/CompilerTools/src/ast_walk.jl:459
WARNING: Base.LambdaStaticData is deprecated, use LambdaInfo instead.
  likely near /home/vagrant/.julia/v0.5/CompilerTools/src/lambda.jl:458
WARNING: Base.LambdaStaticData is deprecated, use LambdaInfo instead.
  likely near /home/vagrant/.julia/v0.5/CompilerTools/src/lambda.jl:458
WARNING: Base.LambdaStaticData is deprecated, use LambdaInfo instead.
  likely near /home/vagrant/.julia/v0.5/CompilerTools/src/lambda.jl:458
WARNING: Base.LambdaStaticData is deprecated, use LambdaInfo instead.
  likely near /home/vagrant/.julia/v0.5/CompilerTools/src/lambda.jl:459
WARNING: Base.LambdaStaticData is deprecated, use LambdaInfo instead.
  likely near /home/vagrant/.julia/v0.5/CompilerTools/src/read-write-set.jl:458
WARNING: Base.LambdaStaticData is deprecated, use LambdaInfo instead.
  likely near /home/vagrant/.julia/v0.5/CompilerTools/src/read-write-set.jl:459
WARNING: Base.LambdaStaticData is deprecated, use LambdaInfo instead.
  likely near /home/vagrant/.julia/v0.5/CompilerTools/src/read-write-set.jl:458
WARNING: Base.LambdaStaticData is deprecated, use LambdaInfo instead.
  likely near /home/vagrant/.julia/v0.5/CompilerTools/src/read-write-set.jl:459
WARNING: Base.LambdaStaticData is deprecated, use LambdaInfo instead.
  likely near /home/vagrant/.julia/v0.5/CompilerTools/src/CFGs.jl:458
WARNING: Base.LambdaStaticData is deprecated, use LambdaInfo instead.
  likely near /home/vagrant/.julia/v0.5/CompilerTools/src/CFGs.jl:459
WARNING: Base.LambdaStaticData is deprecated, use LambdaInfo instead.
  likely near /home/vagrant/.julia/v0.5/CompilerTools/src/CFGs.jl:458
WARNING: Base.LambdaStaticData is deprecated, use LambdaInfo instead.
  likely near /home/vagrant/.julia/v0.5/CompilerTools/src/CFGs.jl:459
WARNING: Base.LambdaStaticData is deprecated, use LambdaInfo instead.
  likely near /home/vagrant/.julia/v0.5/CompilerTools/src/liveness.jl:458
WARNING: Base.LambdaStaticData is deprecated, use LambdaInfo instead.
  likely near /home/vagrant/.julia/v0.5/CompilerTools/src/liveness.jl:459
WARNING: Base.LambdaStaticData is deprecated, use LambdaInfo instead.
  likely near /home/vagrant/.julia/v0.5/CompilerTools/src/liveness.jl:458
WARNING: Base.LambdaStaticData is deprecated, use LambdaInfo instead.
  likely near /home/vagrant/.julia/v0.5/CompilerTools/src/liveness.jl:459
WARNING: Base.LambdaStaticData is deprecated, use LambdaInfo instead.
  likely near /home/vagrant/.julia/v0.5/CompilerTools/src/alias-analysis.jl:282
WARNING: Base.LambdaStaticData is deprecated, use LambdaInfo instead.
  likely near /home/vagrant/.julia/v0.5/CompilerTools/src/alias-analysis.jl:282
WARNING: Base.LambdaStaticData is deprecated, use LambdaInfo instead.
  likely near /home/vagrant/.julia/v0.5/CompilerTools/src/alias-analysis.jl:282
WARNING: Base.LambdaStaticData is deprecated, use LambdaInfo instead.
  likely near /home/vagrant/.julia/v0.5/ParallelAccelerator/src/domain-ir.jl:458
WARNING: Base.LambdaStaticData is deprecated, use LambdaInfo instead.
  likely near /home/vagrant/.julia/v0.5/ParallelAccelerator/src/domain-ir.jl:459
WARNING: Base.LambdaStaticData is deprecated, use LambdaInfo instead.
  likely near /home/vagrant/.julia/v0.5/ParallelAccelerator/src/domain-ir.jl:2070
WARNING: Base.LambdaStaticData is deprecated, use LambdaInfo instead.
  likely near /home/vagrant/.julia/v0.5/ParallelAccelerator/src/parallel-ir.jl:458
WARNING: Base.LambdaStaticData is deprecated, use LambdaInfo instead.
  likely near /home/vagrant/.julia/v0.5/ParallelAccelerator/src/parallel-ir.jl:459
WARNING: Base.LambdaStaticData is deprecated, use LambdaInfo instead.
  likely near /home/vagrant/.julia/v0.5/ParallelAccelerator/src/parallel-ir.jl:2441
WARNING: Base.LambdaStaticData is deprecated, use LambdaInfo instead.
  likely near /home/vagrant/.julia/v0.5/ParallelAccelerator/src/parallel-ir.jl:3386
ERROR: LoadError: LoadError: LoadError: LoadError: LoadError: could not open file /home/vagrant/.julia/v0.5/MPI/src/../deps/src/compile-time.jl
 in include(::ASCIIString) at ./boot.jl:264
 in include_from_node1(::ASCIIString) at ./loading.jl:417
 in include(::ASCIIString) at ./boot.jl:264
 in include_from_node1(::ASCIIString) at ./loading.jl:417
 in eval(::Module, ::Any) at ./boot.jl:267
 [inlined code] from ./sysimg.jl:14
 in require(::Symbol) at ./loading.jl:348
 in include(::ASCIIString) at ./boot.jl:264
 in include_from_node1(::ASCIIString) at ./loading.jl:417
 in include(::ASCIIString) at ./boot.jl:264
 in include_from_node1(::ASCIIString) at ./loading.jl:417
 in eval(::Module, ::Any) at ./boot.jl:267
 [inlined code] from ./sysimg.jl:14
 in require(::Symbol) at ./loading.jl:348
 in include(::ASCIIString) at ./boot.jl:264
 in include_from_node1(::ASCIIString) at ./loading.jl:417
 in eval(::Module, ::Any) at ./boot.jl:267
 [inlined code] from ./sysimg.jl:14
 in require(::Symbol) at ./loading.jl:348
 in include(::ASCIIString) at ./boot.jl:264
 in include_from_node1(::UTF8String) at ./loading.jl:417
 in process_options(::Base.JLOptions) at ./client.jl:262
 in _start() at ./client.jl:318
while loading /home/vagrant/.julia/v0.5/MPI/src/MPI.jl, in expression starting on line 5
while loading /home/vagrant/.julia/v0.5/ParallelAccelerator/src/cgen.jl, in expression starting on line 150
while loading /home/vagrant/.julia/v0.5/ParallelAccelerator/src/ParallelAccelerator.jl, in expression starting on line 238
while loading /home/vagrant/.julia/v0.5/HPAT/src/HPAT.jl, in expression starting on line 37
while loading /home/vagrant/.julia/v0.5/HPAT/test/runtests.jl, in expression starting on line 1
================================[ ERROR: HPAT ]=================================

failed process: Process(`/home/vagrant/julia/bin/julia -Cx86-64 -J/home/vagrant/julia/lib/julia/sys.so --compile=yes --check-bounds=yes --code-coverage=none --color=no /home/vagrant/.julia/v0.5/HPAT/test/runtests.jl`, ProcessExited(1)) [1]

================================================================================
ERROR: Base.Pkg.PkgError("HPAT had test errors")
 in #test#55(::Bool, ::Any, ::Array{AbstractString,1}) at ./pkg/entry.jl:671
 [inlined code] from ./boot.jl:331
 in (::Base.Pkg.Dir.##2#3{Array{Any,1},Base.Pkg.Entry.#test,Tuple{Array{AbstractString,1}}})() at ./pkg/dir.jl:31
 in cd(::Base.Pkg.Dir.##2#3{Array{Any,1},Base.Pkg.Entry.#test,Tuple{Array{AbstractString,1}}}, ::ASCIIString) at ./file.jl:48
 in #cd#1(::Array{Any,1}, ::Any, ::Any, ::Array{AbstractString,1}, ::Vararg{Array{AbstractString,1}}) at ./pkg/dir.jl:31
 [inlined code] from ./boot.jl:331
 in #test#3(::Bool, ::Any, ::ASCIIString, ::Vararg{ASCIIString}) at ./pkg.jl:228
 in eval(::Module, ::Any) at ./boot.jl:267
 [inlined code] from ./sysimg.jl:14
 in process_options(::Base.JLOptions) at ./client.jl:239
 in _start() at ./client.jl:318

>>> End of log
