>>> 'Pkg.add("HTML_Entities")' log
INFO: Cloning cache of HTML_Entities from https://github.com/JuliaString/HTML_Entities.jl.git
INFO: Cloning cache of StrTables from https://github.com/JuliaString/StrTables.jl.git
INFO: Installing HTML_Entities v0.2.1
INFO: Installing StrTables v0.2.0
INFO: Building HTML_Entities
Running HTML entity build in /home/vagrant/.julia/v0.6/HTML_Entities/deps
Creating tables
Saving tables to /home/vagrant/.julia/v0.6/HTML_Entities/data/html.dat
Done
INFO: Package database updated

>>> 'Pkg.test("HTML_Entities")' log
Julia Version 0.6.2
Commit d386e40c17 (2017-12-13 18:08 UTC)
Platform Info:
  OS: Linux (x86_64-pc-linux-gnu)
  CPU: Intel(R) Xeon(R) CPU E3-1241 v3 @ 3.50GHz
  WORD_SIZE: 64
           Ubuntu 14.04.5 LTS
  uname: Linux 3.13.0-143-generic #192-Ubuntu SMP Tue Feb 27 10:45:36 UTC 2018 x86_64 x86_64
Memory: 2.939197540283203 GB (480.69140625 MB free)
Uptime: 24172.0 sec
Load Avg:  1.18408203125  0.97314453125  1.03759765625
Intel(R) Xeon(R) CPU E3-1241 v3 @ 3.50GHz: 
       speed         user         nice          sys         idle          irq
#1  3504 MHz    1316438 s       1372 s     118030 s     662653 s         23 s
#2  3504 MHz     285183 s       5622 s      51496 s    2028573 s          0 s

  BLAS: libopenblas (USE64BITINT DYNAMIC_ARCH NO_AFFINITY Nehalem)
  LAPACK: libopenblas64_
  LIBM: libopenlibm
  LLVM: libLLVM-3.9.1 (ORCJIT, haswell)
Environment:
  TERM = vt100
  LD_LIBRARY_PATH = :/usr/local/lib/
  PATH = /usr/local/sbin:/usr/local/bin:/usr/sbin:/usr/bin:/sbin:/bin:/usr/games:/usr/local/games:/home/vagrant/julia/bin/
  JAVA_HOME = /usr/lib/jvm/java-8-openjdk-amd64
  HOME = /home/vagrant

Package Directory: /home/vagrant/.julia/v0.6
2 required packages:
 - HTML_Entities                 0.2.1              8964cabf (dirty)
 - JSON                          0.17.2
3 additional packages:
 - Compat                        0.64.0
 - Nullables                     0.0.5
 - StrTables                     0.2.0
INFO: Testing HTML_Entities
Test Summary: | Pass  Total
HTML_Entities |   30     30
INFO: HTML_Entities tests passed

>>> End of log
