>>> 'Pkg.add("HttpServer")' log
INFO: Installing HttpServer v0.1.5
INFO: Building HttpParser
INFO: Building MbedTLS
INFO: Package database updated
INFO: METADATA is out-of-date — you may not have the latest version of HttpServer
INFO: Use `Pkg.update()` to get the latest versions of your packages

>>> 'Pkg.test("HttpServer")' log
Julia Version 0.5.0-dev+2335
Commit 5b1b0c5 (2016-01-28 04:34 UTC)
Platform Info:
  System: Linux (x86_64-unknown-linux-gnu)
  CPU: Intel(R) Xeon(R) CPU E3-1241 v3 @ 3.50GHz
  WORD_SIZE: 64
  BLAS: libopenblas (USE64BITINT DYNAMIC_ARCH NO_AFFINITY Nehalem)
  LAPACK: libopenblas64_
  LIBM: libopenlibm
  LLVM: libLLVM-3.7.1
INFO: Computing test dependencies for HttpServer...
INFO: Installing FactCheck v0.4.2
INFO: Testing HttpServer
INFO: Recompiling stale cache file /home/vagrant/.julia/lib/v0.5/MbedTLS.ji for module MbedTLS.
WARNING: Method definition call(Type{MbedTLS.CipherInfo}, MbedTLS.CipherKind) in module MbedTLS at /home/vagrant/.julia/v0.5/MbedTLS/src/cipher.jl:117 overwritten at /home/vagrant/.julia/v0.5/MbedTLS/src/cipher.jl:167.
WARNING: Method definition parse_key!(MbedTLS.PKContext, Any, Any) in module MbedTLS at /home/vagrant/.julia/v0.5/MbedTLS/src/pk.jl:38 overwritten at /home/vagrant/.julia/v0.5/MbedTLS/src/pk.jl:51.
INFO: Recompiling stale cache file /home/vagrant/.julia/lib/v0.5/HttpServer.ji for module HttpServer.
INFO: Recompiling stale cache file /home/vagrant/.julia/lib/v0.5/HttpParser.ji for module HttpParser.
HttpServer utility functions:
  > `write` correctly writes data response
5 facts verified.
INFO: Recompiling stale cache file /home/vagrant/.julia/lib/v0.5/Requests.ji for module Requests.
WARNING: Base.FS is deprecated.
  likely near /home/vagrant/.julia/v0.5/Requests/src/Requests.jl:10
WARNING: New definition 
    write(Requests.ResponseStream, AbstractArray) at /home/vagrant/.julia/v0.5/Requests/src/streaming.jl:115
is ambiguous with: 
    write(Base.IO, Array{UInt8, N<:Any}) at io.jl:154.
To fix, define 
    write(Requests.ResponseStream, Array{UInt8, N<:Any})
before the new definition.
WARNING: New definition 
    write(Requests.ResponseStream, AbstractArray) at /home/vagrant/.julia/v0.5/Requests/src/streaming.jl:115
is ambiguous with: 
    write(Base.IO, Array{#T<:Any, N<:Any}).
To fix, define 
    write(Requests.ResponseStream, Array{T<:Any, N<:Any})
before the new definition.
WARNING: New definition 
    write(Requests.ResponseStream, AbstractArray) at /home/vagrant/.julia/v0.5/Requests/src/streaming.jl:115
is ambiguous with: 
    write(Base.IO, Array{UInt8, N<:Any}) at io.jl:154.
To fix, define 
    write(Requests.ResponseStream, Array{UInt8, N<:Any})
before the new definition.
WARNING: New definition 
    write(Requests.ResponseStream, AbstractArray) at /home/vagrant/.julia/v0.5/Requests/src/streaming.jl:115
is ambiguous with: 
    write(Base.IO, Array{#T<:Any, N<:Any}).
To fix, define 
    write(Requests.ResponseStream, Array{T<:Any, N<:Any})
before the new definition.
WARNING: readall is deprecated, use readstring instead.
 in depwarn at ./deprecated.jl:64
 in readall at ./deprecated.jl:30
 [inlined code] from /home/vagrant/.julia/v0.5/MbedTLS/src/x509_crt.jl:36
 in get_default_tls_config at /home/vagrant/.julia/v0.5/Requests/src/streaming.jl:100
 in __init_streaming__ at /home/vagrant/.julia/v0.5/Requests/src/streaming.jl:220
 in __init__ at /home/vagrant/.julia/v0.5/Requests/src/Requests.jl:31
 in _require_from_serialized at ./loading.jl:165
 in _require_from_serialized at ./loading.jl:193
 in require at ./loading.jl:323
 in include at ./boot.jl:262
 in include_from_node1 at ./loading.jl:417
 in process_options at ./client.jl:245
 in _start at ./client.jl:301
while loading /home/vagrant/.julia/v0.5/HttpServer/test/runtests.jl, in expression starting on line 23
HttpServer runs
  > using HTTP protocol on 0.0.0.0:8000
Listening on 0.0.0.0:8000...
  > using HTTP protocol on 127.0.0.1:8001
Listening on 127.0.0.1:8001...
  > Testing HTTPS on port 8002
WARNING: readall is deprecated, use readstring instead.
 in depwarn at ./deprecated.jl:64
 in readall at ./deprecated.jl:30
 in crt_parse_file at /home/vagrant/.julia/v0.5/MbedTLS/src/x509_crt.jl:36
 in anonymous at /home/vagrant/.julia/v0.5/HttpServer/test/runtests.jl:71
 in context at /home/vagrant/.julia/v0.5/FactCheck/src/FactCheck.jl:474
 in anonymous at /home/vagrant/.julia/v0.5/HttpServer/test/runtests.jl:66
 in facts at /home/vagrant/.julia/v0.5/FactCheck/src/FactCheck.jl:448
 in include at ./boot.jl:262
 in include_from_node1 at ./loading.jl:417
 in process_options at ./client.jl:245
 in _start at ./client.jl:301
while loading /home/vagrant/.julia/v0.5/HttpServer/test/runtests.jl, in expression starting on line 25
Listening on 0.0.0.0:8002...
ERROR: LoadError: MbedTLS.SSLContext does not support byte I/O
 [inlined code] from ./io.jl:27
 in unsafe_write at ./io.jl:41
 [inlined code] from ./io.jl:135
 in write at ./io.jl:154
 in print at ./strings/io.jl:76
 in print at ./strings/io.jl:18
 [inlined code] from ./array.jl:263
 in send_headers at /home/vagrant/.julia/v0.5/Requests/src/streaming.jl:36
 in open_stream at /home/vagrant/.julia/v0.5/Requests/src/streaming.jl:215
 in do_stream_request at /home/vagrant/.julia/v0.5/Requests/src/Requests.jl:339
 in do_request at /home/vagrant/.julia/v0.5/Requests/src/Requests.jl:279
 [inlined code] from /home/vagrant/.julia/v0.5/Requests/src/Requests.jl:279
 in get at /home/vagrant/.julia/v0.5/Requests/src/Requests.jl:400
 in get at /home/vagrant/.julia/v0.5/Requests/src/Requests.jl:400
 in anonymous at /home/vagrant/.julia/v0.5/HttpServer/test/runtests.jl:77
 in context at /home/vagrant/.julia/v0.5/FactCheck/src/FactCheck.jl:474
 in anonymous at /home/vagrant/.julia/v0.5/HttpServer/test/runtests.jl:66
 in facts at /home/vagrant/.julia/v0.5/FactCheck/src/FactCheck.jl:448
 in include at ./boot.jl:262
 in include_from_node1 at ./loading.jl:417
 in process_options at ./client.jl:245
 in _start at ./client.jl:301
while loading /home/vagrant/.julia/v0.5/HttpServer/test/runtests.jl, in expression starting on line 25
=============================[ ERROR: HttpServer ]==============================

failed process: Process(`/home/vagrant/julia/bin/julia --check-bounds=yes --code-coverage=none --color=no /home/vagrant/.julia/v0.5/HttpServer/test/runtests.jl`, ProcessExited(1)) [1]

================================================================================
INFO: Removing FactCheck v0.4.2
ERROR: Base.Pkg.PkgError("HttpServer had test errors")
 in test at ./pkg/entry.jl:671
 in anonymous at ./pkg/dir.jl:31
 in cd at ./file.jl:47
 in cd at ./pkg/dir.jl:31
 in test at ./pkg.jl:228
 in eval at ./boot.jl:265
 [inlined code] from ./sysimg.jl:14
 in process_options at ./client.jl:222
 in _start at ./client.jl:301

>>> End of log
