>>> 'Pkg.add("HTTP2")' log
INFO: Cloning cache of HTTP2 from git://github.com/sorpaas/HTTP2.jl.git
INFO: Installing HPack v0.1.0
INFO: Installing HTTP2 v0.1.0
INFO: Installing HttpCommon v0.2.6
INFO: Installing URIParser v0.1.6
INFO: Package database updated

>>> 'Pkg.test("HTTP2")' log
Julia Version 0.4.7
Commit ae26b25 (2016-09-18 16:17 UTC)
Platform Info:
  System: Linux (x86_64-pc-linux-gnu)
  CPU: Intel(R) Xeon(R) CPU E3-1241 v3 @ 3.50GHz
  WORD_SIZE: 64
           Ubuntu 14.04.5 LTS
  uname: Linux 3.13.0-96-generic #143-Ubuntu SMP Mon Aug 29 20:15:20 UTC 2016 x86_64 x86_64
Memory: 2.4471054077148438 GB (262.875 MB free)
Uptime: 29330.0 sec
Load Avg:  1.18212890625  1.1044921875  1.0810546875
Intel(R) Xeon(R) CPU E3-1241 v3 @ 3.50GHz: 
       speed         user         nice          sys         idle          irq
#1  3498 MHz    1632548 s       3834 s     145100 s     944598 s         72 s
#2  3498 MHz     793752 s       3115 s     121940 s    1855130 s         18 s

  BLAS: libopenblas (USE64BITINT DYNAMIC_ARCH NO_AFFINITY Nehalem)
  LAPACK: libopenblas64_
  LIBM: libopenlibm
  LLVM: libLLVM-3.3
Environment:
  TERM = vt100
  LD_LIBRARY_PATH = :/usr/local/lib/
  PATH = /usr/local/sbin:/usr/local/bin:/usr/sbin:/usr/bin:/sbin:/bin:/usr/games:/usr/local/games:/home/vagrant/julia/bin/
  JAVA_HOME = /usr/lib/jvm/java-7-oracle
  HOME = /home/vagrant

Package Directory: /home/vagrant/.julia/v0.4
2 required packages:
 - HTTP2                         0.1.0
 - JSON                          0.7.1
4 additional packages:
 - Compat                        0.9.2
 - HPack                         0.1.0
 - HttpCommon                    0.2.6
 - URIParser                     0.1.6
INFO: Testing HTTP2
INFO: HTTP2 tests passed

>>> End of log
