>>> 'Pkg.add("HttpCommon")' log
WARNING: Base.Pkg is deprecated, run `using Pkg` instead
 in module Main
[ Info: Installing HttpCommon v0.4.0
[ Info: Installing URIParser v0.3.1
[ Info: Package database updated

>>> 'Pkg.test("HttpCommon")' log
WARNING: Base.versioninfo is deprecated: it has been moved to the standard library package `InteractiveUtils`.
Add `using InteractiveUtils` to your imports.
 in module Main
WARNING: Base.versioninfo is deprecated: it has been moved to the standard library package `InteractiveUtils`.
Add `using InteractiveUtils` to your imports.
 in module Main
Julia Version 0.7.0-DEV.4747
Commit bce5bbef9b (2018-04-04 21:54 UTC)
Platform Info:
  OS: Linux (x86_64-pc-linux-gnu)
      Ubuntu 14.04.5 LTS
  uname: Linux 3.13.0-143-generic #192-Ubuntu SMP Tue Feb 27 10:45:36 UTC 2018 x86_64 x86_64
  CPU: Intel(R) Xeon(R) CPU E3-1241 v3 @ 3.50GHz: 
              speed         user         nice          sys         idle          irq
       #1  3500 MHz    1262156 s        136 s     107166 s     339315 s         14 s
       #2  3500 MHz     259162 s         47 s      38772 s    1669666 s          1 s
       
  Memory: 2.939197540283203 GB (1185.6484375 MB free)
  Uptime: 20036.0 sec
  Load Avg:  0.9580078125  1.064453125  1.08349609375
  WORD_SIZE: 64
  LIBM: libopenlibm
  LLVM: libLLVM-3.9.1 (ORCJIT, haswell)
Environment:
  TERM = vt100
  LD_LIBRARY_PATH = :/usr/local/lib/
  PATH = /usr/local/sbin:/usr/local/bin:/usr/sbin:/usr/bin:/sbin:/bin:/usr/games:/usr/local/games:/home/vagrant/julia/bin/
  JAVA_HOME = /usr/lib/jvm/java-8-openjdk-amd64
  HOME = /home/vagrant
Packages:
  Package Directory: /home/vagrant/.julia/v0.7
  Package Status:
2 required packages:
 - HttpCommon                    0.4.0
 - JSON                          0.17.2
3 additional packages:
 - Compat                        0.63.0
 - Nullables                     0.0.5
 - URIParser                     0.3.1
WARNING: Base.Pkg is deprecated, run `using Pkg` instead
 in module Main
[ Info: Testing HttpCommon
┌ Warning: Vector{UInt8}(s::String) will copy data in the future. To avoid copying, use `unsafe_wrap` or `codeunits` instead.
│   caller = Request(::String, ::String, ::Dict{String,String}, ::String) at HttpCommon.jl:44
└ @ HttpCommon HttpCommon.jl:44
┌ Warning: Vector{UInt8}(s::String) will copy data in the future. To avoid copying, use `unsafe_wrap` or `codeunits` instead.
│   caller = Response(::Int64, ::Dict{String,String}, ::String) at HttpCommon.jl:97
└ @ HttpCommon HttpCommon.jl:97
┌ Warning: Vector{UInt8}(s::String) will copy data in the future. To avoid copying, use `unsafe_wrap` or `codeunits` instead.
│   caller = Response(::Int64, ::Dict{AbstractString,AbstractString}, ::String) at HttpCommon.jl:99
└ @ HttpCommon HttpCommon.jl:99
┌ Warning: Vector{UInt8}(s::String) will copy data in the future. To avoid copying, use `unsafe_wrap` or `codeunits` instead.
│   caller = Response(::Int64, ::String) at HttpCommon.jl:103
└ @ HttpCommon HttpCommon.jl:103
┌ Warning: Vector{UInt8}(s::String) will copy data in the future. To avoid copying, use `unsafe_wrap` or `codeunits` instead.
│   caller = Response(::String, ::Dict{String,String}) at HttpCommon.jl:104
└ @ HttpCommon HttpCommon.jl:104
┌ Warning: Vector{UInt8}(s::String) will copy data in the future. To avoid copying, use `unsafe_wrap` or `codeunits` instead.
│   caller = Response(::String, ::Dict{AbstractString,AbstractString}) at HttpCommon.jl:105
└ @ HttpCommon HttpCommon.jl:105
┌ Warning: Vector{UInt8}(s::String) will copy data in the future. To avoid copying, use `unsafe_wrap` or `codeunits` instead.
│   caller = Response(::String) at HttpCommon.jl:106
└ @ HttpCommon HttpCommon.jl:106
┌ Warning: `replace(s::AbstractString, pat, f)` is deprecated, use `replace(s, pat => f)` instead.
│   caller = escapeHTML(::String) at HttpCommon.jl:125
└ @ HttpCommon HttpCommon.jl:125
┌ Warning: `replace(s::AbstractString, pat, f)` is deprecated, use `replace(s, pat => f)` instead.
│   caller = escapeHTML(::String) at HttpCommon.jl:126
└ @ HttpCommon HttpCommon.jl:126
┌ Warning: `replace(s::AbstractString, pat, f)` is deprecated, use `replace(s, pat => f)` instead.
│   caller = escapeHTML(::String) at HttpCommon.jl:127
└ @ HttpCommon HttpCommon.jl:127
┌ Warning: `replace(s::AbstractString, pat, f)` is deprecated, use `replace(s, pat => f)` instead.
│   caller = escapeHTML(::String) at HttpCommon.jl:128
└ @ HttpCommon HttpCommon.jl:128
┌ Warning: `replace(s::AbstractString, pat, f)` is deprecated, use `replace(s, pat => f)` instead.
│   caller = escapeHTML(::String) at HttpCommon.jl:129
└ @ HttpCommon HttpCommon.jl:129
[ Info: HttpCommon tests passed

>>> End of log
