>>> 'Pkg.add("Humanize")' log
INFO: Installing Dates v0.4.4
INFO: Installing Humanize v0.3.0
INFO: Package database updated

>>> 'using Humanize' log
Julia Version 0.4.0-dev+1290
Commit df1fcba (2014-10-24 22:27 UTC)
Platform Info:
  System: Linux (x86_64-unknown-linux-gnu)
  CPU: Intel(R) Xeon(R) CPU E5-2650 0 @ 2.00GHz
  WORD_SIZE: 64
  BLAS: libopenblas (USE64BITINT DYNAMIC_ARCH NO_AFFINITY Sandybridge)
  LAPACK: libopenblas
  LIBM: libopenlibm
  LLVM: libLLVM-3.3

>>> test log
test_datasize
  dec
  bin
  gnu
test_timedelta
  direct
  DateTime diff
  Date diff
test_digitsep
  direct
INFO: Testing Humanize
INFO: Humanize tests passed
INFO: No packages to install, update or remove

>>> end of log
