>>> 'Pkg.add("HyperLogLog")' log
INFO: Cloning cache of HyperLogLog from git://github.com/johnmyleswhite/HyperLogLog.jl.git
INFO: Installing HyperLogLog v0.0.0
INFO: Package database updated

>>> 'using HyperLogLog' log

>>> test log
Running tests
 * test/utils.jl
 * test/HyperLogLog.jl

ERROR: assertion failed: cor(counts,repeat([1:n_points],outer=[n_b])) > 0.99
 in error at error.jl:21
 in include at ./boot.jl:245
 in include_from_node1 at ./loading.jl:128
 in anonymous at no file:7
 in include at ./boot.jl:245
 in include_from_node1 at loading.jl:128
 in process_options at ./client.jl:285
 in _start at ./client.jl:354
 in _start_3B_1718 at /home/idunning/julia03/usr/bin/../lib/julia/sys.so
while loading /home/idunning/pkgtest/.julia/v0.3/HyperLogLog/test/HyperLogLog.jl, in expression starting on line 24
while loading /home/idunning/pkgtest/.julia/v0.3/HyperLogLog/run_tests.jl, in expression starting on line 5

>>> end of log
