>>> 'Pkg.add("Images")' log
INFO: Installing AxisAlgorithms v0.1.6
INFO: Installing AxisArrays v0.1.2
INFO: Installing Calculus v0.2.2
INFO: Installing CatIndices v0.0.2
INFO: Installing ColorTypes v0.4.1
INFO: Installing ColorVectorSpace v0.4.2
INFO: Installing Colors v0.7.3
INFO: Installing ComputationalResources v0.0.2
INFO: Installing CoordinateTransformations v0.4.1
INFO: Installing CustomUnitRanges v0.0.4
INFO: Installing DataStructures v0.5.3
INFO: Installing DualNumbers v0.3.0
INFO: Installing FFTViews v0.0.2
INFO: Installing FileIO v0.3.1
INFO: Installing FixedPointNumbers v0.3.7
INFO: Installing Graphics v0.2.0
INFO: Installing ImageAxes v0.2.1
INFO: Installing ImageCore v0.3.0
INFO: Installing ImageFiltering v0.1.4
INFO: Installing ImageMetadata v0.2.3
INFO: Installing ImageTransformations v0.2.2
INFO: Installing Images v0.9.1
INFO: Installing IndirectArrays v0.1.1
INFO: Installing Interpolations v0.6.1
INFO: Installing IntervalSets v0.0.5
INFO: Installing Iterators v0.3.1
INFO: Installing MacroTools v0.3.6
INFO: Installing MappedArrays v0.0.7
INFO: Installing NaNMath v0.2.4
INFO: Installing OffsetArrays v0.3.0
INFO: Installing RangeArrays v0.1.2
INFO: Installing Ratios v0.0.4
INFO: Installing Reexport v0.0.3
INFO: Installing Rotations v0.5.0
INFO: Installing SIUnits v0.1.0
INFO: Installing ShowItLikeYouBuildIt v0.0.1
INFO: Installing SimpleTraits v0.5.0
INFO: Installing SpecialFunctions v0.1.1
INFO: Installing StaticArrays v0.5.0
INFO: Installing StatsBase v0.14.0
INFO: Installing TexExtensions v0.0.3
INFO: Installing TiledIteration v0.0.2
INFO: Installing WoodburyMatrices v0.2.2
INFO: Package database updated
INFO: METADATA is out-of-date — you may not have the latest version of Images
INFO: Use `Pkg.update()` to get the latest versions of your packages

>>> 'Pkg.test("Images")' log
Julia Version 0.6.0-pre.beta.0
Commit bd84fa1 (2017-03-31 12:58 UTC)
Platform Info:
  OS: Linux (x86_64-pc-linux-gnu)
  CPU: Intel(R) Xeon(R) CPU E3-1241 v3 @ 3.50GHz
  WORD_SIZE: 64
           Ubuntu 14.04.5 LTS
  uname: Linux 3.13.0-117-generic #164-Ubuntu SMP Fri Apr 7 11:05:26 UTC 2017 x86_64 x86_64
Memory: 2.9392738342285156 GB (462.1171875 MB free)
Uptime: 44582.0 sec
Load Avg:  0.853515625  0.93701171875  1.02197265625
Intel(R) Xeon(R) CPU E3-1241 v3 @ 3.50GHz: 
       speed         user         nice          sys         idle          irq
#1  3499 MHz    2656675 s         72 s     216755 s    1062627 s        148 s
#2  3499 MHz    1182460 s       6297 s     138440 s    2972329 s          4 s

  BLAS: libopenblas (USE64BITINT DYNAMIC_ARCH NO_AFFINITY Nehalem)
  LAPACK: libopenblas64_
  LIBM: libopenlibm
  LLVM: libLLVM-3.9.1 (ORCJIT, haswell)
Environment:
  TERM = vt100
  LD_LIBRARY_PATH = :/usr/local/lib/
  PATH = /usr/local/sbin:/usr/local/bin:/usr/sbin:/usr/bin:/sbin:/bin:/usr/games:/usr/local/games:/home/vagrant/julia/bin/
  JAVA_HOME = /usr/lib/jvm/java-7-oracle
  HOME = /home/vagrant

Package Directory: /home/vagrant/.julia/v0.6
2 required packages:
 - Images                        0.9.1
 - JSON                          0.10.0
43 additional packages:
 - AxisAlgorithms                0.1.6
 - AxisArrays                    0.1.2
 - Calculus                      0.2.2
 - CatIndices                    0.0.2
 - ColorTypes                    0.4.1
 - ColorVectorSpace              0.4.2
 - Colors                        0.7.3
 - Compat                        0.24.0
 - ComputationalResources        0.0.2
 - CoordinateTransformations     0.4.1
 - CustomUnitRanges              0.0.4
 - DataStructures                0.5.3
 - DualNumbers                   0.3.0
 - FFTViews                      0.0.2
 - FileIO                        0.3.1
 - FixedPointNumbers             0.3.7
 - Graphics                      0.2.0
 - ImageAxes                     0.2.1
 - ImageCore                     0.3.0
 - ImageFiltering                0.1.4
 - ImageMetadata                 0.2.3
 - ImageTransformations          0.2.2
 - IndirectArrays                0.1.1
 - Interpolations                0.6.1
 - IntervalSets                  0.0.5
 - Iterators                     0.3.1
 - MacroTools                    0.3.6
 - MappedArrays                  0.0.7
 - NaNMath                       0.2.4
 - OffsetArrays                  0.3.0
 - RangeArrays                   0.1.2
 - Ratios                        0.0.4
 - Reexport                      0.0.3
 - Rotations                     0.5.0
 - SIUnits                       0.1.0
 - ShowItLikeYouBuildIt          0.0.1
 - SimpleTraits                  0.5.0
 - SpecialFunctions              0.1.1
 - StaticArrays                  0.5.0
 - StatsBase                     0.14.0
 - TexExtensions                 0.0.3
 - TiledIteration                0.0.2
 - WoodburyMatrices              0.2.2
INFO: Computing test dependencies for Images...
INFO: Installing BinDeps v0.4.7
INFO: Installing FactCheck v0.4.3
INFO: Installing ImageMagick v0.2.4
INFO: Installing SHA v0.3.2
INFO: Installing URIParser v0.1.8
INFO: Building ImageMagick
INFO: Testing Images
Test Summary:  | Pass  Total
ColorizedArray |   15     15
WARNING: An error occurred during inference. Type inference is now partially disabled.
TypeError(func=:apply_type, context="Vararg count", expected=Int64, got=Any)
rec_backtrace at /home/centos/buildbot/slave/package_tarball64/build/src/stackwalk.c:84
record_backtrace at /home/centos/buildbot/slave/package_tarball64/build/src/task.c:239
jl_throw at /home/centos/buildbot/slave/package_tarball64/build/src/task.c:565
jl_type_error_rt at /home/centos/buildbot/slave/package_tarball64/build/src/rtutils.c:118
inst_datatype at /home/centos/buildbot/slave/package_tarball64/build/src/jltypes.c:980
inst_type_w_ at /home/centos/buildbot/slave/package_tarball64/build/src/jltypes.c:1335
inst_tuple_w_ at /home/centos/buildbot/slave/package_tarball64/build/src/jltypes.c:1225
inst_type_w_ at /home/centos/buildbot/slave/package_tarball64/build/src/jltypes.c:1320
inst_all at /home/centos/buildbot/slave/package_tarball64/build/src/jltypes.c:1175 [inlined]
inst_datatype at /home/centos/buildbot/slave/package_tarball64/build/src/jltypes.c:1107
inst_type_w_ at /home/centos/buildbot/slave/package_tarball64/build/src/jltypes.c:1335
inst_type_w_ at /home/centos/buildbot/slave/package_tarball64/build/src/jltypes.c:1280
jl_substitute_var at /home/centos/buildbot/slave/package_tarball64/build/src/jltypes.c:785
finish_unionall at /home/centos/buildbot/slave/package_tarball64/build/src/subtype.c:1299
intersect_unionall_ at /home/centos/buildbot/slave/package_tarball64/build/src/subtype.c:1412
intersect_unionall at /home/centos/buildbot/slave/package_tarball64/build/src/subtype.c:1438
intersect at /home/centos/buildbot/slave/package_tarball64/build/src/subtype.c:1817
intersect_tuple at /home/centos/buildbot/slave/package_tarball64/build/src/subtype.c:1526 [inlined]
intersect at /home/centos/buildbot/slave/package_tarball64/build/src/subtype.c:1834
intersect_unionall_ at /home/centos/buildbot/slave/package_tarball64/build/src/subtype.c:1379
intersect_unionall at /home/centos/buildbot/slave/package_tarball64/build/src/subtype.c:1424
intersect at /home/centos/buildbot/slave/package_tarball64/build/src/subtype.c:1820
intersect_all at /home/centos/buildbot/slave/package_tarball64/build/src/subtype.c:1904
jl_type_intersection_env_s at /home/centos/buildbot/slave/package_tarball64/build/src/subtype.c:1988
jl_typemap_intersection_node_visitor at /home/centos/buildbot/slave/package_tarball64/build/src/typemap.c:472
jl_typemap_intersection_visitor at /home/centos/buildbot/slave/package_tarball64/build/src/typemap.c:536
ml_matches at /home/centos/buildbot/slave/package_tarball64/build/src/gf.c:2688
jl_matching_methods at /home/centos/buildbot/slave/package_tarball64/build/src/gf.c:1582
_methods_by_ftype at ./reflection.jl:521
unknown function (ip: 0x7feb851e65f4)
jl_call_fptr_internal at /home/centos/buildbot/slave/package_tarball64/build/src/julia_internal.h:326 [inlined]
jl_call_method_internal at /home/centos/buildbot/slave/package_tarball64/build/src/julia_internal.h:345 [inlined]
jl_apply_generic at /home/centos/buildbot/slave/package_tarball64/build/src/gf.c:2234
abstract_call_gf_by_type at ./inference.jl:1265
unknown function (ip: 0x7feb851e8986)
jl_call_fptr_internal at /home/centos/buildbot/slave/package_tarball64/build/src/julia_internal.h:326 [inlined]
jl_call_method_internal at /home/centos/buildbot/slave/package_tarball64/build/src/julia_internal.h:345 [inlined]
jl_apply_generic at /home/centos/buildbot/slave/package_tarball64/build/src/gf.c:2234
abstract_eval_call at ./inference.jl:1887
abstract_eval at ./inference.jl:1915
unknown function (ip: 0x7feb851dfa36)
jl_call_fptr_internal at /home/centos/buildbot/slave/package_tarball64/build/src/julia_internal.h:326 [inlined]
jl_call_method_internal at /home/centos/buildbot/slave/package_tarball64/build/src/julia_internal.h:345 [inlined]
jl_apply_generic at /home/centos/buildbot/slave/package_tarball64/build/src/gf.c:2234
typeinf_frame at ./inference.jl:2751
typeinf_loop at ./inference.jl:2597
typeinf_frame at ./inference.jl:2467
typeinf_edge at ./inference.jl:2490
unknown function (ip: 0x7feb851eaa7a)
jl_call_fptr_internal at /home/centos/buildbot/slave/package_tarball64/build/src/julia_internal.h:326 [inlined]
jl_call_method_internal at /home/centos/buildbot/slave/package_tarball64/build/src/julia_internal.h:345 [inlined]
jl_apply_generic at /home/centos/buildbot/slave/package_tarball64/build/src/gf.c:2234
abstract_call_gf_by_type at ./inference.jl:1384
unknown function (ip: 0x7feb851e8986)
jl_call_fptr_internal at /home/centos/buildbot/slave/package_tarball64/build/src/julia_internal.h:326 [inlined]
jl_call_method_internal at /home/centos/buildbot/slave/package_tarball64/build/src/julia_internal.h:345 [inlined]
jl_apply_generic at /home/centos/buildbot/slave/package_tarball64/build/src/gf.c:2234
abstract_call at ./inference.jl:1862
unknown function (ip: 0x7feb851e491e)
jl_call_fptr_internal at /home/centos/buildbot/slave/package_tarball64/build/src/julia_internal.h:326 [inlined]
jl_call_method_internal at /home/centos/buildbot/slave/package_tarball64/build/src/julia_internal.h:345 [inlined]
jl_apply_generic at /home/centos/buildbot/slave/package_tarball64/build/src/gf.c:2234
abstract_eval_call at ./inference.jl:1892
abstract_eval at ./inference.jl:1915
unknown function (ip: 0x7feb851dfa36)
jl_call_fptr_internal at /home/centos/buildbot/slave/package_tarball64/build/src/julia_internal.h:326 [inlined]
jl_call_method_internal at /home/centos/buildbot/slave/package_tarball64/build/src/julia_internal.h:345 [inlined]
jl_apply_generic at /home/centos/buildbot/slave/package_tarball64/build/src/gf.c:2234
abstract_interpret at ./inference.jl:2034
unknown function (ip: 0x7feb851e0066)
jl_call_fptr_internal at /home/centos/buildbot/slave/package_tarball64/build/src/julia_internal.h:326 [inlined]
jl_call_method_internal at /home/centos/buildbot/slave/package_tarball64/build/src/julia_internal.h:345 [inlined]
jl_apply_generic at /home/centos/buildbot/slave/package_tarball64/build/src/gf.c:2234
typeinf_frame at ./inference.jl:2698
typeinf_loop at ./inference.jl:2597
typeinf_frame at ./inference.jl:2467
typeinf_edge at ./inference.jl:2490
unknown function (ip: 0x7feb851eaa7a)
jl_call_fptr_internal at /home/centos/buildbot/slave/package_tarball64/build/src/julia_internal.h:326 [inlined]
jl_call_method_internal at /home/centos/buildbot/slave/package_tarball64/build/src/julia_internal.h:345 [inlined]
jl_apply_generic at /home/centos/buildbot/slave/package_tarball64/build/src/gf.c:2234
abstract_call_gf_by_type at ./inference.jl:1384
unknown function (ip: 0x7feb851e8986)
jl_call_fptr_internal at /home/centos/buildbot/slave/package_tarball64/build/src/julia_internal.h:326 [inlined]
jl_call_method_internal at /home/centos/buildbot/slave/package_tarball64/build/src/julia_internal.h:345 [inlined]
jl_apply_generic at /home/centos/buildbot/slave/package_tarball64/build/src/gf.c:2234
abstract_call at ./inference.jl:1862
unknown function (ip: 0x7feb851e491e)
jl_call_fptr_internal at /home/centos/buildbot/slave/package_tarball64/build/src/julia_internal.h:326 [inlined]
jl_call_method_internal at /home/centos/buildbot/slave/package_tarball64/build/src/julia_internal.h:345 [inlined]
jl_apply_generic at /home/centos/buildbot/slave/package_tarball64/build/src/gf.c:2234
abstract_eval_call at ./inference.jl:1892
abstract_eval at ./inference.jl:1915
unknown function (ip: 0x7feb851dfa36)
jl_call_fptr_internal at /home/centos/buildbot/slave/package_tarball64/build/src/julia_internal.h:326 [inlined]
jl_call_method_internal at /home/centos/buildbot/slave/package_tarball64/build/src/julia_internal.h:345 [inlined]
jl_apply_generic at /home/centos/buildbot/slave/package_tarball64/build/src/gf.c:2234
copy! at ./abstractarray.jl:565
abstract_eval_call at ./inference.jl:1866
abstract_eval at ./inference.jl:1915
unknown function (ip: 0x7feb851dfa36)
jl_call_fptr_internal at /home/centos/buildbot/slave/package_tarball64/build/src/julia_internal.h:326 [inlined]
jl_call_method_internal at /home/centos/buildbot/slave/package_tarball64/build/src/julia_internal.h:345 [inlined]
jl_apply_generic at /home/centos/buildbot/slave/package_tarball64/build/src/gf.c:2234
copy! at ./abstractarray.jl:565
abstract_eval_call at ./inference.jl:1866
abstract_eval at ./inference.jl:1915
unknown function (ip: 0x7feb851dfa36)
jl_call_fptr_internal at /home/centos/buildbot/slave/package_tarball64/build/src/julia_internal.h:326 [inlined]
jl_call_method_internal at /home/centos/buildbot/slave/package_tarball64/build/src/julia_internal.h:345 [inlined]
jl_apply_generic at /home/centos/buildbot/slave/package_tarball64/build/src/gf.c:2234
abstract_interpret at ./inference.jl:2034
unknown function (ip: 0x7feb851e0066)
jl_call_fptr_internal at /home/centos/buildbot/slave/package_tarball64/build/src/julia_internal.h:326 [inlined]
jl_call_method_internal at /home/centos/buildbot/slave/package_tarball64/build/src/julia_internal.h:345 [inlined]
jl_apply_generic at /home/centos/buildbot/slave/package_tarball64/build/src/gf.c:2234
typeinf_frame at ./inference.jl:2698
typeinf_loop at ./inference.jl:2597
typeinf_frame at ./inference.jl:2467
typeinf_edge at ./inference.jl:2490
unknown function (ip: 0x7feb851eaa7a)
jl_call_fptr_internal at /home/centos/buildbot/slave/package_tarball64/build/src/julia_internal.h:326 [inlined]
jl_call_method_internal at /home/centos/buildbot/slave/package_tarball64/build/src/julia_internal.h:345 [inlined]
jl_apply_generic at /home/centos/buildbot/slave/package_tarball64/build/src/gf.c:2234
abstract_call_gf_by_type at ./inference.jl:1384
unknown function (ip: 0x7feb851e8986)
jl_call_fptr_internal at /home/centos/buildbot/slave/package_tarball64/build/src/julia_internal.h:326 [inlined]
jl_call_method_internal at /home/centos/buildbot/slave/package_tarball64/build/src/julia_internal.h:345 [inlined]
jl_apply_generic at /home/centos/buildbot/slave/package_tarball64/build/src/gf.c:2234
abstract_call at ./inference.jl:1862
unknown function (ip: 0x7feb851e491e)
jl_call_fptr_internal at /home/centos/buildbot/slave/package_tarball64/build/src/julia_internal.h:326 [inlined]
jl_call_method_internal at /home/centos/buildbot/slave/package_tarball64/build/src/julia_internal.h:345 [inlined]
jl_apply_generic at /home/centos/buildbot/slave/package_tarball64/build/src/gf.c:2234
abstract_eval_call at ./inference.jl:1892
abstract_eval at ./inference.jl:1915
unknown function (ip: 0x7feb851dfa36)
jl_call_fptr_internal at /home/centos/buildbot/slave/package_tarball64/build/src/julia_internal.h:326 [inlined]
jl_call_method_internal at /home/centos/buildbot/slave/package_tarball64/build/src/julia_internal.h:345 [inlined]
jl_apply_generic at /home/centos/buildbot/slave/package_tarball64/build/src/gf.c:2234
typeinf_frame at ./inference.jl:2751
typeinf_loop at ./inference.jl:2597
typeinf_frame at ./inference.jl:2467
typeinf_edge at ./inference.jl:2490
unknown function (ip: 0x7feb851eaa7a)
jl_call_fptr_internal at /home/centos/buildbot/slave/package_tarball64/build/src/julia_internal.h:326 [inlined]
jl_call_method_internal at /home/centos/buildbot/slave/package_tarball64/build/src/julia_internal.h:345 [inlined]
jl_apply_generic at /home/centos/buildbot/slave/package_tarball64/build/src/gf.c:2234
abstract_call_gf_by_type at ./inference.jl:1384
unknown function (ip: 0x7feb851e8986)
jl_call_fptr_internal at /home/centos/buildbot/slave/package_tarball64/build/src/julia_internal.h:326 [inlined]
jl_call_method_internal at /home/centos/buildbot/slave/package_tarball64/build/src/julia_internal.h:345 [inlined]
jl_apply_generic at /home/centos/buildbot/slave/package_tarball64/build/src/gf.c:2234
abstract_call at ./inference.jl:1862
unknown function (ip: 0x7feb851e491e)
jl_call_fptr_internal at /home/centos/buildbot/slave/package_tarball64/build/src/julia_internal.h:326 [inlined]
jl_call_method_internal at /home/centos/buildbot/slave/package_tarball64/build/src/julia_internal.h:345 [inlined]
jl_apply_generic at /home/centos/buildbot/slave/package_tarball64/build/src/gf.c:2234
abstract_eval_call at ./inference.jl:1892
abstract_eval at ./inference.jl:1915
unknown function (ip: 0x7feb851dfa36)
jl_call_fptr_internal at /home/centos/buildbot/slave/package_tarball64/build/src/julia_internal.h:326 [inlined]
jl_call_method_internal at /home/centos/buildbot/slave/package_tarball64/build/src/julia_internal.h:345 [inlined]
jl_apply_generic at /home/centos/buildbot/slave/package_tarball64/build/src/gf.c:2234
abstract_interpret at ./inference.jl:2034
unknown function (ip: 0x7feb851e0066)
jl_call_fptr_internal at /home/centos/buildbot/slave/package_tarball64/build/src/julia_internal.h:326 [inlined]
jl_call_method_internal at /home/centos/buildbot/slave/package_tarball64/build/src/julia_internal.h:345 [inlined]
jl_apply_generic at /home/centos/buildbot/slave/package_tarball64/build/src/gf.c:2234
typeinf_frame at ./inference.jl:2698
typeinf_loop at ./inference.jl:2614
typeinf_ext at ./inference.jl:2583
unknown function (ip: 0x7feb851dac12)
jl_call_fptr_internal at /home/centos/buildbot/slave/package_tarball64/build/src/julia_internal.h:326 [inlined]
jl_call_method_internal at /home/centos/buildbot/slave/package_tarball64/build/src/julia_internal.h:345 [inlined]
jl_apply_generic at /home/centos/buildbot/slave/package_tarball64/build/src/gf.c:2234
jl_apply at /home/centos/buildbot/slave/package_tarball64/build/src/julia.h:1416 [inlined]
jl_type_infer at /home/centos/buildbot/slave/package_tarball64/build/src/gf.c:269
jl_toplevel_eval_flex at /home/centos/buildbot/slave/package_tarball64/build/src/toplevel.c:587
jl_parse_eval_all at /home/centos/buildbot/slave/package_tarball64/build/src/ast.c:873
jl_load at /home/centos/buildbot/slave/package_tarball64/build/src/toplevel.c:616
include_from_node1 at ./loading.jl:539
unknown function (ip: 0x7fe97a6c9db2)
jl_call_fptr_internal at /home/centos/buildbot/slave/package_tarball64/build/src/julia_internal.h:326 [inlined]
jl_call_method_internal at /home/centos/buildbot/slave/package_tarball64/build/src/julia_internal.h:345 [inlined]
jl_apply_generic at /home/centos/buildbot/slave/package_tarball64/build/src/gf.c:2234
include at ./sysimg.jl:14
unknown function (ip: 0x7feb852000db)
jl_call_fptr_internal at /home/centos/buildbot/slave/package_tarball64/build/src/julia_internal.h:326 [inlined]
jl_call_method_internal at /home/centos/buildbot/slave/package_tarball64/build/src/julia_internal.h:345 [inlined]
jl_apply_generic at /home/centos/buildbot/slave/package_tarball64/build/src/gf.c:2234
do_call at /home/centos/buildbot/slave/package_tarball64/build/src/interpreter.c:75
eval at /home/centos/buildbot/slave/package_tarball64/build/src/interpreter.c:242
jl_interpret_toplevel_expr at /home/centos/buildbot/slave/package_tarball64/build/src/interpreter.c:34
jl_toplevel_eval_flex at /home/centos/buildbot/slave/package_tarball64/build/src/toplevel.c:577
jl_parse_eval_all at /home/centos/buildbot/slave/package_tarball64/build/src/ast.c:873
jl_load at /home/centos/buildbot/slave/package_tarball64/build/src/toplevel.c:616
include_from_node1 at ./loading.jl:539
unknown function (ip: 0x7feb8535c20b)
jl_call_fptr_internal at /home/centos/buildbot/slave/package_tarball64/build/src/julia_internal.h:326 [inlined]
jl_call_method_internal at /home/centos/buildbot/slave/package_tarball64/build/src/julia_internal.h:345 [inlined]
jl_apply_generic at /home/centos/buildbot/slave/package_tarball64/build/src/gf.c:2234
include at ./sysimg.jl:14
unknown function (ip: 0x7feb852000db)
jl_call_fptr_internal at /home/centos/buildbot/slave/package_tarball64/build/src/julia_internal.h:326 [inlined]
jl_call_method_internal at /home/centos/buildbot/slave/package_tarball64/build/src/julia_internal.h:345 [inlined]
jl_apply_generic at /home/centos/buildbot/slave/package_tarball64/build/src/gf.c:2234
process_options at ./client.jl:305
_start at ./client.jl:371
unknown function (ip: 0x7feb85389658)
jl_call_fptr_internal at /home/centos/buildbot/slave/package_tarball64/build/src/julia_internal.h:326 [inlined]
jl_call_method_internal at /home/centos/buildbot/slave/package_tarball64/build/src/julia_internal.h:345 [inlined]
jl_apply_generic at /home/centos/buildbot/slave/package_tarball64/build/src/gf.c:2234
jl_apply at /home/centos/buildbot/slave/package_tarball64/build/ui/../src/julia.h:1416 [inlined]
true_main at /home/centos/buildbot/slave/package_tarball64/build/ui/repl.c:127
main at /home/centos/buildbot/slave/package_tarball64/build/ui/repl.c:264
__libc_start_main at /lib/x86_64-linux-gnu/libc.so.6 (unknown line)
unknown function (ip: 0x40170c)
ERROR: LoadError: LoadError: MethodError: no method matching string(::Expr)
The applicable method may be too new: running in world age 2723, while current world is 21666.
Closest candidates are:
  string(::Any...) at strings/io.jl:120 (method too new to be called from this world context.)
  string(!Matched::BigInt) at gmp.jl:523 (method too new to be called from this world context.)
  string(!Matched::BigFloat) at mpfr.jl:880 (method too new to be called from this world context.)
  ...
Stacktrace:
 [1] typeinf_ext(::Core.MethodInstance, ::UInt64) at ./inference.jl:2585
 [2] include_from_node1(::String) at ./loading.jl:539
 [3] include(::String) at ./sysimg.jl:14
 [4] include_from_node1(::String) at ./loading.jl:539
 [5] include(::String) at ./sysimg.jl:14
 [6] process_options(::Base.JLOptions) at ./client.jl:305
 [7] _start() at ./client.jl:371
while loading /home/vagrant/.julia/v0.6/Images/test/algorithms.jl, in expression starting on line 4
while loading /home/vagrant/.julia/v0.6/Images/test/runtests.jl, in expression starting on line 2
===============================[ ERROR: Images ]================================

failed process: Process(`/home/vagrant/julia/bin/julia -Cx86-64 -J/home/vagrant/julia/lib/julia/sys.so --compile=yes --depwarn=yes --check-bounds=yes --code-coverage=none --color=no --compilecache=yes /home/vagrant/.julia/v0.6/Images/test/runtests.jl`, ProcessExited(1)) [1]

================================================================================
INFO: Removing BinDeps v0.4.7
INFO: Removing FactCheck v0.4.3
INFO: Removing ImageMagick v0.2.4
INFO: Removing SHA v0.3.2
INFO: Removing URIParser v0.1.8
ERROR: Images had test errors

>>> End of log
