>>> 'Pkg.add("ImageDraw")' log
[ Info: Cloning cache of ImageDraw from https://github.com/JuliaImages/ImageDraw.jl.git @ Base.Pkg.Cache cache.jl:43
[ Info: Installing AbstractFFTs v0.2.0 @ Base.Pkg.Entry entry.jl:543
[ Info: Installing BinDeps v0.8.2 @ Base.Pkg.Entry entry.jl:543
[ Info: Installing ColorTypes v0.6.6 @ Base.Pkg.Entry entry.jl:543
[ Info: Installing Colors v0.8.2 @ Base.Pkg.Entry entry.jl:543
[ Info: Installing Distances v0.5.0 @ Base.Pkg.Entry entry.jl:543
[ Info: Installing FFTW v0.1.2 @ Base.Pkg.Entry entry.jl:543
[ Info: Installing FixedPointNumbers v0.4.3 @ Base.Pkg.Entry entry.jl:543
[ Info: Installing Graphics v0.2.0 @ Base.Pkg.Entry entry.jl:543
[ Info: Installing ImageCore v0.5.0 @ Base.Pkg.Entry entry.jl:543
[ Info: Installing ImageDraw v0.0.1 @ Base.Pkg.Entry entry.jl:543
[ Info: Installing MappedArrays v0.0.7 @ Base.Pkg.Entry entry.jl:543
[ Info: Installing NaNMath v0.3.0 @ Base.Pkg.Entry entry.jl:543
[ Info: Installing OffsetArrays v0.4.2 @ Base.Pkg.Entry entry.jl:543
[ Info: Installing PaddedViews v0.2.0 @ Base.Pkg.Entry entry.jl:543
[ Info: Installing Reexport v0.1.0 @ Base.Pkg.Entry entry.jl:543
[ Info: Installing SHA v0.5.2 @ Base.Pkg.Entry entry.jl:543
[ Info: Installing ShowItLikeYouBuildIt v0.2.0 @ Base.Pkg.Entry entry.jl:543
[ Info: Installing URIParser v0.3.0 @ Base.Pkg.Entry entry.jl:543
[ Info: Building FFTW @ Main none:10
┌ Warning: `replace(s::AbstractString, pat, f)` is deprecated, use `replace(s, pat => f)` instead.
│   caller = makealiases(::String) at build_fftw.jl:26
└ @ Main.__anon__ build_fftw.jl:26
WARNING: importing deprecated binding Base.Associative into BinDeps.
WARNING: Base.Associative is deprecated, use AbstractDict instead.
  likely near /home/vagrant/.julia/v0.7/FFTW/deps/build_fftw.jl:112
in @install at /home/vagrant/.julia/v0.7/BinDeps/src/dependencies.jl
┌ Warning: `unshift!` is deprecated, use `pushfirst!` instead.
│   caller = #_find_library#48(::Type, ::Function, ::BinDeps.LibraryDependency) at dependencies.jl:652
└ @ BinDeps dependencies.jl:652
┌ Warning: `unshift!` is deprecated, use `pushfirst!` instead.
│   caller = #_find_library#48(::DataType, ::Function, ::BinDeps.LibraryDependency) at dependencies.jl:652
└ @ BinDeps dependencies.jl:652
[ Info: Package database updated @ Base.Pkg.Entry entry.jl:32
┌ Info: METADATA is out-of-date — you may not have the latest version of ImageDraw
│ Use `Pkg.update()` to get the latest versions of your packages
└ @ Base.Pkg.Entry entry.jl:74

>>> 'Pkg.test("ImageDraw")' log
Julia Version 0.7.0-DEV.3309
Commit b96097b66f (2018-01-07 00:26 UTC)
Platform Info:
  OS: Linux (x86_64-pc-linux-gnu)
      Ubuntu 14.04.5 LTS
  uname: Linux 3.13.0-135-generic #184-Ubuntu SMP Wed Oct 18 11:55:51 UTC 2017 x86_64 x86_64
  CPU: Intel(R) Xeon(R) CPU E3-1241 v3 @ 3.50GHz: 
              speed         user         nice          sys         idle          irq
       #1  3500 MHz    1182190 s         94 s      62537 s     280015 s          8 s
       #2  3500 MHz     185689 s         72 s      22433 s    1583161 s          0 s
       
  Memory: 2.93927001953125 GB (811.26953125 MB free)
  Uptime: 18169.0 sec
  Load Avg:  0.98779296875  0.96435546875  0.97314453125
  WORD_SIZE: 64
  BLAS: libopenblas (USE64BITINT DYNAMIC_ARCH NO_AFFINITY Nehalem)
  LAPACK: libopenblas64_
  LIBM: libopenlibm
  LLVM: libLLVM-3.9.1 (ORCJIT, haswell)
Environment:
  TERM = vt100
  LD_LIBRARY_PATH = :/usr/local/lib/
  PATH = /usr/local/sbin:/usr/local/bin:/usr/sbin:/usr/bin:/sbin:/bin:/usr/games:/usr/local/games:/home/vagrant/julia/bin/
  JAVA_HOME = /usr/lib/jvm/java-8-openjdk-amd64
  HOME = /home/vagrant
Packages:
  Package Directory: /home/vagrant/.julia/v0.7
  Package Status:
2 required packages:
 - ImageDraw                     0.0.1
 - JSON                          0.16.3
19 additional packages:
 - AbstractFFTs                  0.2.0
 - BinDeps                       0.8.2
 - ColorTypes                    0.6.6
 - Colors                        0.8.2
 - Compat                        0.43.0
 - Distances                     0.5.0
 - FFTW                          0.1.2
 - FixedPointNumbers             0.4.3
 - Graphics                      0.2.0
 - ImageCore                     0.5.0
 - MappedArrays                  0.0.7
 - NaNMath                       0.3.0
 - Nullables                     0.0.2
 - OffsetArrays                  0.4.2
 - PaddedViews                   0.2.0
 - Reexport                      0.1.0
 - SHA                           0.5.2
 - ShowItLikeYouBuildIt          0.2.0
 - URIParser                     0.3.0
[ Info: Computing test dependencies for ImageDraw... @ Base.Pkg.Entry entry.jl:713
[ Info: Installing ColorVectorSpace v0.5.2 @ Base.Pkg.Entry entry.jl:543
[ Info: Installing DataStructures v0.7.4 @ Base.Pkg.Entry entry.jl:543
[ Info: Installing SortingAlgorithms v0.2.0 @ Base.Pkg.Entry entry.jl:543
[ Info: Installing SpecialFunctions v0.3.7 @ Base.Pkg.Entry entry.jl:543
[ Info: Installing StatsBase v0.19.5 @ Base.Pkg.Entry entry.jl:543
[ Info: Building SpecialFunctions @ Main none:10
WARNING: importing deprecated binding Base.Associative into BinDeps.
WARNING: Base.Associative is deprecated, use AbstractDict instead.
  likely near /home/vagrant/.julia/v0.7/SpecialFunctions/deps/binaries.jl:44
in @install at /home/vagrant/.julia/v0.7/BinDeps/src/dependencies.jl
┌ Warning: `unshift!` is deprecated, use `pushfirst!` instead.
│   caller = #_find_library#48(::Type, ::Function, ::BinDeps.LibraryDependency) at dependencies.jl:652
└ @ BinDeps dependencies.jl:652
┌ Warning: `unshift!` is deprecated, use `pushfirst!` instead.
│   caller = #_find_library#48(::DataType, ::Function, ::BinDeps.LibraryDependency) at dependencies.jl:652
└ @ BinDeps dependencies.jl:652
[ Info: Testing ImageDraw @ Base.Pkg.Entry entry.jl:723
WARNING: Base.Test is deprecated, run `using Test` instead.
  likely near /home/vagrant/.julia/v0.7/ImageDraw/test/runtests.jl:3
ERROR: LoadError: UndefVarError: promote_sys_size not defined
Stacktrace:
 [1] getproperty(::Module, ::Symbol) at ./sysimg.jl:14
 [2] top-level scope at /home/vagrant/.julia/v0.7/FixedPointNumbers/src/FixedPointNumbers.jl:140
 [3] include at ./boot.jl:295 [inlined]
 [4] include_relative(::Module, ::String) at ./loading.jl:521
 [5] include(::Module, ::String) at ./sysimg.jl:26
 [6] top-level scope
 [7] eval at ./boot.jl:298 [inlined]
 [8] top-level scope at ./<missing>:2
in expression starting at /home/vagrant/.julia/v0.7/FixedPointNumbers/src/FixedPointNumbers.jl:140
ERROR: LoadError: Failed to precompile FixedPointNumbers to /home/vagrant/.julia/lib/v0.7/FixedPointNumbers.ji.
Stacktrace:
 [1] error at ./error.jl:33 [inlined]
 [2] compilecache(::String) at ./loading.jl:648
 [3] compilecache at ./loading.jl:605 [inlined]
 [4] _require(::Symbol) at ./loading.jl:440
 [5] require(::Symbol) at ./loading.jl:333
 [6] include at ./boot.jl:295 [inlined]
 [7] include_relative(::Module, ::String) at ./loading.jl:521
 [8] include(::Module, ::String) at ./sysimg.jl:26
 [9] top-level scope
 [10] eval at ./boot.jl:298 [inlined]
 [11] top-level scope at ./<missing>:2
in expression starting at /home/vagrant/.julia/v0.7/Colors/src/Colors.jl:5
ERROR: LoadError: Failed to precompile Colors to /home/vagrant/.julia/lib/v0.7/Colors.ji.
Stacktrace:
 [1] error at ./error.jl:33 [inlined]
 [2] compilecache(::String) at ./loading.jl:648
 [3] compilecache at ./loading.jl:605 [inlined]
 [4] _require(::Symbol) at ./loading.jl:440
 [5] require(::Symbol) at ./loading.jl:333
 [6] include at ./boot.jl:295 [inlined]
 [7] include_relative(::Module, ::String) at ./loading.jl:521
 [8] include(::Module, ::String) at ./sysimg.jl:26
 [9] top-level scope
 [10] eval at ./boot.jl:298 [inlined]
 [11] top-level scope at ./<missing>:2
in expression starting at /home/vagrant/.julia/v0.7/ImageCore/src/ImageCore.jl:5
ERROR: LoadError: LoadError: Failed to precompile ImageCore to /home/vagrant/.julia/lib/v0.7/ImageCore.ji.
Stacktrace:
 [1] error at ./error.jl:33 [inlined]
 [2] compilecache(::String) at ./loading.jl:648
 [3] compilecache at ./loading.jl:605 [inlined]
 [4] _require(::Symbol) at ./loading.jl:460
 [5] require(::Symbol) at ./loading.jl:333
 [6] include at ./boot.jl:295 [inlined]
 [7] include_relative(::Module, ::String) at ./loading.jl:521
 [8] _require(::Symbol) at ./loading.jl:453
 [9] require(::Symbol) at ./loading.jl:333
 [10] include at ./boot.jl:295 [inlined]
 [11] include_relative(::Module, ::String) at ./loading.jl:521
 [12] include(::Module, ::String) at ./sysimg.jl:26
 [13] process_options(::Base.JLOptions) at ./client.jl:324
 [14] _start() at ./client.jl:375
in expression starting at /home/vagrant/.julia/v0.7/ImageDraw/src/ImageDraw.jl:4
in expression starting at /home/vagrant/.julia/v0.7/ImageDraw/test/runtests.jl:3
┌ Error: ------------------------------------------------------------
│ # Testing failed for ImageDraw
│   exception = ErrorException("failed process: Process(`/home/vagrant/julia/bin/julia -Cnative -J/home/vagrant/julia/lib/julia/sys.so --compile=yes --depwarn=yes --code-coverage=none --color=no --compiled-modules=yes --check-bounds=yes --warn-overwrite=yes --startup-file=yes /home/vagrant/.julia/v0.7/ImageDraw/test/runtests.jl`, ProcessExited(1)) [1]")
└ @ Base.Pkg.Entry entry.jl:739
[ Info: Removing ColorVectorSpace v0.5.2 @ Base.Pkg.Entry entry.jl:546
[ Info: Removing DataStructures v0.7.4 @ Base.Pkg.Entry entry.jl:546
[ Info: Removing SortingAlgorithms v0.2.0 @ Base.Pkg.Entry entry.jl:546
[ Info: Removing SpecialFunctions v0.3.7 @ Base.Pkg.Entry entry.jl:546
[ Info: Removing StatsBase v0.19.5 @ Base.Pkg.Entry entry.jl:546
ERROR: ImageDraw had test errors

>>> End of log
