>>> 'Pkg.add("ImageHistogram")' log
INFO: Cloning cache of ImageHistogram from https://github.com/t37w/ImageHistogram.jl.git
INFO: Installing AbstractFFTs v0.3.2
INFO: Installing AxisAlgorithms v0.2.0
INFO: Installing AxisArrays v0.2.1
INFO: Installing BinDeps v0.8.8
INFO: Installing BinaryProvider v0.3.3
INFO: Installing Calculus v0.4.0
INFO: Installing CatIndices v0.1.0
INFO: Installing ColorTypes v0.6.7
INFO: Installing ColorVectorSpace v0.5.2
INFO: Installing Colors v0.8.2
INFO: Installing ComputationalResources v0.2.0
INFO: Installing Contour v0.4.0
INFO: Installing CoordinateTransformations v0.4.1
INFO: Installing CustomUnitRanges v0.1.0
INFO: Installing DataStructures v0.8.3
INFO: Installing Distances v0.6.0
INFO: Installing DualNumbers v0.4.0
INFO: Installing FFTViews v0.1.0
INFO: Installing FFTW v0.0.4
INFO: Installing FileIO v0.9.1
INFO: Installing FixedPointNumbers v0.4.6
INFO: Installing GR v0.31.0
INFO: Installing Graphics v0.3.0
INFO: Installing IdentityRanges v0.1.0
INFO: Installing ImageAxes v0.4.0
INFO: Installing ImageCore v0.6.0
INFO: Installing ImageDistances v0.0.2
INFO: Installing ImageFiltering v0.3.0
INFO: Installing ImageHistogram v0.1.5
INFO: Installing ImageMetadata v0.4.1
INFO: Installing ImageMorphology v0.0.2
INFO: Installing ImageTransformations v0.4.1
INFO: Installing Images v0.14.0
INFO: Installing IndirectArrays v0.4.2
INFO: Installing Interpolations v0.7.3
INFO: Installing IntervalSets v0.2.0
INFO: Installing IterTools v0.2.1
INFO: Installing MacroTools v0.4.2
INFO: Installing MappedArrays v0.0.7
INFO: Installing Measures v0.2.0
INFO: Installing Missings v0.2.10
INFO: Installing NaNMath v0.3.1
INFO: Installing OffsetArrays v0.6.0
INFO: Installing PaddedViews v0.3.0
INFO: Installing PlotThemes v0.2.0
INFO: Installing PlotUtils v0.4.4
INFO: Installing Plots v0.17.3
INFO: Installing ProgressMeter v0.5.6
INFO: Installing RangeArrays v0.2.0
INFO: Installing Ratios v0.2.0
INFO: Installing RecipesBase v0.3.1
INFO: Installing Reexport v0.1.0
INFO: Installing Requires v0.4.4
INFO: Installing Rotations v0.7.1
INFO: Installing SHA v0.5.7
INFO: Installing SIUnits v0.1.0
INFO: Installing ShowItLikeYouBuildIt v0.2.0
INFO: Installing Showoff v0.2.0
INFO: Installing SimpleTraits v0.6.0
INFO: Installing SortingAlgorithms v0.2.1
INFO: Installing SpecialFunctions v0.6.0
INFO: Installing StaticArrays v0.7.2
INFO: Installing StatsBase v0.23.1
INFO: Installing TexExtensions v0.1.0
INFO: Installing TiledIteration v0.1.0
INFO: Installing URIParser v0.3.1
INFO: Installing WoodburyMatrices v0.3.0
INFO: Building SpecialFunctions
INFO: Building FFTW
INFO: Building GR
INFO: Downloading pre-compiled GR 0.31.0 Ubuntu binary
  % Total    % Received % Xferd  Average Speed   Time    Time     Time  Current
                                 Dload  Upload   Total   Spent    Left  Speed
  0     0    0     0    0     0      0      0 --:--:-- --:--:-- --:--:--     0  0     0    0     0    0     0      0      0 --:--:-- --:--:-- --:--:--     0  0 38.8M    0 98304    0     0  65358      0  0:10:22  0:00:01  0:10:21 65361  2 38.8M    2  832k    0     0   329k      0  0:02:00  0:00:02  0:01:58  329k  4 38.8M    4 1808k    0     0   511k      0  0:01:17  0:00:03  0:01:14  511k  7 38.8M    7 2800k    0     0   621k      0  0:01:03  0:00:04  0:00:59  621k  9 38.8M    9 3936k    0     0   715k      0  0:00:55  0:00:05  0:00:50  789k 13 38.8M   13 5200k    0     0   798k      0  0:00:49  0:00:06  0:00:43 1019k 16 38.8M   16 6720k    0     0   893k      0  0:00:44  0:00:07  0:00:37 1179k 21 38.8M   21 8640k    0     0  1015k      0  0:00:39  0:00:08  0:00:31 1372k 28 38.8M   28 11.0M    0     0  1186k      0  0:00:33  0:00:09  0:00:24 1692k 36 38.8M   36 14.2M    0     0  1390k      0  0:00:28  0:00:10  0:00:18 2128k 47 38.8M   47 18.4M    0     0  1640k      0  0:00:24  0:00:11  0:00:13 2737k 61 38.8M   61 24.0M    0     0  1968k      0  0:00:20  0:00:12  0:00:08 3589k 80 38.8M   80 31.0M    0     0  2355k      0  0:00:16  0:00:13  0:00:03 4640k100 38.8M  100 38.8M    0     0  2765k      0  0:00:14  0:00:14 --:--:-- 5865k
INFO: Building Plots
INFO: Package database updated
INFO: METADATA is out-of-date — you may not have the latest version of ImageHistogram
INFO: Use `Pkg.update()` to get the latest versions of your packages

>>> 'Pkg.test("ImageHistogram")' log
Julia Version 0.6.3
Commit d55cadc350 (2018-05-28 20:20 UTC)
Platform Info:
  OS: Linux (x86_64-pc-linux-gnu)
  CPU: Intel(R) Xeon(R) CPU E3-1241 v3 @ 3.50GHz
  WORD_SIZE: 64
           Ubuntu 14.04.5 LTS
  uname: Linux 3.13.0-143-generic #192-Ubuntu SMP Tue Feb 27 10:45:36 UTC 2018 x86_64 x86_64
Memory: 2.939197540283203 GB (508.60546875 MB free)
Uptime: 24859.0 sec
Load Avg:  0.7763671875  0.94921875  1.01904296875
Intel(R) Xeon(R) CPU E3-1241 v3 @ 3.50GHz: 
       speed         user         nice          sys         idle          irq
#1  3500 MHz    1339776 s       3139 s     114522 s     708179 s          9 s
#2  3500 MHz     275781 s       2412 s      48945 s    2122694 s          0 s

  BLAS: libopenblas (USE64BITINT DYNAMIC_ARCH NO_AFFINITY Nehalem)
  LAPACK: libopenblas64_
  LIBM: libopenlibm
  LLVM: libLLVM-3.9.1 (ORCJIT, haswell)
Environment:
  TERM = vt100
  LD_LIBRARY_PATH = :/usr/local/lib/
  PATH = /usr/local/sbin:/usr/local/bin:/usr/sbin:/usr/bin:/sbin:/bin:/usr/games:/usr/local/games:/home/vagrant/julia/bin/
  JAVA_HOME = /usr/lib/jvm/java-8-openjdk-amd64
  HOME = /home/vagrant

Package Directory: /home/vagrant/.julia/v0.6
2 required packages:
 - ImageHistogram                0.1.5
 - JSON                          0.17.2
68 additional packages:
 - AbstractFFTs                  0.3.2
 - AxisAlgorithms                0.2.0
 - AxisArrays                    0.2.1
 - BinDeps                       0.8.8
 - BinaryProvider                0.3.3
 - Calculus                      0.4.0
 - CatIndices                    0.1.0
 - ColorTypes                    0.6.7
 - ColorVectorSpace              0.5.2
 - Colors                        0.8.2
 - Compat                        0.69.0
 - ComputationalResources        0.2.0
 - Contour                       0.4.0
 - CoordinateTransformations     0.4.1
 - CustomUnitRanges              0.1.0
 - DataStructures                0.8.3
 - Distances                     0.6.0
 - DualNumbers                   0.4.0
 - FFTViews                      0.1.0
 - FFTW                          0.0.4
 - FileIO                        0.9.1
 - FixedPointNumbers             0.4.6
 - GR                            0.31.0
 - Graphics                      0.3.0
 - IdentityRanges                0.1.0
 - ImageAxes                     0.4.0
 - ImageCore                     0.6.0
 - ImageDistances                0.0.2
 - ImageFiltering                0.3.0
 - ImageMetadata                 0.4.1
 - ImageMorphology               0.0.2
 - ImageTransformations          0.4.1
 - Images                        0.14.0
 - IndirectArrays                0.4.2
 - Interpolations                0.7.3
 - IntervalSets                  0.2.0
 - IterTools                     0.2.1
 - MacroTools                    0.4.2
 - MappedArrays                  0.0.7
 - Measures                      0.2.0
 - Missings                      0.2.10
 - NaNMath                       0.3.1
 - Nullables                     0.0.5
 - OffsetArrays                  0.6.0
 - PaddedViews                   0.3.0
 - PlotThemes                    0.2.0
 - PlotUtils                     0.4.4
 - Plots                         0.17.3
 - ProgressMeter                 0.5.6
 - RangeArrays                   0.2.0
 - Ratios                        0.2.0
 - RecipesBase                   0.3.1
 - Reexport                      0.1.0
 - Requires                      0.4.4
 - Rotations                     0.7.1
 - SHA                           0.5.7
 - SIUnits                       0.1.0
 - ShowItLikeYouBuildIt          0.2.0
 - Showoff                       0.2.0
 - SimpleTraits                  0.6.0
 - SortingAlgorithms             0.2.1
 - SpecialFunctions              0.6.0
 - StaticArrays                  0.7.2
 - StatsBase                     0.23.1
 - TexExtensions                 0.1.0
 - TiledIteration                0.1.0
 - URIParser                     0.3.1
 - WoodburyMatrices              0.3.0
INFO: Testing ImageHistogram
INFO: ImageHistogram tests passed

>>> End of log
