>>> 'Pkg.add("ImageQuilting")' log
[ Info: Cloning cache of ImageQuilting from https://github.com/juliohm/ImageQuilting.jl.git
[ Info: Cloning cache of Primes from https://github.com/JuliaMath/Primes.jl.git
[ Info: Installing AbstractFFTs v0.2.1
[ Info: Installing BinDeps v0.8.5
[ Info: Installing CSV v0.2.1
[ Info: Installing CatIndices v0.1.0
[ Info: Installing CategoricalArrays v0.3.3
[ Info: Installing CodecZlib v0.4.2
[ Info: Installing ColorTypes v0.6.6
[ Info: Installing ColorVectorSpace v0.5.2
[ Info: Installing Colors v0.8.2
[ Info: Installing Combinatorics v0.5.0
[ Info: Installing ComputationalResources v0.2.0
[ Info: Installing CustomUnitRanges v0.1.0
[ Info: Installing DataFrames v0.11.5
[ Info: Installing DataStreams v0.3.4
[ Info: Installing DataStructures v0.7.4
[ Info: Installing FFTViews v0.1.0
[ Info: Installing FFTW v0.1.2
[ Info: Installing FixedPointNumbers v0.4.3
[ Info: Installing GeoStatsBase v0.0.8
[ Info: Installing GeoStatsDevTools v0.0.8
[ Info: Installing Graphics v0.2.0
[ Info: Installing Hwloc v0.6.2
[ Info: Installing ImageCore v0.5.0
[ Info: Installing ImageFiltering v0.2.3
[ Info: Installing ImageMorphology v0.0.2
[ Info: Installing ImageQuilting v0.6.0
[ Info: Installing IterTools v0.2.1
[ Info: Installing LightGraphs v0.11.1
[ Info: Installing MacroTools v0.4.0
[ Info: Installing MappedArrays v0.0.7
[ Info: Installing Missings v0.2.4
[ Info: Installing NaNMath v0.3.0
[ Info: Installing NamedTuples v4.0.0
[ Info: Installing OffsetArrays v0.4.2
[ Info: Installing PaddedViews v0.2.0
[ Info: Installing Parameters v0.8.1
[ Info: Installing Polynomials v0.2.0
[ Info: Installing Primes v0.2.0
[ Info: Installing ProgressMeter v0.5.3
[ Info: Installing RecipesBase v0.2.3
[ Info: Installing Reexport v0.1.0
[ Info: Installing SHA v0.5.3
[ Info: Installing ShowItLikeYouBuildIt v0.2.0
[ Info: Installing SimpleTraits v0.5.1
[ Info: Installing SortingAlgorithms v0.2.0
[ Info: Installing SpecialFunctions v0.3.8
[ Info: Installing StaticArrays v0.6.6
[ Info: Installing StatsBase v0.19.5
[ Info: Installing TiledIteration v0.1.0
[ Info: Installing TranscodingStreams v0.4.1
[ Info: Installing URIParser v0.3.0
[ Info: Installing WeakRefStrings v0.4.1
[ Info: Building SpecialFunctions
┌ Error: ------------------------------------------------------------
│ # Build failed for SpecialFunctions
│   exception =
│    LoadError: ArgumentError: Module Compat not found in current path.
│    Run `Pkg.add("Compat")` to install the Compat package.
│    Stacktrace:
│     [1] require(::Module, ::Symbol) at ./loading.jl:813
│     [2] include at ./boot.jl:292 [inlined]
│     [3] include_relative(::Module, ::String) at ./loading.jl:1011
│     [4] include at ./sysimg.jl:26 [inlined]
│     [5] include(::String) at ./loading.jl:1045
│     [6] top-level scope
│     [7] eval at ./boot.jl:295 [inlined]
│     [8] eval at ./sysimg.jl:71 [inlined]
│     [9] evalfile(::String, ::Array{String,1}) at ./loading.jl:1040 (repeats 2 times)
│     [10] #2 at ./none:12 [inlined]
│     [11] cd(::getfield(, Symbol("##2#5")){String}, ::String) at ./file.jl:70
│     [12] (::getfield(, Symbol("##1#3")))(::IOStream) at ./none:11
│     [13] open(::getfield(, Symbol("##1#3")), ::String, ::String) at ./iostream.jl:310
│     [14] top-level scope
│     [15] eval at ./boot.jl:295 [inlined]
│     [16] eval(::Module, ::Expr) at ./sysimg.jl:71
│     [17] process_options(::Base.JLOptions) at ./client.jl:301
│     [18] _start() at ./client.jl:375
│    in expression starting at /home/vagrant/.julia/v0.7/SpecialFunctions/deps/build.jl:1
└ @ Main none:15
[ Info: Building FFTW
┌ Error: ------------------------------------------------------------
│ # Build failed for FFTW
│   exception =
│    LoadError: LoadError: ArgumentError: Module BinDeps not found in current path.
│    Run `Pkg.add("BinDeps")` to install the BinDeps package.
│    Stacktrace:
│     [1] require(::Module, ::Symbol) at ./loading.jl:813
│     [2] include at ./boot.jl:292 [inlined]
│     [3] include_relative(::Module, ::String) at ./loading.jl:1011
│     [4] include at ./sysimg.jl:26 [inlined]
│     [5] include(::String) at ./loading.jl:1045
│     [6] top-level scope at /home/vagrant/.julia/v0.7/FFTW/deps/build.jl:34
│     [7] include at ./boot.jl:292 [inlined]
│     [8] include_relative(::Module, ::String) at ./loading.jl:1011
│     [9] include at ./sysimg.jl:26 [inlined]
│     [10] include(::String) at ./loading.jl:1045
│     [11] top-level scope
│     [12] eval at ./boot.jl:295 [inlined]
│     [13] eval at ./sysimg.jl:71 [inlined]
│     [14] evalfile(::String, ::Array{String,1}) at ./loading.jl:1040 (repeats 2 times)
│     [15] #2 at ./none:12 [inlined]
│     [16] cd(::getfield(, Symbol("##2#5")){String}, ::String) at ./file.jl:70
│     [17] (::getfield(, Symbol("##1#3")))(::IOStream) at ./none:11
│     [18] open(::getfield(, Symbol("##1#3")), ::String, ::String) at ./iostream.jl:310
│     [19] top-level scope
│     [20] eval at ./boot.jl:295 [inlined]
│     [21] eval(::Module, ::Expr) at ./sysimg.jl:71
│     [22] process_options(::Base.JLOptions) at ./client.jl:301
│     [23] _start() at ./client.jl:375
│    in expression starting at /home/vagrant/.julia/v0.7/FFTW/deps/build_fftw.jl:1
│    in expression starting at /home/vagrant/.julia/v0.7/FFTW/deps/build.jl:34
└ @ Main none:15
[ Info: Building Hwloc
┌ Error: ------------------------------------------------------------
│ # Build failed for Hwloc
│   exception =
│    LoadError: ArgumentError: Module BinDeps not found in current path.
│    Run `Pkg.add("BinDeps")` to install the BinDeps package.
│    Stacktrace:
│     [1] require(::Module, ::Symbol) at ./loading.jl:813
│     [2] include at ./boot.jl:292 [inlined]
│     [3] include_relative(::Module, ::String) at ./loading.jl:1011
│     [4] include at ./sysimg.jl:26 [inlined]
│     [5] include(::String) at ./loading.jl:1045
│     [6] top-level scope
│     [7] eval at ./boot.jl:295 [inlined]
│     [8] eval at ./sysimg.jl:71 [inlined]
│     [9] evalfile(::String, ::Array{String,1}) at ./loading.jl:1040 (repeats 2 times)
│     [10] #2 at ./none:12 [inlined]
│     [11] cd(::getfield(, Symbol("##2#5")){String}, ::String) at ./file.jl:70
│     [12] (::getfield(, Symbol("##1#3")))(::IOStream) at ./none:11
│     [13] open(::getfield(, Symbol("##1#3")), ::String, ::String) at ./iostream.jl:310
│     [14] top-level scope
│     [15] eval at ./boot.jl:295 [inlined]
│     [16] eval(::Module, ::Expr) at ./sysimg.jl:71
│     [17] process_options(::Base.JLOptions) at ./client.jl:301
│     [18] _start() at ./client.jl:375
│    in expression starting at /home/vagrant/.julia/v0.7/Hwloc/deps/build.jl:1
└ @ Main none:15
┌ Warning: ------------------------------------------------------------
│ # Build error summary
│ 
│ Hwloc, SpecialFunctions and FFTW had build errors.
│ 
│  - packages with build errors remain installed in /home/vagrant/.julia/v0.7
│  - build the package(s) and all dependencies with `Pkg.build("Hwloc", "SpecialFunctions", "FFTW")`
│  - build a single package by running its `deps/build.jl` script
└ @ Base.Pkg.Entry entry.jl:648
[ Info: Package database updated

>>> 'Pkg.test("ImageQuilting")' log
Julia Version 0.7.0-DEV.3487
Commit 808e828bcb (2018-01-20 20:33 UTC)
Platform Info:
  OS: Linux (x86_64-pc-linux-gnu)
      Ubuntu 14.04.5 LTS
  uname: Linux 3.13.0-135-generic #184-Ubuntu SMP Wed Oct 18 11:55:51 UTC 2017 x86_64 x86_64
  CPU: Intel(R) Xeon(R) CPU E3-1241 v3 @ 3.50GHz: 
              speed         user         nice          sys         idle          irq
       #1  3500 MHz    1216697 s         89 s      66902 s     273277 s          8 s
       #2  3500 MHz     211102 s         63 s      24611 s    1599044 s          0 s
       
  Memory: 2.93927001953125 GB (975.0625 MB free)
  Uptime: 18675.0 sec
  Load Avg:  1.12353515625  1.01904296875  1.0078125
  WORD_SIZE: 64
  LIBM: libopenlibm
  LLVM: libLLVM-3.9.1 (ORCJIT, haswell)
Environment:
  TERM = vt100
  LD_LIBRARY_PATH = :/usr/local/lib/
  PATH = /usr/local/sbin:/usr/local/bin:/usr/sbin:/usr/bin:/sbin:/bin:/usr/games:/usr/local/games:/home/vagrant/julia/bin/
  JAVA_HOME = /usr/lib/jvm/java-8-openjdk-amd64
  HOME = /home/vagrant
Packages:
  Package Directory: /home/vagrant/.julia/v0.7
  Package Status:
2 required packages:
 - ImageQuilting                 0.6.0
 - JSON                          0.16.4
53 additional packages:
 - AbstractFFTs                  0.2.1
 - BinDeps                       0.8.5
 - CSV                           0.2.1
 - CatIndices                    0.1.0
 - CategoricalArrays             0.3.3
 - CodecZlib                     0.4.2
 - ColorTypes                    0.6.6
 - ColorVectorSpace              0.5.2
 - Colors                        0.8.2
 - Combinatorics                 0.5.0
 - Compat                        0.48.0
 - ComputationalResources        0.2.0
 - CustomUnitRanges              0.1.0
 - DataFrames                    0.11.5
 - DataStreams                   0.3.4
 - DataStructures                0.7.4
 - FFTViews                      0.1.0
 - FFTW                          0.1.2
 - FixedPointNumbers             0.4.3
 - GeoStatsBase                  0.0.8
 - GeoStatsDevTools              0.0.8
 - Graphics                      0.2.0
 - Hwloc                         0.6.2
 - ImageCore                     0.5.0
 - ImageFiltering                0.2.3
 - ImageMorphology               0.0.2
 - IterTools                     0.2.1
 - LightGraphs                   0.11.1
 - MacroTools                    0.4.0
 - MappedArrays                  0.0.7
 - Missings                      0.2.4
 - NaNMath                       0.3.0
 - NamedTuples                   4.0.0
 - Nullables                     0.0.3
 - OffsetArrays                  0.4.2
 - PaddedViews                   0.2.0
 - Parameters                    0.8.1
 - Polynomials                   0.2.0
 - Primes                        0.2.0
 - ProgressMeter                 0.5.3
 - RecipesBase                   0.2.3
 - Reexport                      0.1.0
 - SHA                           0.5.3
 - ShowItLikeYouBuildIt          0.2.0
 - SimpleTraits                  0.5.1
 - SortingAlgorithms             0.2.0
 - SpecialFunctions              0.3.8
 - StaticArrays                  0.6.6
 - StatsBase                     0.19.5
 - TiledIteration                0.1.0
 - TranscodingStreams            0.4.1
 - URIParser                     0.3.0
 - WeakRefStrings                0.4.1
[ Info: Computing test dependencies for ImageQuilting...
[ Info: Installing AxisAlgorithms v0.2.0
[ Info: Installing AxisArrays v0.2.0
[ Info: Installing Calculus v0.2.2
[ Info: Installing Contour v0.4.0
[ Info: Installing CoordinateTransformations v0.4.1
[ Info: Installing Distances v0.5.0
[ Info: Installing Distributions v0.15.0
[ Info: Installing DualNumbers v0.3.0
[ Info: Installing FileIO v0.6.1
[ Info: Installing GR v0.25.0
[ Info: Installing GeoStats v0.5.2
[ Info: Installing GeoStatsImages v0.1.2
[ Info: Installing IdentityRanges v0.1.0
[ Info: Installing ImageAxes v0.4.0
[ Info: Installing ImageMagick v0.5.0
[ Info: Installing ImageMetadata v0.4.0
[ Info: Installing ImageTransformations v0.4.1
[ Info: Installing Images v0.12.0
[ Info: Installing IndirectArrays v0.3.0
[ Info: Installing Interpolations v0.7.3
[ Info: Installing IntervalSets v0.1.1
[ Info: Installing Measures v0.1.0
[ Info: Installing PDMats v0.8.0
[ Info: Installing PlotThemes v0.2.0
[ Info: Installing PlotUtils v0.4.4
[ Info: Installing Plots v0.15.0
[ Info: Installing QuadGK v0.2.0
[ Info: Installing RangeArrays v0.2.0
[ Info: Installing Ratios v0.2.0
[ Info: Installing Requires v0.4.3
[ Info: Installing Rmath v0.3.1
[ Info: Installing Rotations v0.6.1
[ Info: Installing SIUnits v0.1.0
[ Info: Installing Showoff v0.1.1
[ Info: Installing StatsFuns v0.5.0
[ Info: Installing TexExtensions v0.1.0
[ Info: Installing VisualRegressionTests v0.1.0
[ Info: Installing WoodburyMatrices v0.2.2
[ Info: Building SpecialFunctions
┌ Error: ------------------------------------------------------------
│ # Build failed for SpecialFunctions
│   exception =
│    LoadError: ArgumentError: Module Compat not found in current path.
│    Run `Pkg.add("Compat")` to install the Compat package.
│    Stacktrace:
│     [1] require(::Module, ::Symbol) at ./loading.jl:813
│     [2] include at ./boot.jl:292 [inlined]
│     [3] include_relative(::Module, ::String) at ./loading.jl:1011
│     [4] include at ./sysimg.jl:26 [inlined]
│     [5] include(::String) at ./loading.jl:1045
│     [6] top-level scope
│     [7] eval at ./boot.jl:295 [inlined]
│     [8] eval at ./sysimg.jl:71 [inlined]
│     [9] evalfile(::String, ::Array{String,1}) at ./loading.jl:1040 (repeats 2 times)
│     [10] #2 at ./none:12 [inlined]
│     [11] cd(::getfield(, Symbol("##2#5")){String}, ::String) at ./file.jl:70
│     [12] (::getfield(, Symbol("##1#3")))(::IOStream) at ./none:11
│     [13] open(::getfield(, Symbol("##1#3")), ::String, ::String) at ./iostream.jl:310
│     [14] top-level scope
│     [15] eval at ./boot.jl:295 [inlined]
│     [16] eval(::Module, ::Expr) at ./sysimg.jl:71
│     [17] process_options(::Base.JLOptions) at ./client.jl:301
│     [18] _start() at ./client.jl:375
│    in expression starting at /home/vagrant/.julia/v0.7/SpecialFunctions/deps/build.jl:1
└ @ Main none:15
[ Info: Building Rmath
┌ Error: ------------------------------------------------------------
│ # Build failed for Rmath
│   exception =
│    LoadError: ArgumentError: Module BinDeps not found in current path.
│    Run `Pkg.add("BinDeps")` to install the BinDeps package.
│    Stacktrace:
│     [1] require(::Module, ::Symbol) at ./loading.jl:813
│     [2] include at ./boot.jl:292 [inlined]
│     [3] include_relative(::Module, ::String) at ./loading.jl:1011
│     [4] include at ./sysimg.jl:26 [inlined]
│     [5] include(::String) at ./loading.jl:1045
│     [6] top-level scope
│     [7] eval at ./boot.jl:295 [inlined]
│     [8] eval at ./sysimg.jl:71 [inlined]
│     [9] evalfile(::String, ::Array{String,1}) at ./loading.jl:1040 (repeats 2 times)
│     [10] #2 at ./none:12 [inlined]
│     [11] cd(::getfield(, Symbol("##2#5")){String}, ::String) at ./file.jl:70
│     [12] (::getfield(, Symbol("##1#3")))(::IOStream) at ./none:11
│     [13] open(::getfield(, Symbol("##1#3")), ::String, ::String) at ./iostream.jl:310
│     [14] top-level scope
│     [15] eval at ./boot.jl:295 [inlined]
│     [16] eval(::Module, ::Expr) at ./sysimg.jl:71
│     [17] process_options(::Base.JLOptions) at ./client.jl:301
│     [18] _start() at ./client.jl:375
│    in expression starting at /home/vagrant/.julia/v0.7/Rmath/deps/build.jl:6
└ @ Main none:15
[ Info: Building GR
┌ Warning: Deprecated syntax `implicit assignment to global variable `have_dir``.
│ Use `global have_dir` instead.
└ @ nothing none:0
┌ Warning: Deprecated syntax `implicit assignment to global variable `version``.
│ Use `global version` instead.
└ @ nothing none:0
┌ Warning: `readstring(cmd::AbstractCmd)` is deprecated, use `read(cmd, String)` instead.
│   caller = top-level scope at build.jl:35
└ @ Core build.jl:35
┌ Warning: `info()` is deprecated, use `@info` instead.
│   caller = top-level scope at build.jl:43
└ @ Core build.jl:43
INFO: Downloading pre-compiled GR 0.28.0 Ubuntu binary
  % Total    % Received % Xferd  Average Speed   Time    Time     Time  Current
                                 Dload  Upload   Total   Spent    Left  Speed
  0     0    0     0    0     0      0      0 --:--:-- --:--:-- --:--:--     0  0     0    0     0    0     0      0      0 --:--:-- --:--:-- --:--:--     0  0 38.4M    0  144k    0     0  91499      0  0:07:20  0:00:01  0:07:19 91473  2 38.4M    2  976k    0     0   366k      0  0:01:47  0:00:02  0:01:45  366k  9 38.4M    9 3568k    0     0   983k      0  0:00:40  0:00:03  0:00:37  983k 25 38.4M   25 9856k    0     0  2143k      0  0:00:18  0:00:04  0:00:14 2143k 60 38.4M   60 23.2M    0     0  4236k      0  0:00:09  0:00:05  0:00:04 4762k100 38.4M  100 38.4M    0     0  6274k      0  0:00:06  0:00:06 --:--:-- 8412k
[ Info: Building FFTW
┌ Error: ------------------------------------------------------------
│ # Build failed for FFTW
│   exception =
│    LoadError: LoadError: ArgumentError: Module BinDeps not found in current path.
│    Run `Pkg.add("BinDeps")` to install the BinDeps package.
│    Stacktrace:
│     [1] require(::Module, ::Symbol) at ./loading.jl:813
│     [2] include at ./boot.jl:292 [inlined]
│     [3] include_relative(::Module, ::String) at ./loading.jl:1011
│     [4] include at ./sysimg.jl:26 [inlined]
│     [5] include(::String) at ./loading.jl:1045
│     [6] top-level scope at /home/vagrant/.julia/v0.7/FFTW/deps/build.jl:34
│     [7] include at ./boot.jl:292 [inlined]
│     [8] include_relative(::Module, ::String) at ./loading.jl:1011
│     [9] include at ./sysimg.jl:26 [inlined]
│     [10] include(::String) at ./loading.jl:1045
│     [11] top-level scope
│     [12] eval at ./boot.jl:295 [inlined]
│     [13] eval at ./sysimg.jl:71 [inlined]
│     [14] evalfile(::String, ::Array{String,1}) at ./loading.jl:1040 (repeats 2 times)
│     [15] #2 at ./none:12 [inlined]
│     [16] cd(::getfield(, Symbol("##2#5")){String}, ::String) at ./file.jl:70
│     [17] (::getfield(, Symbol("##1#3")))(::IOStream) at ./none:11
│     [18] open(::getfield(, Symbol("##1#3")), ::String, ::String) at ./iostream.jl:310
│     [19] top-level scope
│     [20] eval at ./boot.jl:295 [inlined]
│     [21] eval(::Module, ::Expr) at ./sysimg.jl:71
│     [22] process_options(::Base.JLOptions) at ./client.jl:301
│     [23] _start() at ./client.jl:375
│    in expression starting at /home/vagrant/.julia/v0.7/FFTW/deps/build_fftw.jl:1
│    in expression starting at /home/vagrant/.julia/v0.7/FFTW/deps/build.jl:34
└ @ Main none:15
[ Info: Building ImageMagick
┌ Error: ------------------------------------------------------------
│ # Build failed for ImageMagick
│   exception =
│    LoadError: ArgumentError: Module BinDeps not found in current path.
│    Run `Pkg.add("BinDeps")` to install the BinDeps package.
│    Stacktrace:
│     [1] require(::Module, ::Symbol) at ./loading.jl:813
│     [2] include at ./boot.jl:292 [inlined]
│     [3] include_relative(::Module, ::String) at ./loading.jl:1011
│     [4] include at ./sysimg.jl:26 [inlined]
│     [5] include(::String) at ./loading.jl:1045
│     [6] top-level scope
│     [7] eval at ./boot.jl:295 [inlined]
│     [8] eval at ./sysimg.jl:71 [inlined]
│     [9] evalfile(::String, ::Array{String,1}) at ./loading.jl:1040 (repeats 2 times)
│     [10] #2 at ./none:12 [inlined]
│     [11] cd(::getfield(, Symbol("##2#5")){String}, ::String) at ./file.jl:70
│     [12] (::getfield(, Symbol("##1#3")))(::IOStream) at ./none:11
│     [13] open(::getfield(, Symbol("##1#3")), ::String, ::String) at ./iostream.jl:310
│     [14] top-level scope
│     [15] eval at ./boot.jl:295 [inlined]
│     [16] eval(::Module, ::Expr) at ./sysimg.jl:71
│     [17] process_options(::Base.JLOptions) at ./client.jl:301
│     [18] _start() at ./client.jl:375
│    in expression starting at /home/vagrant/.julia/v0.7/ImageMagick/deps/build.jl:1
└ @ Main none:15
[ Info: Building Plots
┌ Warning: ------------------------------------------------------------
│ # Build error summary
│ 
│ SpecialFunctions, ImageMagick, Rmath and FFTW had build errors.
│ 
│  - packages with build errors remain installed in /home/vagrant/.julia/v0.7
│  - build the package(s) and all dependencies with `Pkg.build("SpecialFunctions", "ImageMagick", "Rmath", "FFTW")`
│  - build a single package by running its `deps/build.jl` script
└ @ Base.Pkg.Entry entry.jl:648
[ Info: Testing ImageQuilting
WARNING: importing deprecated binding Base.rand! into StatsBase.
WARNING: Base.LinAlg is deprecated, run `using LinearAlgebra` instead.
  likely near /home/vagrant/.julia/v0.7/StatsBase/src/StatsBase.jl:6
ERROR: LoadError: SpecialFunctions is not properly installed. Please run Pkg.build("SpecialFunctions") and restart Julia.
Stacktrace:
 [1] error(::String) at ./error.jl:33
 [2] top-level scope at /home/vagrant/.julia/v0.7/SpecialFunctions/src/SpecialFunctions.jl:11
 [3] include at ./boot.jl:292 [inlined]
 [4] include_relative(::Module, ::String) at ./loading.jl:1011
 [5] include(::Module, ::String) at ./sysimg.jl:26
 [6] top-level scope
 [7] eval at ./boot.jl:295 [inlined]
 [8] top-level scope at ./<missing>:3
in expression starting at /home/vagrant/.julia/v0.7/SpecialFunctions/src/SpecialFunctions.jl:11
ERROR: LoadError: Failed to precompile SpecialFunctions to /home/vagrant/.julia/lib/v0.7/SpecialFunctions.ji.
Stacktrace:
 [1] error at ./error.jl:33 [inlined]
 [2] compilecache(::Base.PkgId) at ./loading.jl:1161
 [3] _require(::Base.PkgId) at ./loading.jl:919
 [4] require(::Module, ::Symbol) at ./loading.jl:819
 [5] include at ./boot.jl:292 [inlined]
 [6] include_relative(::Module, ::String) at ./loading.jl:1011
 [7] include(::Module, ::String) at ./sysimg.jl:26
 [8] top-level scope
 [9] eval at ./boot.jl:295 [inlined]
 [10] top-level scope at ./<missing>:3
in expression starting at /home/vagrant/.julia/v0.7/StatsBase/src/StatsBase.jl:10
ERROR: LoadError: Failed to precompile StatsBase to /home/vagrant/.julia/lib/v0.7/StatsBase.ji.
Stacktrace:
 [1] error at ./error.jl:33 [inlined]
 [2] compilecache(::Base.PkgId) at ./loading.jl:1161
 [3] _require(::Base.PkgId) at ./loading.jl:919
 [4] require(::Module, ::Symbol) at ./loading.jl:819
 [5] include at ./boot.jl:292 [inlined]
 [6] include_relative(::Module, ::String) at ./loading.jl:1011
 [7] include(::Module, ::String) at ./sysimg.jl:26
 [8] top-level scope
 [9] eval at ./boot.jl:295 [inlined]
 [10] top-level scope at ./<missing>:3
in expression starting at /home/vagrant/.julia/v0.7/GeoStats/src/GeoStats.jl:21
ERROR: LoadError: Failed to precompile GeoStats to /home/vagrant/.julia/lib/v0.7/GeoStats.ji.
Stacktrace:
 [1] error at ./error.jl:33 [inlined]
 [2] compilecache(::Base.PkgId) at ./loading.jl:1161
 [3] _require(::Base.PkgId) at ./loading.jl:948
 [4] require(::Module, ::Symbol) at ./loading.jl:819
 [5] include at ./boot.jl:292 [inlined]
 [6] include_relative(::Module, ::String) at ./loading.jl:1011
 [7] include(::Module, ::String) at ./sysimg.jl:26
 [8] process_options(::Base.JLOptions) at ./client.jl:324
 [9] _start() at ./client.jl:375
in expression starting at /home/vagrant/.julia/v0.7/ImageQuilting/test/runtests.jl:1
┌ Error: ------------------------------------------------------------
│ # Testing failed for ImageQuilting
│   exception =
│    failed process: Process(`/home/vagrant/julia/bin/julia -Cnative -J/home/vagrant/julia/lib/julia/sys.so --compile=yes --depwarn=yes --code-coverage=none --color=no --compiled-modules=yes --check-bounds=yes --warn-overwrite=yes --startup-file=yes /home/vagrant/.julia/v0.7/ImageQuilting/test/runtests.jl`, ProcessExited(1)) [1]
│    Stacktrace:
│     [1] error(::String, ::Base.Process, ::String, ::Int64, ::String) at ./error.jl:42
│     [2] pipeline_error(::Base.Process) at ./process.jl:694
│     [3] run(::Cmd) at ./process.jl:656
│     [4] (::getfield(Base.Pkg.Entry, Symbol("##91#94")){Bool,String,Array{AbstractString,1}})() at ./pkg/entry.jl:728
│     [5] cd(::getfield(Base.Pkg.Entry, Symbol("##91#94")){Bool,String,Array{AbstractString,1}}, ::String) at ./file.jl:70
│     [6] #test!#90(::Bool, ::Function, ::String, ::Array{AbstractString,1}, ::Array{AbstractString,1}, ::Array{AbstractString,1}) at ./pkg/entry.jl:716
│     [7] (::getfield(Base.Pkg.Entry, Symbol("#kw##test!")))(::NamedTuple{(:coverage,),Tuple{Bool}}, ::typeof(Base.Pkg.Entry.test!), ::String, ::Array{AbstractString,1}, ::Array{AbstractString,1}, ::Array{AbstractString,1}) at ./<missing>:0
│     [8] #test#98(::Bool, ::Function, ::Array{AbstractString,1}) at ./pkg/entry.jl:755
│     [9] (::getfield(Base.Pkg.Entry, Symbol("#kw##test")))(::NamedTuple{(:coverage,),Tuple{Bool}}, ::typeof(Base.Pkg.Entry.test), ::Array{AbstractString,1}) at ./<missing>:0
│     [10] (::getfield(Base.Pkg.Dir, Symbol("##4#7")){Base.Iterators.IndexValue{Symbol,Bool,Tuple{Symbol},NamedTuple{(:coverage,),Tuple{Bool}}},typeof(Base.Pkg.Entry.test),Tuple{Array{AbstractString,1}}})() at ./pkg/dir.jl:36
│     [11] cd(::getfield(Base.Pkg.Dir, Symbol("##4#7")){Base.Iterators.IndexValue{Symbol,Bool,Tuple{Symbol},NamedTuple{(:coverage,),Tuple{Bool}}},typeof(Base.Pkg.Entry.test),Tuple{Array{AbstractString,1}}}, ::String) at ./file.jl:70
│     [12] #cd#1(::Base.Iterators.IndexValue{Symbol,Bool,Tuple{Symbol},NamedTuple{(:coverage,),Tuple{Bool}}}, ::Function, ::Function, ::Array{AbstractString,1}, ::Vararg{Array{AbstractString,1},N} where N) at ./pkg/dir.jl:36
│     [13] (::getfield(Base.Pkg.Dir, Symbol("#kw##cd")))(::NamedTuple{(:coverage,),Tuple{Bool}}, ::typeof(Base.Pkg.Dir.cd), ::Function, ::Array{AbstractString,1}, ::Vararg{Array{AbstractString,1},N} where N) at ./<missing>:0
│     [14] #test#3(::Bool, ::Function, ::String, ::Vararg{String,N} where N) at ./pkg/pkg.jl:274
│     [15] test(::String, ::Vararg{String,N} where N) at ./pkg/pkg.jl:274
│     [16] top-level scope
│     [17] eval at ./boot.jl:295 [inlined]
│     [18] eval(::Module, ::Expr) at ./sysimg.jl:71
│     [19] process_options(::Base.JLOptions) at ./client.jl:301
│     [20] _start() at ./client.jl:375
└ @ Base.Pkg.Entry entry.jl:731
[ Info: Removing AxisAlgorithms v0.2.0
[ Info: Removing AxisArrays v0.2.0
[ Info: Removing Calculus v0.2.2
[ Info: Removing Contour v0.4.0
[ Info: Removing CoordinateTransformations v0.4.1
[ Info: Removing Distances v0.5.0
[ Info: Removing Distributions v0.15.0
[ Info: Removing DualNumbers v0.3.0
[ Info: Removing FileIO v0.6.1
[ Info: Removing GR v0.25.0
[ Info: Removing GeoStats v0.5.2
[ Info: Removing GeoStatsImages v0.1.2
[ Info: Removing IdentityRanges v0.1.0
[ Info: Removing ImageAxes v0.4.0
[ Info: Removing ImageMagick v0.5.0
[ Info: Removing ImageMetadata v0.4.0
[ Info: Removing ImageTransformations v0.4.1
[ Info: Removing Images v0.12.0
[ Info: Removing IndirectArrays v0.3.0
[ Info: Removing Interpolations v0.7.3
[ Info: Removing IntervalSets v0.1.1
[ Info: Removing Measures v0.1.0
[ Info: Removing PDMats v0.8.0
[ Info: Removing PlotThemes v0.2.0
[ Info: Removing PlotUtils v0.4.4
[ Info: Removing Plots v0.15.0
[ Info: Removing QuadGK v0.2.0
[ Info: Removing RangeArrays v0.2.0
[ Info: Removing Ratios v0.2.0
[ Info: Removing Requires v0.4.3
[ Info: Removing Rmath v0.3.1
[ Info: Removing Rotations v0.6.1
[ Info: Removing SIUnits v0.1.0
[ Info: Removing Showoff v0.1.1
[ Info: Removing StatsFuns v0.5.0
[ Info: Removing TexExtensions v0.1.0
[ Info: Removing VisualRegressionTests v0.1.0
[ Info: Removing WoodburyMatrices v0.2.2
ERROR: ImageQuilting had test errors

>>> End of log
