>>> 'Pkg.add("ImageFiltering")' log
WARNING: Base.Pkg is deprecated, run `using Pkg` instead
 in module Main
[ Info: Installing AbstractFFTs v0.3.1
[ Info: Installing BinDeps v0.8.7
[ Info: Installing CatIndices v0.1.0
[ Info: Installing ColorTypes v0.6.7
[ Info: Installing ColorVectorSpace v0.5.2
[ Info: Installing Colors v0.8.2
[ Info: Installing ComputationalResources v0.2.0
[ Info: Installing CustomUnitRanges v0.1.0
[ Info: Installing DataStructures v0.7.4
[ Info: Installing FFTViews v0.1.0
[ Info: Installing FFTW v0.2.0
[ Info: Installing FixedPointNumbers v0.4.6
[ Info: Installing Graphics v0.2.0
[ Info: Installing ImageCore v0.5.0
[ Info: Installing ImageFiltering v0.3.0
[ Info: Installing MappedArrays v0.0.7
[ Info: Installing Missings v0.2.8
[ Info: Installing NaNMath v0.3.1
[ Info: Installing OffsetArrays v0.5.0
[ Info: Installing PaddedViews v0.3.0
[ Info: Installing Reexport v0.1.0
[ Info: Installing SHA v0.5.6
[ Info: Installing ShowItLikeYouBuildIt v0.2.0
[ Info: Installing SortingAlgorithms v0.2.0
[ Info: Installing SpecialFunctions v0.3.8
[ Info: Installing StaticArrays v0.7.0
[ Info: Installing StatsBase v0.20.1
[ Info: Installing TiledIteration v0.1.0
[ Info: Installing URIParser v0.3.1
[ Info: Building SpecialFunctions
WARNING: importing deprecated binding Base.Associative into BinDeps.
WARNING: Base.Associative is deprecated, use AbstractDict instead.
  likely near /home/vagrant/.julia/v0.7/SpecialFunctions/deps/binaries.jl:44
in @install at /home/vagrant/.julia/v0.7/BinDeps/src/dependencies.jl
┌ Warning: `contains(haystack, needle)` is deprecated, use `occursin(needle, haystack)` instead.
│   caller = read_sonames() at dependencies.jl:402
└ @ BinDeps dependencies.jl:402
┌ Warning: `contains(haystack, needle)` is deprecated, use `occursin(needle, haystack)` instead.
│   caller = read_sonames() at dependencies.jl:405
└ @ BinDeps dependencies.jl:405
[ Info: Building FFTW
WARNING: importing deprecated binding Base.Associative into BinDeps.
WARNING: Base.Associative is deprecated, use AbstractDict instead.
  likely near /home/vagrant/.julia/v0.7/FFTW/deps/build_fftw.jl:113
in @install at /home/vagrant/.julia/v0.7/BinDeps/src/dependencies.jl
┌ Warning: `contains(haystack, needle)` is deprecated, use `occursin(needle, haystack)` instead.
│   caller = read_sonames() at dependencies.jl:402
└ @ BinDeps dependencies.jl:402
┌ Warning: `contains(haystack, needle)` is deprecated, use `occursin(needle, haystack)` instead.
│   caller = read_sonames() at dependencies.jl:405
└ @ BinDeps dependencies.jl:405
[ Info: Package database updated

>>> 'Pkg.test("ImageFiltering")' log
WARNING: Base.versioninfo is deprecated: it has been moved to the standard library package `InteractiveUtils`.
Add `using InteractiveUtils` to your imports.
 in module Main
WARNING: Base.versioninfo is deprecated: it has been moved to the standard library package `InteractiveUtils`.
Add `using InteractiveUtils` to your imports.
 in module Main
Julia Version 0.7.0-DEV.4747
Commit bce5bbef9b (2018-04-04 21:54 UTC)
Platform Info:
  OS: Linux (x86_64-pc-linux-gnu)
      Ubuntu 14.04.5 LTS
  uname: Linux 3.13.0-143-generic #192-Ubuntu SMP Tue Feb 27 10:45:36 UTC 2018 x86_64 x86_64
  CPU: Intel(R) Xeon(R) CPU E3-1241 v3 @ 3.50GHz: 
              speed         user         nice          sys         idle          irq
       #1  3500 MHz    1437021 s        139 s     119800 s     391220 s         14 s
       #2  3500 MHz     304062 s         47 s      43116 s    1893962 s          1 s
       
  Memory: 2.939197540283203 GB (1004.0234375 MB free)
  Uptime: 22820.0 sec
  Load Avg:  0.9697265625  0.958984375  0.9755859375
  WORD_SIZE: 64
  LIBM: libopenlibm
  LLVM: libLLVM-3.9.1 (ORCJIT, haswell)
Environment:
  TERM = vt100
  LD_LIBRARY_PATH = :/usr/local/lib/
  PATH = /usr/local/sbin:/usr/local/bin:/usr/sbin:/usr/bin:/sbin:/bin:/usr/games:/usr/local/games:/home/vagrant/julia/bin/
  JAVA_HOME = /usr/lib/jvm/java-8-openjdk-amd64
  HOME = /home/vagrant
Packages:
  Package Directory: /home/vagrant/.julia/v0.7
  Package Status:
2 required packages:
 - ImageFiltering                0.3.0
 - JSON                          0.17.2
30 additional packages:
 - AbstractFFTs                  0.3.1
 - BinDeps                       0.8.7
 - CatIndices                    0.1.0
 - ColorTypes                    0.6.7
 - ColorVectorSpace              0.5.2
 - Colors                        0.8.2
 - Compat                        0.63.0
 - ComputationalResources        0.2.0
 - CustomUnitRanges              0.1.0
 - DataStructures                0.7.4
 - FFTViews                      0.1.0
 - FFTW                          0.2.0
 - FixedPointNumbers             0.4.6
 - Graphics                      0.2.0
 - ImageCore                     0.5.0
 - MappedArrays                  0.0.7
 - Missings                      0.2.8
 - NaNMath                       0.3.1
 - Nullables                     0.0.5
 - OffsetArrays                  0.5.0
 - PaddedViews                   0.3.0
 - Reexport                      0.1.0
 - SHA                           0.5.6
 - ShowItLikeYouBuildIt          0.2.0
 - SortingAlgorithms             0.2.0
 - SpecialFunctions              0.3.8
 - StaticArrays                  0.7.0
 - StatsBase                     0.20.1
 - TiledIteration                0.1.0
 - URIParser                     0.3.1
WARNING: Base.Pkg is deprecated, run `using Pkg` instead
 in module Main
[ Info: Testing ImageFiltering
┌ Warning: `importall` is deprecated, use `using` or individual `import` statements instead
│   caller = ip:0x0
└ @ Core :-1
WARNING: importing deprecated binding Base.CartesianRange into TiledIteration.
WARNING: Base.CartesianRange is deprecated, use CartesianIndices instead.
  likely near /home/vagrant/.julia/v0.7/TiledIteration/src/TiledIteration.jl:29
WARNING: Base.CartesianRange is deprecated, use CartesianIndices instead.
  likely near /home/vagrant/.julia/v0.7/TiledIteration/src/TiledIteration.jl:29
WARNING: Base.CartesianRange is deprecated, use CartesianIndices instead.
  likely near /home/vagrant/.julia/v0.7/TiledIteration/src/TiledIteration.jl:35
WARNING: Base.CartesianRange is deprecated, use CartesianIndices instead.
  likely near /home/vagrant/.julia/v0.7/TiledIteration/src/TiledIteration.jl:78
WARNING: Base.CartesianRange is deprecated, use CartesianIndices instead.
  likely near /home/vagrant/.julia/v0.7/TiledIteration/src/TiledIteration.jl:78
WARNING: Base.CartesianRange is deprecated, use CartesianIndices instead.
  likely near /home/vagrant/.julia/v0.7/TiledIteration/src/TiledIteration.jl:78
WARNING: Base.CartesianRange is deprecated, use CartesianIndices instead.
  likely near /home/vagrant/.julia/v0.7/TiledIteration/src/TiledIteration.jl:78
WARNING: Base.CartesianRange is deprecated, use CartesianIndices instead.
  likely near /home/vagrant/.julia/v0.7/TiledIteration/src/TiledIteration.jl:87
WARNING: Base.CartesianRange is deprecated, use CartesianIndices instead.
  likely near /home/vagrant/.julia/v0.7/TiledIteration/src/TiledIteration.jl:87
WARNING: importing deprecated binding Base.norm into ColorVectorSpace.
WARNING: could not import Base.promote_array_type into ColorVectorSpace
ERROR: LoadError: UndefVarError: promote_sys_size_add not defined
Stacktrace:
 [1] getproperty(::Module, ::Symbol) at ./sysimg.jl:13
 [2] top-level scope at /home/vagrant/.julia/v0.7/ColorVectorSpace/src/ColorVectorSpace.jl:56
 [3] include at ./boot.jl:306 [inlined]
 [4] include_relative(::Module, ::String) at ./loading.jl:1067
 [5] include(::Module, ::String) at ./sysimg.jl:29
 [6] top-level scope
 [7] eval at ./boot.jl:309 [inlined]
 [8] top-level scope at ./<missing>:3
in expression starting at /home/vagrant/.julia/v0.7/ColorVectorSpace/src/ColorVectorSpace.jl:56
ERROR: LoadError: Failed to precompile ColorVectorSpace to /home/vagrant/.julia/compiled/v0.7/ColorVectorSpace.ji.
Stacktrace:
 [1] error at ./error.jl:33 [inlined]
 [2] compilecache(::Base.PkgId) at ./loading.jl:1201
 [3] _require(::Base.PkgId) at ./loading.jl:974
 [4] require(::Base.PkgId) at ./loading.jl:874
 [5] require(::Module, ::Symbol) at ./loading.jl:869
 [6] include at ./boot.jl:306 [inlined]
 [7] include_relative(::Module, ::String) at ./loading.jl:1067
 [8] include(::Module, ::String) at ./sysimg.jl:29
 [9] top-level scope
 [10] eval at ./boot.jl:309 [inlined]
 [11] top-level scope at ./<missing>:3
in expression starting at /home/vagrant/.julia/v0.7/ImageFiltering/src/ImageFiltering.jl:6
ERROR: LoadError: Failed to precompile ImageFiltering to /home/vagrant/.julia/compiled/v0.7/ImageFiltering.ji.
Stacktrace:
 [1] error at ./error.jl:33 [inlined]
 [2] compilecache(::Base.PkgId) at ./loading.jl:1201
 [3] _require(::Base.PkgId) at ./loading.jl:1003
 [4] require(::Base.PkgId) at ./loading.jl:874
 [5] require(::Module, ::Symbol) at ./loading.jl:869
 [6] include at ./boot.jl:306 [inlined]
 [7] include_relative(::Module, ::String) at ./loading.jl:1067
 [8] include(::Module, ::String) at ./sysimg.jl:29
 [9] exec_options(::Base.JLOptions) at ./client.jl:327
 [10] _start() at ./client.jl:455
in expression starting at /home/vagrant/.julia/v0.7/ImageFiltering/test/runtests.jl:1
┌ Error: ------------------------------------------------------------
│ # Testing failed for ImageFiltering
│   exception =
│    failed process: Process(`/home/vagrant/julia/bin/julia -Cnative -J/home/vagrant/julia/lib/julia/sys.so --compile=yes --depwarn=yes --code-coverage=none --color=no --compiled-modules=yes --check-bounds=yes --warn-overwrite=yes --startup-file=yes /home/vagrant/.julia/v0.7/ImageFiltering/test/runtests.jl`, ProcessExited(1)) [1]
│    Stacktrace:
│     [1] error(::String, ::Base.Process, ::String, ::Int64, ::String) at ./error.jl:42
│     [2] pipeline_error(::Base.Process) at ./process.jl:712
│     [3] #run#542(::Bool, ::Function, ::Cmd) at ./process.jl:670
│     [4] run at ./process.jl:668 [inlined]
│     [5] (::getfield(Pkg.Entry, Symbol("##56#57")){Bool,String,Array{AbstractString,1}})() at /buildworker/worker/package_linux64/build/usr/share/julia/site/v0.7/Pkg/src/entry.jl:729
│     [6] cd(::getfield(Pkg.Entry, Symbol("##56#57")){Bool,String,Array{AbstractString,1}}, ::String) at ./file.jl:72
│     [7] #test!#55(::Bool, ::Function, ::String, ::Array{AbstractString,1}, ::Array{AbstractString,1}, ::Array{AbstractString,1}) at /buildworker/worker/package_linux64/build/usr/share/julia/site/v0.7/Pkg/src/entry.jl:717
│     [8] (::getfield(Pkg.Entry, Symbol("#kw##test!")))(::NamedTuple{(:coverage,),Tuple{Bool}}, ::typeof(Pkg.Entry.test!), ::String, ::Array{AbstractString,1}, ::Array{AbstractString,1}, ::Array{AbstractString,1}) at ./<missing>:0
│     [9] #test#59(::Bool, ::Function, ::Array{AbstractString,1}) at /buildworker/worker/package_linux64/build/usr/share/julia/site/v0.7/Pkg/src/entry.jl:756
│     [10] #test at ./<missing>:0 [inlined]
│     [11] #4 at /buildworker/worker/package_linux64/build/usr/share/julia/site/v0.7/Pkg/src/dir.jl:36 [inlined]
│     [12] cd(::getfield(Pkg.Dir, Symbol("##4#7")){Base.Iterators.Pairs{Symbol,Bool,Tuple{Symbol},NamedTuple{(:coverage,),Tuple{Bool}}},typeof(Pkg.Entry.test),Tuple{Array{AbstractString,1}}}, ::String) at ./file.jl:72
│     [13] #cd#1(::Base.Iterators.Pairs{Symbol,Bool,Tuple{Symbol},NamedTuple{(:coverage,),Tuple{Bool}}}, ::Function, ::Function, ::Array{AbstractString,1}, ::Vararg{Array{AbstractString,1},N} where N) at /buildworker/worker/package_linux64/build/usr/share/julia/site/v0.7/Pkg/src/dir.jl:36
│     [14] (::getfield(Pkg.Dir, Symbol("#kw##cd")))(::NamedTuple{(:coverage,),Tuple{Bool}}, ::typeof(Pkg.Dir.cd), ::Function, ::Array{AbstractString,1}, ::Vararg{Array{AbstractString,1},N} where N) at ./<missing>:0
│     [15] #test#3(::Bool, ::Function, ::String, ::Vararg{String,N} where N) at /buildworker/worker/package_linux64/build/usr/share/julia/site/v0.7/Pkg/src/Pkg.jl:278
│     [16] test(::String, ::Vararg{String,N} where N) at /buildworker/worker/package_linux64/build/usr/share/julia/site/v0.7/Pkg/src/Pkg.jl:278
│     [17] top-level scope
│     [18] eval at ./boot.jl:309 [inlined]
│     [19] eval(::Module, ::Expr) at ./sysimg.jl:74
│     [20] exec_options(::Base.JLOptions) at ./client.jl:304
│     [21] _start() at ./client.jl:455
└ @ Pkg.Entry entry.jl:732
ERROR: ImageFiltering had test errors

>>> End of log
