>>> 'Pkg.add("ImageSegmentation")' log
[ Info: Cloning cache of ImageSegmentation from https://github.com/JuliaImages/ImageSegmentation.jl.git @ Base.Pkg.Cache cache.jl:43
[ Info: Cloning cache of SimpleWeightedGraphs from https://github.com/JuliaGraphs/SimpleWeightedGraphs.jl.git @ Base.Pkg.Cache cache.jl:43
[ Info: Installing AbstractFFTs v0.2.0 @ Base.Pkg.Entry entry.jl:543
[ Info: Installing AxisAlgorithms v0.2.0 @ Base.Pkg.Entry entry.jl:543
[ Info: Installing AxisArrays v0.2.0 @ Base.Pkg.Entry entry.jl:543
[ Info: Installing BinDeps v0.8.2 @ Base.Pkg.Entry entry.jl:543
[ Info: Installing Calculus v0.2.2 @ Base.Pkg.Entry entry.jl:543
[ Info: Installing CatIndices v0.1.0 @ Base.Pkg.Entry entry.jl:543
[ Info: Installing Clustering v0.9.1 @ Base.Pkg.Entry entry.jl:543
[ Info: Installing CodecZlib v0.4.1 @ Base.Pkg.Entry entry.jl:543
[ Info: Installing ColorTypes v0.6.6 @ Base.Pkg.Entry entry.jl:543
[ Info: Installing ColorVectorSpace v0.5.2 @ Base.Pkg.Entry entry.jl:543
[ Info: Installing Colors v0.8.2 @ Base.Pkg.Entry entry.jl:543
[ Info: Installing ComputationalResources v0.2.0 @ Base.Pkg.Entry entry.jl:543
[ Info: Installing CoordinateTransformations v0.4.1 @ Base.Pkg.Entry entry.jl:543
[ Info: Installing CustomUnitRanges v0.1.0 @ Base.Pkg.Entry entry.jl:543
[ Info: Installing DataStructures v0.7.3 @ Base.Pkg.Entry entry.jl:543
[ Info: Installing Distances v0.5.0 @ Base.Pkg.Entry entry.jl:543
[ Info: Installing DualNumbers v0.3.0 @ Base.Pkg.Entry entry.jl:543
[ Info: Installing FFTViews v0.1.0 @ Base.Pkg.Entry entry.jl:543
[ Info: Installing FFTW v0.1.2 @ Base.Pkg.Entry entry.jl:543
[ Info: Installing FileIO v0.6.1 @ Base.Pkg.Entry entry.jl:543
[ Info: Installing FixedPointNumbers v0.4.3 @ Base.Pkg.Entry entry.jl:543
[ Info: Installing Graphics v0.2.0 @ Base.Pkg.Entry entry.jl:543
[ Info: Installing IdentityRanges v0.1.0 @ Base.Pkg.Entry entry.jl:543
[ Info: Installing ImageAxes v0.4.0 @ Base.Pkg.Entry entry.jl:543
[ Info: Installing ImageCore v0.5.0 @ Base.Pkg.Entry entry.jl:543
[ Info: Installing ImageFiltering v0.2.3 @ Base.Pkg.Entry entry.jl:543
[ Info: Installing ImageMetadata v0.4.0 @ Base.Pkg.Entry entry.jl:543
[ Info: Installing ImageMorphology v0.0.2 @ Base.Pkg.Entry entry.jl:543
[ Info: Installing ImageSegmentation v0.0.2 @ Base.Pkg.Entry entry.jl:543
[ Info: Installing ImageTransformations v0.4.1 @ Base.Pkg.Entry entry.jl:543
[ Info: Installing Images v0.12.0 @ Base.Pkg.Entry entry.jl:543
[ Info: Installing IndirectArrays v0.3.0 @ Base.Pkg.Entry entry.jl:543
[ Info: Installing Interpolations v0.7.2 @ Base.Pkg.Entry entry.jl:543
[ Info: Installing IntervalSets v0.1.1 @ Base.Pkg.Entry entry.jl:543
[ Info: Installing IterTools v0.2.0 @ Base.Pkg.Entry entry.jl:543
[ Info: Installing LightGraphs v0.11.1 @ Base.Pkg.Entry entry.jl:543
[ Info: Installing MacroTools v0.4.0 @ Base.Pkg.Entry entry.jl:543
[ Info: Installing MappedArrays v0.0.7 @ Base.Pkg.Entry entry.jl:543
[ Info: Installing NaNMath v0.3.0 @ Base.Pkg.Entry entry.jl:543
[ Info: Installing NearestNeighbors v0.3.0 @ Base.Pkg.Entry entry.jl:543
[ Info: Installing OffsetArrays v0.4.2 @ Base.Pkg.Entry entry.jl:543
[ Info: Installing PaddedViews v0.2.0 @ Base.Pkg.Entry entry.jl:543
[ Info: Installing RangeArrays v0.2.0 @ Base.Pkg.Entry entry.jl:543
[ Info: Installing Ratios v0.2.0 @ Base.Pkg.Entry entry.jl:543
[ Info: Installing Reexport v0.1.0 @ Base.Pkg.Entry entry.jl:543
[ Info: Installing RegionTrees v0.1.0 @ Base.Pkg.Entry entry.jl:543
[ Info: Installing Requires v0.4.3 @ Base.Pkg.Entry entry.jl:543
[ Info: Installing Rotations v0.6.1 @ Base.Pkg.Entry entry.jl:543
[ Info: Installing SHA v0.5.2 @ Base.Pkg.Entry entry.jl:543
[ Info: Installing SIUnits v0.1.0 @ Base.Pkg.Entry entry.jl:543
[ Info: Installing ShowItLikeYouBuildIt v0.2.0 @ Base.Pkg.Entry entry.jl:543
[ Info: Installing SimpleTraits v0.5.1 @ Base.Pkg.Entry entry.jl:543
[ Info: Installing SimpleWeightedGraphs v0.3.0 @ Base.Pkg.Entry entry.jl:543
[ Info: Installing SortingAlgorithms v0.2.0 @ Base.Pkg.Entry entry.jl:543
[ Info: Installing SpecialFunctions v0.3.6 @ Base.Pkg.Entry entry.jl:543
[ Info: Installing StaticArrays v0.6.6 @ Base.Pkg.Entry entry.jl:543
[ Info: Installing StatsBase v0.19.4 @ Base.Pkg.Entry entry.jl:543
[ Info: Installing TexExtensions v0.1.0 @ Base.Pkg.Entry entry.jl:543
[ Info: Installing TiledIteration v0.1.0 @ Base.Pkg.Entry entry.jl:543
[ Info: Installing TranscodingStreams v0.4.1 @ Base.Pkg.Entry entry.jl:543
[ Info: Installing URIParser v0.3.0 @ Base.Pkg.Entry entry.jl:543
[ Info: Installing WoodburyMatrices v0.2.2 @ Base.Pkg.Entry entry.jl:543
[ Info: Building SpecialFunctions @ Main none:10
WARNING: importing deprecated binding Base.Void into __anon__.
WARNING: Base.Void is deprecated, use Nothing instead.
  likely near /home/vagrant/.julia/v0.7/SpecialFunctions/deps/build.jl:6
WARNING: Base.Void is deprecated, use Nothing instead.
  likely near /home/vagrant/.julia/v0.7/SpecialFunctions/deps/build.jl:6
WARNING: Base.Void is deprecated, use Nothing instead.
  likely near /home/vagrant/.julia/v0.7/SpecialFunctions/deps/build.jl:6
WARNING: Base.Void is deprecated, use Nothing instead.
  likely near /home/vagrant/.julia/v0.7/SpecialFunctions/deps/build.jl:6
WARNING: Base.Void is deprecated, use Nothing instead.
  likely near /home/vagrant/.julia/v0.7/SpecialFunctions/deps/build.jl:6
WARNING: Base.Void is deprecated, use Nothing instead.
  likely near /home/vagrant/.julia/v0.7/SpecialFunctions/deps/build.jl:6
WARNING: importing deprecated binding Base.Associative into BinDeps.
WARNING: Base.Associative is deprecated, use AbstractDict instead.
  likely near /home/vagrant/.julia/v0.7/SpecialFunctions/deps/binaries.jl:44
in @install at /home/vagrant/.julia/v0.7/BinDeps/src/dependencies.jl
┌ Warning: `unshift!` is deprecated, use `pushfirst!` instead.
│   caller = #_find_library#48(::Type, ::Function, ::BinDeps.LibraryDependency) at dependencies.jl:652
└ @ BinDeps dependencies.jl:652
┌ Warning: `unshift!` is deprecated, use `pushfirst!` instead.
│   caller = #_find_library#48(::DataType, ::Function, ::BinDeps.LibraryDependency) at dependencies.jl:652
└ @ BinDeps dependencies.jl:652
[ Info: Building FFTW @ Main none:10
┌ Warning: `replace(s::AbstractString, pat, f)` is deprecated, use `replace(s, pat => f)` instead.
│   caller = makealiases(::String) at build_fftw.jl:26
└ @ Main.__anon__ build_fftw.jl:26
WARNING: importing deprecated binding Base.Associative into BinDeps.
WARNING: Base.Associative is deprecated, use AbstractDict instead.
  likely near /home/vagrant/.julia/v0.7/FFTW/deps/build_fftw.jl:112
in @install at /home/vagrant/.julia/v0.7/BinDeps/src/dependencies.jl
┌ Warning: `unshift!` is deprecated, use `pushfirst!` instead.
│   caller = #_find_library#48(::Type, ::Function, ::BinDeps.LibraryDependency) at dependencies.jl:652
└ @ BinDeps dependencies.jl:652
┌ Warning: `unshift!` is deprecated, use `pushfirst!` instead.
│   caller = #_find_library#48(::DataType, ::Function, ::BinDeps.LibraryDependency) at dependencies.jl:652
└ @ BinDeps dependencies.jl:652
[ Info: Package database updated @ Base.Pkg.Entry entry.jl:32
┌ Info: METADATA is out-of-date — you may not have the latest version of ImageSegmentation
│ Use `Pkg.update()` to get the latest versions of your packages
└ @ Base.Pkg.Entry entry.jl:74

>>> 'Pkg.test("ImageSegmentation")' log
Julia Version 0.7.0-DEV.3246
Commit 2138144d3a (2018-01-04 02:34 UTC)
Platform Info:
  OS: Linux (x86_64-pc-linux-gnu)
      Ubuntu 14.04.5 LTS
  uname: Linux 3.13.0-135-generic #184-Ubuntu SMP Wed Oct 18 11:55:51 UTC 2017 x86_64 x86_64
  CPU: Intel(R) Xeon(R) CPU E3-1241 v3 @ 3.50GHz: 
              speed         user         nice          sys         idle          irq
       #1  3499 MHz    5746954 s        134 s     288011 s    1269082 s         64 s
       #2  3499 MHz    1066306 s         52 s     110796 s    7358793 s          0 s
       
  Memory: 2.93927001953125 GB (780.0234375 MB free)
  Uptime: 86619.0 sec
  Load Avg:  1.0673828125  0.99853515625  0.96142578125
  WORD_SIZE: 64
  BLAS: libopenblas (USE64BITINT DYNAMIC_ARCH NO_AFFINITY Nehalem)
  LAPACK: libopenblas64_
  LIBM: libopenlibm
  LLVM: libLLVM-3.9.1 (ORCJIT, haswell)
Environment:
  TERM = vt100
  LD_LIBRARY_PATH = :/usr/local/lib/
  PATH = /usr/local/sbin:/usr/local/bin:/usr/sbin:/usr/bin:/sbin:/bin:/usr/games:/usr/local/games:/home/vagrant/julia/bin/
  JAVA_HOME = /usr/lib/jvm/java-8-openjdk-amd64
  HOME = /home/vagrant
Packages:
  Package Directory: /home/vagrant/.julia/v0.7
  Package Status:
2 required packages:
 - ImageSegmentation             0.0.2
 - JSON                          0.16.3
63 additional packages:
 - AbstractFFTs                  0.2.0
 - AxisAlgorithms                0.2.0
 - AxisArrays                    0.2.0
 - BinDeps                       0.8.2
 - Calculus                      0.2.2
 - CatIndices                    0.1.0
 - Clustering                    0.9.1
 - CodecZlib                     0.4.1
 - ColorTypes                    0.6.6
 - ColorVectorSpace              0.5.2
 - Colors                        0.8.2
 - Compat                        0.42.0
 - ComputationalResources        0.2.0
 - CoordinateTransformations     0.4.1
 - CustomUnitRanges              0.1.0
 - DataStructures                0.7.3
 - Distances                     0.5.0
 - DualNumbers                   0.3.0
 - FFTViews                      0.1.0
 - FFTW                          0.1.2
 - FileIO                        0.6.1
 - FixedPointNumbers             0.4.3
 - Graphics                      0.2.0
 - IdentityRanges                0.1.0
 - ImageAxes                     0.4.0
 - ImageCore                     0.5.0
 - ImageFiltering                0.2.3
 - ImageMetadata                 0.4.0
 - ImageMorphology               0.0.2
 - ImageTransformations          0.4.1
 - Images                        0.12.0
 - IndirectArrays                0.3.0
 - Interpolations                0.7.2
 - IntervalSets                  0.1.1
 - IterTools                     0.2.0
 - LightGraphs                   0.11.1
 - MacroTools                    0.4.0
 - MappedArrays                  0.0.7
 - NaNMath                       0.3.0
 - NearestNeighbors              0.3.0
 - Nullables                     0.0.2
 - OffsetArrays                  0.4.2
 - PaddedViews                   0.2.0
 - RangeArrays                   0.2.0
 - Ratios                        0.2.0
 - Reexport                      0.1.0
 - RegionTrees                   0.1.0
 - Requires                      0.4.3
 - Rotations                     0.6.1
 - SHA                           0.5.2
 - SIUnits                       0.1.0
 - ShowItLikeYouBuildIt          0.2.0
 - SimpleTraits                  0.5.1
 - SimpleWeightedGraphs          0.3.0
 - SortingAlgorithms             0.2.0
 - SpecialFunctions              0.3.6
 - StaticArrays                  0.6.6
 - StatsBase                     0.19.4
 - TexExtensions                 0.1.0
 - TiledIteration                0.1.0
 - TranscodingStreams            0.4.1
 - URIParser                     0.3.0
 - WoodburyMatrices              0.2.2
[ Info: Testing ImageSegmentation @ Base.Pkg.Entry entry.jl:723
WARNING: importing deprecated binding Base.fft into Images.
WARNING: importing deprecated binding Base.ifft into Images.
WARNING: importing deprecated binding Base.linearindexing into Images.
WARNING: importing deprecated binding Base.@sprintf into Colors.
ERROR: LoadError: LoadError: LoadError: LoadError: Base.@sprintf has been moved to the standard library package Printf.
Restart Julia and then run `using Printf` to load it.
Stacktrace:
 [1] error(::Function, ::String, ::String, ::String, ::String, ::String, ::String) at ./error.jl:42
 [2] #@sprintf#922(::Base.Iterators.IndexValue{Union{},Union{},Tuple{},NamedTuple{(),Tuple{}}}, ::Function, ::LineNumberNode, ::Vararg{Any,N} where N) at ./deprecated.jl:138
 [3] @sprintf(::Vararg{Any,N} where N) at ./deprecated.jl:138
 [4] #macroexpand#37 at ./expr.jl:75 [inlined]
 [5] macroexpand at ./expr.jl:74 [inlined]
 [6] docm(::LineNumberNode, ::Module, ::String, ::Expr, ::Bool) at ./docs/Docs.jl:657 (repeats 2 times)
 [7] @doc(::LineNumberNode, ::Module, ::String, ::Vararg{Any,N} where N) at ./boot.jl:411
 [8] include at ./boot.jl:295 [inlined]
 [9] include_relative(::Module, ::String) at ./loading.jl:521
 [10] include at ./sysimg.jl:26 [inlined]
 [11] include(::String) at /home/vagrant/.julia/v0.7/Colors/src/Colors.jl:3
 [12] top-level scope
 [13] include at ./boot.jl:295 [inlined]
 [14] include_relative(::Module, ::String) at ./loading.jl:521
 [15] include(::Module, ::String) at ./sysimg.jl:26
 [16] top-level scope
 [17] eval at ./boot.jl:298 [inlined]
 [18] top-level scope at ./<missing>:2
in expression starting at /home/vagrant/.julia/v0.7/Colors/src/utilities.jl:19
in expression starting at /home/vagrant/.julia/v0.7/Colors/src/utilities.jl:12
in expression starting at /home/vagrant/.julia/v0.7/Colors/src/utilities.jl:12
in expression starting at /home/vagrant/.julia/v0.7/Colors/src/Colors.jl:30
ERROR: LoadError: Failed to precompile Colors to /home/vagrant/.julia/lib/v0.7/Colors.ji.
Stacktrace:
 [1] error at ./error.jl:33 [inlined]
 [2] compilecache(::String) at ./loading.jl:648
 [3] compilecache at ./loading.jl:605 [inlined]
 [4] _require(::Symbol) at ./loading.jl:440
 [5] require(::Symbol) at ./loading.jl:333
 [6] include at ./boot.jl:295 [inlined]
 [7] include_relative(::Module, ::String) at ./loading.jl:521
 [8] include(::Module, ::String) at ./sysimg.jl:26
 [9] top-level scope
 [10] eval at ./boot.jl:298 [inlined]
 [11] top-level scope at ./<missing>:2
in expression starting at /home/vagrant/.julia/v0.7/Images/src/Images.jl:28
ERROR: LoadError: Failed to precompile Images to /home/vagrant/.julia/lib/v0.7/Images.ji.
Stacktrace:
 [1] error at ./error.jl:33 [inlined]
 [2] compilecache(::String) at ./loading.jl:648
 [3] compilecache at ./loading.jl:605 [inlined]
 [4] _require(::Symbol) at ./loading.jl:440
 [5] require(::Symbol) at ./loading.jl:333
 [6] include at ./boot.jl:295 [inlined]
 [7] include_relative(::Module, ::String) at ./loading.jl:521
 [8] include(::Module, ::String) at ./sysimg.jl:26
 [9] top-level scope
 [10] eval at ./boot.jl:298 [inlined]
 [11] top-level scope at ./<missing>:2
in expression starting at /home/vagrant/.julia/v0.7/ImageSegmentation/src/ImageSegmentation.jl:7
ERROR: LoadError: Failed to precompile ImageSegmentation to /home/vagrant/.julia/lib/v0.7/ImageSegmentation.ji.
Stacktrace:
 [1] error at ./error.jl:33 [inlined]
 [2] compilecache(::String) at ./loading.jl:648
 [3] compilecache at ./loading.jl:605 [inlined]
 [4] _require(::Symbol) at ./loading.jl:460
 [5] require(::Symbol) at ./loading.jl:333
 [6] include at ./boot.jl:295 [inlined]
 [7] include_relative(::Module, ::String) at ./loading.jl:521
 [8] include(::Module, ::String) at ./sysimg.jl:26
 [9] process_options(::Base.JLOptions) at ./client.jl:323
 [10] _start() at ./client.jl:374
in expression starting at /home/vagrant/.julia/v0.7/ImageSegmentation/test/runtests.jl:1
┌ Error: ------------------------------------------------------------
│ # Testing failed for ImageSegmentation
│   exception = ErrorException("failed process: Process(`/home/vagrant/julia/bin/julia -Cnative -J/home/vagrant/julia/lib/julia/sys.so --compile=yes --depwarn=yes --code-coverage=none --color=no --compiled-modules=yes --check-bounds=yes --warn-overwrite=yes --startup-file=yes /home/vagrant/.julia/v0.7/ImageSegmentation/test/runtests.jl`, ProcessExited(1)) [1]")
└ @ Base.Pkg.Entry entry.jl:739
ERROR: ImageSegmentation had test errors

>>> End of log
