>>> 'Pkg.add("ImagineFormat")' log
INFO: Cloning cache of ImagineFormat from git://github.com/timholy/ImagineFormat.jl.git
INFO: Installing ColorTypes v0.1.7
INFO: Installing ColorVectorSpace v0.0.5
INFO: Installing Colors v0.5.4
INFO: Installing FileIO v0.0.6
INFO: Installing FixedPointNumbers v0.0.12
INFO: Installing Graphics v0.1.0
INFO: Installing Images v0.4.50
INFO: Installing ImagineFormat v0.0.1
INFO: Installing SIUnits v0.0.6
INFO: Installing TexExtensions v0.0.3
INFO: Building Images
INFO: Package database updated
INFO: METADATA is out-of-date — you may not have the latest version of ImagineFormat
INFO: Use `Pkg.update()` to get the latest versions of your packages

>>> 'Pkg.test("ImagineFormat")' log
Julia Version 0.3.12
Commit 80aa779 (2015-10-26 12:41 UTC)
Platform Info:
  System: Linux (x86_64-unknown-linux-gnu)
  CPU: Intel(R) Xeon(R) CPU E3-1241 v3 @ 3.50GHz
  WORD_SIZE: 64
           Ubuntu 14.04.4 LTS
  uname: Linux 3.13.0-92-generic #139-Ubuntu SMP Tue Jun 28 20:42:26 UTC 2016 x86_64 x86_64
Memory: 2.4471054077148438 GB (855.015625 MB free)
Uptime: 20190.0 sec
Load Avg:  0.95751953125  1.05615234375  1.041015625
Intel(R) Xeon(R) CPU E3-1241 v3 @ 3.50GHz: 
       speed         user         nice          sys         idle          irq
#1  3495 MHz     852793 s       6613 s     102202 s     801256 s         28 s
#2  3495 MHz     553137 s         93 s      92260 s    1259490 s          0 s

  BLAS: libopenblas (USE64BITINT DYNAMIC_ARCH NO_AFFINITY Nehalem)
  LAPACK: libopenblas
  LIBM: libopenlibm
  LLVM: libLLVM-3.3
Environment:
  TERM = vt100
  LD_LIBRARY_PATH = :/usr/local/lib/
  PATH = /usr/local/sbin:/usr/local/bin:/usr/sbin:/usr/bin:/sbin:/bin:/usr/games:/usr/local/games:/home/vagrant/julia/bin/
  JAVA_HOME = /usr/lib/jvm/java-7-oracle
  HOME = /home/vagrant

Package Directory: /home/vagrant/.julia/v0.3
3 required packages:
 - ImagineFormat                 0.0.1
 - JSON                          0.5.4
 - Markdown                      0.3.0
37 additional packages:
 - ArrayViews                    0.6.4
 - BinDeps                       0.3.21
 - Codecs                        0.1.5
 - ColorTypes                    0.1.7
 - ColorVectorSpace              0.0.5
 - Colors                        0.5.4
 - Compat                        0.8.6
 - ConfParser                    0.0.5              9792156f (dirty)
 - DataArrays                    0.2.20
 - DataFrames                    0.6.10
 - Dates                         0.3.2
 - Docile                        0.5.23
 - FileIO                        0.0.6
 - FixedPointNumbers             0.0.12
 - GZip                          0.2.19
 - GeoIP                         0.2.2              598fe5a8 (dirty)
 - GnuTLS                        0.0.5
 - GraphLayout                   0.2.0              a036673e (dirty)
 - Graphics                      0.1.0
 - HttpCommon                    0.1.2
 - HttpParser                    0.0.13
 - IPNets                        0.2.0
 - Images                        0.4.50
 - Lazy                          0.10.1
 - MacroTools                    0.2.0
 - Nettle                        0.2.3
 - Reexport                      0.0.3
 - Requests                      0.2.4
 - SHA                           0.1.2
 - SIUnits                       0.0.6
 - SortingAlgorithms             0.0.6
 - StatsBase                     0.7.4
 - StatsFuns                     0.2.2
 - TexExtensions                 0.0.3
 - URIParser                     0.0.7
 - ZipFile                       0.2.6
 - Zlib                          0.1.12
INFO: Testing ImagineFormat
ERROR: load not defined
 in include at ./boot.jl:245
 in include_from_node1 at loading.jl:128
 in process_options at ./client.jl:285
 in _start at ./client.jl:354
while loading /home/vagrant/.julia/v0.3/ImagineFormat/test/runtests.jl, in expression starting on line 3
============================[ ERROR: ImagineFormat ]============================

failed process: Process(`/home/vagrant/julia/bin/julia /home/vagrant/.julia/v0.3/ImagineFormat/test/runtests.jl`, ProcessExited(1)) [1]

================================================================================
INFO: No packages to install, update or remove
ERROR: ImagineFormat had test errors
 in error at error.jl:21
 in test at pkg/entry.jl:718
 in anonymous at pkg/dir.jl:28
 in cd at ./file.jl:20
 in cd at pkg/dir.jl:28
 in test at pkg.jl:67
 in process_options at ./client.jl:213
 in _start at ./client.jl:354

>>> End of log
