>>> 'Pkg.add("ImageCore")' log
INFO: Installing ColorTypes v0.2.12
INFO: Installing Colors v0.6.9
INFO: Installing FixedPointNumbers v0.2.1
INFO: Installing Graphics v0.1.3
INFO: Installing ImageCore v0.0.5
INFO: Installing MappedArrays v0.0.5
INFO: Installing OffsetArrays v0.2.12
INFO: Installing Reexport v0.0.3
INFO: Installing ShowItLikeYouBuildIt v0.0.1
INFO: Package database updated

>>> 'Pkg.test("ImageCore")' log
Julia Version 0.6.0-dev.1973
Commit f4ed16b (2017-01-06 23:58 UTC)
Platform Info:
  OS: Linux (x86_64-pc-linux-gnu)
  CPU: Intel(R) Xeon(R) CPU E3-1241 v3 @ 3.50GHz
  WORD_SIZE: 64
           Ubuntu 14.04.5 LTS
  uname: Linux 3.13.0-106-generic #153-Ubuntu SMP Tue Dec 6 15:44:32 UTC 2016 x86_64 x86_64
Memory: 2.9392738342285156 GB (726.03125 MB free)
Uptime: 32214.0 sec
Load Avg:  0.9970703125  1.0595703125  1.38330078125
Intel(R) Xeon(R) CPU E3-1241 v3 @ 3.50GHz: 
       speed         user         nice          sys         idle          irq
#1  3499 MHz    1784304 s       5514 s     183388 s     881627 s        106 s
#2  3499 MHz     599935 s       1052 s     126329 s    2389820 s          0 s

  BLAS: libopenblas (USE64BITINT DYNAMIC_ARCH NO_AFFINITY Nehalem)
  LAPACK: libopenblas64_
  LIBM: libopenlibm
  LLVM: libLLVM-3.9.1 (ORCJIT, haswell)
Environment:
  TERM = vt100
  LD_LIBRARY_PATH = :/usr/local/lib/
  PATH = /usr/local/sbin:/usr/local/bin:/usr/sbin:/usr/bin:/sbin:/bin:/usr/games:/usr/local/games:/home/vagrant/julia/bin/
  JAVA_HOME = /usr/lib/jvm/java-7-oracle
  HOME = /home/vagrant

Package Directory: /home/vagrant/.julia/v0.6
2 required packages:
 - ImageCore                     0.0.5
 - JSON                          0.8.0
13 additional packages:
 - ColorTypes                    0.2.12
 - Colors                        0.6.9
 - Compat                        0.10.0
 - CompilerTools                 0.2.1
 - DataStructures                0.5.0
 - DocOpt                        0.2.0
 - FixedPointNumbers             0.2.1
 - Graphics                      0.1.3
 - MappedArrays                  0.0.5
 - OffsetArrays                  0.2.12
 - ParallelAccelerator           0.2.2              6da2e374 (dirty)
 - Reexport                      0.0.3
 - ShowItLikeYouBuildIt          0.0.1
INFO: Computing test dependencies for ImageCore...
INFO: Installing ColorVectorSpace v0.1.12
INFO: Testing ImageCore
Skipping Base.<|
Skipping Base.>:
Skipping Base.active_repl
Skipping Base.active_repl_backend
Skipping Base.cluster_manager
Test Failed
  Expression: isempty(detect_ambiguities(ImageCore,Base,Core))
ERROR: LoadError: There was an error during testing
while loading /home/vagrant/.julia/v0.6/ImageCore/test/runtests.jl, in expression starting on line 5
==============================[ ERROR: ImageCore ]==============================

failed process: Process(`/home/vagrant/julia/bin/julia -Cx86-64 -J/home/vagrant/julia/lib/julia/sys.so --compile=yes --depwarn=yes --check-bounds=yes --code-coverage=none --color=no --compilecache=yes /home/vagrant/.julia/v0.6/ImageCore/test/runtests.jl`, ProcessExited(1)) [1]

================================================================================
INFO: Removing ColorVectorSpace v0.1.12
ERROR: ImageCore had test errors

>>> End of log
