>>> 'Pkg.add("ImageQuilting")' log
INFO: Cloning cache of ImageQuilting from https://github.com/juliohm/ImageQuilting.jl.git
INFO: Installing BinDeps v0.6.0
INFO: Installing CatIndices v0.0.2
INFO: Installing CodecZlib v0.3.0
INFO: Installing ColorTypes v0.6.1
INFO: Installing ColorVectorSpace v0.4.4
INFO: Installing Colors v0.8.1
INFO: Installing Combinatorics v0.4.1
INFO: Installing ComputationalResources v0.0.2
INFO: Installing CustomUnitRanges v0.0.4
INFO: Installing DataStructures v0.6.1
INFO: Installing FFTViews v0.0.2
INFO: Installing FixedPointNumbers v0.4.0
INFO: Installing Graphics v0.2.0
INFO: Installing Hwloc v0.6.1
INFO: Installing ImageCore v0.4.1
INFO: Installing ImageFiltering v0.1.4
INFO: Installing ImageMorphology v0.0.2
INFO: Installing ImageQuilting v0.5.3
INFO: Installing IterTools v0.1.0
INFO: Installing LightGraphs v0.10.0
INFO: Installing MacroTools v0.3.7
INFO: Installing MappedArrays v0.0.7
INFO: Installing NaNMath v0.2.6
INFO: Installing OffsetArrays v0.3.0
INFO: Installing PaddedViews v0.1.0
INFO: Installing Polynomials v0.1.6
INFO: Installing Primes v0.1.3
INFO: Installing ProgressMeter v0.4.0
INFO: Installing RecipesBase v0.2.1
INFO: Installing Reexport v0.0.3
INFO: Installing SHA v0.5.1
INFO: Installing ShowItLikeYouBuildIt v0.1.0
INFO: Installing SimpleTraits v0.5.1
INFO: Installing SpecialFunctions v0.3.1
INFO: Installing StaticArrays v0.6.2
INFO: Installing StatsBase v0.18.0
INFO: Installing TiledIteration v0.0.2
INFO: Installing TranscodingStreams v0.3.0
INFO: Installing URIParser v0.2.0
INFO: Building Hwloc
WARNING: Compat.ASCIIString is deprecated, use String instead.
  likely near /home/vagrant/.julia/v0.6/Hwloc/deps/build.jl:33
INFO: Package database updated
INFO: METADATA is out-of-date — you may not have the latest version of ImageQuilting
INFO: Use `Pkg.update()` to get the latest versions of your packages

>>> 'Pkg.test("ImageQuilting")' log
Julia Version 0.6.0
Commit 9036443 (2017-06-19 13:05 UTC)
Platform Info:
  OS: Linux (x86_64-pc-linux-gnu)
  CPU: Intel(R) Xeon(R) CPU E3-1241 v3 @ 3.50GHz
  WORD_SIZE: 64
           Ubuntu 14.04.5 LTS
  uname: Linux 3.13.0-128-generic #177-Ubuntu SMP Tue Aug 8 11:40:23 UTC 2017 x86_64 x86_64
Memory: 2.9392738342285156 GB (1385.0390625 MB free)
Uptime: 72505.0 sec
Load Avg:  0.91015625  0.982421875  1.029296875
Intel(R) Xeon(R) CPU E3-1241 v3 @ 3.50GHz: 
       speed         user         nice          sys         idle          irq
#1  3500 MHz    4772541 s       6492 s     215853 s    1110883 s         49 s
#2  3500 MHz    1134322 s         67 s     117568 s    5854408 s          0 s

  BLAS: libopenblas (USE64BITINT DYNAMIC_ARCH NO_AFFINITY Nehalem)
  LAPACK: libopenblas64_
  LIBM: libopenlibm
  LLVM: libLLVM-3.9.1 (ORCJIT, haswell)
Environment:
  TERM = vt100
  LD_LIBRARY_PATH = :/usr/local/lib/
  PATH = /usr/local/sbin:/usr/local/bin:/usr/sbin:/usr/bin:/sbin:/bin:/usr/games:/usr/local/games:/home/vagrant/julia/bin/
  JAVA_HOME = /usr/lib/jvm/java-8-openjdk-amd64
  HOME = /home/vagrant

Package Directory: /home/vagrant/.julia/v0.6
2 required packages:
 - ImageQuilting                 0.5.3
 - JSON                          0.13.0
39 additional packages:
 - BinDeps                       0.6.0
 - CatIndices                    0.0.2
 - CodecZlib                     0.3.0
 - ColorTypes                    0.6.1
 - ColorVectorSpace              0.4.4
 - Colors                        0.8.1
 - Combinatorics                 0.4.1
 - Compat                        0.30.0
 - ComputationalResources        0.0.2
 - CustomUnitRanges              0.0.4
 - DataStructures                0.6.1
 - FFTViews                      0.0.2
 - FixedPointNumbers             0.4.0
 - Graphics                      0.2.0
 - Hwloc                         0.6.1
 - ImageCore                     0.4.1
 - ImageFiltering                0.1.4
 - ImageMorphology               0.0.2
 - IterTools                     0.1.0
 - LightGraphs                   0.10.0
 - MacroTools                    0.3.7
 - MappedArrays                  0.0.7
 - NaNMath                       0.2.6
 - OffsetArrays                  0.3.0
 - PaddedViews                   0.1.0
 - Polynomials                   0.1.6
 - Primes                        0.1.3
 - ProgressMeter                 0.4.0
 - RecipesBase                   0.2.1
 - Reexport                      0.0.3
 - SHA                           0.5.1
 - ShowItLikeYouBuildIt          0.1.0
 - SimpleTraits                  0.5.1
 - SpecialFunctions              0.3.1
 - StaticArrays                  0.6.2
 - StatsBase                     0.18.0
 - TiledIteration                0.0.2
 - TranscodingStreams            0.3.0
 - URIParser                     0.2.0
INFO: Computing test dependencies for ImageQuilting...
INFO: Installing AxisAlgorithms v0.2.0
INFO: Installing AxisArrays v0.1.4
INFO: Installing Calculus v0.2.2
INFO: Installing Contour v0.4.0
INFO: Installing CoordinateTransformations v0.4.1
INFO: Installing DualNumbers v0.3.0
INFO: Installing FileIO v0.5.1
INFO: Installing GR v0.23.0
INFO: Installing GeoStatsImages v0.1.0
INFO: Installing IdentityRanges v0.0.1
INFO: Installing ImageAxes v0.3.1
INFO: Installing ImageMagick v0.4.0
INFO: Installing ImageMetadata v0.2.3
INFO: Installing ImageTransformations v0.3.1
INFO: Installing Images v0.11.2
INFO: Installing IndirectArrays v0.1.1
INFO: Installing Interpolations v0.6.2
INFO: Installing IntervalSets v0.1.1
INFO: Installing Measures v0.1.0
INFO: Installing PlotThemes v0.1.4
INFO: Installing PlotUtils v0.4.3
INFO: Installing Plots v0.12.2
INFO: Installing RangeArrays v0.2.0
INFO: Installing Ratios v0.1.0
INFO: Installing Requires v0.4.3
INFO: Installing Rotations v0.6.0
INFO: Installing SIUnits v0.1.0
INFO: Installing Showoff v0.1.1
INFO: Installing TexExtensions v0.1.0
INFO: Installing VisualRegressionTests v0.1.0
INFO: Installing WoodburyMatrices v0.2.2
INFO: Building GR
INFO: Downloading pre-compiled GR 0.26.0 Ubuntu binary
  % Total    % Received % Xferd  Average Speed   Time    Time     Time  Current
                                 Dload  Upload   Total   Spent    Left  Speed
  0     0    0     0    0     0      0      0 --:--:-- --:--:-- --:--:--     0  0     0    0     0    0     0      0      0 --:--:-- --:--:-- --:--:--     0  0 38.3M    0 32768    0     0  26503      0  0:25:15  0:00:01  0:25:14 26489  1 38.3M    1  416k    0     0   194k      0  0:03:21  0:00:02  0:03:19  194k  5 38.3M    5 2208k    0     0   705k      0  0:00:55  0:00:03  0:00:52  705k 20 38.3M   20 7888k    0     0  1900k      0  0:00:20  0:00:04  0:00:16 1900k 55 38.3M   55 21.1M    0     0  4221k      0  0:00:09  0:00:05  0:00:04 4440k 83 38.3M   83 31.7M    0     0  4947k      0  0:00:07  0:00:06  0:00:01 6086k 84 38.3M   84 32.2M    0     0  4386k      0  0:00:08  0:00:07  0:00:01 6050k 85 38.3M   85 32.7M    0     0  3921k      0  0:00:10  0:00:08  0:00:02 5784k 93 38.3M   93 35.8M    0     0  3852k      0  0:00:10  0:00:09  0:00:01 5355k 99 38.3M   99 38.0M    0     0  3689k      0  0:00:10  0:00:10 --:--:-- 3185k100 38.3M  100 38.3M    0     0  3713k      0  0:00:10  0:00:10 --:--:-- 1673k
INFO: Building ImageMagick
WARNING: Compat.ASCIIString is deprecated, use String instead.
  likely near /home/vagrant/.julia/v0.6/ImageMagick/deps/build.jl:89
INFO: Building Plots
INFO: Testing ImageQuilting
WARNING: Gtk not loaded. err: ArgumentError("Module Gtk not found in current path.\nRun `Pkg.add(\"Gtk\")` to install the Gtk package.")
Test Summary: | Pass  Total
Basic checks  |    2      2
Test Summary: | Pass  Total
Soft data     |    2      2
Test Summary: | Pass  Total
Hard data     |    4      4
Test Summary: | Pass  Total
Masked grids  |   10     10
Test Summary:     | Pass  Total
Minimum error cut |    2      2
Test Summary:    | Pass  Total
Simulation paths |    5      5
Test Summary: | Pass  Total
Voxel reuse   |    1      1
INFO: ImageQuilting tests passed
INFO: Removing AxisAlgorithms v0.2.0
INFO: Removing AxisArrays v0.1.4
INFO: Removing Calculus v0.2.2
INFO: Removing Contour v0.4.0
INFO: Removing CoordinateTransformations v0.4.1
INFO: Removing DualNumbers v0.3.0
INFO: Removing FileIO v0.5.1
INFO: Removing GR v0.23.0
INFO: Removing GeoStatsImages v0.1.0
INFO: Removing IdentityRanges v0.0.1
INFO: Removing ImageAxes v0.3.1
INFO: Removing ImageMagick v0.4.0
INFO: Removing ImageMetadata v0.2.3
INFO: Removing ImageTransformations v0.3.1
INFO: Removing Images v0.11.2
INFO: Removing IndirectArrays v0.1.1
INFO: Removing Interpolations v0.6.2
INFO: Removing IntervalSets v0.1.1
INFO: Removing Measures v0.1.0
INFO: Removing PlotThemes v0.1.4
INFO: Removing PlotUtils v0.4.3
INFO: Removing Plots v0.12.2
INFO: Removing RangeArrays v0.2.0
INFO: Removing Ratios v0.1.0
INFO: Removing Requires v0.4.3
INFO: Removing Rotations v0.6.0
INFO: Removing SIUnits v0.1.0
INFO: Removing Showoff v0.1.1
INFO: Removing TexExtensions v0.1.0
INFO: Removing VisualRegressionTests v0.1.0
INFO: Removing WoodburyMatrices v0.2.2

>>> End of log
