>>> 'Pkg.add("ImputeNaNs")' log
INFO: Cloning cache of ImputeNaNs from https://github.com/JeffreySarnoff/ImputeNaNs.jl.git
INFO: Installing ImputeNaNs v0.0.2
INFO: Package database updated
INFO: METADATA is out-of-date — you may not have the latest version of ImputeNaNs
INFO: Use `Pkg.update()` to get the latest versions of your packages

>>> 'Pkg.test("ImputeNaNs")' log
Julia Version 0.6.0
Commit 9036443 (2017-06-19 13:05 UTC)
Platform Info:
  OS: Linux (x86_64-pc-linux-gnu)
  CPU: Intel(R) Xeon(R) CPU E3-1241 v3 @ 3.50GHz
  WORD_SIZE: 64
           Ubuntu 14.04.5 LTS
  uname: Linux 3.13.0-128-generic #177-Ubuntu SMP Tue Aug 8 11:40:23 UTC 2017 x86_64 x86_64
Memory: 2.9392738342285156 GB (1339.5390625 MB free)
Uptime: 76432.0 sec
Load Avg:  1.0478515625  0.97216796875  0.9599609375
Intel(R) Xeon(R) CPU E3-1241 v3 @ 3.50GHz: 
       speed         user         nice          sys         idle          irq
#1  3499 MHz    4837941 s       6845 s     219222 s    1396510 s         43 s
#2  3499 MHz    1149402 s         92 s     118160 s    6239818 s          1 s

  BLAS: libopenblas (USE64BITINT DYNAMIC_ARCH NO_AFFINITY Nehalem)
  LAPACK: libopenblas64_
  LIBM: libopenlibm
  LLVM: libLLVM-3.9.1 (ORCJIT, haswell)
Environment:
  TERM = vt100
  LD_LIBRARY_PATH = :/usr/local/lib/
  PATH = /usr/local/sbin:/usr/local/bin:/usr/sbin:/usr/bin:/sbin:/bin:/usr/games:/usr/local/games:/home/vagrant/julia/bin/
  JAVA_HOME = /usr/lib/jvm/java-8-openjdk-amd64
  HOME = /home/vagrant

Package Directory: /home/vagrant/.julia/v0.6
2 required packages:
 - ImputeNaNs                    0.0.2
 - JSON                          0.13.0
1 additional packages:
 - Compat                        0.30.0
INFO: Testing ImputeNaNs
INFO: ImputeNaNs tests passed

>>> End of log
