>>> 'Pkg.add("IndirectArrays")' log
WARNING: Base.Pkg is deprecated, run `using Pkg` instead
 in module Main
[ Info: Installing IndirectArrays v0.3.0
[ Info: Package database updated
┌ Info: METADATA is out-of-date — you may not have the latest version of IndirectArrays
└ Use `Pkg.update()` to get the latest versions of your packages

>>> 'Pkg.test("IndirectArrays")' log
WARNING: Base.versioninfo is deprecated: it has been moved to the standard library package `InteractiveUtils`.
Add `using InteractiveUtils` to your imports.
 in module Main
WARNING: Base.versioninfo is deprecated: it has been moved to the standard library package `InteractiveUtils`.
Add `using InteractiveUtils` to your imports.
 in module Main
Julia Version 0.7.0-DEV.4475
Commit c1e7c93169 (2018-03-06 19:47 UTC)
Platform Info:
  OS: Linux (x86_64-pc-linux-gnu)
      Ubuntu 14.04.5 LTS
  uname: Linux 3.13.0-135-generic #184-Ubuntu SMP Wed Oct 18 11:55:51 UTC 2017 x86_64 x86_64
  CPU: Intel(R) Xeon(R) CPU E3-1241 v3 @ 3.50GHz: 
              speed         user         nice          sys         idle          irq
       #1  3508 MHz    1518040 s       1266 s      90433 s     468551 s         12 s
       #2  3508 MHz     400036 s       4908 s      42080 s    1932645 s          0 s
       
  Memory: 2.93927001953125 GB (2158.65234375 MB free)
  Uptime: 24247.0 sec
  Load Avg:  0.96728515625  0.9853515625  0.958984375
  WORD_SIZE: 64
  LIBM: libopenlibm
  LLVM: libLLVM-3.9.1 (ORCJIT, haswell)
Environment:
  TERM = vt100
  LD_LIBRARY_PATH = :/usr/local/lib/
  PATH = /usr/local/sbin:/usr/local/bin:/usr/sbin:/usr/bin:/sbin:/bin:/usr/games:/usr/local/games:/home/vagrant/julia/bin/
  JAVA_HOME = /usr/lib/jvm/java-8-openjdk-amd64
  HOME = /home/vagrant
Packages:
  Package Directory: /home/vagrant/.julia/v0.7
  Package Status:
2 required packages:
 - IndirectArrays                0.3.0
 - JSON                          0.17.1
2 additional packages:
 - Compat                        0.56.0
 - Nullables                     0.0.4
WARNING: Base.Pkg is deprecated, run `using Pkg` instead
 in module Main
[ Info: Computing test dependencies for IndirectArrays...
[ Info: Installing ColorTypes v0.6.7
[ Info: Installing Colors v0.8.2
[ Info: Installing FixedPointNumbers v0.4.6
[ Info: Installing MappedArrays v0.0.7
[ Info: Installing Reexport v0.1.0
[ Info: Testing IndirectArrays
WARNING: Base.Test is deprecated, run `using Test` instead
  likely near /home/vagrant/.julia/v0.7/IndirectArrays/test/runtests.jl:2
┌ Warning: `linspace(start, stop, length::Integer)` is deprecated, use `range(start, stop=stop, length=length)` instead.
│   caller = #sequential_palette#10(::Float64, ::Float64, ::Float64, ::Float64, ::Float64, ::RGB{Normed{UInt8,8}}, ::RGB{Normed{UInt8,8}}, ::Bool, ::typeof(sequential_palette), ::Int64, ::Int64) at colormaps.jl:162
└ @ Colors colormaps.jl:162
[ Info: IndirectArrays tests passed
[ Info: Removing ColorTypes v0.6.7
[ Info: Removing Colors v0.8.2
[ Info: Removing FixedPointNumbers v0.4.6
[ Info: Removing MappedArrays v0.0.7
[ Info: Removing Reexport v0.1.0

>>> End of log
