>>> 'Pkg.add("IniFile")' log
INFO: Installing IniFile v0.2.5
INFO: Package database updated
INFO: METADATA is out-of-date — you may not have the latest version of IniFile
INFO: Use `Pkg.update()` to get the latest versions of your packages

>>> 'Pkg.test("IniFile")' log
Julia Version 0.3.12
Commit 80aa779 (2015-10-26 12:41 UTC)
Platform Info:
  System: Linux (x86_64-unknown-linux-gnu)
  CPU: Intel(R) Xeon(R) CPU E3-1241 v3 @ 3.50GHz
  WORD_SIZE: 64
           Ubuntu 14.04.5 LTS
  uname: Linux 3.13.0-95-generic #142-Ubuntu SMP Fri Aug 12 17:00:09 UTC 2016 x86_64 x86_64
Memory: 2.4471054077148438 GB (764.32421875 MB free)
Uptime: 24270.0 sec
Load Avg:  1.00244140625  1.01904296875  1.06103515625
Intel(R) Xeon(R) CPU E3-1241 v3 @ 3.50GHz: 
       speed         user         nice          sys         idle          irq
#1  3500 MHz    1014348 s       1258 s     106721 s    1019407 s         48 s
#2  3500 MHz     720537 s       6464 s      88776 s    1456688 s          6 s

  BLAS: libopenblas (USE64BITINT DYNAMIC_ARCH NO_AFFINITY Nehalem)
  LAPACK: libopenblas
  LIBM: libopenlibm
  LLVM: libLLVM-3.3
Environment:
  TERM = vt100
  LD_LIBRARY_PATH = :/usr/local/lib/
  PATH = /usr/local/sbin:/usr/local/bin:/usr/sbin:/usr/bin:/sbin:/bin:/usr/games:/usr/local/games:/home/vagrant/julia/bin/
  JAVA_HOME = /usr/lib/jvm/java-7-oracle
  HOME = /home/vagrant

Package Directory: /home/vagrant/.julia/v0.3
3 required packages:
 - IniFile                       0.2.5
 - JSON                          0.6.1
 - Markdown                      0.3.0
3 additional packages:
 - Compat                        0.8.8
 - Lazy                          0.10.1
 - MacroTools                    0.2.0
INFO: Testing IniFile
INFO: IniFile tests passed
INFO: No packages to install, update or remove

>>> End of log
