>>> 'Pkg.add("InplaceOps")' log
INFO: Installing InplaceOps v0.1.0
INFO: Package database updated
INFO: METADATA is out-of-date — you may not have the latest version of InplaceOps
INFO: Use `Pkg.update()` to get the latest versions of your packages

>>> 'Pkg.test("InplaceOps")' log
Julia Version 0.6.0-dev.1211
Commit 1ac30c3 (2016-11-08 21:35 UTC)
Platform Info:
  OS: Linux (x86_64-pc-linux-gnu)
  CPU: Intel(R) Xeon(R) CPU E3-1241 v3 @ 3.50GHz
  WORD_SIZE: 64
           Ubuntu 14.04.5 LTS
  uname: Linux 3.13.0-100-generic #147-Ubuntu SMP Tue Oct 18 16:48:51 UTC 2016 x86_64 x86_64
Memory: 2.939289093017578 GB (2341.640625 MB free)
Uptime: 32223.0 sec
Load Avg:  1.11328125  1.04296875  1.10986328125
Intel(R) Xeon(R) CPU E3-1241 v3 @ 3.50GHz: 
       speed         user         nice          sys         idle          irq
#1  3500 MHz    1881806 s       6279 s     203376 s     745523 s        106 s
#2  3500 MHz     905574 s         54 s     116768 s    2099829 s          6 s

  BLAS: libopenblas (USE64BITINT DYNAMIC_ARCH NO_AFFINITY Nehalem)
  LAPACK: libopenblas64_
  LIBM: libopenlibm
  LLVM: libLLVM-3.7.1 (ORCJIT, haswell)
Environment:
  TERM = vt100
  LD_LIBRARY_PATH = :/usr/local/lib/
  PATH = /usr/local/sbin:/usr/local/bin:/usr/sbin:/usr/bin:/sbin:/bin:/usr/games:/usr/local/games:/home/vagrant/julia/bin/
  JAVA_HOME = /usr/lib/jvm/java-7-oracle
  HOME = /home/vagrant

Package Directory: /home/vagrant/.julia/v0.6
2 required packages:
 - InplaceOps                    0.1.0
 - JSON                          0.8.0
1 additional packages:
 - Compat                        0.9.3
INFO: Testing InplaceOps
INFO: InplaceOps tests passed

>>> End of log
