>>> 'Pkg.add("IntervalLinearEquations")' log
INFO: Cloning cache of IntervalLinearEquations from https://github.com/EvgeneOskin/IntervalLinearEquations.jl.git
INFO: Installing CRlibm v0.2.3
INFO: Installing Calculus v0.1.15
INFO: Installing FixedSizeArrays v0.2.2
INFO: Installing ForwardDiff v0.2.2
INFO: Installing IntervalLinearEquations v0.2.0
INFO: Installing NaNMath v0.2.1
INFO: Installing ValidatedNumerics v0.5.0
INFO: Building CRlibm
WARNING: `@unix_only` is deprecated, use `@static if is_unix()` instead
 in depwarn(::String, ::Symbol) at ./deprecated.jl:64
 in @unix_only(::Any) at ./deprecated.jl:493
 in include_from_node1(::String) at ./loading.jl:426
 in evalfile(::String, ::Array{String,1}) at ./loading.jl:442 (repeats 2 times)
 in cd(::##2#4, ::String) at ./file.jl:59
 in (::##1#3)(::IOStream) at ./none:13
 in open(::##1#3, ::String, ::String) at ./iostream.jl:113
 in eval(::Module, ::Any) at ./boot.jl:234
 in process_options(::Base.JLOptions) at ./client.jl:239
 in _start() at ./client.jl:318
while loading /home/vagrant/.julia/v0.5/CRlibm/deps/build.jl, in expression starting on line 9
Downloading the library files from http://lipforge.ens-lyon.fr/frs/download.php/162/crlibm-1.0beta4.tar.gz
Working in /home/vagrant/.julia/v0.5/CRlibm/deps/src
--2016-08-09 12:16:13--  http://lipforge.ens-lyon.fr/frs/download.php/162/crlibm-1.0beta4.tar.gz
Resolving lipforge.ens-lyon.fr (lipforge.ens-lyon.fr)... 140.77.166.31
Connecting to lipforge.ens-lyon.fr (lipforge.ens-lyon.fr)|140.77.166.31|:80... connected.
HTTP request sent, awaiting response... 200 OK
Length: 2368435 (2.3M) [application/binary]
Saving to: ‘crlibm-1.0beta4.tar.gz.3’

     0K .......... .......... .......... .......... ..........  2%  293K 8s
    50K .......... .......... .......... .......... ..........  4%  283K 8s
   100K .......... .......... .......... .......... ..........  6%  606K 6s
   150K .......... .......... .......... .......... ..........  8%  582K 5s
   200K .......... .......... .......... .......... .......... 10% 27.4M 4s
   250K .......... .......... .......... .......... .......... 12%  579K 4s
   300K .......... .......... .......... .......... .......... 15%  594K 4s
   350K .......... .......... .......... .......... .......... 17% 23.7M 3s
   400K .......... .......... .......... .......... .......... 19% 39.1M 3s
   450K .......... .......... .......... .......... .......... 21%  594K 3s
   500K .......... .......... .......... .......... .......... 23% 24.9M 2s
   550K .......... .......... .......... .......... .......... 25%  603K 2s
   600K .......... .......... .......... .......... .......... 28% 9.50M 2s
   650K .......... .......... .......... .......... .......... 30%  152M 2s
   700K .......... .......... .......... .......... .......... 32%  618K 2s
   750K .......... .......... .......... .......... .......... 34% 17.0M 2s
   800K .......... .......... .......... .......... .......... 36%  177M 2s
   850K .......... .......... .......... .......... .......... 38%  585K 2s
   900K .......... .......... .......... .......... .......... 41% 26.1M 1s
   950K .......... .......... .......... .......... .......... 43% 31.7M 1s
  1000K .......... .......... .......... .......... .......... 45%  624K 1s
  1050K .......... .......... .......... .......... .......... 47% 25.6M 1s
  1100K .......... .......... .......... .......... .......... 49% 43.0M 1s
  1150K .......... .......... .......... .......... .......... 51% 20.9M 1s
  1200K .......... .......... .......... .......... .......... 54% 40.6M 1s
  1250K .......... .......... .......... .......... .......... 56% 55.6M 1s
  1300K .......... .......... .......... .......... .......... 58%  620K 1s
  1350K .......... .......... .......... .......... .......... 60% 14.2M 1s
  1400K .......... .......... .......... .......... .......... 62% 72.2M 1s
  1450K .......... .......... .......... .......... .......... 64% 61.3M 1s
  1500K .......... .......... .......... .......... .......... 67% 43.2M 1s
  1550K .......... .......... .......... .......... .......... 69%  620K 1s
  1600K .......... .......... .......... .......... .......... 71% 45.0M 1s
  1650K .......... .......... .......... .......... .......... 73% 70.2M 0s
  1700K .......... .......... .......... .......... .......... 75% 72.7M 0s
  1750K .......... .......... .......... .......... .......... 77% 67.0M 0s
  1800K .......... .......... .......... .......... .......... 79%  600K 0s
  1850K .......... .......... .......... .......... .......... 82% 32.4M 0s
  1900K .......... .......... .......... .......... .......... 84% 33.1M 0s
  1950K .......... .......... .......... .......... .......... 86% 52.3M 0s
  2000K .......... .......... .......... .......... .......... 88% 71.4M 0s
  2050K .......... .......... .......... .......... .......... 90%  616K 0s
  2100K .......... .......... .......... .......... .......... 92% 65.6M 0s
  2150K .......... .......... .......... .......... .......... 95% 31.9M 0s
  2200K .......... .......... .......... .......... .......... 97% 33.2M 0s
  2250K .......... .......... .......... .......... .......... 99% 66.9M 0s
  2300K .......... ..                                         100% 91.6M=1.5s

2016-08-09 12:16:15 (1.54 MB/s) - ‘crlibm-1.0beta4.tar.gz.3’ saved [2368435/2368435]

Working in /home/vagrant/.julia/v0.5/CRlibm/deps/src/crlibm-1.0beta4
Working in /home/vagrant/.julia/v0.5/CRlibm/deps/src/crlibm-1.0beta4
Making all in scs_lib
Making all in .
Making all in tests
INFO: Package database updated

>>> 'Pkg.test("IntervalLinearEquations")' log
Julia Version 0.5.0-rc1+1
Commit acfd04c (2016-08-05 15:23 UTC)
Platform Info:
  System: Linux (x86_64-unknown-linux-gnu)
  CPU: Intel(R) Xeon(R) CPU E3-1241 v3 @ 3.50GHz
  WORD_SIZE: 64
           Ubuntu 14.04.5 LTS
  uname: Linux 3.13.0-92-generic #139-Ubuntu SMP Tue Jun 28 20:42:26 UTC 2016 x86_64 x86_64
Memory: 2.4471054077148438 GB (1252.01953125 MB free)
Uptime: 28422.0 sec
Load Avg:  1.0126953125  1.00732421875  1.07080078125
Intel(R) Xeon(R) CPU E3-1241 v3 @ 3.50GHz: 
       speed         user         nice          sys         idle          irq
#1  3501 MHz    1473980 s       2726 s     196662 s     779964 s         82 s
#2  3501 MHz     561978 s       5177 s      89750 s    2050279 s          1 s

  BLAS: libopenblas (USE64BITINT DYNAMIC_ARCH NO_AFFINITY Nehalem)
  LAPACK: libopenblas64_
  LIBM: libopenlibm
  LLVM: libLLVM-3.7.1 (ORCJIT, haswell)
Environment:
  TERM = vt100
  LD_LIBRARY_PATH = :/usr/local/lib/
  PATH = /usr/local/sbin:/usr/local/bin:/usr/sbin:/usr/bin:/sbin:/bin:/usr/games:/usr/local/games:/home/vagrant/julia/bin/
  JAVA_HOME = /usr/lib/jvm/java-7-oracle
  HOME = /home/vagrant

Package Directory: /home/vagrant/.julia/v0.5
2 required packages:
 - IntervalLinearEquations       0.2.0
 - JSON                          0.6.0
7 additional packages:
 - CRlibm                        0.2.3
 - Calculus                      0.1.15
 - Compat                        0.8.6
 - FixedSizeArrays               0.2.2
 - ForwardDiff                   0.2.2
 - NaNMath                       0.2.1
 - ValidatedNumerics             0.5.0
INFO: Computing test dependencies for IntervalLinearEquations...
INFO: Installing BinDeps v0.4.2
INFO: Installing BufferedStreams v0.1.6
INFO: Installing Codecs v0.2.0
INFO: Installing Coverage v0.3.0
INFO: Installing Debug v0.1.6
INFO: Installing FactCheck v0.4.3
INFO: Installing HttpCommon v0.2.6
INFO: Installing HttpParser v0.1.1
INFO: Installing Libz v0.2.0
INFO: Installing Lint v0.2.4
INFO: Installing MbedTLS v0.2.6
INFO: Installing Requests v0.3.9
INFO: Installing SHA v0.2.0
INFO: Installing URIParser v0.1.6
INFO: Building HttpParser
WARNING: `@windows_only` is deprecated, use `@static if is_windows()` instead
 in depwarn(::String, ::Symbol) at ./deprecated.jl:64
 in @windows_only(::Any) at ./deprecated.jl:489
 in include_from_node1(::String) at ./loading.jl:426
 in evalfile(::String, ::Array{String,1}) at ./loading.jl:442 (repeats 2 times)
 in cd(::##2#4, ::String) at ./file.jl:59
 in (::##1#3)(::IOStream) at ./none:13
 in open(::##1#3, ::String, ::String) at ./iostream.jl:113
 in eval(::Module, ::Any) at ./boot.jl:234
 in process_options(::Base.JLOptions) at ./client.jl:239
 in _start() at ./client.jl:318
while loading /home/vagrant/.julia/v0.5/HttpParser/deps/build.jl, in expression starting on line 6
INFO: Building MbedTLS
INFO: Testing IntervalLinearEquations
Calculate costrituent matrix
WARNING: slice is deprecated, use view instead.
 in depwarn(::String, ::Symbol) at ./deprecated.jl:64
 in slice(::Array{Float64,1}, ::Vararg{Any,N}) at ./deprecated.jl:30
 in (::IntervalLinearEquations.sti.#stiReducer#5)(::Array{Float64,1}, ::ValidatedNumerics.Interval{Float64}) at /home/vagrant/.julia/v0.5/IntervalLinearEquations/src/sti.jl:28
 in mapfoldl_impl(::Base.#identity, ::IntervalLinearEquations.sti.#stiReducer#5, ::Array{Any,1}, ::Array{ValidatedNumerics.Interval{Float64},1}, ::Int64) at ./reduce.jl:49
 in STI(::Array{ValidatedNumerics.Interval{Float64},1}) at /home/vagrant/.julia/v0.5/IntervalLinearEquations/src/sti.jl:36
 in (::StiTests.##1#4)() at /home/vagrant/.julia/v0.5/IntervalLinearEquations/test/test_sti.jl:18
 in facts(::StiTests.##1#4, ::String) at /home/vagrant/.julia/v0.5/FactCheck/src/FactCheck.jl:449
 in include_from_node1(::String) at ./loading.jl:426 (repeats 2 times)
 in process_options(::Base.JLOptions) at ./client.jl:262
 in _start() at ./client.jl:318
while loading /home/vagrant/.julia/v0.5/IntervalLinearEquations/test/test_sti.jl, in expression starting on line 16
WARNING: slice is deprecated, use view instead.
 in depwarn(::String, ::Symbol) at ./deprecated.jl:64
 in slice(::Array{Float64,1}, ::Vararg{Any,N}) at ./deprecated.jl:30
 in (::IntervalLinearEquations.sti.#stiReducer#5)(::Array{Float64,1}, ::ValidatedNumerics.Interval{Float64}) at /home/vagrant/.julia/v0.5/IntervalLinearEquations/src/sti.jl:28
 in mapfoldl_impl(::Base.#identity, ::IntervalLinearEquations.sti.#stiReducer#5, ::Array{Any,1}, ::Array{ValidatedNumerics.Interval{Float64},1}, ::Int64) at ./reduce.jl:49
 in STI(::Array{ValidatedNumerics.Interval{Float64},1}) at /home/vagrant/.julia/v0.5/IntervalLinearEquations/src/sti.jl:36
 in (::StiTests.##1#4)() at /home/vagrant/.julia/v0.5/IntervalLinearEquations/test/test_sti.jl:18
 in facts(::StiTests.##1#4, ::String) at /home/vagrant/.julia/v0.5/FactCheck/src/FactCheck.jl:449
 in include_from_node1(::String) at ./loading.jl:426 (repeats 2 times)
 in process_options(::Base.JLOptions) at ./client.jl:262
 in _start() at ./client.jl:318
while loading /home/vagrant/.julia/v0.5/IntervalLinearEquations/test/test_sti.jl, in expression starting on line 16
WARNING: slice is deprecated, use view instead.
 in depwarn(::String, ::Symbol) at ./deprecated.jl:64
 in slice(::Array{Float64,1}, ::Vararg{Any,N}) at ./deprecated.jl:30
 in reverseSTI(::Array{Float64,1}) at /home/vagrant/.julia/v0.5/IntervalLinearEquations/src/sti.jl:44
 in (::StiTests.##1#4)() at /home/vagrant/.julia/v0.5/IntervalLinearEquations/test/test_sti.jl:18
 in facts(::StiTests.##1#4, ::String) at /home/vagrant/.julia/v0.5/FactCheck/src/FactCheck.jl:449
 in include_from_node1(::String) at ./loading.jl:426 (repeats 2 times)
 in process_options(::Base.JLOptions) at ./client.jl:262
 in _start() at ./client.jl:318
while loading /home/vagrant/.julia/v0.5/IntervalLinearEquations/test/test_sti.jl, in expression starting on line 16
WARNING: slice is deprecated, use view instead.
 in depwarn(::String, ::Symbol) at ./deprecated.jl:64
 in slice(::Array{Float64,1}, ::Vararg{Any,N}) at ./deprecated.jl:30
 in reverseSTI(::Array{Float64,1}) at /home/vagrant/.julia/v0.5/IntervalLinearEquations/src/sti.jl:45
 in (::StiTests.##1#4)() at /home/vagrant/.julia/v0.5/IntervalLinearEquations/test/test_sti.jl:18
 in facts(::StiTests.##1#4, ::String) at /home/vagrant/.julia/v0.5/FactCheck/src/FactCheck.jl:449
 in include_from_node1(::String) at ./loading.jl:426 (repeats 2 times)
 in process_options(::Base.JLOptions) at ./client.jl:262
 in _start() at ./client.jl:318
while loading /home/vagrant/.julia/v0.5/IntervalLinearEquations/test/test_sti.jl, in expression starting on line 16
1 fact verified.
Calculate sti and reverse sti
1 fact verified.
Solve 2x2 system with number matrix
WARNING: slice is deprecated, use view instead.
 in depwarn(::String, ::Symbol) at ./deprecated.jl:64
 in slice(::Array{Float64,1}, ::Vararg{Any,N}) at ./deprecated.jl:30
 in (::IntervalLinearEquations.G.sti.#stiReducer#5)(::Array{Float64,1}, ::ValidatedNumerics.Interval{Float64}) at /home/vagrant/.julia/v0.5/IntervalLinearEquations/src/sti.jl:28
 in mapfoldl_impl(::Base.#identity, ::IntervalLinearEquations.G.sti.#stiReducer#5, ::Array{Any,1}, ::Array{ValidatedNumerics.Interval{Float64},1}, ::Int64) at ./reduce.jl:49
 in STI(::Array{ValidatedNumerics.Interval{Float64},1}) at /home/vagrant/.julia/v0.5/IntervalLinearEquations/src/sti.jl:36
 in calulateSubdifferentialRowPart(::IntervalLinearEquations.G.SubDiff.#productLoSubDifferential, ::Int64, ::Array{ValidatedNumerics.Interval{Float64},1}, ::Array{Float64,1}, ::Array{Float64,1}) at /home/vagrant/.julia/v0.5/IntervalLinearEquations/src/G.jl:48
 in calulateLoSubdifferentialRow(::Array{ValidatedNumerics.Interval{Float64},1}, ::Array{Float64,1}, ::Array{Float64,1}) at /home/vagrant/.julia/v0.5/IntervalLinearEquations/src/G.jl:33
 in _collect(::UnitRange{Int64}, ::Base.Generator{UnitRange{Int64},IntervalLinearEquations.G.##3#5{IntervalLinearEquations.Types.Solver{Float64},Array{Float64,2}}}, ::Base.EltypeUnknown, ::Base.HasShape) at ./array.jl:287
 in subDifferential(::IntervalLinearEquations.Types.Solver{Float64}) at /home/vagrant/.julia/v0.5/IntervalLinearEquations/src/G.jl:21
 in solve(::String, ::Array{ValidatedNumerics.Interval{Float64},2}, ::Array{ValidatedNumerics.Interval{Float64},1}, ::Float64, ::Int64, ::Float64) at /home/vagrant/.julia/v0.5/IntervalLinearEquations/src/IntervalLinearEquations.jl:20
 in (::SolverTests.##1#4)() at /home/vagrant/.julia/v0.5/IntervalLinearEquations/test/test_solver.jl:22
 in facts(::SolverTests.##1#4, ::String) at /home/vagrant/.julia/v0.5/FactCheck/src/FactCheck.jl:449
 in include_from_node1(::String) at ./loading.jl:426 (repeats 2 times)
 in process_options(::Base.JLOptions) at ./client.jl:262
 in _start() at ./client.jl:318
while loading /home/vagrant/.julia/v0.5/IntervalLinearEquations/test/test_solver.jl, in expression starting on line 13
WARNING: slice is deprecated, use view instead.
 in depwarn(::String, ::Symbol) at ./deprecated.jl:64
 in slice(::Array{Float64,1}, ::Vararg{Any,N}) at ./deprecated.jl:30
 in (::IntervalLinearEquations.G.sti.#stiReducer#5)(::Array{Float64,1}, ::ValidatedNumerics.Interval{Float64}) at /home/vagrant/.julia/v0.5/IntervalLinearEquations/src/sti.jl:28
 in mapfoldl_impl(::Base.#identity, ::IntervalLinearEquations.G.sti.#stiReducer#5, ::Array{Any,1}, ::Array{ValidatedNumerics.Interval{Float64},1}, ::Int64) at ./reduce.jl:49
 in STI(::Array{ValidatedNumerics.Interval{Float64},1}) at /home/vagrant/.julia/v0.5/IntervalLinearEquations/src/sti.jl:36
 in calulateSubdifferentialRowPart(::IntervalLinearEquations.G.SubDiff.#productLoSubDifferential, ::Int64, ::Array{ValidatedNumerics.Interval{Float64},1}, ::Array{Float64,1}, ::Array{Float64,1}) at /home/vagrant/.julia/v0.5/IntervalLinearEquations/src/G.jl:48
 in calulateLoSubdifferentialRow(::Array{ValidatedNumerics.Interval{Float64},1}, ::Array{Float64,1}, ::Array{Float64,1}) at /home/vagrant/.julia/v0.5/IntervalLinearEquations/src/G.jl:33
 in _collect(::UnitRange{Int64}, ::Base.Generator{UnitRange{Int64},IntervalLinearEquations.G.##3#5{IntervalLinearEquations.Types.Solver{Float64},Array{Float64,2}}}, ::Base.EltypeUnknown, ::Base.HasShape) at ./array.jl:287
 in subDifferential(::IntervalLinearEquations.Types.Solver{Float64}) at /home/vagrant/.julia/v0.5/IntervalLinearEquations/src/G.jl:21
 in solve(::String, ::Array{ValidatedNumerics.Interval{Float64},2}, ::Array{ValidatedNumerics.Interval{Float64},1}, ::Float64, ::Int64, ::Float64) at /home/vagrant/.julia/v0.5/IntervalLinearEquations/src/IntervalLinearEquations.jl:20
 in (::SolverTests.##1#4)() at /home/vagrant/.julia/v0.5/IntervalLinearEquations/test/test_solver.jl:22
 in facts(::SolverTests.##1#4, ::String) at /home/vagrant/.julia/v0.5/FactCheck/src/FactCheck.jl:449
 in include_from_node1(::String) at ./loading.jl:426 (repeats 2 times)
 in process_options(::Base.JLOptions) at ./client.jl:262
 in _start() at ./client.jl:318
while loading /home/vagrant/.julia/v0.5/IntervalLinearEquations/test/test_solver.jl, in expression starting on line 13
1 fact verified.
Solve 2x2 system with random matrix
2 facts verified.
Solve 2x2 system with interval matrix
2 facts verified.
INFO: IntervalLinearEquations tests passed
INFO: Removing BinDeps v0.4.2
INFO: Removing BufferedStreams v0.1.6
INFO: Removing Codecs v0.2.0
INFO: Removing Coverage v0.3.0
INFO: Removing Debug v0.1.6
INFO: Removing FactCheck v0.4.3
INFO: Removing HttpCommon v0.2.6
INFO: Removing HttpParser v0.1.1
INFO: Removing Libz v0.2.0
INFO: Removing Lint v0.2.4
INFO: Removing MbedTLS v0.2.6
INFO: Removing Requests v0.3.9
INFO: Removing SHA v0.2.0
INFO: Removing URIParser v0.1.6

>>> End of log
