>>> 'Pkg.add("IntModN")' log
INFO: Cloning cache of IntModN from https://github.com/andrewcooke/IntModN.jl.git
INFO: Installing IntModN v0.0.2
INFO: Package database updated

>>> 'Pkg.test("IntModN")' log
Julia Version 0.6.0-dev.1843
Commit c38a5a3 (2017-01-01 14:09 UTC)
Platform Info:
  OS: Linux (x86_64-pc-linux-gnu)
  CPU: Intel(R) Xeon(R) CPU E3-1241 v3 @ 3.50GHz
  WORD_SIZE: 64
           Ubuntu 14.04.5 LTS
  uname: Linux 3.13.0-105-generic #152-Ubuntu SMP Fri Dec 2 15:37:11 UTC 2016 x86_64 x86_64
Memory: 2.9392738342285156 GB (2054.12890625 MB free)
Uptime: 36173.0 sec
Load Avg:  1.0029296875  1.0146484375  1.04541015625
Intel(R) Xeon(R) CPU E3-1241 v3 @ 3.50GHz: 
       speed         user         nice          sys         idle          irq
#1  3500 MHz    1878556 s         59 s     241778 s    1100730 s        130 s
#2  3500 MHz     693152 s         92 s     120771 s    2690059 s          1 s

  BLAS: libopenblas (USE64BITINT DYNAMIC_ARCH NO_AFFINITY Nehalem)
  LAPACK: libopenblas64_
  LIBM: libopenlibm
  LLVM: libLLVM-3.9.1 (ORCJIT, haswell)
Environment:
  TERM = vt100
  LD_LIBRARY_PATH = :/usr/local/lib/
  PATH = /usr/local/sbin:/usr/local/bin:/usr/sbin:/usr/bin:/sbin:/bin:/usr/games:/usr/local/games:/home/vagrant/julia/bin/
  JAVA_HOME = /usr/lib/jvm/java-7-oracle
  HOME = /home/vagrant

Package Directory: /home/vagrant/.julia/v0.6
2 required packages:
 - IntModN                       0.0.2
 - JSON                          0.8.0
5 additional packages:
 - Compat                        0.10.0
 - CompilerTools                 0.2.1
 - DataStructures                0.4.6
 - DocOpt                        0.2.0
 - ParallelAccelerator           0.2.2              6da2e374 (dirty)
INFO: Computing test dependencies for IntModN...
ERROR: Polynomial can't be installed because it has no versions that support 0.6.0-dev.1843 of julia. You may need to update METADATA by running `Pkg.update()`
Stacktrace:
 [1] resolve(::Dict{String,Base.Pkg.Types.VersionSet}, ::Dict{String,Dict{VersionNumber,Base.Pkg.Types.Available}}, ::Dict{String,Tuple{VersionNumber,Bool}}, ::Dict{String,Base.Pkg.Types.Fixed}, ::Dict{String,VersionNumber}, ::Set{String}) at ./pkg/entry.jl:487
 [2] resolve(::Dict{String,Base.Pkg.Types.VersionSet}) at ./pkg/entry.jl:480
 [3] #test!#58(::Bool, ::Function, ::String, ::Array{AbstractString,1}, ::Array{AbstractString,1}, ::Array{AbstractString,1}) at ./pkg/entry.jl:707
 [4] (::Base.Pkg.Entry.#kw##test!)(::Array{Any,1}, ::Base.Pkg.Entry.#test!, ::String, ::Array{AbstractString,1}, ::Array{AbstractString,1}, ::Array{AbstractString,1}) at ./<missing>:0
 [5] #test#61(::Bool, ::Function, ::Array{AbstractString,1}) at ./pkg/entry.jl:739
 [6] (::Base.Pkg.Entry.#kw##test)(::Array{Any,1}, ::Base.Pkg.Entry.#test, ::Array{AbstractString,1}) at ./<missing>:0
 [7] (::Base.Pkg.Dir.##2#3{Array{Any,1},Base.Pkg.Entry.#test,Tuple{Array{AbstractString,1}}})() at ./pkg/dir.jl:31
 [8] cd(::Base.Pkg.Dir.##2#3{Array{Any,1},Base.Pkg.Entry.#test,Tuple{Array{AbstractString,1}}}, ::String) at ./file.jl:69
 [9] #cd#1(::Array{Any,1}, ::Function, ::Function, ::Array{AbstractString,1}, ::Vararg{Array{AbstractString,1},N}) at ./pkg/dir.jl:31
 [10] (::Base.Pkg.Dir.#kw##cd)(::Array{Any,1}, ::Base.Pkg.Dir.#cd, ::Function, ::Array{AbstractString,1}, ::Vararg{Array{AbstractString,1},N}) at ./<missing>:0
 [11] #test#3(::Bool, ::Function, ::String, ::Vararg{String,N}) at ./pkg/pkg.jl:259
 [12] test(::String, ::Vararg{String,N}) at ./pkg/pkg.jl:259
 [13] eval(::Module, ::Any) at ./boot.jl:236
 [14] process_options(::Base.JLOptions) at ./client.jl:275
 [15] _start() at ./client.jl:364

>>> End of log
