>>> 'Pkg.add("IntModN")' log
INFO: Cloning cache of IntModN from git://github.com/andrewcooke/IntModN.jl.git
INFO: Installing IntModN v0.0.2
INFO: Package database updated
INFO: METADATA is out-of-date — you may not have the latest version of IntModN
INFO: Use `Pkg.update()` to get the latest versions of your packages

>>> 'Pkg.test("IntModN")' log
Julia Version 0.3.12
Commit 80aa779 (2015-10-26 12:41 UTC)
Platform Info:
  System: Linux (x86_64-unknown-linux-gnu)
  CPU: Intel(R) Xeon(R) CPU E3-1241 v3 @ 3.50GHz
  WORD_SIZE: 64
  BLAS: libopenblas (USE64BITINT DYNAMIC_ARCH NO_AFFINITY Nehalem)
  LAPACK: libopenblas
  LIBM: libopenlibm
  LLVM: libLLVM-3.3
INFO: Computing test dependencies for IntModN...
INFO: Installing Polynomial v0.1.1
INFO: Testing IntModN
test_z_constructor ok
test_z_random ok
test_z_arithmetic ok
test_z_matrix_inverse ok
test_z_power ok
test_z_macros ok
test_p_constructor ok
3x^2 + 1
test_p_show ok
test_p_comparison ok
test_p_arithmetic ok
test_p_bitwise
test_p_array
test_p2_constructor ok
test_p2_show ok
test_p2_comparison ok
test_p2_arithmetic ok
test_p2_bitwise
test_p2_array
test_f_constructor ok
test_f_rijndael ok
test_f_inverse ok

first poly: x^7 + x^5 + x^4 + 1 mod 2

+
elapsed time: 0.041615338 seconds (16000080 bytes allocated)
elapsed time: 0.728474791 seconds (178134320 bytes allocated)
elapsed time: 1.198171684 seconds (194702688 bytes allocated)

-
elapsed time: 0.040995109 seconds (16000080 bytes allocated)
elapsed time: 0.925769325 seconds (176488592 bytes allocated)
elapsed time: 1.103935498 seconds (194702688 bytes allocated)

*
elapsed time: 0.03982692 seconds (16000080 bytes allocated)
elapsed time: 1.889685808 seconds (113807728 bytes allocated)
elapsed time: 3.28048227 seconds (185501408 bytes allocated)

/
elapsed time: 0.121275877 seconds (28768080 bytes allocated)
elapsed time: 0.897352203 seconds (186974200 bytes allocated)
elapsed time: 4.60892311 seconds (643428504 bytes allocated)

rem
elapsed time: 0.124353218 seconds (28768080 bytes allocated)
elapsed time: 1.393793404 seconds (204947480 bytes allocated)
elapsed time: 4.131352582 seconds (643428504 bytes allocated)

testing eq (mod 2)...ok
testing eq (mod 5)...ok
INFO: IntModN tests passed
INFO: Removing Polynomial v0.1.1

>>> End of log
