>>> 'Pkg.add("InverseDistanceWeighting")' log
INFO: Cloning cache of InverseDistanceWeighting from https://github.com/juliohm/InverseDistanceWeighting.jl.git
INFO: Installing BinDeps v0.8.6
INFO: Installing CSV v0.2.2
INFO: Installing CategoricalArrays v0.3.4
INFO: Installing CodecZlib v0.4.2
INFO: Installing DataFrames v0.11.5
INFO: Installing DataStreams v0.3.4
INFO: Installing DataStructures v0.7.4
INFO: Installing Distances v0.5.0
INFO: Installing GeoStatsBase v0.0.8
INFO: Installing GeoStatsDevTools v0.0.8
INFO: Installing InverseDistanceWeighting v0.1.0
INFO: Installing Missings v0.2.7
INFO: Installing NamedTuples v4.0.0
INFO: Installing NearestNeighbors v0.3.0
INFO: Installing Parameters v0.8.1
INFO: Installing Reexport v0.1.0
INFO: Installing SHA v0.5.6
INFO: Installing SortingAlgorithms v0.2.0
INFO: Installing SpecialFunctions v0.3.8
INFO: Installing StaticArrays v0.6.6
INFO: Installing StatsBase v0.20.0
INFO: Installing TranscodingStreams v0.4.1
INFO: Installing URIParser v0.3.0
INFO: Installing WeakRefStrings v0.4.2
INFO: Building SpecialFunctions
INFO: Package database updated

>>> 'Pkg.test("InverseDistanceWeighting")' log
Julia Version 0.6.2
Commit d386e40c17 (2017-12-13 18:08 UTC)
Platform Info:
  OS: Linux (x86_64-pc-linux-gnu)
  CPU: Intel(R) Xeon(R) CPU E3-1241 v3 @ 3.50GHz
  WORD_SIZE: 64
           Ubuntu 14.04.5 LTS
  uname: Linux 3.13.0-135-generic #184-Ubuntu SMP Wed Oct 18 11:55:51 UTC 2017 x86_64 x86_64
Memory: 2.93927001953125 GB (1860.92578125 MB free)
Uptime: 31463.0 sec
Load Avg:  1.0771484375  1.01171875  1.01318359375
Intel(R) Xeon(R) CPU E3-1241 v3 @ 3.50GHz: 
       speed         user         nice          sys         idle          irq
#1  3499 MHz    1895783 s        221 s      99172 s     691254 s         24 s
#2  3499 MHz     425817 s       6501 s      47461 s    2612704 s          0 s

  BLAS: libopenblas (USE64BITINT DYNAMIC_ARCH NO_AFFINITY Nehalem)
  LAPACK: libopenblas64_
  LIBM: libopenlibm
  LLVM: libLLVM-3.9.1 (ORCJIT, haswell)
Environment:
  TERM = vt100
  LD_LIBRARY_PATH = :/usr/local/lib/
  PATH = /usr/local/sbin:/usr/local/bin:/usr/sbin:/usr/bin:/sbin:/bin:/usr/games:/usr/local/games:/home/vagrant/julia/bin/
  JAVA_HOME = /usr/lib/jvm/java-8-openjdk-amd64
  HOME = /home/vagrant

Package Directory: /home/vagrant/.julia/v0.6
2 required packages:
 - InverseDistanceWeighting      0.1.0
 - JSON                          0.16.4
25 additional packages:
 - BinDeps                       0.8.6
 - CSV                           0.2.2
 - CategoricalArrays             0.3.4
 - CodecZlib                     0.4.2
 - Compat                        0.54.0
 - DataFrames                    0.11.5
 - DataStreams                   0.3.4
 - DataStructures                0.7.4
 - Distances                     0.5.0
 - GeoStatsBase                  0.0.8
 - GeoStatsDevTools              0.0.8
 - Missings                      0.2.7
 - NamedTuples                   4.0.0
 - NearestNeighbors              0.3.0
 - Nullables                     0.0.3
 - Parameters                    0.8.1
 - Reexport                      0.1.0
 - SHA                           0.5.6
 - SortingAlgorithms             0.2.0
 - SpecialFunctions              0.3.8
 - StaticArrays                  0.6.6
 - StatsBase                     0.20.0
 - TranscodingStreams            0.4.1
 - URIParser                     0.3.0
 - WeakRefStrings                0.4.2
INFO: Computing test dependencies for InverseDistanceWeighting...
INFO: Installing AbstractFFTs v0.3.0
INFO: Installing AxisAlgorithms v0.2.0
INFO: Installing AxisArrays v0.2.1
INFO: Installing Calculus v0.2.2
INFO: Installing CatIndices v0.1.0
INFO: Installing ColorTypes v0.6.7
INFO: Installing ColorVectorSpace v0.5.2
INFO: Installing Colors v0.8.2
INFO: Installing Combinatorics v0.5.0
INFO: Installing ComputationalResources v0.2.0
INFO: Installing Contour v0.4.0
INFO: Installing CoordinateTransformations v0.4.1
INFO: Installing CustomUnitRanges v0.1.0
INFO: Installing Distributions v0.15.0
INFO: Installing DualNumbers v0.3.0
INFO: Installing FFTViews v0.1.0
INFO: Installing FFTW v0.0.4
INFO: Installing FileIO v0.7.0
INFO: Installing FixedPointNumbers v0.4.6
INFO: Installing GR v0.26.0
INFO: Installing GeoStats v0.5.2
INFO: Installing Graphics v0.2.0
INFO: Installing IdentityRanges v0.1.0
INFO: Installing ImageAxes v0.4.0
INFO: Installing ImageCore v0.5.0
INFO: Installing ImageFiltering v0.2.3
INFO: Installing ImageMagick v0.5.0
INFO: Installing ImageMetadata v0.4.0
INFO: Installing ImageMorphology v0.0.2
INFO: Installing ImageTransformations v0.4.1
INFO: Installing Images v0.12.0
INFO: Installing IndirectArrays v0.3.0
INFO: Installing Interpolations v0.7.3
INFO: Installing IntervalSets v0.1.1
INFO: Installing IterTools v0.2.1
INFO: Installing MacroTools v0.4.0
INFO: Installing MappedArrays v0.0.7
INFO: Installing Measures v0.1.0
INFO: Installing NaNMath v0.3.1
INFO: Installing OffsetArrays v0.5.0
INFO: Installing PDMats v0.8.0
INFO: Installing PaddedViews v0.3.0
INFO: Installing PlotThemes v0.2.0
INFO: Installing PlotUtils v0.4.4
INFO: Installing Plots v0.15.0
INFO: Installing Polynomials v0.2.1
INFO: Installing QuadGK v0.2.0
INFO: Installing RangeArrays v0.2.0
INFO: Installing Ratios v0.2.0
INFO: Installing RecipesBase v0.2.3
INFO: Installing Requires v0.4.3
INFO: Installing Rmath v0.3.2
INFO: Installing Rotations v0.6.1
INFO: Installing SIUnits v0.1.0
INFO: Installing ShowItLikeYouBuildIt v0.2.0
INFO: Installing Showoff v0.1.1
INFO: Installing SimpleTraits v0.6.0
INFO: Installing StatsFuns v0.5.0
INFO: Installing TexExtensions v0.1.0
INFO: Installing TiledIteration v0.1.0
INFO: Installing VisualRegressionTests v0.1.0
INFO: Installing WoodburyMatrices v0.2.2
INFO: Building SpecialFunctions
INFO: Building Rmath
INFO: Building FFTW
INFO: Building GR
INFO: Downloading pre-compiled GR 0.29.0 Ubuntu binary
  % Total    % Received % Xferd  Average Speed   Time    Time     Time  Current
                                 Dload  Upload   Total   Spent    Left  Speed
  0     0    0     0    0     0      0      0 --:--:-- --:--:-- --:--:--     0  0     0    0     0    0     0      0      0 --:--:-- --:--:-- --:--:--     0  0 38.4M    0 49152    0     0  45720      0  0:14:41  0:00:01  0:14:40 45722  2 38.4M    2  832k    0     0   401k      0  0:01:38  0:00:02  0:01:36  400k 10 38.4M   10 4208k    0     0  1376k      0  0:00:28  0:00:03  0:00:25 1376k 35 38.4M   35 13.4M    0     0  3411k      0  0:00:11  0:00:04  0:00:07 3411k 93 38.4M   93 35.7M    0     0  7265k      0  0:00:05  0:00:05 --:--:-- 7359k100 38.4M  100 38.4M    0     0  7694k      0  0:00:05  0:00:05 --:--:-- 9729k
INFO: Building ImageMagick
INFO: Building Plots
INFO: Testing InverseDistanceWeighting
WARNING: Method definition midpoints(Base.Range{T} where T) in module Base at deprecated.jl:56 overwritten in module StatsBase at /home/vagrant/.julia/v0.6/StatsBase/src/hist.jl:535.
WARNING: Method definition midpoints(AbstractArray{T, 1} where T) in module Base at deprecated.jl:56 overwritten in module StatsBase at /home/vagrant/.julia/v0.6/StatsBase/src/hist.jl:533.
WARNING: Method definition midpoints(Base.Range{T} where T) in module Base at deprecated.jl:56 overwritten in module StatsBase at /home/vagrant/.julia/v0.6/StatsBase/src/hist.jl:535.
WARNING: Method definition midpoints(AbstractArray{T, 1} where T) in module Base at deprecated.jl:56 overwritten in module StatsBase at /home/vagrant/.julia/v0.6/StatsBase/src/hist.jl:533.
WARNING: Method definition midpoints(Base.Range{T} where T) in module Base at deprecated.jl:56 overwritten in module StatsBase at /home/vagrant/.julia/v0.6/StatsBase/src/hist.jl:535.
WARNING: Method definition midpoints(AbstractArray{T, 1} where T) in module Base at deprecated.jl:56 overwritten in module StatsBase at /home/vagrant/.julia/v0.6/StatsBase/src/hist.jl:533.
WARNING: Method definition midpoints(Base.Range{T} where T) in module Base at deprecated.jl:56 overwritten in module StatsBase at /home/vagrant/.julia/v0.6/StatsBase/src/hist.jl:535.
WARNING: Method definition midpoints(AbstractArray{T, 1} where T) in module Base at deprecated.jl:56 overwritten in module StatsBase at /home/vagrant/.julia/v0.6/StatsBase/src/hist.jl:533.
WARNING: Gtk not loaded. err: ArgumentError("Module Gtk not found in current path.\nRun `Pkg.add(\"Gtk\")` to install the Gtk package.")
Test Summary: |
Basic problem | No tests
INFO: InverseDistanceWeighting tests passed
INFO: Removing AbstractFFTs v0.3.0
INFO: Removing AxisAlgorithms v0.2.0
INFO: Removing AxisArrays v0.2.1
INFO: Removing Calculus v0.2.2
INFO: Removing CatIndices v0.1.0
INFO: Removing ColorTypes v0.6.7
INFO: Removing ColorVectorSpace v0.5.2
INFO: Removing Colors v0.8.2
INFO: Removing Combinatorics v0.5.0
INFO: Removing ComputationalResources v0.2.0
INFO: Removing Contour v0.4.0
INFO: Removing CoordinateTransformations v0.4.1
INFO: Removing CustomUnitRanges v0.1.0
INFO: Removing Distributions v0.15.0
INFO: Removing DualNumbers v0.3.0
INFO: Removing FFTViews v0.1.0
INFO: Removing FFTW v0.0.4
INFO: Removing FileIO v0.7.0
INFO: Removing FixedPointNumbers v0.4.6
INFO: Removing GR v0.26.0
INFO: Removing GeoStats v0.5.2
INFO: Removing Graphics v0.2.0
INFO: Removing IdentityRanges v0.1.0
INFO: Removing ImageAxes v0.4.0
INFO: Removing ImageCore v0.5.0
INFO: Removing ImageFiltering v0.2.3
INFO: Removing ImageMagick v0.5.0
INFO: Removing ImageMetadata v0.4.0
INFO: Removing ImageMorphology v0.0.2
INFO: Removing ImageTransformations v0.4.1
INFO: Removing Images v0.12.0
INFO: Removing IndirectArrays v0.3.0
INFO: Removing Interpolations v0.7.3
INFO: Removing IntervalSets v0.1.1
INFO: Removing IterTools v0.2.1
INFO: Removing MacroTools v0.4.0
INFO: Removing MappedArrays v0.0.7
INFO: Removing Measures v0.1.0
INFO: Removing NaNMath v0.3.1
INFO: Removing OffsetArrays v0.5.0
INFO: Removing PDMats v0.8.0
INFO: Removing PaddedViews v0.3.0
INFO: Removing PlotThemes v0.2.0
INFO: Removing PlotUtils v0.4.4
INFO: Removing Plots v0.15.0
INFO: Removing Polynomials v0.2.1
INFO: Removing QuadGK v0.2.0
INFO: Removing RangeArrays v0.2.0
INFO: Removing Ratios v0.2.0
INFO: Removing RecipesBase v0.2.3
INFO: Removing Requires v0.4.3
INFO: Removing Rmath v0.3.2
INFO: Removing Rotations v0.6.1
INFO: Removing SIUnits v0.1.0
INFO: Removing ShowItLikeYouBuildIt v0.2.0
INFO: Removing Showoff v0.1.1
INFO: Removing SimpleTraits v0.6.0
INFO: Removing StatsFuns v0.5.0
INFO: Removing TexExtensions v0.1.0
INFO: Removing TiledIteration v0.1.0
INFO: Removing VisualRegressionTests v0.1.0
INFO: Removing WoodburyMatrices v0.2.2

>>> End of log
