>>> 'Pkg.add("ISPC")' log
INFO: Cloning cache of ISPC from https://github.com/damiendr/ISPC.jl.git
INFO: Installing DataStructures v0.4.4
INFO: Installing Graphs v0.6.0
INFO: Installing ISPC v0.0.1
INFO: Package database updated
INFO: METADATA is out-of-date — you may not have the latest version of ISPC
INFO: Use `Pkg.update()` to get the latest versions of your packages
INFO: Nothing to be done
INFO: METADATA is out-of-date — you may not have the latest version of ISPC
INFO: Use `Pkg.update()` to get the latest versions of your packages

>>> 'Pkg.test("ISPC")' log
Julia Version 0.5.0-pre+5688
Commit da9c28e (2016-07-25 21:05 UTC)
Platform Info:
  System: Linux (x86_64-unknown-linux-gnu)
  CPU: Intel(R) Xeon(R) CPU E3-1241 v3 @ 3.50GHz
  WORD_SIZE: 64
           Ubuntu 14.04.4 LTS
  uname: Linux 3.13.0-92-generic #139-Ubuntu SMP Tue Jun 28 20:42:26 UTC 2016 x86_64 x86_64
Memory: 2.4471054077148438 GB (1223.0390625 MB free)
Uptime: 28299.0 sec
Load Avg:  1.029296875  1.04248046875  1.068359375
Intel(R) Xeon(R) CPU E3-1241 v3 @ 3.50GHz: 
       speed         user         nice          sys         idle          irq
#1  3499 MHz    1447202 s       2817 s     169601 s     818973 s         84 s
#2  3499 MHz     552277 s        949 s      92129 s    2047165 s          1 s

  BLAS: libopenblas (USE64BITINT DYNAMIC_ARCH NO_AFFINITY Nehalem)
  LAPACK: libopenblas64_
  LIBM: libopenlibm
  LLVM: libLLVM-3.7.1 (ORCJIT, haswell)
Environment:
  TERM = vt100
  LD_LIBRARY_PATH = :/usr/local/lib/
  PATH = /usr/local/sbin:/usr/local/bin:/usr/sbin:/usr/bin:/sbin:/bin:/usr/games:/usr/local/games:/home/vagrant/julia/bin/
  JAVA_HOME = /usr/lib/jvm/java-7-oracle
  HOME = /home/vagrant

Package Directory: /home/vagrant/.julia/v0.5
2 required packages:
 - ISPC                          0.0.1
 - JSON                          0.6.0
14 additional packages:
 - ColorTypes                    0.2.5
 - ColorVectorSpace              0.1.5
 - Colors                        0.6.6
 - Compat                        0.8.6
 - DataStructures                0.4.4
 - FileIO                        0.1.0
 - FixedPointNumbers             0.1.4
 - Graphics                      0.1.3
 - Graphs                        0.6.0
 - Images                        0.5.5              8840a952 (dirty)
 - Reexport                      0.0.3
 - SIUnits                       0.0.6
 - TexExtensions                 0.0.3
 - Zlib                          0.1.12
INFO: Testing ISPC
WARNING: Base.LambdaStaticData is deprecated, use LambdaInfo instead.
  likely near /home/vagrant/.julia/v0.5/ISPC/src/ast_tools.jl:33
WARNING: Base.LambdaStaticData is deprecated, use LambdaInfo instead.
  likely near /home/vagrant/.julia/v0.5/ISPC/src/ast_tools.jl:33
WARNING: Base.LambdaStaticData is deprecated, use LambdaInfo instead.
  likely near /home/vagrant/.julia/v0.5/ISPC/src/ast_tools.jl:480
WARNING: Base.LambdaStaticData is deprecated, use LambdaInfo instead.
  likely near /home/vagrant/.julia/v0.5/ISPC/src/ast_tools.jl:481
WARNING: Base.LambdaStaticData is deprecated, use LambdaInfo instead.
  likely near /home/vagrant/.julia/v0.5/ISPC/src/ast_tools.jl:480
WARNING: Base.LambdaStaticData is deprecated, use LambdaInfo instead.
  likely near /home/vagrant/.julia/v0.5/ISPC/src/ast_tools.jl:481
WARNING: Base.LambdaStaticData is deprecated, use LambdaInfo instead.
  likely near /home/vagrant/.julia/v0.5/ISPC/src/ast_tools.jl:107
WARNING: `@osx_only` is deprecated, use `@static if is_apple()` instead
 in depwarn(::String, ::Symbol) at ./deprecated.jl:64
 in @osx_only(::Any) at ./deprecated.jl:497
 in include_from_node1(::String) at ./loading.jl:426 (repeats 2 times)
 in eval(::Module, ::Any) at ./boot.jl:234
 in require(::Symbol) at ./loading.jl:357
 in include_from_node1(::String) at ./loading.jl:426
 in process_options(::Base.JLOptions) at ./client.jl:262
 in _start() at ./client.jl:318
while loading /home/vagrant/.julia/v0.5/ISPC/src/toolchain.jl, in expression starting on line 23
WARNING: readall is deprecated, use readstring instead.
 in depwarn(::String, ::Symbol) at ./deprecated.jl:64
 in readall(::Cmd, ::Vararg{Cmd,N}) at ./deprecated.jl:30
 in include_from_node1(::String) at ./loading.jl:426 (repeats 2 times)
 in eval(::Module, ::Any) at ./boot.jl:234
 in require(::Symbol) at ./loading.jl:357
 in include_from_node1(::String) at ./loading.jl:426
 in process_options(::Base.JLOptions) at ./client.jl:262
 in _start() at ./client.jl:318
while loading /home/vagrant/.julia/v0.5/ISPC/src/toolchain.jl, in expression starting on line 30
Linker: /usr/bin/g++
WARNING: Base.ASCIIString is deprecated, use String instead.
  likely near /home/vagrant/.julia/v0.5/ISPC/src/runtime.jl:4
WARNING: Base.ASCIIString is deprecated, use String instead.
  likely near /home/vagrant/.julia/v0.5/ISPC/src/runtime.jl:4
WARNING: Base.ASCIIString is deprecated, use String instead.
  likely near /home/vagrant/.julia/v0.5/ISPC/src/runtime.jl:13
WARNING: Base.ASCIIString is deprecated, use String instead.
  likely near /home/vagrant/.julia/v0.5/ISPC/src/runtime.jl:13
WARNING: Base.ASCIIString is deprecated, use String instead.
  likely near /home/vagrant/.julia/v0.5/ISPC/src/runtime.jl:13
WARNING: Base.ASCIIString is deprecated, use String instead.
  likely near /home/vagrant/.julia/v0.5/ISPC/src/runtime.jl:13
WARNING: Base.ASCIIString is deprecated, use String instead.
  likely near /home/vagrant/.julia/v0.5/ISPC/src/codegen.jl:47
WARNING: Base.ASCIIString is deprecated, use String instead.
  likely near /home/vagrant/.julia/v0.5/ISPC/src/codegen.jl:47
ERROR: LoadError: LoadError: LoadError: UndefVarError: SymbolNode not defined
 in include_from_node1(::String) at ./loading.jl:426 (repeats 2 times)
 in eval(::Module, ::Any) at ./boot.jl:234
 in require(::Symbol) at ./loading.jl:357
 in include_from_node1(::String) at ./loading.jl:426
 in process_options(::Base.JLOptions) at ./client.jl:262
 in _start() at ./client.jl:318
while loading /home/vagrant/.julia/v0.5/ISPC/src/codegen.jl, in expression starting on line 165
while loading /home/vagrant/.julia/v0.5/ISPC/src/ISPC.jl, in expression starting on line 8
while loading /home/vagrant/.julia/v0.5/ISPC/test/runtests.jl, in expression starting on line 1
================================[ ERROR: ISPC ]=================================

failed process: Process(`/home/vagrant/julia/bin/julia -Cx86-64 -J/home/vagrant/julia/lib/julia/sys.so --compile=yes --depwarn=yes --check-bounds=yes --code-coverage=none --color=no --compilecache=yes /home/vagrant/.julia/v0.5/ISPC/test/runtests.jl`, ProcessExited(1)) [1]

================================================================================
ERROR: ISPC had test errors
 in #test#61(::Bool, ::Function, ::Array{AbstractString,1}) at ./pkg/entry.jl:740
 in (::Base.Pkg.Entry.#kw##test)(::Array{Any,1}, ::Base.Pkg.Entry.#test, ::Array{AbstractString,1}) at ./<missing>:0
 in (::Base.Pkg.Dir.##2#3{Array{Any,1},Base.Pkg.Entry.#test,Tuple{Array{AbstractString,1}}})() at ./pkg/dir.jl:31
 in cd(::Base.Pkg.Dir.##2#3{Array{Any,1},Base.Pkg.Entry.#test,Tuple{Array{AbstractString,1}}}, ::String) at ./file.jl:59
 in #cd#1(::Array{Any,1}, ::Function, ::Function, ::Array{AbstractString,1}, ::Vararg{Array{AbstractString,1},N}) at ./pkg/dir.jl:31
 in (::Base.Pkg.Dir.#kw##cd)(::Array{Any,1}, ::Base.Pkg.Dir.#cd, ::Function, ::Array{AbstractString,1}, ::Vararg{Array{AbstractString,1},N}) at ./<missing>:0
 in #test#3(::Bool, ::Function, ::String, ::Vararg{String,N}) at ./pkg/pkg.jl:258
 in test(::String, ::Vararg{String,N}) at ./pkg/pkg.jl:258
 in eval(::Module, ::Any) at ./boot.jl:234
 in process_options(::Base.JLOptions) at ./client.jl:239
 in _start() at ./client.jl:318

>>> End of log
