>>> 'Pkg.add("ItemGraphs")' log
WARNING: Base.Pkg is deprecated, run `using Pkg` instead
 in module Main
[ Info: Cloning cache of ItemGraphs from https://github.com/helgee/ItemGraphs.jl.git
[ Info: Installing CodecZlib v0.4.2
[ Info: Installing DataStructures v0.7.4
[ Info: Installing ItemGraphs v0.1.0
[ Info: Installing LightGraphs v0.12.0
[ Info: Installing MacroTools v0.4.0
[ Info: Installing SimpleTraits v0.7.1
[ Info: Installing TranscodingStreams v0.4.1
[ Info: Package database updated

>>> 'Pkg.test("ItemGraphs")' log
WARNING: Base.versioninfo is deprecated: it has been moved to the standard library package `InteractiveUtils`.
Add `using InteractiveUtils` to your imports.
 in module Main
WARNING: Base.versioninfo is deprecated: it has been moved to the standard library package `InteractiveUtils`.
Add `using InteractiveUtils` to your imports.
 in module Main
Julia Version 0.7.0-DEV.4375
Commit 6239b632ba (2018-02-24 17:55 UTC)
Platform Info:
  OS: Linux (x86_64-pc-linux-gnu)
      Ubuntu 14.04.5 LTS
  uname: Linux 3.13.0-135-generic #184-Ubuntu SMP Wed Oct 18 11:55:51 UTC 2017 x86_64 x86_64
  CPU: Intel(R) Xeon(R) CPU E3-1241 v3 @ 3.50GHz: 
              speed         user         nice          sys         idle          irq
       #1  3499 MHz    1803296 s       6988 s     103568 s     422328 s         14 s
       #2  3499 MHz     336958 s       2189 s      55485 s    2298291 s          0 s
       
  Memory: 2.93927001953125 GB (1353.16015625 MB free)
  Uptime: 27436.0 sec
  Load Avg:  1.01513671875  0.9853515625  0.9599609375
  WORD_SIZE: 64
  LIBM: libopenlibm
  LLVM: libLLVM-3.9.1 (ORCJIT, haswell)
Environment:
  TERM = vt100
  LD_LIBRARY_PATH = :/usr/local/lib/
  PATH = /usr/local/sbin:/usr/local/bin:/usr/sbin:/usr/bin:/sbin:/bin:/usr/games:/usr/local/games:/home/vagrant/julia/bin/
  JAVA_HOME = /usr/lib/jvm/java-8-openjdk-amd64
  HOME = /home/vagrant
Packages:
  Package Directory: /home/vagrant/.julia/v0.7
  Package Status:
2 required packages:
 - ItemGraphs                    0.1.0
 - JSON                          0.16.4
8 additional packages:
 - CodecZlib                     0.4.2
 - Compat                        0.54.0
 - DataStructures                0.7.4
 - LightGraphs                   0.12.0
 - MacroTools                    0.4.0
 - Nullables                     0.0.3
 - SimpleTraits                  0.7.1
 - TranscodingStreams            0.4.1
WARNING: Base.Pkg is deprecated, run `using Pkg` instead
 in module Main
[ Info: Testing ItemGraphs
WARNING: Base.Test is deprecated, run `using Test` instead
  likely near /home/vagrant/.julia/v0.7/ItemGraphs/test/runtests.jl:2
┌ Warning: `shift!` is deprecated, use `popfirst!` instead.
│   caller = #has_path#46(::Array{Int64,1}, ::Function, ::LightGraphs.SimpleGraphs.SimpleDiGraph{Int64}, ::Int64, ::Int64) at bfs.jl:142
└ @ LightGraphs bfs.jl:142
┌ Warning: `Array{T, 1}(m::Int) where T` is deprecated, use `Array{T, 1}(uninitialized, m)` instead.
│   caller = enumerate_paths(::LightGraphs.DijkstraState{Int64,Int64}, ::Array{Int64,1}) at bellman-ford.jl:97
└ @ LightGraphs bellman-ford.jl:97
Test Summary: | Pass  Total
ItemGraphs    |   23     23
[ Info: ItemGraphs tests passed

>>> End of log
