>>> 'Pkg.add("IterativeSolvers")' log
INFO: Cloning cache of IterativeSolvers from git://github.com/JuliaLang/IterativeSolvers.jl.git
INFO: Installing IterativeSolvers v0.0.1
INFO: Package database updated
INFO: METADATA is out-of-date — you may not have the latest version of IterativeSolvers
INFO: Use `Pkg.update()` to get the latest versions of your packages

>>> 'Pkg.test("IterativeSolvers")' log
Julia Version 0.4.0-dev+6253
Commit a97b24b (2015-07-26 15:40 UTC)
Platform Info:
  System: Linux (x86_64-unknown-linux-gnu)
  CPU: Intel(R) Core(TM) i7-4960HQ CPU @ 2.60GHz
  WORD_SIZE: 64
  BLAS: libopenblas (USE64BITINT DYNAMIC_ARCH NO_AFFINITY Nehalem)
  LAPACK: libopenblas
  LIBM: libopenlibm
  LLVM: libLLVM-3.3
INFO: Computing test dependencies for IterativeSolvers...
INFO: Cloning cache of MatrixMarket from git://github.com/JuliaSparse/MatrixMarket.jl.git
INFO: Installing Blosc v0.1.2
INFO: Installing HDF5 v0.5.0
INFO: Installing MAT v0.2.12
INFO: Installing MatrixMarket v0.0.1
INFO: Building Blosc
INFO: Building HDF5
WARNING: beginswith is deprecated, use startswith instead.
 in depwarn at ./deprecated.jl:63
 in beginswith at deprecated.jl:30
 in available_versions at /home/vagrant/.julia/v0.4/BinDeps/src/dependencies.jl:116
 in package_available at /home/vagrant/.julia/v0.4/BinDeps/src/dependencies.jl:111
 in can_provide at /home/vagrant/.julia/v0.4/BinDeps/src/dependencies.jl:590
 in _find_library at /home/vagrant/.julia/v0.4/BinDeps/src/dependencies.jl:451
 in satisfy! at /home/vagrant/.julia/v0.4/BinDeps/src/dependencies.jl:720 (repeats 2 times)
 in anonymous at /home/vagrant/.julia/v0.4/BinDeps/src/dependencies.jl:775
 in include at ./boot.jl:254
 in include_from_node1 at ./loading.jl:197
 in evalfile at loading.jl:213 (repeats 2 times)
 in anonymous at pkg/entry.jl:652
 in cd at ./file.jl:22
 in build! at pkg/entry.jl:651
 in build at pkg/entry.jl:663
 in resolve at ./pkg/entry.jl:472
 in test! at pkg/entry.jl:712
 in test at pkg/entry.jl:740
 in anonymous at pkg/dir.jl:31
 in cd at file.jl:22
 in cd at pkg/dir.jl:31
 in test at pkg.jl:71
 in process_options at ./client.jl:284
 in _start at ./client.jl:411
while loading /home/vagrant/.julia/v0.4/HDF5/deps/build.jl, in expression starting on line 24
WARNING: beginswith is deprecated, use startswith instead.
 in depwarn at ./deprecated.jl:63
 in beginswith at deprecated.jl:30
 in available_versions at /home/vagrant/.julia/v0.4/BinDeps/src/dependencies.jl:124
 in package_available at /home/vagrant/.julia/v0.4/BinDeps/src/dependencies.jl:111
 in can_provide at /home/vagrant/.julia/v0.4/BinDeps/src/dependencies.jl:590
 in _find_library at /home/vagrant/.julia/v0.4/BinDeps/src/dependencies.jl:451
 in satisfy! at /home/vagrant/.julia/v0.4/BinDeps/src/dependencies.jl:720 (repeats 2 times)
 in anonymous at /home/vagrant/.julia/v0.4/BinDeps/src/dependencies.jl:775
 in include at ./boot.jl:254
 in include_from_node1 at ./loading.jl:197
 in evalfile at loading.jl:213 (repeats 2 times)
 in anonymous at pkg/entry.jl:652
 in cd at ./file.jl:22
 in build! at pkg/entry.jl:651
 in build at pkg/entry.jl:663
 in resolve at ./pkg/entry.jl:472
 in test! at pkg/entry.jl:712
 in test at pkg/entry.jl:740
 in anonymous at pkg/dir.jl:31
 in cd at file.jl:22
 in cd at pkg/dir.jl:31
 in test at pkg.jl:71
 in process_options at ./client.jl:284
 in _start at ./client.jl:411
while loading /home/vagrant/.julia/v0.4/HDF5/deps/build.jl, in expression starting on line 24
INFO: Testing IterativeSolvers
INFO: IterativeSolvers tests passed
INFO: Removing Blosc v0.1.2
INFO: Removing HDF5 v0.5.0
INFO: Removing MAT v0.2.12
INFO: Removing MatrixMarket v0.0.1

>>> End of log
