>>> 'Pkg.add("Ito")' log
INFO: Cloning cache of Ito from https://github.com/aviks/Ito.jl.git
INFO: Installing BinDeps v0.4.5
INFO: Installing Calculus v0.1.15
INFO: Installing Calendar v0.4.3
INFO: Installing Distributions v0.11.1
INFO: Installing ICU v0.4.4
INFO: Installing Ito v0.0.2
INFO: Installing PDMats v0.5.2
INFO: Installing Rmath v0.1.5
INFO: Installing SHA v0.3.0
INFO: Installing StatsBase v0.11.1
INFO: Installing StatsFuns v0.3.1
INFO: Installing URIParser v0.1.6
INFO: Building ICU
WARNING: `@osx_only` is deprecated, use `@static if is_apple()` instead
Stacktrace:
 [1] depwarn(::String, ::Symbol) at ./deprecated.jl:64
 [2] @osx_only(::ANY) at ./deprecated.jl:474
 [3] include_from_node1(::String) at ./loading.jl:532
 [4] include(::SubString{String}) at ./sysimg.jl:14
 [5] evalfile(::SubString{String}, ::Array{String,1}) at ./loading.jl:572 (repeats 2 times)
 [6] cd(::##2#4, ::String) at ./file.jl:69
 [7] (::##1#3)(::IOStream) at ./none:13
 [8] open(::##1#3, ::String, ::String) at ./iostream.jl:152
 [9] eval(::Module, ::Any) at ./boot.jl:236
 [10] process_options(::Base.JLOptions) at ./client.jl:275
 [11] _start() at ./client.jl:364
while loading /home/vagrant/.julia/v0.6/ICU/deps/build.jl, in expression starting on line 9
=================================[ ERROR: ICU ]=================================

LoadError: syntax: {a=>b for (a,b) in c} syntax is discontinued
while loading /home/vagrant/.julia/v0.6/ICU/deps/build.jl, in expression starting on line 25

================================================================================
INFO: Building Rmath
WARNING: takebuf_string(b) is deprecated, use String(take!(b)) instead.
Stacktrace:
 [1] depwarn(::String, ::Symbol) at ./deprecated.jl:64
 [2] takebuf_string(::Base.AbstractIOBuffer{Array{UInt8,1}}) at ./deprecated.jl:50
 [3] macro expansion; at /home/vagrant/.julia/v0.6/BinDeps/src/dependencies.jl:887 [inlined]
 [4] anonymous at ./<missing>:?
 [5] include_from_node1(::String) at ./loading.jl:532
 [6] include(::SubString{String}) at ./sysimg.jl:14
 [7] evalfile(::SubString{String}, ::Array{String,1}) at ./loading.jl:572 (repeats 2 times)
 [8] cd(::##2#4, ::String) at ./file.jl:69
 [9] (::##1#3)(::IOStream) at ./none:13
 [10] open(::##1#3, ::String, ::String) at ./iostream.jl:152
 [11] eval(::Module, ::Any) at ./boot.jl:236
 [12] process_options(::Base.JLOptions) at ./client.jl:275
 [13] _start() at ./client.jl:364
while loading /home/vagrant/.julia/v0.6/Rmath/deps/build.jl, in expression starting on line 39

================================[ BUILD ERRORS ]================================

WARNING: ICU had build errors.

 - packages with build errors remain installed in /home/vagrant/.julia/v0.6
 - build the package(s) and all dependencies with `Pkg.build("ICU")`
 - build a single package by running its `deps/build.jl` script

================================================================================
INFO: Package database updated
INFO: METADATA is out-of-date — you may not have the latest version of Ito
INFO: Use `Pkg.update()` to get the latest versions of your packages

>>> 'Pkg.test("Ito")' log
Julia Version 0.6.0-dev.1847
Commit 8f9036a (2017-01-02 23:39 UTC)
Platform Info:
  OS: Linux (x86_64-pc-linux-gnu)
  CPU: Intel(R) Xeon(R) CPU E3-1241 v3 @ 3.50GHz
  WORD_SIZE: 64
           Ubuntu 14.04.5 LTS
  uname: Linux 3.13.0-105-generic #152-Ubuntu SMP Fri Dec 2 15:37:11 UTC 2016 x86_64 x86_64
Memory: 2.9392738342285156 GB (1887.28515625 MB free)
Uptime: 33629.0 sec
Load Avg:  0.96435546875  0.998046875  1.03173828125
Intel(R) Xeon(R) CPU E3-1241 v3 @ 3.50GHz: 
       speed         user         nice          sys         idle          irq
#1  3508 MHz    1782806 s       6404 s     181990 s    1015314 s         77 s
#2  3508 MHz     668774 s         98 s     119546 s    2485850 s          3 s

  BLAS: libopenblas (USE64BITINT DYNAMIC_ARCH NO_AFFINITY Nehalem)
  LAPACK: libopenblas64_
  LIBM: libopenlibm
  LLVM: libLLVM-3.9.1 (ORCJIT, haswell)
Environment:
  TERM = vt100
  LD_LIBRARY_PATH = :/usr/local/lib/
  PATH = /usr/local/sbin:/usr/local/bin:/usr/sbin:/usr/bin:/sbin:/bin:/usr/games:/usr/local/games:/home/vagrant/julia/bin/
  JAVA_HOME = /usr/lib/jvm/java-7-oracle
  HOME = /home/vagrant

Package Directory: /home/vagrant/.julia/v0.6
2 required packages:
 - Ito                           0.0.2
 - JSON                          0.8.0
16 additional packages:
 - BinDeps                       0.4.5
 - Calculus                      0.1.15
 - Calendar                      0.4.3
 - Compat                        0.10.0
 - CompilerTools                 0.2.1
 - DataStructures                0.4.6
 - Distributions                 0.11.1
 - DocOpt                        0.2.0
 - ICU                           0.4.4
 - PDMats                        0.5.2
 - ParallelAccelerator           0.2.2              6da2e374 (dirty)
 - Rmath                         0.1.5
 - SHA                           0.3.0
 - StatsBase                     0.11.1
 - StatsFuns                     0.3.1
 - URIParser                     0.1.6
INFO: Testing Ito
ERROR: LoadError: UndefVarError: require not defined
Stacktrace:
 [1] include_from_node1(::String) at ./loading.jl:532
 [2] include(::String) at ./sysimg.jl:14
 [3] process_options(::Base.JLOptions) at ./client.jl:298
 [4] _start() at ./client.jl:364
while loading /home/vagrant/.julia/v0.6/Ito/test/runtests.jl, in expression starting on line 3
=================================[ ERROR: Ito ]=================================

failed process: Process(`/home/vagrant/julia/bin/julia -Cx86-64 -J/home/vagrant/julia/lib/julia/sys.so --compile=yes --depwarn=yes --check-bounds=yes --code-coverage=none --color=no --compilecache=yes /home/vagrant/.julia/v0.6/Ito/test/runtests.jl`, ProcessExited(1)) [1]

================================================================================
ERROR: Ito had test errors
Stacktrace:
 [1] #test#61(::Bool, ::Function, ::Array{AbstractString,1}) at ./pkg/entry.jl:754
 [2] (::Base.Pkg.Entry.#kw##test)(::Array{Any,1}, ::Base.Pkg.Entry.#test, ::Array{AbstractString,1}) at ./<missing>:0
 [3] (::Base.Pkg.Dir.##2#3{Array{Any,1},Base.Pkg.Entry.#test,Tuple{Array{AbstractString,1}}})() at ./pkg/dir.jl:31
 [4] cd(::Base.Pkg.Dir.##2#3{Array{Any,1},Base.Pkg.Entry.#test,Tuple{Array{AbstractString,1}}}, ::String) at ./file.jl:69
 [5] #cd#1(::Array{Any,1}, ::Function, ::Function, ::Array{AbstractString,1}, ::Vararg{Array{AbstractString,1},N}) at ./pkg/dir.jl:31
 [6] (::Base.Pkg.Dir.#kw##cd)(::Array{Any,1}, ::Base.Pkg.Dir.#cd, ::Function, ::Array{AbstractString,1}, ::Vararg{Array{AbstractString,1},N}) at ./<missing>:0
 [7] #test#3(::Bool, ::Function, ::String, ::Vararg{String,N}) at ./pkg/pkg.jl:261
 [8] test(::String, ::Vararg{String,N}) at ./pkg/pkg.jl:261
 [9] eval(::Module, ::Any) at ./boot.jl:236
 [10] process_options(::Base.JLOptions) at ./client.jl:275
 [11] _start() at ./client.jl:364

>>> End of log
