>>> 'Pkg.add("Ito")' log
INFO: Cloning cache of Ito from git://github.com/aviks/Ito.jl.git
INFO: Installing ArrayViews v0.6.4
INFO: Installing BinDeps v0.3.20
INFO: Installing Calendar v0.4.3
INFO: Installing Dates v0.3.2
INFO: Installing Distributions v0.8.9
INFO: Installing HttpCommon v0.1.2
INFO: Installing ICU v0.4.4
INFO: Installing Ito v0.0.2
INFO: Installing PDMats v0.3.6
INFO: Installing SHA v0.1.2
INFO: Installing StatsBase v0.7.4
INFO: Installing StatsFuns v0.2.0
INFO: Installing URIParser v0.0.7
INFO: Building ICU
INFO: Package database updated
INFO: METADATA is out-of-date — you may not have the latest version of Ito
INFO: Use `Pkg.update()` to get the latest versions of your packages

>>> 'Pkg.test("Ito")' log
Julia Version 0.3.12
Commit 80aa779 (2015-10-26 12:41 UTC)
Platform Info:
  System: Linux (x86_64-unknown-linux-gnu)
  CPU: Intel(R) Xeon(R) CPU E3-1241 v3 @ 3.50GHz
  WORD_SIZE: 64
  BLAS: libopenblas (USE64BITINT DYNAMIC_ARCH NO_AFFINITY Nehalem)
  LAPACK: libopenblas
  LIBM: libopenlibm
  LLVM: libLLVM-3.3
INFO: Testing Ito
INFO: Ito tests passed
INFO: No packages to install, update or remove

>>> End of log
