>>> 'Pkg.add("Jags")' log
INFO: Cloning cache of Jags from git://github.com/goedman/Jags.jl.git
INFO: Cloning cache of Mamba from git://github.com/brian-j-smith/Mamba.jl.git
INFO: Installing ArrayViews v0.6.4
INFO: Installing BinDeps v0.3.17
INFO: Installing Cairo v0.2.31
INFO: Installing Calculus v0.1.12
INFO: Installing Codecs v0.1.4
INFO: Installing ColorTypes v0.1.6
INFO: Installing Colors v0.5.4
INFO: Installing Compose v0.3.15
INFO: Installing Contour v0.0.7
INFO: Installing DataArrays v0.2.18
INFO: Installing DataFrames v0.6.9
INFO: Installing Dates v0.3.2
INFO: Installing Distances v0.2.0
INFO: Installing Distributions v0.8.7
INFO: Installing DualNumbers v0.1.4
INFO: Installing FixedPointNumbers v0.0.11
INFO: Installing GZip v0.2.18
INFO: Installing Gadfly v0.3.16
INFO: Installing Graphics v0.1.0
INFO: Installing Graphs v0.5.6
INFO: Installing Grid v0.3.11
INFO: Installing Hexagons v0.0.4
INFO: Installing HttpCommon v0.1.2
INFO: Installing ImmutableArrays v0.0.10
INFO: Installing Iterators v0.1.9
INFO: Installing Jags v0.2.0
INFO: Installing KernelDensity v0.1.1
INFO: Installing Loess v0.0.4
INFO: Installing Mamba v0.4.12
INFO: Installing NaNMath v0.1.1
INFO: Installing Optim v0.4.3
INFO: Installing PDMats v0.3.6
INFO: Installing Reexport v0.0.3
INFO: Installing SHA v0.1.2
INFO: Installing Showoff v0.0.5
INFO: Installing SortingAlgorithms v0.0.6
INFO: Installing StatsBase v0.7.3
INFO: Installing StatsFuns v0.1.4
INFO: Installing URIParser v0.0.7
INFO: Installing WoodburyMatrices v0.1.2
INFO: Building Cairo
INFO: Package database updated

>>> 'Pkg.test("Jags")' log
Julia Version 0.3.11
Commit 483dbf5* (2015-07-27 06:18 UTC)
Platform Info:
  System: Linux (x86_64-unknown-linux-gnu)
  CPU: Intel(R) Xeon(R) CPU E5-2650 0 @ 2.00GHz
  WORD_SIZE: 64
  BLAS: libopenblas (USE64BITINT DYNAMIC_ARCH NO_AFFINITY Sandybridge)
  LAPACK: libopenblas
  LIBM: libopenlibm
  LLVM: libLLVM-3.3
INFO: Testing Jags
Running tests for Jags-j0.3-v0.2.0:
Environment variable JAGS_HOME not found.
Environment variable JULIA_SVG_BROWSER not found.
Run execution_tests only if Jags is available

  * test_cmd.jl *

File /home/vagrant/.julia/v0.3/Jags/Examples/Line1/tmp/line1.bugs will be updated.
File /home/vagrant/.julia/v0.3/Jags/Examples/Line1/tmp/line1-cmd1.jags will be updated.

Jagsmodel that will be used:
  name =                    "line1"
  ncommands =               1
  nchains =                 4
  adapt =                   1000
  update =                  10000
  thin =                    1
  monitor =                 ["sigma"=>true,"alpha"=>true,"tau"=>true,"beta"=>true]
  deviance =                true
  dic =                     true
  popt =                    true
  model_file =              line1.bugs
  data_file =               line1-data.R
  tmpdir =                  /home/vagrant/.julia/v0.3/Jags/Examples/Line1/tmp
Input observed data dictionary:
Dict{ASCIIString,Any} with 3 entries:
  "n" => 5
  "x" => [1,2,3,4,5]
  "y" => [1,3,3,3,5]
Input initial values dictionary:
4-element Array{Dict{ASCIIString,Any},1}:
 ["alpha"=>0,"tau"=>1,"beta"=>0]
 ["alpha"=>1,"tau"=>1,"beta"=>2]
 ["alpha"=>3,"tau"=>2,"beta"=>3]
 ["alpha"=>5,"tau"=>5,"beta"=>2]

JAGS_HOME not found. Skipping all tests that depend on the Jags executable!

INFO: Jags tests passed
INFO: No packages to install, update or remove

>>> End of log
