>>> 'Pkg.add("JellyFish")' log
INFO: Cloning cache of JellyFish from https://github.com/samuelcolvin/JellyFish.jl.git
INFO: Installing BinDeps v0.8.8
INFO: Installing JellyFish v0.0.1
INFO: Installing SHA v0.5.7
INFO: Installing URIParser v0.3.1
INFO: Building JellyFish
gcc cjellyfish/damerau_levenshtein.c cjellyfish/hamming.c cjellyfish/jaro.c cjellyfish/levenshtein.c cjellyfish/metaphone.c cjellyfish/mra.c cjellyfish/nysiis.c cjellyfish/porter.c cjellyfish/soundex.c -lm -o jellyfish.so -shared -fPIC -I./cjellyfish/ -lm
INFO: Package database updated

>>> 'Pkg.test("JellyFish")' log
Julia Version 0.6.3
Commit d55cadc350 (2018-05-28 20:20 UTC)
Platform Info:
  OS: Linux (x86_64-pc-linux-gnu)
  CPU: Intel(R) Xeon(R) CPU E3-1241 v3 @ 3.50GHz
  WORD_SIZE: 64
           Ubuntu 14.04.5 LTS
  uname: Linux 3.13.0-143-generic #192-Ubuntu SMP Tue Feb 27 10:45:36 UTC 2018 x86_64 x86_64
Memory: 2.939197540283203 GB (1110.08984375 MB free)
Uptime: 36774.0 sec
Load Avg:  0.8935546875  0.96923828125  0.9521484375
Intel(R) Xeon(R) CPU E3-1241 v3 @ 3.50GHz: 
       speed         user         nice          sys         idle          irq
#1  3499 MHz    2135682 s       4805 s     174273 s     829664 s          6 s
#2  3499 MHz     476846 s         42 s      62888 s    3082485 s          0 s

  BLAS: libopenblas (USE64BITINT DYNAMIC_ARCH NO_AFFINITY Nehalem)
  LAPACK: libopenblas64_
  LIBM: libopenlibm
  LLVM: libLLVM-3.9.1 (ORCJIT, haswell)
Environment:
  TERM = vt100
  LD_LIBRARY_PATH = :/usr/local/lib/
  PATH = /usr/local/sbin:/usr/local/bin:/usr/sbin:/usr/bin:/sbin:/bin:/usr/games:/usr/local/games:/home/vagrant/julia/bin/
  JAVA_HOME = /usr/lib/jvm/java-8-openjdk-amd64
  HOME = /home/vagrant

Package Directory: /home/vagrant/.julia/v0.6
2 required packages:
 - JSON                          0.17.2
 - JellyFish                     0.0.1
5 additional packages:
 - BinDeps                       0.8.8
 - Compat                        0.69.0
 - Nullables                     0.0.5
 - SHA                           0.5.7
 - URIParser                     0.3.1
INFO: Testing JellyFish
ERROR: LoadError: LoadError: UndefVarError: find_library not defined
Stacktrace:
 [1] include_from_node1(::String) at ./loading.jl:576
while loading /home/vagrant/.julia/v0.6/JellyFish/src/JellyFish.jl, in expression starting on line 5
while loading /home/vagrant/.julia/v0.6/JellyFish/test/runtests.jl, in expression starting on line 1
==============================[ ERROR: JellyFish ]==============================

failed process: Process(`/home/vagrant/julia/bin/julia -Cgeneric -J/home/vagrant/julia/lib/julia/sys.so --compile=yes --depwarn=yes --check-bounds=yes --code-coverage=none --color=no --compilecache=yes /home/vagrant/.julia/v0.6/JellyFish/test/runtests.jl`, ProcessExited(1)) [1]

================================================================================
ERROR: JellyFish had test errors

>>> End of log
