>>> 'Pkg.add("JellyFish")' log
INFO: Cloning cache of JellyFish from git://github.com/samuelcolvin/JellyFish.jl.git
INFO: Installing BinDeps v0.4.7
INFO: Installing JellyFish v0.0.1
INFO: Installing SHA v0.3.3
INFO: Installing URIParser v0.1.8
INFO: Building JellyFish
gcc cjellyfish/damerau_levenshtein.c cjellyfish/hamming.c cjellyfish/jaro.c cjellyfish/levenshtein.c cjellyfish/metaphone.c cjellyfish/mra.c cjellyfish/nysiis.c cjellyfish/porter.c cjellyfish/soundex.c -lm -o jellyfish.so -shared -fPIC -I./cjellyfish/ -lm
INFO: Package database updated
INFO: METADATA is out-of-date — you may not have the latest version of JellyFish
INFO: Use `Pkg.update()` to get the latest versions of your packages

>>> 'Pkg.test("JellyFish")' log
Julia Version 0.4.7
Commit ae26b25 (2016-09-18 16:17 UTC)
Platform Info:
  System: Linux (x86_64-pc-linux-gnu)
  CPU: Intel(R) Xeon(R) CPU E3-1241 v3 @ 3.50GHz
  WORD_SIZE: 64
           Ubuntu 14.04.5 LTS
  uname: Linux 3.13.0-135-generic #184-Ubuntu SMP Wed Oct 18 11:55:51 UTC 2017 x86_64 x86_64
Memory: 2.93927001953125 GB (1880.90234375 MB free)
Uptime: 56471.0 sec
Load Avg:  1.4765625  1.15966796875  1.09033203125
Intel(R) Xeon(R) CPU E3-1241 v3 @ 3.50GHz: 
       speed         user         nice          sys         idle          irq
#1  3499 MHz    2678939 s       6482 s     183964 s    2255849 s        109 s
#2  3499 MHz    1989919 s         73 s     154427 s    3310366 s          1 s

  BLAS: libopenblas (USE64BITINT DYNAMIC_ARCH NO_AFFINITY Nehalem)
  LAPACK: libopenblas64_
  LIBM: libopenlibm
  LLVM: libLLVM-3.3
Environment:
  TERM = vt100
  LD_LIBRARY_PATH = :/usr/local/lib/
  PATH = /usr/local/sbin:/usr/local/bin:/usr/sbin:/usr/bin:/sbin:/bin:/usr/games:/usr/local/games:/home/vagrant/julia/bin/
  JAVA_HOME = /usr/lib/jvm/java-8-openjdk-amd64
  HOME = /home/vagrant

Package Directory: /home/vagrant/.julia/v0.4
2 required packages:
 - JSON                          0.9.1
 - JellyFish                     0.0.1
4 additional packages:
 - BinDeps                       0.4.7
 - Compat                        0.26.0
 - SHA                           0.3.3
 - URIParser                     0.1.8
INFO: Testing JellyFish
WARNING: find_library is deprecated, use Libdl.find_library instead.
 in depwarn at deprecated.jl:73
 in find_library at deprecated.jl:30
 in include at ./boot.jl:261
 in include_from_node1 at ./loading.jl:333
 in require at ./loading.jl:273
 in include at ./boot.jl:261
 in include_from_node1 at ./loading.jl:333
 in process_options at ./client.jl:280
 in _start at ./client.jl:378
while loading /home/vagrant/.julia/v0.4/JellyFish/src/JellyFish.jl, in expression starting on line 5
WARNING: Base.String is deprecated, use AbstractString instead.
  likely near /home/vagrant/.julia/v0.4/JellyFish/src/JellyFish.jl:7
WARNING: Base.String is deprecated, use AbstractString instead.
  likely near /home/vagrant/.julia/v0.4/JellyFish/src/JellyFish.jl:7
WARNING: Base.String is deprecated, use AbstractString instead.
  likely near /home/vagrant/.julia/v0.4/JellyFish/src/JellyFish.jl:11
WARNING: Base.String is deprecated, use AbstractString instead.
  likely near /home/vagrant/.julia/v0.4/JellyFish/src/JellyFish.jl:11
WARNING: Base.String is deprecated, use AbstractString instead.
  likely near /home/vagrant/.julia/v0.4/JellyFish/src/JellyFish.jl:15
WARNING: Base.String is deprecated, use AbstractString instead.
  likely near /home/vagrant/.julia/v0.4/JellyFish/src/JellyFish.jl:15
WARNING: Base.String is deprecated, use AbstractString instead.
  likely near /home/vagrant/.julia/v0.4/JellyFish/src/JellyFish.jl:19
WARNING: Base.String is deprecated, use AbstractString instead.
  likely near /home/vagrant/.julia/v0.4/JellyFish/src/JellyFish.jl:19
WARNING: Base.String is deprecated, use AbstractString instead.
  likely near /home/vagrant/.julia/v0.4/JellyFish/src/JellyFish.jl:23
WARNING: Base.String is deprecated, use AbstractString instead.
  likely near /home/vagrant/.julia/v0.4/JellyFish/src/JellyFish.jl:23
WARNING: Base.String is deprecated, use AbstractString instead.
  likely near /home/vagrant/.julia/v0.4/JellyFish/src/JellyFish.jl:27
WARNING: Base.String is deprecated, use AbstractString instead.
  likely near /home/vagrant/.julia/v0.4/JellyFish/src/JellyFish.jl:27
WARNING: Base.String is deprecated, use AbstractString instead.
  likely near /home/vagrant/.julia/v0.4/JellyFish/src/JellyFish.jl:32
WARNING: Base.String is deprecated, use AbstractString instead.
  likely near /home/vagrant/.julia/v0.4/JellyFish/src/JellyFish.jl:37
WARNING: Base.String is deprecated, use AbstractString instead.
  likely near /home/vagrant/.julia/v0.4/JellyFish/src/JellyFish.jl:43
WARNING: Base.String is deprecated, use AbstractString instead.
  likely near /home/vagrant/.julia/v0.4/JellyFish/src/JellyFish.jl:49
WARNING: Base.String is deprecated, use AbstractString instead.
  likely near /home/vagrant/.julia/v0.4/JellyFish/src/JellyFish.jl:55
WARNING: Base.String is deprecated, use AbstractString instead.
  likely near /home/vagrant/.julia/v0.4/JellyFish/src/JellyFish.jl:55
WARNING: Base.String is deprecated, use AbstractString instead.
  likely near /home/vagrant/.julia/v0.4/JellyFish/src/JellyFish.jl:59
WARNING: int(x) is deprecated, use Int(x) instead.
 in depwarn at deprecated.jl:73
 in int at deprecated.jl:50
 in hamming_distance at /home/vagrant/.julia/v0.4/JellyFish/src/JellyFish.jl:20
 in include at ./boot.jl:261
 in include_from_node1 at ./loading.jl:333
 in process_options at ./client.jl:280
 in _start at ./client.jl:378
while loading /home/vagrant/.julia/v0.4/JellyFish/test/runtests.jl, in expression starting on line 12
INFO: JellyFish tests passed

>>> End of log
