>>> 'Pkg.add("JLD")' log
WARNING: Base.Pkg is deprecated, run `using Pkg` instead
 in module Main
[ Info: Installing BinDeps v0.8.7
[ Info: Installing Blosc v0.3.0
[ Info: Installing FileIO v0.7.0
[ Info: Installing HDF5 v0.8.8
[ Info: Installing JLD v0.8.3
[ Info: Installing LegacyStrings v0.3.0
[ Info: Installing SHA v0.5.6
[ Info: Installing URIParser v0.3.1
[ Info: Building Blosc
WARNING: importing deprecated binding Base.Libdl into __anon__.
WARNING: Base.Libdl is deprecated, run `using Libdl` instead
  likely near /home/vagrant/.julia/v0.7/Blosc/deps/build.jl:6
[ Info: Building HDF5
WARNING: importing deprecated binding Base.Associative into BinDeps.
WARNING: Base.Associative is deprecated, use AbstractDict instead.
  likely near /home/vagrant/.julia/v0.7/HDF5/deps/build.jl:40
in @install at /home/vagrant/.julia/v0.7/BinDeps/src/dependencies.jl
┌ Warning: `contains(haystack, needle)` is deprecated, use `occursin(needle, haystack)` instead.
│   caller = read_sonames() at dependencies.jl:402
└ @ BinDeps dependencies.jl:402
┌ Warning: `contains(haystack, needle)` is deprecated, use `occursin(needle, haystack)` instead.
│   caller = read_sonames() at dependencies.jl:405
└ @ BinDeps dependencies.jl:405
WARNING: importing deprecated binding Base.Libdl into __anon__.
WARNING: Base.Libdl is deprecated, run `using Libdl` instead
  likely near /home/vagrant/.julia/v0.7/HDF5/deps/build.jl:976
WARNING: Base.Libdl is deprecated, run `using Libdl` instead
  likely near /home/vagrant/.julia/v0.7/HDF5/deps/build.jl:976
WARNING: Base.Libdl is deprecated, run `using Libdl` instead
  likely near /home/vagrant/.julia/v0.7/HDF5/deps/build.jl:976
WARNING: Base.Libdl is deprecated, run `using Libdl` instead
  likely near /home/vagrant/.julia/v0.7/HDF5/deps/build.jl:976
WARNING: Base.Libdl is deprecated, run `using Libdl` instead
  likely near /home/vagrant/.julia/v0.7/HDF5/deps/build.jl:976
in h5_get_libversion at /home/vagrant/.julia/v0.7/HDF5/deps/build.jl
[ Info: Package database updated
┌ Info: METADATA is out-of-date — you may not have the latest version of JLD
└ Use `Pkg.update()` to get the latest versions of your packages

>>> 'Pkg.test("JLD")' log
WARNING: Base.versioninfo is deprecated: it has been moved to the standard library package `InteractiveUtils`.
Add `using InteractiveUtils` to your imports.
 in module Main
WARNING: Base.versioninfo is deprecated: it has been moved to the standard library package `InteractiveUtils`.
Add `using InteractiveUtils` to your imports.
 in module Main
Julia Version 0.7.0-DEV.4747
Commit bce5bbef9b (2018-04-04 21:54 UTC)
Platform Info:
  OS: Linux (x86_64-pc-linux-gnu)
      Ubuntu 14.04.5 LTS
  uname: Linux 3.13.0-143-generic #192-Ubuntu SMP Tue Feb 27 10:45:36 UTC 2018 x86_64 x86_64
  CPU: Intel(R) Xeon(R) CPU E3-1241 v3 @ 3.50GHz: 
              speed         user         nice          sys         idle          irq
       #1  3500 MHz    2128336 s        145 s     172539 s     561907 s         22 s
       #2  3500 MHz     447713 s       6455 s      61878 s    2775412 s          1 s
       
  Memory: 2.939197540283203 GB (1213.49609375 MB free)
  Uptime: 33545.0 sec
  Load Avg:  0.96923828125  0.998046875  0.99365234375
  WORD_SIZE: 64
  LIBM: libopenlibm
  LLVM: libLLVM-3.9.1 (ORCJIT, haswell)
Environment:
  TERM = vt100
  LD_LIBRARY_PATH = :/usr/local/lib/
  PATH = /usr/local/sbin:/usr/local/bin:/usr/sbin:/usr/bin:/sbin:/bin:/usr/games:/usr/local/games:/home/vagrant/julia/bin/
  JAVA_HOME = /usr/lib/jvm/java-8-openjdk-amd64
  HOME = /home/vagrant
Packages:
  Package Directory: /home/vagrant/.julia/v0.7
  Package Status:
2 required packages:
 - JLD                           0.8.3
 - JSON                          0.17.2
9 additional packages:
 - BinDeps                       0.8.7
 - Blosc                         0.3.0
 - Compat                        0.63.0
 - FileIO                        0.7.0
 - HDF5                          0.8.8
 - LegacyStrings                 0.3.0
 - Nullables                     0.0.5
 - SHA                           0.5.6
 - URIParser                     0.3.1
WARNING: Base.Pkg is deprecated, run `using Pkg` instead
 in module Main
[ Info: Computing test dependencies for JLD...
[ Info: Installing BinaryProvider v0.2.8
[ Info: Installing CategoricalArrays v0.3.6
[ Info: Installing CodecZlib v0.4.3
[ Info: Installing DataFrames v0.11.5
[ Info: Installing DataStreams v0.3.4
[ Info: Installing DataStructures v0.7.4
[ Info: Installing Missings v0.2.8
[ Info: Installing NamedTuples v4.0.0
[ Info: Installing Reexport v0.1.0
[ Info: Installing SortingAlgorithms v0.2.0
[ Info: Installing SpecialFunctions v0.3.8
[ Info: Installing StatsBase v0.20.1
[ Info: Installing TranscodingStreams v0.5.2
[ Info: Installing WeakRefStrings v0.4.3
[ Info: Building CodecZlib
┌ Warning: `ismatch(r::Regex, s::AbstractString)` is deprecated, use `occursin(r, s)` instead.
│   caller = valid_dl_path(::String, ::BinaryProvider.Linux) at PlatformNames.jl:387
└ @ BinaryProvider PlatformNames.jl:387
WARNING: importing deprecated binding Base.Libdl into Sys.
WARNING: Base.Libdl is deprecated, run `using Libdl` instead
  likely near /home/vagrant/.julia/v0.7/CodecZlib/deps/build.jl:98
[ Info: Building SpecialFunctions
WARNING: importing deprecated binding Base.Associative into BinDeps.
WARNING: Base.Associative is deprecated, use AbstractDict instead.
  likely near /home/vagrant/.julia/v0.7/SpecialFunctions/deps/binaries.jl:44
in @install at /home/vagrant/.julia/v0.7/BinDeps/src/dependencies.jl
┌ Warning: `contains(haystack, needle)` is deprecated, use `occursin(needle, haystack)` instead.
│   caller = read_sonames() at dependencies.jl:402
└ @ BinDeps dependencies.jl:402
┌ Warning: `contains(haystack, needle)` is deprecated, use `occursin(needle, haystack)` instead.
│   caller = read_sonames() at dependencies.jl:405
└ @ BinDeps dependencies.jl:405
[ Info: Testing JLD
WARNING: Base.Void is deprecated, use Nothing instead.
  likely near /home/vagrant/.julia/v0.7/JLD/test/runtests.jl:1
WARNING: Base.Void is deprecated, use Nothing instead.
  likely near /home/vagrant/.julia/v0.7/JLD/test/runtests.jl:1
WARNING: Base.Void is deprecated, use Nothing instead.
  likely near /home/vagrant/.julia/v0.7/JLD/test/runtests.jl:1
WARNING: Base.Void is deprecated, use Nothing instead.
  likely near /home/vagrant/.julia/v0.7/JLD/test/runtests.jl:1
WARNING: Base.Void is deprecated, use Nothing instead.
  likely near /home/vagrant/.julia/v0.7/JLD/test/runtests.jl:1
WARNING: Base.Void is deprecated, use Nothing instead.
  likely near /home/vagrant/.julia/v0.7/JLD/test/runtests.jl:1
WARNING: Base.Void is deprecated, use Nothing instead.
  likely near /home/vagrant/.julia/v0.7/JLD/test/runtests.jl:1
WARNING: Base.Void is deprecated, use Nothing instead.
  likely near /home/vagrant/.julia/v0.7/JLD/test/runtests.jl:1
WARNING: Base.Void is deprecated, use Nothing instead.
  likely near /home/vagrant/.julia/v0.7/JLD/test/runtests.jl:1
WARNING: Base.Void is deprecated, use Nothing instead.
  likely near /home/vagrant/.julia/v0.7/JLD/test/runtests.jl:1
WARNING: Base.Void is deprecated, use Nothing instead.
  likely near /home/vagrant/.julia/v0.7/JLD/test/runtests.jl:1
WARNING: Base.Void is deprecated, use Nothing instead.
  likely near /home/vagrant/.julia/v0.7/JLD/test/runtests.jl:1
WARNING: Base.Void is deprecated, use Nothing instead.
  likely near /home/vagrant/.julia/v0.7/JLD/test/runtests.jl:1
WARNING: Base.Void is deprecated, use Nothing instead.
  likely near /home/vagrant/.julia/v0.7/JLD/test/runtests.jl:1
WARNING: Base.Void is deprecated, use Nothing instead.
  likely near /home/vagrant/.julia/v0.7/JLD/test/runtests.jl:1
WARNING: Base.Void is deprecated, use Nothing instead.
  likely near /home/vagrant/.julia/v0.7/JLD/test/runtests.jl:1
WARNING: Base.Void is deprecated, use Nothing instead.
  likely near /home/vagrant/.julia/v0.7/JLD/test/runtests.jl:1
WARNING: Base.Void is deprecated, use Nothing instead.
  likely near /home/vagrant/.julia/v0.7/JLD/test/runtests.jl:1
WARNING: Base.Void is deprecated, use Nothing instead.
  likely near /home/vagrant/.julia/v0.7/JLD/test/runtests.jl:1
WARNING: Base.Void is deprecated, use Nothing instead.
  likely near /home/vagrant/.julia/v0.7/JLD/test/runtests.jl:1
jldtests.jl
WARNING: Base.Void is deprecated, use Nothing instead.
  likely near /home/vagrant/.julia/v0.7/JLD/src/JLD.jl:4
WARNING: Base.Void is deprecated, use Nothing instead.
  likely near /home/vagrant/.julia/v0.7/JLD/src/JLD.jl:4
WARNING: Base.Void is deprecated, use Nothing instead.
  likely near /home/vagrant/.julia/v0.7/JLD/src/JLD.jl:4
WARNING: Base.Void is deprecated, use Nothing instead.
  likely near /home/vagrant/.julia/v0.7/JLD/src/JLD.jl:4
WARNING: Base.Void is deprecated, use Nothing instead.
  likely near /home/vagrant/.julia/v0.7/JLD/src/JLD.jl:4
WARNING: Base.Void is deprecated, use Nothing instead.
  likely near /home/vagrant/.julia/v0.7/JLD/src/JLD.jl:4
WARNING: Base.Void is deprecated, use Nothing instead.
  likely near /home/vagrant/.julia/v0.7/JLD/src/JLD.jl:4
WARNING: Base.Void is deprecated, use Nothing instead.
  likely near /home/vagrant/.julia/v0.7/JLD/src/JLD.jl:4
WARNING: Base.Void is deprecated, use Nothing instead.
  likely near /home/vagrant/.julia/v0.7/JLD/src/JLD.jl:4
WARNING: Base.Void is deprecated, use Nothing instead.
  likely near /home/vagrant/.julia/v0.7/JLD/src/JLD.jl:4
WARNING: Base.Void is deprecated, use Nothing instead.
  likely near /home/vagrant/.julia/v0.7/JLD/src/JLD.jl:4
WARNING: Base.Void is deprecated, use Nothing instead.
  likely near /home/vagrant/.julia/v0.7/JLD/src/JLD.jl:4
WARNING: Base.Void is deprecated, use Nothing instead.
  likely near /home/vagrant/.julia/v0.7/JLD/src/JLD.jl:4
WARNING: Base.Void is deprecated, use Nothing instead.
  likely near /home/vagrant/.julia/v0.7/JLD/src/JLD.jl:4
WARNING: Base.Void is deprecated, use Nothing instead.
  likely near /home/vagrant/.julia/v0.7/JLD/src/JLD.jl:4
WARNING: Base.Void is deprecated, use Nothing instead.
  likely near /home/vagrant/.julia/v0.7/JLD/src/JLD.jl:4
WARNING: Base.Void is deprecated, use Nothing instead.
  likely near /home/vagrant/.julia/v0.7/JLD/src/JLD.jl:4
WARNING: Base.Void is deprecated, use Nothing instead.
  likely near /home/vagrant/.julia/v0.7/JLD/src/JLD.jl:4
WARNING: Base.Void is deprecated, use Nothing instead.
  likely near /home/vagrant/.julia/v0.7/JLD/src/JLD.jl:4
WARNING: Base.Void is deprecated, use Nothing instead.
  likely near /home/vagrant/.julia/v0.7/JLD/src/JLD.jl:4
┌ Warning: Deprecated syntax `parametric method syntax applies_to_os{O <: OS}(os::Type{O})` around /home/vagrant/.julia/v0.7/FileIO/src/query.jl:13.
│ Use `applies_to_os(os::Type{O}) where O <: OS` instead.
└ @ nothing query.jl:13
┌ Warning: Deprecated syntax `parametric method syntax applies_to_os{U <: Unix}(os::Type{U})` around /home/vagrant/.julia/v0.7/FileIO/src/query.jl:15.
│ Use `applies_to_os(os::Type{U}) where U <: Unix` instead.
└ @ nothing query.jl:15
┌ Warning: Deprecated syntax `parametric method syntax unknown{sym}(::Type{DataFormat{sym}})` around /home/vagrant/.julia/v0.7/FileIO/src/query.jl:52.
│ Use `unknown(#unused#::Type{DataFormat{sym}}) where sym` instead.
└ @ nothing query.jl:52
┌ Warning: `Array{T, 1}(m::Int) where T` is deprecated, use `Array{T, 1}(undef, m)` instead.
│   caller = top-level scope
└ @ Core :0
┌ Warning: `Array{T, 1}(m::Int) where T` is deprecated, use `Array{T, 1}(undef, m)` instead.
│   caller = top-level scope
└ @ Core :0
┌ Warning: Deprecated syntax `parametric method syntax add_format{sym}(fmt::Type{DataFormat{sym}}, magic::Union{Tuple, AbstractVector, String}, extension)` around /home/vagrant/.julia/v0.7/FileIO/src/query.jl:79.
│ Use `add_format(fmt::Type{DataFormat{sym}}, magic::Union{Tuple, AbstractVector, String}, extension) where sym` instead.
└ @ nothing query.jl:79
┌ Warning: Deprecated syntax `parametric method syntax add_format{sym, T <: Vector{UInt8}}(fmt::Type{DataFormat{sym}}, magics::Tuple{T, Vararg{T}}, extension)` around /home/vagrant/.julia/v0.7/FileIO/src/query.jl:94.
│ Use `add_format(fmt::Type{DataFormat{sym}}, magics::Tuple{T, Vararg{T}}, extension) where {sym, T <: Vector{UInt8}}` instead.
└ @ nothing query.jl:94
┌ Warning: Deprecated syntax `parametric method syntax add_format{sym}(fmt::Type{DataFormat{sym}}, magic, extension)` around /home/vagrant/.julia/v0.7/FileIO/src/query.jl:111.
│ Use `add_format(fmt::Type{DataFormat{sym}}, magic, extension) where sym` instead.
└ @ nothing query.jl:111
┌ Warning: Deprecated syntax `parametric method syntax del_format{sym}(fmt::Type{DataFormat{sym}})` around /home/vagrant/.julia/v0.7/FileIO/src/query.jl:122.
│ Use `del_format(fmt::Type{DataFormat{sym}}) where sym` instead.
└ @ nothing query.jl:122
┌ Warning: Deprecated syntax `parametric method syntax del_magic{N}(magic::NTuple{N, UInt8}, sym)` around /home/vagrant/.julia/v0.7/FileIO/src/query.jl:135.
│ Use `del_magic(magic::NTuple{N, UInt8}, sym) where N` instead.
└ @ nothing query.jl:135
┌ Warning: Deprecated syntax `parametric method syntax Base.info{sym}(::Type{DataFormat{sym}})` around /home/vagrant/.julia/v0.7/FileIO/src/query.jl:162.
│ Use `Base.info(#unused#::Type{DataFormat{sym}}) where sym` instead.
└ @ nothing query.jl:162
┌ Warning: Deprecated syntax `parametric method syntax canonicalize_magic{N}(m::NTuple{N, UInt8})` around /home/vagrant/.julia/v0.7/FileIO/src/query.jl:165.
│ Use `canonicalize_magic(m::NTuple{N, UInt8}) where N` instead.
└ @ nothing query.jl:165
┌ Warning: Deprecated syntax `parametric method syntax File{sym}(fmt::Type{DataFormat{sym}}, filename)` around /home/vagrant/.julia/v0.7/FileIO/src/query.jl:228.
│ Use `File(fmt::Type{DataFormat{sym}}, filename) where sym` instead.
└ @ nothing query.jl:228
WARNING: importing deprecated binding Base.Nullable into FileIO.
ERROR: LoadError: LoadError: TypeError: in Type{...} expression, expected UnionAll, got typeof(Base.Nullable)
Stacktrace:
 [1] top-level scope
 [2] include at ./boot.jl:306 [inlined]
 [3] include_relative(::Module, ::String) at ./loading.jl:1067
 [4] include at ./sysimg.jl:29 [inlined]
 [5] include(::String) at /home/vagrant/.julia/v0.7/FileIO/src/FileIO.jl:3
 [6] top-level scope
 [7] include at ./boot.jl:306 [inlined]
 [8] include_relative(::Module, ::String) at ./loading.jl:1067
 [9] include(::Module, ::String) at ./sysimg.jl:29
 [10] top-level scope
 [11] eval at ./boot.jl:309 [inlined]
 [12] top-level scope at ./<missing>:3
in expression starting at /home/vagrant/.julia/v0.7/FileIO/src/query.jl:242
in expression starting at /home/vagrant/.julia/v0.7/FileIO/src/FileIO.jl:29
ERROR: LoadError: Failed to precompile FileIO to /home/vagrant/.julia/compiled/v0.7/FileIO.ji.
Stacktrace:
 [1] error at ./error.jl:33 [inlined]
 [2] compilecache(::Base.PkgId) at ./loading.jl:1201
 [3] _require(::Base.PkgId) at ./loading.jl:974
 [4] require(::Base.PkgId) at ./loading.jl:874
 [5] require(::Module, ::Symbol) at ./loading.jl:869
 [6] include at ./boot.jl:306 [inlined]
 [7] include_relative(::Module, ::String) at ./loading.jl:1067
 [8] include(::Module, ::String) at ./sysimg.jl:29
 [9] top-level scope
 [10] eval at ./boot.jl:309 [inlined]
 [11] top-level scope at ./<missing>:3
in expression starting at /home/vagrant/.julia/v0.7/JLD/src/JLD.jl:4
ERROR: LoadError: LoadError: Failed to precompile JLD to /home/vagrant/.julia/compiled/v0.7/JLD.ji.
Stacktrace:
 [1] error at ./error.jl:33 [inlined]
 [2] compilecache(::Base.PkgId) at ./loading.jl:1201
 [3] _require(::Base.PkgId) at ./loading.jl:1003
 [4] require(::Base.PkgId) at ./loading.jl:874
 [5] require(::Module, ::Symbol) at ./loading.jl:869
 [6] include at ./boot.jl:306 [inlined]
 [7] include_relative(::Module, ::String) at ./loading.jl:1067
 [8] include(::Module, ::String) at ./sysimg.jl:29
 [9] include(::String) at ./sysimg.jl:68
 [10] runtest(::String) at /home/vagrant/.julia/v0.7/JLD/test/runtests.jl:3
 [11] top-level scope
 [12] include at ./boot.jl:306 [inlined]
 [13] include_relative(::Module, ::String) at ./loading.jl:1067
 [14] include(::Module, ::String) at ./sysimg.jl:29
 [15] exec_options(::Base.JLOptions) at ./client.jl:327
 [16] _start() at ./client.jl:455
in expression starting at /home/vagrant/.julia/v0.7/JLD/test/jldtests.jl:1
in expression starting at /home/vagrant/.julia/v0.7/JLD/test/runtests.jl:5
┌ Error: ------------------------------------------------------------
│ # Testing failed for JLD
│   exception =
│    failed process: Process(`/home/vagrant/julia/bin/julia -Cnative -J/home/vagrant/julia/lib/julia/sys.so --compile=yes --depwarn=yes --code-coverage=none --color=no --compiled-modules=yes --check-bounds=yes --warn-overwrite=yes --startup-file=yes /home/vagrant/.julia/v0.7/JLD/test/runtests.jl`, ProcessExited(1)) [1]
│    Stacktrace:
│     [1] error(::String, ::Base.Process, ::String, ::Int64, ::String) at ./error.jl:42
│     [2] pipeline_error(::Base.Process) at ./process.jl:712
│     [3] #run#542(::Bool, ::Function, ::Cmd) at ./process.jl:670
│     [4] run at ./process.jl:668 [inlined]
│     [5] (::getfield(Pkg.Entry, Symbol("##56#57")){Bool,String,Array{AbstractString,1}})() at /buildworker/worker/package_linux64/build/usr/share/julia/site/v0.7/Pkg/src/entry.jl:729
│     [6] cd(::getfield(Pkg.Entry, Symbol("##56#57")){Bool,String,Array{AbstractString,1}}, ::String) at ./file.jl:72
│     [7] #test!#55(::Bool, ::Function, ::String, ::Array{AbstractString,1}, ::Array{AbstractString,1}, ::Array{AbstractString,1}) at /buildworker/worker/package_linux64/build/usr/share/julia/site/v0.7/Pkg/src/entry.jl:717
│     [8] (::getfield(Pkg.Entry, Symbol("#kw##test!")))(::NamedTuple{(:coverage,),Tuple{Bool}}, ::typeof(Pkg.Entry.test!), ::String, ::Array{AbstractString,1}, ::Array{AbstractString,1}, ::Array{AbstractString,1}) at ./<missing>:0
│     [9] #test#59(::Bool, ::Function, ::Array{AbstractString,1}) at /buildworker/worker/package_linux64/build/usr/share/julia/site/v0.7/Pkg/src/entry.jl:756
│     [10] #test at ./<missing>:0 [inlined]
│     [11] #4 at /buildworker/worker/package_linux64/build/usr/share/julia/site/v0.7/Pkg/src/dir.jl:36 [inlined]
│     [12] cd(::getfield(Pkg.Dir, Symbol("##4#7")){Base.Iterators.Pairs{Symbol,Bool,Tuple{Symbol},NamedTuple{(:coverage,),Tuple{Bool}}},typeof(Pkg.Entry.test),Tuple{Array{AbstractString,1}}}, ::String) at ./file.jl:72
│     [13] #cd#1(::Base.Iterators.Pairs{Symbol,Bool,Tuple{Symbol},NamedTuple{(:coverage,),Tuple{Bool}}}, ::Function, ::Function, ::Array{AbstractString,1}, ::Vararg{Array{AbstractString,1},N} where N) at /buildworker/worker/package_linux64/build/usr/share/julia/site/v0.7/Pkg/src/dir.jl:36
│     [14] (::getfield(Pkg.Dir, Symbol("#kw##cd")))(::NamedTuple{(:coverage,),Tuple{Bool}}, ::typeof(Pkg.Dir.cd), ::Function, ::Array{AbstractString,1}, ::Vararg{Array{AbstractString,1},N} where N) at ./<missing>:0
│     [15] #test#3(::Bool, ::Function, ::String, ::Vararg{String,N} where N) at /buildworker/worker/package_linux64/build/usr/share/julia/site/v0.7/Pkg/src/Pkg.jl:278
│     [16] test(::String, ::Vararg{String,N} where N) at /buildworker/worker/package_linux64/build/usr/share/julia/site/v0.7/Pkg/src/Pkg.jl:278
│     [17] top-level scope
│     [18] eval at ./boot.jl:309 [inlined]
│     [19] eval(::Module, ::Expr) at ./sysimg.jl:74
│     [20] exec_options(::Base.JLOptions) at ./client.jl:304
│     [21] _start() at ./client.jl:455
└ @ Pkg.Entry entry.jl:732
[ Info: Removing BinaryProvider v0.2.8
[ Info: Removing CategoricalArrays v0.3.6
[ Info: Removing CodecZlib v0.4.3
[ Info: Removing DataFrames v0.11.5
[ Info: Removing DataStreams v0.3.4
[ Info: Removing DataStructures v0.7.4
[ Info: Removing Missings v0.2.8
[ Info: Removing NamedTuples v4.0.0
[ Info: Removing Reexport v0.1.0
[ Info: Removing SortingAlgorithms v0.2.0
[ Info: Removing SpecialFunctions v0.3.8
[ Info: Removing StatsBase v0.20.1
[ Info: Removing TranscodingStreams v0.5.2
[ Info: Removing WeakRefStrings v0.4.3
ERROR: JLD had test errors

>>> End of log
