>>> 'Pkg.add("JointMoments")' log
INFO: Cloning cache of JointMoments from https://github.com/tinybike/JointMoments.jl.git
INFO: Installing JointMoments v0.2.5
INFO: Installing SpecialFunctions v0.1.1
INFO: Installing StatsBase v0.13.1
INFO: Package database updated
INFO: METADATA is out-of-date — you may not have the latest version of JointMoments
INFO: Use `Pkg.update()` to get the latest versions of your packages

>>> 'Pkg.test("JointMoments")' log
Julia Version 0.6.0-pre.alpha.63
Commit 35422b2 (2017-03-06 21:19 UTC)
Platform Info:
  OS: Linux (x86_64-pc-linux-gnu)
  CPU: Intel(R) Xeon(R) CPU E3-1241 v3 @ 3.50GHz
  WORD_SIZE: 64
           Ubuntu 14.04.5 LTS
  uname: Linux 3.13.0-110-generic #157-Ubuntu SMP Mon Feb 20 11:54:05 UTC 2017 x86_64 x86_64
Memory: 2.9392738342285156 GB (2110.07421875 MB free)
Uptime: 70127.0 sec
Load Avg:  1.04833984375  1.001953125  0.96533203125
Intel(R) Xeon(R) CPU E3-1241 v3 @ 3.50GHz: 
       speed         user         nice          sys         idle          irq
#1  3503 MHz    2449980 s       1664 s     229645 s    3859792 s         64 s
#2  3503 MHz     933180 s       4943 s     160717 s    5762330 s          0 s

  BLAS: libopenblas (USE64BITINT DYNAMIC_ARCH NO_AFFINITY Nehalem)
  LAPACK: libopenblas64_
  LIBM: libopenlibm
  LLVM: libLLVM-3.9.1 (ORCJIT, haswell)
Environment:
  TERM = vt100
  LD_LIBRARY_PATH = :/usr/local/lib/
  PATH = /usr/local/sbin:/usr/local/bin:/usr/sbin:/usr/bin:/sbin:/bin:/usr/games:/usr/local/games:/home/vagrant/julia/bin/
  JAVA_HOME = /usr/lib/jvm/java-7-oracle
  HOME = /home/vagrant

Package Directory: /home/vagrant/.julia/v0.6
2 required packages:
 - JSON                          0.8.3
 - JointMoments                  0.2.5
7 additional packages:
 - Compat                        0.20.0
 - CompilerTools                 0.2.1
 - DataStructures                0.5.3
 - DocOpt                        0.2.1
 - ParallelAccelerator           0.2.2              6da2e374 (dirty)
 - SpecialFunctions              0.1.1
 - StatsBase                     0.13.1
INFO: Testing JointMoments
WARNING: both JointMoments and Base export "normalize"; uses of it in module Main must be qualified
ERROR: LoadError: LoadError: UndefVarError: normalize not defined
Stacktrace:
 [1] include_from_node1(::String) at ./loading.jl:539
 [2] include(::String) at ./sysimg.jl:14
 [3] include_from_node1(::String) at ./loading.jl:539
 [4] include(::String) at ./sysimg.jl:14
 [5] process_options(::Base.JLOptions) at ./client.jl:305
 [6] _start() at ./client.jl:371
while loading /home/vagrant/.julia/v0.6/JointMoments/test/data.jl, in expression starting on line 29
while loading /home/vagrant/.julia/v0.6/JointMoments/test/runtests.jl, in expression starting on line 4
============================[ ERROR: JointMoments ]=============================

failed process: Process(`/home/vagrant/julia/bin/julia -Cx86-64 -J/home/vagrant/julia/lib/julia/sys.so --compile=yes --depwarn=yes --check-bounds=yes --code-coverage=none --color=no --compilecache=yes /home/vagrant/.julia/v0.6/JointMoments/test/runtests.jl`, ProcessExited(1)) [1]

================================================================================
ERROR: JointMoments had test errors

>>> End of log
