>>> 'Pkg.add("JuMP")' log
INFO: Installing Calculus v0.3.0
INFO: Installing CommonSubexpressions v0.1.0
INFO: Installing DataStructures v0.8.1
INFO: Installing DiffResults v0.0.3
INFO: Installing DiffRules v0.0.4
INFO: Installing ForwardDiff v0.7.5
INFO: Installing JuMP v0.18.1
INFO: Installing MathProgBase v0.7.1
INFO: Installing ReverseDiffSparse v0.8.1
INFO: Installing SpecialFunctions v0.4.0
INFO: Installing StaticArrays v0.7.0
INFO: Building SpecialFunctions
INFO: Package database updated
INFO: METADATA is out-of-date — you may not have the latest version of JuMP
INFO: Use `Pkg.update()` to get the latest versions of your packages

>>> 'Pkg.test("JuMP")' log
Julia Version 0.6.2
Commit d386e40c17 (2017-12-13 18:08 UTC)
Platform Info:
  OS: Linux (x86_64-pc-linux-gnu)
  CPU: Intel(R) Xeon(R) CPU E3-1241 v3 @ 3.50GHz
  WORD_SIZE: 64
           Ubuntu 14.04.5 LTS
  uname: Linux 3.13.0-143-generic #192-Ubuntu SMP Tue Feb 27 10:45:36 UTC 2018 x86_64 x86_64
Memory: 2.939197540283203 GB (810.81640625 MB free)
Uptime: 43449.0 sec
Load Avg:  0.93994140625  0.998046875  1.0400390625
Intel(R) Xeon(R) CPU E3-1241 v3 @ 3.50GHz: 
       speed         user         nice          sys         idle          irq
#1  3500 MHz    2516194 s       5566 s     185222 s    1024820 s         32 s
#2  3500 MHz     583214 s        104 s      71938 s    3603615 s          1 s

  BLAS: libopenblas (USE64BITINT DYNAMIC_ARCH NO_AFFINITY Nehalem)
  LAPACK: libopenblas64_
  LIBM: libopenlibm
  LLVM: libLLVM-3.9.1 (ORCJIT, haswell)
Environment:
  TERM = vt100
  LD_LIBRARY_PATH = :/usr/local/lib/
  PATH = /usr/local/sbin:/usr/local/bin:/usr/sbin:/usr/bin:/sbin:/bin:/usr/games:/usr/local/games:/home/vagrant/julia/bin/
  JAVA_HOME = /usr/lib/jvm/java-8-openjdk-amd64
  HOME = /home/vagrant

Package Directory: /home/vagrant/.julia/v0.6
2 required packages:
 - JSON                          0.17.2
 - JuMP                          0.18.1
27 additional packages:
 - BinDeps                       0.8.8
 - Cairo                         0.5.1
 - Calculus                      0.3.0
 - ColorTypes                    0.6.7
 - Colors                        0.8.2
 - CommonSubexpressions          0.1.0
 - Compat                        0.64.0
 - DataStructures                0.8.1
 - DiffResults                   0.0.3
 - DiffRules                     0.0.4
 - FixedPointNumbers             0.4.6
 - ForwardDiff                   0.7.5
 - Graphics                      0.3.0
 - Gtk                           0.13.1
 - MathProgBase                  0.7.1
 - NaNMath                       0.3.1
 - NodeJS                        0.4.0
 - Nullables                     0.0.5
 - Reexport                      0.1.0
 - Requires                      0.4.3
 - ReverseDiffSparse             0.8.1
 - Rsvg                          0.2.0
 - SHA                           0.5.7
 - SpecialFunctions              0.4.0
 - StaticArrays                  0.7.0
 - URIParser                     0.3.1
 - VegaLite                      0.1.0              ecb31725 (dirty)
INFO: Computing test dependencies for JuMP...
INFO: Cloning cache of ECOS from https://github.com/JuliaOpt/ECOS.jl.git
INFO: Cloning cache of SCS from https://github.com/JuliaOpt/SCS.jl.git
INFO: Installing BinaryProvider v0.3.0
INFO: Installing Cbc v0.3.2
INFO: Installing Clp v0.4.0
INFO: Installing ECOS v0.8.0
INFO: Installing GLPK v0.5.0
INFO: Installing GLPKMathProgInterface v0.4.0
INFO: Installing Ipopt v0.3.0
INFO: Installing OffsetArrays v0.5.0
INFO: Installing SCS v0.3.3
INFO: Building Cbc
INFO: Building ECOS
Info: Attempting to create directory /home/vagrant/.julia/v0.6/ECOS/deps/downloads
Info: Downloading file https://github.com/ifa-ethz/ecos/archive/v2.0.5.tar.gz
  % Total    % Received % Xferd  Average Speed   Time    Time     Time  Current
                                 Dload  Upload   Total   Spent    Left  Speed
  0     0    0     0    0     0      0      0 --:--:-- --:--:-- --:--:--     0100   120    0   120    0     0   1223      0 --:--:-- --:--:-- --:--:--  1237
  0     0    0   121    0     0    681      0 --:--:-- --:--:-- --:--:--   681
100 1244k  100 1244k    0     0  3254k      0 --:--:-- --:--:-- --:--:-- 3254k
Info: Done downloading file https://github.com/ifa-ethz/ecos/archive/v2.0.5.tar.gz
Info: Attempting to create directory /home/vagrant/.julia/v0.6/ECOS/deps/src
Info: Attempting to create directory /home/vagrant/.julia/v0.6/ECOS/deps
Info: Directory /home/vagrant/.julia/v0.6/ECOS/deps already exists
Info: Attempting to create directory /home/vagrant/.julia/v0.6/ECOS/deps/usr/lib
Info: Changing directory to /home/vagrant/.julia/v0.6/ECOS/deps/src/ecos-2.0.5
( cd external/ldl    ; make )
make[1]: Entering directory `/home/vagrant/.julia/v0.6/ECOS/deps/src/ecos-2.0.5/external/ldl'
cc -O2 -Wall -DCTRLC=1 -Wextra -fPIC  -DLDL_LONG -DDLONG -I../SuiteSparse_config -Iinclude -c src/ldl.c -o ldl.o
cc -O2 -Wall -DCTRLC=1 -Wextra -fPIC  -DLDL_LONG -DDLONG -I../SuiteSparse_config -Iinclude -DLDL_LONG -c src/ldl.c -o ldll.o
ar rcs  libldl.a ldl.o ldll.o
ranlib libldl.a
make[1]: Leaving directory `/home/vagrant/.julia/v0.6/ECOS/deps/src/ecos-2.0.5/external/ldl'
ar -x external/ldl/libldl.a
( cd external/amd    ; make )
make[1]: Entering directory `/home/vagrant/.julia/v0.6/ECOS/deps/src/ecos-2.0.5/external/amd'
cc -O2 -Wall -DCTRLC=1 -Wextra -fPIC  -DLDL_LONG -DDLONG -Iinclude -I../SuiteSparse_config -c src/amd_global.c -o amd_global.o
cc -O2 -Wall -DCTRLC=1 -Wextra -fPIC  -DLDL_LONG -DDLONG -Iinclude -I../SuiteSparse_config -DDINT -c src/amd_aat.c -o amd_i_aat.o
cc -O2 -Wall -DCTRLC=1 -Wextra -fPIC  -DLDL_LONG -DDLONG -Iinclude -I../SuiteSparse_config -DDINT -c src/amd_1.c -o amd_i_1.o
cc -O2 -Wall -DCTRLC=1 -Wextra -fPIC  -DLDL_LONG -DDLONG -Iinclude -I../SuiteSparse_config -DDINT -c src/amd_2.c -o amd_i_2.o
cc -O2 -Wall -DCTRLC=1 -Wextra -fPIC  -DLDL_LONG -DDLONG -Iinclude -I../SuiteSparse_config -DDINT -c src/amd_dump.c -o amd_i_dump.o
cc -O2 -Wall -DCTRLC=1 -Wextra -fPIC  -DLDL_LONG -DDLONG -Iinclude -I../SuiteSparse_config -DDINT -c src/amd_postorder.c -o amd_i_postorder.o
cc -O2 -Wall -DCTRLC=1 -Wextra -fPIC  -DLDL_LONG -DDLONG -Iinclude -I../SuiteSparse_config -DDINT -c src/amd_post_tree.c -o amd_i_post_tree.o
cc -O2 -Wall -DCTRLC=1 -Wextra -fPIC  -DLDL_LONG -DDLONG -Iinclude -I../SuiteSparse_config -DDINT -c src/amd_defaults.c -o amd_i_defaults.o
cc -O2 -Wall -DCTRLC=1 -Wextra -fPIC  -DLDL_LONG -DDLONG -Iinclude -I../SuiteSparse_config -DDINT -c src/amd_order.c -o amd_i_order.o
cc -O2 -Wall -DCTRLC=1 -Wextra -fPIC  -DLDL_LONG -DDLONG -Iinclude -I../SuiteSparse_config -DDINT -c src/amd_control.c -o amd_i_control.o
cc -O2 -Wall -DCTRLC=1 -Wextra -fPIC  -DLDL_LONG -DDLONG -Iinclude -I../SuiteSparse_config -DDINT -c src/amd_info.c -o amd_i_info.o
cc -O2 -Wall -DCTRLC=1 -Wextra -fPIC  -DLDL_LONG -DDLONG -Iinclude -I../SuiteSparse_config -DDINT -c src/amd_valid.c -o amd_i_valid.o
cc -O2 -Wall -DCTRLC=1 -Wextra -fPIC  -DLDL_LONG -DDLONG -Iinclude -I../SuiteSparse_config -DDINT -c src/amd_preprocess.c -o amd_i_preprocess.o
cc -O2 -Wall -DCTRLC=1 -Wextra -fPIC  -DLDL_LONG -DDLONG -Iinclude -I../SuiteSparse_config -DDLONG -c src/amd_aat.c -o amd_l_aat.o
cc -O2 -Wall -DCTRLC=1 -Wextra -fPIC  -DLDL_LONG -DDLONG -Iinclude -I../SuiteSparse_config -DDLONG -c src/amd_1.c -o amd_l_1.o
cc -O2 -Wall -DCTRLC=1 -Wextra -fPIC  -DLDL_LONG -DDLONG -Iinclude -I../SuiteSparse_config -DDLONG -c src/amd_2.c -o amd_l_2.o
cc -O2 -Wall -DCTRLC=1 -Wextra -fPIC  -DLDL_LONG -DDLONG -Iinclude -I../SuiteSparse_config -DDLONG -c src/amd_dump.c -o amd_l_dump.o
cc -O2 -Wall -DCTRLC=1 -Wextra -fPIC  -DLDL_LONG -DDLONG -Iinclude -I../SuiteSparse_config -DDLONG -c src/amd_postorder.c -o amd_l_postorder.o
cc -O2 -Wall -DCTRLC=1 -Wextra -fPIC  -DLDL_LONG -DDLONG -Iinclude -I../SuiteSparse_config -DDLONG -c src/amd_post_tree.c -o amd_l_post_tree.o
cc -O2 -Wall -DCTRLC=1 -Wextra -fPIC  -DLDL_LONG -DDLONG -Iinclude -I../SuiteSparse_config -DDLONG -c src/amd_defaults.c -o amd_l_defaults.o
cc -O2 -Wall -DCTRLC=1 -Wextra -fPIC  -DLDL_LONG -DDLONG -Iinclude -I../SuiteSparse_config -DDLONG -c src/amd_order.c -o amd_l_order.o
cc -O2 -Wall -DCTRLC=1 -Wextra -fPIC  -DLDL_LONG -DDLONG -Iinclude -I../SuiteSparse_config -DDLONG -c src/amd_control.c -o amd_l_control.o
cc -O2 -Wall -DCTRLC=1 -Wextra -fPIC  -DLDL_LONG -DDLONG -Iinclude -I../SuiteSparse_config -DDLONG -c src/amd_info.c -o amd_l_info.o
cc -O2 -Wall -DCTRLC=1 -Wextra -fPIC  -DLDL_LONG -DDLONG -Iinclude -I../SuiteSparse_config -DDLONG -c src/amd_valid.c -o amd_l_valid.o
cc -O2 -Wall -DCTRLC=1 -Wextra -fPIC  -DLDL_LONG -DDLONG -Iinclude -I../SuiteSparse_config -DDLONG -c src/amd_preprocess.c -o amd_l_preprocess.o
ar rcs libamd.a amd_global.o amd_i_aat.o amd_i_1.o amd_i_2.o amd_i_dump.o amd_i_postorder.o amd_i_post_tree.o amd_i_defaults.o amd_i_order.o amd_i_control.o amd_i_info.o amd_i_valid.o amd_i_preprocess.o amd_l_aat.o amd_l_1.o amd_l_2.o amd_l_dump.o amd_l_postorder.o amd_l_post_tree.o amd_l_defaults.o amd_l_order.o amd_l_control.o amd_l_info.o amd_l_valid.o amd_l_preprocess.o
ranlib libamd.a
make[1]: Leaving directory `/home/vagrant/.julia/v0.6/ECOS/deps/src/ecos-2.0.5/external/amd'
ar -x external/amd/libamd.a
cc -O2 -Wall -DCTRLC=1 -Wextra -fPIC  -DLDL_LONG -DDLONG -Iinclude -Iexternal/ldl/include -Iexternal/amd/include -Iexternal/SuiteSparse_config  -c src/ecos.c -o ecos.o
cc -O2 -Wall -DCTRLC=1 -Wextra -fPIC  -DLDL_LONG -DDLONG -Iinclude -Iexternal/ldl/include -Iexternal/amd/include -Iexternal/SuiteSparse_config  -c src/kkt.c -o kkt.o
cc -O2 -Wall -DCTRLC=1 -Wextra -fPIC  -DLDL_LONG -DDLONG -Iinclude -Iexternal/ldl/include -Iexternal/amd/include -Iexternal/SuiteSparse_config  -c src/cone.c -o cone.o
cc -O2 -Wall -DCTRLC=1 -Wextra -fPIC  -DLDL_LONG -DDLONG -Iinclude -Iexternal/ldl/include -Iexternal/amd/include -Iexternal/SuiteSparse_config  -c src/spla.c -o spla.o
cc -O2 -Wall -DCTRLC=1 -Wextra -fPIC  -DLDL_LONG -DDLONG -Iinclude -Iexternal/ldl/include -Iexternal/amd/include -Iexternal/SuiteSparse_config  -c src/ctrlc.c -o ctrlc.o
cc -O2 -Wall -DCTRLC=1 -Wextra -fPIC  -DLDL_LONG -DDLONG -Iinclude -Iexternal/ldl/include -Iexternal/amd/include -Iexternal/SuiteSparse_config  -c src/timer.c -o timer.o
cc -O2 -Wall -DCTRLC=1 -Wextra -fPIC  -DLDL_LONG -DDLONG -Iinclude -Iexternal/ldl/include -Iexternal/amd/include -Iexternal/SuiteSparse_config  -c src/preproc.c -o preproc.o
cc -O2 -Wall -DCTRLC=1 -Wextra -fPIC  -DLDL_LONG -DDLONG -Iinclude -Iexternal/ldl/include -Iexternal/amd/include -Iexternal/SuiteSparse_config  -c src/splamm.c -o splamm.o
cc -O2 -Wall -DCTRLC=1 -Wextra -fPIC  -DLDL_LONG -DDLONG -Iinclude -Iexternal/ldl/include -Iexternal/amd/include -Iexternal/SuiteSparse_config  -c src/equil.c -o equil.o
cc -O2 -Wall -DCTRLC=1 -Wextra -fPIC  -DLDL_LONG -DDLONG -Iinclude -Iexternal/ldl/include -Iexternal/amd/include -Iexternal/SuiteSparse_config  -c src/expcone.c -o expcone.o
cc -O2 -Wall -DCTRLC=1 -Wextra -fPIC  -DLDL_LONG -DDLONG -Iinclude -Iexternal/ldl/include -Iexternal/amd/include -Iexternal/SuiteSparse_config  -c src/wright_omega.c -o wright_omega.o
cc -O2 -Wall -DCTRLC=1 -Wextra -fPIC  -DLDL_LONG -DDLONG -Iinclude -Iexternal/ldl/include -Iexternal/amd/include -Iexternal/SuiteSparse_config  -shared -o libecos.so ldll.o amd_l*.o amd_global.o ecos.o kkt.o cone.o spla.o ctrlc.o timer.o preproc.o splamm.o equil.o expcone.o wright_omega.o -lm -lrt
Info: Changing directory to /home/vagrant/.julia/v0.6/ECOS/deps/src/ecos-2.0.5
INFO: Building GLPK
INFO: Building Ipopt
WARNING: imported binding for srcdir overwritten in module __anon__
INFO: Building SCS
Info: Attempting to create directory /home/vagrant/.julia/v0.6/SCS/deps/downloads
Info: Downloading file https://github.com/cvxgrp/scs/archive/v1.2.6.tar.gz
  % Total    % Received % Xferd  Average Speed   Time    Time     Time  Current
                                 Dload  Upload   Total   Spent    Left  Speed
  0     0    0     0    0     0      0      0 --:--:-- --:--:-- --:--:--     0  0     0    0     0    0     0      0      0 --:--:-- --:--:-- --:--:--     0100   118    0   118    0     0    340      0 --:--:-- --:--:-- --:--:--   341
  0     0    0  250k    0     0   450k      0 --:--:-- --:--:-- --:--:--  450k
Info: Done downloading file https://github.com/cvxgrp/scs/archive/v1.2.6.tar.gz
Info: Attempting to create directory /home/vagrant/.julia/v0.6/SCS/deps/src
Info: Attempting to create directory /home/vagrant/.julia/v0.6/SCS/deps
Info: Directory /home/vagrant/.julia/v0.6/SCS/deps already exists
Info: Attempting to create directory /home/vagrant/.julia/v0.6/SCS/deps/usr/lib
Info: Changing directory to /home/vagrant/.julia/v0.6/SCS/deps/src/scs-1.2.6/
gcc -DCOPYAMATRIX -DDLONG -DLAPACK_LIB_FOUND -DCTRLC=1 -DBLAS64 -DBLASSUFFIX=_64_ -g -Wall -Wwrite-strings -pedantic -O3 -funroll-loops -Wstrict-prototypes -I. -Iinclude -fPIC  -DCTRLC=1  -DCOPYAMATRIX=1    -c -o src/scs.o src/scs.c
gcc -DCOPYAMATRIX -DDLONG -DLAPACK_LIB_FOUND -DCTRLC=1 -DBLAS64 -DBLASSUFFIX=_64_ -g -Wall -Wwrite-strings -pedantic -O3 -funroll-loops -Wstrict-prototypes -I. -Iinclude -fPIC  -DCTRLC=1  -DCOPYAMATRIX=1    -c -o src/util.o src/util.c
gcc -DCOPYAMATRIX -DDLONG -DLAPACK_LIB_FOUND -DCTRLC=1 -DBLAS64 -DBLASSUFFIX=_64_ -g -Wall -Wwrite-strings -pedantic -O3 -funroll-loops -Wstrict-prototypes -I. -Iinclude -fPIC  -DCTRLC=1  -DCOPYAMATRIX=1    -c -o src/cones.o src/cones.c
gcc -DCOPYAMATRIX -DDLONG -DLAPACK_LIB_FOUND -DCTRLC=1 -DBLAS64 -DBLASSUFFIX=_64_ -g -Wall -Wwrite-strings -pedantic -O3 -funroll-loops -Wstrict-prototypes -I. -Iinclude -fPIC  -DCTRLC=1  -DCOPYAMATRIX=1    -c -o src/cs.o src/cs.c
gcc -DCOPYAMATRIX -DDLONG -DLAPACK_LIB_FOUND -DCTRLC=1 -DBLAS64 -DBLASSUFFIX=_64_ -g -Wall -Wwrite-strings -pedantic -O3 -funroll-loops -Wstrict-prototypes -I. -Iinclude -fPIC  -DCTRLC=1  -DCOPYAMATRIX=1    -c -o src/linAlg.o src/linAlg.c
gcc -DCOPYAMATRIX -DDLONG -DLAPACK_LIB_FOUND -DCTRLC=1 -DBLAS64 -DBLASSUFFIX=_64_ -g -Wall -Wwrite-strings -pedantic -O3 -funroll-loops -Wstrict-prototypes -I. -Iinclude -fPIC  -DCTRLC=1  -DCOPYAMATRIX=1    -c -o src/ctrlc.o src/ctrlc.c
gcc -DCOPYAMATRIX -DDLONG -DLAPACK_LIB_FOUND -DCTRLC=1 -DBLAS64 -DBLASSUFFIX=_64_ -g -Wall -Wwrite-strings -pedantic -O3 -funroll-loops -Wstrict-prototypes -I. -Iinclude -fPIC  -DCTRLC=1  -DCOPYAMATRIX=1    -c -o src/scs_version.o src/scs_version.c
gcc -DCOPYAMATRIX -DDLONG -DLAPACK_LIB_FOUND -DCTRLC=1 -DBLAS64 -DBLASSUFFIX=_64_ -g -Wall -Wwrite-strings -pedantic -O3 -funroll-loops -Wstrict-prototypes -I. -Iinclude -fPIC  -DCTRLC=1  -DCOPYAMATRIX=1    -c -o linsys/direct/private.o linsys/direct/private.c
gcc -DCOPYAMATRIX -DDLONG -DLAPACK_LIB_FOUND -DCTRLC=1 -DBLAS64 -DBLASSUFFIX=_64_ -g -Wall -Wwrite-strings -pedantic -O3 -funroll-loops -Wstrict-prototypes -I. -Iinclude -fPIC  -DCTRLC=1  -DCOPYAMATRIX=1    -c -o linsys/direct/external/ldl.o linsys/direct/external/ldl.c
gcc -DCOPYAMATRIX -DDLONG -DLAPACK_LIB_FOUND -DCTRLC=1 -DBLAS64 -DBLASSUFFIX=_64_ -g -Wall -Wwrite-strings -pedantic -O3 -funroll-loops -Wstrict-prototypes -I. -Iinclude -fPIC  -DCTRLC=1  -DCOPYAMATRIX=1    -c -o linsys/direct/external/amd_1.o linsys/direct/external/amd_1.c
gcc -DCOPYAMATRIX -DDLONG -DLAPACK_LIB_FOUND -DCTRLC=1 -DBLAS64 -DBLASSUFFIX=_64_ -g -Wall -Wwrite-strings -pedantic -O3 -funroll-loops -Wstrict-prototypes -I. -Iinclude -fPIC  -DCTRLC=1  -DCOPYAMATRIX=1    -c -o linsys/direct/external/amd_2.o linsys/direct/external/amd_2.c
gcc -DCOPYAMATRIX -DDLONG -DLAPACK_LIB_FOUND -DCTRLC=1 -DBLAS64 -DBLASSUFFIX=_64_ -g -Wall -Wwrite-strings -pedantic -O3 -funroll-loops -Wstrict-prototypes -I. -Iinclude -fPIC  -DCTRLC=1  -DCOPYAMATRIX=1    -c -o linsys/direct/external/amd_aat.o linsys/direct/external/amd_aat.c
gcc -DCOPYAMATRIX -DDLONG -DLAPACK_LIB_FOUND -DCTRLC=1 -DBLAS64 -DBLASSUFFIX=_64_ -g -Wall -Wwrite-strings -pedantic -O3 -funroll-loops -Wstrict-prototypes -I. -Iinclude -fPIC  -DCTRLC=1  -DCOPYAMATRIX=1    -c -o linsys/direct/external/amd_control.o linsys/direct/external/amd_control.c
gcc -DCOPYAMATRIX -DDLONG -DLAPACK_LIB_FOUND -DCTRLC=1 -DBLAS64 -DBLASSUFFIX=_64_ -g -Wall -Wwrite-strings -pedantic -O3 -funroll-loops -Wstrict-prototypes -I. -Iinclude -fPIC  -DCTRLC=1  -DCOPYAMATRIX=1    -c -o linsys/direct/external/amd_defaults.o linsys/direct/external/amd_defaults.c
gcc -DCOPYAMATRIX -DDLONG -DLAPACK_LIB_FOUND -DCTRLC=1 -DBLAS64 -DBLASSUFFIX=_64_ -g -Wall -Wwrite-strings -pedantic -O3 -funroll-loops -Wstrict-prototypes -I. -Iinclude -fPIC  -DCTRLC=1  -DCOPYAMATRIX=1    -c -o linsys/direct/external/amd_dump.o linsys/direct/external/amd_dump.c
gcc -DCOPYAMATRIX -DDLONG -DLAPACK_LIB_FOUND -DCTRLC=1 -DBLAS64 -DBLASSUFFIX=_64_ -g -Wall -Wwrite-strings -pedantic -O3 -funroll-loops -Wstrict-prototypes -I. -Iinclude -fPIC  -DCTRLC=1  -DCOPYAMATRIX=1    -c -o linsys/direct/external/amd_global.o linsys/direct/external/amd_global.c
gcc -DCOPYAMATRIX -DDLONG -DLAPACK_LIB_FOUND -DCTRLC=1 -DBLAS64 -DBLASSUFFIX=_64_ -g -Wall -Wwrite-strings -pedantic -O3 -funroll-loops -Wstrict-prototypes -I. -Iinclude -fPIC  -DCTRLC=1  -DCOPYAMATRIX=1    -c -o linsys/direct/external/amd_info.o linsys/direct/external/amd_info.c
gcc -DCOPYAMATRIX -DDLONG -DLAPACK_LIB_FOUND -DCTRLC=1 -DBLAS64 -DBLASSUFFIX=_64_ -g -Wall -Wwrite-strings -pedantic -O3 -funroll-loops -Wstrict-prototypes -I. -Iinclude -fPIC  -DCTRLC=1  -DCOPYAMATRIX=1    -c -o linsys/direct/external/amd_order.o linsys/direct/external/amd_order.c
gcc -DCOPYAMATRIX -DDLONG -DLAPACK_LIB_FOUND -DCTRLC=1 -DBLAS64 -DBLASSUFFIX=_64_ -g -Wall -Wwrite-strings -pedantic -O3 -funroll-loops -Wstrict-prototypes -I. -Iinclude -fPIC  -DCTRLC=1  -DCOPYAMATRIX=1    -c -o linsys/direct/external/amd_postorder.o linsys/direct/external/amd_postorder.c
gcc -DCOPYAMATRIX -DDLONG -DLAPACK_LIB_FOUND -DCTRLC=1 -DBLAS64 -DBLASSUFFIX=_64_ -g -Wall -Wwrite-strings -pedantic -O3 -funroll-loops -Wstrict-prototypes -I. -Iinclude -fPIC  -DCTRLC=1  -DCOPYAMATRIX=1    -c -o linsys/direct/external/amd_post_tree.o linsys/direct/external/amd_post_tree.c
gcc -DCOPYAMATRIX -DDLONG -DLAPACK_LIB_FOUND -DCTRLC=1 -DBLAS64 -DBLASSUFFIX=_64_ -g -Wall -Wwrite-strings -pedantic -O3 -funroll-loops -Wstrict-prototypes -I. -Iinclude -fPIC  -DCTRLC=1  -DCOPYAMATRIX=1    -c -o linsys/direct/external/amd_preprocess.o linsys/direct/external/amd_preprocess.c
gcc -DCOPYAMATRIX -DDLONG -DLAPACK_LIB_FOUND -DCTRLC=1 -DBLAS64 -DBLASSUFFIX=_64_ -g -Wall -Wwrite-strings -pedantic -O3 -funroll-loops -Wstrict-prototypes -I. -Iinclude -fPIC  -DCTRLC=1  -DCOPYAMATRIX=1    -c -o linsys/direct/external/amd_valid.o linsys/direct/external/amd_valid.c
gcc -DCOPYAMATRIX -DDLONG -DLAPACK_LIB_FOUND -DCTRLC=1 -DBLAS64 -DBLASSUFFIX=_64_ -g -Wall -Wwrite-strings -pedantic -O3 -funroll-loops -Wstrict-prototypes -I. -Iinclude -fPIC  -DCTRLC=1  -DCOPYAMATRIX=1    -c -o linsys/common.o linsys/common.c
mkdir -p out
gcc -DCOPYAMATRIX -DDLONG -DLAPACK_LIB_FOUND -DCTRLC=1 -DBLAS64 -DBLASSUFFIX=_64_ -g -Wall -Wwrite-strings -pedantic -O3 -funroll-loops -Wstrict-prototypes -I. -Iinclude -fPIC  -DCTRLC=1  -DCOPYAMATRIX=1  -shared -Wl,-soname,libscsdir.so -o out/libscsdir.so src/scs.o src/util.o src/cones.o src/cs.o src/linAlg.o src/ctrlc.o src/scs_version.o linsys/direct/private.o linsys/direct/external/ldl.o linsys/direct/external/amd_1.o linsys/direct/external/amd_2.o linsys/direct/external/amd_aat.o linsys/direct/external/amd_control.o linsys/direct/external/amd_defaults.o linsys/direct/external/amd_dump.o linsys/direct/external/amd_global.o linsys/direct/external/amd_info.o linsys/direct/external/amd_order.o linsys/direct/external/amd_postorder.o linsys/direct/external/amd_post_tree.o linsys/direct/external/amd_preprocess.o linsys/direct/external/amd_valid.o linsys/common.o  -lm -lrt
Info: Changing directory to /home/vagrant/.julia/v0.6/SCS/deps/src/scs-1.2.6/
INFO: Testing JuMP
WARNING: Variable value not defined for __anon__. Check that the model was properly solved.
WARNING: Variable value not defined for __anon__. Check that the model was properly solved.
Test Summary: | Pass  Total
Printing      |  222    222
WARNING: Expression d["bar"] should not be used as a variable name. Use the "anonymous" syntax d["bar"] = @variable(m, ...) instead.
WARNING: A variable or constraint named lbonly is already attached to this model. If creating variables programmatically, use the anonymous variable syntax x = @variable(m, [1:N], ...).
WARNING: Variable value not defined for component of x. Check that the model was properly solved.
WARNING: Variable value not defined for component of z. Check that the model was properly solved.
Test Summary: | Pass  Total
Variables     |   88     88
Test Summary: | Pass  Total
Expressions   |   16     16
Test Summary:      | Pass  Total
Operator overloads |  467    467
WARNING: The curly syntax (sum{},prod{},norm2{}) is deprecated in favor of the new generator syntax (sum(),prod(),norm()).
WARNING: Replace sum{C[i, j] * x[i, j], i in 1:2, j = 2:3} with sum(C[i, j] * x[i, j] for i in 1:2 for j = 2:3).
WARNING: Replace sum{C[i, j] * x[i, j], i = 1:3, j in 1:3; i != j} with sum(C[i, j] * x[i, j] for i = 1:3 for j in 1:3 if i != j).
WARNING: Replace sum{C[i, j] * x[i, j], i = 1:3, j = 1:i} with sum(C[i, j] * x[i, j] for i = 1:3 for j = 1:i).
WARNING: Replace sum{0 * x[i, 1], i = 1:3} with sum(0 * x[i, 1] for i = 1:3).
WARNING: Replace sum{0 * x[i, 1] + y, i = 1:3} with sum(0 * x[i, 1] + y for i = 1:3).
WARNING: Replace norm2{x[i, j], i in 1:2, j = 1:2} with norm(x[i, j] for i in 1:2 for j = 1:2).
WARNING: Replace norm2{x[i, j], i = 1:2, j in 1:2; iseven(i + j)} with norm(x[i, j] for i = 1:2 for j in 1:2 if iseven(i + j)).
WARNING: Replace norm2{x[i, 1], i in 1:2} with norm(x[i, 1] for i in 1:2).
WARNING: Replace norm2{x[i, j], i = 1:2, j = 1:2} with norm(x[i, j] for i = 1:2 for j = 1:2).
Test Summary: | Pass  Total
Macros        |  454    454
Test Summary:      | Pass  Total
Fuzzing the macros |  100    100
WARNING: Expression x[1] should not be used as a variable name. Use the "anonymous" syntax x[1] = @variable(m, ...) instead.
WARNING: Variable value not defined for errVar. Check that the model was properly solved.
WARNING: Variable bound duals (reduced costs) not available. Check that the model was properly solved and no integer variables are present.
WARNING: Variable value not defined for x. Check that the model was properly solved.
WARNING: The addition operator has been used on JuMP expressions a large number of times. This warning is safe to ignore but may indicate that model generation is slower than necessary. For performance reasons, you should not add expressions in a loop. Instead of x += y, use append!(x,y) to modify x in place. If y is a single variable, you may also use push!(x, coef, y) in place of x += coef*y.
Warning, MPS does not support maximization sense. Flipping objective coefficients.

******************************************************************************
This program contains Ipopt, a library for large-scale nonlinear optimization.
 Ipopt is released as open source code under the Eclipse Public License (EPL).
         For more information visit http://projects.coin-or.org/Ipopt
******************************************************************************

WARNING: Not solved to optimality, status: UnknownError
Solving an LP (Min) with SCS.SCSSolver(Any[(:eps, 1.0e-6), (:verbose, 0)]): Test Failed
  Expression: solve(modA) == :Optimal
   Evaluated: UnknownError == Optimal
Stacktrace:
 [1] macro expansion at /home/vagrant/.julia/v0.6/JuMP/test/model.jl:332 [inlined]
 [2] macro expansion at ./test.jl:921 [inlined]
 [3] macro expansion at /home/vagrant/.julia/v0.6/JuMP/test/model.jl:319 [inlined]
 [4] macro expansion at ./test.jl:860 [inlined]
 [5] anonymous at ./<missing>:?
Solving an LP (Min) with SCS.SCSSolver(Any[(:eps, 1.0e-6), (:verbose, 0)]): Test Failed
  Expression: isapprox(getobjectivevalue(modA), -5.8446115, atol=TOL)
Stacktrace:
 [1] macro expansion at /home/vagrant/.julia/v0.6/JuMP/test/model.jl:333 [inlined]
 [2] macro expansion at ./test.jl:921 [inlined]
 [3] macro expansion at /home/vagrant/.julia/v0.6/JuMP/test/model.jl:319 [inlined]
 [4] macro expansion at ./test.jl:860 [inlined]
 [5] anonymous at ./<missing>:?
WARNING: Variable value not defined for x. Check that the model was properly solved.
Solving an LP (Min) with SCS.SCSSolver(Any[(:eps, 1.0e-6), (:verbose, 0)]): Test Failed
  Expression: isapprox(getvalue(x), 0.9774436, atol=TOL)
Stacktrace:
 [1] macro expansion at /home/vagrant/.julia/v0.6/JuMP/test/model.jl:334 [inlined]
 [2] macro expansion at ./test.jl:921 [inlined]
 [3] macro expansion at /home/vagrant/.julia/v0.6/JuMP/test/model.jl:319 [inlined]
 [4] macro expansion at ./test.jl:860 [inlined]
 [5] anonymous at ./<missing>:?
WARNING: Variable value not defined for y. Check that the model was properly solved.
Solving an LP (Min) with SCS.SCSSolver(Any[(:eps, 1.0e-6), (:verbose, 0)]): Test Failed
  Expression: isapprox(getvalue(y), 1.0225563, atol=TOL)
Stacktrace:
 [1] macro expansion at /home/vagrant/.julia/v0.6/JuMP/test/model.jl:335 [inlined]
 [2] macro expansion at ./test.jl:921 [inlined]
 [3] macro expansion at /home/vagrant/.julia/v0.6/JuMP/test/model.jl:319 [inlined]
 [4] macro expansion at ./test.jl:860 [inlined]
 [5] anonymous at ./<missing>:?
WARNING: Variable value not defined for z. Check that the model was properly solved.
Solving an LP (Min) with SCS.SCSSolver(Any[(:eps, 1.0e-6), (:verbose, 0)]): Test Failed
  Expression: isapprox(getvalue(z), 4.0, atol=TOL)
Stacktrace:
 [1] macro expansion at /home/vagrant/.julia/v0.6/JuMP/test/model.jl:336 [inlined]
 [2] macro expansion at ./test.jl:921 [inlined]
 [3] macro expansion at /home/vagrant/.julia/v0.6/JuMP/test/model.jl:319 [inlined]
 [4] macro expansion at ./test.jl:860 [inlined]
 [5] anonymous at ./<missing>:?
WARNING: Variable value not defined for r. Check that the model was properly solved.
Solving an LP (Min) with SCS.SCSSolver(Any[(:eps, 1.0e-6), (:verbose, 0)]): Test Failed
  Expression: isapprox((getvalue(r))[3], 0.5112781, atol=TOL)
Stacktrace:
 [1] macro expansion at /home/vagrant/.julia/v0.6/JuMP/test/model.jl:337 [inlined]
 [2] macro expansion at ./test.jl:921 [inlined]
 [3] macro expansion at /home/vagrant/.julia/v0.6/JuMP/test/model.jl:319 [inlined]
 [4] macro expansion at ./test.jl:860 [inlined]
 [5] anonymous at ./<missing>:?
WARNING: Variable value not defined for r. Check that the model was properly solved.
Solving an LP (Min) with SCS.SCSSolver(Any[(:eps, 1.0e-6), (:verbose, 0)]): Test Failed
  Expression: isapprox((getvalue(r))[4], 0.0, atol=TOL)
Stacktrace:
 [1] macro expansion at /home/vagrant/.julia/v0.6/JuMP/test/model.jl:338 [inlined]
 [2] macro expansion at ./test.jl:921 [inlined]
 [3] macro expansion at /home/vagrant/.julia/v0.6/JuMP/test/model.jl:319 [inlined]
 [4] macro expansion at ./test.jl:860 [inlined]
 [5] anonymous at ./<missing>:?
WARNING: Variable value not defined for r. Check that the model was properly solved.
Solving an LP (Min) with SCS.SCSSolver(Any[(:eps, 1.0e-6), (:verbose, 0)]): Test Failed
  Expression: isapprox((getvalue(r))[5], 0.0, atol=TOL)
Stacktrace:
 [1] macro expansion at /home/vagrant/.julia/v0.6/JuMP/test/model.jl:339 [inlined]
 [2] macro expansion at ./test.jl:921 [inlined]
 [3] macro expansion at /home/vagrant/.julia/v0.6/JuMP/test/model.jl:319 [inlined]
 [4] macro expansion at ./test.jl:860 [inlined]
 [5] anonymous at ./<missing>:?
WARNING: Variable value not defined for r. Check that the model was properly solved.
Solving an LP (Min) with SCS.SCSSolver(Any[(:eps, 1.0e-6), (:verbose, 0)]): Test Failed
  Expression: isapprox((getvalue(r))[6], 6.0, atol=TOL)
Stacktrace:
 [1] macro expansion at /home/vagrant/.julia/v0.6/JuMP/test/model.jl:340 [inlined]
 [2] macro expansion at ./test.jl:921 [inlined]
 [3] macro expansion at /home/vagrant/.julia/v0.6/JuMP/test/model.jl:319 [inlined]
 [4] macro expansion at ./test.jl:860 [inlined]
 [5] anonymous at ./<missing>:?
WARNING: Variable bound duals (reduced costs) not available. Check that the model was properly solved and no integer variables are present.
Solving an LP (Min) with SCS.SCSSolver(Any[(:eps, 1.0e-6), (:verbose, 0)]): Test Failed
  Expression: isapprox(getdual(x), 0.0, atol=TOL)
Stacktrace:
 [1] macro expansion at /home/vagrant/.julia/v0.6/JuMP/test/model.jl:343 [inlined]
 [2] macro expansion at ./test.jl:921 [inlined]
 [3] macro expansion at /home/vagrant/.julia/v0.6/JuMP/test/model.jl:319 [inlined]
 [4] macro expansion at ./test.jl:860 [inlined]
 [5] anonymous at ./<missing>:?
WARNING: Variable bound duals (reduced costs) not available. Check that the model was properly solved and no integer variables are present.
Solving an LP (Min) with SCS.SCSSolver(Any[(:eps, 1.0e-6), (:verbose, 0)]): Test Failed
  Expression: isapprox(getdual(y), 0.0, atol=TOL)
Stacktrace:
 [1] macro expansion at /home/vagrant/.julia/v0.6/JuMP/test/model.jl:344 [inlined]
 [2] macro expansion at ./test.jl:921 [inlined]
 [3] macro expansion at /home/vagrant/.julia/v0.6/JuMP/test/model.jl:319 [inlined]
 [4] macro expansion at ./test.jl:860 [inlined]
 [5] anonymous at ./<missing>:?
WARNING: Variable bound duals (reduced costs) not available. Check that the model was properly solved and no integer variables are present.
Solving an LP (Min) with SCS.SCSSolver(Any[(:eps, 1.0e-6), (:verbose, 0)]): Test Failed
  Expression: isapprox(getdual(z), -1.0714286, atol=TOL)
Stacktrace:
 [1] macro expansion at /home/vagrant/.julia/v0.6/JuMP/test/model.jl:345 [inlined]
 [2] macro expansion at ./test.jl:921 [inlined]
 [3] macro expansion at /home/vagrant/.julia/v0.6/JuMP/test/model.jl:319 [inlined]
 [4] macro expansion at ./test.jl:860 [inlined]
 [5] anonymous at ./<missing>:?
Solving an LP (Min) with SCS.SCSSolver(Any[(:eps, 1.0e-6), (:verbose, 0)]): Error During Test
  Test threw an exception of type BoundsError
  Expression: isapprox((getdual(r))[3], 0.0, atol=TOL)
  BoundsError: attempt to access 0-element Array{Float64,1} at index [4]
  Stacktrace:
   [1] _mapInner(::JuMP.#_getDual, ::JuMP.JuMPArray{JuMP.Variable,1,Tuple{UnitRange{Int64}}}) at /home/vagrant/.julia/v0.6/JuMP/src/JuMPContainer.jl:138
   [2] _map(::Function, ::JuMP.JuMPArray{JuMP.Variable,1,Tuple{UnitRange{Int64}}}) at /home/vagrant/.julia/v0.6/JuMP/src/JuMPContainer.jl:154
   [3] macro expansion at /home/vagrant/.julia/v0.6/JuMP/test/model.jl:346 [inlined]
   [4] macro expansion at ./test.jl:921 [inlined]
   [5] macro expansion at /home/vagrant/.julia/v0.6/JuMP/test/model.jl:319 [inlined]
   [6] macro expansion at ./test.jl:860 [inlined]
   [7] anonymous at ./<missing>:?
Solving an LP (Min) with SCS.SCSSolver(Any[(:eps, 1.0e-6), (:verbose, 0)]): Error During Test
  Test threw an exception of type BoundsError
  Expression: isapprox((getdual(r))[4], 1.0, atol=TOL)
  BoundsError: attempt to access 0-element Array{Float64,1} at index [4]
  Stacktrace:
   [1] _mapInner(::JuMP.#_getDual, ::JuMP.JuMPArray{JuMP.Variable,1,Tuple{UnitRange{Int64}}}) at /home/vagrant/.julia/v0.6/JuMP/src/JuMPContainer.jl:138
   [2] _map(::Function, ::JuMP.JuMPArray{JuMP.Variable,1,Tuple{UnitRange{Int64}}}) at /home/vagrant/.julia/v0.6/JuMP/src/JuMPContainer.jl:154
   [3] macro expansion at /home/vagrant/.julia/v0.6/JuMP/test/model.jl:347 [inlined]
   [4] macro expansion at ./test.jl:921 [inlined]
   [5] macro expansion at /home/vagrant/.julia/v0.6/JuMP/test/model.jl:319 [inlined]
   [6] macro expansion at ./test.jl:860 [inlined]
   [7] anonymous at ./<missing>:?
Solving an LP (Min) with SCS.SCSSolver(Any[(:eps, 1.0e-6), (:verbose, 0)]): Error During Test
  Test threw an exception of type BoundsError
  Expression: isapprox((getdual(r))[5], 1.0, atol=TOL)
  BoundsError: attempt to access 0-element Array{Float64,1} at index [4]
  Stacktrace:
   [1] _mapInner(::JuMP.#_getDual, ::JuMP.JuMPArray{JuMP.Variable,1,Tuple{UnitRange{Int64}}}) at /home/vagrant/.julia/v0.6/JuMP/src/JuMPContainer.jl:138
   [2] _map(::Function, ::JuMP.JuMPArray{JuMP.Variable,1,Tuple{UnitRange{Int64}}}) at /home/vagrant/.julia/v0.6/JuMP/src/JuMPContainer.jl:154
   [3] macro expansion at /home/vagrant/.julia/v0.6/JuMP/test/model.jl:348 [inlined]
   [4] macro expansion at ./test.jl:921 [inlined]
   [5] macro expansion at /home/vagrant/.julia/v0.6/JuMP/test/model.jl:319 [inlined]
   [6] macro expansion at ./test.jl:860 [inlined]
   [7] anonymous at ./<missing>:?
Solving an LP (Min) with SCS.SCSSolver(Any[(:eps, 1.0e-6), (:verbose, 0)]): Error During Test
  Test threw an exception of type BoundsError
  Expression: isapprox((getdual(r))[6], -0.03759398, atol=TOL)
  BoundsError: attempt to access 0-element Array{Float64,1} at index [4]
  Stacktrace:
   [1] _mapInner(::JuMP.#_getDual, ::JuMP.JuMPArray{JuMP.Variable,1,Tuple{UnitRange{Int64}}}) at /home/vagrant/.julia/v0.6/JuMP/src/JuMPContainer.jl:138
   [2] _map(::Function, ::JuMP.JuMPArray{JuMP.Variable,1,Tuple{UnitRange{Int64}}}) at /home/vagrant/.julia/v0.6/JuMP/src/JuMPContainer.jl:154
   [3] macro expansion at /home/vagrant/.julia/v0.6/JuMP/test/model.jl:349 [inlined]
   [4] macro expansion at ./test.jl:921 [inlined]
   [5] macro expansion at /home/vagrant/.julia/v0.6/JuMP/test/model.jl:319 [inlined]
   [6] macro expansion at ./test.jl:860 [inlined]
   [7] anonymous at ./<missing>:?
WARNING: Dual solution not available. Check that the model was properly solved and no integer variables are present.
WARNING: Dual solution not available. Check that the model was properly solved and no integer variables are present.
WARNING: Dual solution not available. Check that the model was properly solved and no integer variables are present.
Solving an LP (Min) with SCS.SCSSolver(Any[(:eps, 1.0e-6), (:verbose, 0)]): Test Failed
  Expression: isapprox((getdual(cons))[1], 0.333333, atol=TOL)
Stacktrace:
 [1] macro expansion at /home/vagrant/.julia/v0.6/JuMP/test/model.jl:352 [inlined]
 [2] macro expansion at ./test.jl:921 [inlined]
 [3] macro expansion at /home/vagrant/.julia/v0.6/JuMP/test/model.jl:319 [inlined]
 [4] macro expansion at ./test.jl:860 [inlined]
 [5] anonymous at ./<missing>:?
WARNING: Dual solution not available. Check that the model was properly solved and no integer variables are present.
WARNING: Dual solution not available. Check that the model was properly solved and no integer variables are present.
WARNING: Dual solution not available. Check that the model was properly solved and no integer variables are present.
Solving an LP (Min) with SCS.SCSSolver(Any[(:eps, 1.0e-6), (:verbose, 0)]): Test Failed
  Expression: isapprox((getdual(cons))[2], -1.0, atol=TOL)
Stacktrace:
 [1] macro expansion at /home/vagrant/.julia/v0.6/JuMP/test/model.jl:353 [inlined]
 [2] macro expansion at ./test.jl:921 [inlined]
 [3] macro expansion at /home/vagrant/.julia/v0.6/JuMP/test/model.jl:319 [inlined]
 [4] macro expansion at ./test.jl:860 [inlined]
 [5] anonymous at ./<missing>:?
WARNING: Dual solution not available. Check that the model was properly solved and no integer variables are present.
WARNING: Dual solution not available. Check that the model was properly solved and no integer variables are present.
WARNING: Dual solution not available. Check that the model was properly solved and no integer variables are present.
Solving an LP (Min) with SCS.SCSSolver(Any[(:eps, 1.0e-6), (:verbose, 0)]): Test Failed
  Expression: isapprox((getdual(cons))[3], -0.0714286, atol=TOL)
Stacktrace:
 [1] macro expansion at /home/vagrant/.julia/v0.6/JuMP/test/model.jl:354 [inlined]
 [2] macro expansion at ./test.jl:921 [inlined]
 [3] macro expansion at /home/vagrant/.julia/v0.6/JuMP/test/model.jl:319 [inlined]
 [4] macro expansion at ./test.jl:860 [inlined]
 [5] anonymous at ./<missing>:?
Warning, MPS does not support maximization sense. Flipping objective coefficients.
WARNING: Solver does not appear to support providing initial feasible solutions.
WARNING: Ignoring partial starting solution. Cbc requires a feasible value to be specified for all variables.
Cbc3007W No integer variables - nothing to do
Cbc3007W No integer variables - nothing to do
WARNING: A variable or constraint named c is already attached to this model. If creating variables programmatically, use the anonymous variable syntax x = @variable(m, [1:N], ...).
Test Summary:                                                                                                                 | Pass  Fail  Error  Total
Models                                                                                                                        |  525    15      4    544
  Check error cases                                                                                                           |    7                   7
  Warning on non-symbol variable names                                                                                        |                    No tests
  Performance warnings                                                                                                        |                    No tests
  Test printing a model                                                                                                       |   88                  88
  Quadratic MPS writer                                                                                                        |   21                  21
  Solving a MILP with Cbc.CbcMathProgSolverInterface.CbcSolver(Any[(:logLevel, 0)])                                           |   11                  11
  Solving a MILP with GLPKMathProgInterface.GLPKInterfaceMIP.GLPKSolverMIP(false, Any[])                                      |   11                  11
  Solving an LP (Min) with Clp.ClpMathProgSolverInterface.ClpSolver(Any[])                                                    |   19                  19
  Solving an LP (Min) with GLPKMathProgInterface.GLPKInterfaceLP.GLPKSolverLP(false, :Simplex, Any[])                         |   19                  19
  Solving an LP (Min) with Ipopt.IpoptSolver(Any[(:print_level, 0)])                                                          |   19                  19
  Solving an LP (Min) with ECOS.ECOSSolver(Any[(:verbose, false)])                                                            |   19                  19
  Solving an LP (Min) with SCS.SCSSolver(Any[(:eps, 1.0e-6), (:verbose, 0)])                                                  |         15      4     19
  Test solving an LP (Max) with Clp.ClpMathProgSolverInterface.ClpSolver(Any[])                                               |   19                  19
  Test solving an LP (Max) with GLPKMathProgInterface.GLPKInterfaceLP.GLPKSolverLP(false, :Simplex, Any[])                    |   19                  19
  Test solving an LP (Max) with Ipopt.IpoptSolver(Any[(:print_level, 0)])                                                     |   19                  19
  Test solving an LP (Max) with ECOS.ECOSSolver(Any[(:verbose, false)])                                                       |   19                  19
  Test solving an LP (Max) with SCS.SCSSolver(Any[(:eps, 1.0e-6), (:verbose, 0)])                                             |   19                  19
  Test binary variable handling with Cbc.CbcMathProgSolverInterface.CbcSolver(Any[(:logLevel, 0)])                            |    2                   2
  Test binary variable handling with GLPKMathProgInterface.GLPKInterfaceMIP.GLPKSolverMIP(false, Any[])                       |    2                   2
  Test model copying                                                                                                          |   28                  28
  Test extension copy                                                                                                         |    3                   3
  Test variable/model 'hygiene'                                                                                               |    5                   5
  Test NaN checking                                                                                                           |    3                   3
  Test column-wise modeling with Clp.ClpMathProgSolverInterface.ClpSolver(Any[])                                              |    9                   9
  Test column-wise modeling with GLPKMathProgInterface.GLPKInterfaceLP.GLPKSolverLP(false, :Simplex, Any[])                   |    9                   9
  Test column-wise modeling with Ipopt.IpoptSolver(Any[(:print_level, 0)])                                                    |    9                   9
  Test column-wise modeling with ECOS.ECOSSolver(Any[(:verbose, false)])                                                      |    9                   9
  Test column-wise modeling with SCS.SCSSolver(Any[(:eps, 1.0e-6), (:verbose, 0)])                                            |    9                   9
  [model] Test all MPS paths                                                                                                  |                    No tests
  Test all LP paths                                                                                                           |    1                   1
  Test fixed variables don't leak through MPB with Clp.ClpMathProgSolverInterface.ClpSolver(Any[])                            |    5                   5
  Test fixed variables don't leak through MPB with GLPKMathProgInterface.GLPKInterfaceLP.GLPKSolverLP(false, :Simplex, Any[]) |    5                   5
  Test fixed variables don't leak through MPB with Ipopt.IpoptSolver(Any[(:print_level, 0)])                                  |    5                   5
  Test fixed variables don't leak through MPB with ECOS.ECOSSolver(Any[(:verbose, false)])                                    |    5                   5
  Test fixed variables don't leak through MPB with SCS.SCSSolver(Any[(:eps, 1.0e-6), (:verbose, 0)])                          |    5                   5
  Fixed variables with Cbc.CbcMathProgSolverInterface.CbcSolver(Any[(:logLevel, 0)])                                          |    1                   1
  Fixed variables with GLPKMathProgInterface.GLPKInterfaceMIP.GLPKSolverMIP(false, Any[])                                     |    1                   1
  Test SOS constraints with Cbc.CbcMathProgSolverInterface.CbcSolver(Any[])                                                   |   11                  11
  Test vectorized model creation                                                                                              |    3                   3
  Test MIQP vectorization                                                                                                     |    2                   2
  Test setsolver                                                                                                              |   25                  25
  [model] Setting solve hook                                                                                                  |    2                   2
  Setting print hook                                                                                                          |    1                   1
  Test linearindex                                                                                                            |    5                   5
  Test LinearConstraint from ConstraintRef                                                                                    |    1                   1
  Test getvalue on OneIndexedArrays                                                                                           |    2                   2
  Relaxation keyword argument to solve (w/ SOS constraints) with Cbc.CbcMathProgSolverInterface.CbcSolver(Any[])              |    8                   8
  Unrecognized keyword argument to solve                                                                                      |    1                   1
  Solve MIP relaxation with continuous solvers                                                                                |   12                  12
  Nonliteral exponents in @constraint                                                                                         |    4                   4
  sets used as indexsets in JuMPArray                                                                                         |    1                   1
  [model] .^ broadcasting                                                                                                     |    1                   1
  Quadratic constraints with zero coefficients with Ipopt.IpoptSolver(Any[(:print_level, 0)])                                 |    2                   2
  Constraints with non-Array AbstractArrays                                                                                   |    3                   3
  Variable not owned by the conic model                                                                                       |    1                   1
  Variable not owned by the linear model                                                                                      |    1                   1
  Inconsistency between getobjbound() and getobjectivevalue() #1021                                                           |    7                   7
  getindex for variables and constraints                                                                                      |    4                   4
  setindex! for variables and constraints                                                                                     |    3                   3
ERROR: LoadError: LoadError: Some tests did not pass: 525 passed, 15 failed, 4 errored, 0 broken.
while loading /home/vagrant/.julia/v0.6/JuMP/test/model.jl, in expression starting on line 35
while loading /home/vagrant/.julia/v0.6/JuMP/test/runtests.jl, in expression starting on line 30
================================[ ERROR: JuMP ]=================================

failed process: Process(`/home/vagrant/julia/bin/julia -Cx86-64 -J/home/vagrant/julia/lib/julia/sys.so --compile=yes --depwarn=yes --check-bounds=yes --code-coverage=none --color=no --compilecache=yes /home/vagrant/.julia/v0.6/JuMP/test/runtests.jl`, ProcessExited(1)) [1]

================================================================================
INFO: Removing BinaryProvider v0.3.0
INFO: Removing Cbc v0.3.2
INFO: Removing Clp v0.4.0
INFO: Removing ECOS v0.8.0
INFO: Removing GLPK v0.5.0
INFO: Removing GLPKMathProgInterface v0.4.0
INFO: Removing Ipopt v0.3.0
INFO: Removing OffsetArrays v0.5.0
INFO: Removing SCS v0.3.3
ERROR: JuMP had test errors

>>> End of log
