>>> 'Pkg.add("JuMPeR")' log
INFO: Cloning cache of JuMPeR from git://github.com/IainNZ/JuMPeR.jl.git
INFO: Installing Calculus v0.1.15
INFO: Installing DataStructures v0.4.4
INFO: Installing ForwardDiff v0.1.8
INFO: Installing JuMP v0.13.2
INFO: Installing JuMPeR v0.4.0
INFO: Installing Lazy v0.10.1
INFO: Installing MacroTools v0.3.0
INFO: Installing MathProgBase v0.5.1
INFO: Installing NaNMath v0.2.1
INFO: Installing ReverseDiffSparse v0.5.6
INFO: Package database updated
INFO: METADATA is out-of-date — you may not have the latest version of JuMPeR
INFO: Use `Pkg.update()` to get the latest versions of your packages

>>> 'Pkg.test("JuMPeR")' log
Julia Version 0.4.6
Commit 2e358ce (2016-06-19 17:16 UTC)
Platform Info:
  System: Linux (x86_64-unknown-linux-gnu)
  CPU: Intel(R) Xeon(R) CPU E3-1241 v3 @ 3.50GHz
  WORD_SIZE: 64
           Ubuntu 14.04.4 LTS
  uname: Linux 3.13.0-92-generic #139-Ubuntu SMP Tue Jun 28 20:42:26 UTC 2016 x86_64 x86_64
Memory: 2.4471054077148438 GB (686.3671875 MB free)
Uptime: 29966.0 sec
Load Avg:  0.89794921875  0.95703125  1.0078125
Intel(R) Xeon(R) CPU E3-1241 v3 @ 3.50GHz: 
       speed         user         nice          sys         idle          irq
#1  3500 MHz    1308766 s       3292 s     138511 s    1201385 s         58 s
#2  3500 MHz     931988 s        697 s     120415 s    1799162 s          0 s

  BLAS: libopenblas (USE64BITINT DYNAMIC_ARCH NO_AFFINITY Nehalem)
  LAPACK: libopenblas64_
  LIBM: libopenlibm
  LLVM: libLLVM-3.3
Environment:
  TERM = vt100
  LD_LIBRARY_PATH = :/usr/local/lib/
  PATH = /usr/local/sbin:/usr/local/bin:/usr/sbin:/usr/bin:/sbin:/bin:/usr/games:/usr/local/games:/home/vagrant/julia/bin/
  JAVA_HOME = /usr/lib/jvm/java-7-oracle
  HOME = /home/vagrant

Package Directory: /home/vagrant/.julia/v0.4
2 required packages:
 - JSON                          0.6.0
 - JuMPeR                        0.4.0
33 additional packages:
 - BinDeps                       0.4.0
 - BufferedStreams               0.1.5
 - Calculus                      0.1.15
 - Codecs                        0.1.5
 - Compat                        0.8.6
 - DataArrays                    0.3.6
 - DataFrames                    0.7.6
 - DataStructures                0.4.4
 - Docile                        0.5.23
 - ForwardDiff                   0.1.8
 - GZip                          0.2.19
 - GeoIP                         0.2.2              598fe5a8 (dirty)
 - HttpCommon                    0.2.6
 - HttpParser                    0.1.1
 - IPNets                        0.2.0
 - JuMP                          0.13.2
 - Lazy                          0.10.1
 - Libz                          0.1.1
 - MacroTools                    0.3.0
 - MathProgBase                  0.5.1
 - MbedTLS                       0.2.5
 - NaNMath                       0.2.1
 - Reexport                      0.0.3
 - Requests                      0.3.8
 - ReverseDiffSparse             0.5.6
 - Rmath                         0.1.2
 - SHA                           0.1.2
 - SortingAlgorithms             0.0.6
 - StatsBase                     0.9.0
 - StatsFuns                     0.3.0
 - URIParser                     0.1.5
 - ZipFile                       0.2.6
 - Zlib                          0.1.12
INFO: Computing test dependencies for JuMPeR...
INFO: Installing BaseTestNext v0.2.1
INFO: Installing ECOS v0.6.5
INFO: Installing GLPK v0.2.17
INFO: Installing GLPKMathProgInterface v0.2.2
INFO: Building ECOS
INFO: Building GLPK
INFO: Testing JuMPeR
Loading solvers...
INFO: Recompiling stale cache file /home/vagrant/.julia/lib/v0.4/ECOS.ji for module ECOS.
Operators...
Printing...
Macros...
UncertainySet...
BasicUncertaintySet polyhedral...
  LP tests...
WARNING: Solver does not appear to support adding constraints to an existing model. Hot-start is disabled.
  MILP tests...
glp_intopt: optimal basis to initial LP relaxation not provided
BasicUncertaintySet L1 norm...
BasicUncertaintySet L2 norm...
BasicUncertaintySet L∞ norm...
BudgetUncertaintySet...
Adaptive Newsvendor Model...
Adaptive Inventory Model...
Test Summary: | Pass  Total
JuMPeR        | 1167   1167
INFO: JuMPeR tests passed
INFO: Removing BaseTestNext v0.2.1
INFO: Removing ECOS v0.6.5
INFO: Removing GLPK v0.2.17
INFO: Removing GLPKMathProgInterface v0.2.2

>>> End of log
