>>> 'Pkg.add("Juno")' log
INFO: Installing Hiccup v0.1.1
INFO: Installing Juno v0.2.7
INFO: Installing MacroTools v0.3.7
INFO: Installing Media v0.2.7
INFO: Package database updated
INFO: METADATA is out-of-date — you may not have the latest version of Juno
INFO: Use `Pkg.update()` to get the latest versions of your packages

>>> 'Pkg.test("Juno")' log
Julia Version 0.5.2
Commit f4c6c9d (2017-05-06 16:34 UTC)
Platform Info:
  OS: Linux (x86_64-pc-linux-gnu)
  CPU: Intel(R) Xeon(R) CPU E3-1241 v3 @ 3.50GHz
  WORD_SIZE: 64
           Ubuntu 14.04.5 LTS
  uname: Linux 3.13.0-121-generic #170-Ubuntu SMP Wed Jun 14 09:04:33 UTC 2017 x86_64 x86_64
Memory: 2.9392738342285156 GB (937.7421875 MB free)
Uptime: 53791.0 sec
Load Avg:  1.01025390625  1.001953125  1.0068359375
Intel(R) Xeon(R) CPU E3-1241 v3 @ 3.50GHz: 
       speed         user         nice          sys         idle          irq
#1  3500 MHz    3302143 s        120 s     258413 s    1173146 s        115 s
#2  3500 MHz    1289280 s       6412 s     135516 s    3786519 s          3 s

  BLAS: libopenblas (USE64BITINT DYNAMIC_ARCH NO_AFFINITY Nehalem)
  LAPACK: libopenblas64_
  LIBM: libopenlibm
  LLVM: libLLVM-3.7.1 (ORCJIT, haswell)
Environment:
  TERM = vt100
  LD_LIBRARY_PATH = :/usr/local/lib/
  PATH = /usr/local/sbin:/usr/local/bin:/usr/sbin:/usr/bin:/sbin:/bin:/usr/games:/usr/local/games:/home/vagrant/julia/bin/
  JAVA_HOME = /usr/lib/jvm/java-8-openjdk-amd64
  HOME = /home/vagrant

Package Directory: /home/vagrant/.julia/v0.5
2 required packages:
 - JSON                          0.12.0
 - Juno                          0.2.7
5 additional packages:
 - Compat                        0.26.0
 - Hiccup                        0.1.1
 - MacroTools                    0.3.7
 - Media                         0.2.7
 - tmp                           0.0.0-             non-repo (unregistered)
INFO: Testing Juno
INFO: Juno tests passed

>>> End of log
