>>> 'Pkg.add("Juno")' log
[ Info: Installing Hiccup v0.1.1 @ Base.Pkg.Entry entry.jl:543
[ Info: Installing Juno v0.3.2 @ Base.Pkg.Entry entry.jl:543
[ Info: Installing MacroTools v0.4.0 @ Base.Pkg.Entry entry.jl:543
[ Info: Installing Media v0.3.0 @ Base.Pkg.Entry entry.jl:543
[ Info: Package database updated @ Base.Pkg.Entry entry.jl:32
┌ Info: METADATA is out-of-date — you may not have the latest version of Juno
│ Use `Pkg.update()` to get the latest versions of your packages
└ @ Base.Pkg.Entry entry.jl:74

>>> 'Pkg.test("Juno")' log
Julia Version 0.7.0-DEV.3309
Commit b96097b66f (2018-01-07 00:26 UTC)
Platform Info:
  OS: Linux (x86_64-pc-linux-gnu)
      Ubuntu 14.04.5 LTS
  uname: Linux 3.13.0-135-generic #184-Ubuntu SMP Wed Oct 18 11:55:51 UTC 2017 x86_64 x86_64
  CPU: Intel(R) Xeon(R) CPU E3-1241 v3 @ 3.50GHz: 
              speed         user         nice          sys         idle          irq
       #1  3500 MHz    1982790 s        101 s     104729 s     457460 s         10 s
       #2  3500 MHz     342159 s         80 s      40446 s    2598291 s          0 s
       
  Memory: 2.93927001953125 GB (1237.2109375 MB free)
  Uptime: 30257.0 sec
  Load Avg:  1.0107421875  0.97705078125  0.9599609375
  WORD_SIZE: 64
  BLAS: libopenblas (USE64BITINT DYNAMIC_ARCH NO_AFFINITY Nehalem)
  LAPACK: libopenblas64_
  LIBM: libopenlibm
  LLVM: libLLVM-3.9.1 (ORCJIT, haswell)
Environment:
  TERM = vt100
  LD_LIBRARY_PATH = :/usr/local/lib/
  PATH = /usr/local/sbin:/usr/local/bin:/usr/sbin:/usr/bin:/sbin:/bin:/usr/games:/usr/local/games:/home/vagrant/julia/bin/
  JAVA_HOME = /usr/lib/jvm/java-8-openjdk-amd64
  HOME = /home/vagrant
Packages:
  Package Directory: /home/vagrant/.julia/v0.7
  Package Status:
2 required packages:
 - JSON                          0.16.3
 - Juno                          0.3.2
5 additional packages:
 - Compat                        0.43.0
 - Hiccup                        0.1.1
 - MacroTools                    0.4.0
 - Media                         0.3.0
 - Nullables                     0.0.2
[ Info: Testing Juno @ Base.Pkg.Entry entry.jl:723
┌ Warning: Deprecated syntax `type` at /home/vagrant/.julia/v0.7/Media/src/dynamic.jl:45.
│ Use `mutable struct` instead.
└ @ nothing dynamic.jl:45
┌ Warning: Deprecated syntax `parametric method syntax bind{T}(b::Binding{T}, v::T, t::Task)` around /home/vagrant/.julia/v0.7/Media/src/dynamic.jl:89.
│ Use `bind(b::Binding{T}, v::T, t::Task) where T` instead.
└ @ nothing dynamic.jl:89
┌ Warning: Deprecated syntax `parametric method syntax bind{T}(f::Function, b::Binding{T}, v::T)` around /home/vagrant/.julia/v0.7/Media/src/dynamic.jl:93.
│ Use `bind(f::Function, b::Binding{T}, v::T) where T` instead.
└ @ nothing dynamic.jl:93
┌ Warning: Deprecated syntax `parametric method syntax binding{T}(b::Binding{T}, t::Task = current_task())` around /home/vagrant/.julia/v0.7/Media/src/dynamic.jl:99.
│ Use `binding(b::Binding{T}, t::Task = current_task()) where T` instead.
└ @ nothing dynamic.jl:99
┌ Warning: Deprecated syntax `parametric method syntax set!{T}(b::Binding{T}, v::T, t::Task = current_task())` around /home/vagrant/.julia/v0.7/Media/src/dynamic.jl:103.
│ Use `set!(b::Binding{T}, v::T, t::Task = current_task()) where T` instead.
└ @ nothing dynamic.jl:103
┌ Warning: Deprecated syntax `parametric method syntax setindex!{T}(b::Binding{T}, v::T)` around /home/vagrant/.julia/v0.7/Media/src/dynamic.jl:108.
│ Use `setindex!(b::Binding{T}, v::T) where T` instead.
└ @ nothing dynamic.jl:108
┌ Warning: `current_module()` is deprecated, use `@__MODULE__` instead.
│   caller = media(::Type, ::Type) at system.jl:72
└ @ Media system.jl:72
┌ Warning: Deprecated syntax `parametric method syntax Media.media{T <: Any}(::Type{T})` around /home/vagrant/.julia/v0.7/Media/src/system.jl:73.
│ Use `Media.media(#unused#::Type{T}) where T <: Any` instead.
└ @ nothing system.jl:73
┌ Warning: Deprecated syntax `parametric method syntax Media.media{T <: AbstractArray{T, 2} where T}(::Type{T})` around /home/vagrant/.julia/v0.7/Media/src/system.jl:73.
│ Use `Media.media(#unused#::Type{T}) where T <: AbstractArray{T, 2} where T` instead.
└ @ nothing system.jl:73
┌ Warning: Deprecated syntax `parametric method syntax Media.media{T <: AbstractArray{T, 1} where T}(::Type{T})` around /home/vagrant/.julia/v0.7/Media/src/system.jl:73.
│ Use `Media.media(#unused#::Type{T}) where T <: AbstractArray{T, 1} where T` instead.
└ @ nothing system.jl:73
WARNING: importing deprecated binding Base.Void into Media.
WARNING: Base.Void is deprecated, use Nothing instead.
  likely near /home/vagrant/.julia/v0.7/Media/src/system.jl:155
┌ Warning: `ismatch(r::Regex, s::AbstractString)` is deprecated, use `contains(s, r)` instead.
│   caller = isbinding at match.jl:14 [inlined]
└ @ Core match.jl:14
┌ Warning: `ismatch(r::Regex, s::AbstractString)` is deprecated, use `contains(s, r)` instead.
│   caller = isslurp at match.jl:29 [inlined]
└ @ Core match.jl:29
┌ Warning: Deprecated syntax `type` at /home/vagrant/.julia/v0.7/Media/src/compat.jl:7.
│ Use `mutable struct` instead.
└ @ nothing compat.jl:7
┌ Warning: Deprecated syntax `type` at /home/vagrant/.julia/v0.7/Media/src/compat.jl:24.
│ Use `mutable struct` instead.
└ @ nothing compat.jl:24
WARNING: importing deprecated binding Base.Display into Media.
WARNING: Base.Display is deprecated, use AbstractDisplay instead.
  likely near /home/vagrant/.julia/v0.7/Media/src/compat.jl:7
┌ Warning: Deprecated syntax `type` at /home/vagrant/.julia/v0.7/Juno/src/types.jl:3.
│ Use `mutable struct` instead.
└ @ nothing types.jl:3
┌ Warning: Deprecated syntax `type` at /home/vagrant/.julia/v0.7/Juno/src/types.jl:4.
│ Use `mutable struct` instead.
└ @ nothing types.jl:4
┌ Warning: Deprecated syntax `type` at /home/vagrant/.julia/v0.7/Juno/src/types.jl:6.
│ Use `mutable struct` instead.
└ @ nothing types.jl:6
┌ Warning: Deprecated syntax `type` at /home/vagrant/.julia/v0.7/Juno/src/types.jl:7.
│ Use `mutable struct` instead.
└ @ nothing types.jl:7
┌ Warning: Deprecated syntax `type` at /home/vagrant/.julia/v0.7/Juno/src/types.jl:8.
│ Use `mutable struct` instead.
└ @ nothing types.jl:8
┌ Warning: Deprecated syntax `type` at /home/vagrant/.julia/v0.7/Juno/src/types.jl:24.
│ Use `mutable struct` instead.
└ @ nothing types.jl:24
┌ Warning: Deprecated syntax `immutable` at /home/vagrant/.julia/v0.7/Juno/src/types.jl:28.
│ Use `struct` instead.
└ @ nothing types.jl:28
┌ Warning: Deprecated syntax `immutable` at /home/vagrant/.julia/v0.7/Juno/src/types.jl:33.
│ Use `struct` instead.
└ @ nothing types.jl:33
┌ Warning: Deprecated syntax `immutable` at /home/vagrant/.julia/v0.7/Juno/src/types.jl:38.
│ Use `struct` instead.
└ @ nothing types.jl:38
┌ Warning: Deprecated syntax `type` at /home/vagrant/.julia/v0.7/Juno/src/types.jl:45.
│ Use `mutable struct` instead.
└ @ nothing types.jl:45
┌ Warning: Deprecated syntax `immutable` at /home/vagrant/.julia/v0.7/Juno/src/types.jl:54.
│ Use `struct` instead.
└ @ nothing types.jl:54
┌ Warning: Deprecated syntax `type` at /home/vagrant/.julia/v0.7/Juno/src/types.jl:68.
│ Use `mutable struct` instead.
└ @ nothing types.jl:68
┌ Warning: Deprecated syntax `type` at /home/vagrant/.julia/v0.7/Juno/src/types.jl:77.
│ Use `mutable struct` instead.
└ @ nothing types.jl:77
┌ Warning: `ismatch(r::Regex, s::AbstractString)` is deprecated, use `contains(s, r)` instead.
│   caller = isbinding at match.jl:14 [inlined]
└ @ Core match.jl:14
┌ Warning: Deprecated syntax `type` at /home/vagrant/.julia/v0.7/Hiccup/src/Hiccup.jl:18.
│ Use `mutable struct` instead.
└ @ nothing Hiccup.jl:18
┌ Warning: Deprecated syntax `parametric method syntax tag{T}(node::Node{T})` around /home/vagrant/.julia/v0.7/Hiccup/src/Hiccup.jl:23.
│ Use `tag(node::Node{T}) where T` instead.
└ @ nothing Hiccup.jl:23
WARNING: importing deprecated binding Base.Associative into Hiccup.
WARNING: Base.Associative is deprecated, use AbstractDict instead.
  likely near /home/vagrant/.julia/v0.7/Hiccup/src/Hiccup.jl:37
WARNING: Base.Associative is deprecated, use AbstractDict instead.
  likely near /home/vagrant/.julia/v0.7/Hiccup/src/Hiccup.jl:37
WARNING: Base.Associative is deprecated, use AbstractDict instead.
  likely near /home/vagrant/.julia/v0.7/Hiccup/src/Hiccup.jl:37
ERROR: LoadError: LoadError: AssertionError: isexpr(ts, :tuple)
Stacktrace:
 [1] @tags(::LineNumberNode, ::Module, ::Any) at /home/vagrant/.julia/v0.7/Hiccup/src/Hiccup.jl:110
 [2] include at ./boot.jl:295 [inlined]
 [3] include_relative(::Module, ::String) at ./loading.jl:521
 [4] include(::Module, ::String) at ./sysimg.jl:26
 [5] top-level scope
 [6] eval at ./boot.jl:298 [inlined]
 [7] top-level scope at ./<missing>:2
in expression starting at /home/vagrant/.julia/v0.7/Hiccup/src/Hiccup.jl:118
in expression starting at /home/vagrant/.julia/v0.7/Hiccup/src/Hiccup.jl:123
ERROR: LoadError: LoadError: Failed to precompile Hiccup to /home/vagrant/.julia/lib/v0.7/Hiccup.ji.
Stacktrace:
 [1] error at ./error.jl:33 [inlined]
 [2] compilecache(::String) at ./loading.jl:648
 [3] compilecache at ./loading.jl:605 [inlined]
 [4] _require(::Symbol) at ./loading.jl:440
 [5] require(::Symbol) at ./loading.jl:333
 [6] include at ./boot.jl:295 [inlined]
 [7] include_relative(::Module, ::String) at ./loading.jl:521
 [8] include at ./sysimg.jl:26 [inlined]
 [9] include(::String) at /home/vagrant/.julia/v0.7/Juno/src/Juno.jl:3
 [10] top-level scope
 [11] include at ./boot.jl:295 [inlined]
 [12] include_relative(::Module, ::String) at ./loading.jl:521
 [13] include(::Module, ::String) at ./sysimg.jl:26
 [14] top-level scope
 [15] eval at ./boot.jl:298 [inlined]
 [16] top-level scope at ./<missing>:2
in expression starting at /home/vagrant/.julia/v0.7/Juno/src/utils.jl:1
in expression starting at /home/vagrant/.julia/v0.7/Juno/src/Juno.jl:29
ERROR: LoadError: Failed to precompile Juno to /home/vagrant/.julia/lib/v0.7/Juno.ji.
Stacktrace:
 [1] error at ./error.jl:33 [inlined]
 [2] compilecache(::String) at ./loading.jl:648
 [3] compilecache at ./loading.jl:605 [inlined]
 [4] _require(::Symbol) at ./loading.jl:460
 [5] require(::Symbol) at ./loading.jl:333
 [6] include at ./boot.jl:295 [inlined]
 [7] include_relative(::Module, ::String) at ./loading.jl:521
 [8] include(::Module, ::String) at ./sysimg.jl:26
 [9] process_options(::Base.JLOptions) at ./client.jl:324
 [10] _start() at ./client.jl:375
in expression starting at /home/vagrant/.julia/v0.7/Juno/test/runtests.jl:1
┌ Error: ------------------------------------------------------------
│ # Testing failed for Juno
│   exception = ErrorException("failed process: Process(`/home/vagrant/julia/bin/julia -Cnative -J/home/vagrant/julia/lib/julia/sys.so --compile=yes --depwarn=yes --code-coverage=none --color=no --compiled-modules=yes --check-bounds=yes --warn-overwrite=yes --startup-file=yes /home/vagrant/.julia/v0.7/Juno/test/runtests.jl`, ProcessExited(1)) [1]")
└ @ Base.Pkg.Entry entry.jl:739
ERROR: Juno had test errors

>>> End of log
