>>> 'Pkg.add("Juno")' log
INFO: Installing Hiccup v0.1.1
INFO: Installing Juno v0.3.0
INFO: Installing MacroTools v0.3.7
INFO: Installing Media v0.3.0
INFO: Package database updated

>>> 'Pkg.test("Juno")' log
Julia Version 0.6.0
Commit 9036443 (2017-06-19 13:05 UTC)
Platform Info:
  OS: Linux (x86_64-pc-linux-gnu)
  CPU: Intel(R) Xeon(R) CPU E3-1241 v3 @ 3.50GHz
  WORD_SIZE: 64
           Ubuntu 14.04.5 LTS
  uname: Linux 3.13.0-128-generic #177-Ubuntu SMP Tue Aug 8 11:40:23 UTC 2017 x86_64 x86_64
Memory: 2.9392738342285156 GB (976.54296875 MB free)
Uptime: 80128.0 sec
Load Avg:  0.95751953125  0.998046875  0.96533203125
Intel(R) Xeon(R) CPU E3-1241 v3 @ 3.50GHz: 
       speed         user         nice          sys         idle          irq
#1  3492 MHz    5308199 s       1315 s     241460 s    1203358 s         42 s
#2  3492 MHz    1237280 s       5136 s     129492 s    6508054 s          0 s

  BLAS: libopenblas (USE64BITINT DYNAMIC_ARCH NO_AFFINITY Nehalem)
  LAPACK: libopenblas64_
  LIBM: libopenlibm
  LLVM: libLLVM-3.9.1 (ORCJIT, haswell)
Environment:
  TERM = vt100
  LD_LIBRARY_PATH = :/usr/local/lib/
  PATH = /usr/local/sbin:/usr/local/bin:/usr/sbin:/usr/bin:/sbin:/bin:/usr/games:/usr/local/games:/home/vagrant/julia/bin/
  JAVA_HOME = /usr/lib/jvm/java-8-openjdk-amd64
  HOME = /home/vagrant

Package Directory: /home/vagrant/.julia/v0.6
2 required packages:
 - JSON                          0.13.0
 - Juno                          0.3.0
5 additional packages:
 - Compat                        0.30.0
 - Hiccup                        0.1.1
 - MacroTools                    0.3.7
 - Media                         0.3.0
 - tmp                           0.0.0-             non-repo (unregistered)
INFO: Testing Juno
INFO: hi
INFO: Juno tests passed

>>> End of log
