>>> 'Pkg.add("KahanSummation")' log
[ Info: Cloning cache of KahanSummation from https://github.com/JuliaMath/KahanSummation.jl.git @ Base.Pkg.Cache cache.jl:43
[ Info: Installing KahanSummation v0.0.1 @ Base.Pkg.Entry entry.jl:543
[ Info: Package database updated @ Base.Pkg.Entry entry.jl:32
┌ Info: METADATA is out-of-date — you may not have the latest version of KahanSummation
│ Use `Pkg.update()` to get the latest versions of your packages
└ @ Base.Pkg.Entry entry.jl:74

>>> 'Pkg.test("KahanSummation")' log
Julia Version 0.7.0-DEV.3309
Commit b96097b66f (2018-01-07 00:26 UTC)
Platform Info:
  OS: Linux (x86_64-pc-linux-gnu)
      Ubuntu 14.04.5 LTS
  uname: Linux 3.13.0-135-generic #184-Ubuntu SMP Wed Oct 18 11:55:51 UTC 2017 x86_64 x86_64
  CPU: Intel(R) Xeon(R) CPU E3-1241 v3 @ 3.50GHz: 
              speed         user         nice          sys         idle          irq
       #1  3500 MHz    2012611 s        101 s     105994 s     462906 s         10 s
       #2  3500 MHz     346925 s         80 s      40860 s    2637300 s          0 s
       
  Memory: 2.93927001953125 GB (1214.9453125 MB free)
  Uptime: 30708.0 sec
  Load Avg:  0.9970703125  0.9765625  0.95458984375
  WORD_SIZE: 64
  BLAS: libopenblas (USE64BITINT DYNAMIC_ARCH NO_AFFINITY Nehalem)
  LAPACK: libopenblas64_
  LIBM: libopenlibm
  LLVM: libLLVM-3.9.1 (ORCJIT, haswell)
Environment:
  TERM = vt100
  LD_LIBRARY_PATH = :/usr/local/lib/
  PATH = /usr/local/sbin:/usr/local/bin:/usr/sbin:/usr/bin:/sbin:/bin:/usr/games:/usr/local/games:/home/vagrant/julia/bin/
  JAVA_HOME = /usr/lib/jvm/java-8-openjdk-amd64
  HOME = /home/vagrant
Packages:
  Package Directory: /home/vagrant/.julia/v0.7
  Package Status:
2 required packages:
 - JSON                          0.16.3
 - KahanSummation                0.0.1
2 additional packages:
 - Compat                        0.43.0
 - Nullables                     0.0.2
[ Info: Testing KahanSummation @ Base.Pkg.Entry entry.jl:723
WARNING: importing deprecated binding Base.sum_kbn into KahanSummation.
WARNING: importing deprecated binding Base.cumsum_kbn into KahanSummation.
┌ Warning: `indices(a, d)` is deprecated, use `axes(a, d)` instead.
│   caller = cumsum_kbn(::Array{Float64,1}) at KahanSummation.jl:70
└ @ KahanSummation KahanSummation.jl:70
Test Summary: | Pass  Total
cumsum_kbn    |    8      8
sum_kbn: Error During Test at /home/vagrant/.julia/v0.7/KahanSummation/test/runtests.jl:37
  Test threw an exception of type MethodError
  Expression: sum_kbn([1, 1.0e100, 1, -1.0e100]) === 2.0
  MethodError: zero(::Type{Union{}}) is ambiguous. Candidates:
    zero(::Union{Type{P}, P}) where P<:Dates.Period in Dates at /buildworker/worker/package_linux64/build/usr/share/julia/site/v0.7/Dates/src/periods.jl:44
    zero(::Type{T}) where T<:Number in Base at number.jl:243
  Possible fix, define
    zero(::Type{Union{}})
  Stacktrace:
   [1] sum_kbn(::Array{Float64,1}) at /home/vagrant/.julia/v0.7/KahanSummation/src/KahanSummation.jl:96
   [2] macro expansion at /home/vagrant/.julia/v0.7/KahanSummation/test/runtests.jl:37 [inlined]
   [3] macro expansion at /buildworker/worker/package_linux64/build/usr/share/julia/site/v0.7/Test/src/Test.jl:980 [inlined]
   [4] top-level scope at /home/vagrant/.julia/v0.7/KahanSummation/test/runtests.jl:37
sum_kbn: Error During Test at /home/vagrant/.julia/v0.7/KahanSummation/test/runtests.jl:38
  Test threw an exception of type MethodError
  Expression: sum_kbn(Float64[]) === 0.0
  MethodError: zero(::Type{Union{}}) is ambiguous. Candidates:
    zero(::Union{Type{P}, P}) where P<:Dates.Period in Dates at /buildworker/worker/package_linux64/build/usr/share/julia/site/v0.7/Dates/src/periods.jl:44
    zero(::Type{T}) where T<:Number in Base at number.jl:243
  Possible fix, define
    zero(::Type{Union{}})
  Stacktrace:
   [1] sum_kbn(::Array{Float64,1}) at /home/vagrant/.julia/v0.7/KahanSummation/src/KahanSummation.jl:96
   [2] macro expansion at /home/vagrant/.julia/v0.7/KahanSummation/test/runtests.jl:38 [inlined]
   [3] macro expansion at /buildworker/worker/package_linux64/build/usr/share/julia/site/v0.7/Test/src/Test.jl:980 [inlined]
   [4] top-level scope at /home/vagrant/.julia/v0.7/KahanSummation/test/runtests.jl:37
sum_kbn: Error During Test at /home/vagrant/.julia/v0.7/KahanSummation/test/runtests.jl:39
  Test threw an exception of type MethodError
  Expression: sum_kbn((i for i = 1.0:1.0:10.0)) === 55.0
  MethodError: zero(::Type{Union{}}) is ambiguous. Candidates:
    zero(::Union{Type{P}, P}) where P<:Dates.Period in Dates at /buildworker/worker/package_linux64/build/usr/share/julia/site/v0.7/Dates/src/periods.jl:44
    zero(::Type{T}) where T<:Number in Base at number.jl:243
  Possible fix, define
    zero(::Type{Union{}})
  Stacktrace:
   [1] sum_kbn(::Base.Generator{StepRangeLen{Float64,Base.TwicePrecision{Float64},Base.TwicePrecision{Float64}},getfield(, Symbol("##1#5"))}) at /home/vagrant/.julia/v0.7/KahanSummation/src/KahanSummation.jl:96
   [2] macro expansion at /home/vagrant/.julia/v0.7/KahanSummation/test/runtests.jl:39 [inlined]
   [3] macro expansion at /buildworker/worker/package_linux64/build/usr/share/julia/site/v0.7/Test/src/Test.jl:980 [inlined]
   [4] top-level scope at /home/vagrant/.julia/v0.7/KahanSummation/test/runtests.jl:37
sum_kbn: Error During Test at /home/vagrant/.julia/v0.7/KahanSummation/test/runtests.jl:40
  Test threw an exception of type MethodError
  Expression: sum_kbn((i for i = 1:1:10)) === 55
  MethodError: zero(::Type{Union{}}) is ambiguous. Candidates:
    zero(::Union{Type{P}, P}) where P<:Dates.Period in Dates at /buildworker/worker/package_linux64/build/usr/share/julia/site/v0.7/Dates/src/periods.jl:44
    zero(::Type{T}) where T<:Number in Base at number.jl:243
  Possible fix, define
    zero(::Type{Union{}})
  Stacktrace:
   [1] sum_kbn(::Base.Generator{StepRange{Int64,Int64},getfield(, Symbol("##2#6"))}) at /home/vagrant/.julia/v0.7/KahanSummation/src/KahanSummation.jl:96
   [2] macro expansion at /home/vagrant/.julia/v0.7/KahanSummation/test/runtests.jl:40 [inlined]
   [3] macro expansion at /buildworker/worker/package_linux64/build/usr/share/julia/site/v0.7/Test/src/Test.jl:980 [inlined]
   [4] top-level scope at /home/vagrant/.julia/v0.7/KahanSummation/test/runtests.jl:37
sum_kbn: Error During Test at /home/vagrant/.julia/v0.7/KahanSummation/test/runtests.jl:41
  Test threw an exception of type MethodError
  Expression: sum_kbn([1 2 3]) === 6
  MethodError: zero(::Type{Union{}}) is ambiguous. Candidates:
    zero(::Union{Type{P}, P}) where P<:Dates.Period in Dates at /buildworker/worker/package_linux64/build/usr/share/julia/site/v0.7/Dates/src/periods.jl:44
    zero(::Type{T}) where T<:Number in Base at number.jl:243
  Possible fix, define
    zero(::Type{Union{}})
  Stacktrace:
   [1] sum_kbn(::Array{Int64,2}) at /home/vagrant/.julia/v0.7/KahanSummation/src/KahanSummation.jl:96
   [2] macro expansion at /home/vagrant/.julia/v0.7/KahanSummation/test/runtests.jl:41 [inlined]
   [3] macro expansion at /buildworker/worker/package_linux64/build/usr/share/julia/site/v0.7/Test/src/Test.jl:980 [inlined]
   [4] top-level scope at /home/vagrant/.julia/v0.7/KahanSummation/test/runtests.jl:37
sum_kbn: Error During Test at /home/vagrant/.julia/v0.7/KahanSummation/test/runtests.jl:42
  Test threw an exception of type MethodError
  Expression: sum_kbn([2 + im 3 - im]) === 5 + 0im
  MethodError: zero(::Type{Union{}}) is ambiguous. Candidates:
    zero(::Union{Type{P}, P}) where P<:Dates.Period in Dates at /buildworker/worker/package_linux64/build/usr/share/julia/site/v0.7/Dates/src/periods.jl:44
    zero(::Type{T}) where T<:Number in Base at number.jl:243
  Possible fix, define
    zero(::Type{Union{}})
  Stacktrace:
   [1] sum_kbn(::Array{Complex{Int64},2}) at /home/vagrant/.julia/v0.7/KahanSummation/src/KahanSummation.jl:96
   [2] macro expansion at /home/vagrant/.julia/v0.7/KahanSummation/test/runtests.jl:42 [inlined]
   [3] macro expansion at /buildworker/worker/package_linux64/build/usr/share/julia/site/v0.7/Test/src/Test.jl:980 [inlined]
   [4] top-level scope at /home/vagrant/.julia/v0.7/KahanSummation/test/runtests.jl:37
sum_kbn: Error During Test at /home/vagrant/.julia/v0.7/KahanSummation/test/runtests.jl:43
  Test threw an exception of type MethodError
  Expression: sum_kbn([1 + im 2 + 3im]) === 3 + 4im
  MethodError: zero(::Type{Union{}}) is ambiguous. Candidates:
    zero(::Union{Type{P}, P}) where P<:Dates.Period in Dates at /buildworker/worker/package_linux64/build/usr/share/julia/site/v0.7/Dates/src/periods.jl:44
    zero(::Type{T}) where T<:Number in Base at number.jl:243
  Possible fix, define
    zero(::Type{Union{}})
  Stacktrace:
   [1] sum_kbn(::Array{Complex{Int64},2}) at /home/vagrant/.julia/v0.7/KahanSummation/src/KahanSummation.jl:96
   [2] macro expansion at /home/vagrant/.julia/v0.7/KahanSummation/test/runtests.jl:43 [inlined]
   [3] macro expansion at /buildworker/worker/package_linux64/build/usr/share/julia/site/v0.7/Test/src/Test.jl:980 [inlined]
   [4] top-level scope at /home/vagrant/.julia/v0.7/KahanSummation/test/runtests.jl:37
sum_kbn: Error During Test at /home/vagrant/.julia/v0.7/KahanSummation/test/runtests.jl:44
  Test threw an exception of type MethodError
  Expression: sum_kbn([7 8 9]) === sum_kbn([8 9 7])
  MethodError: zero(::Type{Union{}}) is ambiguous. Candidates:
    zero(::Union{Type{P}, P}) where P<:Dates.Period in Dates at /buildworker/worker/package_linux64/build/usr/share/julia/site/v0.7/Dates/src/periods.jl:44
    zero(::Type{T}) where T<:Number in Base at number.jl:243
  Possible fix, define
    zero(::Type{Union{}})
  Stacktrace:
   [1] sum_kbn(::Array{Int64,2}) at /home/vagrant/.julia/v0.7/KahanSummation/src/KahanSummation.jl:96
   [2] macro expansion at /home/vagrant/.julia/v0.7/KahanSummation/test/runtests.jl:44 [inlined]
   [3] macro expansion at /buildworker/worker/package_linux64/build/usr/share/julia/site/v0.7/Test/src/Test.jl:980 [inlined]
   [4] top-level scope at /home/vagrant/.julia/v0.7/KahanSummation/test/runtests.jl:37
sum_kbn: Error During Test at /home/vagrant/.julia/v0.7/KahanSummation/test/runtests.jl:45
  Test threw an exception of type MethodError
  Expression: sum_kbn((i for i = 1:1:10)) === sum_kbn((i for i = 10:-1:1))
  MethodError: zero(::Type{Union{}}) is ambiguous. Candidates:
    zero(::Union{Type{P}, P}) where P<:Dates.Period in Dates at /buildworker/worker/package_linux64/build/usr/share/julia/site/v0.7/Dates/src/periods.jl:44
    zero(::Type{T}) where T<:Number in Base at number.jl:243
  Possible fix, define
    zero(::Type{Union{}})
  Stacktrace:
   [1] sum_kbn(::Base.Generator{StepRange{Int64,Int64},getfield(, Symbol("##3#7"))}) at /home/vagrant/.julia/v0.7/KahanSummation/src/KahanSummation.jl:96
   [2] macro expansion at /home/vagrant/.julia/v0.7/KahanSummation/test/runtests.jl:45 [inlined]
   [3] macro expansion at /buildworker/worker/package_linux64/build/usr/share/julia/site/v0.7/Test/src/Test.jl:980 [inlined]
   [4] top-level scope at /home/vagrant/.julia/v0.7/KahanSummation/test/runtests.jl:37
sum_kbn: Error During Test at /home/vagrant/.julia/v0.7/KahanSummation/test/runtests.jl:46
  Test threw an exception of type MethodError
  Expression: sum_kbn([-0.0]) === -0.0
  MethodError: zero(::Type{Union{}}) is ambiguous. Candidates:
    zero(::Union{Type{P}, P}) where P<:Dates.Period in Dates at /buildworker/worker/package_linux64/build/usr/share/julia/site/v0.7/Dates/src/periods.jl:44
    zero(::Type{T}) where T<:Number in Base at number.jl:243
  Possible fix, define
    zero(::Type{Union{}})
  Stacktrace:
   [1] sum_kbn(::Array{Float64,1}) at /home/vagrant/.julia/v0.7/KahanSummation/src/KahanSummation.jl:96
   [2] macro expansion at /home/vagrant/.julia/v0.7/KahanSummation/test/runtests.jl:46 [inlined]
   [3] macro expansion at /buildworker/worker/package_linux64/build/usr/share/julia/site/v0.7/Test/src/Test.jl:980 [inlined]
   [4] top-level scope at /home/vagrant/.julia/v0.7/KahanSummation/test/runtests.jl:37
sum_kbn: Error During Test at /home/vagrant/.julia/v0.7/KahanSummation/test/runtests.jl:47
  Test threw an exception of type MethodError
  Expression: sum_kbn([-0.0, -0.0]) === -0.0
  MethodError: zero(::Type{Union{}}) is ambiguous. Candidates:
    zero(::Union{Type{P}, P}) where P<:Dates.Period in Dates at /buildworker/worker/package_linux64/build/usr/share/julia/site/v0.7/Dates/src/periods.jl:44
    zero(::Type{T}) where T<:Number in Base at number.jl:243
  Possible fix, define
    zero(::Type{Union{}})
  Stacktrace:
   [1] sum_kbn(::Array{Float64,1}) at /home/vagrant/.julia/v0.7/KahanSummation/src/KahanSummation.jl:96
   [2] macro expansion at /home/vagrant/.julia/v0.7/KahanSummation/test/runtests.jl:47 [inlined]
   [3] macro expansion at /buildworker/worker/package_linux64/build/usr/share/julia/site/v0.7/Test/src/Test.jl:980 [inlined]
   [4] top-level scope at /home/vagrant/.julia/v0.7/KahanSummation/test/runtests.jl:37
Test Summary: | Error  Total
sum_kbn       |    11     11
ERROR: LoadError: Some tests did not pass: 0 passed, 0 failed, 11 errored, 0 broken.
in expression starting at /home/vagrant/.julia/v0.7/KahanSummation/test/runtests.jl:36
┌ Error: ------------------------------------------------------------
│ # Testing failed for KahanSummation
│   exception = ErrorException("failed process: Process(`/home/vagrant/julia/bin/julia -Cnative -J/home/vagrant/julia/lib/julia/sys.so --compile=yes --depwarn=yes --code-coverage=none --color=no --compiled-modules=yes --check-bounds=yes --warn-overwrite=yes --startup-file=yes /home/vagrant/.julia/v0.7/KahanSummation/test/runtests.jl`, ProcessExited(1)) [1]")
└ @ Base.Pkg.Entry entry.jl:739
ERROR: KahanSummation had test errors

>>> End of log
