>>> 'Pkg.add("KCores")' log
INFO: Cloning cache of KCores from git://github.com/johnybx/KCores.jl.git
INFO: Installing BinDeps v0.4.2
INFO: Installing Conda v0.2.3
INFO: Installing DataStructures v0.4.5
INFO: Installing Graphs v0.6.0
INFO: Installing KCores v0.0.3
INFO: Installing MacroTools v0.3.0
INFO: Installing PyCall v1.7.0
INFO: Installing SHA v0.2.0
INFO: Installing URIParser v0.1.5
INFO: Building PyCall
INFO: No system-wide Python was found; got the following error:
could not spawn `'' -c "import distutils.sysconfig; print(distutils.sysconfig.get_config_var('VERSION'))"`: no such file or directory (ENOENT)
using the Python distribution in the Conda package
Fetching package metadata .......Error: HTTPError: 500 Server Error: Internal Server Error for url: https://repo.continuum.io/pkgs/pro/linux-64/repodata.json.bz2: https://repo.continuum.io/pkgs/pro/linux-64/

===============================[ ERROR: PyCall ]================================

LoadError: failed process: Process(setenv(`/home/vagrant/.julia/v0.4/Conda/deps/usr/bin/conda install -y numpy`,Union{ASCIIString,UTF8String}["PYTHON=","PATH=/usr/local/sbin:/usr/local/bin:/usr/sbin:/usr/bin:/sbin:/bin:/usr/games:/usr/local/games:/home/vagrant/julia/bin/","PWD=/vagrant/0.4AL","SHELL=/bin/bash","SSH_CONNECTION=10.0.2.2 41835 10.0.2.15 22","LD_LIBRARY_PATH=:/usr/local/lib/","CONDARC=/home/vagrant/.julia/v0.4/Conda/deps/usr/condarc-julia","MAIL=/var/mail/vagrant","LANG=en_US.UTF-8","SHLVL=3","LOGNAME=vagrant","XDG_RUNTIME_DIR=/run/user/1000","XDG_SESSION_ID=3","OLDPWD=/home/vagrant","SSH_CLIENT=10.0.2.2 41835 22","_=/usr/bin/timeout","USER=vagrant","TERM=vt100","HOME=/home/vagrant","OPENBLAS_MAIN_FREE=1","JAVA_HOME=/usr/lib/jvm/java-7-oracle","PYTHONIOENCODING=UTF-8"]), ProcessExited(1)) [1]
while loading /home/vagrant/.julia/v0.4/PyCall/deps/build.jl, in expression starting on line 17

================================================================================

================================[ BUILD ERRORS ]================================

WARNING: PyCall had build errors.

 - packages with build errors remain installed in /home/vagrant/.julia/v0.4
 - build the package(s) and all dependencies with `Pkg.build("PyCall")`
 - build a single package by running its `deps/build.jl` script

================================================================================
INFO: Package database updated

>>> 'Pkg.test("KCores")' log
Julia Version 0.4.6
Commit 2e358ce (2016-06-19 17:16 UTC)
Platform Info:
  System: Linux (x86_64-unknown-linux-gnu)
  CPU: Intel(R) Xeon(R) CPU E3-1241 v3 @ 3.50GHz
  WORD_SIZE: 64
           Ubuntu 14.04.5 LTS
  uname: Linux 3.13.0-92-generic #139-Ubuntu SMP Tue Jun 28 20:42:26 UTC 2016 x86_64 x86_64
Memory: 2.4471054077148438 GB (973.18359375 MB free)
Uptime: 32472.0 sec
Load Avg:  0.896484375  0.908203125  0.9423828125
Intel(R) Xeon(R) CPU E3-1241 v3 @ 3.50GHz: 
       speed         user         nice          sys         idle          irq
#1  3500 MHz    1467276 s       3039 s     151113 s    1216109 s         78 s
#2  3500 MHz     911322 s       3496 s     135522 s    2019791 s          1 s

  BLAS: libopenblas (USE64BITINT DYNAMIC_ARCH NO_AFFINITY Nehalem)
  LAPACK: libopenblas64_
  LIBM: libopenlibm
  LLVM: libLLVM-3.3
Environment:
  TERM = vt100
  LD_LIBRARY_PATH = :/usr/local/lib/
  PATH = /usr/local/sbin:/usr/local/bin:/usr/sbin:/usr/bin:/sbin:/bin:/usr/games:/usr/local/games:/home/vagrant/julia/bin/
  JAVA_HOME = /usr/lib/jvm/java-7-oracle
  HOME = /home/vagrant

Package Directory: /home/vagrant/.julia/v0.4
2 required packages:
 - JSON                          0.6.0
 - KCores                        0.0.3
9 additional packages:
 - BinDeps                       0.4.2
 - Compat                        0.8.6
 - Conda                         0.2.3
 - DataStructures                0.4.5
 - Graphs                        0.6.0
 - MacroTools                    0.3.0
 - PyCall                        1.7.0
 - SHA                           0.2.0
 - URIParser                     0.1.5
INFO: Testing KCores
INFO: Recompiling stale cache file /home/vagrant/.julia/lib/v0.4/PyCall.ji for module PyCall.
ERROR: LoadError: LoadError: PyCall not properly installed. Please run Pkg.build("PyCall")
 [inlined code] from /home/vagrant/.julia/v0.4/PyCall/src/startup.jl:45
 in anonymous at no file:0
 in include at ./boot.jl:261
 in include_from_node1 at ./loading.jl:320
 in include at ./boot.jl:261
 in include_from_node1 at ./loading.jl:320
 [inlined code] from none:2
 in anonymous at no file:0
 in process_options at ./client.jl:257
 in _start at ./client.jl:378
while loading /home/vagrant/.julia/v0.4/PyCall/src/startup.jl, in expression starting on line 42
while loading /home/vagrant/.julia/v0.4/PyCall/src/PyCall.jl, in expression starting on line 37
ERROR: LoadError: LoadError: Failed to precompile PyCall to /home/vagrant/.julia/lib/v0.4/PyCall.ji
 in error at ./error.jl:21
 in compilecache at loading.jl:400
 in recompile_stale at loading.jl:476
 in _require_from_serialized at loading.jl:83
 in _require_from_serialized at ./loading.jl:109
 in require at ./loading.jl:235
 in include at ./boot.jl:261
 in include_from_node1 at ./loading.jl:320
 [inlined code] from /home/vagrant/.julia/v0.4/KCores/test/runtests.jl:3
 in anonymous at no file:0
 in include at ./boot.jl:261
 in include_from_node1 at ./loading.jl:320
 in process_options at ./client.jl:280
 in _start at ./client.jl:378
while loading /home/vagrant/.julia/v0.4/KCores/test/pytests.jl, in expression starting on line 2
while loading /home/vagrant/.julia/v0.4/KCores/test/runtests.jl, in expression starting on line 2
===============================[ ERROR: KCores ]================================

failed process: Process(`/home/vagrant/julia/bin/julia --check-bounds=yes --code-coverage=none --color=no /home/vagrant/.julia/v0.4/KCores/test/runtests.jl`, ProcessExited(1)) [1]

================================================================================
ERROR: KCores had test errors
 in error at ./error.jl:21
 in test at pkg/entry.jl:803
 in anonymous at pkg/dir.jl:31
 in cd at file.jl:22
 in cd at pkg/dir.jl:31
 in test at pkg.jl:71
 in process_options at ./client.jl:257
 in _start at ./client.jl:378

>>> End of log
