>>> 'Pkg.add("KernelDensity")' log
INFO: Installing Calculus v0.1.15
INFO: Installing Distributions v0.8.10
INFO: Installing DualNumbers v0.1.5
INFO: Installing Grid v0.3.11
INFO: Installing KernelDensity v0.1.2
INFO: Installing NaNMath v0.1.1
INFO: Installing Optim v0.4.4
INFO: Installing PDMats v0.4.2
INFO: Installing WoodburyMatrices v0.1.5
INFO: Package database updated
INFO: METADATA is out-of-date — you may not have the latest version of KernelDensity
INFO: Use `Pkg.update()` to get the latest versions of your packages

>>> 'Pkg.test("KernelDensity")' log
Julia Version 0.3.12
Commit 80aa779 (2015-10-26 12:41 UTC)
Platform Info:
  System: Linux (x86_64-unknown-linux-gnu)
  CPU: Intel(R) Xeon(R) CPU E3-1241 v3 @ 3.50GHz
  WORD_SIZE: 64
           Ubuntu 14.04.4 LTS
  uname: Linux 3.13.0-92-generic #139-Ubuntu SMP Tue Jun 28 20:42:26 UTC 2016 x86_64 x86_64
Memory: 2.4471054077148438 GB (667.39453125 MB free)
Uptime: 23460.0 sec
Load Avg:  1.056640625  1.03271484375  1.07373046875
Intel(R) Xeon(R) CPU E3-1241 v3 @ 3.50GHz: 
       speed         user         nice          sys         idle          irq
#1  3495 MHz    1007125 s       6613 s     124387 s     908967 s         38 s
#2  3495 MHz     657748 s         93 s     110998 s    1437433 s          0 s

  BLAS: libopenblas (USE64BITINT DYNAMIC_ARCH NO_AFFINITY Nehalem)
  LAPACK: libopenblas
  LIBM: libopenlibm
  LLVM: libLLVM-3.3
Environment:
  TERM = vt100
  LD_LIBRARY_PATH = :/usr/local/lib/
  PATH = /usr/local/sbin:/usr/local/bin:/usr/sbin:/usr/bin:/sbin:/bin:/usr/games:/usr/local/games:/home/vagrant/julia/bin/
  JAVA_HOME = /usr/lib/jvm/java-7-oracle
  HOME = /home/vagrant

Package Directory: /home/vagrant/.julia/v0.3
3 required packages:
 - JSON                          0.5.4
 - KernelDensity                 0.1.2
 - Markdown                      0.3.0
36 additional packages:
 - ArrayViews                    0.6.4
 - BinDeps                       0.3.21
 - Calculus                      0.1.15
 - Codecs                        0.1.5
 - Compat                        0.8.6
 - ConfParser                    0.0.5              9792156f (dirty)
 - DataArrays                    0.2.20
 - DataFrames                    0.6.10
 - Dates                         0.3.2
 - Distributions                 0.8.10
 - Docile                        0.5.23
 - DualNumbers                   0.1.5
 - GZip                          0.2.19
 - GeoIP                         0.2.2              598fe5a8 (dirty)
 - GnuTLS                        0.0.5
 - GraphLayout                   0.2.0              a036673e (dirty)
 - Grid                          0.3.11
 - HttpCommon                    0.1.2
 - HttpParser                    0.0.13
 - IPNets                        0.2.0
 - Lazy                          0.10.1
 - MacroTools                    0.2.0
 - NaNMath                       0.1.1
 - Nettle                        0.2.3
 - Optim                         0.4.4
 - PDMats                        0.4.2
 - Reexport                      0.0.3
 - Requests                      0.2.4
 - SHA                           0.1.2
 - SortingAlgorithms             0.0.6
 - StatsBase                     0.7.4
 - StatsFuns                     0.2.2
 - URIParser                     0.0.7
 - WoodburyMatrices              0.1.5
 - ZipFile                       0.2.6
 - Zlib                          0.1.12
INFO: Testing KernelDensity
Running tests:
 * univariate.jl
 * bivariate.jl
INFO: KernelDensity tests passed
INFO: No packages to install, update or remove

>>> End of log
