>>> 'Pkg.add("KeyedFrames")' log
INFO: Cloning cache of KeyedFrames from https://github.com/invenia/KeyedFrames.jl.git
INFO: Installing BinaryProvider v0.3.2
INFO: Installing CategoricalArrays v0.3.10
INFO: Installing CodecZlib v0.4.3
INFO: Installing DataFrames v0.11.6
INFO: Installing DataStreams v0.3.6
INFO: Installing DataStructures v0.8.3
INFO: Installing KeyedFrames v0.2.1
INFO: Installing Missings v0.2.9
INFO: Installing NamedTuples v4.0.2
INFO: Installing Reexport v0.1.0
INFO: Installing SHA v0.5.7
INFO: Installing SortingAlgorithms v0.2.1
INFO: Installing StatsBase v0.23.0
INFO: Installing TranscodingStreams v0.5.2
INFO: Installing WeakRefStrings v0.4.7
INFO: Building CodecZlib
INFO: Package database updated

>>> 'Pkg.test("KeyedFrames")' log
Julia Version 0.6.3
Commit d55cadc350 (2018-05-28 20:20 UTC)
Platform Info:
  OS: Linux (x86_64-pc-linux-gnu)
  CPU: Intel(R) Xeon(R) CPU E3-1241 v3 @ 3.50GHz
  WORD_SIZE: 64
           Ubuntu 14.04.5 LTS
  uname: Linux 3.13.0-143-generic #192-Ubuntu SMP Tue Feb 27 10:45:36 UTC 2018 x86_64 x86_64
Memory: 2.939197540283203 GB (1427.78515625 MB free)
Uptime: 38332.0 sec
Load Avg:  0.99658203125  0.9853515625  1.02392578125
Intel(R) Xeon(R) CPU E3-1241 v3 @ 3.50GHz: 
       speed         user         nice          sys         idle          irq
#1  3499 MHz    2311915 s        959 s     193766 s     757263 s          8 s
#2  3499 MHz     384444 s       3719 s      69761 s    3317861 s          0 s

  BLAS: libopenblas (USE64BITINT DYNAMIC_ARCH NO_AFFINITY Nehalem)
  LAPACK: libopenblas64_
  LIBM: libopenlibm
  LLVM: libLLVM-3.9.1 (ORCJIT, haswell)
Environment:
  TERM = vt100
  LD_LIBRARY_PATH = :/usr/local/lib/
  PATH = /usr/local/sbin:/usr/local/bin:/usr/sbin:/usr/bin:/sbin:/bin:/usr/games:/usr/local/games:/home/vagrant/julia/bin/
  JAVA_HOME = /usr/lib/jvm/java-8-openjdk-amd64
  HOME = /home/vagrant

Package Directory: /home/vagrant/.julia/v0.6
2 required packages:
 - JSON                          0.17.2
 - KeyedFrames                   0.2.1
16 additional packages:
 - BinaryProvider                0.3.2
 - CategoricalArrays             0.3.10
 - CodecZlib                     0.4.3
 - Compat                        0.69.0
 - DataFrames                    0.11.6
 - DataStreams                   0.3.6
 - DataStructures                0.8.3
 - Missings                      0.2.9
 - NamedTuples                   4.0.2
 - Nullables                     0.0.5
 - Reexport                      0.1.0
 - SHA                           0.5.7
 - SortingAlgorithms             0.2.1
 - StatsBase                     0.23.0
 - TranscodingStreams            0.5.2
 - WeakRefStrings                0.4.7
INFO: Testing KeyedFrames
Test Summary: | Pass  Total
KeyedFrames   |  194    194
INFO: KeyedFrames tests passed

>>> End of log
