>>> 'Pkg.add("KLDivergence")' log
INFO: Cloning cache of KLDivergence from https://github.com/johnmyleswhite/KLDivergence.jl.git
INFO: Installing Distributions v0.9.0
INFO: Installing KLDivergence v0.0.0
INFO: Installing PDMats v0.4.2
INFO: Building Rmath
WARNING: Base.ASCIIString is deprecated, use String instead.
  likely near /home/vagrant/.julia/v0.5/Rmath/deps/build.jl:29
WARNING: Base.OS_NAME is deprecated.
  likely near /home/vagrant/.julia/v0.5/Rmath/deps/build.jl:29
WARNING: Base.OS_NAME is deprecated.
  likely near /home/vagrant/.julia/v0.5/Rmath/deps/build.jl:29
WARNING: Base.OS_NAME is deprecated.
  likely near /home/vagrant/.julia/v0.5/Rmath/deps/build.jl:29
WARNING: Base.OS_NAME is deprecated.
  likely near /home/vagrant/.julia/v0.5/Rmath/deps/build.jl:29
WARNING: Base.OS_NAME is deprecated.
  likely near /home/vagrant/.julia/v0.5/Rmath/deps/build.jl:29
WARNING: Base.OS_NAME is deprecated.
  likely near /home/vagrant/.julia/v0.5/Rmath/deps/build.jl:29
WARNING: Base.ASCIIString is deprecated, use String instead.
  likely near /home/vagrant/.julia/v0.5/Rmath/deps/build.jl:29
WARNING: Base.ASCIIString is deprecated, use String instead.
  likely near /home/vagrant/.julia/v0.5/Rmath/deps/build.jl:29
WARNING: Base.ASCIIString is deprecated, use String instead.
  likely near /home/vagrant/.julia/v0.5/Rmath/deps/build.jl:29
WARNING: Base.OS_NAME is deprecated.
  likely near /home/vagrant/.julia/v0.5/Rmath/deps/build.jl:29
WARNING: Base.OS_NAME is deprecated.
  likely near /home/vagrant/.julia/v0.5/Rmath/deps/build.jl:29
WARNING: Base.OS_NAME is deprecated.
  likely near /home/vagrant/.julia/v0.5/Rmath/deps/build.jl:29
WARNING: Base.ASCIIString is deprecated, use String instead.
  likely near /home/vagrant/.julia/v0.5/Rmath/deps/build.jl:29
WARNING: Base.OS_NAME is deprecated.
  likely near /home/vagrant/.julia/v0.5/Rmath/deps/build.jl:29
WARNING: Base.OS_NAME is deprecated.
  likely near /home/vagrant/.julia/v0.5/Rmath/deps/build.jl:29
WARNING: Base.OS_NAME is deprecated.
  likely near /home/vagrant/.julia/v0.5/Rmath/deps/build.jl:29
WARNING: Base.OS_NAME is deprecated.
  likely near /home/vagrant/.julia/v0.5/Rmath/deps/build.jl:29
WARNING: Base.OS_NAME is deprecated.
  likely near /home/vagrant/.julia/v0.5/Rmath/deps/build.jl:29
WARNING: Base.OS_NAME is deprecated.
  likely near /home/vagrant/.julia/v0.5/Rmath/deps/build.jl:29
WARNING: Base.ASCIIString is deprecated, use String instead.
  likely near /home/vagrant/.julia/v0.5/Rmath/deps/build.jl:29
WARNING: Base.ASCIIString is deprecated, use String instead.
  likely near /home/vagrant/.julia/v0.5/Rmath/deps/build.jl:29
WARNING: Base.ASCIIString is deprecated, use String instead.
  likely near /home/vagrant/.julia/v0.5/Rmath/deps/build.jl:29
WARNING: Base.ASCIIString is deprecated, use String instead.
  likely near /home/vagrant/.julia/v0.5/Rmath/deps/build.jl:29
WARNING: Base.ASCIIString is deprecated, use String instead.
  likely near /home/vagrant/.julia/v0.5/Rmath/deps/build.jl:29
WARNING: Base.OS_NAME is deprecated.
  likely near /home/vagrant/.julia/v0.5/Rmath/deps/build.jl:29
in applicable at /home/vagrant/.julia/v0.5/BinDeps/src/dependencies.jl
WARNING: Base.OS_NAME is deprecated.
  likely near /home/vagrant/.julia/v0.5/Rmath/deps/build.jl:29
in applicable at /home/vagrant/.julia/v0.5/BinDeps/src/dependencies.jl
WARNING: Base.ASCIIString is deprecated, use String instead.
  likely near /home/vagrant/.julia/v0.5/Rmath/deps/build.jl:29
WARNING: Base.ASCIIString is deprecated, use String instead.
  likely near /home/vagrant/.julia/v0.5/Rmath/deps/build.jl:29
WARNING: Base.ASCIIString is deprecated, use String instead.
  likely near /home/vagrant/.julia/v0.5/Rmath/deps/build.jl:29
WARNING: Base.OS_NAME is deprecated.
  likely near /home/vagrant/.julia/v0.5/Rmath/deps/build.jl:29
WARNING: Base.OS_NAME is deprecated.
  likely near /home/vagrant/.julia/v0.5/Rmath/deps/build.jl:29
WARNING: Base.OS_NAME is deprecated.
  likely near /home/vagrant/.julia/v0.5/Rmath/deps/build.jl:29
WARNING: Base.OS_NAME is deprecated.
  likely near /home/vagrant/.julia/v0.5/Rmath/deps/build.jl:29
WARNING: Base.OS_NAME is deprecated.
  likely near /home/vagrant/.julia/v0.5/Rmath/deps/build.jl:29
WARNING: Base.OS_NAME is deprecated.
  likely near /home/vagrant/.julia/v0.5/Rmath/deps/build.jl:29
WARNING: Base.OS_NAME is deprecated.
  likely near /home/vagrant/.julia/v0.5/Rmath/deps/build.jl:29
in can_provide at /home/vagrant/.julia/v0.5/BinDeps/src/dependencies.jl
WARNING: Base.OS_NAME is deprecated.
  likely near /home/vagrant/.julia/v0.5/Rmath/deps/build.jl:29
in can_provide at /home/vagrant/.julia/v0.5/BinDeps/src/dependencies.jl
INFO: Package database updated

>>> 'Pkg.test("KLDivergence")' log
No tests found.
>>> End of log
