>>> 'Pkg.add("Knet")' log
[ Info: Cloning cache of AutoGrad from https://github.com/denizyuret/AutoGrad.jl.git
[ Info: Cloning cache of Knet from https://github.com/denizyuret/Knet.jl.git
[ Info: Installing AutoGrad v0.0.10
[ Info: Installing Knet v0.9.0
[ Info: Building Knet
┌ Warning: `is_windows` is deprecated, use `Sys.iswindows` instead.
│   caller = top-level scope
└ @ Core :0
┌ Warning: `is_windows` is deprecated, use `Sys.iswindows` instead.
│   caller = top-level scope
└ @ Core :0
WARNING: importing deprecated binding Base.Libdl into __anon__.
WARNING: Base.Libdl is deprecated, run `using Libdl` instead.
  likely near /home/vagrant/.julia/v0.7/Knet/deps/build.jl:5
┌ Warning: `is_windows` is deprecated, use `Sys.iswindows` instead.
│   caller = top-level scope
└ @ Core :0
┌ Warning: Use of final value of loop variable `name` around /home/vagrant/.julia/v0.7/Knet/deps/build.jl:63 is deprecated. In the future the variable will be local to the loop instead.
└ @ nothing build.jl:63
┌ Warning: Deprecated syntax `implicit assignment to global variable `NVCC``.
│ Use `global NVCC` instead.
└ @ nothing none:0
┌ Warning: Deprecated syntax `implicit assignment to global variable `CXX``.
│ Use `global CXX` instead.
└ @ nothing none:0
WARNING: importing deprecated binding Base.Libdl into CUDAapi2.
WARNING: Base.Libdl is deprecated, run `using Libdl` instead.
  likely near /home/vagrant/.julia/v0.7/Knet/deps/build.jl:98
WARNING: Base.Libdl is deprecated, run `using Libdl` instead.
  likely near /home/vagrant/.julia/v0.7/Knet/deps/build.jl:98
WARNING: Base.Libdl is deprecated, run `using Libdl` instead.
  likely near /home/vagrant/.julia/v0.7/Knet/deps/build.jl:98
WARNING: Base.Libdl is deprecated, run `using Libdl` instead.
  likely near /home/vagrant/.julia/v0.7/Knet/deps/build.jl:98
WARNING: Base.Libdl is deprecated, run `using Libdl` instead.
  likely near /home/vagrant/.julia/v0.7/Knet/deps/build.jl:98
WARNING: Base.Libdl is deprecated, run `using Libdl` instead.
  likely near /home/vagrant/.julia/v0.7/Knet/deps/build.jl:98
WARNING: Base.Libdl is deprecated, run `using Libdl` instead.
  likely near /home/vagrant/.julia/v0.7/Knet/deps/build.jl:98
WARNING: Base.Libdl is deprecated, run `using Libdl` instead.
  likely near /home/vagrant/.julia/v0.7/Knet/deps/build.jl:98
WARNING: Base.Libdl is deprecated, run `using Libdl` instead.
  likely near /home/vagrant/.julia/v0.7/Knet/deps/build.jl:98
in find_library at /home/vagrant/.julia/v0.7/Knet/deps/discovery.jl
WARNING: Base.Libdl is deprecated, run `using Libdl` instead.
  likely near /home/vagrant/.julia/v0.7/Knet/deps/build.jl:98
in find_library at /home/vagrant/.julia/v0.7/Knet/deps/discovery.jl
┌ Warning: Deprecated syntax `implicit assignment to global variable `CXX``.
│ Use `global CXX` instead.
└ @ nothing none:0
┌ Warning: `is_windows` is deprecated, use `Sys.iswindows` instead.
│   caller = top-level scope at build.jl:137
└ @ Core build.jl:137
┌ Warning: `warn()` is deprecated, use `@warn` instead.
│   caller = #warn#946(::Base.Iterators.IndexValue{Union{},Union{},Tuple{},NamedTuple{(),Tuple{}}}, ::Function, ::String, ::Vararg{String,N} where N) at deprecated.jl:1177
└ @ Base deprecated.jl:1177
WARNING: nvcc not found, gpu kernels will not be compiled.
┌ Warning: `info()` is deprecated, use `@info` instead.
│   caller = inforun at build.jl:7 [inlined]
└ @ Core build.jl:7
INFO: `/usr/bin/gcc -O3 -Wall -fPIC -fopenmp -c conv.cpp`
┌ Warning: `is_windows` is deprecated, use `Sys.iswindows` instead.
│   caller = build_cxx() at build.jl:33
└ @ Main.__anon__ build.jl:33
┌ Warning: `info()` is deprecated, use `@info` instead.
│   caller = inforun at build.jl:7 [inlined]
└ @ Core build.jl:7
INFO: `/usr/bin/gcc -O3 -Wall -fPIC -fopenmp --shared -o libknet8.so conv.o`
┌ Warning: `info()` is deprecated, use `@info` instead.
│   caller = build() at build.jl:18
└ @ Main.__anon__ build.jl:18
INFO: Compiling Knet cache.
┌ Error: ------------------------------------------------------------
│ # Build failed for Knet
│   exception =
│    LoadError: MethodError: no method matching compilecache(::String)
│    Closest candidates are:
│      compilecache(!Matched::Base.PkgId) at loading.jl:1125
│    Stacktrace:
│     [1] build() at /home/vagrant/.julia/v0.7/Knet/deps/build.jl:19
│     [2] top-level scope
│     [3] include at ./boot.jl:292 [inlined]
│     [4] include_relative(::Module, ::String) at ./loading.jl:1011
│     [5] include at ./sysimg.jl:26 [inlined]
│     [6] include(::String) at ./loading.jl:1045
│     [7] top-level scope
│     [8] eval at ./boot.jl:295 [inlined]
│     [9] eval at ./sysimg.jl:71 [inlined]
│     [10] evalfile(::String, ::Array{String,1}) at ./loading.jl:1040 (repeats 2 times)
│     [11] #2 at ./none:14 [inlined]
│     [12] cd(::getfield(, Symbol("##2#5")){String}, ::String) at ./file.jl:70
│     [13] (::getfield(, Symbol("##1#3")))(::IOStream) at ./none:13
│     [14] open(::getfield(, Symbol("##1#3")), ::String, ::String) at ./iostream.jl:310
│     [15] top-level scope
│     [16] eval at ./boot.jl:295 [inlined]
│     [17] eval(::Module, ::Expr) at ./sysimg.jl:71
│     [18] process_options(::Base.JLOptions) at ./client.jl:311
│     [19] _start() at ./client.jl:386
│    in expression starting at /home/vagrant/.julia/v0.7/Knet/deps/build.jl:150
└ @ Main none:17
┌ Warning: ------------------------------------------------------------
│ # Build error summary
│ 
│ Knet had build errors.
│ 
│  - packages with build errors remain installed in /home/vagrant/.julia/v0.7
│  - build the package(s) and all dependencies with `Pkg.build("Knet")`
│  - build a single package by running its `deps/build.jl` script
└ @ Base.Pkg.Entry entry.jl:649
[ Info: Package database updated

>>> 'Pkg.test("Knet")' log
Julia Version 0.7.0-DEV.3519
Commit 5ecba29832 (2018-01-22 20:58 UTC)
Platform Info:
  OS: Linux (x86_64-pc-linux-gnu)
      Ubuntu 14.04.5 LTS
  uname: Linux 3.13.0-135-generic #184-Ubuntu SMP Wed Oct 18 11:55:51 UTC 2017 x86_64 x86_64
  CPU: Intel(R) Xeon(R) CPU E3-1241 v3 @ 3.50GHz: 
              speed         user         nice          sys         idle          irq
       #1  3500 MHz    2265588 s       6062 s     124686 s     647084 s         17 s
       #2  3500 MHz     523922 s        121 s      51475 s    2929301 s          0 s
       
  Memory: 2.93927001953125 GB (1153.7265625 MB free)
  Uptime: 35602.0 sec
  Load Avg:  0.9970703125  0.97802734375  0.95458984375
  WORD_SIZE: 64
  LIBM: libopenlibm
  LLVM: libLLVM-3.9.1 (ORCJIT, haswell)
Environment:
  TERM = vt100
  LD_LIBRARY_PATH = :/usr/local/lib/
  PATH = /usr/local/sbin:/usr/local/bin:/usr/sbin:/usr/bin:/sbin:/bin:/usr/games:/usr/local/games:/home/vagrant/julia/bin/
  JAVA_HOME = /usr/lib/jvm/java-8-openjdk-amd64
  HOME = /home/vagrant
Packages:
  Package Directory: /home/vagrant/.julia/v0.7
  Package Status:
2 required packages:
 - JSON                          0.16.4
 - Knet                          0.9.0
3 additional packages:
 - AutoGrad                      0.0.10
 - Compat                        0.49.0
 - Nullables                     0.0.3
[ Info: Testing Knet
WARNING: Base.Test is deprecated, run `using Test` instead.
  likely near /home/vagrant/.julia/v0.7/Knet/test/header.jl:1
WARNING: importing deprecated binding Base.Libdl into Knet.
WARNING: Base.Libdl is deprecated, run `using Libdl` instead.
  likely near /home/vagrant/.julia/v0.7/Knet/src/Knet.jl:15
┌ Warning: `importall` is deprecated, use `using` or individual `import` statements instead
│   caller = ip:0x0
└ @ Core :-1
WARNING: importing deprecated binding Base.sprand into AutoGrad.
WARNING: importing deprecated binding Base.Distributed into AutoGrad.
WARNING: importing deprecated binding Base.I into AutoGrad.
WARNING: importing deprecated binding Base.WorkerPool into AutoGrad.
WARNING: importing deprecated binding Base.rank into AutoGrad.
WARNING: importing deprecated binding Base.scale! into AutoGrad.
WARNING: importing deprecated binding Base.MersenneTwister into AutoGrad.
WARNING: importing deprecated binding Base.workers into AutoGrad.
WARNING: importing deprecated binding Base.unsafe_get into AutoGrad.
WARNING: importing deprecated binding Base.Dates into AutoGrad.
WARNING: importing deprecated binding Base.ConjMatrix into AutoGrad.
WARNING: importing deprecated binding Base.givens into AutoGrad.
WARNING: importing deprecated binding Base.nprocs into AutoGrad.
WARNING: importing deprecated binding Base.rmprocs into AutoGrad.
WARNING: importing deprecated binding Base.@fetch into AutoGrad.
WARNING: importing deprecated binding Base.schur into AutoGrad.
WARNING: importing deprecated binding Base.ObjectIdDict into AutoGrad.
WARNING: importing deprecated binding Base.Profile into AutoGrad.
WARNING: importing deprecated binding Base.RemoteException into AutoGrad.
WARNING: importing deprecated binding Base.@sprintf into AutoGrad.
WARNING: importing deprecated binding Base.isdiag into AutoGrad.
WARNING: importing deprecated binding Base.now into AutoGrad.
WARNING: importing deprecated binding Base.ArithmeticOverflows into AutoGrad.
WARNING: importing deprecated binding Base.CartesianRange into AutoGrad.
WARNING: importing deprecated binding Base.nzrange into AutoGrad.
WARNING: importing deprecated binding Base.Mmap into AutoGrad.
WARNING: importing deprecated binding Base.graphemes into AutoGrad.
WARNING: importing deprecated binding Base.issparse into AutoGrad.
WARNING: importing deprecated binding Base.iteratoreltype into AutoGrad.
WARNING: importing deprecated binding Base.triu! into AutoGrad.
WARNING: importing deprecated binding Base.manage into AutoGrad.
WARNING: importing deprecated binding Base.ishermitian into AutoGrad.
WARNING: importing deprecated binding Base.Libdl into AutoGrad.
WARNING: importing deprecated binding Base.φ into AutoGrad.
WARNING: importing deprecated binding Base.procs into AutoGrad.
WARNING: importing deprecated binding Base.sprandn into AutoGrad.
WARNING: importing deprecated binding Base.Range into AutoGrad.
WARNING: importing deprecated binding Base.cross into AutoGrad.
WARNING: importing deprecated binding Base.Base64EncodePipe into AutoGrad.
WARNING: importing deprecated binding Base.Hermitian into AutoGrad.
WARNING: importing deprecated binding Base.Adjoint into AutoGrad.
WARNING: importing deprecated binding Base.ordschur into AutoGrad.
WARNING: importing deprecated binding Base.lyap into AutoGrad.
WARNING: importing deprecated binding Base.vecnorm into AutoGrad.
WARNING: importing deprecated binding Base.WorkerConfig into AutoGrad.
WARNING: importing deprecated binding Base.bitrand into AutoGrad.
WARNING: importing deprecated binding Base.Future into AutoGrad.
WARNING: importing deprecated binding Base.triu into AutoGrad.
WARNING: importing deprecated binding Base.schurfact! into AutoGrad.
WARNING: importing deprecated binding Base.svds into AutoGrad.
WARNING: importing deprecated binding Base.launch into AutoGrad.
WARNING: importing deprecated binding Base.condskeel into AutoGrad.
WARNING: importing deprecated binding Base.SharedArray into AutoGrad.
WARNING: importing deprecated binding Base.ldltfact into AutoGrad.
WARNING: importing deprecated binding Base.randcycle! into AutoGrad.
WARNING: importing deprecated binding Base.RandomDevice into AutoGrad.
WARNING: importing deprecated binding Base.LowerTriangular into AutoGrad.
WARNING: importing deprecated binding Base.crc32c into AutoGrad.
WARNING: importing deprecated binding Base.cholfact! into AutoGrad.
WARNING: importing deprecated binding Base.Base64DecodePipe into AutoGrad.
WARNING: importing deprecated binding Base.issymmetric into AutoGrad.
WARNING: importing deprecated binding Base.Complex32 into AutoGrad.
WARNING: importing deprecated binding Base.addprocs into AutoGrad.
WARNING: importing deprecated binding Base.is_assigned_char into AutoGrad.
WARNING: importing deprecated binding Base.Symmetric into AutoGrad.
WARNING: importing deprecated binding Base.isposdef! into AutoGrad.
WARNING: importing deprecated binding Base.@spawn into AutoGrad.
WARNING: importing deprecated binding Base.lu into AutoGrad.
WARNING: importing deprecated binding Base.eigmax into AutoGrad.
WARNING: importing deprecated binding Base.IntSet into AutoGrad.
WARNING: importing deprecated binding Base.clear! into AutoGrad.
WARNING: importing deprecated binding Base.catalan into AutoGrad.
WARNING: importing deprecated binding Base.shuffle! into AutoGrad.
WARNING: importing deprecated binding Base.SerializationState into AutoGrad.
WARNING: importing deprecated binding Base.golden into AutoGrad.
WARNING: importing deprecated binding Base.@dateformat_str into AutoGrad.
WARNING: importing deprecated binding Base.@everywhere into AutoGrad.
WARNING: importing deprecated binding Base.lqfact into AutoGrad.
WARNING: importing deprecated binding Base.AbstractSparseArray into AutoGrad.
WARNING: importing deprecated binding Base.randsubseq into AutoGrad.
WARNING: importing deprecated binding Base.Random into AutoGrad.
WARNING: importing deprecated binding Base.randperm into AutoGrad.
WARNING: importing deprecated binding Base.AbstractSparseVector into AutoGrad.
WARNING: importing deprecated binding Base.SparseMatrixCSC into AutoGrad.
WARNING: importing deprecated binding Base.e into AutoGrad.
WARNING: importing deprecated binding Base.eigvals! into AutoGrad.
WARNING: importing deprecated binding Base.AbstractRNG into AutoGrad.
WARNING: importing deprecated binding Base.watch_file into AutoGrad.
WARNING: importing deprecated binding Base.@profile into AutoGrad.
WARNING: importing deprecated binding Base.RowVector into AutoGrad.
WARNING: importing deprecated binding Base.default_worker_pool into AutoGrad.
WARNING: importing deprecated binding Base.adjoint! into AutoGrad.
WARNING: importing deprecated binding Base.lufact! into AutoGrad.
WARNING: importing deprecated binding Base.tril into AutoGrad.
WARNING: importing deprecated binding Base.SymTridiagonal into AutoGrad.
WARNING: importing deprecated binding Base.svdfact into AutoGrad.
WARNING: importing deprecated binding Base.schurfact into AutoGrad.
WARNING: importing deprecated binding Base.Display into AutoGrad.
WARNING: importing deprecated binding Base.randstring into AutoGrad.
WARNING: importing deprecated binding Base.lq into AutoGrad.
WARNING: importing deprecated binding Base.eye into AutoGrad.
WARNING: importing deprecated binding Base.diff into AutoGrad.
WARNING: importing deprecated binding Base.trace into AutoGrad.
WARNING: importing deprecated binding Base.sparsevec into AutoGrad.
WARNING: importing deprecated binding Base.ClusterManager into AutoGrad.
WARNING: importing deprecated binding Base.spzeros into AutoGrad.
WARNING: importing deprecated binding Base.ordschur! into AutoGrad.
WARNING: importing deprecated binding Base.ConjVector into AutoGrad.
WARNING: importing deprecated binding Base.readcsv into AutoGrad.
WARNING: importing deprecated binding Base.sqrtm into AutoGrad.
WARNING: importing deprecated binding Base.eigvals into AutoGrad.
WARNING: importing deprecated binding Base.nonzeros into AutoGrad.
WARNING: importing deprecated binding Base.ldltfact! into AutoGrad.
WARNING: importing deprecated binding Base.det into AutoGrad.
WARNING: importing deprecated binding Base.@spawnat into AutoGrad.
WARNING: importing deprecated binding Base.γ into AutoGrad.
WARNING: importing deprecated binding Base.PollingFileWatcher into AutoGrad.
WARNING: importing deprecated binding Base.init_worker into AutoGrad.
WARNING: importing deprecated binding Base.norm into AutoGrad.
WARNING: importing deprecated binding Base.randperm! into AutoGrad.
WARNING: importing deprecated binding Base.linreg into AutoGrad.
WARNING: importing deprecated binding Base.@printf into AutoGrad.
WARNING: importing deprecated binding Base.@fetchfrom into AutoGrad.
WARNING: importing deprecated binding Base.eigfact! into AutoGrad.
WARNING: importing deprecated binding Base.sum_kbn into AutoGrad.
WARNING: importing deprecated binding Base.Tridiagonal into AutoGrad.
WARNING: importing deprecated binding Base.dropzeros into AutoGrad.
WARNING: importing deprecated binding Base.svdfact! into AutoGrad.
WARNING: importing deprecated binding Base.interrupt into AutoGrad.
WARNING: importing deprecated binding Base.FileMonitor into AutoGrad.
WARNING: importing deprecated binding Base.permute into AutoGrad.
WARNING: importing deprecated binding Base.pinv into AutoGrad.
WARNING: importing deprecated binding Base.diag into AutoGrad.
WARNING: importing deprecated binding Base.cond into AutoGrad.
WARNING: importing deprecated binding Base.base64decode into AutoGrad.
WARNING: importing deprecated binding Base.randsubseq! into AutoGrad.
WARNING: importing deprecated binding Base.speye into AutoGrad.
WARNING: importing deprecated binding Base.UpperTriangular into AutoGrad.
WARNING: importing deprecated binding Base.sylvester into AutoGrad.
WARNING: importing deprecated binding Base.REPL into AutoGrad.
WARNING: importing deprecated binding Base.remotecall_wait into AutoGrad.
WARNING: importing deprecated binding Base.serialize into AutoGrad.
WARNING: importing deprecated binding Base.Void into AutoGrad.
WARNING: importing deprecated binding Base.Associative into AutoGrad.
WARNING: importing deprecated binding Base.TypeArithmetic into AutoGrad.
WARNING: importing deprecated binding Base.writedlm into AutoGrad.
WARNING: importing deprecated binding Base.normalize_string into AutoGrad.
WARNING: importing deprecated binding Base.Serializer into AutoGrad.
WARNING: importing deprecated binding Base.Bidiagonal into AutoGrad.
WARNING: importing deprecated binding Base.deserialize into AutoGrad.
WARNING: importing deprecated binding Base.lufact into AutoGrad.
WARNING: importing deprecated binding Base.dot into AutoGrad.
WARNING: importing deprecated binding Base.nullspace into AutoGrad.
WARNING: importing deprecated binding Base.NullException into AutoGrad.
WARNING: importing deprecated binding Base.RemoteChannel into AutoGrad.
WARNING: importing deprecated binding Base.qr into AutoGrad.
WARNING: importing deprecated binding Base.spones into AutoGrad.
WARNING: importing deprecated binding Base.logabsdet into AutoGrad.
WARNING: importing deprecated binding Base.AbstractSerializer into AutoGrad.
WARNING: importing deprecated binding Base.svd into AutoGrad.
WARNING: importing deprecated binding Base.shuffle into AutoGrad.
WARNING: importing deprecated binding Base.expm! into AutoGrad.
WARNING: importing deprecated binding Base.HasOrder into AutoGrad.
WARNING: importing deprecated binding Base.cumsum_kbn into AutoGrad.
WARNING: importing deprecated binding Base.remote into AutoGrad.
WARNING: importing deprecated binding Base.Transpose into AutoGrad.
WARNING: importing deprecated binding Base.bkfact into AutoGrad.
WARNING: importing deprecated binding Base.srand into AutoGrad.
WARNING: importing deprecated binding Base.sparse into AutoGrad.
WARNING: importing deprecated binding Base.CachingPool into AutoGrad.
WARNING: importing deprecated binding Base.DateTime into AutoGrad.
WARNING: importing deprecated binding Base.istril into AutoGrad.
WARNING: importing deprecated binding Base.normalize! into AutoGrad.
WARNING: importing deprecated binding Base.hessfact into AutoGrad.
WARNING: importing deprecated binding Base.UniformScaling into AutoGrad.
WARNING: importing deprecated binding Base.LinAlg into AutoGrad.
WARNING: importing deprecated binding Base.AbstractSparseMatrix into AutoGrad.
WARNING: importing deprecated binding Base.Nullable into AutoGrad.
WARNING: importing deprecated binding Base.pmap into AutoGrad.
WARNING: importing deprecated binding Base.remotecall into AutoGrad.
WARNING: importing deprecated binding Base.eu into AutoGrad.
WARNING: importing deprecated binding Base.gradient into AutoGrad.
WARNING: importing deprecated binding Base.dropzeros! into AutoGrad.
WARNING: importing deprecated binding Base.bkfact! into AutoGrad.
WARNING: importing deprecated binding Base.Diagonal into AutoGrad.
WARNING: importing deprecated binding Base.writecsv into AutoGrad.
WARNING: importing deprecated binding Base.nworkers into AutoGrad.
WARNING: importing deprecated binding Base.ParseError into AutoGrad.
WARNING: importing deprecated binding Base.readdlm into AutoGrad.
WARNING: importing deprecated binding Base.spdiagm into AutoGrad.
WARNING: importing deprecated binding Base.myid into AutoGrad.
WARNING: importing deprecated binding Base.eulergamma into AutoGrad.
WARNING: importing deprecated binding Base.Complex128 into AutoGrad.
WARNING: importing deprecated binding Base.isnull into AutoGrad.
WARNING: importing deprecated binding Base.diagm into AutoGrad.
WARNING: importing deprecated binding Base.randn! into AutoGrad.
WARNING: importing deprecated binding Base.cholfact into AutoGrad.
WARNING: importing deprecated binding Base.chol into AutoGrad.
WARNING: importing deprecated binding Base.iteratorsize into AutoGrad.
WARNING: importing deprecated binding Base.lqfact! into AutoGrad.
WARNING: importing deprecated binding Base.isposdef into AutoGrad.
WARNING: importing deprecated binding Base.svdvals! into AutoGrad.
WARNING: importing deprecated binding Base.TypeRangeStep into AutoGrad.
WARNING: importing deprecated binding Base.rowvals into AutoGrad.
WARNING: importing deprecated binding Base.Test into AutoGrad.
WARNING: importing deprecated binding Base.Complex64 into AutoGrad.
WARNING: importing deprecated binding Base.DateFormat into AutoGrad.
WARNING: importing deprecated binding Base.ProcessExitedException into AutoGrad.
WARNING: importing deprecated binding Base.diagind into AutoGrad.
WARNING: importing deprecated binding Base.vecdot into AutoGrad.
WARNING: importing deprecated binding Base.blkdiag into AutoGrad.
WARNING: importing deprecated binding Base.eigvecs into AutoGrad.
WARNING: importing deprecated binding Base.base64encode into AutoGrad.
WARNING: importing deprecated binding Base.normalize into AutoGrad.
WARNING: importing deprecated binding Base.SparseVector into AutoGrad.
WARNING: importing deprecated binding Base.randexp! into AutoGrad.
WARNING: importing deprecated binding Base.logdet into AutoGrad.
WARNING: importing deprecated binding Base.transpose! into AutoGrad.
WARNING: importing deprecated binding Base.Terminals into AutoGrad.
WARNING: importing deprecated binding Base.poll_file into AutoGrad.
WARNING: importing deprecated binding Base.qrfact into AutoGrad.
WARNING: importing deprecated binding Base.peakflops into AutoGrad.
WARNING: importing deprecated binding Base.eig into AutoGrad.
WARNING: importing deprecated binding Base.eigmin into AutoGrad.
WARNING: importing deprecated binding Base.nnz into AutoGrad.
WARNING: importing deprecated binding Base.remote_do into AutoGrad.
WARNING: importing deprecated binding Base.@parallel into AutoGrad.
WARNING: importing deprecated binding Base.logm into AutoGrad.
WARNING: importing deprecated binding Base.rand! into AutoGrad.
WARNING: importing deprecated binding Base.randcycle into AutoGrad.
WARNING: importing deprecated binding Base.ConjArray into AutoGrad.
WARNING: importing deprecated binding Base.eigs into AutoGrad.
WARNING: importing deprecated binding Base.randexp into AutoGrad.
WARNING: importing deprecated binding Base.istriu into AutoGrad.
WARNING: importing deprecated binding Base.LineEdit into AutoGrad.
WARNING: importing deprecated binding Base.REPLCompletions into AutoGrad.
WARNING: importing deprecated binding Base.hessfact! into AutoGrad.
WARNING: importing deprecated binding Base.tril! into AutoGrad.
WARNING: importing deprecated binding Base.Factorization into AutoGrad.
WARNING: importing deprecated binding Base.TypeOrder into AutoGrad.
WARNING: importing deprecated binding Base.poll_fd into AutoGrad.
WARNING: importing deprecated binding Base.qrfact! into AutoGrad.
WARNING: importing deprecated binding Base.svdvals into AutoGrad.
WARNING: importing deprecated binding Base.factorize into AutoGrad.
WARNING: importing deprecated binding Base.eigfact into AutoGrad.
WARNING: importing deprecated binding Base.findnz into AutoGrad.
WARNING: importing deprecated binding Base.expm into AutoGrad.
WARNING: importing deprecated binding Base.remotecall_fetch into AutoGrad.
WARNING: importing deprecated binding Base.SparseArrays into AutoGrad.
WARNING: importing deprecated binding Base.randjump into AutoGrad.
┌ Warning: Deprecated syntax `isempty(r.kwargs)?` at /home/vagrant/.julia/v0.7/AutoGrad/src/core.jl:252.
│ Use `isempty(r.kwargs) ?` instead.
└ @ nothing core.jl:252
┌ Warning: Deprecated syntax `isempty(r.kwargs) ?'('` at /home/vagrant/.julia/v0.7/AutoGrad/src/core.jl:252.
│ Use `isempty(r.kwargs) ? '('` instead.
└ @ nothing core.jl:252
┌ Warning: Deprecated syntax `isempty(r.kwargs) ? ():` at /home/vagrant/.julia/v0.7/AutoGrad/src/core.jl:252.
│ Use `isempty(r.kwargs) ? () :` instead.
└ @ nothing core.jl:252
┌ Warning: Deprecated syntax `isempty(r.kwargs) ? () :(` at /home/vagrant/.julia/v0.7/AutoGrad/src/core.jl:252.
│ Use `isempty(r.kwargs) ? () : (` instead.
└ @ nothing core.jl:252
┌ Warning: Deprecated syntax `type` at /home/vagrant/.julia/v0.7/AutoGrad/src/core.jl:310.
│ Use `mutable struct` instead.
└ @ nothing core.jl:310
┌ Warning: Deprecated syntax `type` at /home/vagrant/.julia/v0.7/AutoGrad/src/core.jl:321.
│ Use `mutable struct` instead.
└ @ nothing core.jl:321
┌ Warning: Deprecated syntax `immutable` at /home/vagrant/.julia/v0.7/AutoGrad/src/core.jl:416.
│ Use `struct` instead.
└ @ nothing core.jl:416
ERROR: LoadError: LoadError: LoadError: Base.@printf has been moved to the standard library package Printf.
Restart Julia and then run `using Printf` to load it.
Stacktrace:
 [1] error(::Function, ::String, ::String, ::String, ::String, ::String, ::String) at ./error.jl:42
 [2] #@printf#894(::Base.Iterators.IndexValue{Union{},Union{},Tuple{},NamedTuple{(),Tuple{}}}, ::Function, ::LineNumberNode, ::Vararg{Any,N} where N) at ./deprecated.jl:138
 [3] @printf(::Vararg{Any,N} where N) at ./deprecated.jl:138
 [4] include at ./boot.jl:292 [inlined]
 [5] include_relative(::Module, ::String) at ./loading.jl:1011
 [6] include at ./sysimg.jl:26 [inlined]
 [7] include(::String) at /home/vagrant/.julia/v0.7/AutoGrad/src/AutoGrad.jl:3
 [8] top-level scope
 [9] include at ./boot.jl:292 [inlined]
 [10] include_relative(::Module, ::String) at ./loading.jl:1011
 [11] include(::Module, ::String) at ./sysimg.jl:26
 [12] top-level scope
 [13] eval at ./boot.jl:295 [inlined]
 [14] top-level scope at ./<missing>:3
in expression starting at /home/vagrant/.julia/v0.7/AutoGrad/src/core.jl:160
in expression starting at /home/vagrant/.julia/v0.7/AutoGrad/src/core.jl:107
in expression starting at /home/vagrant/.julia/v0.7/AutoGrad/src/AutoGrad.jl:26
ERROR: LoadError: Failed to precompile AutoGrad to /home/vagrant/.julia/lib/v0.7/AutoGrad.ji.
Stacktrace:
 [1] error at ./error.jl:33 [inlined]
 [2] compilecache(::Base.PkgId) at ./loading.jl:1155
 [3] _require(::Base.PkgId) at ./loading.jl:919
 [4] require(::Module, ::Symbol) at ./loading.jl:819
 [5] include at ./boot.jl:292 [inlined]
 [6] include_relative(::Module, ::String) at ./loading.jl:1011
 [7] include(::Module, ::String) at ./sysimg.jl:26
 [8] top-level scope
 [9] eval at ./boot.jl:295 [inlined]
 [10] top-level scope at ./<missing>:3
in expression starting at /home/vagrant/.julia/v0.7/Knet/src/Knet.jl:17
ERROR: LoadError: LoadError: LoadError: Failed to precompile Knet to /home/vagrant/.julia/lib/v0.7/Knet.ji.
Stacktrace:
 [1] error at ./error.jl:33 [inlined]
 [2] compilecache(::Base.PkgId) at ./loading.jl:1155
 [3] _require(::Base.PkgId) at ./loading.jl:948
 [4] require(::Module, ::Symbol) at ./loading.jl:819
 [5] include at ./boot.jl:292 [inlined]
 [6] include_relative(::Module, ::String) at ./loading.jl:1011
 [7] include(::Module, ::String) at ./sysimg.jl:26
 [8] include(::String) at ./sysimg.jl:65
 [9] top-level scope
 [10] include at ./boot.jl:292 [inlined]
 [11] include_relative(::Module, ::String) at ./loading.jl:1011
 [12] include(::Module, ::String) at ./sysimg.jl:26
 [13] include(::String) at ./sysimg.jl:65
 [14] top-level scope at util.jl:169
 [15] include at ./boot.jl:292 [inlined]
 [16] include_relative(::Module, ::String) at ./loading.jl:1011
 [17] include(::Module, ::String) at ./sysimg.jl:26
 [18] process_options(::Base.JLOptions) at ./client.jl:334
 [19] _start() at ./client.jl:386
in expression starting at /home/vagrant/.julia/v0.7/Knet/test/header.jl:1
in expression starting at /home/vagrant/.julia/v0.7/Knet/test/kptr.jl:1
in expression starting at /home/vagrant/.julia/v0.7/Knet/test/runtests.jl:169
┌ Error: ------------------------------------------------------------
│ # Testing failed for Knet
│   exception =
│    failed process: Process(`/home/vagrant/julia/bin/julia -Cnative -J/home/vagrant/julia/lib/julia/sys.so --compile=yes --depwarn=yes --code-coverage=none --color=no --compiled-modules=yes --check-bounds=yes --warn-overwrite=yes --startup-file=yes /home/vagrant/.julia/v0.7/Knet/test/runtests.jl`, ProcessExited(1)) [1]
│    Stacktrace:
│     [1] error(::String, ::Base.Process, ::String, ::Int64, ::String) at ./error.jl:42
│     [2] pipeline_error(::Base.Process) at ./process.jl:698
│     [3] run(::Cmd) at ./process.jl:660
│     [4] (::getfield(Base.Pkg.Entry, Symbol("##89#92")){Bool,String,Array{AbstractString,1}})() at ./pkg/entry.jl:729
│     [5] cd(::getfield(Base.Pkg.Entry, Symbol("##89#92")){Bool,String,Array{AbstractString,1}}, ::String) at ./file.jl:70
│     [6] #test!#88(::Bool, ::Function, ::String, ::Array{AbstractString,1}, ::Array{AbstractString,1}, ::Array{AbstractString,1}) at ./pkg/entry.jl:717
│     [7] (::getfield(Base.Pkg.Entry, Symbol("#kw##test!")))(::NamedTuple{(:coverage,),Tuple{Bool}}, ::typeof(Base.Pkg.Entry.test!), ::String, ::Array{AbstractString,1}, ::Array{AbstractString,1}, ::Array{AbstractString,1}) at ./<missing>:0
│     [8] #test#96(::Bool, ::Function, ::Array{AbstractString,1}) at ./pkg/entry.jl:756
│     [9] (::getfield(Base.Pkg.Entry, Symbol("#kw##test")))(::NamedTuple{(:coverage,),Tuple{Bool}}, ::typeof(Base.Pkg.Entry.test), ::Array{AbstractString,1}) at ./<missing>:0
│     [10] (::getfield(Base.Pkg.Dir, Symbol("##4#7")){Base.Iterators.IndexValue{Symbol,Bool,Tuple{Symbol},NamedTuple{(:coverage,),Tuple{Bool}}},typeof(Base.Pkg.Entry.test),Tuple{Array{AbstractString,1}}})() at ./pkg/dir.jl:36
│     [11] cd(::getfield(Base.Pkg.Dir, Symbol("##4#7")){Base.Iterators.IndexValue{Symbol,Bool,Tuple{Symbol},NamedTuple{(:coverage,),Tuple{Bool}}},typeof(Base.Pkg.Entry.test),Tuple{Array{AbstractString,1}}}, ::String) at ./file.jl:70
│     [12] #cd#1(::Base.Iterators.IndexValue{Symbol,Bool,Tuple{Symbol},NamedTuple{(:coverage,),Tuple{Bool}}}, ::Function, ::Function, ::Array{AbstractString,1}, ::Vararg{Array{AbstractString,1},N} where N) at ./pkg/dir.jl:36
│     [13] (::getfield(Base.Pkg.Dir, Symbol("#kw##cd")))(::NamedTuple{(:coverage,),Tuple{Bool}}, ::typeof(Base.Pkg.Dir.cd), ::Function, ::Array{AbstractString,1}, ::Vararg{Array{AbstractString,1},N} where N) at ./<missing>:0
│     [14] #test#3(::Bool, ::Function, ::String, ::Vararg{String,N} where N) at ./pkg/pkg.jl:274
│     [15] test(::String, ::Vararg{String,N} where N) at ./pkg/pkg.jl:274
│     [16] top-level scope
│     [17] eval at ./boot.jl:295 [inlined]
│     [18] eval(::Module, ::Expr) at ./sysimg.jl:71
│     [19] process_options(::Base.JLOptions) at ./client.jl:311
│     [20] _start() at ./client.jl:386
└ @ Base.Pkg.Entry entry.jl:732
ERROR: Knet had test errors

>>> End of log
