>>> 'Pkg.add("KShiftsClustering")' log
INFO: Cloning cache of KShiftsClustering from git://github.com/rened/KShiftsClustering.jl.git
INFO: Installing Devectorize v0.4.1
INFO: Installing FactCheck v0.3.1
INFO: Installing FunctionalData v0.0.12
INFO: Installing FunctionalDataUtils v0.0.7
INFO: Installing KDTrees v0.5.8
INFO: Installing KShiftsClustering v0.0.3
INFO: Installing MultivariateStats v0.2.1
INFO: Package database updated

>>> 'Pkg.test("KShiftsClustering")' log
Julia Version 0.4.0-dev+6661
Commit 9c3cb36 (2015-08-12 03:21 UTC)
Platform Info:
  System: Linux (x86_64-unknown-linux-gnu)
  CPU: Intel(R) Core(TM) i7-4960HQ CPU @ 2.60GHz
  WORD_SIZE: 64
  BLAS: libopenblas (USE64BITINT DYNAMIC_ARCH NO_AFFINITY Haswell)
  LAPACK: libopenblas
  LIBM: libopenlibm
  LLVM: libLLVM-3.3
INFO: Computing test dependencies for KShiftsClustering...
INFO: No packages to install, update or remove
INFO: Testing KShiftsClustering



Starting runtests.jl  ...

WARNING: deprecated syntax "== (" at /home/vagrant/.julia/v0.4/Devectorize/src/texpr.jl:40.
Use "==(" instead.

WARNING: deprecated syntax "!= (" at /home/vagrant/.julia/v0.4/Devectorize/src/texpr.jl:41.
Use "!=(" instead.

WARNING: deprecated syntax "== (" at /home/vagrant/.julia/v0.4/Devectorize/src/texpr.jl:50.
Use "==(" instead.

WARNING: deprecated syntax "!= (" at /home/vagrant/.julia/v0.4/Devectorize/src/texpr.jl:51.
Use "!=(" instead.

WARNING: deprecated syntax "== (" at /home/vagrant/.julia/v0.4/Devectorize/src/texpr.jl:58.
Use "==(" instead.

WARNING: deprecated syntax "!= (" at /home/vagrant/.julia/v0.4/Devectorize/src/texpr.jl:59.
Use "!=(" instead.

WARNING: deprecated syntax "== (" at /home/vagrant/.julia/v0.4/Devectorize/src/texpr.jl:67.
Use "==(" instead.

WARNING: deprecated syntax "!= (" at /home/vagrant/.julia/v0.4/Devectorize/src/texpr.jl:68.
Use "!=(" instead.

WARNING: deprecated syntax "== (" at /home/vagrant/.julia/v0.4/Devectorize/src/texpr.jl:94.
Use "==(" instead.

WARNING: deprecated syntax "!= (" at /home/vagrant/.julia/v0.4/Devectorize/src/texpr.jl:95.
Use "!=(" instead.

WARNING: deprecated syntax "== (" at /home/vagrant/.julia/v0.4/Devectorize/src/texpr.jl:104.
Use "==(" instead.

WARNING: deprecated syntax "!= (" at /home/vagrant/.julia/v0.4/Devectorize/src/texpr.jl:105.
Use "!=(" instead.

WARNING: deprecated syntax "== (" at /home/vagrant/.julia/v0.4/Devectorize/src/texpr.jl:114.
Use "==(" instead.

WARNING: deprecated syntax "!= (" at /home/vagrant/.julia/v0.4/Devectorize/src/texpr.jl:115.
Use "!=(" instead.

WARNING: deprecated syntax "== (" at /home/vagrant/.julia/v0.4/Devectorize/src/texpr.jl:125.
Use "==(" instead.

WARNING: deprecated syntax "!= (" at /home/vagrant/.julia/v0.4/Devectorize/src/texpr.jl:126.
Use "!=(" instead.

WARNING: deprecated syntax "== (" at /home/vagrant/.julia/v0.4/Devectorize/src/texpr.jl:133.
Use "==(" instead.

WARNING: deprecated syntax "!= (" at /home/vagrant/.julia/v0.4/Devectorize/src/texpr.jl:134.
Use "!=(" instead.

WARNING: deprecated syntax "== (" at /home/vagrant/.julia/v0.4/Devectorize/src/texpr.jl:142.
Use "==(" instead.

WARNING: deprecated syntax "!= (" at /home/vagrant/.julia/v0.4/Devectorize/src/texpr.jl:143.
Use "!=(" instead.

WARNING: deprecated syntax "== (" at /home/vagrant/.julia/v0.4/Devectorize/src/texpr.jl:151.
Use "==(" instead.

WARNING: deprecated syntax "!= (" at /home/vagrant/.julia/v0.4/Devectorize/src/texpr.jl:152.
Use "!=(" instead.

WARNING: deprecated syntax "== (" at /home/vagrant/.julia/v0.4/Devectorize/src/texpr.jl:160.
Use "==(" instead.

WARNING: deprecated syntax "!= (" at /home/vagrant/.julia/v0.4/Devectorize/src/texpr.jl:161.
Use "!=(" instead.

WARNING: deprecated syntax "== (" at /home/vagrant/.julia/v0.4/Devectorize/src/texpr.jl:199.
Use "==(" instead.

WARNING: deprecated syntax "!= (" at /home/vagrant/.julia/v0.4/Devectorize/src/texpr.jl:212.
Use "!=(" instead.

WARNING: deprecated syntax "== (" at /home/vagrant/.julia/v0.4/Devectorize/src/texpr.jl:225.
Use "==(" instead.

WARNING: deprecated syntax "!= (" at /home/vagrant/.julia/v0.4/Devectorize/src/texpr.jl:226.
Use "!=(" instead.

WARNING: deprecated syntax "== (" at /home/vagrant/.julia/v0.4/Devectorize/src/texpr.jl:236.
Use "==(" instead.

WARNING: deprecated syntax "!= (" at /home/vagrant/.julia/v0.4/Devectorize/src/texpr.jl:237.
Use "!=(" instead.
WARNING: the `=>` syntax is deprecated, use `-->` instead
all
WARNING: [a] concatenation is deprecated; use collect(a) instead
 in depwarn at ./deprecated.jl:63
 in oldstyle_vcat_warning at ./abstractarray.jl:29
 in vect at abstractarray.jl:32
 in anonymous at /home/vagrant/.julia/v0.4/FactCheck/src/FactCheck.jl:215
 in anonymous at /home/vagrant/.julia/v0.4/FactCheck/src/FactCheck.jl:218
 in do_fact at /home/vagrant/.julia/v0.4/FactCheck/src/FactCheck.jl:277
 in anonymous at /home/vagrant/.julia/v0.4/KShiftsClustering/test/runtests.jl:218
 in facts at /home/vagrant/.julia/v0.4/FactCheck/src/FactCheck.jl:391
 in include at ./boot.jl:254
 in include_from_node1 at ./loading.jl:264
 in process_options at ./client.jl:308
 in _start at ./client.jl:411
while loading /home/vagrant/.julia/v0.4/KShiftsClustering/test/runtests.jl, in expression starting on line 5
WARNING: [a] concatenation is deprecated; use collect(a) instead
 in depwarn at ./deprecated.jl:63
 in oldstyle_vcat_warning at ./abstractarray.jl:29
 in vect at abstractarray.jl:32
 in anonymous at /home/vagrant/.julia/v0.4/FactCheck/src/FactCheck.jl:216
 in anonymous at /home/vagrant/.julia/v0.4/FactCheck/src/FactCheck.jl:218
 in do_fact at /home/vagrant/.julia/v0.4/FactCheck/src/FactCheck.jl:277
 in anonymous at /home/vagrant/.julia/v0.4/KShiftsClustering/test/runtests.jl:218
 in facts at /home/vagrant/.julia/v0.4/FactCheck/src/FactCheck.jl:391
 in include at ./boot.jl:254
 in include_from_node1 at ./loading.jl:264
 in process_options at ./client.jl:308
 in _start at ./client.jl:411
while loading /home/vagrant/.julia/v0.4/KShiftsClustering/test/runtests.jl, in expression starting on line 5
2 facts verified.
INFO: KShiftsClustering tests passed
INFO: No packages to install, update or remove

>>> End of log
