>>> 'Pkg.add("LazyCall")' log
INFO: Cloning cache of LazyCall from https://github.com/bramtayl/LazyCall.jl.git
INFO: Installing DataStructures v0.8.3
INFO: Installing LazyCall v0.4.0
INFO: Installing MacroTools v0.4.2
INFO: Package database updated

>>> 'Pkg.test("LazyCall")' log
Julia Version 0.6.3
Commit d55cadc350 (2018-05-28 20:20 UTC)
Platform Info:
  OS: Linux (x86_64-pc-linux-gnu)
  CPU: Intel(R) Xeon(R) CPU E3-1241 v3 @ 3.50GHz
  WORD_SIZE: 64
           Ubuntu 14.04.5 LTS
  uname: Linux 3.13.0-143-generic #192-Ubuntu SMP Tue Feb 27 10:45:36 UTC 2018 x86_64 x86_64
Memory: 2.939197540283203 GB (962.59375 MB free)
Uptime: 43598.0 sec
Load Avg:  1.01416015625  1.0107421875  0.96533203125
Intel(R) Xeon(R) CPU E3-1241 v3 @ 3.50GHz: 
       speed         user         nice          sys         idle          irq
#1  3510 MHz    2659917 s        125 s     222172 s     799289 s         21 s
#2  3510 MHz     459648 s       4108 s      73754 s    3765053 s          0 s

  BLAS: libopenblas (USE64BITINT DYNAMIC_ARCH NO_AFFINITY Nehalem)
  LAPACK: libopenblas64_
  LIBM: libopenlibm
  LLVM: libLLVM-3.9.1 (ORCJIT, haswell)
Environment:
  TERM = vt100
  LD_LIBRARY_PATH = :/usr/local/lib/
  PATH = /usr/local/sbin:/usr/local/bin:/usr/sbin:/usr/bin:/sbin:/bin:/usr/games:/usr/local/games:/home/vagrant/julia/bin/
  JAVA_HOME = /usr/lib/jvm/java-8-openjdk-amd64
  HOME = /home/vagrant

Package Directory: /home/vagrant/.julia/v0.6
2 required packages:
 - JSON                          0.17.2
 - LazyCall                      0.4.0
4 additional packages:
 - Compat                        0.69.0
 - DataStructures                0.8.3
 - MacroTools                    0.4.2
 - Nullables                     0.0.5
INFO: Computing test dependencies for LazyCall...
INFO: Installing DocStringExtensions v0.4.4
INFO: Installing Documenter v0.18.0
INFO: Testing LazyCall
Documenter: setting up build directory.
Documenter: expanding markdown templates.
Documenter: building cross-references.
Documenter: running document checks.
 > checking for missing docstrings.
 > running doctests.
 > checking footnote links.
Documenter: populating indices.
Documenter: rendering document.
INFO: LazyCall tests passed
INFO: Removing DocStringExtensions v0.4.4
INFO: Removing Documenter v0.18.0

>>> End of log
