>>> 'Pkg.add("Lazy")' log
INFO: Installing Lazy v0.11.4
INFO: Installing MacroTools v0.3.2
INFO: Package database updated
INFO: METADATA is out-of-date — you may not have the latest version of Lazy
INFO: Use `Pkg.update()` to get the latest versions of your packages

>>> 'Pkg.test("Lazy")' log
Julia Version 0.4.7
Commit ae26b25 (2016-09-18 16:17 UTC)
Platform Info:
  System: Linux (x86_64-pc-linux-gnu)
  CPU: Intel(R) Xeon(R) CPU E3-1241 v3 @ 3.50GHz
  WORD_SIZE: 64
           Ubuntu 14.04.5 LTS
  uname: Linux 3.13.0-100-generic #147-Ubuntu SMP Tue Oct 18 16:48:51 UTC 2016 x86_64 x86_64
Memory: 2.939289093017578 GB (1427.7421875 MB free)
Uptime: 36815.0 sec
Load Avg:  1.01220703125  0.99072265625  0.9755859375
Intel(R) Xeon(R) CPU E3-1241 v3 @ 3.50GHz: 
       speed         user         nice          sys         idle          irq
#1  3499 MHz    1757218 s       3996 s     154864 s    1391634 s        146 s
#2  3499 MHz    1171353 s       3282 s     135169 s    2223278 s          2 s

  BLAS: libopenblas (USE64BITINT DYNAMIC_ARCH NO_AFFINITY Nehalem)
  LAPACK: libopenblas64_
  LIBM: libopenlibm
  LLVM: libLLVM-3.3
Environment:
  TERM = vt100
  LD_LIBRARY_PATH = :/usr/local/lib/
  PATH = /usr/local/sbin:/usr/local/bin:/usr/sbin:/usr/bin:/sbin:/bin:/usr/games:/usr/local/games:/home/vagrant/julia/bin/
  JAVA_HOME = /usr/lib/jvm/java-7-oracle
  HOME = /home/vagrant

Package Directory: /home/vagrant/.julia/v0.4
2 required packages:
 - JSON                          0.8.0
 - Lazy                          0.11.4
2 additional packages:
 - Compat                        0.9.3
 - MacroTools                    0.3.2
INFO: Computing test dependencies for Lazy...
INFO: Installing FactCheck v0.4.3
INFO: Testing Lazy
Lists
Out of 16 total facts:
  Verified: 15
  Pending:  1
Fibs
2 facts verified.
Primes
0 facts verified.
Even squares
1 fact verified.
Threading macros
3 facts verified.
Listables
1 fact verified.
INFO: Lazy tests passed
INFO: Removing FactCheck v0.4.3

>>> End of log
