>>> 'Pkg.add("LCA")' log
INFO: Cloning cache of LCA from https://github.com/fundamental/LCA.jl.git
INFO: Installing LCA v0.0.1
INFO: Package database updated

>>> 'Pkg.test("LCA")' log
Julia Version 0.6.2
Commit d386e40c17 (2017-12-13 18:08 UTC)
Platform Info:
  OS: Linux (x86_64-pc-linux-gnu)
  CPU: Intel(R) Xeon(R) CPU E3-1241 v3 @ 3.50GHz
  WORD_SIZE: 64
           Ubuntu 14.04.5 LTS
  uname: Linux 3.13.0-135-generic #184-Ubuntu SMP Wed Oct 18 11:55:51 UTC 2017 x86_64 x86_64
Memory: 2.93927001953125 GB (819.0078125 MB free)
Uptime: 4139.0 sec
Load Avg:  1.0263671875  0.9931640625  0.95458984375
Intel(R) Xeon(R) CPU E3-1241 v3 @ 3.50GHz: 
       speed         user         nice          sys         idle          irq
#1  3499 MHz     186163 s        100 s      10310 s     167900 s          4 s
#2  3499 MHz      55640 s         45 s       4983 s     346462 s          0 s

  BLAS: libopenblas (USE64BITINT DYNAMIC_ARCH NO_AFFINITY Nehalem)
  LAPACK: libopenblas64_
  LIBM: libopenlibm
  LLVM: libLLVM-3.9.1 (ORCJIT, haswell)
Environment:
  TERM = vt100
  LD_LIBRARY_PATH = :/usr/local/lib/
  PATH = /usr/local/sbin:/usr/local/bin:/usr/sbin:/usr/bin:/sbin:/bin:/usr/games:/usr/local/games:/home/vagrant/julia/bin/
  JAVA_HOME = /usr/lib/jvm/java-8-openjdk-amd64
  HOME = /home/vagrant

Package Directory: /home/vagrant/.julia/v0.6
2 required packages:
 - JSON                          0.16.3
 - LCA                           0.0.1
2 additional packages:
 - Compat                        0.41.0
 - Nullables                     0.0.1
INFO: Testing LCA
INFO: LCA tests passed

>>> End of log
