>>> 'Pkg.add("LevelDB")' log
INFO: Cloning cache of LevelDB from https://github.com/jerryzhenleicai/LevelDB.jl.git
INFO: Installing BinDeps v0.6.0
INFO: Installing LevelDB v1.1.3
INFO: Installing SHA v0.3.3
INFO: Installing URIParser v0.2.0
INFO: Building LevelDB
INFO: Attempting to Create directory /home/vagrant/.julia/v0.5/LevelDB/deps/downloads
INFO: Downloading file https://github.com/google/leveldb/archive/v1.18.tar.gz
  % Total    % Received % Xferd  Average Speed   Time    Time     Time  Current
                                 Dload  Upload   Total   Spent    Left  Speed
  0     0    0     0    0     0      0      0 --:--:-- --:--:-- --:--:--     0100   121    0   121    0     0    981      0 --:--:-- --:--:-- --:--:--   983
100  204k  100  204k    0     0   875k      0 --:--:-- --:--:-- --:--:--  875k
INFO: Done downloading file https://github.com/google/leveldb/archive/v1.18.tar.gz
INFO: Attempting to Create directory /home/vagrant/.julia/v0.5/LevelDB/deps/src
INFO: Attempting to Create directory /home/vagrant/.julia/v0.5/LevelDB/deps
INFO: Directory /home/vagrant/.julia/v0.5/LevelDB/deps already created
INFO: Attempting to Create directory /home/vagrant/.julia/v0.5/LevelDB/deps/usr/lib
INFO: Changing Directory to /home/vagrant/.julia/v0.5/LevelDB/deps/src/leveldb-1.18
g++ -pthread -shared -Wl,-soname -Wl,libleveldb.so.1 -I. -I./include -std=c++0x -fno-builtin-memcmp -pthread -DOS_LINUX -DLEVELDB_PLATFORM_POSIX -DLEVELDB_ATOMIC_PRESENT -O2 -DNDEBUG -fPIC db/builder.cc db/c.cc db/dbformat.cc db/db_impl.cc db/db_iter.cc db/dumpfile.cc db/filename.cc db/log_reader.cc db/log_writer.cc db/memtable.cc db/repair.cc db/table_cache.cc db/version_edit.cc db/version_set.cc db/write_batch.cc table/block_builder.cc table/block.cc table/filter_block.cc table/format.cc table/iterator.cc table/merger.cc table/table_builder.cc table/table.cc table/two_level_iterator.cc util/arena.cc util/bloom.cc util/cache.cc util/coding.cc util/comparator.cc util/crc32c.cc util/env.cc util/env_posix.cc util/filter_policy.cc util/hash.cc util/histogram.cc util/logging.cc util/options.cc util/status.cc  port/port_posix.cc -o libleveldb.so.1.18 
ln -fs libleveldb.so.1.18 libleveldb.so
ln -fs libleveldb.so.1.18 libleveldb.so.1
g++ -I. -I./include -std=c++0x -fno-builtin-memcmp -pthread -DOS_LINUX -DLEVELDB_PLATFORM_POSIX -DLEVELDB_ATOMIC_PRESENT -O2 -DNDEBUG -c db/builder.cc -o db/builder.o
g++ -I. -I./include -std=c++0x -fno-builtin-memcmp -pthread -DOS_LINUX -DLEVELDB_PLATFORM_POSIX -DLEVELDB_ATOMIC_PRESENT -O2 -DNDEBUG -c db/c.cc -o db/c.o
g++ -I. -I./include -std=c++0x -fno-builtin-memcmp -pthread -DOS_LINUX -DLEVELDB_PLATFORM_POSIX -DLEVELDB_ATOMIC_PRESENT -O2 -DNDEBUG -c db/dbformat.cc -o db/dbformat.o
g++ -I. -I./include -std=c++0x -fno-builtin-memcmp -pthread -DOS_LINUX -DLEVELDB_PLATFORM_POSIX -DLEVELDB_ATOMIC_PRESENT -O2 -DNDEBUG -c db/db_impl.cc -o db/db_impl.o
g++ -I. -I./include -std=c++0x -fno-builtin-memcmp -pthread -DOS_LINUX -DLEVELDB_PLATFORM_POSIX -DLEVELDB_ATOMIC_PRESENT -O2 -DNDEBUG -c db/db_iter.cc -o db/db_iter.o
g++ -I. -I./include -std=c++0x -fno-builtin-memcmp -pthread -DOS_LINUX -DLEVELDB_PLATFORM_POSIX -DLEVELDB_ATOMIC_PRESENT -O2 -DNDEBUG -c db/dumpfile.cc -o db/dumpfile.o
g++ -I. -I./include -std=c++0x -fno-builtin-memcmp -pthread -DOS_LINUX -DLEVELDB_PLATFORM_POSIX -DLEVELDB_ATOMIC_PRESENT -O2 -DNDEBUG -c db/filename.cc -o db/filename.o
g++ -I. -I./include -std=c++0x -fno-builtin-memcmp -pthread -DOS_LINUX -DLEVELDB_PLATFORM_POSIX -DLEVELDB_ATOMIC_PRESENT -O2 -DNDEBUG -c db/log_reader.cc -o db/log_reader.o
g++ -I. -I./include -std=c++0x -fno-builtin-memcmp -pthread -DOS_LINUX -DLEVELDB_PLATFORM_POSIX -DLEVELDB_ATOMIC_PRESENT -O2 -DNDEBUG -c db/log_writer.cc -o db/log_writer.o
g++ -I. -I./include -std=c++0x -fno-builtin-memcmp -pthread -DOS_LINUX -DLEVELDB_PLATFORM_POSIX -DLEVELDB_ATOMIC_PRESENT -O2 -DNDEBUG -c db/memtable.cc -o db/memtable.o
g++ -I. -I./include -std=c++0x -fno-builtin-memcmp -pthread -DOS_LINUX -DLEVELDB_PLATFORM_POSIX -DLEVELDB_ATOMIC_PRESENT -O2 -DNDEBUG -c db/repair.cc -o db/repair.o
g++ -I. -I./include -std=c++0x -fno-builtin-memcmp -pthread -DOS_LINUX -DLEVELDB_PLATFORM_POSIX -DLEVELDB_ATOMIC_PRESENT -O2 -DNDEBUG -c db/table_cache.cc -o db/table_cache.o
g++ -I. -I./include -std=c++0x -fno-builtin-memcmp -pthread -DOS_LINUX -DLEVELDB_PLATFORM_POSIX -DLEVELDB_ATOMIC_PRESENT -O2 -DNDEBUG -c db/version_edit.cc -o db/version_edit.o
g++ -I. -I./include -std=c++0x -fno-builtin-memcmp -pthread -DOS_LINUX -DLEVELDB_PLATFORM_POSIX -DLEVELDB_ATOMIC_PRESENT -O2 -DNDEBUG -c db/version_set.cc -o db/version_set.o
g++ -I. -I./include -std=c++0x -fno-builtin-memcmp -pthread -DOS_LINUX -DLEVELDB_PLATFORM_POSIX -DLEVELDB_ATOMIC_PRESENT -O2 -DNDEBUG -c db/write_batch.cc -o db/write_batch.o
g++ -I. -I./include -std=c++0x -fno-builtin-memcmp -pthread -DOS_LINUX -DLEVELDB_PLATFORM_POSIX -DLEVELDB_ATOMIC_PRESENT -O2 -DNDEBUG -c table/block_builder.cc -o table/block_builder.o
g++ -I. -I./include -std=c++0x -fno-builtin-memcmp -pthread -DOS_LINUX -DLEVELDB_PLATFORM_POSIX -DLEVELDB_ATOMIC_PRESENT -O2 -DNDEBUG -c table/block.cc -o table/block.o
g++ -I. -I./include -std=c++0x -fno-builtin-memcmp -pthread -DOS_LINUX -DLEVELDB_PLATFORM_POSIX -DLEVELDB_ATOMIC_PRESENT -O2 -DNDEBUG -c table/filter_block.cc -o table/filter_block.o
g++ -I. -I./include -std=c++0x -fno-builtin-memcmp -pthread -DOS_LINUX -DLEVELDB_PLATFORM_POSIX -DLEVELDB_ATOMIC_PRESENT -O2 -DNDEBUG -c table/format.cc -o table/format.o
g++ -I. -I./include -std=c++0x -fno-builtin-memcmp -pthread -DOS_LINUX -DLEVELDB_PLATFORM_POSIX -DLEVELDB_ATOMIC_PRESENT -O2 -DNDEBUG -c table/iterator.cc -o table/iterator.o
g++ -I. -I./include -std=c++0x -fno-builtin-memcmp -pthread -DOS_LINUX -DLEVELDB_PLATFORM_POSIX -DLEVELDB_ATOMIC_PRESENT -O2 -DNDEBUG -c table/merger.cc -o table/merger.o
g++ -I. -I./include -std=c++0x -fno-builtin-memcmp -pthread -DOS_LINUX -DLEVELDB_PLATFORM_POSIX -DLEVELDB_ATOMIC_PRESENT -O2 -DNDEBUG -c table/table_builder.cc -o table/table_builder.o
g++ -I. -I./include -std=c++0x -fno-builtin-memcmp -pthread -DOS_LINUX -DLEVELDB_PLATFORM_POSIX -DLEVELDB_ATOMIC_PRESENT -O2 -DNDEBUG -c table/table.cc -o table/table.o
g++ -I. -I./include -std=c++0x -fno-builtin-memcmp -pthread -DOS_LINUX -DLEVELDB_PLATFORM_POSIX -DLEVELDB_ATOMIC_PRESENT -O2 -DNDEBUG -c table/two_level_iterator.cc -o table/two_level_iterator.o
g++ -I. -I./include -std=c++0x -fno-builtin-memcmp -pthread -DOS_LINUX -DLEVELDB_PLATFORM_POSIX -DLEVELDB_ATOMIC_PRESENT -O2 -DNDEBUG -c util/arena.cc -o util/arena.o
g++ -I. -I./include -std=c++0x -fno-builtin-memcmp -pthread -DOS_LINUX -DLEVELDB_PLATFORM_POSIX -DLEVELDB_ATOMIC_PRESENT -O2 -DNDEBUG -c util/bloom.cc -o util/bloom.o
g++ -I. -I./include -std=c++0x -fno-builtin-memcmp -pthread -DOS_LINUX -DLEVELDB_PLATFORM_POSIX -DLEVELDB_ATOMIC_PRESENT -O2 -DNDEBUG -c util/cache.cc -o util/cache.o
g++ -I. -I./include -std=c++0x -fno-builtin-memcmp -pthread -DOS_LINUX -DLEVELDB_PLATFORM_POSIX -DLEVELDB_ATOMIC_PRESENT -O2 -DNDEBUG -c util/coding.cc -o util/coding.o
g++ -I. -I./include -std=c++0x -fno-builtin-memcmp -pthread -DOS_LINUX -DLEVELDB_PLATFORM_POSIX -DLEVELDB_ATOMIC_PRESENT -O2 -DNDEBUG -c util/comparator.cc -o util/comparator.o
g++ -I. -I./include -std=c++0x -fno-builtin-memcmp -pthread -DOS_LINUX -DLEVELDB_PLATFORM_POSIX -DLEVELDB_ATOMIC_PRESENT -O2 -DNDEBUG -c util/crc32c.cc -o util/crc32c.o
g++ -I. -I./include -std=c++0x -fno-builtin-memcmp -pthread -DOS_LINUX -DLEVELDB_PLATFORM_POSIX -DLEVELDB_ATOMIC_PRESENT -O2 -DNDEBUG -c util/env.cc -o util/env.o
g++ -I. -I./include -std=c++0x -fno-builtin-memcmp -pthread -DOS_LINUX -DLEVELDB_PLATFORM_POSIX -DLEVELDB_ATOMIC_PRESENT -O2 -DNDEBUG -c util/env_posix.cc -o util/env_posix.o
g++ -I. -I./include -std=c++0x -fno-builtin-memcmp -pthread -DOS_LINUX -DLEVELDB_PLATFORM_POSIX -DLEVELDB_ATOMIC_PRESENT -O2 -DNDEBUG -c util/filter_policy.cc -o util/filter_policy.o
g++ -I. -I./include -std=c++0x -fno-builtin-memcmp -pthread -DOS_LINUX -DLEVELDB_PLATFORM_POSIX -DLEVELDB_ATOMIC_PRESENT -O2 -DNDEBUG -c util/hash.cc -o util/hash.o
g++ -I. -I./include -std=c++0x -fno-builtin-memcmp -pthread -DOS_LINUX -DLEVELDB_PLATFORM_POSIX -DLEVELDB_ATOMIC_PRESENT -O2 -DNDEBUG -c util/histogram.cc -o util/histogram.o
g++ -I. -I./include -std=c++0x -fno-builtin-memcmp -pthread -DOS_LINUX -DLEVELDB_PLATFORM_POSIX -DLEVELDB_ATOMIC_PRESENT -O2 -DNDEBUG -c util/logging.cc -o util/logging.o
g++ -I. -I./include -std=c++0x -fno-builtin-memcmp -pthread -DOS_LINUX -DLEVELDB_PLATFORM_POSIX -DLEVELDB_ATOMIC_PRESENT -O2 -DNDEBUG -c util/options.cc -o util/options.o
g++ -I. -I./include -std=c++0x -fno-builtin-memcmp -pthread -DOS_LINUX -DLEVELDB_PLATFORM_POSIX -DLEVELDB_ATOMIC_PRESENT -O2 -DNDEBUG -c util/status.cc -o util/status.o
g++ -I. -I./include -std=c++0x -fno-builtin-memcmp -pthread -DOS_LINUX -DLEVELDB_PLATFORM_POSIX -DLEVELDB_ATOMIC_PRESENT -O2 -DNDEBUG -c port/port_posix.cc -o port/port_posix.o
rm -f libleveldb.a
ar -rs libleveldb.a db/builder.o db/c.o db/dbformat.o db/db_impl.o db/db_iter.o db/dumpfile.o db/filename.o db/log_reader.o db/log_writer.o db/memtable.o db/repair.o db/table_cache.o db/version_edit.o db/version_set.o db/write_batch.o table/block_builder.o table/block.o table/filter_block.o table/format.o table/iterator.o table/merger.o table/table_builder.o table/table.o table/two_level_iterator.o util/arena.o util/bloom.o util/cache.o util/coding.o util/comparator.o util/crc32c.o util/env.o util/env_posix.o util/filter_policy.o util/hash.o util/histogram.o util/logging.o util/options.o util/status.o port/port_posix.o
ar: creating libleveldb.a
INFO: Package database updated

>>> 'Pkg.test("LevelDB")' log
Julia Version 0.5.2
Commit f4c6c9d (2017-05-06 16:34 UTC)
Platform Info:
  OS: Linux (x86_64-pc-linux-gnu)
  CPU: Intel(R) Xeon(R) CPU E3-1241 v3 @ 3.50GHz
  WORD_SIZE: 64
           Ubuntu 14.04.5 LTS
  uname: Linux 3.13.0-135-generic #184-Ubuntu SMP Wed Oct 18 11:55:51 UTC 2017 x86_64 x86_64
Memory: 2.93927001953125 GB (590.6171875 MB free)
Uptime: 2979.0 sec
Load Avg:  1.24951171875  1.09814453125  0.92626953125
Intel(R) Xeon(R) CPU E3-1241 v3 @ 3.50GHz: 
       speed         user         nice          sys         idle          irq
#1  3500 MHz     122829 s         98 s      16560 s     133046 s          6 s
#2  3500 MHz      34706 s         40 s       6718 s     251669 s          0 s

  BLAS: libopenblas (USE64BITINT DYNAMIC_ARCH NO_AFFINITY Nehalem)
  LAPACK: libopenblas64_
  LIBM: libopenlibm
  LLVM: libLLVM-3.7.1 (ORCJIT, haswell)
Environment:
  TERM = vt100
  LD_LIBRARY_PATH = :/usr/local/lib/
  PATH = /usr/local/sbin:/usr/local/bin:/usr/sbin:/usr/bin:/sbin:/bin:/usr/games:/usr/local/games:/home/vagrant/julia/bin/
  JAVA_HOME = /usr/lib/jvm/java-8-openjdk-amd64
  HOME = /home/vagrant

Package Directory: /home/vagrant/.julia/v0.5
2 required packages:
 - JSON                          0.14.0
 - LevelDB                       1.1.3
4 additional packages:
 - BinDeps                       0.6.0
 - Compat                        0.37.0
 - SHA                           0.3.3
 - URIParser                     0.2.0
INFO: Testing LevelDB
String read back OK
Successfully deleted
Floating point array read back OK
All Tests Passed.
INFO: LevelDB tests passed

>>> End of log
