>>> 'Pkg.add("LibPSF")' log
INFO: Cloning cache of LibPSF from https://github.com/ma-laforge/LibPSF.jl.git
INFO: Installing LibPSF v0.1.1
INFO: Package database updated
INFO: METADATA is out-of-date — you may not have the latest version of LibPSF
INFO: Use `Pkg.update()` to get the latest versions of your packages

>>> 'Pkg.test("LibPSF")' log
Julia Version 0.5.0
Commit 3c9d753 (2016-09-19 18:14 UTC)
Platform Info:
  System: Linux (x86_64-pc-linux-gnu)
  CPU: Intel(R) Xeon(R) CPU E3-1241 v3 @ 3.50GHz
  WORD_SIZE: 64
           Ubuntu 14.04.5 LTS
  uname: Linux 3.13.0-105-generic #152-Ubuntu SMP Fri Dec 2 15:37:11 UTC 2016 x86_64 x86_64
Memory: 2.9392738342285156 GB (337.25 MB free)
Uptime: 42567.0 sec
Load Avg:  1.17138671875  1.68212890625  1.31982421875
Intel(R) Xeon(R) CPU E3-1241 v3 @ 3.50GHz: 
       speed         user         nice          sys         idle          irq
#1  3503 MHz    2598971 s        465 s     267163 s     863594 s        127 s
#2  3503 MHz     782296 s       6458 s     131869 s    3218445 s          3 s

  BLAS: libopenblas (USE64BITINT DYNAMIC_ARCH NO_AFFINITY Nehalem)
  LAPACK: libopenblas64_
  LIBM: libopenlibm
  LLVM: libLLVM-3.7.1 (ORCJIT, haswell)
Environment:
  TERM = vt100
  LD_LIBRARY_PATH = :/usr/local/lib/
  PATH = /usr/local/sbin:/usr/local/bin:/usr/sbin:/usr/bin:/sbin:/bin:/usr/games:/usr/local/games:/home/vagrant/julia/bin/
  JAVA_HOME = /usr/lib/jvm/java-7-oracle
  HOME = /home/vagrant

Package Directory: /home/vagrant/.julia/v0.5
2 required packages:
 - JSON                          0.8.0
 - LibPSF                        0.1.1
5 additional packages:
 - Compat                        0.10.0
 - CompilerTools                 0.2.1
 - DataStructures                0.4.6
 - DocOpt                        0.2.0
 - ParallelAccelerator           0.2.2              6da2e374 (dirty)
INFO: Testing LibPSF
WARNING: No real test code yet... just ensuring that "using" works.
INFO: See sample/demo*.jl for sample usage.
INFO: LibPSF tests passed

>>> End of log
