>>> 'Pkg.add("LibSndFile")' log
INFO: Cloning cache of LibSndFile from https://github.com/JuliaAudio/LibSndFile.jl.git
INFO: Installing BinDeps v0.4.5
INFO: Installing FileIO v0.1.2
INFO: Installing FixedPointNumbers v0.1.6
INFO: Installing LibSndFile v0.4.0
INFO: Installing SHA v0.2.1
INFO: Installing SIUnits v0.0.6
INFO: Installing SampledSignals v0.2.0
INFO: Installing TexExtensions v0.0.3
INFO: Installing URIParser v0.1.6
INFO: Building LibSndFile
WARNING: `@osx_only` is deprecated, use `@static if is_apple()` instead
 in depwarn(::String, ::Symbol) at ./deprecated.jl:64
 in @osx_only(::Any) at ./deprecated.jl:496
 in include_from_node1(::String) at ./loading.jl:488
 in evalfile(::String, ::Array{String,1}) at ./loading.jl:504 (repeats 2 times)
 in cd(::##2#4, ::String) at ./file.jl:59
 in (::##1#3)(::IOStream) at ./none:13
 in open(::##1#3, ::String, ::String) at ./iostream.jl:113
 in eval(::Module, ::Any) at ./boot.jl:234
 in process_options(::Base.JLOptions) at ./client.jl:239
 in _start() at ./client.jl:318
while loading /home/vagrant/.julia/v0.5/LibSndFile/deps/build.jl, in expression starting on line 13
INFO: Package database updated
INFO: METADATA is out-of-date — you may not have the latest version of LibSndFile
INFO: Use `Pkg.update()` to get the latest versions of your packages

>>> 'Pkg.test("LibSndFile")' log
Julia Version 0.5.0-rc4+0
Commit 9c76c3e (2016-09-09 01:43 UTC)
Platform Info:
  System: Linux (x86_64-pc-linux-gnu)
  CPU: Intel(R) Xeon(R) CPU E3-1241 v3 @ 3.50GHz
  WORD_SIZE: 64
           Ubuntu 14.04.5 LTS
  uname: Linux 3.13.0-95-generic #142-Ubuntu SMP Fri Aug 12 17:00:09 UTC 2016 x86_64 x86_64
Memory: 2.4471054077148438 GB (309.34375 MB free)
Uptime: 34257.0 sec
Load Avg:  1.41064453125  1.80908203125  1.419921875
Intel(R) Xeon(R) CPU E3-1241 v3 @ 3.50GHz: 
       speed         user         nice          sys         idle          irq
#1  3499 MHz    2023839 s       6148 s     202491 s     726163 s         60 s
#2  3499 MHz     843041 s        113 s     104301 s    2309972 s          3 s

  BLAS: libopenblas (USE64BITINT DYNAMIC_ARCH NO_AFFINITY Nehalem)
  LAPACK: libopenblas64_
  LIBM: libopenlibm
  LLVM: libLLVM-3.7.1 (ORCJIT, haswell)
Environment:
  TERM = vt100
  LD_LIBRARY_PATH = :/usr/local/lib/
  PATH = /usr/local/sbin:/usr/local/bin:/usr/sbin:/usr/bin:/sbin:/bin:/usr/games:/usr/local/games:/home/vagrant/julia/bin/
  JAVA_HOME = /usr/lib/jvm/java-7-oracle
  HOME = /home/vagrant

Package Directory: /home/vagrant/.julia/v0.5
2 required packages:
 - JSON                          0.7.0
 - LibSndFile                    0.4.0
9 additional packages:
 - BinDeps                       0.4.5
 - Compat                        0.9.2
 - FileIO                        0.1.2
 - FixedPointNumbers             0.1.6
 - SHA                           0.2.1
 - SIUnits                       0.0.6
 - SampledSignals                0.2.0
 - TexExtensions                 0.0.3
 - URIParser                     0.1.6
INFO: Computing test dependencies for LibSndFile...
INFO: Installing BaseTestNext v0.2.2
INFO: Testing LibSndFile
Test Summary:    | Pass  Total
  LibSndFile Tests |   61     61
INFO: LibSndFile tests passed
INFO: Removing BaseTestNext v0.2.2

>>> End of log
