>>> 'Pkg.add("LIBSVM")' log
g++ -Wall -Wconversion -O3 -fPIC -c svm.cpp
if [ "Linux" = "Darwin" ]; then 
	SHARED_LIB_FLAG="-dynamiclib -Wl,-install_name,libsvm.so.2"; 
else 
	SHARED_LIB_FLAG="-shared -Wl,-soname,libsvm.so.2"; 
fi; 
g++ ${SHARED_LIB_FLAG} svm.o -o libsvm.so.2
INFO: Installing LIBSVM v0.0.1
INFO: Building LIBSVM
INFO: Package database updated

>>> 'using LIBSVM' log
Julia Version 0.4.0-dev+542
Commit 17abdc3 (2014-09-11 05:07 UTC)
Platform Info:
  System: Linux (x86_64-unknown-linux-gnu)
  CPU: Intel(R) Xeon(R) CPU E5-2650 0 @ 2.00GHz
  WORD_SIZE: 64
  BLAS: libopenblas (USE64BITINT DYNAMIC_ARCH NO_AFFINITY Sandybridge)
  LAPACK: libopenblas
  LIBM: libopenlibm
  LLVM: libLLVM-3.3

>>> test log
*
optimization finished, #iter = 28
nu = 0.080068
obj = -2.134392, rho = 0.125505
nSV = 9, nBSV = 1
*
optimization finished, #iter = 27
nu = 0.068434
obj = -1.710646, rho = 0.214153
nSV = 8, nBSV = 0
*
optimization finished, #iter = 19
nu = 0.378916
obj = -13.743021, rho = -0.076648
nSV = 22, nBSV = 17
Total nSV = 30
*
optimization finished, #iter = 28
nu = 0.080068
obj = -2.134392, rho = 0.125505
nSV = 9, nBSV = 1
*
optimization finished, #iter = 27
nu = 0.068434
obj = -1.710646, rho = 0.214153
nSV = 8, nBSV = 0
*
optimization finished, #iter = 19
nu = 0.378916
obj = -13.743021, rho = -0.076648
nSV = 22, nBSV = 17
Total nSV = 30
INFO: Testing LIBSVM
INFO: LIBSVM tests passed
INFO: No packages to install, update or remove

>>> end of log
