>>> 'Pkg.add("LIBSVM")' log
[ Info: Cloning cache of LIBSVM from https://github.com/mpastell/LIBSVM.jl.git @ Base.Pkg.Cache cache.jl:43
[ Info: Cloning cache of ScikitLearnBase from https://github.com/cstjean/ScikitLearnBase.jl.git @ Base.Pkg.Cache cache.jl:43
[ Info: Installing LIBLINEAR v0.3.0 @ Base.Pkg.Entry entry.jl:543
[ Info: Installing LIBSVM v0.1.1 @ Base.Pkg.Entry entry.jl:543
[ Info: Installing ScikitLearnBase v0.3.0 @ Base.Pkg.Entry entry.jl:543
[ Info: Building LIBLINEAR @ Main none:10
┌ Warning: `is_windows` is deprecated, use `Sys.iswindows` instead.
│   caller = top-level scope
└ @ Core :0
if [ "Linux" = "Darwin" ]; then \
		SHARED_LIB_FLAG="-dynamiclib -Wl,-install_name,liblinear.so.3"; \
	else \
		SHARED_LIB_FLAG="-shared -Wl,-soname,liblinear.so.3"; \
	fi; \
	g++ ${SHARED_LIB_FLAG} linear.o tron.o blas/blas.a -o liblinear.so.3
[ Info: Building LIBSVM @ Main none:10
┌ Warning: `is_windows` is deprecated, use `Sys.iswindows` instead.
│   caller = top-level scope
└ @ Core :0
g++ -Wall -Wconversion -O3 -fPIC -c svm.cpp
if [ "Linux" = "Darwin" ]; then \
		SHARED_LIB_FLAG="-dynamiclib -Wl,-install_name,libsvm.so.2"; \
	else \
		SHARED_LIB_FLAG="-shared -Wl,-soname,libsvm.so.2"; \
	fi; \
	g++ ${SHARED_LIB_FLAG} svm.o -o libsvm.so.2
[ Info: Package database updated @ Base.Pkg.Entry entry.jl:32

>>> 'Pkg.test("LIBSVM")' log
Julia Version 0.7.0-DEV.3246
Commit 2138144d3a (2018-01-04 02:34 UTC)
Platform Info:
  OS: Linux (x86_64-pc-linux-gnu)
      Ubuntu 14.04.5 LTS
  uname: Linux 3.13.0-135-generic #184-Ubuntu SMP Wed Oct 18 11:55:51 UTC 2017 x86_64 x86_64
  CPU: Intel(R) Xeon(R) CPU E3-1241 v3 @ 3.50GHz: 
              speed         user         nice          sys         idle          irq
       #1  3507 MHz     385579 s        100 s      22394 s     168389 s          4 s
       #2  3507 MHz      77447 s         62 s       9770 s     567291 s          0 s
       
  Memory: 2.93927001953125 GB (787.68359375 MB free)
  Uptime: 6645.0 sec
  Load Avg:  1.0  1.06298828125  1.24267578125
  WORD_SIZE: 64
  BLAS: libopenblas (USE64BITINT DYNAMIC_ARCH NO_AFFINITY Nehalem)
  LAPACK: libopenblas64_
  LIBM: libopenlibm
  LLVM: libLLVM-3.9.1 (ORCJIT, haswell)
Environment:
  TERM = vt100
  LD_LIBRARY_PATH = :/usr/local/lib/
  PATH = /usr/local/sbin:/usr/local/bin:/usr/sbin:/usr/bin:/sbin:/bin:/usr/games:/usr/local/games:/home/vagrant/julia/bin/
  JAVA_HOME = /usr/lib/jvm/java-8-openjdk-amd64
  HOME = /home/vagrant
Packages:
  Package Directory: /home/vagrant/.julia/v0.7
  Package Status:
2 required packages:
 - JSON                          0.16.3
 - LIBSVM                        0.1.1
4 additional packages:
 - Compat                        0.42.0
 - LIBLINEAR                     0.3.0
 - Nullables                     0.0.2
 - ScikitLearnBase               0.3.0
[ Info: Computing test dependencies for LIBSVM... @ Base.Pkg.Entry entry.jl:713
[ Info: Cloning cache of RData from https://github.com/JuliaData/RData.jl.git @ Base.Pkg.Cache cache.jl:43
[ Info: Cloning cache of RDatasets from https://github.com/johnmyleswhite/RDatasets.jl.git @ Base.Pkg.Cache cache.jl:43
[ Info: Installing BinDeps v0.8.2 @ Base.Pkg.Entry entry.jl:543
[ Info: Installing CodecZlib v0.4.1 @ Base.Pkg.Entry entry.jl:543
[ Info: Installing DataArrays v0.6.2 @ Base.Pkg.Entry entry.jl:543
[ Info: Installing DataFrames v0.10.1 @ Base.Pkg.Entry entry.jl:543
[ Info: Installing DataStructures v0.7.3 @ Base.Pkg.Entry entry.jl:543
[ Info: Installing FileIO v0.6.1 @ Base.Pkg.Entry entry.jl:543
[ Info: Installing GZip v0.3.0 @ Base.Pkg.Entry entry.jl:543
[ Info: Installing RData v0.2.0 @ Base.Pkg.Entry entry.jl:543
[ Info: Installing RDatasets v0.2.0 @ Base.Pkg.Entry entry.jl:543
[ Info: Installing Reexport v0.1.0 @ Base.Pkg.Entry entry.jl:543
[ Info: Installing SHA v0.5.2 @ Base.Pkg.Entry entry.jl:543
[ Info: Installing SortingAlgorithms v0.2.0 @ Base.Pkg.Entry entry.jl:543
[ Info: Installing SpecialFunctions v0.3.6 @ Base.Pkg.Entry entry.jl:543
[ Info: Installing StatsBase v0.19.4 @ Base.Pkg.Entry entry.jl:543
[ Info: Installing TranscodingStreams v0.4.1 @ Base.Pkg.Entry entry.jl:543
[ Info: Installing URIParser v0.3.0 @ Base.Pkg.Entry entry.jl:543
[ Info: Building SpecialFunctions @ Main none:10
WARNING: importing deprecated binding Base.Void into __anon__.
WARNING: Base.Void is deprecated, use Nothing instead.
  likely near /home/vagrant/.julia/v0.7/SpecialFunctions/deps/build.jl:6
WARNING: Base.Void is deprecated, use Nothing instead.
  likely near /home/vagrant/.julia/v0.7/SpecialFunctions/deps/build.jl:6
WARNING: Base.Void is deprecated, use Nothing instead.
  likely near /home/vagrant/.julia/v0.7/SpecialFunctions/deps/build.jl:6
WARNING: Base.Void is deprecated, use Nothing instead.
  likely near /home/vagrant/.julia/v0.7/SpecialFunctions/deps/build.jl:6
WARNING: Base.Void is deprecated, use Nothing instead.
  likely near /home/vagrant/.julia/v0.7/SpecialFunctions/deps/build.jl:6
WARNING: Base.Void is deprecated, use Nothing instead.
  likely near /home/vagrant/.julia/v0.7/SpecialFunctions/deps/build.jl:6
WARNING: importing deprecated binding Base.Associative into BinDeps.
WARNING: Base.Associative is deprecated, use AbstractDict instead.
  likely near /home/vagrant/.julia/v0.7/SpecialFunctions/deps/binaries.jl:44
in @install at /home/vagrant/.julia/v0.7/BinDeps/src/dependencies.jl
┌ Warning: `unshift!` is deprecated, use `pushfirst!` instead.
│   caller = #_find_library#48(::Type, ::Function, ::BinDeps.LibraryDependency) at dependencies.jl:652
└ @ BinDeps dependencies.jl:652
┌ Warning: `unshift!` is deprecated, use `pushfirst!` instead.
│   caller = #_find_library#48(::DataType, ::Function, ::BinDeps.LibraryDependency) at dependencies.jl:652
└ @ BinDeps dependencies.jl:652
[ Info: Testing LIBSVM @ Base.Pkg.Entry entry.jl:723
┌ Warning: Deprecated syntax `immutable` at /home/vagrant/.julia/v0.7/LIBSVM/src/LIBSVM.jl:15.
│ Use `struct` instead.
└ @ nothing LIBSVM.jl:15
┌ Warning: Deprecated syntax `immutable` at /home/vagrant/.julia/v0.7/LIBSVM/src/LIBSVM.jl:42.
│ Use `struct` instead.
└ @ nothing LIBSVM.jl:42
┌ Warning: Deprecated syntax `immutable` at /home/vagrant/.julia/v0.7/LIBSVM/src/LIBSVM.jl:118.
│ Use `struct` instead.
└ @ nothing LIBSVM.jl:118
┌ Warning: Deprecated syntax `immutable` at /home/vagrant/.julia/v0.7/LIBSVM/src/LIBSVM.jl:15.
│ Use `struct` instead.
└ @ nothing LIBSVM.jl:15
┌ Warning: Deprecated syntax `immutable` at /home/vagrant/.julia/v0.7/LIBSVM/src/LIBSVM.jl:42.
│ Use `struct` instead.
└ @ nothing LIBSVM.jl:42
┌ Warning: Deprecated syntax `immutable` at /home/vagrant/.julia/v0.7/LIBSVM/src/LIBSVM.jl:118.
│ Use `struct` instead.
└ @ nothing LIBSVM.jl:118
┌ Warning: Deprecated syntax `immutable` at /home/vagrant/.julia/v0.7/LIBLINEAR/src/LIBLINEAR.jl:23.
│ Use `struct` instead.
└ @ nothing LIBLINEAR.jl:23
┌ Warning: Deprecated syntax `immutable` at /home/vagrant/.julia/v0.7/LIBLINEAR/src/LIBLINEAR.jl:28.
│ Use `struct` instead.
└ @ nothing LIBLINEAR.jl:28
┌ Warning: Deprecated syntax `immutable` at /home/vagrant/.julia/v0.7/LIBLINEAR/src/LIBLINEAR.jl:36.
│ Use `struct` instead.
└ @ nothing LIBLINEAR.jl:36
┌ Warning: Deprecated syntax `immutable` at /home/vagrant/.julia/v0.7/LIBLINEAR/src/LIBLINEAR.jl:47.
│ Use `struct` instead.
└ @ nothing LIBLINEAR.jl:47
┌ Warning: Deprecated syntax `type` at /home/vagrant/.julia/v0.7/LIBLINEAR/src/LIBLINEAR.jl:57.
│ Use `mutable struct` instead.
└ @ nothing LIBLINEAR.jl:57
WARNING: importing deprecated binding Base.Void into LIBLINEAR.
WARNING: Base.Void is deprecated, use Nothing instead.
  likely near /home/vagrant/.julia/v0.7/LIBLINEAR/src/LIBLINEAR.jl:70
WARNING: Base.Void is deprecated, use Nothing instead.
  likely near /home/vagrant/.julia/v0.7/LIBLINEAR/src/LIBLINEAR.jl:70
┌ Warning: Deprecated syntax `parametric method syntax grp2idx{T, S <: Real}(::Type{S}, labels::AbstractVector, label_dict::Dict{T, Cint}, reverse_labels::Vector{T})` around /home/vagrant/.julia/v0.7/LIBLINEAR/src/LIBLINEAR.jl:114.
│ Use `grp2idx(#unused#::Type{S}, labels::AbstractVector, label_dict::Dict{T, Cint}, reverse_labels::Vector{T}) where {T, S <: Real}` instead.
└ @ nothing LIBLINEAR.jl:114
┌ Warning: Deprecated syntax `parametric method syntax indices_and_weights{T, U <: Real}(labels::AbstractVector{T}, instances::AbstractMatrix{U}, weights::Union{Dict{T, Float64}, Void} = nothing)` around /home/vagrant/.julia/v0.7/LIBLINEAR/src/LIBLINEAR.jl:133.
│ Use `indices_and_weights(labels::AbstractVector{T}, instances::AbstractMatrix{U}, weights::Union{Dict{T, Float64}, Void} = nothing) where {T, U <: Real}` instead.
└ @ nothing LIBLINEAR.jl:133
WARNING: Base.Void is deprecated, use Nothing instead.
  likely near /home/vagrant/.julia/v0.7/LIBLINEAR/src/LIBLINEAR.jl:128
┌ Warning: Deprecated syntax `parametric method syntax instances2nodes{U <: Real}(instances::AbstractMatrix{U})` around /home/vagrant/.julia/v0.7/LIBLINEAR/src/LIBLINEAR.jl:157.
│ Use `instances2nodes(instances::AbstractMatrix{U}) where U <: Real` instead.
└ @ nothing LIBLINEAR.jl:157
┌ Warning: Deprecated syntax `parametric method syntax instances2nodes{U <: Real}(instances::SparseMatrixCSC{U})` around /home/vagrant/.julia/v0.7/LIBLINEAR/src/LIBLINEAR.jl:177.
│ Use `instances2nodes(instances::SparseMatrixCSC{U}) where U <: Real` instead.
└ @ nothing LIBLINEAR.jl:177
┌ Warning: Deprecated syntax `parametric method syntax linear_train{T, U <: Real}(labels::AbstractVector{T}, instances::AbstractMatrix{U}; weights::Union{Dict{T, Float64}, Void} = nothing, solver_type::Cint = L2R_L2LOSS_SVC_DUAL, eps::Real = Inf, C::Real = 1, p::Real = 0.1, init_sol::Ptr{Float64} = convert(Ptr{Float64}, C_NULL), bias::Real = -1, verbose::Bool = false)` around /home/vagrant/.julia/v0.7/LIBLINEAR/src/LIBLINEAR.jl:212.
│ Use `linear_train(labels::AbstractVector{T}, instances::AbstractMatrix{U}; weights::Union{Dict{T, Float64}, Void} = nothing, solver_type::Cint = L2R_L2LOSS_SVC_DUAL, eps::Real = Inf, C::Real = 1, p::Real = 0.1, init_sol::Ptr{Float64} = convert(Ptr{Float64}, C_NULL), bias::Real = -1, verbose::Bool = false) where {T, U <: Real}` instead.
└ @ nothing LIBLINEAR.jl:212
WARNING: Base.Void is deprecated, use Nothing instead.
  likely near /home/vagrant/.julia/v0.7/LIBLINEAR/src/LIBLINEAR.jl:199
WARNING: Base.Void is deprecated, use Nothing instead.
  likely near /home/vagrant/.julia/v0.7/LIBLINEAR/src/LIBLINEAR.jl:199
┌ Warning: Deprecated syntax `parametric method syntax linear_predict{T, U <: Real}(model::LinearModel{T}, instances::AbstractMatrix{U}; probability_estimates::Bool = false, verbose::Bool = false)` around /home/vagrant/.julia/v0.7/LIBLINEAR/src/LIBLINEAR.jl:277.
│ Use `linear_predict(model::LinearModel{T}, instances::AbstractMatrix{U}; probability_estimates::Bool = false, verbose::Bool = false) where {T, U <: Real}` instead.
└ @ nothing LIBLINEAR.jl:277
WARNING: Base.Void is deprecated, use Nothing instead.
  likely near /home/vagrant/.julia/v0.7/LIBLINEAR/src/LIBLINEAR.jl:272
┌ Warning: Deprecated syntax `immutable` at /home/vagrant/.julia/v0.7/LIBSVM/src/LibSVMtypes.jl:2.
│ Use `struct` instead.
└ @ nothing LibSVMtypes.jl:2
┌ Warning: Deprecated syntax `immutable` at /home/vagrant/.julia/v0.7/LIBSVM/src/LibSVMtypes.jl:7.
│ Use `struct` instead.
└ @ nothing LibSVMtypes.jl:7
┌ Warning: Deprecated syntax `immutable` at /home/vagrant/.julia/v0.7/LIBSVM/src/LibSVMtypes.jl:13.
│ Use `struct` instead.
└ @ nothing LibSVMtypes.jl:13
┌ Warning: Deprecated syntax `immutable` at /home/vagrant/.julia/v0.7/LIBSVM/src/LibSVMtypes.jl:32.
│ Use `struct` instead.
└ @ nothing LibSVMtypes.jl:32
WARNING: importing deprecated binding Base.Void into LIBSVM.
WARNING: Base.Void is deprecated, use Nothing instead.
  likely near /home/vagrant/.julia/v0.7/LIBSVM/src/LIBSVM.jl:42
WARNING: Base.Void is deprecated, use Nothing instead.
  likely near /home/vagrant/.julia/v0.7/LIBSVM/src/LIBSVM.jl:42
┌ Warning: Deprecated syntax `parametric method syntax SVM{T}(smc::SVMModel, y::T, X, weights, labels, svmtype, kernel)` around /home/vagrant/.julia/v0.7/LIBSVM/src/LIBSVM.jl:71.
│ Use `SVM(smc::SVMModel, y::T, X, weights, labels, svmtype, kernel) where T` instead.
└ @ nothing LIBSVM.jl:71
WARNING: Base.Void is deprecated, use Nothing instead.
  likely near /home/vagrant/.julia/v0.7/LIBSVM/src/LIBSVM.jl:154
WARNING: Base.Void is deprecated, use Nothing instead.
  likely near /home/vagrant/.julia/v0.7/LIBSVM/src/LIBSVM.jl:154
┌ Warning: Deprecated syntax `parametric method syntax grp2idx{T, S <: Real}(::Type{S}, labels::AbstractVector, label_dict::Dict{T, Int32}, reverse_labels::Vector{T})` around /home/vagrant/.julia/v0.7/LIBSVM/src/LIBSVM.jl:190.
│ Use `grp2idx(#unused#::Type{S}, labels::AbstractVector, label_dict::Dict{T, Int32}, reverse_labels::Vector{T}) where {T, S <: Real}` instead.
└ @ nothing LIBSVM.jl:190
┌ Warning: Deprecated syntax `parametric method syntax instances2nodes{U <: Real}(instances::AbstractMatrix{U})` around /home/vagrant/.julia/v0.7/LIBSVM/src/LIBSVM.jl:204.
│ Use `instances2nodes(instances::AbstractMatrix{U}) where U <: Real` instead.
└ @ nothing LIBSVM.jl:204
┌ Warning: Deprecated syntax `parametric method syntax instances2nodes{U <: Real}(instances::SparseMatrixCSC{U})` around /home/vagrant/.julia/v0.7/LIBSVM/src/LIBSVM.jl:223.
│ Use `instances2nodes(instances::SparseMatrixCSC{U}) where U <: Real` instead.
└ @ nothing LIBSVM.jl:223
┌ Warning: Deprecated syntax `parametric method syntax indices_and_weights{T, U <: Real}(labels::AbstractVector{T}, instances::AbstractMatrix{U}, weights::Union{Dict{T, Float64}, Void} = nothing)` around /home/vagrant/.julia/v0.7/LIBSVM/src/LIBSVM.jl:254.
│ Use `indices_and_weights(labels::AbstractVector{T}, instances::AbstractMatrix{U}, weights::Union{Dict{T, Float64}, Void} = nothing) where {T, U <: Real}` instead.
└ @ nothing LIBSVM.jl:254
WARNING: Base.Void is deprecated, use Nothing instead.
  likely near /home/vagrant/.julia/v0.7/LIBSVM/src/LIBSVM.jl:251
┌ Warning: Deprecated syntax `parametric method syntax svmtrain{T, U <: Real}(X::AbstractMatrix{U}, y::AbstractVector{T} = []; svmtype::Type = SVC, kernel::Kernel.KERNEL = Kernel.RadialBasis, degree::Integer = 3, gamma::Float64 = /(1, size(X, 1)), coef0::Float64 = 0, cost::Float64 = 1, nu::Float64 = 0.5, epsilon::Float64 = 0.1, tolerance::Float64 = 0.001, shrinking::Bool = true, probability::Bool = false, weights::Union{Dict{T, Float64}, Void} = nothing, cachesize::Float64 = 200, verbose::Bool = false)` around /home/vagrant/.julia/v0.7/LIBSVM/src/LIBSVM.jl:322.
│ Use `svmtrain(X::AbstractMatrix{U}, y::AbstractVector{T} = []; svmtype::Type = SVC, kernel::Kernel.KERNEL = Kernel.RadialBasis, degree::Integer = 3, gamma::Float64 = /(1, size(X, 1)), coef0::Float64 = 0, cost::Float64 = 1, nu::Float64 = 0.5, epsilon::Float64 = 0.1, tolerance::Float64 = 0.001, shrinking::Bool = true, probability::Bool = false, weights::Union{Dict{T, Float64}, Void} = nothing, cachesize::Float64 = 200, verbose::Bool = false) where {T, U <: Real}` instead.
└ @ nothing LIBSVM.jl:322
WARNING: Base.Void is deprecated, use Nothing instead.
  likely near /home/vagrant/.julia/v0.7/LIBSVM/src/LIBSVM.jl:278
WARNING: Base.Void is deprecated, use Nothing instead.
  likely near /home/vagrant/.julia/v0.7/LIBSVM/src/LIBSVM.jl:278
WARNING: Base.Void is deprecated, use Nothing instead.
  likely near /home/vagrant/.julia/v0.7/LIBSVM/src/LIBSVM.jl:278
┌ Warning: Deprecated syntax `parametric method syntax svmpredict{T, U <: Real}(model::SVM{T}, X::AbstractMatrix{U})` around /home/vagrant/.julia/v0.7/LIBSVM/src/LIBSVM.jl:375.
│ Use `svmpredict(model::SVM{T}, X::AbstractMatrix{U}) where {T, U <: Real}` instead.
└ @ nothing LIBSVM.jl:375
WARNING: Base.Void is deprecated, use Nothing instead.
  likely near /home/vagrant/.julia/v0.7/LIBSVM/src/LIBSVM.jl:367
┌ Warning: Deprecated syntax `type` at /home/vagrant/.julia/v0.7/LIBSVM/src/ScikitLearnTypes.jl:7.
│ Use `mutable struct` instead.
└ @ nothing ScikitLearnTypes.jl:7
┌ Warning: Deprecated syntax `type` at /home/vagrant/.julia/v0.7/LIBSVM/src/ScikitLearnTypes.jl:22.
│ Use `mutable struct` instead.
└ @ nothing ScikitLearnTypes.jl:22
┌ Warning: Deprecated syntax `type` at /home/vagrant/.julia/v0.7/LIBSVM/src/ScikitLearnTypes.jl:37.
│ Use `mutable struct` instead.
└ @ nothing ScikitLearnTypes.jl:37
┌ Warning: Deprecated syntax `type` at /home/vagrant/.julia/v0.7/LIBSVM/src/ScikitLearnTypes.jl:51.
│ Use `mutable struct` instead.
└ @ nothing ScikitLearnTypes.jl:51
┌ Warning: Deprecated syntax `type` at /home/vagrant/.julia/v0.7/LIBSVM/src/ScikitLearnTypes.jl:65.
│ Use `mutable struct` instead.
└ @ nothing ScikitLearnTypes.jl:65
┌ Warning: Deprecated syntax `type` at /home/vagrant/.julia/v0.7/LIBSVM/src/ScikitLearnTypes.jl:82.
│ Use `mutable struct` instead.
└ @ nothing ScikitLearnTypes.jl:82
┌ Warning: Deprecated syntax `parametric method syntax simple_set_params!{T}(estimator::T, params; param_names = nothing)` around /home/vagrant/.julia/v0.7/ScikitLearnBase/src/ScikitLearnBase.jl:55.
│ Use `simple_set_params!(estimator::T, params; param_names = nothing) where T` instead.
└ @ nothing ScikitLearnBase.jl:55
┌ Warning: Deprecated syntax `parametric method syntax simple_clone{T}(estimator::T)` around /home/vagrant/.julia/v0.7/ScikitLearnBase/src/ScikitLearnBase.jl:69.
│ Use `simple_clone(estimator::T) where T` instead.
└ @ nothing ScikitLearnBase.jl:69
┌ Warning: Deprecated syntax `parametric method syntax declare_hyperparameters{T}(estimator_type::Type{T}, params::Vector{Symbol})` around /home/vagrant/.julia/v0.7/ScikitLearnBase/src/ScikitLearnBase.jl:77.
│ Use `declare_hyperparameters(estimator_type::Type{T}, params::Vector{Symbol}) where T` instead.
└ @ nothing ScikitLearnBase.jl:77
WARNING: Base.Void is deprecated, use Nothing instead.
  likely near /home/vagrant/.julia/v0.7/LIBSVM/src/ScikitLearnTypes.jl:7
WARNING: Base.Void is deprecated, use Nothing instead.
  likely near /home/vagrant/.julia/v0.7/LIBSVM/src/ScikitLearnTypes.jl:7
WARNING: Base.Void is deprecated, use Nothing instead.
  likely near /home/vagrant/.julia/v0.7/LIBSVM/src/ScikitLearnTypes.jl:7
WARNING: Base.Void is deprecated, use Nothing instead.
  likely near /home/vagrant/.julia/v0.7/LIBSVM/src/ScikitLearnTypes.jl:7
WARNING: Base.Void is deprecated, use Nothing instead.
  likely near /home/vagrant/.julia/v0.7/LIBSVM/src/ScikitLearnTypes.jl:22
WARNING: Base.Void is deprecated, use Nothing instead.
  likely near /home/vagrant/.julia/v0.7/LIBSVM/src/ScikitLearnTypes.jl:22
WARNING: Base.Void is deprecated, use Nothing instead.
  likely near /home/vagrant/.julia/v0.7/LIBSVM/src/ScikitLearnTypes.jl:22
WARNING: Base.Void is deprecated, use Nothing instead.
  likely near /home/vagrant/.julia/v0.7/LIBSVM/src/ScikitLearnTypes.jl:22
WARNING: Base.Void is deprecated, use Nothing instead.
  likely near /home/vagrant/.julia/v0.7/LIBSVM/src/ScikitLearnTypes.jl:37
WARNING: Base.Void is deprecated, use Nothing instead.
  likely near /home/vagrant/.julia/v0.7/LIBSVM/src/ScikitLearnTypes.jl:37
WARNING: Base.Void is deprecated, use Nothing instead.
  likely near /home/vagrant/.julia/v0.7/LIBSVM/src/ScikitLearnTypes.jl:51
WARNING: Base.Void is deprecated, use Nothing instead.
  likely near /home/vagrant/.julia/v0.7/LIBSVM/src/ScikitLearnTypes.jl:51
WARNING: Base.Void is deprecated, use Nothing instead.
  likely near /home/vagrant/.julia/v0.7/LIBSVM/src/ScikitLearnTypes.jl:65
WARNING: Base.Void is deprecated, use Nothing instead.
  likely near /home/vagrant/.julia/v0.7/LIBSVM/src/ScikitLearnTypes.jl:65
WARNING: Base.Void is deprecated, use Nothing instead.
  likely near /home/vagrant/.julia/v0.7/LIBSVM/src/ScikitLearnTypes.jl:79
WARNING: Base.Void is deprecated, use Nothing instead.
  likely near /home/vagrant/.julia/v0.7/LIBSVM/src/ScikitLearnTypes.jl:79
WARNING: Base.Void is deprecated, use Nothing instead.
  likely near /home/vagrant/.julia/v0.7/LIBSVM/src/ScikitLearnTypes.jl:79
WARNING: Base.Void is deprecated, use Nothing instead.
  likely near /home/vagrant/.julia/v0.7/LIBSVM/src/ScikitLearnTypes.jl:79
WARNING: Base.Void is deprecated, use Nothing instead.
  likely near /home/vagrant/.julia/v0.7/LIBSVM/src/ScikitLearnAPI.jl:61
WARNING: Base.Test is deprecated, run `using Test` instead.
  likely near /home/vagrant/.julia/v0.7/LIBSVM/test/runtests.jl:1
┌ Warning: Deprecated syntax `parametric method syntax applies_to_os{O <: OS}(os::Type{O})` around /home/vagrant/.julia/v0.7/FileIO/src/query.jl:13.
│ Use `applies_to_os(os::Type{O}) where O <: OS` instead.
└ @ nothing query.jl:13
┌ Warning: Deprecated syntax `parametric method syntax applies_to_os{U <: Unix}(os::Type{U})` around /home/vagrant/.julia/v0.7/FileIO/src/query.jl:15.
│ Use `applies_to_os(os::Type{U}) where U <: Unix` instead.
└ @ nothing query.jl:15
┌ Warning: Deprecated syntax `parametric method syntax unknown{sym}(::Type{DataFormat{sym}})` around /home/vagrant/.julia/v0.7/FileIO/src/query.jl:52.
│ Use `unknown(#unused#::Type{DataFormat{sym}}) where sym` instead.
└ @ nothing query.jl:52
┌ Warning: `Array{T, 1}(m::Int) where T` is deprecated, use `Array{T, 1}(uninitialized, m)` instead.
│   caller = top-level scope
└ @ Core :0
┌ Warning: `Array{T, 1}(m::Int) where T` is deprecated, use `Array{T, 1}(uninitialized, m)` instead.
│   caller = top-level scope
└ @ Core :0
┌ Warning: Deprecated syntax `parametric method syntax add_format{sym}(fmt::Type{DataFormat{sym}}, magic::Union{Tuple, AbstractVector, String}, extension)` around /home/vagrant/.julia/v0.7/FileIO/src/query.jl:79.
│ Use `add_format(fmt::Type{DataFormat{sym}}, magic::Union{Tuple, AbstractVector, String}, extension) where sym` instead.
└ @ nothing query.jl:79
┌ Warning: Deprecated syntax `parametric method syntax add_format{sym, T <: Vector{UInt8}}(fmt::Type{DataFormat{sym}}, magics::Tuple{T, Vararg{T}}, extension)` around /home/vagrant/.julia/v0.7/FileIO/src/query.jl:94.
│ Use `add_format(fmt::Type{DataFormat{sym}}, magics::Tuple{T, Vararg{T}}, extension) where {sym, T <: Vector{UInt8}}` instead.
└ @ nothing query.jl:94
┌ Warning: Deprecated syntax `parametric method syntax add_format{sym}(fmt::Type{DataFormat{sym}}, magic, extension)` around /home/vagrant/.julia/v0.7/FileIO/src/query.jl:111.
│ Use `add_format(fmt::Type{DataFormat{sym}}, magic, extension) where sym` instead.
└ @ nothing query.jl:111
┌ Warning: Deprecated syntax `parametric method syntax del_format{sym}(fmt::Type{DataFormat{sym}})` around /home/vagrant/.julia/v0.7/FileIO/src/query.jl:122.
│ Use `del_format(fmt::Type{DataFormat{sym}}) where sym` instead.
└ @ nothing query.jl:122
┌ Warning: Deprecated syntax `parametric method syntax del_magic{N}(magic::NTuple{N, UInt8}, sym)` around /home/vagrant/.julia/v0.7/FileIO/src/query.jl:135.
│ Use `del_magic(magic::NTuple{N, UInt8}, sym) where N` instead.
└ @ nothing query.jl:135
┌ Warning: Deprecated syntax `parametric method syntax Base.info{sym}(::Type{DataFormat{sym}})` around /home/vagrant/.julia/v0.7/FileIO/src/query.jl:162.
│ Use `Base.info(#unused#::Type{DataFormat{sym}}) where sym` instead.
└ @ nothing query.jl:162
┌ Warning: Deprecated syntax `parametric method syntax canonicalize_magic{N}(m::NTuple{N, UInt8})` around /home/vagrant/.julia/v0.7/FileIO/src/query.jl:165.
│ Use `canonicalize_magic(m::NTuple{N, UInt8}) where N` instead.
└ @ nothing query.jl:165
┌ Warning: Deprecated syntax `parametric method syntax File{sym}(fmt::Type{DataFormat{sym}}, filename)` around /home/vagrant/.julia/v0.7/FileIO/src/query.jl:228.
│ Use `File(fmt::Type{DataFormat{sym}}, filename) where sym` instead.
└ @ nothing query.jl:228
WARNING: importing deprecated binding Base.Nullable into FileIO.
ERROR: LoadError: LoadError: TypeError: in Type{...} expression, expected UnionAll, got typeof(Base.Nullable)
Stacktrace:
 [1] top-level scope
 [2] include at ./boot.jl:295 [inlined]
 [3] include_relative(::Module, ::String) at ./loading.jl:521
 [4] include at ./sysimg.jl:26 [inlined]
 [5] include(::String) at /home/vagrant/.julia/v0.7/FileIO/src/FileIO.jl:3
 [6] top-level scope
 [7] include at ./boot.jl:295 [inlined]
 [8] include_relative(::Module, ::String) at ./loading.jl:521
 [9] include(::Module, ::String) at ./sysimg.jl:26
 [10] top-level scope
 [11] eval at ./boot.jl:298 [inlined]
 [12] top-level scope at ./<missing>:2
in expression starting at /home/vagrant/.julia/v0.7/FileIO/src/query.jl:242
in expression starting at /home/vagrant/.julia/v0.7/FileIO/src/FileIO.jl:29
ERROR: LoadError: LoadError: Failed to precompile FileIO to /home/vagrant/.julia/lib/v0.7/FileIO.ji.
Stacktrace:
 [1] error at ./error.jl:33 [inlined]
 [2] compilecache(::String) at ./loading.jl:648
 [3] compilecache at ./loading.jl:605 [inlined]
 [4] _require(::Symbol) at ./loading.jl:460
 [5] require(::Symbol) at ./loading.jl:333
 [6] include at ./boot.jl:295 [inlined]
 [7] include_relative(::Module, ::String) at ./loading.jl:521
 [8] _require(::Symbol) at ./loading.jl:453
 [9] require(::Symbol) at ./loading.jl:333
 [10] include at ./boot.jl:295 [inlined]
 [11] include_relative(::Module, ::String) at ./loading.jl:521
 [12] include(::Module, ::String) at ./sysimg.jl:26
 [13] process_options(::Base.JLOptions) at ./client.jl:323
 [14] _start() at ./client.jl:374
in expression starting at /home/vagrant/.julia/v0.7/RDatasets/src/RDatasets.jl:4
in expression starting at /home/vagrant/.julia/v0.7/LIBSVM/test/runtests.jl:2
┌ Error: ------------------------------------------------------------
│ # Testing failed for LIBSVM
│   exception = ErrorException("failed process: Process(`/home/vagrant/julia/bin/julia -Cnative -J/home/vagrant/julia/lib/julia/sys.so --compile=yes --depwarn=yes --code-coverage=none --color=no --compiled-modules=yes --check-bounds=yes --warn-overwrite=yes --startup-file=yes /home/vagrant/.julia/v0.7/LIBSVM/test/runtests.jl`, ProcessExited(1)) [1]")
└ @ Base.Pkg.Entry entry.jl:739
[ Info: Removing BinDeps v0.8.2 @ Base.Pkg.Entry entry.jl:546
[ Info: Removing CodecZlib v0.4.1 @ Base.Pkg.Entry entry.jl:546
[ Info: Removing DataArrays v0.6.2 @ Base.Pkg.Entry entry.jl:546
[ Info: Removing DataFrames v0.10.1 @ Base.Pkg.Entry entry.jl:546
[ Info: Removing DataStructures v0.7.3 @ Base.Pkg.Entry entry.jl:546
[ Info: Removing FileIO v0.6.1 @ Base.Pkg.Entry entry.jl:546
[ Info: Removing GZip v0.3.0 @ Base.Pkg.Entry entry.jl:546
[ Info: Removing RData v0.2.0 @ Base.Pkg.Entry entry.jl:546
[ Info: Removing RDatasets v0.2.0 @ Base.Pkg.Entry entry.jl:546
[ Info: Removing Reexport v0.1.0 @ Base.Pkg.Entry entry.jl:546
[ Info: Removing SHA v0.5.2 @ Base.Pkg.Entry entry.jl:546
[ Info: Removing SortingAlgorithms v0.2.0 @ Base.Pkg.Entry entry.jl:546
[ Info: Removing SpecialFunctions v0.3.6 @ Base.Pkg.Entry entry.jl:546
[ Info: Removing StatsBase v0.19.4 @ Base.Pkg.Entry entry.jl:546
[ Info: Removing TranscodingStreams v0.4.1 @ Base.Pkg.Entry entry.jl:546
[ Info: Removing URIParser v0.3.0 @ Base.Pkg.Entry entry.jl:546
ERROR: LIBSVM had test errors

>>> End of log
