>>> 'Pkg.add("LightGraphs")' log
INFO: Cloning cache of LightGraphs from https://github.com/JuliaGraphs/LightGraphs.jl.git
INFO: Installing DataStructures v0.5.3
INFO: Installing GZip v0.3.0
INFO: Installing LightGraphs v0.9.0
INFO: Installing MacroTools v0.3.6
INFO: Installing SimpleTraits v0.5.0
INFO: Installing SpecialFunctions v0.1.1
INFO: Installing StatsBase v0.13.1
INFO: Package database updated

>>> 'Pkg.test("LightGraphs")' log
Julia Version 0.6.0-pre.beta.337
Commit 98414b9 (2017-04-26 01:38 UTC)
Platform Info:
  OS: Linux (x86_64-pc-linux-gnu)
  CPU: Intel(R) Xeon(R) CPU E3-1241 v3 @ 3.50GHz
  WORD_SIZE: 64
           Ubuntu 14.04.5 LTS
  uname: Linux 3.13.0-117-generic #164-Ubuntu SMP Fri Apr 7 11:05:26 UTC 2017 x86_64 x86_64
Memory: 2.9392738342285156 GB (704.6484375 MB free)
Uptime: 5487.0 sec
Load Avg:  0.98193359375  1.044921875  1.21826171875
Intel(R) Xeon(R) CPU E3-1241 v3 @ 3.50GHz: 
       speed         user         nice          sys         idle          irq
#1  3507 MHz     298662 s       5604 s      17028 s     155123 s          8 s
#2  3507 MHz      68794 s       1123 s       9074 s     460558 s          0 s

  BLAS: libopenblas (USE64BITINT DYNAMIC_ARCH NO_AFFINITY Nehalem)
  LAPACK: libopenblas64_
  LIBM: libopenlibm
  LLVM: libLLVM-3.9.1 (ORCJIT, haswell)
Environment:
  TERM = vt100
  LD_LIBRARY_PATH = :/usr/local/lib/
  PATH = /usr/local/sbin:/usr/local/bin:/usr/sbin:/usr/bin:/sbin:/bin:/usr/games:/usr/local/games:/home/vagrant/julia/bin/
  JAVA_HOME = /usr/lib/jvm/java-7-oracle
  HOME = /home/vagrant

Package Directory: /home/vagrant/.julia/v0.6
2 required packages:
 - JSON                          0.9.1
 - LightGraphs                   0.9.0
7 additional packages:
 - Compat                        0.24.0
 - DataStructures                0.5.3
 - GZip                          0.3.0
 - MacroTools                    0.3.6
 - SimpleTraits                  0.5.0
 - SpecialFunctions              0.1.1
 - StatsBase                     0.13.1
INFO: Testing LightGraphs
Test Summary: |  Pass  Total
test set      | 25959  25959
INFO: LightGraphs tests passed

>>> End of log
