>>> 'Pkg.add("LightGraphsMatching")' log
INFO: Cloning cache of LightGraphsMatching from https://github.com/JuliaGraphs/LightGraphsMatching.jl.git
INFO: Installing BlossomV v0.3.0
INFO: Installing Calculus v0.2.2
INFO: Installing CodecZlib v0.4.2
INFO: Installing CommonSubexpressions v0.0.1
INFO: Installing DataStructures v0.7.4
INFO: Installing DiffResults v0.0.2
INFO: Installing DiffRules v0.0.2
INFO: Installing ForwardDiff v0.7.0
INFO: Installing GLPK v0.4.2
INFO: Installing GLPKMathProgInterface v0.3.4
INFO: Installing GZip v0.3.0
INFO: Installing JuMP v0.18.0
INFO: Installing LightGraphs v0.11.1
INFO: Installing LightGraphsMatching v0.0.1
INFO: Installing MacroTools v0.4.0
INFO: Installing MathProgBase v0.7.0
INFO: Installing MatrixDepot v0.5.6
INFO: Installing ReverseDiffSparse v0.8.1
INFO: Installing SimpleTraits v0.5.1
INFO: Installing SpecialFunctions v0.3.7
INFO: Installing StaticArrays v0.6.6
INFO: Installing TranscodingStreams v0.4.1
INFO: Building BlossomV
INFO: Building SpecialFunctions
INFO: Building GLPK
================================[ ERROR: GLPK ]=================================

LoadError: UndefVarError: pushfront! not defined
while loading /home/vagrant/.julia/v0.6/GLPK/deps/build.jl, in expression starting on line 47

================================================================================

================================[ BUILD ERRORS ]================================

WARNING: GLPK had build errors.

 - packages with build errors remain installed in /home/vagrant/.julia/v0.6
 - build the package(s) and all dependencies with `Pkg.build("GLPK")`
 - build a single package by running its `deps/build.jl` script

================================================================================
INFO: Package database updated
INFO: METADATA is out-of-date — you may not have the latest version of LightGraphsMatching
INFO: Use `Pkg.update()` to get the latest versions of your packages

>>> 'Pkg.test("LightGraphsMatching")' log
Julia Version 0.6.2
Commit d386e40c17 (2017-12-13 18:08 UTC)
Platform Info:
  OS: Linux (x86_64-pc-linux-gnu)
  CPU: Intel(R) Xeon(R) CPU E3-1241 v3 @ 3.50GHz
  WORD_SIZE: 64
           Ubuntu 14.04.5 LTS
  uname: Linux 3.13.0-135-generic #184-Ubuntu SMP Wed Oct 18 11:55:51 UTC 2017 x86_64 x86_64
Memory: 2.93927001953125 GB (773.875 MB free)
Uptime: 46176.0 sec
Load Avg:  0.9970703125  1.0556640625  1.04541015625
Intel(R) Xeon(R) CPU E3-1241 v3 @ 3.50GHz: 
       speed         user         nice          sys         idle          irq
#1  3498 MHz    2964552 s       6400 s     119541 s     803502 s         22 s
#2  3498 MHz     655868 s        183 s      53614 s    3834336 s          0 s

  BLAS: libopenblas (USE64BITINT DYNAMIC_ARCH NO_AFFINITY Nehalem)
  LAPACK: libopenblas64_
  LIBM: libopenlibm
  LLVM: libLLVM-3.9.1 (ORCJIT, haswell)
Environment:
  TERM = vt100
  LD_LIBRARY_PATH = :/usr/local/lib/
  PATH = /usr/local/sbin:/usr/local/bin:/usr/sbin:/usr/bin:/sbin:/bin:/usr/games:/usr/local/games:/home/vagrant/julia/bin/
  JAVA_HOME = /usr/lib/jvm/java-8-openjdk-amd64
  HOME = /home/vagrant

Package Directory: /home/vagrant/.julia/v0.6
2 required packages:
 - JSON                          0.16.3
 - LightGraphsMatching           0.0.1
38 additional packages:
 - BinDeps                       0.8.3
 - BlossomV                      0.3.0
 - Cairo                         0.4.0
 - Calculus                      0.2.2
 - CodecZlib                     0.4.2
 - ColorTypes                    0.6.6
 - Colors                        0.8.2
 - CommonSubexpressions          0.0.1
 - Compat                        0.46.0
 - DataStructures                0.7.4
 - DiffResults                   0.0.2
 - DiffRules                     0.0.2
 - FixedPointNumbers             0.4.3
 - ForwardDiff                   0.7.0
 - GLPK                          0.4.2
 - GLPKMathProgInterface         0.3.4
 - GZip                          0.3.0
 - Graphics                      0.2.0
 - Gtk                           0.13.1
 - JuMP                          0.18.0
 - LightGraphs                   0.11.1
 - MacroTools                    0.4.0
 - MathProgBase                  0.7.0
 - MatrixDepot                   0.5.6
 - NaNMath                       0.3.0
 - NodeJS                        0.2.0
 - Nullables                     0.0.3
 - Reexport                      0.1.0
 - Requires                      0.4.3
 - ReverseDiffSparse             0.8.1
 - Rsvg                          0.1.0
 - SHA                           0.5.3
 - SimpleTraits                  0.5.1
 - SpecialFunctions              0.3.7
 - StaticArrays                  0.6.6
 - TranscodingStreams            0.4.1
 - URIParser                     0.3.0
 - VegaLite                      0.1.0              ecb31725 (dirty)
INFO: Testing LightGraphsMatching
ERROR: LoadError: LoadError: LoadError: LoadError: LoadError: GLPK not properly installed. Please run Pkg.build("GLPK")
Stacktrace:
 [1] error(::String) at ./error.jl:21
 [2] include_from_node1(::String) at ./loading.jl:576
 [3] eval(::Module, ::Any) at ./boot.jl:235
 [4] _require(::Symbol) at ./loading.jl:490
 [5] require(::Symbol) at ./loading.jl:405
 [6] include_from_node1(::String) at ./loading.jl:576
 [7] include(::String) at ./sysimg.jl:14
 [8] include_from_node1(::String) at ./loading.jl:576
while loading /home/vagrant/.julia/v0.6/GLPK/src/GLPK.jl, in expression starting on line 196
while loading /home/vagrant/.julia/v0.6/GLPKMathProgInterface/src/GLPKInterfaceBase.jl, in expression starting on line 4
while loading /home/vagrant/.julia/v0.6/GLPKMathProgInterface/src/GLPKMathProgInterface.jl, in expression starting on line 9
while loading /home/vagrant/.julia/v0.6/LightGraphsMatching/test/../src/LightGraphsMatching.jl, in expression starting on line 27
while loading /home/vagrant/.julia/v0.6/LightGraphsMatching/test/runtests.jl, in expression starting on line 1
=========================[ ERROR: LightGraphsMatching ]=========================

failed process: Process(`/home/vagrant/julia/bin/julia -Cx86-64 -J/home/vagrant/julia/lib/julia/sys.so --compile=yes --depwarn=yes --check-bounds=yes --code-coverage=none --color=no --compilecache=yes /home/vagrant/.julia/v0.6/LightGraphsMatching/test/runtests.jl`, ProcessExited(1)) [1]

================================================================================
ERROR: LightGraphsMatching had test errors

>>> End of log
