>>> 'Pkg.add("LightXML")' log
[ Info: Cloning cache of LightXML from https://github.com/JuliaIO/LightXML.jl.git @ Base.Pkg.Cache cache.jl:43
[ Info: Installing LightXML v0.5.0 @ Base.Pkg.Entry entry.jl:543
[ Info: Removing BinDeps v0.8.2 @ Base.Pkg.Entry entry.jl:546
[ Info: Removing BlossomV v0.3.0 @ Base.Pkg.Entry entry.jl:546
[ Info: Removing Calculus v0.2.2 @ Base.Pkg.Entry entry.jl:546
[ Info: Removing CodecZlib v0.4.1 @ Base.Pkg.Entry entry.jl:546
[ Info: Removing CommonSubexpressions v0.0.1 @ Base.Pkg.Entry entry.jl:546
[ Info: Removing DataStructures v0.7.3 @ Base.Pkg.Entry entry.jl:546
[ Info: Removing DiffResults v0.0.2 @ Base.Pkg.Entry entry.jl:546
[ Info: Removing DiffRules v0.0.2 @ Base.Pkg.Entry entry.jl:546
[ Info: Removing ForwardDiff v0.7.0 @ Base.Pkg.Entry entry.jl:546
[ Info: Removing GLPK v0.4.2 @ Base.Pkg.Entry entry.jl:546
[ Info: Removing GLPKMathProgInterface v0.3.4 @ Base.Pkg.Entry entry.jl:546
[ Info: Removing GZip v0.3.0 @ Base.Pkg.Entry entry.jl:546
[ Info: Removing JuMP v0.18.0 @ Base.Pkg.Entry entry.jl:546
[ Info: Removing LightGraphs v0.11.1 @ Base.Pkg.Entry entry.jl:546
[ Info: Removing MacroTools v0.4.0 @ Base.Pkg.Entry entry.jl:546
[ Info: Removing MathProgBase v0.7.0 @ Base.Pkg.Entry entry.jl:546
[ Info: Removing MatrixDepot v0.5.6 @ Base.Pkg.Entry entry.jl:546
[ Info: Removing NaNMath v0.3.0 @ Base.Pkg.Entry entry.jl:546
[ Info: Removing ReverseDiffSparse v0.8.1 @ Base.Pkg.Entry entry.jl:546
[ Info: Removing SHA v0.5.2 @ Base.Pkg.Entry entry.jl:546
[ Info: Removing SimpleTraits v0.5.1 @ Base.Pkg.Entry entry.jl:546
[ Info: Removing SpecialFunctions v0.3.6 @ Base.Pkg.Entry entry.jl:546
[ Info: Removing StaticArrays v0.6.6 @ Base.Pkg.Entry entry.jl:546
[ Info: Removing TranscodingStreams v0.4.1 @ Base.Pkg.Entry entry.jl:546
[ Info: Removing URIParser v0.3.0 @ Base.Pkg.Entry entry.jl:546
[ Info: Building LightXML @ Main none:10
┌ Warning: `is_windows` is deprecated, use `Sys.iswindows` instead.
│   caller = top-level scope
└ @ Core :0
[ Info: Package database updated @ Base.Pkg.Entry entry.jl:32
┌ Info: METADATA is out-of-date — you may not have the latest version of LightXML
│ Use `Pkg.update()` to get the latest versions of your packages
└ @ Base.Pkg.Entry entry.jl:74

>>> 'Pkg.test("LightXML")' log
Julia Version 0.7.0-DEV.3246
Commit 2138144d3a (2018-01-04 02:34 UTC)
Platform Info:
  OS: Linux (x86_64-pc-linux-gnu)
      Ubuntu 14.04.5 LTS
  uname: Linux 3.13.0-135-generic #184-Ubuntu SMP Wed Oct 18 11:55:51 UTC 2017 x86_64 x86_64
  CPU: Intel(R) Xeon(R) CPU E3-1241 v3 @ 3.50GHz: 
              speed         user         nice          sys         idle          irq
       #1  3507 MHz     482132 s        100 s      28846 s     254138 s          5 s
       #2  3507 MHz     148640 s         62 s      16036 s     692712 s          0 s
       
  Memory: 2.93927001953125 GB (710.609375 MB free)
  Uptime: 8771.0 sec
  Load Avg:  0.92919921875  0.98095703125  1.00244140625
  WORD_SIZE: 64
  BLAS: libopenblas (USE64BITINT DYNAMIC_ARCH NO_AFFINITY Nehalem)
  LAPACK: libopenblas64_
  LIBM: libopenlibm
  LLVM: libLLVM-3.9.1 (ORCJIT, haswell)
Environment:
  TERM = vt100
  LD_LIBRARY_PATH = :/usr/local/lib/
  PATH = /usr/local/sbin:/usr/local/bin:/usr/sbin:/usr/bin:/sbin:/bin:/usr/games:/usr/local/games:/home/vagrant/julia/bin/
  JAVA_HOME = /usr/lib/jvm/java-8-openjdk-amd64
  HOME = /home/vagrant
Packages:
  Package Directory: /home/vagrant/.julia/v0.7
  Package Status:
2 required packages:
 - JSON                          0.16.3
 - LightXML                      0.5.0
2 additional packages:
 - Compat                        0.42.0
 - Nullables                     0.0.2
[ Info: Testing LightXML @ Base.Pkg.Entry entry.jl:723
ERROR: LoadError: LoadError: Base.@printf has been moved to the standard library package Printf.
Restart Julia and then run `using Printf` to load it.
Stacktrace:
 [1] error(::Function, ::String, ::String, ::String, ::String, ::String, ::String) at ./error.jl:42
 [2] #@printf#921(::Base.Iterators.IndexValue{Union{},Union{},Tuple{},NamedTuple{(),Tuple{}}}, ::Function, ::LineNumberNode, ::Vararg{Any,N} where N) at ./deprecated.jl:138
 [3] @printf(::Vararg{Any,N} where N) at ./deprecated.jl:138
 [4] include at ./boot.jl:295 [inlined]
 [5] include_relative(::Module, ::String) at ./loading.jl:521
 [6] include(::Module, ::String) at ./sysimg.jl:26
 [7] process_options(::Base.JLOptions) at ./client.jl:323
 [8] _start() at ./client.jl:374
in expression starting at /home/vagrant/.julia/v0.7/LightXML/test/runtests.jl:5
in expression starting at /home/vagrant/.julia/v0.7/LightXML/test/runtests.jl:3
┌ Error: ------------------------------------------------------------
│ # Testing failed for LightXML
│   exception = ErrorException("failed process: Process(`/home/vagrant/julia/bin/julia -Cnative -J/home/vagrant/julia/lib/julia/sys.so --compile=yes --depwarn=yes --code-coverage=none --color=no --compiled-modules=yes --check-bounds=yes --warn-overwrite=yes --startup-file=yes /home/vagrant/.julia/v0.7/LightXML/test/runtests.jl`, ProcessExited(1)) [1]")
└ @ Base.Pkg.Entry entry.jl:739
ERROR: LightXML had test errors

>>> End of log
