>>> 'Pkg.add("LightXML")' log
INFO: Cloning cache of LightXML from https://github.com/JuliaIO/LightXML.jl.git
INFO: Installing LightXML v0.5.0
INFO: Building LightXML
INFO: Package database updated

>>> 'Pkg.test("LightXML")' log
Julia Version 0.5.2
Commit f4c6c9d (2017-05-06 16:34 UTC)
Platform Info:
  OS: Linux (x86_64-pc-linux-gnu)
  CPU: Intel(R) Xeon(R) CPU E3-1241 v3 @ 3.50GHz
  WORD_SIZE: 64
           Ubuntu 14.04.5 LTS
  uname: Linux 3.13.0-119-generic #166-Ubuntu SMP Wed May 3 12:18:55 UTC 2017 x86_64 x86_64
Memory: 2.9392738342285156 GB (701.29296875 MB free)
Uptime: 4218.0 sec
Load Avg:  0.99169921875  0.98974609375  1.14111328125
Intel(R) Xeon(R) CPU E3-1241 v3 @ 3.50GHz: 
       speed         user         nice          sys         idle          irq
#1  3499 MHz     210840 s        127 s      28175 s     145197 s          5 s
#2  3499 MHz      75583 s         27 s      14075 s     323520 s          0 s

  BLAS: libopenblas (USE64BITINT DYNAMIC_ARCH NO_AFFINITY Nehalem)
  LAPACK: libopenblas64_
  LIBM: libopenlibm
  LLVM: libLLVM-3.7.1 (ORCJIT, haswell)
Environment:
  TERM = vt100
  LD_LIBRARY_PATH = :/usr/local/lib/
  PATH = /usr/local/sbin:/usr/local/bin:/usr/sbin:/usr/bin:/sbin:/bin:/usr/games:/usr/local/games:/home/vagrant/julia/bin/
  JAVA_HOME = /usr/lib/jvm/java-7-oracle
  HOME = /home/vagrant

Package Directory: /home/vagrant/.julia/v0.5
2 required packages:
 - JSON                          0.12.0
 - LightXML                      0.5.0
1 additional packages:
 - Compat                        0.25.2
INFO: Testing LightXML
running parse.jl ...
running create.jl ...
running cdata.jl ...
INFO: LightXML tests passed

>>> End of log
