>>> 'Pkg.add("LispSyntax")' log
INFO: Cloning cache of LispSyntax from https://github.com/swadey/LispSyntax.jl.git
INFO: Installing AutoHashEquals v0.0.10
INFO: Installing LispSyntax v0.1.5
INFO: Installing ParserCombinator v1.7.11
INFO: Package database updated
INFO: METADATA is out-of-date — you may not have the latest version of LispSyntax
INFO: Use `Pkg.update()` to get the latest versions of your packages

>>> 'Pkg.test("LispSyntax")' log
Julia Version 0.5.0-rc4+0
Commit 9c76c3e (2016-09-09 01:43 UTC)
Platform Info:
  System: Linux (x86_64-pc-linux-gnu)
  CPU: Intel(R) Xeon(R) CPU E3-1241 v3 @ 3.50GHz
  WORD_SIZE: 64
           Ubuntu 14.04.5 LTS
  uname: Linux 3.13.0-95-generic #142-Ubuntu SMP Fri Aug 12 17:00:09 UTC 2016 x86_64 x86_64
Memory: 2.4471054077148438 GB (381.58984375 MB free)
Uptime: 35133.0 sec
Load Avg:  0.79833984375  1.06689453125  1.189453125
Intel(R) Xeon(R) CPU E3-1241 v3 @ 3.50GHz: 
       speed         user         nice          sys         idle          irq
#1  3499 MHz    2002436 s       4323 s     181199 s     859164 s         66 s
#2  3499 MHz     791251 s       2254 s     103499 s    2437870 s          0 s

  BLAS: libopenblas (USE64BITINT DYNAMIC_ARCH NO_AFFINITY Nehalem)
  LAPACK: libopenblas64_
  LIBM: libopenlibm
  LLVM: libLLVM-3.7.1 (ORCJIT, haswell)
Environment:
  TERM = vt100
  LD_LIBRARY_PATH = :/usr/local/lib/
  PATH = /usr/local/sbin:/usr/local/bin:/usr/sbin:/usr/bin:/sbin:/bin:/usr/games:/usr/local/games:/home/vagrant/julia/bin/
  JAVA_HOME = /usr/lib/jvm/java-7-oracle
  HOME = /home/vagrant

Package Directory: /home/vagrant/.julia/v0.5
2 required packages:
 - JSON                          0.7.0
 - LispSyntax                    0.1.5
3 additional packages:
 - AutoHashEquals                0.0.10
 - Compat                        0.9.2
 - ParserCombinator              1.7.11
INFO: Testing LispSyntax

WARNING: deprecated syntax "[a=>b for (a,b) in c]".
Use "Dict(a=>b for (a,b) in c)" instead.
ERROR: LoadError: ArgumentError: Module Stage not found in current path.
Run `Pkg.add("Stage")` to install the Stage package.
 in require(::Symbol) at ./loading.jl:365
 in include_from_node1(::String) at ./loading.jl:488
 in process_options(::Base.JLOptions) at ./client.jl:262
 in _start() at ./client.jl:318
while loading /home/vagrant/.julia/v0.5/LispSyntax/test/runtests.jl, in expression starting on line 2
=============================[ ERROR: LispSyntax ]==============================

failed process: Process(`/home/vagrant/julia/bin/julia -Cx86-64 -J/home/vagrant/julia/lib/julia/sys.so --compile=yes --depwarn=yes --check-bounds=yes --code-coverage=none --color=no --compilecache=yes /home/vagrant/.julia/v0.5/LispSyntax/test/runtests.jl`, ProcessExited(1)) [1]

================================================================================
ERROR: LispSyntax had test errors
 in #test#61(::Bool, ::Function, ::Array{AbstractString,1}) at ./pkg/entry.jl:740
 in (::Base.Pkg.Entry.#kw##test)(::Array{Any,1}, ::Base.Pkg.Entry.#test, ::Array{AbstractString,1}) at ./<missing>:0
 in (::Base.Pkg.Dir.##2#3{Array{Any,1},Base.Pkg.Entry.#test,Tuple{Array{AbstractString,1}}})() at ./pkg/dir.jl:31
 in cd(::Base.Pkg.Dir.##2#3{Array{Any,1},Base.Pkg.Entry.#test,Tuple{Array{AbstractString,1}}}, ::String) at ./file.jl:59
 in #cd#1(::Array{Any,1}, ::Function, ::Function, ::Array{AbstractString,1}, ::Vararg{Array{AbstractString,1},N}) at ./pkg/dir.jl:31
 in (::Base.Pkg.Dir.#kw##cd)(::Array{Any,1}, ::Base.Pkg.Dir.#cd, ::Function, ::Array{AbstractString,1}, ::Vararg{Array{AbstractString,1},N}) at ./<missing>:0
 in #test#3(::Bool, ::Function, ::String, ::Vararg{String,N}) at ./pkg/pkg.jl:258
 in test(::String, ::Vararg{String,N}) at ./pkg/pkg.jl:258
 in eval(::Module, ::Any) at ./boot.jl:234
 in process_options(::Base.JLOptions) at ./client.jl:239
 in _start() at ./client.jl:318

>>> End of log
