>>> 'Pkg.add("LLLplus")' log
[ Info: Cloning cache of LLLplus from https://github.com/christianpeel/LLLplus.jl.git @ Base.Pkg.Cache cache.jl:43
[ Info: Installing LLLplus v0.1.1 @ Base.Pkg.Entry entry.jl:543
[ Info: Package database updated @ Base.Pkg.Entry entry.jl:32
┌ Info: METADATA is out-of-date — you may not have the latest version of LLLplus
│ Use `Pkg.update()` to get the latest versions of your packages
└ @ Base.Pkg.Entry entry.jl:74

>>> 'Pkg.test("LLLplus")' log
Julia Version 0.7.0-DEV.3299
Commit fb527308bb (2018-01-05 19:41 UTC)
Platform Info:
  OS: Linux (x86_64-pc-linux-gnu)
      Ubuntu 14.04.5 LTS
  uname: Linux 3.13.0-135-generic #184-Ubuntu SMP Wed Oct 18 11:55:51 UTC 2017 x86_64 x86_64
  CPU: Intel(R) Xeon(R) CPU E3-1241 v3 @ 3.50GHz: 
              speed         user         nice          sys         idle          irq
       #1  3500 MHz    2754319 s        105 s     136856 s     688574 s         14 s
       #2  3500 MHz     519004 s         72 s      53923 s    3566483 s          0 s
       
  Memory: 2.93927001953125 GB (655.4296875 MB free)
  Uptime: 41974.0 sec
  Load Avg:  0.9609375  0.9833984375  1.03466796875
  WORD_SIZE: 64
  BLAS: libopenblas (USE64BITINT DYNAMIC_ARCH NO_AFFINITY Nehalem)
  LAPACK: libopenblas64_
  LIBM: libopenlibm
  LLVM: libLLVM-3.9.1 (ORCJIT, haswell)
Environment:
  TERM = vt100
  LD_LIBRARY_PATH = :/usr/local/lib/
  PATH = /usr/local/sbin:/usr/local/bin:/usr/sbin:/usr/bin:/sbin:/bin:/usr/games:/usr/local/games:/home/vagrant/julia/bin/
  JAVA_HOME = /usr/lib/jvm/java-8-openjdk-amd64
  HOME = /home/vagrant
Packages:
  Package Directory: /home/vagrant/.julia/v0.7
  Package Status:
2 required packages:
 - JSON                          0.16.3
 - LLLplus                       0.1.1
2 additional packages:
 - Compat                        0.42.0
 - Nullables                     0.0.2
[ Info: Testing LLLplus @ Base.Pkg.Entry entry.jl:723
┌ Warning: Deprecated syntax `parametric method syntax lll{Td}(H::Array{Td, 2}, δ::Float64 = /(3, 4))` around /home/vagrant/.julia/v0.7/LLLplus/test/../src/lll.jl:24.
│ Use `lll(H::Array{Td, 2}, δ::Float64 = /(3, 4)) where Td` instead.
└ @ nothing lll.jl:24
WARNING: Method definition roundf(Any) in module LLLplus at /home/vagrant/.julia/v0.7/LLLplus/test/../src/lll.jl:33 overwritten at /home/vagrant/.julia/v0.7/LLLplus/test/../src/lll.jl:36.
┌ Warning: Deprecated syntax `Td <: Complex?` at /home/vagrant/.julia/v0.7/LLLplus/test/../src/seysen.jl:15.
│ Use `Td <: Complex ?` instead.
└ @ nothing seysen.jl:15
┌ Warning: Deprecated syntax `Td <: Complex ?Complex` at /home/vagrant/.julia/v0.7/LLLplus/test/../src/seysen.jl:15.
│ Use `Td <: Complex ? Complex` instead.
└ @ nothing seysen.jl:15
┌ Warning: Deprecated syntax `Td <: Complex ? Complex{BigInt}:` at /home/vagrant/.julia/v0.7/LLLplus/test/../src/seysen.jl:15.
│ Use `Td <: Complex ? Complex{BigInt} :` instead.
└ @ nothing seysen.jl:15
┌ Warning: Deprecated syntax `Td <: Complex ? Complex{BigInt} :BigInt` at /home/vagrant/.julia/v0.7/LLLplus/test/../src/seysen.jl:15.
│ Use `Td <: Complex ? Complex{BigInt} : BigInt` instead.
└ @ nothing seysen.jl:15
┌ Warning: Deprecated syntax `Td <: Complex?` at /home/vagrant/.julia/v0.7/LLLplus/test/../src/seysen.jl:18.
│ Use `Td <: Complex ?` instead.
└ @ nothing seysen.jl:18
┌ Warning: Deprecated syntax `Td <: Complex ?Complex` at /home/vagrant/.julia/v0.7/LLLplus/test/../src/seysen.jl:18.
│ Use `Td <: Complex ? Complex` instead.
└ @ nothing seysen.jl:18
┌ Warning: Deprecated syntax `Td <: Complex ? Complex{Td}:` at /home/vagrant/.julia/v0.7/LLLplus/test/../src/seysen.jl:18.
│ Use `Td <: Complex ? Complex{Td} :` instead.
└ @ nothing seysen.jl:18
┌ Warning: Deprecated syntax `Td <: Complex ? Complex{Td} :Td` at /home/vagrant/.julia/v0.7/LLLplus/test/../src/seysen.jl:18.
│ Use `Td <: Complex ? Complex{Td} : Td` instead.
└ @ nothing seysen.jl:18
┌ Warning: Deprecated syntax `Td <: Complex?` at /home/vagrant/.julia/v0.7/LLLplus/test/../src/seysen.jl:20.
│ Use `Td <: Complex ?` instead.
└ @ nothing seysen.jl:20
┌ Warning: Deprecated syntax `Td <: Complex ?Complex` at /home/vagrant/.julia/v0.7/LLLplus/test/../src/seysen.jl:20.
│ Use `Td <: Complex ? Complex` instead.
└ @ nothing seysen.jl:20
┌ Warning: Deprecated syntax `Td <: Complex ? Complex{Int}:` at /home/vagrant/.julia/v0.7/LLLplus/test/../src/seysen.jl:20.
│ Use `Td <: Complex ? Complex{Int} :` instead.
└ @ nothing seysen.jl:20
┌ Warning: Deprecated syntax `Td <: Complex ? Complex{Int} :Int` at /home/vagrant/.julia/v0.7/LLLplus/test/../src/seysen.jl:20.
│ Use `Td <: Complex ? Complex{Int} : Int` instead.
└ @ nothing seysen.jl:20
┌ Warning: Deprecated syntax `Td <: Complex?` at /home/vagrant/.julia/v0.7/LLLplus/test/../src/seysen.jl:23.
│ Use `Td <: Complex ?` instead.
└ @ nothing seysen.jl:23
┌ Warning: Deprecated syntax `Td <: Complex ?round` at /home/vagrant/.julia/v0.7/LLLplus/test/../src/seysen.jl:23.
│ Use `Td <: Complex ? round` instead.
└ @ nothing seysen.jl:23
┌ Warning: Deprecated syntax `Td <: Complex ? +(round(real(r)), *(im, round(imag(r)))):` at /home/vagrant/.julia/v0.7/LLLplus/test/../src/seysen.jl:23.
│ Use `Td <: Complex ? +(round(real(r)), *(im, round(imag(r)))) :` instead.
└ @ nothing seysen.jl:23
┌ Warning: Deprecated syntax `Td <: Complex ? +(round(real(r)), *(im, round(imag(r)))) :round` at /home/vagrant/.julia/v0.7/LLLplus/test/../src/seysen.jl:23.
│ Use `Td <: Complex ? +(round(real(r)), *(im, round(imag(r)))) : round` instead.
└ @ nothing seysen.jl:23
┌ Warning: Deprecated syntax `parametric method syntax seysen{Td}(H::Array{Td, 2})` around /home/vagrant/.julia/v0.7/LLLplus/test/../src/seysen.jl:14.
│ Use `seysen(H::Array{Td, 2}) where Td` instead.
└ @ nothing seysen.jl:14
┌ Warning: Deprecated syntax `parametric method syntax vblast{T}(H::Array{T, 2}, mu = Inf)` around /home/vagrant/.julia/v0.7/LLLplus/test/../src/vblast.jl:16.
│ Use `vblast(H::Array{T, 2}, mu = Inf) where T` instead.
└ @ nothing vblast.jl:16
┌ Warning: Deprecated syntax `parametric method syntax hard_sphere{Td}(Y::Array{Td, 2}, H::Array{Td, 2}, Nc)` around /home/vagrant/.julia/v0.7/LLLplus/test/../src/hard_sphere.jl:13.
│ Use `hard_sphere(Y::Array{Td, 2}, H::Array{Td, 2}, Nc) where Td` instead.
└ @ nothing hard_sphere.jl:13
┌ Warning: Deprecated syntax `parametric method syntax lll{Td}(H::Array{Td, 2}, δ::Float64 = /(3, 4))` around /home/vagrant/.julia/v0.7/LLLplus/src/lll.jl:24.
│ Use `lll(H::Array{Td, 2}, δ::Float64 = /(3, 4)) where Td` instead.
└ @ nothing lll.jl:24
WARNING: Method definition roundf(Any) in module LLLplus at /home/vagrant/.julia/v0.7/LLLplus/src/lll.jl:33 overwritten at /home/vagrant/.julia/v0.7/LLLplus/src/lll.jl:36.
┌ Warning: Deprecated syntax `Td <: Complex?` at /home/vagrant/.julia/v0.7/LLLplus/src/seysen.jl:15.
│ Use `Td <: Complex ?` instead.
└ @ nothing seysen.jl:15
┌ Warning: Deprecated syntax `Td <: Complex ?Complex` at /home/vagrant/.julia/v0.7/LLLplus/src/seysen.jl:15.
│ Use `Td <: Complex ? Complex` instead.
└ @ nothing seysen.jl:15
┌ Warning: Deprecated syntax `Td <: Complex ? Complex{BigInt}:` at /home/vagrant/.julia/v0.7/LLLplus/src/seysen.jl:15.
│ Use `Td <: Complex ? Complex{BigInt} :` instead.
└ @ nothing seysen.jl:15
┌ Warning: Deprecated syntax `Td <: Complex ? Complex{BigInt} :BigInt` at /home/vagrant/.julia/v0.7/LLLplus/src/seysen.jl:15.
│ Use `Td <: Complex ? Complex{BigInt} : BigInt` instead.
└ @ nothing seysen.jl:15
┌ Warning: Deprecated syntax `Td <: Complex?` at /home/vagrant/.julia/v0.7/LLLplus/src/seysen.jl:18.
│ Use `Td <: Complex ?` instead.
└ @ nothing seysen.jl:18
┌ Warning: Deprecated syntax `Td <: Complex ?Complex` at /home/vagrant/.julia/v0.7/LLLplus/src/seysen.jl:18.
│ Use `Td <: Complex ? Complex` instead.
└ @ nothing seysen.jl:18
┌ Warning: Deprecated syntax `Td <: Complex ? Complex{Td}:` at /home/vagrant/.julia/v0.7/LLLplus/src/seysen.jl:18.
│ Use `Td <: Complex ? Complex{Td} :` instead.
└ @ nothing seysen.jl:18
┌ Warning: Deprecated syntax `Td <: Complex ? Complex{Td} :Td` at /home/vagrant/.julia/v0.7/LLLplus/src/seysen.jl:18.
│ Use `Td <: Complex ? Complex{Td} : Td` instead.
└ @ nothing seysen.jl:18
┌ Warning: Deprecated syntax `Td <: Complex?` at /home/vagrant/.julia/v0.7/LLLplus/src/seysen.jl:20.
│ Use `Td <: Complex ?` instead.
└ @ nothing seysen.jl:20
┌ Warning: Deprecated syntax `Td <: Complex ?Complex` at /home/vagrant/.julia/v0.7/LLLplus/src/seysen.jl:20.
│ Use `Td <: Complex ? Complex` instead.
└ @ nothing seysen.jl:20
┌ Warning: Deprecated syntax `Td <: Complex ? Complex{Int}:` at /home/vagrant/.julia/v0.7/LLLplus/src/seysen.jl:20.
│ Use `Td <: Complex ? Complex{Int} :` instead.
└ @ nothing seysen.jl:20
┌ Warning: Deprecated syntax `Td <: Complex ? Complex{Int} :Int` at /home/vagrant/.julia/v0.7/LLLplus/src/seysen.jl:20.
│ Use `Td <: Complex ? Complex{Int} : Int` instead.
└ @ nothing seysen.jl:20
┌ Warning: Deprecated syntax `Td <: Complex?` at /home/vagrant/.julia/v0.7/LLLplus/src/seysen.jl:23.
│ Use `Td <: Complex ?` instead.
└ @ nothing seysen.jl:23
┌ Warning: Deprecated syntax `Td <: Complex ?round` at /home/vagrant/.julia/v0.7/LLLplus/src/seysen.jl:23.
│ Use `Td <: Complex ? round` instead.
└ @ nothing seysen.jl:23
┌ Warning: Deprecated syntax `Td <: Complex ? +(round(real(r)), *(im, round(imag(r)))):` at /home/vagrant/.julia/v0.7/LLLplus/src/seysen.jl:23.
│ Use `Td <: Complex ? +(round(real(r)), *(im, round(imag(r)))) :` instead.
└ @ nothing seysen.jl:23
┌ Warning: Deprecated syntax `Td <: Complex ? +(round(real(r)), *(im, round(imag(r)))) :round` at /home/vagrant/.julia/v0.7/LLLplus/src/seysen.jl:23.
│ Use `Td <: Complex ? +(round(real(r)), *(im, round(imag(r)))) : round` instead.
└ @ nothing seysen.jl:23
┌ Warning: Deprecated syntax `parametric method syntax seysen{Td}(H::Array{Td, 2})` around /home/vagrant/.julia/v0.7/LLLplus/src/seysen.jl:14.
│ Use `seysen(H::Array{Td, 2}) where Td` instead.
└ @ nothing seysen.jl:14
┌ Warning: Deprecated syntax `parametric method syntax vblast{T}(H::Array{T, 2}, mu = Inf)` around /home/vagrant/.julia/v0.7/LLLplus/src/vblast.jl:16.
│ Use `vblast(H::Array{T, 2}, mu = Inf) where T` instead.
└ @ nothing vblast.jl:16
┌ Warning: Deprecated syntax `parametric method syntax hard_sphere{Td}(Y::Array{Td, 2}, H::Array{Td, 2}, Nc)` around /home/vagrant/.julia/v0.7/LLLplus/src/hard_sphere.jl:13.
│ Use `hard_sphere(Y::Array{Td, 2}, H::Array{Td, 2}, Nc) where Td` instead.
└ @ nothing hard_sphere.jl:13
WARNING: using LLLplus.LLLplus in module Main conflicts with an existing identifier.
ERROR: LoadError: importing LLLplus into Main conflicts with an existing identifier
Stacktrace:
 [1] include at ./boot.jl:295 [inlined]
 [2] include_relative(::Module, ::String) at ./loading.jl:521
 [3] include(::Module, ::String) at ./sysimg.jl:26
 [4] process_options(::Base.JLOptions) at ./client.jl:323
 [5] _start() at ./client.jl:374
in expression starting at /home/vagrant/.julia/v0.7/LLLplus/test/runtests.jl:6
┌ Error: ------------------------------------------------------------
│ # Testing failed for LLLplus
│   exception = ErrorException("failed process: Process(`/home/vagrant/julia/bin/julia -Cnative -J/home/vagrant/julia/lib/julia/sys.so --compile=yes --depwarn=yes --code-coverage=none --color=no --compiled-modules=yes --check-bounds=yes --warn-overwrite=yes --startup-file=yes /home/vagrant/.julia/v0.7/LLLplus/test/runtests.jl`, ProcessExited(1)) [1]")
└ @ Base.Pkg.Entry entry.jl:739
ERROR: LLLplus had test errors

>>> End of log
