>>> 'Pkg.add("LocalFunctionApproximation")' log
INFO: Cloning cache of LocalFunctionApproximation from https://github.com/sisl/LocalFunctionApproximation.jl.git
INFO: Installing Distances v0.6.0
INFO: Installing GridInterpolations v0.1.1
INFO: Installing LocalFunctionApproximation v0.0.1
INFO: Installing NearestNeighbors v0.3.0
INFO: Installing StaticArrays v0.7.2
INFO: Package database updated
INFO: METADATA is out-of-date — you may not have the latest version of LocalFunctionApproximation
INFO: Use `Pkg.update()` to get the latest versions of your packages

>>> 'Pkg.test("LocalFunctionApproximation")' log
Julia Version 0.6.4
Commit 9d11f62bcb (2018-07-09 19:09 UTC)
Platform Info:
  OS: Linux (x86_64-pc-linux-gnu)
  CPU: Intel(R) Xeon(R) CPU E3-1241 v3 @ 3.50GHz
  WORD_SIZE: 64
           Ubuntu 14.04.5 LTS
  uname: Linux 3.13.0-143-generic #192-Ubuntu SMP Tue Feb 27 10:45:36 UTC 2018 x86_64 x86_64
Memory: 2.939197540283203 GB (671.53125 MB free)
Uptime: 49769.0 sec
Load Avg:  0.9970703125  0.9853515625  1.03466796875
Intel(R) Xeon(R) CPU E3-1241 v3 @ 3.50GHz: 
       speed         user         nice          sys         idle          irq
#1  3500 MHz    2965272 s         67 s     228160 s    1030107 s         26 s
#2  3500 MHz     555130 s       4832 s      77593 s    4257331 s          0 s

  BLAS: libopenblas (USE64BITINT DYNAMIC_ARCH NO_AFFINITY Nehalem MAX_THREADS=16)
  LAPACK: libopenblas64_
  LIBM: libopenlibm
  LLVM: libLLVM-3.9.1 (ORCJIT, haswell)
Environment:
  TERM = vt100
  LD_LIBRARY_PATH = :/usr/local/lib/
  PATH = /usr/local/sbin:/usr/local/bin:/usr/sbin:/usr/bin:/sbin:/bin:/usr/games:/usr/local/games:/home/vagrant/julia/bin/
  JAVA_HOME = /usr/lib/jvm/java-8-openjdk-amd64
  HOME = /home/vagrant

Package Directory: /home/vagrant/.julia/v0.6
2 required packages:
 - JSON                          0.17.2
 - LocalFunctionApproximation    0.0.1
6 additional packages:
 - Compat                        0.70.0
 - Distances                     0.6.0
 - GridInterpolations            0.1.1
 - NearestNeighbors              0.3.0
 - Nullables                     0.0.6
 - StaticArrays                  0.7.2
INFO: Testing LocalFunctionApproximation
INFO: LocalFunctionApproximation tests passed

>>> End of log
