>>> 'Pkg.add("LocalFilters")' log
INFO: Cloning cache of LocalFilters from https://github.com/emmt/LocalFilters.jl.git
INFO: Installing LocalFilters v0.1.0
INFO: Package database updated

>>> 'Pkg.test("LocalFilters")' log
Julia Version 0.6.1
Commit 0d7248e2ff (2017-10-24 22:15 UTC)
Platform Info:
  OS: Linux (x86_64-pc-linux-gnu)
  CPU: Intel(R) Xeon(R) CPU E3-1241 v3 @ 3.50GHz
  WORD_SIZE: 64
           Ubuntu 14.04.5 LTS
  uname: Linux 3.13.0-135-generic #184-Ubuntu SMP Wed Oct 18 11:55:51 UTC 2017 x86_64 x86_64
Memory: 2.93927001953125 GB (882.54296875 MB free)
Uptime: 9130.0 sec
Load Avg:  0.92529296875  0.998046875  1.02392578125
Intel(R) Xeon(R) CPU E3-1241 v3 @ 3.50GHz: 
       speed         user         nice          sys         idle          irq
#1  3499 MHz     566963 s         55 s      32316 s     187585 s          6 s
#2  3499 MHz     102519 s        120 s      14643 s     783747 s          0 s

  BLAS: libopenblas (USE64BITINT DYNAMIC_ARCH NO_AFFINITY Nehalem)
  LAPACK: libopenblas64_
  LIBM: libopenlibm
  LLVM: libLLVM-3.9.1 (ORCJIT, haswell)
Environment:
  TERM = vt100
  LD_LIBRARY_PATH = :/usr/local/lib/
  PATH = /usr/local/sbin:/usr/local/bin:/usr/sbin:/usr/bin:/sbin:/bin:/usr/games:/usr/local/games:/home/vagrant/julia/bin/
  JAVA_HOME = /usr/lib/jvm/java-8-openjdk-amd64
  HOME = /home/vagrant

Package Directory: /home/vagrant/.julia/v0.6
2 required packages:
 - JSON                          0.16.1
 - LocalFilters                  0.1.0
1 additional packages:
 - Compat                        0.37.0
INFO: Testing LocalFilters
Test Summary: | Pass  Total
LocalFilters  |   32     32
INFO: LocalFilters tests passed

>>> End of log
