>>> 'Pkg.add("LowRankApprox")' log
INFO: Cloning cache of LowRankApprox from https://github.com/klho/LowRankApprox.jl.git
INFO: Installing LowRankApprox v0.0.2
INFO: Package database updated
INFO: METADATA is out-of-date — you may not have the latest version of LowRankApprox
INFO: Use `Pkg.update()` to get the latest versions of your packages

>>> 'Pkg.test("LowRankApprox")' log
Julia Version 0.6.0-rc3.0
Commit ad290e9 (2017-06-07 11:53 UTC)
Platform Info:
  OS: Linux (x86_64-pc-linux-gnu)
  CPU: Intel(R) Xeon(R) CPU E3-1241 v3 @ 3.50GHz
  WORD_SIZE: 64
           Ubuntu 14.04.5 LTS
  uname: Linux 3.13.0-119-generic #166-Ubuntu SMP Wed May 3 12:18:55 UTC 2017 x86_64 x86_64
Memory: 2.9392738342285156 GB (1002.6015625 MB free)
Uptime: 8879.0 sec
Load Avg:  1.0595703125  1.01025390625  1.04541015625
Intel(R) Xeon(R) CPU E3-1241 v3 @ 3.50GHz: 
       speed         user         nice          sys         idle          irq
#1  3500 MHz     542631 s       6708 s      28804 s     171329 s          8 s
#2  3500 MHz     105930 s         44 s      14151 s     753239 s          0 s

  BLAS: libopenblas (USE64BITINT DYNAMIC_ARCH NO_AFFINITY Nehalem)
  LAPACK: libopenblas64_
  LIBM: libopenlibm
  LLVM: libLLVM-3.9.1 (ORCJIT, haswell)
Environment:
  TERM = vt100
  LD_LIBRARY_PATH = :/usr/local/lib/
  PATH = /usr/local/sbin:/usr/local/bin:/usr/sbin:/usr/bin:/sbin:/bin:/usr/games:/usr/local/games:/home/vagrant/julia/bin/
  JAVA_HOME = /usr/lib/jvm/java-7-oracle
  HOME = /home/vagrant

Package Directory: /home/vagrant/.julia/v0.6
2 required packages:
 - JSON                          0.12.0
 - LowRankApprox                 0.0.2
1 additional packages:
 - Compat                        0.26.0
INFO: Testing LowRankApprox
linop.jl
  LinearOperator/Float32
  LinearOperator/Float64
  LinearOperator/Complex{Float32}
  LinearOperator/Complex{Float64}
  HermitianLinearOperator/Float32
  HermitianLinearOperator/Float64
  HermitianLinearOperator/Complex{Float32}
  HermitianLinearOperator/Complex{Float64}
elapsed time: 16.028535354 seconds
permute.jl
  RowPermutation
  ColumnPermutation
elapsed time: 2.215821293 seconds
snorm.jl
  Float32
  Float64
  Complex{Float32}
  Complex{Float64}
elapsed time: 1.733101114 seconds
trapezoidal.jl
  LowerTrapezoidal/Float32
  LowerTrapezoidal/Float64
  LowerTrapezoidal/Complex{Float32}
  LowerTrapezoidal/Complex{Float64}
  UpperTrapezoidal/Float32
  UpperTrapezoidal/Float64
  UpperTrapezoidal/Complex{Float32}
  UpperTrapezoidal/Complex{Float64}
elapsed time: 52.917011992 seconds

cur.jl
  none/Float32
  none/Float64
  none/Complex{Float32}
  none/Complex{Float64}
  RandomGaussian/Float32
  RandomGaussian/Float64
  RandomGaussian/Complex{Float32}
  RandomGaussian/Complex{Float64}
  RandomSubset/Float32
  RandomSubset/Float64
  RandomSubset/Complex{Float32}
  RandomSubset/Complex{Float64}
  SRFT/Float32
  SRFT/Float64
  SRFT/Complex{Float32}
  SRFT/Complex{Float64}
  SparseRandomGaussian/Float32
  SparseRandomGaussian/Float64
  SparseRandomGaussian/Complex{Float32}
  SparseRandomGaussian/Complex{Float64}
elapsed time: 41.616326851 seconds
id.jl
  none/Float32
  none/Float64
  none/Complex{Float32}
  none/Complex{Float64}
  RandomGaussian/Float32
  RandomGaussian/Float64
  RandomGaussian/Complex{Float32}
  RandomGaussian/Complex{Float64}
  RandomSubset/Float32
  RandomSubset/Float64
  RandomSubset/Complex{Float32}
  RandomSubset/Complex{Float64}
  SRFT/Float32
  SRFT/Float64
  SRFT/Complex{Float32}
  SRFT/Complex{Float64}
  SparseRandomGaussian/Float32
  SparseRandomGaussian/Float64
  SparseRandomGaussian/Complex{Float32}
  SparseRandomGaussian/Complex{Float64}
elapsed time: 25.228879572 seconds
pheig.jl
  none/Float32
  none/Float64
  none/Complex{Float32}
  none/Complex{Float64}
  RandomGaussian/Float32
  RandomGaussian/Float64
  RandomGaussian/Complex{Float32}
  RandomGaussian/Complex{Float64}
  RandomSubset/Float32
  RandomSubset/Float64
  RandomSubset/Complex{Float32}
  RandomSubset/Complex{Float64}
  SRFT/Float32
  SRFT/Float64
  SRFT/Complex{Float32}
  SRFT/Complex{Float64}
  SparseRandomGaussian/Float32
  SparseRandomGaussian/Float64
  SparseRandomGaussian/Complex{Float32}
  SparseRandomGaussian/Complex{Float64}
elapsed time: 9.219326428 seconds
pqr.jl
  none/Float32
  none/Float64
  none/Complex{Float32}
  none/Complex{Float64}
  RandomGaussian/Float32
  RandomGaussian/Float64
  RandomGaussian/Complex{Float32}
  RandomGaussian/Complex{Float64}
  RandomSubset/Float32
  RandomSubset/Float64
  RandomSubset/Complex{Float32}
  RandomSubset/Complex{Float64}
  SRFT/Float32
  SRFT/Float64
  SRFT/Complex{Float32}
  SRFT/Complex{Float64}
  SparseRandomGaussian/Float32
  SparseRandomGaussian/Float64
  SparseRandomGaussian/Complex{Float32}
  SparseRandomGaussian/Complex{Float64}
elapsed time: 7.063028845 seconds
prange.jl
  none/Float32
  none/Float64
  none/Complex{Float32}
  none/Complex{Float64}
  RandomGaussian/Float32
  RandomGaussian/Float64
  RandomGaussian/Complex{Float32}
  RandomGaussian/Complex{Float64}
  RandomSubset/Float32
  RandomSubset/Float64
  RandomSubset/Complex{Float32}
  RandomSubset/Complex{Float64}
  SRFT/Float32
  SRFT/Float64
  SRFT/Complex{Float32}
  SRFT/Complex{Float64}
  SparseRandomGaussian/Float32
  SparseRandomGaussian/Float64
  SparseRandomGaussian/Complex{Float32}
  SparseRandomGaussian/Complex{Float64}
elapsed time: 4.848821287 seconds
psvd.jl
  none/Float32
  none/Float64
  none/Complex{Float32}
  none/Complex{Float64}
  RandomGaussian/Float32
  RandomGaussian/Float64
  RandomGaussian/Complex{Float32}
  RandomGaussian/Complex{Float64}
  RandomSubset/Float32
  RandomSubset/Float64
  RandomSubset/Complex{Float32}
  RandomSubset/Complex{Float64}
  SRFT/Float32
  SRFT/Float64
  SRFT/Complex{Float32}
  SRFT/Complex{Float64}
  SparseRandomGaussian/Float32
  SparseRandomGaussian/Float64
  SparseRandomGaussian/Complex{Float32}
  SparseRandomGaussian/Complex{Float64}
elapsed time: 10.306308564 seconds
sketch.jl
  RandomGaussian/Float32
  RandomGaussian/Float64
  RandomGaussian/Complex{Float32}
  RandomGaussian/Complex{Float64}
  RandomSubset/Float32
  RandomSubset/Float64
  RandomSubset/Complex{Float32}
  RandomSubset/Complex{Float64}
  SRFT/Float32
  SRFT/Float64
  SRFT/Complex{Float32}
  SRFT/Complex{Float64}
  SparseRandomGaussian/Float32
  SparseRandomGaussian/Float64
  SparseRandomGaussian/Complex{Float32}
  SparseRandomGaussian/Complex{Float64}
elapsed time: 0.128828036 seconds
INFO: LowRankApprox tests passed

>>> End of log
