>>> 'Pkg.add("LPVSpectral")' log
INFO: Cloning cache of LPVSpectral from https://github.com/baggepinnen/LPVSpectral.jl.git
INFO: Installing ColorTypes v0.3.0
INFO: Installing Colors v0.7.0
INFO: Installing DSP v0.1.1
INFO: Installing FixedPointNumbers v0.3.0
INFO: Installing FixedSizeArrays v0.2.5
INFO: Installing Iterators v0.2.0
INFO: Installing LPVSpectral v0.0.1
INFO: Installing Measures v0.0.3
INFO: Installing PlotThemes v0.1.0
INFO: Installing PlotUtils v0.3.0
INFO: Installing Plots v0.10.3
INFO: Installing Polynomials v0.1.2
INFO: Installing RecipesBase v0.1.0
INFO: Installing Reexport v0.0.3
INFO: Installing Showoff v0.0.7
INFO: Building Plots
INFO: Package database updated

>>> 'Pkg.test("LPVSpectral")' log
Julia Version 0.5.0
Commit 3c9d753 (2016-09-19 18:14 UTC)
Platform Info:
  System: Linux (x86_64-pc-linux-gnu)
  CPU: Intel(R) Xeon(R) CPU E3-1241 v3 @ 3.50GHz
  WORD_SIZE: 64
           Ubuntu 14.04.5 LTS
  uname: Linux 3.13.0-107-generic #154-Ubuntu SMP Tue Dec 20 09:57:27 UTC 2016 x86_64 x86_64
Memory: 2.9392738342285156 GB (1538.96875 MB free)
Uptime: 48895.0 sec
Load Avg:  1.01953125  1.0771484375  1.12744140625
Intel(R) Xeon(R) CPU E3-1241 v3 @ 3.50GHz: 
       speed         user         nice          sys         idle          irq
#1  3505 MHz    2991015 s       2523 s     325745 s     935588 s         94 s
#2  3505 MHz     855464 s       5801 s     143341 s    3755698 s          2 s

  BLAS: libopenblas (USE64BITINT DYNAMIC_ARCH NO_AFFINITY Nehalem)
  LAPACK: libopenblas64_
  LIBM: libopenlibm
  LLVM: libLLVM-3.7.1 (ORCJIT, haswell)
Environment:
  TERM = vt100
  LD_LIBRARY_PATH = :/usr/local/lib/
  PATH = /usr/local/sbin:/usr/local/bin:/usr/sbin:/usr/bin:/sbin:/bin:/usr/games:/usr/local/games:/home/vagrant/julia/bin/
  JAVA_HOME = /usr/lib/jvm/java-7-oracle
  HOME = /home/vagrant

Package Directory: /home/vagrant/.julia/v0.5
2 required packages:
 - JSON                          0.8.2
 - LPVSpectral                   0.0.1
19 additional packages:
 - ColorTypes                    0.3.0
 - Colors                        0.7.0
 - Compat                        0.14.0
 - CompilerTools                 0.2.1
 - DSP                           0.1.1
 - DataStructures                0.5.2
 - DocOpt                        0.2.0
 - FixedPointNumbers             0.3.0
 - FixedSizeArrays               0.2.5
 - Iterators                     0.2.0
 - Measures                      0.0.3
 - ParallelAccelerator           0.2.2              6da2e374 (dirty)
 - PlotThemes                    0.1.0
 - PlotUtils                     0.3.0
 - Plots                         0.10.3
 - Polynomials                   0.1.2
 - RecipesBase                   0.1.0
 - Reexport                      0.0.3
 - Showoff                       0.0.7
INFO: Testing LPVSpectral
Testing Complex Normal
Done
INFO: LPVSpectral tests passed

>>> End of log
