>>> 'Pkg.add("LRSLib")' log
[ Info: Cloning cache of LRSLib from https://github.com/JuliaPolyhedra/LRSLib.jl.git @ Base.Pkg.Cache cache.jl:43
[ Info: Cloning cache of Polyhedra from https://github.com/JuliaPolyhedra/Polyhedra.jl.git @ Base.Pkg.Cache cache.jl:43
[ Info: Installing BinDeps v0.8.2 @ Base.Pkg.Entry entry.jl:543
[ Info: Installing Calculus v0.2.2 @ Base.Pkg.Entry entry.jl:543
[ Info: Installing ColorTypes v0.6.6 @ Base.Pkg.Entry entry.jl:543
[ Info: Installing CommonSubexpressions v0.0.1 @ Base.Pkg.Entry entry.jl:543
[ Info: Installing DataStructures v0.7.3 @ Base.Pkg.Entry entry.jl:543
[ Info: Installing DiffResults v0.0.2 @ Base.Pkg.Entry entry.jl:543
[ Info: Installing DiffRules v0.0.2 @ Base.Pkg.Entry entry.jl:543
[ Info: Installing FixedPointNumbers v0.4.3 @ Base.Pkg.Entry entry.jl:543
[ Info: Installing ForwardDiff v0.7.0 @ Base.Pkg.Entry entry.jl:543
[ Info: Installing GeometryTypes v0.4.4 @ Base.Pkg.Entry entry.jl:543
[ Info: Installing IterTools v0.2.0 @ Base.Pkg.Entry entry.jl:543
[ Info: Installing JuMP v0.18.0 @ Base.Pkg.Entry entry.jl:543
[ Info: Installing LRSLib v0.1.2 @ Base.Pkg.Entry entry.jl:543
[ Info: Installing MathProgBase v0.7.0 @ Base.Pkg.Entry entry.jl:543
[ Info: Installing NaNMath v0.3.0 @ Base.Pkg.Entry entry.jl:543
[ Info: Installing Polyhedra v0.2.3 @ Base.Pkg.Entry entry.jl:543
[ Info: Installing RecipesBase v0.2.3 @ Base.Pkg.Entry entry.jl:543
[ Info: Installing ReverseDiffSparse v0.8.1 @ Base.Pkg.Entry entry.jl:543
[ Info: Installing SHA v0.5.2 @ Base.Pkg.Entry entry.jl:543
[ Info: Installing SpecialFunctions v0.3.6 @ Base.Pkg.Entry entry.jl:543
[ Info: Installing StaticArrays v0.6.6 @ Base.Pkg.Entry entry.jl:543
[ Info: Installing URIParser v0.3.0 @ Base.Pkg.Entry entry.jl:543
[ Info: Building SpecialFunctions @ Main none:10
WARNING: importing deprecated binding Base.Void into __anon__.
WARNING: Base.Void is deprecated, use Nothing instead.
  likely near /home/vagrant/.julia/v0.7/SpecialFunctions/deps/build.jl:6
WARNING: Base.Void is deprecated, use Nothing instead.
  likely near /home/vagrant/.julia/v0.7/SpecialFunctions/deps/build.jl:6
WARNING: Base.Void is deprecated, use Nothing instead.
  likely near /home/vagrant/.julia/v0.7/SpecialFunctions/deps/build.jl:6
WARNING: Base.Void is deprecated, use Nothing instead.
  likely near /home/vagrant/.julia/v0.7/SpecialFunctions/deps/build.jl:6
WARNING: Base.Void is deprecated, use Nothing instead.
  likely near /home/vagrant/.julia/v0.7/SpecialFunctions/deps/build.jl:6
WARNING: Base.Void is deprecated, use Nothing instead.
  likely near /home/vagrant/.julia/v0.7/SpecialFunctions/deps/build.jl:6
WARNING: importing deprecated binding Base.Associative into BinDeps.
WARNING: Base.Associative is deprecated, use AbstractDict instead.
  likely near /home/vagrant/.julia/v0.7/SpecialFunctions/deps/binaries.jl:44
in @install at /home/vagrant/.julia/v0.7/BinDeps/src/dependencies.jl
┌ Warning: `unshift!` is deprecated, use `pushfirst!` instead.
│   caller = #_find_library#48(::Type, ::Function, ::BinDeps.LibraryDependency) at dependencies.jl:652
└ @ BinDeps dependencies.jl:652
┌ Warning: `unshift!` is deprecated, use `pushfirst!` instead.
│   caller = #_find_library#48(::DataType, ::Function, ::BinDeps.LibraryDependency) at dependencies.jl:652
└ @ BinDeps dependencies.jl:652
[ Info: Building LRSLib @ Main none:10
┌ Warning: `is_linux` is deprecated, use `Sys.islinux` instead.
│   caller = top-level scope
└ @ Core :0
Warning: The compilation of LRS requires the header gmp.h provided by the package libgmp-dev.
If the compilation fails, please install it as follows:
$ sudo apt-get install libgmp-dev
┌ Warning: `is_apple` is deprecated, use `Sys.isapple` instead.
│   caller = top-level scope
└ @ Core :0
WARNING: importing deprecated binding Base.Associative into BinDeps.
WARNING: Base.Associative is deprecated, use AbstractDict instead.
  likely near /home/vagrant/.julia/v0.7/LRSLib/deps/build.jl:89
in @install at /home/vagrant/.julia/v0.7/BinDeps/src/dependencies.jl
┌ Warning: `info()` is deprecated, use `@info` instead.
│   caller = run(::BinDeps.DirectoryRule) at BinDeps.jl:492
└ @ BinDeps BinDeps.jl:492
INFO: Attempting to create directory /home/vagrant/.julia/v0.7/LRSLib/deps/downloads
┌ Warning: `info()` is deprecated, use `@info` instead.
│   caller = (::getfield(BinDeps, Symbol("##15#17")){BinDeps.FileDownloader})() at BinDeps.jl:358
└ @ BinDeps BinDeps.jl:358
INFO: Downloading file https://github.com/blegat/lrslib/archive/89bf29524143836a298e3f7f513e8b96d6356031.zip
  % Total    % Received % Xferd  Average Speed   Time    Time     Time  Current
                                 Dload  Upload   Total   Spent    Left  Speed
  0     0    0     0    0     0      0      0 --:--:-- --:--:-- --:--:--     0  0     0    0     0    0     0      0      0 --:--:-- --:--:-- --:--:--     0100   159    0   159    0     0   1788      0 --:--:-- --:--:-- --:--:--  1786
  0     0    0   160    0     0    979      0 --:--:-- --:--:-- --:--:--   979
  0     0    0  180k    0     0   115k      0 --:--:--  0:00:01 --:--:--  115k  0     0    0  353k    0     0   225k      0 --:--:--  0:00:01 --:--:-- 18.8M
┌ Warning: `info()` is deprecated, use `@info` instead.
│   caller = (::getfield(BinDeps, Symbol("##16#18")){BinDeps.FileDownloader})() at BinDeps.jl:358
└ @ BinDeps BinDeps.jl:358
INFO: Done downloading file https://github.com/blegat/lrslib/archive/89bf29524143836a298e3f7f513e8b96d6356031.zip
INFO: Attempting to create directory /home/vagrant/.julia/v0.7/LRSLib/deps/src
INFO: Attempting to create directory /home/vagrant/.julia/v0.7/LRSLib/deps
┌ Warning: `info()` is deprecated, use `@info` instead.
│   caller = run(::BinDeps.DirectoryRule) at BinDeps.jl:499
└ @ BinDeps BinDeps.jl:499
INFO: Directory /home/vagrant/.julia/v0.7/LRSLib/deps already exists
Archive:  /home/vagrant/.julia/v0.7/LRSLib/deps/downloads/89bf29524143836a298e3f7f513e8b96d6356031.zip
89bf29524143836a298e3f7f513e8b96d6356031
   creating: /home/vagrant/.julia/v0.7/LRSLib/deps/src/lrslib-89bf29524143836a298e3f7f513e8b96d6356031/
  inflating: /home/vagrant/.julia/v0.7/LRSLib/deps/src/lrslib-89bf29524143836a298e3f7f513e8b96d6356031/2nash.c  
  inflating: /home/vagrant/.julia/v0.7/LRSLib/deps/src/lrslib-89bf29524143836a298e3f7f513e8b96d6356031/COPYING  
  inflating: /home/vagrant/.julia/v0.7/LRSLib/deps/src/lrslib-89bf29524143836a298e3f7f513e8b96d6356031/README  
  inflating: /home/vagrant/.julia/v0.7/LRSLib/deps/src/lrslib-89bf29524143836a298e3f7f513e8b96d6356031/chdemo.c  
  inflating: /home/vagrant/.julia/v0.7/LRSLib/deps/src/lrslib-89bf29524143836a298e3f7f513e8b96d6356031/cleanthreads  
  inflating: /home/vagrant/.julia/v0.7/LRSLib/deps/src/lrslib-89bf29524143836a298e3f7f513e8b96d6356031/cube.ext  
  inflating: /home/vagrant/.julia/v0.7/LRSLib/deps/src/lrslib-89bf29524143836a298e3f7f513e8b96d6356031/cube.ine  
   creating: /home/vagrant/.julia/v0.7/LRSLib/deps/src/lrslib-89bf29524143836a298e3f7f513e8b96d6356031/ext/
   creating: /home/vagrant/.julia/v0.7/LRSLib/deps/src/lrslib-89bf29524143836a298e3f7f513e8b96d6356031/ext/metric/
  inflating: /home/vagrant/.julia/v0.7/LRSLib/deps/src/lrslib-89bf29524143836a298e3f7f513e8b96d6356031/ext/metric/cp4.ext  
  inflating: /home/vagrant/.julia/v0.7/LRSLib/deps/src/lrslib-89bf29524143836a298e3f7f513e8b96d6356031/ext/metric/cp5.ext  
  inflating: /home/vagrant/.julia/v0.7/LRSLib/deps/src/lrslib-89bf29524143836a298e3f7f513e8b96d6356031/ext/metric/cp6.ext  
  inflating: /home/vagrant/.julia/v0.7/LRSLib/deps/src/lrslib-89bf29524143836a298e3f7f513e8b96d6356031/ext/metric/cp7.ext  
  inflating: /home/vagrant/.julia/v0.7/LRSLib/deps/src/lrslib-89bf29524143836a298e3f7f513e8b96d6356031/ext/metric/mp5.ext  
   creating: /home/vagrant/.julia/v0.7/LRSLib/deps/src/lrslib-89bf29524143836a298e3f7f513e8b96d6356031/ext/test/
  inflating: /home/vagrant/.julia/v0.7/LRSLib/deps/src/lrslib-89bf29524143836a298e3f7f513e8b96d6356031/ext/test/cut16_11.ext  
  inflating: /home/vagrant/.julia/v0.7/LRSLib/deps/src/lrslib-89bf29524143836a298e3f7f513e8b96d6356031/ext/test/cut32_16.ext  
  inflating: /home/vagrant/.julia/v0.7/LRSLib/deps/src/lrslib-89bf29524143836a298e3f7f513e8b96d6356031/ext/test/cyclic25_13.ext  
  inflating: /home/vagrant/.julia/v0.7/LRSLib/deps/src/lrslib-89bf29524143836a298e3f7f513e8b96d6356031/ext/test/tsp5.ext  
  inflating: /home/vagrant/.julia/v0.7/LRSLib/deps/src/lrslib-89bf29524143836a298e3f7f513e8b96d6356031/float2rat.c  
  inflating: /home/vagrant/.julia/v0.7/LRSLib/deps/src/lrslib-89bf29524143836a298e3f7f513e8b96d6356031/fourier.c  
  inflating: /home/vagrant/.julia/v0.7/LRSLib/deps/src/lrslib-89bf29524143836a298e3f7f513e8b96d6356031/game  
  inflating: /home/vagrant/.julia/v0.7/LRSLib/deps/src/lrslib-89bf29524143836a298e3f7f513e8b96d6356031/game1  
  inflating: /home/vagrant/.julia/v0.7/LRSLib/deps/src/lrslib-89bf29524143836a298e3f7f513e8b96d6356031/game2  
   creating: /home/vagrant/.julia/v0.7/LRSLib/deps/src/lrslib-89bf29524143836a298e3f7f513e8b96d6356031/ine/
   creating: /home/vagrant/.julia/v0.7/LRSLib/deps/src/lrslib-89bf29524143836a298e3f7f513e8b96d6356031/ine/cocoa13/
  inflating: /home/vagrant/.julia/v0.7/LRSLib/deps/src/lrslib-89bf29524143836a298e3f7f513e8b96d6356031/ine/cocoa13/bv10.ine  
  inflating: /home/vagrant/.julia/v0.7/LRSLib/deps/src/lrslib-89bf29524143836a298e3f7f513e8b96d6356031/ine/cocoa13/bv4.ine  
  inflating: /home/vagrant/.julia/v0.7/LRSLib/deps/src/lrslib-89bf29524143836a298e3f7f513e8b96d6356031/ine/cocoa13/bv5.ine  
  inflating: /home/vagrant/.julia/v0.7/LRSLib/deps/src/lrslib-89bf29524143836a298e3f7f513e8b96d6356031/ine/cocoa13/bv6.ine  
  inflating: /home/vagrant/.julia/v0.7/LRSLib/deps/src/lrslib-89bf29524143836a298e3f7f513e8b96d6356031/ine/cocoa13/bv7.ine  
  inflating: /home/vagrant/.julia/v0.7/LRSLib/deps/src/lrslib-89bf29524143836a298e3f7f513e8b96d6356031/ine/cocoa13/bv8.ine  
  inflating: /home/vagrant/.julia/v0.7/LRSLib/deps/src/lrslib-89bf29524143836a298e3f7f513e8b96d6356031/ine/cocoa13/bv9.ine  
  inflating: /home/vagrant/.julia/v0.7/LRSLib/deps/src/lrslib-89bf29524143836a298e3f7f513e8b96d6356031/ine/cocoa13/c28-14.ext  
  inflating: /home/vagrant/.julia/v0.7/LRSLib/deps/src/lrslib-89bf29524143836a298e3f7f513e8b96d6356031/ine/cocoa13/c30-15.ext  
  inflating: /home/vagrant/.julia/v0.7/LRSLib/deps/src/lrslib-89bf29524143836a298e3f7f513e8b96d6356031/ine/cocoa13/c40-20.ext  
  inflating: /home/vagrant/.julia/v0.7/LRSLib/deps/src/lrslib-89bf29524143836a298e3f7f513e8b96d6356031/ine/cocoa13/mit.ine  
  inflating: /home/vagrant/.julia/v0.7/LRSLib/deps/src/lrslib-89bf29524143836a298e3f7f513e8b96d6356031/ine/cocoa13/perm10.ine  
  inflating: /home/vagrant/.julia/v0.7/LRSLib/deps/src/lrslib-89bf29524143836a298e3f7f513e8b96d6356031/ine/cocoa13/perm4.ine  
  inflating: /home/vagrant/.julia/v0.7/LRSLib/deps/src/lrslib-89bf29524143836a298e3f7f513e8b96d6356031/ine/cocoa13/perm5.ine  
  inflating: /home/vagrant/.julia/v0.7/LRSLib/deps/src/lrslib-89bf29524143836a298e3f7f513e8b96d6356031/ine/cocoa13/perm6.ine  
  inflating: /home/vagrant/.julia/v0.7/LRSLib/deps/src/lrslib-89bf29524143836a298e3f7f513e8b96d6356031/ine/cocoa13/perm7.ine  
  inflating: /home/vagrant/.julia/v0.7/LRSLib/deps/src/lrslib-89bf29524143836a298e3f7f513e8b96d6356031/ine/cocoa13/perm8.ine  
  inflating: /home/vagrant/.julia/v0.7/LRSLib/deps/src/lrslib-89bf29524143836a298e3f7f513e8b96d6356031/ine/cocoa13/perm9.ine  
   creating: /home/vagrant/.julia/v0.7/LRSLib/deps/src/lrslib-89bf29524143836a298e3f7f513e8b96d6356031/ine/metric/
  inflating: /home/vagrant/.julia/v0.7/LRSLib/deps/src/lrslib-89bf29524143836a298e3f7f513e8b96d6356031/ine/metric/cp4.ine  
  inflating: /home/vagrant/.julia/v0.7/LRSLib/deps/src/lrslib-89bf29524143836a298e3f7f513e8b96d6356031/ine/metric/cp5.ine  
  inflating: /home/vagrant/.julia/v0.7/LRSLib/deps/src/lrslib-89bf29524143836a298e3f7f513e8b96d6356031/ine/metric/cp6.ine  
  inflating: /home/vagrant/.julia/v0.7/LRSLib/deps/src/lrslib-89bf29524143836a298e3f7f513e8b96d6356031/ine/metric/mp5.ine  
  inflating: /home/vagrant/.julia/v0.7/LRSLib/deps/src/lrslib-89bf29524143836a298e3f7f513e8b96d6356031/ine/metric/mp6.ine  
   creating: /home/vagrant/.julia/v0.7/LRSLib/deps/src/lrslib-89bf29524143836a298e3f7f513e8b96d6356031/ine/mit/
  inflating: /home/vagrant/.julia/v0.7/LRSLib/deps/src/lrslib-89bf29524143836a298e3f7f513e8b96d6356031/ine/mit/mit.ine  
  inflating: /home/vagrant/.julia/v0.7/LRSLib/deps/src/lrslib-89bf29524143836a298e3f7f513e8b96d6356031/ine/mit/mit288-281.ine  
  inflating: /home/vagrant/.julia/v0.7/LRSLib/deps/src/lrslib-89bf29524143836a298e3f7f513e8b96d6356031/ine/mit/mit31-20.ine  
  inflating: /home/vagrant/.julia/v0.7/LRSLib/deps/src/lrslib-89bf29524143836a298e3f7f513e8b96d6356031/ine/mit/mit41-16.ine  
  inflating: /home/vagrant/.julia/v0.7/LRSLib/deps/src/lrslib-89bf29524143836a298e3f7f513e8b96d6356031/ine/mit/mit708-9.ine  
  inflating: /home/vagrant/.julia/v0.7/LRSLib/deps/src/lrslib-89bf29524143836a298e3f7f513e8b96d6356031/ine/mit/mit71-61.ine  
  inflating: /home/vagrant/.julia/v0.7/LRSLib/deps/src/lrslib-89bf29524143836a298e3f7f513e8b96d6356031/ine/mit/mit90-86.ine  
   creating: /home/vagrant/.julia/v0.7/LRSLib/deps/src/lrslib-89bf29524143836a298e3f7f513e8b96d6356031/ine/test-061/
  inflating: /home/vagrant/.julia/v0.7/LRSLib/deps/src/lrslib-89bf29524143836a298e3f7f513e8b96d6356031/ine/test-061/bv7.ine  
  inflating: /home/vagrant/.julia/v0.7/LRSLib/deps/src/lrslib-89bf29524143836a298e3f7f513e8b96d6356031/ine/test-061/c40-20.ext  
  inflating: /home/vagrant/.julia/v0.7/LRSLib/deps/src/lrslib-89bf29524143836a298e3f7f513e8b96d6356031/ine/test-061/cp6.ine  
  inflating: /home/vagrant/.julia/v0.7/LRSLib/deps/src/lrslib-89bf29524143836a298e3f7f513e8b96d6356031/ine/test-061/fq48-19.ine  
  inflating: /home/vagrant/.julia/v0.7/LRSLib/deps/src/lrslib-89bf29524143836a298e3f7f513e8b96d6356031/ine/test-061/m6.ine  
  inflating: /home/vagrant/.julia/v0.7/LRSLib/deps/src/lrslib-89bf29524143836a298e3f7f513e8b96d6356031/ine/test-061/mit.ine  
  inflating: /home/vagrant/.julia/v0.7/LRSLib/deps/src/lrslib-89bf29524143836a298e3f7f513e8b96d6356031/ine/test-061/mit71-61.ine  
  inflating: /home/vagrant/.julia/v0.7/LRSLib/deps/src/lrslib-89bf29524143836a298e3f7f513e8b96d6356031/ine/test-061/perm10.ine  
   creating: /home/vagrant/.julia/v0.7/LRSLib/deps/src/lrslib-89bf29524143836a298e3f7f513e8b96d6356031/ine/test-062/
  inflating: /home/vagrant/.julia/v0.7/LRSLib/deps/src/lrslib-89bf29524143836a298e3f7f513e8b96d6356031/ine/test-062/bv7.ine  
  inflating: /home/vagrant/.julia/v0.7/LRSLib/deps/src/lrslib-89bf29524143836a298e3f7f513e8b96d6356031/ine/test-062/c30-15.ext  
  inflating: /home/vagrant/.julia/v0.7/LRSLib/deps/src/lrslib-89bf29524143836a298e3f7f513e8b96d6356031/ine/test-062/c40-20.ext  
  inflating: /home/vagrant/.julia/v0.7/LRSLib/deps/src/lrslib-89bf29524143836a298e3f7f513e8b96d6356031/ine/test-062/cp6.ine  
  inflating: /home/vagrant/.julia/v0.7/LRSLib/deps/src/lrslib-89bf29524143836a298e3f7f513e8b96d6356031/ine/test-062/fq48-19.ine  
  inflating: /home/vagrant/.julia/v0.7/LRSLib/deps/src/lrslib-89bf29524143836a298e3f7f513e8b96d6356031/ine/test-062/m6.ine  
  inflating: /home/vagrant/.julia/v0.7/LRSLib/deps/src/lrslib-89bf29524143836a298e3f7f513e8b96d6356031/ine/test-062/mit.ine  
  inflating: /home/vagrant/.julia/v0.7/LRSLib/deps/src/lrslib-89bf29524143836a298e3f7f513e8b96d6356031/ine/test-062/mit71-61.ine  
   creating: /home/vagrant/.julia/v0.7/LRSLib/deps/src/lrslib-89bf29524143836a298e3f7f513e8b96d6356031/ine/test-062/normaliz/
  inflating: /home/vagrant/.julia/v0.7/LRSLib/deps/src/lrslib-89bf29524143836a298e3f7f513e8b96d6356031/ine/test-062/normaliz/bv7.in  
  inflating: /home/vagrant/.julia/v0.7/LRSLib/deps/src/lrslib-89bf29524143836a298e3f7f513e8b96d6356031/ine/test-062/normaliz/c30-15.ext.in  
  inflating: /home/vagrant/.julia/v0.7/LRSLib/deps/src/lrslib-89bf29524143836a298e3f7f513e8b96d6356031/ine/test-062/normaliz/c40-20.ext.in  
  inflating: /home/vagrant/.julia/v0.7/LRSLib/deps/src/lrslib-89bf29524143836a298e3f7f513e8b96d6356031/ine/test-062/normaliz/cp6.in  
  inflating: /home/vagrant/.julia/v0.7/LRSLib/deps/src/lrslib-89bf29524143836a298e3f7f513e8b96d6356031/ine/test-062/normaliz/fq48-19.in  
  inflating: /home/vagrant/.julia/v0.7/LRSLib/deps/src/lrslib-89bf29524143836a298e3f7f513e8b96d6356031/ine/test-062/normaliz/m6.in  
  inflating: /home/vagrant/.julia/v0.7/LRSLib/deps/src/lrslib-89bf29524143836a298e3f7f513e8b96d6356031/ine/test-062/normaliz/mit.in  
  inflating: /home/vagrant/.julia/v0.7/LRSLib/deps/src/lrslib-89bf29524143836a298e3f7f513e8b96d6356031/ine/test-062/normaliz/mit71-61.in  
  inflating: /home/vagrant/.julia/v0.7/LRSLib/deps/src/lrslib-89bf29524143836a298e3f7f513e8b96d6356031/ine/test-062/normaliz/perm10.in  
  inflating: /home/vagrant/.julia/v0.7/LRSLib/deps/src/lrslib-89bf29524143836a298e3f7f513e8b96d6356031/ine/test-062/normaliz/zfw91.in  
  inflating: /home/vagrant/.julia/v0.7/LRSLib/deps/src/lrslib-89bf29524143836a298e3f7f513e8b96d6356031/ine/test-062/perm10.ine  
   creating: /home/vagrant/.julia/v0.7/LRSLib/deps/src/lrslib-89bf29524143836a298e3f7f513e8b96d6356031/ine/test-062/porta/
  inflating: /home/vagrant/.julia/v0.7/LRSLib/deps/src/lrslib-89bf29524143836a298e3f7f513e8b96d6356031/ine/test-062/porta/bv7.ine.ieq  
  inflating: /home/vagrant/.julia/v0.7/LRSLib/deps/src/lrslib-89bf29524143836a298e3f7f513e8b96d6356031/ine/test-062/porta/c30-15.ext.poi  
  inflating: /home/vagrant/.julia/v0.7/LRSLib/deps/src/lrslib-89bf29524143836a298e3f7f513e8b96d6356031/ine/test-062/porta/c40-20.ext.poi  
  inflating: /home/vagrant/.julia/v0.7/LRSLib/deps/src/lrslib-89bf29524143836a298e3f7f513e8b96d6356031/ine/test-062/porta/cp6.ine.ieq  
  inflating: /home/vagrant/.julia/v0.7/LRSLib/deps/src/lrslib-89bf29524143836a298e3f7f513e8b96d6356031/ine/test-062/porta/fq48-19.ine.ieq  
  inflating: /home/vagrant/.julia/v0.7/LRSLib/deps/src/lrslib-89bf29524143836a298e3f7f513e8b96d6356031/ine/test-062/porta/m6.ine.ieq  
  inflating: /home/vagrant/.julia/v0.7/LRSLib/deps/src/lrslib-89bf29524143836a298e3f7f513e8b96d6356031/ine/test-062/porta/mit.ine.ieq  
  inflating: /home/vagrant/.julia/v0.7/LRSLib/deps/src/lrslib-89bf29524143836a298e3f7f513e8b96d6356031/ine/test-062/porta/mit71-61.ine.ieq  
  inflating: /home/vagrant/.julia/v0.7/LRSLib/deps/src/lrslib-89bf29524143836a298e3f7f513e8b96d6356031/ine/test-062/porta/perm10.ine.ieq  
  inflating: /home/vagrant/.julia/v0.7/LRSLib/deps/src/lrslib-89bf29524143836a298e3f7f513e8b96d6356031/ine/test-062/porta/zfw91.ine.ieq  
  inflating: /home/vagrant/.julia/v0.7/LRSLib/deps/src/lrslib-89bf29524143836a298e3f7f513e8b96d6356031/ine/test-062/zfw91.ine  
  inflating: /home/vagrant/.julia/v0.7/LRSLib/deps/src/lrslib-89bf29524143836a298e3f7f513e8b96d6356031/ine/test-062/zfw91nn.ine  
   creating: /home/vagrant/.julia/v0.7/LRSLib/deps/src/lrslib-89bf29524143836a298e3f7f513e8b96d6356031/ine/test/
  inflating: /home/vagrant/.julia/v0.7/LRSLib/deps/src/lrslib-89bf29524143836a298e3f7f513e8b96d6356031/ine/test/cross4.ine  
  inflating: /home/vagrant/.julia/v0.7/LRSLib/deps/src/lrslib-89bf29524143836a298e3f7f513e8b96d6356031/ine/test/cyclic17_8.ine  
  inflating: /home/vagrant/.julia/v0.7/LRSLib/deps/src/lrslib-89bf29524143836a298e3f7f513e8b96d6356031/ine/test/diamond.ine  
  inflating: /home/vagrant/.julia/v0.7/LRSLib/deps/src/lrslib-89bf29524143836a298e3f7f513e8b96d6356031/ine/test/in0.ine  
  inflating: /home/vagrant/.julia/v0.7/LRSLib/deps/src/lrslib-89bf29524143836a298e3f7f513e8b96d6356031/ine/test/in1.ine  
  inflating: /home/vagrant/.julia/v0.7/LRSLib/deps/src/lrslib-89bf29524143836a298e3f7f513e8b96d6356031/ine/test/in2.ine  
  inflating: /home/vagrant/.julia/v0.7/LRSLib/deps/src/lrslib-89bf29524143836a298e3f7f513e8b96d6356031/ine/test/in3.ine  
  inflating: /home/vagrant/.julia/v0.7/LRSLib/deps/src/lrslib-89bf29524143836a298e3f7f513e8b96d6356031/ine/test/in4.ine  
  inflating: /home/vagrant/.julia/v0.7/LRSLib/deps/src/lrslib-89bf29524143836a298e3f7f513e8b96d6356031/ine/test/in5.ine  
  inflating: /home/vagrant/.julia/v0.7/LRSLib/deps/src/lrslib-89bf29524143836a298e3f7f513e8b96d6356031/ine/test/in6.ine  
  inflating: /home/vagrant/.julia/v0.7/LRSLib/deps/src/lrslib-89bf29524143836a298e3f7f513e8b96d6356031/ine/test/in7.ine  
  inflating: /home/vagrant/.julia/v0.7/LRSLib/deps/src/lrslib-89bf29524143836a298e3f7f513e8b96d6356031/ine/test/inf.ine  
  inflating: /home/vagrant/.julia/v0.7/LRSLib/deps/src/lrslib-89bf29524143836a298e3f7f513e8b96d6356031/ine/test/kkd38_6.ine  
  inflating: /home/vagrant/.julia/v0.7/LRSLib/deps/src/lrslib-89bf29524143836a298e3f7f513e8b96d6356031/ine/test/kq20_11.ine  
  inflating: /home/vagrant/.julia/v0.7/LRSLib/deps/src/lrslib-89bf29524143836a298e3f7f513e8b96d6356031/ine/test/kq20_11a.ine  
  inflating: /home/vagrant/.julia/v0.7/LRSLib/deps/src/lrslib-89bf29524143836a298e3f7f513e8b96d6356031/ine/test/metric40_11.ine  
  inflating: /home/vagrant/.julia/v0.7/LRSLib/deps/src/lrslib-89bf29524143836a298e3f7f513e8b96d6356031/ine/test/metric80_16.ine  
  inflating: /home/vagrant/.julia/v0.7/LRSLib/deps/src/lrslib-89bf29524143836a298e3f7f513e8b96d6356031/ine/test/mit31_20.ine  
  inflating: /home/vagrant/.julia/v0.7/LRSLib/deps/src/lrslib-89bf29524143836a298e3f7f513e8b96d6356031/ine/test/trunc10.ine  
  inflating: /home/vagrant/.julia/v0.7/LRSLib/deps/src/lrslib-89bf29524143836a298e3f7f513e8b96d6356031/ine/test/trunc7.ine  
  inflating: /home/vagrant/.julia/v0.7/LRSLib/deps/src/lrslib-89bf29524143836a298e3f7f513e8b96d6356031/ine/test/truss2.ine  
  inflating: /home/vagrant/.julia/v0.7/LRSLib/deps/src/lrslib-89bf29524143836a298e3f7f513e8b96d6356031/ine/test/tsp5.ine  
  inflating: /home/vagrant/.julia/v0.7/LRSLib/deps/src/lrslib-89bf29524143836a298e3f7f513e8b96d6356031/lpdemo.c  
  inflating: /home/vagrant/.julia/v0.7/LRSLib/deps/src/lrslib-89bf29524143836a298e3f7f513e8b96d6356031/lpdemo2.c  
  inflating: /home/vagrant/.julia/v0.7/LRSLib/deps/src/lrslib-89bf29524143836a298e3f7f513e8b96d6356031/lrs.c  
  inflating: /home/vagrant/.julia/v0.7/LRSLib/deps/src/lrslib-89bf29524143836a298e3f7f513e8b96d6356031/lrs.cpp  
  inflating: /home/vagrant/.julia/v0.7/LRSLib/deps/src/lrslib-89bf29524143836a298e3f7f513e8b96d6356031/lrsgmp.c  
  inflating: /home/vagrant/.julia/v0.7/LRSLib/deps/src/lrslib-89bf29524143836a298e3f7f513e8b96d6356031/lrsgmp.h  
  inflating: /home/vagrant/.julia/v0.7/LRSLib/deps/src/lrslib-89bf29524143836a298e3f7f513e8b96d6356031/lrslib.c  
  inflating: /home/vagrant/.julia/v0.7/LRSLib/deps/src/lrslib-89bf29524143836a298e3f7f513e8b96d6356031/lrslib.h  
  inflating: /home/vagrant/.julia/v0.7/LRSLib/deps/src/lrslib-89bf29524143836a298e3f7f513e8b96d6356031/lrslong.c  
  inflating: /home/vagrant/.julia/v0.7/LRSLib/deps/src/lrslib-89bf29524143836a298e3f7f513e8b96d6356031/lrslong.h  
  inflating: /home/vagrant/.julia/v0.7/LRSLib/deps/src/lrslib-89bf29524143836a298e3f7f513e8b96d6356031/lrsmp.c  
  inflating: /home/vagrant/.julia/v0.7/LRSLib/deps/src/lrslib-89bf29524143836a298e3f7f513e8b96d6356031/lrsmp.h  
  inflating: /home/vagrant/.julia/v0.7/LRSLib/deps/src/lrslib-89bf29524143836a298e3f7f513e8b96d6356031/lrsnash.c  
  inflating: /home/vagrant/.julia/v0.7/LRSLib/deps/src/lrslib-89bf29524143836a298e3f7f513e8b96d6356031/lrsnashlib.c  
  inflating: /home/vagrant/.julia/v0.7/LRSLib/deps/src/lrslib-89bf29524143836a298e3f7f513e8b96d6356031/lrsnashlib.h  
  inflating: /home/vagrant/.julia/v0.7/LRSLib/deps/src/lrslib-89bf29524143836a298e3f7f513e8b96d6356031/makefile  
  inflating: /home/vagrant/.julia/v0.7/LRSLib/deps/src/lrslib-89bf29524143836a298e3f7f513e8b96d6356031/mit.ine  
  inflating: /home/vagrant/.julia/v0.7/LRSLib/deps/src/lrslib-89bf29524143836a298e3f7f513e8b96d6356031/mp5.ine  
  inflating: /home/vagrant/.julia/v0.7/LRSLib/deps/src/lrslib-89bf29524143836a298e3f7f513e8b96d6356031/mp5.mplrs  
  inflating: /home/vagrant/.julia/v0.7/LRSLib/deps/src/lrslib-89bf29524143836a298e3f7f513e8b96d6356031/mp5.plrs  
  inflating: /home/vagrant/.julia/v0.7/LRSLib/deps/src/lrslib-89bf29524143836a298e3f7f513e8b96d6356031/mplrs.c  
  inflating: /home/vagrant/.julia/v0.7/LRSLib/deps/src/lrslib-89bf29524143836a298e3f7f513e8b96d6356031/mplrs.h  
  inflating: /home/vagrant/.julia/v0.7/LRSLib/deps/src/lrslib-89bf29524143836a298e3f7f513e8b96d6356031/nashdemo.c  
  inflating: /home/vagrant/.julia/v0.7/LRSLib/deps/src/lrslib-89bf29524143836a298e3f7f513e8b96d6356031/plotD.gp  
  inflating: /home/vagrant/.julia/v0.7/LRSLib/deps/src/lrslib-89bf29524143836a298e3f7f513e8b96d6356031/plotL.gp  
  inflating: /home/vagrant/.julia/v0.7/LRSLib/deps/src/lrslib-89bf29524143836a298e3f7f513e8b96d6356031/plrs.cpp  
  inflating: /home/vagrant/.julia/v0.7/LRSLib/deps/src/lrslib-89bf29524143836a298e3f7f513e8b96d6356031/plrs.hpp  
  inflating: /home/vagrant/.julia/v0.7/LRSLib/deps/src/lrslib-89bf29524143836a298e3f7f513e8b96d6356031/rat2float.c  
  inflating: /home/vagrant/.julia/v0.7/LRSLib/deps/src/lrslib-89bf29524143836a298e3f7f513e8b96d6356031/redund.c  
  inflating: /home/vagrant/.julia/v0.7/LRSLib/deps/src/lrslib-89bf29524143836a298e3f7f513e8b96d6356031/setupnash.c  
  inflating: /home/vagrant/.julia/v0.7/LRSLib/deps/src/lrslib-89bf29524143836a298e3f7f513e8b96d6356031/setupnash2.c  
  inflating: /home/vagrant/.julia/v0.7/LRSLib/deps/src/lrslib-89bf29524143836a298e3f7f513e8b96d6356031/vedemo.c  
INFO: Attempting to create directory /home/vagrant/.julia/v0.7/LRSLib/deps/usr
INFO: Attempting to create directory /home/vagrant/.julia/v0.7/LRSLib/deps/usr/lib
┌ Warning: `info()` is deprecated, use `@info` instead.
│   caller = run(::BinDeps.SynchronousStepCollection) at BinDeps.jl:520
└ @ BinDeps BinDeps.jl:520
INFO: Changing directory to /home/vagrant/.julia/v0.7/LRSLib/deps/src/lrslib-89bf29524143836a298e3f7f513e8b96d6356031
patching file makefile
cc -c -fPIC -O3  -DTIMES -DSIGNALS -DLRS_QUIET -DGMP -o lrslib-GMP-SHR.o lrslib.c
cc -c -fPIC -O3  -DTIMES -DSIGNALS -DLRS_QUIET -DGMP -o lrsgmp-GMP-SHR.o lrsgmp.c
cc -shared -Wl,-soname=liblrsgmp.so.0  -o liblrsgmp.so.0.0.0 lrslib-GMP-SHR.o lrsgmp-GMP-SHR.o -lgmp
ln -sf liblrsgmp.so.0.0.0 liblrsgmp.so
make LRSGMPLIB=liblrsgmp.so
make[1]: Entering directory `/home/vagrant/.julia/v0.7/LRSLib/deps/src/lrslib-89bf29524143836a298e3f7f513e8b96d6356031'
cc -c -O3  -DTIMES -DSIGNALS -DLRS_QUIET -DGMP -o 2nash-GMP.o 2nash.c
2nash.c: In function ‘main’:
2nash.c:57:12: warning: too many arguments for format [-Wformat-extra-args]
            printf("output file: out\n", argv[2], argv[1]);
            ^
cc 2nash-GMP.o -L. -llrsgmp -L/usr/lib  -lgmp -o 2nash
cc -c -O3  -DTIMES -DSIGNALS -DLRS_QUIET -DGMP -o lrs-GMP.o lrs.c
cc lrs-GMP.o -L. -llrsgmp -L/usr/lib  -lgmp -o lrs
cc -O3  -DTIMES -DSIGNALS -DLRS_QUIET -DLRSLONG -o lrs1 lrs.c lrslib.c lrslong.c
gcc -O3  -o lrsnash lrsnash.c lrsnashlib.c lrslib.c lrsgmp.c -lgmp -DGMP
gcc -O3  -o nashdemo nashdemo.c lrsnashlib.c lrslib.c lrsgmp.c -lgmp -DGMP
gcc -O3 -o 2nash 2nash.c
2nash.c: In function ‘main’:
2nash.c:57:12: warning: too many arguments for format [-Wformat-extra-args]
            printf("output file: out\n", argv[2], argv[1]);
            ^
cc -c -O3  -DTIMES -DSIGNALS -DLRS_QUIET -DGMP -o redund-GMP.o redund.c
cc redund-GMP.o -L. -llrsgmp -L/usr/lib  -lgmp -o redund
cc -O3  -DTIMES -DSIGNALS -DLRS_QUIET -DLRSLONG -o redund1 redund.c lrslib.c lrslong.c
cc -O3  -DTIMES -DSIGNALS -DLRS_QUIET -o setnash setupnash.c lrslib.c lrsmp.c
cc -O3  -DTIMES -DSIGNALS -DLRS_QUIET -o setnash2 setupnash2.c lrslib.c lrsmp.c
rm 2nash-GMP.o lrs-GMP.o redund-GMP.o
make[1]: Leaving directory `/home/vagrant/.julia/v0.7/LRSLib/deps/src/lrslib-89bf29524143836a298e3f7f513e8b96d6356031'
[ Info: Package database updated @ Base.Pkg.Entry entry.jl:32
┌ Info: METADATA is out-of-date — you may not have the latest version of LRSLib
│ Use `Pkg.update()` to get the latest versions of your packages
└ @ Base.Pkg.Entry entry.jl:74

>>> 'Pkg.test("LRSLib")' log
Julia Version 0.7.0-DEV.3246
Commit 2138144d3a (2018-01-04 02:34 UTC)
Platform Info:
  OS: Linux (x86_64-pc-linux-gnu)
      Ubuntu 14.04.5 LTS
  uname: Linux 3.13.0-135-generic #184-Ubuntu SMP Wed Oct 18 11:55:51 UTC 2017 x86_64 x86_64
  CPU: Intel(R) Xeon(R) CPU E3-1241 v3 @ 3.50GHz: 
              speed         user         nice          sys         idle          irq
       #1  3507 MHz     717786 s        100 s      39567 s     294727 s          6 s
       #2  3507 MHz     183652 s         62 s      19186 s     991592 s          0 s
       
  Memory: 2.93927001953125 GB (791.33984375 MB free)
  Uptime: 12194.0 sec
  Load Avg:  0.95068359375  0.998046875  1.00244140625
  WORD_SIZE: 64
  BLAS: libopenblas (USE64BITINT DYNAMIC_ARCH NO_AFFINITY Nehalem)
  LAPACK: libopenblas64_
  LIBM: libopenlibm
  LLVM: libLLVM-3.9.1 (ORCJIT, haswell)
Environment:
  TERM = vt100
  LD_LIBRARY_PATH = :/usr/local/lib/
  PATH = /usr/local/sbin:/usr/local/bin:/usr/sbin:/usr/bin:/sbin:/bin:/usr/games:/usr/local/games:/home/vagrant/julia/bin/
  JAVA_HOME = /usr/lib/jvm/java-8-openjdk-amd64
  HOME = /home/vagrant
Packages:
  Package Directory: /home/vagrant/.julia/v0.7
  Package Status:
2 required packages:
 - JSON                          0.16.3
 - LRSLib                        0.1.2
23 additional packages:
 - BinDeps                       0.8.2
 - Calculus                      0.2.2
 - ColorTypes                    0.6.6
 - CommonSubexpressions          0.0.1
 - Compat                        0.42.0
 - DataStructures                0.7.3
 - DiffResults                   0.0.2
 - DiffRules                     0.0.2
 - FixedPointNumbers             0.4.3
 - ForwardDiff                   0.7.0
 - GeometryTypes                 0.4.4
 - IterTools                     0.2.0
 - JuMP                          0.18.0
 - MathProgBase                  0.7.0
 - NaNMath                       0.3.0
 - Nullables                     0.0.2
 - Polyhedra                     0.2.3
 - RecipesBase                   0.2.3
 - ReverseDiffSparse             0.8.1
 - SHA                           0.5.2
 - SpecialFunctions              0.3.6
 - StaticArrays                  0.6.6
 - URIParser                     0.3.0
[ Info: Computing test dependencies for LRSLib... @ Base.Pkg.Entry entry.jl:713
[ Info: Cloning cache of Combinatorics from https://github.com/JuliaMath/Combinatorics.jl.git @ Base.Pkg.Cache cache.jl:43
[ Info: Installing Cbc v0.3.2 @ Base.Pkg.Entry entry.jl:543
[ Info: Installing Clp v0.3.1 @ Base.Pkg.Entry entry.jl:543
[ Info: Installing Combinatorics v0.5.0 @ Base.Pkg.Entry entry.jl:543
[ Info: Installing FactCheck v0.4.3 @ Base.Pkg.Entry entry.jl:543
[ Info: Installing Polynomials v0.1.6 @ Base.Pkg.Entry entry.jl:543
[ Info: Building Cbc @ Main none:10
┌ Warning: `is_unix` is deprecated, use `Sys.isunix` instead.
│   caller = top-level scope
└ @ Core :0
┌ Warning: `is_windows` is deprecated, use `Sys.iswindows` instead.
│   caller = top-level scope
└ @ Core :0
┌ Warning: `is_apple` is deprecated, use `Sys.isapple` instead.
│   caller = top-level scope
└ @ Core :0
WARNING: importing deprecated binding Base.Associative into BinDeps.
WARNING: Base.Associative is deprecated, use AbstractDict instead.
  likely near /home/vagrant/.julia/v0.7/Cbc/deps/build.jl:62
in @install at /home/vagrant/.julia/v0.7/BinDeps/src/dependencies.jl
[ Info: Testing LRSLib @ Base.Pkg.Entry entry.jl:723
┌ Warning: `importall` is deprecated, use `using` or individual `import` statements instead
│   caller = ip:0x0
└ @ Core :-1
WARNING: importing deprecated binding Base.Void into GeometryTypes.
WARNING: Base.Void is deprecated, use Nothing instead.
  likely near /home/vagrant/.julia/v0.7/GeometryTypes/src/typealias.jl:74
WARNING: Base.Void is deprecated, use Nothing instead.
  likely near /home/vagrant/.julia/v0.7/GeometryTypes/src/typealias.jl:74
WARNING: Base.Void is deprecated, use Nothing instead.
  likely near /home/vagrant/.julia/v0.7/GeometryTypes/src/typealias.jl:74
WARNING: Base.Void is deprecated, use Nothing instead.
  likely near /home/vagrant/.julia/v0.7/GeometryTypes/src/typealias.jl:74
WARNING: Base.Void is deprecated, use Nothing instead.
  likely near /home/vagrant/.julia/v0.7/GeometryTypes/src/typealias.jl:74
WARNING: Base.Void is deprecated, use Nothing instead.
  likely near /home/vagrant/.julia/v0.7/GeometryTypes/src/typealias.jl:79
WARNING: Base.Void is deprecated, use Nothing instead.
  likely near /home/vagrant/.julia/v0.7/GeometryTypes/src/typealias.jl:79
WARNING: Base.Void is deprecated, use Nothing instead.
  likely near /home/vagrant/.julia/v0.7/GeometryTypes/src/typealias.jl:79
WARNING: Base.Void is deprecated, use Nothing instead.
  likely near /home/vagrant/.julia/v0.7/GeometryTypes/src/typealias.jl:79
WARNING: Base.Void is deprecated, use Nothing instead.
  likely near /home/vagrant/.julia/v0.7/GeometryTypes/src/typealias.jl:79
WARNING: Base.Void is deprecated, use Nothing instead.
  likely near /home/vagrant/.julia/v0.7/GeometryTypes/src/typealias.jl:82
WARNING: Base.Void is deprecated, use Nothing instead.
  likely near /home/vagrant/.julia/v0.7/GeometryTypes/src/typealias.jl:82
WARNING: Base.Void is deprecated, use Nothing instead.
  likely near /home/vagrant/.julia/v0.7/GeometryTypes/src/typealias.jl:82
WARNING: Base.Void is deprecated, use Nothing instead.
  likely near /home/vagrant/.julia/v0.7/GeometryTypes/src/typealias.jl:82
WARNING: Base.Void is deprecated, use Nothing instead.
  likely near /home/vagrant/.julia/v0.7/GeometryTypes/src/typealias.jl:82
WARNING: Base.Void is deprecated, use Nothing instead.
  likely near /home/vagrant/.julia/v0.7/GeometryTypes/src/typealias.jl:85
WARNING: Base.Void is deprecated, use Nothing instead.
  likely near /home/vagrant/.julia/v0.7/GeometryTypes/src/typealias.jl:85
WARNING: Base.Void is deprecated, use Nothing instead.
  likely near /home/vagrant/.julia/v0.7/GeometryTypes/src/typealias.jl:85
WARNING: Base.Void is deprecated, use Nothing instead.
  likely near /home/vagrant/.julia/v0.7/GeometryTypes/src/typealias.jl:85
WARNING: Base.Void is deprecated, use Nothing instead.
  likely near /home/vagrant/.julia/v0.7/GeometryTypes/src/typealias.jl:88
WARNING: Base.Void is deprecated, use Nothing instead.
  likely near /home/vagrant/.julia/v0.7/GeometryTypes/src/typealias.jl:88
WARNING: Base.Void is deprecated, use Nothing instead.
  likely near /home/vagrant/.julia/v0.7/GeometryTypes/src/typealias.jl:88
WARNING: Base.Void is deprecated, use Nothing instead.
  likely near /home/vagrant/.julia/v0.7/GeometryTypes/src/typealias.jl:88
WARNING: Base.Void is deprecated, use Nothing instead.
  likely near /home/vagrant/.julia/v0.7/GeometryTypes/src/typealias.jl:91
WARNING: Base.Void is deprecated, use Nothing instead.
  likely near /home/vagrant/.julia/v0.7/GeometryTypes/src/typealias.jl:91
WARNING: Base.Void is deprecated, use Nothing instead.
  likely near /home/vagrant/.julia/v0.7/GeometryTypes/src/typealias.jl:91
WARNING: Base.Void is deprecated, use Nothing instead.
  likely near /home/vagrant/.julia/v0.7/GeometryTypes/src/typealias.jl:91
WARNING: Base.Void is deprecated, use Nothing instead.
  likely near /home/vagrant/.julia/v0.7/GeometryTypes/src/typealias.jl:94
WARNING: Base.Void is deprecated, use Nothing instead.
  likely near /home/vagrant/.julia/v0.7/GeometryTypes/src/typealias.jl:94
WARNING: Base.Void is deprecated, use Nothing instead.
  likely near /home/vagrant/.julia/v0.7/GeometryTypes/src/typealias.jl:94
WARNING: Base.Void is deprecated, use Nothing instead.
  likely near /home/vagrant/.julia/v0.7/GeometryTypes/src/typealias.jl:94
WARNING: Base.Void is deprecated, use Nothing instead.
  likely near /home/vagrant/.julia/v0.7/GeometryTypes/src/typealias.jl:97
WARNING: Base.Void is deprecated, use Nothing instead.
  likely near /home/vagrant/.julia/v0.7/GeometryTypes/src/typealias.jl:97
WARNING: Base.Void is deprecated, use Nothing instead.
  likely near /home/vagrant/.julia/v0.7/GeometryTypes/src/typealias.jl:97
WARNING: Base.Void is deprecated, use Nothing instead.
  likely near /home/vagrant/.julia/v0.7/GeometryTypes/src/typealias.jl:100
WARNING: Base.Void is deprecated, use Nothing instead.
  likely near /home/vagrant/.julia/v0.7/GeometryTypes/src/typealias.jl:100
WARNING: Base.Void is deprecated, use Nothing instead.
  likely near /home/vagrant/.julia/v0.7/GeometryTypes/src/typealias.jl:100
WARNING: Base.Void is deprecated, use Nothing instead.
  likely near /home/vagrant/.julia/v0.7/GeometryTypes/src/typealias.jl:103
WARNING: Base.Void is deprecated, use Nothing instead.
  likely near /home/vagrant/.julia/v0.7/GeometryTypes/src/typealias.jl:103
WARNING: Base.Void is deprecated, use Nothing instead.
  likely near /home/vagrant/.julia/v0.7/GeometryTypes/src/typealias.jl:106
WARNING: Base.Void is deprecated, use Nothing instead.
  likely near /home/vagrant/.julia/v0.7/GeometryTypes/src/typealias.jl:106
WARNING: Base.Void is deprecated, use Nothing instead.
  likely near /home/vagrant/.julia/v0.7/GeometryTypes/src/typealias.jl:106
WARNING: Base.Void is deprecated, use Nothing instead.
  likely near /home/vagrant/.julia/v0.7/GeometryTypes/src/typealias.jl:109
WARNING: Base.Void is deprecated, use Nothing instead.
  likely near /home/vagrant/.julia/v0.7/GeometryTypes/src/typealias.jl:109
WARNING: Base.Void is deprecated, use Nothing instead.
  likely near /home/vagrant/.julia/v0.7/GeometryTypes/src/typealias.jl:109
┌ Warning: Deprecated syntax `(Vec{N1, T}[ vcat(pt, ones(Vec{D, T})) for pt = d ]...)` at /home/vagrant/.julia/v0.7/GeometryTypes/src/hyperrectangles.jl:89.
│ Use `(Vec{N1, T}[ vcat(pt, ones(Vec{D, T})) for pt = d ]...,)` instead.
└ @ nothing hyperrectangles.jl:89
WARNING: Base.Void is deprecated, use Nothing instead.
  likely near /home/vagrant/.julia/v0.7/GeometryTypes/src/meshes.jl:57
┌ Warning: Deprecated syntax `parametric method syntax mypoint{T}(::Type{T}, a::AbstractArray)` around /home/vagrant/.julia/v0.7/Polyhedra/src/elements.jl:9.
│ Use `mypoint(#unused#::Type{T}, a::AbstractArray) where T` instead.
└ @ nothing elements.jl:9
┌ Warning: Deprecated syntax `parametric method syntax mypoint{T}(::Type{T}, a::AbstractArray{T})` around /home/vagrant/.julia/v0.7/Polyhedra/src/elements.jl:10.
│ Use `mypoint(#unused#::Type{T}, a::AbstractArray{T}) where T` instead.
└ @ nothing elements.jl:10
┌ Warning: Deprecated syntax `parametric method syntax mypoint{N, T}(::Type{T}, a::Point{N})` around /home/vagrant/.julia/v0.7/Polyhedra/src/elements.jl:11.
│ Use `mypoint(#unused#::Type{T}, a::Point{N}) where {N, T}` instead.
└ @ nothing elements.jl:11
┌ Warning: Deprecated syntax `parametric method syntax mypoint{N, T}(::Type{T}, a::Point{N, T})` around /home/vagrant/.julia/v0.7/Polyhedra/src/elements.jl:12.
│ Use `mypoint(#unused#::Type{T}, a::Point{N, T}) where {N, T}` instead.
└ @ nothing elements.jl:12
┌ Warning: Deprecated syntax `parametric method syntax myvec{T}(::Type{T}, a::AbstractArray)` around /home/vagrant/.julia/v0.7/Polyhedra/src/elements.jl:14.
│ Use `myvec(#unused#::Type{T}, a::AbstractArray) where T` instead.
└ @ nothing elements.jl:14
┌ Warning: Deprecated syntax `parametric method syntax myvec{T}(::Type{T}, a::AbstractArray{T})` around /home/vagrant/.julia/v0.7/Polyhedra/src/elements.jl:15.
│ Use `myvec(#unused#::Type{T}, a::AbstractArray{T}) where T` instead.
└ @ nothing elements.jl:15
┌ Warning: Deprecated syntax `parametric method syntax myvec{N, T}(::Type{T}, a::Vec{N})` around /home/vagrant/.julia/v0.7/Polyhedra/src/elements.jl:16.
│ Use `myvec(#unused#::Type{T}, a::Vec{N}) where {N, T}` instead.
└ @ nothing elements.jl:16
┌ Warning: Deprecated syntax `parametric method syntax myvec{N, T}(::Type{T}, a::Vec{N, T})` around /home/vagrant/.julia/v0.7/Polyhedra/src/elements.jl:17.
│ Use `myvec(#unused#::Type{T}, a::Vec{N, T}) where {N, T}` instead.
└ @ nothing elements.jl:17
┌ Warning: Deprecated syntax `parametric method syntax vecconv{T}(::Type{T}, a::AbstractVector)` around /home/vagrant/.julia/v0.7/Polyhedra/src/elements.jl:26.
│ Use `vecconv(#unused#::Type{T}, a::AbstractVector) where T` instead.
└ @ nothing elements.jl:26
┌ Warning: Deprecated syntax `parametric method syntax vecconv{T}(::Type{T}, a::FixedVector)` around /home/vagrant/.julia/v0.7/Polyhedra/src/elements.jl:27.
│ Use `vecconv(#unused#::Type{T}, a::FixedVector) where T` instead.
└ @ nothing elements.jl:27
┌ Warning: Deprecated syntax `parametric method syntax Base.convert{N, Tin, Tout}(::Type{HalfSpace{N, Tout}}, h::HalfSpace{N, Tin})` around /home/vagrant/.julia/v0.7/Polyhedra/src/elements.jl:56.
│ Use `Base.convert(#unused#::Type{HalfSpace{N, Tout}}, h::HalfSpace{N, Tin}) where {N, Tin, Tout}` instead.
└ @ nothing elements.jl:56
┌ Warning: Deprecated syntax `parametric method syntax Base.convert{N, Tin, Tout}(::Type{HyperPlane{N, Tout}}, h::HyperPlane{N, Tin})` around /home/vagrant/.julia/v0.7/Polyhedra/src/elements.jl:57.
│ Use `Base.convert(#unused#::Type{HyperPlane{N, Tout}}, h::HyperPlane{N, Tin}) where {N, Tin, Tout}` instead.
└ @ nothing elements.jl:57
┌ Warning: Deprecated syntax `parametric method syntax Base.convert{N, T}(::Type{HalfSpace{N, T}}, h::HalfSpace{N, T})` around /home/vagrant/.julia/v0.7/Polyhedra/src/elements.jl:58.
│ Use `Base.convert(#unused#::Type{HalfSpace{N, T}}, h::HalfSpace{N, T}) where {N, T}` instead.
└ @ nothing elements.jl:58
┌ Warning: Deprecated syntax `parametric method syntax Base.convert{N, T}(::Type{HyperPlane{N, T}}, h::HyperPlane{N, T})` around /home/vagrant/.julia/v0.7/Polyhedra/src/elements.jl:59.
│ Use `Base.convert(#unused#::Type{HyperPlane{N, T}}, h::HyperPlane{N, T}) where {N, T}` instead.
└ @ nothing elements.jl:59
┌ Warning: Deprecated syntax `parametric method syntax Base.convert{T}(::Type{Vector{T}}, x::Union{SymPoint, Ray, Line})` around /home/vagrant/.julia/v0.7/Polyhedra/src/elements.jl:150.
│ Use `Base.convert(#unused#::Type{Vector{T}}, x::Union{SymPoint, Ray, Line}) where T` instead.
└ @ nothing elements.jl:150
┌ Warning: Deprecated syntax `parametric method syntax Base.convert{N, Tin, Tout}(::Type{SymPoint{N, Tout}}, v::SymPoint{N, Tin})` around /home/vagrant/.julia/v0.7/Polyhedra/src/elements.jl:158.
│ Use `Base.convert(#unused#::Type{SymPoint{N, Tout}}, v::SymPoint{N, Tin}) where {N, Tin, Tout}` instead.
└ @ nothing elements.jl:158
┌ Warning: Deprecated syntax `parametric method syntax Base.convert{N, Tin, Tout}(::Type{Ray{N, Tout}}, v::Ray{N, Tin})` around /home/vagrant/.julia/v0.7/Polyhedra/src/elements.jl:159.
│ Use `Base.convert(#unused#::Type{Ray{N, Tout}}, v::Ray{N, Tin}) where {N, Tin, Tout}` instead.
└ @ nothing elements.jl:159
┌ Warning: Deprecated syntax `parametric method syntax Base.convert{N, Tin, Tout}(::Type{Line{N, Tout}}, v::Line{N, Tin})` around /home/vagrant/.julia/v0.7/Polyhedra/src/elements.jl:160.
│ Use `Base.convert(#unused#::Type{Line{N, Tout}}, v::Line{N, Tin}) where {N, Tin, Tout}` instead.
└ @ nothing elements.jl:160
┌ Warning: Deprecated syntax `parametric method syntax Base.convert{N, T}(::Type{SymPoint{N, T}}, v::SymPoint{N, T})` around /home/vagrant/.julia/v0.7/Polyhedra/src/elements.jl:161.
│ Use `Base.convert(#unused#::Type{SymPoint{N, T}}, v::SymPoint{N, T}) where {N, T}` instead.
└ @ nothing elements.jl:161
┌ Warning: Deprecated syntax `parametric method syntax Base.convert{N, T}(::Type{Ray{N, T}}, v::Ray{N, T})` around /home/vagrant/.julia/v0.7/Polyhedra/src/elements.jl:162.
│ Use `Base.convert(#unused#::Type{Ray{N, T}}, v::Ray{N, T}) where {N, T}` instead.
└ @ nothing elements.jl:162
┌ Warning: Deprecated syntax `parametric method syntax Base.convert{N, T}(::Type{Line{N, T}}, v::Line{N, T})` around /home/vagrant/.julia/v0.7/Polyhedra/src/elements.jl:163.
│ Use `Base.convert(#unused#::Type{Line{N, T}}, v::Line{N, T}) where {N, T}` instead.
└ @ nothing elements.jl:163
┌ Warning: Deprecated syntax `parametric method syntax fulldim{T <: FixedRepElement}(::Type{T})` around /home/vagrant/.julia/v0.7/Polyhedra/src/elements.jl:174.
│ Use `fulldim(#unused#::Type{T}) where T <: FixedRepElement` instead.
└ @ nothing elements.jl:174
┌ Warning: Deprecated syntax `parametric method syntax eltype{T <: FixedRepElement}(::Type{T})` around /home/vagrant/.julia/v0.7/Polyhedra/src/elements.jl:175.
│ Use `eltype(#unused#::Type{T}) where T <: FixedRepElement` instead.
└ @ nothing elements.jl:175
┌ Warning: Deprecated syntax `parametric method syntax fulldim{T <: AbstractVector}(::Type{T})` around /home/vagrant/.julia/v0.7/Polyhedra/src/elements.jl:178.
│ Use `fulldim(#unused#::Type{T}) where T <: AbstractVector` instead.
└ @ nothing elements.jl:178
┌ Warning: Deprecated syntax `parametric method syntax changeeltype{N, T, Tout}(::Type{HalfSpace{N, T}}, ::Type{Tout})` around /home/vagrant/.julia/v0.7/Polyhedra/src/elements.jl:218.
│ Use `changeeltype(#unused#::Type{HalfSpace{N, T}}, #unused#::Type{Tout}) where {N, T, Tout}` instead.
└ @ nothing elements.jl:218
┌ Warning: Deprecated syntax `parametric method syntax changefulldim{N, T}(::Type{HalfSpace{N, T}}, Nout)` around /home/vagrant/.julia/v0.7/Polyhedra/src/elements.jl:219.
│ Use `changefulldim(#unused#::Type{HalfSpace{N, T}}, Nout) where {N, T}` instead.
└ @ nothing elements.jl:219
┌ Warning: Deprecated syntax `parametric method syntax changeboth{N, T, Tout}(::Type{HalfSpace{N, T}}, Nout, ::Type{Tout})` around /home/vagrant/.julia/v0.7/Polyhedra/src/elements.jl:220.
│ Use `changeboth(#unused#::Type{HalfSpace{N, T}}, Nout, #unused#::Type{Tout}) where {N, T, Tout}` instead.
└ @ nothing elements.jl:220
┌ Warning: Deprecated syntax `parametric method syntax changeeltype{N, T, Tout}(::Type{HyperPlane{N, T}}, ::Type{Tout})` around /home/vagrant/.julia/v0.7/Polyhedra/src/elements.jl:218.
│ Use `changeeltype(#unused#::Type{HyperPlane{N, T}}, #unused#::Type{Tout}) where {N, T, Tout}` instead.
└ @ nothing elements.jl:218
┌ Warning: Deprecated syntax `parametric method syntax changefulldim{N, T}(::Type{HyperPlane{N, T}}, Nout)` around /home/vagrant/.julia/v0.7/Polyhedra/src/elements.jl:219.
│ Use `changefulldim(#unused#::Type{HyperPlane{N, T}}, Nout) where {N, T}` instead.
└ @ nothing elements.jl:219
┌ Warning: Deprecated syntax `parametric method syntax changeboth{N, T, Tout}(::Type{HyperPlane{N, T}}, Nout, ::Type{Tout})` around /home/vagrant/.julia/v0.7/Polyhedra/src/elements.jl:220.
│ Use `changeboth(#unused#::Type{HyperPlane{N, T}}, Nout, #unused#::Type{Tout}) where {N, T, Tout}` instead.
└ @ nothing elements.jl:220
┌ Warning: Deprecated syntax `parametric method syntax changeeltype{N, T, Tout}(::Type{Point{N, T}}, ::Type{Tout})` around /home/vagrant/.julia/v0.7/Polyhedra/src/elements.jl:218.
│ Use `changeeltype(#unused#::Type{Point{N, T}}, #unused#::Type{Tout}) where {N, T, Tout}` instead.
└ @ nothing elements.jl:218
┌ Warning: Deprecated syntax `parametric method syntax changefulldim{N, T}(::Type{Point{N, T}}, Nout)` around /home/vagrant/.julia/v0.7/Polyhedra/src/elements.jl:219.
│ Use `changefulldim(#unused#::Type{Point{N, T}}, Nout) where {N, T}` instead.
└ @ nothing elements.jl:219
┌ Warning: Deprecated syntax `parametric method syntax changeboth{N, T, Tout}(::Type{Point{N, T}}, Nout, ::Type{Tout})` around /home/vagrant/.julia/v0.7/Polyhedra/src/elements.jl:220.
│ Use `changeboth(#unused#::Type{Point{N, T}}, Nout, #unused#::Type{Tout}) where {N, T, Tout}` instead.
└ @ nothing elements.jl:220
┌ Warning: Deprecated syntax `parametric method syntax changeeltype{N, T, Tout}(::Type{SymPoint{N, T}}, ::Type{Tout})` around /home/vagrant/.julia/v0.7/Polyhedra/src/elements.jl:218.
│ Use `changeeltype(#unused#::Type{SymPoint{N, T}}, #unused#::Type{Tout}) where {N, T, Tout}` instead.
└ @ nothing elements.jl:218
┌ Warning: Deprecated syntax `parametric method syntax changefulldim{N, T}(::Type{SymPoint{N, T}}, Nout)` around /home/vagrant/.julia/v0.7/Polyhedra/src/elements.jl:219.
│ Use `changefulldim(#unused#::Type{SymPoint{N, T}}, Nout) where {N, T}` instead.
└ @ nothing elements.jl:219
┌ Warning: Deprecated syntax `parametric method syntax changeboth{N, T, Tout}(::Type{SymPoint{N, T}}, Nout, ::Type{Tout})` around /home/vagrant/.julia/v0.7/Polyhedra/src/elements.jl:220.
│ Use `changeboth(#unused#::Type{SymPoint{N, T}}, Nout, #unused#::Type{Tout}) where {N, T, Tout}` instead.
└ @ nothing elements.jl:220
┌ Warning: Deprecated syntax `parametric method syntax changeeltype{N, T, Tout}(::Type{Vec{N, T}}, ::Type{Tout})` around /home/vagrant/.julia/v0.7/Polyhedra/src/elements.jl:218.
│ Use `changeeltype(#unused#::Type{Vec{N, T}}, #unused#::Type{Tout}) where {N, T, Tout}` instead.
└ @ nothing elements.jl:218
┌ Warning: Deprecated syntax `parametric method syntax changefulldim{N, T}(::Type{Vec{N, T}}, Nout)` around /home/vagrant/.julia/v0.7/Polyhedra/src/elements.jl:219.
│ Use `changefulldim(#unused#::Type{Vec{N, T}}, Nout) where {N, T}` instead.
└ @ nothing elements.jl:219
┌ Warning: Deprecated syntax `parametric method syntax changeboth{N, T, Tout}(::Type{Vec{N, T}}, Nout, ::Type{Tout})` around /home/vagrant/.julia/v0.7/Polyhedra/src/elements.jl:220.
│ Use `changeboth(#unused#::Type{Vec{N, T}}, Nout, #unused#::Type{Tout}) where {N, T, Tout}` instead.
└ @ nothing elements.jl:220
┌ Warning: Deprecated syntax `parametric method syntax changeeltype{N, T, Tout}(::Type{Ray{N, T}}, ::Type{Tout})` around /home/vagrant/.julia/v0.7/Polyhedra/src/elements.jl:218.
│ Use `changeeltype(#unused#::Type{Ray{N, T}}, #unused#::Type{Tout}) where {N, T, Tout}` instead.
└ @ nothing elements.jl:218
┌ Warning: Deprecated syntax `parametric method syntax changefulldim{N, T}(::Type{Ray{N, T}}, Nout)` around /home/vagrant/.julia/v0.7/Polyhedra/src/elements.jl:219.
│ Use `changefulldim(#unused#::Type{Ray{N, T}}, Nout) where {N, T}` instead.
└ @ nothing elements.jl:219
┌ Warning: Deprecated syntax `parametric method syntax changeboth{N, T, Tout}(::Type{Ray{N, T}}, Nout, ::Type{Tout})` around /home/vagrant/.julia/v0.7/Polyhedra/src/elements.jl:220.
│ Use `changeboth(#unused#::Type{Ray{N, T}}, Nout, #unused#::Type{Tout}) where {N, T, Tout}` instead.
└ @ nothing elements.jl:220
┌ Warning: Deprecated syntax `parametric method syntax changeeltype{N, T, Tout}(::Type{Line{N, T}}, ::Type{Tout})` around /home/vagrant/.julia/v0.7/Polyhedra/src/elements.jl:218.
│ Use `changeeltype(#unused#::Type{Line{N, T}}, #unused#::Type{Tout}) where {N, T, Tout}` instead.
└ @ nothing elements.jl:218
┌ Warning: Deprecated syntax `parametric method syntax changefulldim{N, T}(::Type{Line{N, T}}, Nout)` around /home/vagrant/.julia/v0.7/Polyhedra/src/elements.jl:219.
│ Use `changefulldim(#unused#::Type{Line{N, T}}, Nout) where {N, T}` instead.
└ @ nothing elements.jl:219
┌ Warning: Deprecated syntax `parametric method syntax changeboth{N, T, Tout}(::Type{Line{N, T}}, Nout, ::Type{Tout})` around /home/vagrant/.julia/v0.7/Polyhedra/src/elements.jl:220.
│ Use `changeboth(#unused#::Type{Line{N, T}}, Nout, #unused#::Type{Tout}) where {N, T, Tout}` instead.
└ @ nothing elements.jl:220
┌ Warning: Deprecated syntax `parametric method syntax changeeltype{VecT <: AbstractVector, Tout}(::Type{VecT}, ::Type{Tout})` around /home/vagrant/.julia/v0.7/Polyhedra/src/elements.jl:224.
│ Use `changeeltype(#unused#::Type{VecT}, #unused#::Type{Tout}) where {VecT <: AbstractVector, Tout}` instead.
└ @ nothing elements.jl:224
┌ Warning: Deprecated syntax `parametric method syntax changefulldim{VecT <: AbstractVector}(::Type{VecT}, Nout)` around /home/vagrant/.julia/v0.7/Polyhedra/src/elements.jl:225.
│ Use `changefulldim(#unused#::Type{VecT}, Nout) where VecT <: AbstractVector` instead.
└ @ nothing elements.jl:225
┌ Warning: Deprecated syntax `parametric method syntax changeboth{VecT <: AbstractVector, Tout}(::Type{VecT}, Nout, ::Type{Tout})` around /home/vagrant/.julia/v0.7/Polyhedra/src/elements.jl:226.
│ Use `changeboth(#unused#::Type{VecT}, Nout, #unused#::Type{Tout}) where {VecT <: AbstractVector, Tout}` instead.
└ @ nothing elements.jl:226
┌ Warning: Deprecated syntax `parametric method syntax ininterior{N}(r::Ray{N}, h::HalfSpace{N})` around /home/vagrant/.julia/v0.7/Polyhedra/src/elements.jl:231.
│ Use `ininterior(r::Ray{N}, h::HalfSpace{N}) where N` instead.
└ @ nothing elements.jl:231
┌ Warning: Deprecated syntax `parametric method syntax ininterior{N}(l::Line{N}, h::HalfSpace{N})` around /home/vagrant/.julia/v0.7/Polyhedra/src/elements.jl:232.
│ Use `ininterior(l::Line{N}, h::HalfSpace{N}) where N` instead.
└ @ nothing elements.jl:232
┌ Warning: Deprecated syntax `parametric method syntax ininterior{N}(p::Point{N}, h::HalfSpace{N})` around /home/vagrant/.julia/v0.7/Polyhedra/src/elements.jl:233.
│ Use `ininterior(p::Point{N}, h::HalfSpace{N}) where N` instead.
└ @ nothing elements.jl:233
┌ Warning: Deprecated syntax `parametric method syntax ininterior{N}(p::AbstractVector, h::HalfSpace{N})` around /home/vagrant/.julia/v0.7/Polyhedra/src/elements.jl:234.
│ Use `ininterior(p::AbstractVector, h::HalfSpace{N}) where N` instead.
└ @ nothing elements.jl:234
┌ Warning: Deprecated syntax `parametric method syntax ininterior{N}(p::SymPoint{N}, h::HalfSpace{N})` around /home/vagrant/.julia/v0.7/Polyhedra/src/elements.jl:235.
│ Use `ininterior(p::SymPoint{N}, h::HalfSpace{N}) where N` instead.
└ @ nothing elements.jl:235
┌ Warning: Deprecated syntax `parametric method syntax mypromote_type{T1, T2}(::Type{T1}, ::Type{T2})` around /home/vagrant/.julia/v0.7/Polyhedra/src/mycomp.jl:62.
│ Use `mypromote_type(#unused#::Type{T1}, #unused#::Type{T2}) where {T1, T2}` instead.
└ @ nothing mycomp.jl:62
┌ Warning: Deprecated syntax `parametric method syntax Base.eltype{RepT <: Rep}(::Type{RepT})` around /home/vagrant/.julia/v0.7/Polyhedra/src/representation.jl:37.
│ Use `Base.eltype(#unused#::Type{RepT}) where RepT <: Rep` instead.
└ @ nothing representation.jl:37
┌ Warning: Deprecated syntax `parametric method syntax fulldim{RepT <: Rep}(::Type{RepT})` around /home/vagrant/.julia/v0.7/Polyhedra/src/representation.jl:38.
│ Use `fulldim(#unused#::Type{RepT}) where RepT <: Rep` instead.
└ @ nothing representation.jl:38
WARNING: importing deprecated binding Base.uppercase into Polyhedra.
ERROR: LoadError: LoadError: Base.uppercase has been moved to the standard library package Unicode.
Restart Julia and then run `using Unicode` to load it.
Stacktrace:
 [1] error(::Function, ::String, ::String, ::String, ::String, ::String, ::String) at ./error.jl:42
 [2] #uppercase#982(::Base.Iterators.IndexValue{Union{},Union{},Tuple{},NamedTuple{(),Tuple{}}}, ::Function, ::String, ::Vararg{String,N} where N) at ./deprecated.jl:138
 [3] uppercase(::String, ::Vararg{String,N} where N) at ./deprecated.jl:138
 [4] top-level scope at /home/vagrant/.julia/v0.7/Polyhedra/src/representation.jl:66
 [5] include at ./boot.jl:295 [inlined]
 [6] include_relative(::Module, ::String) at ./loading.jl:521
 [7] include at ./sysimg.jl:26 [inlined]
 [8] include(::String) at /home/vagrant/.julia/v0.7/Polyhedra/src/Polyhedra.jl:3
 [9] top-level scope
 [10] include at ./boot.jl:295 [inlined]
 [11] include_relative(::Module, ::String) at ./loading.jl:521
 [12] include(::Module, ::String) at ./sysimg.jl:26
 [13] top-level scope
 [14] eval at ./boot.jl:298 [inlined]
 [15] top-level scope at ./<missing>:2
in expression starting at /home/vagrant/.julia/v0.7/Polyhedra/src/representation.jl:66
in expression starting at /home/vagrant/.julia/v0.7/Polyhedra/src/Polyhedra.jl:18
ERROR: LoadError: LoadError: Failed to precompile Polyhedra to /home/vagrant/.julia/lib/v0.7/Polyhedra.ji.
Stacktrace:
 [1] error at ./error.jl:33 [inlined]
 [2] compilecache(::String) at ./loading.jl:648
 [3] compilecache at ./loading.jl:605 [inlined]
 [4] _require(::Symbol) at ./loading.jl:460
 [5] require(::Symbol) at ./loading.jl:333
 [6] include at ./boot.jl:295 [inlined]
 [7] include_relative(::Module, ::String) at ./loading.jl:521
 [8] _require(::Symbol) at ./loading.jl:453
 [9] require(::Symbol) at ./loading.jl:333
 [10] include at ./boot.jl:295 [inlined]
 [11] include_relative(::Module, ::String) at ./loading.jl:521
 [12] include(::Module, ::String) at ./sysimg.jl:26
 [13] process_options(::Base.JLOptions) at ./client.jl:323
 [14] _start() at ./client.jl:374
in expression starting at /home/vagrant/.julia/v0.7/LRSLib/src/LRSLib.jl:4
in expression starting at /home/vagrant/.julia/v0.7/LRSLib/test/runtests.jl:1
┌ Error: ------------------------------------------------------------
│ # Testing failed for LRSLib
│   exception = ErrorException("failed process: Process(`/home/vagrant/julia/bin/julia -Cnative -J/home/vagrant/julia/lib/julia/sys.so --compile=yes --depwarn=yes --code-coverage=none --color=no --compiled-modules=yes --check-bounds=yes --warn-overwrite=yes --startup-file=yes /home/vagrant/.julia/v0.7/LRSLib/test/runtests.jl`, ProcessExited(1)) [1]")
└ @ Base.Pkg.Entry entry.jl:739
[ Info: Removing Cbc v0.3.2 @ Base.Pkg.Entry entry.jl:546
[ Info: Removing Clp v0.3.1 @ Base.Pkg.Entry entry.jl:546
[ Info: Removing Combinatorics v0.5.0 @ Base.Pkg.Entry entry.jl:546
[ Info: Removing FactCheck v0.4.3 @ Base.Pkg.Entry entry.jl:546
[ Info: Removing Polynomials v0.1.6 @ Base.Pkg.Entry entry.jl:546
ERROR: LRSLib had test errors

>>> End of log
