>>> 'Pkg.add("LsqFit")' log
INFO: Cloning cache of LsqFit from git://github.com/JuliaOpt/LsqFit.jl.git
INFO: Installing ArrayViews v0.6.3
INFO: Installing Calculus v0.1.10
INFO: Installing Distributions v0.8.4
INFO: Installing DualNumbers v0.1.3
INFO: Installing LsqFit v0.0.1
INFO: Installing NaNMath v0.1.0
INFO: Installing Optim v0.4.2
INFO: Installing PDMats v0.3.5
INFO: Installing StatsBase v0.7.1
INFO: Installing StatsFuns v0.1.2
INFO: Package database updated

>>> 'Pkg.test("LsqFit")' log
Julia Version 0.4.0-pre+7097
Commit c4b089f (2015-08-29 13:17 UTC)
Platform Info:
  System: Linux (x86_64-unknown-linux-gnu)
  CPU: Intel(R) Core(TM) i5-2500K CPU @ 3.30GHz
  WORD_SIZE: 64
  BLAS: libopenblas (USE64BITINT DYNAMIC_ARCH NO_AFFINITY Sandybridge)
  LAPACK: libopenblas
  LIBM: libopenlibm
  LLVM: libLLVM-3.3
INFO: Testing LsqFit
Running tests:
 * curve_fit.jl
INFO: LsqFit tests passed

>>> End of log
