>>> 'Pkg.add("LsqFit")' log
INFO: Installing ArrayViews v0.4.6
INFO: Installing Calculus v0.1.5
INFO: Installing Distributions v0.5.4
INFO: Installing DualNumbers v0.1.0
INFO: Installing LsqFit v0.0.1
INFO: Installing Optim v0.4.0
INFO: Installing PDMats v0.2.4
INFO: Installing StatsBase v0.6.6
INFO: Package database updated
INFO: METADATA is out-of-date a you may not have the latest version of LsqFit
INFO: Use `Pkg.update()` to get the latest versions of your packages

>>> 'using LsqFit' log

WARNING: deprecated syntax "{a=>b, ...}" at /home/idunning/pkgtest/.julia/v0.4/Calculus/src/deparse.jl:1.
Use "Dict{Any,Any}(a=>b, ...)" instead.

WARNING: deprecated syntax "{a=>b, ...}" at /home/idunning/pkgtest/.julia/v0.4/Optim/src/levenberg_marquardt.jl:41.
Use "Dict{Any,Any}(a=>b, ...)" instead.

WARNING: deprecated syntax "{a=>b, ...}" at /home/idunning/pkgtest/.julia/v0.4/Optim/src/levenberg_marquardt.jl:90.
Use "Dict{Any,Any}(a=>b, ...)" instead.

WARNING: deprecated syntax "(T=>Int)[]" at /home/idunning/pkgtest/.julia/v0.4/StatsBase/src/scalarstats.jl:98.
Use "Dict{T,Int}()" instead.

WARNING: deprecated syntax "(T=>Int)[]" at /home/idunning/pkgtest/.julia/v0.4/StatsBase/src/scalarstats.jl:122.
Use "Dict{T,Int}()" instead.

WARNING: deprecated syntax "(T=>Float64)[]" at /home/idunning/pkgtest/.julia/v0.4/StatsBase/src/counts.jl:162.
Use "Dict{T,Float64}()" instead.

WARNING: deprecated syntax "(T=>Int)[]" at /home/idunning/pkgtest/.julia/v0.4/StatsBase/src/counts.jl:192.
Use "Dict{T,Int}()" instead.

WARNING: deprecated syntax "(T=>W)[]" at /home/idunning/pkgtest/.julia/v0.4/StatsBase/src/counts.jl:193.
Use "Dict{T,W}()" instead.

WARNING: deprecated syntax "(T=>Int)[]" at /home/idunning/pkgtest/.julia/v0.4/StatsBase/src/misc.jl:66.
Use "Dict{T,Int}()" instead.

WARNING: deprecated syntax "(T=>Int)[]" at /home/idunning/pkgtest/.julia/v0.4/StatsBase/src/misc.jl:77.
Use "Dict{T,Int}()" instead.
Julia Version 0.4.0-dev+998
Commit e24fac0 (2014-10-07 22:02 UTC)
Platform Info:
  System: Linux (x86_64-unknown-linux-gnu)
  CPU: Intel(R) Xeon(R) CPU E5-2650 0 @ 2.00GHz
  WORD_SIZE: 64
  BLAS: libopenblas (USE64BITINT DYNAMIC_ARCH NO_AFFINITY Sandybridge)
  LAPACK: libopenblas
  LIBM: libopenlibm
  LLVM: libLLVM-3.3

>>> test log

WARNING: deprecated syntax "{a=>b, ...}" at /home/idunning/pkgtest/.julia/v0.4/Calculus/src/deparse.jl:1.
Use "Dict{Any,Any}(a=>b, ...)" instead.

WARNING: deprecated syntax "{a=>b, ...}" at /home/idunning/pkgtest/.julia/v0.4/Optim/src/levenberg_marquardt.jl:41.
Use "Dict{Any,Any}(a=>b, ...)" instead.

WARNING: deprecated syntax "{a=>b, ...}" at /home/idunning/pkgtest/.julia/v0.4/Optim/src/levenberg_marquardt.jl:90.
Use "Dict{Any,Any}(a=>b, ...)" instead.

WARNING: deprecated syntax "(T=>Int)[]" at /home/idunning/pkgtest/.julia/v0.4/StatsBase/src/scalarstats.jl:98.
Use "Dict{T,Int}()" instead.

WARNING: deprecated syntax "(T=>Int)[]" at /home/idunning/pkgtest/.julia/v0.4/StatsBase/src/scalarstats.jl:122.
Use "Dict{T,Int}()" instead.

WARNING: deprecated syntax "(T=>Float64)[]" at /home/idunning/pkgtest/.julia/v0.4/StatsBase/src/counts.jl:162.
Use "Dict{T,Float64}()" instead.

WARNING: deprecated syntax "(T=>Int)[]" at /home/idunning/pkgtest/.julia/v0.4/StatsBase/src/counts.jl:192.
Use "Dict{T,Int}()" instead.

WARNING: deprecated syntax "(T=>W)[]" at /home/idunning/pkgtest/.julia/v0.4/StatsBase/src/counts.jl:193.
Use "Dict{T,W}()" instead.

WARNING: deprecated syntax "(T=>Int)[]" at /home/idunning/pkgtest/.julia/v0.4/StatsBase/src/misc.jl:66.
Use "Dict{T,Int}()" instead.

WARNING: deprecated syntax "(T=>Int)[]" at /home/idunning/pkgtest/.julia/v0.4/StatsBase/src/misc.jl:77.
Use "Dict{T,Int}()" instead.
Running tests:
 * curve_fit.jl
INFO: Testing LsqFit
INFO: LsqFit tests passed
INFO: No packages to install, update or remove

>>> end of log
