>>> 'Pkg.add("MachineLearning")' log
INFO: Installing Devectorize v0.4.1
INFO: Installing MachineLearning v0.0.3
INFO: Installing RDatasets v0.1.2
INFO: Package database updated
INFO: METADATA is out-of-date — you may not have the latest version of MachineLearning
INFO: Use `Pkg.update()` to get the latest versions of your packages

>>> 'Pkg.test("MachineLearning")' log
Julia Version 0.3.10
Commit c8ceeef* (2015-06-24 13:54 UTC)
Platform Info:
  System: Linux (x86_64-unknown-linux-gnu)
  CPU: Intel(R) Xeon(R) CPU E5-2650 0 @ 2.00GHz
  WORD_SIZE: 64
  BLAS: libopenblas (USE64BITINT DYNAMIC_ARCH NO_AFFINITY Nehalem)
  LAPACK: libopenblas
  LIBM: libopenlibm
  LLVM: libLLVM-3.3
INFO: Testing MachineLearning
Running tests:
Bart Linear Pearson Correlation: 0.9706139505098272
RF   Linear Pearson Correlation: 0.9994062632307216
	[1m[32mPASSED[0m: bart.jl
- Dataset iris
WARNING: array(da::DataArray{T}, replacement::Any) is deprecated.
Use convert(Array, da, replacement) instead.
 in array at /home/vagrant/.julia/v0.3/DataArrays/src/deprecated.jl:58
 in float_matrix at /home/vagrant/.julia/v0.3/MachineLearning/src/common.jl:55
 in fit at /home/vagrant/.julia/v0.3/MachineLearning/src/common.jl:71
 in evaluate at /home/vagrant/.julia/v0.3/MachineLearning/src/split.jl:95
 in anonymous at no file:16
 in include at ./boot.jl:245
 in include_from_node1 at ./loading.jl:128
 in anonymous at no file:21
 in include at ./boot.jl:245
 in include_from_node1 at loading.jl:128
 in process_options at ./client.jl:285
 in _start at ./client.jl:354
Accuracy: 0.973	ClassificationForestOptions(100,ClassificationTreeOptions(0.5,2,{"setosa","versicolor","virginica"}),false)
Accuracy: 0.960	ClassificationTreeOptions(1.0,2,nothing)
Accuracy: 0.987	ClassificationNetOptions(true,[50],:sgd,10.0,StopAfterIteration(100),false,false)
	[1m[32mPASSED[0m: classification.jl
	[1m[32mPASSED[0m: common.jl
Quadrant Accuracy: 0.9952
Linear Accuracy: 0.8704
Linear Accuracy: 0.8464
Linear Pearson Correlation: 0.9978691269899697
	[1m[32mPASSED[0m: decision_tree.jl
	[1m[32mPASSED[0m: metrics.jl
Checking Gradients
Classification Tests
Linear Accuracy, Preset Stop: 0.9704
Max Weight: 1.605481091925193
Max Weight: 1.6064437703838985
Linear Accuracy, Soph: 0.9712
Number of Iterations: 1000
Linear Accuracy, Valid Stop: 0.9608
Nonlinear Accuracy, 1 Hidden Layer : 0.9656
Regression Neural Network
    2 Hidden Layers
Nonlinear Accuracy, 2 Hidden Layers: 0.9616
Nonlinear Accuracy, 0 Hidden Layers: 0.9216
Regression Tests
Regression Net Linear Pearson Correlation: 0.9844591824710514
	[1m[32mPASSED[0m: neural_net.jl
Linear Accuracy, Unnormalized: 0.5032
Linear Accuracy, Normalized: 0.9768
Linear Accuracy, Unnormalized: 0.3630142850034698
Linear Accuracy, Normalized: 0.9859120534431439
	[1m[32mPASSED[0m: pipeline.jl
- Dataset Prestige
WARNING: array(da::DataArray{T}, replacement::Any) is deprecated.
Use convert(Array, da, replacement) instead.
 in array at /home/vagrant/.julia/v0.3/DataArrays/src/deprecated.jl:58
 in float_matrix at /home/vagrant/.julia/v0.3/MachineLearning/src/common.jl:55
 in fit at /home/vagrant/.julia/v0.3/MachineLearning/src/common.jl:71
 in evaluate at /home/vagrant/.julia/v0.3/MachineLearning/src/split.jl:95
 in anonymous at no file:18
 in include at ./boot.jl:245
 in include_from_node1 at ./loading.jl:128
 in anonymous at no file:21
 in include at ./boot.jl:245
 in include_from_node1 at loading.jl:128
 in process_options at ./client.jl:285
 in _start at ./client.jl:354
Correlation: 0.912	BartOptions(10,200,1000,10,0.95,2.0,2.0,BartTreeTransformationProbabilies(0.5,0.4,0.1),0.001,false)
Correlation: 0.873	RegressionForestOptions(10,RegressionTreeOptions(0.5,5),false)
- Dataset quakes
WARNING: array(da::DataArray{T}, replacement::Any) is deprecated.
Use convert(Array, da, replacement) instead.
 in array at /home/vagrant/.julia/v0.3/DataArrays/src/deprecated.jl:58
 in float_matrix at /home/vagrant/.julia/v0.3/MachineLearning/src/common.jl:55
 in fit at /home/vagrant/.julia/v0.3/MachineLearning/src/common.jl:71
 in evaluate at /home/vagrant/.julia/v0.3/MachineLearning/src/split.jl:95
 in anonymous at no file:18
 in include at ./boot.jl:245
 in include_from_node1 at ./loading.jl:128
 in anonymous at no file:21
 in include at ./boot.jl:245
 in include_from_node1 at loading.jl:128
 in process_options at ./client.jl:285
 in _start at ./client.jl:354
Correlation: 0.877	BartOptions(10,200,1000,10,0.95,2.0,2.0,BartTreeTransformationProbabilies(0.5,0.4,0.1),0.001,false)
Correlation: 0.816	RegressionForestOptions(10,RegressionTreeOptions(0.5,5),false)
	[1m[32mPASSED[0m: regression.jl
Evaluate Train/Test Split Accuracy: 0.93
Evaluate Cross Validation Split Accuracy: 0.949
	[1m[32mPASSED[0m: split.jl
Tree 1	Nodes: 65	Depth: 9
Tree 2	Nodes: 75	Depth: 9
Tree 3	Nodes: 73	Depth: 8
Tree 4	Nodes: 81	Depth: 10
Tree 5	Nodes: 73	Depth: 12
Tree 6	Nodes: 73	Depth: 9
Tree 7	Nodes: 83	Depth: 10
Tree 8	Nodes: 79	Depth: 10
Tree 9	Nodes: 57	Depth: 8
Tree 10	Nodes: 71	Depth: 9
Linear Accuracy: 0.9488
Linear Pearson Correlation: 0.998996052913904
	[1m[32mPASSED[0m: random_forest.jl
	[1m[32mPASSED[0m: transform/zmuv.jl
	[1m[32mPASSED[0m: tree.jl
INFO: MachineLearning tests passed
INFO: No packages to install, update or remove

>>> End of log
