>>> 'Pkg.add("MacroTools")' log
INFO: Installing MacroTools v0.3.6
INFO: Package database updated

>>> 'Pkg.test("MacroTools")' log
Julia Version 0.6.0-pre.beta.245
Commit d31f196 (2017-04-22 01:52 UTC)
Platform Info:
  OS: Linux (x86_64-pc-linux-gnu)
  CPU: Intel(R) Xeon(R) CPU E3-1241 v3 @ 3.50GHz
  WORD_SIZE: 64
           Ubuntu 14.04.5 LTS
  uname: Linux 3.13.0-116-generic #163-Ubuntu SMP Fri Mar 31 14:13:22 UTC 2017 x86_64 x86_64
Memory: 2.9392738342285156 GB (521.6875 MB free)
Uptime: 11363.0 sec
Load Avg:  0.97119140625  0.97509765625  1.025390625
Intel(R) Xeon(R) CPU E3-1241 v3 @ 3.50GHz: 
       speed         user         nice          sys         idle          irq
#1  3498 MHz     676593 s       1483 s      34106 s     253197 s         11 s
#2  3498 MHz     156288 s       5166 s      19051 s     931451 s          0 s

  BLAS: libopenblas (USE64BITINT DYNAMIC_ARCH NO_AFFINITY Nehalem)
  LAPACK: libopenblas64_
  LIBM: libopenlibm
  LLVM: libLLVM-3.9.1 (ORCJIT, haswell)
Environment:
  TERM = vt100
  LD_LIBRARY_PATH = :/usr/local/lib/
  PATH = /usr/local/sbin:/usr/local/bin:/usr/sbin:/usr/bin:/sbin:/bin:/usr/games:/usr/local/games:/home/vagrant/julia/bin/
  JAVA_HOME = /usr/lib/jvm/java-7-oracle
  HOME = /home/vagrant

Package Directory: /home/vagrant/.julia/v0.6
2 required packages:
 - JSON                          0.9.0
 - MacroTools                    0.3.6
1 additional packages:
 - Compat                        0.24.0
INFO: Testing MacroTools
INFO: MacroTools tests passed

>>> End of log
