>>> 'Pkg.add("MappedArrays")' log
INFO: Cloning cache of MappedArrays from https://github.com/timholy/MappedArrays.jl.git
INFO: Installing MappedArrays v0.0.1
INFO: Package database updated

>>> 'Pkg.test("MappedArrays")' log
Julia Version 0.5.0-rc3+0
Commit e6f843b (2016-08-22 23:43 UTC)
Platform Info:
  System: Linux (x86_64-unknown-linux-gnu)
  CPU: Intel(R) Xeon(R) CPU E3-1241 v3 @ 3.50GHz
  WORD_SIZE: 64
           Ubuntu 14.04.5 LTS
  uname: Linux 3.13.0-93-generic #140-Ubuntu SMP Mon Jul 18 21:21:05 UTC 2016 x86_64 x86_64
Memory: 2.4471054077148438 GB (832.8125 MB free)
Uptime: 2746.0 sec
Load Avg:  0.85400390625  0.93212890625  0.78271484375
Intel(R) Xeon(R) CPU E3-1241 v3 @ 3.50GHz: 
       speed         user         nice          sys         idle          irq
#1  3496 MHz      63063 s         95 s       9552 s     162497 s         54 s
#2  3496 MHz      29724 s         67 s       6722 s     214433 s          0 s

  BLAS: libopenblas (USE64BITINT DYNAMIC_ARCH NO_AFFINITY Nehalem)
  LAPACK: libopenblas64_
  LIBM: libopenlibm
  LLVM: libLLVM-3.7.1 (ORCJIT, haswell)
Environment:
  TERM = vt100
  LD_LIBRARY_PATH = :/usr/local/lib/
  PATH = /usr/local/sbin:/usr/local/bin:/usr/sbin:/usr/bin:/sbin:/bin:/usr/games:/usr/local/games:/home/vagrant/julia/bin/
  JAVA_HOME = /usr/lib/jvm/java-7-oracle
  HOME = /home/vagrant

Package Directory: /home/vagrant/.julia/v0.5
2 required packages:
 - JSON                          0.7.0
 - MappedArrays                  0.0.1
1 additional packages:
 - Compat                        0.8.8
INFO: Testing MappedArrays
INFO: MappedArrays tests passed

>>> End of log
