>>> 'Pkg.add("MarketData")' log
INFO: Cloning cache of MarketData from git://github.com/JuliaQuant/MarketData.jl.git
INFO: Installing MarketData v0.2.1
INFO: Package database updated

>>> 'using MarketData' log
Julia Version 0.3.4
Commit 3392026* (2014-12-26 10:42 UTC)
Platform Info:
  System: Linux (x86_64-unknown-linux-gnu)
  CPU: Intel(R) Xeon(R) CPU E5-2650 0 @ 2.00GHz
  WORD_SIZE: 64
  BLAS: libopenblas (USE64BITINT DYNAMIC_ARCH NO_AFFINITY Sandybridge)
  LAPACK: libopenblas
  LIBM: libopenlibm
  LLVM: libLLVM-3.3

>>> test log
TimeSeries readwrite parses csv file correctly
     - 1d values array works
     - 2d values array works
     - timestamp parses to correct type
4 facts verified.
const objects have expected length
     - test objects
     - historical data sets
8 facts verified.
INFO: Computing test dependencies for MarketData...
INFO: No packages to install, update or remove
INFO: Testing MarketData
INFO: MarketData tests passed
INFO: No packages to install, update or remove

>>> end of log
