>>> 'Pkg.add("Markdown")' log
WARNING: Base.Pkg is deprecated, run `using Pkg` instead
 in module Main
[ Info: Cloning cache of Markdown from https://github.com/JuliaArchive/Markdown.jl.git
[ Info: Installing Lazy v0.12.0
[ Info: Installing MacroTools v0.4.0
[ Info: Installing Markdown v0.3.0
[ Info: Package database updated

>>> 'Pkg.test("Markdown")' log
WARNING: Base.versioninfo is deprecated: it has been moved to the standard library package `InteractiveUtils`.
Add `using InteractiveUtils` to your imports.
 in module Main
WARNING: Base.versioninfo is deprecated: it has been moved to the standard library package `InteractiveUtils`.
Add `using InteractiveUtils` to your imports.
 in module Main
Julia Version 0.7.0-DEV.4922
Commit 23b08c5c5c (2018-04-20 18:44 UTC)
Platform Info:
  OS: Linux (x86_64-pc-linux-gnu)
      Ubuntu 14.04.5 LTS
  uname: Linux 3.13.0-143-generic #192-Ubuntu SMP Tue Feb 27 10:45:36 UTC 2018 x86_64 x86_64
  CPU: Intel(R) Xeon(R) CPU E3-1241 v3 @ 3.50GHz: 
              speed         user         nice          sys         idle          irq
       #1  3506 MHz    3616491 s       7218 s     299832 s    1157238 s         79 s
       #2  3506 MHz     961842 s         87 s     121100 s    4701662 s          1 s
       
  Memory: 2.939197540283203 GB (1046.06640625 MB free)
  Uptime: 59310.0 sec
  Load Avg:  0.99658203125  0.974609375  0.95458984375
  WORD_SIZE: 64
  LIBM: libopenlibm
  LLVM: libLLVM-3.9.1 (ORCJIT, haswell)
Environment:
  TERM = vt100
  LD_LIBRARY_PATH = :/usr/local/lib/
  PATH = /usr/local/sbin:/usr/local/bin:/usr/sbin:/usr/bin:/sbin:/bin:/usr/games:/usr/local/games:/home/vagrant/julia/bin/
  JAVA_HOME = /usr/lib/jvm/java-8-openjdk-amd64
  HOME = /home/vagrant
Packages:
  Package Directory: /home/vagrant/.julia/v0.7
  Package Status:
2 required packages:
 - JSON                          0.17.2
 - Markdown                      0.3.0
4 additional packages:
 - Compat                        0.63.0
 - Lazy                          0.12.0
 - MacroTools                    0.4.0
 - Nullables                     0.0.5
WARNING: Base.Pkg is deprecated, run `using Pkg` instead
 in module Main
[ Info: Testing Markdown
WARNING: Base.Test is deprecated, run `using Test` instead
  likely near /home/vagrant/.julia/v0.7/Markdown/test/runtests.jl:2
[ Info: Markdown tests passed

>>> End of log
