Tests exist, no master file to run, tried 'using MarketTechnicals', failed!
INFO: Installing Datetime v0.1.3
INFO: REQUIRE updated.
INFO: Installing FactCheck v0.1.2
INFO: REQUIRE updated.
INFO: Cloning cache of MarketTechnicals from git://github.com/JuliaQuant/MarketTechnicals.jl.git
INFO: Cloning cache of TimeSeries from git://github.com/JuliaStats/TimeSeries.jl.git
INFO: Installing Blocks v0.0.3
INFO: Installing DataArrays v0.0.3
INFO: Installing DataFrames v0.4.3
INFO: Installing GZip v0.2.12
INFO: Installing MarketTechnicals v0.2.0
INFO: Installing SortingAlgorithms v0.0.1
INFO: Installing StatsBase v0.3.8
INFO: Installing TimeSeries v0.2.0
INFO: REQUIRE updated.
ERROR: TimeArray not defined
 in include at boot.jl:238
at /home/idunning/pkgtest/.julia/v0.2/MarketTechnicals/src/candlesticks.jl:4
at /home/idunning/pkgtest/.julia/v0.2/MarketTechnicals/src/MarketTechnicals.jl:15
at /home/idunning/pkgtest/.julia/v0.2/.trash/Lumberjack/testusing.jl:1
INFO: REQUIRE updated.
INFO: REQUIRE updated.
INFO: REQUIRE updated.
