>>> 'Pkg.add("Matcha")' log
INFO: Cloning cache of Matcha from https://github.com/SimonDanisch/Matcha.jl.git
INFO: Installing Matcha v0.0.2
INFO: Package database updated

>>> 'Pkg.test("Matcha")' log
Julia Version 0.5.2
Commit f4c6c9d (2017-05-06 16:34 UTC)
Platform Info:
  OS: Linux (x86_64-pc-linux-gnu)
  CPU: Intel(R) Xeon(R) CPU E3-1241 v3 @ 3.50GHz
  WORD_SIZE: 64
           Ubuntu 14.04.5 LTS
  uname: Linux 3.13.0-121-generic #170-Ubuntu SMP Wed Jun 14 09:04:33 UTC 2017 x86_64 x86_64
Memory: 2.9392738342285156 GB (1068.62890625 MB free)
Uptime: 8941.0 sec
Load Avg:  1.07373046875  1.0498046875  1.05419921875
Intel(R) Xeon(R) CPU E3-1241 v3 @ 3.50GHz: 
       speed         user         nice          sys         idle          irq
#1  3500 MHz     502415 s         51 s      50682 s     242990 s          6 s
#2  3500 MHz     177500 s         91 s      22970 s     676334 s          0 s

  BLAS: libopenblas (USE64BITINT DYNAMIC_ARCH NO_AFFINITY Nehalem)
  LAPACK: libopenblas64_
  LIBM: libopenlibm
  LLVM: libLLVM-3.7.1 (ORCJIT, haswell)
Environment:
  TERM = vt100
  LD_LIBRARY_PATH = :/usr/local/lib/
  PATH = /usr/local/sbin:/usr/local/bin:/usr/sbin:/usr/bin:/sbin:/bin:/usr/games:/usr/local/games:/home/vagrant/julia/bin/
  JAVA_HOME = /usr/lib/jvm/java-8-openjdk-amd64
  HOME = /home/vagrant

Package Directory: /home/vagrant/.julia/v0.5
2 required packages:
 - JSON                          0.13.0
 - Matcha                        0.0.2
1 additional packages:
 - Compat                        0.29.0
INFO: Testing Matcha
INFO: Matcha tests passed

>>> End of log
