>>> 'Pkg.add("MatlabCompat")' log
INFO: Cloning cache of Color from https://github.com/JuliaArchive/Color.jl.git
INFO: Cloning cache of ImageView from https://github.com/timholy/ImageView.jl.git
INFO: Cloning cache of IniFile from https://github.com/JuliaIO/IniFile.jl.git
INFO: Cloning cache of MatlabCompat from https://github.com/MatlabCompat/MatlabCompat.jl.git
INFO: Cloning cache of Tk from https://github.com/JuliaGraphics/Tk.jl.git
INFO: Cloning cache of Winston from https://github.com/nolta/Winston.jl.git
INFO: Installing AxisArrays v0.0.3
INFO: Installing BinDeps v0.4.5
INFO: Installing Blosc v0.2.0
INFO: Installing BufferedStreams v0.3.0
INFO: Installing Cairo v0.2.35
INFO: Installing CatIndices v0.0.1
INFO: Installing Color v0.2.11
INFO: Installing ColorTypes v0.3.3
INFO: Installing ColorVectorSpace v0.2.0
INFO: Installing Colors v0.7.1
INFO: Installing ComputationalResources v0.0.1
INFO: Installing CustomUnitRanges v0.0.3
INFO: Installing DataStructures v0.5.2
INFO: Installing Dates v0.4.4
INFO: Installing FFTViews v0.0.1
INFO: Installing FileIO v0.3.0
INFO: Installing FixedPointNumbers v0.3.3
INFO: Installing Graphics v0.1.3
INFO: Installing HDF5 v0.7.3
INFO: Installing ImageAxes v0.1.0
INFO: Installing ImageCore v0.1.1
INFO: Installing ImageFiltering v0.1.1
INFO: Installing ImageMetadata v0.2.0
INFO: Installing ImageView v0.3.1
INFO: Installing Images v0.7.0
INFO: Installing IndirectArrays v0.1.0
INFO: Installing IniFile v0.2.5
INFO: Installing IntervalSets v0.0.2
INFO: Installing Iterators v0.2.0
INFO: Installing Libz v0.2.3
INFO: Installing MAT v0.3.1
INFO: Installing MacroTools v0.3.4
INFO: Installing MappedArrays v0.0.5
INFO: Installing MatlabCompat v0.1.2
INFO: Installing OffsetArrays v0.2.12
INFO: Installing RangeArrays v0.1.1
INFO: Installing Reexport v0.0.3
INFO: Installing SHA v0.3.1
INFO: Installing SIUnits v0.1.0
INFO: Installing ShowItLikeYouBuildIt v0.0.1
INFO: Installing SimpleTraits v0.2.0
INFO: Installing StaticArrays v0.1.5
INFO: Installing StatsBase v0.13.0
INFO: Installing TexExtensions v0.0.3
INFO: Installing TiledIteration v0.0.1
INFO: Installing Tk v0.4.0
INFO: Installing URIParser v0.1.8
INFO: Installing Winston v0.12.1
INFO: Building Blosc
INFO: Building Cairo
WARNING: Array{T}(::Type{T}, m::Int) is deprecated, use Array{T}(m) instead.
Stacktrace:
 [1] depwarn(::String, ::Symbol) at ./deprecated.jl:64
 [2] Array(::Type{Tuple{BinDeps.DependencyProvider,Dict{Symbol,Any}}}, ::Int64) at ./deprecated.jl:51
 [3] #_library_dependency#21(::Array{Any,1}, ::Function, ::BinDeps.PackageContext, ::String) at /home/vagrant/.julia/v0.6/BinDeps/src/dependencies.jl:60
 [4] (::BinDeps.#kw##_library_dependency)(::Array{Any,1}, ::BinDeps.#_library_dependency, ::BinDeps.PackageContext, ::String) at ./<missing>:0
 [5] #library_dependency#1(::Array{Any,1}, ::Function, ::String, ::Vararg{String,N} where N) at /home/vagrant/.julia/v0.6/BinDeps/src/dependencies.jl:86
 [6] (::__anon__.#kw##library_dependency)(::Array{Any,1}, ::__anon__.#library_dependency, ::String, ::Vararg{String,N} where N) at ./<missing>:0
 [7] include_from_node1(::String) at ./loading.jl:539
 [8] include(::String) at ./sysimg.jl:14
 [9] evalfile(::String, ::Array{String,1}) at ./loading.jl:573 (repeats 2 times)
 [10] cd(::##2#4, ::String) at ./file.jl:69
 [11] (::##1#3)(::IOStream) at ./none:12
 [12] open(::##1#3, ::String, ::String) at ./iostream.jl:152
 [13] eval(::Module, ::Any) at ./boot.jl:235
 [14] process_options(::Base.JLOptions) at ./client.jl:286
 [15] _start() at ./client.jl:371
while loading /home/vagrant/.julia/v0.6/Cairo/deps/build.jl, in expression starting on line 9
WARNING: special characters "#{}()[]<>|&*?~;" should now be quoted in commands
Stacktrace:
 [1] depwarn(::String, ::Symbol) at ./deprecated.jl:64
 [2] warn_shell_special(::String) at ./shell.jl:8
 [3] #shell_parse#223(::String, ::Function, ::String, ::Bool) at ./shell.jl:106
 [4] (::Base.#kw##shell_parse)(::Array{Any,1}, ::Base.#shell_parse, ::String, ::Bool) at ./<missing>:0 (repeats 2 times)
 [5] @cmd(::ANY) at ./process.jl:801
 [6] include_from_node1(::String) at ./loading.jl:539
 [7] include(::String) at ./sysimg.jl:14
 [8] evalfile(::String, ::Array{String,1}) at ./loading.jl:573 (repeats 2 times)
 [9] cd(::##2#4, ::String) at ./file.jl:69
 [10] (::##1#3)(::IOStream) at ./none:12
 [11] open(::##1#3, ::String, ::String) at ./iostream.jl:152
 [12] eval(::Module, ::Any) at ./boot.jl:235
 [13] process_options(::Base.JLOptions) at ./client.jl:286
 [14] _start() at ./client.jl:371
while loading /home/vagrant/.julia/v0.6/Cairo/deps/build.jl, in expression starting on line 135
WARNING: takebuf_string(b) is deprecated, use String(take!(b)) instead.
Stacktrace:
 [1] depwarn(::String, ::Symbol) at ./deprecated.jl:64
 [2] takebuf_string(::Base.AbstractIOBuffer{Array{UInt8,1}}) at ./deprecated.jl:51
 [3] macro expansion at /home/vagrant/.julia/v0.6/BinDeps/src/dependencies.jl:887 [inlined]
 [4] anonymous at ./<missing>:?
 [5] include_from_node1(::String) at ./loading.jl:539
 [6] include(::String) at ./sysimg.jl:14
 [7] evalfile(::String, ::Array{String,1}) at ./loading.jl:573 (repeats 2 times)
 [8] cd(::##2#4, ::String) at ./file.jl:69
 [9] (::##1#3)(::IOStream) at ./none:12
 [10] open(::##1#3, ::String, ::String) at ./iostream.jl:152
 [11] eval(::Module, ::Any) at ./boot.jl:235
 [12] process_options(::Base.JLOptions) at ./client.jl:286
 [13] _start() at ./client.jl:371
while loading /home/vagrant/.julia/v0.6/Cairo/deps/build.jl, in expression starting on line 154
INFO: Building HDF5
WARNING: Array{T}(::Type{T}, m::Int) is deprecated, use Array{T}(m) instead.
Stacktrace:
 [1] depwarn(::String, ::Symbol) at ./deprecated.jl:64
 [2] Array(::Type{Tuple{BinDeps.DependencyProvider,Dict{Symbol,Any}}}, ::Int64) at ./deprecated.jl:51
 [3] #_library_dependency#21(::Array{Any,1}, ::Function, ::BinDeps.PackageContext, ::String) at /home/vagrant/.julia/v0.6/BinDeps/src/dependencies.jl:60
 [4] (::BinDeps.#kw##_library_dependency)(::Array{Any,1}, ::BinDeps.#_library_dependency, ::BinDeps.PackageContext, ::String) at ./<missing>:0
 [5] #library_dependency#1(::Array{Any,1}, ::Function, ::String, ::Vararg{String,N} where N) at /home/vagrant/.julia/v0.6/BinDeps/src/dependencies.jl:86
 [6] (::__anon__.#kw##library_dependency)(::Array{Any,1}, ::__anon__.#library_dependency, ::String, ::Vararg{String,N} where N) at ./<missing>:0
 [7] include_from_node1(::String) at ./loading.jl:539
 [8] include(::String) at ./sysimg.jl:14
 [9] evalfile(::String, ::Array{String,1}) at ./loading.jl:573 (repeats 2 times)
 [10] cd(::##2#4, ::String) at ./file.jl:69
 [11] (::##1#3)(::IOStream) at ./none:12
 [12] open(::##1#3, ::String, ::String) at ./iostream.jl:152
 [13] eval(::Module, ::Any) at ./boot.jl:235
 [14] process_options(::Base.JLOptions) at ./client.jl:286
 [15] _start() at ./client.jl:371
while loading /home/vagrant/.julia/v0.6/HDF5/deps/build.jl, in expression starting on line 6
WARNING: takebuf_string(b) is deprecated, use String(take!(b)) instead.
Stacktrace:
 [1] depwarn(::String, ::Symbol) at ./deprecated.jl:64
 [2] takebuf_string(::Base.AbstractIOBuffer{Array{UInt8,1}}) at ./deprecated.jl:51
 [3] macro expansion at /home/vagrant/.julia/v0.6/BinDeps/src/dependencies.jl:887 [inlined]
 [4] anonymous at ./<missing>:?
 [5] include_from_node1(::String) at ./loading.jl:539
 [6] include(::String) at ./sysimg.jl:14
 [7] evalfile(::String, ::Array{String,1}) at ./loading.jl:573 (repeats 2 times)
 [8] cd(::##2#4, ::String) at ./file.jl:69
 [9] (::##1#3)(::IOStream) at ./none:12
 [10] open(::##1#3, ::String, ::String) at ./iostream.jl:152
 [11] eval(::Module, ::Any) at ./boot.jl:235
 [12] process_options(::Base.JLOptions) at ./client.jl:286
 [13] _start() at ./client.jl:371
while loading /home/vagrant/.julia/v0.6/HDF5/deps/build.jl, in expression starting on line 27
INFO: Building Tk
WARNING: Array{T}(::Type{T}, m::Int) is deprecated, use Array{T}(m) instead.
Stacktrace:
 [1] depwarn(::String, ::Symbol) at ./deprecated.jl:64
 [2] Array(::Type{Tuple{BinDeps.DependencyProvider,Dict{Symbol,Any}}}, ::Int64) at ./deprecated.jl:51
 [3] #_library_dependency#21(::Array{Any,1}, ::Function, ::BinDeps.PackageContext, ::String) at /home/vagrant/.julia/v0.6/BinDeps/src/dependencies.jl:60
 [4] (::BinDeps.#kw##_library_dependency)(::Array{Any,1}, ::BinDeps.#_library_dependency, ::BinDeps.PackageContext, ::String) at ./<missing>:0
 [5] #library_dependency#1(::Array{Any,1}, ::Function, ::String, ::Vararg{String,N} where N) at /home/vagrant/.julia/v0.6/BinDeps/src/dependencies.jl:86
 [6] (::__anon__.#kw##library_dependency)(::Array{Any,1}, ::__anon__.#library_dependency, ::String, ::Vararg{String,N} where N) at ./<missing>:0
 [7] include_from_node1(::String) at ./loading.jl:539
 [8] include(::String) at ./sysimg.jl:14
 [9] evalfile(::String, ::Array{String,1}) at ./loading.jl:573 (repeats 2 times)
 [10] cd(::##2#4, ::String) at ./file.jl:69
 [11] (::##1#3)(::IOStream) at ./none:12
 [12] open(::##1#3, ::String, ::String) at ./iostream.jl:152
 [13] eval(::Module, ::Any) at ./boot.jl:235
 [14] process_options(::Base.JLOptions) at ./client.jl:286
 [15] _start() at ./client.jl:371
while loading /home/vagrant/.julia/v0.6/Tk/deps/build.jl, in expression starting on line 6
WARNING: Array{T}(::Type{T}, m::Int) is deprecated, use Array{T}(m) instead.
Stacktrace:
 [1] depwarn(::String, ::Symbol) at ./deprecated.jl:64
 [2] Array(::Type{Tuple{BinDeps.DependencyProvider,Dict{Symbol,Any}}}, ::Int64) at ./deprecated.jl:51
 [3] #_library_dependency#21(::Array{Any,1}, ::Function, ::BinDeps.PackageContext, ::String) at /home/vagrant/.julia/v0.6/BinDeps/src/dependencies.jl:60
 [4] (::BinDeps.#kw##_library_dependency)(::Array{Any,1}, ::BinDeps.#_library_dependency, ::BinDeps.PackageContext, ::String) at ./<missing>:0
 [5] #library_dependency#1(::Array{Any,1}, ::Function, ::String, ::Vararg{String,N} where N) at /home/vagrant/.julia/v0.6/BinDeps/src/dependencies.jl:86
 [6] (::__anon__.#kw##library_dependency)(::Array{Any,1}, ::__anon__.#library_dependency, ::String, ::Vararg{String,N} where N) at ./<missing>:0
 [7] include_from_node1(::String) at ./loading.jl:539
 [8] include(::String) at ./sysimg.jl:14
 [9] evalfile(::String, ::Array{String,1}) at ./loading.jl:573 (repeats 2 times)
 [10] cd(::##2#4, ::String) at ./file.jl:69
 [11] (::##1#3)(::IOStream) at ./none:12
 [12] open(::##1#3, ::String, ::String) at ./iostream.jl:152
 [13] eval(::Module, ::Any) at ./boot.jl:235
 [14] process_options(::Base.JLOptions) at ./client.jl:286
 [15] _start() at ./client.jl:371
while loading /home/vagrant/.julia/v0.6/Tk/deps/build.jl, in expression starting on line 7
WARNING: takebuf_string(b) is deprecated, use String(take!(b)) instead.
Stacktrace:
 [1] depwarn(::String, ::Symbol) at ./deprecated.jl:64
 [2] takebuf_string(::Base.AbstractIOBuffer{Array{UInt8,1}}) at ./deprecated.jl:51
 [3] macro expansion at /home/vagrant/.julia/v0.6/BinDeps/src/dependencies.jl:887 [inlined]
 [4] anonymous at ./<missing>:?
 [5] include_from_node1(::String) at ./loading.jl:539
 [6] include(::String) at ./sysimg.jl:14
 [7] evalfile(::String, ::Array{String,1}) at ./loading.jl:573 (repeats 2 times)
 [8] cd(::##2#4, ::String) at ./file.jl:69
 [9] (::##1#3)(::IOStream) at ./none:12
 [10] open(::##1#3, ::String, ::String) at ./iostream.jl:152
 [11] eval(::Module, ::Any) at ./boot.jl:235
 [12] process_options(::Base.JLOptions) at ./client.jl:286
 [13] _start() at ./client.jl:371
while loading /home/vagrant/.julia/v0.6/Tk/deps/build.jl, in expression starting on line 55
INFO: Package database updated
INFO: METADATA is out-of-date — you may not have the latest version of MatlabCompat
INFO: Use `Pkg.update()` to get the latest versions of your packages

>>> 'Pkg.test("MatlabCompat")' log
Julia Version 0.6.0-dev.2788
Commit 8341444 (2017-02-12 23:04 UTC)
Platform Info:
  OS: Linux (x86_64-pc-linux-gnu)
  CPU: Intel(R) Xeon(R) CPU E3-1241 v3 @ 3.50GHz
  WORD_SIZE: 64
           Ubuntu 14.04.5 LTS
  uname: Linux 3.13.0-108-generic #155-Ubuntu SMP Wed Jan 11 16:58:52 UTC 2017 x86_64 x86_64
Memory: 2.9392738342285156 GB (588.671875 MB free)
Uptime: 2688.0 sec
Load Avg:  1.07373046875  1.1640625  1.00244140625
Intel(R) Xeon(R) CPU E3-1241 v3 @ 3.50GHz: 
       speed         user         nice          sys         idle          irq
#1  3500 MHz      94325 s         56 s      11816 s     139842 s          4 s
#2  3500 MHz      35290 s         93 s       7850 s     219964 s          0 s

  BLAS: libopenblas (USE64BITINT DYNAMIC_ARCH NO_AFFINITY Nehalem)
  LAPACK: libopenblas64_
  LIBM: libopenlibm
  LLVM: libLLVM-3.9.1 (ORCJIT, haswell)
Environment:
  LD_LIBRARY_PATH = :/usr/local/lib/
  HOME = /home/vagrant
  TERM = vt100
  PATH = /usr/local/sbin:/usr/local/bin:/usr/sbin:/usr/bin:/sbin:/bin:/usr/games:/usr/local/games:/home/vagrant/julia/bin/
  JAVA_HOME = /usr/lib/jvm/java-7-oracle

Package Directory: /home/vagrant/.julia/v0.6
2 required packages:
 - JSON                          0.8.3
 - MatlabCompat                  0.1.2
48 additional packages:
 - AxisArrays                    0.0.3
 - BinDeps                       0.4.5
 - Blosc                         0.2.0
 - BufferedStreams               0.3.0
 - Cairo                         0.2.35
 - CatIndices                    0.0.1
 - Color                         0.2.11
 - ColorTypes                    0.3.3
 - ColorVectorSpace              0.2.0
 - Colors                        0.7.1
 - Compat                        0.17.0
 - ComputationalResources        0.0.1
 - CustomUnitRanges              0.0.3
 - DataStructures                0.5.2
 - Dates                         0.4.4
 - FFTViews                      0.0.1
 - FileIO                        0.3.0
 - FixedPointNumbers             0.3.3
 - Graphics                      0.1.3
 - HDF5                          0.7.3
 - ImageAxes                     0.1.0
 - ImageCore                     0.1.1
 - ImageFiltering                0.1.1
 - ImageMetadata                 0.2.0
 - ImageView                     0.3.1
 - Images                        0.7.0
 - IndirectArrays                0.1.0
 - IniFile                       0.2.5
 - IntervalSets                  0.0.2
 - Iterators                     0.2.0
 - Libz                          0.2.3
 - MAT                           0.3.1
 - MacroTools                    0.3.4
 - MappedArrays                  0.0.5
 - OffsetArrays                  0.2.12
 - RangeArrays                   0.1.1
 - Reexport                      0.0.3
 - SHA                           0.3.1
 - SIUnits                       0.1.0
 - ShowItLikeYouBuildIt          0.0.1
 - SimpleTraits                  0.2.0
 - StaticArrays                  0.1.5
 - StatsBase                     0.13.0
 - TexExtensions                 0.0.3
 - TiledIteration                0.0.1
 - Tk                            0.4.0
 - URIParser                     0.1.8
 - Winston                       0.12.1
INFO: Computing test dependencies for MatlabCompat...
INFO: No packages to install, update or remove
INFO: Testing MatlabCompat

WARNING: deprecated syntax "typealias Point Vec2" at /home/vagrant/.julia/v0.6/Graphics/src/Graphics.jl:62.
Use "const Point = Vec2" instead.

WARNING: deprecated syntax "abstract GraphicsDevice" at /home/vagrant/.julia/v0.6/Graphics/src/Graphics.jl:192.
Use "abstract type GraphicsDevice end" instead.

WARNING: deprecated syntax "abstract GraphicsContext" at /home/vagrant/.julia/v0.6/Graphics/src/Graphics.jl:203.
Use "abstract type GraphicsContext end" instead.
WARNING: could not import Base.scale into Graphics

WARNING: deprecated syntax "typealias format_t Int32" at /home/vagrant/.julia/v0.6/Cairo/src/constants.jl:20.
Use "const format_t = Int32" instead.

WARNING: deprecated syntax "typealias status_t Int32" at /home/vagrant/.julia/v0.6/Cairo/src/constants.jl:29.
Use "const status_t = Int32" instead.

WARNING: deprecated syntax "typealias surface_t Int32" at /home/vagrant/.julia/v0.6/Cairo/src/constants.jl:70.
Use "const surface_t = Int32" instead.

WARNING: deprecated syntax "typealias font_slant_t Int32" at /home/vagrant/.julia/v0.6/Cairo/src/constants.jl:98.
Use "const font_slant_t = Int32" instead.

WARNING: deprecated syntax "typealias font_weight_t Int32" at /home/vagrant/.julia/v0.6/Cairo/src/constants.jl:103.
Use "const font_weight_t = Int32" instead.

WARNING: deprecated syntax "inner constructor CairoSurface(...) around /home/vagrant/.julia/v0.6/Cairo/src/Cairo.jl:107".
Use "CairoSurface{T}(...) where T" instead.

WARNING: deprecated syntax "inner constructor CairoSurface(...) around /home/vagrant/.julia/v0.6/Cairo/src/Cairo.jl:112".
Use "CairoSurface{T}(...) where T" instead.

WARNING: deprecated syntax "inner constructor CairoSurface(...) around /home/vagrant/.julia/v0.6/Cairo/src/Cairo.jl:117".
Use "CairoSurface{T}(...) where T" instead.

WARNING: deprecated syntax "typealias CGFloat Float32" at /home/vagrant/.julia/v0.6/Tk/src/tkwidget.jl:271.
Use "const CGFloat = Float32" instead.

WARNING: deprecated syntax "typealias CGFloat Float64" at /home/vagrant/.julia/v0.6/Tk/src/tkwidget.jl:273.
Use "const CGFloat = Float64" instead.

WARNING: deprecated syntax "abstract Tk_Widget" at /home/vagrant/.julia/v0.6/Tk/src/types.jl:3.
Use "abstract type Tk_Widget end" instead.

WARNING: deprecated syntax "abstract TTk_Widget<:Tk_Widget" at /home/vagrant/.julia/v0.6/Tk/src/types.jl:4.
Use "abstract type TTk_Widget<:Tk_Widget end" instead.

WARNING: deprecated syntax "abstract TTk_Container<:Tk_Widget" at /home/vagrant/.julia/v0.6/Tk/src/types.jl:5.
Use "abstract type TTk_Container<:Tk_Widget end" instead.
ERROR: LoadError: LoadError: LoadError: LoadError: LoadError: UndefVarError: LambdaInfo not defined
Stacktrace:
 [1] include_from_node1(::String) at ./loading.jl:539
 [2] include(::String) at ./sysimg.jl:14
 [3] include_from_node1(::String) at ./loading.jl:539
 [4] eval(::Module, ::Any) at ./boot.jl:235
 [5] require(::Symbol) at ./loading.jl:453
 [6] include_from_node1(::String) at ./loading.jl:539
 [7] include(::String) at ./sysimg.jl:14
 [8] macro expansion at /home/vagrant/.julia/v0.6/MatlabCompat/src/MatlabCompat.jl:36 [inlined]
 [9] anonymous at ./<missing>:?
 [10] include_from_node1(::String) at ./loading.jl:539
while loading /home/vagrant/.julia/v0.6/Tk/src/core.jl, in expression starting on line 116
while loading /home/vagrant/.julia/v0.6/Tk/src/Tk.jl, in expression starting on line 39
while loading /home/vagrant/.julia/v0.6/MatlabCompat/src/MatlabCompat/imagetools.jl, in expression starting on line 50
while loading /home/vagrant/.julia/v0.6/MatlabCompat/src/MatlabCompat.jl, in expression starting on line 35
while loading /home/vagrant/.julia/v0.6/MatlabCompat/test/runtests.jl, in expression starting on line 2
============================[ ERROR: MatlabCompat ]=============================

failed process: Process(`/home/vagrant/julia/bin/julia -Cx86-64 -J/home/vagrant/julia/lib/julia/sys.so --compile=yes --depwarn=yes --check-bounds=yes --code-coverage=none --color=no --compilecache=yes /home/vagrant/.julia/v0.6/MatlabCompat/test/runtests.jl`, ProcessExited(1)) [1]

================================================================================
INFO: No packages to install, update or remove
ERROR: MatlabCompat had test errors

>>> End of log
