>>> 'Pkg.add("MatrixChainMultiply")' log
INFO: Cloning cache of MatrixChainMultiply from https://github.com/AustinPrivett/MatrixChainMultiply.jl.git
INFO: Installing MatrixChainMultiply v0.0.1
INFO: Package database updated
INFO: METADATA is out-of-date — you may not have the latest version of MatrixChainMultiply
INFO: Use `Pkg.update()` to get the latest versions of your packages

>>> 'Pkg.test("MatrixChainMultiply")' log
Julia Version 0.5.2
Commit f4c6c9d (2017-05-06 16:34 UTC)
Platform Info:
  OS: Linux (x86_64-pc-linux-gnu)
  CPU: Intel(R) Xeon(R) CPU E3-1241 v3 @ 3.50GHz
  WORD_SIZE: 64
           Ubuntu 14.04.5 LTS
  uname: Linux 3.13.0-119-generic #166-Ubuntu SMP Wed May 3 12:18:55 UTC 2017 x86_64 x86_64
Memory: 2.9392738342285156 GB (360.09375 MB free)
Uptime: 9172.0 sec
Load Avg:  0.953125  1.13525390625  1.19873046875
Intel(R) Xeon(R) CPU E3-1241 v3 @ 3.50GHz: 
       speed         user         nice          sys         idle          irq
#1  3499 MHz     527021 s        169 s      44550 s     240383 s          8 s
#2  3499 MHz     188549 s       5816 s      24411 s     678864 s          0 s

  BLAS: libopenblas (USE64BITINT DYNAMIC_ARCH NO_AFFINITY Nehalem)
  LAPACK: libopenblas64_
  LIBM: libopenlibm
  LLVM: libLLVM-3.7.1 (ORCJIT, haswell)
Environment:
  TERM = vt100
  LD_LIBRARY_PATH = :/usr/local/lib/
  PATH = /usr/local/sbin:/usr/local/bin:/usr/sbin:/usr/bin:/sbin:/bin:/usr/games:/usr/local/games:/home/vagrant/julia/bin/
  JAVA_HOME = /usr/lib/jvm/java-7-oracle
  HOME = /home/vagrant

Package Directory: /home/vagrant/.julia/v0.5
2 required packages:
 - JSON                          0.12.0
 - MatrixChainMultiply           0.0.1
1 additional packages:
 - Compat                        0.26.0
INFO: Testing MatrixChainMultiply
Default grouping...
elapsed time: 11.64505115 seconds

Optimal grouping...
Operation: (x[1]*(x[2]*(x[3]*x[4])))
Cost: 38000000
elapsed time: 0.142864351 seconds

MatrixChainMultiplication method is 81.51124523709908 times FASTER.
INFO: MatrixChainMultiply tests passed

>>> End of log
