>>> 'Pkg.add("Mayday")' log
[ Info: Cloning cache of Mayday from https://github.com/rdeits/Mayday.jl.git @ Base.Pkg.Cache cache.jl:43
[ Info: Cloning cache of MultiPoly from https://github.com/daviddelaat/MultiPoly.jl.git @ Base.Pkg.Cache cache.jl:43
[ Info: Cloning cache of SCS from https://github.com/JuliaOpt/SCS.jl.git @ Base.Pkg.Cache cache.jl:43
[ Info: Installing BinDeps v0.8.2 @ Base.Pkg.Entry entry.jl:543
[ Info: Installing Calculus v0.2.2 @ Base.Pkg.Entry entry.jl:543
[ Info: Installing Combinatorics v0.5.0 @ Base.Pkg.Entry entry.jl:543
[ Info: Installing CommonSubexpressions v0.0.1 @ Base.Pkg.Entry entry.jl:543
[ Info: Installing DataStructures v0.7.3 @ Base.Pkg.Entry entry.jl:543
[ Info: Installing DiffResults v0.0.2 @ Base.Pkg.Entry entry.jl:543
[ Info: Installing DiffRules v0.0.2 @ Base.Pkg.Entry entry.jl:543
[ Info: Installing ForwardDiff v0.7.0 @ Base.Pkg.Entry entry.jl:543
[ Info: Installing IterTools v0.2.0 @ Base.Pkg.Entry entry.jl:543
[ Info: Installing JuMP v0.18.0 @ Base.Pkg.Entry entry.jl:543
[ Info: Installing MathProgBase v0.7.0 @ Base.Pkg.Entry entry.jl:543
[ Info: Installing Mayday v0.0.3 @ Base.Pkg.Entry entry.jl:543
[ Info: Installing MultiPoly v0.1.0 @ Base.Pkg.Entry entry.jl:543
[ Info: Installing NaNMath v0.3.0 @ Base.Pkg.Entry entry.jl:543
[ Info: Installing Polynomials v0.1.6 @ Base.Pkg.Entry entry.jl:543
[ Info: Installing ReverseDiffSparse v0.8.1 @ Base.Pkg.Entry entry.jl:543
[ Info: Installing SCS v0.3.3 @ Base.Pkg.Entry entry.jl:543
[ Info: Installing SHA v0.5.2 @ Base.Pkg.Entry entry.jl:543
[ Info: Installing SpecialFunctions v0.3.6 @ Base.Pkg.Entry entry.jl:543
[ Info: Installing StaticArrays v0.6.6 @ Base.Pkg.Entry entry.jl:543
[ Info: Installing URIParser v0.3.0 @ Base.Pkg.Entry entry.jl:543
[ Info: Building SpecialFunctions @ Main none:10
WARNING: importing deprecated binding Base.Void into __anon__.
WARNING: Base.Void is deprecated, use Nothing instead.
  likely near /home/vagrant/.julia/v0.7/SpecialFunctions/deps/build.jl:6
WARNING: Base.Void is deprecated, use Nothing instead.
  likely near /home/vagrant/.julia/v0.7/SpecialFunctions/deps/build.jl:6
WARNING: Base.Void is deprecated, use Nothing instead.
  likely near /home/vagrant/.julia/v0.7/SpecialFunctions/deps/build.jl:6
WARNING: Base.Void is deprecated, use Nothing instead.
  likely near /home/vagrant/.julia/v0.7/SpecialFunctions/deps/build.jl:6
WARNING: Base.Void is deprecated, use Nothing instead.
  likely near /home/vagrant/.julia/v0.7/SpecialFunctions/deps/build.jl:6
WARNING: Base.Void is deprecated, use Nothing instead.
  likely near /home/vagrant/.julia/v0.7/SpecialFunctions/deps/build.jl:6
WARNING: importing deprecated binding Base.Associative into BinDeps.
WARNING: Base.Associative is deprecated, use AbstractDict instead.
  likely near /home/vagrant/.julia/v0.7/SpecialFunctions/deps/binaries.jl:44
in @install at /home/vagrant/.julia/v0.7/BinDeps/src/dependencies.jl
┌ Warning: `unshift!` is deprecated, use `pushfirst!` instead.
│   caller = #_find_library#48(::Any, ::Function, ::BinDeps.LibraryDependency) at dependencies.jl:652
└ @ BinDeps dependencies.jl:652
┌ Warning: `unshift!` is deprecated, use `pushfirst!` instead.
│   caller = #_find_library#48(::DataType, ::Function, ::BinDeps.LibraryDependency) at dependencies.jl:652
└ @ BinDeps dependencies.jl:652
[ Info: Building SCS @ Main none:10
┌ Warning: `is_apple` is deprecated, use `Sys.isapple` instead.
│   caller = top-level scope
└ @ Core :0
┌ Warning: `is_apple` is deprecated, use `Sys.isapple` instead.
│   caller = top-level scope
└ @ Core :0
┌ Warning: `is_apple` is deprecated, use `Sys.isapple` instead.
│   caller = top-level scope
└ @ Core :0
WARNING: importing deprecated binding Base.Associative into BinDeps.
WARNING: Base.Associative is deprecated, use AbstractDict instead.
  likely near /home/vagrant/.julia/v0.7/SCS/deps/build.jl:76
in @install at /home/vagrant/.julia/v0.7/BinDeps/src/dependencies.jl
┌ Warning: `info()` is deprecated, use `@info` instead.
│   caller = run(::BinDeps.DirectoryRule) at BinDeps.jl:492
└ @ BinDeps BinDeps.jl:492
INFO: Attempting to create directory /home/vagrant/.julia/v0.7/SCS/deps/downloads
┌ Warning: `info()` is deprecated, use `@info` instead.
│   caller = (::getfield(BinDeps, Symbol("##15#17")){BinDeps.FileDownloader})() at BinDeps.jl:358
└ @ BinDeps BinDeps.jl:358
INFO: Downloading file https://github.com/cvxgrp/scs/archive/v1.2.6.tar.gz
  % Total    % Received % Xferd  Average Speed   Time    Time     Time  Current
                                 Dload  Upload   Total   Spent    Left  Speed
  0     0    0     0    0     0      0      0 --:--:-- --:--:-- --:--:--     0100   118    0   118    0     0   1095      0 --:--:-- --:--:-- --:--:--  1102
  0     0    0  250k    0     0   573k      0 --:--:-- --:--:-- --:--:--  573k
┌ Warning: `info()` is deprecated, use `@info` instead.
│   caller = (::getfield(BinDeps, Symbol("##16#18")){BinDeps.FileDownloader})() at BinDeps.jl:358
└ @ BinDeps BinDeps.jl:358
INFO: Done downloading file https://github.com/cvxgrp/scs/archive/v1.2.6.tar.gz
INFO: Attempting to create directory /home/vagrant/.julia/v0.7/SCS/deps/src
INFO: Attempting to create directory /home/vagrant/.julia/v0.7/SCS/deps
┌ Warning: `info()` is deprecated, use `@info` instead.
│   caller = run(::BinDeps.DirectoryRule) at BinDeps.jl:499
└ @ BinDeps BinDeps.jl:499
INFO: Directory /home/vagrant/.julia/v0.7/SCS/deps already exists
INFO: Attempting to create directory /home/vagrant/.julia/v0.7/SCS/deps/usr/lib
┌ Warning: `info()` is deprecated, use `@info` instead.
│   caller = run(::BinDeps.SynchronousStepCollection) at BinDeps.jl:520
└ @ BinDeps BinDeps.jl:520
INFO: Changing directory to /home/vagrant/.julia/v0.7/SCS/deps/src/scs-1.2.6/
gcc -DCOPYAMATRIX -DDLONG -DLAPACK_LIB_FOUND -DCTRLC=1 -DBLAS64 -DBLASSUFFIX=_64_ -g -Wall -Wwrite-strings -pedantic -O3 -funroll-loops -Wstrict-prototypes -I. -Iinclude -fPIC  -DCTRLC=1  -DCOPYAMATRIX=1    -c -o src/scs.o src/scs.c
gcc -DCOPYAMATRIX -DDLONG -DLAPACK_LIB_FOUND -DCTRLC=1 -DBLAS64 -DBLASSUFFIX=_64_ -g -Wall -Wwrite-strings -pedantic -O3 -funroll-loops -Wstrict-prototypes -I. -Iinclude -fPIC  -DCTRLC=1  -DCOPYAMATRIX=1    -c -o src/util.o src/util.c
gcc -DCOPYAMATRIX -DDLONG -DLAPACK_LIB_FOUND -DCTRLC=1 -DBLAS64 -DBLASSUFFIX=_64_ -g -Wall -Wwrite-strings -pedantic -O3 -funroll-loops -Wstrict-prototypes -I. -Iinclude -fPIC  -DCTRLC=1  -DCOPYAMATRIX=1    -c -o src/cones.o src/cones.c
gcc -DCOPYAMATRIX -DDLONG -DLAPACK_LIB_FOUND -DCTRLC=1 -DBLAS64 -DBLASSUFFIX=_64_ -g -Wall -Wwrite-strings -pedantic -O3 -funroll-loops -Wstrict-prototypes -I. -Iinclude -fPIC  -DCTRLC=1  -DCOPYAMATRIX=1    -c -o src/cs.o src/cs.c
gcc -DCOPYAMATRIX -DDLONG -DLAPACK_LIB_FOUND -DCTRLC=1 -DBLAS64 -DBLASSUFFIX=_64_ -g -Wall -Wwrite-strings -pedantic -O3 -funroll-loops -Wstrict-prototypes -I. -Iinclude -fPIC  -DCTRLC=1  -DCOPYAMATRIX=1    -c -o src/linAlg.o src/linAlg.c
gcc -DCOPYAMATRIX -DDLONG -DLAPACK_LIB_FOUND -DCTRLC=1 -DBLAS64 -DBLASSUFFIX=_64_ -g -Wall -Wwrite-strings -pedantic -O3 -funroll-loops -Wstrict-prototypes -I. -Iinclude -fPIC  -DCTRLC=1  -DCOPYAMATRIX=1    -c -o src/ctrlc.o src/ctrlc.c
gcc -DCOPYAMATRIX -DDLONG -DLAPACK_LIB_FOUND -DCTRLC=1 -DBLAS64 -DBLASSUFFIX=_64_ -g -Wall -Wwrite-strings -pedantic -O3 -funroll-loops -Wstrict-prototypes -I. -Iinclude -fPIC  -DCTRLC=1  -DCOPYAMATRIX=1    -c -o src/scs_version.o src/scs_version.c
gcc -DCOPYAMATRIX -DDLONG -DLAPACK_LIB_FOUND -DCTRLC=1 -DBLAS64 -DBLASSUFFIX=_64_ -g -Wall -Wwrite-strings -pedantic -O3 -funroll-loops -Wstrict-prototypes -I. -Iinclude -fPIC  -DCTRLC=1  -DCOPYAMATRIX=1    -c -o linsys/direct/private.o linsys/direct/private.c
gcc -DCOPYAMATRIX -DDLONG -DLAPACK_LIB_FOUND -DCTRLC=1 -DBLAS64 -DBLASSUFFIX=_64_ -g -Wall -Wwrite-strings -pedantic -O3 -funroll-loops -Wstrict-prototypes -I. -Iinclude -fPIC  -DCTRLC=1  -DCOPYAMATRIX=1    -c -o linsys/direct/external/ldl.o linsys/direct/external/ldl.c
gcc -DCOPYAMATRIX -DDLONG -DLAPACK_LIB_FOUND -DCTRLC=1 -DBLAS64 -DBLASSUFFIX=_64_ -g -Wall -Wwrite-strings -pedantic -O3 -funroll-loops -Wstrict-prototypes -I. -Iinclude -fPIC  -DCTRLC=1  -DCOPYAMATRIX=1    -c -o linsys/direct/external/amd_1.o linsys/direct/external/amd_1.c
gcc -DCOPYAMATRIX -DDLONG -DLAPACK_LIB_FOUND -DCTRLC=1 -DBLAS64 -DBLASSUFFIX=_64_ -g -Wall -Wwrite-strings -pedantic -O3 -funroll-loops -Wstrict-prototypes -I. -Iinclude -fPIC  -DCTRLC=1  -DCOPYAMATRIX=1    -c -o linsys/direct/external/amd_2.o linsys/direct/external/amd_2.c
gcc -DCOPYAMATRIX -DDLONG -DLAPACK_LIB_FOUND -DCTRLC=1 -DBLAS64 -DBLASSUFFIX=_64_ -g -Wall -Wwrite-strings -pedantic -O3 -funroll-loops -Wstrict-prototypes -I. -Iinclude -fPIC  -DCTRLC=1  -DCOPYAMATRIX=1    -c -o linsys/direct/external/amd_aat.o linsys/direct/external/amd_aat.c
gcc -DCOPYAMATRIX -DDLONG -DLAPACK_LIB_FOUND -DCTRLC=1 -DBLAS64 -DBLASSUFFIX=_64_ -g -Wall -Wwrite-strings -pedantic -O3 -funroll-loops -Wstrict-prototypes -I. -Iinclude -fPIC  -DCTRLC=1  -DCOPYAMATRIX=1    -c -o linsys/direct/external/amd_control.o linsys/direct/external/amd_control.c
gcc -DCOPYAMATRIX -DDLONG -DLAPACK_LIB_FOUND -DCTRLC=1 -DBLAS64 -DBLASSUFFIX=_64_ -g -Wall -Wwrite-strings -pedantic -O3 -funroll-loops -Wstrict-prototypes -I. -Iinclude -fPIC  -DCTRLC=1  -DCOPYAMATRIX=1    -c -o linsys/direct/external/amd_defaults.o linsys/direct/external/amd_defaults.c
gcc -DCOPYAMATRIX -DDLONG -DLAPACK_LIB_FOUND -DCTRLC=1 -DBLAS64 -DBLASSUFFIX=_64_ -g -Wall -Wwrite-strings -pedantic -O3 -funroll-loops -Wstrict-prototypes -I. -Iinclude -fPIC  -DCTRLC=1  -DCOPYAMATRIX=1    -c -o linsys/direct/external/amd_dump.o linsys/direct/external/amd_dump.c
gcc -DCOPYAMATRIX -DDLONG -DLAPACK_LIB_FOUND -DCTRLC=1 -DBLAS64 -DBLASSUFFIX=_64_ -g -Wall -Wwrite-strings -pedantic -O3 -funroll-loops -Wstrict-prototypes -I. -Iinclude -fPIC  -DCTRLC=1  -DCOPYAMATRIX=1    -c -o linsys/direct/external/amd_global.o linsys/direct/external/amd_global.c
gcc -DCOPYAMATRIX -DDLONG -DLAPACK_LIB_FOUND -DCTRLC=1 -DBLAS64 -DBLASSUFFIX=_64_ -g -Wall -Wwrite-strings -pedantic -O3 -funroll-loops -Wstrict-prototypes -I. -Iinclude -fPIC  -DCTRLC=1  -DCOPYAMATRIX=1    -c -o linsys/direct/external/amd_info.o linsys/direct/external/amd_info.c
gcc -DCOPYAMATRIX -DDLONG -DLAPACK_LIB_FOUND -DCTRLC=1 -DBLAS64 -DBLASSUFFIX=_64_ -g -Wall -Wwrite-strings -pedantic -O3 -funroll-loops -Wstrict-prototypes -I. -Iinclude -fPIC  -DCTRLC=1  -DCOPYAMATRIX=1    -c -o linsys/direct/external/amd_order.o linsys/direct/external/amd_order.c
gcc -DCOPYAMATRIX -DDLONG -DLAPACK_LIB_FOUND -DCTRLC=1 -DBLAS64 -DBLASSUFFIX=_64_ -g -Wall -Wwrite-strings -pedantic -O3 -funroll-loops -Wstrict-prototypes -I. -Iinclude -fPIC  -DCTRLC=1  -DCOPYAMATRIX=1    -c -o linsys/direct/external/amd_postorder.o linsys/direct/external/amd_postorder.c
gcc -DCOPYAMATRIX -DDLONG -DLAPACK_LIB_FOUND -DCTRLC=1 -DBLAS64 -DBLASSUFFIX=_64_ -g -Wall -Wwrite-strings -pedantic -O3 -funroll-loops -Wstrict-prototypes -I. -Iinclude -fPIC  -DCTRLC=1  -DCOPYAMATRIX=1    -c -o linsys/direct/external/amd_post_tree.o linsys/direct/external/amd_post_tree.c
gcc -DCOPYAMATRIX -DDLONG -DLAPACK_LIB_FOUND -DCTRLC=1 -DBLAS64 -DBLASSUFFIX=_64_ -g -Wall -Wwrite-strings -pedantic -O3 -funroll-loops -Wstrict-prototypes -I. -Iinclude -fPIC  -DCTRLC=1  -DCOPYAMATRIX=1    -c -o linsys/direct/external/amd_preprocess.o linsys/direct/external/amd_preprocess.c
gcc -DCOPYAMATRIX -DDLONG -DLAPACK_LIB_FOUND -DCTRLC=1 -DBLAS64 -DBLASSUFFIX=_64_ -g -Wall -Wwrite-strings -pedantic -O3 -funroll-loops -Wstrict-prototypes -I. -Iinclude -fPIC  -DCTRLC=1  -DCOPYAMATRIX=1    -c -o linsys/direct/external/amd_valid.o linsys/direct/external/amd_valid.c
gcc -DCOPYAMATRIX -DDLONG -DLAPACK_LIB_FOUND -DCTRLC=1 -DBLAS64 -DBLASSUFFIX=_64_ -g -Wall -Wwrite-strings -pedantic -O3 -funroll-loops -Wstrict-prototypes -I. -Iinclude -fPIC  -DCTRLC=1  -DCOPYAMATRIX=1    -c -o linsys/common.o linsys/common.c
mkdir -p out
gcc -DCOPYAMATRIX -DDLONG -DLAPACK_LIB_FOUND -DCTRLC=1 -DBLAS64 -DBLASSUFFIX=_64_ -g -Wall -Wwrite-strings -pedantic -O3 -funroll-loops -Wstrict-prototypes -I. -Iinclude -fPIC  -DCTRLC=1  -DCOPYAMATRIX=1  -shared -Wl,-soname,libscsdir.so -o out/libscsdir.so src/scs.o src/util.o src/cones.o src/cs.o src/linAlg.o src/ctrlc.o src/scs_version.o linsys/direct/private.o linsys/direct/external/ldl.o linsys/direct/external/amd_1.o linsys/direct/external/amd_2.o linsys/direct/external/amd_aat.o linsys/direct/external/amd_control.o linsys/direct/external/amd_defaults.o linsys/direct/external/amd_dump.o linsys/direct/external/amd_global.o linsys/direct/external/amd_info.o linsys/direct/external/amd_order.o linsys/direct/external/amd_postorder.o linsys/direct/external/amd_post_tree.o linsys/direct/external/amd_preprocess.o linsys/direct/external/amd_valid.o linsys/common.o  -lm -lrt
INFO: Changing directory to /home/vagrant/.julia/v0.7/SCS/deps/src/scs-1.2.6/
[ Info: Package database updated @ Base.Pkg.Entry entry.jl:32
┌ Info: METADATA is out-of-date — you may not have the latest version of Mayday
│ Use `Pkg.update()` to get the latest versions of your packages
└ @ Base.Pkg.Entry entry.jl:74

>>> 'Pkg.test("Mayday")' log
Julia Version 0.7.0-DEV.3246
Commit 2138144d3a (2018-01-04 02:34 UTC)
Platform Info:
  OS: Linux (x86_64-pc-linux-gnu)
      Ubuntu 14.04.5 LTS
  uname: Linux 3.13.0-135-generic #184-Ubuntu SMP Wed Oct 18 11:55:51 UTC 2017 x86_64 x86_64
  CPU: Intel(R) Xeon(R) CPU E3-1241 v3 @ 3.50GHz: 
              speed         user         nice          sys         idle          irq
       #1  3507 MHz    1025420 s        103 s      57754 s     371694 s          6 s
       #2  3507 MHz     246900 s         62 s      27060 s    1388959 s          0 s
       
  Memory: 2.93927001953125 GB (755.62890625 MB free)
  Uptime: 16963.0 sec
  Load Avg:  1.15771484375  1.0458984375  0.98828125
  WORD_SIZE: 64
  BLAS: libopenblas (USE64BITINT DYNAMIC_ARCH NO_AFFINITY Nehalem)
  LAPACK: libopenblas64_
  LIBM: libopenlibm
  LLVM: libLLVM-3.9.1 (ORCJIT, haswell)
Environment:
  TERM = vt100
  LD_LIBRARY_PATH = :/usr/local/lib/
  PATH = /usr/local/sbin:/usr/local/bin:/usr/sbin:/usr/bin:/sbin:/bin:/usr/games:/usr/local/games:/home/vagrant/julia/bin/
  JAVA_HOME = /usr/lib/jvm/java-8-openjdk-amd64
  HOME = /home/vagrant
Packages:
  Package Directory: /home/vagrant/.julia/v0.7
  Package Status:
2 required packages:
 - JSON                          0.16.3
 - Mayday                        0.0.3
22 additional packages:
 - BinDeps                       0.8.2
 - Calculus                      0.2.2
 - Combinatorics                 0.5.0
 - CommonSubexpressions          0.0.1
 - Compat                        0.42.0
 - DataStructures                0.7.3
 - DiffResults                   0.0.2
 - DiffRules                     0.0.2
 - ForwardDiff                   0.7.0
 - IterTools                     0.2.0
 - JuMP                          0.18.0
 - MathProgBase                  0.7.0
 - MultiPoly                     0.1.0
 - NaNMath                       0.3.0
 - Nullables                     0.0.2
 - Polynomials                   0.1.6
 - ReverseDiffSparse             0.8.1
 - SCS                           0.3.3
 - SHA                           0.5.2
 - SpecialFunctions              0.3.6
 - StaticArrays                  0.6.6
 - URIParser                     0.3.0
[ Info: Testing Mayday @ Base.Pkg.Entry entry.jl:723
┌ Warning: Deprecated syntax `type` at /home/vagrant/.julia/v0.7/JuMP/src/JuMP.jl:63.
│ Use `mutable struct` instead.
└ @ nothing JuMP.jl:63
┌ Warning: Deprecated syntax `type` at /home/vagrant/.julia/v0.7/JuMP/src/JuMP.jl:140.
│ Use `mutable struct` instead.
└ @ nothing JuMP.jl:140
┌ Warning: Deprecated syntax `immutable` at /home/vagrant/.julia/v0.7/JuMP/src/JuMP.jl:337.
│ Use `struct` instead.
└ @ nothing JuMP.jl:337
┌ Warning: Deprecated syntax `type` at /home/vagrant/.julia/v0.7/JuMP/src/JuMP.jl:487.
│ Use `mutable struct` instead.
└ @ nothing JuMP.jl:487
┌ Warning: Deprecated syntax `immutable` at /home/vagrant/.julia/v0.7/JuMP/src/JuMP.jl:535.
│ Use `struct` instead.
└ @ nothing JuMP.jl:535
┌ Warning: Deprecated syntax `type` at /home/vagrant/.julia/v0.7/JuMP/src/JuMP.jl:542.
│ Use `mutable struct` instead.
└ @ nothing JuMP.jl:542
┌ Warning: Deprecated syntax `immutable` at /home/vagrant/.julia/v0.7/JuMP/src/JuMP.jl:568.
│ Use `struct` instead.
└ @ nothing JuMP.jl:568
┌ Warning: Deprecated syntax `immutable` at /home/vagrant/.julia/v0.7/JuMP/src/JuMP.jl:876.
│ Use `struct` instead.
└ @ nothing JuMP.jl:876
┌ Warning: Deprecated syntax `immutable` at /home/vagrant/.julia/v0.7/JuMP/src/JuMP.jl:881.
│ Use `struct` instead.
└ @ nothing JuMP.jl:881
┌ Warning: `importall` is deprecated, use `using` or individual `import` statements instead
│   caller = ip:0x0
└ @ Core :-1
WARNING: importing deprecated binding Operators.* into JuMP.
WARNING: importing deprecated binding Operators.|> into JuMP.
WARNING: importing deprecated binding Operators.=== into JuMP.
WARNING: importing deprecated binding Operators.// into JuMP.
WARNING: importing deprecated binding Operators.+ into JuMP.
WARNING: importing deprecated binding Operators.xor into JuMP.
WARNING: importing deprecated binding Operators.\ into JuMP.
WARNING: importing deprecated binding Operators.!= into JuMP.
WARNING: importing deprecated binding Operators.⊻ into JuMP.
WARNING: importing deprecated binding Operators.> into JuMP.
WARNING: importing deprecated binding Operators.! into JuMP.
WARNING: importing deprecated binding Operators.& into JuMP.
WARNING: importing deprecated binding Operators.- into JuMP.
WARNING: importing deprecated binding Operators.% into JuMP.
WARNING: importing deprecated binding Operators.≤ into JuMP.
WARNING: importing deprecated binding Operators.∛ into JuMP.
WARNING: importing deprecated binding Operators.√ into JuMP.
WARNING: importing deprecated binding Operators.⊆ into JuMP.
WARNING: importing deprecated binding Operators.| into JuMP.
WARNING: importing deprecated binding Operators.≠ into JuMP.
WARNING: importing deprecated binding Operators.∋ into JuMP.
WARNING: importing deprecated binding Operators.≥ into JuMP.
WARNING: importing deprecated binding Operators.∘ into JuMP.
WARNING: importing deprecated binding Operators.== into JuMP.
WARNING: importing deprecated binding Operators.getindex into JuMP.
WARNING: importing deprecated binding Operators.!== into JuMP.
WARNING: importing deprecated binding Operators.vcat into JuMP.
WARNING: importing deprecated binding Operators.colon into JuMP.
WARNING: importing deprecated binding Operators.>> into JuMP.
WARNING: importing deprecated binding Operators.× into JuMP.
WARNING: importing deprecated binding Operators.hvcat into JuMP.
WARNING: importing deprecated binding Operators.>: into JuMP.
WARNING: importing deprecated binding Operators.∪ into JuMP.
WARNING: importing deprecated binding Operators.⋅ into JuMP.
WARNING: importing deprecated binding Operators./ into JuMP.
WARNING: importing deprecated binding Operators.<: into JuMP.
WARNING: importing deprecated binding Operators.>= into JuMP.
WARNING: importing deprecated binding Operators.< into JuMP.
WARNING: importing deprecated binding Operators.∉ into JuMP.
WARNING: importing deprecated binding Operators.hcat into JuMP.
WARNING: importing deprecated binding Operators.>>> into JuMP.
WARNING: importing deprecated binding Operators.~ into JuMP.
WARNING: importing deprecated binding Operators.∩ into JuMP.
WARNING: importing deprecated binding Operators.setindex! into JuMP.
WARNING: importing deprecated binding Operators.<= into JuMP.
WARNING: importing deprecated binding Operators.^ into JuMP.
WARNING: importing deprecated binding Operators.⊊ into JuMP.
WARNING: importing deprecated binding Operators.∈ into JuMP.
WARNING: importing deprecated binding Operators.÷ into JuMP.
WARNING: importing deprecated binding Operators.⊈ into JuMP.
WARNING: importing deprecated binding Operators.<< into JuMP.
WARNING: importing deprecated binding Operators.∌ into JuMP.
WARNING: importing deprecated binding Operators.adjoint into JuMP.
WARNING: importing deprecated binding Operators.transpose into JuMP.
┌ Warning: Deprecated syntax `immutable` at /home/vagrant/.julia/v0.7/ForwardDiff/src/partials.jl:1.
│ Use `struct` instead.
└ @ nothing partials.jl:1
WARNING: importing deprecated binding Base.Void into ForwardDiff.
WARNING: Base.Void is deprecated, use Nothing instead.
  likely near /home/vagrant/.julia/v0.7/ForwardDiff/src/config.jl:21
┌ Warning: Deprecated syntax `parametric method syntax forward_eval{T}(storage::Vector{T}, partials_storage::Vector{T}, nd::Vector{NodeData}, adj, const_values, parameter_values, x_values::Vector{T}, subexpression_values, user_input_buffer = [], user_output_buffer = []; user_operators::UserOperatorRegistry = UserOperatorRegistry())` around /home/vagrant/.julia/v0.7/ReverseDiffSparse/src/forward.jl:15.
│ Use `forward_eval(storage::Vector{T}, partials_storage::Vector{T}, nd::Vector{NodeData}, adj, const_values, parameter_values, x_values::Vector{T}, subexpression_values, user_input_buffer = [], user_output_buffer = []; user_operators::UserOperatorRegistry = UserOperatorRegistry()) where T` instead.
└ @ nothing forward.jl:15
┌ Warning: Deprecated syntax `parametric method syntax forward_eval_ϵ{N, T}(storage::Vector{T}, storage_ϵ::DenseVector{ForwardDiff.Partials{N, T}}, partials_storage::Vector{T}, partials_storage_ϵ::DenseVector{ForwardDiff.Partials{N, T}}, nd::Vector{NodeData}, adj, x_values_ϵ, subexpression_values_ϵ; user_operators::UserOperatorRegistry = UserOperatorRegistry())` around /home/vagrant/.julia/v0.7/ReverseDiffSparse/src/forward.jl:212.
│ Use `forward_eval_ϵ(storage::Vector{T}, storage_ϵ::DenseVector{ForwardDiff.Partials{N, T}}, partials_storage::Vector{T}, partials_storage_ϵ::DenseVector{ForwardDiff.Partials{N, T}}, nd::Vector{NodeData}, adj, x_values_ϵ, subexpression_values_ϵ; user_operators::UserOperatorRegistry = UserOperatorRegistry()) where {N, T}` instead.
└ @ nothing forward.jl:212
┌ Warning: Deprecated syntax `parametric method syntax eval_univariate{T}(operator_id, x::T)` around /home/vagrant/.julia/v0.7/ReverseDiffSparse/src/forward.jl:364.
│ Use `eval_univariate(operator_id, x::T) where T` instead.
└ @ nothing forward.jl:364
┌ Warning: current_module() is deprecated, use `@__MODULE__` instead.
│   caller = simplify(::Expr) at symbolic.jl:96
└ @ Calculus symbolic.jl:96
┌ Warning: `Array{T, 1}(m::Int) where T` is deprecated, use `Array{T, 1}(uninitialized, m)` instead.
│   caller = differentiate(::Calculus.SymbolParameter{:*}, ::Array{Any,1}, ::Symbol) at differentiate.jl:82
└ @ Calculus differentiate.jl:82
┌ Warning: `Array{T, 1}(m::Int) where T` is deprecated, use `Array{T, 1}(uninitialized, m)` instead.
│   caller = differentiate(::Calculus.SymbolParameter{:*}, ::Array{Any,1}, ::Symbol) at differentiate.jl:84
└ @ Calculus differentiate.jl:84
ERROR: LoadError: LoadError: TypeError: in log, in ccall: first argument not a pointer or valid constant expression, expected Ptr, got Tuple{String,String}
Stacktrace:
 [1] log(::Float64) at /home/vagrant/.julia/v0.7/NaNMath/src/NaNMath.jl:7
 [2] log(::Int64) at /home/vagrant/.julia/v0.7/NaNMath/src/NaNMath.jl:9
 [3] top-level scope
 [4] eval at ./boot.jl:298 [inlined]
 [5] eval at /home/vagrant/.julia/v0.7/Calculus/src/Calculus.jl:3 [inlined]
 [6] simplify(::Expr) at /home/vagrant/.julia/v0.7/Calculus/src/symbolic.jl:96
 [7] next at ./generator.jl:47 [inlined]
 [8] collect_to!(::Array{Expr,1}, ::Base.Generator{Array{Any,1},typeof(Calculus.simplify)}, ::Int64, ::Int64) at ./array.jl:569
 [9] collect_to_with_first!(::Array{Expr,1}, ::Expr, ::Base.Generator{Array{Any,1},typeof(Calculus.simplify)}, ::Int64) at ./array.jl:556
 [10] _collect(::Array{Any,1}, ::Base.Generator{Array{Any,1},typeof(Calculus.simplify)}, ::Base.EltypeUnknown, ::Base.HasShape) at ./array.jl:550
 [11] collect_similar at ./array.jl:474 [inlined]
 [12] map at ./abstractarray.jl:1859 [inlined]
 [13] simplify(::Calculus.SymbolParameter{:/}, ::Array{Any,1}) at /home/vagrant/.julia/v0.7/Calculus/src/symbolic.jl:191
 [14] simplify(::Expr) at /home/vagrant/.julia/v0.7/Calculus/src/symbolic.jl:98
 [15] differentiate(::Expr, ::Symbol) at /home/vagrant/.julia/v0.7/Calculus/src/differentiate.jl:19
 [16] top-level scope at /home/vagrant/.julia/v0.7/ReverseDiffSparse/src/forward.jl:384
 [17] include at ./boot.jl:295 [inlined]
 [18] include_relative(::Module, ::String) at ./loading.jl:521
 [19] include at ./sysimg.jl:26 [inlined]
 [20] include(::String) at /home/vagrant/.julia/v0.7/ReverseDiffSparse/src/ReverseDiffSparse.jl:1
 [21] top-level scope
 [22] include at ./boot.jl:295 [inlined]
 [23] include_relative(::Module, ::String) at ./loading.jl:521
 [24] include(::Module, ::String) at ./sysimg.jl:26
 [25] top-level scope
 [26] eval at ./boot.jl:298 [inlined]
 [27] top-level scope at ./<missing>:2
in expression starting at /home/vagrant/.julia/v0.7/ReverseDiffSparse/src/forward.jl:384
in expression starting at /home/vagrant/.julia/v0.7/ReverseDiffSparse/src/ReverseDiffSparse.jl:22
ERROR: LoadError: Failed to precompile ReverseDiffSparse to /home/vagrant/.julia/lib/v0.7/ReverseDiffSparse.ji.
Stacktrace:
 [1] error at ./error.jl:33 [inlined]
 [2] compilecache(::String) at ./loading.jl:648
 [3] compilecache at ./loading.jl:605 [inlined]
 [4] _require(::Symbol) at ./loading.jl:440
 [5] require(::Symbol) at ./loading.jl:333
 [6] include at ./boot.jl:295 [inlined]
 [7] include_relative(::Module, ::String) at ./loading.jl:521
 [8] include(::Module, ::String) at ./sysimg.jl:26
 [9] top-level scope
 [10] eval at ./boot.jl:298 [inlined]
 [11] top-level scope at ./<missing>:2
in expression starting at /home/vagrant/.julia/v0.7/JuMP/src/JuMP.jl:21
ERROR: LoadError: Failed to precompile JuMP to /home/vagrant/.julia/lib/v0.7/JuMP.ji.
Stacktrace:
 [1] error at ./error.jl:33 [inlined]
 [2] compilecache(::String) at ./loading.jl:648
 [3] compilecache at ./loading.jl:605 [inlined]
 [4] _require(::Symbol) at ./loading.jl:440
 [5] require(::Symbol) at ./loading.jl:333
 [6] include at ./boot.jl:295 [inlined]
 [7] include_relative(::Module, ::String) at ./loading.jl:521
 [8] include(::Module, ::String) at ./sysimg.jl:26
 [9] top-level scope
 [10] eval at ./boot.jl:298 [inlined]
 [11] top-level scope at ./<missing>:2
in expression starting at /home/vagrant/.julia/v0.7/Mayday/src/Mayday.jl:4
ERROR: LoadError: Failed to precompile Mayday to /home/vagrant/.julia/lib/v0.7/Mayday.ji.
Stacktrace:
 [1] error at ./error.jl:33 [inlined]
 [2] compilecache(::String) at ./loading.jl:648
 [3] compilecache at ./loading.jl:605 [inlined]
 [4] _require(::Symbol) at ./loading.jl:460
 [5] require(::Symbol) at ./loading.jl:333
 [6] include at ./boot.jl:295 [inlined]
 [7] include_relative(::Module, ::String) at ./loading.jl:521
 [8] include(::Module, ::String) at ./sysimg.jl:26
 [9] process_options(::Base.JLOptions) at ./client.jl:323
 [10] _start() at ./client.jl:374
in expression starting at /home/vagrant/.julia/v0.7/Mayday/test/runtests.jl:1
┌ Error: ------------------------------------------------------------
│ # Testing failed for Mayday
│   exception = ErrorException("failed process: Process(`/home/vagrant/julia/bin/julia -Cnative -J/home/vagrant/julia/lib/julia/sys.so --compile=yes --depwarn=yes --code-coverage=none --color=no --compiled-modules=yes --check-bounds=yes --warn-overwrite=yes --startup-file=yes /home/vagrant/.julia/v0.7/Mayday/test/runtests.jl`, ProcessExited(1)) [1]")
└ @ Base.Pkg.Entry entry.jl:739
ERROR: Mayday had test errors

>>> End of log
