>>> 'Pkg.add("MbedTLS")' log
INFO: Installing BinDeps v0.3.18
INFO: Installing HttpCommon v0.2.4
INFO: Installing MbedTLS v0.1.4
INFO: Installing SHA v0.1.2
INFO: Installing URIParser v0.1.0
INFO: Building MbedTLS
INFO: Package database updated
INFO: METADATA is out-of-date — you may not have the latest version of MbedTLS
INFO: Use `Pkg.update()` to get the latest versions of your packages

>>> 'Pkg.test("MbedTLS")' log
Julia Version 0.4.0-rc3
Commit 483d548* (2015-09-27 20:34 UTC)
Platform Info:
  System: Linux (x86_64-unknown-linux-gnu)
  CPU: Intel(R) Xeon(R) CPU E3-1241 v3 @ 3.50GHz
  WORD_SIZE: 64
  BLAS: libopenblas (USE64BITINT DYNAMIC_ARCH NO_AFFINITY Nehalem)
  LAPACK: libopenblas
  LIBM: libopenlibm
  LLVM: libLLVM-3.3
INFO: Testing MbedTLS
INFO: Recompiling stale cache file /home/vagrant/.julia/lib/v0.4/MbedTLS.ji for module MbedTLS.
INFO: MbedTLS tests passed

>>> End of log
