>>> 'Pkg.add("MbedTLS")' log
INFO: Installing BinDeps v0.4.2
INFO: Installing MbedTLS v0.2.6
INFO: Installing SHA v0.2.0
INFO: Installing URIParser v0.1.6
INFO: Building MbedTLS
INFO: Package database updated

>>> 'Pkg.test("MbedTLS")' log
Julia Version 0.5.0-rc1+1
Commit acfd04c (2016-08-05 15:23 UTC)
Platform Info:
  System: Linux (x86_64-unknown-linux-gnu)
  CPU: Intel(R) Xeon(R) CPU E3-1241 v3 @ 3.50GHz
  WORD_SIZE: 64
           Ubuntu 14.04.5 LTS
  uname: Linux 3.13.0-92-generic #139-Ubuntu SMP Tue Jun 28 20:42:26 UTC 2016 x86_64 x86_64
Memory: 2.4471054077148438 GB (984.66015625 MB free)
Uptime: 3036.0 sec
Load Avg:  1.0166015625  1.0458984375  1.00537109375
Intel(R) Xeon(R) CPU E3-1241 v3 @ 3.50GHz: 
       speed         user         nice          sys         idle          irq
#1  3495 MHz     107463 s         98 s      16927 s     146030 s          7 s
#2  3495 MHz      36217 s         37 s       9573 s     248971 s          0 s

  BLAS: libopenblas (USE64BITINT DYNAMIC_ARCH NO_AFFINITY Nehalem)
  LAPACK: libopenblas64_
  LIBM: libopenlibm
  LLVM: libLLVM-3.7.1 (ORCJIT, haswell)
Environment:
  TERM = vt100
  LD_LIBRARY_PATH = :/usr/local/lib/
  PATH = /usr/local/sbin:/usr/local/bin:/usr/sbin:/usr/bin:/sbin:/bin:/usr/games:/usr/local/games:/home/vagrant/julia/bin/
  JAVA_HOME = /usr/lib/jvm/java-7-oracle
  HOME = /home/vagrant

Package Directory: /home/vagrant/.julia/v0.5
2 required packages:
 - JSON                          0.6.0
 - MbedTLS                       0.2.6
4 additional packages:
 - BinDeps                       0.4.2
 - Compat                        0.8.6
 - SHA                           0.2.0
 - URIParser                     0.1.6
INFO: Testing MbedTLS
WARNING: String(p::Union{Ptr{Int8},Ptr{UInt8}}) is deprecated, use unsafe_string(p) instead.
 in depwarn(::String, ::Symbol) at ./deprecated.jl:64
 in String(::Ptr{Int8}) at ./deprecated.jl:50
 in alpn_proto(::MbedTLS.SSLContext) at /home/vagrant/.julia/v0.5/MbedTLS/src/ssl.jl:148
 in include_from_node1(::String) at ./loading.jl:426
 in process_options(::Base.JLOptions) at ./client.jl:262
 in _start() at ./client.jl:318
while loading /home/vagrant/.julia/v0.5/MbedTLS/test/runtests.jl, in expression starting on line 107
INFO: MbedTLS tests passed

>>> End of log
