>>> 'Pkg.add("MDPs")' log
INFO: Cloning cache of MDPs from git://github.com/sawcordwell/MDPs.jl.git
INFO: Installing Docile v0.3.2
INFO: Installing MDPs v0.0.1
INFO: Package database updated

>>> 'using MDPs' log
Julia Version 0.3.4
Commit 3392026* (2014-12-26 10:42 UTC)
Platform Info:
  System: Linux (x86_64-unknown-linux-gnu)
  CPU: Intel(R) Xeon(R) CPU E5-2650 0 @ 2.00GHz
  WORD_SIZE: 64
  BLAS: libopenblas (USE64BITINT DYNAMIC_ARCH NO_AFFINITY Sandybridge)
  LAPACK: libopenblas
  LIBM: libopenlibm
  LLVM: libLLVM-3.3

>>> test log
INFO: Testing MDPs
INFO: MDPs tests passed
INFO: No packages to install, update or remove

>>> end of log
