>>> 'Pkg.add("MelGeneralizedCepstrums")' log
INFO: Cloning cache of MelGeneralizedCepstrums from https://github.com/r9y9/MelGeneralizedCepstrums.jl.git
INFO: Cloning cache of SPTK from https://github.com/r9y9/SPTK.jl.git
INFO: Installing BinDeps v0.4.5
INFO: Installing MelGeneralizedCepstrums v0.0.4
INFO: Installing SHA v0.2.1
INFO: Installing SPTK v0.1.2
INFO: Installing URIParser v0.1.6
INFO: Building SPTK
WARNING: Base.WORD_SIZE is deprecated.
  likely near /home/vagrant/.julia/v0.6/SPTK/deps/build.jl:11
WARNING: Base.WORD_SIZE is deprecated.
  likely near /home/vagrant/.julia/v0.6/SPTK/deps/build.jl:13
INFO: Attempting to Create directory /home/vagrant/.julia/v0.6/SPTK/deps/downloads
INFO: Downloading file https://github.com/r9y9/SPTK/archive/v3.8.9.tar.gz
  % Total    % Received % Xferd  Average Speed   Time    Time     Time  Current
                                 Dload  Upload   Total   Spent    Left  Speed
  0     0    0     0    0     0      0      0 --:--:-- --:--:-- --:--:--     0  0     0    0     0    0     0      0      0 --:--:-- --:--:-- --:--:--     0  0     0    0     0    0     0      0      0 --:--:-- --:--:-- --:--:--     0
curl: (60) SSL certificate problem: unable to get local issuer certificate
More details here: http://curl.haxx.se/docs/sslcerts.html

curl performs SSL certificate verification by default, using a "bundle"
 of Certificate Authority (CA) public keys (CA certs). If the default
 bundle file isn't adequate, you can specify an alternate file
 using the --cacert option.
If this HTTPS server uses a certificate signed by a CA represented in
 the bundle, the certificate verification probably failed due to a
 problem with the certificate (it might be expired, or the name might
 not match the domain name in the URL).
If you'd like to turn off curl's verification of the certificate, use
 the -k (or --insecure) option.
================================[ ERROR: SPTK ]=================================

LoadError: failed process: Process(`curl -f -o /home/vagrant/.julia/v0.6/SPTK/deps/downloads/v3.8.9.tar.gz -L https://github.com/r9y9/SPTK/archive/v3.8.9.tar.gz`, ProcessExited(60)) [60]
while loading /home/vagrant/.julia/v0.6/SPTK/deps/build.jl, in expression starting on line 36

================================================================================

================================[ BUILD ERRORS ]================================

WARNING: SPTK had build errors.

 - packages with build errors remain installed in /home/vagrant/.julia/v0.6
 - build the package(s) and all dependencies with `Pkg.build("SPTK")`
 - build a single package by running its `deps/build.jl` script

================================================================================
INFO: Package database updated

>>> 'Pkg.test("MelGeneralizedCepstrums")' log
Julia Version 0.6.0-dev.994
Commit 1ea0de1 (2016-10-17 12:32 UTC)
Platform Info:
  OS: Linux (x86_64-pc-linux-gnu)
  CPU: Intel(R) Xeon(R) CPU E3-1241 v3 @ 3.50GHz
  WORD_SIZE: 64
           Ubuntu 14.04.5 LTS
  uname: Linux 3.13.0-98-generic #145-Ubuntu SMP Sat Oct 8 20:13:07 UTC 2016 x86_64 x86_64
Memory: 2.939289093017578 GB (937.015625 MB free)
Uptime: 3455.0 sec
Load Avg:  0.9296875  0.70751953125  0.611328125
Intel(R) Xeon(R) CPU E3-1241 v3 @ 3.50GHz: 
       speed         user         nice          sys         idle          irq
#1  3499 MHz      79617 s         71 s      16505 s     235670 s          4 s
#2  3499 MHz      27140 s         77 s       7484 s     306111 s          0 s

  BLAS: libopenblas (USE64BITINT DYNAMIC_ARCH NO_AFFINITY Nehalem)
  LAPACK: libopenblas64_
  LIBM: libopenlibm
  LLVM: libLLVM-3.7.1 (ORCJIT, haswell)
Environment:
  TERM = vt100
  LD_LIBRARY_PATH = :/usr/local/lib/
  PATH = /usr/local/sbin:/usr/local/bin:/usr/sbin:/usr/bin:/sbin:/bin:/usr/games:/usr/local/games:/home/vagrant/julia/bin/
  JAVA_HOME = /usr/lib/jvm/java-7-oracle
  HOME = /home/vagrant

Package Directory: /home/vagrant/.julia/v0.6
2 required packages:
 - JSON                          0.8.0
 - MelGeneralizedCepstrums       0.0.4
5 additional packages:
 - BinDeps                       0.4.5
 - Compat                        0.9.2
 - SHA                           0.2.1
 - SPTK                          0.1.2
 - URIParser                     0.1.6
INFO: Testing MelGeneralizedCepstrums
ERROR: LoadError: SPTK not properly installed. Please run Pkg.build("SPTK")
 in error(::String) at ./error.jl:21
 in include_from_node1(::String) at ./loading.jl:532
 in include(::String) at ./sysimg.jl:14
 in anonymous at ./<missing>:2
 in eval(::Module, ::Any) at ./boot.jl:238
 in process_options(::Base.JLOptions) at ./client.jl:248
 in _start() at ./client.jl:335
while loading /home/vagrant/.julia/v0.6/SPTK/src/SPTK.jl, in expression starting on line 43
ERROR: LoadError: LoadError: Failed to precompile SPTK to /home/vagrant/.julia/lib/v0.6/SPTK.ji.
 in compilecache(::String) at ./loading.jl:672
 in require(::Symbol) at ./loading.jl:424
 in include_from_node1(::String) at ./loading.jl:532
 in include(::String) at ./sysimg.jl:14
 in macro expansion; at /home/vagrant/.julia/v0.6/MelGeneralizedCepstrums/src/MelGeneralizedCepstrums.jl:106 [inlined]
 in anonymous at ./<missing>:?
 in include_from_node1(::String) at ./loading.jl:532
 in include(::String) at ./sysimg.jl:14
 in anonymous at ./<missing>:2
 in eval(::Module, ::Any) at ./boot.jl:238
 in process_options(::Base.JLOptions) at ./client.jl:248
 in _start() at ./client.jl:335
while loading /home/vagrant/.julia/v0.6/MelGeneralizedCepstrums/src/common.jl, in expression starting on line 3
while loading /home/vagrant/.julia/v0.6/MelGeneralizedCepstrums/src/MelGeneralizedCepstrums.jl, in expression starting on line 80
ERROR: LoadError: Failed to precompile MelGeneralizedCepstrums to /home/vagrant/.julia/lib/v0.6/MelGeneralizedCepstrums.ji.
 in compilecache(::String) at ./loading.jl:672
 in require(::Symbol) at ./loading.jl:453
 in include_from_node1(::String) at ./loading.jl:532
 in include(::String) at ./sysimg.jl:14
 in process_options(::Base.JLOptions) at ./client.jl:271
 in _start() at ./client.jl:335
while loading /home/vagrant/.julia/v0.6/MelGeneralizedCepstrums/test/runtests.jl, in expression starting on line 1
=======================[ ERROR: MelGeneralizedCepstrums ]=======================

failed process: Process(`/home/vagrant/julia/bin/julia -Cx86-64 -J/home/vagrant/julia/lib/julia/sys.so --compile=yes --depwarn=yes --check-bounds=yes --code-coverage=none --color=no --compilecache=yes /home/vagrant/.julia/v0.6/MelGeneralizedCepstrums/test/runtests.jl`, ProcessExited(1)) [1]

================================================================================
ERROR: MelGeneralizedCepstrums had test errors
 in #test#61(::Bool, ::Function, ::Array{AbstractString,1}) at ./pkg/entry.jl:749
 in (::Base.Pkg.Entry.#kw##test)(::Array{Any,1}, ::Base.Pkg.Entry.#test, ::Array{AbstractString,1}) at ./<missing>:0
 in (::Base.Pkg.Dir.##2#3{Array{Any,1},Base.Pkg.Entry.#test,Tuple{Array{AbstractString,1}}})() at ./pkg/dir.jl:31
 in cd(::Base.Pkg.Dir.##2#3{Array{Any,1},Base.Pkg.Entry.#test,Tuple{Array{AbstractString,1}}}, ::String) at ./file.jl:69
 in #cd#1(::Array{Any,1}, ::Function, ::Function, ::Array{AbstractString,1}, ::Vararg{Array{AbstractString,1},N}) at ./pkg/dir.jl:31
 in (::Base.Pkg.Dir.#kw##cd)(::Array{Any,1}, ::Base.Pkg.Dir.#cd, ::Function, ::Array{AbstractString,1}, ::Vararg{Array{AbstractString,1},N}) at ./<missing>:0
 in #test#3(::Bool, ::Function, ::String, ::Vararg{String,N}) at ./pkg/pkg.jl:258
 in test(::String, ::Vararg{String,N}) at ./pkg/pkg.jl:258
 in eval(::Module, ::Any) at ./boot.jl:238
 in process_options(::Base.JLOptions) at ./client.jl:248
 in _start() at ./client.jl:335

>>> End of log
