>>> 'Pkg.add("Memoize")' log
INFO: Installing Memoize v0.0.0
INFO: Package database updated
INFO: METADATA is out-of-date a you may not have the latest version of Memoize
INFO: Use `Pkg.update()` to get the latest versions of your packages

>>> 'using Memoize' log

WARNING: deprecated syntax "{}" at /home/idunning/pkgtest/.julia/v0.4/Memoize/src/Memoize.jl:24.
Use "[]" instead.
Julia Version 0.4.0-dev+2077
Commit 5a9b31ad (2014-12-12 04:00 UTC)
Platform Info:
  System: Linux (x86_64-unknown-linux-gnu)
  CPU: Intel(R) Xeon(R) CPU E5-2650 0 @ 2.00GHz
  WORD_SIZE: 64
  BLAS: libopenblas (USE64BITINT DYNAMIC_ARCH NO_AFFINITY Sandybridge)
  LAPACK: libopenblas
  LIBM: libopenlibm
  LLVM: libLLVM-3.3

>>> test log

WARNING: deprecated syntax "{}" at /home/idunning/pkgtest/.julia/v0.4/Memoize/src/Memoize.jl:24.
Use "[]" instead.

WARNING: deprecated syntax "{}" at /home/idunning/pkgtest/.julia/v0.4/Memoize/test/test.jl:154.
Use "[]" instead.

WARNING: deprecated syntax "{}" at /home/idunning/pkgtest/.julia/v0.4/Memoize/test/test.jl:156.
Use "[]" instead.

WARNING: deprecated syntax "{a,b, ...}" at /home/idunning/pkgtest/.julia/v0.4/Memoize/test/test.jl:158.
Use "Any[a,b, ...]" instead.

WARNING: deprecated syntax "{a,b, ...}" at /home/idunning/pkgtest/.julia/v0.4/Memoize/test/test.jl:160.
Use "Any[a,b, ...]" instead.

WARNING: deprecated syntax "{a,b, ...}" at /home/idunning/pkgtest/.julia/v0.4/Memoize/test/test.jl:162.
Use "Any[a,b, ...]" instead.

WARNING: deprecated syntax "{a,b, ...}" at /home/idunning/pkgtest/.julia/v0.4/Memoize/test/test.jl:164.
Use "Any[a,b, ...]" instead.

>>> end of log
