>>> 'Pkg.add("Meshes")' log
INFO: Cloning cache of GeometryTypes from git://github.com/JuliaGeometry/GeometryTypes.jl.git
INFO: Cloning cache of MeshIO from git://github.com/JuliaIO/MeshIO.jl.git
INFO: Cloning cache of Meshes from git://github.com/JuliaGeometry/Meshes.jl.git
INFO: Cloning cache of Meshing from git://github.com/JuliaGeometry/Meshing.jl.git
INFO: Installing ColorTypes v0.2.6
INFO: Installing FileIO v0.1.2
INFO: Installing FixedPointNumbers v0.1.4
INFO: Installing FixedSizeArrays v0.2.3
INFO: Installing GeometryTypes v0.1.6
INFO: Installing MeshIO v0.0.5
INFO: Installing Meshes v0.2.0
INFO: Installing Meshing v0.0.3
INFO: Package database updated
INFO: METADATA is out-of-date — you may not have the latest version of Meshes
INFO: Use `Pkg.update()` to get the latest versions of your packages

>>> 'Pkg.test("Meshes")' log
Julia Version 0.4.6
Commit 2e358ce (2016-06-19 17:16 UTC)
Platform Info:
  System: Linux (x86_64-unknown-linux-gnu)
  CPU: Intel(R) Xeon(R) CPU E3-1241 v3 @ 3.50GHz
  WORD_SIZE: 64
           Ubuntu 14.04.5 LTS
  uname: Linux 3.13.0-95-generic #142-Ubuntu SMP Fri Aug 12 17:00:09 UTC 2016 x86_64 x86_64
Memory: 2.4471054077148438 GB (835.63671875 MB free)
Uptime: 3539.0 sec
Load Avg:  0.92431640625  0.97119140625  0.97705078125
Intel(R) Xeon(R) CPU E3-1241 v3 @ 3.50GHz: 
       speed         user         nice          sys         idle          irq
#1  3503 MHz     129758 s         81 s      16004 s     169778 s          4 s
#2  3503 MHz      88644 s         68 s      14185 s     235673 s          0 s

  BLAS: libopenblas (USE64BITINT DYNAMIC_ARCH NO_AFFINITY Nehalem)
  LAPACK: libopenblas64_
  LIBM: libopenlibm
  LLVM: libLLVM-3.3
Environment:
  TERM = vt100
  LD_LIBRARY_PATH = :/usr/local/lib/
  PATH = /usr/local/sbin:/usr/local/bin:/usr/sbin:/usr/bin:/sbin:/bin:/usr/games:/usr/local/games:/home/vagrant/julia/bin/
  JAVA_HOME = /usr/lib/jvm/java-7-oracle
  HOME = /home/vagrant

Package Directory: /home/vagrant/.julia/v0.4
2 required packages:
 - JSON                          0.7.0
 - Meshes                        0.2.0
8 additional packages:
 - ColorTypes                    0.2.6
 - Compat                        0.8.8
 - FileIO                        0.1.2
 - FixedPointNumbers             0.1.4
 - FixedSizeArrays               0.2.3
 - GeometryTypes                 0.1.6
 - MeshIO                        0.0.5
 - Meshing                       0.0.3
INFO: Computing test dependencies for Meshes...
INFO: Cloning cache of Lint from git://github.com/tonyhffong/Lint.jl.git
INFO: Installing Lint v0.2.4
INFO: Testing Meshes
INFO: Recompiling stale cache file /home/vagrant/.julia/lib/v0.4/ColorTypes.ji for module ColorTypes.
INFO: Recompiling stale cache file /home/vagrant/.julia/lib/v0.4/FixedPointNumbers.ji for module FixedPointNumbers.
INFO: Meshes tests passed
INFO: Removing Lint v0.2.4

>>> End of log
