>>> 'Pkg.add("Metalhead")' log
INFO: Cloning cache of Adapt from https://github.com/MikeInnes/Adapt.jl.git
INFO: Cloning cache of BSON from https://github.com/MikeInnes/BSON.jl.git
INFO: Cloning cache of DataFlow from https://github.com/MikeInnes/DataFlow.jl.git
INFO: Cloning cache of Flux from https://github.com/FluxML/Flux.jl.git
INFO: Cloning cache of Metalhead from https://github.com/FluxML/Metalhead.jl.git
INFO: Cloning cache of NNlib from https://github.com/FluxML/NNlib.jl.git
INFO: Installing AbstractFFTs v0.3.1
INFO: Installing AbstractTrees v0.1.0
INFO: Installing Adapt v0.2.0
INFO: Installing AxisAlgorithms v0.2.0
INFO: Installing AxisArrays v0.2.1
INFO: Installing BSON v0.1.3
INFO: Installing Calculus v0.3.0
INFO: Installing CatIndices v0.1.0
INFO: Installing ColorVectorSpace v0.5.2
INFO: Installing CommonSubexpressions v0.1.0
INFO: Installing ComputationalResources v0.2.0
INFO: Installing CoordinateTransformations v0.4.1
INFO: Installing CustomUnitRanges v0.1.0
INFO: Installing DataFlow v0.3.1
INFO: Installing DataStructures v0.8.1
INFO: Installing DiffResults v0.0.3
INFO: Installing DiffRules v0.0.4
INFO: Installing Distances v0.6.0
INFO: Installing DualNumbers v0.3.0
INFO: Installing FFTViews v0.1.0
INFO: Installing FFTW v0.0.4
INFO: Installing FileIO v0.7.0
INFO: Installing Flux v0.5.1
INFO: Installing ForwardDiff v0.7.5
INFO: Installing GZip v0.3.0
INFO: Installing IdentityRanges v0.1.0
INFO: Installing ImageAxes v0.4.0
INFO: Installing ImageCore v0.5.0
INFO: Installing ImageDistances v0.0.2
INFO: Installing ImageFiltering v0.3.0
INFO: Installing ImageMetadata v0.4.0
INFO: Installing ImageMorphology v0.0.2
INFO: Installing ImageTransformations v0.4.1
INFO: Installing Images v0.13.0
INFO: Installing IndirectArrays v0.4.2
INFO: Installing Interpolations v0.7.3
INFO: Installing IntervalSets v0.2.0
INFO: Installing IterTools v0.2.1
INFO: Installing Juno v0.4.0
INFO: Installing Lazy v0.12.0
INFO: Installing MacroTools v0.4.0
INFO: Installing MappedArrays v0.0.7
INFO: Installing Media v0.3.0
INFO: Installing Metalhead v0.1.1
INFO: Installing Missings v0.2.9
INFO: Installing NNlib v0.3.0
INFO: Installing OffsetArrays v0.5.0
INFO: Installing PaddedViews v0.3.0
INFO: Installing ProgressMeter v0.5.5
INFO: Installing RangeArrays v0.2.0
INFO: Installing Ratios v0.2.0
INFO: Installing Rotations v0.6.1
INFO: Installing SIUnits v0.1.0
INFO: Installing ShowItLikeYouBuildIt v0.2.0
INFO: Installing SimpleTraits v0.6.0
INFO: Installing SortingAlgorithms v0.2.1
INFO: Installing SpecialFunctions v0.4.0
INFO: Installing StaticArrays v0.7.0
INFO: Installing StatsBase v0.21.0
INFO: Installing TexExtensions v0.1.0
INFO: Installing TiledIteration v0.1.0
INFO: Installing WoodburyMatrices v0.2.2
INFO: Installing ZipFile v0.5.0
INFO: Building SpecialFunctions
INFO: Building FFTW
INFO: Package database updated
INFO: METADATA is out-of-date — you may not have the latest version of Metalhead
INFO: Use `Pkg.update()` to get the latest versions of your packages

>>> 'Pkg.test("Metalhead")' log
Julia Version 0.6.2
Commit d386e40c17 (2017-12-13 18:08 UTC)
Platform Info:
  OS: Linux (x86_64-pc-linux-gnu)
  CPU: Intel(R) Xeon(R) CPU E3-1241 v3 @ 3.50GHz
  WORD_SIZE: 64
           Ubuntu 14.04.5 LTS
  uname: Linux 3.13.0-143-generic #192-Ubuntu SMP Tue Feb 27 10:45:36 UTC 2018 x86_64 x86_64
Memory: 2.939197540283203 GB (914.01953125 MB free)
Uptime: 75221.0 sec
Load Avg:  1.0029296875  0.966796875  0.7392578125
Intel(R) Xeon(R) CPU E3-1241 v3 @ 3.50GHz: 
       speed         user         nice          sys         idle          irq
#1  3500 MHz    4545118 s       1323 s     290729 s    1620094 s         65 s
#2  3500 MHz    1136595 s       5578 s     122142 s    6104795 s          0 s

  BLAS: libopenblas (USE64BITINT DYNAMIC_ARCH NO_AFFINITY Nehalem)
  LAPACK: libopenblas64_
  LIBM: libopenlibm
  LLVM: libLLVM-3.9.1 (ORCJIT, haswell)
Environment:
  TERM = vt100
  LD_LIBRARY_PATH = :/usr/local/lib/
  PATH = /usr/local/sbin:/usr/local/bin:/usr/sbin:/usr/bin:/sbin:/bin:/usr/games:/usr/local/games:/home/vagrant/julia/bin/
  JAVA_HOME = /usr/lib/jvm/java-8-openjdk-amd64
  HOME = /home/vagrant

Package Directory: /home/vagrant/.julia/v0.6
2 required packages:
 - JSON                          0.17.2
 - Metalhead                     0.1.1
79 additional packages:
 - AbstractFFTs                  0.3.1
 - AbstractTrees                 0.1.0
 - Adapt                         0.2.0
 - AxisAlgorithms                0.2.0
 - AxisArrays                    0.2.1
 - BSON                          0.1.3
 - BinDeps                       0.8.8
 - Cairo                         0.5.1
 - Calculus                      0.3.0
 - CatIndices                    0.1.0
 - ColorTypes                    0.6.7
 - ColorVectorSpace              0.5.2
 - Colors                        0.8.2
 - CommonSubexpressions          0.1.0
 - Compat                        0.64.0
 - ComputationalResources        0.2.0
 - CoordinateTransformations     0.4.1
 - CustomUnitRanges              0.1.0
 - DataFlow                      0.3.1
 - DataStructures                0.8.1
 - DiffResults                   0.0.3
 - DiffRules                     0.0.4
 - Distances                     0.6.0
 - DualNumbers                   0.3.0
 - FFTViews                      0.1.0
 - FFTW                          0.0.4
 - FileIO                        0.7.0
 - FixedPointNumbers             0.4.6
 - Flux                          0.5.1
 - ForwardDiff                   0.7.5
 - GZip                          0.3.0
 - Graphics                      0.3.0
 - Gtk                           0.13.1
 - IdentityRanges                0.1.0
 - ImageAxes                     0.4.0
 - ImageCore                     0.5.0
 - ImageDistances                0.0.2
 - ImageFiltering                0.3.0
 - ImageMetadata                 0.4.0
 - ImageMorphology               0.0.2
 - ImageTransformations          0.4.1
 - Images                        0.13.0
 - IndirectArrays                0.4.2
 - Interpolations                0.7.3
 - IntervalSets                  0.2.0
 - IterTools                     0.2.1
 - Juno                          0.4.0
 - Lazy                          0.12.0
 - MacroTools                    0.4.0
 - MappedArrays                  0.0.7
 - Media                         0.3.0
 - Missings                      0.2.9
 - NNlib                         0.3.0
 - NaNMath                       0.3.1
 - NodeJS                        0.4.0
 - Nullables                     0.0.5
 - OffsetArrays                  0.5.0
 - PaddedViews                   0.3.0
 - ProgressMeter                 0.5.5
 - RangeArrays                   0.2.0
 - Ratios                        0.2.0
 - Reexport                      0.1.0
 - Requires                      0.4.3
 - Rotations                     0.6.1
 - Rsvg                          0.2.0
 - SHA                           0.5.7
 - SIUnits                       0.1.0
 - ShowItLikeYouBuildIt          0.2.0
 - SimpleTraits                  0.6.0
 - SortingAlgorithms             0.2.1
 - SpecialFunctions              0.4.0
 - StaticArrays                  0.7.0
 - StatsBase                     0.21.0
 - TexExtensions                 0.1.0
 - TiledIteration                0.1.0
 - URIParser                     0.3.1
 - VegaLite                      0.1.0              ecb31725 (dirty)
 - WoodburyMatrices              0.2.2
 - ZipFile                       0.5.0
INFO: Testing Metalhead
  % Total    % Received % Xferd  Average Speed   Time    Time     Time  Current
                                 Dload  Upload   Total   Spent    Left  Speed
  0     0    0     0    0     0      0      0 --:--:-- --:--:-- --:--:--     0100   601    0   601    0     0   4510      0 --:--:-- --:--:-- --:--:--  4518
  1  548M    1 7931k    0     0  4505k      0  0:02:04  0:00:01  0:02:03 4505k  2  548M    2 11.6M    0     0  6282k      0  0:01:29  0:00:01  0:01:28 27.6M  7  548M    7 42.7M    0     0  14.7M      0  0:00:37  0:00:02  0:00:35 30.7M 14  548M   14 80.6M    0     0  20.6M      0  0:00:26  0:00:03  0:00:23 34.0M 21  548M   21  115M    0     0  23.5M      0  0:00:23  0:00:04  0:00:19 34.2M 28  548M   28  154M    0     0  26.2M      0  0:00:20  0:00:05  0:00:15 35.5M 34  548M   34  190M    0     0  27.6M      0  0:00:19  0:00:06  0:00:13 35.8M 41  548M   41  228M    0     0  28.9M      0  0:00:18  0:00:07  0:00:11 37.1M 48  548M   48  264M    0     0  29.6M      0  0:00:18  0:00:08  0:00:10 36.6M 56  548M   56  306M    0     0  31.0M      0  0:00:17  0:00:09  0:00:08 38.3M 64  548M   64  352M    0     0  32.3M      0  0:00:16  0:00:10  0:00:06 39.5M 72  548M   72  396M    0     0  33.3M      0  0:00:16  0:00:11  0:00:05 41.2M 79  548M   79  436M    0     0  33.8M      0  0:00:16  0:00:12  0:00:04 41.6M 86  548M   86  472M    0     0  34.0M      0  0:00:16  0:00:13  0:00:03 41.7M 92  548M   92  505M    0     0  33.9M      0  0:00:16  0:00:14  0:00:02 39.7M 98  548M   98  540M    0     0  34.0M      0  0:00:16  0:00:15  0:00:01 37.6M100  548M  100  548M    0     0  34.0M      0  0:00:16  0:00:16 --:--:-- 36.1M
INFO: Metalhead tests passed

>>> End of log
