>>> 'Pkg.add("MetaGraphs")' log
WARNING: Base.Pkg is deprecated, run `using Pkg` instead
 in module Main
[ Info: Installing BufferedStreams v0.3.3
[ Info: Installing CodecZlib v0.4.2
[ Info: Installing DataStructures v0.7.4
[ Info: Installing FileIO v0.7.0
[ Info: Installing JLD2 v0.0.5
[ Info: Installing Libz v0.2.4
[ Info: Installing LightGraphs v0.12.0
[ Info: Installing MacroTools v0.4.0
[ Info: Installing MetaGraphs v0.4.0
[ Info: Installing SimpleTraits v0.7.1
[ Info: Installing TranscodingStreams v0.4.1
[ Info: Package database updated
┌ Info: METADATA is out-of-date — you may not have the latest version of MetaGraphs
└ Use `Pkg.update()` to get the latest versions of your packages

>>> 'Pkg.test("MetaGraphs")' log
WARNING: Base.versioninfo is deprecated: it has been moved to the standard library package `InteractiveUtils`.
Add `using InteractiveUtils` to your imports.
 in module Main
WARNING: Base.versioninfo is deprecated: it has been moved to the standard library package `InteractiveUtils`.
Add `using InteractiveUtils` to your imports.
 in module Main
Julia Version 0.7.0-DEV.4419
Commit 23453713d4 (2018-02-28 05:04 UTC)
Platform Info:
  OS: Linux (x86_64-pc-linux-gnu)
      Ubuntu 14.04.5 LTS
  uname: Linux 3.13.0-135-generic #184-Ubuntu SMP Wed Oct 18 11:55:51 UTC 2017 x86_64 x86_64
  CPU: Intel(R) Xeon(R) CPU E3-1241 v3 @ 3.50GHz: 
              speed         user         nice          sys         idle          irq
       #1  3507 MHz    3247993 s         84 s     188241 s     979765 s        100 s
       #2  3507 MHz     815908 s       6479 s     106212 s    4155029 s          0 s
       
  Memory: 2.93927001953125 GB (805.109375 MB free)
  Uptime: 51855.0 sec
  Load Avg:  1.0029296875  0.994140625  0.9814453125
  WORD_SIZE: 64
  LIBM: libopenlibm
  LLVM: libLLVM-3.9.1 (ORCJIT, haswell)
Environment:
  TERM = vt100
  LD_LIBRARY_PATH = :/usr/local/lib/
  PATH = /usr/local/sbin:/usr/local/bin:/usr/sbin:/usr/bin:/sbin:/bin:/usr/games:/usr/local/games:/home/vagrant/julia/bin/
  JAVA_HOME = /usr/lib/jvm/java-8-openjdk-amd64
  HOME = /home/vagrant
Packages:
  Package Directory: /home/vagrant/.julia/v0.7
  Package Status:
2 required packages:
 - JSON                          0.17.1
 - MetaGraphs                    0.4.0
12 additional packages:
 - BufferedStreams               0.3.3
 - CodecZlib                     0.4.2
 - Compat                        0.55.1
 - DataStructures                0.7.4
 - FileIO                        0.7.0
 - JLD2                          0.0.5
 - Libz                          0.2.4
 - LightGraphs                   0.12.0
 - MacroTools                    0.4.0
 - Nullables                     0.0.3
 - SimpleTraits                  0.7.1
 - TranscodingStreams            0.4.1
WARNING: Base.Pkg is deprecated, run `using Pkg` instead
 in module Main
[ Info: Testing MetaGraphs
┌ Warning: `ismatch(r::Regex, s::AbstractString)` is deprecated, use `contains(s, r)` instead.
│   caller = isbinding at match.jl:14 [inlined]
└ @ Core match.jl:14
┌ Warning: `ismatch(r::Regex, s::AbstractString)` is deprecated, use `contains(s, r)` instead.
│   caller = isslurp at match.jl:29 [inlined]
└ @ Core match.jl:29
┌ Warning: `ismatch(r::Regex, s::AbstractString)` is deprecated, use `contains(s, r)` instead.
│   caller = isslurp(::Symbol) at match.jl:29
└ @ MacroTools match.jl:29
┌ Warning: `ismatch(r::Regex, s::AbstractString)` is deprecated, use `contains(s, r)` instead.
│   caller = isbinding at match.jl:14 [inlined]
└ @ Core match.jl:14
┌ Warning: `ismatch(r::Regex, s::AbstractString)` is deprecated, use `contains(s, r)` instead.
│   caller = isbinding at match.jl:14 [inlined]
└ @ Core match.jl:14
┌ Warning: `ismatch(r::Regex, s::AbstractString)` is deprecated, use `contains(s, r)` instead.
│   caller = isslurp at match.jl:29 [inlined]
└ @ Core match.jl:29
┌ Warning: `shift!` is deprecated, use `popfirst!` instead.
│   caller = tbnew(::Symbol) at types.jl:17
└ @ MacroTools types.jl:17
ERROR: LoadError: LoadError: LoadError: MethodError: no method matching @traitimpl(::LineNumberNode, ::Module, ::Expr, ::Symbol)
Closest candidates are:
  @traitimpl(::LineNumberNode, ::Module, ::Any) at /home/vagrant/.julia/v0.7/SimpleTraits/src/SimpleTraits.jl:132
Stacktrace:
 [1] include at ./boot.jl:305 [inlined]
 [2] include_relative(::Module, ::String) at ./loading.jl:1066
 [3] include at ./sysimg.jl:29 [inlined]
 [4] include(::String) at /home/vagrant/.julia/v0.7/SimpleTraits/src/SimpleTraits.jl:3
 [5] top-level scope
 [6] include at ./boot.jl:305 [inlined]
 [7] include_relative(::Module, ::String) at ./loading.jl:1066
 [8] include(::Module, ::String) at ./sysimg.jl:29
 [9] top-level scope
 [10] eval at ./boot.jl:308 [inlined]
 [11] top-level scope at ./<missing>:3
in expression starting at /home/vagrant/.julia/v0.7/SimpleTraits/src/base-traits.jl:10
in expression starting at /home/vagrant/.julia/v0.7/SimpleTraits/src/base-traits.jl:10
in expression starting at /home/vagrant/.julia/v0.7/SimpleTraits/src/SimpleTraits.jl:565
ERROR: LoadError: Failed to precompile SimpleTraits to /home/vagrant/.julia/compiled/v0.7/SimpleTraits.ji.
Stacktrace:
 [1] error at ./error.jl:33 [inlined]
 [2] compilecache(::Base.PkgId) at ./loading.jl:1200
 [3] _require(::Base.PkgId) at ./loading.jl:973
 [4] require(::Base.PkgId) at ./loading.jl:873
 [5] require(::Module, ::Symbol) at ./loading.jl:868
 [6] include at ./boot.jl:305 [inlined]
 [7] include_relative(::Module, ::String) at ./loading.jl:1066
 [8] include(::Module, ::String) at ./sysimg.jl:29
 [9] top-level scope
 [10] eval at ./boot.jl:308 [inlined]
 [11] top-level scope at ./<missing>:3
in expression starting at /home/vagrant/.julia/v0.7/LightGraphs/src/LightGraphs.jl:6
ERROR: LoadError: Failed to precompile LightGraphs to /home/vagrant/.julia/compiled/v0.7/LightGraphs.ji.
Stacktrace:
 [1] error at ./error.jl:33 [inlined]
 [2] compilecache(::Base.PkgId) at ./loading.jl:1200
 [3] _require(::Base.PkgId) at ./loading.jl:1002
 [4] require(::Base.PkgId) at ./loading.jl:873
 [5] require(::Module, ::Symbol) at ./loading.jl:868
 [6] include at ./boot.jl:305 [inlined]
 [7] include_relative(::Module, ::String) at ./loading.jl:1066
 [8] include(::Module, ::String) at ./sysimg.jl:29
 [9] exec_options(::Base.JLOptions) at ./client.jl:332
 [10] _start() at ./client.jl:448
in expression starting at /home/vagrant/.julia/v0.7/MetaGraphs/test/runtests.jl:1
┌ Error: ------------------------------------------------------------
│ # Testing failed for MetaGraphs
│   exception =
│    failed process: Process(`/home/vagrant/julia/bin/julia -Cnative -J/home/vagrant/julia/lib/julia/sys.so --compile=yes --depwarn=yes --code-coverage=none --color=no --compiled-modules=yes --check-bounds=yes --warn-overwrite=yes --startup-file=yes /home/vagrant/.julia/v0.7/MetaGraphs/test/runtests.jl`, ProcessExited(1)) [1]
│    Stacktrace:
│     [1] error(::String, ::Base.Process, ::String, ::Int64, ::String) at ./error.jl:42
│     [2] pipeline_error(::Base.Process) at ./process.jl:693
│     [3] run(::Cmd) at ./process.jl:655
│     [4] (::getfield(Pkg.Entry, Symbol("##56#57")){Bool,String,Array{AbstractString,1}})() at /buildworker/worker/package_linux64/build/usr/share/julia/site/v0.7/Pkg/src/entry.jl:729
│     [5] cd(::getfield(Pkg.Entry, Symbol("##56#57")){Bool,String,Array{AbstractString,1}}, ::String) at ./file.jl:72
│     [6] #test!#55(::Bool, ::Function, ::String, ::Array{AbstractString,1}, ::Array{AbstractString,1}, ::Array{AbstractString,1}) at /buildworker/worker/package_linux64/build/usr/share/julia/site/v0.7/Pkg/src/entry.jl:717
│     [7] (::getfield(Pkg.Entry, Symbol("#kw##test!")))(::NamedTuple{(:coverage,),Tuple{Bool}}, ::typeof(Pkg.Entry.test!), ::String, ::Array{AbstractString,1}, ::Array{AbstractString,1}, ::Array{AbstractString,1}) at ./<missing>:0
│     [8] #test#59(::Bool, ::Function, ::Array{AbstractString,1}) at /buildworker/worker/package_linux64/build/usr/share/julia/site/v0.7/Pkg/src/entry.jl:756
│     [9] #test at ./<missing>:0 [inlined]
│     [10] #4 at /buildworker/worker/package_linux64/build/usr/share/julia/site/v0.7/Pkg/src/dir.jl:36 [inlined]
│     [11] cd(::getfield(Pkg.Dir, Symbol("##4#7")){Base.Iterators.Pairs{Symbol,Bool,Tuple{Symbol},NamedTuple{(:coverage,),Tuple{Bool}}},typeof(Pkg.Entry.test),Tuple{Array{AbstractString,1}}}, ::String) at ./file.jl:72
│     [12] #cd#1(::Base.Iterators.Pairs{Symbol,Bool,Tuple{Symbol},NamedTuple{(:coverage,),Tuple{Bool}}}, ::Function, ::Function, ::Array{AbstractString,1}, ::Vararg{Array{AbstractString,1},N} where N) at /buildworker/worker/package_linux64/build/usr/share/julia/site/v0.7/Pkg/src/dir.jl:36
│     [13] (::getfield(Pkg.Dir, Symbol("#kw##cd")))(::NamedTuple{(:coverage,),Tuple{Bool}}, ::typeof(Pkg.Dir.cd), ::Function, ::Array{AbstractString,1}, ::Vararg{Array{AbstractString,1},N} where N) at ./<missing>:0
│     [14] #test#3(::Bool, ::Function, ::String, ::Vararg{String,N} where N) at /buildworker/worker/package_linux64/build/usr/share/julia/site/v0.7/Pkg/src/Pkg.jl:276
│     [15] test(::String, ::Vararg{String,N} where N) at /buildworker/worker/package_linux64/build/usr/share/julia/site/v0.7/Pkg/src/Pkg.jl:276
│     [16] top-level scope
│     [17] eval at ./boot.jl:308 [inlined]
│     [18] eval(::Module, ::Expr) at ./sysimg.jl:74
│     [19] exec_options(::Base.JLOptions) at ./client.jl:309
│     [20] _start() at ./client.jl:448
└ @ Pkg.Entry entry.jl:732
ERROR: MetaGraphs had test errors

>>> End of log
