>>> 'Pkg.add("MetaGraphs")' log
INFO: Cloning cache of MetaGraphs from https://github.com/JuliaGraphs/MetaGraphs.jl.git
INFO: Installing CodecZlib v0.3.0
INFO: Installing DataStructures v0.6.1
INFO: Installing LightGraphs v0.10.0
INFO: Installing MacroTools v0.3.7
INFO: Installing MetaGraphs v0.1.0
INFO: Installing SimpleTraits v0.5.1
INFO: Installing TranscodingStreams v0.3.0
INFO: Package database updated
INFO: METADATA is out-of-date — you may not have the latest version of MetaGraphs
INFO: Use `Pkg.update()` to get the latest versions of your packages

>>> 'Pkg.test("MetaGraphs")' log
Julia Version 0.6.0
Commit 9036443 (2017-06-19 13:05 UTC)
Platform Info:
  OS: Linux (x86_64-pc-linux-gnu)
  CPU: Intel(R) Xeon(R) CPU E3-1241 v3 @ 3.50GHz
  WORD_SIZE: 64
           Ubuntu 14.04.5 LTS
  uname: Linux 3.13.0-128-generic #177-Ubuntu SMP Tue Aug 8 11:40:23 UTC 2017 x86_64 x86_64
Memory: 2.9392738342285156 GB (750.34375 MB free)
Uptime: 18465.0 sec
Load Avg:  1.04345703125  1.03955078125  1.04638671875
Intel(R) Xeon(R) CPU E3-1241 v3 @ 3.50GHz: 
       speed         user         nice          sys         idle          irq
#1  3501 MHz    1127481 s       7115 s      56052 s     380926 s         15 s
#2  3501 MHz     282879 s         81 s      30548 s    1502386 s          1 s

  BLAS: libopenblas (USE64BITINT DYNAMIC_ARCH NO_AFFINITY Nehalem)
  LAPACK: libopenblas64_
  LIBM: libopenlibm
  LLVM: libLLVM-3.9.1 (ORCJIT, haswell)
Environment:
  TERM = vt100
  LD_LIBRARY_PATH = :/usr/local/lib/
  PATH = /usr/local/sbin:/usr/local/bin:/usr/sbin:/usr/bin:/sbin:/bin:/usr/games:/usr/local/games:/home/vagrant/julia/bin/
  JAVA_HOME = /usr/lib/jvm/java-8-openjdk-amd64
  HOME = /home/vagrant

Package Directory: /home/vagrant/.julia/v0.6
2 required packages:
 - JSON                          0.13.0
 - MetaGraphs                    0.1.0
7 additional packages:
 - CodecZlib                     0.3.0
 - Compat                        0.30.0
 - DataStructures                0.6.1
 - LightGraphs                   0.10.0
 - MacroTools                    0.3.7
 - SimpleTraits                  0.5.1
 - TranscodingStreams            0.3.0
INFO: Testing MetaGraphs
Test Summary: | Pass  Total
MetaGraphs    |  308    308
INFO: MetaGraphs tests passed

>>> End of log
