>>> 'Pkg.add("MichiganAutonomousVehicles")' log
INFO: Cloning cache of MichiganAutonomousVehicles from https://github.com/JuliaMPC/MichiganAutonomousVehicles.jl.git
INFO: Cloning cache of NLOptControl from https://github.com/JuliaMPC/NLOptControl.jl.git
INFO: Cloning cache of RobotOS from https://github.com/jdlangs/RobotOS.jl.git
INFO: Cloning cache of VehicleModels from https://github.com/JuliaMPC/VehicleModels.jl.git
INFO: Installing AxisAlgorithms v0.2.0
INFO: Installing BinDeps v0.8.8
INFO: Installing BinaryProvider v0.3.3
INFO: Installing CSV v0.2.5
INFO: Installing Calculus v0.4.0
INFO: Installing CategoricalArrays v0.3.11
INFO: Installing CodecZlib v0.4.3
INFO: Installing Codecs v0.4.0
INFO: Installing CommonSubexpressions v0.1.0
INFO: Installing Conda v1.0.0
INFO: Installing DataFrames v0.11.7
INFO: Installing DataStreams v0.3.6
INFO: Installing DataStructures v0.8.4
INFO: Installing DiffBase v0.3.2
INFO: Installing DiffEqBase v3.13.3
INFO: Installing DiffEqDiffTools v0.4.1
INFO: Installing DiffEqOperators v1.3.0
INFO: Installing DiffResults v0.0.3
INFO: Installing DiffRules v0.0.6
INFO: Installing Distances v0.6.0
INFO: Installing DualNumbers v0.4.0
INFO: Installing FastGaussQuadrature v0.3.1
INFO: Installing ForwardDiff v0.7.5
INFO: Installing FunctionWrappers v0.1.0
INFO: Installing GenericSVD v0.1.0
INFO: Installing InternedStrings v0.6.2
INFO: Installing Interpolations v0.7.3
INFO: Installing Ipopt v0.4.0
INFO: Installing IteratorInterfaceExtensions v0.0.2
INFO: Installing JuMP v0.18.2
INFO: Installing Juno v0.4.1
INFO: Installing KNITRO v0.4.0
INFO: Installing LineSearches v4.0.0
INFO: Installing LinearMaps v1.0.4
INFO: Installing MacroTools v0.4.2
INFO: Installing MathOptInterface v0.4.1
INFO: Installing MathProgBase v0.7.2
INFO: Installing Media v0.3.0
INFO: Installing MichiganAutonomousVehicles v0.1.2
INFO: Installing Missings v0.2.10
INFO: Installing MuladdMacro v0.0.2
INFO: Installing NLOptControl v0.1.6
INFO: Installing NLSolversBase v4.4.1
INFO: Installing NLsolve v1.1.1
INFO: Installing NaNMath v0.3.1
INFO: Installing NamedTuples v4.0.2
INFO: Installing OrdinaryDiffEq v3.21.0
INFO: Installing Parameters v0.9.1
INFO: Installing PyCall v1.17.1
INFO: Installing Ratios v0.2.0
INFO: Installing RecipesBase v0.3.1
INFO: Installing RecursiveArrayTools v0.15.0
INFO: Installing Reexport v0.1.0
INFO: Installing Requires v0.4.4
INFO: Installing ReverseDiffSparse v0.8.1
INFO: Installing RobotOS v0.6.2
INFO: Installing Roots v0.6.0
INFO: Installing SHA v0.5.7
INFO: Installing ShowItLikeYouBuildIt v0.2.0
INFO: Installing SimpleTraits v0.6.0
INFO: Installing SortingAlgorithms v0.2.1
INFO: Installing SpecialFunctions v0.6.0
INFO: Installing StaticArrays v0.7.2
INFO: Installing StatsBase v0.23.1
INFO: Installing TableTraits v0.2.0
INFO: Installing TranscodingStreams v0.5.3
INFO: Installing URIParser v0.3.1
INFO: Installing VehicleModels v0.1.4
INFO: Installing VersionParsing v1.1.1
INFO: Installing WeakRefStrings v0.4.7
INFO: Installing WoodburyMatrices v0.3.0
INFO: Installing YAML v0.2.1
INFO: Building CodecZlib
INFO: Building Conda
INFO: Building DiffEqBase
INFO: ~~~ DifferentialEquations.jl *BREAKING* changes  ~~~

We have changed the front-end API on how
users may define equations of motion and 
problems, for all problem types that can
be used in the DifferentialEquations.jl.
These are *BREAKING* changes, and they
also have *NO WARNINGS*!

Please see our latest documentation here:
http://docs.juliadiffeq.org/latest/

or the blogpost that describes the changes:
http://juliadiffeq.org/2018/01/24/Parameters.html

In short, the mutated argument is the first argument,
and parameters are now directly passed
into the equations of motion function. For all
types now mutation goes first, then dependent variables, 
then parameters, then independent variables. 

`f(mutated, dependent variables, p/integrator, independent variables)`

For example, this means that the ODE syntax will be `f(u,p,t)` (for the
out-of-place) and `f(du,u,p,t)` (for the in-place). Notice
that this change also removes the need for ParameterizedFunctions
as now parameters are part of the equations of motion.

For more details please visit the above links!
INFO: Building SpecialFunctions
INFO: Building Ipopt
WARNING: imported binding for srcdir overwritten in module __anon__
INFO: Building PyCall
Info: Using the Python distribution in the Conda package by default.
To use a different Python version, set ENV["PYTHON"]="pythoncommand" and re-run Pkg.build("PyCall").
Info: Running `conda install -y numpy` in root environment
Solving environment: ...working... done

# All requested packages already installed.

Info: PyCall is using /home/vagrant/.julia/v0.6/Conda/deps/usr/bin/python (Python 3.7.0) at /home/vagrant/.julia/v0.6/Conda/deps/usr/bin/python, libpython = /home/vagrant/.julia/v0.6/Conda/deps/usr/lib/libpython3.7m
Info: /home/vagrant/.julia/v0.6/PyCall/deps/deps.jl has not changed
Info: /home/vagrant/.julia/v0.6/PyCall/deps/PYTHON has not changed
INFO: Package database updated
INFO: METADATA is out-of-date — you may not have the latest version of MichiganAutonomousVehicles
INFO: Use `Pkg.update()` to get the latest versions of your packages

>>> 'Pkg.test("MichiganAutonomousVehicles")' log
Julia Version 0.6.4
Commit 9d11f62bcb (2018-07-09 19:09 UTC)
Platform Info:
  OS: Linux (x86_64-pc-linux-gnu)
  CPU: Intel(R) Xeon(R) CPU E3-1241 v3 @ 3.50GHz
  WORD_SIZE: 64
           Ubuntu 14.04.5 LTS
  uname: Linux 3.13.0-143-generic #192-Ubuntu SMP Tue Feb 27 10:45:36 UTC 2018 x86_64 x86_64
Memory: 2.939197540283203 GB (508.59375 MB free)
Uptime: 63270.0 sec
Load Avg:  1.0380859375  0.9990234375  0.88232421875
Intel(R) Xeon(R) CPU E3-1241 v3 @ 3.50GHz: 
       speed         user         nice          sys         idle          irq
#1  3499 MHz    3873291 s         39 s     288688 s    1149129 s         28 s
#2  3499 MHz     615095 s       5652 s     100422 s    5517383 s          0 s

  BLAS: libopenblas (USE64BITINT DYNAMIC_ARCH NO_AFFINITY Nehalem MAX_THREADS=16)
  LAPACK: libopenblas64_
  LIBM: libopenlibm
  LLVM: libLLVM-3.9.1 (ORCJIT, haswell)
Environment:
  TERM = vt100
  LD_LIBRARY_PATH = :/usr/local/lib/
  PATH = /usr/local/sbin:/usr/local/bin:/usr/sbin:/usr/bin:/sbin:/bin:/usr/games:/usr/local/games:/home/vagrant/julia/bin/
  JAVA_HOME = /usr/lib/jvm/java-8-openjdk-amd64
  HOME = /home/vagrant

Package Directory: /home/vagrant/.julia/v0.6
2 required packages:
 - JSON                          0.17.2
 - MichiganAutonomousVehicles    0.1.2
73 additional packages:
 - AxisAlgorithms                0.2.0
 - BinDeps                       0.8.8
 - BinaryProvider                0.3.3
 - CSV                           0.2.5
 - Calculus                      0.4.0
 - CategoricalArrays             0.3.11
 - CodecZlib                     0.4.3
 - Codecs                        0.4.0
 - CommonSubexpressions          0.1.0
 - Compat                        1.0.0
 - Conda                         1.0.0
 - DataFrames                    0.11.7
 - DataStreams                   0.3.6
 - DataStructures                0.8.4
 - DiffBase                      0.3.2
 - DiffEqBase                    3.13.3
 - DiffEqDiffTools               0.4.1
 - DiffEqOperators               1.3.0
 - DiffResults                   0.0.3
 - DiffRules                     0.0.6
 - Distances                     0.6.0
 - DualNumbers                   0.4.0
 - FastGaussQuadrature           0.3.1
 - ForwardDiff                   0.7.5
 - FunctionWrappers              0.1.0
 - GenericSVD                    0.1.0
 - InternedStrings               0.6.2
 - Interpolations                0.7.3
 - Ipopt                         0.4.0
 - IteratorInterfaceExtensions   0.0.2
 - JuMP                          0.18.2
 - Juno                          0.4.1
 - KNITRO                        0.4.0
 - LineSearches                  4.0.0
 - LinearMaps                    1.0.4
 - MacroTools                    0.4.2
 - MathOptInterface              0.4.1
 - MathProgBase                  0.7.2
 - Media                         0.3.0
 - Missings                      0.2.10
 - MuladdMacro                   0.0.2
 - NLOptControl                  0.1.6
 - NLSolversBase                 4.4.1
 - NLsolve                       1.1.1
 - NaNMath                       0.3.1
 - NamedTuples                   4.0.2
 - Nullables                     0.0.6
 - OrdinaryDiffEq                3.21.0
 - Parameters                    0.9.1
 - PyCall                        1.17.1
 - Ratios                        0.2.0
 - RecipesBase                   0.3.1
 - RecursiveArrayTools           0.15.0
 - Reexport                      0.1.0
 - Requires                      0.4.4
 - ReverseDiffSparse             0.8.1
 - RobotOS                       0.6.2
 - Roots                         0.6.0
 - SHA                           0.5.7
 - ShowItLikeYouBuildIt          0.2.0
 - SimpleTraits                  0.6.0
 - SortingAlgorithms             0.2.1
 - SpecialFunctions              0.6.0
 - StaticArrays                  0.7.2
 - StatsBase                     0.23.1
 - TableTraits                   0.2.0
 - TranscodingStreams            0.5.3
 - URIParser                     0.3.1
 - VehicleModels                 0.1.4
 - VersionParsing                1.1.1
 - WeakRefStrings                0.4.7
 - WoodburyMatrices              0.3.0
 - YAML                          0.2.1
INFO: Testing MichiganAutonomousVehicles
ERROR: LoadError: LoadError: InitError: PyError (PyImport_ImportModule) <class 'ModuleNotFoundError'>
ModuleNotFoundError("No module named 'rospy'")

Stacktrace:
 [1] pyimport(::String) at /home/vagrant/.julia/v0.6/PyCall/src/PyCall.jl:473
 [2] __init__() at /home/vagrant/.julia/v0.6/RobotOS/src/RobotOS.jl:24
 [3] _include_from_serialized(::String) at ./loading.jl:157
 [4] _require_from_serialized(::Int64, ::Symbol, ::String, ::Bool) at ./loading.jl:200
 [5] _require(::Symbol) at ./loading.jl:464
 [6] require(::Symbol) at ./loading.jl:405
 [7] include_from_node1(::String) at ./loading.jl:576
 [8] include(::String) at ./sysimg.jl:14
 [9] include_from_node1(::String) at ./loading.jl:576
 [10] include(::String) at ./sysimg.jl:14
 [11] anonymous at ./<missing>:2
during initialization of module RobotOS
while loading /home/vagrant/.julia/v0.6/MichiganAutonomousVehicles/src/AutonomousControl.jl, in expression starting on line 7
while loading /home/vagrant/.julia/v0.6/MichiganAutonomousVehicles/src/MichiganAutonomousVehicles.jl, in expression starting on line 11
ERROR: LoadError: Failed to precompile MichiganAutonomousVehicles to /home/vagrant/.julia/lib/v0.6/MichiganAutonomousVehicles.ji.
Stacktrace:
 [1] compilecache(::String) at ./loading.jl:710
 [2] _require(::Symbol) at ./loading.jl:497
 [3] require(::Symbol) at ./loading.jl:405
 [4] include_from_node1(::String) at ./loading.jl:576
 [5] include(::String) at ./sysimg.jl:14
 [6] process_options(::Base.JLOptions) at ./client.jl:305
 [7] _start() at ./client.jl:371
while loading /home/vagrant/.julia/v0.6/MichiganAutonomousVehicles/test/runtests.jl, in expression starting on line 1
=====================[ ERROR: MichiganAutonomousVehicles ]======================

failed process: Process(`/home/vagrant/julia/bin/julia -Cgeneric -J/home/vagrant/julia/lib/julia/sys.so --compile=yes --depwarn=yes --check-bounds=yes --code-coverage=none --color=no --compilecache=yes /home/vagrant/.julia/v0.6/MichiganAutonomousVehicles/test/runtests.jl`, ProcessExited(1)) [1]

================================================================================
ERROR: MichiganAutonomousVehicles had test errors

>>> End of log
