>>> 'Pkg.add("MicroLogging")' log
[ Info: Cloning cache of FastClosures from https://github.com/c42f/FastClosures.jl.git @ Base.Pkg.Cache cache.jl:43
[ Info: Cloning cache of MicroLogging from https://github.com/c42f/MicroLogging.jl.git @ Base.Pkg.Cache cache.jl:43
[ Info: Installing FastClosures v0.2.0 @ Base.Pkg.Entry entry.jl:543
[ Info: Installing MicroLogging v0.2.0 @ Base.Pkg.Entry entry.jl:543
[ Info: Package database updated @ Base.Pkg.Entry entry.jl:32
┌ Info: METADATA is out-of-date — you may not have the latest version of MicroLogging
│ Use `Pkg.update()` to get the latest versions of your packages
└ @ Base.Pkg.Entry entry.jl:74

>>> 'Pkg.test("MicroLogging")' log
Julia Version 0.7.0-DEV.3299
Commit fb527308bb (2018-01-05 19:41 UTC)
Platform Info:
  OS: Linux (x86_64-pc-linux-gnu)
      Ubuntu 14.04.5 LTS
  uname: Linux 3.13.0-135-generic #184-Ubuntu SMP Wed Oct 18 11:55:51 UTC 2017 x86_64 x86_64
  CPU: Intel(R) Xeon(R) CPU E3-1241 v3 @ 3.50GHz: 
              speed         user         nice          sys         idle          irq
       #1  3500 MHz    3480160 s        107 s     169268 s     818226 s         18 s
       #2  3500 MHz     634822 s         72 s      64205 s    4495881 s          0 s
       
  Memory: 2.93927001953125 GB (935.515625 MB free)
  Uptime: 52694.0 sec
  Load Avg:  1.0029296875  1.001953125  0.99169921875
  WORD_SIZE: 64
  BLAS: libopenblas (USE64BITINT DYNAMIC_ARCH NO_AFFINITY Nehalem)
  LAPACK: libopenblas64_
  LIBM: libopenlibm
  LLVM: libLLVM-3.9.1 (ORCJIT, haswell)
Environment:
  TERM = vt100
  LD_LIBRARY_PATH = :/usr/local/lib/
  PATH = /usr/local/sbin:/usr/local/bin:/usr/sbin:/usr/bin:/sbin:/bin:/usr/games:/usr/local/games:/home/vagrant/julia/bin/
  JAVA_HOME = /usr/lib/jvm/java-8-openjdk-amd64
  HOME = /home/vagrant
Packages:
  Package Directory: /home/vagrant/.julia/v0.7
  Package Status:
2 required packages:
 - JSON                          0.16.3
 - MicroLogging                  0.2.0
3 additional packages:
 - Compat                        0.42.0
 - FastClosures                  0.2.0
 - Nullables                     0.0.2
[ Info: Testing MicroLogging @ Base.Pkg.Entry entry.jl:723
WARNING: could not import Base.BelowMinLevel into MicroLogging
WARNING: could not import Base.Debug into MicroLogging
WARNING: could not import Base.Info into MicroLogging
WARNING: could not import Base.Warn into MicroLogging
WARNING: could not import Base.Error into MicroLogging
WARNING: could not import Base.AboveMaxLevel into MicroLogging
WARNING: could not import Base.handle_message into MicroLogging
WARNING: could not import Base.shouldlog into MicroLogging
WARNING: could not import Base.min_enabled_level into MicroLogging
WARNING: could not import Base.catch_exceptions into MicroLogging
WARNING: could not import Base.LogState into MicroLogging
ERROR: LoadError: InitError: UndefVarError: Info not defined
Stacktrace:
 [1] MicroLogging.InteractiveLogger(::Base.PipeEndpoint) at /home/vagrant/.julia/v0.7/MicroLogging/src/loggers.jl:18
 [2] __init__() at /home/vagrant/.julia/v0.7/MicroLogging/src/MicroLogging.jl:54
 [3] _include_from_serialized(::String, ::Array{Any,1}) at ./loading.jl:122
 [4] _require_from_serialized(::String) at ./loading.jl:178
 [5] _require(::Symbol) at ./loading.jl:461
 [6] require(::Symbol) at ./loading.jl:333
 [7] include at ./boot.jl:295 [inlined]
 [8] include_relative(::Module, ::String) at ./loading.jl:521
 [9] include(::Module, ::String) at ./sysimg.jl:26
 [10] process_options(::Base.JLOptions) at ./client.jl:323
 [11] _start() at ./client.jl:374
during initialization of module MicroLogging
in expression starting at /home/vagrant/.julia/v0.7/MicroLogging/test/runtests.jl:1
┌ Error: ------------------------------------------------------------
│ # Testing failed for MicroLogging
│   exception = ErrorException("failed process: Process(`/home/vagrant/julia/bin/julia -Cnative -J/home/vagrant/julia/lib/julia/sys.so --compile=yes --depwarn=yes --code-coverage=none --color=no --compiled-modules=yes --check-bounds=yes --warn-overwrite=yes --startup-file=yes /home/vagrant/.julia/v0.7/MicroLogging/test/runtests.jl`, ProcessExited(1)) [1]")
└ @ Base.Pkg.Entry entry.jl:739
ERROR: MicroLogging had test errors

>>> End of log
