>>> 'Pkg.add("MIDI")' log
INFO: Cloning cache of MIDI from https://github.com/JoelHobson/MIDI.jl.git
INFO: Installing MIDI v0.1.0
INFO: Package database updated

>>> 'Pkg.test("MIDI")' log
Julia Version 0.5.1
Commit 6445c82 (2017-03-05 13:25 UTC)
Platform Info:
  OS: Linux (x86_64-pc-linux-gnu)
  CPU: Intel(R) Xeon(R) CPU E3-1241 v3 @ 3.50GHz
  WORD_SIZE: 64
           Ubuntu 14.04.5 LTS
  uname: Linux 3.13.0-116-generic #163-Ubuntu SMP Fri Mar 31 14:13:22 UTC 2017 x86_64 x86_64
Memory: 2.9392738342285156 GB (574.2734375 MB free)
Uptime: 10488.0 sec
Load Avg:  0.8935546875  0.982421875  1.03466796875
Intel(R) Xeon(R) CPU E3-1241 v3 @ 3.50GHz: 
       speed         user         nice          sys         idle          irq
#1  3495 MHz     604848 s       4834 s      71947 s     243121 s         18 s
#2  3495 MHz     160697 s         66 s      35140 s     832756 s          0 s

  BLAS: libopenblas (USE64BITINT DYNAMIC_ARCH NO_AFFINITY Nehalem)
  LAPACK: libopenblas64_
  LIBM: libopenlibm
  LLVM: libLLVM-3.7.1 (ORCJIT, haswell)
Environment:
  TERM = vt100
  LD_LIBRARY_PATH = :/usr/local/lib/
  PATH = /usr/local/sbin:/usr/local/bin:/usr/sbin:/usr/bin:/sbin:/bin:/usr/games:/usr/local/games:/home/vagrant/julia/bin/
  JAVA_HOME = /usr/lib/jvm/java-7-oracle
  HOME = /home/vagrant

Package Directory: /home/vagrant/.julia/v0.5
2 required packages:
 - JSON                          0.9.0
 - MIDI                          0.1.0
1 additional packages:
 - Compat                        0.23.0
INFO: Testing MIDI
Test Summary: | Pass  Total
  All tests   |   46     46
INFO: MIDI tests passed

>>> End of log
