>>> 'Pkg.add("Mimi")' log
INFO: Cloning cache of Documenter from https://github.com/JuliaDocs/Documenter.jl.git
INFO: Cloning cache of Mimi from https://github.com/anthofflab/Mimi.jl.git
INFO: Installing DataArrays v0.3.6
INFO: Installing DataFrames v0.7.5
INFO: Installing DataStructures v0.4.4
INFO: Installing Distributions v0.9.0
INFO: Installing Docile v0.5.23
INFO: Installing Documenter v0.1.6
INFO: Installing GZip v0.2.19
INFO: Installing Mimi v0.1.0
INFO: Installing PDMats v0.4.2
INFO: Installing Reexport v0.0.3
INFO: Installing SortingAlgorithms v0.0.6
INFO: Installing StatsBase v0.8.3
INFO: Installing StatsFuns v0.2.2
INFO: Package database updated

>>> 'Pkg.test("Mimi")' log
Julia Version 0.5.0-dev+5456
Commit a1fbb84 (2016-07-16 21:33 UTC)
Platform Info:
  System: Linux (x86_64-unknown-linux-gnu)
  CPU: Intel(R) Xeon(R) CPU E3-1241 v3 @ 3.50GHz
  WORD_SIZE: 64
  BLAS: libopenblas (USE64BITINT DYNAMIC_ARCH NO_AFFINITY Nehalem)
  LAPACK: libopenblas64_
  LIBM: libopenlibm
  LLVM: libLLVM-3.7.1 (ORCJIT, haswell)
INFO: Computing test dependencies for Mimi...
INFO: Cloning cache of InfoZIP from https://github.com/samoconnor/InfoZIP.jl.git
INFO: Cloning cache of ZipFile from https://github.com/fhs/ZipFile.jl.git
INFO: Installing InfoZIP v0.0.9
INFO: Installing ZipFile v0.2.6
INFO: Installing Zlib v0.1.12
INFO: Testing Mimi
WARNING: Base.UTF8String is deprecated, use String instead.
  likely near /home/vagrant/.julia/v0.5/Mimi/src/metainfo.jl:3
WARNING: Base.UTF8String is deprecated, use String instead.
  likely near /home/vagrant/.julia/v0.5/Mimi/src/metainfo.jl:3
WARNING: Base.UTF8String is deprecated, use String instead.
  likely near /home/vagrant/.julia/v0.5/Mimi/src/metainfo.jl:3
WARNING: Base.UTF8String is deprecated, use String instead.
  likely near /home/vagrant/.julia/v0.5/Mimi/src/metainfo.jl:3
WARNING: Base.UTF8String is deprecated, use String instead.
  likely near /home/vagrant/.julia/v0.5/Mimi/src/metainfo.jl:11
WARNING: Base.UTF8String is deprecated, use String instead.
  likely near /home/vagrant/.julia/v0.5/Mimi/src/metainfo.jl:11
WARNING: Base.UTF8String is deprecated, use String instead.
  likely near /home/vagrant/.julia/v0.5/Mimi/src/metainfo.jl:11
WARNING: Base.UTF8String is deprecated, use String instead.
  likely near /home/vagrant/.julia/v0.5/Mimi/src/metainfo.jl:11
INFO: Recompiling stale cache file /home/vagrant/.julia/lib/v0.5/StatsFuns.ji for module StatsFuns.
INFO: Recompiling stale cache file /home/vagrant/.julia/lib/v0.5/DataFrames.ji for module DataFrames.
INFO: Recompiling stale cache file /home/vagrant/.julia/lib/v0.5/StatsBase.ji for module StatsBase.
ERROR: LoadError: module Rmath not found in current path; you should rm("/home/vagrant/.julia/lib/v0.5/Rmath.ji") to remove the orphaned cache file
 in recompile_stale(::Symbol, ::String) at ./loading.jl:577
 in _require_from_serialized(::Int64, ::Symbol, ::String, ::Bool) at ./loading.jl:173
 in _require_from_serialized(::Int64, ::Symbol, ::Bool) at ./loading.jl:202
 in require(::Symbol) at ./loading.jl:332
 in stale_cachefile(::String, ::String) at ./loading.jl:562
 in recompile_stale(::Symbol, ::String) at ./loading.jl:579
 in _require_from_serialized(::Int64, ::Symbol, ::String, ::Bool) at ./loading.jl:173
 in _require_from_serialized(::Int64, ::Symbol, ::Bool) at ./loading.jl:202
 in require(::Symbol) at ./loading.jl:332
 in include_from_node1(::String) at ./loading.jl:426
 in macro expansion; at ./none:2 [inlined]
 in anonymous at ./<missing>:?
 in eval(::Module, ::Any) at ./boot.jl:234
 in process_options(::Base.JLOptions) at ./client.jl:239
 in _start() at ./client.jl:318
while loading /home/vagrant/.julia/v0.5/DataFrames/src/DataFrames.jl, in expression starting on line 15
ERROR: LoadError: LoadError: Failed to precompile DataFrames to /home/vagrant/.julia/lib/v0.5/DataFrames.ji
 in compilecache(::String) at ./loading.jl:505
 in recompile_stale(::Symbol, ::String) at ./loading.jl:581
 in _require_from_serialized(::Int64, ::Symbol, ::String, ::Bool) at ./loading.jl:173
 in _require_from_serialized(::Int64, ::Symbol, ::Bool) at ./loading.jl:202
 in require(::Symbol) at ./loading.jl:332
 in include_from_node1(::String) at ./loading.jl:426
 in eval(::Module, ::Any) at ./boot.jl:234
 in require(::Symbol) at ./loading.jl:357
 in include_from_node1(::String) at ./loading.jl:426
 in process_options(::Base.JLOptions) at ./client.jl:262
 in _start() at ./client.jl:318
while loading /home/vagrant/.julia/v0.5/Mimi/src/Mimi.jl, in expression starting on line 6
while loading /home/vagrant/.julia/v0.5/Mimi/test/runtests.jl, in expression starting on line 1
================================[ ERROR: Mimi ]=================================

failed process: Process(`/home/vagrant/julia/bin/julia -Cx86-64 -J/home/vagrant/julia/lib/julia/sys.so --compile=yes --depwarn=yes --check-bounds=yes --code-coverage=none --color=no --compilecache=yes /home/vagrant/.julia/v0.5/Mimi/test/runtests.jl`, ProcessExited(1)) [1]

================================================================================
INFO: Removing InfoZIP v0.0.9
INFO: Removing ZipFile v0.2.6
INFO: Removing Zlib v0.1.12
ERROR: Mimi had test errors
 in #test#61(::Bool, ::Function, ::Array{AbstractString,1}) at ./pkg/entry.jl:736
 in (::Base.Pkg.Entry.#kw##test)(::Array{Any,1}, ::Base.Pkg.Entry.#test, ::Array{AbstractString,1}) at ./<missing>:0
 in (::Base.Pkg.Dir.##2#3{Array{Any,1},Base.Pkg.Entry.#test,Tuple{Array{AbstractString,1}}})() at ./pkg/dir.jl:31
 in cd(::Base.Pkg.Dir.##2#3{Array{Any,1},Base.Pkg.Entry.#test,Tuple{Array{AbstractString,1}}}, ::String) at ./file.jl:59
 in #cd#1(::Array{Any,1}, ::Function, ::Function, ::Array{AbstractString,1}, ::Vararg{Array{AbstractString,1},N}) at ./pkg/dir.jl:31
 in (::Base.Pkg.Dir.#kw##cd)(::Array{Any,1}, ::Base.Pkg.Dir.#cd, ::Function, ::Array{AbstractString,1}, ::Vararg{Array{AbstractString,1},N}) at ./<missing>:0
 in #test#3(::Bool, ::Function, ::String, ::Vararg{String,N}) at ./pkg/pkg.jl:258
 in test(::String, ::Vararg{String,N}) at ./pkg/pkg.jl:258
 in eval(::Module, ::Any) at ./boot.jl:234
 in process_options(::Base.JLOptions) at ./client.jl:239
 in _start() at ./client.jl:318

>>> End of log
