>>> 'Pkg.add("Missings")' log
INFO: Installing Missings v0.2.7
INFO: Package database updated
INFO: METADATA is out-of-date — you may not have the latest version of Missings
INFO: Use `Pkg.update()` to get the latest versions of your packages

>>> 'Pkg.test("Missings")' log
Julia Version 0.6.2
Commit d386e40c17 (2017-12-13 18:08 UTC)
Platform Info:
  OS: Linux (x86_64-pc-linux-gnu)
  CPU: Intel(R) Xeon(R) CPU E3-1241 v3 @ 3.50GHz
  WORD_SIZE: 64
           Ubuntu 14.04.5 LTS
  uname: Linux 3.13.0-135-generic #184-Ubuntu SMP Wed Oct 18 11:55:51 UTC 2017 x86_64 x86_64
Memory: 2.93927001953125 GB (707.05859375 MB free)
Uptime: 68617.0 sec
Load Avg:  1.0029296875  1.0146484375  1.00244140625
Intel(R) Xeon(R) CPU E3-1241 v3 @ 3.50GHz: 
       speed         user         nice          sys         idle          irq
#1  3500 MHz    4286960 s       7518 s     214215 s    1344673 s         52 s
#2  3500 MHz     985310 s        106 s      96496 s    5666708 s          0 s

  BLAS: libopenblas (USE64BITINT DYNAMIC_ARCH NO_AFFINITY Nehalem)
  LAPACK: libopenblas64_
  LIBM: libopenlibm
  LLVM: libLLVM-3.9.1 (ORCJIT, haswell)
Environment:
  TERM = vt100
  LD_LIBRARY_PATH = :/usr/local/lib/
  PATH = /usr/local/sbin:/usr/local/bin:/usr/sbin:/usr/bin:/sbin:/bin:/usr/games:/usr/local/games:/home/vagrant/julia/bin/
  JAVA_HOME = /usr/lib/jvm/java-8-openjdk-amd64
  HOME = /home/vagrant

Package Directory: /home/vagrant/.julia/v0.6
2 required packages:
 - JSON                          0.16.4
 - Missings                      0.2.7
17 additional packages:
 - BinDeps                       0.8.6
 - Cairo                         0.5.0
 - ColorTypes                    0.6.7
 - Colors                        0.8.2
 - Compat                        0.54.0
 - FixedPointNumbers             0.4.6
 - Graphics                      0.2.0
 - Gtk                           0.13.1
 - NaNMath                       0.3.1
 - NodeJS                        0.2.0
 - Nullables                     0.0.3
 - Reexport                      0.1.0
 - Requires                      0.4.3
 - Rsvg                          0.2.0
 - SHA                           0.5.6
 - URIParser                     0.3.0
 - VegaLite                      0.1.0              ecb31725 (dirty)
INFO: Testing Missings
Test Summary: | Pass  Broken  Total
Missings      |  370       1    371
INFO: Missings tests passed

>>> End of log
