>>> 'Pkg.add("MLBase")' log
INFO: Installing Iterators v0.1.7
INFO: Installing MLBase v0.5.1
INFO: Package database updated

>>> 'using MLBase' log
Julia Version 0.3.4
Commit 3392026* (2014-12-26 10:42 UTC)
Platform Info:
  System: Linux (x86_64-unknown-linux-gnu)
  CPU: Intel(R) Xeon(R) CPU E5-2650 0 @ 2.00GHz
  WORD_SIZE: 64
  BLAS: libopenblas (USE64BITINT DYNAMIC_ARCH NO_AFFINITY Sandybridge)
  LAPACK: libopenblas
  LIBM: libopenlibm
  LLVM: libLLVM-3.3

>>> test log
* running utils.jl ...
* running classification.jl ...
* running perfeval.jl ...
* running crossval.jl ...
* running modeltune.jl ...
INFO: Testing MLBase
INFO: MLBase tests passed
INFO: No packages to install, update or remove

>>> end of log
