>>> 'Pkg.add("MLBase")' log
INFO: Installing BinDeps v0.6.0
INFO: Installing DataStructures v0.7.2
INFO: Installing IterTools v0.1.0
INFO: Installing MLBase v0.7.0
INFO: Installing Reexport v0.0.3
INFO: Installing SHA v0.5.1
INFO: Installing SpecialFunctions v0.3.3
INFO: Installing StatsBase v0.19.0
INFO: Installing URIParser v0.2.0
INFO: Building SpecialFunctions
INFO: Package database updated
INFO: METADATA is out-of-date — you may not have the latest version of MLBase
INFO: Use `Pkg.update()` to get the latest versions of your packages

>>> 'Pkg.test("MLBase")' log
Julia Version 0.6.0
Commit 9036443 (2017-06-19 13:05 UTC)
Platform Info:
  OS: Linux (x86_64-pc-linux-gnu)
  CPU: Intel(R) Xeon(R) CPU E3-1241 v3 @ 3.50GHz
  WORD_SIZE: 64
           Ubuntu 14.04.5 LTS
  uname: Linux 3.13.0-132-generic #181-Ubuntu SMP Wed Sep 13 13:25:03 UTC 2017 x86_64 x86_64
Memory: 2.93927001953125 GB (1004.11328125 MB free)
Uptime: 18346.0 sec
Load Avg:  1.03076171875  1.150390625  1.1181640625
Intel(R) Xeon(R) CPU E3-1241 v3 @ 3.50GHz: 
       speed         user         nice          sys         idle          irq
#1  3504 MHz    1197590 s         65 s      58108 s     261790 s          6 s
#2  3504 MHz     201459 s       6086 s      33620 s    1569356 s          0 s

  BLAS: libopenblas (USE64BITINT DYNAMIC_ARCH NO_AFFINITY Nehalem)
  LAPACK: libopenblas64_
  LIBM: libopenlibm
  LLVM: libLLVM-3.9.1 (ORCJIT, haswell)
Environment:
  TERM = vt100
  LD_LIBRARY_PATH = :/usr/local/lib/
  PATH = /usr/local/sbin:/usr/local/bin:/usr/sbin:/usr/bin:/sbin:/bin:/usr/games:/usr/local/games:/home/vagrant/julia/bin/
  JAVA_HOME = /usr/lib/jvm/java-8-openjdk-amd64
  HOME = /home/vagrant

Package Directory: /home/vagrant/.julia/v0.6
2 required packages:
 - JSON                          0.14.0
 - MLBase                        0.7.0
9 additional packages:
 - BinDeps                       0.6.0
 - Compat                        0.32.0
 - DataStructures                0.7.2
 - IterTools                     0.1.0
 - Reexport                      0.0.3
 - SHA                           0.5.1
 - SpecialFunctions              0.3.3
 - StatsBase                     0.19.0
 - URIParser                     0.2.0
INFO: Testing MLBase
* running utils.jl ...
* running classification.jl ...
* running perfeval.jl ...
* running crossval.jl ...
* running modeltune.jl ...
INFO: MLBase tests passed

>>> End of log
