>>> 'Pkg.add("MLDatasets")' log
INFO: Cloning cache of DataDeps from https://github.com/oxinabox/DataDeps.jl.git
INFO: Cloning cache of MLDatasets from https://github.com/JuliaML/MLDatasets.jl.git
INFO: Installing AbstractFFTs v0.3.1
INFO: Installing BinaryProvider v0.3.0
INFO: Installing DataDeps v0.2.6
INFO: Installing FFTW v0.0.4
INFO: Installing GZip v0.3.0
INFO: Installing HTTP v0.6.9
INFO: Installing ImageCore v0.5.0
INFO: Installing IniFile v0.4.0
INFO: Installing MLDatasets v0.0.1
INFO: Installing MappedArrays v0.0.7
INFO: Installing MbedTLS v0.5.8
INFO: Installing OffsetArrays v0.5.0
INFO: Installing PaddedViews v0.3.0
INFO: Installing ShowItLikeYouBuildIt v0.2.0
INFO: Building MbedTLS
INFO: Building FFTW
INFO: Package database updated

>>> 'Pkg.test("MLDatasets")' log
Julia Version 0.6.2
Commit d386e40c17 (2017-12-13 18:08 UTC)
Platform Info:
  OS: Linux (x86_64-pc-linux-gnu)
  CPU: Intel(R) Xeon(R) CPU E3-1241 v3 @ 3.50GHz
  WORD_SIZE: 64
           Ubuntu 14.04.5 LTS
  uname: Linux 3.13.0-143-generic #192-Ubuntu SMP Tue Feb 27 10:45:36 UTC 2018 x86_64 x86_64
Memory: 2.939197540283203 GB (897.73828125 MB free)
Uptime: 81342.0 sec
Load Avg:  1.00830078125  1.0146484375  0.99755859375
Intel(R) Xeon(R) CPU E3-1241 v3 @ 3.50GHz: 
       speed         user         nice          sys         idle          irq
#1  3504 MHz    4786924 s       8210 s     345294 s    1869653 s         87 s
#2  3504 MHz    1115891 s        848 s     132002 s    6742543 s          4 s

  BLAS: libopenblas (USE64BITINT DYNAMIC_ARCH NO_AFFINITY Nehalem)
  LAPACK: libopenblas64_
  LIBM: libopenlibm
  LLVM: libLLVM-3.9.1 (ORCJIT, haswell)
Environment:
  TERM = vt100
  LD_LIBRARY_PATH = :/usr/local/lib/
  PATH = /usr/local/sbin:/usr/local/bin:/usr/sbin:/usr/bin:/sbin:/bin:/usr/games:/usr/local/games:/home/vagrant/julia/bin/
  JAVA_HOME = /usr/lib/jvm/java-8-openjdk-amd64
  HOME = /home/vagrant

Package Directory: /home/vagrant/.julia/v0.6
2 required packages:
 - JSON                          0.17.2
 - MLDatasets                    0.0.1
30 additional packages:
 - AbstractFFTs                  0.3.1
 - BinDeps                       0.8.8
 - BinaryProvider                0.3.0
 - Cairo                         0.5.1
 - ColorTypes                    0.6.7
 - Colors                        0.8.2
 - Compat                        0.64.0
 - DataDeps                      0.2.6
 - FFTW                          0.0.4
 - FixedPointNumbers             0.4.6
 - GZip                          0.3.0
 - Graphics                      0.3.0
 - Gtk                           0.13.1
 - HTTP                          0.6.9
 - ImageCore                     0.5.0
 - IniFile                       0.4.0
 - MappedArrays                  0.0.7
 - MbedTLS                       0.5.8
 - NaNMath                       0.3.1
 - NodeJS                        0.4.0
 - Nullables                     0.0.5
 - OffsetArrays                  0.5.0
 - PaddedViews                   0.3.0
 - Reexport                      0.1.0
 - Requires                      0.4.3
 - Rsvg                          0.2.0
 - SHA                           0.5.7
 - ShowItLikeYouBuildIt          0.2.0
 - URIParser                     0.3.1
 - VegaLite                      0.1.0              ecb31725 (dirty)
INFO: Testing MLDatasets
ERROR: LoadError: LoadError: UndefVarError: libmbedtls not defined
Stacktrace:
 [1] include_from_node1(::String) at ./loading.jl:576
 [2] include(::String) at ./sysimg.jl:14
 [3] include_from_node1(::String) at ./loading.jl:576
 [4] include(::String) at ./sysimg.jl:14
 [5] anonymous at ./<missing>:2
while loading /home/vagrant/.julia/v0.6/HTTP/src/compat.jl, in expression starting on line 78
while loading /home/vagrant/.julia/v0.6/HTTP/src/HTTP.jl, in expression starting on line 14
ERROR: LoadError: Failed to precompile HTTP to /home/vagrant/.julia/lib/v0.6/HTTP.ji.
Stacktrace:
 [1] compilecache(::String) at ./loading.jl:710
 [2] _require(::Symbol) at ./loading.jl:463
 [3] require(::Symbol) at ./loading.jl:405
 [4] include_from_node1(::String) at ./loading.jl:576
 [5] include(::String) at ./sysimg.jl:14
 [6] anonymous at ./<missing>:2
while loading /home/vagrant/.julia/v0.6/DataDeps/src/DataDeps.jl, in expression starting on line 4
ERROR: LoadError: LoadError: Failed to precompile DataDeps to /home/vagrant/.julia/lib/v0.6/DataDeps.ji.
Stacktrace:
 [1] compilecache(::String) at ./loading.jl:710
 [2] _require(::Symbol) at ./loading.jl:463
 [3] require(::Symbol) at ./loading.jl:405
 [4] include_from_node1(::String) at ./loading.jl:576
 [5] include(::String) at ./sysimg.jl:14
 [6] include_from_node1(::String) at ./loading.jl:576
 [7] include(::String) at ./sysimg.jl:14
 [8] anonymous at ./<missing>:2
while loading /home/vagrant/.julia/v0.6/MLDatasets/src/download.jl, in expression starting on line 2
while loading /home/vagrant/.julia/v0.6/MLDatasets/src/MLDatasets.jl, in expression starting on line 12
ERROR: LoadError: Failed to precompile MLDatasets to /home/vagrant/.julia/lib/v0.6/MLDatasets.ji.
Stacktrace:
 [1] compilecache(::String) at ./loading.jl:710
 [2] _require(::Symbol) at ./loading.jl:497
 [3] require(::Symbol) at ./loading.jl:405
 [4] include_from_node1(::String) at ./loading.jl:576
 [5] include(::String) at ./sysimg.jl:14
 [6] process_options(::Base.JLOptions) at ./client.jl:305
 [7] _start() at ./client.jl:371
while loading /home/vagrant/.julia/v0.6/MLDatasets/test/runtests.jl, in expression starting on line 2
=============================[ ERROR: MLDatasets ]==============================

failed process: Process(`/home/vagrant/julia/bin/julia -Cx86-64 -J/home/vagrant/julia/lib/julia/sys.so --compile=yes --depwarn=yes --check-bounds=yes --code-coverage=none --color=no --compilecache=yes /home/vagrant/.julia/v0.6/MLDatasets/test/runtests.jl`, ProcessExited(1)) [1]

================================================================================
ERROR: MLDatasets had test errors

>>> End of log
