This package can't be automatically tested - see package's README.
INFO: Cloning cache of Mosek from git://github.com/JuliaOpt/Mosek.jl.git
INFO: Installing BinDeps v0.2.12
INFO: Installing MathProgBase v0.1.6
INFO: Installing Mosek v0.0.1
INFO: Installing URIParser v0.0.2
INFO: Building Mosek
INFO: Attempting to Create directory /home/idunning/pkgtest/.julia/v0.2/Mosek/deps/downloads
INFO: Downloading file http://download.mosek.com/stable/7/mosektoolslinux64x86.tar.bz2
  % Total    % Received % Xferd  Average Speed   Time    Time     Time  Current
                                 Dload  Upload   Total   Spent    Left  Speed
  0     0    0     0    0     0      0      0 --:--:-- --:--:-- --:--:--     0 84 29.8M   84 25.1M    0     0  33.2M      0 --:--:-- --:--:-- --:--:-- 33.2M100 29.8M  100 29.8M    0     0  31.2M      0 --:--:-- --:--:-- --:--:-- 31.2M
INFO: Done downloading file http://download.mosek.com/stable/7/mosektoolslinux64x86.tar.bz2
INFO: Attempting to Create directory /home/idunning/pkgtest/.julia/v0.2/Mosek/deps/src
INFO: Attempting to Create directory /home/idunning/pkgtest/.julia/v0.2/Mosek/deps
INFO: Directory /home/idunning/pkgtest/.julia/v0.2/Mosek/deps already created
INFO: Attempting to Create directory /home/idunning/pkgtest/.julia/v0.2/Mosek/deps/src/mosek
INFO: Attempting to Create directory /home/idunning/pkgtest/.julia/v0.2/Mosek/deps/usr/lib
INFO: REQUIRE updated.
INFO: REQUIRE updated.
