>>> 'Pkg.add("MP3")' log
INFO: Cloning cache of MP3 from https://github.com/JuliaAudio/MP3.jl.git
INFO: Installing BinDeps v0.6.0
INFO: Installing DSP v0.2.0
INFO: Installing FileIO v0.3.1
INFO: Installing FixedPointNumbers v0.3.8
INFO: Installing MP3 v0.0.1
INFO: Installing Polynomials v0.1.5
INFO: Installing Reexport v0.0.3
INFO: Installing SHA v0.3.2
INFO: Installing SIUnits v0.1.0
INFO: Installing SampledSignals v0.2.1
INFO: Installing SpecialFunctions v0.1.1
INFO: Installing TexExtensions v0.0.3
INFO: Installing URIParser v0.1.8
INFO: Building MP3
WARNING: `@osx_only` is deprecated, use `@static if is_apple()` instead
 in depwarn(::String, ::Symbol) at ./deprecated.jl:64
 in @osx_only(::Any) at ./deprecated.jl:497
 in include_from_node1(::String) at ./loading.jl:488
 in evalfile(::String, ::Array{String,1}) at ./loading.jl:504 (repeats 2 times)
 in cd(::##2#4, ::String) at ./file.jl:59
 in (::##1#3)(::IOStream) at ./none:13
 in open(::##1#3, ::String, ::String) at ./iostream.jl:113
 in eval(::Module, ::Any) at ./boot.jl:234
 in process_options(::Base.JLOptions) at ./client.jl:242
 in _start() at ./client.jl:321
while loading /home/vagrant/.julia/v0.5/MP3/deps/build.jl, in expression starting on line 11
Installing dependency libmpg123-dev via `sudo apt-get install libmpg123-dev`:
Reading package lists...
Building dependency tree...
Reading state information...
The following extra packages will be installed:
  libmpg123-0
The following NEW packages will be installed:
  libmpg123-0 libmpg123-dev
0 upgraded, 2 newly installed, 0 to remove and 0 not upgraded.
1 not fully installed or removed.
Need to get 138 kB of archives.
After this operation, 485 kB of additional disk space will be used.
Get:1 http://archive.ubuntu.com/ubuntu/ trusty/universe libmpg123-0 amd64 1.16.0-1ubuntu1 [111 kB]
Get:2 http://archive.ubuntu.com/ubuntu/ trusty/universe libmpg123-dev amd64 1.16.0-1ubuntu1 [27.3 kB]
dpkg-preconfigure: unable to re-open stdin: No such file or directory
Fetched 138 kB in 0s (315 kB/s)
Selecting previously unselected package libmpg123-0:amd64.
(Reading database ... 73300 files and directories currently installed.)
Preparing to unpack .../libmpg123-0_1.16.0-1ubuntu1_amd64.deb ...
Unpacking libmpg123-0:amd64 (1.16.0-1ubuntu1) ...
Selecting previously unselected package libmpg123-dev:amd64.
Preparing to unpack .../libmpg123-dev_1.16.0-1ubuntu1_amd64.deb ...
Unpacking libmpg123-dev:amd64 (1.16.0-1ubuntu1) ...
Setting up oracle-java7-installer (7u80+7u60arm-0~webupd8~1) ...
Downloading Oracle Java 7...
--2017-05-23 07:49:49--  http://download.oracle.com/otn-pub/java/jdk/7u80-b15/jdk-7u80-linux-x64.tar.gz
Resolving download.oracle.com (download.oracle.com)... 104.96.210.53, 104.96.210.29
Connecting to download.oracle.com (download.oracle.com)|104.96.210.53|:80... connected.
HTTP request sent, awaiting response... 302 Moved Temporarily
Location: https://edelivery.oracle.com/otn-pub/java/jdk/7u80-b15/jdk-7u80-linux-x64.tar.gz [following]
--2017-05-23 07:49:49--  https://edelivery.oracle.com/otn-pub/java/jdk/7u80-b15/jdk-7u80-linux-x64.tar.gz
Resolving edelivery.oracle.com (edelivery.oracle.com)... 104.96.204.183, 2600:1400:d:181::2d3e, 2600:1400:d:185::2d3e
Connecting to edelivery.oracle.com (edelivery.oracle.com)|104.96.204.183|:443... connected.
HTTP request sent, awaiting response... 302 Moved Temporarily
Location: http://download.oracle.com/otn-pub/java/jdk/7u80-b15/jdk-7u80-linux-x64.tar.gz?AuthParam=1495525910_5cd85327130e8f1584a5aca0c4341792 [following]
--2017-05-23 07:49:50--  http://download.oracle.com/otn-pub/java/jdk/7u80-b15/jdk-7u80-linux-x64.tar.gz?AuthParam=1495525910_5cd85327130e8f1584a5aca0c4341792
Connecting to download.oracle.com (download.oracle.com)|104.96.210.53|:80... connected.
HTTP request sent, awaiting response... 404 Not Found
2017-05-23 07:49:50 ERROR 404: Not Found.

download failed
Oracle JDK 7 is NOT installed.
dpkg: error processing package oracle-java7-installer (--configure):
 subprocess installed post-installation script returned error exit status 1
Setting up libmpg123-0:amd64 (1.16.0-1ubuntu1) ...
Setting up libmpg123-dev:amd64 (1.16.0-1ubuntu1) ...
Processing triggers for libc-bin (2.19-0ubuntu6.11) ...
Errors were encountered while processing:
 oracle-java7-installer
E: Sub-process /usr/bin/dpkg returned an error code (1)
=================================[ ERROR: MP3 ]=================================

LoadError: failed process: Process(`sudo apt-get install libmpg123-dev`, ProcessExited(100)) [100]
while loading /home/vagrant/.julia/v0.5/MP3/deps/build.jl, in expression starting on line 20

================================================================================

================================[ BUILD ERRORS ]================================

WARNING: MP3 had build errors.

 - packages with build errors remain installed in /home/vagrant/.julia/v0.5
 - build the package(s) and all dependencies with `Pkg.build("MP3")`
 - build a single package by running its `deps/build.jl` script

================================================================================
INFO: Package database updated
INFO: METADATA is out-of-date — you may not have the latest version of MP3
INFO: Use `Pkg.update()` to get the latest versions of your packages

>>> 'Pkg.test("MP3")' log
Julia Version 0.5.2
Commit f4c6c9d (2017-05-06 16:34 UTC)
Platform Info:
  OS: Linux (x86_64-pc-linux-gnu)
  CPU: Intel(R) Xeon(R) CPU E3-1241 v3 @ 3.50GHz
  WORD_SIZE: 64
           Ubuntu 14.04.5 LTS
  uname: Linux 3.13.0-119-generic #166-Ubuntu SMP Wed May 3 12:18:55 UTC 2017 x86_64 x86_64
Memory: 2.9392738342285156 GB (428.41796875 MB free)
Uptime: 12483.0 sec
Load Avg:  1.23828125  1.2861328125  1.1083984375
Intel(R) Xeon(R) CPU E3-1241 v3 @ 3.50GHz: 
       speed         user         nice          sys         idle          irq
#1  3499 MHz     684905 s         65 s      57809 s     369289 s         10 s
#2  3499 MHz     190532 s       6582 s      29932 s     999341 s          0 s

  BLAS: libopenblas (USE64BITINT DYNAMIC_ARCH NO_AFFINITY Nehalem)
  LAPACK: libopenblas64_
  LIBM: libopenlibm
  LLVM: libLLVM-3.7.1 (ORCJIT, haswell)
Environment:
  TERM = vt100
  LD_LIBRARY_PATH = :/usr/local/lib/
  PATH = /usr/local/sbin:/usr/local/bin:/usr/sbin:/usr/bin:/sbin:/bin:/usr/games:/usr/local/games:/home/vagrant/julia/bin/
  JAVA_HOME = /usr/lib/jvm/java-7-oracle
  HOME = /home/vagrant

Package Directory: /home/vagrant/.julia/v0.5
2 required packages:
 - JSON                          0.12.0
 - MP3                           0.0.1
13 additional packages:
 - BinDeps                       0.6.0
 - Compat                        0.25.2
 - DSP                           0.2.0
 - FileIO                        0.3.1
 - FixedPointNumbers             0.3.8
 - Polynomials                   0.1.5
 - Reexport                      0.0.3
 - SHA                           0.3.2
 - SIUnits                       0.1.0
 - SampledSignals                0.2.1
 - SpecialFunctions              0.1.1
 - TexExtensions                 0.0.3
 - URIParser                     0.1.8
INFO: Computing test dependencies for MP3...
INFO: Installing BaseTestNext v0.2.2
INFO: Testing MP3
ERROR: LoadError: MP3 is not properly installed. Please run: Pkg.build("MP3")
 in error(::String) at ./error.jl:21
 in include_from_node1(::String) at ./loading.jl:488
 in macro expansion; at ./none:2 [inlined]
 in anonymous at ./<missing>:?
 in eval(::Module, ::Any) at ./boot.jl:234
 in process_options(::Base.JLOptions) at ./client.jl:242
 in _start() at ./client.jl:321
while loading /home/vagrant/.julia/v0.5/MP3/src/MP3.jl, in expression starting on line 6
ERROR: LoadError: Failed to precompile MP3 to /home/vagrant/.julia/lib/v0.5/MP3.ji.
 in compilecache(::String) at ./loading.jl:593
 in require(::Symbol) at ./loading.jl:422
 in include_from_node1(::String) at ./loading.jl:488
 in process_options(::Base.JLOptions) at ./client.jl:265
 in _start() at ./client.jl:321
while loading /home/vagrant/.julia/v0.5/MP3/test/runtests.jl, in expression starting on line 1
=================================[ ERROR: MP3 ]=================================

failed process: Process(`/home/vagrant/julia/bin/julia -Cx86-64 -J/home/vagrant/julia/lib/julia/sys.so --compile=yes --depwarn=yes --check-bounds=yes --code-coverage=none --color=no --compilecache=yes /home/vagrant/.julia/v0.5/MP3/test/runtests.jl`, ProcessExited(1)) [1]

================================================================================
INFO: Removing BaseTestNext v0.2.2
ERROR: MP3 had test errors
 in #test#61(::Bool, ::Function, ::Array{AbstractString,1}) at ./pkg/entry.jl:748
 in (::Base.Pkg.Entry.#kw##test)(::Array{Any,1}, ::Base.Pkg.Entry.#test, ::Array{AbstractString,1}) at ./<missing>:0
 in (::Base.Pkg.Dir.##2#3{Array{Any,1},Base.Pkg.Entry.#test,Tuple{Array{AbstractString,1}}})() at ./pkg/dir.jl:31
 in cd(::Base.Pkg.Dir.##2#3{Array{Any,1},Base.Pkg.Entry.#test,Tuple{Array{AbstractString,1}}}, ::String) at ./file.jl:59
 in #cd#1(::Array{Any,1}, ::Function, ::Function, ::Array{AbstractString,1}, ::Vararg{Array{AbstractString,1},N}) at ./pkg/dir.jl:31
 in (::Base.Pkg.Dir.#kw##cd)(::Array{Any,1}, ::Base.Pkg.Dir.#cd, ::Function, ::Array{AbstractString,1}, ::Vararg{Array{AbstractString,1},N}) at ./<missing>:0
 in #test#3(::Bool, ::Function, ::String, ::Vararg{String,N}) at ./pkg/pkg.jl:258
 in test(::String, ::Vararg{String,N}) at ./pkg/pkg.jl:258
 in eval(::Module, ::Any) at ./boot.jl:234
 in process_options(::Base.JLOptions) at ./client.jl:242
 in _start() at ./client.jl:321

>>> End of log
