>>> 'Pkg.add("MsgPack")' log
[ Info: Cloning cache of MsgPack from https://github.com/JuliaIO/MsgPack.jl.git @ Base.Pkg.Cache cache.jl:43
[ Info: Installing MsgPack v0.1.1 @ Base.Pkg.Entry entry.jl:543
[ Info: Removing BinDeps v0.8.2 @ Base.Pkg.Entry entry.jl:546
[ Info: Removing BufferedStreams v0.3.3 @ Base.Pkg.Entry entry.jl:546
[ Info: Removing Codecs v0.4.0 @ Base.Pkg.Entry entry.jl:546
[ Info: Removing DataArrays v0.6.2 @ Base.Pkg.Entry entry.jl:546
[ Info: Removing DataFrames v0.10.1 @ Base.Pkg.Entry entry.jl:546
[ Info: Removing DataStructures v0.7.3 @ Base.Pkg.Entry entry.jl:546
[ Info: Removing FileIO v0.6.1 @ Base.Pkg.Entry entry.jl:546
[ Info: Removing Formatting v0.3.0 @ Base.Pkg.Entry entry.jl:546
[ Info: Removing GZip v0.3.0 @ Base.Pkg.Entry entry.jl:546
[ Info: Removing HttpCommon v0.3.0 @ Base.Pkg.Entry entry.jl:546
[ Info: Removing HttpParser v0.3.0 @ Base.Pkg.Entry entry.jl:546
[ Info: Removing Libz v0.2.4 @ Base.Pkg.Entry entry.jl:546
[ Info: Removing LightXML v0.5.0 @ Base.Pkg.Entry entry.jl:546
[ Info: Removing MbedTLS v0.5.2 @ Base.Pkg.Entry entry.jl:546
[ Info: Removing Reexport v0.1.0 @ Base.Pkg.Entry entry.jl:546
[ Info: Removing Requests v0.5.1 @ Base.Pkg.Entry entry.jl:546
[ Info: Removing SHA v0.5.2 @ Base.Pkg.Entry entry.jl:546
[ Info: Removing SortingAlgorithms v0.2.0 @ Base.Pkg.Entry entry.jl:546
[ Info: Removing SpecialFunctions v0.3.6 @ Base.Pkg.Entry entry.jl:546
[ Info: Removing StatsBase v0.19.4 @ Base.Pkg.Entry entry.jl:546
[ Info: Removing URIParser v0.3.0 @ Base.Pkg.Entry entry.jl:546
[ Info: Package database updated @ Base.Pkg.Entry entry.jl:32
┌ Info: METADATA is out-of-date — you may not have the latest version of MsgPack
│ Use `Pkg.update()` to get the latest versions of your packages
└ @ Base.Pkg.Entry entry.jl:74

>>> 'Pkg.test("MsgPack")' log
Julia Version 0.7.0-DEV.3246
Commit 2138144d3a (2018-01-04 02:34 UTC)
Platform Info:
  OS: Linux (x86_64-pc-linux-gnu)
      Ubuntu 14.04.5 LTS
  uname: Linux 3.13.0-135-generic #184-Ubuntu SMP Wed Oct 18 11:55:51 UTC 2017 x86_64 x86_64
  CPU: Intel(R) Xeon(R) CPU E3-1241 v3 @ 3.50GHz: 
              speed         user         nice          sys         idle          irq
       #1  3507 MHz    1590722 s        105 s      85284 s     510734 s         17 s
       #2  3507 MHz     369910 s         62 s      37878 s    2100612 s          0 s
       
  Memory: 2.93927001953125 GB (847.58203125 MB free)
  Uptime: 25597.0 sec
  Load Avg:  0.9970703125  0.9853515625  1.0400390625
  WORD_SIZE: 64
  BLAS: libopenblas (USE64BITINT DYNAMIC_ARCH NO_AFFINITY Nehalem)
  LAPACK: libopenblas64_
  LIBM: libopenlibm
  LLVM: libLLVM-3.9.1 (ORCJIT, haswell)
Environment:
  TERM = vt100
  LD_LIBRARY_PATH = :/usr/local/lib/
  PATH = /usr/local/sbin:/usr/local/bin:/usr/sbin:/usr/bin:/sbin:/bin:/usr/games:/usr/local/games:/home/vagrant/julia/bin/
  JAVA_HOME = /usr/lib/jvm/java-8-openjdk-amd64
  HOME = /home/vagrant
Packages:
  Package Directory: /home/vagrant/.julia/v0.7
  Package Status:
2 required packages:
 - JSON                          0.16.3
 - MsgPack                       0.1.1
2 additional packages:
 - Compat                        0.42.0
 - Nullables                     0.0.2
[ Info: Testing MsgPack @ Base.Pkg.Entry entry.jl:723
┌ Warning: Deprecated syntax `immutable` at /home/vagrant/.julia/v0.7/MsgPack/src/MsgPack.jl:44.
│ Use `struct` instead.
└ @ nothing MsgPack.jl:44
WARNING: importing deprecated binding Base.Void into MsgPack.
WARNING: Base.Void is deprecated, use Nothing instead.
  likely near /home/vagrant/.julia/v0.7/MsgPack/src/MsgPack.jl:177
WARNING: Base.Test is deprecated, run `using Test` instead.
  likely near /home/vagrant/.julia/v0.7/MsgPack/test/runtests.jl:2
┌ Warning: Strings can no longer be `convert`ed to byte arrays. Use `unsafe_wrap` or `codeunits` instead.
│   caller = ip:0x0
└ @ Core :-1
[ Info: MsgPack tests passed @ Base.Pkg.Entry entry.jl:737

>>> End of log
