>>> 'Pkg.add("MultivariateAnomalies")' log
INFO: Cloning cache of MultivariateAnomalies from https://github.com/milanflach/MultivariateAnomalies.jl.git
INFO: Installing BinDeps v0.6.0
INFO: Installing Combinatorics v0.4.1
INFO: Installing DataStructures v0.7.2
INFO: Installing Distances v0.5.0
INFO: Installing IterTools v0.1.0
INFO: Installing LIBLINEAR v0.3.0
INFO: Installing LIBSVM v0.1.0
INFO: Installing MultivariateAnomalies v0.1.2
INFO: Installing MultivariateStats v0.4.0
INFO: Installing Polynomials v0.1.6
INFO: Installing SHA v0.5.1
INFO: Installing ScikitLearnBase v0.3.0
INFO: Installing SpecialFunctions v0.3.3
INFO: Installing StatsBase v0.19.0
INFO: Installing URIParser v0.2.0
INFO: Building LIBLINEAR
INFO: Building LIBSVM
INFO: Building SpecialFunctions
INFO: Package database updated
INFO: METADATA is out-of-date — you may not have the latest version of MultivariateAnomalies
INFO: Use `Pkg.update()` to get the latest versions of your packages

>>> 'Pkg.test("MultivariateAnomalies")' log
Julia Version 0.6.0
Commit 9036443 (2017-06-19 13:05 UTC)
Platform Info:
  OS: Linux (x86_64-pc-linux-gnu)
  CPU: Intel(R) Xeon(R) CPU E3-1241 v3 @ 3.50GHz
  WORD_SIZE: 64
           Ubuntu 14.04.5 LTS
  uname: Linux 3.13.0-132-generic #181-Ubuntu SMP Wed Sep 13 13:25:03 UTC 2017 x86_64 x86_64
Memory: 2.93927001953125 GB (1267.4140625 MB free)
Uptime: 21605.0 sec
Load Avg:  1.0830078125  1.03125  1.05078125
Intel(R) Xeon(R) CPU E3-1241 v3 @ 3.50GHz: 
       speed         user         nice          sys         idle          irq
#1  3504 MHz    1426027 s         65 s      67041 s     287642 s          7 s
#2  3504 MHz     225277 s       6086 s      36668 s    1865356 s          0 s

  BLAS: libopenblas (USE64BITINT DYNAMIC_ARCH NO_AFFINITY Nehalem)
  LAPACK: libopenblas64_
  LIBM: libopenlibm
  LLVM: libLLVM-3.9.1 (ORCJIT, haswell)
Environment:
  TERM = vt100
  LD_LIBRARY_PATH = :/usr/local/lib/
  PATH = /usr/local/sbin:/usr/local/bin:/usr/sbin:/usr/bin:/sbin:/bin:/usr/games:/usr/local/games:/home/vagrant/julia/bin/
  JAVA_HOME = /usr/lib/jvm/java-8-openjdk-amd64
  HOME = /home/vagrant

Package Directory: /home/vagrant/.julia/v0.6
2 required packages:
 - JSON                          0.14.0
 - MultivariateAnomalies         0.1.2
15 additional packages:
 - BinDeps                       0.6.0
 - Combinatorics                 0.4.1
 - Compat                        0.32.0
 - DataStructures                0.7.2
 - Distances                     0.5.0
 - IterTools                     0.1.0
 - LIBLINEAR                     0.3.0
 - LIBSVM                        0.1.0
 - MultivariateStats             0.4.0
 - Polynomials                   0.1.6
 - SHA                           0.5.1
 - ScikitLearnBase               0.3.0
 - SpecialFunctions              0.3.3
 - StatsBase                     0.19.0
 - URIParser                     0.2.0
INFO: Testing MultivariateAnomalies
INFO: MultivariateAnomalies tests passed

>>> End of log
