>>> 'Pkg.add("MultiPoly")' log
INFO: Cloning cache of MultiPoly from git://github.com/daviddelaat/MultiPoly.jl.git
INFO: Installing DataStructures v0.3.9
INFO: Installing Docile v0.5.9
INFO: Installing MultiPoly v0.0.1
INFO: Package database updated

>>> 'Pkg.test("MultiPoly")' log
Julia Version 0.4.0-dev+5511
Commit 1e081b7 (2015-06-22 05:05 UTC)
Platform Info:
  System: Linux (x86_64-unknown-linux-gnu)
  CPU: Intel(R) Xeon(R) CPU E5-2650 0 @ 2.00GHz
  WORD_SIZE: 64
  BLAS: libopenblas (USE64BITINT DYNAMIC_ARCH NO_AFFINITY Nehalem)
  LAPACK: libopenblas
  LIBM: libopenlibm
  LLVM: libLLVM-3.3
INFO: Testing MultiPoly
Warning: New definition 
    serialize(Any, DataStructures.HashDict) at /home/vagrant/.julia/v0.4/DataStructures/src/hashdict.jl:91
is ambiguous with: 
    serialize(Base.SerializationState, Any) at serialize.jl:399.
To fix, define 
    serialize(Base.SerializationState, DataStructures.HashDict)
before the new definition.
Warning: New definition 
    serialize(Any, DataStructures.HashDict) at /home/vagrant/.julia/v0.4/DataStructures/src/hashdict.jl:91
is ambiguous with: 
    serialize(Base.IO, Any) at serialize.jl:421.
To fix, define 
    serialize(Base.IO, DataStructures.HashDict)
before the new definition.
Warning: New definition 
    deserialize(Any, Type{DataStructures.HashDict{#K<:Any, #V<:Any, #O<:Any}}) at /home/vagrant/.julia/v0.4/DataStructures/src/hashdict.jl:100
is ambiguous with: 
    deserialize(Base.SerializationState, DataType) at serialize.jl:653.
To fix, define 
    deserialize(Base.SerializationState, Type{DataStructures.HashDict{#K<:Any, #V<:Any, #O<:Any}})
before the new definition.
INFO: MultiPoly tests passed
INFO: No packages to install, update or remove

>>> End of log
