>>> 'Pkg.add("MultiNest")' log
[ Info: Cloning cache of MultiNest from https://github.com/ntessore/MultiNest.jl.git @ Base.Pkg.Cache cache.jl:43
[ Info: Installing MultiNest v0.2.0 @ Base.Pkg.Entry entry.jl:543
[ Info: Package database updated @ Base.Pkg.Entry entry.jl:32
┌ Info: METADATA is out-of-date — you may not have the latest version of MultiNest
│ Use `Pkg.update()` to get the latest versions of your packages
└ @ Base.Pkg.Entry entry.jl:74

>>> 'Pkg.test("MultiNest")' log
Julia Version 0.7.0-DEV.3299
Commit fb527308bb (2018-01-05 19:41 UTC)
Platform Info:
  OS: Linux (x86_64-pc-linux-gnu)
      Ubuntu 14.04.5 LTS
  uname: Linux 3.13.0-135-generic #184-Ubuntu SMP Wed Oct 18 11:55:51 UTC 2017 x86_64 x86_64
  CPU: Intel(R) Xeon(R) CPU E3-1241 v3 @ 3.50GHz: 
              speed         user         nice          sys         idle          irq
       #1  3500 MHz    3873398 s        111 s     188016 s     893974 s         20 s
       #2  3500 MHz     706729 s         72 s      70561 s    4987516 s          0 s
       
  Memory: 2.93927001953125 GB (816.51953125 MB free)
  Uptime: 58449.0 sec
  Load Avg:  0.9833984375  0.96875  0.99169921875
  WORD_SIZE: 64
  BLAS: libopenblas (USE64BITINT DYNAMIC_ARCH NO_AFFINITY Nehalem)
  LAPACK: libopenblas64_
  LIBM: libopenlibm
  LLVM: libLLVM-3.9.1 (ORCJIT, haswell)
Environment:
  TERM = vt100
  LD_LIBRARY_PATH = :/usr/local/lib/
  PATH = /usr/local/sbin:/usr/local/bin:/usr/sbin:/usr/bin:/sbin:/bin:/usr/games:/usr/local/games:/home/vagrant/julia/bin/
  JAVA_HOME = /usr/lib/jvm/java-8-openjdk-amd64
  HOME = /home/vagrant
Packages:
  Package Directory: /home/vagrant/.julia/v0.7
  Package Status:
2 required packages:
 - JSON                          0.16.3
 - MultiNest                     0.2.0
2 additional packages:
 - Compat                        0.42.0
 - Nullables                     0.0.2
[ Info: Testing MultiNest @ Base.Pkg.Entry entry.jl:723
cc -fPIC -shared -o libmultinest.so libmultinest-mock.c
ERROR: LoadError: UndefVarError: DL_LOAD_PATH not defined
Stacktrace:
 [1] top-level scope
 [2] include at ./boot.jl:295 [inlined]
 [3] include_relative(::Module, ::String) at ./loading.jl:521
 [4] include(::Module, ::String) at ./sysimg.jl:26
 [5] process_options(::Base.JLOptions) at ./client.jl:323
 [6] _start() at ./client.jl:374
in expression starting at /home/vagrant/.julia/v0.7/MultiNest/test/runtests.jl:5
┌ Error: ------------------------------------------------------------
│ # Testing failed for MultiNest
│   exception = ErrorException("failed process: Process(`/home/vagrant/julia/bin/julia -Cnative -J/home/vagrant/julia/lib/julia/sys.so --compile=yes --depwarn=yes --code-coverage=none --color=no --compiled-modules=yes --check-bounds=yes --warn-overwrite=yes --startup-file=yes /home/vagrant/.julia/v0.7/MultiNest/test/runtests.jl`, ProcessExited(1)) [1]")
└ @ Base.Pkg.Entry entry.jl:739
ERROR: MultiNest had test errors

>>> End of log
