>>> 'Pkg.add("MultivariatePolynomials")' log
INFO: Installing MultivariatePolynomials v0.1.1
INFO: Package database updated

>>> 'Pkg.test("MultivariatePolynomials")' log
Julia Version 0.6.2
Commit d386e40c17 (2017-12-13 18:08 UTC)
Platform Info:
  OS: Linux (x86_64-pc-linux-gnu)
  CPU: Intel(R) Xeon(R) CPU E3-1241 v3 @ 3.50GHz
  WORD_SIZE: 64
           Ubuntu 14.04.5 LTS
  uname: Linux 3.13.0-135-generic #184-Ubuntu SMP Wed Oct 18 11:55:51 UTC 2017 x86_64 x86_64
Memory: 2.93927001953125 GB (743.34375 MB free)
Uptime: 31590.0 sec
Load Avg:  0.94677734375  0.96142578125  1.0078125
Intel(R) Xeon(R) CPU E3-1241 v3 @ 3.50GHz: 
       speed         user         nice          sys         idle          irq
#1  3499 MHz    1901662 s        106 s      93009 s     713597 s         32 s
#2  3499 MHz     536136 s       6432 s      61252 s    2502152 s          0 s

  BLAS: libopenblas (USE64BITINT DYNAMIC_ARCH NO_AFFINITY Nehalem)
  LAPACK: libopenblas64_
  LIBM: libopenlibm
  LLVM: libLLVM-3.9.1 (ORCJIT, haswell)
Environment:
  TERM = vt100
  LD_LIBRARY_PATH = :/usr/local/lib/
  PATH = /usr/local/sbin:/usr/local/bin:/usr/sbin:/usr/bin:/sbin:/bin:/usr/games:/usr/local/games:/home/vagrant/julia/bin/
  JAVA_HOME = /usr/lib/jvm/java-8-openjdk-amd64
  HOME = /home/vagrant

Package Directory: /home/vagrant/.julia/v0.6
2 required packages:
 - JSON                          0.16.3
 - MultivariatePolynomials       0.1.1
2 additional packages:
 - Compat                        0.41.0
 - Nullables                     0.0.1
INFO: Computing test dependencies for MultivariatePolynomials...
INFO: Installing BenchmarkTools v0.2.3
INFO: Installing DynamicPolynomials v0.0.2
INFO: Testing MultivariatePolynomials
Test Summary: | Pass  Total
zip tests     |    9      9
Test Summary: | Pass  Total
Variable      |   44     44
Test Summary: | Pass  Total
Monomial      |   57     57
Test Summary: | Pass  Total
Term          |   60     60
Test Summary:   | Pass  Total
Monomial Vector |   41     41
Test Summary: | Pass  Total
Polynomial    |  108    108
Test Summary: | Pass  Total
RationalPoly  |   12     12
Test Summary: | Pass  Total
Promotion     |   16     16
Test Summary: | Pass  Total
Hashing       |   15     15
Test Summary:      | Pass  Total
Norm of polynomial |    4      4
Test Summary: | Pass  Total
Algebra       |   25     25
Test Summary: | Pass  Total
Comparison    |   71     71
Test Summary: | Pass  Total
Substitution  |   23     23
Test Summary:   | Pass  Total
Differentiation |   20     20
Test Summary: | Pass  Total
Division      |   41     41
Test Summary: | Pass  Total
Show          |   23     23
Test Summary: | Pass  Total
Example 1     |    5      5
Test Summary: | Pass  Total
Example 2     |    3      3
Test Summary:            | Pass  Total
Non-commutative Monomial |   15     15
Test Summary:                  | Pass  Total
Non-commutative MonomialVector |   59     59
Test Summary:                                        | Pass  Total
Product with non-commutative monomials and variables |   37     37
Test Summary:           | Pass  Total
Comparison of monomials |    2      2
INFO: MultivariatePolynomials tests passed
INFO: Removing BenchmarkTools v0.2.3
INFO: Removing DynamicPolynomials v0.0.2

>>> End of log
