>>> 'Pkg.add("MurmurHash3")' log
INFO: Cloning cache of MurmurHash3 from https://github.com/JuliaString/MurmurHash3.jl.git
INFO: Installing MurmurHash3 v0.1.3
INFO: Package database updated
INFO: METADATA is out-of-date — you may not have the latest version of MurmurHash3
INFO: Use `Pkg.update()` to get the latest versions of your packages

>>> 'Pkg.test("MurmurHash3")' log
Julia Version 0.6.4
Commit 9d11f62bcb (2018-07-09 19:09 UTC)
Platform Info:
  OS: Linux (x86_64-pc-linux-gnu)
  CPU: Intel(R) Xeon(R) CPU E3-1241 v3 @ 3.50GHz
  WORD_SIZE: 64
           Ubuntu 14.04.5 LTS
  uname: Linux 3.13.0-143-generic #192-Ubuntu SMP Tue Feb 27 10:45:36 UTC 2018 x86_64 x86_64
Memory: 2.939197540283203 GB (891.17578125 MB free)
Uptime: 74394.0 sec
Load Avg:  1.00439453125  1.0146484375  1.041015625
Intel(R) Xeon(R) CPU E3-1241 v3 @ 3.50GHz: 
       speed         user         nice          sys         idle          irq
#1  3501 MHz    4570988 s        134 s     343890 s    1328123 s         32 s
#2  3501 MHz     672420 s       4435 s     114610 s    6536897 s          0 s

  BLAS: libopenblas (USE64BITINT DYNAMIC_ARCH NO_AFFINITY Nehalem MAX_THREADS=16)
  LAPACK: libopenblas64_
  LIBM: libopenlibm
  LLVM: libLLVM-3.9.1 (ORCJIT, haswell)
Environment:
  TERM = vt100
  LD_LIBRARY_PATH = :/usr/local/lib/
  PATH = /usr/local/sbin:/usr/local/bin:/usr/sbin:/usr/bin:/sbin:/bin:/usr/games:/usr/local/games:/home/vagrant/julia/bin/
  JAVA_HOME = /usr/lib/jvm/java-8-openjdk-amd64
  HOME = /home/vagrant

Package Directory: /home/vagrant/.julia/v0.6
2 required packages:
 - JSON                          0.17.2
 - MurmurHash3                   0.1.3
22 additional packages:
 - Compat                        1.0.0
 - DataStructures                0.8.4
 - DataValues                    0.3.3
 - IndexedTables                 0.7.3+             master
 - IteratorInterfaceExtensions   0.0.2
 - LearnBase                     0.1.6
 - LossFunctions                 0.2.0
 - Missings                      0.2.10
 - NamedTuples                   4.0.2
 - Nullables                     0.0.6
 - OnlineStats                   0.18.0
 - OnlineStatsBase               0.8.0
 - PenaltyFunctions              0.0.2
 - PooledArrays                  0.2.2
 - RecipesBase                   0.3.1
 - Reexport                      0.1.0
 - SortingAlgorithms             0.2.1
 - StatsBase                     0.23.1
 - SweepOperator                 0.1.0
 - TableTraits                   0.2.0
 - TableTraitsUtils              0.1.3
 - WeakRefStrings                0.4.7
INFO: Testing MurmurHash3
Test Summary: | Pass  Total
MurmurHash3   |    4      4
INFO: MurmurHash3 tests passed

>>> End of log
