>>> 'Pkg.add("Murmur3")' log
[ Info: Cloning cache of Murmur3 from https://github.com/rjagerman/Murmur3.jl.git @ Base.Pkg.Cache cache.jl:43
[ Info: Cloning cache of Switch from https://github.com/dcjones/Switch.jl.git @ Base.Pkg.Cache cache.jl:43
[ Info: Installing Murmur3 v0.2.0 @ Base.Pkg.Entry entry.jl:543
[ Info: Installing Switch v0.0.1 @ Base.Pkg.Entry entry.jl:543
[ Info: Package database updated @ Base.Pkg.Entry entry.jl:32
┌ Info: METADATA is out-of-date — you may not have the latest version of Murmur3
│ Use `Pkg.update()` to get the latest versions of your packages
└ @ Base.Pkg.Entry entry.jl:74

>>> 'Pkg.test("Murmur3")' log
Julia Version 0.7.0-DEV.3246
Commit 2138144d3a (2018-01-04 02:34 UTC)
Platform Info:
  OS: Linux (x86_64-pc-linux-gnu)
      Ubuntu 14.04.5 LTS
  uname: Linux 3.13.0-135-generic #184-Ubuntu SMP Wed Oct 18 11:55:51 UTC 2017 x86_64 x86_64
  CPU: Intel(R) Xeon(R) CPU E3-1241 v3 @ 3.50GHz: 
              speed         user         nice          sys         idle          irq
       #1  3507 MHz    1738622 s        105 s      91688 s     542199 s         18 s
       #2  3507 MHz     398696 s         62 s      40075 s    2285145 s          0 s
       
  Memory: 2.93927001953125 GB (807.1015625 MB free)
  Uptime: 27787.0 sec
  Load Avg:  0.994140625  0.984375  1.0078125
  WORD_SIZE: 64
  BLAS: libopenblas (USE64BITINT DYNAMIC_ARCH NO_AFFINITY Nehalem)
  LAPACK: libopenblas64_
  LIBM: libopenlibm
  LLVM: libLLVM-3.9.1 (ORCJIT, haswell)
Environment:
  TERM = vt100
  LD_LIBRARY_PATH = :/usr/local/lib/
  PATH = /usr/local/sbin:/usr/local/bin:/usr/sbin:/usr/bin:/sbin:/bin:/usr/games:/usr/local/games:/home/vagrant/julia/bin/
  JAVA_HOME = /usr/lib/jvm/java-8-openjdk-amd64
  HOME = /home/vagrant
Packages:
  Package Directory: /home/vagrant/.julia/v0.7
  Package Status:
2 required packages:
 - JSON                          0.16.3
 - Murmur3                       0.2.0
3 additional packages:
 - Compat                        0.42.0
 - Nullables                     0.0.2
 - Switch                        0.0.1
[ Info: Computing test dependencies for Murmur3... @ Base.Pkg.Entry entry.jl:713
[ Info: No packages to install, update or remove @ Base.Pkg.Entry entry.jl:517
[ Info: Testing Murmur3 @ Base.Pkg.Entry entry.jl:723
ERROR: LoadError: LoadError: LoadError: LoadError: syntax: { } vector syntax is discontinued
Stacktrace:
 [1] include at ./boot.jl:295 [inlined]
 [2] include_relative(::Module, ::String) at ./loading.jl:521
 [3] _require(::Symbol) at ./loading.jl:453
 [4] require(::Symbol) at ./loading.jl:333
 [5] include at ./boot.jl:295 [inlined]
 [6] include_relative(::Module, ::String) at ./loading.jl:521
 [7] include at ./sysimg.jl:26 [inlined]
 [8] include(::String) at /home/vagrant/.julia/v0.7/Murmur3/src/Murmur3.jl:1
 [9] top-level scope
 [10] include at ./boot.jl:295 [inlined]
 [11] include_relative(::Module, ::String) at ./loading.jl:521
 [12] _require(::Symbol) at ./loading.jl:453
 [13] require(::Symbol) at ./loading.jl:333
 [14] include at ./boot.jl:295 [inlined]
 [15] include_relative(::Module, ::String) at ./loading.jl:521
 [16] include(::Module, ::String) at ./sysimg.jl:26
 [17] process_options(::Base.JLOptions) at ./client.jl:323
 [18] _start() at ./client.jl:374
in expression starting at /home/vagrant/.julia/v0.7/Switch/src/Switch.jl:7
in expression starting at /home/vagrant/.julia/v0.7/Murmur3/src/x86.jl:3
in expression starting at /home/vagrant/.julia/v0.7/Murmur3/src/Murmur3.jl:3
in expression starting at /home/vagrant/.julia/v0.7/Murmur3/test/runtests.jl:1
┌ Error: ------------------------------------------------------------
│ # Testing failed for Murmur3
│   exception = ErrorException("failed process: Process(`/home/vagrant/julia/bin/julia -Cnative -J/home/vagrant/julia/lib/julia/sys.so --compile=yes --depwarn=yes --code-coverage=none --color=no --compiled-modules=yes --check-bounds=yes --warn-overwrite=yes --startup-file=yes /home/vagrant/.julia/v0.7/Murmur3/test/runtests.jl`, ProcessExited(1)) [1]")
└ @ Base.Pkg.Entry entry.jl:739
[ Info: No packages to install, update or remove @ Base.Pkg.Entry entry.jl:517
ERROR: Murmur3 had test errors

>>> End of log
