>>> 'Pkg.add("Mustache")' log
INFO: Installing Mustache v0.0.6
INFO: Package database updated
INFO: METADATA is out-of-date a you may not have the latest version of Mustache
INFO: Use `Pkg.update()` to get the latest versions of your packages

>>> 'using Mustache' log
Julia Version 0.3.1
Commit c03f413* (2014-09-21 21:30 UTC)
Platform Info:
  System: Linux (x86_64-unknown-linux-gnu)
  CPU: Intel(R) Xeon(R) CPU E5-2650 0 @ 2.00GHz
  WORD_SIZE: 64
  BLAS: libopenblas (USE64BITINT DYNAMIC_ARCH NO_AFFINITY Sandybridge)
  LAPACK: libopenblas
  LIBM: libopenlibm
  LLVM: libLLVM-3.3

>>> test log
INFO: Testing Mustache
INFO: Mustache tests passed
INFO: No packages to install, update or remove

>>> end of log
