>>> 'Pkg.add("MySQL")' log
INFO: Cloning cache of MySQL from git://github.com/JuliaDB/MySQL.jl.git
INFO: Installing ArrayViews v0.6.4
INFO: Installing DataArrays v0.2.20
INFO: Installing DataFrames v0.6.10
INFO: Installing Dates v0.3.2
INFO: Installing Docile v0.5.23
INFO: Installing GZip v0.2.18
INFO: Installing MySQL v0.0.2
INFO: Installing Reexport v0.0.3
INFO: Installing SortingAlgorithms v0.0.6
INFO: Installing StatsBase v0.7.4
INFO: Installing StatsFuns v0.2.2
INFO: Package database updated
INFO: METADATA is out-of-date — you may not have the latest version of MySQL
INFO: Use `Pkg.update()` to get the latest versions of your packages

>>> 'Pkg.test("MySQL")' log
Julia Version 0.3.12
Commit 80aa779 (2015-10-26 12:41 UTC)
Platform Info:
  System: Linux (x86_64-unknown-linux-gnu)
  CPU: Intel(R) Xeon(R) CPU E3-1241 v3 @ 3.50GHz
  WORD_SIZE: 64
  BLAS: libopenblas (USE64BITINT DYNAMIC_ARCH NO_AFFINITY Nehalem)
  LAPACK: libopenblas
  LIBM: libopenlibm
  LLVM: libLLVM-3.3
INFO: Testing MySQL
ERROR: MYSQL library not found
 in anonymous at no file:27
 in include at ./boot.jl:245
 in include_from_node1 at ./loading.jl:128
 in include at ./boot.jl:245
 in include_from_node1 at ./loading.jl:128
 in reload_path at loading.jl:152
 in _require at loading.jl:67
 in require at loading.jl:51
 in include at ./boot.jl:245
 in include_from_node1 at loading.jl:128
 in process_options at ./client.jl:285
 in _start at ./client.jl:354
while loading /home/vagrant/.julia/v0.3/MySQL/src/config.jl, in expression starting on line 10
while loading /home/vagrant/.julia/v0.3/MySQL/src/MySQL.jl, in expression starting on line 2
while loading /home/vagrant/.julia/v0.3/MySQL/test/runtests.jl, in expression starting on line 1
================================[ ERROR: MySQL ]================================

failed process: Process(`/home/vagrant/julia/bin/julia /home/vagrant/.julia/v0.3/MySQL/test/runtests.jl`, ProcessExited(1)) [1]

================================================================================
INFO: No packages to install, update or remove
ERROR: MySQL had test errors
 in error at error.jl:21
 in test at pkg/entry.jl:718
 in anonymous at pkg/dir.jl:28
 in cd at ./file.jl:20
 in cd at pkg/dir.jl:28
 in test at pkg.jl:67
 in process_options at ./client.jl:213
 in _start at ./client.jl:354

>>> End of log
