>>> 'Pkg.add("MySQL")' log
INFO: Cloning cache of MySQL from https://github.com/JuliaDB/MySQL.jl.git
INFO: Installing DataArrays v0.3.9
INFO: Installing DataFrames v0.8.4
INFO: Installing Dates v0.4.4
INFO: Installing FileIO v0.2.0
INFO: Installing GZip v0.2.20
INFO: Installing MySQL v0.0.2
INFO: Installing Reexport v0.0.3
INFO: Installing SortingAlgorithms v0.1.0
INFO: Installing StatsBase v0.11.1
INFO: Package database updated

>>> 'Pkg.test("MySQL")' log
Julia Version 0.5.0
Commit 3c9d753 (2016-09-19 18:14 UTC)
Platform Info:
  System: Linux (x86_64-pc-linux-gnu)
  CPU: Intel(R) Xeon(R) CPU E3-1241 v3 @ 3.50GHz
  WORD_SIZE: 64
           Ubuntu 14.04.5 LTS
  uname: Linux 3.13.0-98-generic #145-Ubuntu SMP Sat Oct 8 20:13:07 UTC 2016 x86_64 x86_64
Memory: 2.939289093017578 GB (862.84765625 MB free)
Uptime: 5524.0 sec
Load Avg:  0.72314453125  0.8916015625  0.92724609375
Intel(R) Xeon(R) CPU E3-1241 v3 @ 3.50GHz: 
       speed         user         nice          sys         idle          irq
#1  3504 MHz     307044 s        104 s      41727 s     137726 s          4 s
#2  3504 MHz      68899 s         41 s      14405 s     458406 s          0 s

  BLAS: libopenblas (USE64BITINT DYNAMIC_ARCH NO_AFFINITY Nehalem)
  LAPACK: libopenblas64_
  LIBM: libopenlibm
  LLVM: libLLVM-3.7.1 (ORCJIT, haswell)
Environment:
  TERM = vt100
  LD_LIBRARY_PATH = :/usr/local/lib/
  PATH = /usr/local/sbin:/usr/local/bin:/usr/sbin:/usr/bin:/sbin:/bin:/usr/games:/usr/local/games:/home/vagrant/julia/bin/
  JAVA_HOME = /usr/lib/jvm/java-7-oracle
  HOME = /home/vagrant

Package Directory: /home/vagrant/.julia/v0.5
2 required packages:
 - JSON                          0.8.0
 - MySQL                         0.0.2
9 additional packages:
 - Compat                        0.9.2
 - DataArrays                    0.3.9
 - DataFrames                    0.8.4
 - Dates                         0.4.4
 - FileIO                        0.2.0
 - GZip                          0.2.20
 - Reexport                      0.0.3
 - SortingAlgorithms             0.1.0
 - StatsBase                     0.11.1
INFO: Testing MySQL
WARNING: `@linux_only` is deprecated, use `@static if is_linux()` instead
 in depwarn(::String, ::Symbol) at ./deprecated.jl:64
 in @linux_only(::Any) at ./deprecated.jl:500
 in include_from_node1(::String) at ./loading.jl:488 (repeats 2 times)
 in eval(::Module, ::Any) at ./boot.jl:234
 in require(::Symbol) at ./loading.jl:415
 in include_from_node1(::String) at ./loading.jl:488
 in process_options(::Base.JLOptions) at ./client.jl:262
 in _start() at ./client.jl:318
while loading /home/vagrant/.julia/v0.5/MySQL/src/config.jl, in expression starting on line 10
ERROR: LoadError: LoadError: LoadError: MYSQL library not found
 in macro expansion; at /home/vagrant/.julia/v0.5/MySQL/src/config.jl:27 [inlined]
 in anonymous at ./<missing>:?
 in include_from_node1(::String) at ./loading.jl:488 (repeats 2 times)
 in eval(::Module, ::Any) at ./boot.jl:234
 in require(::Symbol) at ./loading.jl:415
 in include_from_node1(::String) at ./loading.jl:488
 in process_options(::Base.JLOptions) at ./client.jl:262
 in _start() at ./client.jl:318
while loading /home/vagrant/.julia/v0.5/MySQL/src/config.jl, in expression starting on line 10
while loading /home/vagrant/.julia/v0.5/MySQL/src/MySQL.jl, in expression starting on line 2
while loading /home/vagrant/.julia/v0.5/MySQL/test/runtests.jl, in expression starting on line 1
================================[ ERROR: MySQL ]================================

failed process: Process(`/home/vagrant/julia/bin/julia -Cx86-64 -J/home/vagrant/julia/lib/julia/sys.so --compile=yes --depwarn=yes --check-bounds=yes --code-coverage=none --color=no --compilecache=yes /home/vagrant/.julia/v0.5/MySQL/test/runtests.jl`, ProcessExited(1)) [1]

================================================================================
ERROR: MySQL had test errors
 in #test#61(::Bool, ::Function, ::Array{AbstractString,1}) at ./pkg/entry.jl:740
 in (::Base.Pkg.Entry.#kw##test)(::Array{Any,1}, ::Base.Pkg.Entry.#test, ::Array{AbstractString,1}) at ./<missing>:0
 in (::Base.Pkg.Dir.##2#3{Array{Any,1},Base.Pkg.Entry.#test,Tuple{Array{AbstractString,1}}})() at ./pkg/dir.jl:31
 in cd(::Base.Pkg.Dir.##2#3{Array{Any,1},Base.Pkg.Entry.#test,Tuple{Array{AbstractString,1}}}, ::String) at ./file.jl:59
 in #cd#1(::Array{Any,1}, ::Function, ::Function, ::Array{AbstractString,1}, ::Vararg{Array{AbstractString,1},N}) at ./pkg/dir.jl:31
 in (::Base.Pkg.Dir.#kw##cd)(::Array{Any,1}, ::Base.Pkg.Dir.#cd, ::Function, ::Array{AbstractString,1}, ::Vararg{Array{AbstractString,1},N}) at ./<missing>:0
 in #test#3(::Bool, ::Function, ::String, ::Vararg{String,N}) at ./pkg/pkg.jl:258
 in test(::String, ::Vararg{String,N}) at ./pkg/pkg.jl:258
 in eval(::Module, ::Any) at ./boot.jl:234
 in process_options(::Base.JLOptions) at ./client.jl:239
 in _start() at ./client.jl:318

>>> End of log
