>>> 'Pkg.add("NamedTuples")' log
INFO: Cloning cache of NamedTuples from git://github.com/blackrock/NamedTuples.jl.git
INFO: Installing NamedTuples v1.0.0
INFO: Package database updated

>>> 'Pkg.test("NamedTuples")' log
Julia Version 0.4.6
Commit 2e358ce (2016-06-19 17:16 UTC)
Platform Info:
  System: Linux (x86_64-unknown-linux-gnu)
  CPU: Intel(R) Xeon(R) CPU E3-1241 v3 @ 3.50GHz
  WORD_SIZE: 64
           Ubuntu 14.04.5 LTS
  uname: Linux 3.13.0-95-generic #142-Ubuntu SMP Fri Aug 12 17:00:09 UTC 2016 x86_64 x86_64
Memory: 2.4471054077148438 GB (877.33203125 MB free)
Uptime: 6422.0 sec
Load Avg:  0.96728515625  0.99951171875  1.0400390625
Intel(R) Xeon(R) CPU E3-1241 v3 @ 3.50GHz: 
       speed         user         nice          sys         idle          irq
#1  3500 MHz     283311 s         57 s      31034 s     248020 s          8 s
#2  3500 MHz     154205 s         80 s      26709 s     437291 s          0 s

  BLAS: libopenblas (USE64BITINT DYNAMIC_ARCH NO_AFFINITY Nehalem)
  LAPACK: libopenblas64_
  LIBM: libopenlibm
  LLVM: libLLVM-3.3
Environment:
  TERM = vt100
  LD_LIBRARY_PATH = :/usr/local/lib/
  PATH = /usr/local/sbin:/usr/local/bin:/usr/sbin:/usr/bin:/sbin:/bin:/usr/games:/usr/local/games:/home/vagrant/julia/bin/
  JAVA_HOME = /usr/lib/jvm/java-7-oracle
  HOME = /home/vagrant

Package Directory: /home/vagrant/.julia/v0.4
2 required packages:
 - JSON                          0.7.0
 - NamedTuples                   1.0.0
1 additional packages:
 - Compat                        0.9.1
INFO: Testing NamedTuples
INFO: NamedTuples tests passed

>>> End of log
