>>> 'Pkg.add("NamedArrays")' log
INFO: Installing NamedArrays v0.4.0
INFO: Package database updated

>>> 'using NamedArrays' log
Julia Version 0.4.0-dev+2558
Commit 2bb647a (2015-01-08 07:21 UTC)
Platform Info:
  System: Linux (x86_64-unknown-linux-gnu)
  CPU: Intel(R) Xeon(R) CPU E5-2650 0 @ 2.00GHz
  WORD_SIZE: 64
  BLAS: libopenblas (USE64BITINT DYNAMIC_ARCH NO_AFFINITY Sandybridge)
  LAPACK: libopenblas
  LIBM: libopenlibm
  LLVM: libLLVM-3.3

>>> test log
Starting test, no assertions should fail... done
Timing named:0.001103981 array:0.001082735 named dict:0.118908375
INFO: Testing NamedArrays
INFO: NamedArrays tests passed
INFO: No packages to install, update or remove

>>> end of log
