>>> 'Pkg.add("NaturalSort")' log
INFO: Cloning cache of NaturalSort from https://github.com/simonster/NaturalSort.jl.git
INFO: Installing NaturalSort v0.0.1
INFO: Package database updated

>>> 'Pkg.test("NaturalSort")' log
Julia Version 0.4.7
Commit ae26b25 (2016-09-18 16:17 UTC)
Platform Info:
  System: Linux (x86_64-pc-linux-gnu)
  CPU: Intel(R) Xeon(R) CPU E3-1241 v3 @ 3.50GHz
  WORD_SIZE: 64
           Ubuntu 14.04.5 LTS
  uname: Linux 3.13.0-121-generic #170-Ubuntu SMP Wed Jun 14 09:04:33 UTC 2017 x86_64 x86_64
Memory: 2.9392738342285156 GB (841.19921875 MB free)
Uptime: 14721.0 sec
Load Avg:  1.03759765625  1.0048828125  1.0400390625
Intel(R) Xeon(R) CPU E3-1241 v3 @ 3.50GHz: 
       speed         user         nice          sys         idle          irq
#1  3501 MHz     680482 s       2378 s      55270 s     592842 s         26 s
#2  3501 MHz     488888 s       3938 s      47388 s     880270 s          0 s

  BLAS: libopenblas (USE64BITINT DYNAMIC_ARCH NO_AFFINITY Nehalem)
  LAPACK: libopenblas64_
  LIBM: libopenlibm
  LLVM: libLLVM-3.3
Environment:
  TERM = vt100
  LD_LIBRARY_PATH = :/usr/local/lib/
  PATH = /usr/local/sbin:/usr/local/bin:/usr/sbin:/usr/bin:/sbin:/bin:/usr/games:/usr/local/games:/home/vagrant/julia/bin/
  JAVA_HOME = /usr/lib/jvm/java-8-openjdk-amd64
  HOME = /home/vagrant

Package Directory: /home/vagrant/.julia/v0.4
2 required packages:
 - JSON                          0.9.1
 - NaturalSort                   0.0.1
1 additional packages:
 - Compat                        0.26.0
INFO: Testing NaturalSort
INFO: NaturalSort tests passed

>>> End of log
