>>> 'Pkg.add("NearestNeighbors")' log
INFO: Cloning cache of NearestNeighbors from git://github.com/KristofferC/NearestNeighbors.jl.git
INFO: Installing Devectorize v0.4.2
INFO: Installing Distances v0.3.2
INFO: Installing NearestNeighbors v0.0.3
INFO: Package database updated
INFO: METADATA is out-of-date — you may not have the latest version of NearestNeighbors
INFO: Use `Pkg.update()` to get the latest versions of your packages

>>> 'Pkg.test("NearestNeighbors")' log
Julia Version 0.4.6
Commit 2e358ce (2016-06-19 17:16 UTC)
Platform Info:
  System: Linux (x86_64-unknown-linux-gnu)
  CPU: Intel(R) Xeon(R) CPU E3-1241 v3 @ 3.50GHz
  WORD_SIZE: 64
           Ubuntu 14.04.4 LTS
  uname: Linux 3.13.0-92-generic #139-Ubuntu SMP Tue Jun 28 20:42:26 UTC 2016 x86_64 x86_64
Memory: 2.4471054077148438 GB (810.97265625 MB free)
Uptime: 7818.0 sec
Load Avg:  1.0  0.99755859375  1.04443359375
Intel(R) Xeon(R) CPU E3-1241 v3 @ 3.50GHz: 
       speed         user         nice          sys         idle          irq
#1  3500 MHz     325046 s        125 s      32769 s     321970 s         22 s
#2  3500 MHz     217486 s         21 s      28488 s     483469 s          1 s

  BLAS: libopenblas (USE64BITINT DYNAMIC_ARCH NO_AFFINITY Nehalem)
  LAPACK: libopenblas64_
  LIBM: libopenlibm
  LLVM: libLLVM-3.3
Environment:
  TERM = vt100
  LD_LIBRARY_PATH = :/usr/local/lib/
  PATH = /usr/local/sbin:/usr/local/bin:/usr/sbin:/usr/bin:/sbin:/bin:/usr/games:/usr/local/games:/home/vagrant/julia/bin/
  JAVA_HOME = /usr/lib/jvm/java-7-oracle
  HOME = /home/vagrant

Package Directory: /home/vagrant/.julia/v0.4
2 required packages:
 - JSON                          0.6.0
 - NearestNeighbors              0.0.3
3 additional packages:
 - Compat                        0.8.6
 - Devectorize                   0.4.2
 - Distances                     0.3.2
INFO: Computing test dependencies for NearestNeighbors...
INFO: Installing BaseTestNext v0.2.1
INFO: Testing NearestNeighbors
Test Summary: | Pass  Total
knn           |   54     54
Test Summary: | Pass  Total
knn skip      |    3      3
Test Summary: | Pass  Total
inrange       |   24     24
Test Summary: | Pass  Total
metric        | 5400   5400
Test Summary: | Pass  Total
metric        | 5400   5400
Test Summary: | Pass  Total
metric        | 5400   5400
INFO: NearestNeighbors tests passed
INFO: Removing BaseTestNext v0.2.1

>>> End of log
