>>> 'Pkg.add("NEOS")' log
INFO: Cloning cache of NEOS from git://github.com/odow/NEOS.jl.git
INFO: Installing BinDeps v0.3.21
INFO: Installing Codecs v0.1.5
INFO: Installing Dates v0.3.2
INFO: Installing FactCheck v0.4.3
INFO: Installing GZip v0.2.19
INFO: Installing GnuTLS v0.0.5
INFO: Installing HttpCommon v0.1.2
INFO: Installing HttpParser v0.0.13
INFO: Downgrading JSON: v0.6.0 => v0.5.4
INFO: Installing LightXML v0.2.1
INFO: Installing MathProgBase v0.3.19
INFO: Installing NEOS v0.0.1
INFO: Installing Nettle v0.2.3
INFO: Installing Requests v0.2.4
INFO: Installing SHA v0.1.2
INFO: Installing URIParser v0.0.7
INFO: Installing Zlib v0.1.12
INFO: Building Nettle
INFO: Building GnuTLS
INFO: Building HttpParser
INFO: Building LightXML
INFO: Package database updated

>>> 'Pkg.test("NEOS")' log
Julia Version 0.3.12
Commit 80aa779 (2015-10-26 12:41 UTC)
Platform Info:
  System: Linux (x86_64-unknown-linux-gnu)
  CPU: Intel(R) Xeon(R) CPU E3-1241 v3 @ 3.50GHz
  WORD_SIZE: 64
  BLAS: libopenblas (USE64BITINT DYNAMIC_ARCH NO_AFFINITY Nehalem)
  LAPACK: libopenblas
  LIBM: libopenlibm
  LLVM: libLLVM-3.3
INFO: Testing NEOS
WARNING: All models submitted to NEOS become part of the public domain. For more see http://www.neos-server.org
Test NEOS Server
21 facts verified.
Test NEOSMathProgModel
8 facts verified.
Test basic solver stuff for NEOSCPLEXSolver
22 facts verified.
Testing feasible problem NEOSCPLEXSolver
===================
NEOS Job submitted
number:	4763259
pwd:	tViCDTOf
==================
===================
NEOS Job submitted
number:	4763261
pwd:	mKzXuUxT
==================
8 facts verified.
Testing infeasible problem NEOSCPLEXSolver
===================
NEOS Job submitted
number:	4763263
pwd:	JivbjhUu
==================
WARNING: Problem is infeasible, but infeasibility ray ("Farkas proof") is unavailable; check that the proper solver options are set.
1 fact verified.
Testing unbounded problem NEOSCPLEXSolver
===================
NEOS Job submitted
number:	4763264
pwd:	wGZRmyeA
==================
WARNING: Problem is unbounded, but unbounded ray is unavailable; check that the proper solver options are set.
2 facts verified.
Testing SOS problem NEOSCPLEXSolver
===================
NEOS Job submitted
number:	4763266
pwd:	BTLuvMfC
==================
===================
NEOS Job submitted
number:	4763268
pwd:	ELsYuByt
==================
6 facts verified.
Test basic solver stuff for NEOSMOSEKSolver
23 facts verified.
Testing feasible problem NEOSMOSEKSolver
===================
NEOS Job submitted
number:	4763269
pwd:	lzUFcDGk
==================
===================
NEOS Job submitted
number:	4763272
pwd:	UdzhkEeY
==================
8 facts verified.
Testing infeasible problem NEOSMOSEKSolver
===================
NEOS Job submitted
number:	4763275
pwd:	qWfZalYB
==================
WARNING: Problem is infeasible, but infeasibility ray ("Farkas proof") is unavailable; check that the proper solver options are set.
1 fact verified.
Testing unbounded problem NEOSMOSEKSolver
===================
NEOS Job submitted
number:	4763277
pwd:	TFWEiJAt
==================
2 facts verified.
Test basic solver stuff for NEOSSYMPHONYSolver
WARNING: Reduced costs are not available from NEOSSYMPHONYSolver. Try a different solver instead
WARNING: Constraint duals are not available from NEOSSYMPHONYSolver. Try a different solver instead
22 facts verified.
Testing feasible problem NEOSSYMPHONYSolver
===================
NEOS Job submitted
number:	4763279
pwd:	IblhEZnc
==================
WARNING: Reduced costs are not available from NEOSSYMPHONYSolver. Try a different solver instead
WARNING: Constraint duals are not available from NEOSSYMPHONYSolver. Try a different solver instead
===================
NEOS Job submitted
number:	4763281
pwd:	PEMbBQAm
==================
8 facts verified.
Testing infeasible problem NEOSSYMPHONYSolver
===================
NEOS Job submitted
number:	4763282
pwd:	LylpSqrF
==================
WARNING: Problem is infeasible, but infeasibility ray ("Farkas proof") is unavailable; check that the proper solver options are set.
1 fact verified.
Testing unbounded problem NEOSSYMPHONYSolver
===================
NEOS Job submitted
number:	4763284
pwd:	FPpETuKC
==================
WARNING: Problem is unbounded, but unbounded ray is unavailable; check that the proper solver options are set.
2 facts verified.
Test basic solver stuff for NEOSXpressMPSolver
WARNING: Reduced costs are not available from NEOSXpressMPSolver. Try a different solver instead
WARNING: Constraint duals are not available from NEOSXpressMPSolver. Try a different solver instead
21 facts verified.
Testing feasible problem NEOSXpressMPSolver
===================
NEOS Job submitted
number:	4763285
pwd:	OPMTGYRI
==================
WARNING: Reduced costs are not available from NEOSXpressMPSolver. Try a different solver instead
WARNING: Constraint duals are not available from NEOSXpressMPSolver. Try a different solver instead
===================
NEOS Job submitted
number:	4763287
pwd:	ARkDctzo
==================
8 facts verified.
Testing infeasible problem NEOSXpressMPSolver
===================
NEOS Job submitted
number:	4763289
pwd:	aOvqYBMg
==================
WARNING: Problem is infeasible, but infeasibility ray ("Farkas proof") is unavailable; check that the proper solver options are set.
1 fact verified.
Testing unbounded problem NEOSXpressMPSolver
===================
NEOS Job submitted
number:	4763290
pwd:	QryRwHDA
==================
WARNING: Problem is unbounded, but unbounded ray is unavailable; check that the proper solver options are set.
2 facts verified.
Testing SOS problem NEOSXpressMPSolver
===================
NEOS Job submitted
number:	4763292
pwd:	LvKBIpEH
==================
===================
NEOS Job submitted
number:	4763295
pwd:	ctmqZwdI
==================
6 facts verified.
INFO: NEOS tests passed
INFO: No packages to install, update or remove

>>> End of log
