>>> 'Pkg.add("Neovim")' log
[ Info: Cloning cache of Neovim from https://github.com/bfredl/Neovim.jl.git @ Base.Pkg.Cache cache.jl:43
[ Info: Installing MsgPack v0.1.1 @ Base.Pkg.Entry entry.jl:543
[ Info: Installing Neovim v0.0.2 @ Base.Pkg.Entry entry.jl:543
[ Info: Removing AmplNLWriter v0.4.0 @ Base.Pkg.Entry entry.jl:546
[ Info: Removing BinDeps v0.8.2 @ Base.Pkg.Entry entry.jl:546
[ Info: Removing BufferedStreams v0.3.3 @ Base.Pkg.Entry entry.jl:546
[ Info: Removing Codecs v0.4.0 @ Base.Pkg.Entry entry.jl:546
[ Info: Removing HttpCommon v0.3.0 @ Base.Pkg.Entry entry.jl:546
[ Info: Removing HttpParser v0.3.0 @ Base.Pkg.Entry entry.jl:546
[ Info: Removing Libz v0.2.4 @ Base.Pkg.Entry entry.jl:546
[ Info: Removing LightXML v0.5.0 @ Base.Pkg.Entry entry.jl:546
[ Info: Removing MathProgBase v0.7.0 @ Base.Pkg.Entry entry.jl:546
[ Info: Removing MbedTLS v0.5.3 @ Base.Pkg.Entry entry.jl:546
[ Info: Removing Requests v0.5.1 @ Base.Pkg.Entry entry.jl:546
[ Info: Removing SHA v0.5.2 @ Base.Pkg.Entry entry.jl:546
[ Info: Removing URIParser v0.3.0 @ Base.Pkg.Entry entry.jl:546
[ Info: Removing ZipFile v0.5.0 @ Base.Pkg.Entry entry.jl:546
[ Info: Package database updated @ Base.Pkg.Entry entry.jl:32
┌ Info: METADATA is out-of-date — you may not have the latest version of Neovim
│ Use `Pkg.update()` to get the latest versions of your packages
└ @ Base.Pkg.Entry entry.jl:74

>>> 'Pkg.test("Neovim")' log
Package was unable to be tested.

>>> End of log
