>>> 'Pkg.add("NetalignUtils")' log
WARNING: Base.Pkg is deprecated, run `using Pkg` instead
 in module Main
[ Info: Cloning cache of NetalignUtils from https://github.com/vvjn/NetalignUtils.jl.git
[ Info: Installing BinDeps v0.8.6
[ Info: Installing Calculus v0.2.2
[ Info: Installing CodecZlib v0.4.2
[ Info: Installing DataStructures v0.7.4
[ Info: Installing Distances v0.5.0
[ Info: Installing Distributions v0.15.0
[ Info: Installing LightGraphs v0.11.1
[ Info: Installing MacroTools v0.4.0
[ Info: Installing MatrixNetworks v0.1.0
[ Info: Installing NetalignMeasures v0.1.0
[ Info: Installing NetalignUtils v0.1.0
[ Info: Installing PDMats v0.8.0
[ Info: Installing QuadGK v0.2.0
[ Info: Installing Rmath v0.3.2
[ Info: Installing SHA v0.5.6
[ Info: Installing SimpleTraits v0.5.1
[ Info: Installing SortingAlgorithms v0.2.0
[ Info: Installing SpecialFunctions v0.3.8
[ Info: Installing StatsBase v0.19.5
[ Info: Installing StatsFuns v0.5.0
[ Info: Installing TranscodingStreams v0.4.1
[ Info: Installing URIParser v0.3.0
[ Info: Building SpecialFunctions
┌ Warning: `isalnum(c::Char)` is deprecated, use `isalpha(c) || isnumeric(c)` instead.
│   caller = is_userinfo_char at parser.jl:4 [inlined]
└ @ Core parser.jl:4
┌ Warning: `isalnum(c::Char)` is deprecated, use `isalpha(c) || isnumeric(c)` instead.
│   caller = is_host_char at parser.jl:8 [inlined]
└ @ Core parser.jl:8
┌ Warning: `isalnum(c::Char)` is deprecated, use `isalpha(c) || isnumeric(c)` instead.
│   caller = is_host_char at parser.jl:8 [inlined]
└ @ Core parser.jl:8
WARNING: importing deprecated binding Base.Associative into BinDeps.
WARNING: Base.Associative is deprecated, use AbstractDict instead.
  likely near /home/vagrant/.julia/v0.7/SpecialFunctions/deps/binaries.jl:44
in @install at /home/vagrant/.julia/v0.7/BinDeps/src/dependencies.jl
[ Info: Building Rmath
┌ Warning: `isalnum(c::Char)` is deprecated, use `isalpha(c) || isnumeric(c)` instead.
│   caller = is_userinfo_char at parser.jl:4 [inlined]
└ @ Core parser.jl:4
┌ Warning: `isalnum(c::Char)` is deprecated, use `isalpha(c) || isnumeric(c)` instead.
│   caller = is_host_char at parser.jl:8 [inlined]
└ @ Core parser.jl:8
┌ Warning: `isalnum(c::Char)` is deprecated, use `isalpha(c) || isnumeric(c)` instead.
│   caller = is_host_char at parser.jl:8 [inlined]
└ @ Core parser.jl:8
WARNING: importing deprecated binding Base.Associative into BinDeps.
WARNING: Base.Associative is deprecated, use AbstractDict instead.
  likely near /home/vagrant/.julia/v0.7/Rmath/deps/build.jl:47
in @install at /home/vagrant/.julia/v0.7/BinDeps/src/dependencies.jl
[ Info: Package database updated

>>> 'Pkg.test("NetalignUtils")' log
WARNING: Base.versioninfo is deprecated: it has been moved to the standard library package `InteractiveUtils`.
Add `using InteractiveUtils` to your imports.
 in module Main
WARNING: Base.versioninfo is deprecated: it has been moved to the standard library package `InteractiveUtils`.
Add `using InteractiveUtils` to your imports.
 in module Main
Julia Version 0.7.0-DEV.3951
Commit 80a8175422 (2018-02-10 19:43 UTC)
Platform Info:
  OS: Linux (x86_64-pc-linux-gnu)
      Ubuntu 14.04.5 LTS
  uname: Linux 3.13.0-135-generic #184-Ubuntu SMP Wed Oct 18 11:55:51 UTC 2017 x86_64 x86_64
  CPU: Intel(R) Xeon(R) CPU E3-1241 v3 @ 3.50GHz: 
              speed         user         nice          sys         idle          irq
       #1  3499 MHz    5006217 s       6980 s     249390 s    1260611 s         80 s
       #2  3499 MHz    1242919 s       1006 s     116982 s    6067289 s          0 s
       
  Memory: 2.93927001953125 GB (958.3515625 MB free)
  Uptime: 76100.0 sec
  Load Avg:  1.0029296875  1.16357421875  1.33056640625
  WORD_SIZE: 64
  LIBM: libopenlibm
  LLVM: libLLVM-3.9.1 (ORCJIT, haswell)
Environment:
  TERM = vt100
  LD_LIBRARY_PATH = :/usr/local/lib/
  PATH = /usr/local/sbin:/usr/local/bin:/usr/sbin:/usr/bin:/sbin:/bin:/usr/games:/usr/local/games:/home/vagrant/julia/bin/
  JAVA_HOME = /usr/lib/jvm/java-8-openjdk-amd64
  HOME = /home/vagrant
Packages:
  Package Directory: /home/vagrant/.julia/v0.7
  Package Status:
2 required packages:
 - JSON                          0.16.4
 - NetalignUtils                 0.1.0
23 additional packages:
 - BinDeps                       0.8.6
 - Calculus                      0.2.2
 - CodecZlib                     0.4.2
 - Compat                        0.53.0
 - DataStructures                0.7.4
 - Distances                     0.5.0
 - Distributions                 0.15.0
 - LightGraphs                   0.11.1
 - MacroTools                    0.4.0
 - MatrixNetworks                0.1.0
 - NetalignMeasures              0.1.0
 - Nullables                     0.0.3
 - PDMats                        0.8.0
 - QuadGK                        0.2.0
 - Rmath                         0.3.2
 - SHA                           0.5.6
 - SimpleTraits                  0.5.1
 - SortingAlgorithms             0.2.0
 - SpecialFunctions              0.3.8
 - StatsBase                     0.19.5
 - StatsFuns                     0.5.0
 - TranscodingStreams            0.4.1
 - URIParser                     0.3.0
WARNING: Base.Pkg is deprecated, run `using Pkg` instead
 in module Main
[ Info: Testing NetalignUtils
┌ Warning: Deprecated syntax `type` at /home/vagrant/.julia/v0.7/MatrixNetworks/src/MatrixNetwork.jl:2.
│ Use `mutable struct` instead.
└ @ nothing MatrixNetwork.jl:2
┌ Warning: Deprecated syntax `multiple line breaks between doc string and object` at /home/vagrant/.julia/v0.7/MatrixNetworks/src/MatrixNetwork.jl:162.
│ Use `at most one line break` instead.
└ @ nothing MatrixNetwork.jl:162
┌ Warning: Deprecated syntax `parametric method syntax MatrixNetwork{T}(A::SparseMatrixCSC{T, Int64})` around /home/vagrant/.julia/v0.7/MatrixNetworks/src/MatrixNetwork.jl:10.
│ Use `MatrixNetwork(A::SparseMatrixCSC{T, Int64}) where T` instead.
└ @ nothing MatrixNetwork.jl:10
WARNING: importing deprecated binding Base.SparseMatrixCSC into MatrixNetworks.
WARNING: Base.SparseMatrixCSC is deprecated, run `using SparseArrays` to load sparse array functionality
  likely near /home/vagrant/.julia/v0.7/MatrixNetworks/src/MatrixNetwork.jl:9
┌ Warning: Deprecated syntax `parametric method syntax _matrix_network_direct{T}(A::SparseMatrixCSC{T, Int64})` around /home/vagrant/.julia/v0.7/MatrixNetworks/src/MatrixNetwork.jl:32.
│ Use `_matrix_network_direct(A::SparseMatrixCSC{T, Int64}) where T` instead.
└ @ nothing MatrixNetwork.jl:32
WARNING: Base.SparseMatrixCSC is deprecated, run `using SparseArrays` to load sparse array functionality
  likely near /home/vagrant/.julia/v0.7/MatrixNetworks/src/MatrixNetwork.jl:31
┌ Warning: Deprecated syntax `parametric method syntax _matrix_network_direct{T}(A::SparseMatrixCSC{T, Int64}, v)` around /home/vagrant/.julia/v0.7/MatrixNetworks/src/MatrixNetwork.jl:36.
│ Use `_matrix_network_direct(A::SparseMatrixCSC{T, Int64}, v) where T` instead.
└ @ nothing MatrixNetwork.jl:36
WARNING: Base.SparseMatrixCSC is deprecated, run `using SparseArrays` to load sparse array functionality
  likely near /home/vagrant/.julia/v0.7/MatrixNetworks/src/MatrixNetwork.jl:35
WARNING: importing deprecated binding Base.sparse into MatrixNetworks.
┌ Warning: Deprecated syntax `parametric method syntax sparse_transpose{T}(A::MatrixNetwork{T})` around /home/vagrant/.julia/v0.7/MatrixNetworks/src/MatrixNetwork.jl:48.
│ Use `sparse_transpose(A::MatrixNetwork{T}) where T` instead.
└ @ nothing MatrixNetwork.jl:48
┌ Warning: Deprecated syntax `parametric method syntax sparse{T}(A::MatrixNetwork{T})` around /home/vagrant/.julia/v0.7/MatrixNetworks/src/MatrixNetwork.jl:56.
│ Use `sparse(A::MatrixNetwork{T}) where T` instead.
└ @ nothing MatrixNetwork.jl:56
WARNING: Base.sparse is deprecated: it has been moved to the standard library package `SparseArrays`.
Add `using SparseArrays` to your imports.
  likely near /home/vagrant/.julia/v0.7/MatrixNetworks/src/MatrixNetwork.jl:51
WARNING: Base.SparseMatrixCSC is deprecated, run `using SparseArrays` to load sparse array functionality
  likely near /home/vagrant/.julia/v0.7/MatrixNetworks/src/MatrixNetwork.jl:116
WARNING: Base.SparseMatrixCSC is deprecated, run `using SparseArrays` to load sparse array functionality
  likely near /home/vagrant/.julia/v0.7/MatrixNetworks/src/MatrixNetwork.jl:147
┌ Warning: Deprecated syntax `multiple line breaks between doc string and object` at /home/vagrant/.julia/v0.7/MatrixNetworks/src/scomponents.jl:45.
│ Use `at most one line break` instead.
└ @ nothing scomponents.jl:45
┌ Warning: Deprecated syntax `type` at /home/vagrant/.julia/v0.7/MatrixNetworks/src/scomponents.jl:50.
│ Use `mutable struct` instead.
└ @ nothing scomponents.jl:50
┌ Warning: Deprecated syntax `type` at /home/vagrant/.julia/v0.7/MatrixNetworks/src/scomponents.jl:57.
│ Use `mutable struct` instead.
└ @ nothing scomponents.jl:57
WARNING: Base.SparseMatrixCSC is deprecated, run `using SparseArrays` to load sparse array functionality
  likely near /home/vagrant/.julia/v0.7/MatrixNetworks/src/scomponents.jl:57
WARNING: Base.SparseMatrixCSC is deprecated, run `using SparseArrays` to load sparse array functionality
  likely near /home/vagrant/.julia/v0.7/MatrixNetworks/src/scomponents.jl:57
WARNING: Base.SparseMatrixCSC is deprecated, run `using SparseArrays` to load sparse array functionality
  likely near /home/vagrant/.julia/v0.7/MatrixNetworks/src/scomponents.jl:57
WARNING: Base.SparseMatrixCSC is deprecated, run `using SparseArrays` to load sparse array functionality
  likely near /home/vagrant/.julia/v0.7/MatrixNetworks/src/scomponents.jl:57
WARNING: Base.SparseMatrixCSC is deprecated, run `using SparseArrays` to load sparse array functionality
  likely near /home/vagrant/.julia/v0.7/MatrixNetworks/src/scomponents.jl:57
WARNING: Base.SparseMatrixCSC is deprecated, run `using SparseArrays` to load sparse array functionality
  likely near /home/vagrant/.julia/v0.7/MatrixNetworks/src/scomponents.jl:57
WARNING: Base.SparseMatrixCSC is deprecated, run `using SparseArrays` to load sparse array functionality
  likely near /home/vagrant/.julia/v0.7/MatrixNetworks/src/scomponents.jl:57
┌ Warning: Deprecated syntax `parametric method syntax strong_components_map{T}(A::SparseMatrixCSC{T, Int64})` around /home/vagrant/.julia/v0.7/MatrixNetworks/src/scomponents.jl:152.
│ Use `strong_components_map(A::SparseMatrixCSC{T, Int64}) where T` instead.
└ @ nothing scomponents.jl:152
WARNING: Base.SparseMatrixCSC is deprecated, run `using SparseArrays` to load sparse array functionality
  likely near /home/vagrant/.julia/v0.7/MatrixNetworks/src/scomponents.jl:152
┌ Warning: Deprecated syntax `parametric method syntax strong_components_map{T}(rp::Vector{Int64}, ci::Vector{Int64}, vals::Vector{T}, n::Int64)` around /home/vagrant/.julia/v0.7/MatrixNetworks/src/scomponents.jl:158.
│ Use `strong_components_map(rp::Vector{Int64}, ci::Vector{Int64}, vals::Vector{T}, n::Int64) where T` instead.
└ @ nothing scomponents.jl:158
┌ Warning: Deprecated syntax `parametric method syntax scomponents{T}(A::SparseMatrixCSC{T, Int64})` around /home/vagrant/.julia/v0.7/MatrixNetworks/src/scomponents.jl:181.
│ Use `scomponents(A::SparseMatrixCSC{T, Int64}) where T` instead.
└ @ nothing scomponents.jl:181
WARNING: Base.SparseMatrixCSC is deprecated, run `using SparseArrays` to load sparse array functionality
  likely near /home/vagrant/.julia/v0.7/MatrixNetworks/src/scomponents.jl:181
┌ Warning: Deprecated syntax `parametric method syntax scomponents{T}(rp::Vector{Int64}, ci::Vector{Int64}, vals::Vector{T}, n::Int64)` around /home/vagrant/.julia/v0.7/MatrixNetworks/src/scomponents.jl:185.
│ Use `scomponents(rp::Vector{Int64}, ci::Vector{Int64}, vals::Vector{T}, n::Int64) where T` instead.
└ @ nothing scomponents.jl:185
┌ Warning: Deprecated syntax `multiple line breaks between doc string and object` at /home/vagrant/.julia/v0.7/MatrixNetworks/src/csr_to_sparse.jl:26.
│ Use `at most one line break` instead.
└ @ nothing csr_to_sparse.jl:26
┌ Warning: Deprecated syntax `multiple line breaks between doc string and object` at /home/vagrant/.julia/v0.7/MatrixNetworks/src/csr_to_sparse.jl:28.
│ Use `at most one line break` instead.
└ @ nothing csr_to_sparse.jl:28
┌ Warning: Deprecated syntax `parametric method syntax csr_to_sparse{T}(rp::Vector{Int64}, ci::Vector{Int64}, ai::Vector{T})` around /home/vagrant/.julia/v0.7/MatrixNetworks/src/csr_to_sparse.jl:30.
│ Use `csr_to_sparse(rp::Vector{Int64}, ci::Vector{Int64}, ai::Vector{T}) where T` instead.
└ @ nothing csr_to_sparse.jl:30
┌ Warning: Deprecated syntax `parametric method syntax csr_to_sparse_matrix{T}(rp::Vector{Int64}, ci::Vector{Int64}, ai::Vector{T})` around /home/vagrant/.julia/v0.7/MatrixNetworks/src/csr_to_sparse.jl:44.
│ Use `csr_to_sparse_matrix(rp::Vector{Int64}, ci::Vector{Int64}, ai::Vector{T}) where T` instead.
└ @ nothing csr_to_sparse.jl:44
┌ Warning: Deprecated syntax `parametric method syntax csr_to_sparse_matrix{T}(rp::Vector{Int64}, ci::Vector{Int64}, ai::Vector{T}, nrows::Int64, ncols::Int64)` around /home/vagrant/.julia/v0.7/MatrixNetworks/src/csr_to_sparse.jl:51.
│ Use `csr_to_sparse_matrix(rp::Vector{Int64}, ci::Vector{Int64}, ai::Vector{T}, nrows::Int64, ncols::Int64) where T` instead.
└ @ nothing csr_to_sparse.jl:51
┌ Warning: Deprecated syntax `multiple line breaks between doc string and object` at /home/vagrant/.julia/v0.7/MatrixNetworks/src/sparse_to_csr.jl:23.
│ Use `at most one line break` instead.
└ @ nothing sparse_to_csr.jl:23
┌ Warning: Deprecated syntax `multiple line breaks between doc string and object` at /home/vagrant/.julia/v0.7/MatrixNetworks/src/sparse_to_csr.jl:25.
│ Use `at most one line break` instead.
└ @ nothing sparse_to_csr.jl:25
┌ Warning: Deprecated syntax `multiple line breaks between doc string and object` at /home/vagrant/.julia/v0.7/MatrixNetworks/src/sparse_to_csr.jl:27.
│ Use `at most one line break` instead.
└ @ nothing sparse_to_csr.jl:27
┌ Warning: Deprecated syntax `parametric method syntax sparse_to_csr{T}(A::SparseMatrixCSC{T, Int64})` around /home/vagrant/.julia/v0.7/MatrixNetworks/src/sparse_to_csr.jl:29.
│ Use `sparse_to_csr(A::SparseMatrixCSC{T, Int64}) where T` instead.
└ @ nothing sparse_to_csr.jl:29
WARNING: Base.SparseMatrixCSC is deprecated, run `using SparseArrays` to load sparse array functionality
  likely near /home/vagrant/.julia/v0.7/MatrixNetworks/src/sparse_to_csr.jl:1
WARNING: Base.SparseMatrixCSC is deprecated, run `using SparseArrays` to load sparse array functionality
  likely near /home/vagrant/.julia/v0.7/MatrixNetworks/src/sparse_to_csr.jl:1
┌ Warning: Deprecated syntax `parametric method syntax sparse_to_csr{T}(nzi::Array{Int64, 1}, nzj::Array{Int64, 1}, nzv::Array{T, 1})` around /home/vagrant/.julia/v0.7/MatrixNetworks/src/sparse_to_csr.jl:35.
│ Use `sparse_to_csr(nzi::Array{Int64, 1}, nzj::Array{Int64, 1}, nzv::Array{T, 1}) where T` instead.
└ @ nothing sparse_to_csr.jl:35
┌ Warning: Deprecated syntax `multiple line breaks between doc string and object` at /home/vagrant/.julia/v0.7/MatrixNetworks/src/bipartite_matching.jl:36.
│ Use `at most one line break` instead.
└ @ nothing bipartite_matching.jl:36
┌ Warning: Deprecated syntax `type` at /home/vagrant/.julia/v0.7/MatrixNetworks/src/bipartite_matching.jl:42.
│ Use `mutable struct` instead.
└ @ nothing bipartite_matching.jl:42
┌ Warning: Deprecated syntax `type` at /home/vagrant/.julia/v0.7/MatrixNetworks/src/bipartite_matching.jl:51.
│ Use `mutable struct` instead.
└ @ nothing bipartite_matching.jl:51
┌ Warning: Deprecated syntax `parametric method syntax bipartite_matching_setup_phase1{T}(A::SparseMatrixCSC{T, Int64})` around /home/vagrant/.julia/v0.7/MatrixNetworks/src/bipartite_matching.jl:64.
│ Use `bipartite_matching_setup_phase1(A::SparseMatrixCSC{T, Int64}) where T` instead.
└ @ nothing bipartite_matching.jl:64
WARNING: Base.SparseMatrixCSC is deprecated, run `using SparseArrays` to load sparse array functionality
  likely near /home/vagrant/.julia/v0.7/MatrixNetworks/src/bipartite_matching.jl:63
┌ Warning: Deprecated syntax `parametric method syntax bipartite_matching_setup{T}(A::SparseMatrixCSC{T, Int64})` around /home/vagrant/.julia/v0.7/MatrixNetworks/src/bipartite_matching.jl:69.
│ Use `bipartite_matching_setup(A::SparseMatrixCSC{T, Int64}) where T` instead.
└ @ nothing bipartite_matching.jl:69
WARNING: Base.SparseMatrixCSC is deprecated, run `using SparseArrays` to load sparse array functionality
  likely near /home/vagrant/.julia/v0.7/MatrixNetworks/src/bipartite_matching.jl:68
┌ Warning: Deprecated syntax `parametric method syntax bipartite_matching_setup{T}(x::Vector{T}, ei::Vector{Int64}, ej::Vector{Int64}, m::Int64, n::Int64)` around /home/vagrant/.julia/v0.7/MatrixNetworks/src/bipartite_matching.jl:125.
│ Use `bipartite_matching_setup(x::Vector{T}, ei::Vector{Int64}, ej::Vector{Int64}, m::Int64, n::Int64) where T` instead.
└ @ nothing bipartite_matching.jl:125
┌ Warning: Deprecated syntax `parametric method syntax bipartite_matching_primal_dual{T}(rp::Vector{Int64}, ci::Vector{Int64}, ai::Vector{T}, m::Int64, n::Int64)` around /home/vagrant/.julia/v0.7/MatrixNetworks/src/bipartite_matching.jl:189.
│ Use `bipartite_matching_primal_dual(rp::Vector{Int64}, ci::Vector{Int64}, ai::Vector{T}, m::Int64, n::Int64) where T` instead.
└ @ nothing bipartite_matching.jl:189
┌ Warning: Deprecated syntax `parametric method syntax bipartite_matching{T}(A::SparseMatrixCSC{T, Int64})` around /home/vagrant/.julia/v0.7/MatrixNetworks/src/bipartite_matching.jl:299.
│ Use `bipartite_matching(A::SparseMatrixCSC{T, Int64}) where T` instead.
└ @ nothing bipartite_matching.jl:299
WARNING: Base.SparseMatrixCSC is deprecated, run `using SparseArrays` to load sparse array functionality
  likely near /home/vagrant/.julia/v0.7/MatrixNetworks/src/bipartite_matching.jl:298
┌ Warning: Deprecated syntax `parametric method syntax bipartite_matching{T}(w::Vector{T}, ei::Vector{Int64}, ej::Vector{Int64}, m::Int64, n::Int64)` around /home/vagrant/.julia/v0.7/MatrixNetworks/src/bipartite_matching.jl:305.
│ Use `bipartite_matching(w::Vector{T}, ei::Vector{Int64}, ej::Vector{Int64}, m::Int64, n::Int64) where T` instead.
└ @ nothing bipartite_matching.jl:305
┌ Warning: Deprecated syntax `parametric method syntax bipartite_matching{T}(w::Vector{T}, ei::Vector{Int64}, ej::Vector{Int64})` around /home/vagrant/.julia/v0.7/MatrixNetworks/src/bipartite_matching.jl:310.
│ Use `bipartite_matching(w::Vector{T}, ei::Vector{Int64}, ej::Vector{Int64}) where T` instead.
└ @ nothing bipartite_matching.jl:310
┌ Warning: Deprecated syntax `parametric method syntax bipartite_matching_indicator{T}(w::Vector{T}, ei::Vector{Int64}, ej::Vector{Int64})` around /home/vagrant/.julia/v0.7/MatrixNetworks/src/bipartite_matching.jl:325.
│ Use `bipartite_matching_indicator(w::Vector{T}, ei::Vector{Int64}, ej::Vector{Int64}) where T` instead.
└ @ nothing bipartite_matching.jl:325
┌ Warning: Deprecated syntax `multiple line breaks between doc string and object` at /home/vagrant/.julia/v0.7/MatrixNetworks/src/bfs.jl:24.
│ Use `at most one line break` instead.
└ @ nothing bfs.jl:24
┌ Warning: Deprecated syntax `parametric method syntax bfs{T}(A::SparseMatrixCSC{T, Int64}, u::Int64)` around /home/vagrant/.julia/v0.7/MatrixNetworks/src/bfs.jl:73.
│ Use `bfs(A::SparseMatrixCSC{T, Int64}, u::Int64) where T` instead.
└ @ nothing bfs.jl:73
WARNING: Base.SparseMatrixCSC is deprecated, run `using SparseArrays` to load sparse array functionality
  likely near /home/vagrant/.julia/v0.7/MatrixNetworks/src/bfs.jl:72
┌ Warning: Deprecated syntax `parametric method syntax bfs{T}(A::SparseMatrixCSC{T, Int64}, u::Int64, target::Int64)` around /home/vagrant/.julia/v0.7/MatrixNetworks/src/bfs.jl:77.
│ Use `bfs(A::SparseMatrixCSC{T, Int64}, u::Int64, target::Int64) where T` instead.
└ @ nothing bfs.jl:77
WARNING: Base.SparseMatrixCSC is deprecated, run `using SparseArrays` to load sparse array functionality
  likely near /home/vagrant/.julia/v0.7/MatrixNetworks/src/bfs.jl:76
┌ Warning: Deprecated syntax `parametric method syntax bfs{T}(rp::Vector{Int64}, ci::Vector{Int64}, vals::Vector{T}, n::Int64, u::Int64)` around /home/vagrant/.julia/v0.7/MatrixNetworks/src/bfs.jl:91.
│ Use `bfs(rp::Vector{Int64}, ci::Vector{Int64}, vals::Vector{T}, n::Int64, u::Int64) where T` instead.
└ @ nothing bfs.jl:91
┌ Warning: Deprecated syntax `parametric method syntax bfs{T}(rp::Vector{Int64}, ci::Vector{Int64}, vals::Vector{T}, n::Int64, u::Int64, target::Int64)` around /home/vagrant/.julia/v0.7/MatrixNetworks/src/bfs.jl:95.
│ Use `bfs(rp::Vector{Int64}, ci::Vector{Int64}, vals::Vector{T}, n::Int64, u::Int64, target::Int64) where T` instead.
└ @ nothing bfs.jl:95
┌ Warning: Deprecated syntax `multiple line breaks between doc string and object` at /home/vagrant/.julia/v0.7/MatrixNetworks/src/dfs.jl:25.
│ Use `at most one line break` instead.
└ @ nothing dfs.jl:25
┌ Warning: Deprecated syntax `parametric method syntax dfs{T}(A::SparseMatrixCSC{T, Int64}, u::Int64)` around /home/vagrant/.julia/v0.7/MatrixNetworks/src/dfs.jl:100.
│ Use `dfs(A::SparseMatrixCSC{T, Int64}, u::Int64) where T` instead.
└ @ nothing dfs.jl:100
WARNING: Base.SparseMatrixCSC is deprecated, run `using SparseArrays` to load sparse array functionality
  likely near /home/vagrant/.julia/v0.7/MatrixNetworks/src/dfs.jl:99
┌ Warning: Deprecated syntax `parametric method syntax dfs{T}(A::SparseMatrixCSC{T, Int64}, u::Int64, full::Int64, target::Int64)` around /home/vagrant/.julia/v0.7/MatrixNetworks/src/dfs.jl:104.
│ Use `dfs(A::SparseMatrixCSC{T, Int64}, u::Int64, full::Int64, target::Int64) where T` instead.
└ @ nothing dfs.jl:104
WARNING: Base.SparseMatrixCSC is deprecated, run `using SparseArrays` to load sparse array functionality
  likely near /home/vagrant/.julia/v0.7/MatrixNetworks/src/dfs.jl:103
┌ Warning: Deprecated syntax `parametric method syntax dfs{T}(rp::Vector{Int64}, ci::Vector{Int64}, vals::Vector{T}, n::Int64, u::Int64)` around /home/vagrant/.julia/v0.7/MatrixNetworks/src/dfs.jl:118.
│ Use `dfs(rp::Vector{Int64}, ci::Vector{Int64}, vals::Vector{T}, n::Int64, u::Int64) where T` instead.
└ @ nothing dfs.jl:118
┌ Warning: Deprecated syntax `parametric method syntax dfs{T}(rp::Vector{Int64}, ci::Vector{Int64}, vals::Vector{T}, n::Int64, u::Int64, full::Int64, target::Int64)` around /home/vagrant/.julia/v0.7/MatrixNetworks/src/dfs.jl:122.
│ Use `dfs(rp::Vector{Int64}, ci::Vector{Int64}, vals::Vector{T}, n::Int64, u::Int64, full::Int64, target::Int64) where T` instead.
└ @ nothing dfs.jl:122
┌ Warning: Deprecated syntax `multiple line breaks between doc string and object` at /home/vagrant/.julia/v0.7/MatrixNetworks/src/clustercoeffs.jl:23.
│ Use `at most one line break` instead.
└ @ nothing clustercoeffs.jl:23
┌ Warning: Deprecated syntax `parametric method syntax clustercoeffs_phase2{T}(donorm::Bool, rp::Vector{Int64}, ci::Vector{Int64}, ai::Vector{T}, usew::Bool)` around /home/vagrant/.julia/v0.7/MatrixNetworks/src/clustercoeffs.jl:50.
│ Use `clustercoeffs_phase2(donorm::Bool, rp::Vector{Int64}, ci::Vector{Int64}, ai::Vector{T}, usew::Bool) where T` instead.
└ @ nothing clustercoeffs.jl:50
┌ Warning: Deprecated syntax `parametric method syntax clustercoeffs{T}(A::SparseMatrixCSC{T, Int64}, weighted::Bool, normalized::Bool)` around /home/vagrant/.julia/v0.7/MatrixNetworks/src/clustercoeffs.jl:127.
│ Use `clustercoeffs(A::SparseMatrixCSC{T, Int64}, weighted::Bool, normalized::Bool) where T` instead.
└ @ nothing clustercoeffs.jl:127
WARNING: Base.SparseMatrixCSC is deprecated, run `using SparseArrays` to load sparse array functionality
  likely near /home/vagrant/.julia/v0.7/MatrixNetworks/src/clustercoeffs.jl:126
┌ Warning: Deprecated syntax `parametric method syntax clustercoeffs{T}(A::SparseMatrixCSC{T, Int64})` around /home/vagrant/.julia/v0.7/MatrixNetworks/src/clustercoeffs.jl:149.
│ Use `clustercoeffs(A::SparseMatrixCSC{T, Int64}) where T` instead.
└ @ nothing clustercoeffs.jl:149
WARNING: Base.SparseMatrixCSC is deprecated, run `using SparseArrays` to load sparse array functionality
  likely near /home/vagrant/.julia/v0.7/MatrixNetworks/src/clustercoeffs.jl:148
┌ Warning: Deprecated syntax `parametric method syntax clustercoeffs{T}(rp::Vector{Int64}, ci::Vector{Int64}, vals::Vector{T}, n::Int64)` around /home/vagrant/.julia/v0.7/MatrixNetworks/src/clustercoeffs.jl:163.
│ Use `clustercoeffs(rp::Vector{Int64}, ci::Vector{Int64}, vals::Vector{T}, n::Int64) where T` instead.
└ @ nothing clustercoeffs.jl:163
┌ Warning: Deprecated syntax `parametric method syntax clustercoeffs{T}(rp::Vector{Int64}, ci::Vector{Int64}, vals::Vector{T}, n::Int64, weighted::Bool, normalized::Bool)` around /home/vagrant/.julia/v0.7/MatrixNetworks/src/clustercoeffs.jl:167.
│ Use `clustercoeffs(rp::Vector{Int64}, ci::Vector{Int64}, vals::Vector{T}, n::Int64, weighted::Bool, normalized::Bool) where T` instead.
└ @ nothing clustercoeffs.jl:167
┌ Warning: Deprecated syntax `multiple line breaks between doc string and object` at /home/vagrant/.julia/v0.7/MatrixNetworks/src/corenums.jl:23.
│ Use `at most one line break` instead.
└ @ nothing corenums.jl:23
┌ Warning: Deprecated syntax `parametric method syntax corenums{T}(A::SparseMatrixCSC{T, Int64})` around /home/vagrant/.julia/v0.7/MatrixNetworks/src/corenums.jl:98.
│ Use `corenums(A::SparseMatrixCSC{T, Int64}) where T` instead.
└ @ nothing corenums.jl:98
WARNING: Base.SparseMatrixCSC is deprecated, run `using SparseArrays` to load sparse array functionality
  likely near /home/vagrant/.julia/v0.7/MatrixNetworks/src/corenums.jl:97
┌ Warning: Deprecated syntax `parametric method syntax corenums{T}(rp::Vector{Int64}, ci::Vector{Int64}, vals::Vector{T}, n::Int64)` around /home/vagrant/.julia/v0.7/MatrixNetworks/src/corenums.jl:108.
│ Use `corenums(rp::Vector{Int64}, ci::Vector{Int64}, vals::Vector{T}, n::Int64) where T` instead.
└ @ nothing corenums.jl:108
┌ Warning: Deprecated syntax `parametric method syntax floydwarshall_phase1{T}(A::SparseMatrixCSC{T, Int64})` around /home/vagrant/.julia/v0.7/MatrixNetworks/src/floydwarshall.jl:32.
│ Use `floydwarshall_phase1(A::SparseMatrixCSC{T, Int64}) where T` instead.
└ @ nothing floydwarshall.jl:32
WARNING: Base.SparseMatrixCSC is deprecated, run `using SparseArrays` to load sparse array functionality
  likely near /home/vagrant/.julia/v0.7/MatrixNetworks/src/floydwarshall.jl:31
┌ Warning: Deprecated syntax `parametric method syntax floydwarshall_phase2{T}(ri::Vector{Int64}, ci::Vector{Int64}, ai::Vector{T}, n::Int64)` around /home/vagrant/.julia/v0.7/MatrixNetworks/src/floydwarshall.jl:38.
│ Use `floydwarshall_phase2(ri::Vector{Int64}, ci::Vector{Int64}, ai::Vector{T}, n::Int64) where T` instead.
└ @ nothing floydwarshall.jl:38
┌ Warning: Deprecated syntax `parametric method syntax floydwarshall{T}(A::SparseMatrixCSC{T, Int64})` around /home/vagrant/.julia/v0.7/MatrixNetworks/src/floydwarshall.jl:85.
│ Use `floydwarshall(A::SparseMatrixCSC{T, Int64}) where T` instead.
└ @ nothing floydwarshall.jl:85
WARNING: Base.SparseMatrixCSC is deprecated, run `using SparseArrays` to load sparse array functionality
  likely near /home/vagrant/.julia/v0.7/MatrixNetworks/src/floydwarshall.jl:84
┌ Warning: Deprecated syntax `type` at /home/vagrant/.julia/v0.7/MatrixNetworks/src/manage_data.jl:15.
│ Use `mutable struct` instead.
└ @ nothing manage_data.jl:15
WARNING: Base.SparseMatrixCSC is deprecated, run `using SparseArrays` to load sparse array functionality
  likely near /home/vagrant/.julia/v0.7/MatrixNetworks/src/manage_data.jl:15
WARNING: Base.SparseMatrixCSC is deprecated, run `using SparseArrays` to load sparse array functionality
  likely near /home/vagrant/.julia/v0.7/MatrixNetworks/src/manage_data.jl:15
WARNING: Base.SparseMatrixCSC is deprecated, run `using SparseArrays` to load sparse array functionality
  likely near /home/vagrant/.julia/v0.7/MatrixNetworks/src/manage_data.jl:15
WARNING: importing deprecated binding Base.@sprintf into MatrixNetworks.
WARNING: Base.@sprintf is deprecated: it has been moved to the standard library package `Printf`.
Add `using Printf` to your imports.
  likely near /home/vagrant/.julia/v0.7/MatrixNetworks/src/manage_data.jl:22
WARNING: Base.@sprintf is deprecated: it has been moved to the standard library package `Printf`.
Add `using Printf` to your imports.
  likely near /home/vagrant/.julia/v0.7/MatrixNetworks/src/manage_data.jl:51
WARNING: Base.@sprintf is deprecated: it has been moved to the standard library package `Printf`.
Add `using Printf` to your imports.
  likely near /home/vagrant/.julia/v0.7/MatrixNetworks/src/manage_data.jl:61
┌ Warning: Deprecated syntax `multiple line breaks between doc string and object` at /home/vagrant/.julia/v0.7/MatrixNetworks/src/largest_component.jl:31.
│ Use `at most one line break` instead.
└ @ nothing largest_component.jl:31
┌ Warning: Deprecated syntax `parametric method syntax largest_component{T}(A::SparseMatrixCSC{T, Int64})` around /home/vagrant/.julia/v0.7/MatrixNetworks/src/largest_component.jl:33.
│ Use `largest_component(A::SparseMatrixCSC{T, Int64}) where T` instead.
└ @ nothing largest_component.jl:33
WARNING: Base.SparseMatrixCSC is deprecated, run `using SparseArrays` to load sparse array functionality
  likely near /home/vagrant/.julia/v0.7/MatrixNetworks/src/largest_component.jl:1
WARNING: Base.SparseMatrixCSC is deprecated, run `using SparseArrays` to load sparse array functionality
  likely near /home/vagrant/.julia/v0.7/MatrixNetworks/src/largest_component.jl:1
┌ Warning: Deprecated syntax `parametric method syntax largest_component{T}(A::SparseMatrixCSC{T, Int64}, sym::Bool)` around /home/vagrant/.julia/v0.7/MatrixNetworks/src/largest_component.jl:37.
│ Use `largest_component(A::SparseMatrixCSC{T, Int64}, sym::Bool) where T` instead.
└ @ nothing largest_component.jl:37
WARNING: Base.SparseMatrixCSC is deprecated, run `using SparseArrays` to load sparse array functionality
  likely near /home/vagrant/.julia/v0.7/MatrixNetworks/src/largest_component.jl:36
┌ Warning: Deprecated syntax `multiple line breaks between doc string and object` at /home/vagrant/.julia/v0.7/MatrixNetworks/src/cosineknn.jl:20.
│ Use `at most one line break` instead.
└ @ nothing cosineknn.jl:20
┌ Warning: Deprecated syntax `1./` at /home/vagrant/.julia/v0.7/MatrixNetworks/src/cosineknn.jl:52.
│ Use `1 ./` instead.
└ @ nothing cosineknn.jl:52
┌ Warning: Deprecated syntax `parametric method syntax cosineknn{T}(A::SparseMatrixCSC{T, Int64}, K::Int64)` around /home/vagrant/.julia/v0.7/MatrixNetworks/src/cosineknn.jl:22.
│ Use `cosineknn(A::SparseMatrixCSC{T, Int64}, K::Int64) where T` instead.
└ @ nothing cosineknn.jl:22
WARNING: Base.SparseMatrixCSC is deprecated, run `using SparseArrays` to load sparse array functionality
  likely near /home/vagrant/.julia/v0.7/MatrixNetworks/src/cosineknn.jl:1
WARNING: Base.SparseMatrixCSC is deprecated, run `using SparseArrays` to load sparse array functionality
  likely near /home/vagrant/.julia/v0.7/MatrixNetworks/src/cosineknn.jl:1
┌ Warning: Deprecated syntax `parametric method syntax cosineknn_internal{T}(rp::Vector{Int64}, ci::Vector{Int64}, ai::Vector{T}, rpt::Vector{Int64}, cit::Vector{Int64}, ait::Vector{T}, m::Int64, K::Int64)` around /home/vagrant/.julia/v0.7/MatrixNetworks/src/cosineknn.jl:45.
│ Use `cosineknn_internal(rp::Vector{Int64}, ci::Vector{Int64}, ai::Vector{T}, rpt::Vector{Int64}, cit::Vector{Int64}, ait::Vector{T}, m::Int64, K::Int64) where T` instead.
└ @ nothing cosineknn.jl:45
┌ Warning: Deprecated syntax `multiple line breaks between doc string and object` at /home/vagrant/.julia/v0.7/MatrixNetworks/src/dirclustercoeffs.jl:34.
│ Use `at most one line break` instead.
└ @ nothing dirclustercoeffs.jl:34
┌ Warning: Deprecated syntax `multiple line breaks between doc string and object` at /home/vagrant/.julia/v0.7/MatrixNetworks/src/dirclustercoeffs.jl:36.
│ Use `at most one line break` instead.
└ @ nothing dirclustercoeffs.jl:36
┌ Warning: Deprecated syntax `parametric method syntax dirclustercoeffs{T}(A::SparseMatrixCSC{T, Int64}, weighted::Bool)` around /home/vagrant/.julia/v0.7/MatrixNetworks/src/dirclustercoeffs.jl:38.
│ Use `dirclustercoeffs(A::SparseMatrixCSC{T, Int64}, weighted::Bool) where T` instead.
└ @ nothing dirclustercoeffs.jl:38
WARNING: Base.SparseMatrixCSC is deprecated, run `using SparseArrays` to load sparse array functionality
  likely near /home/vagrant/.julia/v0.7/MatrixNetworks/src/dirclustercoeffs.jl:1
WARNING: Base.SparseMatrixCSC is deprecated, run `using SparseArrays` to load sparse array functionality
  likely near /home/vagrant/.julia/v0.7/MatrixNetworks/src/dirclustercoeffs.jl:1
┌ Warning: Deprecated syntax `parametric method syntax dirclustercoeffs{T}(A::SparseMatrixCSC{T, Int64})` around /home/vagrant/.julia/v0.7/MatrixNetworks/src/dirclustercoeffs.jl:42.
│ Use `dirclustercoeffs(A::SparseMatrixCSC{T, Int64}) where T` instead.
└ @ nothing dirclustercoeffs.jl:42
WARNING: Base.SparseMatrixCSC is deprecated, run `using SparseArrays` to load sparse array functionality
  likely near /home/vagrant/.julia/v0.7/MatrixNetworks/src/dirclustercoeffs.jl:41
┌ Warning: Deprecated syntax `parametric method syntax dirclustercoeffs{T}(A::SparseMatrixCSC{T, Int64}, weighted::Bool, normalized::Bool)` around /home/vagrant/.julia/v0.7/MatrixNetworks/src/dirclustercoeffs.jl:46.
│ Use `dirclustercoeffs(A::SparseMatrixCSC{T, Int64}, weighted::Bool, normalized::Bool) where T` instead.
└ @ nothing dirclustercoeffs.jl:46
WARNING: Base.SparseMatrixCSC is deprecated, run `using SparseArrays` to load sparse array functionality
  likely near /home/vagrant/.julia/v0.7/MatrixNetworks/src/dirclustercoeffs.jl:45
┌ Warning: Deprecated syntax `multiple line breaks between doc string and object` at /home/vagrant/.julia/v0.7/MatrixNetworks/src/dijkstra.jl:44.
│ Use `at most one line break` instead.
└ @ nothing dijkstra.jl:44
┌ Warning: Deprecated syntax `parametric method syntax dijkstra{F}(A::SparseMatrixCSC{F, Int64}, u::Int64)` around /home/vagrant/.julia/v0.7/MatrixNetworks/src/dijkstra.jl:50.
│ Use `dijkstra(A::SparseMatrixCSC{F, Int64}, u::Int64) where F` instead.
└ @ nothing dijkstra.jl:50
WARNING: Base.SparseMatrixCSC is deprecated, run `using SparseArrays` to load sparse array functionality
  likely near /home/vagrant/.julia/v0.7/MatrixNetworks/src/dijkstra.jl:49
┌ Warning: Deprecated syntax `parametric method syntax dijkstra_internal{F}(rp::Vector{Int64}, ci::Vector{Int64}, ai::Vector{F}, u::Int64)` around /home/vagrant/.julia/v0.7/MatrixNetworks/src/dijkstra.jl:56.
│ Use `dijkstra_internal(rp::Vector{Int64}, ci::Vector{Int64}, ai::Vector{F}, u::Int64) where F` instead.
└ @ nothing dijkstra.jl:56
┌ Warning: Deprecated syntax `multiple line breaks between doc string and object` at /home/vagrant/.julia/v0.7/MatrixNetworks/src/mst_prim.jl:38.
│ Use `at most one line break` instead.
└ @ nothing mst_prim.jl:38
┌ Warning: Deprecated syntax `parametric method syntax mst_prim{T}(A::SparseMatrixCSC{T, Int64}, full::Bool, u::Int64)` around /home/vagrant/.julia/v0.7/MatrixNetworks/src/mst_prim.jl:212.
│ Use `mst_prim(A::SparseMatrixCSC{T, Int64}, full::Bool, u::Int64) where T` instead.
└ @ nothing mst_prim.jl:212
WARNING: Base.SparseMatrixCSC is deprecated, run `using SparseArrays` to load sparse array functionality
  likely near /home/vagrant/.julia/v0.7/MatrixNetworks/src/mst_prim.jl:212
┌ Warning: Deprecated syntax `parametric method syntax mst_prim{T}(A::SparseMatrixCSC{T, Int64}, full::Bool)` around /home/vagrant/.julia/v0.7/MatrixNetworks/src/mst_prim.jl:213.
│ Use `mst_prim(A::SparseMatrixCSC{T, Int64}, full::Bool) where T` instead.
└ @ nothing mst_prim.jl:213
WARNING: Base.SparseMatrixCSC is deprecated, run `using SparseArrays` to load sparse array functionality
  likely near /home/vagrant/.julia/v0.7/MatrixNetworks/src/mst_prim.jl:213
┌ Warning: Deprecated syntax `parametric method syntax mst_prim{T}(A::SparseMatrixCSC{T, Int64})` around /home/vagrant/.julia/v0.7/MatrixNetworks/src/mst_prim.jl:214.
│ Use `mst_prim(A::SparseMatrixCSC{T, Int64}) where T` instead.
└ @ nothing mst_prim.jl:214
WARNING: Base.SparseMatrixCSC is deprecated, run `using SparseArrays` to load sparse array functionality
  likely near /home/vagrant/.julia/v0.7/MatrixNetworks/src/mst_prim.jl:214
┌ Warning: Deprecated syntax `parametric method syntax mst_prim_matrix{T}(A::SparseMatrixCSC{T, Int64}, full::Bool, u::Int64)` around /home/vagrant/.julia/v0.7/MatrixNetworks/src/mst_prim.jl:227.
│ Use `mst_prim_matrix(A::SparseMatrixCSC{T, Int64}, full::Bool, u::Int64) where T` instead.
└ @ nothing mst_prim.jl:227
WARNING: Base.SparseMatrixCSC is deprecated, run `using SparseArrays` to load sparse array functionality
  likely near /home/vagrant/.julia/v0.7/MatrixNetworks/src/mst_prim.jl:227
┌ Warning: Deprecated syntax `parametric method syntax mst_prim_matrix{T}(A::SparseMatrixCSC{T, Int64}, full::Bool)` around /home/vagrant/.julia/v0.7/MatrixNetworks/src/mst_prim.jl:228.
│ Use `mst_prim_matrix(A::SparseMatrixCSC{T, Int64}, full::Bool) where T` instead.
└ @ nothing mst_prim.jl:228
WARNING: Base.SparseMatrixCSC is deprecated, run `using SparseArrays` to load sparse array functionality
  likely near /home/vagrant/.julia/v0.7/MatrixNetworks/src/mst_prim.jl:228
┌ Warning: Deprecated syntax `parametric method syntax mst_prim_matrix{T}(A::SparseMatrixCSC{T, Int64})` around /home/vagrant/.julia/v0.7/MatrixNetworks/src/mst_prim.jl:229.
│ Use `mst_prim_matrix(A::SparseMatrixCSC{T, Int64}) where T` instead.
└ @ nothing mst_prim.jl:229
WARNING: Base.SparseMatrixCSC is deprecated, run `using SparseArrays` to load sparse array functionality
  likely near /home/vagrant/.julia/v0.7/MatrixNetworks/src/mst_prim.jl:229
┌ Warning: Deprecated syntax `multiple line breaks between doc string and object` at /home/vagrant/.julia/v0.7/MatrixNetworks/src/spectral.jl:38.
│ Use `at most one line break` instead.
└ @ nothing spectral.jl:38
┌ Warning: Deprecated syntax `2.*` at /home/vagrant/.julia/v0.7/MatrixNetworks/src/spectral.jl:207.
│ Use `2 .*` instead.
└ @ nothing spectral.jl:207
┌ Warning: Deprecated syntax `multiple line breaks between doc string and object` at /home/vagrant/.julia/v0.7/MatrixNetworks/src/spectral.jl:261.
│ Use `at most one line break` instead.
└ @ nothing spectral.jl:261
┌ Warning: Deprecated syntax `type` at /home/vagrant/.julia/v0.7/MatrixNetworks/src/spectral.jl:261.
│ Use `mutable struct` instead.
└ @ nothing spectral.jl:261
┌ Warning: Deprecated syntax `multiple line breaks between doc string and object` at /home/vagrant/.julia/v0.7/MatrixNetworks/src/spectral.jl:293.
│ Use `at most one line break` instead.
└ @ nothing spectral.jl:293
┌ Warning: Deprecated syntax `immutable` at /home/vagrant/.julia/v0.7/MatrixNetworks/src/spectral.jl:293.
│ Use `struct` instead.
└ @ nothing spectral.jl:293
┌ Warning: Deprecated syntax `multiple line breaks between doc string and object` at /home/vagrant/.julia/v0.7/MatrixNetworks/src/spectral.jl:487.
│ Use `at most one line break` instead.
└ @ nothing spectral.jl:487
┌ Warning: Deprecated syntax `immutable` at /home/vagrant/.julia/v0.7/MatrixNetworks/src/spectral.jl:487.
│ Use `struct` instead.
└ @ nothing spectral.jl:487
┌ Warning: Deprecated syntax `multiple line breaks between doc string and object` at /home/vagrant/.julia/v0.7/MatrixNetworks/src/spectral.jl:536.
│ Use `at most one line break` instead.
└ @ nothing spectral.jl:536
WARNING: Base.LinAlg is deprecated, run `using LinearAlgebra` instead
  likely near /home/vagrant/.julia/v0.7/MatrixNetworks/src/spectral.jl:1
┌ Warning: Deprecated syntax `parametric method syntax _symeigs_smallest_arpack{V}(A::SparseMatrixCSC{V, Int}, nev::Int, tol::V, maxiter::Int, v0::Vector{V})` around /home/vagrant/.julia/v0.7/MatrixNetworks/src/spectral.jl:42.
│ Use `_symeigs_smallest_arpack(A::SparseMatrixCSC{V, Int}, nev::Int, tol::V, maxiter::Int, v0::Vector{V}) where V` instead.
└ @ nothing spectral.jl:42
WARNING: Base.SparseMatrixCSC is deprecated, run `using SparseArrays` to load sparse array functionality
  likely near /home/vagrant/.julia/v0.7/MatrixNetworks/src/spectral.jl:9
WARNING: Base.SparseMatrixCSC is deprecated, run `using SparseArrays` to load sparse array functionality
  likely near /home/vagrant/.julia/v0.7/MatrixNetworks/src/spectral.jl:9
WARNING: Base.@sprintf is deprecated: it has been moved to the standard library package `Printf`.
Add `using Printf` to your imports.
  likely near /home/vagrant/.julia/v0.7/MatrixNetworks/src/spectral.jl:128
┌ Warning: Deprecated syntax `parametric method syntax fiedler_vector{V}(A::SparseMatrixCSC{V, Int},; tol = 1e-12, maxiter = 300, dense = 96, nev = 2, checksym = true)` around /home/vagrant/.julia/v0.7/MatrixNetworks/src/spectral.jl:184.
│ Use `fiedler_vector(A::SparseMatrixCSC{V, Int},; tol = 1e-12, maxiter = 300, dense = 96, nev = 2, checksym = true) where V` instead.
└ @ nothing spectral.jl:184
WARNING: Base.SparseMatrixCSC is deprecated, run `using SparseArrays` to load sparse array functionality
  likely near /home/vagrant/.julia/v0.7/MatrixNetworks/src/spectral.jl:128
WARNING: Base.SparseMatrixCSC is deprecated, run `using SparseArrays` to load sparse array functionality
  likely near /home/vagrant/.julia/v0.7/MatrixNetworks/src/spectral.jl:128
WARNING: Base.SparseMatrixCSC is deprecated, run `using SparseArrays` to load sparse array functionality
  likely near /home/vagrant/.julia/v0.7/MatrixNetworks/src/spectral.jl:128
WARNING: Base.SparseMatrixCSC is deprecated, run `using SparseArrays` to load sparse array functionality
  likely near /home/vagrant/.julia/v0.7/MatrixNetworks/src/spectral.jl:128
┌ Warning: Deprecated syntax `parametric method syntax fiedler_vector{T}(A::MatrixNetwork{T},; kwargs...)` around /home/vagrant/.julia/v0.7/MatrixNetworks/src/spectral.jl:234.
│ Use `fiedler_vector(A::MatrixNetwork{T},; kwargs...) where T` instead.
└ @ nothing spectral.jl:234
┌ Warning: Deprecated syntax `parametric method syntax haskey{S}(A::RankedArray{S}, x::Int)` around /home/vagrant/.julia/v0.7/MatrixNetworks/src/spectral.jl:267.
│ Use `haskey(A::RankedArray{S}, x::Int) where S` instead.
└ @ nothing spectral.jl:267
┌ Warning: Deprecated syntax `parametric method syntax getindex{S}(A::RankedArray{S}, i)` around /home/vagrant/.julia/v0.7/MatrixNetworks/src/spectral.jl:268.
│ Use `getindex(A::RankedArray{S}, i) where S` instead.
└ @ nothing spectral.jl:268
┌ Warning: Deprecated syntax `parametric method syntax (::Type{SweepcutProfile{V, F}}){V, F}(p::Vector{Int}, nnodes::Int, totalvol::V)` around /home/vagrant/.julia/v0.7/MatrixNetworks/src/spectral.jl:302.
│ Use `(::Type{SweepcutProfile{V, F}})(p::Vector{Int}, nnodes::Int, totalvol::V) where {V, F}` instead.
└ @ nothing spectral.jl:302
┌ Warning: Deprecated syntax `parametric method syntax sweepcut{V, T}(A::SparseMatrixCSC{V, Int}, p::Vector{Int}, r, totalvol::V, maxvol::T)` around /home/vagrant/.julia/v0.7/MatrixNetworks/src/spectral.jl:379.
│ Use `sweepcut(A::SparseMatrixCSC{V, Int}, p::Vector{Int}, r, totalvol::V, maxvol::T) where {V, T}` instead.
└ @ nothing spectral.jl:379
WARNING: Base.SparseMatrixCSC is deprecated, run `using SparseArrays` to load sparse array functionality
  likely near /home/vagrant/.julia/v0.7/MatrixNetworks/src/spectral.jl:307
WARNING: Base.SparseMatrixCSC is deprecated, run `using SparseArrays` to load sparse array functionality
  likely near /home/vagrant/.julia/v0.7/MatrixNetworks/src/spectral.jl:307
┌ Warning: Deprecated syntax `parametric method syntax sweepcut{V, T}(A::SparseMatrixCSC{V, Int}, x::Vector{T}, vol::V)` around /home/vagrant/.julia/v0.7/MatrixNetworks/src/spectral.jl:431.
│ Use `sweepcut(A::SparseMatrixCSC{V, Int}, x::Vector{T}, vol::V) where {V, T}` instead.
└ @ nothing spectral.jl:431
WARNING: Base.SparseMatrixCSC is deprecated, run `using SparseArrays` to load sparse array functionality
  likely near /home/vagrant/.julia/v0.7/MatrixNetworks/src/spectral.jl:430
┌ Warning: Deprecated syntax `parametric method syntax sweepcut{V, T}(A::SparseMatrixCSC{V, Int}, x::Vector{T})` around /home/vagrant/.julia/v0.7/MatrixNetworks/src/spectral.jl:440.
│ Use `sweepcut(A::SparseMatrixCSC{V, Int}, x::Vector{T}) where {V, T}` instead.
└ @ nothing spectral.jl:440
WARNING: Base.SparseMatrixCSC is deprecated, run `using SparseArrays` to load sparse array functionality
  likely near /home/vagrant/.julia/v0.7/MatrixNetworks/src/spectral.jl:440
┌ Warning: Deprecated syntax `parametric method syntax bestset{V, F}(prof::SweepcutProfile{V, F})` around /home/vagrant/.julia/v0.7/MatrixNetworks/src/spectral.jl:444.
│ Use `bestset(prof::SweepcutProfile{V, F}) where {V, F}` instead.
└ @ nothing spectral.jl:444
WARNING: Base.SparseMatrixCSC is deprecated, run `using SparseArrays` to load sparse array functionality
  likely near /home/vagrant/.julia/v0.7/MatrixNetworks/src/spectral.jl:467
WARNING: Base.SparseMatrixCSC is deprecated, run `using SparseArrays` to load sparse array functionality
  likely near /home/vagrant/.julia/v0.7/MatrixNetworks/src/spectral.jl:467
┌ Warning: Deprecated syntax `parametric method syntax show{V, F}(io::IO, obj::SpectralCut{V, F})` around /home/vagrant/.julia/v0.7/MatrixNetworks/src/spectral.jl:498.
│ Use `show(io::IO, obj::SpectralCut{V, F}) where {V, F}` instead.
└ @ nothing spectral.jl:498
┌ Warning: Deprecated syntax `parametric method syntax spectral_cut{V}(A::SparseMatrixCSC{V, Int}, checksym::Bool, ccwarn::Bool)` around /home/vagrant/.julia/v0.7/MatrixNetworks/src/spectral.jl:537.
│ Use `spectral_cut(A::SparseMatrixCSC{V, Int}, checksym::Bool, ccwarn::Bool) where V` instead.
└ @ nothing spectral.jl:537
WARNING: Base.SparseMatrixCSC is deprecated, run `using SparseArrays` to load sparse array functionality
  likely near /home/vagrant/.julia/v0.7/MatrixNetworks/src/spectral.jl:506
WARNING: Base.SparseMatrixCSC is deprecated, run `using SparseArrays` to load sparse array functionality
  likely near /home/vagrant/.julia/v0.7/MatrixNetworks/src/spectral.jl:506
┌ Warning: Deprecated syntax `parametric method syntax spectral_cut{V}(A::SparseMatrixCSC{V, Int})` around /home/vagrant/.julia/v0.7/MatrixNetworks/src/spectral.jl:580.
│ Use `spectral_cut(A::SparseMatrixCSC{V, Int}) where V` instead.
└ @ nothing spectral.jl:580
WARNING: Base.SparseMatrixCSC is deprecated, run `using SparseArrays` to load sparse array functionality
  likely near /home/vagrant/.julia/v0.7/MatrixNetworks/src/spectral.jl:579
┌ Warning: Deprecated syntax `parametric method syntax spectral_cut{V}(A::MatrixNetwork{V})` around /home/vagrant/.julia/v0.7/MatrixNetworks/src/spectral.jl:584.
│ Use `spectral_cut(A::MatrixNetwork{V}) where V` instead.
└ @ nothing spectral.jl:584
┌ Warning: Deprecated syntax `1./` at /home/vagrant/.julia/v0.7/MatrixNetworks/src/diffusions.jl:170.
│ Use `1 ./` instead.
└ @ nothing diffusions.jl:170
┌ Warning: Deprecated syntax `1.-` at /home/vagrant/.julia/v0.7/MatrixNetworks/src/diffusions.jl:170.
│ Use `1 .-` instead.
└ @ nothing diffusions.jl:170
┌ Warning: Deprecated syntax `1.-` at /home/vagrant/.julia/v0.7/MatrixNetworks/src/diffusions.jl:177.
│ Use `1 .-` instead.
└ @ nothing diffusions.jl:177
┌ Warning: Deprecated syntax `type` at /home/vagrant/.julia/v0.7/MatrixNetworks/src/diffusions.jl:285.
│ Use `mutable struct` instead.
└ @ nothing diffusions.jl:285
┌ Warning: Deprecated syntax `type` at /home/vagrant/.julia/v0.7/MatrixNetworks/src/diffusions.jl:314.
│ Use `mutable struct` instead.
└ @ nothing diffusions.jl:314
┌ Warning: Deprecated syntax `1./` at /home/vagrant/.julia/v0.7/MatrixNetworks/src/diffusions.jl:339.
│ Use `1 ./` instead.
└ @ nothing diffusions.jl:339
┌ Warning: Deprecated syntax `1./` at /home/vagrant/.julia/v0.7/MatrixNetworks/src/diffusions.jl:355.
│ Use `1 ./` instead.
└ @ nothing diffusions.jl:355
┌ Warning: Deprecated syntax `1./` at /home/vagrant/.julia/v0.7/MatrixNetworks/src/diffusions.jl:417.
│ Use `1 ./` instead.
└ @ nothing diffusions.jl:417
┌ Warning: Deprecated syntax `1./` at /home/vagrant/.julia/v0.7/MatrixNetworks/src/diffusions.jl:496.
│ Use `1 ./` instead.
└ @ nothing diffusions.jl:496
┌ Warning: Deprecated syntax `1./` at /home/vagrant/.julia/v0.7/MatrixNetworks/src/diffusions.jl:550.
│ Use `1 ./` instead.
└ @ nothing diffusions.jl:550
┌ Warning: Deprecated syntax `1./` at /home/vagrant/.julia/v0.7/MatrixNetworks/src/diffusions.jl:575.
│ Use `1 ./` instead.
└ @ nothing diffusions.jl:575
┌ Warning: Deprecated syntax `1./` at /home/vagrant/.julia/v0.7/MatrixNetworks/src/diffusions.jl:599.
│ Use `1 ./` instead.
└ @ nothing diffusions.jl:599
WARNING: Base.LinAlg is deprecated, run `using LinearAlgebra` instead
  likely near /home/vagrant/.julia/v0.7/MatrixNetworks/src/diffusions.jl:4
WARNING: importing deprecated binding Base.A_mul_B! into MatrixNetworks.
┌ Warning: Deprecated syntax `parametric method syntax _noiterfunc{T}(iter::Int, x::Vector{T})` around /home/vagrant/.julia/v0.7/MatrixNetworks/src/diffusions.jl:15.
│ Use `_noiterfunc(iter::Int, x::Vector{T}) where T` instead.
└ @ nothing diffusions.jl:15
┌ Warning: Deprecated syntax `parametric method syntax _applyv!{T}(x::Vector{T}, v::SparseVector{T}, alpha::T, gamma::T)` around /home/vagrant/.julia/v0.7/MatrixNetworks/src/diffusions.jl:37.
│ Use `_applyv!(x::Vector{T}, v::SparseVector{T}, alpha::T, gamma::T) where T` instead.
└ @ nothing diffusions.jl:37
WARNING: importing deprecated binding Base.SparseVector into MatrixNetworks.
WARNING: Base.SparseVector is deprecated, run `using SparseArrays` to load sparse array functionality
  likely near /home/vagrant/.julia/v0.7/MatrixNetworks/src/diffusions.jl:35
┌ Warning: Deprecated syntax `parametric method syntax _applyv!{T}(x::Vector{T}, v, alpha::T, gamma::T)` around /home/vagrant/.julia/v0.7/MatrixNetworks/src/diffusions.jl:50.
│ Use `_applyv!(x::Vector{T}, v, alpha::T, gamma::T) where T` instead.
└ @ nothing diffusions.jl:50
┌ Warning: Deprecated syntax `parametric method syntax _applyv!{T}(x::Vector{T}, v::T, alpha::T, gamma::T)` around /home/vagrant/.julia/v0.7/MatrixNetworks/src/diffusions.jl:55.
│ Use `_applyv!(x::Vector{T}, v::T, alpha::T, gamma::T) where T` instead.
└ @ nothing diffusions.jl:55
┌ Warning: Deprecated syntax `parametric method syntax _applyv!{T}(x::Vector{T}, v::Vector{T}, alpha::T, gamma::T)` around /home/vagrant/.julia/v0.7/MatrixNetworks/src/diffusions.jl:62.
│ Use `_applyv!(x::Vector{T}, v::Vector{T}, alpha::T, gamma::T) where T` instead.
└ @ nothing diffusions.jl:62
┌ Warning: Deprecated syntax `parametric method syntax _applyv!{T}(x::Vector{T}, v::SparseMatrixCSC{T, Int}, alpha::T, gamma::T)` around /home/vagrant/.julia/v0.7/MatrixNetworks/src/diffusions.jl:69.
│ Use `_applyv!(x::Vector{T}, v::SparseMatrixCSC{T, Int}, alpha::T, gamma::T) where T` instead.
└ @ nothing diffusions.jl:69
WARNING: Base.SparseMatrixCSC is deprecated, run `using SparseArrays` to load sparse array functionality
  likely near /home/vagrant/.julia/v0.7/MatrixNetworks/src/diffusions.jl:67
┌ Warning: Deprecated syntax `parametric method syntax _densevec{T}(I::Vector{Int}, V::Vector{T}, n::Int)` around /home/vagrant/.julia/v0.7/MatrixNetworks/src/diffusions.jl:83.
│ Use `_densevec(I::Vector{Int}, V::Vector{T}, n::Int) where T` instead.
└ @ nothing diffusions.jl:83
┌ Warning: Deprecated syntax `parametric method syntax _densevec{T}(d::Dict{Int, T}, n::Int)` around /home/vagrant/.julia/v0.7/MatrixNetworks/src/diffusions.jl:90.
│ Use `_densevec(d::Dict{Int, T}, n::Int) where T` instead.
└ @ nothing diffusions.jl:90
┌ Warning: Deprecated syntax `parametric method syntax pagerank_power!{T}(x::Vector{T}, y::Vector{T}, P, alpha::T, v, tol::T, maxiter::Int, iterfunc::Function)` around /home/vagrant/.julia/v0.7/MatrixNetworks/src/diffusions.jl:170.
│ Use `pagerank_power!(x::Vector{T}, y::Vector{T}, P, alpha::T, v, tol::T, maxiter::Int, iterfunc::Function) where T` instead.
└ @ nothing diffusions.jl:170
WARNING: Base.SparseMatrixCSC is deprecated, run `using SparseArrays` to load sparse array functionality
  likely near /home/vagrant/.julia/v0.7/MatrixNetworks/src/diffusions.jl:229
WARNING: Base.SparseMatrixCSC is deprecated, run `using SparseArrays` to load sparse array functionality
  likely near /home/vagrant/.julia/v0.7/MatrixNetworks/src/diffusions.jl:275
WARNING: Base.SparseMatrixCSC is deprecated, run `using SparseArrays` to load sparse array functionality
  likely near /home/vagrant/.julia/v0.7/MatrixNetworks/src/diffusions.jl:275
┌ Warning: Deprecated syntax `parametric method syntax A_mul_B{S}(op::SparseMatrixStochasticMult, b::AbstractVector{S})` around /home/vagrant/.julia/v0.7/MatrixNetworks/src/diffusions.jl:298.
│ Use `A_mul_B(op::SparseMatrixStochasticMult, b::AbstractVector{S}) where S` instead.
└ @ nothing diffusions.jl:298
WARNING: Base.A_mul_B! is deprecated: it has been moved to the standard library package `LinearAlgebra`.
Add `using LinearAlgebra` to your imports.
  likely near /home/vagrant/.julia/v0.7/MatrixNetworks/src/diffusions.jl:300
WARNING: Base.A_mul_B! is deprecated: it has been moved to the standard library package `LinearAlgebra`.
Add `using LinearAlgebra` to your imports.
  likely near /home/vagrant/.julia/v0.7/MatrixNetworks/src/diffusions.jl:300
┌ Warning: Deprecated syntax `parametric method syntax A_mul_B{S}(op::MatrixNetworkStochasticMult, b::AbstractVector{S})` around /home/vagrant/.julia/v0.7/MatrixNetworks/src/diffusions.jl:327.
│ Use `A_mul_B(op::MatrixNetworkStochasticMult, b::AbstractVector{S}) where S` instead.
└ @ nothing diffusions.jl:327
WARNING: Base.A_mul_B! is deprecated: it has been moved to the standard library package `LinearAlgebra`.
Add `using LinearAlgebra` to your imports.
  likely near /home/vagrant/.julia/v0.7/MatrixNetworks/src/diffusions.jl:329
WARNING: Base.A_mul_B! is deprecated: it has been moved to the standard library package `LinearAlgebra`.
Add `using LinearAlgebra` to your imports.
  likely near /home/vagrant/.julia/v0.7/MatrixNetworks/src/diffusions.jl:329
WARNING: Base.SparseMatrixCSC is deprecated, run `using SparseArrays` to load sparse array functionality
  likely near /home/vagrant/.julia/v0.7/MatrixNetworks/src/diffusions.jl:333
WARNING: Base.SparseMatrixCSC is deprecated, run `using SparseArrays` to load sparse array functionality
  likely near /home/vagrant/.julia/v0.7/MatrixNetworks/src/diffusions.jl:537
WARNING: Base.@sprintf is deprecated: it has been moved to the standard library package `Printf`.
Add `using Printf` to your imports.
  likely near /home/vagrant/.julia/v0.7/MatrixNetworks/src/diffusions.jl:540
WARNING: Base.SparseMatrixCSC is deprecated, run `using SparseArrays` to load sparse array functionality
  likely near /home/vagrant/.julia/v0.7/MatrixNetworks/src/diffusions.jl:540
WARNING: Base.@sprintf is deprecated: it has been moved to the standard library package `Printf`.
Add `using Printf` to your imports.
  likely near /home/vagrant/.julia/v0.7/MatrixNetworks/src/diffusions.jl:560
WARNING: Base.SparseVector is deprecated, run `using SparseArrays` to load sparse array functionality
  likely near /home/vagrant/.julia/v0.7/MatrixNetworks/src/diffusions.jl:562
WARNING: Base.SparseVector is deprecated, run `using SparseArrays` to load sparse array functionality
  likely near /home/vagrant/.julia/v0.7/MatrixNetworks/src/diffusions.jl:565
WARNING: Base.@sprintf is deprecated: it has been moved to the standard library package `Printf`.
Add `using Printf` to your imports.
  likely near /home/vagrant/.julia/v0.7/MatrixNetworks/src/diffusions.jl:590
WARNING: Base.@sprintf is deprecated: it has been moved to the standard library package `Printf`.
Add `using Printf` to your imports.
  likely near /home/vagrant/.julia/v0.7/MatrixNetworks/src/diffusions.jl:609
ERROR: LoadError: LoadError: syntax: invalid escape sequence
Stacktrace:
 [1] include at ./boot.jl:295 [inlined]
 [2] include_relative(::Module, ::String) at ./loading.jl:1067
 [3] include at ./sysimg.jl:26 [inlined]
 [4] include(::String) at /home/vagrant/.julia/v0.7/MatrixNetworks/src/MatrixNetworks.jl:1
 [5] top-level scope
 [6] include at ./boot.jl:295 [inlined]
 [7] include_relative(::Module, ::String) at ./loading.jl:1067
 [8] include(::Module, ::String) at ./sysimg.jl:26
 [9] top-level scope
 [10] eval at ./boot.jl:298 [inlined]
 [11] top-level scope at ./<missing>:3
in expression starting at /home/vagrant/.julia/v0.7/MatrixNetworks/src/diffusions.jl:666
in expression starting at /home/vagrant/.julia/v0.7/MatrixNetworks/src/MatrixNetworks.jl:68
ERROR: LoadError: Failed to precompile MatrixNetworks to /home/vagrant/.julia/lib/v0.7/MatrixNetworks.ji.
Stacktrace:
 [1] error at ./error.jl:33 [inlined]
 [2] compilecache(::Base.PkgId) at ./loading.jl:1208
 [3] _require(::Base.PkgId) at ./loading.jl:974
 [4] require(::Module, ::Symbol) at ./loading.jl:874
 [5] include at ./boot.jl:295 [inlined]
 [6] include_relative(::Module, ::String) at ./loading.jl:1067
 [7] include(::Module, ::String) at ./sysimg.jl:26
 [8] top-level scope
 [9] eval at ./boot.jl:298 [inlined]
 [10] top-level scope at ./<missing>:3
in expression starting at /home/vagrant/.julia/v0.7/NetalignMeasures/src/NetalignMeasures.jl:5
ERROR: LoadError: Failed to precompile NetalignMeasures to /home/vagrant/.julia/lib/v0.7/NetalignMeasures.ji.
Stacktrace:
 [1] error at ./error.jl:33 [inlined]
 [2] compilecache(::Base.PkgId) at ./loading.jl:1208
 [3] _require(::Base.PkgId) at ./loading.jl:974
 [4] require(::Module, ::Symbol) at ./loading.jl:874
 [5] include at ./boot.jl:295 [inlined]
 [6] include_relative(::Module, ::String) at ./loading.jl:1067
 [7] include(::Module, ::String) at ./sysimg.jl:26
 [8] top-level scope
 [9] eval at ./boot.jl:298 [inlined]
 [10] top-level scope at ./<missing>:3
in expression starting at /home/vagrant/.julia/v0.7/NetalignUtils/src/NetalignUtils.jl:5
ERROR: LoadError: Failed to precompile NetalignUtils to /home/vagrant/.julia/lib/v0.7/NetalignUtils.ji.
Stacktrace:
 [1] error at ./error.jl:33 [inlined]
 [2] compilecache(::Base.PkgId) at ./loading.jl:1208
 [3] _require(::Base.PkgId) at ./loading.jl:1003
 [4] require(::Module, ::Symbol) at ./loading.jl:874
 [5] include at ./boot.jl:295 [inlined]
 [6] include_relative(::Module, ::String) at ./loading.jl:1067
 [7] include(::Module, ::String) at ./sysimg.jl:26
 [8] exec_options(::Base.JLOptions) at ./client.jl:332
 [9] _start() at ./client.jl:448
in expression starting at /home/vagrant/.julia/v0.7/NetalignUtils/test/runtests.jl:1
┌ Error: ------------------------------------------------------------
│ # Testing failed for NetalignUtils
│   exception =
│    failed process: Process(`/home/vagrant/julia/bin/julia -Cnative -J/home/vagrant/julia/lib/julia/sys.so --compile=yes --depwarn=yes --code-coverage=none --color=no --compiled-modules=yes --check-bounds=yes --warn-overwrite=yes --startup-file=yes /home/vagrant/.julia/v0.7/NetalignUtils/test/runtests.jl`, ProcessExited(1)) [1]
│    Stacktrace:
│     [1] error(::String, ::Base.Process, ::String, ::Int64, ::String) at ./error.jl:42
│     [2] pipeline_error(::Base.Process) at ./process.jl:693
│     [3] run(::Cmd) at ./process.jl:655
│     [4] (::getfield(Pkg.Entry, Symbol("##89#92")){Bool,String,Array{AbstractString,1}})() at /buildworker/worker/package_linux64/build/usr/share/julia/site/v0.7/Pkg/src/entry.jl:731
│     [5] cd(::getfield(Pkg.Entry, Symbol("##89#92")){Bool,String,Array{AbstractString,1}}, ::String) at ./file.jl:70
│     [6] #test!#88(::Bool, ::Function, ::String, ::Array{AbstractString,1}, ::Array{AbstractString,1}, ::Array{AbstractString,1}) at /buildworker/worker/package_linux64/build/usr/share/julia/site/v0.7/Pkg/src/entry.jl:719
│     [7] (::getfield(Pkg.Entry, Symbol("#kw##test!")))(::NamedTuple{(:coverage,),Tuple{Bool}}, ::typeof(Pkg.Entry.test!), ::String, ::Array{AbstractString,1}, ::Array{AbstractString,1}, ::Array{AbstractString,1}) at ./<missing>:0
│     [8] #test#96(::Bool, ::Function, ::Array{AbstractString,1}) at /buildworker/worker/package_linux64/build/usr/share/julia/site/v0.7/Pkg/src/entry.jl:758
│     [9] #test at ./<missing>:0 [inlined]
│     [10] #4 at /buildworker/worker/package_linux64/build/usr/share/julia/site/v0.7/Pkg/src/dir.jl:36 [inlined]
│     [11] cd(::getfield(Pkg.Dir, Symbol("##4#7")){Base.Iterators.Pairs{Symbol,Bool,Tuple{Symbol},NamedTuple{(:coverage,),Tuple{Bool}}},typeof(Pkg.Entry.test),Tuple{Array{AbstractString,1}}}, ::String) at ./file.jl:70
│     [12] #cd#1(::Base.Iterators.Pairs{Symbol,Bool,Tuple{Symbol},NamedTuple{(:coverage,),Tuple{Bool}}}, ::Function, ::Function, ::Array{AbstractString,1}, ::Vararg{Array{AbstractString,1},N} where N) at /buildworker/worker/package_linux64/build/usr/share/julia/site/v0.7/Pkg/src/dir.jl:36
│     [13] (::getfield(Pkg.Dir, Symbol("#kw##cd")))(::NamedTuple{(:coverage,),Tuple{Bool}}, ::typeof(Pkg.Dir.cd), ::Function, ::Array{AbstractString,1}, ::Vararg{Array{AbstractString,1},N} where N) at ./<missing>:0
│     [14] #test#3(::Bool, ::Function, ::String, ::Vararg{String,N} where N) at /buildworker/worker/package_linux64/build/usr/share/julia/site/v0.7/Pkg/src/Pkg.jl:275
│     [15] test(::String, ::Vararg{String,N} where N) at /buildworker/worker/package_linux64/build/usr/share/julia/site/v0.7/Pkg/src/Pkg.jl:275
│     [16] top-level scope
│     [17] eval at ./boot.jl:298 [inlined]
│     [18] eval(::Module, ::Expr) at ./sysimg.jl:71
│     [19] exec_options(::Base.JLOptions) at ./client.jl:309
│     [20] _start() at ./client.jl:448
└ @ Pkg.Entry entry.jl:734
ERROR: NetalignUtils had test errors

>>> End of log
