>>> 'Pkg.add("NetCDF")' log
[ Info: Installing BinDeps v0.8.5
[ Info: Installing Conda v0.7.1
[ Info: Installing Formatting v0.3.0
[ Info: Installing NetCDF v0.6.0
[ Info: Installing SHA v0.5.3
[ Info: Installing URIParser v0.3.0
[ Info: Building Conda
┌ Warning: `isdefined(:symbol)` is deprecated, use `@isdefined symbol` instead
│   caller = ip:0x0
└ @ Core :-1
┌ Warning: `readstring(filename::AbstractString)` is deprecated, use `read(filename, String)` instead.
│   caller = top-level scope
└ @ Core :0
[ Info: Building NetCDF
WARNING: importing deprecated binding Base.Associative into BinDeps.
WARNING: Base.Associative is deprecated, use AbstractDict instead.
  likely near /home/vagrant/.julia/v0.7/NetCDF/deps/build.jl:12
in @install at /home/vagrant/.julia/v0.7/BinDeps/src/dependencies.jl
┌ Warning: `readstring(cmd::AbstractCmd)` is deprecated, use `read(cmd, String)` instead.
│   caller = parseconda(::Cmd, ::Symbol) at Conda.jl:136
└ @ Conda Conda.jl:136
┌ Warning: Vector{UInt8}(s::String) will copy data in the future. To avoid copying, use `unsafe_wrap` or `codeunits` instead.
│   caller = #parse#1(::Type{Dict{String,Any}}, ::Type{Int64}, ::Any, ::String) at Parser.jl:386
└ @ JSON.Parser Parser.jl:386
┌ Warning: `unsafe_copy!(dest, args...)` is deprecated, use `unsafe_copyto!(dest, args...)` instead.
│   caller = parse_string(::JSON.Parser.MemoryParserState) at specialized.jl:15
└ @ JSON.Parser specialized.jl:15
[ Info: Package database updated
┌ Info: METADATA is out-of-date — you may not have the latest version of NetCDF
└ Use `Pkg.update()` to get the latest versions of your packages

>>> 'Pkg.test("NetCDF")' log
Julia Version 0.7.0-DEV.3421
Commit 2042dcfc2e (2018-01-16 23:39 UTC)
Platform Info:
  OS: Linux (x86_64-pc-linux-gnu)
      Ubuntu 14.04.5 LTS
  uname: Linux 3.13.0-135-generic #184-Ubuntu SMP Wed Oct 18 11:55:51 UTC 2017 x86_64 x86_64
  CPU: Intel(R) Xeon(R) CPU E3-1241 v3 @ 3.50GHz: 
              speed         user         nice          sys         idle          irq
       #1  3499 MHz    4241548 s       2544 s     218208 s    1048081 s         44 s
       #2  3499 MHz     873788 s       3974 s      85383 s    5402063 s          0 s
       
  Memory: 2.93927001953125 GB (645.2578125 MB free)
  Uptime: 64731.0 sec
  Load Avg:  0.9453125  1.41357421875  1.55908203125
  WORD_SIZE: 64
  BLAS: libopenblas (USE64BITINT DYNAMIC_ARCH NO_AFFINITY Nehalem)
  LAPACK: libopenblas64_
  LIBM: libopenlibm
  LLVM: libLLVM-3.9.1 (ORCJIT, haswell)
Environment:
  TERM = vt100
  LD_LIBRARY_PATH = :/usr/local/lib/
  PATH = /usr/local/sbin:/usr/local/bin:/usr/sbin:/usr/bin:/sbin:/bin:/usr/games:/usr/local/games:/home/vagrant/julia/bin/
  JAVA_HOME = /usr/lib/jvm/java-8-openjdk-amd64
  HOME = /home/vagrant
Packages:
  Package Directory: /home/vagrant/.julia/v0.7
  Package Status:
2 required packages:
 - JSON                          0.16.4
 - NetCDF                        0.6.0
7 additional packages:
 - BinDeps                       0.8.5
 - Compat                        0.46.0
 - Conda                         0.7.1
 - Formatting                    0.3.0
 - Nullables                     0.0.3
 - SHA                           0.5.3
 - URIParser                     0.3.0
[ Info: Testing NetCDF
WARNING: Base.Test is deprecated, run `using Test` instead.
  likely near /home/vagrant/.julia/v0.7/NetCDF/test/runtests.jl:1
┌ Warning: Deprecated syntax `type` at /home/vagrant/.julia/v0.7/NetCDF/src/NetCDF.jl:60.
│ Use `mutable struct` instead.
└ @ nothing NetCDF.jl:60
┌ Warning: Deprecated syntax `type` at /home/vagrant/.julia/v0.7/NetCDF/src/NetCDF.jl:113.
│ Use `mutable struct` instead.
└ @ nothing NetCDF.jl:113
┌ Warning: Deprecated syntax `type` at /home/vagrant/.julia/v0.7/NetCDF/src/NetCDF.jl:177.
│ Use `mutable struct` instead.
└ @ nothing NetCDF.jl:177
┌ Warning: Deprecated syntax `type` at /home/vagrant/.julia/v0.7/NetCDF/src/NetCDF.jl:60.
│ Use `mutable struct` instead.
└ @ nothing NetCDF.jl:60
┌ Warning: Deprecated syntax `type` at /home/vagrant/.julia/v0.7/NetCDF/src/NetCDF.jl:113.
│ Use `mutable struct` instead.
└ @ nothing NetCDF.jl:113
┌ Warning: Deprecated syntax `type` at /home/vagrant/.julia/v0.7/NetCDF/src/NetCDF.jl:177.
│ Use `mutable struct` instead.
└ @ nothing NetCDF.jl:177
┌ Warning: Deprecated syntax `type` at /home/vagrant/.julia/v0.7/NetCDF/src/netcdf_c.jl:188.
│ Use `mutable struct` instead.
└ @ nothing netcdf_c.jl:188
WARNING: importing deprecated binding Base.Void into NetCDF.
WARNING: Base.Void is deprecated, use Nothing instead.
  likely near /home/vagrant/.julia/v0.7/NetCDF/src/netcdf_c.jl:188
WARNING: Base.Void is deprecated, use Nothing instead.
  likely near /home/vagrant/.julia/v0.7/NetCDF/src/netcdf_c.jl:188
WARNING: Base.Void is deprecated, use Nothing instead.
  likely near /home/vagrant/.julia/v0.7/NetCDF/src/netcdf_c.jl:360
WARNING: Base.Void is deprecated, use Nothing instead.
  likely near /home/vagrant/.julia/v0.7/NetCDF/src/netcdf_c.jl:360
WARNING: Base.Void is deprecated, use Nothing instead.
  likely near /home/vagrant/.julia/v0.7/NetCDF/src/netcdf_c.jl:364
WARNING: Base.Void is deprecated, use Nothing instead.
  likely near /home/vagrant/.julia/v0.7/NetCDF/src/netcdf_c.jl:364
WARNING: Base.Void is deprecated, use Nothing instead.
  likely near /home/vagrant/.julia/v0.7/NetCDF/src/netcdf_c.jl:376
WARNING: Base.Void is deprecated, use Nothing instead.
  likely near /home/vagrant/.julia/v0.7/NetCDF/src/netcdf_c.jl:380
WARNING: Base.Void is deprecated, use Nothing instead.
  likely near /home/vagrant/.julia/v0.7/NetCDF/src/netcdf_c.jl:388
WARNING: Base.Void is deprecated, use Nothing instead.
  likely near /home/vagrant/.julia/v0.7/NetCDF/src/netcdf_c.jl:396
WARNING: Base.Void is deprecated, use Nothing instead.
  likely near /home/vagrant/.julia/v0.7/NetCDF/src/netcdf_c.jl:412
WARNING: Base.Void is deprecated, use Nothing instead.
  likely near /home/vagrant/.julia/v0.7/NetCDF/src/netcdf_c.jl:416
WARNING: Base.Void is deprecated, use Nothing instead.
  likely near /home/vagrant/.julia/v0.7/NetCDF/src/netcdf_c.jl:420
WARNING: Base.Void is deprecated, use Nothing instead.
  likely near /home/vagrant/.julia/v0.7/NetCDF/src/netcdf_c.jl:424
WARNING: Base.Void is deprecated, use Nothing instead.
  likely near /home/vagrant/.julia/v0.7/NetCDF/src/netcdf_c.jl:428
WARNING: Base.Void is deprecated, use Nothing instead.
  likely near /home/vagrant/.julia/v0.7/NetCDF/src/netcdf_c.jl:432
WARNING: Base.Void is deprecated, use Nothing instead.
  likely near /home/vagrant/.julia/v0.7/NetCDF/src/netcdf_c.jl:436
WARNING: Base.Void is deprecated, use Nothing instead.
  likely near /home/vagrant/.julia/v0.7/NetCDF/src/netcdf_c.jl:440
WARNING: Base.Void is deprecated, use Nothing instead.
  likely near /home/vagrant/.julia/v0.7/NetCDF/src/netcdf_c.jl:444
WARNING: Base.Void is deprecated, use Nothing instead.
  likely near /home/vagrant/.julia/v0.7/NetCDF/src/netcdf_c.jl:448
WARNING: Base.Void is deprecated, use Nothing instead.
  likely near /home/vagrant/.julia/v0.7/NetCDF/src/netcdf_c.jl:480
WARNING: Base.Void is deprecated, use Nothing instead.
  likely near /home/vagrant/.julia/v0.7/NetCDF/src/netcdf_c.jl:484
WARNING: Base.Void is deprecated, use Nothing instead.
  likely near /home/vagrant/.julia/v0.7/NetCDF/src/netcdf_c.jl:1428
WARNING: Base.Void is deprecated, use Nothing instead.
  likely near /home/vagrant/.julia/v0.7/NetCDF/src/netcdf_c.jl:1436
WARNING: Base.Void is deprecated, use Nothing instead.
  likely near /home/vagrant/.julia/v0.7/NetCDF/src/netcdf_c.jl:1468
WARNING: Base.Void is deprecated, use Nothing instead.
  likely near /home/vagrant/.julia/v0.7/NetCDF/src/netcdf_c.jl:1472
WARNING: Base.Void is deprecated, use Nothing instead.
  likely near /home/vagrant/.julia/v0.7/NetCDF/src/netcdf_c.jl:1476
WARNING: Base.Void is deprecated, use Nothing instead.
  likely near /home/vagrant/.julia/v0.7/NetCDF/src/netcdf_c.jl:1480
WARNING: Base.Void is deprecated, use Nothing instead.
  likely near /home/vagrant/.julia/v0.7/NetCDF/src/netcdf_c.jl:1484
WARNING: Base.Void is deprecated, use Nothing instead.
  likely near /home/vagrant/.julia/v0.7/NetCDF/src/netcdf_c.jl:1488
WARNING: Base.Void is deprecated, use Nothing instead.
  likely near /home/vagrant/.julia/v0.7/NetCDF/src/netcdf_c.jl:1492
WARNING: Base.Void is deprecated, use Nothing instead.
  likely near /home/vagrant/.julia/v0.7/NetCDF/src/netcdf_c.jl:1496
WARNING: Base.Void is deprecated, use Nothing instead.
  likely near /home/vagrant/.julia/v0.7/NetCDF/src/netcdf_c.jl:1508
WARNING: Base.Void is deprecated, use Nothing instead.
  likely near /home/vagrant/.julia/v0.7/NetCDF/src/netcdf_c.jl:1512
┌ Warning: Deprecated syntax `parametric method syntax Base.convert{S, T, N, M}(::Type{NcVar{T, N, M}}, v::NcVar{S, N, M})` around /home/vagrant/.julia/v0.7/NetCDF/src/NetCDF.jl:127.
│ Use `Base.convert(#unused#::Type{NcVar{T, N, M}}, v::NcVar{S, N, M}) where {S, T, N, M}` instead.
└ @ nothing NetCDF.jl:127
┌ Warning: Deprecated syntax `parametric method syntax Base.convert{S, T, N, M}(::Type{NcVar{T}}, v::NcVar{S, N, M})` around /home/vagrant/.julia/v0.7/NetCDF/src/NetCDF.jl:128.
│ Use `Base.convert(#unused#::Type{NcVar{T}}, v::NcVar{S, N, M}) where {S, T, N, M}` instead.
└ @ nothing NetCDF.jl:128
┌ Warning: Deprecated syntax `parametric method syntax Base.size{T, N}(a::NcVar{T, N})` around /home/vagrant/.julia/v0.7/NetCDF/src/NetCDF.jl:151.
│ Use `Base.size(a::NcVar{T, N}) where {T, N}` instead.
└ @ nothing NetCDF.jl:151
┌ Warning: Deprecated syntax `parametric method syntax Base.getindex{T}(v::NcVar{T, 1}, i1::IndR)` around /home/vagrant/.julia/v0.7/NetCDF/src/NetCDF.jl:157.
│ Use `Base.getindex(v::NcVar{T, 1}, i1::IndR) where T` instead.
└ @ nothing NetCDF.jl:157
┌ Warning: Deprecated syntax `parametric method syntax Base.getindex{T}(v::NcVar{T, 2}, i1::IndR, i2::IndR)` around /home/vagrant/.julia/v0.7/NetCDF/src/NetCDF.jl:158.
│ Use `Base.getindex(v::NcVar{T, 2}, i1::IndR, i2::IndR) where T` instead.
└ @ nothing NetCDF.jl:158
┌ Warning: Deprecated syntax `parametric method syntax Base.getindex{T}(v::NcVar{T, 3}, i1::IndR, i2::IndR, i3::IndR)` around /home/vagrant/.julia/v0.7/NetCDF/src/NetCDF.jl:159.
│ Use `Base.getindex(v::NcVar{T, 3}, i1::IndR, i2::IndR, i3::IndR) where T` instead.
└ @ nothing NetCDF.jl:159
┌ Warning: Deprecated syntax `parametric method syntax Base.getindex{T}(v::NcVar{T, 4}, i1::IndR, i2::IndR, i3::IndR, i4::IndR)` around /home/vagrant/.julia/v0.7/NetCDF/src/NetCDF.jl:160.
│ Use `Base.getindex(v::NcVar{T, 4}, i1::IndR, i2::IndR, i3::IndR, i4::IndR) where T` instead.
└ @ nothing NetCDF.jl:160
┌ Warning: Deprecated syntax `parametric method syntax Base.getindex{T}(v::NcVar{T, 5}, i1::IndR, i2::IndR, i3::IndR, i4::IndR, i5::IndR)` around /home/vagrant/.julia/v0.7/NetCDF/src/NetCDF.jl:161.
│ Use `Base.getindex(v::NcVar{T, 5}, i1::IndR, i2::IndR, i3::IndR, i4::IndR, i5::IndR) where T` instead.
└ @ nothing NetCDF.jl:161
┌ Warning: Deprecated syntax `parametric method syntax Base.getindex{T}(v::NcVar{T, 6}, i1::IndR, i2::IndR, i3::IndR, i4::IndR, i5::IndR, i6::IndR)` around /home/vagrant/.julia/v0.7/NetCDF/src/NetCDF.jl:162.
│ Use `Base.getindex(v::NcVar{T, 6}, i1::IndR, i2::IndR, i3::IndR, i4::IndR, i5::IndR, i6::IndR) where T` instead.
└ @ nothing NetCDF.jl:162
┌ Warning: Deprecated syntax `parametric method syntax Base.setindex!{T}(v::NcVar{T, 1}, x::ArNum, i1::IndR)` around /home/vagrant/.julia/v0.7/NetCDF/src/NetCDF.jl:164.
│ Use `Base.setindex!(v::NcVar{T, 1}, x::ArNum, i1::IndR) where T` instead.
└ @ nothing NetCDF.jl:164
┌ Warning: Deprecated syntax `parametric method syntax Base.setindex!{T}(v::NcVar{T, 2}, x::ArNum, i1::IndR, i2::IndR)` around /home/vagrant/.julia/v0.7/NetCDF/src/NetCDF.jl:165.
│ Use `Base.setindex!(v::NcVar{T, 2}, x::ArNum, i1::IndR, i2::IndR) where T` instead.
└ @ nothing NetCDF.jl:165
┌ Warning: Deprecated syntax `parametric method syntax Base.setindex!{T}(v::NcVar{T, 3}, x::ArNum, i1::IndR, i2::IndR, i3::IndR)` around /home/vagrant/.julia/v0.7/NetCDF/src/NetCDF.jl:166.
│ Use `Base.setindex!(v::NcVar{T, 3}, x::ArNum, i1::IndR, i2::IndR, i3::IndR) where T` instead.
└ @ nothing NetCDF.jl:166
┌ Warning: Deprecated syntax `parametric method syntax Base.setindex!{T}(v::NcVar{T, 4}, x::ArNum, i1::IndR, i2::IndR, i3::IndR, i4::IndR)` around /home/vagrant/.julia/v0.7/NetCDF/src/NetCDF.jl:167.
│ Use `Base.setindex!(v::NcVar{T, 4}, x::ArNum, i1::IndR, i2::IndR, i3::IndR, i4::IndR) where T` instead.
└ @ nothing NetCDF.jl:167
┌ Warning: Deprecated syntax `parametric method syntax Base.setindex!{T}(v::NcVar{T, 5}, x::ArNum, i1::IndR, i2::IndR, i3::IndR, i4::IndR, i5::IndR)` around /home/vagrant/.julia/v0.7/NetCDF/src/NetCDF.jl:168.
│ Use `Base.setindex!(v::NcVar{T, 5}, x::ArNum, i1::IndR, i2::IndR, i3::IndR, i4::IndR, i5::IndR) where T` instead.
└ @ nothing NetCDF.jl:168
┌ Warning: Deprecated syntax `parametric method syntax Base.setindex!{T}(v::NcVar{T, 6}, x::ArNum, i1::IndR, i2::IndR, i3::IndR, i4::IndR, i5::IndR, i6::IndR)` around /home/vagrant/.julia/v0.7/NetCDF/src/NetCDF.jl:169.
│ Use `Base.setindex!(v::NcVar{T, 6}, x::ArNum, i1::IndR, i2::IndR, i3::IndR, i4::IndR, i5::IndR, i6::IndR) where T` instead.
└ @ nothing NetCDF.jl:169
┌ Warning: Deprecated syntax `type` at /home/vagrant/.julia/v0.7/NetCDF/src/netcdf_helpers.jl:3.
│ Use `mutable struct` instead.
└ @ nothing netcdf_helpers.jl:3
┌ Warning: Deprecated syntax `parametric method syntax nc_get_att!{T <: AbstractString, N}(ncid::Integer, varid::Integer, name::AbstractString, valsa::Array{T, N})` around /home/vagrant/.julia/v0.7/NetCDF/src/netcdf_helpers.jl:196.
│ Use `nc_get_att!(ncid::Integer, varid::Integer, name::AbstractString, valsa::Array{T, N}) where {T <: AbstractString, N}` instead.
└ @ nothing netcdf_helpers.jl:196
┌ Warning: Deprecated syntax `parametric method syntax readvar{T, N}(v::NcVar{T, N},; start::Vector = defaultstart(v), count::Vector = defaultcount(v))` around /home/vagrant/.julia/v0.7/NetCDF/src/NetCDF.jl:260.
│ Use `readvar(v::NcVar{T, N},; start::Vector = defaultstart(v), count::Vector = defaultcount(v)) where {T, N}` instead.
└ @ nothing NetCDF.jl:260
┌ Warning: Deprecated syntax `parametric method syntax readvar{T, N}(v::NcVar{T, N}, I::IndR...)` around /home/vagrant/.julia/v0.7/NetCDF/src/NetCDF.jl:272.
│ Use `readvar(v::NcVar{T, N}, I::IndR...) where {T, N}` instead.
└ @ nothing NetCDF.jl:272
┌ Warning: Deprecated syntax `parametric method syntax readvar{T, N}(v::NcVar{T, N}, I::Integer...)` around /home/vagrant/.julia/v0.7/NetCDF/src/NetCDF.jl:282.
│ Use `readvar(v::NcVar{T, N}, I::Integer...) where {T, N}` instead.
└ @ nothing NetCDF.jl:282
┌ Warning: Deprecated syntax `parametric method syntax readvar!{T, N}(v::NcVar{T, N}, retvalsa::AbstractArray, I::IndR...)` around /home/vagrant/.julia/v0.7/NetCDF/src/NetCDF.jl:305.
│ Use `readvar!(v::NcVar{T, N}, retvalsa::AbstractArray, I::IndR...) where {T, N}` instead.
└ @ nothing NetCDF.jl:305
┌ Warning: Deprecated syntax `parametric method syntax nc_get_vara_x!{N}(v::NcVar{UInt8, N, NC_CHAR}, start::Vector{UInt}, count::Vector{UInt}, retvalsa::AbstractArray{UInt8})` around /home/vagrant/.julia/v0.7/NetCDF/src/NetCDF.jl:331.
│ Use `nc_get_vara_x!(v::NcVar{UInt8, N, NC_CHAR}, start::Vector{UInt}, count::Vector{UInt}, retvalsa::AbstractArray{UInt8}) where N` instead.
└ @ nothing NetCDF.jl:331
┌ Warning: Deprecated syntax `parametric method syntax nc_get_var1_x!{N}(v::NcVar{UInt8, N, NC_CHAR}, start::Vector{UInt}, retvalsa::AbstractArray{UInt8})` around /home/vagrant/.julia/v0.7/NetCDF/src/NetCDF.jl:333.
│ Use `nc_get_var1_x!(v::NcVar{UInt8, N, NC_CHAR}, start::Vector{UInt}, retvalsa::AbstractArray{UInt8}) where N` instead.
└ @ nothing NetCDF.jl:333
┌ Warning: Deprecated syntax `parametric method syntax nc_get_vara_x!{N}(v::NcVar{String, N, NC_STRING}, start::Vector{UInt}, count::Vector{UInt}, retvalsa::AbstractArray{String})` around /home/vagrant/.julia/v0.7/NetCDF/src/NetCDF.jl:337.
│ Use `nc_get_vara_x!(v::NcVar{String, N, NC_STRING}, start::Vector{UInt}, count::Vector{UInt}, retvalsa::AbstractArray{String}) where N` instead.
└ @ nothing NetCDF.jl:337
┌ Warning: Deprecated syntax `parametric method syntax nc_get_var1_x{N}(v::NcVar{String, N, NC_STRING}, start::Vector{UInt}, ::String)` around /home/vagrant/.julia/v0.7/NetCDF/src/NetCDF.jl:348.
│ Use `nc_get_var1_x(v::NcVar{String, N, NC_STRING}, start::Vector{UInt}, #unused#::String) where N` instead.
└ @ nothing NetCDF.jl:348
┌ Warning: Deprecated syntax `parametric method syntax putvar{T, N}(v::NcVar{T, N}, val::Any, I::IndR...)` around /home/vagrant/.julia/v0.7/NetCDF/src/NetCDF.jl:427.
│ Use `putvar(v::NcVar{T, N}, val::Any, I::IndR...) where {T, N}` instead.
└ @ nothing NetCDF.jl:427
┌ Warning: Deprecated syntax `parametric method syntax putvar{T, N}(v::NcVar{T, N}, val::Any, I::Integer...)` around /home/vagrant/.julia/v0.7/NetCDF/src/NetCDF.jl:443.
│ Use `putvar(v::NcVar{T, N}, val::Any, I::Integer...) where {T, N}` instead.
└ @ nothing NetCDF.jl:443
┌ Warning: Deprecated syntax `parametric method syntax nc_put_vara_x{N}(v::NcVar{UInt8, N, NC_CHAR}, start::Vector{UInt}, count::Vector{UInt}, vals::Array{UInt8})` around /home/vagrant/.julia/v0.7/NetCDF/src/NetCDF.jl:460.
│ Use `nc_put_vara_x(v::NcVar{UInt8, N, NC_CHAR}, start::Vector{UInt}, count::Vector{UInt}, vals::Array{UInt8}) where N` instead.
└ @ nothing NetCDF.jl:460
┌ Warning: Deprecated syntax `parametric method syntax nc_put_var1_x{N}(v::NcVar{UInt8, N, NC_CHAR}, start::Vector{UInt}, val::UInt8)` around /home/vagrant/.julia/v0.7/NetCDF/src/NetCDF.jl:461.
│ Use `nc_put_var1_x(v::NcVar{UInt8, N, NC_CHAR}, start::Vector{UInt}, val::UInt8) where N` instead.
└ @ nothing NetCDF.jl:461
┌ Warning: Deprecated syntax `parametric method syntax nc_put_vara_x{N}(v::NcVar{String, N, NC_STRING}, start, count, vals::Array{String})` around /home/vagrant/.julia/v0.7/NetCDF/src/NetCDF.jl:464.
│ Use `nc_put_vara_x(v::NcVar{String, N, NC_STRING}, start, count, vals::Array{String}) where N` instead.
└ @ nothing NetCDF.jl:464
┌ Warning: Deprecated syntax `parametric method syntax nc_put_var1_x{N}(v::NcVar{String, N, NC_STRING}, start::Vector{UInt}, val::String)` around /home/vagrant/.julia/v0.7/NetCDF/src/NetCDF.jl:469.
│ Use `nc_put_var1_x(v::NcVar{String, N, NC_STRING}, start::Vector{UInt}, val::String) where N` instead.
└ @ nothing NetCDF.jl:469
┌ Warning: Deprecated syntax `parametric method syntax Base.push!{T}(v::NcVar{T, 1}, a::Number)` around /home/vagrant/.julia/v0.7/NetCDF/src/NetCDF.jl:493.
│ Use `Base.push!(v::NcVar{T, 1}, a::Number) where T` instead.
└ @ nothing NetCDF.jl:493
┌ Warning: Deprecated syntax `parametric method syntax ncread{T <: Integer}(fil::AbstractString, vname::AbstractString; start::Array{T} = Array{Int}(0), count::Array{T} = Array{Int}(0))` around /home/vagrant/.julia/v0.7/NetCDF/src/NetCDF.jl:720.
│ Use `ncread(fil::AbstractString, vname::AbstractString; start::Array{T} = Array{Int}(0), count::Array{T} = Array{Int}(0)) where T <: Integer` instead.
└ @ nothing NetCDF.jl:720
┌ Warning: Deprecated syntax `parametric method syntax ncread{T <: Integer}(fil::AbstractString, vname::AbstractString, start::Array{T, 1}, count::Array{T, 1})` around /home/vagrant/.julia/v0.7/NetCDF/src/NetCDF.jl:726.
│ Use `ncread(fil::AbstractString, vname::AbstractString, start::Array{T, 1}, count::Array{T, 1}) where T <: Integer` instead.
└ @ nothing NetCDF.jl:726
┌ Warning: Deprecated syntax `parametric method syntax ncwrite{T <: Integer}(x::Array, fil::AbstractString, vname::AbstractString; start::Array{T, 1} = ones(Int, length(size(x))), count::Array{T, 1} = [size(x)...])` around /home/vagrant/.julia/v0.7/NetCDF/src/NetCDF.jl:776.
│ Use `ncwrite(x::Array, fil::AbstractString, vname::AbstractString; start::Array{T, 1} = ones(Int, length(size(x))), count::Array{T, 1} = [size(x)...]) where T <: Integer` instead.
└ @ nothing NetCDF.jl:776
┌ Warning: `find` is deprecated, use `findall` instead.
│   caller = jl2nc(::DataType) at NetCDF.jl:45
└ @ NetCDF NetCDF.jl:45
┌ Warning: `shift!` is deprecated, use `popfirst!` instead.
│   caller = jl2nc(::DataType) at NetCDF.jl:45
└ @ NetCDF NetCDF.jl:45
┌ Warning: `Array{T}(m::Int) where T` is deprecated, use `Array{T}(uninitialized, m)` instead.
│   caller = #NcVar#6 at NetCDF.jl:144 [inlined]
└ @ Core NetCDF.jl:144
┌ Warning: `Array{T}(m::Int) where T` is deprecated, use `Array{T}(uninitialized, m)` instead.
│   caller = #NcVar#6 at NetCDF.jl:144 [inlined]
└ @ Core NetCDF.jl:144
┌ Warning: `Array{T}(m::Int) where T` is deprecated, use `Array{T}(uninitialized, m)` instead.
│   caller = #NcVar#6(::Dict{Any,Any}, ::DataType, ::Int64, ::Tuple{Int32}, ::Any, ::String, ::NcDim) at NetCDF.jl:144
└ @ NetCDF NetCDF.jl:144
┌ Warning: `Array{T}(m::Int) where T` is deprecated, use `Array{T}(uninitialized, m)` instead.
│   caller = #NcVar#6 at NetCDF.jl:144 [inlined]
└ @ Core NetCDF.jl:144
┌ Warning: `Array{T}(m::Int) where T` is deprecated, use `Array{T}(uninitialized, m)` instead.
│   caller = top-level scope
└ @ Core :0
┌ Warning: `copy!(dest::Union{AbstractArray, IndexStyle}, args...)` is deprecated, use `copyto!(dest, args...)` instead.
│   caller = nc_string2char(::Array{String,1}) at netcdf_helpers.jl:81
└ @ NetCDF netcdf_helpers.jl:81
┌ Warning: `Array{T}(m::Integer) where T` is deprecated, use `Array{T}(uninitialized, m)` instead.
│   caller = nc_get_att(::Int32, ::Int64, ::String, ::Int32, ::UInt64) at netcdf_helpers.jl:181
└ @ NetCDF netcdf_helpers.jl:181
┌ Warning: `Array{T}(m::Int) where T` is deprecated, use `Array{T}(uninitialized, m)` instead.
│   caller = #open#43(::UInt16, ::Bool, ::Function, ::String) at NetCDF.jl:690
└ @ NetCDF NetCDF.jl:690
┌ Warning: `Array{T}(m::Int, n::Int, o::Int) where T` is deprecated, use `Array{T}(uninitialized, m, n, o)` instead.
│   caller = #readvar#25(::Array{Int64,1}, ::Array{Int64,1}, ::Function, ::NcVar{Float64,3,6}) at NetCDF.jl:261
└ @ NetCDF NetCDF.jl:261
┌ Warning: `Array{T}(m::Int) where T` is deprecated, use `Array{T}(uninitialized, m)` instead.
│   caller = #readvar#25(::Array{Int64,1}, ::Array{Int64,1}, ::Function, ::NcVar{String,1,12}) at NetCDF.jl:261
└ @ NetCDF NetCDF.jl:261
┌ Warning: `Array{T}(m::Int) where T` is deprecated, use `Array{T}(uninitialized, m)` instead.
│   caller = #readvar#25(::Array{Int64,1}, ::Array{Int64,1}, ::Function, ::NcVar{Float64,1,6}) at NetCDF.jl:261
└ @ NetCDF NetCDF.jl:261
┌ Warning: `Array{T}(m::Int, n::Int) where T` is deprecated, use `Array{T}(uninitialized, m, n)` instead.
│   caller = #readvar#25(::Array{Int64,1}, ::Array{Int64,1}, ::Function, ::NcVar{UInt8,2,2}) at NetCDF.jl:261
└ @ NetCDF NetCDF.jl:261
┌ Warning: `Array{T}(m::Int) where T` is deprecated, use `Array{T}(uninitialized, m)` instead.
│   caller = finalizedim(::Int64, ::Nothing, ::Dict{String,Int64}, ::String) at netcdf_helpers.jl:375
└ @ NetCDF netcdf_helpers.jl:375
┌ Warning: `Array{T}(m::Int) where T` is deprecated, use `Array{T}(uninitialized, m)` instead.
│   caller = #NcVar#6 at NetCDF.jl:144 [inlined]
└ @ Core NetCDF.jl:144
┌ Warning: `Array{T}(m::Int) where T` is deprecated, use `Array{T}(uninitialized, m)` instead.
│   caller = #NcVar#6 at NetCDF.jl:144 [inlined]
└ @ Core NetCDF.jl:144
┌ Warning: `Array{T}(m::Int) where T` is deprecated, use `Array{T}(uninitialized, m)` instead.
│   caller = finalizedim(::Int64, ::Nothing, ::Nothing, ::String) at netcdf_helpers.jl:375
└ @ NetCDF netcdf_helpers.jl:375
┌ Warning: `Array{T}(m::Int) where T` is deprecated, use `Array{T}(uninitialized, m)` instead.
│   caller = finalizedim(::Nothing, ::Nothing, ::Nothing, ::String) at netcdf_helpers.jl:375
└ @ NetCDF netcdf_helpers.jl:375
┌ Warning: `Array{T}(m::Int) where T` is deprecated, use `Array{T}(uninitialized, m)` instead.
│   caller = #NcVar#6 at NetCDF.jl:144 [inlined]
└ @ Core NetCDF.jl:144
┌ Warning: `Array{T}(m::Int) where T` is deprecated, use `Array{T}(uninitialized, m)` instead.
│   caller = #NcVar#6 at NetCDF.jl:144 [inlined]
└ @ Core NetCDF.jl:144
┌ Warning: `Array{T}(m::Int) where T` is deprecated, use `Array{T}(uninitialized, m)` instead.
│   caller = #NcVar#6 at NetCDF.jl:144 [inlined]
└ @ Core NetCDF.jl:144
┌ Warning: `Array{T}(m::Int) where T` is deprecated, use `Array{T}(uninitialized, m)` instead.
│   caller = ncread(::String, ::String) at NetCDF.jl:720
└ @ NetCDF NetCDF.jl:720
┌ Warning: `Array{T}(m::Int) where T` is deprecated, use `Array{T}(uninitialized, m)` instead.
│   caller = ncread(::String, ::String) at NetCDF.jl:720
└ @ NetCDF NetCDF.jl:720
┌ Warning: `Array{T}(m::Int, n::Int, o::Int) where T` is deprecated, use `Array{T}(uninitialized, m, n, o)` instead.
│   caller = readvar(::NcVar{Float64,3,6}, ::Int64, ::Colon, ::Vararg{Union{Colon, Integer, UnitRange},N} where N) at NetCDF.jl:273
└ @ NetCDF NetCDF.jl:273
┌ Warning: `Array{T}(m::Int, n::Int, o::Int) where T` is deprecated, use `Array{T}(uninitialized, m, n, o)` instead.
│   caller = readvar(::NcVar{Float64,3,6}, ::Colon, ::Int64, ::Vararg{Int64,N} where N) at NetCDF.jl:273
└ @ NetCDF NetCDF.jl:273
ERROR: LoadError: LoadError: Base.bitrand has been moved to the standard library package Random.
Restart Julia and then run `using Random` to load it.
Stacktrace:
 [1] error(::Function, ::String, ::String, ::String, ::String, ::String, ::String) at ./error.jl:42
 [2] #bitrand#901(::Base.Iterators.IndexValue{Union{},Union{},Tuple{},NamedTuple{(),Tuple{}}}, ::Function, ::Tuple{Int64,Int64,Int64}, ::Vararg{Tuple{Int64,Int64,Int64},N} where N) at ./deprecated.jl:138
 [3] bitrand(::Tuple{Int64,Int64,Int64}, ::Vararg{Tuple{Int64,Int64,Int64},N} where N) at ./deprecated.jl:138
 [4] top-level scope
 [5] include at ./boot.jl:292 [inlined]
 [6] include_relative(::Module, ::String) at ./loading.jl:521
 [7] include(::Module, ::String) at ./sysimg.jl:26
 [8] include(::String) at ./sysimg.jl:65
 [9] top-level scope
 [10] include at ./boot.jl:292 [inlined]
 [11] include_relative(::Module, ::String) at ./loading.jl:521
 [12] include(::Module, ::String) at ./sysimg.jl:26
 [13] process_options(::Base.JLOptions) at ./client.jl:324
 [14] _start() at ./client.jl:375
in expression starting at /home/vagrant/.julia/v0.7/NetCDF/test/array-like.jl:9
in expression starting at /home/vagrant/.julia/v0.7/NetCDF/test/runtests.jl:14
┌ Error: ------------------------------------------------------------
│ # Testing failed for NetCDF
│   exception =
│    failed process: Process(`/home/vagrant/julia/bin/julia -Cnative -J/home/vagrant/julia/lib/julia/sys.so --compile=yes --depwarn=yes --code-coverage=none --color=no --compiled-modules=yes --check-bounds=yes --warn-overwrite=yes --startup-file=yes /home/vagrant/.julia/v0.7/NetCDF/test/runtests.jl`, ProcessExited(1)) [1]
│    Stacktrace:
│     [1] error(::String, ::Base.Process, ::String, ::Int64, ::String) at ./error.jl:42
│     [2] pipeline_error(::Base.Process) at ./process.jl:707
│     [3] run(::Cmd) at ./process.jl:669
│     [4] (::getfield(Base.Pkg.Entry, Symbol("##91#94")){Bool,String,Array{AbstractString,1}})() at ./pkg/entry.jl:730
│     [5] cd(::getfield(Base.Pkg.Entry, Symbol("##91#94")){Bool,String,Array{AbstractString,1}}, ::String) at ./file.jl:70
│     [6] #test!#90(::Bool, ::Function, ::String, ::Array{AbstractString,1}, ::Array{AbstractString,1}, ::Array{AbstractString,1}) at ./pkg/entry.jl:718
│     [7] (::getfield(Base.Pkg.Entry, Symbol("#kw##test!")))(::NamedTuple{(:coverage,),Tuple{Bool}}, ::typeof(Base.Pkg.Entry.test!), ::String, ::Array{AbstractString,1}, ::Array{AbstractString,1}, ::Array{AbstractString,1}) at ./<missing>:0
│     [8] #test#98(::Bool, ::Function, ::Array{AbstractString,1}) at ./pkg/entry.jl:757
│     [9] (::getfield(Base.Pkg.Entry, Symbol("#kw##test")))(::NamedTuple{(:coverage,),Tuple{Bool}}, ::typeof(Base.Pkg.Entry.test), ::Array{AbstractString,1}) at ./<missing>:0
│     [10] (::getfield(Base.Pkg.Dir, Symbol("##4#7")){Base.Iterators.IndexValue{Symbol,Bool,Tuple{Symbol},NamedTuple{(:coverage,),Tuple{Bool}}},typeof(Base.Pkg.Entry.test),Tuple{Array{AbstractString,1}}})() at ./pkg/dir.jl:36
│     [11] cd(::getfield(Base.Pkg.Dir, Symbol("##4#7")){Base.Iterators.IndexValue{Symbol,Bool,Tuple{Symbol},NamedTuple{(:coverage,),Tuple{Bool}}},typeof(Base.Pkg.Entry.test),Tuple{Array{AbstractString,1}}}, ::String) at ./file.jl:70
│     [12] #cd#1(::Base.Iterators.IndexValue{Symbol,Bool,Tuple{Symbol},NamedTuple{(:coverage,),Tuple{Bool}}}, ::Function, ::Function, ::Array{AbstractString,1}, ::Vararg{Array{AbstractString,1},N} where N) at ./pkg/dir.jl:36
│     [13] (::getfield(Base.Pkg.Dir, Symbol("#kw##cd")))(::NamedTuple{(:coverage,),Tuple{Bool}}, ::typeof(Base.Pkg.Dir.cd), ::Function, ::Array{AbstractString,1}, ::Vararg{Array{AbstractString,1},N} where N) at ./<missing>:0
│     [14] #test#3(::Bool, ::Function, ::String, ::Vararg{String,N} where N) at ./pkg/pkg.jl:274
│     [15] test(::String, ::Vararg{String,N} where N) at ./pkg/pkg.jl:274
│     [16] top-level scope
│     [17] eval at ./boot.jl:295 [inlined]
│     [18] eval(::Module, ::Expr) at ./sysimg.jl:71
│     [19] process_options(::Base.JLOptions) at ./client.jl:301
│     [20] _start() at ./client.jl:375
└ @ Base.Pkg.Entry entry.jl:733
ERROR: NetCDF had test errors

>>> End of log
