>>> 'Pkg.add("NetCDF")' log
INFO: Cloning cache of NetCDF from git://github.com/JuliaGeo/NetCDF.jl.git
INFO: Installing BinDeps v0.4.7
INFO: Installing Conda v0.5.3
INFO: Installing Formatting v0.2.1
INFO: Installing NetCDF v0.3.1
INFO: Installing SHA v0.3.2
INFO: Installing URIParser v0.1.8
INFO: Building Conda
INFO: Building NetCDF
INFO: Package database updated

>>> 'Pkg.test("NetCDF")' log
Julia Version 0.4.7
Commit ae26b25 (2016-09-18 16:17 UTC)
Platform Info:
  System: Linux (x86_64-pc-linux-gnu)
  CPU: Intel(R) Xeon(R) CPU E3-1241 v3 @ 3.50GHz
  WORD_SIZE: 64
           Ubuntu 14.04.5 LTS
  uname: Linux 3.13.0-117-generic #164-Ubuntu SMP Fri Apr 7 11:05:26 UTC 2017 x86_64 x86_64
Memory: 2.9392738342285156 GB (554.4609375 MB free)
Uptime: 14954.0 sec
Load Avg:  0.98974609375  1.80859375  1.80712890625
Intel(R) Xeon(R) CPU E3-1241 v3 @ 3.50GHz: 
       speed         user         nice          sys         idle          irq
#1  3499 MHz     728333 s         50 s      64704 s     551815 s         25 s
#2  3499 MHz     470206 s       6592 s      57072 s     904930 s          0 s

  BLAS: libopenblas (USE64BITINT DYNAMIC_ARCH NO_AFFINITY Nehalem)
  LAPACK: libopenblas64_
  LIBM: libopenlibm
  LLVM: libLLVM-3.3
Environment:
  TERM = vt100
  LD_LIBRARY_PATH = :/usr/local/lib/
  PATH = /usr/local/sbin:/usr/local/bin:/usr/sbin:/usr/bin:/sbin:/bin:/usr/games:/usr/local/games:/home/vagrant/julia/bin/
  JAVA_HOME = /usr/lib/jvm/java-7-oracle
  HOME = /home/vagrant

Package Directory: /home/vagrant/.julia/v0.4
2 required packages:
 - JSON                          0.10.0
 - NetCDF                        0.3.1
6 additional packages:
 - BinDeps                       0.4.7
 - Compat                        0.24.0
 - Conda                         0.5.3
 - Formatting                    0.2.1
 - SHA                           0.3.2
 - URIParser                     0.1.8
INFO: Testing NetCDF
INFO: NetCDF tests passed

>>> End of log
