>>> 'Pkg.add("Nettle")' log
INFO: Installing BinDeps v0.3.14
INFO: Installing Nettle v0.1.10
INFO: Installing SHA v0.0.4
INFO: Installing URIParser v0.0.5
INFO: Building Nettle
INFO: Package database updated

>>> 'Pkg.test("Nettle")' log
Julia Version 0.3.11
Commit 483dbf5* (2015-07-27 06:18 UTC)
Platform Info:
  System: Linux (x86_64-unknown-linux-gnu)
  CPU: Intel(R) Core(TM) i7-4960HQ CPU @ 2.60GHz
  WORD_SIZE: 64
  BLAS: libopenblas (USE64BITINT DYNAMIC_ARCH NO_AFFINITY Haswell)
  LAPACK: libopenblas
  LIBM: libopenlibm
  LLVM: libLLVM-3.3
INFO: Testing Nettle
INFO: Nettle tests passed
INFO: No packages to install, update or remove

>>> End of log
