>>> 'Pkg.add("NetworkViz")' log
INFO: Cloning cache of Benchmark from https://github.com/johnmyleswhite/Benchmark.jl.git
INFO: Cloning cache of FunctionalCollections from https://github.com/JuliaLang/FunctionalCollections.jl.git
INFO: Cloning cache of NetworkViz from https://github.com/abhijithanilkumar/NetworkViz.jl.git
INFO: Cloning cache of Patchwork from https://github.com/shashi/Patchwork.jl.git
INFO: Cloning cache of ThreeJS from https://github.com/rohitvarkey/ThreeJS.jl.git
INFO: Installing ArrayViews v0.6.4
INFO: Installing Benchmark v0.1.0
INFO: Installing BinDeps v0.3.21
INFO: Installing Blosc v0.1.4
INFO: Installing Clustering v0.5.0
INFO: Installing ColorTypes v0.2.1
INFO: Installing Colors v0.6.3
INFO: Installing Combinatorics v0.3.1
INFO: Installing DataArrays v0.2.20
INFO: Installing DataFrames v0.6.10
INFO: Installing Distances v0.3.0
INFO: Installing Docile v0.5.23
INFO: Installing FactCheck v0.4.2
INFO: Installing FileIO v0.0.4
INFO: Installing FixedPointNumbers v0.1.2
INFO: Installing FixedSizeArrays v0.0.10
INFO: Installing FunctionalCollections v0.1.3
INFO: Installing GeometryTypes v0.1.2
INFO: Installing HDF5 v0.5.8
INFO: Installing Iterators v0.1.9
INFO: Installing JLD v0.5.9
INFO: Installing LightGraphs v0.5.2
INFO: Installing NetworkViz v0.0.1
INFO: Installing ParserCombinator v1.7.8
INFO: Installing Patchwork v0.2.1
INFO: Installing Polynomials v0.0.5
INFO: Installing Reexport v0.0.3
INFO: Installing SHA v0.1.2
INFO: Installing SortingAlgorithms v0.0.6
INFO: Installing StatsBase v0.8.0
INFO: Installing StatsFuns v0.2.0
INFO: Installing ThreeJS v0.2.1
INFO: Installing URIParser v0.1.3
INFO: Building Blosc
INFO: Building HDF5
INFO: Building LightXML
INFO: Package database updated
INFO: METADATA is out-of-date — you may not have the latest version of NetworkViz
INFO: Use `Pkg.update()` to get the latest versions of your packages

>>> 'Pkg.test("NetworkViz")' log
Julia Version 0.5.0-dev+3184
Commit fb283c6 (2016-03-17 08:49 UTC)
Platform Info:
  System: Linux (x86_64-unknown-linux-gnu)
  CPU: Intel(R) Xeon(R) CPU E3-1241 v3 @ 3.50GHz
  WORD_SIZE: 64
  BLAS: libopenblas (USE64BITINT DYNAMIC_ARCH NO_AFFINITY Nehalem)
  LAPACK: libopenblas64_
  LIBM: libopenlibm
  LLVM: libLLVM-3.7.1 (ORCJIT, haswell)
INFO: Computing test dependencies for NetworkViz...
INFO: Installing BaseTestNext v0.2.1
INFO: Testing NetworkViz
WARNING: Method definition (::Type{Patchwork.Elem})(Symbol, Symbol) in module Patchwork at /home/vagrant/.julia/v0.5/Patchwork/src/Patchwork.jl:109 overwritten at /home/vagrant/.julia/v0.5/Patchwork/src/Patchwork.jl:114.
WARNING: readall is deprecated, use readstring instead.
 [inlined code] from ./error.jl:26
 in depwarn(::ASCIIString, ::Symbol) at ./deprecated.jl:64
 in readall(::IOStream, ::Vararg{IOStream}) at ./deprecated.jl:30
 [inlined code] from ./expr.jl:8
 in __init__() at /home/vagrant/.julia/v0.5/Patchwork/src/Patchwork.jl:226
 in include(::ASCIIString) at ./boot.jl:264
 in include_from_node1(::ASCIIString) at ./loading.jl:417
 in eval(::Module, ::Any) at ./boot.jl:267
 [inlined code] from ./sysimg.jl:14
 in require(::Symbol) at ./loading.jl:348
 in include(::ASCIIString) at ./boot.jl:264
 in include_from_node1(::ASCIIString) at ./loading.jl:417
 in eval(::Module, ::Any) at ./boot.jl:267
 [inlined code] from ./sysimg.jl:14
 in require(::Symbol) at ./loading.jl:348
 in include(::ASCIIString) at ./boot.jl:264
 in include_from_node1(::ASCIIString) at ./loading.jl:417
 in eval(::Module, ::Any) at ./boot.jl:267
 [inlined code] from ./sysimg.jl:14
 in require(::Symbol) at ./loading.jl:348
 in include(::ASCIIString) at ./boot.jl:264
 in include_from_node1(::UTF8String) at ./loading.jl:417
 in process_options(::Base.JLOptions) at ./client.jl:262
 in _start() at ./client.jl:318
while loading /home/vagrant/.julia/v0.5/Patchwork/src/Patchwork.jl, in expression starting on line 221
WARNING: New definition 
    write(GZip.GZipStream, Array{#T<:Any, N<:Any}) at /home/vagrant/.julia/v0.5/GZip/src/GZip.jl:456
is ambiguous with: 
    write(Base.IO, Array{UInt8, N<:Any}) at io.jl:154.
To fix, define 
    write(GZip.GZipStream, Array{UInt8, N<:Any})
before the new definition.
INFO: Recompiling stale cache file /home/vagrant/.julia/lib/v0.5/HDF5.ji for module HDF5.
WARNING: Method definition h5l_exists(Any, Any, Any) in module HDF5 at /home/vagrant/.julia/v0.5/HDF5/src/plain.jl:2049 overwritten at /home/vagrant/.julia/v0.5/HDF5/src/plain.jl:2075.
INFO: Recompiling stale cache file /home/vagrant/.julia/lib/v0.5/JLD.ji for module JLD.
INFO: Recompiling stale cache file /home/vagrant/.julia/lib/v0.5/LightGraphs.ji for module LightGraphs.
WARNING: New definition 
    write(GZip.GZipStream, Array{#T<:Any, N<:Any}) at /home/vagrant/.julia/v0.5/GZip/src/GZip.jl:456
is ambiguous with: 
    write(Base.IO, Array{UInt8, N<:Any}) at io.jl:154.
To fix, define 
    write(GZip.GZipStream, Array{UInt8, N<:Any})
before the new definition.
WARNING: Method definition (::Type{LightGraphs.TreeBFSVisitor})(Any) in module LightGraphs at /home/vagrant/.julia/v0.5/LightGraphs/src/traversals/bfs.jl:134 overwritten at deprecated.jl:49.
WARNING: Method definition require(Symbol) in module Base at loading.jl:308 overwritten at /home/vagrant/.julia/v0.5/Requires/src/hook.jl:17.
ERROR: LoadError: LoadError: LoadError: MethodError: objects of type LambdaInfo are not callable
 [inlined code] from /home/vagrant/.julia/v0.5/Requires/src/require.jl:11
 in require(::Symbol) at /home/vagrant/.julia/v0.5/Requires/src/hook.jl:17
 in _require_from_serialized(::Int64, ::Symbol, ::ASCIIString, ::Bool) at ./loading.jl:165
 in _require_from_serialized(::Int64, ::Symbol, ::Bool) at ./loading.jl:193
 in require(::Symbol) at ./loading.jl:323
 in include(::ASCIIString) at ./boot.jl:264
 in include_from_node1(::ASCIIString) at ./loading.jl:417
 in include(::ASCIIString) at ./boot.jl:264
 in include_from_node1(::ASCIIString) at ./loading.jl:417
 in eval(::Module, ::Any) at ./boot.jl:267
 [inlined code] from ./sysimg.jl:14
 in require(::Symbol) at ./loading.jl:348
 in include(::ASCIIString) at ./boot.jl:264
 in include_from_node1(::UTF8String) at ./loading.jl:417
 in process_options(::Base.JLOptions) at ./client.jl:262
 in _start() at ./client.jl:318
while loading /home/vagrant/.julia/v0.5/NetworkViz/src/utils.jl, in expression starting on line 2
while loading /home/vagrant/.julia/v0.5/NetworkViz/src/NetworkViz.jl, in expression starting on line 5
while loading /home/vagrant/.julia/v0.5/NetworkViz/test/runtests.jl, in expression starting on line 3
=============================[ ERROR: NetworkViz ]==============================

failed process: Process(`/home/vagrant/julia/bin/julia -Cx86-64 -J/home/vagrant/julia/lib/julia/sys.so --compile=yes --check-bounds=yes --code-coverage=none --color=no /home/vagrant/.julia/v0.5/NetworkViz/test/runtests.jl`, ProcessExited(1)) [1]

================================================================================
INFO: Removing BaseTestNext v0.2.1
ERROR: Base.Pkg.PkgError("NetworkViz had test errors")
 in #test#55(::Bool, ::Any, ::Array{AbstractString,1}) at ./pkg/entry.jl:671
 [inlined code] from ./boot.jl:331
 in (::Base.Pkg.Dir.##2#3{Array{Any,1},Base.Pkg.Entry.#test,Tuple{Array{AbstractString,1}}})() at ./pkg/dir.jl:31
 in cd(::Base.Pkg.Dir.##2#3{Array{Any,1},Base.Pkg.Entry.#test,Tuple{Array{AbstractString,1}}}, ::ASCIIString) at ./file.jl:48
 in #cd#1(::Array{Any,1}, ::Any, ::Any, ::Array{AbstractString,1}, ::Vararg{Array{AbstractString,1}}) at ./pkg/dir.jl:31
 [inlined code] from ./boot.jl:331
 in #test#3(::Bool, ::Any, ::ASCIIString, ::Vararg{ASCIIString}) at ./pkg.jl:228
 in eval(::Module, ::Any) at ./boot.jl:267
 [inlined code] from ./sysimg.jl:14
 in process_options(::Base.JLOptions) at ./client.jl:239
 in _start() at ./client.jl:318

>>> End of log
