>>> 'Pkg.add("NFFT")' log
INFO: Cloning cache of NFFT from https://github.com/tknopp/NFFT.jl.git
INFO: Installing NFFT v0.1.2
INFO: Package database updated

>>> 'Pkg.test("NFFT")' log
Julia Version 0.6.0-dev.994
Commit 1ea0de1 (2016-10-17 12:32 UTC)
Platform Info:
  OS: Linux (x86_64-pc-linux-gnu)
  CPU: Intel(R) Xeon(R) CPU E3-1241 v3 @ 3.50GHz
  WORD_SIZE: 64
           Ubuntu 14.04.5 LTS
  uname: Linux 3.13.0-98-generic #145-Ubuntu SMP Sat Oct 8 20:13:07 UTC 2016 x86_64 x86_64
Memory: 2.939289093017578 GB (329.8515625 MB free)
Uptime: 10114.0 sec
Load Avg:  0.48828125  0.22509765625  0.6142578125
Intel(R) Xeon(R) CPU E3-1241 v3 @ 3.50GHz: 
       speed         user         nice          sys         idle          irq
#1  3499 MHz     325208 s         74 s      49004 s     576545 s          6 s
#2  3499 MHz      85876 s         77 s      20052 s     894464 s          0 s

  BLAS: libopenblas (USE64BITINT DYNAMIC_ARCH NO_AFFINITY Nehalem)
  LAPACK: libopenblas64_
  LIBM: libopenlibm
  LLVM: libLLVM-3.7.1 (ORCJIT, haswell)
Environment:
  TERM = vt100
  LD_LIBRARY_PATH = :/usr/local/lib/
  PATH = /usr/local/sbin:/usr/local/bin:/usr/sbin:/usr/bin:/sbin:/bin:/usr/games:/usr/local/games:/home/vagrant/julia/bin/
  JAVA_HOME = /usr/lib/jvm/java-7-oracle
  HOME = /home/vagrant

Package Directory: /home/vagrant/.julia/v0.6
2 required packages:
 - JSON                          0.8.0
 - NFFT                          0.1.2
1 additional packages:
 - Compat                        0.9.2
INFO: Testing NFFT
Testing in 1 dimensions...
3.940438391805651e-7
2.630453538241542e-7
Testing in 2 dimensions...
5.461272270646969e-7
4.6976245958554807e-7
Testing in 3 dimensions...
7.446807307322936e-7
6.566029160537825e-7
Testing in 4 dimensions...
9.864370017877312e-7
8.6059084554834e-7
Testing directional NFFT in 2 dimensions...
Testing directional NFFT in 3 dimensions...
INFO: NFFT tests passed

>>> End of log
