>>> 'Pkg.add("NHST")' log
INFO: Installing ArrayViews v0.4.8
INFO: Installing Distributions v0.6.1
INFO: Installing NHST v0.0.2
INFO: Installing PDMats v0.3.1
INFO: Installing StatsBase v0.6.10
INFO: Package database updated

>>> 'using NHST' log
Julia Version 0.4.0-dev+1612
Commit 19de115 (2014-11-15 00:36 UTC)
Platform Info:
  System: Linux (x86_64-unknown-linux-gnu)
  CPU: Intel(R) Xeon(R) CPU E5-2650 0 @ 2.00GHz
  WORD_SIZE: 64
  BLAS: libopenblas (USE64BITINT DYNAMIC_ARCH NO_AFFINITY Sandybridge)
  LAPACK: libopenblas
  LIBM: libopenlibm
  LLVM: libLLVM-3.3

>>> test log
no tests to run
>>> end of log
