>>> 'Pkg.add("NIfTI")' log
INFO: Cloning cache of NIfTI from https://github.com/simonster/NIfTI.jl.git
INFO: Installing GZip v0.3.0
INFO: Installing NIfTI v0.1.1
INFO: Package database updated

>>> 'Pkg.test("NIfTI")' log
Julia Version 0.6.0-pre.alpha.229
Commit cc917b5 (2017-03-22 21:53 UTC)
Platform Info:
  OS: Linux (x86_64-pc-linux-gnu)
  CPU: Intel(R) Xeon(R) CPU E3-1241 v3 @ 3.50GHz
  WORD_SIZE: 64
           Ubuntu 14.04.5 LTS
  uname: Linux 3.13.0-112-generic #159-Ubuntu SMP Fri Mar 3 15:26:07 UTC 2017 x86_64 x86_64
Memory: 2.9392738342285156 GB (756.9609375 MB free)
Uptime: 8010.0 sec
Load Avg:  0.91943359375  1.0419921875  1.03564453125
Intel(R) Xeon(R) CPU E3-1241 v3 @ 3.50GHz: 
       speed         user         nice          sys         idle          irq
#1  3499 MHz     473131 s        128 s      40007 s     194422 s         11 s
#2  3499 MHz      98127 s       6241 s      17738 s     662463 s          0 s

  BLAS: libopenblas (USE64BITINT DYNAMIC_ARCH NO_AFFINITY Nehalem)
  LAPACK: libopenblas64_
  LIBM: libopenlibm
  LLVM: libLLVM-3.9.1 (ORCJIT, haswell)
Environment:
  TERM = vt100
  LD_LIBRARY_PATH = :/usr/local/lib/
  PATH = /usr/local/sbin:/usr/local/bin:/usr/sbin:/usr/bin:/sbin:/bin:/usr/games:/usr/local/games:/home/vagrant/julia/bin/
  JAVA_HOME = /usr/lib/jvm/java-7-oracle
  HOME = /home/vagrant

Package Directory: /home/vagrant/.julia/v0.6
2 required packages:
 - JSON                          0.8.3
 - NIfTI                         0.1.1
2 additional packages:
 - Compat                        0.20.0
 - GZip                          0.3.0
INFO: Testing NIfTI
ERROR: LoadError: LoadError: UndefVarError: ByteString not defined
Stacktrace:
 [1] include_from_node1(::String) at ./loading.jl:539
while loading /home/vagrant/.julia/v0.6/NIfTI/src/NIfTI.jl, in expression starting on line 88
while loading /home/vagrant/.julia/v0.6/NIfTI/test/runtests.jl, in expression starting on line 1
================================[ ERROR: NIfTI ]================================

failed process: Process(`/home/vagrant/julia/bin/julia -Cx86-64 -J/home/vagrant/julia/lib/julia/sys.so --compile=yes --depwarn=yes --check-bounds=yes --code-coverage=none --color=no --compilecache=yes /home/vagrant/.julia/v0.6/NIfTI/test/runtests.jl`, ProcessExited(1)) [1]

================================================================================
ERROR: NIfTI had test errors

>>> End of log
