>>> 'Pkg.add("NLPModels")' log
┌ Info: Cloning cache of NLPModels from https://github.com/JuliaSmoothOptimizers/NLPModels.jl.git
└                                                   @ Base.Pkg.Cache cache.jl:43
[ Info: Installing LinearOperators v0.3.1          @ Base.Pkg.Entry entry.jl:543
[ Info: Installing NLPModels v0.3.0                @ Base.Pkg.Entry entry.jl:543
[ Info: Package database updated                    @ Base.Pkg.Entry entry.jl:32
┌ Info: METADATA is out-of-date — you may not have the latest version of NLPModels
│ Use `Pkg.update()` to get the latest versions of your packages
└                                                   @ Base.Pkg.Entry entry.jl:74

>>> 'Pkg.test("NLPModels")' log
Julia Version 0.7.0-DEV.3351
Commit 09f7213c94 (2018-01-09 01:31 UTC)
Platform Info:
  OS: Linux (x86_64-pc-linux-gnu)
      Ubuntu 14.04.5 LTS
  uname: Linux 3.13.0-135-generic #184-Ubuntu SMP Wed Oct 18 11:55:51 UTC 2017 x86_64 x86_64
  CPU: Intel(R) Xeon(R) CPU E3-1241 v3 @ 3.50GHz: 
              speed         user         nice          sys         idle          irq
       #1  3500 MHz    4497236 s        133 s     223282 s    1033374 s         26 s
       #2  3500 MHz    1009780 s       6808 s      88330 s    5573012 s          1 s
       
  Memory: 2.93927001953125 GB (957.1953125 MB free)
  Uptime: 67973.0 sec
  Load Avg:  0.9453125  1.00341796875  1.0869140625
  WORD_SIZE: 64
  BLAS: libopenblas (USE64BITINT DYNAMIC_ARCH NO_AFFINITY Nehalem)
  LAPACK: libopenblas64_
  LIBM: libopenlibm
  LLVM: libLLVM-3.9.1 (ORCJIT, haswell)
Environment:
  TERM = vt100
  LD_LIBRARY_PATH = :/usr/local/lib/
  PATH = /usr/local/sbin:/usr/local/bin:/usr/sbin:/usr/bin:/sbin:/bin:/usr/games:/usr/local/games:/home/vagrant/julia/bin/
  JAVA_HOME = /usr/lib/jvm/java-8-openjdk-amd64
  HOME = /home/vagrant
Packages:
  Package Directory: /home/vagrant/.julia/v0.7
  Package Status:
2 required packages:
 - JSON                          0.16.3
 - NLPModels                     0.3.0
3 additional packages:
 - Compat                        0.43.0
 - LinearOperators               0.3.1
 - Nullables                     0.0.2
┌ Info: Computing test dependencies for NLPModels...
└                                                  @ Base.Pkg.Entry entry.jl:713
[ Info: Installing BinDeps v0.8.2                  @ Base.Pkg.Entry entry.jl:543
[ Info: Installing Calculus v0.2.2                 @ Base.Pkg.Entry entry.jl:543
[ Info: Installing CommonSubexpressions v0.0.1     @ Base.Pkg.Entry entry.jl:543
[ Info: Installing DataStructures v0.7.4           @ Base.Pkg.Entry entry.jl:543
[ Info: Installing DiffResults v0.0.2              @ Base.Pkg.Entry entry.jl:543
[ Info: Installing DiffRules v0.0.2                @ Base.Pkg.Entry entry.jl:543
[ Info: Installing ForwardDiff v0.7.0              @ Base.Pkg.Entry entry.jl:543
[ Info: Installing Ipopt v0.2.6                    @ Base.Pkg.Entry entry.jl:543
[ Info: Installing JuMP v0.18.0                    @ Base.Pkg.Entry entry.jl:543
[ Info: Installing MathProgBase v0.7.0             @ Base.Pkg.Entry entry.jl:543
[ Info: Installing NaNMath v0.3.0                  @ Base.Pkg.Entry entry.jl:543
[ Info: Installing ReverseDiffSparse v0.8.1        @ Base.Pkg.Entry entry.jl:543
[ Info: Installing SHA v0.5.2                      @ Base.Pkg.Entry entry.jl:543
[ Info: Installing SpecialFunctions v0.3.7         @ Base.Pkg.Entry entry.jl:543
[ Info: Installing StaticArrays v0.6.6             @ Base.Pkg.Entry entry.jl:543
[ Info: Installing URIParser v0.3.0                @ Base.Pkg.Entry entry.jl:543
[ Info: Building SpecialFunctions                                 @ Main none:10
WARNING: importing deprecated binding Base.Associative into BinDeps.
WARNING: Base.Associative is deprecated, use AbstractDict instead.
  likely near /home/vagrant/.julia/v0.7/SpecialFunctions/deps/binaries.jl:44
in @install at /home/vagrant/.julia/v0.7/BinDeps/src/dependencies.jl
┌ Warning: `unshift!` is deprecated, use `pushfirst!` instead.
│   caller = #_find_library#48(::Type, ::Function, ::BinDeps.LibraryDependency) at dependencies.jl:652
└                                                  @ BinDeps dependencies.jl:652
┌ Warning: `unshift!` is deprecated, use `pushfirst!` instead.
│   caller = #_find_library#48(::DataType, ::Function, ::BinDeps.LibraryDependency) at dependencies.jl:652
└                                                  @ BinDeps dependencies.jl:652
[ Info: Building Ipopt                                            @ Main none:10
┌ Warning: `is_apple` is deprecated, use `Sys.isapple` instead.
│   caller = top-level scope
└                                                                      @ Core :0
┌ Warning: `is_windows` is deprecated, use `Sys.iswindows` instead.
│   caller = top-level scope
└                                                                      @ Core :0
WARNING: importing deprecated binding Base.Associative into BinDeps.
WARNING: Base.Associative is deprecated, use AbstractDict instead.
  likely near /home/vagrant/.julia/v0.7/Ipopt/deps/build.jl:89
in @install at /home/vagrant/.julia/v0.7/BinDeps/src/dependencies.jl
[ Info: Testing NLPModels                          @ Base.Pkg.Entry entry.jl:723
┌ Warning: Deprecated syntax `type` at /home/vagrant/.julia/v0.7/NLPModels/test/runtests.jl:19.
│ Use `mutable struct` instead.
└                                                       @ nothing runtests.jl:19
WARNING: Base.Test is deprecated, run `using Test` instead.
  likely near /home/vagrant/.julia/v0.7/NLPModels/test/runtests.jl:1
┌ Warning: Deprecated syntax `type` at /home/vagrant/.julia/v0.7/Ipopt/src/Ipopt.jl:20.
│ Use `mutable struct` instead.
└                                                          @ nothing Ipopt.jl:20
WARNING: importing deprecated binding Base.Void into Ipopt.
WARNING: Base.Void is deprecated, use Nothing instead.
  likely near /home/vagrant/.julia/v0.7/Ipopt/src/Ipopt.jl:20
WARNING: Base.Void is deprecated, use Nothing instead.
  likely near /home/vagrant/.julia/v0.7/Ipopt/src/Ipopt.jl:20
WARNING: Base.Void is deprecated, use Nothing instead.
  likely near /home/vagrant/.julia/v0.7/Ipopt/src/Ipopt.jl:85
WARNING: Base.Void is deprecated, use Nothing instead.
  likely near /home/vagrant/.julia/v0.7/Ipopt/src/Ipopt.jl:97
WARNING: Base.Void is deprecated, use Nothing instead.
  likely near /home/vagrant/.julia/v0.7/Ipopt/src/Ipopt.jl:108
WARNING: Base.Void is deprecated, use Nothing instead.
  likely near /home/vagrant/.julia/v0.7/Ipopt/src/Ipopt.jl:119
WARNING: Base.Void is deprecated, use Nothing instead.
  likely near /home/vagrant/.julia/v0.7/Ipopt/src/Ipopt.jl:134
WARNING: Base.Void is deprecated, use Nothing instead.
  likely near /home/vagrant/.julia/v0.7/Ipopt/src/Ipopt.jl:156
WARNING: Base.Void is deprecated, use Nothing instead.
  likely near /home/vagrant/.julia/v0.7/Ipopt/src/Ipopt.jl:167
WARNING: Base.Void is deprecated, use Nothing instead.
  likely near /home/vagrant/.julia/v0.7/Ipopt/src/Ipopt.jl:167
WARNING: Base.Void is deprecated, use Nothing instead.
  likely near /home/vagrant/.julia/v0.7/Ipopt/src/Ipopt.jl:167
WARNING: Base.Void is deprecated, use Nothing instead.
  likely near /home/vagrant/.julia/v0.7/Ipopt/src/Ipopt.jl:167
WARNING: Base.Void is deprecated, use Nothing instead.
  likely near /home/vagrant/.julia/v0.7/Ipopt/src/Ipopt.jl:167
WARNING: Base.Void is deprecated, use Nothing instead.
  likely near /home/vagrant/.julia/v0.7/Ipopt/src/Ipopt.jl:167
WARNING: Base.Void is deprecated, use Nothing instead.
  likely near /home/vagrant/.julia/v0.7/Ipopt/src/Ipopt.jl:204
WARNING: Base.Void is deprecated, use Nothing instead.
  likely near /home/vagrant/.julia/v0.7/Ipopt/src/Ipopt.jl:204
WARNING: Base.Void is deprecated, use Nothing instead.
  likely near /home/vagrant/.julia/v0.7/Ipopt/src/Ipopt.jl:209
WARNING: Base.Void is deprecated, use Nothing instead.
  likely near /home/vagrant/.julia/v0.7/Ipopt/src/Ipopt.jl:224
WARNING: Base.Void is deprecated, use Nothing instead.
  likely near /home/vagrant/.julia/v0.7/Ipopt/src/Ipopt.jl:239
WARNING: Base.Void is deprecated, use Nothing instead.
  likely near /home/vagrant/.julia/v0.7/Ipopt/src/Ipopt.jl:254
WARNING: Base.Void is deprecated, use Nothing instead.
  likely near /home/vagrant/.julia/v0.7/Ipopt/src/Ipopt.jl:271
WARNING: Base.Void is deprecated, use Nothing instead.
  likely near /home/vagrant/.julia/v0.7/Ipopt/src/Ipopt.jl:289
WARNING: Base.Void is deprecated, use Nothing instead.
  likely near /home/vagrant/.julia/v0.7/Ipopt/src/Ipopt.jl:289
WARNING: Base.Void is deprecated, use Nothing instead.
  likely near /home/vagrant/.julia/v0.7/Ipopt/src/Ipopt.jl:302
┌ Warning: Deprecated syntax `immutable` at /home/vagrant/.julia/v0.7/Ipopt/src/IpoptSolverInterface.jl:7.
│ Use `struct` instead.
└                                            @ nothing IpoptSolverInterface.jl:7
┌ Warning: Deprecated syntax `type` at /home/vagrant/.julia/v0.7/Ipopt/src/IpoptSolverInterface.jl:12.
│ Use `mutable struct` instead.
└                                           @ nothing IpoptSolverInterface.jl:12
┌ Warning: `importall` is deprecated, use `using` or individual `import` statements instead
│   caller = ip:0x0
└                                                                     @ Core :-1
┌ Warning: Deprecated syntax `type` at /home/vagrant/.julia/v0.7/JuMP/src/JuMP.jl:63.
│ Use `mutable struct` instead.
└                                                           @ nothing JuMP.jl:63
┌ Warning: Deprecated syntax `type` at /home/vagrant/.julia/v0.7/JuMP/src/JuMP.jl:140.
│ Use `mutable struct` instead.
└                                                          @ nothing JuMP.jl:140
┌ Warning: Deprecated syntax `immutable` at /home/vagrant/.julia/v0.7/JuMP/src/JuMP.jl:337.
│ Use `struct` instead.
└                                                          @ nothing JuMP.jl:337
┌ Warning: Deprecated syntax `type` at /home/vagrant/.julia/v0.7/JuMP/src/JuMP.jl:487.
│ Use `mutable struct` instead.
└                                                          @ nothing JuMP.jl:487
┌ Warning: Deprecated syntax `immutable` at /home/vagrant/.julia/v0.7/JuMP/src/JuMP.jl:535.
│ Use `struct` instead.
└                                                          @ nothing JuMP.jl:535
┌ Warning: Deprecated syntax `type` at /home/vagrant/.julia/v0.7/JuMP/src/JuMP.jl:542.
│ Use `mutable struct` instead.
└                                                          @ nothing JuMP.jl:542
┌ Warning: Deprecated syntax `immutable` at /home/vagrant/.julia/v0.7/JuMP/src/JuMP.jl:568.
│ Use `struct` instead.
└                                                          @ nothing JuMP.jl:568
┌ Warning: Deprecated syntax `immutable` at /home/vagrant/.julia/v0.7/JuMP/src/JuMP.jl:876.
│ Use `struct` instead.
└                                                          @ nothing JuMP.jl:876
┌ Warning: Deprecated syntax `immutable` at /home/vagrant/.julia/v0.7/JuMP/src/JuMP.jl:881.
│ Use `struct` instead.
└                                                          @ nothing JuMP.jl:881
┌ Warning: Deprecated syntax `type` at /home/vagrant/.julia/v0.7/JuMP/src/JuMP.jl:63.
│ Use `mutable struct` instead.
└                                                           @ nothing JuMP.jl:63
┌ Warning: Deprecated syntax `type` at /home/vagrant/.julia/v0.7/JuMP/src/JuMP.jl:140.
│ Use `mutable struct` instead.
└                                                          @ nothing JuMP.jl:140
┌ Warning: Deprecated syntax `immutable` at /home/vagrant/.julia/v0.7/JuMP/src/JuMP.jl:337.
│ Use `struct` instead.
└                                                          @ nothing JuMP.jl:337
┌ Warning: Deprecated syntax `type` at /home/vagrant/.julia/v0.7/JuMP/src/JuMP.jl:487.
│ Use `mutable struct` instead.
└                                                          @ nothing JuMP.jl:487
┌ Warning: Deprecated syntax `immutable` at /home/vagrant/.julia/v0.7/JuMP/src/JuMP.jl:535.
│ Use `struct` instead.
└                                                          @ nothing JuMP.jl:535
┌ Warning: Deprecated syntax `type` at /home/vagrant/.julia/v0.7/JuMP/src/JuMP.jl:542.
│ Use `mutable struct` instead.
└                                                          @ nothing JuMP.jl:542
┌ Warning: Deprecated syntax `immutable` at /home/vagrant/.julia/v0.7/JuMP/src/JuMP.jl:568.
│ Use `struct` instead.
└                                                          @ nothing JuMP.jl:568
┌ Warning: Deprecated syntax `immutable` at /home/vagrant/.julia/v0.7/JuMP/src/JuMP.jl:876.
│ Use `struct` instead.
└                                                          @ nothing JuMP.jl:876
┌ Warning: Deprecated syntax `immutable` at /home/vagrant/.julia/v0.7/JuMP/src/JuMP.jl:881.
│ Use `struct` instead.
└                                                          @ nothing JuMP.jl:881
┌ Warning: `importall` is deprecated, use `using` or individual `import` statements instead
│   caller = ip:0x0
└                                                                     @ Core :-1
WARNING: importing deprecated binding Operators.> into JuMP.
WARNING: importing deprecated binding Operators.!== into JuMP.
WARNING: importing deprecated binding Operators.hcat into JuMP.
WARNING: importing deprecated binding Operators.% into JuMP.
WARNING: importing deprecated binding Operators.⊊ into JuMP.
WARNING: importing deprecated binding Operators.>: into JuMP.
WARNING: importing deprecated binding Operators.÷ into JuMP.
WARNING: importing deprecated binding Operators.>> into JuMP.
WARNING: importing deprecated binding Operators.∌ into JuMP.
WARNING: importing deprecated binding Operators.√ into JuMP.
WARNING: importing deprecated binding Operators.<< into JuMP.
WARNING: importing deprecated binding Operators.< into JuMP.
WARNING: importing deprecated binding Operators.colon into JuMP.
WARNING: importing deprecated binding Operators.// into JuMP.
WARNING: importing deprecated binding Operators.xor into JuMP.
WARNING: importing deprecated binding Operators.∘ into JuMP.
WARNING: importing deprecated binding Operators.≥ into JuMP.
WARNING: importing deprecated binding Operators./ into JuMP.
WARNING: importing deprecated binding Operators.>>> into JuMP.
WARNING: importing deprecated binding Operators.⊻ into JuMP.
WARNING: importing deprecated binding Operators.∈ into JuMP.
WARNING: importing deprecated binding Operators.∪ into JuMP.
WARNING: importing deprecated binding Operators.≤ into JuMP.
WARNING: importing deprecated binding Operators.≠ into JuMP.
WARNING: importing deprecated binding Operators.⊈ into JuMP.
WARNING: importing deprecated binding Operators.>= into JuMP.
WARNING: importing deprecated binding Operators.& into JuMP.
WARNING: importing deprecated binding Operators.∛ into JuMP.
WARNING: importing deprecated binding Operators.\ into JuMP.
WARNING: importing deprecated binding Operators.⋅ into JuMP.
WARNING: importing deprecated binding Operators.getindex into JuMP.
WARNING: importing deprecated binding Operators.adjoint into JuMP.
WARNING: importing deprecated binding Operators.! into JuMP.
WARNING: importing deprecated binding Operators.^ into JuMP.
WARNING: importing deprecated binding Operators.∩ into JuMP.
WARNING: importing deprecated binding Operators.!= into JuMP.
WARNING: importing deprecated binding Operators.- into JuMP.
WARNING: importing deprecated binding Operators.× into JuMP.
WARNING: importing deprecated binding Operators.vcat into JuMP.
WARNING: importing deprecated binding Operators.== into JuMP.
WARNING: importing deprecated binding Operators.⊆ into JuMP.
WARNING: importing deprecated binding Operators.+ into JuMP.
WARNING: importing deprecated binding Operators.=== into JuMP.
WARNING: importing deprecated binding Operators.~ into JuMP.
WARNING: importing deprecated binding Operators.|> into JuMP.
WARNING: importing deprecated binding Operators.∉ into JuMP.
WARNING: importing deprecated binding Operators.* into JuMP.
WARNING: importing deprecated binding Operators.transpose into JuMP.
WARNING: importing deprecated binding Operators.<= into JuMP.
WARNING: importing deprecated binding Operators.<: into JuMP.
WARNING: importing deprecated binding Operators.setindex! into JuMP.
WARNING: importing deprecated binding Operators.hvcat into JuMP.
WARNING: importing deprecated binding Operators.∋ into JuMP.
WARNING: importing deprecated binding Operators.| into JuMP.
┌ Warning: Deprecated syntax `immutable` at /home/vagrant/.julia/v0.7/ForwardDiff/src/partials.jl:1.
│ Use `struct` instead.
└                                                        @ nothing partials.jl:1
ERROR: LoadError: LoadError: UndefVarError: promote_array_type not defined
Stacktrace:
 [1] getproperty(::Module, ::Symbol) at ./sysimg.jl:14
 [2] top-level scope
 [3] include at ./boot.jl:293 [inlined]
 [4] include_relative(::Module, ::String) at ./loading.jl:521
 [5] include at ./sysimg.jl:26 [inlined]
 [6] include(::String) at /home/vagrant/.julia/v0.7/ForwardDiff/src/ForwardDiff.jl:3
 [7] top-level scope
 [8] include at ./boot.jl:293 [inlined]
 [9] include_relative(::Module, ::String) at ./loading.jl:521
 [10] include(::Module, ::String) at ./sysimg.jl:26
 [11] top-level scope
 [12] eval at ./boot.jl:296 [inlined]
 [13] top-level scope at ./<missing>:2
in expression starting at /home/vagrant/.julia/v0.7/ForwardDiff/src/dual.jl:317
in expression starting at /home/vagrant/.julia/v0.7/ForwardDiff/src/ForwardDiff.jl:16
ERROR: LoadError: Failed to precompile ForwardDiff to /home/vagrant/.julia/lib/v0.7/ForwardDiff.ji.
Stacktrace:
 [1] error at ./error.jl:33 [inlined]
 [2] compilecache(::String) at ./loading.jl:648
 [3] compilecache at ./loading.jl:605 [inlined]
 [4] _require(::Symbol) at ./loading.jl:440
 [5] require(::Symbol) at ./loading.jl:333
 [6] include at ./boot.jl:293 [inlined]
 [7] include_relative(::Module, ::String) at ./loading.jl:521
 [8] include(::Module, ::String) at ./sysimg.jl:26
 [9] top-level scope
 [10] eval at ./boot.jl:296 [inlined]
 [11] top-level scope at ./<missing>:2
in expression starting at /home/vagrant/.julia/v0.7/ReverseDiffSparse/src/ReverseDiffSparse.jl:4
ERROR: LoadError: Failed to precompile ReverseDiffSparse to /home/vagrant/.julia/lib/v0.7/ReverseDiffSparse.ji.
Stacktrace:
 [1] error at ./error.jl:33 [inlined]
 [2] compilecache(::String) at ./loading.jl:648
 [3] compilecache at ./loading.jl:605 [inlined]
 [4] _require(::Symbol) at ./loading.jl:440
 [5] require(::Symbol) at ./loading.jl:333
 [6] include at ./boot.jl:293 [inlined]
 [7] include_relative(::Module, ::String) at ./loading.jl:521
 [8] include(::Module, ::String) at ./sysimg.jl:26
 [9] top-level scope
 [10] eval at ./boot.jl:296 [inlined]
 [11] top-level scope at ./<missing>:2
in expression starting at /home/vagrant/.julia/v0.7/JuMP/src/JuMP.jl:21
ERROR: LoadError: Failed to precompile JuMP to /home/vagrant/.julia/lib/v0.7/JuMP.ji.
Stacktrace:
 [1] error at ./error.jl:33 [inlined]
 [2] compilecache(::String) at ./loading.jl:648
 [3] compilecache at ./loading.jl:605 [inlined]
 [4] _require(::Symbol) at ./loading.jl:460
 [5] require(::Symbol) at ./loading.jl:333
 [6] include at ./boot.jl:293 [inlined]
 [7] include_relative(::Module, ::String) at ./loading.jl:521
 [8] include(::Module, ::String) at ./sysimg.jl:26
 [9] process_options(::Base.JLOptions) at ./client.jl:324
 [10] _start() at ./client.jl:375
in expression starting at /home/vagrant/.julia/v0.7/NLPModels/test/runtests.jl:1
┌ Error: ------------------------------------------------------------
│ # Testing failed for NLPModels
│   exception =
│    failed process: Process(`/home/vagrant/julia/bin/julia -Cnative -J/home/vagrant/julia/lib/julia/sys.so --compile=yes --depwarn=yes --code-coverage=none --color=no --compiled-modules=yes --check-bounds=yes --warn-overwrite=yes --startup-file=yes /home/vagrant/.julia/v0.7/NLPModels/test/runtests.jl`, ProcessExited(1)) [1]
│    Stacktrace:
│     [1] error(::String, ::Base.Process, ::String, ::Int64, ::String) at ./error.jl:42
│     [2] pipeline_error(::Base.Process) at ./process.jl:707
│     [3] run(::Cmd) at ./process.jl:669
│     [4] (::getfield(Base.Pkg.Entry, Symbol("##91#94")){Bool,String,Array{AbstractString,1}})() at ./pkg/entry.jl:736
│     [5] cd(::getfield(Base.Pkg.Entry, Symbol("##91#94")){Bool,String,Array{AbstractString,1}}, ::String) at ./file.jl:70
│     [6] #test!#90(::Bool, ::Function, ::String, ::Array{AbstractString,1}, ::Array{AbstractString,1}, ::Array{AbstractString,1}) at ./pkg/entry.jl:724
│     [7] (::getfield(Base.Pkg.Entry, Symbol("#kw##test!")))(::NamedTuple{(:coverage,),Tuple{Bool}}, ::typeof(Base.Pkg.Entry.test!), ::String, ::Array{AbstractString,1}, ::Array{AbstractString,1}, ::Array{AbstractString,1}) at ./<missing>:0
│     [8] #test#98(::Bool, ::Function, ::Array{AbstractString,1}) at ./pkg/entry.jl:763
│     [9] (::getfield(Base.Pkg.Entry, Symbol("#kw##test")))(::NamedTuple{(:coverage,),Tuple{Bool}}, ::typeof(Base.Pkg.Entry.test), ::Array{AbstractString,1}) at ./<missing>:0
│     [10] (::getfield(Base.Pkg.Dir, Symbol("##4#7")){Base.Iterators.IndexValue{Symbol,Bool,Tuple{Symbol},NamedTuple{(:coverage,),Tuple{Bool}}},typeof(Base.Pkg.Entry.test),Tuple{Array{AbstractString,1}}})() at ./pkg/dir.jl:36
│     [11] cd(::getfield(Base.Pkg.Dir, Symbol("##4#7")){Base.Iterators.IndexValue{Symbol,Bool,Tuple{Symbol},NamedTuple{(:coverage,),Tuple{Bool}}},typeof(Base.Pkg.Entry.test),Tuple{Array{AbstractString,1}}}, ::String) at ./file.jl:70
│     [12] #cd#1(::Base.Iterators.IndexValue{Symbol,Bool,Tuple{Symbol},NamedTuple{(:coverage,),Tuple{Bool}}}, ::Function, ::Function, ::Array{AbstractString,1}, ::Vararg{Array{AbstractString,1},N} where N) at ./pkg/dir.jl:36
│     [13] (::getfield(Base.Pkg.Dir, Symbol("#kw##cd")))(::NamedTuple{(:coverage,),Tuple{Bool}}, ::typeof(Base.Pkg.Dir.cd), ::Function, ::Array{AbstractString,1}, ::Vararg{Array{AbstractString,1},N} where N) at ./<missing>:0
│     [14] #test#3(::Bool, ::Function, ::String, ::Vararg{String,N} where N) at ./pkg/pkg.jl:274
│     [15] test(::String, ::Vararg{String,N} where N) at ./pkg/pkg.jl:274
│     [16] top-level scope
│     [17] eval at ./boot.jl:296 [inlined]
│     [18] eval(::Module, ::Expr) at ./sysimg.jl:71
│     [19] process_options(::Base.JLOptions) at ./client.jl:301
│     [20] _start() at ./client.jl:375
└                                                  @ Base.Pkg.Entry entry.jl:739
[ Info: Removing BinDeps v0.8.2                    @ Base.Pkg.Entry entry.jl:546
[ Info: Removing Calculus v0.2.2                   @ Base.Pkg.Entry entry.jl:546
[ Info: Removing CommonSubexpressions v0.0.1       @ Base.Pkg.Entry entry.jl:546
[ Info: Removing DataStructures v0.7.4             @ Base.Pkg.Entry entry.jl:546
[ Info: Removing DiffResults v0.0.2                @ Base.Pkg.Entry entry.jl:546
[ Info: Removing DiffRules v0.0.2                  @ Base.Pkg.Entry entry.jl:546
[ Info: Removing ForwardDiff v0.7.0                @ Base.Pkg.Entry entry.jl:546
[ Info: Removing Ipopt v0.2.6                      @ Base.Pkg.Entry entry.jl:546
[ Info: Removing JuMP v0.18.0                      @ Base.Pkg.Entry entry.jl:546
[ Info: Removing MathProgBase v0.7.0               @ Base.Pkg.Entry entry.jl:546
[ Info: Removing NaNMath v0.3.0                    @ Base.Pkg.Entry entry.jl:546
[ Info: Removing ReverseDiffSparse v0.8.1          @ Base.Pkg.Entry entry.jl:546
[ Info: Removing SHA v0.5.2                        @ Base.Pkg.Entry entry.jl:546
[ Info: Removing SpecialFunctions v0.3.7           @ Base.Pkg.Entry entry.jl:546
[ Info: Removing StaticArrays v0.6.6               @ Base.Pkg.Entry entry.jl:546
[ Info: Removing URIParser v0.3.0                  @ Base.Pkg.Entry entry.jl:546
ERROR: NLPModels had test errors

>>> End of log
