>>> 'Pkg.add("NLreg")' log
INFO: Cloning cache of NLreg from git://github.com/dmbates/NLreg.jl.git
INFO: Installing Distributions v0.6.3
INFO: Installing MathProgBase v0.3.8
INFO: Installing NLopt v0.2.0
INFO: Installing NLreg v0.1.1
INFO: Installing NumericExtensions v0.6.2
INFO: Installing NumericFuns v0.2.3
INFO: Installing PDMats v0.3.1
INFO: Building NLopt
INFO: Package database updated

>>> 'using NLreg' log
Julia Version 0.3.4
Commit 3392026* (2014-12-26 10:42 UTC)
Platform Info:
  System: Linux (x86_64-unknown-linux-gnu)
  CPU: Intel(R) Xeon(R) CPU E5-2650 0 @ 2.00GHz
  WORD_SIZE: 64
  BLAS: libopenblas (USE64BITINT DYNAMIC_ARCH NO_AFFINITY Sandybridge)
  LAPACK: libopenblas
  LIBM: libopenlibm
  LLVM: libLLVM-3.3

>>> test log
ERROR: type Array has no field data
 in gpinc at /home/idunning/pkgtest/.julia/v0.3/NLreg/src/plreg.jl:143
 in gpfit at /home/idunning/pkgtest/.julia/v0.3/NLreg/src/plreg.jl:159
 in fit at /home/idunning/pkgtest/.julia/v0.3/NLreg/src/plreg.jl:204
 in include at ./boot.jl:245
 in include_from_node1 at loading.jl:128
 in process_options at ./client.jl:285
 in _start at ./client.jl:354
while loading /home/idunning/pkgtest/.julia/v0.3/NLreg/test/runtests.jl, in expression starting on line 9

INFO: Testing NLreg
================================[ ERROR: NLreg ]================================

failed process: Process(`/home/idunning/julia03/usr/bin/julia /home/idunning/pkgtest/.julia/v0.3/NLreg/test/runtests.jl`, ProcessExited(1)) [1]

================================================================================
INFO: No packages to install, update or remove
ERROR: NLreg had test errors
 in error at error.jl:21
 in test at pkg/entry.jl:718
 in anonymous at pkg/dir.jl:28
 in cd at ./file.jl:20
 in cd at pkg/dir.jl:28
 in test at pkg.jl:67
 in process_options at ./client.jl:213
 in _start at ./client.jl:354


>>> end of log
