>>> 'Pkg.add("NLsolve")' log
INFO: Installing Calculus v0.1.5
INFO: Installing DualNumbers v0.1.1
INFO: Installing NLsolve v0.3.0
INFO: Installing NaNMath v0.0.2
INFO: Installing Optim v0.4.0
INFO: Package database updated

>>> 'using NLsolve' log
Julia Version 0.3.4
Commit 3392026* (2014-12-26 10:42 UTC)
Platform Info:
  System: Linux (x86_64-unknown-linux-gnu)
  CPU: Intel(R) Xeon(R) CPU E5-2650 0 @ 2.00GHz
  WORD_SIZE: 64
  BLAS: libopenblas (USE64BITINT DYNAMIC_ARCH NO_AFFINITY Sandybridge)
  LAPACK: libopenblas
  LIBM: libopenlibm
  LLVM: libLLVM-3.3

>>> test log
/home/idunning/julia03/usr/bin/julia: symbol lookup error: /home/idunning/julia03/usr/bin/../lib/libumfpack.so: undefined symbol: dgemv_
INFO: Testing NLsolve
===============================[ ERROR: NLsolve ]===============================

failed process: Process(`/home/idunning/julia03/usr/bin/julia /home/idunning/pkgtest/.julia/v0.3/NLsolve/test/runtests.jl`, ProcessExited(127)) [127]

================================================================================
INFO: No packages to install, update or remove
ERROR: NLsolve had test errors
 in error at error.jl:21
 in test at pkg/entry.jl:718
 in anonymous at pkg/dir.jl:28
 in cd at ./file.jl:20
 in cd at pkg/dir.jl:28
 in test at pkg.jl:67
 in process_options at ./client.jl:213
 in _start at ./client.jl:354


>>> end of log
