>>> 'Pkg.add("NMF")' log
INFO: Cloning cache of NMF from git://github.com/JuliaStats/NMF.jl.git
INFO: Installing NMF v0.2.5
INFO: Installing StatsBase v0.12.0
INFO: Package database updated
INFO: METADATA is out-of-date — you may not have the latest version of NMF
INFO: Use `Pkg.update()` to get the latest versions of your packages

>>> 'Pkg.test("NMF")' log
Julia Version 0.4.7
Commit ae26b25 (2016-09-18 16:17 UTC)
Platform Info:
  System: Linux (x86_64-pc-linux-gnu)
  CPU: Intel(R) Xeon(R) CPU E3-1241 v3 @ 3.50GHz
  WORD_SIZE: 64
           Ubuntu 14.04.5 LTS
  uname: Linux 3.13.0-108-generic #155-Ubuntu SMP Wed Jan 11 16:58:52 UTC 2017 x86_64 x86_64
Memory: 2.9392738342285156 GB (507.16796875 MB free)
Uptime: 10277.0 sec
Load Avg:  0.97216796875  1.11572265625  1.3896484375
Intel(R) Xeon(R) CPU E3-1241 v3 @ 3.50GHz: 
       speed         user         nice          sys         idle          irq
#1  3501 MHz     484257 s       2196 s      42098 s     397138 s         27 s
#2  3501 MHz     316385 s       4982 s      37043 s     636063 s          0 s

  BLAS: libopenblas (USE64BITINT DYNAMIC_ARCH NO_AFFINITY Nehalem)
  LAPACK: libopenblas64_
  LIBM: libopenlibm
  LLVM: libLLVM-3.3
Environment:
  TERM = vt100
  LD_LIBRARY_PATH = :/usr/local/lib/
  PATH = /usr/local/sbin:/usr/local/bin:/usr/sbin:/usr/bin:/sbin:/bin:/usr/games:/usr/local/games:/home/vagrant/julia/bin/
  JAVA_HOME = /usr/lib/jvm/java-7-oracle
  HOME = /home/vagrant

Package Directory: /home/vagrant/.julia/v0.4
2 required packages:
 - JSON                          0.8.3
 - NMF                           0.2.5
2 additional packages:
 - Compat                        0.17.0
 - StatsBase                     0.12.0
INFO: Testing NMF
Running tests:
* utils.jl ...
* initialization.jl ...
* alspgrad.jl ...
INFO: NMF tests passed

>>> End of log
