>>> 'Pkg.add("NODAL")' log
WARNING: Base.Pkg is deprecated, run `using Pkg` instead
 in module Main
[ Info: Cloning cache of NODAL from https://github.com/phrb/NODAL.jl.git
[ Info: Installing NODAL v0.3.5
[ Info: Package database updated
┌ Info: METADATA is out-of-date — you may not have the latest version of NODAL
└ Use `Pkg.update()` to get the latest versions of your packages

>>> 'Pkg.test("NODAL")' log
WARNING: Base.versioninfo is deprecated: it has been moved to the standard library package `InteractiveUtils`.
Add `using InteractiveUtils` to your imports.
 in module Main
WARNING: Base.versioninfo is deprecated: it has been moved to the standard library package `InteractiveUtils`.
Add `using InteractiveUtils` to your imports.
 in module Main
Julia Version 0.7.0-DEV.5059
Commit f1b23284bb (2018-05-10 22:10 UTC)
Platform Info:
  OS: Linux (x86_64-pc-linux-gnu)
      Ubuntu 14.04.5 LTS
  uname: Linux 3.13.0-143-generic #192-Ubuntu SMP Tue Feb 27 10:45:36 UTC 2018 x86_64 x86_64
  CPU: Intel(R) Xeon(R) CPU E3-1241 v3 @ 3.50GHz: 
              speed         user         nice          sys         idle          irq
       #1  3508 MHz    5951664 s       5352 s     393830 s    1655685 s        107 s
       #2  3508 MHz    1602285 s       3156 s     157311 s    7439757 s          2 s
       
  Memory: 2.939197540283203 GB (652.24609375 MB free)
  Uptime: 93857.0 sec
  Load Avg:  0.99462890625  1.01025390625  1.0390625
  WORD_SIZE: 64
  LIBM: libopenlibm
  LLVM: libLLVM-6.0.0 (ORCJIT, haswell)
Environment:
  TERM = vt100
  LD_LIBRARY_PATH = :/usr/local/lib/
  PATH = /usr/local/sbin:/usr/local/bin:/usr/sbin:/usr/bin:/sbin:/bin:/usr/games:/usr/local/games:/home/vagrant/julia/bin/
  JAVA_HOME = /usr/lib/jvm/java-8-openjdk-amd64
  HOME = /home/vagrant
Packages:
  Package Directory: /home/vagrant/.julia/v0.7
  Package Status:
2 required packages:
 - JSON                          0.17.2
 - NODAL                         0.3.5
2 additional packages:
 - Compat                        0.64.0
 - Nullables                     0.0.5
WARNING: Base.Pkg is deprecated, run `using Pkg` instead
 in module Main
[ Info: Testing NODAL
WARNING: importing deprecated binding Base.RemoteChannel into NODAL.
WARNING: Base.RemoteChannel is deprecated: it has been moved to the standard library package `Distributed`.
Add `using Distributed` to your imports.
  likely near /home/vagrant/.julia/v0.7/NODAL/src/core/run.jl:1
WARNING: Base.RemoteChannel is deprecated: it has been moved to the standard library package `Distributed`.
Add `using Distributed` to your imports.
  likely near /home/vagrant/.julia/v0.7/NODAL/src/core/run.jl:1
WARNING: Base.RemoteChannel is deprecated: it has been moved to the standard library package `Distributed`.
Add `using Distributed` to your imports.
  likely near /home/vagrant/.julia/v0.7/NODAL/src/core/run.jl:17
WARNING: importing deprecated binding Base.@fetch into NODAL.
WARNING: Base.@fetch is deprecated: it has been moved to the standard library package `Distributed`.
Add `using Distributed` to your imports.
  likely near /home/vagrant/.julia/v0.7/NODAL/src/core/search/blocks/first_improvement.jl:1
WARNING: Base.@fetch is deprecated: it has been moved to the standard library package `Distributed`.
Add `using Distributed` to your imports.
  likely near /home/vagrant/.julia/v0.7/NODAL/src/core/search/blocks/probabilistic_improvement.jl:9
WARNING: Base.@fetch is deprecated: it has been moved to the standard library package `Distributed`.
Add `using Distributed` to your imports.
  likely near /home/vagrant/.julia/v0.7/NODAL/src/core/search/blocks/greedy_construction.jl:1
WARNING: Base.@fetch is deprecated: it has been moved to the standard library package `Distributed`.
Add `using Distributed` to your imports.
  likely near /home/vagrant/.julia/v0.7/NODAL/src/core/search/blocks/random_walk.jl:1
WARNING: importing deprecated binding Base.@spawn into NODAL.
WARNING: Base.@spawn is deprecated: it has been moved to the standard library package `Distributed`.
Add `using Distributed` to your imports.
  likely near /home/vagrant/.julia/v0.7/NODAL/src/core/search/techniques/technique.jl:1
WARNING: Base.@spawn is deprecated: it has been moved to the standard library package `Distributed`.
Add `using Distributed` to your imports.
  likely near /home/vagrant/.julia/v0.7/NODAL/src/core/search/techniques/technique.jl:1
WARNING: Base.RemoteChannel is deprecated: it has been moved to the standard library package `Distributed`.
Add `using Distributed` to your imports.
  likely near /home/vagrant/.julia/v0.7/NODAL/src/core/search/techniques/technique.jl:1
WARNING: Base.RemoteChannel is deprecated: it has been moved to the standard library package `Distributed`.
Add `using Distributed` to your imports.
  likely near /home/vagrant/.julia/v0.7/NODAL/src/core/search/techniques/technique.jl:1
WARNING: Base.RemoteChannel is deprecated: it has been moved to the standard library package `Distributed`.
Add `using Distributed` to your imports.
  likely near /home/vagrant/.julia/v0.7/NODAL/src/core/search/techniques/technique.jl:1
WARNING: Base.RemoteChannel is deprecated: it has been moved to the standard library package `Distributed`.
Add `using Distributed` to your imports.
  likely near /home/vagrant/.julia/v0.7/NODAL/src/core/search/techniques/iterative_first_improvement.jl:1
WARNING: Base.RemoteChannel is deprecated: it has been moved to the standard library package `Distributed`.
Add `using Distributed` to your imports.
  likely near /home/vagrant/.julia/v0.7/NODAL/src/core/search/techniques/iterative_first_improvement.jl:1
WARNING: Base.RemoteChannel is deprecated: it has been moved to the standard library package `Distributed`.
Add `using Distributed` to your imports.
  likely near /home/vagrant/.julia/v0.7/NODAL/src/core/search/techniques/iterative_first_improvement.jl:1
WARNING: Base.RemoteChannel is deprecated: it has been moved to the standard library package `Distributed`.
Add `using Distributed` to your imports.
  likely near /home/vagrant/.julia/v0.7/NODAL/src/core/search/techniques/iterative_probabilistic_improvement.jl:1
WARNING: Base.RemoteChannel is deprecated: it has been moved to the standard library package `Distributed`.
Add `using Distributed` to your imports.
  likely near /home/vagrant/.julia/v0.7/NODAL/src/core/search/techniques/iterative_probabilistic_improvement.jl:1
WARNING: Base.RemoteChannel is deprecated: it has been moved to the standard library package `Distributed`.
Add `using Distributed` to your imports.
  likely near /home/vagrant/.julia/v0.7/NODAL/src/core/search/techniques/iterative_probabilistic_improvement.jl:1
WARNING: Base.RemoteChannel is deprecated: it has been moved to the standard library package `Distributed`.
Add `using Distributed` to your imports.
  likely near /home/vagrant/.julia/v0.7/NODAL/src/core/search/techniques/randomized_first_improvement.jl:1
WARNING: Base.RemoteChannel is deprecated: it has been moved to the standard library package `Distributed`.
Add `using Distributed` to your imports.
  likely near /home/vagrant/.julia/v0.7/NODAL/src/core/search/techniques/randomized_first_improvement.jl:1
WARNING: Base.RemoteChannel is deprecated: it has been moved to the standard library package `Distributed`.
Add `using Distributed` to your imports.
  likely near /home/vagrant/.julia/v0.7/NODAL/src/core/search/techniques/randomized_first_improvement.jl:1
WARNING: Base.RemoteChannel is deprecated: it has been moved to the standard library package `Distributed`.
Add `using Distributed` to your imports.
  likely near /home/vagrant/.julia/v0.7/NODAL/src/core/search/techniques/iterative_greedy_construction.jl:1
WARNING: Base.RemoteChannel is deprecated: it has been moved to the standard library package `Distributed`.
Add `using Distributed` to your imports.
  likely near /home/vagrant/.julia/v0.7/NODAL/src/core/search/techniques/iterative_greedy_construction.jl:1
WARNING: Base.RemoteChannel is deprecated: it has been moved to the standard library package `Distributed`.
Add `using Distributed` to your imports.
  likely near /home/vagrant/.julia/v0.7/NODAL/src/core/search/techniques/iterative_greedy_construction.jl:1
WARNING: Base.RemoteChannel is deprecated: it has been moved to the standard library package `Distributed`.
Add `using Distributed` to your imports.
  likely near /home/vagrant/.julia/v0.7/NODAL/src/core/search/techniques/simulated_annealing.jl:1
WARNING: Base.RemoteChannel is deprecated: it has been moved to the standard library package `Distributed`.
Add `using Distributed` to your imports.
  likely near /home/vagrant/.julia/v0.7/NODAL/src/core/search/techniques/simulated_annealing.jl:1
WARNING: Base.RemoteChannel is deprecated: it has been moved to the standard library package `Distributed`.
Add `using Distributed` to your imports.
  likely near /home/vagrant/.julia/v0.7/NODAL/src/core/search/techniques/simulated_annealing.jl:1
WARNING: Base.RemoteChannel is deprecated: it has been moved to the standard library package `Distributed`.
Add `using Distributed` to your imports.
  likely near /home/vagrant/.julia/v0.7/NODAL/src/core/search/techniques/iterated_local_search.jl:1
WARNING: Base.RemoteChannel is deprecated: it has been moved to the standard library package `Distributed`.
Add `using Distributed` to your imports.
  likely near /home/vagrant/.julia/v0.7/NODAL/src/core/search/techniques/iterated_local_search.jl:1
WARNING: Base.RemoteChannel is deprecated: it has been moved to the standard library package `Distributed`.
Add `using Distributed` to your imports.
  likely near /home/vagrant/.julia/v0.7/NODAL/src/core/search/techniques/iterated_local_search.jl:1
WARNING: Base.@spawn is deprecated: it has been moved to the standard library package `Distributed`.
Add `using Distributed` to your imports.
  likely near /home/vagrant/.julia/v0.7/NODAL/src/core/search/tools/initialize_search_tasks!.jl:1
WARNING: Base.RemoteChannel is deprecated: it has been moved to the standard library package `Distributed`.
Add `using Distributed` to your imports.
  likely near /home/vagrant/.julia/v0.7/NODAL/src/core/search/tools/end_search_tasks!.jl:1
WARNING: Base.RemoteChannel is deprecated: it has been moved to the standard library package `Distributed`.
Add `using Distributed` to your imports.
  likely near /home/vagrant/.julia/v0.7/NODAL/src/core/search/tools/get_new_best.jl:1
WARNING: Base.RemoteChannel is deprecated: it has been moved to the standard library package `Distributed`.
Add `using Distributed` to your imports.
  likely near /home/vagrant/.julia/v0.7/NODAL/src/core/search/tools/get_new_best.jl:13
WARNING: Base.RemoteChannel is deprecated: it has been moved to the standard library package `Distributed`.
Add `using Distributed` to your imports.
  likely near /home/vagrant/.julia/v0.7/NODAL/src/core/search/tools/stopping_criteria.jl:1
WARNING: Base.RemoteChannel is deprecated: it has been moved to the standard library package `Distributed`.
Add `using Distributed` to your imports.
  likely near /home/vagrant/.julia/v0.7/NODAL/src/core/search/tools/stopping_criteria.jl:12
WARNING: Base.RemoteChannel is deprecated: it has been moved to the standard library package `Distributed`.
Add `using Distributed` to your imports.
  likely near /home/vagrant/.julia/v0.7/NODAL/src/core/search/tools/reporting_criteria.jl:1
WARNING: Base.RemoteChannel is deprecated: it has been moved to the standard library package `Distributed`.
Add `using Distributed` to your imports.
  likely near /home/vagrant/.julia/v0.7/NODAL/src/core/search/tools/reporting_criteria.jl:18
WARNING: Base.@spawn is deprecated: it has been moved to the standard library package `Distributed`.
Add `using Distributed` to your imports.
  likely near /home/vagrant/.julia/v0.7/NODAL/src/core/search/optimize.jl:1
WARNING: Base.@spawn is deprecated: it has been moved to the standard library package `Distributed`.
Add `using Distributed` to your imports.
  likely near /home/vagrant/.julia/v0.7/NODAL/src/core/search/optimize.jl:1
WARNING: importing deprecated binding Base.@printf into NODAL.
WARNING: Base.@printf is deprecated: it has been moved to the standard library package `Printf`.
Add `using Printf` to your imports.
  likely near /home/vagrant/.julia/v0.7/NODAL/src/util/show.jl:1
WARNING: Base.@printf is deprecated: it has been moved to the standard library package `Printf`.
Add `using Printf` to your imports.
  likely near /home/vagrant/.julia/v0.7/NODAL/src/util/show.jl:1
WARNING: Base.@printf is deprecated: it has been moved to the standard library package `Printf`.
Add `using Printf` to your imports.
  likely near /home/vagrant/.julia/v0.7/NODAL/src/util/show.jl:1
WARNING: Base.@printf is deprecated: it has been moved to the standard library package `Printf`.
Add `using Printf` to your imports.
  likely near /home/vagrant/.julia/v0.7/NODAL/src/util/show.jl:1
WARNING: Base.@printf is deprecated: it has been moved to the standard library package `Printf`.
Add `using Printf` to your imports.
  likely near /home/vagrant/.julia/v0.7/NODAL/src/util/show.jl:1
WARNING: Base.@printf is deprecated: it has been moved to the standard library package `Printf`.
Add `using Printf` to your imports.
  likely near /home/vagrant/.julia/v0.7/NODAL/src/util/show.jl:1
WARNING: Base.@printf is deprecated: it has been moved to the standard library package `Printf`.
Add `using Printf` to your imports.
  likely near /home/vagrant/.julia/v0.7/NODAL/src/util/show.jl:21
WARNING: Base.@printf is deprecated: it has been moved to the standard library package `Printf`.
Add `using Printf` to your imports.
  likely near /home/vagrant/.julia/v0.7/NODAL/src/util/show.jl:21
WARNING: Base.@printf is deprecated: it has been moved to the standard library package `Printf`.
Add `using Printf` to your imports.
  likely near /home/vagrant/.julia/v0.7/NODAL/src/util/show.jl:21
WARNING: Base.@printf is deprecated: it has been moved to the standard library package `Printf`.
Add `using Printf` to your imports.
  likely near /home/vagrant/.julia/v0.7/NODAL/src/util/show.jl:21
WARNING: Base.@printf is deprecated: it has been moved to the standard library package `Printf`.
Add `using Printf` to your imports.
  likely near /home/vagrant/.julia/v0.7/NODAL/src/util/show.jl:21
WARNING: Base.@printf is deprecated: it has been moved to the standard library package `Printf`.
Add `using Printf` to your imports.
  likely near /home/vagrant/.julia/v0.7/NODAL/src/util/show.jl:42
WARNING: Base.@printf is deprecated: it has been moved to the standard library package `Printf`.
Add `using Printf` to your imports.
  likely near /home/vagrant/.julia/v0.7/NODAL/src/util/show.jl:42
WARNING: Base.@printf is deprecated: it has been moved to the standard library package `Printf`.
Add `using Printf` to your imports.
  likely near /home/vagrant/.julia/v0.7/NODAL/src/util/show.jl:42
WARNING: Base.@printf is deprecated: it has been moved to the standard library package `Printf`.
Add `using Printf` to your imports.
  likely near /home/vagrant/.julia/v0.7/NODAL/src/util/show.jl:42
WARNING: Base.@printf is deprecated: it has been moved to the standard library package `Printf`.
Add `using Printf` to your imports.
  likely near /home/vagrant/.julia/v0.7/NODAL/src/util/show.jl:42
WARNING: Base.@printf is deprecated: it has been moved to the standard library package `Printf`.
Add `using Printf` to your imports.
  likely near /home/vagrant/.julia/v0.7/NODAL/src/util/show.jl:42
WARNING: Base.@printf is deprecated: it has been moved to the standard library package `Printf`.
Add `using Printf` to your imports.
  likely near /home/vagrant/.julia/v0.7/NODAL/src/util/show.jl:61
WARNING: Base.@printf is deprecated: it has been moved to the standard library package `Printf`.
Add `using Printf` to your imports.
  likely near /home/vagrant/.julia/v0.7/NODAL/src/util/show.jl:61
WARNING: Base.@printf is deprecated: it has been moved to the standard library package `Printf`.
Add `using Printf` to your imports.
  likely near /home/vagrant/.julia/v0.7/NODAL/src/util/show.jl:61
WARNING: Base.@printf is deprecated: it has been moved to the standard library package `Printf`.
Add `using Printf` to your imports.
  likely near /home/vagrant/.julia/v0.7/NODAL/src/util/show.jl:61
WARNING: Base.@printf is deprecated: it has been moved to the standard library package `Printf`.
Add `using Printf` to your imports.
  likely near /home/vagrant/.julia/v0.7/NODAL/src/util/show.jl:73
WARNING: Base.@printf is deprecated: it has been moved to the standard library package `Printf`.
Add `using Printf` to your imports.
  likely near /home/vagrant/.julia/v0.7/NODAL/src/util/show.jl:73
WARNING: Base.@printf is deprecated: it has been moved to the standard library package `Printf`.
Add `using Printf` to your imports.
  likely near /home/vagrant/.julia/v0.7/NODAL/src/util/show.jl:73
WARNING: Base.@printf is deprecated: it has been moved to the standard library package `Printf`.
Add `using Printf` to your imports.
  likely near /home/vagrant/.julia/v0.7/NODAL/src/util/show.jl:73
WARNING: Base.@printf is deprecated: it has been moved to the standard library package `Printf`.
Add `using Printf` to your imports.
  likely near /home/vagrant/.julia/v0.7/NODAL/src/util/show.jl:85
WARNING: Base.@printf is deprecated: it has been moved to the standard library package `Printf`.
Add `using Printf` to your imports.
  likely near /home/vagrant/.julia/v0.7/NODAL/src/util/show.jl:85
WARNING: Base.@printf is deprecated: it has been moved to the standard library package `Printf`.
Add `using Printf` to your imports.
  likely near /home/vagrant/.julia/v0.7/NODAL/src/util/show.jl:85
WARNING: Base.@printf is deprecated: it has been moved to the standard library package `Printf`.
Add `using Printf` to your imports.
  likely near /home/vagrant/.julia/v0.7/NODAL/src/util/show.jl:85
WARNING: Base.@printf is deprecated: it has been moved to the standard library package `Printf`.
Add `using Printf` to your imports.
  likely near /home/vagrant/.julia/v0.7/NODAL/src/util/show.jl:104
WARNING: Base.@printf is deprecated: it has been moved to the standard library package `Printf`.
Add `using Printf` to your imports.
  likely near /home/vagrant/.julia/v0.7/NODAL/src/util/show.jl:104
WARNING: Base.@printf is deprecated: it has been moved to the standard library package `Printf`.
Add `using Printf` to your imports.
  likely near /home/vagrant/.julia/v0.7/NODAL/src/util/show.jl:104
WARNING: Base.@printf is deprecated: it has been moved to the standard library package `Printf`.
Add `using Printf` to your imports.
  likely near /home/vagrant/.julia/v0.7/NODAL/src/util/show.jl:104
WARNING: Base.@printf is deprecated: it has been moved to the standard library package `Printf`.
Add `using Printf` to your imports.
  likely near /home/vagrant/.julia/v0.7/NODAL/src/util/show.jl:104
WARNING: Base.@printf is deprecated: it has been moved to the standard library package `Printf`.
Add `using Printf` to your imports.
  likely near /home/vagrant/.julia/v0.7/NODAL/src/util/show.jl:104
WARNING: Base.@printf is deprecated: it has been moved to the standard library package `Printf`.
Add `using Printf` to your imports.
  likely near /home/vagrant/.julia/v0.7/NODAL/src/util/show.jl:104
WARNING: Base.@printf is deprecated: it has been moved to the standard library package `Printf`.
Add `using Printf` to your imports.
  likely near /home/vagrant/.julia/v0.7/NODAL/src/util/show.jl:104
WARNING: Base.@printf is deprecated: it has been moved to the standard library package `Printf`.
Add `using Printf` to your imports.
  likely near /home/vagrant/.julia/v0.7/NODAL/src/util/show.jl:104
WARNING: Base.@printf is deprecated: it has been moved to the standard library package `Printf`.
Add `using Printf` to your imports.
  likely near /home/vagrant/.julia/v0.7/NODAL/src/util/show.jl:104
WARNING: Base.@printf is deprecated: it has been moved to the standard library package `Printf`.
Add `using Printf` to your imports.
  likely near /home/vagrant/.julia/v0.7/NODAL/src/util/show.jl:104
WARNING: Base.@printf is deprecated: it has been moved to the standard library package `Printf`.
Add `using Printf` to your imports.
  likely near /home/vagrant/.julia/v0.7/NODAL/src/util/show.jl:104
WARNING: Base.@printf is deprecated: it has been moved to the standard library package `Printf`.
Add `using Printf` to your imports.
  likely near /home/vagrant/.julia/v0.7/NODAL/src/util/show.jl:104
WARNING: Base.@printf is deprecated: it has been moved to the standard library package `Printf`.
Add `using Printf` to your imports.
  likely near /home/vagrant/.julia/v0.7/NODAL/src/util/show.jl:104
WARNING: Base.@printf is deprecated: it has been moved to the standard library package `Printf`.
Add `using Printf` to your imports.
  likely near /home/vagrant/.julia/v0.7/NODAL/src/util/show.jl:104
WARNING: Base.@printf is deprecated: it has been moved to the standard library package `Printf`.
Add `using Printf` to your imports.
  likely near /home/vagrant/.julia/v0.7/NODAL/src/util/show.jl:104
Test Summary:   | Pass  Total
NumberParameter |   86     86
    [┌ Warning: `print_with_color(color, args...; kwargs...)` is deprecated, use `printstyled(args...; kwargs..., color=color)` instead.
│   caller = show(::Base.PipeEndpoint, ::EnumParameter{Parameter,Array{Parameter,1}}) at show.jl:23
└ @ NODAL show.jl:23
EnumParameter]
┌ Warning: `print_with_color(color, args...; kwargs...)` is deprecated, use `printstyled(args...; kwargs..., color=color)` instead.
│   caller = show(::Base.PipeEndpoint, ::EnumParameter{Parameter,Array{Parameter,1}}) at show.jl:25
└ @ NODAL show.jl:25
    name   : ┌ Warning: `print_with_color(color, args...; kwargs...)` is deprecated, use `printstyled(args...; kwargs..., color=color)` instead.
│   caller = show(::Base.PipeEndpoint, ::EnumParameter{Parameter,Array{Parameter,1}}) at show.jl:27
└ @ NODAL show.jl:27
test
┌ Warning: `print_with_color(color, args...; kwargs...)` is deprecated, use `printstyled(args...; kwargs..., color=color)` instead.
│   caller = show(::Base.PipeEndpoint, ::EnumParameter{Parameter,Array{Parameter,1}}) at show.jl:28
└ @ NODAL show.jl:28
    current: ┌ Warning: `print_with_color(color, args...; kwargs...)` is deprecated, use `printstyled(args...; kwargs..., color=color)` instead.
│   caller = show(::Base.PipeEndpoint, ::EnumParameter{Parameter,Array{Parameter,1}}) at show.jl:30
└ @ NODAL show.jl:30
test
┌ Warning: `print_with_color(color, args...; kwargs...)` is deprecated, use `printstyled(args...; kwargs..., color=color)` instead.
│   caller = show(::Base.PipeEndpoint, ::EnumParameter{Parameter,Array{Parameter,1}}) at show.jl:31
└ @ NODAL show.jl:31
    values : 
    [┌ Warning: `print_with_color(color, args...; kwargs...)` is deprecated, use `printstyled(args...; kwargs..., color=color)` instead.
│   caller = show(::Base.PipeEndpoint, ::EnumParameter{Parameter,Array{StringParameter,1}}) at show.jl:23
└ @ NODAL show.jl:23
EnumParameter]
┌ Warning: `print_with_color(color, args...; kwargs...)` is deprecated, use `printstyled(args...; kwargs..., color=color)` instead.
│   caller = show(::Base.PipeEndpoint, ::EnumParameter{Parameter,Array{StringParameter,1}}) at show.jl:25
└ @ NODAL show.jl:25
    name   : ┌ Warning: `print_with_color(color, args...; kwargs...)` is deprecated, use `printstyled(args...; kwargs..., color=color)` instead.
│   caller = show(::Base.PipeEndpoint, ::EnumParameter{Parameter,Array{StringParameter,1}}) at show.jl:27
└ @ NODAL show.jl:27
test
┌ Warning: `print_with_color(color, args...; kwargs...)` is deprecated, use `printstyled(args...; kwargs..., color=color)` instead.
│   caller = show(::Base.PipeEndpoint, ::EnumParameter{Parameter,Array{StringParameter,1}}) at show.jl:28
└ @ NODAL show.jl:28
    current: ┌ Warning: `print_with_color(color, args...; kwargs...)` is deprecated, use `printstyled(args...; kwargs..., color=color)` instead.
│   caller = show(::Base.PipeEndpoint, ::EnumParameter{Parameter,Array{StringParameter,1}}) at show.jl:30
└ @ NODAL show.jl:30
test
┌ Warning: `print_with_color(color, args...; kwargs...)` is deprecated, use `printstyled(args...; kwargs..., color=color)` instead.
│   caller = show(::Base.PipeEndpoint, ::EnumParameter{Parameter,Array{StringParameter,1}}) at show.jl:31
└ @ NODAL show.jl:31
    values : 
    [┌ Warning: `print_with_color(color, args...; kwargs...)` is deprecated, use `printstyled(args...; kwargs..., color=color)` instead.
│   caller = show(::Base.PipeEndpoint, ::StringParameter) at show.jl:63
└ @ NODAL show.jl:63
StringParameter]
┌ Warning: `print_with_color(color, args...; kwargs...)` is deprecated, use `printstyled(args...; kwargs..., color=color)` instead.
│   caller = show(::Base.PipeEndpoint, ::StringParameter) at show.jl:65
└ @ NODAL show.jl:65
    name : ┌ Warning: `print_with_color(color, args...; kwargs...)` is deprecated, use `printstyled(args...; kwargs..., color=color)` instead.
│   caller = show(::Base.PipeEndpoint, ::StringParameter) at show.jl:67
└ @ NODAL show.jl:67
test
┌ Warning: `print_with_color(color, args...; kwargs...)` is deprecated, use `printstyled(args...; kwargs..., color=color)` instead.
│   caller = show(::Base.PipeEndpoint, ::StringParameter) at show.jl:68
└ @ NODAL show.jl:68
    value: "a"
┌ Warning: `print_with_color(color, args...; kwargs...)` is deprecated, use `printstyled(args...; kwargs..., color=color)` instead.
│   caller = show(::Base.PipeEndpoint, ::EnumParameter{Parameter,Array{Parameter,1}}) at show.jl:36
└ @ NODAL show.jl:36
    ***
    [StringParameter]
    name : test
    value: "b"
    ***
    [EnumParameter]
    name   : test
    current: test
    values : 
    [StringParameter]
    name : test
    value: "c"
Test Summary: | Pass  Total
EnumParameter |   37     37
    [┌ Warning: `print_with_color(color, args...; kwargs...)` is deprecated, use `printstyled(args...; kwargs..., color=color)` instead.
│   caller = show(::Base.PipeEndpoint, ::PermutationParameter{Array{Int64,1}}) at show.jl:44
└ @ NODAL show.jl:44
PermutationParameter]
┌ Warning: `print_with_color(color, args...; kwargs...)` is deprecated, use `printstyled(args...; kwargs..., color=color)` instead.
│   caller = show(::Base.PipeEndpoint, ::PermutationParameter{Array{Int64,1}}) at show.jl:47
└ @ NODAL show.jl:47
    name : ┌ Warning: `print_with_color(color, args...; kwargs...)` is deprecated, use `printstyled(args...; kwargs..., color=color)` instead.
│   caller = show(::Base.PipeEndpoint, ::PermutationParameter{Array{Int64,1}}) at show.jl:49
└ @ NODAL show.jl:49
test
┌ Warning: `print_with_color(color, args...; kwargs...)` is deprecated, use `printstyled(args...; kwargs..., color=color)` instead.
│   caller = show(::Base.PipeEndpoint, ::PermutationParameter{Array{Int64,1}}) at show.jl:51
└ @ NODAL show.jl:51
    value: [1, 2, 3, 4, 5, 6]
┌ Warning: `print_with_color(color, args...; kwargs...)` is deprecated, use `printstyled(args...; kwargs..., color=color)` instead.
│   caller = show(::Base.PipeEndpoint, ::PermutationParameter{Array{Int64,1}}) at show.jl:56
└ @ NODAL show.jl:56
    size : 6
    [PermutationParameter]
    name : test
    value: [2, 1, 3, 5, 6, 4]
    size : 6
    [PermutationParameter]
    name : test
    value: [2, 1, 3, 5, 6, 4]
    size : 6
    [PermutationParameter]
    name : test
    value: [4, 1, 2, 5, 6, 3]
    size : 6
    [PermutationParameter]
    name : test
    value: [1, 2, 3, 4, 5, 6]
    size : 6
WARNING: importing deprecated binding Base.shuffle! into NODAL.
WARNING: Base.shuffle! is deprecated: it has been moved to the standard library package `Random`.
Add `using Random` to your imports.
  likely near /home/vagrant/.julia/v0.7/NODAL/test/parameter.jl:262
WARNING: Base.shuffle! is deprecated: it has been moved to the standard library package `Random`.
Add `using Random` to your imports.
  likely near /home/vagrant/.julia/v0.7/NODAL/test/parameter.jl:262
WARNING: Base.shuffle! is deprecated: it has been moved to the standard library package `Random`.
Add `using Random` to your imports.
  likely near /home/vagrant/.julia/v0.7/NODAL/test/parameter.jl:262
    [PermutationParameter]
    name : test
    value: [3, 6, 2, 1, 4, 5]
    size : 6
Test Summary:        | Pass  Total
PermutationParameter |    9      9
Test Summary:   | Pass  Total
StringParameter |    6      6
    [┌ Warning: `print_with_color(color, args...; kwargs...)` is deprecated, use `printstyled(args...; kwargs..., color=color)` instead.
│   caller = show(::Base.PipeEndpoint, ::BoolParameter) at show.jl:75
└ @ NODAL show.jl:75
BoolParameter]
┌ Warning: `print_with_color(color, args...; kwargs...)` is deprecated, use `printstyled(args...; kwargs..., color=color)` instead.
│   caller = show(::Base.PipeEndpoint, ::BoolParameter) at show.jl:77
└ @ NODAL show.jl:77
    name : ┌ Warning: `print_with_color(color, args...; kwargs...)` is deprecated, use `printstyled(args...; kwargs..., color=color)` instead.
│   caller = show(::Base.PipeEndpoint, ::BoolParameter) at show.jl:79
└ @ NODAL show.jl:79
test
┌ Warning: `print_with_color(color, args...; kwargs...)` is deprecated, use `printstyled(args...; kwargs..., color=color)` instead.
│   caller = show(::Base.PipeEndpoint, ::BoolParameter) at show.jl:80
└ @ NODAL show.jl:80
    value: true
Test Summary: | Pass  Total
BoolParameter |    6      6
  [┌ Warning: `print_with_color(color, args...; kwargs...)` is deprecated, use `printstyled(args...; kwargs..., color=color)` instead.
│   caller = show(::Base.PipeEndpoint, ::Configuration{Parameter}) at show.jl:87
└ @ NODAL show.jl:87
Configuration]
┌ Warning: `print_with_color(color, args...; kwargs...)` is deprecated, use `printstyled(args...; kwargs..., color=color)` instead.
│   caller = show(::Base.PipeEndpoint, ::Configuration{Parameter}) at show.jl:89
└ @ NODAL show.jl:89
  name      : ┌ Warning: `print_with_color(color, args...; kwargs...)` is deprecated, use `printstyled(args...; kwargs..., color=color)` instead.
│   caller = show(::Base.PipeEndpoint, ::Configuration{Parameter}) at show.jl:91
└ @ NODAL show.jl:91
test
┌ Warning: `print_with_color(color, args...; kwargs...)` is deprecated, use `printstyled(args...; kwargs..., color=color)` instead.
│   caller = show(::Base.PipeEndpoint, ::Configuration{Parameter}) at show.jl:92
└ @ NODAL show.jl:92
  parameters:
    [┌ Warning: `print_with_color(color, args...; kwargs...)` is deprecated, use `printstyled(args...; kwargs..., color=color)` instead.
│   caller = show(::Base.PipeEndpoint, ::NumberParameter{Integer}) at show.jl:3
└ @ NODAL show.jl:3
NumberParameter]
┌ Warning: `print_with_color(color, args...; kwargs...)` is deprecated, use `printstyled(args...; kwargs..., color=color)` instead.
│   caller = show(::Base.PipeEndpoint, ::NumberParameter{Integer}) at show.jl:6
└ @ NODAL show.jl:6
    name : ┌ Warning: `print_with_color(color, args...; kwargs...)` is deprecated, use `printstyled(args...; kwargs..., color=color)` instead.
│   caller = show(::Base.PipeEndpoint, ::NumberParameter{Integer}) at show.jl:8
└ @ NODAL show.jl:8
i0
┌ Warning: `print_with_color(color, args...; kwargs...)` is deprecated, use `printstyled(args...; kwargs..., color=color)` instead.
│   caller = show(::Base.PipeEndpoint, ::NumberParameter{Integer}) at show.jl:10
└ @ NODAL show.jl:10
    min  : 1.000000
┌ Warning: `print_with_color(color, args...; kwargs...)` is deprecated, use `printstyled(args...; kwargs..., color=color)` instead.
│   caller = show(::Base.PipeEndpoint, ::NumberParameter{Integer}) at show.jl:13
└ @ NODAL show.jl:13
    max  : 38.000000
┌ Warning: `print_with_color(color, args...; kwargs...)` is deprecated, use `printstyled(args...; kwargs..., color=color)` instead.
│   caller = show(::Base.PipeEndpoint, ::NumberParameter{Integer}) at show.jl:16
└ @ NODAL show.jl:16
    value: 3.000000
┌ Warning: `print_with_color(color, args...; kwargs...)` is deprecated, use `printstyled(args...; kwargs..., color=color)` instead.
│   caller = show(::Base.PipeEndpoint, ::Configuration{Parameter}) at show.jl:98
└ @ NODAL show.jl:98
    ***
    [┌ Warning: `print_with_color(color, args...; kwargs...)` is deprecated, use `printstyled(args...; kwargs..., color=color)` instead.
│   caller = show(::Base.PipeEndpoint, ::NumberParameter{AbstractFloat}) at show.jl:3
└ @ NODAL show.jl:3
NumberParameter]
┌ Warning: `print_with_color(color, args...; kwargs...)` is deprecated, use `printstyled(args...; kwargs..., color=color)` instead.
│   caller = show(::Base.PipeEndpoint, ::NumberParameter{AbstractFloat}) at show.jl:6
└ @ NODAL show.jl:6
    name : ┌ Warning: `print_with_color(color, args...; kwargs...)` is deprecated, use `printstyled(args...; kwargs..., color=color)` instead.
│   caller = show(::Base.PipeEndpoint, ::NumberParameter{AbstractFloat}) at show.jl:8
└ @ NODAL show.jl:8
i3
┌ Warning: `print_with_color(color, args...; kwargs...)` is deprecated, use `printstyled(args...; kwargs..., color=color)` instead.
│   caller = show(::Base.PipeEndpoint, ::NumberParameter{AbstractFloat}) at show.jl:10
└ @ NODAL show.jl:10
    min  : 2.330000
┌ Warning: `print_with_color(color, args...; kwargs...)` is deprecated, use `printstyled(args...; kwargs..., color=color)` instead.
│   caller = show(::Base.PipeEndpoint, ::NumberParameter{AbstractFloat}) at show.jl:13
└ @ NODAL show.jl:13
    max  : 85.330000
┌ Warning: `print_with_color(color, args...; kwargs...)` is deprecated, use `printstyled(args...; kwargs..., color=color)` instead.
│   caller = show(::Base.PipeEndpoint, ::NumberParameter{AbstractFloat}) at show.jl:16
└ @ NODAL show.jl:16
    value: 22.200000
    ***
    [NumberParameter]
    name : i1
    min  : 4.000000
    max  : 66.000000
    value: 55.000000
    ***
    [StringParameter]
    name : i2
    value: "value"

Test Summary: | Pass  Total
Configuration |   27     27
WARNING: Base.RemoteChannel is deprecated: it has been moved to the standard library package `Distributed`.
Add `using Distributed` to your imports.
  likely near /home/vagrant/.julia/v0.7/NODAL/test/run.jl:3
WARNING: Base.RemoteChannel is deprecated: it has been moved to the standard library package `Distributed`.
Add `using Distributed` to your imports.
  likely near /home/vagrant/.julia/v0.7/NODAL/test/run.jl:3
WARNING: Base.RemoteChannel is deprecated: it has been moved to the standard library package `Distributed`.
Add `using Distributed` to your imports.
  likely near /home/vagrant/.julia/v0.7/NODAL/test/run.jl:3
WARNING: Base.RemoteChannel is deprecated: it has been moved to the standard library package `Distributed`.
Add `using Distributed` to your imports.
  likely near /home/vagrant/.julia/v0.7/NODAL/test/run.jl:3
WARNING: Base.RemoteChannel is deprecated: it has been moved to the standard library package `Distributed`.
Add `using Distributed` to your imports.
  likely near /home/vagrant/.julia/v0.7/NODAL/test/run.jl:3
WARNING: Base.RemoteChannel is deprecated: it has been moved to the standard library package `Distributed`.
Add `using Distributed` to your imports.
  likely near /home/vagrant/.julia/v0.7/NODAL/test/run.jl:3
WARNING: Base.RemoteChannel is deprecated: it has been moved to the standard library package `Distributed`.
Add `using Distributed` to your imports.
  likely near /home/vagrant/.julia/v0.7/NODAL/test/run.jl:3
WARNING: Base.RemoteChannel is deprecated: it has been moved to the standard library package `Distributed`.
Add `using Distributed` to your imports.
  likely near /home/vagrant/.julia/v0.7/NODAL/test/run.jl:3
WARNING: Base.RemoteChannel is deprecated: it has been moved to the standard library package `Distributed`.
Add `using Distributed` to your imports.
  likely near /home/vagrant/.julia/v0.7/NODAL/test/run.jl:3
WARNING: Base.RemoteChannel is deprecated: it has been moved to the standard library package `Distributed`.
Add `using Distributed` to your imports.
  likely near /home/vagrant/.julia/v0.7/NODAL/test/run.jl:3
WARNING: Base.RemoteChannel is deprecated: it has been moved to the standard library package `Distributed`.
Add `using Distributed` to your imports.
  likely near /home/vagrant/.julia/v0.7/NODAL/test/run.jl:3
WARNING: Base.RemoteChannel is deprecated: it has been moved to the standard library package `Distributed`.
Add `using Distributed` to your imports.
  likely near /home/vagrant/.julia/v0.7/NODAL/test/run.jl:3
Test Summary: | Pass  Total
Run           |    1      1
WARNING: Base.@spawn is deprecated: it has been moved to the standard library package `Distributed`.
Add `using Distributed` to your imports.
  likely near /home/vagrant/.julia/v0.7/NODAL/test/simulated_annealing.jl:3
WARNING: Base.RemoteChannel is deprecated: it has been moved to the standard library package `Distributed`.
Add `using Distributed` to your imports.
  likely near /home/vagrant/.julia/v0.7/NODAL/test/simulated_annealing.jl:3
WARNING: Base.RemoteChannel is deprecated: it has been moved to the standard library package `Distributed`.
Add `using Distributed` to your imports.
  likely near /home/vagrant/.julia/v0.7/NODAL/test/simulated_annealing.jl:3
WARNING: Base.RemoteChannel is deprecated: it has been moved to the standard library package `Distributed`.
Add `using Distributed` to your imports.
  likely near /home/vagrant/.julia/v0.7/NODAL/test/simulated_annealing.jl:3
WARNING: Base.RemoteChannel is deprecated: it has been moved to the standard library package `Distributed`.
Add `using Distributed` to your imports.
  likely near /home/vagrant/.julia/v0.7/NODAL/test/simulated_annealing.jl:3
WARNING: Base.RemoteChannel is deprecated: it has been moved to the standard library package `Distributed`.
Add `using Distributed` to your imports.
  likely near /home/vagrant/.julia/v0.7/NODAL/test/simulated_annealing.jl:3
WARNING: Base.RemoteChannel is deprecated: it has been moved to the standard library package `Distributed`.
Add `using Distributed` to your imports.
  likely near /home/vagrant/.julia/v0.7/NODAL/test/simulated_annealing.jl:3
WARNING: Base.RemoteChannel is deprecated: it has been moved to the standard library package `Distributed`.
Add `using Distributed` to your imports.
  likely near /home/vagrant/.julia/v0.7/NODAL/test/simulated_annealing.jl:3
WARNING: Base.RemoteChannel is deprecated: it has been moved to the standard library package `Distributed`.
Add `using Distributed` to your imports.
  likely near /home/vagrant/.julia/v0.7/NODAL/test/simulated_annealing.jl:3
WARNING: Base.RemoteChannel is deprecated: it has been moved to the standard library package `Distributed`.
Add `using Distributed` to your imports.
  likely near /home/vagrant/.julia/v0.7/NODAL/test/simulated_annealing.jl:3
WARNING: Base.RemoteChannel is deprecated: it has been moved to the standard library package `Distributed`.
Add `using Distributed` to your imports.
  likely near /home/vagrant/.julia/v0.7/NODAL/test/simulated_annealing.jl:3
WARNING: Base.RemoteChannel is deprecated: it has been moved to the standard library package `Distributed`.
Add `using Distributed` to your imports.
  likely near /home/vagrant/.julia/v0.7/NODAL/test/simulated_annealing.jl:3
WARNING: Base.RemoteChannel is deprecated: it has been moved to the standard library package `Distributed`.
Add `using Distributed` to your imports.
  likely near /home/vagrant/.julia/v0.7/NODAL/test/simulated_annealing.jl:3
WARNING: Base.RemoteChannel is deprecated: it has been moved to the standard library package `Distributed`.
Add `using Distributed` to your imports.
  likely near /home/vagrant/.julia/v0.7/NODAL/test/simulated_annealing.jl:3
WARNING: Base.RemoteChannel is deprecated: it has been moved to the standard library package `Distributed`.
Add `using Distributed` to your imports.
  likely near /home/vagrant/.julia/v0.7/NODAL/test/simulated_annealing.jl:3
WARNING: Base.RemoteChannel is deprecated: it has been moved to the standard library package `Distributed`.
Add `using Distributed` to your imports.
  likely near /home/vagrant/.julia/v0.7/NODAL/test/simulated_annealing.jl:3
WARNING: Base.RemoteChannel is deprecated: it has been moved to the standard library package `Distributed`.
Add `using Distributed` to your imports.
  likely near /home/vagrant/.julia/v0.7/NODAL/test/simulated_annealing.jl:3
WARNING: Base.RemoteChannel is deprecated: it has been moved to the standard library package `Distributed`.
Add `using Distributed` to your imports.
  likely near /home/vagrant/.julia/v0.7/NODAL/test/simulated_annealing.jl:3
WARNING: Base.RemoteChannel is deprecated: it has been moved to the standard library package `Distributed`.
Add `using Distributed` to your imports.
  likely near /home/vagrant/.julia/v0.7/NODAL/test/simulated_annealing.jl:3
WARNING: Base.RemoteChannel is deprecated: it has been moved to the standard library package `Distributed`.
Add `using Distributed` to your imports.
  likely near /home/vagrant/.julia/v0.7/NODAL/test/simulated_annealing.jl:3
WARNING: Base.RemoteChannel is deprecated: it has been moved to the standard library package `Distributed`.
Add `using Distributed` to your imports.
  likely near /home/vagrant/.julia/v0.7/NODAL/test/simulated_annealing.jl:3
WARNING: Base.RemoteChannel is deprecated: it has been moved to the standard library package `Distributed`.
Add `using Distributed` to your imports.
  likely near /home/vagrant/.julia/v0.7/NODAL/test/simulated_annealing.jl:3
WARNING: Base.RemoteChannel is deprecated: it has been moved to the standard library package `Distributed`.
Add `using Distributed` to your imports.
  likely near /home/vagrant/.julia/v0.7/NODAL/test/simulated_annealing.jl:3
WARNING: Base.RemoteChannel is deprecated: it has been moved to the standard library package `Distributed`.
Add `using Distributed` to your imports.
  likely near /home/vagrant/.julia/v0.7/NODAL/test/simulated_annealing.jl:3
WARNING: Base.RemoteChannel is deprecated: it has been moved to the standard library package `Distributed`.
Add `using Distributed` to your imports.
  likely near /home/vagrant/.julia/v0.7/NODAL/test/simulated_annealing.jl:3
WARNING: Base.RemoteChannel is deprecated: it has been moved to the standard library package `Distributed`.
Add `using Distributed` to your imports.
  likely near /home/vagrant/.julia/v0.7/NODAL/test/simulated_annealing.jl:3
WARNING: Base.RemoteChannel is deprecated: it has been moved to the standard library package `Distributed`.
Add `using Distributed` to your imports.
  likely near /home/vagrant/.julia/v0.7/NODAL/test/simulated_annealing.jl:3
WARNING: Base.RemoteChannel is deprecated: it has been moved to the standard library package `Distributed`.
Add `using Distributed` to your imports.
  likely near /home/vagrant/.julia/v0.7/NODAL/test/simulated_annealing.jl:3
WARNING: Base.RemoteChannel is deprecated: it has been moved to the standard library package `Distributed`.
Add `using Distributed` to your imports.
  likely near /home/vagrant/.julia/v0.7/NODAL/test/simulated_annealing.jl:3
WARNING: Base.RemoteChannel is deprecated: it has been moved to the standard library package `Distributed`.
Add `using Distributed` to your imports.
  likely near /home/vagrant/.julia/v0.7/NODAL/test/simulated_annealing.jl:3
WARNING: Base.RemoteChannel is deprecated: it has been moved to the standard library package `Distributed`.
Add `using Distributed` to your imports.
  likely near /home/vagrant/.julia/v0.7/NODAL/test/simulated_annealing.jl:3
WARNING: Base.RemoteChannel is deprecated: it has been moved to the standard library package `Distributed`.
Add `using Distributed` to your imports.
  likely near /home/vagrant/.julia/v0.7/NODAL/test/simulated_annealing.jl:3
WARNING: Base.RemoteChannel is deprecated: it has been moved to the standard library package `Distributed`.
Add `using Distributed` to your imports.
  likely near /home/vagrant/.julia/v0.7/NODAL/test/simulated_annealing.jl:3
WARNING: Base.RemoteChannel is deprecated: it has been moved to the standard library package `Distributed`.
Add `using Distributed` to your imports.
  likely near /home/vagrant/.julia/v0.7/NODAL/test/simulated_annealing.jl:3
WARNING: Base.RemoteChannel is deprecated: it has been moved to the standard library package `Distributed`.
Add `using Distributed` to your imports.
  likely near /home/vagrant/.julia/v0.7/NODAL/test/simulated_annealing.jl:3
WARNING: Base.RemoteChannel is deprecated: it has been moved to the standard library package `Distributed`.
Add `using Distributed` to your imports.
  likely near /home/vagrant/.julia/v0.7/NODAL/test/simulated_annealing.jl:3
WARNING: Base.RemoteChannel is deprecated: it has been moved to the standard library package `Distributed`.
Add `using Distributed` to your imports.
  likely near /home/vagrant/.julia/v0.7/NODAL/test/simulated_annealing.jl:3
WARNING: Base.RemoteChannel is deprecated: it has been moved to the standard library package `Distributed`.
Add `using Distributed` to your imports.
  likely near /home/vagrant/.julia/v0.7/NODAL/test/simulated_annealing.jl:3
WARNING: Base.RemoteChannel is deprecated: it has been moved to the standard library package `Distributed`.
Add `using Distributed` to your imports.
  likely near /home/vagrant/.julia/v0.7/NODAL/test/simulated_annealing.jl:3
WARNING: Base.RemoteChannel is deprecated: it has been moved to the standard library package `Distributed`.
Add `using Distributed` to your imports.
  likely near /home/vagrant/.julia/v0.7/NODAL/test/simulated_annealing.jl:3
WARNING: Base.RemoteChannel is deprecated: it has been moved to the standard library package `Distributed`.
Add `using Distributed` to your imports.
  likely near /home/vagrant/.julia/v0.7/NODAL/test/simulated_annealing.jl:3
WARNING: Base.RemoteChannel is deprecated: it has been moved to the standard library package `Distributed`.
Add `using Distributed` to your imports.
  likely near /home/vagrant/.julia/v0.7/NODAL/test/simulated_annealing.jl:3
WARNING: Base.RemoteChannel is deprecated: it has been moved to the standard library package `Distributed`.
Add `using Distributed` to your imports.
  likely near /home/vagrant/.julia/v0.7/NODAL/test/simulated_annealing.jl:3
WARNING: Base.RemoteChannel is deprecated: it has been moved to the standard library package `Distributed`.
Add `using Distributed` to your imports.
  likely near /home/vagrant/.julia/v0.7/NODAL/test/simulated_annealing.jl:3
WARNING: Base.RemoteChannel is deprecated: it has been moved to the standard library package `Distributed`.
Add `using Distributed` to your imports.
  likely near /home/vagrant/.julia/v0.7/NODAL/test/simulated_annealing.jl:3
WARNING: Base.RemoteChannel is deprecated: it has been moved to the standard library package `Distributed`.
Add `using Distributed` to your imports.
  likely near /home/vagrant/.julia/v0.7/NODAL/test/simulated_annealing.jl:3
WARNING: Base.RemoteChannel is deprecated: it has been moved to the standard library package `Distributed`.
Add `using Distributed` to your imports.
  likely near /home/vagrant/.julia/v0.7/NODAL/test/simulated_annealing.jl:3
WARNING: Base.RemoteChannel is deprecated: it has been moved to the standard library package `Distributed`.
Add `using Distributed` to your imports.
  likely near /home/vagrant/.julia/v0.7/NODAL/test/simulated_annealing.jl:3
WARNING: Base.RemoteChannel is deprecated: it has been moved to the standard library package `Distributed`.
Add `using Distributed` to your imports.
  likely near /home/vagrant/.julia/v0.7/NODAL/test/simulated_annealing.jl:3
WARNING: Base.RemoteChannel is deprecated: it has been moved to the standard library package `Distributed`.
Add `using Distributed` to your imports.
  likely near /home/vagrant/.julia/v0.7/NODAL/test/simulated_annealing.jl:3
WARNING: Base.RemoteChannel is deprecated: it has been moved to the standard library package `Distributed`.
Add `using Distributed` to your imports.
  likely near /home/vagrant/.julia/v0.7/NODAL/test/simulated_annealing.jl:3
WARNING: Base.RemoteChannel is deprecated: it has been moved to the standard library package `Distributed`.
Add `using Distributed` to your imports.
  likely near /home/vagrant/.julia/v0.7/NODAL/test/simulated_annealing.jl:3
WARNING: Base.RemoteChannel is deprecated: it has been moved to the standard library package `Distributed`.
Add `using Distributed` to your imports.
  likely near /home/vagrant/.julia/v0.7/NODAL/test/simulated_annealing.jl:3
WARNING: Base.RemoteChannel is deprecated: it has been moved to the standard library package `Distributed`.
Add `using Distributed` to your imports.
  likely near /home/vagrant/.julia/v0.7/NODAL/test/simulated_annealing.jl:3
[┌ Warning: `print_with_color(color, args...; kwargs...)` is deprecated, use `printstyled(args...; kwargs..., color=color)` instead.
│   caller = show(::Base.PipeEndpoint, ::Result{Configuration{NumberParameter{AbstractFloat}},Float64}) at show.jl:132
└ @ NODAL show.jl:132
Result]
┌ Warning: `print_with_color(color, args...; kwargs...)` is deprecated, use `printstyled(args...; kwargs..., color=color)` instead.
│   caller = show(::Base.PipeEndpoint, ::Result{Configuration{NumberParameter{AbstractFloat}},Float64}) at show.jl:134
└ @ NODAL show.jl:134
Cost              : ┌ Warning: `print_with_color(color, args...; kwargs...)` is deprecated, use `printstyled(args...; kwargs..., color=color)` instead.
│   caller = show(::Base.PipeEndpoint, ::Result{Configuration{NumberParameter{AbstractFloat}},Float64}) at show.jl:136
└ @ NODAL show.jl:136
1.0
┌ Warning: `print_with_color(color, args...; kwargs...)` is deprecated, use `printstyled(args...; kwargs..., color=color)` instead.
│   caller = show(::Base.PipeEndpoint, ::Result{Configuration{NumberParameter{AbstractFloat}},Float64}) at show.jl:137
└ @ NODAL show.jl:137
Found in Iteration: ┌ Warning: `print_with_color(color, args...; kwargs...)` is deprecated, use `printstyled(args...; kwargs..., color=color)` instead.
│   caller = show(::Base.PipeEndpoint, ::Result{Configuration{NumberParameter{AbstractFloat}},Float64}) at show.jl:139
└ @ NODAL show.jl:139
1
┌ Warning: `print_with_color(color, args...; kwargs...)` is deprecated, use `printstyled(args...; kwargs..., color=color)` instead.
│   caller = show(::Base.PipeEndpoint, ::Result{Configuration{NumberParameter{AbstractFloat}},Float64}) at show.jl:140
└ @ NODAL show.jl:140
Current Iteration : ┌ Warning: `print_with_color(color, args...; kwargs...)` is deprecated, use `printstyled(args...; kwargs..., color=color)` instead.
│   caller = show(::Base.PipeEndpoint, ::Result{Configuration{NumberParameter{AbstractFloat}},Float64}) at show.jl:142
└ @ NODAL show.jl:142
10
┌ Warning: `print_with_color(color, args...; kwargs...)` is deprecated, use `printstyled(args...; kwargs..., color=color)` instead.
│   caller = show(::Base.PipeEndpoint, ::Result{Configuration{NumberParameter{AbstractFloat}},Float64}) at show.jl:143
└ @ NODAL show.jl:143
Technique         : ┌ Warning: `print_with_color(color, args...; kwargs...)` is deprecated, use `printstyled(args...; kwargs..., color=color)` instead.
│   caller = show(::Base.PipeEndpoint, ::Result{Configuration{NumberParameter{AbstractFloat}},Float64}) at show.jl:145
└ @ NODAL show.jl:145
Initialize
┌ Warning: `print_with_color(color, args...; kwargs...)` is deprecated, use `printstyled(args...; kwargs..., color=color)` instead.
│   caller = show(::Base.PipeEndpoint, ::Result{Configuration{NumberParameter{AbstractFloat}},Float64}) at show.jl:146
└ @ NODAL show.jl:146
Function Calls    : ┌ Warning: `print_with_color(color, args...; kwargs...)` is deprecated, use `printstyled(args...; kwargs..., color=color)` instead.
│   caller = show(::Base.PipeEndpoint, ::Result{Configuration{NumberParameter{AbstractFloat}},Float64}) at show.jl:148
└ @ NODAL show.jl:148
1
┌ Warning: `print_with_color(color, args...; kwargs...)` is deprecated, use `printstyled(args...; kwargs..., color=color)` instead.
│   caller = show(::Base.PipeEndpoint, ::Result{Configuration{NumberParameter{AbstractFloat}},Float64}) at show.jl:149
└ @ NODAL show.jl:149
  ***
[Result]
Cost              : 0.25346682734899645
Found in Iteration: 51
Current Iteration : 101
Technique         : Simulated Annealing
Function Calls    : 51
  ***
[Result]
Cost              : 0.17448507670266275
Found in Iteration: 101
Current Iteration : 207
Technique         : Simulated Annealing
Function Calls    : 101
  ***
[Result]
Cost              : 0.17448507670266275
Found in Iteration: 101
Current Iteration : 301
Technique         : Simulated Annealing
Function Calls    : 101
  ***
[Result]
Cost              : 0.12818922659484508
Found in Iteration: 351
Current Iteration : 407
Technique         : Simulated Annealing
Function Calls    : 351
  ***
[Result]
Cost              : 0.12717374062262904
Found in Iteration: 451
Current Iteration : 507
Technique         : Simulated Annealing
Function Calls    : 451
  ***
[Result]
Cost              : 0.12366583333021425
Found in Iteration: 551
Current Iteration : 607
Technique         : Simulated Annealing
Function Calls    : 551
  ***
[Result]
Cost              : 0.12366583333021425
Found in Iteration: 551
Current Iteration : 707
Technique         : Simulated Annealing
Function Calls    : 551
  ***
[Result]
Cost              : 0.12366583333021425
Found in Iteration: 551
Current Iteration : 807
Technique         : Simulated Annealing
Function Calls    : 551
  ***
[Result]
Cost              : 0.12366583333021425
Found in Iteration: 551
Current Iteration : 907
Technique         : Simulated Annealing
Function Calls    : 551
  ***
[Result]
Cost              : 0.12366583333021425
Found in Iteration: 551
Current Iteration : 1001
Technique         : Simulated Annealing
Function Calls    : 551
  ***
[Result]
Cost              : 0.10426754606210259
Found in Iteration: 1001
Current Iteration : 1107
Technique         : Simulated Annealing
Function Calls    : 1001
  ***
[Result]
Cost              : 0.10426754606210259
Found in Iteration: 1001
Current Iteration : 1207
Technique         : Simulated Annealing
Function Calls    : 1001
  ***
[Result]
Cost              : 0.10426754606210259
Found in Iteration: 1001
Current Iteration : 1307
Technique         : Simulated Annealing
Function Calls    : 1001
  ***
[Result]
Cost              : 0.10254750836990918
Found in Iteration: 1351
Current Iteration : 1407
Technique         : Simulated Annealing
Function Calls    : 1351
  ***
[Result]
Cost              : 0.10254750836990918
Found in Iteration: 1351
Current Iteration : 1501
Technique         : Simulated Annealing
Function Calls    : 1351
  ***
[Result]
Cost              : 0.09241314104077034
Found in Iteration: 1501
Current Iteration : 1607
Technique         : Simulated Annealing
Function Calls    : 1501
  ***
[Result]
Cost              : 0.09241314104077034
Found in Iteration: 1501
Current Iteration : 1707
Technique         : Simulated Annealing
Function Calls    : 1501
  ***
[Result]
Cost              : 0.09241314104077034
Found in Iteration: 1501
Current Iteration : 1807
Technique         : Simulated Annealing
Function Calls    : 1501
  ***
[Result]
Cost              : 0.09241314104077034
Found in Iteration: 1501
Current Iteration : 1907
Technique         : Simulated Annealing
Function Calls    : 1501
  ***
[Result]
Cost              : 0.09241314104077034
Found in Iteration: 1501
Current Iteration : 2007
Technique         : Simulated Annealing
Function Calls    : 1501
  ***
[Result]
Cost              : 0.09241314104077034
Found in Iteration: 1501
Current Iteration : 2107
Technique         : Simulated Annealing
Function Calls    : 1501
  ***
[Result]
Cost              : 0.09241314104077034
Found in Iteration: 1501
Current Iteration : 2207
Technique         : Simulated Annealing
Function Calls    : 1501
  ***
[Result]
Cost              : 0.09241314104077034
Found in Iteration: 1501
Current Iteration : 2307
Technique         : Simulated Annealing
Function Calls    : 1501
  ***
[┌ Warning: `print_with_color(color, args...; kwargs...)` is deprecated, use `printstyled(args...; kwargs..., color=color)` instead.
│   caller = show(::Base.PipeEndpoint, ::Result{Configuration{NumberParameter{AbstractFloat}},Float64}) at show.jl:107
└ @ NODAL show.jl:107
Final Result]
┌ Warning: `print_with_color(color, args...; kwargs...)` is deprecated, use `printstyled(args...; kwargs..., color=color)` instead.
│   caller = show(::Base.PipeEndpoint, ::Result{Configuration{NumberParameter{AbstractFloat}},Float64}) at show.jl:109
└ @ NODAL show.jl:109
Cost                  : ┌ Warning: `print_with_color(color, args...; kwargs...)` is deprecated, use `printstyled(args...; kwargs..., color=color)` instead.
│   caller = show(::Base.PipeEndpoint, ::Result{Configuration{NumberParameter{AbstractFloat}},Float64}) at show.jl:111
└ @ NODAL show.jl:111
0.09241314104077034
┌ Warning: `print_with_color(color, args...; kwargs...)` is deprecated, use `printstyled(args...; kwargs..., color=color)` instead.
│   caller = show(::Base.PipeEndpoint, ::Result{Configuration{NumberParameter{AbstractFloat}},Float64}) at show.jl:112
└ @ NODAL show.jl:112
Found in Iteration    : ┌ Warning: `print_with_color(color, args...; kwargs...)` is deprecated, use `printstyled(args...; kwargs..., color=color)` instead.
│   caller = show(::Base.PipeEndpoint, ::Result{Configuration{NumberParameter{AbstractFloat}},Float64}) at show.jl:114
└ @ NODAL show.jl:114
1501
┌ Warning: `print_with_color(color, args...; kwargs...)` is deprecated, use `printstyled(args...; kwargs..., color=color)` instead.
│   caller = show(::Base.PipeEndpoint, ::Result{Configuration{NumberParameter{AbstractFloat}},Float64}) at show.jl:115
└ @ NODAL show.jl:115
Current Iteration     : ┌ Warning: `print_with_color(color, args...; kwargs...)` is deprecated, use `printstyled(args...; kwargs..., color=color)` instead.
│   caller = show(::Base.PipeEndpoint, ::Result{Configuration{NumberParameter{AbstractFloat}},Float64}) at show.jl:117
└ @ NODAL show.jl:117
2397
┌ Warning: `print_with_color(color, args...; kwargs...)` is deprecated, use `printstyled(args...; kwargs..., color=color)` instead.
│   caller = show(::Base.PipeEndpoint, ::Result{Configuration{NumberParameter{AbstractFloat}},Float64}) at show.jl:118
└ @ NODAL show.jl:118
Technique             : ┌ Warning: `print_with_color(color, args...; kwargs...)` is deprecated, use `printstyled(args...; kwargs..., color=color)` instead.
│   caller = show(::Base.PipeEndpoint, ::Result{Configuration{NumberParameter{AbstractFloat}},Float64}) at show.jl:120
└ @ NODAL show.jl:120
Simulated Annealing
┌ Warning: `print_with_color(color, args...; kwargs...)` is deprecated, use `printstyled(args...; kwargs..., color=color)` instead.
│   caller = show(::Base.PipeEndpoint, ::Result{Configuration{NumberParameter{AbstractFloat}},Float64}) at show.jl:121
└ @ NODAL show.jl:121
Function Calls        : ┌ Warning: `print_with_color(color, args...; kwargs...)` is deprecated, use `printstyled(args...; kwargs..., color=color)` instead.
│   caller = show(::Base.PipeEndpoint, ::Result{Configuration{NumberParameter{AbstractFloat}},Float64}) at show.jl:123
└ @ NODAL show.jl:123
1501
┌ Warning: `print_with_color(color, args...; kwargs...)` is deprecated, use `printstyled(args...; kwargs..., color=color)` instead.
│   caller = show(::Base.PipeEndpoint, ::Result{Configuration{NumberParameter{AbstractFloat}},Float64}) at show.jl:124
└ @ NODAL show.jl:124
Starting Configuration:
  [┌ Warning: `print_with_color(color, args...; kwargs...)` is deprecated, use `printstyled(args...; kwargs..., color=color)` instead.
│   caller = show(::Base.PipeEndpoint, ::Configuration{NumberParameter{AbstractFloat}}) at show.jl:87
└ @ NODAL show.jl:87
Configuration]
┌ Warning: `print_with_color(color, args...; kwargs...)` is deprecated, use `printstyled(args...; kwargs..., color=color)` instead.
│   caller = show(::Base.PipeEndpoint, ::Configuration{NumberParameter{AbstractFloat}}) at show.jl:89
└ @ NODAL show.jl:89
  name      : ┌ Warning: `print_with_color(color, args...; kwargs...)` is deprecated, use `printstyled(args...; kwargs..., color=color)` instead.
│   caller = show(::Base.PipeEndpoint, ::Configuration{NumberParameter{AbstractFloat}}) at show.jl:91
└ @ NODAL show.jl:91
rosenbrock_config
┌ Warning: `print_with_color(color, args...; kwargs...)` is deprecated, use `printstyled(args...; kwargs..., color=color)` instead.
│   caller = show(::Base.PipeEndpoint, ::Configuration{NumberParameter{AbstractFloat}}) at show.jl:92
└ @ NODAL show.jl:92
  parameters:
    [NumberParameter]
    name : i0
    min  : -2.000000
    max  : 2.000000
    value: 1.303989
┌ Warning: `print_with_color(color, args...; kwargs...)` is deprecated, use `printstyled(args...; kwargs..., color=color)` instead.
│   caller = show(::Base.PipeEndpoint, ::Configuration{NumberParameter{AbstractFloat}}) at show.jl:98
└ @ NODAL show.jl:98
    ***
    [NumberParameter]
    name : i1
    min  : -2.000000
    max  : 2.000000
    value: 1.700187
┌ Warning: `print_with_color(color, args...; kwargs...)` is deprecated, use `printstyled(args...; kwargs..., color=color)` instead.
│   caller = show(::Base.PipeEndpoint, ::Result{Configuration{NumberParameter{AbstractFloat}},Float64}) at show.jl:127
└ @ NODAL show.jl:127
Minimum Configuration :
  [Configuration]
  name      : rosenbrock_config
  parameters:
    [NumberParameter]
    name : i0
    min  : -2.000000
    max  : 2.000000
    value: 1.303989
    ***
    [NumberParameter]
    name : i1
    min  : -2.000000
    max  : 2.000000
    value: 1.700187
0.09241314104077034
Test Summary: | Pass  Total
Search        |    3      3
WARNING: Base.@spawn is deprecated: it has been moved to the standard library package `Distributed`.
Add `using Distributed` to your imports.
  likely near /home/vagrant/.julia/v0.7/NODAL/test/iterative_first_improvement.jl:3
WARNING: Base.RemoteChannel is deprecated: it has been moved to the standard library package `Distributed`.
Add `using Distributed` to your imports.
  likely near /home/vagrant/.julia/v0.7/NODAL/test/iterative_first_improvement.jl:3
WARNING: Base.RemoteChannel is deprecated: it has been moved to the standard library package `Distributed`.
Add `using Distributed` to your imports.
  likely near /home/vagrant/.julia/v0.7/NODAL/test/iterative_first_improvement.jl:3
WARNING: Base.RemoteChannel is deprecated: it has been moved to the standard library package `Distributed`.
Add `using Distributed` to your imports.
  likely near /home/vagrant/.julia/v0.7/NODAL/test/iterative_first_improvement.jl:3
WARNING: Base.RemoteChannel is deprecated: it has been moved to the standard library package `Distributed`.
Add `using Distributed` to your imports.
  likely near /home/vagrant/.julia/v0.7/NODAL/test/iterative_first_improvement.jl:3
WARNING: Base.RemoteChannel is deprecated: it has been moved to the standard library package `Distributed`.
Add `using Distributed` to your imports.
  likely near /home/vagrant/.julia/v0.7/NODAL/test/iterative_first_improvement.jl:3
WARNING: Base.RemoteChannel is deprecated: it has been moved to the standard library package `Distributed`.
Add `using Distributed` to your imports.
  likely near /home/vagrant/.julia/v0.7/NODAL/test/iterative_first_improvement.jl:3
WARNING: Base.RemoteChannel is deprecated: it has been moved to the standard library package `Distributed`.
Add `using Distributed` to your imports.
  likely near /home/vagrant/.julia/v0.7/NODAL/test/iterative_first_improvement.jl:3
WARNING: Base.RemoteChannel is deprecated: it has been moved to the standard library package `Distributed`.
Add `using Distributed` to your imports.
  likely near /home/vagrant/.julia/v0.7/NODAL/test/iterative_first_improvement.jl:3
WARNING: Base.RemoteChannel is deprecated: it has been moved to the standard library package `Distributed`.
Add `using Distributed` to your imports.
  likely near /home/vagrant/.julia/v0.7/NODAL/test/iterative_first_improvement.jl:3
WARNING: Base.RemoteChannel is deprecated: it has been moved to the standard library package `Distributed`.
Add `using Distributed` to your imports.
  likely near /home/vagrant/.julia/v0.7/NODAL/test/iterative_first_improvement.jl:3
WARNING: Base.RemoteChannel is deprecated: it has been moved to the standard library package `Distributed`.
Add `using Distributed` to your imports.
  likely near /home/vagrant/.julia/v0.7/NODAL/test/iterative_first_improvement.jl:3
WARNING: Base.RemoteChannel is deprecated: it has been moved to the standard library package `Distributed`.
Add `using Distributed` to your imports.
  likely near /home/vagrant/.julia/v0.7/NODAL/test/iterative_first_improvement.jl:3
WARNING: importing deprecated binding Base.uninitialized into NODAL.
WARNING: Base.uninitialized is deprecated, use undef instead.
  likely near /home/vagrant/.julia/v0.7/NODAL/test/iterative_first_improvement.jl:3
WARNING: importing deprecated binding Base.pmap into NODAL.
WARNING: Base.pmap is deprecated: it has been moved to the standard library package `Distributed`.
Add `using Distributed` to your imports.
  likely near /home/vagrant/.julia/v0.7/NODAL/test/iterative_first_improvement.jl:3
WARNING: Base.uninitialized is deprecated, use undef instead.
  likely near /home/vagrant/.julia/v0.7/NODAL/test/iterative_first_improvement.jl:3
WARNING: Base.uninitialized is deprecated, use undef instead.
  likely near /home/vagrant/.julia/v0.7/NODAL/test/iterative_first_improvement.jl:3
WARNING: Base.pmap is deprecated: it has been moved to the standard library package `Distributed`.
Add `using Distributed` to your imports.
  likely near /home/vagrant/.julia/v0.7/NODAL/test/iterative_first_improvement.jl:3
WARNING: Base.pmap is deprecated: it has been moved to the standard library package `Distributed`.
Add `using Distributed` to your imports.
  likely near /home/vagrant/.julia/v0.7/NODAL/test/iterative_first_improvement.jl:3
WARNING: Base.pmap is deprecated: it has been moved to the standard library package `Distributed`.
Add `using Distributed` to your imports.
  likely near /home/vagrant/.julia/v0.7/NODAL/test/iterative_first_improvement.jl:3
in measure_mean! at /home/vagrant/.julia/v0.7/NODAL/src/core/measurement/measure.jl
WARNING: Base.RemoteChannel is deprecated: it has been moved to the standard library package `Distributed`.
Add `using Distributed` to your imports.
  likely near /home/vagrant/.julia/v0.7/NODAL/test/iterative_first_improvement.jl:3
WARNING: Base.RemoteChannel is deprecated: it has been moved to the standard library package `Distributed`.
Add `using Distributed` to your imports.
  likely near /home/vagrant/.julia/v0.7/NODAL/test/iterative_first_improvement.jl:3
WARNING: Base.RemoteChannel is deprecated: it has been moved to the standard library package `Distributed`.
Add `using Distributed` to your imports.
  likely near /home/vagrant/.julia/v0.7/NODAL/test/iterative_first_improvement.jl:3
WARNING: Base.RemoteChannel is deprecated: it has been moved to the standard library package `Distributed`.
Add `using Distributed` to your imports.
  likely near /home/vagrant/.julia/v0.7/NODAL/test/iterative_first_improvement.jl:3
WARNING: Base.RemoteChannel is deprecated: it has been moved to the standard library package `Distributed`.
Add `using Distributed` to your imports.
  likely near /home/vagrant/.julia/v0.7/NODAL/test/iterative_first_improvement.jl:3
WARNING: Base.RemoteChannel is deprecated: it has been moved to the standard library package `Distributed`.
Add `using Distributed` to your imports.
  likely near /home/vagrant/.julia/v0.7/NODAL/test/iterative_first_improvement.jl:3
WARNING: Base.RemoteChannel is deprecated: it has been moved to the standard library package `Distributed`.
Add `using Distributed` to your imports.
  likely near /home/vagrant/.julia/v0.7/NODAL/test/iterative_first_improvement.jl:3
WARNING: Base.RemoteChannel is deprecated: it has been moved to the standard library package `Distributed`.
Add `using Distributed` to your imports.
  likely near /home/vagrant/.julia/v0.7/NODAL/test/iterative_first_improvement.jl:3
WARNING: Base.RemoteChannel is deprecated: it has been moved to the standard library package `Distributed`.
Add `using Distributed` to your imports.
  likely near /home/vagrant/.julia/v0.7/NODAL/test/iterative_first_improvement.jl:3
WARNING: Base.RemoteChannel is deprecated: it has been moved to the standard library package `Distributed`.
Add `using Distributed` to your imports.
  likely near /home/vagrant/.julia/v0.7/NODAL/test/iterative_first_improvement.jl:3
WARNING: Base.RemoteChannel is deprecated: it has been moved to the standard library package `Distributed`.
Add `using Distributed` to your imports.
  likely near /home/vagrant/.julia/v0.7/NODAL/test/iterative_first_improvement.jl:3
WARNING: Base.RemoteChannel is deprecated: it has been moved to the standard library package `Distributed`.
Add `using Distributed` to your imports.
  likely near /home/vagrant/.julia/v0.7/NODAL/test/iterative_first_improvement.jl:3
[Result]
Cost              : 1.0
Found in Iteration: 1
Current Iteration : 7
Technique         : Initialize
Function Calls    : 1
  ***
[Result]
Cost              : 1.0
Found in Iteration: 1
Current Iteration : 19
Technique         : Initialize
Function Calls    : 1
  ***
[Result]
Cost              : 1.0
Found in Iteration: 1
Current Iteration : 5404
Technique         : Initialize
Function Calls    : 1
  ***
[Result]
Cost              : 1.0
Found in Iteration: 1
Current Iteration : 10982
Technique         : Initialize
Function Calls    : 1
  ***
[Result]
Cost              : 1.0
Found in Iteration: 1
Current Iteration : 16192
Technique         : Initialize
Function Calls    : 1
  ***
[Result]
Cost              : 0.0075133100047101355
Found in Iteration: 10
Current Iteration : 20934
Technique         : Iterative First Improvement
Function Calls    : 9805
  ***
[Result]
Cost              : 0.0075133100047101355
Found in Iteration: 10
Current Iteration : 26422
Technique         : Iterative First Improvement
Function Calls    : 9805
  ***
[Result]
Cost              : 0.00022838575751122042
Found in Iteration: 12
Current Iteration : 31037
Technique         : Iterative First Improvement
Function Calls    : 14314
  ***
[Final Result]
Cost                  : 0.00022838575751122042
Found in Iteration    : 12
Current Iteration     : 36135
Technique             : Iterative First Improvement
Function Calls        : 14314
Starting Configuration:
  [Configuration]
  name      : rosenbrock_config
  parameters:
    [NumberParameter]
    name : i0
    min  : -2.000000
    max  : 2.000000
    value: 1.034544
    ***
    [NumberParameter]
    name : i1
    min  : -2.000000
    max  : 2.000000
    value: 1.067010
Minimum Configuration :
  [Configuration]
  name      : rosenbrock_config
  parameters:
    [NumberParameter]
    name : i0
    min  : -2.000000
    max  : 2.000000
    value: 1.014635
    ***
    [NumberParameter]
    name : i1
    min  : -2.000000
    max  : 2.000000
    value: 1.029861
0.00022838575751122042
Test Summary: | Pass  Total
Search        |    3      3
WARNING: Base.@spawn is deprecated: it has been moved to the standard library package `Distributed`.
Add `using Distributed` to your imports.
  likely near /home/vagrant/.julia/v0.7/NODAL/test/iterative_probabilistic_improvement.jl:3
WARNING: Base.RemoteChannel is deprecated: it has been moved to the standard library package `Distributed`.
Add `using Distributed` to your imports.
  likely near /home/vagrant/.julia/v0.7/NODAL/test/iterative_probabilistic_improvement.jl:3
WARNING: Base.RemoteChannel is deprecated: it has been moved to the standard library package `Distributed`.
Add `using Distributed` to your imports.
  likely near /home/vagrant/.julia/v0.7/NODAL/test/iterative_probabilistic_improvement.jl:3
WARNING: Base.RemoteChannel is deprecated: it has been moved to the standard library package `Distributed`.
Add `using Distributed` to your imports.
  likely near /home/vagrant/.julia/v0.7/NODAL/test/iterative_probabilistic_improvement.jl:3
WARNING: Base.RemoteChannel is deprecated: it has been moved to the standard library package `Distributed`.
Add `using Distributed` to your imports.
  likely near /home/vagrant/.julia/v0.7/NODAL/test/iterative_probabilistic_improvement.jl:3
WARNING: Base.RemoteChannel is deprecated: it has been moved to the standard library package `Distributed`.
Add `using Distributed` to your imports.
  likely near /home/vagrant/.julia/v0.7/NODAL/test/iterative_probabilistic_improvement.jl:3
WARNING: Base.RemoteChannel is deprecated: it has been moved to the standard library package `Distributed`.
Add `using Distributed` to your imports.
  likely near /home/vagrant/.julia/v0.7/NODAL/test/iterative_probabilistic_improvement.jl:3
WARNING: Base.RemoteChannel is deprecated: it has been moved to the standard library package `Distributed`.
Add `using Distributed` to your imports.
  likely near /home/vagrant/.julia/v0.7/NODAL/test/iterative_probabilistic_improvement.jl:3
WARNING: Base.RemoteChannel is deprecated: it has been moved to the standard library package `Distributed`.
Add `using Distributed` to your imports.
  likely near /home/vagrant/.julia/v0.7/NODAL/test/iterative_probabilistic_improvement.jl:3
WARNING: Base.RemoteChannel is deprecated: it has been moved to the standard library package `Distributed`.
Add `using Distributed` to your imports.
  likely near /home/vagrant/.julia/v0.7/NODAL/test/iterative_probabilistic_improvement.jl:3
WARNING: Base.RemoteChannel is deprecated: it has been moved to the standard library package `Distributed`.
Add `using Distributed` to your imports.
  likely near /home/vagrant/.julia/v0.7/NODAL/test/iterative_probabilistic_improvement.jl:3
WARNING: Base.RemoteChannel is deprecated: it has been moved to the standard library package `Distributed`.
Add `using Distributed` to your imports.
  likely near /home/vagrant/.julia/v0.7/NODAL/test/iterative_probabilistic_improvement.jl:3
WARNING: Base.RemoteChannel is deprecated: it has been moved to the standard library package `Distributed`.
Add `using Distributed` to your imports.
  likely near /home/vagrant/.julia/v0.7/NODAL/test/iterative_probabilistic_improvement.jl:3
WARNING: Base.RemoteChannel is deprecated: it has been moved to the standard library package `Distributed`.
Add `using Distributed` to your imports.
  likely near /home/vagrant/.julia/v0.7/NODAL/test/iterative_probabilistic_improvement.jl:3
WARNING: Base.RemoteChannel is deprecated: it has been moved to the standard library package `Distributed`.
Add `using Distributed` to your imports.
  likely near /home/vagrant/.julia/v0.7/NODAL/test/iterative_probabilistic_improvement.jl:3
WARNING: Base.RemoteChannel is deprecated: it has been moved to the standard library package `Distributed`.
Add `using Distributed` to your imports.
  likely near /home/vagrant/.julia/v0.7/NODAL/test/iterative_probabilistic_improvement.jl:3
WARNING: Base.RemoteChannel is deprecated: it has been moved to the standard library package `Distributed`.
Add `using Distributed` to your imports.
  likely near /home/vagrant/.julia/v0.7/NODAL/test/iterative_probabilistic_improvement.jl:3
WARNING: Base.RemoteChannel is deprecated: it has been moved to the standard library package `Distributed`.
Add `using Distributed` to your imports.
  likely near /home/vagrant/.julia/v0.7/NODAL/test/iterative_probabilistic_improvement.jl:3
WARNING: Base.RemoteChannel is deprecated: it has been moved to the standard library package `Distributed`.
Add `using Distributed` to your imports.
  likely near /home/vagrant/.julia/v0.7/NODAL/test/iterative_probabilistic_improvement.jl:3
WARNING: Base.RemoteChannel is deprecated: it has been moved to the standard library package `Distributed`.
Add `using Distributed` to your imports.
  likely near /home/vagrant/.julia/v0.7/NODAL/test/iterative_probabilistic_improvement.jl:3
WARNING: Base.RemoteChannel is deprecated: it has been moved to the standard library package `Distributed`.
Add `using Distributed` to your imports.
  likely near /home/vagrant/.julia/v0.7/NODAL/test/iterative_probabilistic_improvement.jl:3
WARNING: Base.RemoteChannel is deprecated: it has been moved to the standard library package `Distributed`.
Add `using Distributed` to your imports.
  likely near /home/vagrant/.julia/v0.7/NODAL/test/iterative_probabilistic_improvement.jl:3
[Result]
Cost              : 1.0
Found in Iteration: 1
Current Iteration : 7
Technique         : Initialize
Function Calls    : 1
  ***
[Result]
Cost              : 1.0
Found in Iteration: 1
Current Iteration : 14093
Technique         : Initialize
Function Calls    : 1
  ***
[Result]
Cost              : 0.38930563238510496
Found in Iteration: 7260
Current Iteration : 30791
Technique         : Iterative Probabilistic Improvement
Function Calls    : 7260
  ***
[Result]
Cost              : 0.20234041922671872
Found in Iteration: 15573
Current Iteration : 45226
Technique         : Iterative Probabilistic Improvement
Function Calls    : 15573
  ***
[Result]
Cost              : 0.20234041922671872
Found in Iteration: 15573
Current Iteration : 63814
Technique         : Iterative Probabilistic Improvement
Function Calls    : 15573
  ***
[Result]
Cost              : 0.027725389620356786
Found in Iteration: 38298
Current Iteration : 91495
Technique         : Iterative Probabilistic Improvement
Function Calls    : 38298
  ***
[Final Result]
Cost                  : 0.027725389620356786
Found in Iteration    : 38298
Current Iteration     : 114959
Technique             : Iterative Probabilistic Improvement
Function Calls        : 38298
Starting Configuration:
  [Configuration]
  name      : rosenbrock_config
  parameters:
    [NumberParameter]
    name : i0
    min  : -2.000000
    max  : 2.000000
    value: 0.918114
    ***
    [NumberParameter]
    name : i1
    min  : -2.000000
    max  : 2.000000
    value: 0.828436
Minimum Configuration :
  [Configuration]
  name      : rosenbrock_config
  parameters:
    [NumberParameter]
    name : i0
    min  : -2.000000
    max  : 2.000000
    value: 0.918114
    ***
    [NumberParameter]
    name : i1
    min  : -2.000000
    max  : 2.000000
    value: 0.828436
0.027725389620356786
Test Summary: | Pass  Total
Search        |    3      3
WARNING: Base.@spawn is deprecated: it has been moved to the standard library package `Distributed`.
Add `using Distributed` to your imports.
  likely near /home/vagrant/.julia/v0.7/NODAL/test/randomized_first_improvement.jl:3
WARNING: Base.RemoteChannel is deprecated: it has been moved to the standard library package `Distributed`.
Add `using Distributed` to your imports.
  likely near /home/vagrant/.julia/v0.7/NODAL/test/randomized_first_improvement.jl:3
WARNING: Base.RemoteChannel is deprecated: it has been moved to the standard library package `Distributed`.
Add `using Distributed` to your imports.
  likely near /home/vagrant/.julia/v0.7/NODAL/test/randomized_first_improvement.jl:3
WARNING: Base.RemoteChannel is deprecated: it has been moved to the standard library package `Distributed`.
Add `using Distributed` to your imports.
  likely near /home/vagrant/.julia/v0.7/NODAL/test/randomized_first_improvement.jl:3
WARNING: Base.RemoteChannel is deprecated: it has been moved to the standard library package `Distributed`.
Add `using Distributed` to your imports.
  likely near /home/vagrant/.julia/v0.7/NODAL/test/randomized_first_improvement.jl:3
WARNING: Base.RemoteChannel is deprecated: it has been moved to the standard library package `Distributed`.
Add `using Distributed` to your imports.
  likely near /home/vagrant/.julia/v0.7/NODAL/test/randomized_first_improvement.jl:3
WARNING: Base.RemoteChannel is deprecated: it has been moved to the standard library package `Distributed`.
Add `using Distributed` to your imports.
  likely near /home/vagrant/.julia/v0.7/NODAL/test/randomized_first_improvement.jl:3
WARNING: Base.RemoteChannel is deprecated: it has been moved to the standard library package `Distributed`.
Add `using Distributed` to your imports.
  likely near /home/vagrant/.julia/v0.7/NODAL/test/randomized_first_improvement.jl:3
WARNING: Base.RemoteChannel is deprecated: it has been moved to the standard library package `Distributed`.
Add `using Distributed` to your imports.
  likely near /home/vagrant/.julia/v0.7/NODAL/test/randomized_first_improvement.jl:3
WARNING: Base.RemoteChannel is deprecated: it has been moved to the standard library package `Distributed`.
Add `using Distributed` to your imports.
  likely near /home/vagrant/.julia/v0.7/NODAL/test/randomized_first_improvement.jl:3
WARNING: Base.RemoteChannel is deprecated: it has been moved to the standard library package `Distributed`.
Add `using Distributed` to your imports.
  likely near /home/vagrant/.julia/v0.7/NODAL/test/randomized_first_improvement.jl:3
WARNING: Base.RemoteChannel is deprecated: it has been moved to the standard library package `Distributed`.
Add `using Distributed` to your imports.
  likely near /home/vagrant/.julia/v0.7/NODAL/test/randomized_first_improvement.jl:3
WARNING: Base.RemoteChannel is deprecated: it has been moved to the standard library package `Distributed`.
Add `using Distributed` to your imports.
  likely near /home/vagrant/.julia/v0.7/NODAL/test/randomized_first_improvement.jl:3
WARNING: Base.RemoteChannel is deprecated: it has been moved to the standard library package `Distributed`.
Add `using Distributed` to your imports.
  likely near /home/vagrant/.julia/v0.7/NODAL/test/randomized_first_improvement.jl:3
WARNING: Base.RemoteChannel is deprecated: it has been moved to the standard library package `Distributed`.
Add `using Distributed` to your imports.
  likely near /home/vagrant/.julia/v0.7/NODAL/test/randomized_first_improvement.jl:3
WARNING: Base.RemoteChannel is deprecated: it has been moved to the standard library package `Distributed`.
Add `using Distributed` to your imports.
  likely near /home/vagrant/.julia/v0.7/NODAL/test/randomized_first_improvement.jl:3
WARNING: Base.RemoteChannel is deprecated: it has been moved to the standard library package `Distributed`.
Add `using Distributed` to your imports.
  likely near /home/vagrant/.julia/v0.7/NODAL/test/randomized_first_improvement.jl:3
WARNING: Base.RemoteChannel is deprecated: it has been moved to the standard library package `Distributed`.
Add `using Distributed` to your imports.
  likely near /home/vagrant/.julia/v0.7/NODAL/test/randomized_first_improvement.jl:3
WARNING: Base.RemoteChannel is deprecated: it has been moved to the standard library package `Distributed`.
Add `using Distributed` to your imports.
  likely near /home/vagrant/.julia/v0.7/NODAL/test/randomized_first_improvement.jl:3
WARNING: Base.RemoteChannel is deprecated: it has been moved to the standard library package `Distributed`.
Add `using Distributed` to your imports.
  likely near /home/vagrant/.julia/v0.7/NODAL/test/randomized_first_improvement.jl:3
WARNING: Base.RemoteChannel is deprecated: it has been moved to the standard library package `Distributed`.
Add `using Distributed` to your imports.
  likely near /home/vagrant/.julia/v0.7/NODAL/test/randomized_first_improvement.jl:3
WARNING: Base.RemoteChannel is deprecated: it has been moved to the standard library package `Distributed`.
Add `using Distributed` to your imports.
  likely near /home/vagrant/.julia/v0.7/NODAL/test/randomized_first_improvement.jl:3
[Result]
Cost              : 1.0
Found in Iteration: 1
Current Iteration : 7
Technique         : Initialize
Function Calls    : 1
  ***
[Result]
Cost              : 1.0
Found in Iteration: 1
Current Iteration : 28523
Technique         : Initialize
Function Calls    : 1
  ***
[Result]
Cost              : 1.0
Found in Iteration: 1
Current Iteration : 58175
Technique         : Initialize
Function Calls    : 1
  ***
[Result]
Cost              : 0.000712395796250916
Found in Iteration: 133
Current Iteration : 87295
Technique         : Randomized First Improvement
Function Calls    : 36305
  ***
[Result]
Cost              : 0.000712395796250916
Found in Iteration: 133
Current Iteration : 115267
Technique         : Randomized First Improvement
Function Calls    : 36305
  ***
[Result]
Cost              : 0.000712395796250916
Found in Iteration: 133
Current Iteration : 147263
Technique         : Randomized First Improvement
Function Calls    : 36305
  ***
[Final Result]
Cost                  : 0.000712395796250916
Found in Iteration    : 133
Current Iteration     : 182879
Technique             : Randomized First Improvement
Function Calls        : 36305
Starting Configuration:
  [Configuration]
  name      : rosenbrock_config
  parameters:
    [NumberParameter]
    name : i0
    min  : -2.000000
    max  : 2.000000
    value: 1.002492
    ***
    [NumberParameter]
    name : i1
    min  : -2.000000
    max  : 2.000000
    value: 1.007648
Minimum Configuration :
  [Configuration]
  name      : rosenbrock_config
  parameters:
    [NumberParameter]
    name : i0
    min  : -2.000000
    max  : 2.000000
    value: 1.002492
    ***
    [NumberParameter]
    name : i1
    min  : -2.000000
    max  : 2.000000
    value: 1.007648
0.000712395796250916
Test Summary: | Pass  Total
Search        |    3      3
WARNING: Base.@spawn is deprecated: it has been moved to the standard library package `Distributed`.
Add `using Distributed` to your imports.
  likely near /home/vagrant/.julia/v0.7/NODAL/test/iterative_greedy_construction.jl:3
WARNING: Base.RemoteChannel is deprecated: it has been moved to the standard library package `Distributed`.
Add `using Distributed` to your imports.
  likely near /home/vagrant/.julia/v0.7/NODAL/test/iterative_greedy_construction.jl:3
WARNING: Base.RemoteChannel is deprecated: it has been moved to the standard library package `Distributed`.
Add `using Distributed` to your imports.
  likely near /home/vagrant/.julia/v0.7/NODAL/test/iterative_greedy_construction.jl:3
WARNING: Base.RemoteChannel is deprecated: it has been moved to the standard library package `Distributed`.
Add `using Distributed` to your imports.
  likely near /home/vagrant/.julia/v0.7/NODAL/test/iterative_greedy_construction.jl:3
WARNING: Base.RemoteChannel is deprecated: it has been moved to the standard library package `Distributed`.
Add `using Distributed` to your imports.
  likely near /home/vagrant/.julia/v0.7/NODAL/test/iterative_greedy_construction.jl:3
WARNING: Base.RemoteChannel is deprecated: it has been moved to the standard library package `Distributed`.
Add `using Distributed` to your imports.
  likely near /home/vagrant/.julia/v0.7/NODAL/test/iterative_greedy_construction.jl:3
WARNING: Base.RemoteChannel is deprecated: it has been moved to the standard library package `Distributed`.
Add `using Distributed` to your imports.
  likely near /home/vagrant/.julia/v0.7/NODAL/test/iterative_greedy_construction.jl:3
WARNING: Base.RemoteChannel is deprecated: it has been moved to the standard library package `Distributed`.
Add `using Distributed` to your imports.
  likely near /home/vagrant/.julia/v0.7/NODAL/test/iterative_greedy_construction.jl:3
WARNING: Base.RemoteChannel is deprecated: it has been moved to the standard library package `Distributed`.
Add `using Distributed` to your imports.
  likely near /home/vagrant/.julia/v0.7/NODAL/test/iterative_greedy_construction.jl:3
WARNING: Base.RemoteChannel is deprecated: it has been moved to the standard library package `Distributed`.
Add `using Distributed` to your imports.
  likely near /home/vagrant/.julia/v0.7/NODAL/test/iterative_greedy_construction.jl:3
WARNING: Base.RemoteChannel is deprecated: it has been moved to the standard library package `Distributed`.
Add `using Distributed` to your imports.
  likely near /home/vagrant/.julia/v0.7/NODAL/test/iterative_greedy_construction.jl:3
WARNING: Base.RemoteChannel is deprecated: it has been moved to the standard library package `Distributed`.
Add `using Distributed` to your imports.
  likely near /home/vagrant/.julia/v0.7/NODAL/test/iterative_greedy_construction.jl:3
WARNING: Base.shuffle! is deprecated: it has been moved to the standard library package `Random`.
Add `using Random` to your imports.
  likely near /home/vagrant/.julia/v0.7/NODAL/test/iterative_greedy_construction.jl:3
WARNING: Base.shuffle! is deprecated: it has been moved to the standard library package `Random`.
Add `using Random` to your imports.
  likely near /home/vagrant/.julia/v0.7/NODAL/test/iterative_greedy_construction.jl:3
WARNING: Base.shuffle! is deprecated: it has been moved to the standard library package `Random`.
Add `using Random` to your imports.
  likely near /home/vagrant/.julia/v0.7/NODAL/test/iterative_greedy_construction.jl:3
WARNING: Base.RemoteChannel is deprecated: it has been moved to the standard library package `Distributed`.
Add `using Distributed` to your imports.
  likely near /home/vagrant/.julia/v0.7/NODAL/test/iterative_greedy_construction.jl:3
WARNING: Base.RemoteChannel is deprecated: it has been moved to the standard library package `Distributed`.
Add `using Distributed` to your imports.
  likely near /home/vagrant/.julia/v0.7/NODAL/test/iterative_greedy_construction.jl:3
WARNING: Base.RemoteChannel is deprecated: it has been moved to the standard library package `Distributed`.
Add `using Distributed` to your imports.
  likely near /home/vagrant/.julia/v0.7/NODAL/test/iterative_greedy_construction.jl:3
WARNING: Base.RemoteChannel is deprecated: it has been moved to the standard library package `Distributed`.
Add `using Distributed` to your imports.
  likely near /home/vagrant/.julia/v0.7/NODAL/test/iterative_greedy_construction.jl:3
WARNING: Base.RemoteChannel is deprecated: it has been moved to the standard library package `Distributed`.
Add `using Distributed` to your imports.
  likely near /home/vagrant/.julia/v0.7/NODAL/test/iterative_greedy_construction.jl:3
WARNING: Base.RemoteChannel is deprecated: it has been moved to the standard library package `Distributed`.
Add `using Distributed` to your imports.
  likely near /home/vagrant/.julia/v0.7/NODAL/test/iterative_greedy_construction.jl:3
WARNING: Base.RemoteChannel is deprecated: it has been moved to the standard library package `Distributed`.
Add `using Distributed` to your imports.
  likely near /home/vagrant/.julia/v0.7/NODAL/test/iterative_greedy_construction.jl:3
WARNING: Base.RemoteChannel is deprecated: it has been moved to the standard library package `Distributed`.
Add `using Distributed` to your imports.
  likely near /home/vagrant/.julia/v0.7/NODAL/test/iterative_greedy_construction.jl:3
WARNING: Base.RemoteChannel is deprecated: it has been moved to the standard library package `Distributed`.
Add `using Distributed` to your imports.
  likely near /home/vagrant/.julia/v0.7/NODAL/test/iterative_greedy_construction.jl:3
WARNING: Base.RemoteChannel is deprecated: it has been moved to the standard library package `Distributed`.
Add `using Distributed` to your imports.
  likely near /home/vagrant/.julia/v0.7/NODAL/test/iterative_greedy_construction.jl:3
[Result]
Cost              : 1.0
Found in Iteration: 1
Current Iteration : 7
Technique         : Initialize
Function Calls    : 1
  ***
[Result]
Cost              : 1.0
Found in Iteration: 1
Current Iteration : 54576
Technique         : Initialize
Function Calls    : 1
  ***
[Result]
Cost              : 1.0
Found in Iteration: 1
Current Iteration : 149701
Technique         : Initialize
Function Calls    : 1
  ***
[Final Result]
Cost                  : 1.0
Found in Iteration    : 1
Current Iteration     : 243296
Technique             : Initialize
Function Calls        : 1
Starting Configuration:
  [Configuration]
  name      : rosenbrock_config
  parameters:
    [NumberParameter]
    name : i0
    min  : -2.000000
    max  : 2.000000
    value: 0.000000
    ***
    [NumberParameter]
    name : i1
    min  : -2.000000
    max  : 2.000000
    value: 0.000000
Minimum Configuration :
  [Configuration]
  name      : rosenbrock_config
  parameters:
    [NumberParameter]
    name : i0
    min  : -2.000000
    max  : 2.000000
    value: 0.000000
    ***
    [NumberParameter]
    name : i1
    min  : -2.000000
    max  : 2.000000
    value: 0.000000
1.0
Test Summary: | Pass  Total
Search        |    3      3
WARNING: Base.@spawn is deprecated: it has been moved to the standard library package `Distributed`.
Add `using Distributed` to your imports.
  likely near /home/vagrant/.julia/v0.7/NODAL/test/iterated_local_search.jl:3
WARNING: Base.RemoteChannel is deprecated: it has been moved to the standard library package `Distributed`.
Add `using Distributed` to your imports.
  likely near /home/vagrant/.julia/v0.7/NODAL/test/iterated_local_search.jl:3
WARNING: Base.RemoteChannel is deprecated: it has been moved to the standard library package `Distributed`.
Add `using Distributed` to your imports.
  likely near /home/vagrant/.julia/v0.7/NODAL/test/iterated_local_search.jl:3
WARNING: Base.RemoteChannel is deprecated: it has been moved to the standard library package `Distributed`.
Add `using Distributed` to your imports.
  likely near /home/vagrant/.julia/v0.7/NODAL/test/iterated_local_search.jl:3
WARNING: Base.RemoteChannel is deprecated: it has been moved to the standard library package `Distributed`.
Add `using Distributed` to your imports.
  likely near /home/vagrant/.julia/v0.7/NODAL/test/iterated_local_search.jl:3
WARNING: Base.RemoteChannel is deprecated: it has been moved to the standard library package `Distributed`.
Add `using Distributed` to your imports.
  likely near /home/vagrant/.julia/v0.7/NODAL/test/iterated_local_search.jl:3
WARNING: Base.RemoteChannel is deprecated: it has been moved to the standard library package `Distributed`.
Add `using Distributed` to your imports.
  likely near /home/vagrant/.julia/v0.7/NODAL/test/iterated_local_search.jl:3
WARNING: Base.RemoteChannel is deprecated: it has been moved to the standard library package `Distributed`.
Add `using Distributed` to your imports.
  likely near /home/vagrant/.julia/v0.7/NODAL/test/iterated_local_search.jl:3
WARNING: Base.RemoteChannel is deprecated: it has been moved to the standard library package `Distributed`.
Add `using Distributed` to your imports.
  likely near /home/vagrant/.julia/v0.7/NODAL/test/iterated_local_search.jl:3
WARNING: Base.RemoteChannel is deprecated: it has been moved to the standard library package `Distributed`.
Add `using Distributed` to your imports.
  likely near /home/vagrant/.julia/v0.7/NODAL/test/iterated_local_search.jl:3
WARNING: Base.RemoteChannel is deprecated: it has been moved to the standard library package `Distributed`.
Add `using Distributed` to your imports.
  likely near /home/vagrant/.julia/v0.7/NODAL/test/iterated_local_search.jl:3
WARNING: Base.RemoteChannel is deprecated: it has been moved to the standard library package `Distributed`.
Add `using Distributed` to your imports.
  likely near /home/vagrant/.julia/v0.7/NODAL/test/iterated_local_search.jl:3
WARNING: Base.RemoteChannel is deprecated: it has been moved to the standard library package `Distributed`.
Add `using Distributed` to your imports.
  likely near /home/vagrant/.julia/v0.7/NODAL/test/iterated_local_search.jl:3
WARNING: Base.RemoteChannel is deprecated: it has been moved to the standard library package `Distributed`.
Add `using Distributed` to your imports.
  likely near /home/vagrant/.julia/v0.7/NODAL/test/iterated_local_search.jl:3
WARNING: Base.RemoteChannel is deprecated: it has been moved to the standard library package `Distributed`.
Add `using Distributed` to your imports.
  likely near /home/vagrant/.julia/v0.7/NODAL/test/iterated_local_search.jl:3
WARNING: Base.RemoteChannel is deprecated: it has been moved to the standard library package `Distributed`.
Add `using Distributed` to your imports.
  likely near /home/vagrant/.julia/v0.7/NODAL/test/iterated_local_search.jl:3
WARNING: Base.RemoteChannel is deprecated: it has been moved to the standard library package `Distributed`.
Add `using Distributed` to your imports.
  likely near /home/vagrant/.julia/v0.7/NODAL/test/iterated_local_search.jl:3
WARNING: Base.RemoteChannel is deprecated: it has been moved to the standard library package `Distributed`.
Add `using Distributed` to your imports.
  likely near /home/vagrant/.julia/v0.7/NODAL/test/iterated_local_search.jl:3
WARNING: Base.RemoteChannel is deprecated: it has been moved to the standard library package `Distributed`.
Add `using Distributed` to your imports.
  likely near /home/vagrant/.julia/v0.7/NODAL/test/iterated_local_search.jl:3
WARNING: Base.RemoteChannel is deprecated: it has been moved to the standard library package `Distributed`.
Add `using Distributed` to your imports.
  likely near /home/vagrant/.julia/v0.7/NODAL/test/iterated_local_search.jl:3
WARNING: Base.RemoteChannel is deprecated: it has been moved to the standard library package `Distributed`.
Add `using Distributed` to your imports.
  likely near /home/vagrant/.julia/v0.7/NODAL/test/iterated_local_search.jl:3
WARNING: Base.RemoteChannel is deprecated: it has been moved to the standard library package `Distributed`.
Add `using Distributed` to your imports.
  likely near /home/vagrant/.julia/v0.7/NODAL/test/iterated_local_search.jl:3
[Result]
Cost              : 1.0
Found in Iteration: 1
Current Iteration : 7
Technique         : Initialize
Function Calls    : 1
  ***
[Result]
Cost              : 1.0
Found in Iteration: 1
Current Iteration : 15286
Technique         : Initialize
Function Calls    : 1
  ***
[Result]
Cost              : 1.0
Found in Iteration: 1
Current Iteration : 35309
Technique         : Initialize
Function Calls    : 1
  ***
[Final Result]
Cost                  : 1.0
Found in Iteration    : 1
Current Iteration     : 54378
Technique             : Initialize
Function Calls        : 1
Starting Configuration:
  [Configuration]
  name      : rosenbrock_config
  parameters:
    [NumberParameter]
    name : i0
    min  : -2.000000
    max  : 2.000000
    value: 0.000000
    ***
    [NumberParameter]
    name : i1
    min  : -2.000000
    max  : 2.000000
    value: 0.000000
Minimum Configuration :
  [Configuration]
  name      : rosenbrock_config
  parameters:
    [NumberParameter]
    name : i0
    min  : -2.000000
    max  : 2.000000
    value: 0.000000
    ***
    [NumberParameter]
    name : i1
    min  : -2.000000
    max  : 2.000000
    value: 0.000000
1.0
Test Summary: | Pass  Total
Search        |    3      3
Test Summary: | Pass  Total
unit_value    |    6      6
[ Info: NODAL tests passed

>>> End of log
