>>> 'Pkg.add("NPZ")' log
INFO: Cloning cache of NPZ from https://github.com/fhs/NPZ.jl.git
INFO: Installing NPZ v0.2.0
INFO: Installing ZipFile v0.4.0
INFO: Package database updated

>>> 'Pkg.test("NPZ")' log
Julia Version 0.6.0
Commit 9036443 (2017-06-19 13:05 UTC)
Platform Info:
  OS: Linux (x86_64-pc-linux-gnu)
  CPU: Intel(R) Xeon(R) CPU E3-1241 v3 @ 3.50GHz
  WORD_SIZE: 64
           Ubuntu 14.04.5 LTS
  uname: Linux 3.13.0-128-generic #177-Ubuntu SMP Tue Aug 8 11:40:23 UTC 2017 x86_64 x86_64
Memory: 2.9392738342285156 GB (1036.5546875 MB free)
Uptime: 28839.0 sec
Load Avg:  0.94091796875  0.970703125  1.029296875
Intel(R) Xeon(R) CPU E3-1241 v3 @ 3.50GHz: 
       speed         user         nice          sys         idle          irq
#1  3499 MHz    1880958 s       7922 s      89845 s     455655 s         21 s
#2  3499 MHz     418156 s         42 s      46839 s    2369743 s          0 s

  BLAS: libopenblas (USE64BITINT DYNAMIC_ARCH NO_AFFINITY Nehalem)
  LAPACK: libopenblas64_
  LIBM: libopenlibm
  LLVM: libLLVM-3.9.1 (ORCJIT, haswell)
Environment:
  TERM = vt100
  LD_LIBRARY_PATH = :/usr/local/lib/
  PATH = /usr/local/sbin:/usr/local/bin:/usr/sbin:/usr/bin:/sbin:/bin:/usr/games:/usr/local/games:/home/vagrant/julia/bin/
  JAVA_HOME = /usr/lib/jvm/java-8-openjdk-amd64
  HOME = /home/vagrant

Package Directory: /home/vagrant/.julia/v0.6
2 required packages:
 - JSON                          0.13.0
 - NPZ                           0.2.0
2 additional packages:
 - Compat                        0.30.0
 - ZipFile                       0.4.0
INFO: Testing NPZ
WARNING: Compat.UTF8String is deprecated, use String instead.
  likely near /home/vagrant/.julia/v0.6/ZipFile/src/ZipFile.jl:67
WARNING: Compat.UTF8String is deprecated, use String instead.
  likely near /home/vagrant/.julia/v0.6/ZipFile/src/ZipFile.jl:69
WARNING: Compat.UTF8String is deprecated, use String instead.
  likely near /home/vagrant/.julia/v0.6/ZipFile/src/ZipFile.jl:97
WARNING: Compat.UTF8String is deprecated, use String instead.
  likely near /home/vagrant/.julia/v0.6/ZipFile/src/ZipFile.jl:123
WARNING: Compat.UTF8String is deprecated, use String instead.
  likely near /home/vagrant/.julia/v0.6/NPZ/test/runtests.jl:53
WARNING: Compat.UTF8String is deprecated, use String instead.
  likely near /home/vagrant/.julia/v0.6/NPZ/test/runtests.jl:53
WARNING: Compat.UTF8String is deprecated, use String instead.
  likely near /home/vagrant/.julia/v0.6/NPZ/test/runtests.jl:53
WARNING: Compat.UTF8String is deprecated, use String instead.
  likely near /home/vagrant/.julia/v0.6/NPZ/test/runtests.jl:53
WARNING: Compat.UTF8String is deprecated, use String instead.
  likely near /home/vagrant/.julia/v0.6/NPZ/test/runtests.jl:53
WARNING: Compat.UTF8String is deprecated, use String instead.
  likely near /home/vagrant/.julia/v0.6/NPZ/test/runtests.jl:53
WARNING: Compat.UTF8String is deprecated, use String instead.
  likely near /home/vagrant/.julia/v0.6/NPZ/test/runtests.jl:54
WARNING: Compat.UTF8String is deprecated, use String instead.
  likely near /home/vagrant/.julia/v0.6/NPZ/test/runtests.jl:54
WARNING: Compat.UTF8String is deprecated, use String instead.
  likely near /home/vagrant/.julia/v0.6/NPZ/test/runtests.jl:54
WARNING: Compat.UTF8String is deprecated, use String instead.
  likely near /home/vagrant/.julia/v0.6/NPZ/test/runtests.jl:54
WARNING: Compat.UTF8String is deprecated, use String instead.
  likely near /home/vagrant/.julia/v0.6/NPZ/test/runtests.jl:54
WARNING: Compat.UTF8String is deprecated, use String instead.
  likely near /home/vagrant/.julia/v0.6/NPZ/test/runtests.jl:54
WARNING: Compat.UTF8String is deprecated, use String instead.
  likely near /home/vagrant/.julia/v0.6/NPZ/test/runtests.jl:54
INFO: NPZ tests passed

>>> End of log
