>>> 'Pkg.add("NumberedLines")' log
INFO: Cloning cache of NumberedLines from https://github.com/bramtayl/NumberedLines.jl.git
INFO: Installing NumberedLines v0.0.2
INFO: Package database updated

>>> 'Pkg.test("NumberedLines")' log
Julia Version 0.6.0-pre.alpha.116
Commit 0e970f0 (2017-03-10 19:40 UTC)
Platform Info:
  OS: Linux (x86_64-pc-linux-gnu)
  CPU: Intel(R) Xeon(R) CPU E3-1241 v3 @ 3.50GHz
  WORD_SIZE: 64
           Ubuntu 14.04.5 LTS
  uname: Linux 3.13.0-112-generic #159-Ubuntu SMP Fri Mar 3 15:26:07 UTC 2017 x86_64 x86_64
Memory: 2.9392738342285156 GB (842.8125 MB free)
Uptime: 10255.0 sec
Load Avg:  0.99169921875  0.962890625  0.95458984375
Intel(R) Xeon(R) CPU E3-1241 v3 @ 3.50GHz: 
       speed         user         nice          sys         idle          irq
#1  3507 MHz     549639 s       6469 s      44403 s     306897 s         12 s
#2  3507 MHz     175820 s        162 s      22448 s     805795 s          0 s

  BLAS: libopenblas (USE64BITINT DYNAMIC_ARCH NO_AFFINITY Nehalem)
  LAPACK: libopenblas64_
  LIBM: libopenlibm
  LLVM: libLLVM-3.9.1 (ORCJIT, haswell)
Environment:
  TERM = vt100
  LD_LIBRARY_PATH = :/usr/local/lib/
  PATH = /usr/local/sbin:/usr/local/bin:/usr/sbin:/usr/bin:/sbin:/bin:/usr/games:/usr/local/games:/home/vagrant/julia/bin/
  JAVA_HOME = /usr/lib/jvm/java-7-oracle
  HOME = /home/vagrant

Package Directory: /home/vagrant/.julia/v0.6
2 required packages:
 - JSON                          0.8.3
 - NumberedLines                 0.0.2
1 additional packages:
 - Compat                        0.20.0
INFO: Computing test dependencies for NumberedLines...
INFO: Installing DocStringExtensions v0.3.1
INFO: Installing Documenter v0.9.1
INFO: Testing NumberedLines

WARNING: deprecated syntax "_ as an rvalue".
Documenter: setting up build directory.
Documenter: expanding markdown templates.
Documenter: building cross-references.
Documenter: running document checks.
 > checking for missing docstrings.
 > running doctests.
 > checking footnote links.
Documenter: populating indices.
Documenter: rendering document.
INFO: NumberedLines tests passed
INFO: Removing DocStringExtensions v0.3.1
INFO: Removing Documenter v0.9.1

>>> End of log
