Tests exist, ran 'julia runtests.jl', failed!
INFO: Installing ArrayViews v0.4.2
INFO: Installing NumericExtensions v0.6.1
INFO: Installing NumericFuns v0.2.2
INFO: Package database updated
WARNING: @test_throws without an exception type is deprecated
	 Use @test_throws ErrorException mapshape((3,),(4,))
 in backtrace at error.jl:30
WARNING: @test_throws without an exception type is deprecated
	 Use @test_throws ErrorException mapshape((3,1),(2,))
 in backtrace at error.jl:30
	 Use @test_throws ErrorException mapshape((3,4),(3,4),(3,5))
 in backtrace at error.jl:30
ERROR: arrayref not defined
 in copy! at multidimensional.jl:150
 in copy at abstractarray.jl:202
 in anonymous at no file:63
 in anonymous at no file:22
 in include_from_node1 at loading.jl:128
while loading /home/idunning/pkgtest/.julia/v0.3/NumericExtensions/test/map.jl, in expression starting on line 62
while loading /home/idunning/pkgtest/.julia/v0.3/NumericExtensions/runtests.jl, in expression starting on line 19
INFO: Package database updated
