>>> 'Pkg.add("NumericIO")' log
WARNING: Base.Pkg is deprecated, run `using Pkg` instead.
 in module Main
[ Info: Installing NumericIO v0.2.0
[ Info: Package database updated
┌ Info: METADATA is out-of-date — you may not have the latest version of NumericIO
└ Use `Pkg.update()` to get the latest versions of your packages

>>> 'Pkg.test("NumericIO")' log
WARNING: Base.versioninfo is deprecated: it has been moved to the standard library package `InteractiveUtils`.
Add a `using InteractiveUtils` to your imports..
 in module Main
WARNING: Base.versioninfo is deprecated: it has been moved to the standard library package `InteractiveUtils`.
Add a `using InteractiveUtils` to your imports..
 in module Main
Julia Version 0.7.0-DEV.3715
Commit a1bec2a6e1 (2018-02-04 17:54 UTC)
Platform Info:
  OS: Linux (x86_64-pc-linux-gnu)
      Ubuntu 14.04.5 LTS
  uname: Linux 3.13.0-135-generic #184-Ubuntu SMP Wed Oct 18 11:55:51 UTC 2017 x86_64 x86_64
  CPU: Intel(R) Xeon(R) CPU E3-1241 v3 @ 3.50GHz: 
              speed         user         nice          sys         idle          irq
       #1  3492 MHz    5165282 s       8037 s     257476 s    1398299 s         90 s
       #2  3492 MHz    1421008 s        430 s     131401 s    6258906 s          1 s
       
  Memory: 2.93927001953125 GB (677.40625 MB free)
  Uptime: 79626.0 sec
  Load Avg:  1.00537109375  1.0146484375  1.04541015625
  WORD_SIZE: 64
  LIBM: libopenlibm
  LLVM: libLLVM-3.9.1 (ORCJIT, haswell)
Environment:
  TERM = vt100
  LD_LIBRARY_PATH = :/usr/local/lib/
  PATH = /usr/local/sbin:/usr/local/bin:/usr/sbin:/usr/bin:/sbin:/bin:/usr/games:/usr/local/games:/home/vagrant/julia/bin/
  JAVA_HOME = /usr/lib/jvm/java-8-openjdk-amd64
  HOME = /home/vagrant
Packages:
  Package Directory: /home/vagrant/.julia/v0.7
  Package Status:
2 required packages:
 - JSON                          0.16.4
 - NumericIO                     0.2.0
2 additional packages:
 - Compat                        0.52.0
 - Nullables                     0.0.3
WARNING: Base.Pkg is deprecated, run `using Pkg` instead.
 in module Main
[ Info: Testing NumericIO
WARNING: Base.Test is deprecated, run `using Test` instead.
  likely near /home/vagrant/.julia/v0.7/NumericIO/test/runtests.jl:2
┌ Warning: Deprecated syntax `implicit assignment to global variable `_exp``.
│ Use `global _exp` instead.
└ @ nothing none:0
┌ Warning: Deprecated syntax `implicit assignment to global variable `v``.
│ Use `global v` instead.
└ @ nothing none:0
┌ Warning: Deprecated syntax `implicit assignment to global variable `_ndigits``.
│ Use `global _ndigits` instead.
└ @ nothing none:0
┌ Warning: Deprecated syntax `implicit assignment to global variable `_exp``.
│ Use `global _exp` instead.
└ @ nothing none:0
┌ Warning: Deprecated syntax `implicit assignment to global variable `v``.
│ Use `global v` instead.
└ @ nothing none:0
┌ Warning: Deprecated syntax `implicit assignment to global variable `_ndigits``.
│ Use `global _ndigits` instead.
└ @ nothing none:0
┌ Warning: Loop variable `_exp` around /home/vagrant/.julia/v0.7/NumericIO/test/runtests.jl:12 overwrites a variable in an enclosing scope. In the future the variable will be local to the loop instead.
└ @ nothing runtests.jl:12
┌ Warning: Loop variable `_ndigits` around /home/vagrant/.julia/v0.7/NumericIO/test/runtests.jl:18 overwrites a variable in an enclosing scope. In the future the variable will be local to the loop instead.
└ @ nothing runtests.jl:18
┌ Warning: Loop variable `_exp` around /home/vagrant/.julia/v0.7/NumericIO/test/runtests.jl:21 overwrites a variable in an enclosing scope. In the future the variable will be local to the loop instead.
└ @ nothing runtests.jl:21
┌ Warning: Loop variable `_ndigits` around /home/vagrant/.julia/v0.7/NumericIO/test/runtests.jl:30 overwrites a variable in an enclosing scope. In the future the variable will be local to the loop instead.
└ @ nothing runtests.jl:30
┌ Warning: `isnumber(c::Char)` is deprecated, use `isnumeric(c)` instead.
│   caller = print_formatted_exp(::Base.GenericIOBuffer{Array{UInt8,1}}, ::NumericIO.IOFormattingExpNum, ::Int64) at NumericIO.jl:320
└ @ NumericIO NumericIO.jl:320
[ Info: NumericIO tests passed

>>> End of log
