>>> 'Pkg.add("NumericFuns")' log
INFO: Installing NumericFuns v0.2.4
INFO: Package database updated

>>> 'Pkg.test("NumericFuns")' log
Julia Version 0.4.7
Commit ae26b25 (2016-09-18 16:17 UTC)
Platform Info:
  System: Linux (x86_64-pc-linux-gnu)
  CPU: Intel(R) Xeon(R) CPU E3-1241 v3 @ 3.50GHz
  WORD_SIZE: 64
           Ubuntu 14.04.5 LTS
  uname: Linux 3.13.0-119-generic #166-Ubuntu SMP Wed May 3 12:18:55 UTC 2017 x86_64 x86_64
Memory: 2.9392738342285156 GB (478.890625 MB free)
Uptime: 16917.0 sec
Load Avg:  1.037109375  0.97021484375  1.1025390625
Intel(R) Xeon(R) CPU E3-1241 v3 @ 3.50GHz: 
       speed         user         nice          sys         idle          irq
#1  3500 MHz     814393 s       1656 s      68293 s     636407 s         30 s
#2  3500 MHz     585216 s       4444 s      59160 s     988238 s          1 s

  BLAS: libopenblas (USE64BITINT DYNAMIC_ARCH NO_AFFINITY Nehalem)
  LAPACK: libopenblas64_
  LIBM: libopenlibm
  LLVM: libLLVM-3.3
Environment:
  TERM = vt100
  LD_LIBRARY_PATH = :/usr/local/lib/
  PATH = /usr/local/sbin:/usr/local/bin:/usr/sbin:/usr/bin:/sbin:/bin:/usr/games:/usr/local/games:/home/vagrant/julia/bin/
  JAVA_HOME = /usr/lib/jvm/java-7-oracle
  HOME = /home/vagrant

Package Directory: /home/vagrant/.julia/v0.4
2 required packages:
 - JSON                          0.9.1
 - NumericFuns                   0.2.4
1 additional packages:
 - Compat                        0.26.0
INFO: Testing NumericFuns
running mathfuns.jl ...
running functors.jl ...
    macros
    arithmetic operators
    comparison operators
    logical operators
    bitwise operators
    arithmetic functions
    rounding functions
    algebraic functions
    trancendental functions
    special functions
running rtypes.jl ...
    fptype
    arithmetics (unary)
    arithmetics (binary)
        NumericFuns.Add
        NumericFuns.Subtract
        NumericFuns.Multiply
        NumericFuns.Divide
        NumericFuns.RDivide
        NumericFuns.Pow
    arithmetics (quotient & modulo)
        NumericFuns.DivFun
        NumericFuns.FldFun
        NumericFuns.RemFun
        NumericFuns.ModFun
        NumericFuns.MaxFun
        NumericFuns.MinFun
    comparison operators
        NumericFuns.LT
        NumericFuns.GT
        NumericFuns.LE
        NumericFuns.GE
        NumericFuns.EQ
        NumericFuns.NE
    logical operators
    bitwise operators
    rounding functions
    number classification
    algebraic functions
    exponential & logarithm
    trigonometric functions
    hyperbolic functions
    error functions & friends
    gamma & friends
    beta & lbeta
    airy & friends
    bessel & friends
INFO: NumericFuns tests passed

>>> End of log
