>>> 'Pkg.add("NumericExtensions")' log
INFO: Installing ArrayViews v0.4.6
INFO: Installing NumericExtensions v0.6.2
INFO: Installing NumericFuns v0.2.3
INFO: Package database updated
INFO: METADATA is out-of-date a you may not have the latest version of NumericExtensions
INFO: Use `Pkg.update()` to get the latest versions of your packages

>>> 'using NumericExtensions' log
Warning: could not import Base.add! into NumericExtensions

WARNING: deprecated syntax "(ASCIIString=>Int)[]" at /home/idunning/pkgtest/.julia/v0.4/NumericExtensions/src/benchmark.jl:16.
Use "Dict{ASCIIString,Int}()" instead.
Julia Version 0.4.0-dev+998
Commit e24fac0 (2014-10-07 22:02 UTC)
Platform Info:
  System: Linux (x86_64-unknown-linux-gnu)
  CPU: Intel(R) Xeon(R) CPU E5-2650 0 @ 2.00GHz
  WORD_SIZE: 64
  BLAS: libopenblas (USE64BITINT DYNAMIC_ARCH NO_AFFINITY Sandybridge)
  LAPACK: libopenblas
  LIBM: libopenlibm
  LLVM: libLLVM-3.3

>>> test log
Warning: could not import Base.add! into NumericExtensions

WARNING: deprecated syntax "(ASCIIString=>Int)[]" at /home/idunning/pkgtest/.julia/v0.4/NumericExtensions/src/benchmark.jl:16.
Use "Dict{ASCIIString,Int}()" instead.
Running test/shapes.jl ...
Running test/diagop.jl ...
Running test/map.jl ...
  -- unary functions
  -- binary functions
  -- mapdiff functions
  -- ternary functions
Running test/vbroadcast.jl ...
Running test/utils.jl ...
Running test/rkernels.jl ...
Running test/reduce.jl ...
Running test/folddim.jl ...
Running test/reducedim.jl ...
  -- basic functions
  -- derived functions
Running test/norms.jl ...
Running test/scan.jl ...
Running test/statistics.jl ...
Running test/wsum.jl ...

>>> end of log
