>>> 'Pkg.add("NURBS")' log
INFO: Cloning cache of NURBS from https://github.com/TheBB/NURBS.jl.git
INFO: Installing Iterators v0.1.10
INFO: Installing NURBS v0.0.1
INFO: Package database updated

>>> 'Pkg.test("NURBS")' log
Julia Version 0.6.0-dev.2635
Commit dc2459d (2017-02-13 07:46 UTC)
Platform Info:
  OS: Linux (x86_64-pc-linux-gnu)
  CPU: Intel(R) Xeon(R) CPU E3-1241 v3 @ 3.50GHz
  WORD_SIZE: 64
           Ubuntu 14.04.5 LTS
  uname: Linux 3.13.0-108-generic #155-Ubuntu SMP Wed Jan 11 16:58:52 UTC 2017 x86_64 x86_64
Memory: 2.9392738342285156 GB (1271.60546875 MB free)
Uptime: 9781.0 sec
Load Avg:  0.9921875  0.9853515625  0.91162109375
Intel(R) Xeon(R) CPU E3-1241 v3 @ 3.50GHz: 
       speed         user         nice          sys         idle          irq
#1  3503 MHz     502135 s       1393 s      48587 s     314334 s         36 s
#2  3503 MHz     140702 s       5638 s      26544 s     777067 s          0 s

  BLAS: libopenblas (USE64BITINT DYNAMIC_ARCH NO_AFFINITY Nehalem)
  LAPACK: libopenblas64_
  LIBM: libopenlibm
  LLVM: libLLVM-3.9.1 (ORCJIT, haswell)
Environment:
  TERM = vt100
  LD_LIBRARY_PATH = :/usr/local/lib/
  PATH = /usr/local/sbin:/usr/local/bin:/usr/sbin:/usr/bin:/sbin:/bin:/usr/games:/usr/local/games:/home/vagrant/julia/bin/
  JAVA_HOME = /usr/lib/jvm/java-7-oracle
  HOME = /home/vagrant

Package Directory: /home/vagrant/.julia/v0.6
2 required packages:
 - JSON                          0.8.3
 - NURBS                         0.0.1
2 additional packages:
 - Compat                        0.19.0
 - Iterators                     0.1.10
INFO: Testing NURBS
ERROR: LoadError: LoadError: LoadError: function type in method definition is not a type
Stacktrace:
 [1] include_from_node1(::String) at ./loading.jl:539
 [2] include(::String) at ./sysimg.jl:14
 [3] include_from_node1(::String) at ./loading.jl:539
while loading /home/vagrant/.julia/v0.6/NURBS/src/Bases.jl, in expression starting on line 40
while loading /home/vagrant/.julia/v0.6/NURBS/src/NURBS.jl, in expression starting on line 4
while loading /home/vagrant/.julia/v0.6/NURBS/test/runtests.jl, in expression starting on line 3
================================[ ERROR: NURBS ]================================

failed process: Process(`/home/vagrant/julia/bin/julia -Cx86-64 -J/home/vagrant/julia/lib/julia/sys.so --compile=yes --depwarn=yes --check-bounds=yes --code-coverage=none --color=no --compilecache=yes /home/vagrant/.julia/v0.6/NURBS/test/runtests.jl`, ProcessExited(1)) [1]

================================================================================
ERROR: NURBS had test errors

>>> End of log
