>>> 'Pkg.add("NURBS")' log
INFO: Cloning cache of NURBS from git://github.com/TheBB/NURBS.jl.git
INFO: Installing Iterators v0.1.8
INFO: Installing NURBS v0.0.1
INFO: Package database updated
INFO: METADATA is out-of-date — you may not have the latest version of NURBS
INFO: Use `Pkg.update()` to get the latest versions of your packages

>>> 'Pkg.test("NURBS")' log
Julia Version 0.4.0-pre+7304
Commit b3a1be5 (2015-09-05 13:59 UTC)
Platform Info:
  System: Linux (x86_64-unknown-linux-gnu)
  CPU: Intel(R) Core(TM) i5-2500K CPU @ 3.30GHz
  WORD_SIZE: 64
  BLAS: libopenblas (USE64BITINT DYNAMIC_ARCH NO_AFFINITY Sandybridge)
  LAPACK: libopenblas
  LIBM: libopenlibm
  LLVM: libLLVM-3.3
INFO: Testing NURBS
WARNING: module Utils should explicitly import == from Base
WARNING: module Utils should explicitly import ⊆ from Base
WARNING: module Utils should explicitly import ⊈ from Base
WARNING: module Utils should explicitly import ⊊ from Base
INFO: Testing NURBS.Bases
WARNING: [a,b,...] concatenation is deprecated; use [a;b;...] instead
 in depwarn at ./deprecated.jl:73
 in oldstyle_vcat_warning at ./abstractarray.jl:29
 in call at /home/vagrant/.julia/v0.4/NURBS/src/BSplineBasis.jl:14
 in call at /home/vagrant/.julia/v0.4/NURBS/src/BSplineBasis.jl:7
 in include at ./boot.jl:260
 in include_from_node1 at ./loading.jl:271
 in include at ./boot.jl:260
 in include_from_node1 at ./loading.jl:271
 in process_options at ./client.jl:308
 in _start at ./client.jl:411
while loading /home/vagrant/.julia/v0.4/NURBS/test/BSplineBasis.jl, in expression starting on line 12
WARNING: [a,b,...] concatenation is deprecated; use [a;b;...] instead
 in depwarn at ./deprecated.jl:73
 in oldstyle_vcat_warning at ./abstractarray.jl:29
 in call at /home/vagrant/.julia/v0.4/NURBS/src/BSplineBasis.jl:14
 in call at /home/vagrant/.julia/v0.4/NURBS/src/BSplineBasis.jl:25
 in include at ./boot.jl:260
 in include_from_node1 at ./loading.jl:271
 in include at ./boot.jl:260
 in include_from_node1 at ./loading.jl:271
 in process_options at ./client.jl:308
 in _start at ./client.jl:411
while loading /home/vagrant/.julia/v0.4/NURBS/test/BSplineBasis.jl, in expression starting on line 32
WARNING: [a,b,...] concatenation is deprecated; use [a;b;...] instead
 in depwarn at ./deprecated.jl:73
 in oldstyle_vcat_warning at ./abstractarray.jl:29
 in call at /home/vagrant/.julia/v0.4/NURBS/src/BSplineBasis.jl:14
 in call at /home/vagrant/.julia/v0.4/NURBS/src/BSplineBasis.jl:25
 in include at ./boot.jl:260
 in include_from_node1 at ./loading.jl:271
 in include at ./boot.jl:260
 in include_from_node1 at ./loading.jl:271
 in process_options at ./client.jl:308
 in _start at ./client.jl:411
while loading /home/vagrant/.julia/v0.4/NURBS/test/BSplineBasis.jl, in expression starting on line 41
WARNING: [a,b,...] concatenation is deprecated; use [a;b;...] instead
 in depwarn at ./deprecated.jl:73
 in oldstyle_vcat_warning at ./abstractarray.jl:29
 in call at /home/vagrant/.julia/v0.4/NURBS/src/BSplineBasis.jl:14
 in call at /home/vagrant/.julia/v0.4/NURBS/src/BSplineBasis.jl:25
 in include at ./boot.jl:260
 in include_from_node1 at ./loading.jl:271
 in include at ./boot.jl:260
 in include_from_node1 at ./loading.jl:271
 in process_options at ./client.jl:308
 in _start at ./client.jl:411
while loading /home/vagrant/.julia/v0.4/NURBS/test/BSplineBasis.jl, in expression starting on line 46
WARNING: [a,b,...] concatenation is deprecated; use [a;b;...] instead
 in depwarn at ./deprecated.jl:73
 in oldstyle_vcat_warning at ./abstractarray.jl:29
 in call at /home/vagrant/.julia/v0.4/NURBS/src/BSplineBasis.jl:14
 in call at /home/vagrant/.julia/v0.4/NURBS/src/BSplineBasis.jl:25
 in include at ./boot.jl:260
 in include_from_node1 at ./loading.jl:271
 in include at ./boot.jl:260
 in include_from_node1 at ./loading.jl:271
 in process_options at ./client.jl:308
 in _start at ./client.jl:411
while loading /home/vagrant/.julia/v0.4/NURBS/test/BSplineBasis.jl, in expression starting on line 75
WARNING: [a,b,...] concatenation is deprecated; use [a;b;...] instead
 in depwarn at ./deprecated.jl:73
 in oldstyle_vcat_warning at ./abstractarray.jl:29
 in call at /home/vagrant/.julia/v0.4/NURBS/src/BSplineBasis.jl:14
 in call at /home/vagrant/.julia/v0.4/NURBS/src/BSplineBasis.jl:25
 in include at ./boot.jl:260
 in include_from_node1 at ./loading.jl:271
 in include at ./boot.jl:260
 in include_from_node1 at ./loading.jl:271
 in process_options at ./client.jl:308
 in _start at ./client.jl:411
while loading /home/vagrant/.julia/v0.4/NURBS/test/BSplineBasis.jl, in expression starting on line 83
WARNING: [a,b,...] concatenation is deprecated; use [a;b;...] instead
 in depwarn at ./deprecated.jl:73
 in oldstyle_vcat_warning at ./abstractarray.jl:29
 in call at /home/vagrant/.julia/v0.4/NURBS/src/BSplineBasis.jl:14
 in call at /home/vagrant/.julia/v0.4/NURBS/src/BSplineBasis.jl:25
 in include at ./boot.jl:260
 in include_from_node1 at ./loading.jl:271
 in include at ./boot.jl:260
 in include_from_node1 at ./loading.jl:271
 in process_options at ./client.jl:308
 in _start at ./client.jl:411
while loading /home/vagrant/.julia/v0.4/NURBS/test/BSplineBasis.jl, in expression starting on line 88
WARNING: [a,b,...] concatenation is deprecated; use [a;b;...] instead
 in depwarn at ./deprecated.jl:73
 in oldstyle_vcat_warning at ./abstractarray.jl:29
 in call at /home/vagrant/.julia/v0.4/NURBS/src/BSplineBasis.jl:14
 in call at /home/vagrant/.julia/v0.4/NURBS/src/BSplineBasis.jl:7
 in include at ./boot.jl:260
 in include_from_node1 at ./loading.jl:271
 in include at ./boot.jl:260
 in include_from_node1 at ./loading.jl:271
 in process_options at ./client.jl:308
 in _start at ./client.jl:411
while loading /home/vagrant/.julia/v0.4/NURBS/test/BSplineBasis.jl, in expression starting on line 95
WARNING: [a,b,...] concatenation is deprecated; use [a;b;...] instead
 in depwarn at ./deprecated.jl:73
 in oldstyle_vcat_warning at ./abstractarray.jl:29
 in call at /home/vagrant/.julia/v0.4/NURBS/src/BSplineBasis.jl:14
 in call at /home/vagrant/.julia/v0.4/NURBS/src/BSplineBasis.jl:25
 in include at ./boot.jl:260
 in include_from_node1 at ./loading.jl:271
 in include at ./boot.jl:260
 in include_from_node1 at ./loading.jl:271
 in process_options at ./client.jl:308
 in _start at ./client.jl:411
while loading /home/vagrant/.julia/v0.4/NURBS/test/BSplineBasis.jl, in expression starting on line 116
ERROR: LoadError: LoadError: MethodError: `getindex` has no method matching getindex(::Tuple{DataType,DataType})
Closest candidates are:
  getindex(::Tuple, !Matched::Int64)
  getindex(::Tuple, !Matched::Real)
  getindex(::Tuple, !Matched::AbstractArray{Bool,N})
  ...
 in call at /home/vagrant/.julia/v0.4/NURBS/src/Bases.jl:52
 in testeval_mnn at /home/vagrant/.julia/v0.4/NURBS/test/BSplineBasis.jl:103
 in include at ./boot.jl:260
 in include_from_node1 at ./loading.jl:271
 in include at ./boot.jl:260
 in include_from_node1 at ./loading.jl:271
 in process_options at ./client.jl:308
 in _start at ./client.jl:411
while loading /home/vagrant/.julia/v0.4/NURBS/test/BSplineBasis.jl, in expression starting on line 118
while loading /home/vagrant/.julia/v0.4/NURBS/test/runtests.jl, in expression starting on line 5
================================[ ERROR: NURBS ]================================

failed process: Process(`/home/vagrant/julia/bin/julia --check-bounds=yes --code-coverage=none --color=no /home/vagrant/.julia/v0.4/NURBS/test/runtests.jl`, ProcessExited(1)) [1]

================================================================================
ERROR: NURBS had test errors
 in error at ./error.jl:21
 [inlined code] from pkg/entry.jl:753
 in __test#412__ at no file:0
 in test at no file
 in anonymous at pkg/dir.jl:31
 in cd at file.jl:22
 [inlined code] from pkg/dir.jl:31
 in __cd#396__ at no file:0
 in cd at no file
 in __test#420__ at no file
 in test at no file
 in process_options at ./client.jl:284
 in _start at ./client.jl:411

>>> End of log
