>>> 'Pkg.add("OAuth")' log
INFO: Cloning cache of HTTP from https://github.com/JuliaWeb/HTTP.jl.git
INFO: Cloning cache of OAuth from https://github.com/randyzwitch/OAuth.jl.git
INFO: Installing BinDeps v0.8.2
INFO: Installing FactCheck v0.4.3
INFO: Installing HTTP v0.5.7
INFO: Installing MbedTLS v0.5.2
INFO: Installing Nettle v0.3.0
INFO: Installing OAuth v0.6.1
INFO: Installing SHA v0.5.2
INFO: Installing URIParser v0.3.0
INFO: Building MbedTLS
Using system libraries...
INFO: Building Nettle
INFO: Package database updated

>>> 'Pkg.test("OAuth")' log
Julia Version 0.6.2
Commit d386e40c17 (2017-12-13 18:08 UTC)
Platform Info:
  OS: Linux (x86_64-pc-linux-gnu)
  CPU: Intel(R) Xeon(R) CPU E3-1241 v3 @ 3.50GHz
  WORD_SIZE: 64
           Ubuntu 14.04.5 LTS
  uname: Linux 3.13.0-135-generic #184-Ubuntu SMP Wed Oct 18 11:55:51 UTC 2017 x86_64 x86_64
Memory: 2.93927001953125 GB (1229.9765625 MB free)
Uptime: 44511.0 sec
Load Avg:  0.97802734375  0.97216796875  1.08154296875
Intel(R) Xeon(R) CPU E3-1241 v3 @ 3.50GHz: 
       speed         user         nice          sys         idle          irq
#1  3499 MHz    2821027 s        113 s     134424 s     891783 s         53 s
#2  3499 MHz     948349 s       6432 s      87330 s    3321485 s          0 s

  BLAS: libopenblas (USE64BITINT DYNAMIC_ARCH NO_AFFINITY Nehalem)
  LAPACK: libopenblas64_
  LIBM: libopenlibm
  LLVM: libLLVM-3.9.1 (ORCJIT, haswell)
Environment:
  TERM = vt100
  LD_LIBRARY_PATH = :/usr/local/lib/
  PATH = /usr/local/sbin:/usr/local/bin:/usr/sbin:/usr/bin:/sbin:/bin:/usr/games:/usr/local/games:/home/vagrant/julia/bin/
  JAVA_HOME = /usr/lib/jvm/java-8-openjdk-amd64
  HOME = /home/vagrant

Package Directory: /home/vagrant/.julia/v0.6
2 required packages:
 - JSON                          0.16.3
 - OAuth                         0.6.1
9 additional packages:
 - BinDeps                       0.8.2
 - Compat                        0.41.0
 - FactCheck                     0.4.3
 - HTTP                          0.5.7
 - MbedTLS                       0.5.2
 - Nettle                        0.3.0
 - Nullables                     0.0.1
 - SHA                           0.5.2
 - URIParser                     0.3.0
INFO: Testing OAuth

WARNING: deprecated syntax "abstract Result" at /home/vagrant/.julia/v0.6/FactCheck/src/FactCheck.jl:46.
Use "abstract type Result end" instead.
oauth_timestamp
  > returns a string
  > returns a value representing a time after 2014-01-25 20:25:00
2 facts verified.
ouath_nonce
  > returns a string
  > with a length equal to the parameter length
6 facts verified.
oauth_sign_hmac_sha1
  > provides a consistent string
1 fact verified.
oauth_signing_key
  > returns a concatenation of values, seperated by &
1 fact verified.
oauth_signature_base_string
  > returns a concatinated and percent-encoded string
1 fact verified.
oauth_percent_encode_keys!
  > replaces un-encoded keys with their encoded versions
1 fact verified.
oauth_serialize_url_parameters
  > returns an & concatinated string of key=value
1 fact verified.
encodeURI!
  > escapes all values in the parameters that are strings
1 fact verified.
oauth_body_hash_encode
  > returns the base64 encoded SHA1 digest of the data
1 fact verified.
oauth_body_hash_data
  > returns a string of the oauth_body_hash key-value pair 
1 fact verified.
oauth_body_hash_file
  > returns a string of the oauth_body_hash key-value pair 
1 fact verified.
INFO: OAuth tests passed

>>> End of log
