>>> 'Pkg.add("ODE")' log
INFO: Cloning cache of ODE from git://github.com/JuliaDiffEq/ODE.jl.git
INFO: Installing ODE v0.2.1
INFO: Installing Polynomials v0.0.5
INFO: Package database updated
INFO: METADATA is out-of-date — you may not have the latest version of ODE
INFO: Use `Pkg.update()` to get the latest versions of your packages

>>> 'Pkg.test("ODE")' log
Julia Version 0.3.12
Commit 80aa779 (2015-10-26 12:41 UTC)
Platform Info:
  System: Linux (x86_64-unknown-linux-gnu)
  CPU: Intel(R) Xeon(R) CPU E3-1241 v3 @ 3.50GHz
  WORD_SIZE: 64
           Ubuntu 14.04.5 LTS
  uname: Linux 3.13.0-96-generic #143-Ubuntu SMP Mon Aug 29 20:15:20 UTC 2016 x86_64 x86_64
Memory: 2.4471054077148438 GB (230.37109375 MB free)
Uptime: 8425.0 sec
Load Avg:  0.9267578125  1.0732421875  1.01416015625
Intel(R) Xeon(R) CPU E3-1241 v3 @ 3.50GHz: 
       speed         user         nice          sys         idle          irq
#1  3500 MHz     299297 s       7160 s      34365 s     413316 s         13 s
#2  3500 MHz     270148 s         62 s      32266 s     482960 s          0 s

  BLAS: libopenblas (USE64BITINT DYNAMIC_ARCH NO_AFFINITY Nehalem)
  LAPACK: libopenblas
  LIBM: libopenlibm
  LLVM: libLLVM-3.3
Environment:
  TERM = vt100
  LD_LIBRARY_PATH = :/usr/local/lib/
  PATH = /usr/local/sbin:/usr/local/bin:/usr/sbin:/usr/bin:/sbin:/bin:/usr/games:/usr/local/games:/home/vagrant/julia/bin/
  JAVA_HOME = /usr/lib/jvm/java-7-oracle
  HOME = /home/vagrant

Package Directory: /home/vagrant/.julia/v0.3
2 required packages:
 - JSON                          0.6.1
 - ODE                           0.2.1
2 additional packages:
 - Compat                        0.8.8
 - Polynomials                   0.0.5
INFO: Testing ODE
using ode1
using ode2_midpoint
using ode2_heun
using ode4
using ode4ms
using ode5ms
using ode23
using ode45_dp
using ode45_fe
using ode78
using ode4s_s
using ode4s_kr
using ode23s
ROBER test case
Testing interface for scalar-like state... ok.
All looks OK
INFO: ODE tests passed
INFO: No packages to install, update or remove

>>> End of log
