>>> 'Pkg.add("OEIS")' log
INFO: Cloning cache of OEIS from git://github.com/MurrayT/OEIS.jl.git
INFO: Installing BinDeps v0.3.12
INFO: Installing Codecs v0.1.4
INFO: Installing Dates v0.3.2
INFO: Installing GnuTLS v0.0.4
INFO: Installing HttpCommon v0.0.12
INFO: Installing HttpParser v0.0.11
INFO: Installing Nettle v0.1.8
INFO: Installing OEIS v0.0.1
INFO: Installing Requests v0.0.8
INFO: Installing SHA v0.0.4
INFO: Installing URIParser v0.0.5
INFO: Building Nettle
INFO: Building GnuTLS
INFO: Building HttpParser
INFO: Package database updated

>>> 'Pkg.test("OEIS")' log
INFO: Testing OEIS
WARNING: This version of the GnuTLS library (2.12.14) is deprecated
and contains known security vulnerabilities. Please upgrade to a
more recent version.
INFO: OEIS tests passed
INFO: No packages to install, update or remove

>>> End of log
