>>> 'Pkg.add("OEIS")' log
INFO: Cloning cache of OEIS from https://github.com/MurrayT/OEIS.jl.git
INFO: Installing BinDeps v0.8.8
INFO: Installing BinaryProvider v0.3.3
INFO: Installing BufferedStreams v0.4.1
INFO: Installing Codecs v0.4.0
INFO: Installing HttpCommon v0.4.0
INFO: Installing HttpParser v0.4.0
INFO: Installing Iterators v0.3.1
INFO: Installing Libz v0.4.0
INFO: Installing MbedTLS v0.5.12
INFO: Installing OEIS v0.0.2
INFO: Installing Requests v0.5.1
INFO: Installing SHA v0.5.7
INFO: Installing URIParser v0.3.1
INFO: Building HttpParser
INFO: Building MbedTLS
Info: using prebuilt binaries
INFO: Package database updated
INFO: METADATA is out-of-date — you may not have the latest version of OEIS
INFO: Use `Pkg.update()` to get the latest versions of your packages

>>> 'Pkg.test("OEIS")' log
Julia Version 0.6.4
Commit 9d11f62bcb (2018-07-09 19:09 UTC)
Platform Info:
  OS: Linux (x86_64-pc-linux-gnu)
  CPU: Intel(R) Xeon(R) CPU E3-1241 v3 @ 3.50GHz
  WORD_SIZE: 64
           Ubuntu 14.04.5 LTS
  uname: Linux 3.13.0-143-generic #192-Ubuntu SMP Tue Feb 27 10:45:36 UTC 2018 x86_64 x86_64
Memory: 2.939197540283203 GB (881.88671875 MB free)
Uptime: 84469.0 sec
Load Avg:  0.98876953125  0.9873046875  1.0400390625
Intel(R) Xeon(R) CPU E3-1241 v3 @ 3.50GHz: 
       speed         user         nice          sys         idle          irq
#1  3499 MHz    5364122 s         42 s     387279 s    1336990 s         31 s
#2  3499 MHz    1024626 s       5652 s     141366 s    7135975 s          0 s

  BLAS: libopenblas (USE64BITINT DYNAMIC_ARCH NO_AFFINITY Nehalem MAX_THREADS=16)
  LAPACK: libopenblas64_
  LIBM: libopenlibm
  LLVM: libLLVM-3.9.1 (ORCJIT, haswell)
Environment:
  TERM = vt100
  LD_LIBRARY_PATH = :/usr/local/lib/
  PATH = /usr/local/sbin:/usr/local/bin:/usr/sbin:/usr/bin:/sbin:/bin:/usr/games:/usr/local/games:/home/vagrant/julia/bin/
  JAVA_HOME = /usr/lib/jvm/java-8-openjdk-amd64
  HOME = /home/vagrant

Package Directory: /home/vagrant/.julia/v0.6
2 required packages:
 - JSON                          0.17.2
 - OEIS                          0.0.2
14 additional packages:
 - BinDeps                       0.8.8
 - BinaryProvider                0.3.3
 - BufferedStreams               0.4.1
 - Codecs                        0.4.0
 - Compat                        1.0.0
 - HttpCommon                    0.4.0
 - HttpParser                    0.4.0
 - Iterators                     0.3.1
 - Libz                          0.4.0
 - MbedTLS                       0.5.12
 - Nullables                     0.0.6
 - Requests                      0.5.1
 - SHA                           0.5.7
 - URIParser                     0.3.1
INFO: Testing OEIS
ERROR: LoadError: LoadError: UndefVarError: ASCIIString not defined
Stacktrace:
 [1] include_from_node1(::String) at ./loading.jl:576
while loading /home/vagrant/.julia/v0.6/OEIS/src/OEIS.jl, in expression starting on line 16
while loading /home/vagrant/.julia/v0.6/OEIS/test/runtests.jl, in expression starting on line 1
================================[ ERROR: OEIS ]=================================

failed process: Process(`/home/vagrant/julia/bin/julia -Cgeneric -J/home/vagrant/julia/lib/julia/sys.so --compile=yes --depwarn=yes --check-bounds=yes --code-coverage=none --color=no --compilecache=yes /home/vagrant/.julia/v0.6/OEIS/test/runtests.jl`, ProcessExited(1)) [1]

================================================================================
ERROR: OEIS had test errors

>>> End of log
