>>> 'Pkg.add("OffsetArrays")' log
INFO: Cloning cache of OffsetArrays from git://github.com/alsam/OffsetArrays.jl.git
INFO: Installing OffsetArrays v0.1.3
INFO: Package database updated
INFO: METADATA is out-of-date — you may not have the latest version of OffsetArrays
INFO: Use `Pkg.update()` to get the latest versions of your packages

>>> 'Pkg.test("OffsetArrays")' log
Julia Version 0.3.12
Commit 80aa779 (2015-10-26 12:41 UTC)
Platform Info:
  System: Linux (x86_64-unknown-linux-gnu)
  CPU: Intel(R) Xeon(R) CPU E3-1241 v3 @ 3.50GHz
  WORD_SIZE: 64
           Ubuntu 14.04.5 LTS
  uname: Linux 3.13.0-93-generic #140-Ubuntu SMP Mon Jul 18 21:21:05 UTC 2016 x86_64 x86_64
Memory: 2.4471054077148438 GB (360.40625 MB free)
Uptime: 8962.0 sec
Load Avg:  0.92236328125  0.982421875  0.94873046875
Intel(R) Xeon(R) CPU E3-1241 v3 @ 3.50GHz: 
       speed         user         nice          sys         idle          irq
#1  3499 MHz     316451 s         93 s      35637 s     451540 s         13 s
#2  3499 MHz     244838 s         58 s      31686 s     569710 s          2 s

  BLAS: libopenblas (USE64BITINT DYNAMIC_ARCH NO_AFFINITY Nehalem)
  LAPACK: libopenblas
  LIBM: libopenlibm
  LLVM: libLLVM-3.3
Environment:
  TERM = vt100
  LD_LIBRARY_PATH = :/usr/local/lib/
  PATH = /usr/local/sbin:/usr/local/bin:/usr/sbin:/usr/bin:/sbin:/bin:/usr/games:/usr/local/games:/home/vagrant/julia/bin/
  JAVA_HOME = /usr/lib/jvm/java-7-oracle
  HOME = /home/vagrant

Package Directory: /home/vagrant/.julia/v0.3
2 required packages:
 - JSON                          0.6.1
 - OffsetArrays                  0.1.3
1 additional packages:
 - Compat                        0.8.8
INFO: Testing OffsetArrays
INFO: OffsetArrays tests passed
INFO: No packages to install, update or remove

>>> End of log
