>>> 'Pkg.add("OffsetArrays")' log
INFO: Installing OffsetArrays v0.3.0
INFO: Package database updated
INFO: METADATA is out-of-date — you may not have the latest version of OffsetArrays
INFO: Use `Pkg.update()` to get the latest versions of your packages

>>> 'Pkg.test("OffsetArrays")' log
Julia Version 0.5.2
Commit f4c6c9d (2017-05-06 16:34 UTC)
Platform Info:
  OS: Linux (x86_64-pc-linux-gnu)
  CPU: Intel(R) Xeon(R) CPU E3-1241 v3 @ 3.50GHz
  WORD_SIZE: 64
           Ubuntu 14.04.5 LTS
  uname: Linux 3.13.0-128-generic #177-Ubuntu SMP Tue Aug 8 11:40:23 UTC 2017 x86_64 x86_64
Memory: 2.9392738342285156 GB (442.359375 MB free)
Uptime: 18323.0 sec
Load Avg:  0.9794921875  1.0341796875  1.06982421875
Intel(R) Xeon(R) CPU E3-1241 v3 @ 3.50GHz: 
       speed         user         nice          sys         idle          irq
#1  3500 MHz    1072864 s       6415 s     122982 s     433358 s         18 s
#2  3500 MHz     358094 s         52 s      53890 s    1376373 s          0 s

  BLAS: libopenblas (USE64BITINT DYNAMIC_ARCH NO_AFFINITY Nehalem)
  LAPACK: libopenblas64_
  LIBM: libopenlibm
  LLVM: libLLVM-3.7.1 (ORCJIT, haswell)
Environment:
  TERM = vt100
  LD_LIBRARY_PATH = :/usr/local/lib/
  PATH = /usr/local/sbin:/usr/local/bin:/usr/sbin:/usr/bin:/sbin:/bin:/usr/games:/usr/local/games:/home/vagrant/julia/bin/
  JAVA_HOME = /usr/lib/jvm/java-8-openjdk-amd64
  HOME = /home/vagrant

Package Directory: /home/vagrant/.julia/v0.5
2 required packages:
 - JSON                          0.13.0
 - OffsetArrays                  0.3.0
1 additional packages:
 - Compat                        0.30.0
INFO: Testing OffsetArrays
Skipping Base.<|
Skipping Base.>:
Skipping Base.active_repl
Skipping Base.active_repl_backend
Skipping Base.cluster_manager
INFO: OffsetArrays tests passed

>>> End of log
