>>> 'Pkg.add("OnlineMoments")' log
INFO: Cloning cache of OnlineMoments from git://git.colberg.org/OnlineMoments.jl.git
INFO: Installing DataStructures v0.5.3
INFO: Installing OnlineMoments v0.1.0
INFO: Installing SpecialFunctions v0.1.1
INFO: Installing StatsBase v0.16.1
INFO: Package database updated
INFO: METADATA is out-of-date — you may not have the latest version of OnlineMoments
INFO: Use `Pkg.update()` to get the latest versions of your packages

>>> 'Pkg.test("OnlineMoments")' log
Julia Version 0.5.2
Commit f4c6c9d (2017-05-06 16:34 UTC)
Platform Info:
  OS: Linux (x86_64-pc-linux-gnu)
  CPU: Intel(R) Xeon(R) CPU E3-1241 v3 @ 3.50GHz
  WORD_SIZE: 64
           Ubuntu 14.04.5 LTS
  uname: Linux 3.13.0-121-generic #170-Ubuntu SMP Wed Jun 14 09:04:33 UTC 2017 x86_64 x86_64
Memory: 2.9392738342285156 GB (500.5 MB free)
Uptime: 15738.0 sec
Load Avg:  0.9970703125  0.9853515625  1.0576171875
Intel(R) Xeon(R) CPU E3-1241 v3 @ 3.50GHz: 
       speed         user         nice          sys         idle          irq
#1  3499 MHz     968498 s       1984 s      97603 s     305856 s          8 s
#2  3499 MHz     249571 s       3670 s      42531 s    1249972 s          0 s

  BLAS: libopenblas (USE64BITINT DYNAMIC_ARCH NO_AFFINITY Nehalem)
  LAPACK: libopenblas64_
  LIBM: libopenlibm
  LLVM: libLLVM-3.7.1 (ORCJIT, haswell)
Environment:
  TERM = vt100
  LD_LIBRARY_PATH = :/usr/local/lib/
  PATH = /usr/local/sbin:/usr/local/bin:/usr/sbin:/usr/bin:/sbin:/bin:/usr/games:/usr/local/games:/home/vagrant/julia/bin/
  JAVA_HOME = /usr/lib/jvm/java-8-openjdk-amd64
  HOME = /home/vagrant

Package Directory: /home/vagrant/.julia/v0.5
2 required packages:
 - JSON                          0.12.0
 - OnlineMoments                 0.1.0
4 additional packages:
 - Compat                        0.26.0
 - DataStructures                0.5.3
 - SpecialFunctions              0.1.1
 - StatsBase                     0.16.1
INFO: Testing OnlineMoments

WARNING: deprecated syntax "Base.(:+)".
Use "Base.:+" instead.

WARNING: deprecated syntax "Base.(:+)".
Use "Base.:+" instead.

WARNING: deprecated syntax "Base.(:+)".
Use "Base.:+" instead.

WARNING: deprecated syntax "Base.(:+)".
Use "Base.:+" instead.

WARNING: deprecated syntax "Base.(:+)".
Use "Base.:+" instead.

WARNING: deprecated syntax "Base.(:+)".
Use "Base.:+" instead.
INFO: OnlineMoments tests passed

>>> End of log
