>>> 'Pkg.add("OpenEphysLoader")' log
INFO: Cloning cache of OpenEphysLoader from https://github.com/galenlynch/OpenEphysLoader.jl.git
INFO: Installing LightXML v0.5.0
INFO: Installing OpenEphysLoader v0.1.6
INFO: Building LightXML
INFO: Package database updated
INFO: METADATA is out-of-date — you may not have the latest version of OpenEphysLoader
INFO: Use `Pkg.update()` to get the latest versions of your packages

>>> 'Pkg.test("OpenEphysLoader")' log
Julia Version 0.6.2
Commit d386e40c17 (2017-12-13 18:08 UTC)
Platform Info:
  OS: Linux (x86_64-pc-linux-gnu)
  CPU: Intel(R) Xeon(R) CPU E3-1241 v3 @ 3.50GHz
  WORD_SIZE: 64
           Ubuntu 14.04.5 LTS
  uname: Linux 3.13.0-135-generic #184-Ubuntu SMP Wed Oct 18 11:55:51 UTC 2017 x86_64 x86_64
Memory: 2.93927001953125 GB (733.3828125 MB free)
Uptime: 45479.0 sec
Load Avg:  0.9970703125  0.9853515625  1.03466796875
Intel(R) Xeon(R) CPU E3-1241 v3 @ 3.50GHz: 
       speed         user         nice          sys         idle          irq
#1  3500 MHz    3046114 s        108 s     143657 s     721156 s         26 s
#2  3500 MHz     864316 s         57 s      77254 s    3514075 s          0 s

  BLAS: libopenblas (USE64BITINT DYNAMIC_ARCH NO_AFFINITY Nehalem)
  LAPACK: libopenblas64_
  LIBM: libopenlibm
  LLVM: libLLVM-3.9.1 (ORCJIT, haswell)
Environment:
  TERM = vt100
  LD_LIBRARY_PATH = :/usr/local/lib/
  PATH = /usr/local/sbin:/usr/local/bin:/usr/sbin:/usr/bin:/sbin:/bin:/usr/games:/usr/local/games:/home/vagrant/julia/bin/
  JAVA_HOME = /usr/lib/jvm/java-8-openjdk-amd64
  HOME = /home/vagrant

Package Directory: /home/vagrant/.julia/v0.6
2 required packages:
 - JSON                          0.16.3
 - OpenEphysLoader               0.1.6
3 additional packages:
 - Compat                        0.42.0
 - LightXML                      0.5.0
 - Nullables                     0.0.2
INFO: Testing OpenEphysLoader
Test Summary:      | Pass  Total
OpenEphysLoader.jl |  366    366
INFO: OpenEphysLoader tests passed

>>> End of log
