>>> 'Pkg.add("OpenSecrets")' log
INFO: Cloning cache of OpenSecrets from git://github.com/WestleyArgentum/OpenSecrets.jl.git
INFO: Installing DataArrays v0.3.12
INFO: Installing DataFrames v0.8.5
INFO: Installing FileIO v0.2.2
INFO: Installing GZip v0.2.20
INFO: Installing Hiccup v0.0.3
INFO: Installing Juno v0.2.6
INFO: Installing Lazy v0.11.5
INFO: Installing MacroTools v0.3.5
INFO: Installing Media v0.2.5
INFO: Installing OpenSecrets v0.0.1
INFO: Installing Reexport v0.0.3
INFO: Installing SortingAlgorithms v0.1.0
INFO: Installing StatsBase v0.12.0
INFO: Package database updated
INFO: METADATA is out-of-date — you may not have the latest version of OpenSecrets
INFO: Use `Pkg.update()` to get the latest versions of your packages

>>> 'Pkg.test("OpenSecrets")' log
No tests found.

>>> End of log
