>>> 'Pkg.add("OpenFOAM")' log
INFO: Cloning cache of OpenFOAM from https://github.com/andyreagan/OpenFOAM.jl.git
INFO: Installing OpenFOAM v0.0.1
INFO: Package database updated

>>> 'Pkg.test("OpenFOAM")' log
Julia Version 0.6.0-pre.alpha.260
Commit fb312c4 (2017-03-25 22:14 UTC)
Platform Info:
  OS: Linux (x86_64-pc-linux-gnu)
  CPU: Intel(R) Xeon(R) CPU E3-1241 v3 @ 3.50GHz
  WORD_SIZE: 64
           Ubuntu 14.04.5 LTS
  uname: Linux 3.13.0-113-generic #160-Ubuntu SMP Thu Mar 9 09:27:29 UTC 2017 x86_64 x86_64
Memory: 2.9392738342285156 GB (560.44140625 MB free)
Uptime: 10208.0 sec
Load Avg:  0.9765625  0.96826171875  1.0068359375
Intel(R) Xeon(R) CPU E3-1241 v3 @ 3.50GHz: 
       speed         user         nice          sys         idle          irq
#1  3500 MHz     586432 s         95 s      52822 s     251723 s         30 s
#2  3500 MHz     136059 s       7258 s      22123 s     833138 s          0 s

  BLAS: libopenblas (USE64BITINT DYNAMIC_ARCH NO_AFFINITY Nehalem)
  LAPACK: libopenblas64_
  LIBM: libopenlibm
  LLVM: libLLVM-3.9.1 (ORCJIT, haswell)
Environment:
  TERM = vt100
  LD_LIBRARY_PATH = :/usr/local/lib/
  PATH = /usr/local/sbin:/usr/local/bin:/usr/sbin:/usr/bin:/sbin:/bin:/usr/games:/usr/local/games:/home/vagrant/julia/bin/
  JAVA_HOME = /usr/lib/jvm/java-7-oracle
  HOME = /home/vagrant

Package Directory: /home/vagrant/.julia/v0.6
2 required packages:
 - JSON                          0.8.3
 - OpenFOAM                      0.0.1
1 additional packages:
 - Compat                        0.21.0
INFO: Testing OpenFOAM

WARNING: deprecated syntax "abstract Model" at /home/vagrant/.julia/v0.6/OpenFOAM/src/OpenFOAM.jl:21.
Use "abstract type Model end" instead.
ERROR: LoadError: LoadError: ArgumentError: Module DataStructures not found in current path.
Run `Pkg.add("DataStructures")` to install the DataStructures package.
Stacktrace:
 [1] require(::Symbol) at ./loading.jl:403
 [2] include_from_node1(::String) at ./loading.jl:539
while loading /home/vagrant/.julia/v0.6/OpenFOAM/src/OpenFOAM.jl, in expression starting on line 8
while loading /home/vagrant/.julia/v0.6/OpenFOAM/test/runtests.jl, in expression starting on line 1
==============================[ ERROR: OpenFOAM ]===============================

failed process: Process(`/home/vagrant/julia/bin/julia -Cx86-64 -J/home/vagrant/julia/lib/julia/sys.so --compile=yes --depwarn=yes --check-bounds=yes --code-coverage=none --color=no --compilecache=yes /home/vagrant/.julia/v0.6/OpenFOAM/test/runtests.jl`, ProcessExited(1)) [1]

================================================================================
ERROR: OpenFOAM had test errors

>>> End of log
