>>> 'Pkg.add("OpenEphysLoader")' log
[ Info: Cloning cache of OpenEphysLoader from https://github.com/galenlynch/OpenEphysLoader.jl.git
[ Info: Installing LightXML v0.5.0
[ Info: Installing OpenEphysLoader v0.1.6
[ Info: Building LightXML
┌ Warning: `is_windows` is deprecated, use `Sys.iswindows` instead.
│   caller = top-level scope
└ @ Core :0
[ Info: Package database updated
┌ Info: METADATA is out-of-date — you may not have the latest version of OpenEphysLoader
└ Use `Pkg.update()` to get the latest versions of your packages

>>> 'Pkg.test("OpenEphysLoader")' log
Julia Version 0.7.0-DEV.3563
Commit cf6303abe0 (2018-01-24 23:08 UTC)
Platform Info:
  OS: Linux (x86_64-pc-linux-gnu)
      Ubuntu 14.04.5 LTS
  uname: Linux 3.13.0-135-generic #184-Ubuntu SMP Wed Oct 18 11:55:51 UTC 2017 x86_64 x86_64
  CPU: Intel(R) Xeon(R) CPU E3-1241 v3 @ 3.50GHz: 
              speed         user         nice          sys         idle          irq
       #1  3500 MHz    5061520 s       7358 s     250306 s    1227230 s         64 s
       #2  3500 MHz    1065464 s         42 s     101965 s    6426455 s          1 s
       
  Memory: 2.93927001953125 GB (808.6875 MB free)
  Uptime: 77091.0 sec
  Load Avg:  1.064453125  1.06689453125  0.9921875
  WORD_SIZE: 64
  LIBM: libopenlibm
  LLVM: libLLVM-3.9.1 (ORCJIT, haswell)
Environment:
  TERM = vt100
  LD_LIBRARY_PATH = :/usr/local/lib/
  PATH = /usr/local/sbin:/usr/local/bin:/usr/sbin:/usr/bin:/sbin:/bin:/usr/games:/usr/local/games:/home/vagrant/julia/bin/
  JAVA_HOME = /usr/lib/jvm/java-8-openjdk-amd64
  HOME = /home/vagrant
Packages:
  Package Directory: /home/vagrant/.julia/v0.7
  Package Status:
2 required packages:
 - JSON                          0.16.4
 - OpenEphysLoader               0.1.6
3 additional packages:
 - Compat                        0.49.0
 - LightXML                      0.5.0
 - Nullables                     0.0.3
[ Info: Testing OpenEphysLoader
WARNING: Base.Test is deprecated, run `using Test` instead.
  likely near /home/vagrant/.julia/v0.7/OpenEphysLoader/test/runtests.jl:1
WARNING: could not import Base.linearindexing into OpenEphysLoader
┌ Warning: Deprecated syntax `immutable` at /home/vagrant/.julia/v0.7/OpenEphysLoader/src/metadata.jl:21.
│ Use `struct` instead.
└ @ nothing metadata.jl:21
┌ Warning: Deprecated syntax `immutable` at /home/vagrant/.julia/v0.7/OpenEphysLoader/src/metadata.jl:66.
│ Use `struct` instead.
└ @ nothing metadata.jl:66
┌ Warning: Deprecated syntax `type` at /home/vagrant/.julia/v0.7/OpenEphysLoader/src/metadata.jl:145.
│ Use `mutable struct` instead.
└ @ nothing metadata.jl:145
┌ Warning: Deprecated syntax `immutable` at /home/vagrant/.julia/v0.7/OpenEphysLoader/src/metadata.jl:175.
│ Use `struct` instead.
└ @ nothing metadata.jl:175
┌ Warning: Deprecated syntax `immutable` at /home/vagrant/.julia/v0.7/OpenEphysLoader/src/metadata.jl:217.
│ Use `struct` instead.
└ @ nothing metadata.jl:217
┌ Warning: Deprecated syntax `immutable` at /home/vagrant/.julia/v0.7/OpenEphysLoader/src/metadata.jl:259.
│ Use `struct` instead.
└ @ nothing metadata.jl:259
┌ Warning: Deprecated syntax `immutable` at /home/vagrant/.julia/v0.7/OpenEphysLoader/src/metadata.jl:290.
│ Use `struct` instead.
└ @ nothing metadata.jl:290
┌ Warning: Deprecated syntax `immutable` at /home/vagrant/.julia/v0.7/OpenEphysLoader/src/metadata.jl:333.
│ Use `struct` instead.
└ @ nothing metadata.jl:333
┌ Warning: Deprecated syntax `type` at /home/vagrant/.julia/v0.7/OpenEphysLoader/src/metadata.jl:504.
│ Use `mutable struct` instead.
└ @ nothing metadata.jl:504
WARNING: importing deprecated binding Base.DateTime into OpenEphysLoader.
ERROR: LoadError: LoadError: TypeError: in OEInfo, in type definition, expected Type, got typeof(Base.DateTime)
Stacktrace:
 [1] top-level scope
 [2] include at ./boot.jl:292 [inlined]
 [3] include_relative(::Module, ::String) at ./loading.jl:1012
 [4] include at ./sysimg.jl:26 [inlined]
 [5] include(::String) at /home/vagrant/.julia/v0.7/OpenEphysLoader/src/OpenEphysLoader.jl:7
 [6] top-level scope
 [7] include at ./boot.jl:292 [inlined]
 [8] include_relative(::Module, ::String) at ./loading.jl:1012
 [9] include(::Module, ::String) at ./sysimg.jl:26
 [10] top-level scope
 [11] eval at ./boot.jl:295 [inlined]
 [12] top-level scope at ./<missing>:3
in expression starting at /home/vagrant/.julia/v0.7/OpenEphysLoader/src/metadata.jl:197
in expression starting at /home/vagrant/.julia/v0.7/OpenEphysLoader/src/OpenEphysLoader.jl:54
OpenEphysLoader.jl: Error During Test at /home/vagrant/.julia/v0.7/OpenEphysLoader/test/runtests.jl:2
  Got an exception of type LoadError outside of a @test
  LoadError: Failed to precompile OpenEphysLoader to /home/vagrant/.julia/lib/v0.7/OpenEphysLoader.ji.
  Stacktrace:
   [1] error at ./error.jl:33 [inlined]
   [2] compilecache(::Base.PkgId) at ./loading.jl:1156
   [3] _require(::Base.PkgId) at ./loading.jl:949
   [4] require(::Module, ::Symbol) at ./loading.jl:820
   [5] include at ./boot.jl:292 [inlined]
   [6] include_relative(::Module, ::String) at ./loading.jl:1012
   [7] include(::Module, ::String) at ./sysimg.jl:26
   [8] include(::String) at ./sysimg.jl:65
   [9] macro expansion at /home/vagrant/.julia/v0.7/OpenEphysLoader/test/runtests.jl:3 [inlined]
   [10] macro expansion at /buildworker/worker/package_linux64/build/usr/share/julia/site/v0.7/Test/src/Test.jl:1007 [inlined]
   [11] top-level scope at /home/vagrant/.julia/v0.7/OpenEphysLoader/test/runtests.jl:3
   [12] include at ./boot.jl:292 [inlined]
   [13] include_relative(::Module, ::String) at ./loading.jl:1012
   [14] include(::Module, ::String) at ./sysimg.jl:26
   [15] process_options(::Base.JLOptions) at ./client.jl:334
   [16] _start() at ./client.jl:386
  in expression starting at /home/vagrant/.julia/v0.7/OpenEphysLoader/test/util.jl:2
Test Summary:      | Error  Total
OpenEphysLoader.jl |     1      1
ERROR: LoadError: Some tests did not pass: 0 passed, 0 failed, 1 errored, 0 broken.
in expression starting at /home/vagrant/.julia/v0.7/OpenEphysLoader/test/runtests.jl:2
┌ Error: ------------------------------------------------------------
│ # Testing failed for OpenEphysLoader
│   exception =
│    failed process: Process(`/home/vagrant/julia/bin/julia -Cnative -J/home/vagrant/julia/lib/julia/sys.so --compile=yes --depwarn=yes --code-coverage=none --color=no --compiled-modules=yes --check-bounds=yes --warn-overwrite=yes --startup-file=yes /home/vagrant/.julia/v0.7/OpenEphysLoader/test/runtests.jl`, ProcessExited(1)) [1]
│    Stacktrace:
│     [1] error(::String, ::Base.Process, ::String, ::Int64, ::String) at ./error.jl:42
│     [2] pipeline_error(::Base.Process) at ./process.jl:698
│     [3] run(::Cmd) at ./process.jl:660
│     [4] (::getfield(Base.Pkg.Entry, Symbol("##89#92")){Bool,String,Array{AbstractString,1}})() at ./pkg/entry.jl:729
│     [5] cd(::getfield(Base.Pkg.Entry, Symbol("##89#92")){Bool,String,Array{AbstractString,1}}, ::String) at ./file.jl:70
│     [6] #test!#88(::Bool, ::Function, ::String, ::Array{AbstractString,1}, ::Array{AbstractString,1}, ::Array{AbstractString,1}) at ./pkg/entry.jl:717
│     [7] (::getfield(Base.Pkg.Entry, Symbol("#kw##test!")))(::NamedTuple{(:coverage,),Tuple{Bool}}, ::typeof(Base.Pkg.Entry.test!), ::String, ::Array{AbstractString,1}, ::Array{AbstractString,1}, ::Array{AbstractString,1}) at ./<missing>:0
│     [8] #test#96(::Bool, ::Function, ::Array{AbstractString,1}) at ./pkg/entry.jl:756
│     [9] (::getfield(Base.Pkg.Entry, Symbol("#kw##test")))(::NamedTuple{(:coverage,),Tuple{Bool}}, ::typeof(Base.Pkg.Entry.test), ::Array{AbstractString,1}) at ./<missing>:0
│     [10] (::getfield(Base.Pkg.Dir, Symbol("##4#7")){Base.Iterators.IndexValue{Symbol,Bool,Tuple{Symbol},NamedTuple{(:coverage,),Tuple{Bool}}},typeof(Base.Pkg.Entry.test),Tuple{Array{AbstractString,1}}})() at ./pkg/dir.jl:36
│     [11] cd(::getfield(Base.Pkg.Dir, Symbol("##4#7")){Base.Iterators.IndexValue{Symbol,Bool,Tuple{Symbol},NamedTuple{(:coverage,),Tuple{Bool}}},typeof(Base.Pkg.Entry.test),Tuple{Array{AbstractString,1}}}, ::String) at ./file.jl:70
│     [12] #cd#1(::Base.Iterators.IndexValue{Symbol,Bool,Tuple{Symbol},NamedTuple{(:coverage,),Tuple{Bool}}}, ::Function, ::Function, ::Array{AbstractString,1}, ::Vararg{Array{AbstractString,1},N} where N) at ./pkg/dir.jl:36
│     [13] (::getfield(Base.Pkg.Dir, Symbol("#kw##cd")))(::NamedTuple{(:coverage,),Tuple{Bool}}, ::typeof(Base.Pkg.Dir.cd), ::Function, ::Array{AbstractString,1}, ::Vararg{Array{AbstractString,1},N} where N) at ./<missing>:0
│     [14] #test#3(::Bool, ::Function, ::String, ::Vararg{String,N} where N) at ./pkg/pkg.jl:274
│     [15] test(::String, ::Vararg{String,N} where N) at ./pkg/pkg.jl:274
│     [16] top-level scope
│     [17] eval at ./boot.jl:295 [inlined]
│     [18] eval(::Module, ::Expr) at ./sysimg.jl:71
│     [19] process_options(::Base.JLOptions) at ./client.jl:311
│     [20] _start() at ./client.jl:386
└ @ Base.Pkg.Entry entry.jl:732
ERROR: OpenEphysLoader had test errors

>>> End of log
