>>> 'Pkg.add("Options")' log
INFO: Cloning cache of Options from https://github.com/JuliaLang/Options.jl.git
INFO: Installing Options v0.2.6
INFO: Package database updated
INFO: METADATA is out-of-date — you may not have the latest version of Options
INFO: Use `Pkg.update()` to get the latest versions of your packages

>>> 'Pkg.test("Options")' log
Julia Version 0.5.0-rc0+146
Commit 37e6397 (2016-08-03 00:47 UTC)
Platform Info:
  System: Linux (x86_64-unknown-linux-gnu)
  CPU: Intel(R) Xeon(R) CPU E3-1241 v3 @ 3.50GHz
  WORD_SIZE: 64
           Ubuntu 14.04.5 LTS
  uname: Linux 3.13.0-92-generic #139-Ubuntu SMP Tue Jun 28 20:42:26 UTC 2016 x86_64 x86_64
Memory: 2.4471054077148438 GB (983.13671875 MB free)
Uptime: 11474.0 sec
Load Avg:  0.98486328125  0.96240234375  0.99169921875
Intel(R) Xeon(R) CPU E3-1241 v3 @ 3.50GHz: 
       speed         user         nice          sys         idle          irq
#1  3504 MHz     560488 s        102 s      61067 s     373487 s         14 s
#2  3504 MHz     257134 s       6104 s      36620 s     803166 s          0 s

  BLAS: libopenblas (USE64BITINT DYNAMIC_ARCH NO_AFFINITY Nehalem)
  LAPACK: libopenblas64_
  LIBM: libopenlibm
  LLVM: libLLVM-3.7.1 (ORCJIT, haswell)
Environment:
  TERM = vt100
  LD_LIBRARY_PATH = :/usr/local/lib/
  PATH = /usr/local/sbin:/usr/local/bin:/usr/sbin:/usr/bin:/sbin:/bin:/usr/games:/usr/local/games:/home/vagrant/julia/bin/
  JAVA_HOME = /usr/lib/jvm/java-7-oracle
  HOME = /home/vagrant

Package Directory: /home/vagrant/.julia/v0.5
2 required packages:
 - JSON                          0.6.0
 - Options                       0.2.6
1 additional packages:
 - Compat                        0.8.6
INFO: Testing Options
WARNING: requiring "Options" in module "Main" did not define a corresponding module.
WARNING: Base.ASCIIString is deprecated, use String instead.
  likely near /home/vagrant/.julia/v0.5/Options/test/runtests.jl:11
WARNING: Base.ASCIIString is deprecated, use String instead.
  likely near /home/vagrant/.julia/v0.5/Options/test/runtests.jl:11
WARNING: Base.ASCIIString is deprecated, use String instead.
  likely near /home/vagrant/.julia/v0.5/Options/test/runtests.jl:11
WARNING: symbol is deprecated, use Symbol instead.
 in depwarn(::String, ::Symbol) at ./deprecated.jl:64
 in symbol(::String, ::Vararg{String,N}) at ./deprecated.jl:30
 in @defaults(::Any, ::Expr, ::Vararg{Expr,N}) at /home/vagrant/.julia/v0.5/Options/src/Options.jl:188
 in include_from_node1(::String) at ./loading.jl:426
 in process_options(::Base.JLOptions) at ./client.jl:262
 in _start() at ./client.jl:318
while loading /home/vagrant/.julia/v0.5/Options/test/runtests.jl, in expression starting on line 26
WARNING: Base.ASCIIString is deprecated, use String instead.
  likely near /home/vagrant/.julia/v0.5/Options/test/runtests.jl:62
WARNING: Base.ASCIIString is deprecated, use String instead.
  likely near /home/vagrant/.julia/v0.5/Options/test/runtests.jl:62
WARNING: Base.ASCIIString is deprecated, use String instead.
  likely near /home/vagrant/.julia/v0.5/Options/test/runtests.jl:62
WARNING: Base.ASCIIString is deprecated, use String instead.
  likely near /home/vagrant/.julia/v0.5/Options/test/runtests.jl:62
WARNING: Base.ASCIIString is deprecated, use String instead.
  likely near /home/vagrant/.julia/v0.5/Options/test/runtests.jl:62
WARNING: Base.ASCIIString is deprecated, use String instead.
  likely near /home/vagrant/.julia/v0.5/Options/test/runtests.jl:62
INFO: Options tests passed

>>> End of log
