>>> 'Pkg.add("OptimBase")' log
WARNING: Base.Pkg is deprecated, run `using Pkg` instead
 in module Main
[ Info: Installing NLSolversBase v4.3.0
[ Info: Installing OptimBase v1.0.0
[ Info: Installing Reexport v0.1.0
[ Info: Package database updated
┌ Info: METADATA is out-of-date — you may not have the latest version of OptimBase
└ Use `Pkg.update()` to get the latest versions of your packages

>>> 'Pkg.test("OptimBase")' log
WARNING: Base.versioninfo is deprecated: it has been moved to the standard library package `InteractiveUtils`.
Add `using InteractiveUtils` to your imports.
 in module Main
WARNING: Base.versioninfo is deprecated: it has been moved to the standard library package `InteractiveUtils`.
Add `using InteractiveUtils` to your imports.
 in module Main
Julia Version 0.7.0-DEV.4475
Commit c1e7c93169 (2018-03-06 19:47 UTC)
Platform Info:
  OS: Linux (x86_64-pc-linux-gnu)
      Ubuntu 14.04.5 LTS
  uname: Linux 3.13.0-135-generic #184-Ubuntu SMP Wed Oct 18 11:55:51 UTC 2017 x86_64 x86_64
  CPU: Intel(R) Xeon(R) CPU E3-1241 v3 @ 3.50GHz: 
              speed         user         nice          sys         idle          irq
       #1  3508 MHz    4898424 s       1284 s     266503 s    1266561 s        102 s
       #2  3508 MHz    1268390 s       4920 s     119413 s    5980285 s          3 s
       
  Memory: 2.93927001953125 GB (793.43359375 MB free)
  Uptime: 75240.0 sec
  Load Avg:  1.0029296875  0.9873046875  0.9755859375
  WORD_SIZE: 64
  LIBM: libopenlibm
  LLVM: libLLVM-3.9.1 (ORCJIT, haswell)
Environment:
  TERM = vt100
  LD_LIBRARY_PATH = :/usr/local/lib/
  PATH = /usr/local/sbin:/usr/local/bin:/usr/sbin:/usr/bin:/sbin:/bin:/usr/games:/usr/local/games:/home/vagrant/julia/bin/
  JAVA_HOME = /usr/lib/jvm/java-8-openjdk-amd64
  HOME = /home/vagrant
Packages:
  Package Directory: /home/vagrant/.julia/v0.7
  Package Status:
2 required packages:
 - JSON                          0.17.1
 - OptimBase                     1.0.0
4 additional packages:
 - Compat                        0.56.0
 - NLSolversBase                 4.3.0
 - Nullables                     0.0.4
 - Reexport                      0.1.0
WARNING: Base.Pkg is deprecated, run `using Pkg` instead
 in module Main
[ Info: Testing OptimBase
┌ Warning: Deprecated syntax `immutable` at /home/vagrant/.julia/v0.7/OptimBase/test/runtests.jl:5.
│ Use `struct` instead.
└ @ nothing runtests.jl:5
WARNING: importing deprecated binding Base.gradient into NLSolversBase.
WARNING: importing deprecated binding Base.clear! into NLSolversBase.
┌ Warning: Deprecated syntax `using the value of `.=`` around /home/vagrant/.julia/v0.7/NLSolversBase/src/NLSolversBase.jl:41.
└ @ nothing NLSolversBase.jl:41
WARNING: importing deprecated binding Base.Void into NLSolversBase.
WARNING: Base.Void is deprecated, use Nothing instead.
  likely near /home/vagrant/.julia/v0.7/NLSolversBase/src/objective_types/incomplete.jl:44
┌ Warning: Deprecated syntax `parametric method syntax _cb{Tx, Tc}(lx::AbstractArray{Tx}, ux::AbstractArray{Tx}, lc::AbstractVector{Tc}, uc::AbstractVector{Tc})` around /home/vagrant/.julia/v0.7/NLSolversBase/src/objective_types/constraints.jl:38.
│ Use `_cb(lx::AbstractArray{Tx}, ux::AbstractArray{Tx}, lc::AbstractVector{Tc}, uc::AbstractVector{Tc}) where {Tx, Tc}` instead.
└ @ nothing constraints.jl:38
┌ Warning: Deprecated syntax `parametric method syntax _symmetrize{T, N}(l::AbstractArray{T, N}, u::AbstractArray{T, N})` around /home/vagrant/.julia/v0.7/NLSolversBase/src/objective_types/constraints.jl:146.
│ Use `_symmetrize(l::AbstractArray{T, N}, u::AbstractArray{T, N}) where {T, N}` instead.
└ @ nothing constraints.jl:146
ERROR: LoadError: LoadError: UndefVarError: array_eltype_show_how not defined
Stacktrace:
 [1] getproperty(::Module, ::Symbol) at ./sysimg.jl:16
 [2] top-level scope
 [3] include at ./boot.jl:305 [inlined]
 [4] include_relative(::Module, ::String) at ./loading.jl:1072
 [5] include at ./sysimg.jl:29 [inlined]
 [6] include(::String) at /home/vagrant/.julia/v0.7/NLSolversBase/src/NLSolversBase.jl:3
 [7] top-level scope
 [8] include at ./boot.jl:305 [inlined]
 [9] include_relative(::Module, ::String) at ./loading.jl:1072
 [10] include(::Module, ::String) at ./sysimg.jl:29
 [11] top-level scope
 [12] eval at ./boot.jl:308 [inlined]
 [13] top-level scope at ./<missing>:3
in expression starting at /home/vagrant/.julia/v0.7/NLSolversBase/src/objective_types/constraints.jl:227
in expression starting at /home/vagrant/.julia/v0.7/NLSolversBase/src/NLSolversBase.jl:50
ERROR: LoadError: LoadError: Failed to precompile NLSolversBase to /home/vagrant/.julia/compiled/v0.7/NLSolversBase.ji.
Stacktrace:
 [1] error at ./error.jl:33 [inlined]
 [2] compilecache(::Base.PkgId) at ./loading.jl:1206
 [3] _require(::Base.PkgId) at ./loading.jl:1008
 [4] require(::Base.PkgId) at ./loading.jl:879
 [5] require(::Module, ::Symbol) at ./loading.jl:874
 [6] include at ./boot.jl:305 [inlined]
 [7] include_relative(::Module, ::String) at ./loading.jl:1072
 [8] _require(::Base.PkgId) at ./loading.jl:998
 [9] require(::Base.PkgId) at ./loading.jl:879
 [10] require(::Module, ::Symbol) at ./loading.jl:874
 [11] include at ./boot.jl:305 [inlined]
 [12] include_relative(::Module, ::String) at ./loading.jl:1072
 [13] include(::Module, ::String) at ./sysimg.jl:29
 [14] exec_options(::Base.JLOptions) at ./client.jl:327
 [15] _start() at ./client.jl:455
in expression starting at /home/vagrant/.julia/v0.7/OptimBase/src/OptimBase.jl:5
in expression starting at /home/vagrant/.julia/v0.7/OptimBase/test/runtests.jl:1
┌ Error: ------------------------------------------------------------
│ # Testing failed for OptimBase
│   exception =
│    failed process: Process(`/home/vagrant/julia/bin/julia -Cnative -J/home/vagrant/julia/lib/julia/sys.so --compile=yes --depwarn=yes --code-coverage=none --color=no --compiled-modules=yes --check-bounds=yes --warn-overwrite=yes --startup-file=yes /home/vagrant/.julia/v0.7/OptimBase/test/runtests.jl`, ProcessExited(1)) [1]
│    Stacktrace:
│     [1] error(::String, ::Base.Process, ::String, ::Int64, ::String) at ./error.jl:42
│     [2] pipeline_error(::Base.Process) at ./process.jl:712
│     [3] #run#534(::Bool, ::Function, ::Cmd) at ./process.jl:670
│     [4] run at ./process.jl:668 [inlined]
│     [5] (::getfield(Pkg.Entry, Symbol("##56#57")){Bool,String,Array{AbstractString,1}})() at /buildworker/worker/package_linux64/build/usr/share/julia/site/v0.7/Pkg/src/entry.jl:729
│     [6] cd(::getfield(Pkg.Entry, Symbol("##56#57")){Bool,String,Array{AbstractString,1}}, ::String) at ./file.jl:72
│     [7] #test!#55(::Bool, ::Function, ::String, ::Array{AbstractString,1}, ::Array{AbstractString,1}, ::Array{AbstractString,1}) at /buildworker/worker/package_linux64/build/usr/share/julia/site/v0.7/Pkg/src/entry.jl:717
│     [8] (::getfield(Pkg.Entry, Symbol("#kw##test!")))(::NamedTuple{(:coverage,),Tuple{Bool}}, ::typeof(Pkg.Entry.test!), ::String, ::Array{AbstractString,1}, ::Array{AbstractString,1}, ::Array{AbstractString,1}) at ./<missing>:0
│     [9] #test#59(::Bool, ::Function, ::Array{AbstractString,1}) at /buildworker/worker/package_linux64/build/usr/share/julia/site/v0.7/Pkg/src/entry.jl:756
│     [10] #test at ./<missing>:0 [inlined]
│     [11] #4 at /buildworker/worker/package_linux64/build/usr/share/julia/site/v0.7/Pkg/src/dir.jl:36 [inlined]
│     [12] cd(::getfield(Pkg.Dir, Symbol("##4#7")){Base.Iterators.Pairs{Symbol,Bool,Tuple{Symbol},NamedTuple{(:coverage,),Tuple{Bool}}},typeof(Pkg.Entry.test),Tuple{Array{AbstractString,1}}}, ::String) at ./file.jl:72
│     [13] #cd#1(::Base.Iterators.Pairs{Symbol,Bool,Tuple{Symbol},NamedTuple{(:coverage,),Tuple{Bool}}}, ::Function, ::Function, ::Array{AbstractString,1}, ::Vararg{Array{AbstractString,1},N} where N) at /buildworker/worker/package_linux64/build/usr/share/julia/site/v0.7/Pkg/src/dir.jl:36
│     [14] (::getfield(Pkg.Dir, Symbol("#kw##cd")))(::NamedTuple{(:coverage,),Tuple{Bool}}, ::typeof(Pkg.Dir.cd), ::Function, ::Array{AbstractString,1}, ::Vararg{Array{AbstractString,1},N} where N) at ./<missing>:0
│     [15] #test#3(::Bool, ::Function, ::String, ::Vararg{String,N} where N) at /buildworker/worker/package_linux64/build/usr/share/julia/site/v0.7/Pkg/src/Pkg.jl:276
│     [16] test(::String, ::Vararg{String,N} where N) at /buildworker/worker/package_linux64/build/usr/share/julia/site/v0.7/Pkg/src/Pkg.jl:276
│     [17] top-level scope
│     [18] eval at ./boot.jl:308 [inlined]
│     [19] eval(::Module, ::Expr) at ./sysimg.jl:74
│     [20] exec_options(::Base.JLOptions) at ./client.jl:304
│     [21] _start() at ./client.jl:455
└ @ Pkg.Entry entry.jl:732
ERROR: OptimBase had test errors

>>> End of log
