>>> 'Pkg.add("OSC")' log
[ Info: Cloning cache of OSC from https://github.com/fundamental/OSC.jl.git @ Base.Pkg.Cache cache.jl:43
[ Info: Installing OSC v0.1.0 @ Base.Pkg.Entry entry.jl:543
[ Info: Package database updated @ Base.Pkg.Entry entry.jl:32
┌ Info: METADATA is out-of-date — you may not have the latest version of OSC
│ Use `Pkg.update()` to get the latest versions of your packages
└ @ Base.Pkg.Entry entry.jl:74

>>> 'Pkg.test("OSC")' log
Julia Version 0.7.0-DEV.3299
Commit fb527308bb (2018-01-05 19:41 UTC)
Platform Info:
  OS: Linux (x86_64-pc-linux-gnu)
      Ubuntu 14.04.5 LTS
  uname: Linux 3.13.0-135-generic #184-Ubuntu SMP Wed Oct 18 11:55:51 UTC 2017 x86_64 x86_64
  CPU: Intel(R) Xeon(R) CPU E3-1241 v3 @ 3.50GHz: 
              speed         user         nice          sys         idle          irq
       #1  3500 MHz    5049334 s        118 s     238892 s    1082066 s         29 s
       #2  3500 MHz    1044839 s         82 s      92136 s    6223970 s          0 s
       
  Memory: 2.93927001953125 GB (831.1796875 MB free)
  Uptime: 74696.0 sec
  Load Avg:  0.98974609375  0.99853515625  0.970703125
  WORD_SIZE: 64
  BLAS: libopenblas (USE64BITINT DYNAMIC_ARCH NO_AFFINITY Nehalem)
  LAPACK: libopenblas64_
  LIBM: libopenlibm
  LLVM: libLLVM-3.9.1 (ORCJIT, haswell)
Environment:
  TERM = vt100
  LD_LIBRARY_PATH = :/usr/local/lib/
  PATH = /usr/local/sbin:/usr/local/bin:/usr/sbin:/usr/bin:/sbin:/bin:/usr/games:/usr/local/games:/home/vagrant/julia/bin/
  JAVA_HOME = /usr/lib/jvm/java-8-openjdk-amd64
  HOME = /home/vagrant
Packages:
  Package Directory: /home/vagrant/.julia/v0.7
  Package Status:
2 required packages:
 - JSON                          0.16.3
 - OSC                           0.1.0
2 additional packages:
 - Compat                        0.42.0
 - Nullables                     0.0.2
[ Info: Testing OSC @ Base.Pkg.Entry entry.jl:723
WARNING: Base.Test is deprecated, run `using Test` instead.
  likely near /home/vagrant/.julia/v0.7/OSC/test/runtests.jl:18
┌ Warning: Deprecated syntax `type` at /home/vagrant/.julia/v0.7/OSC/src/OSC.jl:28.
│ Use `mutable struct` instead.
└ @ nothing OSC.jl:28
WARNING: importing deprecated binding Base.@printf into OSC.
ERROR: LoadError: LoadError: LoadError: Base.@printf has been moved to the standard library package Printf.
Restart Julia and then run `using Printf` to load it.
Stacktrace:
 [1] error(::Function, ::String, ::String, ::String, ::String, ::String, ::String) at ./error.jl:42
 [2] #@printf#925(::Base.Iterators.IndexValue{Union{},Union{},Tuple{},NamedTuple{(),Tuple{}}}, ::Function, ::LineNumberNode, ::Vararg{Any,N} where N) at ./deprecated.jl:138
 [3] @printf(::Vararg{Any,N} where N) at ./deprecated.jl:138
 [4] include at ./boot.jl:295 [inlined]
 [5] include_relative(::Module, ::String) at ./loading.jl:521
 [6] _require(::Symbol) at ./loading.jl:453
 [7] require(::Symbol) at ./loading.jl:333
 [8] include at ./boot.jl:295 [inlined]
 [9] include_relative(::Module, ::String) at ./loading.jl:521
 [10] include(::Module, ::String) at ./sysimg.jl:26
 [11] process_options(::Base.JLOptions) at ./client.jl:323
 [12] _start() at ./client.jl:374
in expression starting at /home/vagrant/.julia/v0.7/OSC/src/OSC.jl:334
in expression starting at /home/vagrant/.julia/v0.7/OSC/src/OSC.jl:312
in expression starting at /home/vagrant/.julia/v0.7/OSC/test/runtests.jl:19
┌ Error: ------------------------------------------------------------
│ # Testing failed for OSC
│   exception = ErrorException("failed process: Process(`/home/vagrant/julia/bin/julia -Cnative -J/home/vagrant/julia/lib/julia/sys.so --compile=yes --depwarn=yes --code-coverage=none --color=no --compiled-modules=yes --check-bounds=yes --warn-overwrite=yes --startup-file=yes /home/vagrant/.julia/v0.7/OSC/test/runtests.jl`, ProcessExited(1)) [1]")
└ @ Base.Pkg.Entry entry.jl:739
ERROR: OSC had test errors

>>> End of log
