>>> 'Pkg.add("PackageStream")' log
INFO: Cloning cache of PackageStream from https://github.com/azzaare/PackageStream.jl.git
INFO: Installing PackageStream v0.0.1
INFO: Package database updated

>>> 'Pkg.test("PackageStream")' log
Julia Version 0.6.2
Commit d386e40c17 (2017-12-13 18:08 UTC)
Platform Info:
  OS: Linux (x86_64-pc-linux-gnu)
  CPU: Intel(R) Xeon(R) CPU E3-1241 v3 @ 3.50GHz
  WORD_SIZE: 64
           Ubuntu 14.04.5 LTS
  uname: Linux 3.13.0-135-generic #184-Ubuntu SMP Wed Oct 18 11:55:51 UTC 2017 x86_64 x86_64
Memory: 2.93927001953125 GB (1545.4921875 MB free)
Uptime: 3293.0 sec
Load Avg:  0.716796875  0.3203125  0.2666015625
Intel(R) Xeon(R) CPU E3-1241 v3 @ 3.50GHz: 
       speed         user         nice          sys         idle          irq
#1  3499 MHz      52858 s         56 s       8960 s     245180 s          8 s
#2  3499 MHz      30213 s         89 s       5434 s     284476 s          0 s

  BLAS: libopenblas (USE64BITINT DYNAMIC_ARCH NO_AFFINITY Nehalem)
  LAPACK: libopenblas64_
  LIBM: libopenlibm
  LLVM: libLLVM-3.9.1 (ORCJIT, haswell)
Environment:
  TERM = vt100
  LD_LIBRARY_PATH = :/usr/local/lib/
  PATH = /usr/local/sbin:/usr/local/bin:/usr/sbin:/usr/bin:/sbin:/bin:/usr/games:/usr/local/games:/home/vagrant/julia/bin/
  JAVA_HOME = /usr/lib/jvm/java-8-openjdk-amd64
  HOME = /home/vagrant

Package Directory: /home/vagrant/.julia/v0.6
2 required packages:
 - JSON                          0.17.1
 - PackageStream                 0.0.1
2 additional packages:
 - Compat                        0.56.0
 - Nullables                     0.0.4
INFO: Testing PackageStream
tiny = 105
int8 = -37
int16+ = 15899
int16- = -21927
int32+ = 1440508357
int32- = -1520512311
int64+ = 1377492269954850114
int64- = -2295927729671725571
INFO: PackageStream tests passed

>>> End of log
