>>> 'Pkg.add("Pajarito")' log
[ Info: Cloning cache of Calculus from https://github.com/johnmyleswhite/Calculus.jl.git
[ Info: Cloning cache of CommonSubexpressions from https://github.com/rdeits/CommonSubexpressions.jl.git
[ Info: Cloning cache of ConicBenchmarkUtilities from https://github.com/mlubin/ConicBenchmarkUtilities.jl.git
[ Info: Cloning cache of ConicNonlinearBridge from https://github.com/mlubin/ConicNonlinearBridge.jl.git
[ Info: Cloning cache of DiffResults from https://github.com/JuliaDiff/DiffResults.jl.git
[ Info: Cloning cache of DiffRules from https://github.com/JuliaDiff/DiffRules.jl.git
[ Info: Cloning cache of ForwardDiff from https://github.com/JuliaDiff/ForwardDiff.jl.git
[ Info: Cloning cache of GZip from https://github.com/JuliaIO/GZip.jl.git
[ Info: Cloning cache of JuMP from https://github.com/JuliaOpt/JuMP.jl.git
[ Info: Cloning cache of MathProgBase from https://github.com/JuliaOpt/MathProgBase.jl.git
[ Info: Cloning cache of NaNMath from https://github.com/mlubin/NaNMath.jl.git
[ Info: Cloning cache of Pajarito from https://github.com/JuliaOpt/Pajarito.jl.git
[ Info: Cloning cache of ReverseDiffSparse from https://github.com/mlubin/ReverseDiffSparse.jl.git
[ Info: Installing BinDeps v0.8.5
[ Info: Installing Calculus v0.2.2
[ Info: Installing CommonSubexpressions v0.0.1
[ Info: Installing ConicBenchmarkUtilities v0.2.3
[ Info: Installing ConicNonlinearBridge v0.1.3
[ Info: Installing DataStructures v0.7.4
[ Info: Installing DiffResults v0.0.3
[ Info: Installing DiffRules v0.0.3
[ Info: Installing ForwardDiff v0.7.2
[ Info: Installing GZip v0.3.0
[ Info: Installing JuMP v0.18.0
[ Info: Installing MathProgBase v0.7.0
[ Info: Installing NaNMath v0.3.0
[ Info: Installing Pajarito v0.5.0
[ Info: Installing ReverseDiffSparse v0.8.1
[ Info: Installing SHA v0.5.3
[ Info: Installing SpecialFunctions v0.3.8
[ Info: Installing StaticArrays v0.6.6
[ Info: Installing URIParser v0.3.0
[ Info: Building SpecialFunctions
┌ Error: ------------------------------------------------------------
│ # Build failed for SpecialFunctions
│   exception =
│    LoadError: ArgumentError: Module Compat not found in current path.
│    Run `Pkg.add("Compat")` to install the Compat package.
│    Stacktrace:
│     [1] require(::Module, ::Symbol) at ./loading.jl:813
│     [2] include at ./boot.jl:292 [inlined]
│     [3] include_relative(::Module, ::String) at ./loading.jl:1011
│     [4] include at ./sysimg.jl:26 [inlined]
│     [5] include(::String) at ./loading.jl:1045
│     [6] top-level scope
│     [7] eval at ./boot.jl:295 [inlined]
│     [8] eval at ./sysimg.jl:71 [inlined]
│     [9] evalfile(::String, ::Array{String,1}) at ./loading.jl:1040 (repeats 2 times)
│     [10] #2 at ./none:12 [inlined]
│     [11] cd(::getfield(, Symbol("##2#5")){String}, ::String) at ./file.jl:70
│     [12] (::getfield(, Symbol("##1#3")))(::IOStream) at ./none:11
│     [13] open(::getfield(, Symbol("##1#3")), ::String, ::String) at ./iostream.jl:310
│     [14] top-level scope
│     [15] eval at ./boot.jl:295 [inlined]
│     [16] eval(::Module, ::Expr) at ./sysimg.jl:71
│     [17] process_options(::Base.JLOptions) at ./client.jl:301
│     [18] _start() at ./client.jl:375
│    in expression starting at /home/vagrant/.julia/v0.7/SpecialFunctions/deps/build.jl:1
└ @ Main none:15
┌ Warning: ------------------------------------------------------------
│ # Build error summary
│ 
│ SpecialFunctions had build errors.
│ 
│  - packages with build errors remain installed in /home/vagrant/.julia/v0.7
│  - build the package(s) and all dependencies with `Pkg.build("SpecialFunctions")`
│  - build a single package by running its `deps/build.jl` script
└ @ Base.Pkg.Entry entry.jl:648
[ Info: Package database updated

>>> 'Pkg.test("Pajarito")' log
Julia Version 0.7.0-DEV.3487
Commit 808e828bcb (2018-01-20 20:33 UTC)
Platform Info:
  OS: Linux (x86_64-pc-linux-gnu)
      Ubuntu 14.04.5 LTS
  uname: Linux 3.13.0-135-generic #184-Ubuntu SMP Wed Oct 18 11:55:51 UTC 2017 x86_64 x86_64
  CPU: Intel(R) Xeon(R) CPU E3-1241 v3 @ 3.50GHz: 
              speed         user         nice          sys         idle          irq
       #1  3499 MHz      72424 s         98 s       5442 s      76677 s          3 s
       #2  3499 MHz      16754 s         42 s       2978 s     151095 s          0 s
       
  Memory: 2.93927001953125 GB (697.36328125 MB free)
  Uptime: 1747.0 sec
  Load Avg:  0.87451171875  0.91259765625  0.6884765625
  WORD_SIZE: 64
  LIBM: libopenlibm
  LLVM: libLLVM-3.9.1 (ORCJIT, haswell)
Environment:
  TERM = vt100
  LD_LIBRARY_PATH = :/usr/local/lib/
  PATH = /usr/local/sbin:/usr/local/bin:/usr/sbin:/usr/bin:/sbin:/bin:/usr/games:/usr/local/games:/home/vagrant/julia/bin/
  JAVA_HOME = /usr/lib/jvm/java-8-openjdk-amd64
  HOME = /home/vagrant
Packages:
  Package Directory: /home/vagrant/.julia/v0.7
  Package Status:
2 required packages:
 - JSON                          0.16.4
 - Pajarito                      0.5.0
20 additional packages:
 - BinDeps                       0.8.5
 - Calculus                      0.2.2
 - CommonSubexpressions          0.0.1
 - Compat                        0.48.0
 - ConicBenchmarkUtilities       0.2.3
 - ConicNonlinearBridge          0.1.3
 - DataStructures                0.7.4
 - DiffResults                   0.0.3
 - DiffRules                     0.0.3
 - ForwardDiff                   0.7.2
 - GZip                          0.3.0
 - JuMP                          0.18.0
 - MathProgBase                  0.7.0
 - NaNMath                       0.3.0
 - Nullables                     0.0.3
 - ReverseDiffSparse             0.8.1
 - SHA                           0.5.3
 - SpecialFunctions              0.3.8
 - StaticArrays                  0.6.6
 - URIParser                     0.3.0
[ Info: Computing test dependencies for Pajarito...
[ Info: Cloning cache of ECOS from https://github.com/JuliaOpt/ECOS.jl.git
[ Info: Cloning cache of GLPK from https://github.com/JuliaOpt/GLPK.jl.git
[ Info: Cloning cache of GLPKMathProgInterface from https://github.com/JuliaOpt/GLPKMathProgInterface.jl.git
[ Info: Cloning cache of Ipopt from https://github.com/JuliaOpt/Ipopt.jl.git
[ Info: Cloning cache of SCS from https://github.com/JuliaOpt/SCS.jl.git
[ Info: Installing ECOS v0.8.0
[ Info: Installing GLPK v0.4.2
[ Info: Installing GLPKMathProgInterface v0.3.4
[ Info: Installing Ipopt v0.2.6
[ Info: Installing SCS v0.3.3
[ Info: Building ECOS
┌ Error: ------------------------------------------------------------
│ # Build failed for ECOS
│   exception =
│    LoadError: ArgumentError: Module BinDeps not found in current path.
│    Run `Pkg.add("BinDeps")` to install the BinDeps package.
│    Stacktrace:
│     [1] require(::Module, ::Symbol) at ./loading.jl:813
│     [2] include at ./boot.jl:292 [inlined]
│     [3] include_relative(::Module, ::String) at ./loading.jl:1011
│     [4] include at ./sysimg.jl:26 [inlined]
│     [5] include(::String) at ./loading.jl:1045
│     [6] top-level scope
│     [7] eval at ./boot.jl:295 [inlined]
│     [8] eval at ./sysimg.jl:71 [inlined]
│     [9] evalfile(::String, ::Array{String,1}) at ./loading.jl:1040 (repeats 2 times)
│     [10] #2 at ./none:12 [inlined]
│     [11] cd(::getfield(, Symbol("##2#5")){String}, ::String) at ./file.jl:70
│     [12] (::getfield(, Symbol("##1#3")))(::IOStream) at ./none:11
│     [13] open(::getfield(, Symbol("##1#3")), ::String, ::String) at ./iostream.jl:310
│     [14] top-level scope
│     [15] eval at ./boot.jl:295 [inlined]
│     [16] eval(::Module, ::Expr) at ./sysimg.jl:71
│     [17] process_options(::Base.JLOptions) at ./client.jl:301
│     [18] _start() at ./client.jl:375
│    in expression starting at /home/vagrant/.julia/v0.7/ECOS/deps/build.jl:1
└ @ Main none:15
[ Info: Building GLPK
┌ Error: ------------------------------------------------------------
│ # Build failed for GLPK
│   exception =
│    LoadError: ArgumentError: Module BinDeps not found in current path.
│    Run `Pkg.add("BinDeps")` to install the BinDeps package.
│    Stacktrace:
│     [1] require(::Module, ::Symbol) at ./loading.jl:813
│     [2] include at ./boot.jl:292 [inlined]
│     [3] include_relative(::Module, ::String) at ./loading.jl:1011
│     [4] include at ./sysimg.jl:26 [inlined]
│     [5] include(::String) at ./loading.jl:1045
│     [6] top-level scope
│     [7] eval at ./boot.jl:295 [inlined]
│     [8] eval at ./sysimg.jl:71 [inlined]
│     [9] evalfile(::String, ::Array{String,1}) at ./loading.jl:1040 (repeats 2 times)
│     [10] #2 at ./none:12 [inlined]
│     [11] cd(::getfield(, Symbol("##2#5")){String}, ::String) at ./file.jl:70
│     [12] (::getfield(, Symbol("##1#3")))(::IOStream) at ./none:11
│     [13] open(::getfield(, Symbol("##1#3")), ::String, ::String) at ./iostream.jl:310
│     [14] top-level scope
│     [15] eval at ./boot.jl:295 [inlined]
│     [16] eval(::Module, ::Expr) at ./sysimg.jl:71
│     [17] process_options(::Base.JLOptions) at ./client.jl:301
│     [18] _start() at ./client.jl:375
│    in expression starting at /home/vagrant/.julia/v0.7/GLPK/deps/build.jl:1
└ @ Main none:15
[ Info: Building Ipopt
┌ Error: ------------------------------------------------------------
│ # Build failed for Ipopt
│   exception =
│    LoadError: ArgumentError: Module BinDeps not found in current path.
│    Run `Pkg.add("BinDeps")` to install the BinDeps package.
│    Stacktrace:
│     [1] require(::Module, ::Symbol) at ./loading.jl:813
│     [2] include at ./boot.jl:292 [inlined]
│     [3] include_relative(::Module, ::String) at ./loading.jl:1011
│     [4] include at ./sysimg.jl:26 [inlined]
│     [5] include(::String) at ./loading.jl:1045
│     [6] top-level scope
│     [7] eval at ./boot.jl:295 [inlined]
│     [8] eval at ./sysimg.jl:71 [inlined]
│     [9] evalfile(::String, ::Array{String,1}) at ./loading.jl:1040 (repeats 2 times)
│     [10] #2 at ./none:12 [inlined]
│     [11] cd(::getfield(, Symbol("##2#5")){String}, ::String) at ./file.jl:70
│     [12] (::getfield(, Symbol("##1#3")))(::IOStream) at ./none:11
│     [13] open(::getfield(, Symbol("##1#3")), ::String, ::String) at ./iostream.jl:310
│     [14] top-level scope
│     [15] eval at ./boot.jl:295 [inlined]
│     [16] eval(::Module, ::Expr) at ./sysimg.jl:71
│     [17] process_options(::Base.JLOptions) at ./client.jl:301
│     [18] _start() at ./client.jl:375
│    in expression starting at /home/vagrant/.julia/v0.7/Ipopt/deps/build.jl:1
└ @ Main none:15
[ Info: Building SCS
┌ Error: ------------------------------------------------------------
│ # Build failed for SCS
│   exception =
│    LoadError: ArgumentError: Module BinDeps not found in current path.
│    Run `Pkg.add("BinDeps")` to install the BinDeps package.
│    Stacktrace:
│     [1] require(::Module, ::Symbol) at ./loading.jl:813
│     [2] include at ./boot.jl:292 [inlined]
│     [3] include_relative(::Module, ::String) at ./loading.jl:1011
│     [4] include at ./sysimg.jl:26 [inlined]
│     [5] include(::String) at ./loading.jl:1045
│     [6] top-level scope
│     [7] eval at ./boot.jl:295 [inlined]
│     [8] eval at ./sysimg.jl:71 [inlined]
│     [9] evalfile(::String, ::Array{String,1}) at ./loading.jl:1040 (repeats 2 times)
│     [10] #2 at ./none:12 [inlined]
│     [11] cd(::getfield(, Symbol("##2#5")){String}, ::String) at ./file.jl:70
│     [12] (::getfield(, Symbol("##1#3")))(::IOStream) at ./none:11
│     [13] open(::getfield(, Symbol("##1#3")), ::String, ::String) at ./iostream.jl:310
│     [14] top-level scope
│     [15] eval at ./boot.jl:295 [inlined]
│     [16] eval(::Module, ::Expr) at ./sysimg.jl:71
│     [17] process_options(::Base.JLOptions) at ./client.jl:301
│     [18] _start() at ./client.jl:375
│    in expression starting at /home/vagrant/.julia/v0.7/SCS/deps/build.jl:1
└ @ Main none:15
┌ Warning: ------------------------------------------------------------
│ # Build error summary
│ 
│ GLPK, SCS, ECOS and Ipopt had build errors.
│ 
│  - packages with build errors remain installed in /home/vagrant/.julia/v0.7
│  - build the package(s) and all dependencies with `Pkg.build("GLPK", "SCS", "ECOS", "Ipopt")`
│  - build a single package by running its `deps/build.jl` script
└ @ Base.Pkg.Entry entry.jl:648
[ Info: Testing Pajarito
┌ Warning: Deprecated syntax `type` at /home/vagrant/.julia/v0.7/JuMP/src/JuMP.jl:63.
│ Use `mutable struct` instead.
└ @ nothing JuMP.jl:63
┌ Warning: Deprecated syntax `type` at /home/vagrant/.julia/v0.7/JuMP/src/JuMP.jl:140.
│ Use `mutable struct` instead.
└ @ nothing JuMP.jl:140
┌ Warning: Deprecated syntax `immutable` at /home/vagrant/.julia/v0.7/JuMP/src/JuMP.jl:337.
│ Use `struct` instead.
└ @ nothing JuMP.jl:337
┌ Warning: Deprecated syntax `type` at /home/vagrant/.julia/v0.7/JuMP/src/JuMP.jl:487.
│ Use `mutable struct` instead.
└ @ nothing JuMP.jl:487
┌ Warning: Deprecated syntax `immutable` at /home/vagrant/.julia/v0.7/JuMP/src/JuMP.jl:535.
│ Use `struct` instead.
└ @ nothing JuMP.jl:535
┌ Warning: Deprecated syntax `type` at /home/vagrant/.julia/v0.7/JuMP/src/JuMP.jl:542.
│ Use `mutable struct` instead.
└ @ nothing JuMP.jl:542
┌ Warning: Deprecated syntax `immutable` at /home/vagrant/.julia/v0.7/JuMP/src/JuMP.jl:568.
│ Use `struct` instead.
└ @ nothing JuMP.jl:568
┌ Warning: Deprecated syntax `immutable` at /home/vagrant/.julia/v0.7/JuMP/src/JuMP.jl:876.
│ Use `struct` instead.
└ @ nothing JuMP.jl:876
┌ Warning: Deprecated syntax `immutable` at /home/vagrant/.julia/v0.7/JuMP/src/JuMP.jl:881.
│ Use `struct` instead.
└ @ nothing JuMP.jl:881
┌ Warning: Deprecated syntax `type` at /home/vagrant/.julia/v0.7/JuMP/src/JuMP.jl:63.
│ Use `mutable struct` instead.
└ @ nothing JuMP.jl:63
┌ Warning: Deprecated syntax `type` at /home/vagrant/.julia/v0.7/JuMP/src/JuMP.jl:140.
│ Use `mutable struct` instead.
└ @ nothing JuMP.jl:140
┌ Warning: Deprecated syntax `immutable` at /home/vagrant/.julia/v0.7/JuMP/src/JuMP.jl:337.
│ Use `struct` instead.
└ @ nothing JuMP.jl:337
┌ Warning: Deprecated syntax `type` at /home/vagrant/.julia/v0.7/JuMP/src/JuMP.jl:487.
│ Use `mutable struct` instead.
└ @ nothing JuMP.jl:487
┌ Warning: Deprecated syntax `immutable` at /home/vagrant/.julia/v0.7/JuMP/src/JuMP.jl:535.
│ Use `struct` instead.
└ @ nothing JuMP.jl:535
┌ Warning: Deprecated syntax `type` at /home/vagrant/.julia/v0.7/JuMP/src/JuMP.jl:542.
│ Use `mutable struct` instead.
└ @ nothing JuMP.jl:542
┌ Warning: Deprecated syntax `immutable` at /home/vagrant/.julia/v0.7/JuMP/src/JuMP.jl:568.
│ Use `struct` instead.
└ @ nothing JuMP.jl:568
┌ Warning: Deprecated syntax `immutable` at /home/vagrant/.julia/v0.7/JuMP/src/JuMP.jl:876.
│ Use `struct` instead.
└ @ nothing JuMP.jl:876
┌ Warning: Deprecated syntax `immutable` at /home/vagrant/.julia/v0.7/JuMP/src/JuMP.jl:881.
│ Use `struct` instead.
└ @ nothing JuMP.jl:881
┌ Warning: `importall` is deprecated, use `using` or individual `import` statements instead
│   caller = ip:0x0
└ @ Core :-1
WARNING: importing deprecated binding Operators.- into JuMP.
WARNING: importing deprecated binding Operators.∘ into JuMP.
WARNING: importing deprecated binding Operators.getindex into JuMP.
WARNING: importing deprecated binding Operators.* into JuMP.
WARNING: importing deprecated binding Operators.== into JuMP.
WARNING: importing deprecated binding Operators.xor into JuMP.
WARNING: importing deprecated binding Operators.hcat into JuMP.
WARNING: importing deprecated binding Operators.∛ into JuMP.
WARNING: importing deprecated binding Operators.adjoint into JuMP.
WARNING: importing deprecated binding Operators.∋ into JuMP.
WARNING: importing deprecated binding Operators.∉ into JuMP.
WARNING: importing deprecated binding Operators.≥ into JuMP.
WARNING: importing deprecated binding Operators.÷ into JuMP.
WARNING: importing deprecated binding Operators.>: into JuMP.
WARNING: importing deprecated binding Operators.% into JuMP.
WARNING: importing deprecated binding Operators.+ into JuMP.
WARNING: importing deprecated binding Operators.\ into JuMP.
WARNING: importing deprecated binding Operators.! into JuMP.
WARNING: importing deprecated binding Operators.setindex! into JuMP.
WARNING: importing deprecated binding Operators.≤ into JuMP.
WARNING: importing deprecated binding Operators.<< into JuMP.
WARNING: importing deprecated binding Operators.transpose into JuMP.
WARNING: importing deprecated binding Operators.∩ into JuMP.
WARNING: importing deprecated binding Operators.^ into JuMP.
WARNING: importing deprecated binding Operators.& into JuMP.
WARNING: importing deprecated binding Operators.>= into JuMP.
WARNING: importing deprecated binding Operators.~ into JuMP.
WARNING: importing deprecated binding Operators.!= into JuMP.
WARNING: importing deprecated binding Operators.>> into JuMP.
WARNING: importing deprecated binding Operators./ into JuMP.
WARNING: importing deprecated binding Operators.< into JuMP.
WARNING: importing deprecated binding Operators.∈ into JuMP.
WARNING: importing deprecated binding Operators.vcat into JuMP.
WARNING: importing deprecated binding Operators.hvcat into JuMP.
WARNING: importing deprecated binding Operators.⊆ into JuMP.
WARNING: importing deprecated binding Operators.≠ into JuMP.
WARNING: importing deprecated binding Operators.∌ into JuMP.
WARNING: importing deprecated binding Operators.| into JuMP.
WARNING: importing deprecated binding Operators.=== into JuMP.
WARNING: importing deprecated binding Operators.∪ into JuMP.
WARNING: importing deprecated binding Operators.⊻ into JuMP.
WARNING: importing deprecated binding Operators.!== into JuMP.
WARNING: importing deprecated binding Operators.colon into JuMP.
WARNING: importing deprecated binding Operators.√ into JuMP.
WARNING: importing deprecated binding Operators.<= into JuMP.
WARNING: importing deprecated binding Operators.⊊ into JuMP.
WARNING: importing deprecated binding Operators.<: into JuMP.
WARNING: importing deprecated binding Operators.> into JuMP.
WARNING: importing deprecated binding Operators.>>> into JuMP.
WARNING: importing deprecated binding Operators.// into JuMP.
WARNING: importing deprecated binding Operators.⊈ into JuMP.
WARNING: importing deprecated binding Operators.|> into JuMP.
WARNING: importing deprecated binding Base.SparseMatrixCSC into SolverInterface.
WARNING: Base.SparseMatrixCSC is deprecated, run `using SparseArrays` to load sparse array functionality.
  likely near /home/vagrant/.julia/v0.7/MathProgBase/src/SolverInterface/LinearQuadratic.jl:76
WARNING: Base.SparseMatrixCSC is deprecated, run `using SparseArrays` to load sparse array functionality.
  likely near /home/vagrant/.julia/v0.7/MathProgBase/src/SolverInterface/conic_to_lpqp.jl:6
WARNING: Base.SparseMatrixCSC is deprecated, run `using SparseArrays` to load sparse array functionality.
  likely near /home/vagrant/.julia/v0.7/MathProgBase/src/SolverInterface/conic_to_lpqp.jl:6
WARNING: Base.SparseMatrixCSC is deprecated, run `using SparseArrays` to load sparse array functionality.
  likely near /home/vagrant/.julia/v0.7/MathProgBase/src/SolverInterface/nonlinear_to_lpqp.jl:108
WARNING: Base.SparseMatrixCSC is deprecated, run `using SparseArrays` to load sparse array functionality.
  likely near /home/vagrant/.julia/v0.7/MathProgBase/src/SolverInterface/nonlinear_to_lpqp.jl:108
WARNING: Base.SparseMatrixCSC is deprecated, run `using SparseArrays` to load sparse array functionality.
  likely near /home/vagrant/.julia/v0.7/MathProgBase/src/SolverInterface/nonlinear_to_lpqp.jl:108
┌ Warning: Deprecated syntax `parametric method syntax finite_difference{T <: Number}(f::Function, x::T, dtype::Symbol = :central)` around /home/vagrant/.julia/v0.7/Calculus/src/finite_difference.jl:48.
│ Use `finite_difference(f::Function, x::T, dtype::Symbol = :central) where T <: Number` instead.
└ @ nothing finite_difference.jl:48
┌ Warning: Deprecated syntax `parametric method syntax complex_differentiable_abs{T <: Complex}(z::T)` around /home/vagrant/.julia/v0.7/Calculus/src/finite_difference.jl:87.
│ Use `complex_differentiable_abs(z::T) where T <: Complex` instead.
└ @ nothing finite_difference.jl:87
┌ Warning: Deprecated syntax `parametric method syntax finite_difference!{S <: Number, T <: Number}(f::Function, x::Vector{S}, g::Vector{T}, dtype::Symbol)` around /home/vagrant/.julia/v0.7/Calculus/src/finite_difference.jl:105.
│ Use `finite_difference!(f::Function, x::Vector{S}, g::Vector{T}, dtype::Symbol) where {S <: Number, T <: Number}` instead.
└ @ nothing finite_difference.jl:105
┌ Warning: Deprecated syntax `parametric method syntax finite_difference{T <: Number}(f::Function, x::Vector{T}, dtype::Symbol = :central)` around /home/vagrant/.julia/v0.7/Calculus/src/finite_difference.jl:142.
│ Use `finite_difference(f::Function, x::Vector{T}, dtype::Symbol = :central) where T <: Number` instead.
└ @ nothing finite_difference.jl:142
┌ Warning: Deprecated syntax `parametric method syntax finite_difference_jacobian!{R <: Number, S <: Number, T <: Number}(f::Function, x::Vector{R}, f_x::Vector{S}, J::Array{T}, dtype::Symbol = :central)` around /home/vagrant/.julia/v0.7/Calculus/src/finite_difference.jl:165.
│ Use `finite_difference_jacobian!(f::Function, x::Vector{R}, f_x::Vector{S}, J::Array{T}, dtype::Symbol = :central) where {R <: Number, S <: Number, T <: Number}` instead.
└ @ nothing finite_difference.jl:165
┌ Warning: Deprecated syntax `parametric method syntax finite_difference_jacobian{T <: Number}(f::Function, x::Vector{T}, dtype::Symbol = :central)` around /home/vagrant/.julia/v0.7/Calculus/src/finite_difference.jl:197.
│ Use `finite_difference_jacobian(f::Function, x::Vector{T}, dtype::Symbol = :central) where T <: Number` instead.
└ @ nothing finite_difference.jl:197
┌ Warning: Deprecated syntax `parametric method syntax finite_difference_hessian{T <: Number}(f::Function, x::T)` around /home/vagrant/.julia/v0.7/Calculus/src/finite_difference.jl:217.
│ Use `finite_difference_hessian(f::Function, x::T) where T <: Number` instead.
└ @ nothing finite_difference.jl:217
┌ Warning: Deprecated syntax `parametric method syntax finite_difference_hessian!{S <: Number, T <: Number}(f::Function, x::Vector{S}, H::Array{T})` around /home/vagrant/.julia/v0.7/Calculus/src/finite_difference.jl:238.
│ Use `finite_difference_hessian!(f::Function, x::Vector{S}, H::Array{T}) where {S <: Number, T <: Number}` instead.
└ @ nothing finite_difference.jl:238
┌ Warning: Deprecated syntax `parametric method syntax finite_difference_hessian{T <: Number}(f::Function, x::Vector{T})` around /home/vagrant/.julia/v0.7/Calculus/src/finite_difference.jl:269.
│ Use `finite_difference_hessian(f::Function, x::Vector{T}) where T <: Number` instead.
└ @ nothing finite_difference.jl:269
┌ Warning: Deprecated syntax `parametric method syntax finite_difference_hessian{T <: Number}(f::Function, g::Function, x::Vector{T}, dtype::Symbol = :central)` around /home/vagrant/.julia/v0.7/Calculus/src/finite_difference.jl:284.
│ Use `finite_difference_hessian(f::Function, g::Function, x::Vector{T}, dtype::Symbol = :central) where T <: Number` instead.
└ @ nothing finite_difference.jl:284
┌ Warning: Deprecated syntax `parametric method syntax derivative{T <: Number}(f::Function, x::Union{T, Vector{T}}, dtype::Symbol = :central)` around /home/vagrant/.julia/v0.7/Calculus/src/derivative.jl:10.
│ Use `derivative(f::Function, x::Union{T, Vector{T}}, dtype::Symbol = :central) where T <: Number` instead.
└ @ nothing derivative.jl:10
┌ Warning: Deprecated syntax `parametric method syntax gradient{T <: Number}(f::Function, x::Union{T, Vector{T}}, dtype::Symbol = :central)` around /home/vagrant/.julia/v0.7/Calculus/src/derivative.jl:13.
│ Use `gradient(f::Function, x::Union{T, Vector{T}}, dtype::Symbol = :central) where T <: Number` instead.
└ @ nothing derivative.jl:13
┌ Warning: Deprecated syntax `parametric method syntax Base.gradient{T <: Number}(f::Function, x::Union{T, Vector{T}}, dtype::Symbol = :central)` around /home/vagrant/.julia/v0.7/Calculus/src/derivative.jl:17.
│ Use `Base.gradient(f::Function, x::Union{T, Vector{T}}, dtype::Symbol = :central) where T <: Number` instead.
└ @ nothing derivative.jl:17
┌ Warning: Deprecated syntax `parametric method syntax jacobian{T <: Number}(f::Function, x::Vector{T}, dtype::Symbol)` around /home/vagrant/.julia/v0.7/Calculus/src/derivative.jl:29.
│ Use `jacobian(f::Function, x::Vector{T}, dtype::Symbol) where T <: Number` instead.
└ @ nothing derivative.jl:29
┌ Warning: Deprecated syntax `parametric method syntax second_derivative{T <: Number}(f::Function, g::Function, x::Union{T, Vector{T}}, dtype::Symbol)` around /home/vagrant/.julia/v0.7/Calculus/src/derivative.jl:47.
│ Use `second_derivative(f::Function, g::Function, x::Union{T, Vector{T}}, dtype::Symbol) where T <: Number` instead.
└ @ nothing derivative.jl:47
┌ Warning: Deprecated syntax `parametric method syntax hessian{T <: Number}(f::Function, g::Function, x::Union{T, Vector{T}}, dtype::Symbol)` around /home/vagrant/.julia/v0.7/Calculus/src/derivative.jl:50.
│ Use `hessian(f::Function, g::Function, x::Union{T, Vector{T}}, dtype::Symbol) where T <: Number` instead.
└ @ nothing derivative.jl:50
┌ Warning: Deprecated syntax `parametric method syntax second_derivative{T <: Number}(f::Function, g::Function, x::Union{T, Vector{T}})` around /home/vagrant/.julia/v0.7/Calculus/src/derivative.jl:53.
│ Use `second_derivative(f::Function, g::Function, x::Union{T, Vector{T}}) where T <: Number` instead.
└ @ nothing derivative.jl:53
┌ Warning: Deprecated syntax `parametric method syntax hessian{T <: Number}(f::Function, g::Function, x::Union{T, Vector{T}})` around /home/vagrant/.julia/v0.7/Calculus/src/derivative.jl:56.
│ Use `hessian(f::Function, g::Function, x::Union{T, Vector{T}}) where T <: Number` instead.
└ @ nothing derivative.jl:56
┌ Warning: Deprecated syntax `parametric method syntax second_derivative{T <: Number}(f::Function, x::Vector{T}, dtype::Symbol)` around /home/vagrant/.julia/v0.7/Calculus/src/derivative.jl:65.
│ Use `second_derivative(f::Function, x::Vector{T}, dtype::Symbol) where T <: Number` instead.
└ @ nothing derivative.jl:65
┌ Warning: Deprecated syntax `parametric method syntax hessian{T <: Number}(f::Function, x::Vector{T}, dtype::Symbol)` around /home/vagrant/.julia/v0.7/Calculus/src/derivative.jl:68.
│ Use `hessian(f::Function, x::Vector{T}, dtype::Symbol) where T <: Number` instead.
└ @ nothing derivative.jl:68
┌ Warning: Deprecated syntax `parametric method syntax second_derivative{T <: Number}(f::Function, x::Vector{T})` around /home/vagrant/.julia/v0.7/Calculus/src/derivative.jl:77.
│ Use `second_derivative(f::Function, x::Vector{T}) where T <: Number` instead.
└ @ nothing derivative.jl:77
┌ Warning: Deprecated syntax `parametric method syntax hessian{T <: Number}(f::Function, x::Vector{T})` around /home/vagrant/.julia/v0.7/Calculus/src/derivative.jl:80.
│ Use `hessian(f::Function, x::Vector{T}) where T <: Number` instead.
└ @ nothing derivative.jl:80
┌ Warning: Deprecated syntax `parametric method syntax check_gradient{T <: Number}(f::Function, g::Function, x::Vector{T})` around /home/vagrant/.julia/v0.7/Calculus/src/check_derivative.jl:7.
│ Use `check_gradient(f::Function, g::Function, x::Vector{T}) where T <: Number` instead.
└ @ nothing check_derivative.jl:7
┌ Warning: Deprecated syntax `parametric method syntax check_hessian{T <: Number}(f::Function, h::Function, x::Vector{T})` around /home/vagrant/.julia/v0.7/Calculus/src/check_derivative.jl:17.
│ Use `check_hessian(f::Function, h::Function, x::Vector{T}) where T <: Number` instead.
└ @ nothing check_derivative.jl:17
┌ Warning: Deprecated syntax `type` at /home/vagrant/.julia/v0.7/Calculus/src/symbolic.jl:26.
│ Use `mutable struct` instead.
└ @ nothing symbolic.jl:26
┌ Warning: Deprecated syntax `type` at /home/vagrant/.julia/v0.7/Calculus/src/symbolic.jl:69.
│ Use `mutable struct` instead.
└ @ nothing symbolic.jl:69
┌ Warning: Deprecated syntax `parametric method syntax simplify{T}(x::SymbolParameter{T}, args)` around /home/vagrant/.julia/v0.7/Calculus/src/symbolic.jl:89.
│ Use `simplify(x::SymbolParameter{T}, args) where T` instead.
└ @ nothing symbolic.jl:89
┌ Warning: Deprecated syntax `parametric method syntax differentiate{T}(x::SymbolParameter{T}, args, wrt)` around /home/vagrant/.julia/v0.7/Calculus/src/differentiate.jl:22.
│ Use `differentiate(x::SymbolParameter{T}, args, wrt) where T` instead.
└ @ nothing differentiate.jl:22
┌ Warning: `Array{T, 1}(m::Int) where T` is deprecated, use `Array{T, 1}(uninitialized, m)` instead.
│   caller = top-level scope
└ @ Core :0
┌ Warning: Deprecated syntax `parametric method syntax differentiate{T <: Compat.AbstractString}(s::Compat.AbstractString, targets::Vector{T})` around /home/vagrant/.julia/v0.7/Calculus/src/differentiate.jl:283.
│ Use `differentiate(s::Compat.AbstractString, targets::Vector{T}) where T <: Compat.AbstractString` instead.
└ @ nothing differentiate.jl:283
WARNING: importing deprecated binding Base.eye into StaticArrays.
WARNING: importing deprecated binding Base.cross into StaticArrays.
WARNING: importing deprecated binding Base.vecdot into StaticArrays.
WARNING: importing deprecated binding Base.det into StaticArrays.
WARNING: importing deprecated binding Base.logdet into StaticArrays.
WARNING: importing deprecated binding Base.eig into StaticArrays.
WARNING: importing deprecated binding Base.eigvals into StaticArrays.
WARNING: importing deprecated binding Base.eigfact into StaticArrays.
WARNING: importing deprecated binding Base.expm into StaticArrays.
WARNING: importing deprecated binding Base.logm into StaticArrays.
WARNING: importing deprecated binding Base.sqrtm into StaticArrays.
WARNING: importing deprecated binding Base.lyap into StaticArrays.
WARNING: importing deprecated binding Base.trace into StaticArrays.
WARNING: importing deprecated binding Base.diag into StaticArrays.
WARNING: importing deprecated binding Base.vecnorm into StaticArrays.
WARNING: importing deprecated binding Base.norm into StaticArrays.
WARNING: importing deprecated binding Base.dot into StaticArrays.
WARNING: importing deprecated binding Base.diagm into StaticArrays.
WARNING: importing deprecated binding Base.diag into StaticArrays.
WARNING: importing deprecated binding Base.lu into StaticArrays.
WARNING: importing deprecated binding Base.svd into StaticArrays.
WARNING: importing deprecated binding Base.svdvals into StaticArrays.
WARNING: importing deprecated binding Base.svdfact into StaticArrays.
WARNING: importing deprecated binding Base.factorize into StaticArrays.
WARNING: importing deprecated binding Base.ishermitian into StaticArrays.
WARNING: importing deprecated binding Base.issymmetric into StaticArrays.
WARNING: importing deprecated binding Base.isposdef into StaticArrays.
WARNING: importing deprecated binding Base.diff into StaticArrays.
WARNING: importing deprecated binding Base.randexp into StaticArrays.
WARNING: importing deprecated binding Base.rand! into StaticArrays.
WARNING: importing deprecated binding Base.randn! into StaticArrays.
WARNING: importing deprecated binding Base.randexp! into StaticArrays.
WARNING: importing deprecated binding Base.normalize into StaticArrays.
WARNING: importing deprecated binding Base.normalize! into StaticArrays.
WARNING: importing deprecated binding Base.Eigen into StaticArrays.
WARNING: Base.LinAlg is deprecated, run `using LinearAlgebra` instead.
  likely near /home/vagrant/.julia/v0.7/StaticArrays/src/SDiagonal.jl:93
WARNING: importing deprecated binding Base.UpperTriangular into StaticArrays.
WARNING: importing deprecated binding Base.Symmetric into StaticArrays.
ERROR: LoadError: LoadError: TypeError: in Type{...} expression, expected UnionAll, got typeof(Base.Symmetric)
Stacktrace:
 [1] top-level scope
 [2] include at ./boot.jl:292 [inlined]
 [3] include_relative(::Module, ::String) at ./loading.jl:1011
 [4] include at ./sysimg.jl:26 [inlined]
 [5] include(::String) at /home/vagrant/.julia/v0.7/StaticArrays/src/StaticArrays.jl:3
 [6] top-level scope
 [7] include at ./boot.jl:292 [inlined]
 [8] include_relative(::Module, ::String) at ./loading.jl:1011
 [9] include(::Module, ::String) at ./sysimg.jl:26
 [10] top-level scope
 [11] eval at ./boot.jl:295 [inlined]
 [12] top-level scope at ./<missing>:3
in expression starting at /home/vagrant/.julia/v0.7/StaticArrays/src/abstractarray.jl:134
in expression starting at /home/vagrant/.julia/v0.7/StaticArrays/src/StaticArrays.jl:91
ERROR: LoadError: Failed to precompile StaticArrays to /home/vagrant/.julia/lib/v0.7/StaticArrays.ji.
Stacktrace:
 [1] error at ./error.jl:33 [inlined]
 [2] compilecache(::Base.PkgId) at ./loading.jl:1161
 [3] _require(::Base.PkgId) at ./loading.jl:919
 [4] require(::Module, ::Symbol) at ./loading.jl:819
 [5] include at ./boot.jl:292 [inlined]
 [6] include_relative(::Module, ::String) at ./loading.jl:1011
 [7] include(::Module, ::String) at ./sysimg.jl:26
 [8] top-level scope
 [9] eval at ./boot.jl:295 [inlined]
 [10] top-level scope at ./<missing>:3
in expression starting at /home/vagrant/.julia/v0.7/DiffResults/src/DiffResults.jl:5
ERROR: LoadError: Failed to precompile DiffResults to /home/vagrant/.julia/lib/v0.7/DiffResults.ji.
Stacktrace:
 [1] error at ./error.jl:33 [inlined]
 [2] compilecache(::Base.PkgId) at ./loading.jl:1161
 [3] _require(::Base.PkgId) at ./loading.jl:919
 [4] require(::Module, ::Symbol) at ./loading.jl:819
 [5] include at ./boot.jl:292 [inlined]
 [6] include_relative(::Module, ::String) at ./loading.jl:1011
 [7] include(::Module, ::String) at ./sysimg.jl:26
 [8] top-level scope
 [9] eval at ./boot.jl:295 [inlined]
 [10] top-level scope at ./<missing>:3
in expression starting at /home/vagrant/.julia/v0.7/ForwardDiff/src/ForwardDiff.jl:5
ERROR: LoadError: Failed to precompile ForwardDiff to /home/vagrant/.julia/lib/v0.7/ForwardDiff.ji.
Stacktrace:
 [1] error at ./error.jl:33 [inlined]
 [2] compilecache(::Base.PkgId) at ./loading.jl:1161
 [3] _require(::Base.PkgId) at ./loading.jl:919
 [4] require(::Module, ::Symbol) at ./loading.jl:819
 [5] include at ./boot.jl:292 [inlined]
 [6] include_relative(::Module, ::String) at ./loading.jl:1011
 [7] include(::Module, ::String) at ./sysimg.jl:26
 [8] top-level scope
 [9] eval at ./boot.jl:295 [inlined]
 [10] top-level scope at ./<missing>:3
in expression starting at /home/vagrant/.julia/v0.7/ReverseDiffSparse/src/ReverseDiffSparse.jl:4
ERROR: LoadError: Failed to precompile ReverseDiffSparse to /home/vagrant/.julia/lib/v0.7/ReverseDiffSparse.ji.
Stacktrace:
 [1] error at ./error.jl:33 [inlined]
 [2] compilecache(::Base.PkgId) at ./loading.jl:1161
 [3] _require(::Base.PkgId) at ./loading.jl:919
 [4] require(::Module, ::Symbol) at ./loading.jl:819
 [5] include at ./boot.jl:292 [inlined]
 [6] include_relative(::Module, ::String) at ./loading.jl:1011
 [7] include(::Module, ::String) at ./sysimg.jl:26
 [8] top-level scope
 [9] eval at ./boot.jl:295 [inlined]
 [10] top-level scope at ./<missing>:3
in expression starting at /home/vagrant/.julia/v0.7/JuMP/src/JuMP.jl:21
ERROR: LoadError: Failed to precompile JuMP to /home/vagrant/.julia/lib/v0.7/JuMP.ji.
Stacktrace:
 [1] error at ./error.jl:33 [inlined]
 [2] compilecache(::Base.PkgId) at ./loading.jl:1161
 [3] _require(::Base.PkgId) at ./loading.jl:948
 [4] require(::Module, ::Symbol) at ./loading.jl:819
 [5] include at ./boot.jl:292 [inlined]
 [6] include_relative(::Module, ::String) at ./loading.jl:1011
 [7] include(::Module, ::String) at ./sysimg.jl:26
 [8] process_options(::Base.JLOptions) at ./client.jl:324
 [9] _start() at ./client.jl:375
in expression starting at /home/vagrant/.julia/v0.7/Pajarito/test/runtests.jl:7
┌ Error: ------------------------------------------------------------
│ # Testing failed for Pajarito
│   exception =
│    failed process: Process(`/home/vagrant/julia/bin/julia -Cnative -J/home/vagrant/julia/lib/julia/sys.so --compile=yes --depwarn=yes --code-coverage=none --color=no --compiled-modules=yes --check-bounds=yes --warn-overwrite=yes --startup-file=yes /home/vagrant/.julia/v0.7/Pajarito/test/runtests.jl`, ProcessExited(1)) [1]
│    Stacktrace:
│     [1] error(::String, ::Base.Process, ::String, ::Int64, ::String) at ./error.jl:42
│     [2] pipeline_error(::Base.Process) at ./process.jl:694
│     [3] run(::Cmd) at ./process.jl:656
│     [4] (::getfield(Base.Pkg.Entry, Symbol("##91#94")){Bool,String,Array{AbstractString,1}})() at ./pkg/entry.jl:728
│     [5] cd(::getfield(Base.Pkg.Entry, Symbol("##91#94")){Bool,String,Array{AbstractString,1}}, ::String) at ./file.jl:70
│     [6] #test!#90(::Bool, ::Function, ::String, ::Array{AbstractString,1}, ::Array{AbstractString,1}, ::Array{AbstractString,1}) at ./pkg/entry.jl:716
│     [7] (::getfield(Base.Pkg.Entry, Symbol("#kw##test!")))(::NamedTuple{(:coverage,),Tuple{Bool}}, ::typeof(Base.Pkg.Entry.test!), ::String, ::Array{AbstractString,1}, ::Array{AbstractString,1}, ::Array{AbstractString,1}) at ./<missing>:0
│     [8] #test#98(::Bool, ::Function, ::Array{AbstractString,1}) at ./pkg/entry.jl:755
│     [9] (::getfield(Base.Pkg.Entry, Symbol("#kw##test")))(::NamedTuple{(:coverage,),Tuple{Bool}}, ::typeof(Base.Pkg.Entry.test), ::Array{AbstractString,1}) at ./<missing>:0
│     [10] (::getfield(Base.Pkg.Dir, Symbol("##4#7")){Base.Iterators.IndexValue{Symbol,Bool,Tuple{Symbol},NamedTuple{(:coverage,),Tuple{Bool}}},typeof(Base.Pkg.Entry.test),Tuple{Array{AbstractString,1}}})() at ./pkg/dir.jl:36
│     [11] cd(::getfield(Base.Pkg.Dir, Symbol("##4#7")){Base.Iterators.IndexValue{Symbol,Bool,Tuple{Symbol},NamedTuple{(:coverage,),Tuple{Bool}}},typeof(Base.Pkg.Entry.test),Tuple{Array{AbstractString,1}}}, ::String) at ./file.jl:70
│     [12] #cd#1(::Base.Iterators.IndexValue{Symbol,Bool,Tuple{Symbol},NamedTuple{(:coverage,),Tuple{Bool}}}, ::Function, ::Function, ::Array{AbstractString,1}, ::Vararg{Array{AbstractString,1},N} where N) at ./pkg/dir.jl:36
│     [13] (::getfield(Base.Pkg.Dir, Symbol("#kw##cd")))(::NamedTuple{(:coverage,),Tuple{Bool}}, ::typeof(Base.Pkg.Dir.cd), ::Function, ::Array{AbstractString,1}, ::Vararg{Array{AbstractString,1},N} where N) at ./<missing>:0
│     [14] #test#3(::Bool, ::Function, ::String, ::Vararg{String,N} where N) at ./pkg/pkg.jl:274
│     [15] test(::String, ::Vararg{String,N} where N) at ./pkg/pkg.jl:274
│     [16] top-level scope
│     [17] eval at ./boot.jl:295 [inlined]
│     [18] eval(::Module, ::Expr) at ./sysimg.jl:71
│     [19] process_options(::Base.JLOptions) at ./client.jl:301
│     [20] _start() at ./client.jl:375
└ @ Base.Pkg.Entry entry.jl:731
[ Info: Removing ECOS v0.8.0
[ Info: Removing GLPK v0.4.2
[ Info: Removing GLPKMathProgInterface v0.3.4
[ Info: Removing Ipopt v0.2.6
[ Info: Removing SCS v0.3.3
ERROR: Pajarito had test errors

>>> End of log
