>>> 'Pkg.add("Pandas")' log
INFO: Cloning cache of LaTeXStrings from git://github.com/stevengj/LaTeXStrings.jl.git
INFO: Cloning cache of Pandas from git://github.com/malmaud/Pandas.jl.git
INFO: Cloning cache of PyPlot from git://github.com/stevengj/PyPlot.jl.git
INFO: Installing BinDeps v0.3.19
INFO: Installing ColorTypes v0.1.7
INFO: Installing Colors v0.5.4
INFO: Installing Conda v0.1.8
INFO: Installing Dates v0.3.2
INFO: Installing FixedPointNumbers v0.0.12
INFO: Installing HttpCommon v0.1.2
INFO: Installing LaTeXStrings v0.1.6
INFO: Installing Pandas v0.2.0
INFO: Installing PyCall v1.2.0
INFO: Installing PyPlot v2.1.1
INFO: Installing Reexport v0.0.3
INFO: Installing SHA v0.1.2
INFO: Installing URIParser v0.0.7
INFO: Building PyCall
INFO: PyCall is using /usr/bin/python (Python 2.7.6) at /usr/bin/python, libpython = libpython2.7
INFO: Package database updated
INFO: METADATA is out-of-date — you may not have the latest version of Pandas
INFO: Use `Pkg.update()` to get the latest versions of your packages

>>> 'Pkg.test("Pandas")' log
Package was unable to be tested.
>>> End of log
