>>> 'Pkg.add("ParallelDataTransfer")' log
INFO: Cloning cache of ParallelDataTransfer from https://github.com/ChrisRackauckas/ParallelDataTransfer.jl.git
INFO: Installing ParallelDataTransfer v0.3.1
INFO: Package database updated
INFO: METADATA is out-of-date — you may not have the latest version of ParallelDataTransfer
INFO: Use `Pkg.update()` to get the latest versions of your packages

>>> 'Pkg.test("ParallelDataTransfer")' log
Julia Version 0.6.3
Commit d55cadc350 (2018-05-28 20:20 UTC)
Platform Info:
  OS: Linux (x86_64-pc-linux-gnu)
  CPU: Intel(R) Xeon(R) CPU E3-1241 v3 @ 3.50GHz
  WORD_SIZE: 64
           Ubuntu 14.04.5 LTS
  uname: Linux 3.13.0-143-generic #192-Ubuntu SMP Tue Feb 27 10:45:36 UTC 2018 x86_64 x86_64
Memory: 2.939197540283203 GB (755.24609375 MB free)
Uptime: 5740.0 sec
Load Avg:  1.0029296875  0.9853515625  0.95458984375
Intel(R) Xeon(R) CPU E3-1241 v3 @ 3.50GHz: 
       speed         user         nice          sys         idle          irq
#1  3505 MHz     206554 s         65 s      20828 s     287003 s          2 s
#2  3505 MHz      71541 s         99 s      11697 s     480123 s          0 s

  BLAS: libopenblas (USE64BITINT DYNAMIC_ARCH NO_AFFINITY Nehalem)
  LAPACK: libopenblas64_
  LIBM: libopenlibm
  LLVM: libLLVM-3.9.1 (ORCJIT, haswell)
Environment:
  TERM = vt100
  LD_LIBRARY_PATH = :/usr/local/lib/
  PATH = /usr/local/sbin:/usr/local/bin:/usr/sbin:/usr/bin:/sbin:/bin:/usr/games:/usr/local/games:/home/vagrant/julia/bin/
  JAVA_HOME = /usr/lib/jvm/java-8-openjdk-amd64
  HOME = /home/vagrant

Package Directory: /home/vagrant/.julia/v0.6
2 required packages:
 - JSON                          0.17.2
 - ParallelDataTransfer          0.3.1
2 additional packages:
 - Compat                        0.69.0
 - Nullables                     0.0.5
INFO: Testing ParallelDataTransfer
INFO: ParallelDataTransfer tests passed

>>> End of log
