>>> 'Pkg.add("ParserCombinator")' log
INFO: Installing AutoHashEquals v0.0.7
INFO: Installing ParserCombinator v1.7.1
INFO: Package database updated

>>> 'Pkg.test("ParserCombinator")' log
Julia Version 0.3.12
Commit 80aa779 (2015-10-26 12:41 UTC)
Platform Info:
  System: Linux (x86_64-unknown-linux-gnu)
  CPU: Intel(R) Xeon(R) CPU E3-1241 v3 @ 3.50GHz
  WORD_SIZE: 64
  BLAS: libopenblas (USE64BITINT DYNAMIC_ARCH NO_AFFINITY Nehalem)
  LAPACK: libopenblas
  LIBM: libopenlibm
  LLVM: libLLVM-3.3
INFO: Computing test dependencies for ParserCombinator...
INFO: Installing ZipFile v0.2.5
INFO: Installing Zlib v0.1.12
INFO: Testing ParserCombinator
ERROR: @__doc__ not defined
 in include at ./boot.jl:245
 in include_from_node1 at ./loading.jl:128
 in include at ./boot.jl:245
 in include_from_node1 at ./loading.jl:128
 in reload_path at loading.jl:152
 in _require at loading.jl:67
 in require at loading.jl:51
 in include at ./boot.jl:245
 in include_from_node1 at loading.jl:128
 in process_options at ./client.jl:285
 in _start at ./client.jl:354
while loading /home/vagrant/.julia/v0.3/ParserCombinator/src/core/sources.jl, in expression starting on line 99
while loading /home/vagrant/.julia/v0.3/ParserCombinator/src/ParserCombinator.jl, in expression starting on line 40
while loading /home/vagrant/.julia/v0.3/ParserCombinator/test/runtests.jl, in expression starting on line 8
==========================[ ERROR: ParserCombinator ]===========================

failed process: Process(`/home/vagrant/julia/bin/julia /home/vagrant/.julia/v0.3/ParserCombinator/test/runtests.jl`, ProcessExited(1)) [1]

================================================================================
INFO: Removing ZipFile v0.2.5
INFO: Removing Zlib v0.1.12
ERROR: ParserCombinator had test errors
 in error at error.jl:21
 in test at pkg/entry.jl:718
 in anonymous at pkg/dir.jl:28
 in cd at ./file.jl:20
 in cd at pkg/dir.jl:28
 in test at pkg.jl:67
 in process_options at ./client.jl:213
 in _start at ./client.jl:354

>>> End of log
