>>> 'Pkg.add("Parts")' log
INFO: Cloning cache of Parts from https://github.com/bramtayl/Parts.jl.git
INFO: Installing Parts v0.0.1
INFO: Package database updated

>>> 'Pkg.test("Parts")' log
Julia Version 0.6.1
Commit 0d7248e2ff (2017-10-24 22:15 UTC)
Platform Info:
  OS: Linux (x86_64-pc-linux-gnu)
  CPU: Intel(R) Xeon(R) CPU E3-1241 v3 @ 3.50GHz
  WORD_SIZE: 64
           Ubuntu 14.04.5 LTS
  uname: Linux 3.13.0-135-generic #184-Ubuntu SMP Wed Oct 18 11:55:51 UTC 2017 x86_64 x86_64
Memory: 2.93927001953125 GB (1116.765625 MB free)
Uptime: 49816.0 sec
Load Avg:  1.00830078125  1.001953125  0.98681640625
Intel(R) Xeon(R) CPU E3-1241 v3 @ 3.50GHz: 
       speed         user         nice          sys         idle          irq
#1  3499 MHz    3312056 s         57 s     149846 s     790373 s         58 s
#2  3499 MHz     902885 s       6486 s      76706 s    3896244 s          0 s

  BLAS: libopenblas (USE64BITINT DYNAMIC_ARCH NO_AFFINITY Nehalem)
  LAPACK: libopenblas64_
  LIBM: libopenlibm
  LLVM: libLLVM-3.9.1 (ORCJIT, haswell)
Environment:
  TERM = vt100
  LD_LIBRARY_PATH = :/usr/local/lib/
  PATH = /usr/local/sbin:/usr/local/bin:/usr/sbin:/usr/bin:/sbin:/bin:/usr/games:/usr/local/games:/home/vagrant/julia/bin/
  JAVA_HOME = /usr/lib/jvm/java-8-openjdk-amd64
  HOME = /home/vagrant

Package Directory: /home/vagrant/.julia/v0.6
2 required packages:
 - JSON                          0.16.1
 - Parts                         0.0.1
1 additional packages:
 - Compat                        0.37.0
INFO: Computing test dependencies for Parts...
INFO: Installing DocStringExtensions v0.4.1
INFO: Installing Documenter v0.12.3
INFO: Testing Parts
Documenter: setting up build directory.
Documenter: expanding markdown templates.
Documenter: building cross-references.
Documenter: running document checks.
 > checking for missing docstrings.
 > running doctests.
 > checking footnote links.
 > checking external URLs:
   - index.md
Documenter: populating indices.
Documenter: rendering document.
INFO: Parts tests passed
INFO: Removing DocStringExtensions v0.4.1
INFO: Removing Documenter v0.12.3

>>> End of log
