>>> 'Pkg.add("Pastebin")' log
WARNING: Base.Pkg is deprecated, run `using Pkg` instead
 in module Main
[ Info: Cloning cache of Pastebin from https://github.com/molnarmark/Pastebin.jl.git
[ Info: Cloning cache of Requests from https://github.com/JuliaWeb/Requests.jl.git
[ Info: Installing BinDeps v0.8.6
[ Info: Installing BufferedStreams v0.3.3
[ Info: Installing Codecs v0.4.0
[ Info: Installing HttpCommon v0.4.0
[ Info: Installing HttpParser v0.3.1
[ Info: Installing Libz v0.2.4
[ Info: Installing MbedTLS v0.5.5
[ Info: Installing Pastebin v0.0.3
[ Info: Installing Requests v0.5.1
[ Info: Installing SHA v0.5.6
[ Info: Installing URIParser v0.3.0
[ Info: Building HttpParser
┌ Warning: `is_windows` is deprecated, use `Sys.iswindows` instead.
│   caller = top-level scope
└ @ Core :0
┌ Warning: `is_unix` is deprecated, use `Sys.isunix` instead.
│   caller = top-level scope
└ @ Core :0
WARNING: importing deprecated binding Base.Libdl into __anon__.
WARNING: Base.Libdl is deprecated, run `using Libdl` instead
  likely near /home/vagrant/.julia/v0.7/HttpParser/deps/build.jl:38
┌ Warning: `similar(a::AbstractDict)` is deprecated, use `empty(a)` instead.
│   caller = adjust_env(::Dict{String,String}) at BinDeps.jl:389
└ @ BinDeps BinDeps.jl:389
┌ Warning: `is_windows` is deprecated, use `Sys.iswindows` instead.
│   caller = top-level scope
└ @ Core :0
WARNING: importing deprecated binding Base.Associative into BinDeps.
WARNING: Base.Associative is deprecated, use AbstractDict instead.
  likely near /home/vagrant/.julia/v0.7/HttpParser/deps/build.jl:71
in @install at /home/vagrant/.julia/v0.7/BinDeps/src/dependencies.jl
WARNING: Base.Libdl is deprecated, run `using Libdl` instead
  likely near /home/vagrant/.julia/v0.7/HttpParser/deps/build.jl:976
WARNING: Base.Libdl is deprecated, run `using Libdl` instead
  likely near /home/vagrant/.julia/v0.7/HttpParser/deps/build.jl:976
WARNING: Base.Libdl is deprecated, run `using Libdl` instead
  likely near /home/vagrant/.julia/v0.7/HttpParser/deps/build.jl:976
WARNING: Base.Libdl is deprecated, run `using Libdl` instead
  likely near /home/vagrant/.julia/v0.7/HttpParser/deps/build.jl:976
WARNING: Base.Libdl is deprecated, run `using Libdl` instead
  likely near /home/vagrant/.julia/v0.7/HttpParser/deps/build.jl:976
in validate_httpparser at /home/vagrant/.julia/v0.7/HttpParser/deps/build.jl
[ Info: Building MbedTLS
Using system libraries...
WARNING: importing deprecated binding Base.Associative into BinDeps.
WARNING: Base.Associative is deprecated, use AbstractDict instead.
  likely near /home/vagrant/.julia/v0.7/MbedTLS/deps/build.jl:48
in @install at /home/vagrant/.julia/v0.7/BinDeps/src/dependencies.jl
[ Info: Package database updated

>>> 'Pkg.test("Pastebin")' log
WARNING: Base.versioninfo is deprecated: it has been moved to the standard library package `InteractiveUtils`.
Add `using InteractiveUtils` to your imports.
 in module Main
WARNING: Base.versioninfo is deprecated: it has been moved to the standard library package `InteractiveUtils`.
Add `using InteractiveUtils` to your imports.
 in module Main
Julia Version 0.7.0-DEV.4375
Commit 6239b632ba (2018-02-24 17:55 UTC)
Platform Info:
  OS: Linux (x86_64-pc-linux-gnu)
      Ubuntu 14.04.5 LTS
  uname: Linux 3.13.0-135-generic #184-Ubuntu SMP Wed Oct 18 11:55:51 UTC 2017 x86_64 x86_64
  CPU: Intel(R) Xeon(R) CPU E3-1241 v3 @ 3.50GHz: 
              speed         user         nice          sys         idle          irq
       #1  3499 MHz     198451 s          3 s      16580 s      80660 s          2 s
       #2  3499 MHz      41315 s        214 s       8288 s     284147 s          0 s
       
  Memory: 2.93927001953125 GB (792.17578125 MB free)
  Uptime: 3401.0 sec
  Load Avg:  0.9296875  0.966796875  0.951171875
  WORD_SIZE: 64
  LIBM: libopenlibm
  LLVM: libLLVM-3.9.1 (ORCJIT, haswell)
Environment:
  TERM = vt100
  LD_LIBRARY_PATH = :/usr/local/lib/
  PATH = /usr/local/sbin:/usr/local/bin:/usr/sbin:/usr/bin:/sbin:/bin:/usr/games:/usr/local/games:/home/vagrant/julia/bin/
  JAVA_HOME = /usr/lib/jvm/java-8-openjdk-amd64
  HOME = /home/vagrant
Packages:
  Package Directory: /home/vagrant/.julia/v0.7
  Package Status:
2 required packages:
 - JSON                          0.16.4
 - Pastebin                      0.0.3
12 additional packages:
 - BinDeps                       0.8.6
 - BufferedStreams               0.3.3
 - Codecs                        0.4.0
 - Compat                        0.54.0
 - HttpCommon                    0.4.0
 - HttpParser                    0.3.1
 - Libz                          0.2.4
 - MbedTLS                       0.5.5
 - Nullables                     0.0.3
 - Requests                      0.5.1
 - SHA                           0.5.6
 - URIParser                     0.3.0
WARNING: Base.Pkg is deprecated, run `using Pkg` instead
 in module Main
[ Info: Testing Pastebin
┌ Warning: Deprecated syntax `type` at /home/vagrant/.julia/v0.7/Requests/src/Requests.jl:38.
│ Use `mutable struct` instead.
└ @ nothing Requests.jl:38
┌ Warning: Deprecated syntax `immutable` at /home/vagrant/.julia/v0.7/Requests/src/Requests.jl:280.
│ Use `struct` instead.
└ @ nothing Requests.jl:280
┌ Warning: Deprecated syntax `type` at /home/vagrant/.julia/v0.7/Requests/src/Requests.jl:38.
│ Use `mutable struct` instead.
└ @ nothing Requests.jl:38
┌ Warning: Deprecated syntax `immutable` at /home/vagrant/.julia/v0.7/Requests/src/Requests.jl:280.
│ Use `struct` instead.
└ @ nothing Requests.jl:280
┌ Warning: Deprecated syntax `type` at /home/vagrant/.julia/v0.7/HttpParser/src/HttpParser.jl:32.
│ Use `mutable struct` instead.
└ @ nothing HttpParser.jl:32
┌ Warning: Deprecated syntax `type` at /home/vagrant/.julia/v0.7/HttpParser/src/HttpParser.jl:79.
│ Use `mutable struct` instead.
└ @ nothing HttpParser.jl:79
┌ Warning: Deprecated syntax `immutable` at /home/vagrant/.julia/v0.7/HttpParser/src/HttpParser.jl:146.
│ Use `struct` instead.
└ @ nothing HttpParser.jl:146
┌ Warning: Deprecated syntax `immutable` at /home/vagrant/.julia/v0.7/HttpParser/src/HttpParser.jl:163.
│ Use `struct` instead.
└ @ nothing HttpParser.jl:163
WARNING: importing deprecated binding Base.Void into HttpParser.
WARNING: Base.Void is deprecated, use Nothing instead.
  likely near /home/vagrant/.julia/v0.7/HttpParser/src/HttpParser.jl:79
WARNING: Base.Void is deprecated, use Nothing instead.
  likely near /home/vagrant/.julia/v0.7/HttpParser/src/HttpParser.jl:79
WARNING: Base.Void is deprecated, use Nothing instead.
  likely near /home/vagrant/.julia/v0.7/HttpParser/src/HttpParser.jl:79
WARNING: Base.Void is deprecated, use Nothing instead.
  likely near /home/vagrant/.julia/v0.7/HttpParser/src/HttpParser.jl:79
WARNING: Base.Void is deprecated, use Nothing instead.
  likely near /home/vagrant/.julia/v0.7/HttpParser/src/HttpParser.jl:79
WARNING: Base.Void is deprecated, use Nothing instead.
  likely near /home/vagrant/.julia/v0.7/HttpParser/src/HttpParser.jl:79
WARNING: Base.Void is deprecated, use Nothing instead.
  likely near /home/vagrant/.julia/v0.7/HttpParser/src/HttpParser.jl:79
WARNING: Base.Void is deprecated, use Nothing instead.
  likely near /home/vagrant/.julia/v0.7/HttpParser/src/HttpParser.jl:79
WARNING: Base.Void is deprecated, use Nothing instead.
  likely near /home/vagrant/.julia/v0.7/HttpParser/src/HttpParser.jl:79
WARNING: Base.Void is deprecated, use Nothing instead.
  likely near /home/vagrant/.julia/v0.7/HttpParser/src/HttpParser.jl:79
WARNING: Base.Void is deprecated, use Nothing instead.
  likely near /home/vagrant/.julia/v0.7/HttpParser/src/HttpParser.jl:79
WARNING: Base.Void is deprecated, use Nothing instead.
  likely near /home/vagrant/.julia/v0.7/HttpParser/src/HttpParser.jl:79
WARNING: Base.Void is deprecated, use Nothing instead.
  likely near /home/vagrant/.julia/v0.7/HttpParser/src/HttpParser.jl:79
WARNING: Base.Void is deprecated, use Nothing instead.
  likely near /home/vagrant/.julia/v0.7/HttpParser/src/HttpParser.jl:79
WARNING: Base.Void is deprecated, use Nothing instead.
  likely near /home/vagrant/.julia/v0.7/HttpParser/src/HttpParser.jl:79
WARNING: Base.Void is deprecated, use Nothing instead.
  likely near /home/vagrant/.julia/v0.7/HttpParser/src/HttpParser.jl:79
WARNING: Base.Void is deprecated, use Nothing instead.
  likely near /home/vagrant/.julia/v0.7/HttpParser/src/HttpParser.jl:79
WARNING: Base.Void is deprecated, use Nothing instead.
  likely near /home/vagrant/.julia/v0.7/HttpParser/src/HttpParser.jl:79
WARNING: Base.Void is deprecated, use Nothing instead.
  likely near /home/vagrant/.julia/v0.7/HttpParser/src/HttpParser.jl:79
WARNING: Base.Void is deprecated, use Nothing instead.
  likely near /home/vagrant/.julia/v0.7/HttpParser/src/HttpParser.jl:79
WARNING: Base.Void is deprecated, use Nothing instead.
  likely near /home/vagrant/.julia/v0.7/HttpParser/src/HttpParser.jl:79
┌ Warning: Syntax `&argument` around /home/vagrant/.julia/v0.7/HttpParser/src/HttpParser.jl:110 is deprecated. Remove the `&` and use a `Ref` argument type instead.
└ @ nothing HttpParser.jl:110
WARNING: Base.Void is deprecated, use Nothing instead.
  likely near /home/vagrant/.julia/v0.7/HttpParser/src/HttpParser.jl:108
WARNING: Base.Void is deprecated, use Nothing instead.
  likely near /home/vagrant/.julia/v0.7/HttpParser/src/HttpParser.jl:134
WARNING: Base.Void is deprecated, use Nothing instead.
  likely near /home/vagrant/.julia/v0.7/HttpParser/src/HttpParser.jl:136
┌ Warning: Deprecated syntax `type` at /home/vagrant/.julia/v0.7/Codecs/src/Codecs.jl:196.
│ Use `mutable struct` instead.
└ @ nothing Codecs.jl:196
┌ Warning: Deprecated syntax `parametric method syntax encode{T <: Codec}(codec::Type{T}, s::AbstractString)` around /home/vagrant/.julia/v0.7/Codecs/src/Codecs.jl:14.
│ Use `encode(codec::Type{T}, s::AbstractString) where T <: Codec` instead.
└ @ nothing Codecs.jl:14
┌ Warning: Deprecated syntax `parametric method syntax decode{T <: Codec}(codec::Type{T}, s::AbstractString)` around /home/vagrant/.julia/v0.7/Codecs/src/Codecs.jl:19.
│ Use `decode(codec::Type{T}, s::AbstractString) where T <: Codec` instead.
└ @ nothing Codecs.jl:19
WARNING: importing deprecated binding Base.Void into Codecs.
WARNING: Base.Void is deprecated, use Nothing instead.
  likely near /home/vagrant/.julia/v0.7/Codecs/src/Codecs.jl:196
WARNING: Base.Void is deprecated, use Nothing instead.
  likely near /home/vagrant/.julia/v0.7/Codecs/src/Codecs.jl:196
WARNING: Base.Void is deprecated, use Nothing instead.
  likely near /home/vagrant/.julia/v0.7/Codecs/src/Codecs.jl:196
WARNING: Base.Void is deprecated, use Nothing instead.
  likely near /home/vagrant/.julia/v0.7/Codecs/src/Codecs.jl:196
┌ Warning: `@gc_preserve` is deprecated, use `GC.@preserve` instead.
│   caller = include at boot.jl:295 [inlined]
└ @ Core boot.jl:295
┌ Warning: Deprecated syntax `immutable` at /home/vagrant/.julia/v0.7/Requests/src/parsing.jl:4.
│ Use `struct` instead.
└ @ nothing parsing.jl:4
┌ Warning: `global const` declarations may no longer appear inside functions.
│ Instead, use a non-constant global, or a global `const var = Ref{T}()`.
└ @ nothing parsing.jl:173
┌ Warning: `global const` declarations may no longer appear inside functions.
│ Instead, use a non-constant global, or a global `const var = Ref{T}()`.
└ @ nothing parsing.jl:174
┌ Warning: `global const` declarations may no longer appear inside functions.
│ Instead, use a non-constant global, or a global `const var = Ref{T}()`.
└ @ nothing parsing.jl:175
┌ Warning: `global const` declarations may no longer appear inside functions.
│ Instead, use a non-constant global, or a global `const var = Ref{T}()`.
└ @ nothing parsing.jl:176
┌ Warning: `global const` declarations may no longer appear inside functions.
│ Instead, use a non-constant global, or a global `const var = Ref{T}()`.
└ @ nothing parsing.jl:177
┌ Warning: `global const` declarations may no longer appear inside functions.
│ Instead, use a non-constant global, or a global `const var = Ref{T}()`.
└ @ nothing parsing.jl:178
┌ Warning: `global const` declarations may no longer appear inside functions.
│ Instead, use a non-constant global, or a global `const var = Ref{T}()`.
└ @ nothing parsing.jl:179
┌ Warning: `global const` declarations may no longer appear inside functions.
│ Instead, use a non-constant global, or a global `const var = Ref{T}()`.
└ @ nothing parsing.jl:180
┌ Warning: Deprecated syntax `immutable` at /home/vagrant/.julia/v0.7/Requests/src/multipart.jl:6.
│ Use `struct` instead.
└ @ nothing multipart.jl:6
┌ Warning: Deprecated syntax `immutable` at /home/vagrant/.julia/v0.7/Requests/src/multipart.jl:30.
│ Use `struct` instead.
└ @ nothing multipart.jl:30
┌ Warning: Deprecated syntax `immutable` at /home/vagrant/.julia/v0.7/Requests/src/multipart.jl:196.
│ Use `struct` instead.
└ @ nothing multipart.jl:196
┌ Warning: Deprecated syntax `type` at /home/vagrant/.julia/v0.7/Requests/src/streaming.jl:3.
│ Use `mutable struct` instead.
└ @ nothing streaming.jl:3
┌ Warning: Deprecated syntax `immutable` at /home/vagrant/.julia/v0.7/Requests/src/streaming.jl:44.
│ Use `struct` instead.
└ @ nothing streaming.jl:44
┌ Warning: Deprecated syntax `immutable` at /home/vagrant/.julia/v0.7/Requests/src/streaming.jl:157.
│ Use `struct` instead.
└ @ nothing streaming.jl:157
┌ Warning: Deprecated syntax `parametric method syntax (::Type{ResponseStream{T}}){T}()` around /home/vagrant/.julia/v0.7/Requests/src/streaming.jl:14.
│ Use `(::Type{ResponseStream{T}})() where T` instead.
└ @ nothing streaming.jl:14
WARNING: importing deprecated binding Base.Nullable into Requests.
ERROR: LoadError: LoadError: TypeError: in Type{...} expression, expected UnionAll, got typeof(Base.Nullable)
Stacktrace:
 [1] top-level scope
 [2] include at ./boot.jl:295 [inlined]
 [3] include_relative(::Module, ::String) at ./loading.jl:1076
 [4] include at ./sysimg.jl:29 [inlined]
 [5] include(::String) at /home/vagrant/.julia/v0.7/Requests/src/Requests.jl:2
 [6] top-level scope
 [7] include at ./boot.jl:295 [inlined]
 [8] include_relative(::Module, ::String) at ./loading.jl:1076
 [9] include(::Module, ::String) at ./sysimg.jl:29
 [10] top-level scope
 [11] eval at ./boot.jl:298 [inlined]
 [12] top-level scope at ./<missing>:3
in expression starting at /home/vagrant/.julia/v0.7/Requests/src/streaming.jl:3
in expression starting at /home/vagrant/.julia/v0.7/Requests/src/Requests.jl:29
ERROR: LoadError: LoadError: Failed to precompile Requests to /home/vagrant/.julia/compiled/v0.7/Requests.ji.
Stacktrace:
 [1] error at ./error.jl:33 [inlined]
 [2] compilecache(::Base.PkgId) at ./loading.jl:1210
 [3] _require(::Base.PkgId) at ./loading.jl:1012
 [4] require(::Base.PkgId) at ./loading.jl:883
 [5] require(::Module, ::Symbol) at ./loading.jl:878
 [6] include at ./boot.jl:295 [inlined]
 [7] include_relative(::Module, ::String) at ./loading.jl:1076
 [8] _require(::Base.PkgId) at ./loading.jl:1002
 [9] require(::Base.PkgId) at ./loading.jl:883
 [10] require(::Module, ::Symbol) at ./loading.jl:878
 [11] include at ./boot.jl:295 [inlined]
 [12] include_relative(::Module, ::String) at ./loading.jl:1076
 [13] include(::Module, ::String) at ./sysimg.jl:29
 [14] exec_options(::Base.JLOptions) at ./client.jl:332
 [15] _start() at ./client.jl:448
in expression starting at /home/vagrant/.julia/v0.7/Pastebin/src/Pastebin.jl:9
in expression starting at /home/vagrant/.julia/v0.7/Pastebin/test/runtests.jl:1
┌ Error: ------------------------------------------------------------
│ # Testing failed for Pastebin
│   exception =
│    failed process: Process(`/home/vagrant/julia/bin/julia -Cnative -J/home/vagrant/julia/lib/julia/sys.so --compile=yes --depwarn=yes --code-coverage=none --color=no --compiled-modules=yes --check-bounds=yes --warn-overwrite=yes --startup-file=yes /home/vagrant/.julia/v0.7/Pastebin/test/runtests.jl`, ProcessExited(1)) [1]
│    Stacktrace:
│     [1] error(::String, ::Base.Process, ::String, ::Int64, ::String) at ./error.jl:42
│     [2] pipeline_error(::Base.Process) at ./process.jl:693
│     [3] run(::Cmd) at ./process.jl:655
│     [4] (::getfield(Pkg.Entry, Symbol("##56#57")){Bool,String,Array{AbstractString,1}})() at /buildworker/worker/package_linux64/build/usr/share/julia/site/v0.7/Pkg/src/entry.jl:729
│     [5] cd(::getfield(Pkg.Entry, Symbol("##56#57")){Bool,String,Array{AbstractString,1}}, ::String) at ./file.jl:72
│     [6] #test!#55(::Bool, ::Function, ::String, ::Array{AbstractString,1}, ::Array{AbstractString,1}, ::Array{AbstractString,1}) at /buildworker/worker/package_linux64/build/usr/share/julia/site/v0.7/Pkg/src/entry.jl:717
│     [7] (::getfield(Pkg.Entry, Symbol("#kw##test!")))(::NamedTuple{(:coverage,),Tuple{Bool}}, ::typeof(Pkg.Entry.test!), ::String, ::Array{AbstractString,1}, ::Array{AbstractString,1}, ::Array{AbstractString,1}) at ./<missing>:0
│     [8] #test#59(::Bool, ::Function, ::Array{AbstractString,1}) at /buildworker/worker/package_linux64/build/usr/share/julia/site/v0.7/Pkg/src/entry.jl:756
│     [9] #test at ./<missing>:0 [inlined]
│     [10] #4 at /buildworker/worker/package_linux64/build/usr/share/julia/site/v0.7/Pkg/src/dir.jl:36 [inlined]
│     [11] cd(::getfield(Pkg.Dir, Symbol("##4#7")){Base.Iterators.Pairs{Symbol,Bool,Tuple{Symbol},NamedTuple{(:coverage,),Tuple{Bool}}},typeof(Pkg.Entry.test),Tuple{Array{AbstractString,1}}}, ::String) at ./file.jl:72
│     [12] #cd#1(::Base.Iterators.Pairs{Symbol,Bool,Tuple{Symbol},NamedTuple{(:coverage,),Tuple{Bool}}}, ::Function, ::Function, ::Array{AbstractString,1}, ::Vararg{Array{AbstractString,1},N} where N) at /buildworker/worker/package_linux64/build/usr/share/julia/site/v0.7/Pkg/src/dir.jl:36
│     [13] (::getfield(Pkg.Dir, Symbol("#kw##cd")))(::NamedTuple{(:coverage,),Tuple{Bool}}, ::typeof(Pkg.Dir.cd), ::Function, ::Array{AbstractString,1}, ::Vararg{Array{AbstractString,1},N} where N) at ./<missing>:0
│     [14] #test#3(::Bool, ::Function, ::String, ::Vararg{String,N} where N) at /buildworker/worker/package_linux64/build/usr/share/julia/site/v0.7/Pkg/src/Pkg.jl:276
│     [15] test(::String, ::Vararg{String,N} where N) at /buildworker/worker/package_linux64/build/usr/share/julia/site/v0.7/Pkg/src/Pkg.jl:276
│     [16] top-level scope
│     [17] eval at ./boot.jl:298 [inlined]
│     [18] eval(::Module, ::Expr) at ./sysimg.jl:74
│     [19] exec_options(::Base.JLOptions) at ./client.jl:309
│     [20] _start() at ./client.jl:448
└ @ Pkg.Entry entry.jl:732
ERROR: Pastebin had test errors

>>> End of log
