>>> 'Pkg.add("Patchwork")' log
INFO: Cloning cache of Patchwork from git://github.com/shashi/Patchwork.jl.git
INFO: Installing ArrayViews v0.4.8
INFO: Installing Benchmark v0.1.0
INFO: Installing Compat v0.2.0
INFO: Installing DataArrays v0.2.5
INFO: Installing DataFrames v0.5.12
INFO: Installing FactCheck v0.2.0
INFO: Installing FunctionalCollections v0.1.1
INFO: Installing GZip v0.2.13
INFO: Installing JSON v0.3.9
INFO: Installing Patchwork v0.1.0
INFO: Installing Reexport v0.0.2
INFO: Installing SortingAlgorithms v0.0.2
INFO: Installing StatsBase v0.6.10
INFO: Package database updated
INFO: METADATA is out-of-date a you may not have the latest version of Patchwork
INFO: Use `Pkg.update()` to get the latest versions of your packages

>>> 'using Patchwork' log
Julia Version 0.3.1
Commit c03f413* (2014-09-21 21:30 UTC)
Platform Info:
  System: Linux (x86_64-unknown-linux-gnu)
  CPU: Intel(R) Xeon(R) CPU E5-2650 0 @ 2.00GHz
  WORD_SIZE: 64
  BLAS: libopenblas (USE64BITINT DYNAMIC_ARCH NO_AFFINITY Sandybridge)
  LAPACK: libopenblas
  LIBM: libopenlibm
  LLVM: libLLVM-3.3

>>> test log
Testing Diffs
20 facts verified.
Testing Nodes
5 facts verified.
INFO: Testing Patchwork
INFO: Patchwork tests passed
INFO: No packages to install, update or remove

>>> end of log
