>>> 'Pkg.add("PATHSolver")' log
[ Info: Cloning cache of PATHSolver from https://github.com/chkwon/PATHSolver.jl.git
[ Info: Installing BinDeps v0.8.5
[ Info: Installing CommonSubexpressions v0.0.1
[ Info: Installing DiffResults v0.0.3
[ Info: Installing DiffRules v0.0.2
[ Info: Installing ForwardDiff v0.7.0
[ Info: Installing FunctionWrappers v0.1.0
[ Info: Installing NaNMath v0.3.0
[ Info: Installing PATHSolver v0.3.0
[ Info: Installing SHA v0.5.3
[ Info: Installing SpecialFunctions v0.3.8
[ Info: Installing StaticArrays v0.6.6
[ Info: Installing URIParser v0.3.0
[ Info: Building SpecialFunctions
┌ Warning: `isalnum(c::Char)` is deprecated, use `isalpha(c) || isnumeric(c)` instead.
│   caller = is_userinfo_char at parser.jl:4 [inlined]
└ @ Core parser.jl:4
┌ Warning: `isalnum(c::Char)` is deprecated, use `isalpha(c) || isnumeric(c)` instead.
│   caller = is_host_char at parser.jl:8 [inlined]
└ @ Core parser.jl:8
┌ Warning: `isalnum(c::Char)` is deprecated, use `isalpha(c) || isnumeric(c)` instead.
│   caller = is_host_char at parser.jl:8 [inlined]
└ @ Core parser.jl:8
WARNING: importing deprecated binding Base.Associative into BinDeps.
WARNING: Base.Associative is deprecated, use AbstractDict instead.
  likely near /home/vagrant/.julia/v0.7/SpecialFunctions/deps/binaries.jl:44
in @install at /home/vagrant/.julia/v0.7/BinDeps/src/dependencies.jl
[ Info: Building PATHSolver
┌ Warning: `isalnum(c::Char)` is deprecated, use `isalpha(c) || isnumeric(c)` instead.
│   caller = is_userinfo_char at parser.jl:4 [inlined]
└ @ Core parser.jl:4
┌ Warning: `isalnum(c::Char)` is deprecated, use `isalpha(c) || isnumeric(c)` instead.
│   caller = is_host_char at parser.jl:8 [inlined]
└ @ Core parser.jl:8
┌ Warning: `isalnum(c::Char)` is deprecated, use `isalpha(c) || isnumeric(c)` instead.
│   caller = is_host_char at parser.jl:8 [inlined]
└ @ Core parser.jl:8
┌ Warning: `is_windows` is deprecated, use `Sys.iswindows` instead.
│   caller = top-level scope
└ @ Core :0
WARNING: importing deprecated binding Base.Associative into BinDeps.
WARNING: Base.Associative is deprecated, use AbstractDict instead.
  likely near /home/vagrant/.julia/v0.7/PATHSolver/deps/build.jl:96
in @install at /home/vagrant/.julia/v0.7/BinDeps/src/dependencies.jl
┌ Warning: `info()` is deprecated, use `@info` instead.
│   caller = run(::BinDeps.DirectoryRule) at BinDeps.jl:496
└ @ BinDeps BinDeps.jl:496
INFO: Attempting to create directory /home/vagrant/.julia/v0.7/PATHSolver/deps/downloads
┌ Warning: `info()` is deprecated, use `@info` instead.
│   caller = (::getfield(BinDeps, Symbol("##15#17")){BinDeps.FileDownloader})() at BinDeps.jl:362
└ @ BinDeps BinDeps.jl:362
INFO: Downloading file https://github.com/chkwon/PathJulia/archive/0.1.2.tar.gz
  % Total    % Received % Xferd  Average Speed   Time    Time     Time  Current
                                 Dload  Upload   Total   Spent    Left  Speed
  0     0    0     0    0     0      0      0 --:--:-- --:--:-- --:--:--     0100   123    0   123    0     0    408      0 --:--:-- --:--:-- --:--:--   410
  0     0    0  493k    0     0   822k      0 --:--:-- --:--:-- --:--:--  822k
┌ Warning: `info()` is deprecated, use `@info` instead.
│   caller = (::getfield(BinDeps, Symbol("##16#18")){BinDeps.FileDownloader})() at BinDeps.jl:362
└ @ BinDeps BinDeps.jl:362
INFO: Done downloading file https://github.com/chkwon/PathJulia/archive/0.1.2.tar.gz
INFO: Attempting to create directory /home/vagrant/.julia/v0.7/PATHSolver/deps/src
INFO: Attempting to create directory /home/vagrant/.julia/v0.7/PATHSolver/deps
┌ Warning: `info()` is deprecated, use `@info` instead.
│   caller = run(::BinDeps.DirectoryRule) at BinDeps.jl:503
└ @ BinDeps BinDeps.jl:503
INFO: Directory /home/vagrant/.julia/v0.7/PATHSolver/deps already exists
INFO: Attempting to create directory /home/vagrant/.julia/v0.7/PATHSolver/deps/usr/lib
┌ Warning: `info()` is deprecated, use `@info` instead.
│   caller = run(::BinDeps.SynchronousStepCollection) at BinDeps.jl:524
└ @ BinDeps BinDeps.jl:524
INFO: Changing directory to /home/vagrant/.julia/v0.7/PATHSolver/deps/src/PathJulia-0.1.2/src
if [ ! -d pathlib-4.7.03 ]; \
	then \
		wget https://github.com/ampl/pathlib/archive/4.7.03.tar.gz; \
		tar -zxvf 4.7.03.tar.gz; \
		rm -rf 4.7.03.tar.gz*; \
	fi;
2018-01-17 02:18:43 URL:https://codeload.github.com/ampl/pathlib/tar.gz/4.7.03 [3840157] -> "4.7.03.tar.gz" [1]
pathlib-4.7.03/
pathlib-4.7.03/LICENSE
pathlib-4.7.03/README
pathlib-4.7.03/doc/
pathlib-4.7.03/doc/user.ps
pathlib-4.7.03/examples/
pathlib-4.7.03/examples/C/
pathlib-4.7.03/examples/C/Makefile
pathlib-4.7.03/examples/C/Standalone_Path.c
pathlib-4.7.03/examples/C/Standalone_Path.h
pathlib-4.7.03/examples/C/obstacle.c
pathlib-4.7.03/examples/F90/
pathlib-4.7.03/examples/F90/Install.h
pathlib-4.7.03/examples/F90/Makefile
pathlib-4.7.03/examples/F90/StandaloneF_Output.c
pathlib-4.7.03/examples/F90/Standalone_Path.c
pathlib-4.7.03/examples/F90/Standalone_Path.h
pathlib-4.7.03/examples/F90/fout.f90
pathlib-4.7.03/examples/F90/linmcp.f90
pathlib-4.7.03/examples/F90/probdata.mod
pathlib-4.7.03/examples/cpp/
pathlib-4.7.03/examples/cpp/Makefile
pathlib-4.7.03/examples/cpp/cWrapper_Path.cpp
pathlib-4.7.03/examples/cpp/cWrapper_Path.hpp
pathlib-4.7.03/examples/cpp/obstacle_c.cpp
pathlib-4.7.03/include/
pathlib-4.7.03/include/Config.h
pathlib-4.7.03/include/Import.h
pathlib-4.7.03/include/MCP_Interface.h
pathlib-4.7.03/include/Macros.h
pathlib-4.7.03/include/NLP_Interface.h
pathlib-4.7.03/include/Options.h
pathlib-4.7.03/include/Output.h
pathlib-4.7.03/include/Output_Interface.h
pathlib-4.7.03/include/Path.h
pathlib-4.7.03/include/PathOptions.h
pathlib-4.7.03/include/Presolve_Interface.h
pathlib-4.7.03/include/Types.h
pathlib-4.7.03/lib/
pathlib-4.7.03/lib/linux32/
pathlib-4.7.03/lib/linux32/libpath47.a
pathlib-4.7.03/lib/linux32/libpath47.so
pathlib-4.7.03/lib/linux64/
pathlib-4.7.03/lib/linux64/libpath47.a
pathlib-4.7.03/lib/linux64/libpath47.so
pathlib-4.7.03/lib/osx/
pathlib-4.7.03/lib/osx/libpath47.a
pathlib-4.7.03/lib/osx/libpath47.dylib
pathlib-4.7.03/lib/win32/
pathlib-4.7.03/lib/win32/path47.dll
pathlib-4.7.03/lib/win32/path47.lib
pathlib-4.7.03/lib/win32/path47_static.lib
pathlib-4.7.03/lib/win64/
pathlib-4.7.03/lib/win64/path47.dll
pathlib-4.7.03/lib/win64/path47.lib
pathlib-4.7.03/lib/win64/path47_static.lib
gcc -I./pathlib-4.7.03/include -m64 -shared -fPIC -Wl,-soname,libpath47julia.so -o libpath47julia.so pathjulia.c ./pathlib-4.7.03/lib/linux64/libpath47.a -lm
mkdir -p ../lib/linux64
cp libpath47julia.so ../lib/linux64/
INFO: Changing directory to /home/vagrant/.julia/v0.7/PATHSolver/deps/src/PathJulia-0.1.2/src
┌ Warning: `is_windows` is deprecated, use `Sys.iswindows` instead.
│   caller = top-level scope
└ @ Core :0
[ Info: Package database updated

>>> 'Pkg.test("PATHSolver")' log
Julia Version 0.7.0-DEV.3421
Commit 2042dcfc2e (2018-01-16 23:39 UTC)
Platform Info:
  OS: Linux (x86_64-pc-linux-gnu)
      Ubuntu 14.04.5 LTS
  uname: Linux 3.13.0-135-generic #184-Ubuntu SMP Wed Oct 18 11:55:51 UTC 2017 x86_64 x86_64
  CPU: Intel(R) Xeon(R) CPU E3-1241 v3 @ 3.50GHz: 
              speed         user         nice          sys         idle          irq
       #1  3499 MHz     245160 s        108 s      16796 s     137017 s          3 s
       #2  3499 MHz      61513 s         46 s       8641 s     375891 s          0 s
       
  Memory: 2.93927001953125 GB (1103.95703125 MB free)
  Uptime: 4536.0 sec
  Load Avg:  0.91943359375  0.966796875  0.94677734375
  WORD_SIZE: 64
  BLAS: libopenblas (USE64BITINT DYNAMIC_ARCH NO_AFFINITY Nehalem)
  LAPACK: libopenblas64_
  LIBM: libopenlibm
  LLVM: libLLVM-3.9.1 (ORCJIT, haswell)
Environment:
  TERM = vt100
  LD_LIBRARY_PATH = :/usr/local/lib/
  PATH = /usr/local/sbin:/usr/local/bin:/usr/sbin:/usr/bin:/sbin:/bin:/usr/games:/usr/local/games:/home/vagrant/julia/bin/
  JAVA_HOME = /usr/lib/jvm/java-8-openjdk-amd64
  HOME = /home/vagrant
Packages:
  Package Directory: /home/vagrant/.julia/v0.7
  Package Status:
2 required packages:
 - JSON                          0.16.4
 - PATHSolver                    0.3.0
13 additional packages:
 - BinDeps                       0.8.5
 - CommonSubexpressions          0.0.1
 - Compat                        0.46.0
 - DiffResults                   0.0.3
 - DiffRules                     0.0.2
 - ForwardDiff                   0.7.0
 - FunctionWrappers              0.1.0
 - NaNMath                       0.3.0
 - Nullables                     0.0.3
 - SHA                           0.5.3
 - SpecialFunctions              0.3.8
 - StaticArrays                  0.6.6
 - URIParser                     0.3.0
[ Info: Testing PATHSolver
WARNING: importing deprecated binding Base.randexp into StaticArrays.
WARNING: importing deprecated binding Base.rand! into StaticArrays.
WARNING: importing deprecated binding Base.randn! into StaticArrays.
WARNING: importing deprecated binding Base.randexp! into StaticArrays.
WARNING: importing deprecated binding Broadcast._containertype into StaticArrays.
WARNING: importing deprecated binding Broadcast.promote_containertype into StaticArrays.
WARNING: importing deprecated binding Broadcast.broadcast_c into StaticArrays.
WARNING: importing deprecated binding Broadcast.broadcast_c! into StaticArrays.
WARNING: Broadcast._containertype is deprecated, use BroadcastStyle instead.
  likely near /home/vagrant/.julia/v0.7/StaticArrays/src/broadcast.jl:12
WARNING: Broadcast._containertype is deprecated, use BroadcastStyle instead.
  likely near /home/vagrant/.julia/v0.7/StaticArrays/src/broadcast.jl:12
WARNING: Broadcast._containertype is deprecated, use BroadcastStyle instead.
  likely near /home/vagrant/.julia/v0.7/StaticArrays/src/broadcast.jl:13
WARNING: Broadcast._containertype is deprecated, use BroadcastStyle instead.
  likely near /home/vagrant/.julia/v0.7/StaticArrays/src/broadcast.jl:13
WARNING: Broadcast.promote_containertype is deprecated, use BroadcastStyle instead.
  likely near /home/vagrant/.julia/v0.7/StaticArrays/src/broadcast.jl:25
WARNING: Broadcast.promote_containertype is deprecated, use BroadcastStyle instead.
  likely near /home/vagrant/.julia/v0.7/StaticArrays/src/broadcast.jl:25
WARNING: Broadcast.promote_containertype is deprecated, use BroadcastStyle instead.
  likely near /home/vagrant/.julia/v0.7/StaticArrays/src/broadcast.jl:26
WARNING: Broadcast.promote_containertype is deprecated, use BroadcastStyle instead.
  likely near /home/vagrant/.julia/v0.7/StaticArrays/src/broadcast.jl:26
WARNING: Broadcast.broadcast_c is deprecated, `broadcast_c(f, ::Type{C}, As...)` should become `broadcast(f, C, nothing, nothing, As...))` (see the manual chapter Interfaces).
  likely near /home/vagrant/.julia/v0.7/StaticArrays/src/broadcast.jl:32
WARNING: Broadcast.broadcast_c is deprecated, `broadcast_c(f, ::Type{C}, As...)` should become `broadcast(f, C, nothing, nothing, As...))` (see the manual chapter Interfaces).
  likely near /home/vagrant/.julia/v0.7/StaticArrays/src/broadcast.jl:32
WARNING: Broadcast.broadcast_c! is deprecated, `broadcast_c!(f, ::Type, ::Type, C, As...)` should become `broadcast!(f, C, As...)` (see the manual chapter Interfaces).
  likely near /home/vagrant/.julia/v0.7/StaticArrays/src/broadcast.jl:127
WARNING: Broadcast.broadcast_c! is deprecated, `broadcast_c!(f, ::Type, ::Type, C, As...)` should become `broadcast!(f, C, As...)` (see the manual chapter Interfaces).
  likely near /home/vagrant/.julia/v0.7/StaticArrays/src/broadcast.jl:127
┌ Warning: Deprecated syntax `([ (if (call == n D) 1 (ref S n)) for n = 1:N ]...)` at /home/vagrant/.julia/v0.7/StaticArrays/src/mapreduce.jl:112.
│ Use `([ (if (call == n D) 1 (ref S n)) for n = 1:N ]...,)` instead.
└ @ nothing mapreduce.jl:112
┌ Warning: Deprecated syntax `([ (if (call == n D) 1 (ref S n)) for n = 1:N ]...)` at /home/vagrant/.julia/v0.7/StaticArrays/src/mapreduce.jl:137.
│ Use `([ (if (call == n D) 1 (ref S n)) for n = 1:N ]...,)` instead.
└ @ nothing mapreduce.jl:137
┌ Warning: Deprecated syntax `([ (if (call == n D) (call - (ref S n) 1) (ref S n)) for n = 1:N ]...)` at /home/vagrant/.julia/v0.7/StaticArrays/src/mapreduce.jl:243.
│ Use `([ (if (call == n D) (call - (ref S n) 1) (ref S n)) for n = 1:N ]...,)` instead.
└ @ nothing mapreduce.jl:243
WARNING: importing deprecated binding Base.AbstractRNG into StaticArrays.
ERROR: LoadError: LoadError: ArgumentError: invalid type for argument rng in method definition for rand at /home/vagrant/.julia/v0.7/StaticArrays/src/arraymath.jl:45
Stacktrace:
 [1] top-level scope
 [2] include at ./boot.jl:292 [inlined]
 [3] include_relative(::Module, ::String) at ./loading.jl:521
 [4] include at ./sysimg.jl:26 [inlined]
 [5] include(::String) at /home/vagrant/.julia/v0.7/StaticArrays/src/StaticArrays.jl:3
 [6] top-level scope
 [7] include at ./boot.jl:292 [inlined]
 [8] include_relative(::Module, ::String) at ./loading.jl:521
 [9] include(::Module, ::String) at ./sysimg.jl:26
 [10] top-level scope
 [11] eval at ./boot.jl:295 [inlined]
 [12] top-level scope at ./<missing>:2
in expression starting at /home/vagrant/.julia/v0.7/StaticArrays/src/arraymath.jl:45
in expression starting at /home/vagrant/.julia/v0.7/StaticArrays/src/StaticArrays.jl:95
ERROR: LoadError: Failed to precompile StaticArrays to /home/vagrant/.julia/lib/v0.7/StaticArrays.ji.
Stacktrace:
 [1] error at ./error.jl:33 [inlined]
 [2] compilecache(::String) at ./loading.jl:648
 [3] compilecache at ./loading.jl:605 [inlined]
 [4] _require(::Symbol) at ./loading.jl:440
 [5] require(::Symbol) at ./loading.jl:333
 [6] include at ./boot.jl:292 [inlined]
 [7] include_relative(::Module, ::String) at ./loading.jl:521
 [8] include(::Module, ::String) at ./sysimg.jl:26
 [9] top-level scope
 [10] eval at ./boot.jl:295 [inlined]
 [11] top-level scope at ./<missing>:2
in expression starting at /home/vagrant/.julia/v0.7/DiffResults/src/DiffResults.jl:5
ERROR: LoadError: Failed to precompile DiffResults to /home/vagrant/.julia/lib/v0.7/DiffResults.ji.
Stacktrace:
 [1] error at ./error.jl:33 [inlined]
 [2] compilecache(::String) at ./loading.jl:648
 [3] compilecache at ./loading.jl:605 [inlined]
 [4] _require(::Symbol) at ./loading.jl:440
 [5] require(::Symbol) at ./loading.jl:333
 [6] include at ./boot.jl:292 [inlined]
 [7] include_relative(::Module, ::String) at ./loading.jl:521
 [8] include(::Module, ::String) at ./sysimg.jl:26
 [9] top-level scope
 [10] eval at ./boot.jl:295 [inlined]
 [11] top-level scope at ./<missing>:2
in expression starting at /home/vagrant/.julia/v0.7/ForwardDiff/src/ForwardDiff.jl:5
ERROR: LoadError: LoadError: Failed to precompile ForwardDiff to /home/vagrant/.julia/lib/v0.7/ForwardDiff.ji.
Stacktrace:
 [1] error at ./error.jl:33 [inlined]
 [2] compilecache(::String) at ./loading.jl:648
 [3] compilecache at ./loading.jl:605 [inlined]
 [4] _require(::Symbol) at ./loading.jl:460
 [5] require(::Symbol) at ./loading.jl:333
 [6] include at ./boot.jl:292 [inlined]
 [7] include_relative(::Module, ::String) at ./loading.jl:521
 [8] _require(::Symbol) at ./loading.jl:453
 [9] require(::Symbol) at ./loading.jl:333
 [10] include at ./boot.jl:292 [inlined]
 [11] include_relative(::Module, ::String) at ./loading.jl:521
 [12] include(::Module, ::String) at ./sysimg.jl:26
 [13] process_options(::Base.JLOptions) at ./client.jl:324
 [14] _start() at ./client.jl:375
in expression starting at /home/vagrant/.julia/v0.7/PATHSolver/src/PATHSolver.jl:3
in expression starting at /home/vagrant/.julia/v0.7/PATHSolver/test/runtests.jl:1
┌ Error: ------------------------------------------------------------
│ # Testing failed for PATHSolver
│   exception =
│    failed process: Process(`/home/vagrant/julia/bin/julia -Cnative -J/home/vagrant/julia/lib/julia/sys.so --compile=yes --depwarn=yes --code-coverage=none --color=no --compiled-modules=yes --check-bounds=yes --warn-overwrite=yes --startup-file=yes /home/vagrant/.julia/v0.7/PATHSolver/test/runtests.jl`, ProcessExited(1)) [1]
│    Stacktrace:
│     [1] error(::String, ::Base.Process, ::String, ::Int64, ::String) at ./error.jl:42
│     [2] pipeline_error(::Base.Process) at ./process.jl:707
│     [3] run(::Cmd) at ./process.jl:669
│     [4] (::getfield(Base.Pkg.Entry, Symbol("##91#94")){Bool,String,Array{AbstractString,1}})() at ./pkg/entry.jl:730
│     [5] cd(::getfield(Base.Pkg.Entry, Symbol("##91#94")){Bool,String,Array{AbstractString,1}}, ::String) at ./file.jl:70
│     [6] #test!#90(::Bool, ::Function, ::String, ::Array{AbstractString,1}, ::Array{AbstractString,1}, ::Array{AbstractString,1}) at ./pkg/entry.jl:718
│     [7] (::getfield(Base.Pkg.Entry, Symbol("#kw##test!")))(::NamedTuple{(:coverage,),Tuple{Bool}}, ::typeof(Base.Pkg.Entry.test!), ::String, ::Array{AbstractString,1}, ::Array{AbstractString,1}, ::Array{AbstractString,1}) at ./<missing>:0
│     [8] #test#98(::Bool, ::Function, ::Array{AbstractString,1}) at ./pkg/entry.jl:757
│     [9] (::getfield(Base.Pkg.Entry, Symbol("#kw##test")))(::NamedTuple{(:coverage,),Tuple{Bool}}, ::typeof(Base.Pkg.Entry.test), ::Array{AbstractString,1}) at ./<missing>:0
│     [10] (::getfield(Base.Pkg.Dir, Symbol("##4#7")){Base.Iterators.IndexValue{Symbol,Bool,Tuple{Symbol},NamedTuple{(:coverage,),Tuple{Bool}}},typeof(Base.Pkg.Entry.test),Tuple{Array{AbstractString,1}}})() at ./pkg/dir.jl:36
│     [11] cd(::getfield(Base.Pkg.Dir, Symbol("##4#7")){Base.Iterators.IndexValue{Symbol,Bool,Tuple{Symbol},NamedTuple{(:coverage,),Tuple{Bool}}},typeof(Base.Pkg.Entry.test),Tuple{Array{AbstractString,1}}}, ::String) at ./file.jl:70
│     [12] #cd#1(::Base.Iterators.IndexValue{Symbol,Bool,Tuple{Symbol},NamedTuple{(:coverage,),Tuple{Bool}}}, ::Function, ::Function, ::Array{AbstractString,1}, ::Vararg{Array{AbstractString,1},N} where N) at ./pkg/dir.jl:36
│     [13] (::getfield(Base.Pkg.Dir, Symbol("#kw##cd")))(::NamedTuple{(:coverage,),Tuple{Bool}}, ::typeof(Base.Pkg.Dir.cd), ::Function, ::Array{AbstractString,1}, ::Vararg{Array{AbstractString,1},N} where N) at ./<missing>:0
│     [14] #test#3(::Bool, ::Function, ::String, ::Vararg{String,N} where N) at ./pkg/pkg.jl:274
│     [15] test(::String, ::Vararg{String,N} where N) at ./pkg/pkg.jl:274
│     [16] top-level scope
│     [17] eval at ./boot.jl:295 [inlined]
│     [18] eval(::Module, ::Expr) at ./sysimg.jl:71
│     [19] process_options(::Base.JLOptions) at ./client.jl:301
│     [20] _start() at ./client.jl:375
└ @ Base.Pkg.Entry entry.jl:733
ERROR: PATHSolver had test errors

>>> End of log
