>>> 'Pkg.add("PatternDispatch")' log
INFO: Cloning cache of PatternDispatch from https://github.com/toivoh/PatternDispatch.jl.git
INFO: Installing PatternDispatch v0.2.0
INFO: Package database updated

>>> 'Pkg.test("PatternDispatch")' log
Julia Version 0.6.0-pre.alpha.146
Commit c399558 (2017-03-15 15:20 UTC)
Platform Info:
  OS: Linux (x86_64-pc-linux-gnu)
  CPU: Intel(R) Xeon(R) CPU E3-1241 v3 @ 3.50GHz
  WORD_SIZE: 64
           Ubuntu 14.04.5 LTS
  uname: Linux 3.13.0-113-generic #160-Ubuntu SMP Thu Mar 9 09:27:29 UTC 2017 x86_64 x86_64
Memory: 2.9392738342285156 GB (880.75390625 MB free)
Uptime: 13445.0 sec
Load Avg:  0.9541015625  0.97607421875  0.95849609375
Intel(R) Xeon(R) CPU E3-1241 v3 @ 3.50GHz: 
       speed         user         nice          sys         idle          irq
#1  3513 MHz     759654 s         68 s      63581 s     357599 s         20 s
#2  3513 MHz     215969 s       4925 s      30398 s    1061276 s          0 s

  BLAS: libopenblas (USE64BITINT DYNAMIC_ARCH NO_AFFINITY Nehalem)
  LAPACK: libopenblas64_
  LIBM: libopenlibm
  LLVM: libLLVM-3.9.1 (ORCJIT, haswell)
Environment:
  TERM = vt100
  LD_LIBRARY_PATH = :/usr/local/lib/
  PATH = /usr/local/sbin:/usr/local/bin:/usr/sbin:/usr/bin:/sbin:/bin:/usr/games:/usr/local/games:/home/vagrant/julia/bin/
  JAVA_HOME = /usr/lib/jvm/java-7-oracle
  HOME = /home/vagrant

Package Directory: /home/vagrant/.julia/v0.6
2 required packages:
 - JSON                          0.8.3
 - PatternDispatch               0.2.0
1 additional packages:
 - Compat                        0.20.0
INFO: Testing PatternDispatch

WARNING: deprecated syntax "abstract Node{T}" at /home/vagrant/.julia/v0.6/PatternDispatch/src/Patterns.jl:16.
Use "abstract type Node{T} end" instead.

WARNING: deprecated syntax "typealias Predicate Node{Bool}" at /home/vagrant/.julia/v0.6/PatternDispatch/src/Patterns.jl:17.
Use "const Predicate = Node{Bool}" instead.

WARNING: deprecated syntax "inner constructor Atom(...) around /home/vagrant/.julia/v0.6/PatternDispatch/src/Intern.jl:55".
Use "Atom{T}(...) where T" instead.
ERROR: LoadError: LoadError: LoadError: LoadError: LoadError: UndefVarError: symbol not defined
Stacktrace:
 [1] include_from_node1(::String) at ./loading.jl:539
 [2] include(::String) at ./sysimg.jl:14
 [3] include_from_node1(::String) at ./loading.jl:539
while loading /home/vagrant/.julia/v0.6/PatternDispatch/src/Recode.jl, in expression starting on line 45
while loading /home/vagrant/.julia/v0.6/PatternDispatch/src/PatternDispatch.jl, in expression starting on line 9
while loading /home/vagrant/.julia/v0.6/PatternDispatch/test/test_ops.jl, in expression starting on line 2
while loading /home/vagrant/.julia/v0.6/PatternDispatch/test/silenttests.jl, in expression starting on line 1
while loading /home/vagrant/.julia/v0.6/PatternDispatch/test/runtests.jl, in expression starting on line 1
===========================[ ERROR: PatternDispatch ]===========================

failed process: Process(`/home/vagrant/julia/bin/julia -Cx86-64 -J/home/vagrant/julia/lib/julia/sys.so --compile=yes --depwarn=yes --check-bounds=yes --code-coverage=none --color=no --compilecache=yes /home/vagrant/.julia/v0.6/PatternDispatch/test/runtests.jl`, ProcessExited(1)) [1]

================================================================================
ERROR: PatternDispatch had test errors

>>> End of log
