>>> 'Pkg.add("PDMats")' log
INFO: Installing ArrayViews v0.4.8
INFO: Installing PDMats v0.3.1
INFO: Package database updated

>>> 'using PDMats' log
Julia Version 0.3.1
Commit c03f413* (2014-09-21 21:30 UTC)
Platform Info:
  System: Linux (x86_64-unknown-linux-gnu)
  CPU: Intel(R) Xeon(R) CPU E5-2650 0 @ 2.00GHz
  WORD_SIZE: 64
  BLAS: libopenblas (USE64BITINT DYNAMIC_ARCH NO_AFFINITY Sandybridge)
  LAPACK: libopenblas
  LIBM: libopenlibm
  LLVM: libLLVM-3.3

>>> test log
Running tests ...
* pdmtypes 
Testing PDMat with dim = 3
Testing PDMat with dim = 3
Testing PDiagMat with dim = 3
Testing ScalMat with dim = 3
* addition 
INFO: Testing PDMats
INFO: PDMats tests passed
INFO: No packages to install, update or remove

>>> end of log
