>>> 'Pkg.add("PEGParser")' log
INFO: Installing PEGParser v0.0.1
INFO: Installing ProgressMeter v0.1.1
INFO: Installing RunTests v0.0.3
INFO: Package database updated

>>> 'using PEGParser' log

WARNING: deprecated syntax "{}" at /home/idunning/pkgtest/.julia/v0.4/PEGParser/src/PEGParser.jl:120.
Use "[]" instead.

WARNING: deprecated syntax "{a,b, ...}" at /home/idunning/pkgtest/.julia/v0.4/PEGParser/src/PEGParser.jl:179.
Use "Any[a,b, ...]" instead.

WARNING: deprecated syntax "{}" at /home/idunning/pkgtest/.julia/v0.4/PEGParser/src/PEGParser.jl:194.
Use "[]" instead.

WARNING: deprecated syntax "{a,b, ...}" at /home/idunning/pkgtest/.julia/v0.4/PEGParser/src/PEGParser.jl:262.
Use "Any[a,b, ...]" instead.
Julia Version 0.4.0-dev+1962
Commit 28c4357 (2014-12-06 04:44 UTC)
Platform Info:
  System: Linux (x86_64-unknown-linux-gnu)
  CPU: Intel(R) Xeon(R) CPU E5-2650 0 @ 2.00GHz
  WORD_SIZE: 64
  BLAS: libopenblas (USE64BITINT DYNAMIC_ARCH NO_AFFINITY Sandybridge)
  LAPACK: libopenblas
  LIBM: libopenlibm
  LLVM: libLLVM-3.3

>>> test log

WARNING: deprecated syntax "{}" at /home/idunning/pkgtest/.julia/v0.4/PEGParser/src/PEGParser.jl:120.
Use "[]" instead.

WARNING: deprecated syntax "{a,b, ...}" at /home/idunning/pkgtest/.julia/v0.4/PEGParser/src/PEGParser.jl:179.
Use "Any[a,b, ...]" instead.

WARNING: deprecated syntax "{}" at /home/idunning/pkgtest/.julia/v0.4/PEGParser/src/PEGParser.jl:194.
Use "[]" instead.

WARNING: deprecated syntax "{a,b, ...}" at /home/idunning/pkgtest/.julia/v0.4/PEGParser/src/PEGParser.jl:262.
Use "Any[a,b, ...]" instead.

WARNING: deprecated syntax "{a,b, ...}" at /home/idunning/pkgtest/.julia/v0.4/PEGParser/test/TransformTests.jl:23.
Use "Any[a,b, ...]" instead.

WARNING: deprecated syntax "{a,b, ...}" at /home/idunning/pkgtest/.julia/v0.4/PEGParser/test/TransformTests.jl:24.
Use "Any[a,b, ...]" instead.
WARNING: tty_cols() is deprecated, use tty_size() instead
 in tty_cols at deprecated.jl:151
... truncated ...
 in include_from_node1 at ./loading.jl:128
 in include at ./boot.jl:242
 in include_from_node1 at loading.jl:128
 in process_options at ./client.jl:300
 in _start at ./client.jl:382
 in _start_3B_4030 at /home/idunning/julia04/usr/bin/../lib/julia/sys.so
WARNING: iround(x) is deprecated, use round(Integer,x) instead.
 in next! at /home/idunning/pkgtest/.julia/v0.4/ProgressMeter/src/ProgressMeter.jl:69
 in run_tests at /home/idunning/pkgtest/.julia/v0.4/RunTests/src/run_tests.jl:79
 in run_tests at /home/idunning/pkgtest/.julia/v0.4/RunTests/src/run_tests.jl:116
 in collect_module at /home/idunning/pkgtest/.julia/v0.4/RunTests/src/run_tests.jl:24
 in include at ./boot.jl:242
 in include_from_node1 at ./loading.jl:128
 in include at ./boot.jl:242
 in include_from_node1 at loading.jl:128
 in process_options at ./client.jl:300
 in _start at ./client.jl:382
 in _start_3B_4030 at /home/idunning/julia04/usr/bin/../lib/julia/sys.so
WARNING: iround(x) is deprecated, use round(Integer,x) instead.
 in barstring at /home/idunning/pkgtest/.julia/v0.4/ProgressMeter/src/ProgressMeter.jl:106
 in next! at /home/idunning/pkgtest/.julia/v0.4/ProgressMeter/src/ProgressMeter.jl:53
 in run_tests at /home/idunning/pkgtest/.julia/v0.4/RunTests/src/run_tests.jl:79
 in run_tests at /home/idunning/pkgtest/.julia/v0.4/RunTests/src/run_tests.jl:116
 in collect_module at /home/idunning/pkgtest/.julia/v0.4/RunTests/src/run_tests.jl:24
 in include at ./boot.jl:242
 in include_from_node1 at ./loading.jl:128
 in include at ./boot.jl:242
 in include_from_node1 at loading.jl:128
 in process_options at ./client.jl:300
 in _start at ./client.jl:382
 in _start_3B_4030 at /home/idunning/julia04/usr/bin/../lib/julia/sys.so
WARNING: iround(x) is deprecated, use round(Integer,x) instead.
 in next! at /home/idunning/pkgtest/.julia/v0.4/ProgressMeter/src/ProgressMeter.jl:55
 in run_tests at /home/idunning/pkgtest/.julia/v0.4/RunTests/src/run_tests.jl:79
 in run_tests at /home/idunning/pkgtest/.julia/v0.4/RunTests/src/run_tests.jl:116
 in collect_module at /home/idunning/pkgtest/.julia/v0.4/RunTests/src/run_tests.jl:24
 in include at ./boot.jl:242
 in include_from_node1 at ./loading.jl:128
 in include at ./boot.jl:242
 in include_from_node1 at loading.jl:128
 in process_options at ./client.jl:300
 in _start at ./client.jl:382
 in _start_3B_4030 at /home/idunning/julia04/usr/bin/../lib/julia/sys.so
[1Gfound 1 tests...[K[1Gfound 2 tests...[K[1Gfound 3 tests...[K[1Gfound 4 tests...[K[1Gfound 5 tests...[K[1Gfound 6 tests...[K[1Gfound 7 tests...[K[1Gfound 8 tests...[K[1Gfound 9 tests...[K[1Gfound 10 tests...[K[1Gfound 11 tests...[K[1Gfound 12 tests...[K[1Gfound 13 tests...[K[1Gfound 14 tests...[K[1Gfound 15 tests...[K[1Gfound 16 tests...[K[1Gfound 17 tests...[K[1Gfound 18 tests...[K[1Gfound 19 tests...[K[1Gfound 20 tests...[K[1Gfound 21 tests...[K[1Gfound 22 tests...[K[1GRunning 22 tests   5%|#                             |  ETA: 0:00:12[K[1GRunning 22 tests   9%|###                           |  ETA: 0:00:06[K[1GRunning 22 tests  14%|####                          |  ETA: 0:00:04[K[1GRunning 22 tests  18%|#####                         |  ETA: 0:00:03[K[1GRunning 22 tests  23%|#######                       |  ETA: 0:00:02[K[1GRunning 22 tests  27%|########                      |  ETA: 0:00:02[K[1GRunning 22 tests  32%|##########                    |  ETA: 0:00:02[K[1GRunning 22 tests  36%|###########                   |  ETA: 0:00:01[K[1GRunning 22 tests  41%|############                  |  ETA: 0:00:01[K[1GRunning 22 tests  45%|##############                |  ETA: 0:00:01[K[1GRunning 22 tests  50%|###############               |  ETA: 0:00:01[K[1GRunning 22 tests  55%|################              |  ETA: 0:00:01[K[1GRunning 22 tests  59%|##################            |  ETA: 0:00:01[K[1GRunning 22 tests  68%|####################          |  ETA: 0:00:00[K[1GRunning 22 tests  73%|######################        |  ETA: 0:00:00[K[1GRunning 22 tests  77%|#######################       |  ETA: 0:00:00[K[1GRunning 22 tests  82%|#########################     |  ETA: 0:00:00[K[1GRunning 22 tests  86%|##########################    |  ETA: 0:00:00[K[1GRunning 22 tests  91%|###########################   |  ETA: 0:00:00[K[1GRunning 22 tests  95%|############################# |  ETA: 0:00:00[K[1GRunning 22 tests 100%|##############################| Time: 0:00:01[K

=================================== 22 passed ==================================

INFO: Testing PEGParser
INFO: PEGParser tests passed
INFO: No packages to install, update or remove

>>> end of log
