>>> 'Pkg.add("PGFPlots")' log
INFO: Cloning cache of ColorBrewer from https://github.com/timothyrenner/ColorBrewer.jl.git
INFO: Cloning cache of PGFPlots from https://github.com/sisl/PGFPlots.jl.git
INFO: Cloning cache of TikzPictures from https://github.com/sisl/TikzPictures.jl.git
INFO: Installing BinDeps v0.3.21
INFO: Installing ColorBrewer v0.3.0
INFO: Installing ColorTypes v0.2.1
INFO: Installing ColorVectorSpace v0.1.1
INFO: Installing Colors v0.6.3
INFO: Installing Contour v0.1.0
INFO: Installing Docile v0.5.23
INFO: Installing FileIO v0.0.4
INFO: Installing FixedPointNumbers v0.1.2
INFO: Installing FixedSizeArrays v0.0.10
INFO: Installing Graphics v0.1.3
INFO: Installing ImageMagick v0.1.3
INFO: Installing Images v0.5.3
INFO: Installing LaTeXStrings v0.1.6
INFO: Installing PGFPlots v1.3.3
INFO: Installing Reexport v0.0.3
INFO: Installing SHA v0.1.2
INFO: Installing SIUnits v0.0.6
INFO: Installing TexExtensions v0.0.3
INFO: Installing TikzPictures v0.3.2
INFO: Installing URIParser v0.1.3
INFO: Installing Zlib v0.1.12
INFO: Building ImageMagick
WARNING: readall is deprecated, use readstring instead.
 [inlined code] from ./error.jl:26
 in depwarn(::ASCIIString, ::Symbol) at ./deprecated.jl:64
 in readall(::ASCIIString, ::Vararg{ASCIIString}) at ./deprecated.jl:30
 in include(::ASCIIString) at ./boot.jl:264
 in include_from_node1(::ASCIIString) at ./loading.jl:417
 in eval(::Module, ::Any) at ./boot.jl:267
 [inlined code] from ./sysimg.jl:14
 in evalfile(::ASCIIString, ::Array{UTF8String,1}) at ./loading.jl:433 (repeats 2 times)
 in cd(::##2#4, ::ASCIIString) at ./file.jl:48
 in (::##1#3)(::IOStream) at ./none:13
 in open(::##1#3, ::ASCIIString, ::ASCIIString) at ./iostream.jl:114
 in eval(::Module, ::Any) at ./boot.jl:267
 [inlined code] from ./sysimg.jl:14
 in process_options(::Base.JLOptions) at ./client.jl:239
 in _start() at ./client.jl:318
while loading /home/vagrant/.julia/v0.5/ImageMagick/deps/build.jl, in expression starting on line 96
INFO: Package database updated
INFO: METADATA is out-of-date — you may not have the latest version of PGFPlots
INFO: Use `Pkg.update()` to get the latest versions of your packages

>>> 'Pkg.test("PGFPlots")' log
Julia Version 0.5.0-dev+3184
Commit fb283c6 (2016-03-17 08:49 UTC)
Platform Info:
  System: Linux (x86_64-unknown-linux-gnu)
  CPU: Intel(R) Xeon(R) CPU E3-1241 v3 @ 3.50GHz
  WORD_SIZE: 64
  BLAS: libopenblas (USE64BITINT DYNAMIC_ARCH NO_AFFINITY Nehalem)
  LAPACK: libopenblas64_
  LIBM: libopenlibm
  LLVM: libLLVM-3.7.1 (ORCJIT, haswell)
INFO: Testing PGFPlots
WARNING: New definition 
    slice(Images.AbstractImage, Union{Base.Colon, T<:Real, AbstractArray{T<:Real, N<:Any}}...) at /home/vagrant/.julia/v0.5/Images/src/core.jl:478
is ambiguous with: 
    slice(AbstractArray, Union{AbstractArray{T<:Any, 1}, Base.Colon, Real}...) at subarray.jl:82.
To fix, define 
    slice(Images.AbstractImage, Union{Base.Colon, AbstractArray{T<:Real, 1}, Real}...)
before the new definition.
WARNING: New definition 
    sub(Images.AbstractImage, Union{Base.Colon, T<:Real, AbstractArray{T<:Real, N<:Any}}...) at /home/vagrant/.julia/v0.5/Images/src/core.jl:473
is ambiguous with: 
    sub(AbstractArray, Union{AbstractArray{T<:Any, 1}, Base.Colon, Real}...) at subarray.jl:94.
To fix, define 
    sub(Images.AbstractImage, Union{Base.Colon, AbstractArray{T<:Real, 1}, Real}...)
before the new definition.
WARNING: readall is deprecated, use readstring instead.
 [inlined code] from ./error.jl:26
 in depwarn(::ASCIIString, ::Symbol) at ./deprecated.jl:64
 in readall(::ASCIIString, ::Vararg{ASCIIString}) at ./deprecated.jl:30
 in include(::ASCIIString) at ./boot.jl:264
 in include_from_node1(::ASCIIString) at ./loading.jl:417
 in eval(::Module, ::Any) at ./boot.jl:267
 [inlined code] from ./sysimg.jl:14
 in require(::Symbol) at ./loading.jl:348
 in include(::ASCIIString) at ./boot.jl:264
 in include_from_node1(::UTF8String) at ./loading.jl:417
 in process_options(::Base.JLOptions) at ./client.jl:262
 in _start() at ./client.jl:318
while loading /home/vagrant/.julia/v0.5/PGFPlots/src/PGFPlots.jl, in expression starting on line 38
ERROR: LoadError: could not spawn `lualatex -v`: no such file or directory (ENOENT)
 [inlined code] from ./strings/io.jl:73
 in _jl_spawn(::ASCIIString, ::Array{ByteString,1}, ::Ptr{Void}, ::Base.Process, ::Base.DevNullStream, ::Base.DevNullStream, ::Base.DevNullStream) at ./process.jl:332
 in setup_stdio(::Base.##164#165{Cmd}, ::Tuple{Base.DevNullStream,Base.DevNullStream,Base.DevNullStream}) at ./process.jl:485
 in #spawn#163(::Nullable{Base.ProcessChain}, ::Any, ::Cmd, ::Tuple{Base.DevNullStream,Base.DevNullStream,Base.DevNullStream}, ::Bool, ::Bool) at ./process.jl:484
 [inlined code] from ./boot.jl:331
 in success(::Cmd) at ./process.jl:619
 in include(::ASCIIString) at ./boot.jl:264
 in include_from_node1(::UTF8String) at ./loading.jl:417
 in process_options(::Base.JLOptions) at ./client.jl:262
 in _start() at ./client.jl:318
while loading /home/vagrant/.julia/v0.5/PGFPlots/test/runtests.jl, in expression starting on line 4
==============================[ ERROR: PGFPlots ]===============================

failed process: Process(`/home/vagrant/julia/bin/julia -Cx86-64 -J/home/vagrant/julia/lib/julia/sys.so --compile=yes --check-bounds=yes --code-coverage=none --color=no /home/vagrant/.julia/v0.5/PGFPlots/test/runtests.jl`, ProcessExited(1)) [1]

================================================================================
ERROR: Base.Pkg.PkgError("PGFPlots had test errors")
 in #test#55(::Bool, ::Any, ::Array{AbstractString,1}) at ./pkg/entry.jl:671
 [inlined code] from ./boot.jl:331
 in (::Base.Pkg.Dir.##2#3{Array{Any,1},Base.Pkg.Entry.#test,Tuple{Array{AbstractString,1}}})() at ./pkg/dir.jl:31
 in cd(::Base.Pkg.Dir.##2#3{Array{Any,1},Base.Pkg.Entry.#test,Tuple{Array{AbstractString,1}}}, ::ASCIIString) at ./file.jl:48
 in #cd#1(::Array{Any,1}, ::Any, ::Any, ::Array{AbstractString,1}, ::Vararg{Array{AbstractString,1}}) at ./pkg/dir.jl:31
 [inlined code] from ./boot.jl:331
 in #test#3(::Bool, ::Any, ::ASCIIString, ::Vararg{ASCIIString}) at ./pkg.jl:228
 in eval(::Module, ::Any) at ./boot.jl:267
 [inlined code] from ./sysimg.jl:14
 in process_options(::Base.JLOptions) at ./client.jl:239
 in _start() at ./client.jl:318

>>> End of log
