>>> 'Pkg.add("PicoSAT")' log
INFO: Cloning cache of PicoSAT from https://github.com/jakebolewski/PicoSAT.jl.git
INFO: Installing PicoSAT v0.2.0
INFO: Building PicoSAT
INFO: building release 965...
cc  -fPIC -c picosat.c
cc  -O3 -shared -o libpicosat.so picosat.o #
INFO: Package database updated

>>> 'Pkg.test("PicoSAT")' log
Julia Version 0.5.0
Commit 3c9d753 (2016-09-19 18:14 UTC)
Platform Info:
  System: Linux (x86_64-pc-linux-gnu)
  CPU: Intel(R) Xeon(R) CPU E3-1241 v3 @ 3.50GHz
  WORD_SIZE: 64
           Ubuntu 14.04.5 LTS
  uname: Linux 3.13.0-100-generic #147-Ubuntu SMP Tue Oct 18 16:48:51 UTC 2016 x86_64 x86_64
Memory: 2.939289093017578 GB (887.21875 MB free)
Uptime: 13851.0 sec
Load Avg:  0.90380859375  0.986328125  1.03466796875
Intel(R) Xeon(R) CPU E3-1241 v3 @ 3.50GHz: 
       speed         user         nice          sys         idle          irq
#1  3488 MHz     784983 s       3407 s      77014 s     360413 s         25 s
#2  3488 MHz     272985 s       2583 s      37664 s    1038365 s          0 s

  BLAS: libopenblas (USE64BITINT DYNAMIC_ARCH NO_AFFINITY Nehalem)
  LAPACK: libopenblas64_
  LIBM: libopenlibm
  LLVM: libLLVM-3.7.1 (ORCJIT, haswell)
Environment:
  TERM = vt100
  LD_LIBRARY_PATH = :/usr/local/lib/
  PATH = /usr/local/sbin:/usr/local/bin:/usr/sbin:/usr/bin:/sbin:/bin:/usr/games:/usr/local/games:/home/vagrant/julia/bin/
  JAVA_HOME = /usr/lib/jvm/java-7-oracle
  HOME = /home/vagrant

Package Directory: /home/vagrant/.julia/v0.5
2 required packages:
 - JSON                          0.8.0
 - PicoSAT                       0.2.0
1 additional packages:
 - Compat                        0.9.3
INFO: Testing PicoSAT
INFO: PicoSAT tests passed

>>> End of log
