>>> 'Pkg.add("PiCraft")' log
INFO: Cloning cache of PiCraft from https://github.com/JuliaBerry/PiCraft.jl.git
INFO: Installing PiCraft v0.1.0
INFO: Package database updated

>>> 'Pkg.test("PiCraft")' log
Julia Version 0.6.2
Commit d386e40c17 (2017-12-13 18:08 UTC)
Platform Info:
  OS: Linux (x86_64-pc-linux-gnu)
  CPU: Intel(R) Xeon(R) CPU E3-1241 v3 @ 3.50GHz
  WORD_SIZE: 64
           Ubuntu 14.04.5 LTS
  uname: Linux 3.13.0-143-generic #192-Ubuntu SMP Tue Feb 27 10:45:36 UTC 2018 x86_64 x86_64
Memory: 2.939197540283203 GB (954.47265625 MB free)
Uptime: 14169.0 sec
Load Avg:  1.01416015625  0.9853515625  0.9599609375
Intel(R) Xeon(R) CPU E3-1241 v3 @ 3.50GHz: 
       speed         user         nice          sys         idle          irq
#1  3500 MHz     687247 s         50 s      59815 s     496893 s         18 s
#2  3500 MHz     237765 s        100 s      26988 s    1123531 s          0 s

  BLAS: libopenblas (USE64BITINT DYNAMIC_ARCH NO_AFFINITY Nehalem)
  LAPACK: libopenblas64_
  LIBM: libopenlibm
  LLVM: libLLVM-3.9.1 (ORCJIT, haswell)
Environment:
  TERM = vt100
  LD_LIBRARY_PATH = :/usr/local/lib/
  PATH = /usr/local/sbin:/usr/local/bin:/usr/sbin:/usr/bin:/sbin:/bin:/usr/games:/usr/local/games:/home/vagrant/julia/bin/
  JAVA_HOME = /usr/lib/jvm/java-8-openjdk-amd64
  HOME = /home/vagrant

Package Directory: /home/vagrant/.julia/v0.6
2 required packages:
 - JSON                          0.17.2
 - PiCraft                       0.1.0
2 additional packages:
 - Compat                        0.64.0
 - Nullables                     0.0.5
INFO: Testing PiCraft
WARNING: Unable to connect to Minecraft World. Use `PiCraft.connectToWorld()` after starting Minecraft
INFO: PiCraft tests passed

>>> End of log
