>>> 'Pkg.add("PlanOut")' log
INFO: Installing BinDeps v0.4.5
INFO: Installing Nettle v0.2.4
INFO: Installing PlanOut v0.1.0
INFO: Installing SHA v0.2.1
INFO: Installing URIParser v0.1.6
INFO: Building Nettle
INFO: Package database updated
INFO: METADATA is out-of-date — you may not have the latest version of PlanOut
INFO: Use `Pkg.update()` to get the latest versions of your packages

>>> 'Pkg.test("PlanOut")' log
Julia Version 0.4.6
Commit 2e358ce (2016-06-19 17:16 UTC)
Platform Info:
  System: Linux (x86_64-unknown-linux-gnu)
  CPU: Intel(R) Xeon(R) CPU E3-1241 v3 @ 3.50GHz
  WORD_SIZE: 64
           Ubuntu 14.04.5 LTS
  uname: Linux 3.13.0-95-generic #142-Ubuntu SMP Fri Aug 12 17:00:09 UTC 2016 x86_64 x86_64
Memory: 2.4471054077148438 GB (1060.92578125 MB free)
Uptime: 49173.0 sec
Load Avg:  0.9921875  0.9853515625  1.005859375
Intel(R) Xeon(R) CPU E3-1241 v3 @ 3.50GHz: 
       speed         user         nice          sys         idle          irq
#1  3499 MHz    1366736 s       2636 s     160893 s    2904400 s        243 s
#2  3499 MHz     912236 s       3702 s     142544 s    3577659 s          4 s

  BLAS: libopenblas (USE64BITINT DYNAMIC_ARCH NO_AFFINITY Nehalem)
  LAPACK: libopenblas64_
  LIBM: libopenlibm
  LLVM: libLLVM-3.3
Environment:
  TERM = vt100
  LD_LIBRARY_PATH = :/usr/local/lib/
  PATH = /usr/local/sbin:/usr/local/bin:/usr/sbin:/usr/bin:/sbin:/bin:/usr/games:/usr/local/games:/home/vagrant/julia/bin/:/home/vagrant/julia/bin/
  JAVA_HOME = /usr/lib/jvm/java-7-oracle
  HOME = /home/vagrant

Package Directory: /home/vagrant/.julia/v0.4
2 required packages:
 - JSON                          0.7.0
 - PlanOut                       0.1.0
5 additional packages:
 - BinDeps                       0.4.5
 - Compat                        0.9.2
 - Nettle                        0.2.4
 - SHA                           0.2.1
 - URIParser                     0.1.6
INFO: Testing PlanOut
/home/vagrant/.julia/v0.4/PlanOut/test/test_core_ops.jl ...
/home/vagrant/.julia/v0.4/PlanOut/test/test_random_ops.jl ...
INFO: PlanOut tests passed

>>> End of log
