>>> 'Pkg.add("Playground")' log
INFO: Cloning cache of Playground from https://github.com/Rory-Finnegan/Playground.jl.git
INFO: Installing ArgParse v0.5.0
INFO: Installing Codecs v0.3.0
INFO: Installing Mocking v0.3.3
INFO: Installing Playground v0.2.0
INFO: Installing TextWrap v0.2.0
INFO: Installing YAML v0.2.1
INFO: Building Playground
INFO: Copying playground script to /home/vagrant/.julia/v0.5/Playground/deps/usr/build
INFO: Writing default config to /home/vagrant/.julia/v0.5/Playground/deps/usr/build/config.yml.
WARNING: Compiled playground executable /home/vagrant/.julia/v0.5/Playground/deps/usr/build/playground not installed to /home/vagrant/.playground/bin/playground
INFO: Package database updated

>>> 'Pkg.test("Playground")' log
Julia Version 0.5.1
Commit 6445c82 (2017-03-05 13:25 UTC)
Platform Info:
  OS: Linux (x86_64-pc-linux-gnu)
  CPU: Intel(R) Xeon(R) CPU E3-1241 v3 @ 3.50GHz
  WORD_SIZE: 64
           Ubuntu 14.04.5 LTS
  uname: Linux 3.13.0-117-generic #164-Ubuntu SMP Fri Apr 7 11:05:26 UTC 2017 x86_64 x86_64
Memory: 2.9392738342285156 GB (1118.92578125 MB free)
Uptime: 22935.0 sec
Load Avg:  0.9970703125  0.9736328125  0.95458984375
Intel(R) Xeon(R) CPU E3-1241 v3 @ 3.50GHz: 
       speed         user         nice          sys         idle          irq
#1  3500 MHz    1376376 s       4335 s     126370 s     529167 s         41 s
#2  3500 MHz     376543 s       2267 s      58255 s    1814268 s          0 s

  BLAS: libopenblas (USE64BITINT DYNAMIC_ARCH NO_AFFINITY Nehalem)
  LAPACK: libopenblas64_
  LIBM: libopenlibm
  LLVM: libLLVM-3.7.1 (ORCJIT, haswell)
Environment:
  TERM = vt100
  LD_LIBRARY_PATH = :/usr/local/lib/
  PATH = /usr/local/sbin:/usr/local/bin:/usr/sbin:/usr/bin:/sbin:/bin:/usr/games:/usr/local/games:/home/vagrant/julia/bin/
  JAVA_HOME = /usr/lib/jvm/java-7-oracle
  HOME = /home/vagrant

Package Directory: /home/vagrant/.julia/v0.5
2 required packages:
 - JSON                          0.9.1
 - Playground                    0.2.0
6 additional packages:
 - ArgParse                      0.5.0
 - Codecs                        0.3.0
 - Compat                        0.24.0
 - Mocking                       0.3.3
 - TextWrap                      0.2.0
 - YAML                          0.2.1
INFO: Testing Playground
WARNING: Mocking.jl will probably not work when compilecache is enabled. Please start Julia with `--compilecache=no`
Running tests:
 * utils.jl ...
 * list.jl ...
Julia Versions:

Playgrounds:
 * parsing.jl ...
 * install.jl ...
INFO: Downloading julia 0.4 from https://s3.amazonaws.com/julialang/bin/linux/x64/0.4/julia-0.4.0-linux-x86_64.tar.gz ...
  % Total    % Received % Xferd  Average Speed   Time    Time     Time  Current
                                 Dload  Upload   Total   Spent    Left  Speed
  0     0    0     0    0     0      0      0 --:--:-- --:--:-- --:--:--     0  1 48.9M    1  984k    0     0  2372k      0  0:00:21 --:--:--  0:00:21 2372k 94 48.9M   94 46.0M    0     0  32.5M      0  0:00:01  0:00:01 --:--:-- 32.5M100 48.9M  100 48.9M    0     0  34.0M      0  0:00:01  0:00:01 --:--:-- 34.0M
INFO: Downloading julia 0.5 from https://s3.amazonaws.com/julialang/bin/linux/x64/0.5/julia-0.5.0-linux-x86_64.tar.gz ...
  % Total    % Received % Xferd  Average Speed   Time    Time     Time  Current
                                 Dload  Upload   Total   Spent    Left  Speed
  0     0    0     0    0     0      0      0 --:--:-- --:--:-- --:--:--     0  0 59.7M    0  355k    0     0  1178k      0  0:00:51 --:--:--  0:00:51 1177k 36 59.7M   36 21.7M    0     0  10.4M      0  0:00:05  0:00:02  0:00:03 10.4M 41 59.7M   41 24.8M    0     0  10.7M      0  0:00:05  0:00:02  0:00:03 10.7M 64 59.7M   64 38.6M    0     0  11.7M      0  0:00:05  0:00:03  0:00:02 11.7M100 59.7M  100 59.7M    0     0  15.5M      0  0:00:03  0:00:03 --:--:-- 15.5M
INFO: Downloading julia 0.6 from https://s3.amazonaws.com/julianightlies/bin/linux/x64/julia-latest-linux64.tar.gz ...
  % Total    % Received % Xferd  Average Speed   Time    Time     Time  Current
                                 Dload  Upload   Total   Spent    Left  Speed
  0     0    0     0    0     0      0      0 --:--:-- --:--:-- --:--:--     0  7 62.6M    7 5115k    0     0  6689k      0  0:00:09 --:--:--  0:00:09 6686k 73 62.6M   73 46.2M    0     0  26.2M      0  0:00:02  0:00:01  0:00:01 26.2M100 62.6M  100 62.6M    0     0  30.6M      0  0:00:02  0:00:02 --:--:-- 30.7M
INFO: Adding julia labels String["julia-nightly-dir"] to /home/vagrant/.julia/v0.5/Playground/test/tmp/playground/bin/julia-nightly-bin
INFO: Adding julia labels String["julia-stable-dir"] to /home/vagrant/.julia/v0.5/Playground/test/tmp/playground/bin/julia-stable-bin
 * create.jl ...
INFO: Playground folders created
INFO: Installing packages from REQUIRE file /home/vagrant/.julia/v0.5/Playground/test/../REQUIRE...
INFO: Initializing package repository /home/vagrant/.julia/v0.5/Playground/test/tmp/test-playground/packages/v0.5
INFO: Cloning METADATA from https://github.com/JuliaLang/METADATA.jl
INFO: Cloning cache of ArgParse from https://github.com/carlobaldassi/ArgParse.jl.git
INFO: Cloning cache of Codecs from https://github.com/dcjones/Codecs.jl.git
INFO: Cloning cache of Compat from https://github.com/JuliaLang/Compat.jl.git
INFO: Cloning cache of Mocking from https://github.com/invenia/Mocking.jl.git
INFO: Cloning cache of TextWrap from https://github.com/carlobaldassi/TextWrap.jl.git
INFO: Cloning cache of YAML from https://github.com/dcjones/YAML.jl.git
INFO: Installing ArgParse v0.5.0
INFO: Installing Codecs v0.3.0
INFO: Installing Compat v0.24.0
INFO: Installing Mocking v0.3.3
INFO: Installing TextWrap v0.2.0
INFO: Installing YAML v0.2.1
INFO: Playground folders created
INFO: Initializing package repository /home/vagrant/.julia/v0.5/Playground/test/.playground/packages/v0.5
INFO: Cloning METADATA from https://github.com/JuliaLang/METADATA.jl
 * activate.jl ...
`/bin/bash --rcfile /home/vagrant/.julia/v0.5/Playground/test/tmp/test-playground/bashrc`
`/bin/bash --rcfile /home/vagrant/.julia/v0.5/Playground/test/tmp/playground/share/myproject/bashrc`
`/bin/bash --rcfile /home/vagrant/.julia/v0.5/Playground/test/.playground/bashrc`
 * execute.jl ...
total 56
drwxr-xr-x 4 vagrant vagrant 4096 May  1 10:44 .
drwxrwxr-x 6 vagrant vagrant 4096 May  1 10:44 ..
-rw-r--r-- 1 vagrant vagrant  239 May  1 10:44 activate.jl
-rw-r--r-- 1 vagrant vagrant  765 May  1 10:44 clean.jl
-rw-r--r-- 1 vagrant vagrant  614 May  1 10:44 create.jl
-rw-r--r-- 1 vagrant vagrant  181 May  1 10:44 execute.jl
-rw-r--r-- 1 vagrant vagrant  589 May  1 10:44 install.jl
-rw-r--r-- 1 vagrant vagrant  147 May  1 10:44 lint.jl
-rw-r--r-- 1 vagrant vagrant   18 May  1 10:44 list.jl
-rw-r--r-- 1 vagrant vagrant 2536 May  1 10:44 parsing.jl
drwxrwxr-x 5 vagrant vagrant 4096 May  1 10:45 .playground
-rw-r--r-- 1 vagrant vagrant 1295 May  1 10:44 runtests.jl
drwxrwxr-x 4 vagrant vagrant 4096 May  1 10:44 tmp
-rw-r--r-- 1 vagrant vagrant  819 May  1 10:44 utils.jl
julia version 0.5.0
 * clean.jl ...
WARNING: Recusively deleting /home/vagrant/.julia/v0.5/Playground/test/.playground...
INFO: Downloading julia 0.4 from https://s3.amazonaws.com/julialang/bin/linux/x64/0.4/julia-0.4.0-linux-x86_64.tar.gz ...
INFO: Adding julia labels AbstractString["julia-stable-dir"] to /home/vagrant/.julia/v0.5/Playground/test/tmp/playground/bin/julia-0.3
INFO: Playground folders created
INFO: Initializing package repository /home/vagrant/.julia/v0.5/Playground/test/.playground/packages/v0.5
INFO: Cloning METADATA from https://github.com/JuliaLang/METADATA.jl
total 56
drwxr-xr-x 4 vagrant vagrant 4096 May  1 10:45 .
drwxrwxr-x 6 vagrant vagrant 4096 May  1 10:44 ..
-rw-r--r-- 1 vagrant vagrant  239 May  1 10:44 activate.jl
-rw-r--r-- 1 vagrant vagrant  765 May  1 10:44 clean.jl
-rw-r--r-- 1 vagrant vagrant  614 May  1 10:44 create.jl
-rw-r--r-- 1 vagrant vagrant  181 May  1 10:44 execute.jl
-rw-r--r-- 1 vagrant vagrant  589 May  1 10:44 install.jl
-rw-r--r-- 1 vagrant vagrant  147 May  1 10:44 lint.jl
-rw-r--r-- 1 vagrant vagrant   18 May  1 10:44 list.jl
-rw-r--r-- 1 vagrant vagrant 2536 May  1 10:44 parsing.jl
drwxrwxr-x 5 vagrant vagrant 4096 May  1 10:45 .playground
-rw-r--r-- 1 vagrant vagrant 1295 May  1 10:44 runtests.jl
drwxrwxr-x 3 vagrant vagrant 4096 May  1 10:45 tmp
-rw-r--r-- 1 vagrant vagrant  819 May  1 10:44 utils.jl
Julia Versions:
	julia-0.3
	julia-0.4
	julia-0.4.0
	julia-0.4_2017-05-01
	julia-0.5
	julia-0.5.0
	julia-0.5_2017-05-01
	julia-0.6
	julia-0.6.0-pre.beta.446
	julia-0.6_2017-05-01
	julia-0ff703b
	julia-1732bb3
	julia-3c9d753
	julia-bin
	julia-nightly-bin
	julia-old-bin
	julia-stable-bin
	julia-stable-dir

Playgrounds:
WARNING: Recusively deleting /home/vagrant/.julia/v0.5/Playground/test/.playground...
INFO: Playground tests passed

>>> End of log
