>>> 'Pkg.add("PlotThemes")' log
INFO: Installing ColorTypes v0.3.4
INFO: Installing Colors v0.7.3
INFO: Installing FixedPointNumbers v0.3.4
INFO: Installing PlotThemes v0.1.1
INFO: Installing PlotUtils v0.3.0
INFO: Installing Reexport v0.0.3
INFO: Package database updated

>>> 'Pkg.test("PlotThemes")' log
Julia Version 0.6.0-pre.alpha.33
Commit be03a06 (2017-03-03 04:02 UTC)
Platform Info:
  OS: Linux (x86_64-pc-linux-gnu)
  CPU: Intel(R) Xeon(R) CPU E3-1241 v3 @ 3.50GHz
  WORD_SIZE: 64
           Ubuntu 14.04.5 LTS
  uname: Linux 3.13.0-110-generic #157-Ubuntu SMP Mon Feb 20 11:54:05 UTC 2017 x86_64 x86_64
Memory: 2.9392738342285156 GB (953.94140625 MB free)
Uptime: 15367.0 sec
Load Avg:  0.9501953125  0.92626953125  0.970703125
Intel(R) Xeon(R) CPU E3-1241 v3 @ 3.50GHz: 
       speed         user         nice          sys         idle          irq
#1  3501 MHz     808879 s        100 s      69150 s     486331 s         32 s
#2  3501 MHz     206032 s       6296 s      32885 s    1259298 s          1 s

  BLAS: libopenblas (USE64BITINT DYNAMIC_ARCH NO_AFFINITY Nehalem)
  LAPACK: libopenblas64_
  LIBM: libopenlibm
  LLVM: libLLVM-3.9.1 (ORCJIT, haswell)
Environment:
  TERM = vt100
  LD_LIBRARY_PATH = :/usr/local/lib/
  PATH = /usr/local/sbin:/usr/local/bin:/usr/sbin:/usr/bin:/sbin:/bin:/usr/games:/usr/local/games:/home/vagrant/julia/bin/
  JAVA_HOME = /usr/lib/jvm/java-7-oracle
  HOME = /home/vagrant

Package Directory: /home/vagrant/.julia/v0.6
2 required packages:
 - JSON                          0.8.3
 - PlotThemes                    0.1.1
6 additional packages:
 - ColorTypes                    0.3.4
 - Colors                        0.7.3
 - Compat                        0.19.0
 - FixedPointNumbers             0.3.4
 - PlotUtils                     0.3.0
 - Reexport                      0.0.3
INFO: Testing PlotThemes
INFO: PlotThemes tests passed

>>> End of log
