>>> 'Pkg.add("PlotlyBase")' log
INFO: Installing DocStringExtensions v0.4.4
INFO: Installing LaTeXStrings v0.3.0
INFO: Installing PlotlyBase v0.1.1
INFO: Installing Requires v0.4.3
INFO: Package database updated
INFO: METADATA is out-of-date — you may not have the latest version of PlotlyBase
INFO: Use `Pkg.update()` to get the latest versions of your packages

>>> 'Pkg.test("PlotlyBase")' log
Julia Version 0.6.2
Commit d386e40c17 (2017-12-13 18:08 UTC)
Platform Info:
  OS: Linux (x86_64-pc-linux-gnu)
  CPU: Intel(R) Xeon(R) CPU E3-1241 v3 @ 3.50GHz
  WORD_SIZE: 64
           Ubuntu 14.04.5 LTS
  uname: Linux 3.13.0-143-generic #192-Ubuntu SMP Tue Feb 27 10:45:36 UTC 2018 x86_64 x86_64
Memory: 2.939197540283203 GB (874.88671875 MB free)
Uptime: 16903.0 sec
Load Avg:  0.8935546875  0.89306640625  0.927734375
Intel(R) Xeon(R) CPU E3-1241 v3 @ 3.50GHz: 
       speed         user         nice          sys         idle          irq
#1  3500 MHz     864495 s        102 s      66311 s     538936 s         17 s
#2  3500 MHz     192000 s         56 s      31120 s    1432992 s          0 s

  BLAS: libopenblas (USE64BITINT DYNAMIC_ARCH NO_AFFINITY Nehalem)
  LAPACK: libopenblas64_
  LIBM: libopenlibm
  LLVM: libLLVM-3.9.1 (ORCJIT, haswell)
Environment:
  TERM = vt100
  LD_LIBRARY_PATH = :/usr/local/lib/
  PATH = /usr/local/sbin:/usr/local/bin:/usr/sbin:/usr/bin:/sbin:/bin:/usr/games:/usr/local/games:/home/vagrant/julia/bin/
  JAVA_HOME = /usr/lib/jvm/java-8-openjdk-amd64
  HOME = /home/vagrant

Package Directory: /home/vagrant/.julia/v0.6
2 required packages:
 - JSON                          0.17.2
 - PlotlyBase                    0.1.1
5 additional packages:
 - Compat                        0.63.0
 - DocStringExtensions           0.4.4
 - LaTeXStrings                  0.3.0
 - Nullables                     0.0.5
 - Requires                      0.4.3
INFO: Computing test dependencies for PlotlyBase...
INFO: Cloning cache of DeepDiffs from https://github.com/ssfrr/DeepDiffs.jl.git
INFO: Cloning cache of TestSetExtensions from https://github.com/ssfrr/TestSetExtensions.jl.git
INFO: Installing DeepDiffs v1.0.1
INFO: Installing TestSetExtensions v1.1.1
INFO: Testing PlotlyBase

api: .................................................................................
recession_bands: ............
styles: ............................
traces: ................................................................................................................................................................................................................................................................................................


Test Summary:  | Pass  Total
PlotlyJS Tests |  409    409
INFO: PlotlyBase tests passed
INFO: Removing DeepDiffs v1.0.1
INFO: Removing TestSetExtensions v1.1.1

>>> End of log
