>>> 'Pkg.add("PlotlyJS")' log
INFO: Installing BinDeps v0.4.7
INFO: Installing Blink v0.5.2
INFO: Installing Codecs v0.3.0
INFO: Installing ColorTypes v0.5.0
INFO: Installing Colors v0.7.3
INFO: Installing DataArrays v0.3.12
INFO: Installing DataFrames v0.9.1
INFO: Installing DataStructures v0.5.3
INFO: Installing DocStringExtensions v0.3.3
INFO: Installing FileIO v0.3.1
INFO: Installing FixedPointNumbers v0.3.7
INFO: Installing GZip v0.3.0
INFO: Installing Hiccup v0.1.1
INFO: Installing HttpCommon v0.2.7
INFO: Installing HttpParser v0.2.0
INFO: Installing HttpServer v0.2.0
INFO: Installing Juno v0.2.7
INFO: Installing LaTeXStrings v0.2.1
INFO: Installing Lazy v0.11.6
INFO: Installing MacroTools v0.3.6
INFO: Installing MbedTLS v0.4.5
INFO: Installing Media v0.2.7
INFO: Installing Mustache v0.1.4
INFO: Installing Mux v0.2.3
INFO: Installing PlotlyJS v0.6.2
INFO: Installing Reexport v0.0.3
INFO: Installing SHA v0.3.2
INFO: Installing SortingAlgorithms v0.1.1
INFO: Installing SpecialFunctions v0.1.1
INFO: Installing StatsBase v0.14.1
INFO: Installing URIParser v0.1.8
INFO: Installing WebSockets v0.2.1
INFO: Building HttpParser
INFO: Building MbedTLS
Using system libraries...
INFO: Building PlotlyJS
  % Total    % Received % Xferd  Average Speed   Time    Time     Time  Current
                                 Dload  Upload   Total   Spent    Left  Speed
  0     0    0     0    0     0      0      0 --:--:-- --:--:-- --:--:--     0  0     0    0     0    0     0      0      0 --:--:-- --:--:-- --:--:--     0100  741k    0  741k    0     0  1545k      0 --:--:-- --:--:-- --:--:-- 1544k
  % Total    % Received % Xferd  Average Speed   Time    Time     Time  Current
                                 Dload  Upload   Total   Spent    Left  Speed
  0     0    0     0    0     0      0      0 --:--:-- --:--:-- --:--:--     0 41 2121k   41  879k    0     0  1167k      0  0:00:01 --:--:--  0:00:01 1166k100 2121k  100 2121k    0     0  2105k      0  0:00:01  0:00:01 --:--:-- 2106k
INFO: Package database updated
INFO: METADATA is out-of-date — you may not have the latest version of PlotlyJS
INFO: Use `Pkg.update()` to get the latest versions of your packages

>>> 'Pkg.test("PlotlyJS")' log
Julia Version 0.5.2
Commit f4c6c9d (2017-05-06 16:34 UTC)
Platform Info:
  OS: Linux (x86_64-pc-linux-gnu)
  CPU: Intel(R) Xeon(R) CPU E3-1241 v3 @ 3.50GHz
  WORD_SIZE: 64
           Ubuntu 14.04.5 LTS
  uname: Linux 3.13.0-117-generic #164-Ubuntu SMP Fri Apr 7 11:05:26 UTC 2017 x86_64 x86_64
Memory: 2.9392738342285156 GB (783.52734375 MB free)
Uptime: 22538.0 sec
Load Avg:  0.8046875  0.892578125  0.9345703125
Intel(R) Xeon(R) CPU E3-1241 v3 @ 3.50GHz: 
       speed         user         nice          sys         idle          irq
#1  3500 MHz    1379170 s        490 s     134761 s     461568 s         31 s
#2  3500 MHz     381359 s       6956 s      63079 s    1757998 s          0 s

  BLAS: libopenblas (USE64BITINT DYNAMIC_ARCH NO_AFFINITY Nehalem)
  LAPACK: libopenblas64_
  LIBM: libopenlibm
  LLVM: libLLVM-3.7.1 (ORCJIT, haswell)
Environment:
  TERM = vt100
  LD_LIBRARY_PATH = :/usr/local/lib/
  PATH = /usr/local/sbin:/usr/local/bin:/usr/sbin:/usr/bin:/sbin:/bin:/usr/games:/usr/local/games:/home/vagrant/julia/bin/
  JAVA_HOME = /usr/lib/jvm/java-7-oracle
  HOME = /home/vagrant

Package Directory: /home/vagrant/.julia/v0.5
2 required packages:
 - JSON                          0.11.0
 - PlotlyJS                      0.6.2
32 additional packages:
 - BinDeps                       0.4.7
 - Blink                         0.5.2
 - Codecs                        0.3.0
 - ColorTypes                    0.5.0
 - Colors                        0.7.3
 - Compat                        0.24.0
 - DataArrays                    0.3.12
 - DataFrames                    0.9.1
 - DataStructures                0.5.3
 - DocStringExtensions           0.3.3
 - FileIO                        0.3.1
 - FixedPointNumbers             0.3.7
 - GZip                          0.3.0
 - Hiccup                        0.1.1
 - HttpCommon                    0.2.7
 - HttpParser                    0.2.0
 - HttpServer                    0.2.0
 - Juno                          0.2.7
 - LaTeXStrings                  0.2.1
 - Lazy                          0.11.6
 - MacroTools                    0.3.6
 - MbedTLS                       0.4.5
 - Media                         0.2.7
 - Mustache                      0.1.4
 - Mux                           0.2.3
 - Reexport                      0.0.3
 - SHA                           0.3.2
 - SortingAlgorithms             0.1.1
 - SpecialFunctions              0.1.1
 - StatsBase                     0.14.1
 - URIParser                     0.1.8
 - WebSockets                    0.2.1
INFO: Computing test dependencies for PlotlyJS...
INFO: Cloning cache of TestSetExtensions from https://github.com/ssfrr/TestSetExtensions.jl.git
INFO: Installing BaseTestNext v0.2.2
INFO: Installing TestSetExtensions v0.0.2
INFO: Testing PlotlyJS
WARNING: Method definition describe(AbstractArray) in module StatsBase at /home/vagrant/.julia/v0.5/StatsBase/src/scalarstats.jl:573 overwritten in module DataFrames at /home/vagrant/.julia/v0.5/DataFrames/src/abstractdataframe/abstractdataframe.jl:407.

api: .................................................................................
styles: ..............
traces: .............................................................................................................................................................................................................................................................................................


Test Summary:  | Pass  Total
  PlotlyJS Tests |  380    380
INFO: PlotlyJS tests passed
INFO: Removing BaseTestNext v0.2.2
INFO: Removing TestSetExtensions v0.0.2

>>> End of log
