>>> 'Pkg.add("PlyIO")' log
[ Info: Cloning cache of PlyIO from https://github.com/FugroRoames/PlyIO.jl.git
[ Info: Installing PlyIO v0.0.3
[ Info: Package database updated

>>> 'Pkg.test("PlyIO")' log
Julia Version 0.7.0-DEV.3563
Commit cf6303abe0 (2018-01-24 23:08 UTC)
Platform Info:
  OS: Linux (x86_64-pc-linux-gnu)
      Ubuntu 14.04.5 LTS
  uname: Linux 3.13.0-135-generic #184-Ubuntu SMP Wed Oct 18 11:55:51 UTC 2017 x86_64 x86_64
  CPU: Intel(R) Xeon(R) CPU E3-1241 v3 @ 3.50GHz: 
              speed         user         nice          sys         idle          irq
       #1  3499 MHz     639688 s         48 s      38674 s     345176 s          6 s
       #2  3499 MHz     121046 s         91 s      16298 s    1016376 s          0 s
       
  Memory: 2.93927001953125 GB (1112.8515625 MB free)
  Uptime: 11735.0 sec
  Load Avg:  1.0029296875  1.0146484375  0.970703125
  WORD_SIZE: 64
  LIBM: libopenlibm
  LLVM: libLLVM-3.9.1 (ORCJIT, haswell)
Environment:
  TERM = vt100
  LD_LIBRARY_PATH = :/usr/local/lib/
  PATH = /usr/local/sbin:/usr/local/bin:/usr/sbin:/usr/bin:/sbin:/bin:/usr/games:/usr/local/games:/home/vagrant/julia/bin/
  JAVA_HOME = /usr/lib/jvm/java-8-openjdk-amd64
  HOME = /home/vagrant
Packages:
  Package Directory: /home/vagrant/.julia/v0.7
  Package Status:
2 required packages:
 - JSON                          0.16.4
 - PlyIO                         0.0.3
2 additional packages:
 - Compat                        0.49.0
 - Nullables                     0.0.3
[ Info: Computing test dependencies for PlyIO...
[ Info: Installing StaticArrays v0.6.6
[ Info: Testing PlyIO
┌ Warning: Deprecated syntax `type` at /home/vagrant/.julia/v0.7/PlyIO/src/types.jl:21.
│ Use `mutable struct` instead.
└ @ nothing types.jl:21
┌ Warning: Deprecated syntax `type` at /home/vagrant/.julia/v0.7/PlyIO/src/types.jl:62.
│ Use `mutable struct` instead.
└ @ nothing types.jl:62
┌ Warning: Deprecated syntax `type` at /home/vagrant/.julia/v0.7/PlyIO/src/types.jl:112.
│ Use `mutable struct` instead.
└ @ nothing types.jl:112
┌ Warning: Deprecated syntax `immutable` at /home/vagrant/.julia/v0.7/PlyIO/src/types.jl:172.
│ Use `struct` instead.
└ @ nothing types.jl:172
┌ Warning: Deprecated syntax `type` at /home/vagrant/.julia/v0.7/PlyIO/src/types.jl:191.
│ Use `mutable struct` instead.
└ @ nothing types.jl:191
┌ Warning: Deprecated syntax `parametric method syntax ArrayProperty{T}(name::AbstractString, ::Type{T})` around /home/vagrant/.julia/v0.7/PlyIO/src/types.jl:36.
│ Use `ArrayProperty(name::AbstractString, #unused#::Type{T}) where T` instead.
└ @ nothing types.jl:36
┌ Warning: Deprecated syntax `parametric method syntax ListProperty{S, T}(name, ::Type{S}, ::Type{T})` around /home/vagrant/.julia/v0.7/PlyIO/src/types.jl:68.
│ Use `ListProperty(name, #unused#::Type{S}, #unused#::Type{T}) where {S, T}` instead.
└ @ nothing types.jl:68
┌ Warning: Deprecated syntax `parametric method syntax ply_type_name{T <: PlyNativeType}(A::AbstractArray{T})` around /home/vagrant/.julia/v0.7/PlyIO/src/io.jl:49.
│ Use `ply_type_name(A::AbstractArray{T}) where T <: PlyNativeType` instead.
└ @ nothing io.jl:49
┌ Warning: Deprecated syntax `parametric method syntax write_header_field{T, Names <: PropNameList}(stream::IO, prop::ArrayProperty{T, Names})` around /home/vagrant/.julia/v0.7/PlyIO/src/io.jl:128.
│ Use `write_header_field(stream::IO, prop::ArrayProperty{T, Names}) where {T, Names <: PropNameList}` instead.
└ @ nothing io.jl:128
┌ Warning: Deprecated syntax `parametric method syntax write_header_field{S}(stream::IO, prop::ListProperty{S})` around /home/vagrant/.julia/v0.7/PlyIO/src/io.jl:134.
│ Use `write_header_field(stream::IO, prop::ListProperty{S}) where S` instead.
└ @ nothing io.jl:134
┌ Warning: Deprecated syntax `parametric method syntax parse_ascii{T}(::Type{T}, io::IO)` around /home/vagrant/.julia/v0.7/PlyIO/src/io.jl:170.
│ Use `parse_ascii(#unused#::Type{T}, io::IO) where T` instead.
└ @ nothing io.jl:170
┌ Warning: Deprecated syntax `parametric method syntax read_ascii_value!{T}(stream::IO, prop::ArrayProperty{T}, index)` around /home/vagrant/.julia/v0.7/PlyIO/src/io.jl:185.
│ Use `read_ascii_value!(stream::IO, prop::ArrayProperty{T}, index) where T` instead.
└ @ nothing io.jl:185
┌ Warning: Deprecated syntax `parametric method syntax read_ascii_value!{S, T}(stream::IO, prop::ListProperty{S, T}, index)` around /home/vagrant/.julia/v0.7/PlyIO/src/io.jl:188.
│ Use `read_ascii_value!(stream::IO, prop::ListProperty{S, T}, index) where {S, T}` instead.
└ @ nothing io.jl:188
┌ Warning: Deprecated syntax `parametric method syntax read_binary_value!{T}(stream::IO, prop::ArrayProperty{T}, index)` around /home/vagrant/.julia/v0.7/PlyIO/src/io.jl:202.
│ Use `read_binary_value!(stream::IO, prop::ArrayProperty{T}, index) where T` instead.
└ @ nothing io.jl:202
┌ Warning: Deprecated syntax `parametric method syntax read_binary_value!{S, T}(stream::IO, prop::ListProperty{S, T}, index)` around /home/vagrant/.julia/v0.7/PlyIO/src/io.jl:205.
│ Use `read_binary_value!(stream::IO, prop::ListProperty{S, T}, index) where {S, T}` instead.
└ @ nothing io.jl:205
┌ Warning: Deprecated syntax `parametric method syntax write_binary_value{S}(stream::IO, prop::ListProperty{S}, index)` around /home/vagrant/.julia/v0.7/PlyIO/src/io.jl:215.
│ Use `write_binary_value(stream::IO, prop::ListProperty{S}, index) where S` instead.
└ @ nothing io.jl:215
┌ Warning: Deprecated syntax `parametric method syntax write_ascii_value{T <: AbstractArray}(stream::IO, prop::ArrayProperty{T}, index)` around /home/vagrant/.julia/v0.7/PlyIO/src/io.jl:234.
│ Use `write_ascii_value(stream::IO, prop::ArrayProperty{T}, index) where T <: AbstractArray` instead.
└ @ nothing io.jl:234
┌ Warning: Deprecated syntax `parametric method syntax write_binary_values{T}(stream::IO, elen, props::ArrayProperty{T}...)` around /home/vagrant/.julia/v0.7/PlyIO/src/io.jl:294.
│ Use `write_binary_values(stream::IO, elen, props::ArrayProperty{T}...) where T` instead.
└ @ nothing io.jl:294
WARNING: importing deprecated binding Base.eye into StaticArrays.
WARNING: importing deprecated binding Base.cross into StaticArrays.
WARNING: importing deprecated binding Base.vecdot into StaticArrays.
WARNING: importing deprecated binding Base.det into StaticArrays.
WARNING: importing deprecated binding Base.logdet into StaticArrays.
WARNING: importing deprecated binding Base.eig into StaticArrays.
WARNING: importing deprecated binding Base.eigvals into StaticArrays.
WARNING: importing deprecated binding Base.eigfact into StaticArrays.
WARNING: importing deprecated binding Base.expm into StaticArrays.
WARNING: importing deprecated binding Base.logm into StaticArrays.
WARNING: importing deprecated binding Base.sqrtm into StaticArrays.
WARNING: importing deprecated binding Base.lyap into StaticArrays.
WARNING: importing deprecated binding Base.trace into StaticArrays.
WARNING: importing deprecated binding Base.diag into StaticArrays.
WARNING: importing deprecated binding Base.vecnorm into StaticArrays.
WARNING: importing deprecated binding Base.norm into StaticArrays.
WARNING: importing deprecated binding Base.dot into StaticArrays.
WARNING: importing deprecated binding Base.diagm into StaticArrays.
WARNING: importing deprecated binding Base.diag into StaticArrays.
WARNING: importing deprecated binding Base.lu into StaticArrays.
WARNING: importing deprecated binding Base.svd into StaticArrays.
WARNING: importing deprecated binding Base.svdvals into StaticArrays.
WARNING: importing deprecated binding Base.svdfact into StaticArrays.
WARNING: importing deprecated binding Base.factorize into StaticArrays.
WARNING: importing deprecated binding Base.ishermitian into StaticArrays.
WARNING: importing deprecated binding Base.issymmetric into StaticArrays.
WARNING: importing deprecated binding Base.isposdef into StaticArrays.
WARNING: importing deprecated binding Base.diff into StaticArrays.
WARNING: importing deprecated binding Base.randexp into StaticArrays.
WARNING: importing deprecated binding Base.rand! into StaticArrays.
WARNING: importing deprecated binding Base.randn! into StaticArrays.
WARNING: importing deprecated binding Base.randexp! into StaticArrays.
WARNING: importing deprecated binding Base.normalize into StaticArrays.
WARNING: importing deprecated binding Base.normalize! into StaticArrays.
WARNING: importing deprecated binding Base.Eigen into StaticArrays.
WARNING: Base.LinAlg is deprecated, run `using LinearAlgebra` instead.
  likely near /home/vagrant/.julia/v0.7/StaticArrays/src/SDiagonal.jl:93
WARNING: importing deprecated binding Base.UpperTriangular into StaticArrays.
WARNING: importing deprecated binding Base.Symmetric into StaticArrays.
ERROR: LoadError: LoadError: TypeError: in Type{...} expression, expected UnionAll, got typeof(Base.Symmetric)
Stacktrace:
 [1] top-level scope
 [2] include at ./boot.jl:292 [inlined]
 [3] include_relative(::Module, ::String) at ./loading.jl:1012
 [4] include at ./sysimg.jl:26 [inlined]
 [5] include(::String) at /home/vagrant/.julia/v0.7/StaticArrays/src/StaticArrays.jl:3
 [6] top-level scope
 [7] include at ./boot.jl:292 [inlined]
 [8] include_relative(::Module, ::String) at ./loading.jl:1012
 [9] include(::Module, ::String) at ./sysimg.jl:26
 [10] top-level scope
 [11] eval at ./boot.jl:295 [inlined]
 [12] top-level scope at ./<missing>:3
in expression starting at /home/vagrant/.julia/v0.7/StaticArrays/src/abstractarray.jl:134
in expression starting at /home/vagrant/.julia/v0.7/StaticArrays/src/StaticArrays.jl:91
ERROR: LoadError: Failed to precompile StaticArrays to /home/vagrant/.julia/lib/v0.7/StaticArrays.ji.
Stacktrace:
 [1] error at ./error.jl:33 [inlined]
 [2] compilecache(::Base.PkgId) at ./loading.jl:1156
 [3] _require(::Base.PkgId) at ./loading.jl:949
 [4] require(::Module, ::Symbol) at ./loading.jl:820
 [5] include at ./boot.jl:292 [inlined]
 [6] include_relative(::Module, ::String) at ./loading.jl:1012
 [7] include(::Module, ::String) at ./sysimg.jl:26
 [8] process_options(::Base.JLOptions) at ./client.jl:334
 [9] _start() at ./client.jl:386
in expression starting at /home/vagrant/.julia/v0.7/PlyIO/test/runtests.jl:2
┌ Error: ------------------------------------------------------------
│ # Testing failed for PlyIO
│   exception =
│    failed process: Process(`/home/vagrant/julia/bin/julia -Cnative -J/home/vagrant/julia/lib/julia/sys.so --compile=yes --depwarn=yes --code-coverage=none --color=no --compiled-modules=yes --check-bounds=yes --warn-overwrite=yes --startup-file=yes /home/vagrant/.julia/v0.7/PlyIO/test/runtests.jl`, ProcessExited(1)) [1]
│    Stacktrace:
│     [1] error(::String, ::Base.Process, ::String, ::Int64, ::String) at ./error.jl:42
│     [2] pipeline_error(::Base.Process) at ./process.jl:698
│     [3] run(::Cmd) at ./process.jl:660
│     [4] (::getfield(Base.Pkg.Entry, Symbol("##89#92")){Bool,String,Array{AbstractString,1}})() at ./pkg/entry.jl:729
│     [5] cd(::getfield(Base.Pkg.Entry, Symbol("##89#92")){Bool,String,Array{AbstractString,1}}, ::String) at ./file.jl:70
│     [6] #test!#88(::Bool, ::Function, ::String, ::Array{AbstractString,1}, ::Array{AbstractString,1}, ::Array{AbstractString,1}) at ./pkg/entry.jl:717
│     [7] (::getfield(Base.Pkg.Entry, Symbol("#kw##test!")))(::NamedTuple{(:coverage,),Tuple{Bool}}, ::typeof(Base.Pkg.Entry.test!), ::String, ::Array{AbstractString,1}, ::Array{AbstractString,1}, ::Array{AbstractString,1}) at ./<missing>:0
│     [8] #test#96(::Bool, ::Function, ::Array{AbstractString,1}) at ./pkg/entry.jl:756
│     [9] (::getfield(Base.Pkg.Entry, Symbol("#kw##test")))(::NamedTuple{(:coverage,),Tuple{Bool}}, ::typeof(Base.Pkg.Entry.test), ::Array{AbstractString,1}) at ./<missing>:0
│     [10] (::getfield(Base.Pkg.Dir, Symbol("##4#7")){Base.Iterators.IndexValue{Symbol,Bool,Tuple{Symbol},NamedTuple{(:coverage,),Tuple{Bool}}},typeof(Base.Pkg.Entry.test),Tuple{Array{AbstractString,1}}})() at ./pkg/dir.jl:36
│     [11] cd(::getfield(Base.Pkg.Dir, Symbol("##4#7")){Base.Iterators.IndexValue{Symbol,Bool,Tuple{Symbol},NamedTuple{(:coverage,),Tuple{Bool}}},typeof(Base.Pkg.Entry.test),Tuple{Array{AbstractString,1}}}, ::String) at ./file.jl:70
│     [12] #cd#1(::Base.Iterators.IndexValue{Symbol,Bool,Tuple{Symbol},NamedTuple{(:coverage,),Tuple{Bool}}}, ::Function, ::Function, ::Array{AbstractString,1}, ::Vararg{Array{AbstractString,1},N} where N) at ./pkg/dir.jl:36
│     [13] (::getfield(Base.Pkg.Dir, Symbol("#kw##cd")))(::NamedTuple{(:coverage,),Tuple{Bool}}, ::typeof(Base.Pkg.Dir.cd), ::Function, ::Array{AbstractString,1}, ::Vararg{Array{AbstractString,1},N} where N) at ./<missing>:0
│     [14] #test#3(::Bool, ::Function, ::String, ::Vararg{String,N} where N) at ./pkg/pkg.jl:274
│     [15] test(::String, ::Vararg{String,N} where N) at ./pkg/pkg.jl:274
│     [16] top-level scope
│     [17] eval at ./boot.jl:295 [inlined]
│     [18] eval(::Module, ::Expr) at ./sysimg.jl:71
│     [19] process_options(::Base.JLOptions) at ./client.jl:311
│     [20] _start() at ./client.jl:386
└ @ Base.Pkg.Entry entry.jl:732
[ Info: Removing StaticArrays v0.6.6
ERROR: PlyIO had test errors

>>> End of log
