>>> 'Pkg.add("PolarFact")' log
INFO: Cloning cache of PolarFact from https://github.com/weijianzhang/PolarFact.jl.git
INFO: Installing PolarFact v0.0.6
INFO: Package database updated

>>> 'Pkg.test("PolarFact")' log
Julia Version 0.6.0-dev.1378
Commit 1e0e793 (2016-12-03 13:48 UTC)
Platform Info:
  OS: Linux (x86_64-pc-linux-gnu)
  CPU: Intel(R) Xeon(R) CPU E3-1241 v3 @ 3.50GHz
  WORD_SIZE: 64
           Ubuntu 14.04.5 LTS
  uname: Linux 3.13.0-103-generic #150-Ubuntu SMP Thu Nov 24 10:34:17 UTC 2016 x86_64 x86_64
Memory: 2.9392738342285156 GB (718.3671875 MB free)
Uptime: 12209.0 sec
Load Avg:  1.10400390625  1.01416015625  1.01318359375
Intel(R) Xeon(R) CPU E3-1241 v3 @ 3.50GHz: 
       speed         user         nice          sys         idle          irq
#1  3499 MHz     701891 s       2857 s     108595 s     280014 s         18 s
#2  3499 MHz     228737 s       3870 s      46366 s     904455 s          0 s

  BLAS: libopenblas (USE64BITINT DYNAMIC_ARCH NO_AFFINITY Nehalem)
  LAPACK: libopenblas64_
  LIBM: libopenlibm
  LLVM: libLLVM-3.7.1 (ORCJIT, haswell)
Environment:
  TERM = vt100
  LD_LIBRARY_PATH = :/usr/local/lib/
  PATH = /usr/local/sbin:/usr/local/bin:/usr/sbin:/usr/bin:/sbin:/bin:/usr/games:/usr/local/games:/home/vagrant/julia/bin/
  JAVA_HOME = /usr/lib/jvm/java-7-oracle
  HOME = /home/vagrant

Package Directory: /home/vagrant/.julia/v0.6
2 required packages:
 - JSON                          0.8.0
 - PolarFact                     0.0.6
1 additional packages:
 - Compat                        0.9.5
INFO: Testing PolarFact
WARNING: issym is deprecated, use issymmetric instead.
 in depwarn(::String, ::Symbol) at ./deprecated.jl:64
 in issym(::Array{Float64,2}, ::Vararg{Array{Float64,2},N}) at ./deprecated.jl:30
 in include_from_node1(::String) at ./loading.jl:532
 in include(::String) at ./sysimg.jl:14
 in include_from_node1(::String) at ./loading.jl:532
 in include(::String) at ./sysimg.jl:14
 in process_options(::Base.JLOptions) at ./client.jl:271
 in _start() at ./client.jl:335
while loading /home/vagrant/.julia/v0.6/PolarFact/test/test_newton.jl, in expression starting on line 16
Newton method passed test...
Halley method passed test...
QDWH method passed test...
SVD method passed test...
Hybrid method passed test...
Type Float32 passed test...
Success!
INFO: PolarFact tests passed

>>> End of log
