>>> 'Pkg.add("PolarFact")' log
INFO: Cloning cache of PolarFact from https://github.com/weijianzhang/PolarFact.jl.git
INFO: Installing PolarFact v0.0.6
INFO: Package database updated

>>> 'Pkg.test("PolarFact")' log
Julia Version 0.5.0-rc1+1
Commit acfd04c (2016-08-05 15:23 UTC)
Platform Info:
  System: Linux (x86_64-unknown-linux-gnu)
  CPU: Intel(R) Xeon(R) CPU E3-1241 v3 @ 3.50GHz
  WORD_SIZE: 64
           Ubuntu 14.04.5 LTS
  uname: Linux 3.13.0-93-generic #140-Ubuntu SMP Mon Jul 18 21:21:05 UTC 2016 x86_64 x86_64
Memory: 2.4471054077148438 GB (887.4140625 MB free)
Uptime: 12814.0 sec
Load Avg:  1.00927734375  1.03662109375  1.04541015625
Intel(R) Xeon(R) CPU E3-1241 v3 @ 3.50GHz: 
       speed         user         nice          sys         idle          irq
#1  3499 MHz     681262 s       3048 s     108057 s     313220 s         26 s
#2  3499 MHz     210650 s       4086 s      47142 s     976933 s          0 s

  BLAS: libopenblas (USE64BITINT DYNAMIC_ARCH NO_AFFINITY Nehalem)
  LAPACK: libopenblas64_
  LIBM: libopenlibm
  LLVM: libLLVM-3.7.1 (ORCJIT, haswell)
Environment:
  TERM = vt100
  LD_LIBRARY_PATH = :/usr/local/lib/
  PATH = /usr/local/sbin:/usr/local/bin:/usr/sbin:/usr/bin:/sbin:/bin:/usr/games:/usr/local/games:/home/vagrant/julia/bin/
  JAVA_HOME = /usr/lib/jvm/java-7-oracle
  HOME = /home/vagrant

Package Directory: /home/vagrant/.julia/v0.5
2 required packages:
 - JSON                          0.6.0
 - PolarFact                     0.0.6
1 additional packages:
 - Compat                        0.8.6
INFO: Testing PolarFact
WARNING: issym is deprecated, use issymmetric instead.
 in depwarn(::String, ::Symbol) at ./deprecated.jl:64
 in issym(::Array{Float64,2}, ::Vararg{Array{Float64,2},N}) at ./deprecated.jl:30
 in include_from_node1(::String) at ./loading.jl:426 (repeats 2 times)
 in process_options(::Base.JLOptions) at ./client.jl:262
 in _start() at ./client.jl:318
while loading /home/vagrant/.julia/v0.5/PolarFact/test/test_newton.jl, in expression starting on line 16
Newton method passed test...
Halley method passed test...
QDWH method passed test...
SVD method passed test...
Hybrid method passed test...
Type Float32 passed test...
Success!
INFO: PolarFact tests passed

>>> End of log
