>>> 'Pkg.add("Poltergeist")' log
INFO: Cloning cache of Poltergeist from https://github.com/wormell/Poltergeist.jl.git
INFO: Installing AbstractFFTs v0.3.1
INFO: Installing ApproxFun v0.8.0
INFO: Installing BandedMatrices v0.4.0
INFO: Installing BinDeps v0.8.7
INFO: Installing BlockArrays v0.3.1
INFO: Installing BlockBandedMatrices v0.0.1
INFO: Installing Calculus v0.2.2
INFO: Installing DataStructures v0.7.4
INFO: Installing DualNumbers v0.3.0
INFO: Installing FFTW v0.0.4
INFO: Installing FastGaussQuadrature v0.3.0
INFO: Installing FastTransforms v0.3.0
INFO: Installing FillArrays v0.0.1
INFO: Installing HierarchicalMatrices v0.1.0
INFO: Installing IntervalSets v0.2.0
INFO: Installing LowRankApprox v0.1.1
INFO: Installing Missings v0.2.7
INFO: Installing NaNMath v0.3.1
INFO: Installing Poltergeist v0.1.2
INFO: Installing ProgressMeter v0.5.5
INFO: Installing RecipesBase v0.2.3
INFO: Installing SHA v0.5.6
INFO: Installing SortingAlgorithms v0.2.0
INFO: Installing SpecialFunctions v0.3.8
INFO: Installing StaticArrays v0.7.0
INFO: Installing StatsBase v0.20.1
INFO: Installing ToeplitzMatrices v0.3.0
INFO: Installing URIParser v0.3.1
INFO: Building SpecialFunctions
INFO: Building FFTW
INFO: Package database updated

>>> 'Pkg.test("Poltergeist")' log
Julia Version 0.6.2
Commit d386e40c17 (2017-12-13 18:08 UTC)
Platform Info:
  OS: Linux (x86_64-pc-linux-gnu)
  CPU: Intel(R) Xeon(R) CPU E3-1241 v3 @ 3.50GHz
  WORD_SIZE: 64
           Ubuntu 14.04.5 LTS
  uname: Linux 3.13.0-143-generic #192-Ubuntu SMP Tue Feb 27 10:45:36 UTC 2018 x86_64 x86_64
Memory: 2.939197540283203 GB (830.40234375 MB free)
Uptime: 18449.0 sec
Load Avg:  0.86376953125  0.9443359375  0.9453125
Intel(R) Xeon(R) CPU E3-1241 v3 @ 3.50GHz: 
       speed         user         nice          sys         idle          irq
#1  3501 MHz     927798 s         68 s      79836 s     600228 s         21 s
#2  3501 MHz     294571 s        123 s      39044 s    1458045 s          0 s

  BLAS: libopenblas (USE64BITINT DYNAMIC_ARCH NO_AFFINITY Nehalem)
  LAPACK: libopenblas64_
  LIBM: libopenlibm
  LLVM: libLLVM-3.9.1 (ORCJIT, haswell)
Environment:
  TERM = vt100
  LD_LIBRARY_PATH = :/usr/local/lib/
  PATH = /usr/local/sbin:/usr/local/bin:/usr/sbin:/usr/bin:/sbin:/bin:/usr/games:/usr/local/games:/home/vagrant/julia/bin/
  JAVA_HOME = /usr/lib/jvm/java-8-openjdk-amd64
  HOME = /home/vagrant

Package Directory: /home/vagrant/.julia/v0.6
2 required packages:
 - JSON                          0.17.2
 - Poltergeist                   0.1.2
29 additional packages:
 - AbstractFFTs                  0.3.1
 - ApproxFun                     0.8.0
 - BandedMatrices                0.4.0
 - BinDeps                       0.8.7
 - BlockArrays                   0.3.1
 - BlockBandedMatrices           0.0.1
 - Calculus                      0.2.2
 - Compat                        0.63.0
 - DataStructures                0.7.4
 - DualNumbers                   0.3.0
 - FFTW                          0.0.4
 - FastGaussQuadrature           0.3.0
 - FastTransforms                0.3.0
 - FillArrays                    0.0.1
 - HierarchicalMatrices          0.1.0
 - IntervalSets                  0.2.0
 - LowRankApprox                 0.1.1
 - Missings                      0.2.7
 - NaNMath                       0.3.1
 - Nullables                     0.0.5
 - ProgressMeter                 0.5.5
 - RecipesBase                   0.2.3
 - SHA                           0.5.6
 - SortingAlgorithms             0.2.0
 - SpecialFunctions              0.3.8
 - StaticArrays                  0.7.0
 - StatsBase                     0.20.1
 - ToeplitzMatrices              0.3.0
 - URIParser                     0.3.1
INFO: Testing Poltergeist
WARNING: --output requested, but no modules defined during run
WARNING: The call to compilecache failed to create a usable precompiled cache file for module FFTW. Got:
WARNING: Cache file "/home/vagrant/.julia/lib/v0.6/FFTW.ji" not found.
WARNING: eval from module Main to ToeplitzMatrices:    
Expr(:call, Expr(:., :Base, :include_from_node1)::Any, "/home/vagrant/.julia/v0.6/FFTW/src/FFTW.jl")::Any
  ** incremental compilation may be broken for this module **

Fourier tests ðŸŒšðŸŒž
  0.000217 seconds (271 allocations: 13.045 KiB)
  0.380512 seconds (836.81 k allocations: 40.149 MiB, 5.77% gc time)
  0.000101 seconds (64 allocations: 3.250 KiB)
  1.261252 seconds (2.82 M allocations: 137.878 MiB, 4.05% gc time)
  1.052160 seconds (2.28 M allocations: 109.166 MiB, 3.93% gc time)
Should all be â‰¤0.3s
Chebyshev tests ðŸŒ³
  0.104071 seconds (1.04 M allocations: 21.385 MiB, 11.70% gc time)
  0.129928 seconds (1.20 M allocations: 23.876 MiB, 8.06% gc time)
  0.135153 seconds (1.00 M allocations: 19.930 MiB, 8.01% gc time)
Should be â‰¤0.12s
Lanford map test
  0.180598 seconds (429.86 k allocations: 14.421 MiB)
  0.114975 seconds (24.95 k allocations: 1.301 MiB)
  0.009557 seconds (1.22 k allocations: 64.011 KiB)
  0.005932 seconds (764 allocations: 50.112 KiB)
Composition test ðŸŽ¼
  0.132083 seconds (20.86 k allocations: 1.025 MiB)
Should be â‰¤0.07s
  0.645657 seconds (1.70 M allocations: 50.254 MiB, 6.07% gc time)
Should be â‰¤0.4s
  0.466439 seconds (1.42 M allocations: 43.989 MiB, 5.74% gc time)
Should be â‰¤0.01s
Eigenvalue test
  0.248498 seconds (1.85 M allocations: 38.603 MiB, 9.24% gc time)
100
Correlation sum test
Correlation function test
  0.178615 seconds (527.66 k allocations: 25.594 MiB, 7.02% gc time)
Should be <0.25s
  0.197698 seconds (467.37 k allocations: 17.364 MiB, 6.54% gc time)
  0.198670 seconds (464.16 k allocations: 16.889 MiB, 6.24% gc time)
Should be <0.15s
Newton's method test â˜
Time series tests
  2.533963 seconds (695.49 k allocations: 46.017 MiB, 1.43% gc time)
Should be â‰¤2s
  1.766741 seconds (13.47 M allocations: 297.968 MiB, 21.27% gc time)
Should be â‰¤2s
2D tests

ðŸ˜Ž
INFO: Poltergeist tests passed

>>> End of log
