>>> 'Pkg.add("Poltergeist")' log
INFO: Cloning cache of ApproxFun from https://github.com/JuliaApproximation/ApproxFun.jl.git
INFO: Cloning cache of BandedMatrices from https://github.com/JuliaMatrices/BandedMatrices.jl.git
INFO: Cloning cache of FastGaussQuadrature from https://github.com/ajt60gaibb/FastGaussQuadrature.jl.git
INFO: Cloning cache of FastTransforms from https://github.com/MikaelSlevinsky/FastTransforms.jl.git
INFO: Cloning cache of HierarchicalMatrices from https://github.com/MikaelSlevinsky/HierarchicalMatrices.jl.git
INFO: Cloning cache of Poltergeist from https://github.com/wormell/Poltergeist.jl.git
INFO: Cloning cache of ToeplitzMatrices from https://github.com/JuliaMatrices/ToeplitzMatrices.jl.git
INFO: Installing ApproxFun v0.6.1
INFO: Installing BandedMatrices v0.2.3
INFO: Installing Calculus v0.2.2
INFO: Installing DataStructures v0.6.1
INFO: Installing DualNumbers v0.3.0
INFO: Installing FastGaussQuadrature v0.2.1
INFO: Installing FastTransforms v0.2.2
INFO: Installing HierarchicalMatrices v0.0.2
INFO: Installing IntervalSets v0.1.1
INFO: Installing LowRankApprox v0.0.2
INFO: Installing NaNMath v0.2.6
INFO: Installing Poltergeist v0.0.4
INFO: Installing ProgressMeter v0.3.4
INFO: Installing RecipesBase v0.1.0
INFO: Installing SpecialFunctions v0.2.0
INFO: Installing StaticArrays v0.3.1
INFO: Installing StatsBase v0.17.0
INFO: Installing ToeplitzMatrices v0.2.0
INFO: Package database updated

>>> 'Pkg.test("Poltergeist")' log
Julia Version 0.5.2
Commit f4c6c9d (2017-05-06 16:34 UTC)
Platform Info:
  OS: Linux (x86_64-pc-linux-gnu)
  CPU: Intel(R) Xeon(R) CPU E3-1241 v3 @ 3.50GHz
  WORD_SIZE: 64
           Ubuntu 14.04.5 LTS
  uname: Linux 3.13.0-125-generic #174-Ubuntu SMP Mon Jul 10 18:51:24 UTC 2017 x86_64 x86_64
Memory: 2.9392738342285156 GB (276.81640625 MB free)
Uptime: 24947.0 sec
Load Avg:  0.85205078125  0.92724609375  0.94482421875
Intel(R) Xeon(R) CPU E3-1241 v3 @ 3.50GHz: 
       speed         user         nice          sys         idle          irq
#1  3499 MHz    1516590 s       2172 s     188592 s     489636 s         34 s
#2  3499 MHz     396121 s       6655 s      73710 s    1966866 s          2 s

  BLAS: libopenblas (USE64BITINT DYNAMIC_ARCH NO_AFFINITY Nehalem)
  LAPACK: libopenblas64_
  LIBM: libopenlibm
  LLVM: libLLVM-3.7.1 (ORCJIT, haswell)
Environment:
  TERM = vt100
  LD_LIBRARY_PATH = :/usr/local/lib/
  PATH = /usr/local/sbin:/usr/local/bin:/usr/sbin:/usr/bin:/sbin:/bin:/usr/games:/usr/local/games:/home/vagrant/julia/bin/
  JAVA_HOME = /usr/lib/jvm/java-8-openjdk-amd64
  HOME = /home/vagrant

Package Directory: /home/vagrant/.julia/v0.5
2 required packages:
 - JSON                          0.13.0
 - Poltergeist                   0.0.4
18 additional packages:
 - ApproxFun                     0.6.1
 - BandedMatrices                0.2.3
 - Calculus                      0.2.2
 - Compat                        0.29.0
 - DataStructures                0.6.1
 - DualNumbers                   0.3.0
 - FastGaussQuadrature           0.2.1
 - FastTransforms                0.2.2
 - HierarchicalMatrices          0.0.2
 - IntervalSets                  0.1.1
 - LowRankApprox                 0.0.2
 - NaNMath                       0.2.6
 - ProgressMeter                 0.3.4
 - RecipesBase                   0.1.0
 - SpecialFunctions              0.2.0
 - StaticArrays                  0.3.1
 - StatsBase                     0.17.0
 - ToeplitzMatrices              0.2.0
INFO: Testing Poltergeist
Fourier tests ðŸŒšðŸŒž
  0.222525 seconds (2.06 M allocations: 77.879 MB, 15.39% gc time)
  0.359934 seconds (1.71 M allocations: 64.321 MB, 7.82% gc time)
Should all be â‰¤0.3s
Chebyshev tests ðŸŒžðŸŒš
  0.162617 seconds (1.04 M allocations: 20.508 MB, 7.93% gc time)
  0.164890 seconds (1.21 M allocations: 23.097 MB, 5.39% gc time)
  0.177387 seconds (934.80 k allocations: 18.028 MB, 5.96% gc time)
Should be â‰¤0.12s
Lanford map test
  0.151588 seconds (335.33 k allocations: 9.250 MB, 8.78% gc time)
  0.013190 seconds (6.76 k allocations: 182.923 KB)
  0.005571 seconds (991 allocations: 56.656 KB)
Correlation sum test
Newton's method test â˜
Inducing tests ðŸ´
  5.430344 seconds (80.40 M allocations: 1.270 GB, 5.90% gc time)
Should be â‰¤4s
Time series tests
  7.507877 seconds (5.73 M allocations: 243.507 MB, 2.06% gc time)
Should be â‰¤4s
 52.724708 seconds (114.25 M allocations: 2.396 GB, 1.42% gc time)
Should be â‰¤27s
2D tests

ðŸ˜Ž
INFO: Poltergeist tests passed

>>> End of log
