>>> 'Pkg.add("PolynomialFactors")' log
INFO: Cloning cache of PolynomialFactors from https://github.com/jverzani/PolynomialFactors.jl.git
INFO: Cloning cache of Primes from https://github.com/JuliaMath/Primes.jl.git
INFO: Installing Combinatorics v0.3.2
INFO: Installing Iterators v0.2.0
INFO: Installing PolynomialFactors v0.0.1
INFO: Installing Polynomials v0.1.0
INFO: Installing Primes v0.1.1
INFO: Package database updated

>>> 'Pkg.test("PolynomialFactors")' log
Julia Version 0.6.0-dev.1235
Commit 271b31d (2016-11-13 22:02 UTC)
Platform Info:
  OS: Linux (x86_64-pc-linux-gnu)
  CPU: Intel(R) Xeon(R) CPU E3-1241 v3 @ 3.50GHz
  WORD_SIZE: 64
           Ubuntu 14.04.5 LTS
  uname: Linux 3.13.0-101-generic #148-Ubuntu SMP Thu Oct 20 22:08:32 UTC 2016 x86_64 x86_64
Memory: 2.939281463623047 GB (709.67578125 MB free)
Uptime: 13270.0 sec
Load Avg:  1.20166015625  1.11328125  1.0166015625
Intel(R) Xeon(R) CPU E3-1241 v3 @ 3.50GHz: 
       speed         user         nice          sys         idle          irq
#1  3492 MHz     742163 s       4578 s      98492 s     335220 s         21 s
#2  3492 MHz     212731 s        357 s      44486 s    1037832 s          0 s

  BLAS: libopenblas (USE64BITINT DYNAMIC_ARCH NO_AFFINITY Nehalem)
  LAPACK: libopenblas64_
  LIBM: libopenlibm
  LLVM: libLLVM-3.7.1 (ORCJIT, haswell)
Environment:
  TERM = vt100
  LD_LIBRARY_PATH = :/usr/local/lib/
  PATH = /usr/local/sbin:/usr/local/bin:/usr/sbin:/usr/bin:/sbin:/bin:/usr/games:/usr/local/games:/home/vagrant/julia/bin/
  JAVA_HOME = /usr/lib/jvm/java-7-oracle
  HOME = /home/vagrant

Package Directory: /home/vagrant/.julia/v0.6
2 required packages:
 - JSON                          0.8.0
 - PolynomialFactors             0.0.1
5 additional packages:
 - Combinatorics                 0.3.2
 - Compat                        0.9.3
 - Iterators                     0.2.0
 - Polynomials                   0.1.0
 - Primes                        0.1.1
INFO: Testing PolynomialFactors
Testing utils.jl
Test factor over Poly{Int}
Test factor over Poly{BigInt}
Test factor over Poly{Rational{BigInt}}
Test rational_roots
Test factormod
INFO: PolynomialFactors tests passed

>>> End of log
