>>> 'Pkg.add("POMDPModels")' log
[ Info: Installing AutoHashEquals v0.2.0 @ Base.Pkg.Entry entry.jl:543
[ Info: Installing BinDeps v0.8.2 @ Base.Pkg.Entry entry.jl:543
[ Info: Installing Calculus v0.2.2 @ Base.Pkg.Entry entry.jl:543
[ Info: Installing CategoricalArrays v0.3.3 @ Base.Pkg.Entry entry.jl:543
[ Info: Installing CodecZlib v0.4.1 @ Base.Pkg.Entry entry.jl:543
[ Info: Installing DataFrames v0.11.3 @ Base.Pkg.Entry entry.jl:543
[ Info: Installing DataStreams v0.3.4 @ Base.Pkg.Entry entry.jl:543
[ Info: Installing DataStructures v0.7.4 @ Base.Pkg.Entry entry.jl:543
[ Info: Installing Distributions v0.15.0 @ Base.Pkg.Entry entry.jl:543
[ Info: Installing Iterators v0.3.1 @ Base.Pkg.Entry entry.jl:543
[ Info: Installing LaTeXStrings v0.3.0 @ Base.Pkg.Entry entry.jl:543
[ Info: Installing Missings v0.2.4 @ Base.Pkg.Entry entry.jl:543
[ Info: Installing NamedTuples v4.0.0 @ Base.Pkg.Entry entry.jl:543
[ Info: Installing PDMats v0.8.0 @ Base.Pkg.Entry entry.jl:543
[ Info: Installing POMDPModels v0.2.1 @ Base.Pkg.Entry entry.jl:543
[ Info: Installing POMDPToolbox v0.2.5 @ Base.Pkg.Entry entry.jl:543
[ Info: Installing POMDPs v0.6.5 @ Base.Pkg.Entry entry.jl:543
[ Info: Installing ProgressMeter v0.5.3 @ Base.Pkg.Entry entry.jl:543
[ Info: Installing QuadGK v0.2.0 @ Base.Pkg.Entry entry.jl:543
[ Info: Installing Reexport v0.1.0 @ Base.Pkg.Entry entry.jl:543
[ Info: Installing Rmath v0.3.1 @ Base.Pkg.Entry entry.jl:543
[ Info: Installing SHA v0.5.2 @ Base.Pkg.Entry entry.jl:543
[ Info: Installing SortingAlgorithms v0.2.0 @ Base.Pkg.Entry entry.jl:543
[ Info: Installing SpecialFunctions v0.3.7 @ Base.Pkg.Entry entry.jl:543
[ Info: Installing StaticArrays v0.6.6 @ Base.Pkg.Entry entry.jl:543
[ Info: Installing StatsBase v0.19.5 @ Base.Pkg.Entry entry.jl:543
[ Info: Installing StatsFuns v0.5.0 @ Base.Pkg.Entry entry.jl:543
[ Info: Installing TikzPictures v1.2.0 @ Base.Pkg.Entry entry.jl:543
[ Info: Installing TranscodingStreams v0.4.1 @ Base.Pkg.Entry entry.jl:543
[ Info: Installing URIParser v0.3.0 @ Base.Pkg.Entry entry.jl:543
[ Info: Installing WeakRefStrings v0.4.1 @ Base.Pkg.Entry entry.jl:543
[ Info: Building SpecialFunctions @ Main none:10
WARNING: importing deprecated binding Base.Associative into BinDeps.
WARNING: Base.Associative is deprecated, use AbstractDict instead.
  likely near /home/vagrant/.julia/v0.7/SpecialFunctions/deps/binaries.jl:44
in @install at /home/vagrant/.julia/v0.7/BinDeps/src/dependencies.jl
┌ Warning: `unshift!` is deprecated, use `pushfirst!` instead.
│   caller = #_find_library#48(::Type, ::Function, ::BinDeps.LibraryDependency) at dependencies.jl:652
└ @ BinDeps dependencies.jl:652
┌ Warning: `unshift!` is deprecated, use `pushfirst!` instead.
│   caller = #_find_library#48(::DataType, ::Function, ::BinDeps.LibraryDependency) at dependencies.jl:652
└ @ BinDeps dependencies.jl:652
[ Info: Building Rmath @ Main none:10
WARNING: importing deprecated binding Base.Associative into BinDeps.
WARNING: Base.Associative is deprecated, use AbstractDict instead.
  likely near /home/vagrant/.julia/v0.7/Rmath/deps/build.jl:47
in @install at /home/vagrant/.julia/v0.7/BinDeps/src/dependencies.jl
[ Info: Package database updated @ Base.Pkg.Entry entry.jl:32
┌ Info: METADATA is out-of-date — you may not have the latest version of POMDPModels
│ Use `Pkg.update()` to get the latest versions of your packages
└ @ Base.Pkg.Entry entry.jl:74

>>> 'Pkg.test("POMDPModels")' log
Julia Version 0.7.0-DEV.3309
Commit b96097b66f (2018-01-07 00:26 UTC)
Platform Info:
  OS: Linux (x86_64-pc-linux-gnu)
      Ubuntu 14.04.5 LTS
  uname: Linux 3.13.0-135-generic #184-Ubuntu SMP Wed Oct 18 11:55:51 UTC 2017 x86_64 x86_64
  CPU: Intel(R) Xeon(R) CPU E3-1241 v3 @ 3.50GHz: 
              speed         user         nice          sys         idle          irq
       #1  3499 MHz     759375 s         65 s      45249 s     247107 s          5 s
       #2  3499 MHz     140279 s         88 s      19640 s    1056458 s          0 s
       
  Memory: 2.93927001953125 GB (911.4140625 MB free)
  Uptime: 12339.0 sec
  Load Avg:  1.01611328125  1.0146484375  1.04541015625
  WORD_SIZE: 64
  BLAS: libopenblas (USE64BITINT DYNAMIC_ARCH NO_AFFINITY Nehalem)
  LAPACK: libopenblas64_
  LIBM: libopenlibm
  LLVM: libLLVM-3.9.1 (ORCJIT, haswell)
Environment:
  TERM = vt100
  LD_LIBRARY_PATH = :/usr/local/lib/
  PATH = /usr/local/sbin:/usr/local/bin:/usr/sbin:/usr/bin:/sbin:/bin:/usr/games:/usr/local/games:/home/vagrant/julia/bin/
  JAVA_HOME = /usr/lib/jvm/java-8-openjdk-amd64
  HOME = /home/vagrant
Packages:
  Package Directory: /home/vagrant/.julia/v0.7
  Package Status:
2 required packages:
 - JSON                          0.16.3
 - POMDPModels                   0.2.1
32 additional packages:
 - AutoHashEquals                0.2.0
 - BinDeps                       0.8.2
 - Calculus                      0.2.2
 - CategoricalArrays             0.3.3
 - CodecZlib                     0.4.1
 - Compat                        0.43.0
 - DataFrames                    0.11.3
 - DataStreams                   0.3.4
 - DataStructures                0.7.4
 - Distributions                 0.15.0
 - Iterators                     0.3.1
 - LaTeXStrings                  0.3.0
 - Missings                      0.2.4
 - NamedTuples                   4.0.0
 - Nullables                     0.0.2
 - PDMats                        0.8.0
 - POMDPToolbox                  0.2.5
 - POMDPs                        0.6.5
 - ProgressMeter                 0.5.3
 - QuadGK                        0.2.0
 - Reexport                      0.1.0
 - Rmath                         0.3.1
 - SHA                           0.5.2
 - SortingAlgorithms             0.2.0
 - SpecialFunctions              0.3.7
 - StaticArrays                  0.6.6
 - StatsBase                     0.19.5
 - StatsFuns                     0.5.0
 - TikzPictures                  1.2.0
 - TranscodingStreams            0.4.1
 - URIParser                     0.3.0
 - WeakRefStrings                0.4.1
[ Info: Computing test dependencies for POMDPModels... @ Base.Pkg.Entry entry.jl:713
[ Info: Installing NBInclude v1.2.0 @ Base.Pkg.Entry entry.jl:543
[ Info: Testing POMDPModels @ Base.Pkg.Entry entry.jl:723
WARNING: Method definition #sort(Any, typeof(Base.sort), Base.Dict{K, V} where V where K) in module DataStructures overwritten in module DataStructures.
WARNING: Method definition sort(Base.Dict{K, V} where V where K) in module DataStructures at /home/vagrant/.julia/v0.7/DataStructures/src/dict_sorting.jl:27 overwritten in module DataStructures at /home/vagrant/.julia/v0.7/DataStructures/src/dict_sorting.jl:27.
[ Warning: Replacing module `DataStructures` @ Base loading.jl:350
WARNING: could not import Random.RangeGeneratorInt into Distributions
┌ Warning: `importall` is deprecated, use `using` or individual `import` statements instead
│   caller = ip:0x0
└ @ Core :-1
WARNING: importing deprecated binding Base.@printf into Distributions.
ERROR: LoadError: LoadError: LoadError: LoadError: Base.@printf has been moved to the standard library package Printf.
Restart Julia and then run `using Printf` to load it.
Stacktrace:
 [1] error(::Function, ::String, ::String, ::String, ::String, ::String, ::String) at ./error.jl:42
 [2] #@printf#925(::Base.Iterators.IndexValue{Union{},Union{},Tuple{},NamedTuple{(),Tuple{}}}, ::Function, ::LineNumberNode, ::Vararg{Any,N} where N) at ./deprecated.jl:138
 [3] @printf(::Vararg{Any,N} where N) at ./deprecated.jl:138
 [4] include at ./boot.jl:295 [inlined]
 [5] include_relative(::Module, ::String) at ./loading.jl:521
 [6] include at ./sysimg.jl:26 [inlined]
 [7] include at /home/vagrant/.julia/v0.7/Distributions/src/Distributions.jl:3 [inlined]
 [8] top-level scope at ./<missing>:252
 [9] include at ./boot.jl:295 [inlined]
 [10] include_relative(::Module, ::String) at ./loading.jl:521
 [11] include at ./sysimg.jl:26 [inlined]
 [12] include(::String) at /home/vagrant/.julia/v0.7/Distributions/src/Distributions.jl:3
 [13] top-level scope
 [14] include at ./boot.jl:295 [inlined]
 [15] include_relative(::Module, ::String) at ./loading.jl:521
 [16] include(::Module, ::String) at ./sysimg.jl:26
 [17] top-level scope
 [18] eval at ./boot.jl:298 [inlined]
 [19] top-level scope at ./<missing>:2
in expression starting at /home/vagrant/.julia/v0.7/Distributions/src/multivariate/dirichlet.jl:366
in expression starting at /home/vagrant/.julia/v0.7/Distributions/src/multivariate/dirichlet.jl:309
in expression starting at /home/vagrant/.julia/v0.7/Distributions/src/multivariates.jl:244
in expression starting at /home/vagrant/.julia/v0.7/Distributions/src/Distributions.jl:275
ERROR: LoadError: Failed to precompile Distributions to /home/vagrant/.julia/lib/v0.7/Distributions.ji.
Stacktrace:
 [1] error at ./error.jl:33 [inlined]
 [2] compilecache(::String) at ./loading.jl:648
 [3] compilecache at ./loading.jl:605 [inlined]
 [4] _require(::Symbol) at ./loading.jl:440
 [5] require(::Symbol) at ./loading.jl:333
 [6] include at ./boot.jl:295 [inlined]
 [7] include_relative(::Module, ::String) at ./loading.jl:521
 [8] include(::Module, ::String) at ./sysimg.jl:26
 [9] top-level scope
 [10] eval at ./boot.jl:298 [inlined]
 [11] top-level scope at ./<missing>:2
in expression starting at /home/vagrant/.julia/v0.7/POMDPs/src/POMDPs.jl:9
ERROR: LoadError: Failed to precompile POMDPs to /home/vagrant/.julia/lib/v0.7/POMDPs.ji.
Stacktrace:
 [1] error at ./error.jl:33 [inlined]
 [2] compilecache(::String) at ./loading.jl:648
 [3] compilecache at ./loading.jl:605 [inlined]
 [4] _require(::Symbol) at ./loading.jl:440
 [5] require(::Symbol) at ./loading.jl:333
 [6] include at ./boot.jl:295 [inlined]
 [7] include_relative(::Module, ::String) at ./loading.jl:521
 [8] include(::Module, ::String) at ./sysimg.jl:26
 [9] top-level scope
 [10] eval at ./boot.jl:298 [inlined]
 [11] top-level scope at ./<missing>:2
in expression starting at /home/vagrant/.julia/v0.7/POMDPModels/src/POMDPModels.jl:12
ERROR: LoadError: Failed to precompile POMDPModels to /home/vagrant/.julia/lib/v0.7/POMDPModels.ji.
Stacktrace:
 [1] error at ./error.jl:33 [inlined]
 [2] compilecache(::String) at ./loading.jl:648
 [3] compilecache at ./loading.jl:605 [inlined]
 [4] _require(::Symbol) at ./loading.jl:460
 [5] require(::Symbol) at ./loading.jl:333
 [6] include at ./boot.jl:295 [inlined]
 [7] include_relative(::Module, ::String) at ./loading.jl:521
 [8] include(::Module, ::String) at ./sysimg.jl:26
 [9] process_options(::Base.JLOptions) at ./client.jl:324
 [10] _start() at ./client.jl:375
in expression starting at /home/vagrant/.julia/v0.7/POMDPModels/test/runtests.jl:1
┌ Error: ------------------------------------------------------------
│ # Testing failed for POMDPModels
│   exception = ErrorException("failed process: Process(`/home/vagrant/julia/bin/julia -Cnative -J/home/vagrant/julia/lib/julia/sys.so --compile=yes --depwarn=yes --code-coverage=none --color=no --compiled-modules=yes --check-bounds=yes --warn-overwrite=yes --startup-file=yes /home/vagrant/.julia/v0.7/POMDPModels/test/runtests.jl`, ProcessExited(1)) [1]")
└ @ Base.Pkg.Entry entry.jl:739
[ Info: Removing NBInclude v1.2.0 @ Base.Pkg.Entry entry.jl:546
ERROR: POMDPModels had test errors

>>> End of log
