>>> 'Pkg.add("PotentialFlow")' log
[ Info: Cloning cache of PotentialFlow from https://github.com/darwindarak/PotentialFlow.jl.git
[ Info: Installing AxisAlgorithms v0.2.0
[ Info: Installing BinDeps v0.8.6
[ Info: Installing Calculus v0.2.2
[ Info: Installing ColorTypes v0.6.6
[ Info: Installing Colors v0.8.2
[ Info: Installing CommonSubexpressions v0.0.1
[ Info: Installing DiffResults v0.0.3
[ Info: Installing DiffRules v0.0.3
[ Info: Installing DocStringExtensions v0.4.3
[ Info: Installing Documenter v0.13.1
[ Info: Installing DualNumbers v0.3.0
[ Info: Installing FixedPointNumbers v0.4.3
[ Info: Installing ForwardDiff v0.7.2
[ Info: Installing Interpolations v0.7.3
[ Info: Installing MacroTools v0.4.0
[ Info: Installing MappedArrays v0.0.7
[ Info: Installing NaNMath v0.3.0
[ Info: Installing PlotUtils v0.4.4
[ Info: Installing PotentialFlow v0.0.2
[ Info: Installing Ratios v0.2.0
[ Info: Installing RecipesBase v0.2.3
[ Info: Installing Reexport v0.1.0
[ Info: Installing SHA v0.5.6
[ Info: Installing ShowItLikeYouBuildIt v0.2.0
[ Info: Installing SpecialFunctions v0.3.8
[ Info: Installing StaticArrays v0.6.6
[ Info: Installing URIParser v0.3.0
[ Info: Installing WoodburyMatrices v0.2.2
[ Info: Building SpecialFunctions
┌ Warning: `isalnum(c::Char)` is deprecated, use `isalpha(c) || isnumeric(c)` instead.
│   caller = is_userinfo_char at parser.jl:4 [inlined]
└ @ Core parser.jl:4
┌ Warning: `isalnum(c::Char)` is deprecated, use `isalpha(c) || isnumeric(c)` instead.
│   caller = is_host_char at parser.jl:8 [inlined]
└ @ Core parser.jl:8
┌ Warning: `isalnum(c::Char)` is deprecated, use `isalpha(c) || isnumeric(c)` instead.
│   caller = is_host_char at parser.jl:8 [inlined]
└ @ Core parser.jl:8
WARNING: importing deprecated binding Base.Associative into BinDeps.
WARNING: Base.Associative is deprecated, use AbstractDict instead.
  likely near /home/vagrant/.julia/v0.7/SpecialFunctions/deps/binaries.jl:44
in @install at /home/vagrant/.julia/v0.7/BinDeps/src/dependencies.jl
[ Info: Package database updated

>>> 'Pkg.test("PotentialFlow")' log
Julia Version 0.7.0-DEV.3563
Commit cf6303abe0 (2018-01-24 23:08 UTC)
Platform Info:
  OS: Linux (x86_64-pc-linux-gnu)
      Ubuntu 14.04.5 LTS
  uname: Linux 3.13.0-135-generic #184-Ubuntu SMP Wed Oct 18 11:55:51 UTC 2017 x86_64 x86_64
  CPU: Intel(R) Xeon(R) CPU E3-1241 v3 @ 3.50GHz: 
              speed         user         nice          sys         idle          irq
       #1  3499 MHz     828016 s         50 s      48053 s     380014 s          8 s
       #2  3499 MHz     152446 s         91 s      19378 s    1251980 s          0 s
       
  Memory: 2.93927001953125 GB (1137.61328125 MB free)
  Uptime: 14485.0 sec
  Load Avg:  1.0029296875  0.99072265625  1.02392578125
  WORD_SIZE: 64
  LIBM: libopenlibm
  LLVM: libLLVM-3.9.1 (ORCJIT, haswell)
Environment:
  TERM = vt100
  LD_LIBRARY_PATH = :/usr/local/lib/
  PATH = /usr/local/sbin:/usr/local/bin:/usr/sbin:/usr/bin:/sbin:/bin:/usr/games:/usr/local/games:/home/vagrant/julia/bin/
  JAVA_HOME = /usr/lib/jvm/java-8-openjdk-amd64
  HOME = /home/vagrant
Packages:
  Package Directory: /home/vagrant/.julia/v0.7
  Package Status:
2 required packages:
 - JSON                          0.16.4
 - PotentialFlow                 0.0.2
29 additional packages:
 - AxisAlgorithms                0.2.0
 - BinDeps                       0.8.6
 - Calculus                      0.2.2
 - ColorTypes                    0.6.6
 - Colors                        0.8.2
 - CommonSubexpressions          0.0.1
 - Compat                        0.49.0
 - DiffResults                   0.0.3
 - DiffRules                     0.0.3
 - DocStringExtensions           0.4.3
 - Documenter                    0.13.1
 - DualNumbers                   0.3.0
 - FixedPointNumbers             0.4.3
 - ForwardDiff                   0.7.2
 - Interpolations                0.7.3
 - MacroTools                    0.4.0
 - MappedArrays                  0.0.7
 - NaNMath                       0.3.0
 - Nullables                     0.0.3
 - PlotUtils                     0.4.4
 - Ratios                        0.2.0
 - RecipesBase                   0.2.3
 - Reexport                      0.1.0
 - SHA                           0.5.6
 - ShowItLikeYouBuildIt          0.2.0
 - SpecialFunctions              0.3.8
 - StaticArrays                  0.6.6
 - URIParser                     0.3.0
 - WoodburyMatrices              0.2.2
[ Info: Computing test dependencies for PotentialFlow...
[ Info: Cloning cache of GR from https://github.com/jheinen/GR.jl.git
[ Info: Installing Contour v0.4.0
[ Info: Installing DataStructures v0.7.4
[ Info: Installing DeepDiffs v1.0.1
[ Info: Installing GR v0.25.0
[ Info: Installing Measures v0.1.0
[ Info: Installing NBInclude v1.2.0
[ Info: Installing PlotThemes v0.2.0
[ Info: Installing Plots v0.15.0
[ Info: Installing Requires v0.4.3
[ Info: Installing Showoff v0.1.1
[ Info: Installing SortingAlgorithms v0.2.0
[ Info: Installing StatsBase v0.19.5
[ Info: Installing TestSetExtensions v1.1.1
[ Info: Building GR
┌ Warning: Deprecated syntax `implicit assignment to global variable `have_dir``.
│ Use `global have_dir` instead.
└ @ nothing none:0
┌ Warning: Deprecated syntax `implicit assignment to global variable `version``.
│ Use `global version` instead.
└ @ nothing none:0
┌ Warning: `readstring(cmd::AbstractCmd)` is deprecated, use `read(cmd, String)` instead.
│   caller = top-level scope at build.jl:35
└ @ Core build.jl:35
┌ Warning: `info()` is deprecated, use `@info` instead.
│   caller = top-level scope at build.jl:43
└ @ Core build.jl:43
INFO: Downloading pre-compiled GR 0.28.0 Ubuntu binary
  % Total    % Received % Xferd  Average Speed   Time    Time     Time  Current
                                 Dload  Upload   Total   Spent    Left  Speed
  0     0    0     0    0     0      0      0 --:--:-- --:--:-- --:--:--     0  0     0    0     0    0     0      0      0 --:--:-- --:--:-- --:--:--     0  0 38.4M    0 32768    0     0  27988      0  0:24:00  0:00:01  0:23:59 27982  1 38.4M    1  464k    0     0   217k      0  0:03:01  0:00:02  0:02:59  217k  5 38.4M    5 2320k    0     0   747k      0  0:00:52  0:00:03  0:00:49  747k 21 38.4M   21 8544k    0     0  2077k      0  0:00:18  0:00:04  0:00:14 2077k 58 38.4M   58 22.4M    0     0  4498k      0  0:00:08  0:00:05  0:00:03 4611k 81 38.4M   81 31.2M    0     0  4930k      0  0:00:07  0:00:06  0:00:01 6008k100 38.4M  100 38.4M    0     0  5609k      0  0:00:07  0:00:07 --:--:-- 7971k
[ Info: Building SpecialFunctions
┌ Warning: `isalnum(c::Char)` is deprecated, use `isalpha(c) || isnumeric(c)` instead.
│   caller = is_userinfo_char at parser.jl:4 [inlined]
└ @ Core parser.jl:4
┌ Warning: `isalnum(c::Char)` is deprecated, use `isalpha(c) || isnumeric(c)` instead.
│   caller = is_host_char at parser.jl:8 [inlined]
└ @ Core parser.jl:8
┌ Warning: `isalnum(c::Char)` is deprecated, use `isalpha(c) || isnumeric(c)` instead.
│   caller = is_host_char at parser.jl:8 [inlined]
└ @ Core parser.jl:8
WARNING: importing deprecated binding Base.Associative into BinDeps.
WARNING: Base.Associative is deprecated, use AbstractDict instead.
  likely near /home/vagrant/.julia/v0.7/SpecialFunctions/deps/binaries.jl:44
in @install at /home/vagrant/.julia/v0.7/BinDeps/src/dependencies.jl
[ Info: Building Plots
[ Info: Testing PotentialFlow
WARNING: Base.Test is deprecated, run `using Test` instead.
  likely near /home/vagrant/.julia/v0.7/PotentialFlow/test/runtests.jl:1
┌ Warning: Deprecated syntax `type` at /home/vagrant/.julia/v0.7/DeepDiffs/src/DeepDiffs.jl:19.
│ Use `mutable struct` instead.
└ @ nothing DeepDiffs.jl:19
┌ Warning: Deprecated syntax `type` at /home/vagrant/.julia/v0.7/DeepDiffs/src/arrays.jl:1.
│ Use `mutable struct` instead.
└ @ nothing arrays.jl:1
┌ Warning: Deprecated syntax `type` at /home/vagrant/.julia/v0.7/DeepDiffs/src/dicts.jl:1.
│ Use `mutable struct` instead.
└ @ nothing dicts.jl:1
WARNING: importing deprecated binding Base.Associative into DeepDiffs.
WARNING: Base.Associative is deprecated, use AbstractDict instead.
  likely near /home/vagrant/.julia/v0.7/DeepDiffs/src/dicts.jl:27
WARNING: Base.Associative is deprecated, use AbstractDict instead.
  likely near /home/vagrant/.julia/v0.7/DeepDiffs/src/dicts.jl:27
WARNING: Base.Associative is deprecated, use AbstractDict instead.
  likely near /home/vagrant/.julia/v0.7/DeepDiffs/src/dicts.jl:104
┌ Warning: Deprecated syntax `parametric method syntax prettyprint{T1, T2 <: DictDiff}(io, p::Pair{T1, T2}, linemarker, indent)` around /home/vagrant/.julia/v0.7/DeepDiffs/src/dicts.jl:121.
│ Use `prettyprint(io, p::Pair{T1, T2}, linemarker, indent) where {T1, T2 <: DictDiff}` instead.
└ @ nothing dicts.jl:121
┌ Warning: Deprecated syntax `type` at /home/vagrant/.julia/v0.7/DeepDiffs/src/strings.jl:2.
│ Use `mutable struct` instead.
└ @ nothing strings.jl:2
┌ Warning: Deprecated syntax `type` at /home/vagrant/.julia/v0.7/DeepDiffs/src/strings.jl:9.
│ Use `mutable struct` instead.
└ @ nothing strings.jl:9
┌ Warning: Deprecated syntax `parametric method syntax =={T <: AllStringDiffs}(d1::T, d2::T)` around /home/vagrant/.julia/v0.7/DeepDiffs/src/strings.jl:37.
│ Use `==(d1::T, d2::T) where T <: AllStringDiffs` instead.
└ @ nothing strings.jl:37
┌ Warning: `ismatch(r::Regex, s::AbstractString)` is deprecated, use `contains(s, r)` instead.
│   caller = isbinding at match.jl:14 [inlined]
└ @ Core match.jl:14
┌ Warning: `ismatch(r::Regex, s::AbstractString)` is deprecated, use `contains(s, r)` instead.
│   caller = isslurp at match.jl:29 [inlined]
└ @ Core match.jl:29
WARNING: importing deprecated binding Base.Complex128 into Elements.
WARNING: Base.Complex128 is deprecated, use ComplexF64 instead.
  likely near /home/vagrant/.julia/v0.7/PotentialFlow/src/Elements.jl:18
WARNING: Base.Complex128 is deprecated, use ComplexF64 instead.
  likely near /home/vagrant/.julia/v0.7/PotentialFlow/src/Elements.jl:19
WARNING: Base.Complex128 is deprecated, use ComplexF64 instead.
  likely near /home/vagrant/.julia/v0.7/PotentialFlow/src/Elements.jl:24
WARNING: importing deprecated binding Base.Nullable into Properties.
WARNING: importing deprecated binding Base.isnull into Properties.
ERROR: LoadError: LoadError: LoadError: LoadError: Base.Nullable has been moved to the package Nullables.jl.
Run `Pkg.add("Nullables")` to install it, restart Julia,
and then run `using Nullables` to load it.
Stacktrace:
 [1] error(::Function, ::String, ::String, ::String, ::String, ::String, ::String, ::String, ::String, ::String) at ./error.jl:42
 [2] #Nullable#1130 at ./deprecated.jl:142 [inlined]
 [3] Nullable() at ./deprecated.jl:142
 [4] @property(::LineNumberNode, ::Module, ::Any) at /home/vagrant/.julia/v0.7/PotentialFlow/src/Properties.jl:12
 [5] #macroexpand#41 at ./expr.jl:75 [inlined]
 [6] macroexpand at ./expr.jl:74 [inlined]
 [7] docm(::LineNumberNode, ::Module, ::String, ::Expr, ::Bool) at ./docs/Docs.jl:660 (repeats 2 times)
 [8] @doc(::LineNumberNode, ::Module, ::String, ::Vararg{Any,N} where N) at ./boot.jl:408
 [9] include at ./boot.jl:292 [inlined]
 [10] include_relative(::Module, ::String) at ./loading.jl:1012
 [11] include at ./sysimg.jl:26 [inlined]
 [12] include(::String) at /home/vagrant/.julia/v0.7/PotentialFlow/src/PotentialFlow.jl:3
 [13] top-level scope
 [14] include at ./boot.jl:292 [inlined]
 [15] include_relative(::Module, ::String) at ./loading.jl:1012
 [16] include(::Module, ::String) at ./sysimg.jl:26
 [17] top-level scope
 [18] eval at ./boot.jl:295 [inlined]
 [19] top-level scope at ./<missing>:3
in expression starting at /home/vagrant/.julia/v0.7/PotentialFlow/src/Elements.jl:57
in expression starting at /home/vagrant/.julia/v0.7/PotentialFlow/src/Elements.jl:35
in expression starting at /home/vagrant/.julia/v0.7/PotentialFlow/src/Elements.jl:35
in expression starting at /home/vagrant/.julia/v0.7/PotentialFlow/src/PotentialFlow.jl:10
ERROR: LoadError: Failed to precompile PotentialFlow to /home/vagrant/.julia/lib/v0.7/PotentialFlow.ji.
Stacktrace:
 [1] error at ./error.jl:33 [inlined]
 [2] compilecache(::Base.PkgId) at ./loading.jl:1156
 [3] _require(::Base.PkgId) at ./loading.jl:949
 [4] require(::Module, ::Symbol) at ./loading.jl:820
 [5] include at ./boot.jl:292 [inlined]
 [6] include_relative(::Module, ::String) at ./loading.jl:1012
 [7] include(::Module, ::String) at ./sysimg.jl:26
 [8] process_options(::Base.JLOptions) at ./client.jl:334
 [9] _start() at ./client.jl:386
in expression starting at /home/vagrant/.julia/v0.7/PotentialFlow/test/runtests.jl:4
┌ Error: ------------------------------------------------------------
│ # Testing failed for PotentialFlow
│   exception =
│    failed process: Process(`/home/vagrant/julia/bin/julia -Cnative -J/home/vagrant/julia/lib/julia/sys.so --compile=yes --depwarn=yes --code-coverage=none --color=no --compiled-modules=yes --check-bounds=yes --warn-overwrite=yes --startup-file=yes /home/vagrant/.julia/v0.7/PotentialFlow/test/runtests.jl`, ProcessExited(1)) [1]
│    Stacktrace:
│     [1] error(::String, ::Base.Process, ::String, ::Int64, ::String) at ./error.jl:42
│     [2] pipeline_error(::Base.Process) at ./process.jl:698
│     [3] run(::Cmd) at ./process.jl:660
│     [4] (::getfield(Base.Pkg.Entry, Symbol("##89#92")){Bool,String,Array{AbstractString,1}})() at ./pkg/entry.jl:729
│     [5] cd(::getfield(Base.Pkg.Entry, Symbol("##89#92")){Bool,String,Array{AbstractString,1}}, ::String) at ./file.jl:70
│     [6] #test!#88(::Bool, ::Function, ::String, ::Array{AbstractString,1}, ::Array{AbstractString,1}, ::Array{AbstractString,1}) at ./pkg/entry.jl:717
│     [7] (::getfield(Base.Pkg.Entry, Symbol("#kw##test!")))(::NamedTuple{(:coverage,),Tuple{Bool}}, ::typeof(Base.Pkg.Entry.test!), ::String, ::Array{AbstractString,1}, ::Array{AbstractString,1}, ::Array{AbstractString,1}) at ./<missing>:0
│     [8] #test#96(::Bool, ::Function, ::Array{AbstractString,1}) at ./pkg/entry.jl:756
│     [9] (::getfield(Base.Pkg.Entry, Symbol("#kw##test")))(::NamedTuple{(:coverage,),Tuple{Bool}}, ::typeof(Base.Pkg.Entry.test), ::Array{AbstractString,1}) at ./<missing>:0
│     [10] (::getfield(Base.Pkg.Dir, Symbol("##4#7")){Base.Iterators.IndexValue{Symbol,Bool,Tuple{Symbol},NamedTuple{(:coverage,),Tuple{Bool}}},typeof(Base.Pkg.Entry.test),Tuple{Array{AbstractString,1}}})() at ./pkg/dir.jl:36
│     [11] cd(::getfield(Base.Pkg.Dir, Symbol("##4#7")){Base.Iterators.IndexValue{Symbol,Bool,Tuple{Symbol},NamedTuple{(:coverage,),Tuple{Bool}}},typeof(Base.Pkg.Entry.test),Tuple{Array{AbstractString,1}}}, ::String) at ./file.jl:70
│     [12] #cd#1(::Base.Iterators.IndexValue{Symbol,Bool,Tuple{Symbol},NamedTuple{(:coverage,),Tuple{Bool}}}, ::Function, ::Function, ::Array{AbstractString,1}, ::Vararg{Array{AbstractString,1},N} where N) at ./pkg/dir.jl:36
│     [13] (::getfield(Base.Pkg.Dir, Symbol("#kw##cd")))(::NamedTuple{(:coverage,),Tuple{Bool}}, ::typeof(Base.Pkg.Dir.cd), ::Function, ::Array{AbstractString,1}, ::Vararg{Array{AbstractString,1},N} where N) at ./<missing>:0
│     [14] #test#3(::Bool, ::Function, ::String, ::Vararg{String,N} where N) at ./pkg/pkg.jl:274
│     [15] test(::String, ::Vararg{String,N} where N) at ./pkg/pkg.jl:274
│     [16] top-level scope
│     [17] eval at ./boot.jl:295 [inlined]
│     [18] eval(::Module, ::Expr) at ./sysimg.jl:71
│     [19] process_options(::Base.JLOptions) at ./client.jl:311
│     [20] _start() at ./client.jl:386
└ @ Base.Pkg.Entry entry.jl:732
[ Info: Removing Contour v0.4.0
[ Info: Removing DataStructures v0.7.4
[ Info: Removing DeepDiffs v1.0.1
[ Info: Removing GR v0.25.0
[ Info: Removing Measures v0.1.0
[ Info: Removing NBInclude v1.2.0
[ Info: Removing PlotThemes v0.2.0
[ Info: Removing Plots v0.15.0
[ Info: Removing Requires v0.4.3
[ Info: Removing Showoff v0.1.1
[ Info: Removing SortingAlgorithms v0.2.0
[ Info: Removing StatsBase v0.19.5
[ Info: Removing TestSetExtensions v1.1.1
ERROR: PotentialFlow had test errors

>>> End of log
