>>> 'Pkg.add("PowerModelsAnnex")' log
INFO: Cloning cache of PowerModelsAnnex from https://github.com/lanl-ansi/PowerModelsAnnex.jl.git
INFO: Cloning cache of Unitful from https://github.com/ajkeller34/Unitful.jl.git
INFO: Installing CommonSubexpressions v0.1.0
INFO: Installing DiffResults v0.0.3
INFO: Installing DiffRules v0.0.6
INFO: Installing ForwardDiff v0.7.5
INFO: Installing InfrastructureModels v0.0.7
INFO: Installing JuMP v0.18.2
INFO: Installing MathProgBase v0.7.1
INFO: Installing Memento v0.7.0
INFO: Installing NaNMath v0.3.1
INFO: Installing PowerModels v0.7.2
INFO: Installing PowerModelsAnnex v0.1.3
INFO: Installing ReverseDiffSparse v0.8.1
INFO: Installing Syslogs v0.2.0
INFO: Installing Unitful v0.8.0
INFO: Building SpecialFunctions
INFO: Building CodecZlib
INFO: Package database updated
INFO: METADATA is out-of-date — you may not have the latest version of PowerModelsAnnex
INFO: Use `Pkg.update()` to get the latest versions of your packages

>>> 'Pkg.test("PowerModelsAnnex")' log
Julia Version 0.6.3
Commit d55cadc350 (2018-05-28 20:20 UTC)
Platform Info:
  OS: Linux (x86_64-pc-linux-gnu)
  CPU: Intel(R) Xeon(R) CPU E3-1241 v3 @ 3.50GHz
  WORD_SIZE: 64
           Ubuntu 14.04.5 LTS
  uname: Linux 3.13.0-143-generic #192-Ubuntu SMP Tue Feb 27 10:45:36 UTC 2018 x86_64 x86_64
Memory: 2.939197540283203 GB (808.59375 MB free)
Uptime: 18725.0 sec
Load Avg:  0.95654296875  0.97998046875  0.9599609375
Intel(R) Xeon(R) CPU E3-1241 v3 @ 3.50GHz: 
       speed         user         nice          sys         idle          irq
#1  3505 MHz    1040626 s         65 s      82269 s     499155 s          5 s
#2  3505 MHz     218246 s         99 s      32783 s    1593084 s          0 s

  BLAS: libopenblas (USE64BITINT DYNAMIC_ARCH NO_AFFINITY Nehalem)
  LAPACK: libopenblas64_
  LIBM: libopenlibm
  LLVM: libLLVM-3.9.1 (ORCJIT, haswell)
Environment:
  TERM = vt100
  LD_LIBRARY_PATH = :/usr/local/lib/
  PATH = /usr/local/sbin:/usr/local/bin:/usr/sbin:/usr/bin:/sbin:/bin:/usr/games:/usr/local/games:/home/vagrant/julia/bin/
  JAVA_HOME = /usr/lib/jvm/java-8-openjdk-amd64
  HOME = /home/vagrant

Package Directory: /home/vagrant/.julia/v0.6
3 required packages:
 - JSON                          0.17.2
 - POMDPModels                   0.2.2
 - PowerModelsAnnex              0.1.3
68 additional packages:
 - AbstractTrees                 0.1.0
 - AssetRegistry                 0.0.1
 - AutoHashEquals                0.2.0
 - BinDeps                       0.8.8
 - BinaryProvider                0.3.3
 - Blink                         0.6.2
 - CPUTime                       0.0.5
 - Calculus                      0.4.0
 - CategoricalArrays             0.3.10
 - CodecZlib                     0.4.3
 - ColorTypes                    0.6.7
 - Colors                        0.8.2
 - CommonSubexpressions          0.1.0
 - Compat                        0.69.0
 - D3Trees                       0.2.0
 - DataFrames                    0.11.6
 - DataStreams                   0.3.6
 - DataStructures                0.8.3
 - DiffResults                   0.0.3
 - DiffRules                     0.0.6
 - DiscreteValueIteration        0.0.0-             master (unregistered)
 - Distributions                 0.15.0
 - FixedPointNumbers             0.4.6
 - ForwardDiff                   0.7.5
 - Hiccup                        0.1.1
 - HttpCommon                    0.4.0
 - HttpParser                    0.4.0
 - HttpServer                    0.3.1
 - InfrastructureModels          0.0.7
 - Iterators                     0.3.1
 - JuMP                          0.18.2
 - LaTeXStrings                  1.0.0
 - Lazy                          0.12.1
 - MCTS                          0.0.0-             master (unregistered)
 - MacroTools                    0.4.2
 - MathProgBase                  0.7.1
 - MbedTLS                       0.5.11
 - Memento                       0.7.0
 - Missings                      0.2.10
 - Mustache                      0.3.3
 - Mux                           0.3.0
 - NaNMath                       0.3.1
 - NamedTuples                   4.0.2
 - Nullables                     0.0.5
 - PDMats                        0.8.0
 - POMDPToolbox                  0.2.7
 - POMDPs                        0.6.7
 - Pidfile                       1.0.0
 - PowerModels                   0.7.2
 - ProgressMeter                 0.5.5
 - QuadGK                        0.2.1
 - Reexport                      0.1.0
 - Requires                      0.4.4
 - ReverseDiffSparse             0.8.1
 - Rmath                         0.4.0
 - SHA                           0.5.7
 - SortingAlgorithms             0.2.1
 - SpecialFunctions              0.6.0
 - StaticArrays                  0.7.2
 - StatsBase                     0.23.1
 - StatsFuns                     0.6.1
 - Syslogs                       0.2.0
 - TikzPictures                  1.2.0
 - TranscodingStreams            0.5.2
 - URIParser                     0.3.1
 - Unitful                       0.8.0
 - WeakRefStrings                0.4.7
 - WebSockets                    0.5.0
INFO: Computing test dependencies for PowerModelsAnnex...
INFO: Installing Ipopt v0.4.0
INFO: Installing MathOptInterface v0.4.1
INFO: Building Ipopt
WARNING: imported binding for srcdir overwritten in module __anon__
INFO: Testing PowerModelsAnnex
WARNING: Method definition *(Unitful.Units{N, D} where D where N, Number) in module Unitful at /home/vagrant/.julia/v0.6/Unitful/src/quantities.jl:19 overwritten in module Units at /home/vagrant/.julia/v0.6/PowerModelsAnnex/src/frontend/units.jl:36.

******************************************************************************
This program contains Ipopt, a library for large-scale nonlinear optimization.
 Ipopt is released as open source code under the Eclipse Public License (EPL).
         For more information visit http://projects.coin-or.org/Ipopt
******************************************************************************


signal (11): Segmentation fault
while loading /home/vagrant/.julia/v0.6/PowerModelsAnnex/test/pglib/sad.jl, in expression starting on line 2
unknown function (ip: 0x7f6065c4a19f)
emit_invoke at /buildworker/worker/package_linux64/build/src/codegen.cpp:3400 [inlined]
emit_expr at /buildworker/worker/package_linux64/build/src/codegen.cpp:4135
emit_function at /buildworker/worker/package_linux64/build/src/codegen.cpp:6101
jl_compile_linfo at /buildworker/worker/package_linux64/build/src/codegen.cpp:1256
emit_invoke at /buildworker/worker/package_linux64/build/src/codegen.cpp:3400 [inlined]
emit_expr at /buildworker/worker/package_linux64/build/src/codegen.cpp:4135
emit_function at /buildworker/worker/package_linux64/build/src/codegen.cpp:6101
jl_compile_linfo at /buildworker/worker/package_linux64/build/src/codegen.cpp:1256
jl_compile_for_dispatch at /buildworker/worker/package_linux64/build/src/gf.c:1668
jl_compile_method_internal at /buildworker/worker/package_linux64/build/src/julia_internal.h:307 [inlined]
jl_call_method_internal at /buildworker/worker/package_linux64/build/src/julia_internal.h:354 [inlined]
jl_apply_generic at /buildworker/worker/package_linux64/build/src/gf.c:1926
macro expansion at /home/vagrant/.julia/v0.6/JuMP/src/macros.jl:422 [inlined]
constraint_kcl_shunt at /home/vagrant/.julia/v0.6/PowerModels/src/form/acp.jl:61
unknown function (ip: 0x7f60497e25ac)
jl_call_fptr_internal at /buildworker/worker/package_linux64/build/src/julia_internal.h:339 [inlined]
jl_call_method_internal at /buildworker/worker/package_linux64/build/src/julia_internal.h:358 [inlined]
jl_apply_generic at /buildworker/worker/package_linux64/build/src/gf.c:1926
constraint_kcl_shunt at /home/vagrant/.julia/v0.6/PowerModels/src/core/constraint_template.jl:82
constraint_kcl_shunt at /home/vagrant/.julia/v0.6/PowerModels/src/core/constraint_template.jl:84
unknown function (ip: 0x7f60497dc229)
jl_call_fptr_internal at /buildworker/worker/package_linux64/build/src/julia_internal.h:339 [inlined]
jl_call_method_internal at /buildworker/worker/package_linux64/build/src/julia_internal.h:358 [inlined]
jl_apply_generic at /buildworker/worker/package_linux64/build/src/gf.c:1926
post_sad_opf at /home/vagrant/.julia/v0.6/PowerModelsAnnex/src/pglib/sad.jl:26
unknown function (ip: 0x7f60497db492)
jl_call_fptr_internal at /buildworker/worker/package_linux64/build/src/julia_internal.h:339 [inlined]
jl_call_method_internal at /buildworker/worker/package_linux64/build/src/julia_internal.h:358 [inlined]
jl_apply_generic at /buildworker/worker/package_linux64/build/src/gf.c:1926
#build_generic_model#86 at /home/vagrant/.julia/v0.6/PowerModels/src/core/base.jl:168
unknown function (ip: 0x7f60497da0a9)
jl_call_fptr_internal at /buildworker/worker/package_linux64/build/src/julia_internal.h:339 [inlined]
jl_call_method_internal at /buildworker/worker/package_linux64/build/src/julia_internal.h:358 [inlined]
jl_apply_generic at /buildworker/worker/package_linux64/build/src/gf.c:1926
#run_generic_model#84 at /home/vagrant/.julia/v0.6/PowerModels/src/core/base.jl:146
unknown function (ip: 0x7f604979e7e6)
jl_call_fptr_internal at /buildworker/worker/package_linux64/build/src/julia_internal.h:339 [inlined]
jl_call_method_internal at /buildworker/worker/package_linux64/build/src/julia_internal.h:358 [inlined]
jl_apply_generic at /buildworker/worker/package_linux64/build/src/gf.c:1926
run_generic_model at /home/vagrant/.julia/v0.6/PowerModels/src/core/base.jl:146
unknown function (ip: 0x7f60497d9e12)
jl_call_fptr_internal at /buildworker/worker/package_linux64/build/src/julia_internal.h:339 [inlined]
jl_call_method_internal at /buildworker/worker/package_linux64/build/src/julia_internal.h:358 [inlined]
jl_apply_generic at /buildworker/worker/package_linux64/build/src/gf.c:1926
#run_generic_model#83 at /home/vagrant/.julia/v0.6/PowerModels/src/core/base.jl:141
unknown function (ip: 0x7f604979e09a)
jl_call_fptr_internal at /buildworker/worker/package_linux64/build/src/julia_internal.h:339 [inlined]
jl_call_method_internal at /buildworker/worker/package_linux64/build/src/julia_internal.h:358 [inlined]
jl_apply_generic at /buildworker/worker/package_linux64/build/src/gf.c:1926
#run_sad_opf#76 at /home/vagrant/.julia/v0.6/PowerModelsAnnex/src/pglib/sad.jl:5 [inlined]
run_sad_opf at /home/vagrant/.julia/v0.6/PowerModelsAnnex/src/pglib/sad.jl:5
unknown function (ip: 0x7f60497d9ced)
jl_call_fptr_internal at /buildworker/worker/package_linux64/build/src/julia_internal.h:339 [inlined]
jl_call_method_internal at /buildworker/worker/package_linux64/build/src/julia_internal.h:358 [inlined]
jl_apply_generic at /buildworker/worker/package_linux64/build/src/gf.c:1926
macro expansion at /home/vagrant/.julia/v0.6/PowerModelsAnnex/test/pglib/sad.jl:4 [inlined]
macro expansion at ./test.jl:860 [inlined]
macro expansion at /home/vagrant/.julia/v0.6/PowerModelsAnnex/test/pglib/sad.jl:3 [inlined]
macro expansion at ./test.jl:860 [inlined]
anonymous at ./<missing> (unknown line)
jl_call_fptr_internal at /buildworker/worker/package_linux64/build/src/julia_internal.h:339 [inlined]
jl_call_method_internal at /buildworker/worker/package_linux64/build/src/julia_internal.h:358 [inlined]
jl_toplevel_eval_flex at /buildworker/worker/package_linux64/build/src/toplevel.c:589
jl_parse_eval_all at /buildworker/worker/package_linux64/build/src/ast.c:873
jl_load at /buildworker/worker/package_linux64/build/src/toplevel.c:616
include_from_node1 at ./loading.jl:576
unknown function (ip: 0x7f6052d17fe2)
jl_call_fptr_internal at /buildworker/worker/package_linux64/build/src/julia_internal.h:339 [inlined]
jl_call_method_internal at /buildworker/worker/package_linux64/build/src/julia_internal.h:358 [inlined]
jl_apply_generic at /buildworker/worker/package_linux64/build/src/gf.c:1926
include at ./sysimg.jl:14
macro expansion at /home/vagrant/.julia/v0.6/PowerModelsAnnex/test/runtests.jl:37 [inlined]
macro expansion at ./test.jl:860 [inlined]
anonymous at ./<missing> (unknown line)
jl_call_fptr_internal at /buildworker/worker/package_linux64/build/src/julia_internal.h:339 [inlined]
jl_call_method_internal at /buildworker/worker/package_linux64/build/src/julia_internal.h:358 [inlined]
jl_toplevel_eval_flex at /buildworker/worker/package_linux64/build/src/toplevel.c:589
jl_parse_eval_all at /buildworker/worker/package_linux64/build/src/ast.c:873
jl_load at /buildworker/worker/package_linux64/build/src/toplevel.c:616
include_from_node1 at ./loading.jl:576
unknown function (ip: 0x7f6062737b8b)
jl_call_fptr_internal at /buildworker/worker/package_linux64/build/src/julia_internal.h:339 [inlined]
jl_call_method_internal at /buildworker/worker/package_linux64/build/src/julia_internal.h:358 [inlined]
jl_apply_generic at /buildworker/worker/package_linux64/build/src/gf.c:1926
include at ./sysimg.jl:14
unknown function (ip: 0x7f60625c217b)
jl_call_fptr_internal at /buildworker/worker/package_linux64/build/src/julia_internal.h:339 [inlined]
jl_call_method_internal at /buildworker/worker/package_linux64/build/src/julia_internal.h:358 [inlined]
jl_apply_generic at /buildworker/worker/package_linux64/build/src/gf.c:1926
process_options at ./client.jl:305
_start at ./client.jl:371
unknown function (ip: 0x7f60627467b8)
jl_call_fptr_internal at /buildworker/worker/package_linux64/build/src/julia_internal.h:339 [inlined]
jl_call_method_internal at /buildworker/worker/package_linux64/build/src/julia_internal.h:358 [inlined]
jl_apply_generic at /buildworker/worker/package_linux64/build/src/gf.c:1926
jl_apply at /buildworker/worker/package_linux64/build/ui/../src/julia.h:1424 [inlined]
true_main at /buildworker/worker/package_linux64/build/ui/repl.c:127
main at /buildworker/worker/package_linux64/build/ui/repl.c:264
__libc_start_main at /lib/x86_64-linux-gnu/libc.so.6 (unknown line)
unknown function (ip: 0x4016bc)
Allocations: 33244487 (Pool: 33239682; Big: 4805); GC: 72
==========================[ ERROR: PowerModelsAnnex ]===========================

failed process: Process(`/home/vagrant/julia/bin/julia -Cgeneric -J/home/vagrant/julia/lib/julia/sys.so --compile=yes --depwarn=yes --check-bounds=yes --code-coverage=none --color=no --compilecache=yes /home/vagrant/.julia/v0.6/PowerModelsAnnex/test/runtests.jl`, ProcessSignaled(11)) [0]

================================================================================
INFO: Removing Ipopt v0.4.0
INFO: Removing MathOptInterface v0.4.1
ERROR: PowerModelsAnnex had test errors

>>> End of log
