>>> 'Pkg.add("PrivateModules")' log
[ Info: Cloning cache of PrivateModules from https://github.com/MichaelHatherly/PrivateModules.jl.git @ Base.Pkg.Cache cache.jl:43
[ Info: Installing PrivateModules v0.0.3 @ Base.Pkg.Entry entry.jl:543
[ Info: Package database updated @ Base.Pkg.Entry entry.jl:32
┌ Info: METADATA is out-of-date — you may not have the latest version of PrivateModules
│ Use `Pkg.update()` to get the latest versions of your packages
└ @ Base.Pkg.Entry entry.jl:74

>>> 'Pkg.test("PrivateModules")' log
Julia Version 0.7.0-DEV.3309
Commit b96097b66f (2018-01-07 00:26 UTC)
Platform Info:
  OS: Linux (x86_64-pc-linux-gnu)
      Ubuntu 14.04.5 LTS
  uname: Linux 3.13.0-135-generic #184-Ubuntu SMP Wed Oct 18 11:55:51 UTC 2017 x86_64 x86_64
  CPU: Intel(R) Xeon(R) CPU E3-1241 v3 @ 3.50GHz: 
              speed         user         nice          sys         idle          irq
       #1  3499 MHz     890556 s         65 s      50812 s     269658 s          6 s
       #2  3499 MHz     160912 s         88 s      21278 s    1223098 s          0 s
       
  Memory: 2.93927001953125 GB (760.578125 MB free)
  Uptime: 14250.0 sec
  Load Avg:  0.9970703125  0.998046875  1.0400390625
  WORD_SIZE: 64
  BLAS: libopenblas (USE64BITINT DYNAMIC_ARCH NO_AFFINITY Nehalem)
  LAPACK: libopenblas64_
  LIBM: libopenlibm
  LLVM: libLLVM-3.9.1 (ORCJIT, haswell)
Environment:
  TERM = vt100
  LD_LIBRARY_PATH = :/usr/local/lib/
  PATH = /usr/local/sbin:/usr/local/bin:/usr/sbin:/usr/bin:/sbin:/bin:/usr/games:/usr/local/games:/home/vagrant/julia/bin/
  JAVA_HOME = /usr/lib/jvm/java-8-openjdk-amd64
  HOME = /home/vagrant
Packages:
  Package Directory: /home/vagrant/.julia/v0.7
  Package Status:
2 required packages:
 - JSON                          0.16.3
 - PrivateModules                0.0.3
2 additional packages:
 - Compat                        0.43.0
 - Nullables                     0.0.2
[ Info: Testing PrivateModules @ Base.Pkg.Entry entry.jl:723
┌ Warning: Deprecated syntax `type` at /home/vagrant/.julia/v0.7/PrivateModules/test/runtests.jl:18.
│ Use `mutable struct` instead.
└ @ nothing runtests.jl:18
WARNING: Base.Test is deprecated, run `using Test` instead.
  likely near /home/vagrant/.julia/v0.7/PrivateModules/test/runtests.jl:4
┌ Warning: `unshift!` is deprecated, use `pushfirst!` instead.
│   caller = private(::Expr) at PrivateModules.jl:57
└ @ PrivateModules PrivateModules.jl:57
┌ Warning: `macroexpand(x)` is deprecated, use `macroexpand(module, x)` instead.
│   caller = private(::Expr) at PrivateModules.jl:61
└ @ PrivateModules PrivateModules.jl:61
┌ Warning: Deprecated syntax `parametric method syntax eval{T}(x::T)` around /home/vagrant/.julia/v0.7/PrivateModules/src/PrivateModules.jl:57.
│ Use `eval(x::T) where T` instead.
└ @ nothing PrivateModules.jl:57
┌ Warning: Deprecated syntax `parametric method syntax eval{T}(x::T)` around /home/vagrant/.julia/v0.7/PrivateModules/src/PrivateModules.jl:57.
│ Use `eval(x::T) where T` instead.
└ @ nothing PrivateModules.jl:57
┌ Warning: Deprecated syntax `parametric method syntax eval{T}(x::T)` around /home/vagrant/.julia/v0.7/PrivateModules/src/PrivateModules.jl:57.
│ Use `eval(x::T) where T` instead.
└ @ nothing PrivateModules.jl:57
┌ Warning: Deprecated syntax `parametric method syntax eval{T}(x::T)` around /home/vagrant/.julia/v0.7/PrivateModules/src/PrivateModules.jl:57.
│ Use `eval(x::T) where T` instead.
└ @ nothing PrivateModules.jl:57
WARNING: Method definition eval(T) where {T} in module M#private overwritten at /home/vagrant/.julia/v0.7/PrivateModules/src/PrivateModules.jl:57.
Error During Test at /home/vagrant/.julia/v0.7/PrivateModules/test/runtests.jl:22
  Test threw an exception of type UndefVarError
  Expression: M.f(0) == 0
  UndefVarError: f not defined
  Stacktrace:
   [1] getproperty(::Module, ::Symbol) at ./sysimg.jl:14
   [2] top-level scope
   [3] include at ./boot.jl:295 [inlined]
   [4] include_relative(::Module, ::String) at ./loading.jl:521
   [5] include(::Module, ::String) at ./sysimg.jl:26
   [6] process_options(::Base.JLOptions) at ./client.jl:324
   [7] _start() at ./client.jl:375
ERROR: LoadError: There was an error during testing
in expression starting at /home/vagrant/.julia/v0.7/PrivateModules/test/runtests.jl:22
┌ Error: ------------------------------------------------------------
│ # Testing failed for PrivateModules
│   exception = ErrorException("failed process: Process(`/home/vagrant/julia/bin/julia -Cnative -J/home/vagrant/julia/lib/julia/sys.so --compile=yes --depwarn=yes --code-coverage=none --color=no --compiled-modules=yes --check-bounds=yes --warn-overwrite=yes --startup-file=yes /home/vagrant/.julia/v0.7/PrivateModules/test/runtests.jl`, ProcessExited(1)) [1]")
└ @ Base.Pkg.Entry entry.jl:739
ERROR: PrivateModules had test errors

>>> End of log
