>>> 'Pkg.add("PrivateModules")' log
INFO: Cloning cache of PrivateModules from https://github.com/MichaelHatherly/PrivateModules.jl.git
INFO: Installing PrivateModules v0.0.2
INFO: Package database updated
INFO: METADATA is out-of-date — you may not have the latest version of PrivateModules
INFO: Use `Pkg.update()` to get the latest versions of your packages
INFO: Nothing to be done
INFO: METADATA is out-of-date — you may not have the latest version of PrivateModules
INFO: Use `Pkg.update()` to get the latest versions of your packages

>>> 'Pkg.test("PrivateModules")' log
Julia Version 0.5.0-rc0+4
Commit 347057b (2016-07-27 09:20 UTC)
Platform Info:
  System: Linux (x86_64-unknown-linux-gnu)
  CPU: Intel(R) Xeon(R) CPU E3-1241 v3 @ 3.50GHz
  WORD_SIZE: 64
           Ubuntu 14.04.4 LTS
  uname: Linux 3.13.0-92-generic #139-Ubuntu SMP Tue Jun 28 20:42:26 UTC 2016 x86_64 x86_64
Memory: 2.4471054077148438 GB (766.328125 MB free)
Uptime: 14992.0 sec
Load Avg:  1.0029296875  1.00732421875  1.02392578125
Intel(R) Xeon(R) CPU E3-1241 v3 @ 3.50GHz: 
       speed         user         nice          sys         idle          irq
#1  3500 MHz     726174 s       2486 s      96318 s     489488 s         19 s
#2  3500 MHz     294825 s       3004 s      72220 s    1064979 s          0 s

  BLAS: libopenblas (USE64BITINT DYNAMIC_ARCH NO_AFFINITY Nehalem)
  LAPACK: libopenblas64_
  LIBM: libopenlibm
  LLVM: libLLVM-3.7.1 (ORCJIT, haswell)
Environment:
  TERM = vt100
  LD_LIBRARY_PATH = :/usr/local/lib/
  PATH = /usr/local/sbin:/usr/local/bin:/usr/sbin:/usr/bin:/sbin:/bin:/usr/games:/usr/local/games:/home/vagrant/julia/bin/
  JAVA_HOME = /usr/lib/jvm/java-7-oracle
  HOME = /home/vagrant

Package Directory: /home/vagrant/.julia/v0.5
2 required packages:
 - JSON                          0.6.0
 - PrivateModules                0.0.2
1 additional packages:
 - Compat                        0.8.6
INFO: Testing PrivateModules
INFO: PrivateModules tests passed

>>> End of log
