>>> 'Pkg.add("ProfileView")' log
INFO: Cloning cache of ProfileView from https://github.com/timholy/ProfileView.jl.git
INFO: Installing BinDeps v0.6.0
INFO: Installing Cairo v0.3.1
INFO: Installing ColorTypes v0.5.2
INFO: Installing Colors v0.7.4
INFO: Installing DataStructures v0.6.1
INFO: Installing FileIO v0.5.2
INFO: Installing FixedPointNumbers v0.3.9
INFO: Installing Graphics v0.2.0
INFO: Installing Gtk v0.13.1
INFO: Installing GtkReactive v0.2.3
INFO: Installing IntervalSets v0.1.1
INFO: Installing NaNMath v0.2.6
INFO: Installing ProfileView v0.3.0
INFO: Installing Reactive v0.6.0
INFO: Installing Reexport v0.0.3
INFO: Installing RoundingIntegers v0.0.3
INFO: Installing SHA v0.3.3
INFO: Installing URIParser v0.2.0
INFO: Building Cairo
INFO: Building Gtk
Installing dependency libgtk-3-0 via `sudo apt-get install libgtk-3-0`:
Reading package lists...
Building dependency tree...
Reading state information...
libgtk-3-0 is already the newest version.
0 upgraded, 0 newly installed, 0 to remove and 0 not upgraded.
Installing dependency libgtk-3-0 via `sudo apt-get install libgtk-3-0`:
Reading package lists...
Building dependency tree...
Reading state information...
libgtk-3-0 is already the newest version.
0 upgraded, 0 newly installed, 0 to remove and 0 not upgraded.
Installing dependency libgtk-3-0 via `sudo apt-get install libgtk-3-0`:
Reading package lists...
Building dependency tree...
Reading state information...
libgtk-3-0 is already the newest version.
0 upgraded, 0 newly installed, 0 to remove and 0 not upgraded.
INFO: Package database updated
INFO: METADATA is out-of-date — you may not have the latest version of ProfileView
INFO: Use `Pkg.update()` to get the latest versions of your packages

>>> 'Pkg.test("ProfileView")' log
Julia Version 0.5.2
Commit f4c6c9d (2017-05-06 16:34 UTC)
Platform Info:
  OS: Linux (x86_64-pc-linux-gnu)
  CPU: Intel(R) Xeon(R) CPU E3-1241 v3 @ 3.50GHz
  WORD_SIZE: 64
           Ubuntu 14.04.5 LTS
  uname: Linux 3.13.0-135-generic #184-Ubuntu SMP Wed Oct 18 11:55:51 UTC 2017 x86_64 x86_64
Memory: 2.93927001953125 GB (458.0390625 MB free)
Uptime: 29350.0 sec
Load Avg:  1.0654296875  1.04833984375  0.9990234375
Intel(R) Xeon(R) CPU E3-1241 v3 @ 3.50GHz: 
       speed         user         nice          sys         idle          irq
#1  3499 MHz    1744672 s       1658 s     166204 s     685119 s         49 s
#2  3499 MHz     524541 s       5338 s      73673 s    2265245 s          0 s

  BLAS: libopenblas (USE64BITINT DYNAMIC_ARCH NO_AFFINITY Nehalem)
  LAPACK: libopenblas64_
  LIBM: libopenlibm
  LLVM: libLLVM-3.7.1 (ORCJIT, haswell)
Environment:
  LD_LIBRARY_PATH = :/usr/local/lib/
  HOME = /home/vagrant
  TERM = vt100
  PATH = /usr/local/sbin:/usr/local/bin:/usr/sbin:/usr/bin:/sbin:/bin:/usr/games:/usr/local/games:/home/vagrant/julia/bin/
  JAVA_HOME = /usr/lib/jvm/java-8-openjdk-amd64

Package Directory: /home/vagrant/.julia/v0.5
2 required packages:
 - JSON                          0.14.0
 - ProfileView                   0.3.0
18 additional packages:
 - BinDeps                       0.6.0
 - Cairo                         0.3.1
 - ColorTypes                    0.5.2
 - Colors                        0.7.4
 - Compat                        0.37.0
 - DataStructures                0.6.1
 - FileIO                        0.5.2
 - FixedPointNumbers             0.3.9
 - Graphics                      0.2.0
 - Gtk                           0.13.1
 - GtkReactive                   0.2.3
 - IntervalSets                  0.1.1
 - NaNMath                       0.2.6
 - Reactive                      0.6.0
 - Reexport                      0.0.3
 - RoundingIntegers              0.0.3
 - SHA                           0.3.3
 - URIParser                     0.2.0
INFO: Testing ProfileView
WARNING: Method definition depth_buffer(Gtk.GtkGLArea, Bool) in module Gtk at /home/vagrant/.julia/v0.5/Gtk/src/gl_area.jl:36 overwritten at /home/vagrant/.julia/v0.5/Gtk/src/gl_area.jl:38.
WARNING: Method definition stencil_buffer(Gtk.GtkGLArea) in module Gtk at /home/vagrant/.julia/v0.5/Gtk/src/gl_area.jl:40 overwritten at /home/vagrant/.julia/v0.5/Gtk/src/gl_area.jl:42.
INFO: ProfileView tests passed

>>> End of log
