>>> 'Pkg.add("ProjectiveDictionaryPairLearning")' log
INFO: Cloning cache of Coverage from git://github.com/JuliaCI/Coverage.jl.git
INFO: Cloning cache of ProjectiveDictionaryPairLearning from git://github.com/quxiaofeng/ProjectiveDictionaryPairLearning.jl.git
INFO: Installing BinDeps v0.3.21
INFO: Installing Blosc v0.1.5
INFO: Installing Codecs v0.1.5
INFO: Installing Coverage v0.3.0
INFO: Installing FactCheck v0.4.3
INFO: Installing GnuTLS v0.0.5
INFO: Installing HDF5 v0.6.2
INFO: Installing HttpCommon v0.2.6
INFO: Installing HttpParser v0.1.1
INFO: Installing MAT v0.2.14
INFO: Installing Nettle v0.2.3
INFO: Installing ProjectiveDictionaryPairLearning v0.4.3
INFO: Installing Requests v0.0.1
INFO: Installing SHA v0.1.2
INFO: Installing URIParser v0.1.3
INFO: Installing Zlib v0.1.12
INFO: Building Blosc
INFO: Building Nettle
INFO: Building GnuTLS
WARNING: Base.String is deprecated, use AbstractString instead.
  likely near /home/vagrant/.julia/v0.4/GnuTLS/deps/build.jl:46
WARNING: Base.String is deprecated, use AbstractString instead.
  likely near /home/vagrant/.julia/v0.4/GnuTLS/deps/build.jl:47
WARNING: Base.Uint8 is deprecated, use UInt8 instead.
  likely near /home/vagrant/.julia/v0.4/GnuTLS/deps/build.jl:59
WARNING: Base.Uint8 is deprecated, use UInt8 instead.
  likely near /home/vagrant/.julia/v0.4/GnuTLS/deps/build.jl:59
WARNING: Base.Uint8 is deprecated, use UInt8 instead.
  likely near /home/vagrant/.julia/v0.4/GnuTLS/deps/build.jl:59
WARNING: Base.Uint8 is deprecated, use UInt8 instead.
  likely near /home/vagrant/.julia/v0.4/GnuTLS/deps/build.jl:59
WARNING: Base.Uint8 is deprecated, use UInt8 instead.
  likely near /home/vagrant/.julia/v0.4/GnuTLS/deps/build.jl:59
WARNING: Base.Uint8 is deprecated, use UInt8 instead.
  likely near /home/vagrant/.julia/v0.4/GnuTLS/deps/build.jl:59
WARNING: Base.Uint8 is deprecated, use UInt8 instead.
  likely near /home/vagrant/.julia/v0.4/GnuTLS/deps/build.jl:59
INFO: Building HttpParser
INFO: Building HDF5
INFO: Package database updated
INFO: METADATA is out-of-date — you may not have the latest version of ProjectiveDictionaryPairLearning
INFO: Use `Pkg.update()` to get the latest versions of your packages

>>> 'Pkg.test("ProjectiveDictionaryPairLearning")' log
Julia Version 0.4.5
Commit 2ac304d (2016-03-18 00:58 UTC)
Platform Info:
  System: Linux (x86_64-unknown-linux-gnu)
  CPU: Intel(R) Xeon(R) CPU E3-1241 v3 @ 3.50GHz
  WORD_SIZE: 64
  BLAS: libopenblas (USE64BITINT DYNAMIC_ARCH NO_AFFINITY Nehalem)
  LAPACK: libopenblas64_
  LIBM: libopenlibm
  LLVM: libLLVM-3.3
INFO: Computing test dependencies for ProjectiveDictionaryPairLearning...
INFO: No packages to install, update or remove
INFO: Testing ProjectiveDictionaryPairLearning
INFO: Recompiling stale cache file /home/vagrant/.julia/lib/v0.4/HDF5.ji for module HDF5.
INFO: Recompiling stale cache file /home/vagrant/.julia/lib/v0.4/MAT.ji for module MAT.
matFileName: testDataForTrainDpl.mat.
Data loaded in 1.578346849 s
Training ... iteration 1 finished.
Training ... iteration 2 finished.
Training ... iteration 3 finished.
Training ... iteration 4 finished.
Training ... iteration 5 finished.
Training ... iteration 6 finished.
Training ... iteration 7 finished.
Training ... iteration 8 finished.
Training ... iteration 9 finished.
Training ... iteration 10 finished.
Training ... iteration 11 finished.
Training ... iteration 12 finished.
Training ... iteration 13 finished.
Training ... iteration 14 finished.
Training ... iteration 15 finished.
Training ... iteration 16 finished.
Training ... iteration 17 finished.
Training ... iteration 18 finished.
Training ... iteration 19 finished.
Training ... iteration 20 finished.
TrainDPL passed in 10.111313555 s
Training ... iteration 1 finished.
Training ... iteration 2 finished.
Training ... iteration 3 finished.
Training ... iteration 4 finished.
Training ... iteration 5 finished.
Training ... iteration 6 finished.
Training ... iteration 7 finished.
Training ... iteration 8 finished.
Training ... iteration 9 finished.
Training ... iteration 10 finished.
Training ... iteration 11 finished.
Training ... iteration 12 finished.
Training ... iteration 13 finished.
Training ... iteration 14 finished.
Training ... iteration 15 finished.
Training ... iteration 16 finished.
Training ... iteration 17 finished.
Training ... iteration 18 finished.
Training ... iteration 19 finished.
Training ... iteration 20 finished.

The running time for DPL training is : 7.02 s 
The running time for DPL testing is : 0.65 s 
Recognition rate for DPL is : 97.579% 
Finished unit tests!
Finished performance tests!
INFO: ProjectiveDictionaryPairLearning tests passed
INFO: No packages to install, update or remove

>>> End of log
