>>> 'Pkg.add("PropertyGraph")' log
INFO: Cloning cache of PropertyGraph from https://github.com/PhillP/PropertyGraph.jl.git
INFO: Cloning cache of UUID from https://github.com/JuliaArchive/UUID.jl.git
INFO: Installing PropertyGraph v0.1.0
INFO: Installing UUID v0.1.0
INFO: Package database updated
INFO: METADATA is out-of-date — you may not have the latest version of PropertyGraph
INFO: Use `Pkg.update()` to get the latest versions of your packages

>>> 'Pkg.test("PropertyGraph")' log
Julia Version 0.5.0-dev+2335
Commit 5b1b0c5 (2016-01-28 04:34 UTC)
Platform Info:
  System: Linux (x86_64-unknown-linux-gnu)
  CPU: Intel(R) Xeon(R) CPU E3-1241 v3 @ 3.50GHz
  WORD_SIZE: 64
  BLAS: libopenblas (USE64BITINT DYNAMIC_ARCH NO_AFFINITY Nehalem)
  LAPACK: libopenblas64_
  LIBM: libopenlibm
  LLVM: libLLVM-3.7.1
INFO: Testing PropertyGraph
Running tests:
running /home/vagrant/.julia/v0.5/PropertyGraph/test/testdata.jl ...
running /home/vagrant/.julia/v0.5/PropertyGraph/test/testdatasocial.jl ...
WARNING: UUID.jl is deprecated, please use Base.Random.uuid1(), Base.Random.uuid4(), and Base.Random.UUID instead.
WARNING: Base.Uint32 is deprecated, use UInt32 instead.
  likely near /home/vagrant/.julia/v0.5/UUID/src/UUID.jl:22
WARNING: Base.Uint16 is deprecated, use UInt16 instead.
  likely near /home/vagrant/.julia/v0.5/UUID/src/UUID.jl:22
WARNING: Base.Uint16 is deprecated, use UInt16 instead.
  likely near /home/vagrant/.julia/v0.5/UUID/src/UUID.jl:22
WARNING: Base.Uint32 is deprecated, use UInt32 instead.
  likely near /home/vagrant/.julia/v0.5/UUID/src/UUID.jl:22
WARNING: Base.Uint16 is deprecated, use UInt16 instead.
  likely near /home/vagrant/.julia/v0.5/UUID/src/UUID.jl:22
WARNING: Base.Uint16 is deprecated, use UInt16 instead.
  likely near /home/vagrant/.julia/v0.5/UUID/src/UUID.jl:22
WARNING: Base.Uint8 is deprecated, use UInt8 instead.
  likely near /home/vagrant/.julia/v0.5/UUID/src/UUID.jl:28
WARNING: Base.Uint8 is deprecated, use UInt8 instead.
  likely near /home/vagrant/.julia/v0.5/UUID/src/UUID.jl:28
WARNING: Base.Uint8 is deprecated, use UInt8 instead.
  likely near /home/vagrant/.julia/v0.5/UUID/src/UUID.jl:28
WARNING: Base.Uint8 is deprecated, use UInt8 instead.
  likely near /home/vagrant/.julia/v0.5/UUID/src/UUID.jl:28
WARNING: Base.Uint8 is deprecated, use UInt8 instead.
  likely near /home/vagrant/.julia/v0.5/UUID/src/UUID.jl:36
WARNING: Base.String is deprecated, use AbstractString instead.
  likely near /home/vagrant/.julia/v0.5/UUID/src/UUID.jl:36
WARNING: Base.String is deprecated, use AbstractString instead.
  likely near /home/vagrant/.julia/v0.5/UUID/src/UUID.jl:135
WARNING: Method definition call(Type{PropertyGraph.InvalidQueryOptionOutputTypeCombinationException}) in module PropertyGraph overwritten.
WARNING: Base.String is deprecated, use AbstractString instead.
  likely near /home/vagrant/.julia/v0.5/PropertyGraph/src/container.jl:8
WARNING: Base.String is deprecated, use AbstractString instead.
  likely near /home/vagrant/.julia/v0.5/PropertyGraph/src/container.jl:8
WARNING: Base.String is deprecated, use AbstractString instead.
  likely near /home/vagrant/.julia/v0.5/PropertyGraph/src/container.jl:16
WARNING: Base.String is deprecated, use AbstractString instead.
  likely near /home/vagrant/.julia/v0.5/PropertyGraph/src/container.jl:16
WARNING: Base.String is deprecated, use AbstractString instead.
  likely near /home/vagrant/.julia/v0.5/PropertyGraph/src/container.jl:31
WARNING: Base.String is deprecated, use AbstractString instead.
  likely near /home/vagrant/.julia/v0.5/PropertyGraph/src/container.jl:31
WARNING: Base.String is deprecated, use AbstractString instead.
  likely near /home/vagrant/.julia/v0.5/PropertyGraph/src/vertex.jl:1
WARNING: Base.String is deprecated, use AbstractString instead.
  likely near /home/vagrant/.julia/v0.5/PropertyGraph/src/vertex.jl:1
WARNING: Base.String is deprecated, use AbstractString instead.
  likely near /home/vagrant/.julia/v0.5/PropertyGraph/src/vertex.jl:1
WARNING: Base.String is deprecated, use AbstractString instead.
  likely near /home/vagrant/.julia/v0.5/PropertyGraph/src/vertex.jl:1
WARNING: Base.String is deprecated, use AbstractString instead.
  likely near /home/vagrant/.julia/v0.5/PropertyGraph/src/vertex.jl:1
WARNING: Base.String is deprecated, use AbstractString instead.
  likely near /home/vagrant/.julia/v0.5/PropertyGraph/src/vertex.jl:1
WARNING: Base.String is deprecated, use AbstractString instead.
  likely near /home/vagrant/.julia/v0.5/PropertyGraph/src/vertex.jl:53
WARNING: Base.String is deprecated, use AbstractString instead.
  likely near /home/vagrant/.julia/v0.5/PropertyGraph/src/vertex.jl:62
WARNING: Base.String is deprecated, use AbstractString instead.
  likely near /home/vagrant/.julia/v0.5/PropertyGraph/src/vertex.jl:62
WARNING: Base.String is deprecated, use AbstractString instead.
  likely near /home/vagrant/.julia/v0.5/PropertyGraph/src/vertex.jl:62
WARNING: Base.String is deprecated, use AbstractString instead.
  likely near /home/vagrant/.julia/v0.5/PropertyGraph/src/edge.jl:1
WARNING: Base.String is deprecated, use AbstractString instead.
  likely near /home/vagrant/.julia/v0.5/PropertyGraph/src/edge.jl:1
WARNING: Base.String is deprecated, use AbstractString instead.
  likely near /home/vagrant/.julia/v0.5/PropertyGraph/src/edge.jl:1
WARNING: Base.String is deprecated, use AbstractString instead.
  likely near /home/vagrant/.julia/v0.5/PropertyGraph/src/edge.jl:1
WARNING: Base.String is deprecated, use AbstractString instead.
  likely near /home/vagrant/.julia/v0.5/PropertyGraph/src/edge.jl:1
WARNING: Base.String is deprecated, use AbstractString instead.
  likely near /home/vagrant/.julia/v0.5/PropertyGraph/src/edge.jl:1
WARNING: Base.String is deprecated, use AbstractString instead.
  likely near /home/vagrant/.julia/v0.5/PropertyGraph/src/edge.jl:51
WARNING: Base.String is deprecated, use AbstractString instead.
  likely near /home/vagrant/.julia/v0.5/PropertyGraph/src/edge.jl:60
WARNING: Base.String is deprecated, use AbstractString instead.
  likely near /home/vagrant/.julia/v0.5/PropertyGraph/src/edge.jl:60
WARNING: Base.String is deprecated, use AbstractString instead.
  likely near /home/vagrant/.julia/v0.5/PropertyGraph/src/edge.jl:60
WARNING: Base.String is deprecated, use AbstractString instead.
  likely near /home/vagrant/.julia/v0.5/PropertyGraph/src/graph.jl:1
WARNING: Base.String is deprecated, use AbstractString instead.
  likely near /home/vagrant/.julia/v0.5/PropertyGraph/src/graph.jl:1
WARNING: Base.String is deprecated, use AbstractString instead.
  likely near /home/vagrant/.julia/v0.5/PropertyGraph/src/graph.jl:1
WARNING: Base.String is deprecated, use AbstractString instead.
  likely near /home/vagrant/.julia/v0.5/PropertyGraph/src/compositequeryresultitem.jl:1
WARNING: Base.String is deprecated, use AbstractString instead.
  likely near /home/vagrant/.julia/v0.5/PropertyGraph/src/compositequeryresultitem.jl:1
WARNING: Base.String is deprecated, use AbstractString instead.
  likely near /home/vagrant/.julia/v0.5/PropertyGraph/src/compositequeryresultitem.jl:46
WARNING: Base.String is deprecated, use AbstractString instead.
  likely near /home/vagrant/.julia/v0.5/PropertyGraph/src/compositequeryresultitem.jl:46
WARNING: Base.String is deprecated, use AbstractString instead.
  likely near /home/vagrant/.julia/v0.5/PropertyGraph/src/compositequeryresultitem.jl:51
WARNING: Base.String is deprecated, use AbstractString instead.
  likely near /home/vagrant/.julia/v0.5/PropertyGraph/src/compositequeryresultitem.jl:51
WARNING: Base.String is deprecated, use AbstractString instead.
  likely near /home/vagrant/.julia/v0.5/PropertyGraph/src/compositequeryresultitem.jl:56
WARNING: Method definition edges(PropertyGraph.GraphLoader, Function) in module PropertyGraph at /home/vagrant/.julia/v0.5/PropertyGraph/src/graphloader.jl:75 overwritten at /home/vagrant/.julia/v0.5/PropertyGraph/src/graphloader.jl:84.

WARNING: deprecated syntax "throw (" at /home/vagrant/.julia/v0.5/PropertyGraph/src/compositequery.jl:236.
Use "throw(" instead.

WARNING: deprecated syntax "throw (" at /home/vagrant/.julia/v0.5/PropertyGraph/src/compositequery.jl:325.
Use "throw(" instead.

WARNING: deprecated syntax "throw (" at /home/vagrant/.julia/v0.5/PropertyGraph/src/compositequery.jl:362.
Use "throw(" instead.
WARNING: Base.String is deprecated, use AbstractString instead.
  likely near /home/vagrant/.julia/v0.5/PropertyGraph/src/compositequery.jl:2
WARNING: Base.String is deprecated, use AbstractString instead.
  likely near /home/vagrant/.julia/v0.5/PropertyGraph/src/compositequery.jl:2
WARNING: Base.String is deprecated, use AbstractString instead.
  likely near /home/vagrant/.julia/v0.5/PropertyGraph/src/compositequery.jl:3
WARNING: Base.String is deprecated, use AbstractString instead.
  likely near /home/vagrant/.julia/v0.5/PropertyGraph/src/compositequery.jl:3
WARNING: Base.String is deprecated, use AbstractString instead.
  likely near /home/vagrant/.julia/v0.5/PropertyGraph/src/compositequery.jl:3
WARNING: Base.String is deprecated, use AbstractString instead.
  likely near /home/vagrant/.julia/v0.5/PropertyGraph/src/compositequery.jl:8
WARNING: Base.String is deprecated, use AbstractString instead.
  likely near /home/vagrant/.julia/v0.5/PropertyGraph/src/compositequery.jl:8
WARNING: Base.String is deprecated, use AbstractString instead.
  likely near /home/vagrant/.julia/v0.5/PropertyGraph/src/compositequery.jl:9
WARNING: Base.String is deprecated, use AbstractString instead.
  likely near /home/vagrant/.julia/v0.5/PropertyGraph/src/compositequery.jl:9
WARNING: Base.String is deprecated, use AbstractString instead.
  likely near /home/vagrant/.julia/v0.5/PropertyGraph/src/compositequery.jl:9
WARNING: Union(args...) is deprecated, use Union{args...} instead.
 in depwarn at ./deprecated.jl:64
 in call at ./deprecated.jl:50
 in include at ./boot.jl:262
 in include_from_node1 at ./loading.jl:417
 in include at ./boot.jl:262
 in include_from_node1 at ./loading.jl:417
 in eval at ./boot.jl:265
 [inlined code] from ./sysimg.jl:14
 in require at ./loading.jl:348
 in include at ./boot.jl:262
 in include_from_node1 at ./loading.jl:417
 [inlined code] from /home/vagrant/.julia/v0.5/PropertyGraph/test/runtests.jl:18
 in anonymous at ./no file:4294967295
 in include at ./boot.jl:262
 in include_from_node1 at ./loading.jl:417
 in process_options at ./client.jl:245
 in _start at ./client.jl:301
while loading /home/vagrant/.julia/v0.5/PropertyGraph/src/compositequery.jl, in expression starting on line 741
WARNING: Union(args...) is deprecated, use Union{args...} instead.
 in depwarn at ./deprecated.jl:64
 in call at ./deprecated.jl:50
 in include at ./boot.jl:262
 in include_from_node1 at ./loading.jl:417
 in include at ./boot.jl:262
 in include_from_node1 at ./loading.jl:417
 in eval at ./boot.jl:265
 [inlined code] from ./sysimg.jl:14
 in require at ./loading.jl:348
 in include at ./boot.jl:262
 in include_from_node1 at ./loading.jl:417
 [inlined code] from /home/vagrant/.julia/v0.5/PropertyGraph/test/runtests.jl:18
 in anonymous at ./no file:4294967295
 in include at ./boot.jl:262
 in include_from_node1 at ./loading.jl:417
 in process_options at ./client.jl:245
 in _start at ./client.jl:301
while loading /home/vagrant/.julia/v0.5/PropertyGraph/src/compositequery.jl, in expression starting on line 744
ERROR: LoadError: LoadError: LoadError: LoadError: TypeError: Union: in parameter, expected Type{T}, got Tuple{DataType,DataType}
 in call at ./deprecated.jl:52
 in include at ./boot.jl:262
 in include_from_node1 at ./loading.jl:417
 in include at ./boot.jl:262
 in include_from_node1 at ./loading.jl:417
 in eval at ./boot.jl:265
 [inlined code] from ./sysimg.jl:14
 in require at ./loading.jl:348
 in include at ./boot.jl:262
 in include_from_node1 at ./loading.jl:417
 [inlined code] from /home/vagrant/.julia/v0.5/PropertyGraph/test/runtests.jl:18
 in anonymous at ./no file:4294967295
 in include at ./boot.jl:262
 in include_from_node1 at ./loading.jl:417
 in process_options at ./client.jl:245
 in _start at ./client.jl:301
while loading /home/vagrant/.julia/v0.5/PropertyGraph/src/compositequery.jl, in expression starting on line 744
while loading /home/vagrant/.julia/v0.5/PropertyGraph/src/PropertyGraph.jl, in expression starting on line 43
while loading /home/vagrant/.julia/v0.5/PropertyGraph/test/testdatasocial.jl, in expression starting on line 3
while loading /home/vagrant/.julia/v0.5/PropertyGraph/test/runtests.jl, in expression starting on line 15
============================[ ERROR: PropertyGraph ]============================

failed process: Process(`/home/vagrant/julia/bin/julia --check-bounds=yes --code-coverage=none --color=no /home/vagrant/.julia/v0.5/PropertyGraph/test/runtests.jl`, ProcessExited(1)) [1]

================================================================================
ERROR: Base.Pkg.PkgError("PropertyGraph had test errors")
 in test at ./pkg/entry.jl:671
 in anonymous at ./pkg/dir.jl:31
 in cd at ./file.jl:47
 in cd at ./pkg/dir.jl:31
 in test at ./pkg.jl:228
 in eval at ./boot.jl:265
 [inlined code] from ./sysimg.jl:14
 in process_options at ./client.jl:222
 in _start at ./client.jl:301

>>> End of log
