>>> 'Pkg.add("PtFEM")' log
[ Info: Cloning cache of DataTables from https://github.com/JuliaData/DataTables.jl.git @ Base.Pkg.Cache cache.jl:43
[ Info: Cloning cache of LightXML from https://github.com/JuliaIO/LightXML.jl.git @ Base.Pkg.Cache cache.jl:43
[ Info: Cloning cache of PtFEM from https://github.com/PtFEM/PtFEM.jl.git @ Base.Pkg.Cache cache.jl:43
[ Info: Cloning cache of WriteVTK from https://github.com/jipolanco/WriteVTK.jl.git @ Base.Pkg.Cache cache.jl:43
[ Info: Installing AxisAlgorithms v0.2.0 @ Base.Pkg.Entry entry.jl:543
[ Info: Installing BinDeps v0.8.2 @ Base.Pkg.Entry entry.jl:543
[ Info: Installing BufferedStreams v0.3.3 @ Base.Pkg.Entry entry.jl:543
[ Info: Installing Calculus v0.2.2 @ Base.Pkg.Entry entry.jl:543
[ Info: Installing CategoricalArrays v0.1.6 @ Base.Pkg.Entry entry.jl:543
[ Info: Installing Codecs v0.4.0 @ Base.Pkg.Entry entry.jl:543
[ Info: Installing DataArrays v0.6.2 @ Base.Pkg.Entry entry.jl:543
[ Info: Installing DataFrames v0.10.1 @ Base.Pkg.Entry entry.jl:543
[ Info: Installing DataStreams v0.1.3 @ Base.Pkg.Entry entry.jl:543
[ Info: Installing DataStructures v0.7.4 @ Base.Pkg.Entry entry.jl:543
[ Info: Installing DataTables v0.0.3 @ Base.Pkg.Entry entry.jl:543
[ Info: Installing DocStringExtensions v0.4.1 @ Base.Pkg.Entry entry.jl:543
[ Info: Installing Documenter v0.12.5 @ Base.Pkg.Entry entry.jl:543
[ Info: Installing DualNumbers v0.3.0 @ Base.Pkg.Entry entry.jl:543
[ Info: Installing FileIO v0.6.1 @ Base.Pkg.Entry entry.jl:543
[ Info: Installing GZip v0.3.0 @ Base.Pkg.Entry entry.jl:543
[ Info: Installing Interpolations v0.7.2 @ Base.Pkg.Entry entry.jl:543
[ Info: Installing Libz v0.2.4 @ Base.Pkg.Entry entry.jl:543
[ Info: Installing LightXML v0.5.0 @ Base.Pkg.Entry entry.jl:543
[ Info: Installing NaNMath v0.3.0 @ Base.Pkg.Entry entry.jl:543
[ Info: Installing NullableArrays v0.1.2 @ Base.Pkg.Entry entry.jl:543
[ Info: Installing OffsetArrays v0.4.2 @ Base.Pkg.Entry entry.jl:543
[ Info: Installing PtFEM v0.0.3 @ Base.Pkg.Entry entry.jl:543
[ Info: Installing QuadGK v0.2.0 @ Base.Pkg.Entry entry.jl:543
[ Info: Installing Ratios v0.2.0 @ Base.Pkg.Entry entry.jl:543
[ Info: Installing Reexport v0.1.0 @ Base.Pkg.Entry entry.jl:543
[ Info: Installing SHA v0.5.2 @ Base.Pkg.Entry entry.jl:543
[ Info: Installing ShowItLikeYouBuildIt v0.2.0 @ Base.Pkg.Entry entry.jl:543
[ Info: Installing SortingAlgorithms v0.2.0 @ Base.Pkg.Entry entry.jl:543
[ Info: Installing SpecialFunctions v0.3.7 @ Base.Pkg.Entry entry.jl:543
[ Info: Installing StatsBase v0.19.5 @ Base.Pkg.Entry entry.jl:543
[ Info: Installing URIParser v0.3.0 @ Base.Pkg.Entry entry.jl:543
[ Info: Installing WeakRefStrings v0.2.0 @ Base.Pkg.Entry entry.jl:543
[ Info: Installing WoodburyMatrices v0.2.2 @ Base.Pkg.Entry entry.jl:543
[ Info: Installing WriteVTK v0.6.1 @ Base.Pkg.Entry entry.jl:543
[ Info: Building SpecialFunctions @ Main none:10
WARNING: importing deprecated binding Base.Associative into BinDeps.
WARNING: Base.Associative is deprecated, use AbstractDict instead.
  likely near /home/vagrant/.julia/v0.7/SpecialFunctions/deps/binaries.jl:44
in @install at /home/vagrant/.julia/v0.7/BinDeps/src/dependencies.jl
┌ Warning: `unshift!` is deprecated, use `pushfirst!` instead.
│   caller = #_find_library#48(::Type, ::Function, ::BinDeps.LibraryDependency) at dependencies.jl:652
└ @ BinDeps dependencies.jl:652
┌ Warning: `unshift!` is deprecated, use `pushfirst!` instead.
│   caller = #_find_library#48(::DataType, ::Function, ::BinDeps.LibraryDependency) at dependencies.jl:652
└ @ BinDeps dependencies.jl:652
[ Info: Building LightXML @ Main none:10
┌ Warning: `is_windows` is deprecated, use `Sys.iswindows` instead.
│   caller = top-level scope
└ @ Core :0
[ Info: Package database updated @ Base.Pkg.Entry entry.jl:32
┌ Info: METADATA is out-of-date — you may not have the latest version of PtFEM
│ Use `Pkg.update()` to get the latest versions of your packages
└ @ Base.Pkg.Entry entry.jl:74

>>> 'Pkg.test("PtFEM")' log
Julia Version 0.7.0-DEV.3309
Commit b96097b66f (2018-01-07 00:26 UTC)
Platform Info:
  OS: Linux (x86_64-pc-linux-gnu)
      Ubuntu 14.04.5 LTS
  uname: Linux 3.13.0-135-generic #184-Ubuntu SMP Wed Oct 18 11:55:51 UTC 2017 x86_64 x86_64
  CPU: Intel(R) Xeon(R) CPU E3-1241 v3 @ 3.50GHz: 
              speed         user         nice          sys         idle          irq
       #1  3499 MHz    1027744 s         65 s      57307 s     303805 s          6 s
       #2  3499 MHz     183476 s         88 s      23631 s    1407273 s          0 s
       
  Memory: 2.93927001953125 GB (889.84765625 MB free)
  Uptime: 16366.0 sec
  Load Avg:  0.861328125  0.95361328125  0.94970703125
  WORD_SIZE: 64
  BLAS: libopenblas (USE64BITINT DYNAMIC_ARCH NO_AFFINITY Nehalem)
  LAPACK: libopenblas64_
  LIBM: libopenlibm
  LLVM: libLLVM-3.9.1 (ORCJIT, haswell)
Environment:
  TERM = vt100
  LD_LIBRARY_PATH = :/usr/local/lib/
  PATH = /usr/local/sbin:/usr/local/bin:/usr/sbin:/usr/bin:/sbin:/bin:/usr/games:/usr/local/games:/home/vagrant/julia/bin/
  JAVA_HOME = /usr/lib/jvm/java-8-openjdk-amd64
  HOME = /home/vagrant
Packages:
  Package Directory: /home/vagrant/.julia/v0.7
  Package Status:
2 required packages:
 - JSON                          0.16.3
 - PtFEM                         0.0.3
36 additional packages:
 - AxisAlgorithms                0.2.0
 - BinDeps                       0.8.2
 - BufferedStreams               0.3.3
 - Calculus                      0.2.2
 - CategoricalArrays             0.1.6
 - Codecs                        0.4.0
 - Compat                        0.43.0
 - DataArrays                    0.6.2
 - DataFrames                    0.10.1
 - DataStreams                   0.1.3
 - DataStructures                0.7.4
 - DataTables                    0.0.3
 - DocStringExtensions           0.4.1
 - Documenter                    0.12.5
 - DualNumbers                   0.3.0
 - FileIO                        0.6.1
 - GZip                          0.3.0
 - Interpolations                0.7.2
 - Libz                          0.2.4
 - LightXML                      0.5.0
 - NaNMath                       0.3.0
 - NullableArrays                0.1.2
 - Nullables                     0.0.2
 - OffsetArrays                  0.4.2
 - QuadGK                        0.2.0
 - Ratios                        0.2.0
 - Reexport                      0.1.0
 - SHA                           0.5.2
 - ShowItLikeYouBuildIt          0.2.0
 - SortingAlgorithms             0.2.0
 - SpecialFunctions              0.3.7
 - StatsBase                     0.19.5
 - URIParser                     0.3.0
 - WeakRefStrings                0.2.0
 - WoodburyMatrices              0.2.2
 - WriteVTK                      0.6.1
[ Info: Testing PtFEM @ Base.Pkg.Entry entry.jl:723
WARNING: Method definition #sort(Any, typeof(Base.sort), Base.Dict{K, V} where V where K) in module DataStructures overwritten in module DataStructures.
WARNING: Method definition sort(Base.Dict{K, V} where V where K) in module DataStructures at /home/vagrant/.julia/v0.7/DataStructures/src/dict_sorting.jl:27 overwritten in module DataStructures at /home/vagrant/.julia/v0.7/DataStructures/src/dict_sorting.jl:27.
[ Warning: Replacing module `DataStructures` @ Base loading.jl:350
┌ Warning: `using A.B` will only be allowed for modules, not single bindings. Use `using A: B` instead
│   caller = ip:0x0
└ @ Core :-1
WARNING: Method definition #sort(Any, typeof(Base.sort), Base.Dict{K, V} where V where K) in module DataStructures overwritten in module DataStructures.
WARNING: Method definition sort(Base.Dict{K, V} where V where K) in module DataStructures at /home/vagrant/.julia/v0.7/DataStructures/src/dict_sorting.jl:27 overwritten in module DataStructures at /home/vagrant/.julia/v0.7/DataStructures/src/dict_sorting.jl:27.
[ Warning: Replacing module `DataStructures` @ Base loading.jl:350
┌ Warning: Deprecated syntax `immutable` at /home/vagrant/.julia/v0.7/NullableArrays/src/typedefs.jl:39.
│ Use `struct` instead.
└ @ nothing typedefs.jl:39
┌ Warning: `include_string(string)` is deprecated, use `include_string(module, string)` instead.
│   caller = top-level scope at typedefs.jl:18
└ @ Core typedefs.jl:18
┌ Warning: Deprecated syntax `immutable` at string:1.
│ Use `struct` instead.
└ @ nothing string:1
WARNING: importing deprecated binding Base.Nullable into NullableArrays.
ERROR: LoadError: LoadError: LoadError: TypeError: in Type{...} expression, expected UnionAll, got typeof(Base.Nullable)
Stacktrace:
 [1] top-level scope
 [2] include_string(::Module, ::String, ::String) at ./loading.jl:485
 [3] include_string(::String) at ./deprecated.jl:1185
 [4] top-level scope at /home/vagrant/.julia/v0.7/NullableArrays/src/typedefs.jl:18
 [5] include at ./boot.jl:295 [inlined]
 [6] include_relative(::Module, ::String) at ./loading.jl:521
 [7] include at ./sysimg.jl:26 [inlined]
 [8] include(::String) at /home/vagrant/.julia/v0.7/NullableArrays/src/NullableArrays.jl:3
 [9] top-level scope
 [10] include at ./boot.jl:295 [inlined]
 [11] include_relative(::Module, ::String) at ./loading.jl:521
 [12] include(::Module, ::String) at ./sysimg.jl:26
 [13] top-level scope
 [14] eval at ./boot.jl:298 [inlined]
 [15] top-level scope at ./<missing>:2
in expression starting at string:1
in expression starting at /home/vagrant/.julia/v0.7/NullableArrays/src/typedefs.jl:18
in expression starting at /home/vagrant/.julia/v0.7/NullableArrays/src/NullableArrays.jl:24
ERROR: LoadError: Failed to precompile NullableArrays to /home/vagrant/.julia/lib/v0.7/NullableArrays.ji.
Stacktrace:
 [1] error at ./error.jl:33 [inlined]
 [2] compilecache(::String) at ./loading.jl:648
 [3] compilecache at ./loading.jl:605 [inlined]
 [4] _require(::Symbol) at ./loading.jl:440
 [5] require(::Symbol) at ./loading.jl:333
 [6] include at ./boot.jl:295 [inlined]
 [7] include_relative(::Module, ::String) at ./loading.jl:521
 [8] include(::Module, ::String) at ./sysimg.jl:26
 [9] top-level scope
 [10] eval at ./boot.jl:298 [inlined]
 [11] top-level scope at ./<missing>:2
in expression starting at /home/vagrant/.julia/v0.7/DataTables/src/DataTables.jl:15
ERROR: LoadError: LoadError: Failed to precompile DataTables to /home/vagrant/.julia/lib/v0.7/DataTables.ji.
Stacktrace:
 [1] error at ./error.jl:33 [inlined]
 [2] compilecache(::String) at ./loading.jl:648
 [3] compilecache at ./loading.jl:605 [inlined]
 [4] _require(::Symbol) at ./loading.jl:460
 [5] require(::Symbol) at ./loading.jl:333
 [6] include at ./boot.jl:295 [inlined]
 [7] include_relative(::Module, ::String) at ./loading.jl:521
 [8] _require(::Symbol) at ./loading.jl:453
 [9] require(::Symbol) at ./loading.jl:333
 [10] include at ./boot.jl:295 [inlined]
 [11] include_relative(::Module, ::String) at ./loading.jl:521
 [12] include(::Module, ::String) at ./sysimg.jl:26
 [13] process_options(::Base.JLOptions) at ./client.jl:324
 [14] _start() at ./client.jl:375
in expression starting at /home/vagrant/.julia/v0.7/PtFEM/src/PtFEM.jl:3
in expression starting at /home/vagrant/.julia/v0.7/PtFEM/test/runtests.jl:1
┌ Error: ------------------------------------------------------------
│ # Testing failed for PtFEM
│   exception = ErrorException("failed process: Process(`/home/vagrant/julia/bin/julia -Cnative -J/home/vagrant/julia/lib/julia/sys.so --compile=yes --depwarn=yes --code-coverage=none --color=no --compiled-modules=yes --check-bounds=yes --warn-overwrite=yes --startup-file=yes /home/vagrant/.julia/v0.7/PtFEM/test/runtests.jl`, ProcessExited(1)) [1]")
└ @ Base.Pkg.Entry entry.jl:739
ERROR: PtFEM had test errors

>>> End of log
