>>> 'Pkg.add("PublicSuffix")' log
[ Info: Cloning cache of PublicSuffix from https://github.com/tanmaykm/PublicSuffix.jl.git
[ Info: Installing PublicSuffix v0.0.2
[ Info: Package database updated

>>> 'Pkg.test("PublicSuffix")' log
Julia Version 0.7.0-DEV.3519
Commit 5ecba29832 (2018-01-22 20:58 UTC)
Platform Info:
  OS: Linux (x86_64-pc-linux-gnu)
      Ubuntu 14.04.5 LTS
  uname: Linux 3.13.0-135-generic #184-Ubuntu SMP Wed Oct 18 11:55:51 UTC 2017 x86_64 x86_64
  CPU: Intel(R) Xeon(R) CPU E3-1241 v3 @ 3.50GHz: 
              speed         user         nice          sys         idle          irq
       #1  3500 MHz    1066308 s         74 s      59911 s     371192 s         13 s
       #2  3500 MHz     237082 s         94 s      26148 s    1463889 s          0 s
       
  Memory: 2.93927001953125 GB (956.0078125 MB free)
  Uptime: 17536.0 sec
  Load Avg:  0.923828125  0.962890625  0.95166015625
  WORD_SIZE: 64
  LIBM: libopenlibm
  LLVM: libLLVM-3.9.1 (ORCJIT, haswell)
Environment:
  TERM = vt100
  LD_LIBRARY_PATH = :/usr/local/lib/
  PATH = /usr/local/sbin:/usr/local/bin:/usr/sbin:/usr/bin:/sbin:/bin:/usr/games:/usr/local/games:/home/vagrant/julia/bin/
  JAVA_HOME = /usr/lib/jvm/java-8-openjdk-amd64
  HOME = /home/vagrant
Packages:
  Package Directory: /home/vagrant/.julia/v0.7
  Package Status:
2 required packages:
 - JSON                          0.16.4
 - PublicSuffix                  0.0.2
2 additional packages:
 - Compat                        0.49.0
 - Nullables                     0.0.3
[ Info: Testing PublicSuffix
┌ Warning: Deprecated syntax `type` at /home/vagrant/.julia/v0.7/PublicSuffix/src/PublicSuffix.jl:10.
│ Use `mutable struct` instead.
└ @ nothing PublicSuffix.jl:10
┌ Warning: Deprecated syntax `type` at /home/vagrant/.julia/v0.7/PublicSuffix/src/PublicSuffix.jl:17.
│ Use `mutable struct` instead.
└ @ nothing PublicSuffix.jl:17
┌ Warning: Deprecated syntax `type` at /home/vagrant/.julia/v0.7/PublicSuffix/src/PublicSuffix.jl:67.
│ Use `mutable struct` instead.
└ @ nothing PublicSuffix.jl:67
WARNING: Base.Test is deprecated, run `using Test` instead.
  likely near /home/vagrant/.julia/v0.7/PublicSuffix/test/test.jl:2
testing existing tld: com
testing existing tld: co.uk
testing existing tld: in
testing existing tld: org
testing non existing tld: uk
testing non existing tld: sdfdsfsdfdsf.in
Test Failed at /home/vagrant/.julia/v0.7/PublicSuffix/test/test.jl:27
  Expression: d.typ == IPv4
   Evaluated: Domain == IPv4
ERROR: LoadError: LoadError: There was an error during testing
in expression starting at /home/vagrant/.julia/v0.7/PublicSuffix/test/test.jl:27
in expression starting at /home/vagrant/.julia/v0.7/PublicSuffix/test/runtests.jl:1
┌ Error: ------------------------------------------------------------
│ # Testing failed for PublicSuffix
│   exception =
│    failed process: Process(`/home/vagrant/julia/bin/julia -Cnative -J/home/vagrant/julia/lib/julia/sys.so --compile=yes --depwarn=yes --code-coverage=none --color=no --compiled-modules=yes --check-bounds=yes --warn-overwrite=yes --startup-file=yes /home/vagrant/.julia/v0.7/PublicSuffix/test/runtests.jl`, ProcessExited(1)) [1]
│    Stacktrace:
│     [1] error(::String, ::Base.Process, ::String, ::Int64, ::String) at ./error.jl:42
│     [2] pipeline_error(::Base.Process) at ./process.jl:698
│     [3] run(::Cmd) at ./process.jl:660
│     [4] (::getfield(Base.Pkg.Entry, Symbol("##89#92")){Bool,String,Array{AbstractString,1}})() at ./pkg/entry.jl:729
│     [5] cd(::getfield(Base.Pkg.Entry, Symbol("##89#92")){Bool,String,Array{AbstractString,1}}, ::String) at ./file.jl:70
│     [6] #test!#88(::Bool, ::Function, ::String, ::Array{AbstractString,1}, ::Array{AbstractString,1}, ::Array{AbstractString,1}) at ./pkg/entry.jl:717
│     [7] (::getfield(Base.Pkg.Entry, Symbol("#kw##test!")))(::NamedTuple{(:coverage,),Tuple{Bool}}, ::typeof(Base.Pkg.Entry.test!), ::String, ::Array{AbstractString,1}, ::Array{AbstractString,1}, ::Array{AbstractString,1}) at ./<missing>:0
│     [8] #test#96(::Bool, ::Function, ::Array{AbstractString,1}) at ./pkg/entry.jl:756
│     [9] (::getfield(Base.Pkg.Entry, Symbol("#kw##test")))(::NamedTuple{(:coverage,),Tuple{Bool}}, ::typeof(Base.Pkg.Entry.test), ::Array{AbstractString,1}) at ./<missing>:0
│     [10] (::getfield(Base.Pkg.Dir, Symbol("##4#7")){Base.Iterators.IndexValue{Symbol,Bool,Tuple{Symbol},NamedTuple{(:coverage,),Tuple{Bool}}},typeof(Base.Pkg.Entry.test),Tuple{Array{AbstractString,1}}})() at ./pkg/dir.jl:36
│     [11] cd(::getfield(Base.Pkg.Dir, Symbol("##4#7")){Base.Iterators.IndexValue{Symbol,Bool,Tuple{Symbol},NamedTuple{(:coverage,),Tuple{Bool}}},typeof(Base.Pkg.Entry.test),Tuple{Array{AbstractString,1}}}, ::String) at ./file.jl:70
│     [12] #cd#1(::Base.Iterators.IndexValue{Symbol,Bool,Tuple{Symbol},NamedTuple{(:coverage,),Tuple{Bool}}}, ::Function, ::Function, ::Array{AbstractString,1}, ::Vararg{Array{AbstractString,1},N} where N) at ./pkg/dir.jl:36
│     [13] (::getfield(Base.Pkg.Dir, Symbol("#kw##cd")))(::NamedTuple{(:coverage,),Tuple{Bool}}, ::typeof(Base.Pkg.Dir.cd), ::Function, ::Array{AbstractString,1}, ::Vararg{Array{AbstractString,1},N} where N) at ./<missing>:0
│     [14] #test#3(::Bool, ::Function, ::String, ::Vararg{String,N} where N) at ./pkg/pkg.jl:274
│     [15] test(::String, ::Vararg{String,N} where N) at ./pkg/pkg.jl:274
│     [16] top-level scope
│     [17] eval at ./boot.jl:295 [inlined]
│     [18] eval(::Module, ::Expr) at ./sysimg.jl:71
│     [19] process_options(::Base.JLOptions) at ./client.jl:311
│     [20] _start() at ./client.jl:386
└ @ Base.Pkg.Entry entry.jl:732
ERROR: PublicSuffix had test errors

>>> End of log
