>>> 'Pkg.add("Push")' log
INFO: Cloning cache of Push from https://github.com/ChrisTimperley/Push.jl.git
INFO: Installing Push v0.0.1
INFO: Package database updated

>>> 'Pkg.test("Push")' log
Julia Version 0.5.0-dev+4281
Commit a0661a0 (2016-05-23 13:30 UTC)
Platform Info:
  System: Linux (x86_64-unknown-linux-gnu)
  CPU: Intel(R) Xeon(R) CPU E3-1241 v3 @ 3.50GHz
  WORD_SIZE: 64
  BLAS: libopenblas (USE64BITINT DYNAMIC_ARCH NO_AFFINITY Nehalem)
  LAPACK: libopenblas64_
  LIBM: libopenlibm
  LLVM: libLLVM-3.7.1 (ORCJIT, haswell)
INFO: Testing Push
Running tests:
  * test_boolean.jl...
WARNING: Base.FloatingPoint is deprecated, use AbstractFloat instead.
  likely near /home/vagrant/.julia/v0.5/Push/src/random.jl:12

WARNING: deprecated syntax "{}" at /home/vagrant/.julia/v0.5/Push/src/list.jl:5.
Use "[]" instead.

WARNING: deprecated syntax "{}" at /home/vagrant/.julia/v0.5/Push/src/list.jl:20.
Use "[]" instead.

WARNING: deprecated syntax "{}" at /home/vagrant/.julia/v0.5/Push/src/list.jl:24.
Use "[]" instead.

WARNING: deprecated syntax "{a,b, ...}" at /home/vagrant/.julia/v0.5/Push/src/instructions/code.jl:8.
Use "Any[a,b, ...]" instead.

WARNING: deprecated syntax "{a,b, ...}" at /home/vagrant/.julia/v0.5/Push/src/instructions/code.jl:9.
Use "Any[a,b, ...]" instead.

WARNING: deprecated syntax "{}" at /home/vagrant/.julia/v0.5/Push/src/instructions/code.jl:17.
Use "[]" instead.

WARNING: deprecated syntax "{}" at /home/vagrant/.julia/v0.5/Push/src/instructions/code.jl:23.
Use "[]" instead.

WARNING: deprecated syntax "{a,b, ...}" at /home/vagrant/.julia/v0.5/Push/src/instructions/code.jl:31.
Use "Any[a,b, ...]" instead.

WARNING: deprecated syntax "{a,b, ...}" at /home/vagrant/.julia/v0.5/Push/src/instructions/code.jl:31.
Use "Any[a,b, ...]" instead.

WARNING: deprecated syntax "{a,b, ...}" at /home/vagrant/.julia/v0.5/Push/src/instructions/code.jl:45.
Use "Any[a,b, ...]" instead.

WARNING: deprecated syntax "{a,b, ...}" at /home/vagrant/.julia/v0.5/Push/src/instructions/code.jl:46.
Use "Any[a,b, ...]" instead.

WARNING: deprecated syntax "{a,b, ...}" at /home/vagrant/.julia/v0.5/Push/src/instructions/code.jl:97.
Use "Any[a,b, ...]" instead.

WARNING: deprecated syntax "{a,b, ...}" at /home/vagrant/.julia/v0.5/Push/src/instructions/code.jl:166.
Use "Any[a,b, ...]" instead.

WARNING: deprecated syntax "{a,b, ...}" at /home/vagrant/.julia/v0.5/Push/src/instructions/code.jl:170.
Use "Any[a,b, ...]" instead.

WARNING: deprecated syntax "{}" at /home/vagrant/.julia/v0.5/Push/src/instructions/code.jl:178.
Use "[]" instead.

WARNING: deprecated syntax "{}" at /home/vagrant/.julia/v0.5/Push/src/instructions/code.jl:189.
Use "[]" instead.

WARNING: deprecated syntax "{a,b, ...}" at /home/vagrant/.julia/v0.5/Push/src/instructions/exec.jl:20.
Use "Any[a,b, ...]" instead.

WARNING: deprecated syntax "{a,b, ...}" at /home/vagrant/.julia/v0.5/Push/src/instructions/exec.jl:26.
Use "Any[a,b, ...]" instead.

WARNING: deprecated syntax "{a,b, ...}" at /home/vagrant/.julia/v0.5/Push/src/instructions/exec.jl:58.
Use "Any[a,b, ...]" instead.

WARNING: deprecated syntax "{a,b, ...}" at /home/vagrant/.julia/v0.5/Push/src/instructions/exec.jl:73.
Use "Any[a,b, ...]" instead.
WARNING: int(s::AbstractString) is deprecated, use parse(Int,s) instead.
 in depwarn(::String, ::Symbol) at ./deprecated.jl:64
 in int(::String) at ./deprecated.jl:50
 in set!(::Push.Parameters, ::String, ::String) at /home/vagrant/.julia/v0.5/Push/src/parameters.jl:68
 in set!(::Push.Parameters, ::Dict{String,String}) at /home/vagrant/.julia/v0.5/Push/src/parameters.jl:58
 in configure(::Push.Configuration) at /home/vagrant/.julia/v0.5/Push/src/configuration.jl:50
 in run(::String, ::Push.Configuration) at /home/vagrant/.julia/v0.5/Push/src/execute.jl:4
 in include_from_node1(::String) at ./loading.jl:426
 in macro expansion; at /home/vagrant/.julia/v0.5/Push/test/runtests.jl:18 [inlined]
 in anonymous at ./<missing>:?
 in include_from_node1(::String) at ./loading.jl:426
 in process_options(::Base.JLOptions) at ./client.jl:266
 in _start() at ./client.jl:322
while loading /home/vagrant/.julia/v0.5/Push/test/test_boolean.jl, in expression starting on line 9
WARNING: int(s::AbstractString) is deprecated, use parse(Int,s) instead.
 in depwarn(::String, ::Symbol) at ./deprecated.jl:64
 in int(::String) at ./deprecated.jl:50
 in set!(::Push.Parameters, ::String, ::String) at /home/vagrant/.julia/v0.5/Push/src/parameters.jl:70
 in set!(::Push.Parameters, ::Dict{String,String}) at /home/vagrant/.julia/v0.5/Push/src/parameters.jl:58
 in configure(::Push.Configuration) at /home/vagrant/.julia/v0.5/Push/src/configuration.jl:50
 in run(::String, ::Push.Configuration) at /home/vagrant/.julia/v0.5/Push/src/execute.jl:4
 in include_from_node1(::String) at ./loading.jl:426
 in macro expansion; at /home/vagrant/.julia/v0.5/Push/test/runtests.jl:18 [inlined]
 in anonymous at ./<missing>:?
 in include_from_node1(::String) at ./loading.jl:426
 in process_options(::Base.JLOptions) at ./client.jl:266
 in _start() at ./client.jl:322
while loading /home/vagrant/.julia/v0.5/Push/test/test_boolean.jl, in expression starting on line 9
WARNING: int(s::AbstractString) is deprecated, use parse(Int,s) instead.
 in depwarn(::String, ::Symbol) at ./deprecated.jl:64
 in int(::String) at ./deprecated.jl:50
 in set!(::Push.Parameters, ::String, ::String) at /home/vagrant/.julia/v0.5/Push/src/parameters.jl:78
 in set!(::Push.Parameters, ::Dict{String,String}) at /home/vagrant/.julia/v0.5/Push/src/parameters.jl:58
 in configure(::Push.Configuration) at /home/vagrant/.julia/v0.5/Push/src/configuration.jl:50
 in run(::String, ::Push.Configuration) at /home/vagrant/.julia/v0.5/Push/src/execute.jl:4
 in include_from_node1(::String) at ./loading.jl:426
 in macro expansion; at /home/vagrant/.julia/v0.5/Push/test/runtests.jl:18 [inlined]
 in anonymous at ./<missing>:?
 in include_from_node1(::String) at ./loading.jl:426
 in process_options(::Base.JLOptions) at ./client.jl:266
 in _start() at ./client.jl:322
while loading /home/vagrant/.julia/v0.5/Push/test/test_boolean.jl, in expression starting on line 9
WARNING: int(s::AbstractString) is deprecated, use parse(Int,s) instead.
 in depwarn(::String, ::Symbol) at ./deprecated.jl:64
 in int(::String) at ./deprecated.jl:50
 in set!(::Push.Parameters, ::String, ::String) at /home/vagrant/.julia/v0.5/Push/src/parameters.jl:76
 in set!(::Push.Parameters, ::Dict{String,String}) at /home/vagrant/.julia/v0.5/Push/src/parameters.jl:58
 in configure(::Push.Configuration) at /home/vagrant/.julia/v0.5/Push/src/configuration.jl:50
 in run(::String, ::Push.Configuration) at /home/vagrant/.julia/v0.5/Push/src/execute.jl:4
 in include_from_node1(::String) at ./loading.jl:426
 in macro expansion; at /home/vagrant/.julia/v0.5/Push/test/runtests.jl:18 [inlined]
 in anonymous at ./<missing>:?
 in include_from_node1(::String) at ./loading.jl:426
 in process_options(::Base.JLOptions) at ./client.jl:266
 in _start() at ./client.jl:322
while loading /home/vagrant/.julia/v0.5/Push/test/test_boolean.jl, in expression starting on line 9
WARNING: int(s::AbstractString) is deprecated, use parse(Int,s) instead.
 in depwarn(::String, ::Symbol) at ./deprecated.jl:64
 in int(::String) at ./deprecated.jl:50
 in parse(::Array{String,1}) at /home/vagrant/.julia/v0.5/Push/src/parser.jl:27
 in run(::String, ::Push.Configuration) at /home/vagrant/.julia/v0.5/Push/src/execute.jl:4
 in include_from_node1(::String) at ./loading.jl:426
 in macro expansion; at /home/vagrant/.julia/v0.5/Push/test/runtests.jl:18 [inlined]
 in anonymous at ./<missing>:?
 in include_from_node1(::String) at ./loading.jl:426
 in process_options(::Base.JLOptions) at ./client.jl:266
 in _start() at ./client.jl:322
while loading /home/vagrant/.julia/v0.5/Push/test/test_boolean.jl, in expression starting on line 55
WARNING: randbool() is deprecated, use rand(Bool) instead.
 in depwarn(::String, ::Symbol) at ./deprecated.jl:64
 in randbool() at ./deprecated.jl:50
 in BOOLEAN_RAND(::Push.State) at /home/vagrant/.julia/v0.5/Push/src/instructions/boolean.jl:49
 in execute(::Push.State, ::Symbol) at /home/vagrant/.julia/v0.5/Push/src/execute.jl:45
 in execute(::Push.State) at /home/vagrant/.julia/v0.5/Push/src/execute.jl:19
 in run(::Array{Any,1}, ::Push.State) at /home/vagrant/.julia/v0.5/Push/src/execute.jl:8
 in run(::String, ::Push.Configuration) at /home/vagrant/.julia/v0.5/Push/src/execute.jl:4
 in include_from_node1(::String) at ./loading.jl:426
 in macro expansion; at /home/vagrant/.julia/v0.5/Push/test/runtests.jl:18 [inlined]
 in anonymous at ./<missing>:?
 in include_from_node1(::String) at ./loading.jl:426
 in process_options(::Base.JLOptions) at ./client.jl:266
 in _start() at ./client.jl:322
while loading /home/vagrant/.julia/v0.5/Push/test/test_boolean.jl, in expression starting on line 89
  * test_code.jl...

WARNING: deprecated syntax "{a,b, ...}" at /home/vagrant/.julia/v0.5/Push/test/test_code.jl:9.
Use "Any[a,b, ...]" instead.

WARNING: deprecated syntax "{a,b, ...}" at /home/vagrant/.julia/v0.5/Push/test/test_code.jl:11.
Use "Any[a,b, ...]" instead.

WARNING: deprecated syntax "{a,b, ...}" at /home/vagrant/.julia/v0.5/Push/test/test_code.jl:13.
Use "Any[a,b, ...]" instead.

WARNING: deprecated syntax "{a,b, ...}" at /home/vagrant/.julia/v0.5/Push/test/test_code.jl:15.
Use "Any[a,b, ...]" instead.

WARNING: deprecated syntax "{a,b, ...}" at /home/vagrant/.julia/v0.5/Push/test/test_code.jl:17.
Use "Any[a,b, ...]" instead.

WARNING: deprecated syntax "{a,b, ...}" at /home/vagrant/.julia/v0.5/Push/test/test_code.jl:19.
Use "Any[a,b, ...]" instead.

WARNING: deprecated syntax "{a,b, ...}" at /home/vagrant/.julia/v0.5/Push/test/test_code.jl:19.
Use "Any[a,b, ...]" instead.

WARNING: deprecated syntax "{a,b, ...}" at /home/vagrant/.julia/v0.5/Push/test/test_code.jl:31.
Use "Any[a,b, ...]" instead.

WARNING: deprecated syntax "{a,b, ...}" at /home/vagrant/.julia/v0.5/Push/test/test_code.jl:31.
Use "Any[a,b, ...]" instead.

WARNING: deprecated syntax "{a,b, ...}" at /home/vagrant/.julia/v0.5/Push/test/test_code.jl:33.
Use "Any[a,b, ...]" instead.

WARNING: deprecated syntax "{a,b, ...}" at /home/vagrant/.julia/v0.5/Push/test/test_code.jl:33.
Use "Any[a,b, ...]" instead.

WARNING: deprecated syntax "{a,b, ...}" at /home/vagrant/.julia/v0.5/Push/test/test_code.jl:35.
Use "Any[a,b, ...]" instead.

WARNING: deprecated syntax "{a,b, ...}" at /home/vagrant/.julia/v0.5/Push/test/test_code.jl:35.
Use "Any[a,b, ...]" instead.

WARNING: deprecated syntax "{a,b, ...}" at /home/vagrant/.julia/v0.5/Push/test/test_code.jl:37.
Use "Any[a,b, ...]" instead.

WARNING: deprecated syntax "{a,b, ...}" at /home/vagrant/.julia/v0.5/Push/test/test_code.jl:60.
Use "Any[a,b, ...]" instead.

WARNING: deprecated syntax "{a,b, ...}" at /home/vagrant/.julia/v0.5/Push/test/test_code.jl:64.
Use "Any[a,b, ...]" instead.

WARNING: deprecated syntax "{}" at /home/vagrant/.julia/v0.5/Push/test/test_code.jl:66.
Use "[]" instead.

WARNING: deprecated syntax "{a,b, ...}" at /home/vagrant/.julia/v0.5/Push/test/test_code.jl:66.
Use "Any[a,b, ...]" instead.

WARNING: deprecated syntax "{}" at /home/vagrant/.julia/v0.5/Push/test/test_code.jl:72.
Use "[]" instead.

WARNING: deprecated syntax "{a,b, ...}" at /home/vagrant/.julia/v0.5/Push/test/test_code.jl:72.
Use "Any[a,b, ...]" instead.

WARNING: deprecated syntax "{}" at /home/vagrant/.julia/v0.5/Push/test/test_code.jl:74.
Use "[]" instead.

WARNING: deprecated syntax "{a,b, ...}" at /home/vagrant/.julia/v0.5/Push/test/test_code.jl:74.
Use "Any[a,b, ...]" instead.

WARNING: deprecated syntax "{a,b, ...}" at /home/vagrant/.julia/v0.5/Push/test/test_code.jl:76.
Use "Any[a,b, ...]" instead.

WARNING: deprecated syntax "{a,b, ...}" at /home/vagrant/.julia/v0.5/Push/test/test_code.jl:76.
Use "Any[a,b, ...]" instead.

WARNING: deprecated syntax "{a,b, ...}" at /home/vagrant/.julia/v0.5/Push/test/test_code.jl:80.
Use "Any[a,b, ...]" instead.

WARNING: deprecated syntax "{a,b, ...}" at /home/vagrant/.julia/v0.5/Push/test/test_code.jl:80.
Use "Any[a,b, ...]" instead.

WARNING: deprecated syntax "{a,b, ...}" at /home/vagrant/.julia/v0.5/Push/test/test_code.jl:82.
Use "Any[a,b, ...]" instead.

WARNING: deprecated syntax "{a,b, ...}" at /home/vagrant/.julia/v0.5/Push/test/test_code.jl:84.
Use "Any[a,b, ...]" instead.

WARNING: deprecated syntax "{a,b, ...}" at /home/vagrant/.julia/v0.5/Push/test/test_code.jl:84.
Use "Any[a,b, ...]" instead.

WARNING: deprecated syntax "{a,b, ...}" at /home/vagrant/.julia/v0.5/Push/test/test_code.jl:84.
Use "Any[a,b, ...]" instead.

WARNING: deprecated syntax "{a,b, ...}" at /home/vagrant/.julia/v0.5/Push/test/test_code.jl:86.
Use "Any[a,b, ...]" instead.

WARNING: deprecated syntax "{a,b, ...}" at /home/vagrant/.julia/v0.5/Push/test/test_code.jl:86.
Use "Any[a,b, ...]" instead.

WARNING: deprecated syntax "{a,b, ...}" at /home/vagrant/.julia/v0.5/Push/test/test_code.jl:88.
Use "Any[a,b, ...]" instead.

WARNING: deprecated syntax "{a,b, ...}" at /home/vagrant/.julia/v0.5/Push/test/test_code.jl:88.
Use "Any[a,b, ...]" instead.

WARNING: deprecated syntax "{a,b, ...}" at /home/vagrant/.julia/v0.5/Push/test/test_code.jl:88.
Use "Any[a,b, ...]" instead.

WARNING: deprecated syntax "{a,b, ...}" at /home/vagrant/.julia/v0.5/Push/test/test_code.jl:94.
Use "Any[a,b, ...]" instead.

WARNING: deprecated syntax "{a,b, ...}" at /home/vagrant/.julia/v0.5/Push/test/test_code.jl:100.
Use "Any[a,b, ...]" instead.

WARNING: deprecated syntax "{a,b, ...}" at /home/vagrant/.julia/v0.5/Push/test/test_code.jl:100.
Use "Any[a,b, ...]" instead.

WARNING: deprecated syntax "{a,b, ...}" at /home/vagrant/.julia/v0.5/Push/test/test_code.jl:102.
Use "Any[a,b, ...]" instead.

WARNING: deprecated syntax "{a,b, ...}" at /home/vagrant/.julia/v0.5/Push/test/test_code.jl:102.
Use "Any[a,b, ...]" instead.

WARNING: deprecated syntax "{a,b, ...}" at /home/vagrant/.julia/v0.5/Push/test/test_code.jl:104.
Use "Any[a,b, ...]" instead.

WARNING: deprecated syntax "{a,b, ...}" at /home/vagrant/.julia/v0.5/Push/test/test_code.jl:106.
Use "Any[a,b, ...]" instead.

WARNING: deprecated syntax "{a,b, ...}" at /home/vagrant/.julia/v0.5/Push/test/test_code.jl:108.
Use "Any[a,b, ...]" instead.

WARNING: deprecated syntax "{a,b, ...}" at /home/vagrant/.julia/v0.5/Push/test/test_code.jl:110.
Use "Any[a,b, ...]" instead.

WARNING: deprecated syntax "{a,b, ...}" at /home/vagrant/.julia/v0.5/Push/test/test_code.jl:112.
Use "Any[a,b, ...]" instead.

WARNING: deprecated syntax "{a,b, ...}" at /home/vagrant/.julia/v0.5/Push/test/test_code.jl:112.
Use "Any[a,b, ...]" instead.

WARNING: deprecated syntax "{a,b, ...}" at /home/vagrant/.julia/v0.5/Push/test/test_code.jl:114.
Use "Any[a,b, ...]" instead.

WARNING: deprecated syntax "{a,b, ...}" at /home/vagrant/.julia/v0.5/Push/test/test_code.jl:116.
Use "Any[a,b, ...]" instead.

WARNING: deprecated syntax "{a,b, ...}" at /home/vagrant/.julia/v0.5/Push/test/test_code.jl:118.
Use "Any[a,b, ...]" instead.

WARNING: deprecated syntax "{a,b, ...}" at /home/vagrant/.julia/v0.5/Push/test/test_code.jl:120.
Use "Any[a,b, ...]" instead.

WARNING: deprecated syntax "{a,b, ...}" at /home/vagrant/.julia/v0.5/Push/test/test_code.jl:120.
Use "Any[a,b, ...]" instead.

WARNING: deprecated syntax "{a,b, ...}" at /home/vagrant/.julia/v0.5/Push/test/test_code.jl:122.
Use "Any[a,b, ...]" instead.

WARNING: deprecated syntax "{a,b, ...}" at /home/vagrant/.julia/v0.5/Push/test/test_code.jl:124.
Use "Any[a,b, ...]" instead.

WARNING: deprecated syntax "{a,b, ...}" at /home/vagrant/.julia/v0.5/Push/test/test_code.jl:126.
Use "Any[a,b, ...]" instead.

WARNING: deprecated syntax "{a,b, ...}" at /home/vagrant/.julia/v0.5/Push/test/test_code.jl:126.
Use "Any[a,b, ...]" instead.

WARNING: deprecated syntax "{a,b, ...}" at /home/vagrant/.julia/v0.5/Push/test/test_code.jl:128.
Use "Any[a,b, ...]" instead.

WARNING: deprecated syntax "{a,b, ...}" at /home/vagrant/.julia/v0.5/Push/test/test_code.jl:130.
Use "Any[a,b, ...]" instead.

WARNING: deprecated syntax "{}" at /home/vagrant/.julia/v0.5/Push/test/test_code.jl:134.
Use "[]" instead.

WARNING: deprecated syntax "{}" at /home/vagrant/.julia/v0.5/Push/test/test_code.jl:136.
Use "[]" instead.

WARNING: deprecated syntax "{a,b, ...}" at /home/vagrant/.julia/v0.5/Push/test/test_code.jl:140.
Use "Any[a,b, ...]" instead.

WARNING: deprecated syntax "{a,b, ...}" at /home/vagrant/.julia/v0.5/Push/test/test_code.jl:142.
Use "Any[a,b, ...]" instead.

WARNING: deprecated syntax "{a,b, ...}" at /home/vagrant/.julia/v0.5/Push/test/test_code.jl:142.
Use "Any[a,b, ...]" instead.

WARNING: deprecated syntax "{a,b, ...}" at /home/vagrant/.julia/v0.5/Push/test/test_code.jl:144.
Use "Any[a,b, ...]" instead.

WARNING: deprecated syntax "{a,b, ...}" at /home/vagrant/.julia/v0.5/Push/test/test_code.jl:144.
Use "Any[a,b, ...]" instead.

WARNING: deprecated syntax "{a,b, ...}" at /home/vagrant/.julia/v0.5/Push/test/test_code.jl:148.
Use "Any[a,b, ...]" instead.

WARNING: deprecated syntax "{a,b, ...}" at /home/vagrant/.julia/v0.5/Push/test/test_code.jl:150.
Use "Any[a,b, ...]" instead.

WARNING: deprecated syntax "{a,b, ...}" at /home/vagrant/.julia/v0.5/Push/test/test_code.jl:150.
Use "Any[a,b, ...]" instead.

WARNING: deprecated syntax "{a,b, ...}" at /home/vagrant/.julia/v0.5/Push/test/test_code.jl:152.
Use "Any[a,b, ...]" instead.

WARNING: deprecated syntax "{a,b, ...}" at /home/vagrant/.julia/v0.5/Push/test/test_code.jl:152.
Use "Any[a,b, ...]" instead.

WARNING: deprecated syntax "{a,b, ...}" at /home/vagrant/.julia/v0.5/Push/test/test_code.jl:158.
Use "Any[a,b, ...]" instead.

WARNING: deprecated syntax "{a,b, ...}" at /home/vagrant/.julia/v0.5/Push/test/test_code.jl:162.
Use "Any[a,b, ...]" instead.

WARNING: deprecated syntax "{a,b, ...}" at /home/vagrant/.julia/v0.5/Push/test/test_code.jl:164.
Use "Any[a,b, ...]" instead.

WARNING: deprecated syntax "{a,b, ...}" at /home/vagrant/.julia/v0.5/Push/test/test_code.jl:164.
Use "Any[a,b, ...]" instead.

WARNING: deprecated syntax "{a,b, ...}" at /home/vagrant/.julia/v0.5/Push/test/test_code.jl:166.
Use "Any[a,b, ...]" instead.

WARNING: deprecated syntax "{a,b, ...}" at /home/vagrant/.julia/v0.5/Push/test/test_code.jl:168.
Use "Any[a,b, ...]" instead.

WARNING: deprecated syntax "{a,b, ...}" at /home/vagrant/.julia/v0.5/Push/test/test_code.jl:174.
Use "Any[a,b, ...]" instead.

WARNING: deprecated syntax "{a,b, ...}" at /home/vagrant/.julia/v0.5/Push/test/test_code.jl:176.
Use "Any[a,b, ...]" instead.

WARNING: deprecated syntax "{a,b, ...}" at /home/vagrant/.julia/v0.5/Push/test/test_code.jl:178.
Use "Any[a,b, ...]" instead.

WARNING: deprecated syntax "{a,b, ...}" at /home/vagrant/.julia/v0.5/Push/test/test_code.jl:180.
Use "Any[a,b, ...]" instead.

WARNING: deprecated syntax "{a,b, ...}" at /home/vagrant/.julia/v0.5/Push/test/test_code.jl:184.
Use "Any[a,b, ...]" instead.

WARNING: deprecated syntax "{a,b, ...}" at /home/vagrant/.julia/v0.5/Push/test/test_code.jl:186.
Use "Any[a,b, ...]" instead.

WARNING: deprecated syntax "{a,b, ...}" at /home/vagrant/.julia/v0.5/Push/test/test_code.jl:186.
Use "Any[a,b, ...]" instead.

WARNING: deprecated syntax "{a,b, ...}" at /home/vagrant/.julia/v0.5/Push/test/test_code.jl:188.
Use "Any[a,b, ...]" instead.

WARNING: deprecated syntax "{a,b, ...}" at /home/vagrant/.julia/v0.5/Push/test/test_code.jl:188.
Use "Any[a,b, ...]" instead.

WARNING: deprecated syntax "{a,b, ...}" at /home/vagrant/.julia/v0.5/Push/test/test_code.jl:188.
Use "Any[a,b, ...]" instead.

WARNING: deprecated syntax "{a,b, ...}" at /home/vagrant/.julia/v0.5/Push/test/test_code.jl:188.
Use "Any[a,b, ...]" instead.

WARNING: deprecated syntax "{a,b, ...}" at /home/vagrant/.julia/v0.5/Push/test/test_code.jl:190.
Use "Any[a,b, ...]" instead.

WARNING: deprecated syntax "{a,b, ...}" at /home/vagrant/.julia/v0.5/Push/test/test_code.jl:190.
Use "Any[a,b, ...]" instead.

WARNING: deprecated syntax "{a,b, ...}" at /home/vagrant/.julia/v0.5/Push/test/test_code.jl:190.
Use "Any[a,b, ...]" instead.

WARNING: deprecated syntax "{a,b, ...}" at /home/vagrant/.julia/v0.5/Push/test/test_code.jl:196.
Use "Any[a,b, ...]" instead.

WARNING: deprecated syntax "{a,b, ...}" at /home/vagrant/.julia/v0.5/Push/test/test_code.jl:202.
Use "Any[a,b, ...]" instead.

WARNING: deprecated syntax "{a,b, ...}" at /home/vagrant/.julia/v0.5/Push/test/test_code.jl:204.
Use "Any[a,b, ...]" instead.

WARNING: deprecated syntax "{}" at /home/vagrant/.julia/v0.5/Push/test/test_code.jl:206.
Use "[]" instead.

WARNING: deprecated syntax "{a,b, ...}" at /home/vagrant/.julia/v0.5/Push/test/test_code.jl:206.
Use "Any[a,b, ...]" instead.

WARNING: deprecated syntax "{a,b, ...}" at /home/vagrant/.julia/v0.5/Push/test/test_code.jl:208.
Use "Any[a,b, ...]" instead.

WARNING: deprecated syntax "{a,b, ...}" at /home/vagrant/.julia/v0.5/Push/test/test_code.jl:208.
Use "Any[a,b, ...]" instead.

WARNING: deprecated syntax "{a,b, ...}" at /home/vagrant/.julia/v0.5/Push/test/test_code.jl:210.
Use "Any[a,b, ...]" instead.

WARNING: deprecated syntax "{a,b, ...}" at /home/vagrant/.julia/v0.5/Push/test/test_code.jl:212.
Use "Any[a,b, ...]" instead.

WARNING: deprecated syntax "{a,b, ...}" at /home/vagrant/.julia/v0.5/Push/test/test_code.jl:214.
Use "Any[a,b, ...]" instead.

WARNING: deprecated syntax "{a,b, ...}" at /home/vagrant/.julia/v0.5/Push/test/test_code.jl:216.
Use "Any[a,b, ...]" instead.

WARNING: deprecated syntax "{a,b, ...}" at /home/vagrant/.julia/v0.5/Push/test/test_code.jl:218.
Use "Any[a,b, ...]" instead.

WARNING: deprecated syntax "{a,b, ...}" at /home/vagrant/.julia/v0.5/Push/test/test_code.jl:232.
Use "Any[a,b, ...]" instead.

WARNING: deprecated syntax "{a,b, ...}" at /home/vagrant/.julia/v0.5/Push/test/test_code.jl:236.
Use "Any[a,b, ...]" instead.

WARNING: deprecated syntax "{a,b, ...}" at /home/vagrant/.julia/v0.5/Push/test/test_code.jl:238.
Use "Any[a,b, ...]" instead.

WARNING: deprecated syntax "{a,b, ...}" at /home/vagrant/.julia/v0.5/Push/test/test_code.jl:242.
Use "Any[a,b, ...]" instead.

WARNING: deprecated syntax "{a,b, ...}" at /home/vagrant/.julia/v0.5/Push/test/test_code.jl:244.
Use "Any[a,b, ...]" instead.

WARNING: deprecated syntax "{a,b, ...}" at /home/vagrant/.julia/v0.5/Push/test/test_code.jl:246.
Use "Any[a,b, ...]" instead.

WARNING: deprecated syntax "{a,b, ...}" at /home/vagrant/.julia/v0.5/Push/test/test_code.jl:248.
Use "Any[a,b, ...]" instead.

WARNING: deprecated syntax "{a,b, ...}" at /home/vagrant/.julia/v0.5/Push/test/test_code.jl:254.
Use "Any[a,b, ...]" instead.

WARNING: deprecated syntax "{a,b, ...}" at /home/vagrant/.julia/v0.5/Push/test/test_code.jl:256.
Use "Any[a,b, ...]" instead.

WARNING: deprecated syntax "{a,b, ...}" at /home/vagrant/.julia/v0.5/Push/test/test_code.jl:258.
Use "Any[a,b, ...]" instead.

WARNING: deprecated syntax "{a,b, ...}" at /home/vagrant/.julia/v0.5/Push/test/test_code.jl:262.
Use "Any[a,b, ...]" instead.

WARNING: deprecated syntax "{a,b, ...}" at /home/vagrant/.julia/v0.5/Push/test/test_code.jl:264.
Use "Any[a,b, ...]" instead.

WARNING: deprecated syntax "{a,b, ...}" at /home/vagrant/.julia/v0.5/Push/test/test_code.jl:268.
Use "Any[a,b, ...]" instead.

WARNING: deprecated syntax "{a,b, ...}" at /home/vagrant/.julia/v0.5/Push/test/test_code.jl:270.
Use "Any[a,b, ...]" instead.

WARNING: deprecated syntax "{a,b, ...}" at /home/vagrant/.julia/v0.5/Push/test/test_code.jl:272.
Use "Any[a,b, ...]" instead.

WARNING: deprecated syntax "{a,b, ...}" at /home/vagrant/.julia/v0.5/Push/test/test_code.jl:278.
Use "Any[a,b, ...]" instead.

WARNING: deprecated syntax "{a,b, ...}" at /home/vagrant/.julia/v0.5/Push/test/test_code.jl:280.
Use "Any[a,b, ...]" instead.

WARNING: deprecated syntax "{a,b, ...}" at /home/vagrant/.julia/v0.5/Push/test/test_code.jl:282.
Use "Any[a,b, ...]" instead.

WARNING: deprecated syntax "{a,b, ...}" at /home/vagrant/.julia/v0.5/Push/test/test_code.jl:286.
Use "Any[a,b, ...]" instead.

WARNING: deprecated syntax "{a,b, ...}" at /home/vagrant/.julia/v0.5/Push/test/test_code.jl:286.
Use "Any[a,b, ...]" instead.

WARNING: deprecated syntax "{a,b, ...}" at /home/vagrant/.julia/v0.5/Push/test/test_code.jl:288.
Use "Any[a,b, ...]" instead.

WARNING: deprecated syntax "{a,b, ...}" at /home/vagrant/.julia/v0.5/Push/test/test_code.jl:288.
Use "Any[a,b, ...]" instead.

WARNING: deprecated syntax "{a,b, ...}" at /home/vagrant/.julia/v0.5/Push/test/test_code.jl:288.
Use "Any[a,b, ...]" instead.

WARNING: deprecated syntax "{a,b, ...}" at /home/vagrant/.julia/v0.5/Push/test/test_code.jl:290.
Use "Any[a,b, ...]" instead.

WARNING: deprecated syntax "{a,b, ...}" at /home/vagrant/.julia/v0.5/Push/test/test_code.jl:294.
Use "Any[a,b, ...]" instead.

WARNING: deprecated syntax "{a,b, ...}" at /home/vagrant/.julia/v0.5/Push/test/test_code.jl:294.
Use "Any[a,b, ...]" instead.

WARNING: deprecated syntax "{a,b, ...}" at /home/vagrant/.julia/v0.5/Push/test/test_code.jl:296.
Use "Any[a,b, ...]" instead.

WARNING: deprecated syntax "{a,b, ...}" at /home/vagrant/.julia/v0.5/Push/test/test_code.jl:300.
Use "Any[a,b, ...]" instead.

WARNING: deprecated syntax "{a,b, ...}" at /home/vagrant/.julia/v0.5/Push/test/test_code.jl:300.
Use "Any[a,b, ...]" instead.

WARNING: deprecated syntax "{a,b, ...}" at /home/vagrant/.julia/v0.5/Push/test/test_code.jl:304.
Use "Any[a,b, ...]" instead.

WARNING: deprecated syntax "{a,b, ...}" at /home/vagrant/.julia/v0.5/Push/test/test_code.jl:306.
Use "Any[a,b, ...]" instead.

WARNING: deprecated syntax "{a,b, ...}" at /home/vagrant/.julia/v0.5/Push/test/test_code.jl:308.
Use "Any[a,b, ...]" instead.

WARNING: deprecated syntax "{a,b, ...}" at /home/vagrant/.julia/v0.5/Push/test/test_code.jl:312.
Use "Any[a,b, ...]" instead.

WARNING: deprecated syntax "{a,b, ...}" at /home/vagrant/.julia/v0.5/Push/test/test_code.jl:312.
Use "Any[a,b, ...]" instead.

WARNING: deprecated syntax "{}" at /home/vagrant/.julia/v0.5/Push/test/test_code.jl:314.
Use "[]" instead.

WARNING: deprecated syntax "{a,b, ...}" at /home/vagrant/.julia/v0.5/Push/test/test_code.jl:314.
Use "Any[a,b, ...]" instead.

WARNING: deprecated syntax "{}" at /home/vagrant/.julia/v0.5/Push/test/test_code.jl:316.
Use "[]" instead.

WARNING: deprecated syntax "{a,b, ...}" at /home/vagrant/.julia/v0.5/Push/test/test_code.jl:316.
Use "Any[a,b, ...]" instead.

WARNING: deprecated syntax "{a,b, ...}" at /home/vagrant/.julia/v0.5/Push/test/test_code.jl:318.
Use "Any[a,b, ...]" instead.

WARNING: deprecated syntax "{a,b, ...}" at /home/vagrant/.julia/v0.5/Push/test/test_code.jl:318.
Use "Any[a,b, ...]" instead.

WARNING: deprecated syntax "{a,b, ...}" at /home/vagrant/.julia/v0.5/Push/test/test_code.jl:320.
Use "Any[a,b, ...]" instead.

WARNING: deprecated syntax "{a,b, ...}" at /home/vagrant/.julia/v0.5/Push/test/test_code.jl:320.
Use "Any[a,b, ...]" instead.

WARNING: deprecated syntax "{a,b, ...}" at /home/vagrant/.julia/v0.5/Push/test/test_code.jl:322.
Use "Any[a,b, ...]" instead.

WARNING: deprecated syntax "{a,b, ...}" at /home/vagrant/.julia/v0.5/Push/test/test_code.jl:322.
Use "Any[a,b, ...]" instead.

WARNING: deprecated syntax "{a,b, ...}" at /home/vagrant/.julia/v0.5/Push/test/test_code.jl:324.
Use "Any[a,b, ...]" instead.

WARNING: deprecated syntax "{a,b, ...}" at /home/vagrant/.julia/v0.5/Push/test/test_code.jl:324.
Use "Any[a,b, ...]" instead.

WARNING: deprecated syntax "{}" at /home/vagrant/.julia/v0.5/Push/test/test_code.jl:326.
Use "[]" instead.

WARNING: deprecated syntax "{a,b, ...}" at /home/vagrant/.julia/v0.5/Push/test/test_code.jl:326.
Use "Any[a,b, ...]" instead.

WARNING: deprecated syntax "{}" at /home/vagrant/.julia/v0.5/Push/test/test_code.jl:328.
Use "[]" instead.

WARNING: deprecated syntax "{a,b, ...}" at /home/vagrant/.julia/v0.5/Push/test/test_code.jl:328.
Use "Any[a,b, ...]" instead.

WARNING: deprecated syntax "{a,b, ...}" at /home/vagrant/.julia/v0.5/Push/test/test_code.jl:330.
Use "Any[a,b, ...]" instead.

WARNING: deprecated syntax "{a,b, ...}" at /home/vagrant/.julia/v0.5/Push/test/test_code.jl:330.
Use "Any[a,b, ...]" instead.

WARNING: deprecated syntax "{a,b, ...}" at /home/vagrant/.julia/v0.5/Push/test/test_code.jl:332.
Use "Any[a,b, ...]" instead.

WARNING: deprecated syntax "{a,b, ...}" at /home/vagrant/.julia/v0.5/Push/test/test_code.jl:332.
Use "Any[a,b, ...]" instead.

WARNING: deprecated syntax "{a,b, ...}" at /home/vagrant/.julia/v0.5/Push/test/test_code.jl:336.
Use "Any[a,b, ...]" instead.

WARNING: deprecated syntax "{a,b, ...}" at /home/vagrant/.julia/v0.5/Push/test/test_code.jl:338.
Use "Any[a,b, ...]" instead.

WARNING: deprecated syntax "{a,b, ...}" at /home/vagrant/.julia/v0.5/Push/test/test_code.jl:340.
Use "Any[a,b, ...]" instead.

WARNING: deprecated syntax "{a,b, ...}" at /home/vagrant/.julia/v0.5/Push/test/test_code.jl:342.
Use "Any[a,b, ...]" instead.

WARNING: deprecated syntax "{a,b, ...}" at /home/vagrant/.julia/v0.5/Push/test/test_code.jl:344.
Use "Any[a,b, ...]" instead.

WARNING: deprecated syntax "{a,b, ...}" at /home/vagrant/.julia/v0.5/Push/test/test_code.jl:346.
Use "Any[a,b, ...]" instead.

WARNING: deprecated syntax "{a,b, ...}" at /home/vagrant/.julia/v0.5/Push/test/test_code.jl:348.
Use "Any[a,b, ...]" instead.

WARNING: deprecated syntax "{a,b, ...}" at /home/vagrant/.julia/v0.5/Push/test/test_code.jl:352.
Use "Any[a,b, ...]" instead.

WARNING: deprecated syntax "{a,b, ...}" at /home/vagrant/.julia/v0.5/Push/test/test_code.jl:354.
Use "Any[a,b, ...]" instead.

WARNING: deprecated syntax "{a,b, ...}" at /home/vagrant/.julia/v0.5/Push/test/test_code.jl:356.
Use "Any[a,b, ...]" instead.

WARNING: deprecated syntax "{a,b, ...}" at /home/vagrant/.julia/v0.5/Push/test/test_code.jl:358.
Use "Any[a,b, ...]" instead.

WARNING: deprecated syntax "{a,b, ...}" at /home/vagrant/.julia/v0.5/Push/test/test_code.jl:360.
Use "Any[a,b, ...]" instead.

WARNING: deprecated syntax "{a,b, ...}" at /home/vagrant/.julia/v0.5/Push/test/test_code.jl:362.
Use "Any[a,b, ...]" instead.

WARNING: deprecated syntax "{a,b, ...}" at /home/vagrant/.julia/v0.5/Push/test/test_code.jl:364.
Use "Any[a,b, ...]" instead.

WARNING: deprecated syntax "{a,b, ...}" at /home/vagrant/.julia/v0.5/Push/test/test_code.jl:368.
Use "Any[a,b, ...]" instead.

WARNING: deprecated syntax "{a,b, ...}" at /home/vagrant/.julia/v0.5/Push/test/test_code.jl:370.
Use "Any[a,b, ...]" instead.

WARNING: deprecated syntax "{a,b, ...}" at /home/vagrant/.julia/v0.5/Push/test/test_code.jl:372.
Use "Any[a,b, ...]" instead.

WARNING: deprecated syntax "{a,b, ...}" at /home/vagrant/.julia/v0.5/Push/test/test_code.jl:374.
Use "Any[a,b, ...]" instead.

WARNING: deprecated syntax "{a,b, ...}" at /home/vagrant/.julia/v0.5/Push/test/test_code.jl:376.
Use "Any[a,b, ...]" instead.

WARNING: deprecated syntax "{a,b, ...}" at /home/vagrant/.julia/v0.5/Push/test/test_code.jl:378.
Use "Any[a,b, ...]" instead.

WARNING: deprecated syntax "{a,b, ...}" at /home/vagrant/.julia/v0.5/Push/test/test_code.jl:380.
Use "Any[a,b, ...]" instead.

WARNING: deprecated syntax "{a,b, ...}" at /home/vagrant/.julia/v0.5/Push/test/test_code.jl:387.
Use "Any[a,b, ...]" instead.

WARNING: deprecated syntax "{a,b, ...}" at /home/vagrant/.julia/v0.5/Push/test/test_code.jl:387.
Use "Any[a,b, ...]" instead.

WARNING: deprecated syntax "{a,b, ...}" at /home/vagrant/.julia/v0.5/Push/test/test_code.jl:389.
Use "Any[a,b, ...]" instead.

WARNING: deprecated syntax "{a,b, ...}" at /home/vagrant/.julia/v0.5/Push/test/test_code.jl:391.
Use "Any[a,b, ...]" instead.

WARNING: deprecated syntax "{a,b, ...}" at /home/vagrant/.julia/v0.5/Push/test/test_code.jl:391.
Use "Any[a,b, ...]" instead.

WARNING: deprecated syntax "{a,b, ...}" at /home/vagrant/.julia/v0.5/Push/test/test_code.jl:391.
Use "Any[a,b, ...]" instead.

WARNING: deprecated syntax "{a,b, ...}" at /home/vagrant/.julia/v0.5/Push/test/test_code.jl:391.
Use "Any[a,b, ...]" instead.

WARNING: deprecated syntax "{a,b, ...}" at /home/vagrant/.julia/v0.5/Push/test/test_code.jl:393.
Use "Any[a,b, ...]" instead.

WARNING: deprecated syntax "{a,b, ...}" at /home/vagrant/.julia/v0.5/Push/test/test_code.jl:393.
Use "Any[a,b, ...]" instead.

WARNING: deprecated syntax "{a,b, ...}" at /home/vagrant/.julia/v0.5/Push/test/test_code.jl:393.
Use "Any[a,b, ...]" instead.

WARNING: deprecated syntax "{a,b, ...}" at /home/vagrant/.julia/v0.5/Push/test/test_code.jl:393.
Use "Any[a,b, ...]" instead.

WARNING: deprecated syntax "{a,b, ...}" at /home/vagrant/.julia/v0.5/Push/test/test_code.jl:395.
Use "Any[a,b, ...]" instead.

WARNING: deprecated syntax "{a,b, ...}" at /home/vagrant/.julia/v0.5/Push/test/test_code.jl:395.
Use "Any[a,b, ...]" instead.

WARNING: deprecated syntax "{a,b, ...}" at /home/vagrant/.julia/v0.5/Push/test/test_code.jl:395.
Use "Any[a,b, ...]" instead.

WARNING: deprecated syntax "{a,b, ...}" at /home/vagrant/.julia/v0.5/Push/test/test_code.jl:395.
Use "Any[a,b, ...]" instead.

WARNING: deprecated syntax "{a,b, ...}" at /home/vagrant/.julia/v0.5/Push/test/test_code.jl:395.
Use "Any[a,b, ...]" instead.

WARNING: deprecated syntax "{a,b, ...}" at /home/vagrant/.julia/v0.5/Push/test/test_code.jl:397.
Use "Any[a,b, ...]" instead.

WARNING: deprecated syntax "{a,b, ...}" at /home/vagrant/.julia/v0.5/Push/test/test_code.jl:397.
Use "Any[a,b, ...]" instead.

WARNING: deprecated syntax "{a,b, ...}" at /home/vagrant/.julia/v0.5/Push/test/test_code.jl:397.
Use "Any[a,b, ...]" instead.

WARNING: deprecated syntax "{a,b, ...}" at /home/vagrant/.julia/v0.5/Push/test/test_code.jl:397.
Use "Any[a,b, ...]" instead.

WARNING: deprecated syntax "{a,b, ...}" at /home/vagrant/.julia/v0.5/Push/test/test_code.jl:397.
Use "Any[a,b, ...]" instead.

WARNING: deprecated syntax "{a,b, ...}" at /home/vagrant/.julia/v0.5/Push/test/test_code.jl:399.
Use "Any[a,b, ...]" instead.

WARNING: deprecated syntax "{a,b, ...}" at /home/vagrant/.julia/v0.5/Push/test/test_code.jl:399.
Use "Any[a,b, ...]" instead.

WARNING: deprecated syntax "{a,b, ...}" at /home/vagrant/.julia/v0.5/Push/test/test_code.jl:399.
Use "Any[a,b, ...]" instead.

WARNING: deprecated syntax "{a,b, ...}" at /home/vagrant/.julia/v0.5/Push/test/test_code.jl:399.
Use "Any[a,b, ...]" instead.

WARNING: deprecated syntax "{a,b, ...}" at /home/vagrant/.julia/v0.5/Push/test/test_code.jl:401.
Use "Any[a,b, ...]" instead.

WARNING: deprecated syntax "{a,b, ...}" at /home/vagrant/.julia/v0.5/Push/test/test_code.jl:401.
Use "Any[a,b, ...]" instead.

WARNING: deprecated syntax "{a,b, ...}" at /home/vagrant/.julia/v0.5/Push/test/test_code.jl:401.
Use "Any[a,b, ...]" instead.

WARNING: deprecated syntax "{a,b, ...}" at /home/vagrant/.julia/v0.5/Push/test/test_code.jl:401.
Use "Any[a,b, ...]" instead.

WARNING: deprecated syntax "{a,b, ...}" at /home/vagrant/.julia/v0.5/Push/test/test_code.jl:403.
Use "Any[a,b, ...]" instead.

WARNING: deprecated syntax "{a,b, ...}" at /home/vagrant/.julia/v0.5/Push/test/test_code.jl:405.
Use "Any[a,b, ...]" instead.

WARNING: deprecated syntax "{a,b, ...}" at /home/vagrant/.julia/v0.5/Push/test/test_code.jl:405.
Use "Any[a,b, ...]" instead.

WARNING: deprecated syntax "{a,b, ...}" at /home/vagrant/.julia/v0.5/Push/test/test_code.jl:407.
Use "Any[a,b, ...]" instead.

WARNING: deprecated syntax "{a,b, ...}" at /home/vagrant/.julia/v0.5/Push/test/test_code.jl:407.
Use "Any[a,b, ...]" instead.

WARNING: deprecated syntax "{}" at /home/vagrant/.julia/v0.5/Push/test/test_code.jl:415.
Use "[]" instead.

WARNING: deprecated syntax "{a,b, ...}" at /home/vagrant/.julia/v0.5/Push/test/test_code.jl:415.
Use "Any[a,b, ...]" instead.

WARNING: deprecated syntax "{a,b, ...}" at /home/vagrant/.julia/v0.5/Push/test/test_code.jl:417.
Use "Any[a,b, ...]" instead.

WARNING: deprecated syntax "{a,b, ...}" at /home/vagrant/.julia/v0.5/Push/test/test_code.jl:417.
Use "Any[a,b, ...]" instead.

WARNING: deprecated syntax "{a,b, ...}" at /home/vagrant/.julia/v0.5/Push/test/test_code.jl:419.
Use "Any[a,b, ...]" instead.

WARNING: deprecated syntax "{a,b, ...}" at /home/vagrant/.julia/v0.5/Push/test/test_code.jl:419.
Use "Any[a,b, ...]" instead.

WARNING: deprecated syntax "{a,b, ...}" at /home/vagrant/.julia/v0.5/Push/test/test_code.jl:419.
Use "Any[a,b, ...]" instead.

WARNING: deprecated syntax "{a,b, ...}" at /home/vagrant/.julia/v0.5/Push/test/test_code.jl:421.
Use "Any[a,b, ...]" instead.

WARNING: deprecated syntax "{a,b, ...}" at /home/vagrant/.julia/v0.5/Push/test/test_code.jl:421.
Use "Any[a,b, ...]" instead.

WARNING: deprecated syntax "{a,b, ...}" at /home/vagrant/.julia/v0.5/Push/test/test_code.jl:425.
Use "Any[a,b, ...]" instead.

WARNING: deprecated syntax "{a,b, ...}" at /home/vagrant/.julia/v0.5/Push/test/test_code.jl:427.
Use "Any[a,b, ...]" instead.

WARNING: deprecated syntax "{a,b, ...}" at /home/vagrant/.julia/v0.5/Push/test/test_code.jl:429.
Use "Any[a,b, ...]" instead.

WARNING: deprecated syntax "{a,b, ...}" at /home/vagrant/.julia/v0.5/Push/test/test_code.jl:433.
Use "Any[a,b, ...]" instead.

WARNING: deprecated syntax "{a,b, ...}" at /home/vagrant/.julia/v0.5/Push/test/test_code.jl:433.
Use "Any[a,b, ...]" instead.

WARNING: deprecated syntax "{a,b, ...}" at /home/vagrant/.julia/v0.5/Push/test/test_code.jl:477.
Use "Any[a,b, ...]" instead.
  * test_configuration.jl...

WARNING: deprecated syntax "[a=>b, ...]" at /home/vagrant/.julia/v0.5/Push/test/test_configuration.jl:22.
Use "Dict(a=>b, ...)" instead.
  * test_exec.jl...

WARNING: deprecated syntax "{a,b, ...}" at /home/vagrant/.julia/v0.5/Push/test/test_exec.jl:10.
Use "Any[a,b, ...]" instead.

WARNING: deprecated syntax "{a,b, ...}" at /home/vagrant/.julia/v0.5/Push/test/test_exec.jl:12.
Use "Any[a,b, ...]" instead.

WARNING: deprecated syntax "{}" at /home/vagrant/.julia/v0.5/Push/test/test_exec.jl:14.
Use "[]" instead.

WARNING: deprecated syntax "{a,b, ...}" at /home/vagrant/.julia/v0.5/Push/test/test_exec.jl:42.
Use "Any[a,b, ...]" instead.

WARNING: deprecated syntax "{a,b, ...}" at /home/vagrant/.julia/v0.5/Push/test/test_exec.jl:44.
Use "Any[a,b, ...]" instead.
ERROR: LoadError: LoadError: MethodError: no method matching copy(::Symbol)
 in EXEC_S(::Push.State) at /home/vagrant/.julia/v0.5/Push/src/instructions/exec.jl:58
 in execute(::Push.State, ::Symbol) at /home/vagrant/.julia/v0.5/Push/src/execute.jl:45
 in execute(::Push.State) at /home/vagrant/.julia/v0.5/Push/src/execute.jl:19
 in run(::Array{Any,1}, ::Push.State) at /home/vagrant/.julia/v0.5/Push/src/execute.jl:8
 in run(::String, ::Push.Configuration) at /home/vagrant/.julia/v0.5/Push/src/execute.jl:4
 in include_from_node1(::String) at ./loading.jl:426
 in macro expansion; at /home/vagrant/.julia/v0.5/Push/test/runtests.jl:18 [inlined]
 in anonymous at ./<missing>:?
 in include_from_node1(::String) at ./loading.jl:426
 in process_options(::Base.JLOptions) at ./client.jl:266
 in _start() at ./client.jl:322
while loading /home/vagrant/.julia/v0.5/Push/test/test_exec.jl, in expression starting on line 114
while loading /home/vagrant/.julia/v0.5/Push/test/runtests.jl, in expression starting on line 15
================================[ ERROR: Push ]=================================

failed process: Process(`/home/vagrant/julia/bin/julia -Cx86-64 -J/home/vagrant/julia/lib/julia/sys.so --compile=yes --check-bounds=yes --code-coverage=none --color=no /home/vagrant/.julia/v0.5/Push/test/runtests.jl`, ProcessExited(1)) [1]

================================================================================
ERROR: Push had test errors
 in #test#49(::Bool, ::Function, ::Array{AbstractString,1}) at ./pkg/entry.jl:693
 in (::Base.Pkg.Entry.#kw##test)(::Array{Any,1}, ::Base.Pkg.Entry.#test, ::Array{AbstractString,1}) at ./null:0
 in (::Base.Pkg.Dir.##2#3{Array{Any,1},Base.Pkg.Entry.#test,Tuple{Array{AbstractString,1}}})() at ./pkg/dir.jl:31
 in cd(::Base.Pkg.Dir.##2#3{Array{Any,1},Base.Pkg.Entry.#test,Tuple{Array{AbstractString,1}}}, ::String) at ./file.jl:59
 in #cd#1(::Array{Any,1}, ::Function, ::Function, ::Array{AbstractString,1}, ::Vararg{Array{AbstractString,1},N}) at ./pkg/dir.jl:31
 in (::Base.Pkg.Dir.#kw##cd)(::Array{Any,1}, ::Base.Pkg.Dir.#cd, ::Function, ::Array{AbstractString,1}, ::Vararg{Array{AbstractString,1},N}) at ./null:0
 in #test#3(::Bool, ::Function, ::String, ::Vararg{String,N}) at ./pkg.jl:245
 in test(::String, ::Vararg{String,N}) at ./pkg.jl:245
 in eval(::Module, ::Any) at ./boot.jl:225
 in process_options(::Base.JLOptions) at ./client.jl:243
 in _start() at ./client.jl:322

>>> End of log
