>>> 'Pkg.add("PValueAdjust")' log
INFO: Installing PValueAdjust v2.0.0
INFO: Package database updated

>>> 'using PValueAdjust' log
Julia Version 0.4.0-dev+1683
Commit 24cc711 (2014-11-19 04:30 UTC)
Platform Info:
  System: Linux (x86_64-unknown-linux-gnu)
  CPU: Intel(R) Xeon(R) CPU E5-2650 0 @ 2.00GHz
  WORD_SIZE: 64
  BLAS: libopenblas (USE64BITINT DYNAMIC_ARCH NO_AFFINITY Sandybridge)
  LAPACK: libopenblas
  LIBM: libopenlibm
  LLVM: libLLVM-3.3

>>> test log
Running tests:
 * bonferroni.jl
 * holm.jl
 * hochberg.jl
 * benjaminiHochberg.jl
 * benjaminiYekutieli.jl
 * padjust.jl
WARNING: @test_throws without an exception type is deprecated;
Use `@test_throws MethodError padjust([1],method=:wat)` instead.
 in backtrace at error.jl:30
 in include at ./boot.jl:242
 in include_from_node1 at ./loading.jl:128
 in anonymous at no file:14
 in include at ./boot.jl:242
 in include_from_node1 at loading.jl:128
 in process_options at ./client.jl:293
 in _start at ./client.jl:375
 in _start_3B_3919 at /home/idunning/julia04/usr/bin/../lib/julia/sys.so
INFO: Testing PValueAdjust
INFO: PValueAdjust tests passed
INFO: No packages to install, update or remove

>>> end of log
