>>> 'Pkg.add("PyLCM")' log
INFO: Cloning cache of PyLCM from https://github.com/rdeits/PyLCM.jl.git
INFO: Installing BinDeps v0.4.7
INFO: Installing CMakeWrapper v0.0.2
INFO: Installing Conda v0.5.3
INFO: Installing DataStructures v0.5.3
INFO: Installing LCMCore v0.0.3
INFO: Installing MacroTools v0.3.6
INFO: Installing Parameters v0.7.2
INFO: Installing PyCall v1.11.1
INFO: Installing PyLCM v0.1.0
INFO: Installing SHA v0.3.2
INFO: Installing URIParser v0.1.8
INFO: Building CMakeWrapper
INFO: Building Conda
INFO: Building LCMCore
-I/usr/include/python2.7 -I/usr/include/x86_64-linux-gnu/python2.7  
-I/usr/include/python2.7 -I/usr/include/x86_64-linux-gnu/python2.7  
-I/usr/include/glib-2.0 -I/usr/lib/x86_64-linux-gnu/glib-2.0/include  
-I/usr/include/glib-2.0 -I/usr/lib/x86_64-linux-gnu/glib-2.0/include  
INFO: Building PyCall
INFO: Using the Python distribution in the Conda package by default.
To use a different Python version, set ENV["PYTHON"]="pythoncommand" and re-run Pkg.build("PyCall").
Fetching package metadata .........
Solving package specifications: .

# All requested packages already installed.
# packages in environment at /home/vagrant/.julia/v0.5/Conda/deps/usr:
#
numpy                     1.12.1                   py27_0  
INFO: PyCall is using /home/vagrant/.julia/v0.5/Conda/deps/usr/bin/python (Python 2.7.13) at /home/vagrant/.julia/v0.5/Conda/deps/usr/bin/python, libpython = /home/vagrant/.julia/v0.5/Conda/deps/usr/lib/libpython2.7
INFO: /home/vagrant/.julia/v0.5/PyCall/deps/deps.jl has not changed
INFO: /home/vagrant/.julia/v0.5/PyCall/deps/PYTHON has not changed
INFO: Package database updated

>>> 'Pkg.test("PyLCM")' log
Julia Version 0.5.1
Commit 6445c82 (2017-03-05 13:25 UTC)
Platform Info:
  OS: Linux (x86_64-pc-linux-gnu)
  CPU: Intel(R) Xeon(R) CPU E3-1241 v3 @ 3.50GHz
  WORD_SIZE: 64
           Ubuntu 14.04.5 LTS
  uname: Linux 3.13.0-116-generic #163-Ubuntu SMP Fri Mar 31 14:13:22 UTC 2017 x86_64 x86_64
Memory: 2.9392738342285156 GB (550.96484375 MB free)
Uptime: 24520.0 sec
Load Avg:  1.01318359375  1.00732421875  0.955078125
Intel(R) Xeon(R) CPU E3-1241 v3 @ 3.50GHz: 
       speed         user         nice          sys         idle          irq
#1  3498 MHz    1489290 s        121 s     148416 s     508786 s         42 s
#2  3498 MHz     401640 s       6237 s      65642 s    1918906 s          0 s

  BLAS: libopenblas (USE64BITINT DYNAMIC_ARCH NO_AFFINITY Nehalem)
  LAPACK: libopenblas64_
  LIBM: libopenlibm
  LLVM: libLLVM-3.7.1 (ORCJIT, haswell)
Environment:
  TERM = vt100
  LD_LIBRARY_PATH = :/usr/local/lib/
  PATH = /usr/local/sbin:/usr/local/bin:/usr/sbin:/usr/bin:/sbin:/bin:/usr/games:/usr/local/games:/home/vagrant/julia/bin/
  JAVA_HOME = /usr/lib/jvm/java-7-oracle
  HOME = /home/vagrant

Package Directory: /home/vagrant/.julia/v0.5
2 required packages:
 - JSON                          0.9.0
 - PyLCM                         0.1.0
11 additional packages:
 - BinDeps                       0.4.7
 - CMakeWrapper                  0.0.2
 - Compat                        0.23.0
 - Conda                         0.5.3
 - DataStructures                0.5.3
 - LCMCore                       0.0.3
 - MacroTools                    0.3.6
 - Parameters                    0.7.2
 - PyCall                        1.11.1
 - SHA                           0.3.2
 - URIParser                     0.1.8
INFO: Testing PyLCM
INFO: PyLCM tests passed

>>> End of log
