>>> 'Pkg.add("PyProj")' log
INFO: Cloning cache of PyProj from https://github.com/kshramt/PyProj.jl.git
INFO: Installing BinDeps v0.8.7
INFO: Installing Conda v0.7.1
INFO: Installing MacroTools v0.4.0
INFO: Installing PyCall v1.15.0
INFO: Installing PyProj v0.0.1
INFO: Installing SHA v0.5.7
INFO: Installing URIParser v0.3.1
INFO: Building Conda
INFO: Building PyCall
INFO: Using the Python distribution in the Conda package by default.
To use a different Python version, set ENV["PYTHON"]="pythoncommand" and re-run Pkg.build("PyCall").
Solving environment: ...working... done

# All requested packages already installed.

INFO: PyCall is using /home/vagrant/.julia/v0.6/Conda/deps/usr/bin/python (Python 2.7.14) at /home/vagrant/.julia/v0.6/Conda/deps/usr/bin/python, libpython = /home/vagrant/.julia/v0.6/Conda/deps/usr/lib/libpython2.7
INFO: /home/vagrant/.julia/v0.6/PyCall/deps/deps.jl has not changed
INFO: /home/vagrant/.julia/v0.6/PyCall/deps/PYTHON has not changed
INFO: Package database updated
INFO: METADATA is out-of-date — you may not have the latest version of PyProj
INFO: Use `Pkg.update()` to get the latest versions of your packages

>>> 'Pkg.test("PyProj")' log
Julia Version 0.6.2
Commit d386e40c17 (2017-12-13 18:08 UTC)
Platform Info:
  OS: Linux (x86_64-pc-linux-gnu)
  CPU: Intel(R) Xeon(R) CPU E3-1241 v3 @ 3.50GHz
  WORD_SIZE: 64
           Ubuntu 14.04.5 LTS
  uname: Linux 3.13.0-143-generic #192-Ubuntu SMP Tue Feb 27 10:45:36 UTC 2018 x86_64 x86_64
Memory: 2.939197540283203 GB (760.48828125 MB free)
Uptime: 28072.0 sec
Load Avg:  1.05712890625  1.107421875  1.0693359375
Intel(R) Xeon(R) CPU E3-1241 v3 @ 3.50GHz: 
       speed         user         nice          sys         idle          irq
#1  3499 MHz    1566160 s       4588 s     103819 s     759285 s         20 s
#2  3499 MHz     366097 s       1175 s      51284 s    2326695 s          0 s

  BLAS: libopenblas (USE64BITINT DYNAMIC_ARCH NO_AFFINITY Nehalem)
  LAPACK: libopenblas64_
  LIBM: libopenlibm
  LLVM: libLLVM-3.9.1 (ORCJIT, haswell)
Environment:
  TERM = vt100
  LD_LIBRARY_PATH = :/usr/local/lib/
  PATH = /usr/local/sbin:/usr/local/bin:/usr/sbin:/usr/bin:/sbin:/bin:/usr/games:/usr/local/games:/home/vagrant/julia/bin/
  JAVA_HOME = /usr/lib/jvm/java-8-openjdk-amd64
  HOME = /home/vagrant

Package Directory: /home/vagrant/.julia/v0.6
2 required packages:
 - JSON                          0.17.2
 - PyProj                        0.0.1
8 additional packages:
 - BinDeps                       0.8.7
 - Compat                        0.63.0
 - Conda                         0.7.1
 - MacroTools                    0.4.0
 - Nullables                     0.0.5
 - PyCall                        1.15.0
 - SHA                           0.5.7
 - URIParser                     0.3.1
INFO: Testing PyProj
INFO: Installing pyproj via the Conda pyproj package...
Solving environment: ...working... done
pyproj 1.9.5.1           |   0% pyproj 1.9.5.1           |   0% pyproj 1.9.5.1#          |  10% pyproj 1.9.5.1##5        |  25% pyproj 1.9.5.1####3      |  44% pyproj 1.9.5.1######1    |  62% pyproj 1.9.5.1#######5   |  75% pyproj 1.9.5.1########4  |  84% pyproj 1.9.5.1#########2 |  92% pyproj 1.9.5.1########## | 100% 

## Package Plan ##

  environment location: /home/vagrant/.julia/v0.6/Conda/deps/usr

  added / updated specs: 
    - pyproj


The following packages will be downloaded:

    package                    |            build
    ---------------------------|-----------------
    pyproj-1.9.5.1             |           py27_0         3.3 MB  conda-forge

The following NEW packages will be INSTALLED:

    pyproj: 1.9.5.1-py27_0 conda-forge


Downloading and Extracting Packages
Preparing transaction: ...working... done
Verifying transaction: ...working... done
Executing transaction: ...working... done
INFO: PyProj tests passed

>>> End of log
