>>> 'Pkg.add("PySide")' log
INFO: Cloning cache of PySide from https://github.com/jverzani/PySide.jl.git
INFO: Installing ArrayViews v0.6.4
INFO: Installing BinDeps v0.3.21
INFO: Installing Conda v0.1.9
INFO: Installing DataArrays v0.2.20
INFO: Installing DataFrames v0.6.10
INFO: Installing Dates v0.4.4
INFO: Installing Docile v0.5.23
INFO: Installing Mustache v0.0.14
INFO: Installing PyCall v1.4.0
INFO: Installing PySide v0.0.2
INFO: Installing Reexport v0.0.3
INFO: Installing SHA v0.1.2
INFO: Installing SortingAlgorithms v0.0.6
INFO: Installing StatsBase v0.8.0
INFO: Installing StatsFuns v0.2.0
INFO: Installing URIParser v0.1.3
INFO: Building PyCall
WARNING: readall is deprecated, use readstring instead.
 [inlined code] from ./error.jl:26
 in depwarn(::ASCIIString, ::Symbol) at ./deprecated.jl:64
 in readall(::Cmd, ::Vararg{Cmd}) at ./deprecated.jl:30
 in (::__anon__.#pyconfigvar#3)(::ASCIIString, ::ASCIIString) at /home/vagrant/.julia/v0.5/PyCall/deps/build.jl:25
 in (::__anon__.#pyconfigvar#3)(::ASCIIString, ::ASCIIString, ::ASCIIString) at /home/vagrant/.julia/v0.5/PyCall/deps/build.jl:26
 [inlined code] from ./stat.jl:100
 in pop!(::Base.EnvHash, ::ASCIIString, ::ASCIIString) at ./<no file>:4294967295
 in include(::ASCIIString) at ./boot.jl:264
 in include_from_node1(::ASCIIString) at ./loading.jl:417
 in eval(::Module, ::Any) at ./boot.jl:267
 [inlined code] from ./sysimg.jl:14
 in evalfile(::ASCIIString, ::Array{UTF8String,1}) at ./loading.jl:433 (repeats 2 times)
 in cd(::##2#4, ::ASCIIString) at ./file.jl:48
 in (::##1#3)(::IOStream) at ./none:13
 in open(::##1#3, ::ASCIIString, ::ASCIIString) at ./iostream.jl:114
 in eval(::Module, ::Any) at ./boot.jl:267
 [inlined code] from ./sysimg.jl:14
 in process_options(::Base.JLOptions) at ./client.jl:239
 in _start() at ./client.jl:318
while loading /home/vagrant/.julia/v0.5/PyCall/deps/build.jl, in expression starting on line 17
INFO: No system-wide Python was found; got the following error:
could not spawn `'' -c "import distutils.sysconfig; print(distutils.sysconfig.get_config_var('VERSION'))"`: no such file or directory (ENOENT)
using the Python distribution in the Conda package
WARNING: isexecutable is deprecated as it implied that the file would actually be executable by the user; consider using `isfile` instead. see also the system man page for `access`
 [inlined code] from ./error.jl:26
 in depwarn(::ASCIIString, ::Symbol) at ./deprecated.jl:64
 [inlined code] from ./deprecated.jl:912
 in _install_conda(::Bool) at /home/vagrant/.julia/v0.5/Conda/src/Conda.jl:119
 [inlined code] from /home/vagrant/.julia/v0.5/Conda/src/Conda.jl:106
 in pop!(::Base.EnvHash, ::ASCIIString, ::ASCIIString) at ./<no file>:4294967295
 in include(::ASCIIString) at ./boot.jl:264
 in include_from_node1(::ASCIIString) at ./loading.jl:417
 in eval(::Module, ::Any) at ./boot.jl:267
 [inlined code] from ./sysimg.jl:14
 in evalfile(::ASCIIString, ::Array{UTF8String,1}) at ./loading.jl:433 (repeats 2 times)
 in cd(::##2#4, ::ASCIIString) at ./file.jl:48
 in (::##1#3)(::IOStream) at ./none:13
 in open(::##1#3, ::ASCIIString, ::ASCIIString) at ./iostream.jl:114
 in eval(::Module, ::Any) at ./boot.jl:267
 [inlined code] from ./sysimg.jl:14
 in process_options(::Base.JLOptions) at ./client.jl:239
 in _start() at ./client.jl:318
while loading /home/vagrant/.julia/v0.5/PyCall/deps/build.jl, in expression starting on line 17
Fetching package metadata: ....
Solving package specifications: .........

# All requested packages already installed.
# packages in environment at /home/vagrant/.julia/v0.5/Conda/deps/usr:
#
numpy                     1.10.4                   py27_1    http://repo.continuum.io/pkgs/free/linux-64/numpy-1.10.4-py27_1.tar.bz2
WARNING: readall is deprecated, use readstring instead.
 [inlined code] from ./error.jl:26
 in depwarn(::ASCIIString, ::Symbol) at ./deprecated.jl:64
 in readall(::Cmd, ::Vararg{Cmd}) at ./deprecated.jl:30
 in (::__anon__.#pysys#4)(::ASCIIString, ::ASCIIString) at /home/vagrant/.julia/v0.5/PyCall/deps/build.jl:30
 in (::__anon__.#find_libpython#5)(::ASCIIString) at /home/vagrant/.julia/v0.5/PyCall/deps/build.jl:48
 [inlined code] from /home/vagrant/.julia/v0.5/PyCall/deps/build.jl:143
 in pop!(::Base.EnvHash, ::ASCIIString, ::ASCIIString) at ./<no file>:4294967295
 in include(::ASCIIString) at ./boot.jl:264
 in include_from_node1(::ASCIIString) at ./loading.jl:417
 in eval(::Module, ::Any) at ./boot.jl:267
 [inlined code] from ./sysimg.jl:14
 in evalfile(::ASCIIString, ::Array{UTF8String,1}) at ./loading.jl:433 (repeats 2 times)
 in cd(::##2#4, ::ASCIIString) at ./file.jl:48
 in (::##1#3)(::IOStream) at ./none:13
 in open(::##1#3, ::ASCIIString, ::ASCIIString) at ./iostream.jl:114
 in eval(::Module, ::Any) at ./boot.jl:267
 [inlined code] from ./sysimg.jl:14
 in process_options(::Base.JLOptions) at ./client.jl:239
 in _start() at ./client.jl:318
while loading /home/vagrant/.julia/v0.5/PyCall/deps/build.jl, in expression starting on line 17
INFO: PyCall is using /home/vagrant/.julia/v0.5/Conda/deps/usr/bin/python (Python 2.7.11) at /home/vagrant/.julia/v0.5/Conda/deps/usr/bin/python, libpython = /home/vagrant/.julia/v0.5/Conda/deps/usr/lib/libpython2.7.so
INFO: Package database updated
INFO: METADATA is out-of-date — you may not have the latest version of PySide
INFO: Use `Pkg.update()` to get the latest versions of your packages

>>> 'Pkg.test("PySide")' log
Package was unable to be tested.
>>> End of log
