>>> 'Pkg.add("QDates")' log
[ Info: Cloning cache of QDates from https://github.com/antimon2/QDates.jl.git @ Base.Pkg.Cache cache.jl:43
[ Info: Installing QDates v0.0.2 @ Base.Pkg.Entry entry.jl:543
[ Info: Building QDates @ Main none:10
┌ Warning: `is_windows` is deprecated, use `Sys.iswindows` instead.
│   caller = top-level scope
└ @ Core :0
┌ Warning: `is_apple` is deprecated, use `Sys.isapple` instead.
│   caller = top-level scope at build.jl:9
└ @ Core build.jl:9
┌ Warning: `is_apple` is deprecated, use `Sys.isapple` instead.
│   caller = top-level scope at build.jl:12
└ @ Core build.jl:12
[ Info: Package database updated @ Base.Pkg.Entry entry.jl:32
┌ Info: METADATA is out-of-date — you may not have the latest version of QDates
│ Use `Pkg.update()` to get the latest versions of your packages
└ @ Base.Pkg.Entry entry.jl:74

>>> 'Pkg.test("QDates")' log
Julia Version 0.7.0-DEV.3299
Commit fb527308bb (2018-01-05 19:41 UTC)
Platform Info:
  OS: Linux (x86_64-pc-linux-gnu)
      Ubuntu 14.04.5 LTS
  uname: Linux 3.13.0-135-generic #184-Ubuntu SMP Wed Oct 18 11:55:51 UTC 2017 x86_64 x86_64
  CPU: Intel(R) Xeon(R) CPU E3-1241 v3 @ 3.50GHz: 
              speed         user         nice          sys         idle          irq
       #1  3500 MHz    1172845 s       6514 s      62730 s     351906 s         10 s
       #2  3500 MHz     214988 s        265 s      26464 s    1595446 s          0 s
       
  Memory: 2.93927001953125 GB (842.32421875 MB free)
  Uptime: 18705.0 sec
  Load Avg:  1.01025390625  1.001953125  0.9599609375
  WORD_SIZE: 64
  BLAS: libopenblas (USE64BITINT DYNAMIC_ARCH NO_AFFINITY Nehalem)
  LAPACK: libopenblas64_
  LIBM: libopenlibm
  LLVM: libLLVM-3.9.1 (ORCJIT, haswell)
Environment:
  TERM = vt100
  LD_LIBRARY_PATH = :/usr/local/lib/
  PATH = /usr/local/sbin:/usr/local/bin:/usr/sbin:/usr/bin:/sbin:/bin:/usr/games:/usr/local/games:/home/vagrant/julia/bin/
  JAVA_HOME = /usr/lib/jvm/java-8-openjdk-amd64
  HOME = /home/vagrant
Packages:
  Package Directory: /home/vagrant/.julia/v0.7
  Package Status:
2 required packages:
 - JSON                          0.16.3
 - QDates                        0.0.2
2 additional packages:
 - Compat                        0.42.0
 - Nullables                     0.0.2
[ Info: Computing test dependencies for QDates... @ Base.Pkg.Entry entry.jl:713
[ Info: No packages to install, update or remove @ Base.Pkg.Entry entry.jl:517
[ Info: Testing QDates @ Base.Pkg.Entry entry.jl:723
┌ Warning: `isdefined(:symbol)` is deprecated, use `@isdefined symbol` instead
│   caller = ip:0x0
└ @ Core :-1
WARNING: importing deprecated binding Base.Void into QDates.
WARNING: Base.Void is deprecated, use Nothing instead.
  likely near /home/vagrant/.julia/v0.7/QDates/src/QDates.jl:16
WARNING: Base.Dates is deprecated, run `using Dates` instead.
  likely near /home/vagrant/.julia/v0.7/QDates/src/QDates.jl:27
┌ Warning: Deprecated syntax `immutable` at /home/vagrant/.julia/v0.7/QDates/src/types.jl:3.
│ Use `struct` instead.
└ @ nothing types.jl:3
WARNING: importing deprecated binding Base.Dates into QDates.
WARNING: Base.Dates is deprecated, run `using Dates` instead.
  likely near /home/vagrant/.julia/v0.7/QDates/src/types.jl:36
WARNING: Base.Dates is deprecated, run `using Dates` instead.
  likely near /home/vagrant/.julia/v0.7/QDates/src/periods.jl:3
WARNING: Base.Dates is deprecated, run `using Dates` instead.
  likely near /home/vagrant/.julia/v0.7/QDates/src/periods.jl:14
WARNING: importing deprecated binding Base.DateTime into QDates.
ERROR: LoadError: LoadError: ArgumentError: invalid type for argument dt in method definition for convert at /home/vagrant/.julia/v0.7/QDates/src/conversions.jl:12
Stacktrace:
 [1] top-level scope
 [2] include at ./boot.jl:295 [inlined]
 [3] include_relative(::Module, ::String) at ./loading.jl:521
 [4] include at ./sysimg.jl:26 [inlined]
 [5] include(::String) at /home/vagrant/.julia/v0.7/QDates/src/QDates.jl:3
 [6] top-level scope
 [7] include at ./boot.jl:295 [inlined]
 [8] include_relative(::Module, ::String) at ./loading.jl:521
 [9] include(::Module, ::String) at ./sysimg.jl:26
 [10] top-level scope
 [11] eval at ./boot.jl:298 [inlined]
 [12] top-level scope at ./<missing>:2
in expression starting at /home/vagrant/.julia/v0.7/QDates/src/conversions.jl:12
in expression starting at /home/vagrant/.julia/v0.7/QDates/src/QDates.jl:60
ERROR: LoadError: Failed to precompile QDates to /home/vagrant/.julia/lib/v0.7/QDates.ji.
Stacktrace:
 [1] error at ./error.jl:33 [inlined]
 [2] compilecache(::String) at ./loading.jl:648
 [3] compilecache at ./loading.jl:605 [inlined]
 [4] _require(::Symbol) at ./loading.jl:460
 [5] require(::Symbol) at ./loading.jl:333
 [6] include at ./boot.jl:295 [inlined]
 [7] include_relative(::Module, ::String) at ./loading.jl:521
 [8] include(::Module, ::String) at ./sysimg.jl:26
 [9] process_options(::Base.JLOptions) at ./client.jl:323
 [10] _start() at ./client.jl:374
in expression starting at /home/vagrant/.julia/v0.7/QDates/test/runtests.jl:1
┌ Error: ------------------------------------------------------------
│ # Testing failed for QDates
│   exception = ErrorException("failed process: Process(`/home/vagrant/julia/bin/julia -Cnative -J/home/vagrant/julia/lib/julia/sys.so --compile=yes --depwarn=yes --code-coverage=none --color=no --compiled-modules=yes --check-bounds=yes --warn-overwrite=yes --startup-file=yes /home/vagrant/.julia/v0.7/QDates/test/runtests.jl`, ProcessExited(1)) [1]")
└ @ Base.Pkg.Entry entry.jl:739
[ Info: No packages to install, update or remove @ Base.Pkg.Entry entry.jl:517
ERROR: QDates had test errors

>>> End of log
