>>> 'Pkg.add("QDXML")' log
INFO: Cloning cache of QDXML from git://github.com/Daagr/QDXML.jl.git
INFO: Installing AutoHashEquals v0.0.10
INFO: Installing ParserCombinator v1.7.11
INFO: Installing QDXML v0.0.1
INFO: Package database updated

>>> 'Pkg.test("QDXML")' log
Julia Version 0.4.6
Commit 2e358ce (2016-06-19 17:16 UTC)
Platform Info:
  System: Linux (x86_64-unknown-linux-gnu)
  CPU: Intel(R) Xeon(R) CPU E3-1241 v3 @ 3.50GHz
  WORD_SIZE: 64
           Ubuntu 14.04.5 LTS
  uname: Linux 3.13.0-93-generic #140-Ubuntu SMP Mon Jul 18 21:21:05 UTC 2016 x86_64 x86_64
Memory: 2.4471054077148438 GB (461.58203125 MB free)
Uptime: 18386.0 sec
Load Avg:  1.02392578125  0.98876953125  0.94384765625
Intel(R) Xeon(R) CPU E3-1241 v3 @ 3.50GHz: 
       speed         user         nice          sys         idle          irq
#1  3500 MHz     761930 s       5010 s      76523 s     786482 s         30 s
#2  3500 MHz     517503 s       2397 s      68300 s    1129905 s          0 s

  BLAS: libopenblas (USE64BITINT DYNAMIC_ARCH NO_AFFINITY Nehalem)
  LAPACK: libopenblas64_
  LIBM: libopenlibm
  LLVM: libLLVM-3.3
Environment:
  TERM = vt100
  LD_LIBRARY_PATH = :/usr/local/lib/
  PATH = /usr/local/sbin:/usr/local/bin:/usr/sbin:/usr/bin:/sbin:/bin:/usr/games:/usr/local/games:/home/vagrant/julia/bin/
  JAVA_HOME = /usr/lib/jvm/java-7-oracle
  HOME = /home/vagrant

Package Directory: /home/vagrant/.julia/v0.4
2 required packages:
 - JSON                          0.7.0
 - QDXML                         0.0.1
3 additional packages:
 - AutoHashEquals                0.0.10
 - Compat                        0.8.8
 - ParserCombinator              1.7.11
INFO: Testing QDXML
INFO: QDXML tests passed

>>> End of log
