>>> 'Pkg.add("QML")' log
INFO: Cloning cache of QML from https://github.com/barche/QML.jl.git
INFO: Installing BinDeps v0.6.0
INFO: Installing CxxWrap v0.3.1
INFO: Installing QML v0.4.0
INFO: Installing SHA v0.3.3
INFO: Installing URIParser v0.1.8
INFO: Building CxxWrap
INFO: Attempting to Create directory /home/vagrant/.julia/v0.5/CxxWrap/deps/builds/cxx_wrap
INFO: Changing Directory to /home/vagrant/.julia/v0.5/CxxWrap/deps/builds/cxx_wrap
-- The C compiler identification is GNU 4.8.4
-- The CXX compiler identification is GNU 4.8.4
-- Check for working C compiler: /usr/bin/cc
-- Check for working C compiler: /usr/bin/cc -- works
-- Detecting C compiler ABI info
-- Detecting C compiler ABI info - done
-- Detecting C compile features
-- Detecting C compile features - done
-- Check for working CXX compiler: /usr/bin/c++
-- Check for working CXX compiler: /usr/bin/c++ -- works
-- Detecting CXX compiler ABI info
-- Detecting CXX compiler ABI info - done
-- Detecting CXX compile features
-- Detecting CXX compile features - done
-- Julia_EXECUTABLE:     /home/vagrant/julia/bin/julia
-- Julia_VERSION_STRING: 0.5.2
-- Julia_INCLUDE_DIRS:   /home/vagrant/julia/include/julia
-- Julia_LIBRARY_DIR:    /home/vagrant/julia/lib
-- Julia_LIBRARY:        /home/vagrant/julia/lib/libjulia.so
-- JULIA_HOME:           /home/vagrant/julia/bin
-- Julia_LLVM_VERSION:   3.7.1
-- Found Julia: /home/vagrant/julia/lib/libjulia.so (found version "0.5.2") 
-- /home/vagrant/julia/include/julia
-- Performing Test COMPILER_HAS_HIDDEN_VISIBILITY
-- Performing Test COMPILER_HAS_HIDDEN_VISIBILITY - Success
-- Performing Test COMPILER_HAS_HIDDEN_INLINE_VISIBILITY
-- Performing Test COMPILER_HAS_HIDDEN_INLINE_VISIBILITY - Success
-- Performing Test COMPILER_HAS_DEPRECATED_ATTR
-- Performing Test COMPILER_HAS_DEPRECATED_ATTR - Success
-- Configuring done
-- Generating done
-- Build files have been written to: /home/vagrant/.julia/v0.5/CxxWrap/deps/builds/cxx_wrap
Scanning dependencies of target cxx_wrap
[ 25%] Building CXX object CMakeFiles/cxx_wrap.dir/c_interface.cpp.o
[ 50%] Building CXX object CMakeFiles/cxx_wrap.dir/cxx_wrap.cpp.o
[ 75%] Building CXX object CMakeFiles/cxx_wrap.dir/functions.cpp.o
[100%] Linking CXX shared library libcxx_wrap.so
[100%] Built target cxx_wrap
Install the project...
-- Install configuration: "Release"
-- Installing: /home/vagrant/.julia/v0.5/CxxWrap/deps/usr/lib/libcxx_wrap.so.0.1
-- Installing: /home/vagrant/.julia/v0.5/CxxWrap/deps/usr/lib/libcxx_wrap.so.0
-- Installing: /home/vagrant/.julia/v0.5/CxxWrap/deps/usr/lib/libcxx_wrap.so
-- Set runtime path of "/home/vagrant/.julia/v0.5/CxxWrap/deps/usr/lib/libcxx_wrap.so.0.1" to ""
-- Installing: /home/vagrant/.julia/v0.5/CxxWrap/deps/usr/include/array.hpp
-- Installing: /home/vagrant/.julia/v0.5/CxxWrap/deps/usr/include/cxx_wrap.hpp
-- Installing: /home/vagrant/.julia/v0.5/CxxWrap/deps/usr/include/functions.hpp
-- Installing: /home/vagrant/.julia/v0.5/CxxWrap/deps/usr/include/smart_pointers.hpp
-- Installing: /home/vagrant/.julia/v0.5/CxxWrap/deps/usr/include/type_conversion.hpp
-- Installing: /home/vagrant/.julia/v0.5/CxxWrap/deps/usr/include/containers/const_array.hpp
-- Installing: /home/vagrant/.julia/v0.5/CxxWrap/deps/usr/include/containers/tuple.hpp
-- Installing: /home/vagrant/.julia/v0.5/CxxWrap/deps/usr/lib/cmake/CxxWrapConfig.cmake
-- Installing: /home/vagrant/.julia/v0.5/CxxWrap/deps/usr/lib/cmake/CxxWrapConfig-release.cmake
-- Installing: /home/vagrant/.julia/v0.5/CxxWrap/deps/usr/lib/cmake/CxxWrapConfigVersion.cmake
INFO: Attempting to Create directory /home/vagrant/.julia/v0.5/CxxWrap/deps/builds/examples
INFO: Changing Directory to /home/vagrant/.julia/v0.5/CxxWrap/deps/builds/examples
===============================[ ERROR: CxxWrap ]===============================

LoadError: Provider BinDeps.BuildProcess failed to satisfy dependency cxxwrap_containers
while loading /home/vagrant/.julia/v0.5/CxxWrap/deps/build.jl, in expression starting on line 141

================================================================================
INFO: Building QML
ERROR: LoadError: UndefVarError: _l_cxx_wrap not defined
 in include_from_node1(::String) at ./loading.jl:488
 in macro expansion; at ./none:2 [inlined]
 in anonymous at ./<missing>:?
 in eval(::Module, ::Any) at ./boot.jl:234
 in process_options(::Base.JLOptions) at ./client.jl:242
 in _start() at ./client.jl:321
while loading /home/vagrant/.julia/v0.5/CxxWrap/src/CxxWrap.jl, in expression starting on line 27
=================================[ ERROR: QML ]=================================

LoadError: Failed to precompile CxxWrap to /home/vagrant/.julia/lib/v0.5/CxxWrap.ji.
while loading /home/vagrant/.julia/v0.5/QML/deps/build.jl, in expression starting on line 2

================================================================================

================================[ BUILD ERRORS ]================================

WARNING: QML and CxxWrap had build errors.

 - packages with build errors remain installed in /home/vagrant/.julia/v0.5
 - build the package(s) and all dependencies with `Pkg.build("QML", "CxxWrap")`
 - build a single package by running its `deps/build.jl` script

================================================================================
INFO: Package database updated
INFO: METADATA is out-of-date — you may not have the latest version of QML
INFO: Use `Pkg.update()` to get the latest versions of your packages

>>> 'Pkg.test("QML")' log
Julia Version 0.5.2
Commit f4c6c9d (2017-05-06 16:34 UTC)
Platform Info:
  OS: Linux (x86_64-pc-linux-gnu)
  CPU: Intel(R) Xeon(R) CPU E3-1241 v3 @ 3.50GHz
  WORD_SIZE: 64
           Ubuntu 14.04.5 LTS
  uname: Linux 3.13.0-121-generic #170-Ubuntu SMP Wed Jun 14 09:04:33 UTC 2017 x86_64 x86_64
Memory: 2.9392738342285156 GB (529.83203125 MB free)
Uptime: 26921.0 sec
Load Avg:  1.00927734375  1.001953125  0.9599609375
Intel(R) Xeon(R) CPU E3-1241 v3 @ 3.50GHz: 
       speed         user         nice          sys         idle          irq
#1  3499 MHz    1636987 s         80 s     160487 s     578442 s         52 s
#2  3499 MHz     475368 s       6828 s      70889 s    2067625 s          0 s

  BLAS: libopenblas (USE64BITINT DYNAMIC_ARCH NO_AFFINITY Nehalem)
  LAPACK: libopenblas64_
  LIBM: libopenlibm
  LLVM: libLLVM-3.7.1 (ORCJIT, haswell)
Environment:
  LD_LIBRARY_PATH = :/usr/local/lib/
  HOME = /home/vagrant
  TERM = vt100
  PATH = /usr/local/sbin:/usr/local/bin:/usr/sbin:/usr/bin:/sbin:/bin:/usr/games:/usr/local/games:/home/vagrant/julia/bin/
  JAVA_HOME = /usr/lib/jvm/java-8-openjdk-amd64

Package Directory: /home/vagrant/.julia/v0.5
2 required packages:
 - JSON                          0.13.0
 - QML                           0.4.0
5 additional packages:
 - BinDeps                       0.6.0
 - Compat                        0.26.0
 - CxxWrap                       0.3.1
 - SHA                           0.3.3
 - URIParser                     0.1.8
INFO: Testing QML
running test functions.jl...
ERROR: LoadError: UndefVarError: _l_cxx_wrap not defined
 in include_from_node1(::String) at ./loading.jl:488
 in macro expansion; at ./none:2 [inlined]
 in anonymous at ./<missing>:?
 in eval(::Module, ::Any) at ./boot.jl:234
 in process_options(::Base.JLOptions) at ./client.jl:242
 in _start() at ./client.jl:321
while loading /home/vagrant/.julia/v0.5/CxxWrap/src/CxxWrap.jl, in expression starting on line 27
ERROR: LoadError: LoadError: LoadError: Failed to precompile CxxWrap to /home/vagrant/.julia/lib/v0.5/CxxWrap.ji.
 in compilecache(::String) at ./loading.jl:593
 in require(::Symbol) at ./loading.jl:422
 in include_from_node1(::String) at ./loading.jl:488
 in eval(::Module, ::Any) at ./boot.jl:234
 in require(::Symbol) at ./loading.jl:415
 in include_from_node1(::String) at ./loading.jl:488
 in macro expansion; at /home/vagrant/.julia/v0.5/QML/test/runtests.jl:17 [inlined]
 in anonymous at ./<missing>:?
 in include_from_node1(::String) at ./loading.jl:488
 in process_options(::Base.JLOptions) at ./client.jl:265
 in _start() at ./client.jl:321
while loading /home/vagrant/.julia/v0.5/QML/src/QML.jl, in expression starting on line 7
while loading /home/vagrant/.julia/v0.5/QML/test/functions.jl, in expression starting on line 2
while loading /home/vagrant/.julia/v0.5/QML/test/runtests.jl, in expression starting on line 10
=================================[ ERROR: QML ]=================================

failed process: Process(`/home/vagrant/julia/bin/julia -Cx86-64 -J/home/vagrant/julia/lib/julia/sys.so --compile=yes --depwarn=yes --check-bounds=yes --code-coverage=none --color=no --compilecache=yes /home/vagrant/.julia/v0.5/QML/test/runtests.jl`, ProcessExited(1)) [1]

================================================================================
ERROR: QML had test errors
 in #test#61(::Bool, ::Function, ::Array{AbstractString,1}) at ./pkg/entry.jl:748
 in (::Base.Pkg.Entry.#kw##test)(::Array{Any,1}, ::Base.Pkg.Entry.#test, ::Array{AbstractString,1}) at ./<missing>:0
 in (::Base.Pkg.Dir.##2#3{Array{Any,1},Base.Pkg.Entry.#test,Tuple{Array{AbstractString,1}}})() at ./pkg/dir.jl:31
 in cd(::Base.Pkg.Dir.##2#3{Array{Any,1},Base.Pkg.Entry.#test,Tuple{Array{AbstractString,1}}}, ::String) at ./file.jl:59
 in #cd#1(::Array{Any,1}, ::Function, ::Function, ::Array{AbstractString,1}, ::Vararg{Array{AbstractString,1},N}) at ./pkg/dir.jl:31
 in (::Base.Pkg.Dir.#kw##cd)(::Array{Any,1}, ::Base.Pkg.Dir.#cd, ::Function, ::Array{AbstractString,1}, ::Vararg{Array{AbstractString,1},N}) at ./<missing>:0
 in #test#3(::Bool, ::Function, ::String, ::Vararg{String,N}) at ./pkg/pkg.jl:258
 in test(::String, ::Vararg{String,N}) at ./pkg/pkg.jl:258
 in eval(::Module, ::Any) at ./boot.jl:234
 in process_options(::Base.JLOptions) at ./client.jl:242
 in _start() at ./client.jl:321

>>> End of log
