>>> 'Pkg.add("QNaNs")' log
INFO: Cloning cache of QNaNs from https://github.com/JeffreySarnoff/QNaNs.jl.git
INFO: Installing QNaNs v0.1.2
INFO: Package database updated
INFO: METADATA is out-of-date — you may not have the latest version of QNaNs
INFO: Use `Pkg.update()` to get the latest versions of your packages

>>> 'Pkg.test("QNaNs")' log
Julia Version 0.6.0
Commit 9036443 (2017-06-19 13:05 UTC)
Platform Info:
  OS: Linux (x86_64-pc-linux-gnu)
  CPU: Intel(R) Xeon(R) CPU E3-1241 v3 @ 3.50GHz
  WORD_SIZE: 64
           Ubuntu 14.04.5 LTS
  uname: Linux 3.13.0-132-generic #181-Ubuntu SMP Wed Sep 13 13:25:03 UTC 2017 x86_64 x86_64
Memory: 2.93927001953125 GB (973.7265625 MB free)
Uptime: 49593.0 sec
Load Avg:  1.087890625  0.7109375  0.5732421875
Intel(R) Xeon(R) CPU E3-1241 v3 @ 3.50GHz: 
       speed         user         nice          sys         idle          irq
#1  3504 MHz    3170117 s         71 s     142600 s     798113 s         18 s
#2  3504 MHz     539772 s       6086 s      67676 s    4282641 s          0 s

  BLAS: libopenblas (USE64BITINT DYNAMIC_ARCH NO_AFFINITY Nehalem)
  LAPACK: libopenblas64_
  LIBM: libopenlibm
  LLVM: libLLVM-3.9.1 (ORCJIT, haswell)
Environment:
  TERM = vt100
  LD_LIBRARY_PATH = :/usr/local/lib/
  PATH = /usr/local/sbin:/usr/local/bin:/usr/sbin:/usr/bin:/sbin:/bin:/usr/games:/usr/local/games:/home/vagrant/julia/bin/
  JAVA_HOME = /usr/lib/jvm/java-8-openjdk-amd64
  HOME = /home/vagrant

Package Directory: /home/vagrant/.julia/v0.6
2 required packages:
 - JSON                          0.14.0
 - QNaNs                         0.1.2
1 additional packages:
 - Compat                        0.32.0
INFO: Testing QNaNs
INFO: QNaNs tests passed

>>> End of log
