>>> 'Pkg.add("QuadGK")' log
INFO: Cloning cache of QuadGK from https://github.com/JuliaMath/QuadGK.jl.git
INFO: Installing DataStructures v0.5.3
INFO: Installing QuadGK v0.1.2
INFO: Package database updated

>>> 'Pkg.test("QuadGK")' log
Julia Version 0.4.7
Commit ae26b25 (2016-09-18 16:17 UTC)
Platform Info:
  System: Linux (x86_64-pc-linux-gnu)
  CPU: Intel(R) Xeon(R) CPU E3-1241 v3 @ 3.50GHz
  WORD_SIZE: 64
           Ubuntu 14.04.5 LTS
  uname: Linux 3.13.0-115-generic #162-Ubuntu SMP Fri Mar 24 16:03:51 UTC 2017 x86_64 x86_64
Memory: 2.9392738342285156 GB (797.65234375 MB free)
Uptime: 21270.0 sec
Load Avg:  0.95068359375  1.01904296875  0.9833984375
Intel(R) Xeon(R) CPU E3-1241 v3 @ 3.50GHz: 
       speed         user         nice          sys         idle          irq
#1  3499 MHz    1023734 s         74 s      83511 s     803250 s         48 s
#2  3499 MHz     652348 s       6234 s      73166 s    1315218 s          0 s

  BLAS: libopenblas (USE64BITINT DYNAMIC_ARCH NO_AFFINITY Nehalem)
  LAPACK: libopenblas64_
  LIBM: libopenlibm
  LLVM: libLLVM-3.3
Environment:
  TERM = vt100
  LD_LIBRARY_PATH = :/usr/local/lib/
  PATH = /usr/local/sbin:/usr/local/bin:/usr/sbin:/usr/bin:/sbin:/bin:/usr/games:/usr/local/games:/home/vagrant/julia/bin/
  JAVA_HOME = /usr/lib/jvm/java-7-oracle
  HOME = /home/vagrant

Package Directory: /home/vagrant/.julia/v0.4
2 required packages:
 - JSON                          0.8.3
 - QuadGK                        0.1.2
2 additional packages:
 - Compat                        0.21.0
 - DataStructures                0.5.3
INFO: Computing test dependencies for QuadGK...
INFO: Installing BaseTestNext v0.2.2
INFO: Testing QuadGK
Test Summary: | Pass  Total
quadgk        |    9      9
INFO: QuadGK tests passed
INFO: Removing BaseTestNext v0.2.2

>>> End of log
