>>> 'Pkg.add("Quandl")' log
INFO: Installing ArrayViews v0.4.6
INFO: Installing BinDeps v0.3.5
INFO: Installing Codecs v0.1.2
INFO: Installing DataArrays v0.2.1
INFO: Installing DataFrames v0.5.8
INFO: Installing Dates v0.4.4
INFO: Installing GZip v0.2.13
INFO: Installing GnuTLS v0.0.1
INFO: Installing HttpCommon v0.0.9
INFO: Installing HttpParser v0.0.9
INFO: Installing JSON v0.3.8
INFO: Installing Nettle v0.1.6
INFO: Installing Quandl v0.3.11
INFO: Installing Reexport v0.0.1
INFO: Installing Requests v0.0.5
INFO: Installing SHA v0.0.3
INFO: Installing SortingAlgorithms v0.0.1
INFO: Installing StatsBase v0.6.5
INFO: Installing TimeSeries v0.4.5
INFO: Installing URIParser v0.0.3
INFO: Building Nettle
INFO: Building GnuTLS
INFO: Building HttpParser
INFO: Package database updated
 - Library "libhttp_parser"


>>> 'using Quandl' log
Warning: requiring "Dates" did not define a corresponding module.
Warning: requiring "Dates" did not define a corresponding module.
Warning: requiring "Dates" did not define a corresponding module.
Julia Version 0.4.0-dev+842
Commit e5d8c1a (2014-09-29 06:50 UTC)
Platform Info:
  System: Linux (x86_64-unknown-linux-gnu)
  CPU: Intel(R) Xeon(R) CPU E5-2650 0 @ 2.00GHz
  WORD_SIZE: 64
  BLAS: libopenblas (USE64BITINT DYNAMIC_ARCH NO_AFFINITY Sandybridge)
  LAPACK: libopenblas
  LIBM: libopenlibm
  LLVM: libLLVM-3.3

ERROR: InexactError()
 in anonymous at no file
 in include at ./boot.jl:245
 in include_from_node1 at ./loading.jl:128
 in reload_path at loading.jl:152
 in _require at loading.jl:67
 in require at loading.jl:54
 in include at ./boot.jl:245
 in include_from_node1 at ./loading.jl:128
 in reload_path at loading.jl:152
 in _require at loading.jl:67
 in require at loading.jl:51
 in include at ./boot.jl:245
 in include_from_node1 at loading.jl:128
 in process_options at ./client.jl:285
 in _start at ./client.jl:354
 in _start_3B_3625 at /home/idunning/julia04/usr/bin/../lib/julia/sys.so
while loading /home/idunning/pkgtest/.julia/v0.4/JSON/src/JSON.jl, in expression starting on line 11
while loading /home/idunning/pkgtest/.julia/v0.4/Quandl/src/Quandl.jl, in expression starting on line 3
while loading /home/idunning/pkgtest/.julia/v0.4/Quandl/testusing.jl, in expression starting on line 2

>>> test log
no tests to run
>>> end of log
