>>> 'Pkg.add("RandomizedLinAlg")' log
[ Info: Cloning cache of RandomizedLinAlg from https://github.com/haampie/RandomizedLinAlg.jl.git
[ Info: Installing RandomizedLinAlg v0.0.1
[ Info: Package database updated
┌ Info: METADATA is out-of-date — you may not have the latest version of RandomizedLinAlg
└ Use `Pkg.update()` to get the latest versions of your packages

>>> 'Pkg.test("RandomizedLinAlg")' log
Julia Version 0.7.0-DEV.3583
Commit 7d3991f784 (2018-01-26 19:00 UTC)
Platform Info:
  OS: Linux (x86_64-pc-linux-gnu)
      Ubuntu 14.04.5 LTS
  uname: Linux 3.13.0-135-generic #184-Ubuntu SMP Wed Oct 18 11:55:51 UTC 2017 x86_64 x86_64
  CPU: Intel(R) Xeon(R) CPU E3-1241 v3 @ 3.50GHz: 
              speed         user         nice          sys         idle          irq
       #1  3499 MHz    1510353 s         86 s      81799 s     425255 s         16 s
       #2  3499 MHz     333634 s       7447 s      33383 s    1958212 s          0 s
       
  Memory: 2.93927001953125 GB (832.859375 MB free)
  Uptime: 23701.0 sec
  Load Avg:  1.00390625  1.01416015625  1.00244140625
  WORD_SIZE: 64
  LIBM: libopenlibm
  LLVM: libLLVM-3.9.1 (ORCJIT, haswell)
Environment:
  TERM = vt100
  LD_LIBRARY_PATH = :/usr/local/lib/
  PATH = /usr/local/sbin:/usr/local/bin:/usr/sbin:/usr/bin:/sbin:/bin:/usr/games:/usr/local/games:/home/vagrant/julia/bin/
  JAVA_HOME = /usr/lib/jvm/java-8-openjdk-amd64
  HOME = /home/vagrant
Packages:
  Package Directory: /home/vagrant/.julia/v0.7
  Package Status:
2 required packages:
 - JSON                          0.16.4
 - RandomizedLinAlg              0.0.1
2 additional packages:
 - Compat                        0.49.0
 - Nullables                     0.0.3
[ Info: Testing RandomizedLinAlg
WARNING: Base.LinAlg is deprecated, run `using LinearAlgebra` instead.
  likely near /home/vagrant/.julia/v0.7/RandomizedLinAlg/src/rsvd.jl:9
┌ Warning: Deprecated syntax ``const` declaration on local variable` around /home/vagrant/.julia/v0.7/RandomizedLinAlg/src/rsvd.jl:170.
└ @ nothing rsvd.jl:170
WARNING: importing deprecated binding Base.Hermitian into RandomizedLinAlg.
WARNING: Base.Hermitian is deprecated: it has been moved to the standard library package `LinearAlgebra`.
Add a `using LinearAlgebra` to your imports..
  likely near /home/vagrant/.julia/v0.7/RandomizedLinAlg/src/rsvd.jl:367
WARNING: Base.Hermitian is deprecated: it has been moved to the standard library package `LinearAlgebra`.
Add a `using LinearAlgebra` to your imports..
  likely near /home/vagrant/.julia/v0.7/RandomizedLinAlg/src/rsvd.jl:367
WARNING: Base.Hermitian is deprecated: it has been moved to the standard library package `LinearAlgebra`.
Add a `using LinearAlgebra` to your imports..
  likely near /home/vagrant/.julia/v0.7/RandomizedLinAlg/src/rsvd.jl:393
WARNING: Base.Hermitian is deprecated: it has been moved to the standard library package `LinearAlgebra`.
Add a `using LinearAlgebra` to your imports..
  likely near /home/vagrant/.julia/v0.7/RandomizedLinAlg/src/rsvd.jl:393
WARNING: Base.Hermitian is deprecated: it has been moved to the standard library package `LinearAlgebra`.
Add a `using LinearAlgebra` to your imports..
  likely near /home/vagrant/.julia/v0.7/RandomizedLinAlg/src/rsvd.jl:464
WARNING: Base.Hermitian is deprecated: it has been moved to the standard library package `LinearAlgebra`.
Add a `using LinearAlgebra` to your imports..
  likely near /home/vagrant/.julia/v0.7/RandomizedLinAlg/src/rsvd.jl:464
WARNING: Base.Hermitian is deprecated: it has been moved to the standard library package `LinearAlgebra`.
Add a `using LinearAlgebra` to your imports..
  likely near /home/vagrant/.julia/v0.7/RandomizedLinAlg/src/rsvd.jl:503
WARNING: Base.Hermitian is deprecated: it has been moved to the standard library package `LinearAlgebra`.
Add a `using LinearAlgebra` to your imports..
  likely near /home/vagrant/.julia/v0.7/RandomizedLinAlg/src/rsvd.jl:503
┌ Warning: Deprecated syntax ``const` declaration on local variable` around /home/vagrant/.julia/v0.7/RandomizedLinAlg/src/rsvd_fnkz.jl:46.
└ @ nothing rsvd_fnkz.jl:46
┌ Warning: Deprecated syntax ``const` declaration on local variable` around /home/vagrant/.julia/v0.7/RandomizedLinAlg/src/rsvd_fnkz.jl:46.
└ @ nothing rsvd_fnkz.jl:46
┌ Warning: Deprecated syntax ``const` declaration on local variable` around /home/vagrant/.julia/v0.7/RandomizedLinAlg/src/rsvd_fnkz.jl:47.
└ @ nothing rsvd_fnkz.jl:47
┌ Warning: Deprecated syntax ``const` declaration on local variable` around /home/vagrant/.julia/v0.7/RandomizedLinAlg/src/rsvd_fnkz.jl:51.
└ @ nothing rsvd_fnkz.jl:51
WARNING: Base.Test is deprecated, run `using Test` instead.
  likely near /home/vagrant/.julia/v0.7/RandomizedLinAlg/test/rlinalg.jl:1
WARNING: Base.srand is deprecated: it has been moved to the standard library package `Random`.
Add a `using Random` to your imports..
  likely near /home/vagrant/.julia/v0.7/RandomizedLinAlg/test/rlinalg.jl:3
in top-level scope at /home/vagrant/.julia/v0.7/RandomizedLinAlg/test/rlinalg.jl
WARNING: Base.norm is deprecated: it has been moved to the standard library package `LinearAlgebra`.
Add a `using LinearAlgebra` to your imports..
  likely near /home/vagrant/.julia/v0.7/RandomizedLinAlg/test/rlinalg.jl:3
in top-level scope at /home/vagrant/.julia/v0.7/RandomizedLinAlg/test/rlinalg.jl
WARNING: Base.eigmin is deprecated: it has been moved to the standard library package `LinearAlgebra`.
Add a `using LinearAlgebra` to your imports..
  likely near /home/vagrant/.julia/v0.7/RandomizedLinAlg/test/rlinalg.jl:3
in top-level scope at /home/vagrant/.julia/v0.7/RandomizedLinAlg/test/rlinalg.jl
WARNING: Base.eigmax is deprecated: it has been moved to the standard library package `LinearAlgebra`.
Add a `using LinearAlgebra` to your imports..
  likely near /home/vagrant/.julia/v0.7/RandomizedLinAlg/test/rlinalg.jl:3
in top-level scope at /home/vagrant/.julia/v0.7/RandomizedLinAlg/test/rlinalg.jl
WARNING: Base.cond is deprecated: it has been moved to the standard library package `LinearAlgebra`.
Add a `using LinearAlgebra` to your imports..
  likely near /home/vagrant/.julia/v0.7/RandomizedLinAlg/test/rlinalg.jl:3
in top-level scope at /home/vagrant/.julia/v0.7/RandomizedLinAlg/test/rlinalg.jl
WARNING: importing deprecated binding Base.norm into RandomizedLinAlg.
WARNING: Base.norm is deprecated: it has been moved to the standard library package `LinearAlgebra`.
Add a `using LinearAlgebra` to your imports..
  likely near /home/vagrant/.julia/v0.7/RandomizedLinAlg/test/rlinalg.jl:3
WARNING: Base.norm is deprecated: it has been moved to the standard library package `LinearAlgebra`.
Add a `using LinearAlgebra` to your imports..
  likely near /home/vagrant/.julia/v0.7/RandomizedLinAlg/test/rlinalg.jl:3
WARNING: Base.norm is deprecated: it has been moved to the standard library package `LinearAlgebra`.
Add a `using LinearAlgebra` to your imports..
  likely near /home/vagrant/.julia/v0.7/RandomizedLinAlg/test/rlinalg.jl:3
WARNING: Base.norm is deprecated: it has been moved to the standard library package `LinearAlgebra`.
Add a `using LinearAlgebra` to your imports..
  likely near /home/vagrant/.julia/v0.7/RandomizedLinAlg/test/rlinalg.jl:3
WARNING: Base.norm is deprecated: it has been moved to the standard library package `LinearAlgebra`.
Add a `using LinearAlgebra` to your imports..
  likely near /home/vagrant/.julia/v0.7/RandomizedLinAlg/test/rlinalg.jl:3
WARNING: Base.norm is deprecated: it has been moved to the standard library package `LinearAlgebra`.
Add a `using LinearAlgebra` to your imports..
  likely near /home/vagrant/.julia/v0.7/RandomizedLinAlg/test/rlinalg.jl:3
WARNING: Base.norm is deprecated: it has been moved to the standard library package `LinearAlgebra`.
Add a `using LinearAlgebra` to your imports..
  likely near /home/vagrant/.julia/v0.7/RandomizedLinAlg/test/rlinalg.jl:3
WARNING: Base.norm is deprecated: it has been moved to the standard library package `LinearAlgebra`.
Add a `using LinearAlgebra` to your imports..
  likely near /home/vagrant/.julia/v0.7/RandomizedLinAlg/test/rlinalg.jl:3
in #1 at <missing>
WARNING: Base.norm is deprecated: it has been moved to the standard library package `LinearAlgebra`.
Add a `using LinearAlgebra` to your imports..
  likely near /home/vagrant/.julia/v0.7/RandomizedLinAlg/test/rlinalg.jl:3
WARNING: Base.norm is deprecated: it has been moved to the standard library package `LinearAlgebra`.
Add a `using LinearAlgebra` to your imports..
  likely near /home/vagrant/.julia/v0.7/RandomizedLinAlg/test/rlinalg.jl:3
WARNING: Base.norm is deprecated: it has been moved to the standard library package `LinearAlgebra`.
Add a `using LinearAlgebra` to your imports..
  likely near /home/vagrant/.julia/v0.7/RandomizedLinAlg/test/rlinalg.jl:3
in randnn at /home/vagrant/.julia/v0.7/RandomizedLinAlg/src/rlinalg.jl
WARNING: Base.norm is deprecated: it has been moved to the standard library package `LinearAlgebra`.
Add a `using LinearAlgebra` to your imports..
  likely near /home/vagrant/.julia/v0.7/RandomizedLinAlg/test/rlinalg.jl:3
in randnn at /home/vagrant/.julia/v0.7/RandomizedLinAlg/src/rlinalg.jl
WARNING: Base.norm is deprecated: it has been moved to the standard library package `LinearAlgebra`.
Add a `using LinearAlgebra` to your imports..
  likely near /home/vagrant/.julia/v0.7/RandomizedLinAlg/test/rlinalg.jl:3
WARNING: Base.norm is deprecated: it has been moved to the standard library package `LinearAlgebra`.
Add a `using LinearAlgebra` to your imports..
  likely near /home/vagrant/.julia/v0.7/RandomizedLinAlg/test/rlinalg.jl:3
WARNING: Base.norm is deprecated: it has been moved to the standard library package `LinearAlgebra`.
Add a `using LinearAlgebra` to your imports..
  likely near /home/vagrant/.julia/v0.7/RandomizedLinAlg/test/rlinalg.jl:3
WARNING: Base.norm is deprecated: it has been moved to the standard library package `LinearAlgebra`.
Add a `using LinearAlgebra` to your imports..
  likely near /home/vagrant/.julia/v0.7/RandomizedLinAlg/test/rlinalg.jl:3
WARNING: Base.norm is deprecated: it has been moved to the standard library package `LinearAlgebra`.
Add a `using LinearAlgebra` to your imports..
  likely near /home/vagrant/.julia/v0.7/RandomizedLinAlg/test/rlinalg.jl:3
WARNING: Base.norm is deprecated: it has been moved to the standard library package `LinearAlgebra`.
Add a `using LinearAlgebra` to your imports..
  likely near /home/vagrant/.julia/v0.7/RandomizedLinAlg/test/rlinalg.jl:3
WARNING: Base.norm is deprecated: it has been moved to the standard library package `LinearAlgebra`.
Add a `using LinearAlgebra` to your imports..
  likely near /home/vagrant/.julia/v0.7/RandomizedLinAlg/test/rlinalg.jl:3
WARNING: Base.norm is deprecated: it has been moved to the standard library package `LinearAlgebra`.
Add a `using LinearAlgebra` to your imports..
  likely near /home/vagrant/.julia/v0.7/RandomizedLinAlg/test/rlinalg.jl:3
WARNING: Base.norm is deprecated: it has been moved to the standard library package `LinearAlgebra`.
Add a `using LinearAlgebra` to your imports..
  likely near /home/vagrant/.julia/v0.7/RandomizedLinAlg/test/rlinalg.jl:3
WARNING: Base.norm is deprecated: it has been moved to the standard library package `LinearAlgebra`.
Add a `using LinearAlgebra` to your imports..
  likely near /home/vagrant/.julia/v0.7/RandomizedLinAlg/test/rlinalg.jl:3
WARNING: Base.norm is deprecated: it has been moved to the standard library package `LinearAlgebra`.
Add a `using LinearAlgebra` to your imports..
  likely near /home/vagrant/.julia/v0.7/RandomizedLinAlg/test/rlinalg.jl:3
WARNING: Base.norm is deprecated: it has been moved to the standard library package `LinearAlgebra`.
Add a `using LinearAlgebra` to your imports..
  likely near /home/vagrant/.julia/v0.7/RandomizedLinAlg/test/rlinalg.jl:3
WARNING: Base.norm is deprecated: it has been moved to the standard library package `LinearAlgebra`.
Add a `using LinearAlgebra` to your imports..
  likely near /home/vagrant/.julia/v0.7/RandomizedLinAlg/test/rlinalg.jl:3
WARNING: Base.norm is deprecated: it has been moved to the standard library package `LinearAlgebra`.
Add a `using LinearAlgebra` to your imports..
  likely near /home/vagrant/.julia/v0.7/RandomizedLinAlg/test/rlinalg.jl:3
WARNING: Base.norm is deprecated: it has been moved to the standard library package `LinearAlgebra`.
Add a `using LinearAlgebra` to your imports..
  likely near /home/vagrant/.julia/v0.7/RandomizedLinAlg/test/rlinalg.jl:3
WARNING: Base.norm is deprecated: it has been moved to the standard library package `LinearAlgebra`.
Add a `using LinearAlgebra` to your imports..
  likely near /home/vagrant/.julia/v0.7/RandomizedLinAlg/test/rlinalg.jl:3
WARNING: Base.norm is deprecated: it has been moved to the standard library package `LinearAlgebra`.
Add a `using LinearAlgebra` to your imports..
  likely near /home/vagrant/.julia/v0.7/RandomizedLinAlg/test/rlinalg.jl:3
WARNING: Base.norm is deprecated: it has been moved to the standard library package `LinearAlgebra`.
Add a `using LinearAlgebra` to your imports..
  likely near /home/vagrant/.julia/v0.7/RandomizedLinAlg/test/rlinalg.jl:3
Randomized Linear Algebra: Error During Test at /home/vagrant/.julia/v0.7/RandomizedLinAlg/test/rlinalg.jl:3
  Got an exception of type UndefVarError outside of a @test
  UndefVarError: ⋅ not defined
  Stacktrace:
   [1] reigmin(::Array{Float64,2}, ::Int64, ::Float64) at /home/vagrant/.julia/v0.7/RandomizedLinAlg/src/rlinalg.jl:267
   [2] macro expansion at /home/vagrant/.julia/v0.7/RandomizedLinAlg/test/rlinalg.jl:19 [inlined]
   [3] macro expansion at /buildworker/worker/package_linux64/build/usr/share/julia/site/v0.7/Test/src/Test.jl:1007 [inlined]
   [4] top-level scope at /home/vagrant/.julia/v0.7/RandomizedLinAlg/test/rlinalg.jl:5
   [5] include at ./boot.jl:292 [inlined]
   [6] include_relative(::Module, ::String) at ./loading.jl:1012
   [7] include(::Module, ::String) at ./sysimg.jl:26
   [8] include(::String) at ./sysimg.jl:65
   [9] top-level scope
   [10] include at ./boot.jl:292 [inlined]
   [11] include_relative(::Module, ::String) at ./loading.jl:1012
   [12] include(::Module, ::String) at ./sysimg.jl:26
   [13] process_options(::Base.JLOptions) at ./client.jl:334
   [14] _start() at ./client.jl:386
Test Summary:             | Pass  Error  Total
Randomized Linear Algebra |  200      1    201
ERROR: LoadError: LoadError: Some tests did not pass: 200 passed, 0 failed, 1 errored, 0 broken.
in expression starting at /home/vagrant/.julia/v0.7/RandomizedLinAlg/test/rlinalg.jl:3
in expression starting at /home/vagrant/.julia/v0.7/RandomizedLinAlg/test/runtests.jl:3
┌ Error: ------------------------------------------------------------
│ # Testing failed for RandomizedLinAlg
│   exception =
│    failed process: Process(`/home/vagrant/julia/bin/julia -Cnative -J/home/vagrant/julia/lib/julia/sys.so --compile=yes --depwarn=yes --code-coverage=none --color=no --compiled-modules=yes --check-bounds=yes --warn-overwrite=yes --startup-file=yes /home/vagrant/.julia/v0.7/RandomizedLinAlg/test/runtests.jl`, ProcessExited(1)) [1]
│    Stacktrace:
│     [1] error(::String, ::Base.Process, ::String, ::Int64, ::String) at ./error.jl:42
│     [2] pipeline_error(::Base.Process) at ./process.jl:698
│     [3] run(::Cmd) at ./process.jl:660
│     [4] (::getfield(Base.Pkg.Entry, Symbol("##89#92")){Bool,String,Array{AbstractString,1}})() at ./pkg/entry.jl:729
│     [5] cd(::getfield(Base.Pkg.Entry, Symbol("##89#92")){Bool,String,Array{AbstractString,1}}, ::String) at ./file.jl:70
│     [6] #test!#88(::Bool, ::Function, ::String, ::Array{AbstractString,1}, ::Array{AbstractString,1}, ::Array{AbstractString,1}) at ./pkg/entry.jl:717
│     [7] (::getfield(Base.Pkg.Entry, Symbol("#kw##test!")))(::NamedTuple{(:coverage,),Tuple{Bool}}, ::typeof(Base.Pkg.Entry.test!), ::String, ::Array{AbstractString,1}, ::Array{AbstractString,1}, ::Array{AbstractString,1}) at ./<missing>:0
│     [8] #test#96(::Bool, ::Function, ::Array{AbstractString,1}) at ./pkg/entry.jl:756
│     [9] (::getfield(Base.Pkg.Entry, Symbol("#kw##test")))(::NamedTuple{(:coverage,),Tuple{Bool}}, ::typeof(Base.Pkg.Entry.test), ::Array{AbstractString,1}) at ./<missing>:0
│     [10] (::getfield(Base.Pkg.Dir, Symbol("##4#7")){Base.Iterators.IndexValue{Symbol,Bool,Tuple{Symbol},NamedTuple{(:coverage,),Tuple{Bool}}},typeof(Base.Pkg.Entry.test),Tuple{Array{AbstractString,1}}})() at ./pkg/dir.jl:36
│     [11] cd(::getfield(Base.Pkg.Dir, Symbol("##4#7")){Base.Iterators.IndexValue{Symbol,Bool,Tuple{Symbol},NamedTuple{(:coverage,),Tuple{Bool}}},typeof(Base.Pkg.Entry.test),Tuple{Array{AbstractString,1}}}, ::String) at ./file.jl:70
│     [12] #cd#1(::Base.Iterators.IndexValue{Symbol,Bool,Tuple{Symbol},NamedTuple{(:coverage,),Tuple{Bool}}}, ::Function, ::Function, ::Array{AbstractString,1}, ::Vararg{Array{AbstractString,1},N} where N) at ./pkg/dir.jl:36
│     [13] (::getfield(Base.Pkg.Dir, Symbol("#kw##cd")))(::NamedTuple{(:coverage,),Tuple{Bool}}, ::typeof(Base.Pkg.Dir.cd), ::Function, ::Array{AbstractString,1}, ::Vararg{Array{AbstractString,1},N} where N) at ./<missing>:0
│     [14] #test#3(::Bool, ::Function, ::String, ::Vararg{String,N} where N) at ./pkg/pkg.jl:274
│     [15] test(::String, ::Vararg{String,N} where N) at ./pkg/pkg.jl:274
│     [16] top-level scope
│     [17] eval at ./boot.jl:295 [inlined]
│     [18] eval(::Module, ::Expr) at ./sysimg.jl:71
│     [19] process_options(::Base.JLOptions) at ./client.jl:311
│     [20] _start() at ./client.jl:386
└ @ Base.Pkg.Entry entry.jl:732
ERROR: RandomizedLinAlg had test errors

>>> End of log
