>>> 'Pkg.add("RandomQuantum")' log
[ Info: Installing Cliffords v0.4.0 @ Base.Pkg.Entry entry.jl:543
[ Info: Installing Iterators v0.3.1 @ Base.Pkg.Entry entry.jl:543
[ Info: Installing QuantumInfo v0.0.2 @ Base.Pkg.Entry entry.jl:543
[ Info: Installing RandomQuantum v0.0.1 @ Base.Pkg.Entry entry.jl:543
[ Info: Installing StaticArrays v0.6.6 @ Base.Pkg.Entry entry.jl:543
[ Info: Package database updated @ Base.Pkg.Entry entry.jl:32
┌ Info: METADATA is out-of-date — you may not have the latest version of RandomQuantum
│ Use `Pkg.update()` to get the latest versions of your packages
└ @ Base.Pkg.Entry entry.jl:74

>>> 'Pkg.test("RandomQuantum")' log
Julia Version 0.7.0-DEV.3309
Commit b96097b66f (2018-01-07 00:26 UTC)
Platform Info:
  OS: Linux (x86_64-pc-linux-gnu)
      Ubuntu 14.04.5 LTS
  uname: Linux 3.13.0-135-generic #184-Ubuntu SMP Wed Oct 18 11:55:51 UTC 2017 x86_64 x86_64
  CPU: Intel(R) Xeon(R) CPU E3-1241 v3 @ 3.50GHz: 
              speed         user         nice          sys         idle          irq
       #1  3499 MHz    1436120 s         84 s      76051 s     384167 s          8 s
       #2  3499 MHz     255850 s         90 s      29651 s    1927098 s          0 s
       
  Memory: 2.93927001953125 GB (823.24609375 MB free)
  Uptime: 22428.0 sec
  Load Avg:  1.0029296875  0.998046875  0.9599609375
  WORD_SIZE: 64
  BLAS: libopenblas (USE64BITINT DYNAMIC_ARCH NO_AFFINITY Nehalem)
  LAPACK: libopenblas64_
  LIBM: libopenlibm
  LLVM: libLLVM-3.9.1 (ORCJIT, haswell)
Environment:
  TERM = vt100
  LD_LIBRARY_PATH = :/usr/local/lib/
  PATH = /usr/local/sbin:/usr/local/bin:/usr/sbin:/usr/bin:/sbin:/bin:/usr/games:/usr/local/games:/home/vagrant/julia/bin/
  JAVA_HOME = /usr/lib/jvm/java-8-openjdk-amd64
  HOME = /home/vagrant
Packages:
  Package Directory: /home/vagrant/.julia/v0.7
  Package Status:
2 required packages:
 - JSON                          0.16.3
 - RandomQuantum                 0.0.1
6 additional packages:
 - Cliffords                     0.4.0
 - Compat                        0.43.0
 - Iterators                     0.3.1
 - Nullables                     0.0.2
 - QuantumInfo                   0.0.2
 - StaticArrays                  0.6.6
[ Info: Testing RandomQuantum @ Base.Pkg.Entry entry.jl:723
┌ Warning: Deprecated syntax `type` at /home/vagrant/.julia/v0.7/Cliffords/src/Cliffords.jl:19.
│ Use `mutable struct` instead.
└ @ nothing Cliffords.jl:19
┌ Warning: Deprecated syntax `immutable` at /home/vagrant/.julia/v0.7/Cliffords/src/Paulis.jl:7.
│ Use `struct` instead.
└ @ nothing Paulis.jl:7
ERROR: LoadError: LoadError: syntax: too few type parameters specified in "new{...}"
Stacktrace:
 [1] include at ./boot.jl:295 [inlined]
 [2] include_relative(::Module, ::String) at ./loading.jl:521
 [3] include at ./sysimg.jl:26 [inlined]
 [4] include(::String) at /home/vagrant/.julia/v0.7/Cliffords/src/Cliffords.jl:6
 [5] top-level scope
 [6] include at ./boot.jl:295 [inlined]
 [7] include_relative(::Module, ::String) at ./loading.jl:521
 [8] include(::Module, ::String) at ./sysimg.jl:26
 [9] top-level scope
 [10] eval at ./boot.jl:298 [inlined]
 [11] top-level scope at ./<missing>:2
in expression starting at /home/vagrant/.julia/v0.7/Cliffords/src/Paulis.jl:7
in expression starting at /home/vagrant/.julia/v0.7/Cliffords/src/Cliffords.jl:17
ERROR: LoadError: Failed to precompile Cliffords to /home/vagrant/.julia/lib/v0.7/Cliffords.ji.
Stacktrace:
 [1] error at ./error.jl:33 [inlined]
 [2] compilecache(::String) at ./loading.jl:648
 [3] compilecache at ./loading.jl:605 [inlined]
 [4] _require(::Symbol) at ./loading.jl:440
 [5] require(::Symbol) at ./loading.jl:333
 [6] include at ./boot.jl:295 [inlined]
 [7] include_relative(::Module, ::String) at ./loading.jl:521
 [8] include(::Module, ::String) at ./sysimg.jl:26
 [9] top-level scope
 [10] eval at ./boot.jl:298 [inlined]
 [11] top-level scope at ./<missing>:2
in expression starting at /home/vagrant/.julia/v0.7/QuantumInfo/src/QuantumInfo.jl:3
ERROR: LoadError: Failed to precompile QuantumInfo to /home/vagrant/.julia/lib/v0.7/QuantumInfo.ji.
Stacktrace:
 [1] error at ./error.jl:33 [inlined]
 [2] compilecache(::String) at ./loading.jl:648
 [3] compilecache at ./loading.jl:605 [inlined]
 [4] _require(::Symbol) at ./loading.jl:460
 [5] require(::Symbol) at ./loading.jl:333
 [6] include at ./boot.jl:295 [inlined]
 [7] include_relative(::Module, ::String) at ./loading.jl:521
 [8] include(::Module, ::String) at ./sysimg.jl:26
 [9] process_options(::Base.JLOptions) at ./client.jl:324
 [10] _start() at ./client.jl:375
in expression starting at /home/vagrant/.julia/v0.7/RandomQuantum/test/runtests.jl:1
┌ Error: ------------------------------------------------------------
│ # Testing failed for RandomQuantum
│   exception = ErrorException("failed process: Process(`/home/vagrant/julia/bin/julia -Cnative -J/home/vagrant/julia/lib/julia/sys.so --compile=yes --depwarn=yes --code-coverage=none --color=no --compiled-modules=yes --check-bounds=yes --warn-overwrite=yes --startup-file=yes /home/vagrant/.julia/v0.7/RandomQuantum/test/runtests.jl`, ProcessExited(1)) [1]")
└ @ Base.Pkg.Entry entry.jl:739
[ Info: No packages to install, update or remove @ Base.Pkg.Entry entry.jl:517
ERROR: RandomQuantum had test errors

>>> End of log
