INFO: Cloning cache of RandomMatrices from git://github.com/jiahao/RandomMatrices.jl.git
INFO: Installing BinDeps v0.2.14
INFO: Installing Catalan v0.0.1
INFO: Installing Distributions v0.3.0
INFO: Installing GSL v0.1.1
INFO: Installing NumericExtensions v0.3.6
INFO: Installing ODE v0.1.1
INFO: Installing Polynomial v0.1.1
INFO: Installing RandomMatrices v0.0.0
INFO: Installing StatsBase v0.3.8
INFO: Installing URIParser v0.0.2
INFO: Building GSL
INFO: REQUIRE updated.
Warning: could not import Base.foldl into NumericExtensions
Warning: could not import Base.foldr into NumericExtensions
Warning: could not import Base.sum! into NumericExtensions
Warning: could not import Base.maximum! into NumericExtensions
Warning: could not import Base.minimum! into NumericExtensions
ERROR: Could not find the GNU Scientific Library.
Please ensure that libgsl is installed on your system and is available on the system path.
 in error at error.jl:21
 in include at boot.jl:238
at /home/idunning/pkgtest/.julia/v0.2/GSL/src/ConvertGSL.jl:49
at /home/idunning/pkgtest/.julia/v0.2/GSL/src/GSL.jl:6
at /home/idunning/pkgtest/.julia/v0.2/RandomMatrices/src/RandomMatrices.jl:3
at /home/idunning/pkgtest/.julia/v0.2/RandomMatrices/testusing.jl:1
INFO: REQUIRE updated.
