>>> 'Pkg.add("RationalFunctions")' log
INFO: Cloning cache of RationalFunctions from https://github.com/aytekinar/RationalFunctions.jl.git
INFO: Installing Polynomials v0.1.5
INFO: Installing RationalFunctions v0.0.4
INFO: Installing RecipesBase v0.1.0
INFO: Package database updated

>>> 'Pkg.test("RationalFunctions")' log
Julia Version 0.5.1
Commit 6445c82 (2017-03-05 13:25 UTC)
Platform Info:
  OS: Linux (x86_64-pc-linux-gnu)
  CPU: Intel(R) Xeon(R) CPU E3-1241 v3 @ 3.50GHz
  WORD_SIZE: 64
           Ubuntu 14.04.5 LTS
  uname: Linux 3.13.0-117-generic #164-Ubuntu SMP Fri Apr 7 11:05:26 UTC 2017 x86_64 x86_64
Memory: 2.9392738342285156 GB (702.078125 MB free)
Uptime: 27637.0 sec
Load Avg:  1.1123046875  1.0439453125  0.97900390625
Intel(R) Xeon(R) CPU E3-1241 v3 @ 3.50GHz: 
       speed         user         nice          sys         idle          irq
#1  3500 MHz    1610348 s         60 s     148975 s     676166 s         42 s
#2  3500 MHz     517631 s       8124 s      68472 s    2108595 s          1 s

  BLAS: libopenblas (USE64BITINT DYNAMIC_ARCH NO_AFFINITY Nehalem)
  LAPACK: libopenblas64_
  LIBM: libopenlibm
  LLVM: libLLVM-3.7.1 (ORCJIT, haswell)
Environment:
  TERM = vt100
  LD_LIBRARY_PATH = :/usr/local/lib/
  PATH = /usr/local/sbin:/usr/local/bin:/usr/sbin:/usr/bin:/sbin:/bin:/usr/games:/usr/local/games:/home/vagrant/julia/bin/
  JAVA_HOME = /usr/lib/jvm/java-7-oracle
  HOME = /home/vagrant

Package Directory: /home/vagrant/.julia/v0.5
2 required packages:
 - JSON                          0.10.0
 - RationalFunctions             0.0.4
3 additional packages:
 - Compat                        0.24.0
 - Polynomials                   0.1.5
 - RecipesBase                   0.1.0
INFO: Computing test dependencies for RationalFunctions...
INFO: Cloning cache of GR from https://github.com/jheinen/GR.jl.git
INFO: Installing ColorTypes v0.4.1
INFO: Installing Colors v0.7.3
INFO: Installing FixedPointNumbers v0.3.7
INFO: Installing FixedSizeArrays v0.2.5
INFO: Installing GR v0.20.0
INFO: Installing Measures v0.1.0
INFO: Installing PlotThemes v0.1.1
INFO: Installing PlotUtils v0.3.0
INFO: Installing Plots v0.10.3
INFO: Installing Reexport v0.0.3
INFO: Installing Showoff v0.1.1
INFO: Building GR
INFO: Downloading pre-compiled GR 0.23.0 Ubuntu binary
  % Total    % Received % Xferd  Average Speed   Time    Time     Time  Current
                                 Dload  Upload   Total   Spent    Left  Speed
  0     0    0     0    0     0      0      0 --:--:-- --:--:-- --:--:--     0  0     0    0     0    0     0      0      0 --:--:-- --:--:-- --:--:--     0  1 38.1M    1  464k    0     0   324k      0  0:02:00  0:00:01  0:01:59  324k  6 38.1M    6 2492k    0     0  1018k      0  0:00:38  0:00:02  0:00:36 1018k 20 38.1M   20 8205k    0     0  2389k      0  0:00:16  0:00:03  0:00:13 2389k 56 38.1M   56 21.5M    0     0  4958k      0  0:00:07  0:00:04  0:00:03 4957k 98 38.1M   98 37.5M    0     0  7005k      0  0:00:05  0:00:05 --:--:-- 7646k100 38.1M  100 38.1M    0     0  7112k      0  0:00:05  0:00:05 --:--:-- 9501k
INFO: Building Plots
INFO: Testing RationalFunctions
WARNING: RationalFunction(num,den): num and den `Poly`s have different variables
WARNING: RationalFunction(num,den): num and den `Poly`s have different variables
WARNING: Poly(r): r.den is not constant
WARNING: RationalFunction(num,den): num and den `Poly`s have different variables
WARNING: r1≈r2: `r1` (x,Val{notc}) and `r2` (s,Val{notc}) have different variables
WARNING: funcfit(x, y, m, n, var): `m` and `n` must be non-negative
WARNING: funcfit(x, y, m, n, var): `m` and `n` must be non-negative
WARNING: funcfit(x, y, m, n, var): not enough data points for given degrees
WARNING: funcfit(x, y, m, n, var): length(x) ≠ length(y)
WARNING: derivative(r, n): `n` must be non-negative
WARNING: r1+r2: `r1` (x,Val{notc}) and `r2` (s,Val{notc}) have different variables
WARNING: r1+r2: `r1` (x,Val{notc}) and `r2` (s,Val{notc}) have different variables
WARNING: r1*r2: `r1` (x,Val{notc}) and `r2` (s,Val{notc}) have different variables
WARNING: r1/r2: `r1` (x,Val{notc}) and `r2` (s,Val{notc}) have different variables
WARNING: r1*r2: `r1` (x,Val{notc}) and `r2` (s,Val{notc}) have different variables
WARNING: r1+r2: `r1` (x,Val{notc}) and `r2` (s,Val{notc}) have different variables
WARNING: r1+r2: `r1` (x,Val{notc}) and `r2` (s,Val{notc}) have different variables
WARNING: r1*r2: `r1` (x,Val{notc}) and `r2` (s,Val{notc}) have different variables
WARNING: r1/r2: `r1` (x,Val{notc}) and `r2` (s,Val{notc}) have different variables
WARNING: r≈p: `r` (x) and `p` (s) have different variables
WARNING: r≈p: `r` (x) and `p` (s) have different variables
WARNING: r+p: `r` (x) and `p` (s) have different variables
WARNING: r+p: `r` (x) and `p` (s) have different variables
WARNING: r+p: `r` (x) and `p` (s) have different variables
WARNING: r+p: `r` (x) and `p` (s) have different variables
WARNING: r*p: `r` (x) and `p` (s) have different variables
WARNING: r*p: `r` (x) and `p` (s) have different variables
WARNING: r/p: `r` (x) and `p` (s) have different variables
WARNING: p/r: `p` (s) and `r` (x) have different variables
WARNING: r*p: `r` (x) and `p` (s) have different variables
WARNING: r*p: `r` (x) and `p` (s) have different variables
WARNING: r+p: `r` (x) and `p` (s) have different variables
WARNING: r+p: `r` (x) and `p` (s) have different variables
WARNING: r+p: `r` (x) and `p` (s) have different variables
WARNING: r+p: `r` (x) and `p` (s) have different variables
WARNING: r*p: `r` (x) and `p` (s) have different variables
WARNING: r*p: `r` (x) and `p` (s) have different variables
WARNING: r/p: `r` (x) and `p` (s) have different variables
WARNING: p/r: `p` (s) and `r` (x) have different variables
WARNING: r+p: `r` (s) and `p` (x) have different variables
WARNING: solve(lhs,rhs): `lhs` (x,Val{notc}) and `rhs` (s,Val{notc}) have different variables
WARNING: plot(r, x, xinit, yinit): length(xinit) ≠ length(yinit)
INFO: RationalFunctions tests passed
INFO: Removing ColorTypes v0.4.1
INFO: Removing Colors v0.7.3
INFO: Removing FixedPointNumbers v0.3.7
INFO: Removing FixedSizeArrays v0.2.5
INFO: Removing GR v0.20.0
INFO: Removing Measures v0.1.0
INFO: Removing PlotThemes v0.1.1
INFO: Removing PlotUtils v0.3.0
INFO: Removing Plots v0.10.3
INFO: Removing Reexport v0.0.3
INFO: Removing Showoff v0.1.1

>>> End of log
