>>> 'Pkg.add("Ratios")' log
INFO: Cloning cache of Ratios from https://github.com/timholy/Ratios.jl.git
INFO: Installing Ratios v0.0.4
INFO: Package database updated

>>> 'Pkg.test("Ratios")' log
Julia Version 0.6.0-dev.999
Commit 6a76dc7 (2016-10-17 21:39 UTC)
Platform Info:
  OS: Linux (x86_64-pc-linux-gnu)
  CPU: Intel(R) Xeon(R) CPU E3-1241 v3 @ 3.50GHz
  WORD_SIZE: 64
           Ubuntu 14.04.5 LTS
  uname: Linux 3.13.0-98-generic #145-Ubuntu SMP Sat Oct 8 20:13:07 UTC 2016 x86_64 x86_64
Memory: 2.939289093017578 GB (650.0859375 MB free)
Uptime: 25477.0 sec
Load Avg:  0.81201171875  0.4208984375  0.3310546875
Intel(R) Xeon(R) CPU E3-1241 v3 @ 3.50GHz: 
       speed         user         nice          sys         idle          irq
#1  3507 MHz     672390 s       2425 s     114186 s    1636404 s         35 s
#2  3507 MHz     171982 s       4522 s      45674 s    2294787 s          0 s

  BLAS: libopenblas (USE64BITINT DYNAMIC_ARCH NO_AFFINITY Nehalem)
  LAPACK: libopenblas64_
  LIBM: libopenlibm
  LLVM: libLLVM-3.7.1 (ORCJIT, haswell)
Environment:
  TERM = vt100
  LD_LIBRARY_PATH = :/usr/local/lib/
  PATH = /usr/local/sbin:/usr/local/bin:/usr/sbin:/usr/bin:/sbin:/bin:/usr/games:/usr/local/games:/home/vagrant/julia/bin/
  JAVA_HOME = /usr/lib/jvm/java-7-oracle
  HOME = /home/vagrant

Package Directory: /home/vagrant/.julia/v0.6
2 required packages:
 - JSON                          0.8.0
 - Ratios                        0.0.4
1 additional packages:
 - Compat                        0.9.2
INFO: Testing Ratios
INFO: Ratios tests passed

>>> End of log
