>>> 'Pkg.add("RDatasets")' log
┌ Info: Cloning cache of RDatasets from https://github.com/johnmyleswhite/RDatasets.jl.git
└                                                   @ Base.Pkg.Cache cache.jl:43
[ Info: Installing BinDeps v0.8.3                  @ Base.Pkg.Entry entry.jl:543
[ Info: Installing CategoricalArrays v0.3.3        @ Base.Pkg.Entry entry.jl:543
[ Info: Installing CodecZlib v0.4.2                @ Base.Pkg.Entry entry.jl:543
[ Info: Installing DataFrames v0.11.4              @ Base.Pkg.Entry entry.jl:543
[ Info: Installing DataStreams v0.3.4              @ Base.Pkg.Entry entry.jl:543
[ Info: Installing DataStructures v0.7.4           @ Base.Pkg.Entry entry.jl:543
[ Info: Installing FileIO v0.6.1                   @ Base.Pkg.Entry entry.jl:543
[ Info: Installing Missings v0.2.4                 @ Base.Pkg.Entry entry.jl:543
[ Info: Installing NamedTuples v4.0.0              @ Base.Pkg.Entry entry.jl:543
[ Info: Installing RData v0.3.0                    @ Base.Pkg.Entry entry.jl:543
[ Info: Installing RDatasets v0.2.0                @ Base.Pkg.Entry entry.jl:543
[ Info: Installing Reexport v0.1.0                 @ Base.Pkg.Entry entry.jl:543
[ Info: Installing SHA v0.5.2                      @ Base.Pkg.Entry entry.jl:543
[ Info: Installing SortingAlgorithms v0.2.0        @ Base.Pkg.Entry entry.jl:543
[ Info: Installing SpecialFunctions v0.3.7         @ Base.Pkg.Entry entry.jl:543
[ Info: Installing StatsBase v0.19.5               @ Base.Pkg.Entry entry.jl:543
[ Info: Installing TranscodingStreams v0.4.1       @ Base.Pkg.Entry entry.jl:543
[ Info: Installing URIParser v0.3.0                @ Base.Pkg.Entry entry.jl:543
[ Info: Installing WeakRefStrings v0.4.1           @ Base.Pkg.Entry entry.jl:543
[ Info: Building SpecialFunctions                                 @ Main none:10
WARNING: importing deprecated binding Base.Associative into BinDeps.
WARNING: Base.Associative is deprecated, use AbstractDict instead.
  likely near /home/vagrant/.julia/v0.7/SpecialFunctions/deps/binaries.jl:44
in @install at /home/vagrant/.julia/v0.7/BinDeps/src/dependencies.jl
┌ Error: ------------------------------------------------------------
│ # Build failed for SpecialFunctions
│   exception =
│    LoadError: LoadError: UndefVarError: pushfront! not defined
│    Stacktrace:
│     [1] #_find_library#48(::Type, ::Function, ::BinDeps.LibraryDependency) at /home/vagrant/.julia/v0.7/BinDeps/src/dependencies.jl:652
│     [2] _find_library at /home/vagrant/.julia/v0.7/BinDeps/src/dependencies.jl:641 [inlined]
│     [3] satisfy!(::BinDeps.LibraryDependency, ::Array{DataType,1}) at /home/vagrant/.julia/v0.7/BinDeps/src/dependencies.jl:920 (repeats 2 times)
│     [4] top-level scope at /home/vagrant/.julia/v0.7/BinDeps/src/dependencies.jl:975
│     [5] include at ./boot.jl:293 [inlined]
│     [6] include_relative(::Module, ::String) at ./loading.jl:521
│     [7] include at ./sysimg.jl:26 [inlined]
│     [8] include at ./loading.jl:555 [inlined]
│     [9] top-level scope at ./<missing>:31
│     [10] include at ./boot.jl:293 [inlined]
│     [11] include_relative(::Module, ::String) at ./loading.jl:521
│     [12] include at ./sysimg.jl:26 [inlined]
│     [13] include(::String) at ./loading.jl:555
│     [14] top-level scope
│     [15] eval at ./boot.jl:296 [inlined]
│     [16] eval at ./sysimg.jl:71 [inlined]
│     [17] evalfile(::String, ::Array{String,1}) at ./loading.jl:550 (repeats 2 times)
│     [18] #2 at ./none:12 [inlined]
│     [19] cd(::getfield(, Symbol("##2#5")){String}, ::String) at ./file.jl:70
│     [20] (::getfield(, Symbol("##1#3")))(::IOStream) at ./none:11
│     [21] open(::getfield(, Symbol("##1#3")), ::String, ::String) at ./iostream.jl:310
│     [22] top-level scope
│     [23] eval at ./boot.jl:296 [inlined]
│     [24] eval(::Module, ::Expr) at ./sysimg.jl:71
│     [25] process_options(::Base.JLOptions) at ./client.jl:301
│     [26] _start() at ./client.jl:375
│    in expression starting at /home/vagrant/.julia/v0.7/SpecialFunctions/deps/binaries.jl:975
│    in expression starting at /home/vagrant/.julia/v0.7/SpecialFunctions/deps/build.jl:6
└                                                                 @ Main none:15
┌ Warning: ------------------------------------------------------------
│ # Build error summary
│ 
│ SpecialFunctions had build errors.
│ 
│  - packages with build errors remain installed in /home/vagrant/.julia/v0.7
│  - build the package(s) and all dependencies with `Pkg.build("SpecialFunctions")`
│  - build a single package by running its `deps/build.jl` script
└                                                  @ Base.Pkg.Entry entry.jl:656
[ Info: Package database updated                    @ Base.Pkg.Entry entry.jl:32

>>> 'Pkg.test("RDatasets")' log
Julia Version 0.7.0-DEV.3354
Commit 9b5eed2b6c (2018-01-09 08:03 UTC)
Platform Info:
  OS: Linux (x86_64-pc-linux-gnu)
      Ubuntu 14.04.5 LTS
  uname: Linux 3.13.0-135-generic #184-Ubuntu SMP Wed Oct 18 11:55:51 UTC 2017 x86_64 x86_64
  CPU: Intel(R) Xeon(R) CPU E3-1241 v3 @ 3.50GHz: 
              speed         user         nice          sys         idle          irq
       #1  3500 MHz    1582632 s       5912 s      84195 s     476343 s         13 s
       #2  3500 MHz     312095 s        696 s      32282 s    2131131 s          0 s
       
  Memory: 2.93927001953125 GB (908.94140625 MB free)
  Uptime: 25114.0 sec
  Load Avg:  0.9970703125  0.99755859375  1.01318359375
  WORD_SIZE: 64
  BLAS: libopenblas (USE64BITINT DYNAMIC_ARCH NO_AFFINITY Nehalem)
  LAPACK: libopenblas64_
  LIBM: libopenlibm
  LLVM: libLLVM-3.9.1 (ORCJIT, haswell)
Environment:
  TERM = vt100
  LD_LIBRARY_PATH = :/usr/local/lib/
  PATH = /usr/local/sbin:/usr/local/bin:/usr/sbin:/usr/bin:/sbin:/bin:/usr/games:/usr/local/games:/home/vagrant/julia/bin/
  JAVA_HOME = /usr/lib/jvm/java-8-openjdk-amd64
  HOME = /home/vagrant
Packages:
  Package Directory: /home/vagrant/.julia/v0.7
  Package Status:
2 required packages:
 - JSON                          0.16.3
 - RDatasets                     0.2.0
20 additional packages:
 - BinDeps                       0.8.3
 - CategoricalArrays             0.3.3
 - CodecZlib                     0.4.2
 - Compat                        0.45.0
 - DataFrames                    0.11.4
 - DataStreams                   0.3.4
 - DataStructures                0.7.4
 - FileIO                        0.6.1
 - Missings                      0.2.4
 - NamedTuples                   4.0.0
 - Nullables                     0.0.3
 - RData                         0.3.0
 - Reexport                      0.1.0
 - SHA                           0.5.2
 - SortingAlgorithms             0.2.0
 - SpecialFunctions              0.3.7
 - StatsBase                     0.19.5
 - TranscodingStreams            0.4.1
 - URIParser                     0.3.0
 - WeakRefStrings                0.4.1
[ Info: Testing RDatasets                          @ Base.Pkg.Entry entry.jl:723
┌ Warning: Deprecated syntax `parametric method syntax applies_to_os{O <: OS}(os::Type{O})` around /home/vagrant/.julia/v0.7/FileIO/src/query.jl:13.
│ Use `applies_to_os(os::Type{O}) where O <: OS` instead.
└                                                          @ nothing query.jl:13
┌ Warning: Deprecated syntax `parametric method syntax applies_to_os{U <: Unix}(os::Type{U})` around /home/vagrant/.julia/v0.7/FileIO/src/query.jl:15.
│ Use `applies_to_os(os::Type{U}) where U <: Unix` instead.
└                                                          @ nothing query.jl:15
┌ Warning: Deprecated syntax `parametric method syntax unknown{sym}(::Type{DataFormat{sym}})` around /home/vagrant/.julia/v0.7/FileIO/src/query.jl:52.
│ Use `unknown(#unused#::Type{DataFormat{sym}}) where sym` instead.
└                                                          @ nothing query.jl:52
┌ Warning: `Array{T, 1}(m::Int) where T` is deprecated, use `Array{T, 1}(uninitialized, m)` instead.
│   caller = top-level scope
└                                                                      @ Core :0
┌ Warning: `Array{T, 1}(m::Int) where T` is deprecated, use `Array{T, 1}(uninitialized, m)` instead.
│   caller = top-level scope
└                                                                      @ Core :0
┌ Warning: Deprecated syntax `parametric method syntax add_format{sym}(fmt::Type{DataFormat{sym}}, magic::Union{Tuple, AbstractVector, String}, extension)` around /home/vagrant/.julia/v0.7/FileIO/src/query.jl:79.
│ Use `add_format(fmt::Type{DataFormat{sym}}, magic::Union{Tuple, AbstractVector, String}, extension) where sym` instead.
└                                                          @ nothing query.jl:79
┌ Warning: Deprecated syntax `parametric method syntax add_format{sym, T <: Vector{UInt8}}(fmt::Type{DataFormat{sym}}, magics::Tuple{T, Vararg{T}}, extension)` around /home/vagrant/.julia/v0.7/FileIO/src/query.jl:94.
│ Use `add_format(fmt::Type{DataFormat{sym}}, magics::Tuple{T, Vararg{T}}, extension) where {sym, T <: Vector{UInt8}}` instead.
└                                                          @ nothing query.jl:94
┌ Warning: Deprecated syntax `parametric method syntax add_format{sym}(fmt::Type{DataFormat{sym}}, magic, extension)` around /home/vagrant/.julia/v0.7/FileIO/src/query.jl:111.
│ Use `add_format(fmt::Type{DataFormat{sym}}, magic, extension) where sym` instead.
└                                                         @ nothing query.jl:111
┌ Warning: Deprecated syntax `parametric method syntax del_format{sym}(fmt::Type{DataFormat{sym}})` around /home/vagrant/.julia/v0.7/FileIO/src/query.jl:122.
│ Use `del_format(fmt::Type{DataFormat{sym}}) where sym` instead.
└                                                         @ nothing query.jl:122
┌ Warning: Deprecated syntax `parametric method syntax del_magic{N}(magic::NTuple{N, UInt8}, sym)` around /home/vagrant/.julia/v0.7/FileIO/src/query.jl:135.
│ Use `del_magic(magic::NTuple{N, UInt8}, sym) where N` instead.
└                                                         @ nothing query.jl:135
┌ Warning: Deprecated syntax `parametric method syntax Base.info{sym}(::Type{DataFormat{sym}})` around /home/vagrant/.julia/v0.7/FileIO/src/query.jl:162.
│ Use `Base.info(#unused#::Type{DataFormat{sym}}) where sym` instead.
└                                                         @ nothing query.jl:162
┌ Warning: Deprecated syntax `parametric method syntax canonicalize_magic{N}(m::NTuple{N, UInt8})` around /home/vagrant/.julia/v0.7/FileIO/src/query.jl:165.
│ Use `canonicalize_magic(m::NTuple{N, UInt8}) where N` instead.
└                                                         @ nothing query.jl:165
┌ Warning: Deprecated syntax `parametric method syntax File{sym}(fmt::Type{DataFormat{sym}}, filename)` around /home/vagrant/.julia/v0.7/FileIO/src/query.jl:228.
│ Use `File(fmt::Type{DataFormat{sym}}, filename) where sym` instead.
└                                                         @ nothing query.jl:228
WARNING: importing deprecated binding Base.Nullable into FileIO.
ERROR: LoadError: LoadError: TypeError: in Type{...} expression, expected UnionAll, got typeof(Base.Nullable)
Stacktrace:
 [1] top-level scope
 [2] include at ./boot.jl:293 [inlined]
 [3] include_relative(::Module, ::String) at ./loading.jl:521
 [4] include at ./sysimg.jl:26 [inlined]
 [5] include(::String) at /home/vagrant/.julia/v0.7/FileIO/src/FileIO.jl:3
 [6] top-level scope
 [7] include at ./boot.jl:293 [inlined]
 [8] include_relative(::Module, ::String) at ./loading.jl:521
 [9] include(::Module, ::String) at ./sysimg.jl:26
 [10] top-level scope
 [11] eval at ./boot.jl:296 [inlined]
 [12] top-level scope at ./<missing>:2
in expression starting at /home/vagrant/.julia/v0.7/FileIO/src/query.jl:242
in expression starting at /home/vagrant/.julia/v0.7/FileIO/src/FileIO.jl:29
ERROR: LoadError: LoadError: Failed to precompile FileIO to /home/vagrant/.julia/lib/v0.7/FileIO.ji.
Stacktrace:
 [1] error at ./error.jl:33 [inlined]
 [2] compilecache(::String) at ./loading.jl:648
 [3] compilecache at ./loading.jl:605 [inlined]
 [4] _require(::Symbol) at ./loading.jl:460
 [5] require(::Symbol) at ./loading.jl:333
 [6] include at ./boot.jl:293 [inlined]
 [7] include_relative(::Module, ::String) at ./loading.jl:521
 [8] _require(::Symbol) at ./loading.jl:453
 [9] require(::Symbol) at ./loading.jl:333
 [10] include at ./boot.jl:293 [inlined]
 [11] include_relative(::Module, ::String) at ./loading.jl:521
 [12] include(::Module, ::String) at ./sysimg.jl:26
 [13] process_options(::Base.JLOptions) at ./client.jl:324
 [14] _start() at ./client.jl:375
in expression starting at /home/vagrant/.julia/v0.7/RDatasets/src/RDatasets.jl:4
in expression starting at /home/vagrant/.julia/v0.7/RDatasets/test/runtests.jl:5
┌ Error: ------------------------------------------------------------
│ # Testing failed for RDatasets
│   exception =
│    failed process: Process(`/home/vagrant/julia/bin/julia -Cnative -J/home/vagrant/julia/lib/julia/sys.so --compile=yes --depwarn=yes --code-coverage=none --color=no --compiled-modules=yes --check-bounds=yes --warn-overwrite=yes --startup-file=yes /home/vagrant/.julia/v0.7/RDatasets/test/runtests.jl`, ProcessExited(1)) [1]
│    Stacktrace:
│     [1] error(::String, ::Base.Process, ::String, ::Int64, ::String) at ./error.jl:42
│     [2] pipeline_error(::Base.Process) at ./process.jl:707
│     [3] run(::Cmd) at ./process.jl:669
│     [4] (::getfield(Base.Pkg.Entry, Symbol("##91#94")){Bool,String,Array{AbstractString,1}})() at ./pkg/entry.jl:736
│     [5] cd(::getfield(Base.Pkg.Entry, Symbol("##91#94")){Bool,String,Array{AbstractString,1}}, ::String) at ./file.jl:70
│     [6] #test!#90(::Bool, ::Function, ::String, ::Array{AbstractString,1}, ::Array{AbstractString,1}, ::Array{AbstractString,1}) at ./pkg/entry.jl:724
│     [7] (::getfield(Base.Pkg.Entry, Symbol("#kw##test!")))(::NamedTuple{(:coverage,),Tuple{Bool}}, ::typeof(Base.Pkg.Entry.test!), ::String, ::Array{AbstractString,1}, ::Array{AbstractString,1}, ::Array{AbstractString,1}) at ./<missing>:0
│     [8] #test#98(::Bool, ::Function, ::Array{AbstractString,1}) at ./pkg/entry.jl:763
│     [9] (::getfield(Base.Pkg.Entry, Symbol("#kw##test")))(::NamedTuple{(:coverage,),Tuple{Bool}}, ::typeof(Base.Pkg.Entry.test), ::Array{AbstractString,1}) at ./<missing>:0
│     [10] (::getfield(Base.Pkg.Dir, Symbol("##4#7")){Base.Iterators.IndexValue{Symbol,Bool,Tuple{Symbol},NamedTuple{(:coverage,),Tuple{Bool}}},typeof(Base.Pkg.Entry.test),Tuple{Array{AbstractString,1}}})() at ./pkg/dir.jl:36
│     [11] cd(::getfield(Base.Pkg.Dir, Symbol("##4#7")){Base.Iterators.IndexValue{Symbol,Bool,Tuple{Symbol},NamedTuple{(:coverage,),Tuple{Bool}}},typeof(Base.Pkg.Entry.test),Tuple{Array{AbstractString,1}}}, ::String) at ./file.jl:70
│     [12] #cd#1(::Base.Iterators.IndexValue{Symbol,Bool,Tuple{Symbol},NamedTuple{(:coverage,),Tuple{Bool}}}, ::Function, ::Function, ::Array{AbstractString,1}, ::Vararg{Array{AbstractString,1},N} where N) at ./pkg/dir.jl:36
│     [13] (::getfield(Base.Pkg.Dir, Symbol("#kw##cd")))(::NamedTuple{(:coverage,),Tuple{Bool}}, ::typeof(Base.Pkg.Dir.cd), ::Function, ::Array{AbstractString,1}, ::Vararg{Array{AbstractString,1},N} where N) at ./<missing>:0
│     [14] #test#3(::Bool, ::Function, ::String, ::Vararg{String,N} where N) at ./pkg/pkg.jl:274
│     [15] test(::String, ::Vararg{String,N} where N) at ./pkg/pkg.jl:274
│     [16] top-level scope
│     [17] eval at ./boot.jl:296 [inlined]
│     [18] eval(::Module, ::Expr) at ./sysimg.jl:71
│     [19] process_options(::Base.JLOptions) at ./client.jl:301
│     [20] _start() at ./client.jl:375
└                                                  @ Base.Pkg.Entry entry.jl:739
ERROR: RDatasets had test errors

>>> End of log
