>>> 'Pkg.add("RDF")' log
INFO: Cloning cache of RDF from https://github.com/indiedotkim/RDF.jl.git
INFO: Installing RDF v0.0.1
INFO: Installing URIParser v0.1.8
INFO: Package database updated

>>> 'Pkg.test("RDF")' log
Julia Version 0.6.0-pre.beta.9
Commit ceb0674 (2017-04-02 01:04 UTC)
Platform Info:
  OS: Linux (x86_64-pc-linux-gnu)
  CPU: Intel(R) Xeon(R) CPU E3-1241 v3 @ 3.50GHz
  WORD_SIZE: 64
           Ubuntu 14.04.5 LTS
  uname: Linux 3.13.0-115-generic #162-Ubuntu SMP Fri Mar 24 16:03:51 UTC 2017 x86_64 x86_64
Memory: 2.9392738342285156 GB (501.5703125 MB free)
Uptime: 19545.0 sec
Load Avg:  0.8505859375  0.99072265625  0.9814453125
Intel(R) Xeon(R) CPU E3-1241 v3 @ 3.50GHz: 
       speed         user         nice          sys         idle          irq
#1  3500 MHz    1176788 s       4840 s     101938 s     414412 s         47 s
#2  3500 MHz     287325 s       1862 s      46707 s    1573425 s          1 s

  BLAS: libopenblas (USE64BITINT DYNAMIC_ARCH NO_AFFINITY Nehalem)
  LAPACK: libopenblas64_
  LIBM: libopenlibm
  LLVM: libLLVM-3.9.1 (ORCJIT, haswell)
Environment:
  TERM = vt100
  LD_LIBRARY_PATH = :/usr/local/lib/
  PATH = /usr/local/sbin:/usr/local/bin:/usr/sbin:/usr/bin:/sbin:/bin:/usr/games:/usr/local/games:/home/vagrant/julia/bin/
  JAVA_HOME = /usr/lib/jvm/java-7-oracle
  HOME = /home/vagrant

Package Directory: /home/vagrant/.julia/v0.6
2 required packages:
 - JSON                          0.8.3
 - RDF                           0.0.1
2 additional packages:
 - Compat                        0.21.0
 - URIParser                     0.1.8
INFO: Testing RDF
ERROR: LoadError: LoadError: MethodError: no method matching Union(::Type{Number}, ::Type{String}, ::Type{URIParser.URI})
Stacktrace:
 [1] include_from_node1(::String) at ./loading.jl:539
while loading /home/vagrant/.julia/v0.6/RDF/src/RDF.jl, in expression starting on line 16
while loading /home/vagrant/.julia/v0.6/RDF/test/runtests.jl, in expression starting on line 1
=================================[ ERROR: RDF ]=================================

failed process: Process(`/home/vagrant/julia/bin/julia -Cx86-64 -J/home/vagrant/julia/lib/julia/sys.so --compile=yes --depwarn=yes --check-bounds=yes --code-coverage=none --color=no --compilecache=yes /home/vagrant/.julia/v0.6/RDF/test/runtests.jl`, ProcessExited(1)) [1]

================================================================================
ERROR: RDF had test errors

>>> End of log
