>>> 'Pkg.add("Reactive")' log
INFO: Installing Reactive v0.3.4
INFO: Package database updated
INFO: METADATA is out-of-date — you may not have the latest version of Reactive
INFO: Use `Pkg.update()` to get the latest versions of your packages

>>> 'Pkg.test("Reactive")' log
Julia Version 0.5.0-rc2+0
Commit 0350e57 (2016-08-12 11:25 UTC)
Platform Info:
  System: Linux (x86_64-unknown-linux-gnu)
  CPU: Intel(R) Xeon(R) CPU E3-1241 v3 @ 3.50GHz
  WORD_SIZE: 64
           Ubuntu 14.04.5 LTS
  uname: Linux 3.13.0-93-generic #140-Ubuntu SMP Mon Jul 18 21:21:05 UTC 2016 x86_64 x86_64
Memory: 2.4471054077148438 GB (633.63671875 MB free)
Uptime: 16213.0 sec
Load Avg:  1.02490234375  1.0146484375  0.9736328125
Intel(R) Xeon(R) CPU E3-1241 v3 @ 3.50GHz: 
       speed         user         nice          sys         idle          irq
#1  3513 MHz     855334 s       5871 s     108795 s     424593 s         29 s
#2  3513 MHz     274252 s        258 s      51740 s    1233518 s          0 s

  BLAS: libopenblas (USE64BITINT DYNAMIC_ARCH NO_AFFINITY Nehalem)
  LAPACK: libopenblas64_
  LIBM: libopenlibm
  LLVM: libLLVM-3.7.1 (ORCJIT, haswell)
Environment:
  TERM = vt100
  LD_LIBRARY_PATH = :/usr/local/lib/
  PATH = /usr/local/sbin:/usr/local/bin:/usr/sbin:/usr/bin:/sbin:/bin:/usr/games:/usr/local/games:/home/vagrant/julia/bin/
  JAVA_HOME = /usr/lib/jvm/java-7-oracle
  HOME = /home/vagrant

Package Directory: /home/vagrant/.julia/v0.5
2 required packages:
 - JSON                          0.6.0
 - Reactive                      0.3.4
1 additional packages:
 - Compat                        0.8.7
INFO: Computing test dependencies for Reactive...
INFO: Installing FactCheck v0.4.3
INFO: Testing Reactive
Killing Task (runnable) @0x00007fdccfd16710
Basic checks
  > map
  > merge
  > foldp
  > filter
  > sampleon
  > droprepeats
  > filterwhen
  > push! inside push!
  > previous
  > delay
46 facts verified.
Call counting
600 facts verified.
Flatten
  > Signal{Signal} -> flat Signal
  > Initial update count
  > Current signal updates
  > Signal swap
11 facts verified.
Timing functions
  > fpswhen
  > fps
  > every
  > throttle
27 facts verified.
Async
  > async_map
3 facts verified.
INFO: Reactive tests passed
INFO: Removing FactCheck v0.4.3

>>> End of log
