>>> 'Pkg.add("Rectangle")' log
INFO: Cloning cache of Rectangle from https://github.com/sambitdash/Rectangle.jl.git
INFO: Installing Rectangle v0.0.1
INFO: Package database updated

>>> 'Pkg.test("Rectangle")' log
Julia Version 0.6.2
Commit d386e40c17 (2017-12-13 18:08 UTC)
Platform Info:
  OS: Linux (x86_64-pc-linux-gnu)
  CPU: Intel(R) Xeon(R) CPU E3-1241 v3 @ 3.50GHz
  WORD_SIZE: 64
           Ubuntu 14.04.5 LTS
  uname: Linux 3.13.0-135-generic #184-Ubuntu SMP Wed Oct 18 11:55:51 UTC 2017 x86_64 x86_64
Memory: 2.93927001953125 GB (754.69140625 MB free)
Uptime: 35476.0 sec
Load Avg:  0.9970703125  0.97265625  0.95458984375
Intel(R) Xeon(R) CPU E3-1241 v3 @ 3.50GHz: 
       speed         user         nice          sys         idle          irq
#1  3510 MHz    1997947 s       7581 s     101994 s     929196 s         33 s
#2  3510 MHz     489211 s       1000 s      48246 s    2939938 s          0 s

  BLAS: libopenblas (USE64BITINT DYNAMIC_ARCH NO_AFFINITY Nehalem)
  LAPACK: libopenblas64_
  LIBM: libopenlibm
  LLVM: libLLVM-3.9.1 (ORCJIT, haswell)
Environment:
  TERM = vt100
  LD_LIBRARY_PATH = :/usr/local/lib/
  PATH = /usr/local/sbin:/usr/local/bin:/usr/sbin:/usr/bin:/sbin:/bin:/usr/games:/usr/local/games:/home/vagrant/julia/bin/
  JAVA_HOME = /usr/lib/jvm/java-8-openjdk-amd64
  HOME = /home/vagrant

Package Directory: /home/vagrant/.julia/v0.6
2 required packages:
 - JSON                          0.16.4
 - Rectangle                     0.0.1
2 additional packages:
 - Compat                        0.54.0
 - Nullables                     0.0.3
INFO: Testing Rectangle
Test Summary: | Pass  Total
Rectangle     |   14     14
INFO: Rectangle tests passed

>>> End of log
