>>> 'Pkg.add("Rectangle")' log
WARNING: Base.Pkg is deprecated, run `using Pkg` instead
 in module Main
[ Info: Cloning cache of Rectangle from https://github.com/sambitdash/Rectangle.jl.git
[ Info: Installing Rectangle v0.0.1
[ Info: Package database updated
┌ Info: METADATA is out-of-date — you may not have the latest version of Rectangle
└ Use `Pkg.update()` to get the latest versions of your packages

>>> 'Pkg.test("Rectangle")' log
WARNING: Base.versioninfo is deprecated: it has been moved to the standard library package `InteractiveUtils`.
Add `using InteractiveUtils` to your imports.
 in module Main
WARNING: Base.versioninfo is deprecated: it has been moved to the standard library package `InteractiveUtils`.
Add `using InteractiveUtils` to your imports.
 in module Main
Julia Version 0.7.0-DEV.3958
Commit f9f11a3102 (2018-02-12 21:30 UTC)
Platform Info:
  OS: Linux (x86_64-pc-linux-gnu)
      Ubuntu 14.04.5 LTS
  uname: Linux 3.13.0-135-generic #184-Ubuntu SMP Wed Oct 18 11:55:51 UTC 2017 x86_64 x86_64
  CPU: Intel(R) Xeon(R) CPU E3-1241 v3 @ 3.50GHz: 
              speed         user         nice          sys         idle          irq
       #1  3500 MHz    1792193 s       4313 s      93542 s     487941 s         20 s
       #2  3500 MHz     363083 s       1594 s      38618 s    2335219 s          0 s
       
  Memory: 2.93927001953125 GB (946.7109375 MB free)
  Uptime: 27907.0 sec
  Load Avg:  1.01416015625  1.0146484375  0.96533203125
  WORD_SIZE: 64
  LIBM: libopenlibm
  LLVM: libLLVM-3.9.1 (ORCJIT, haswell)
Environment:
  TERM = vt100
  LD_LIBRARY_PATH = :/usr/local/lib/
  PATH = /usr/local/sbin:/usr/local/bin:/usr/sbin:/usr/bin:/sbin:/bin:/usr/games:/usr/local/games:/home/vagrant/julia/bin/
  JAVA_HOME = /usr/lib/jvm/java-8-openjdk-amd64
  HOME = /home/vagrant
Packages:
  Package Directory: /home/vagrant/.julia/v0.7
  Package Status:
2 required packages:
 - JSON                          0.16.4
 - Rectangle                     0.0.1
2 additional packages:
 - Compat                        0.53.0
 - Nullables                     0.0.3
WARNING: Base.Pkg is deprecated, run `using Pkg` instead
 in module Main
[ Info: Testing Rectangle
┌ Warning: Deprecated syntax `multiple line breaks between doc string and object` at /home/vagrant/.julia/v0.7/Rectangle/src/Rectangle.jl:186.
│ Use `at most one line break` instead.
└ @ nothing Rectangle.jl:186
┌ Warning: Deprecated syntax `multiple line breaks between doc string and object` at /home/vagrant/.julia/v0.7/Rectangle/src/Rectangle.jl:186.
│ Use `at most one line break` instead.
└ @ nothing Rectangle.jl:186
WARNING: Base.Test is deprecated, run `using Test` instead
  likely near /home/vagrant/.julia/v0.7/Rectangle/test/runtests.jl:2
Test Summary: | Pass  Total
Rectangle     |   14     14
[ Info: Rectangle tests passed

>>> End of log
