>>> 'Pkg.add("RecursiveArrayTools")' log
INFO: Installing RecipesBase v0.2.3
INFO: Installing RecursiveArrayTools v0.14.6
INFO: Installing Requires v0.4.3
INFO: Installing StaticArrays v0.7.0
INFO: Package database updated

>>> 'Pkg.test("RecursiveArrayTools")' log
Julia Version 0.6.2
Commit d386e40c17 (2017-12-13 18:08 UTC)
Platform Info:
  OS: Linux (x86_64-pc-linux-gnu)
  CPU: Intel(R) Xeon(R) CPU E3-1241 v3 @ 3.50GHz
  WORD_SIZE: 64
           Ubuntu 14.04.5 LTS
  uname: Linux 3.13.0-143-generic #192-Ubuntu SMP Tue Feb 27 10:45:36 UTC 2018 x86_64 x86_64
Memory: 2.939197540283203 GB (789.55078125 MB free)
Uptime: 38382.0 sec
Load Avg:  0.9755859375  0.966796875  0.95458984375
Intel(R) Xeon(R) CPU E3-1241 v3 @ 3.50GHz: 
       speed         user         nice          sys         idle          irq
#1  3501 MHz    2172542 s       6155 s     159807 s     963875 s         30 s
#2  3501 MHz     527329 s        126 s      66027 s    3155911 s          0 s

  BLAS: libopenblas (USE64BITINT DYNAMIC_ARCH NO_AFFINITY Nehalem)
  LAPACK: libopenblas64_
  LIBM: libopenlibm
  LLVM: libLLVM-3.9.1 (ORCJIT, haswell)
Environment:
  TERM = vt100
  LD_LIBRARY_PATH = :/usr/local/lib/
  PATH = /usr/local/sbin:/usr/local/bin:/usr/sbin:/usr/bin:/sbin:/bin:/usr/games:/usr/local/games:/home/vagrant/julia/bin/
  JAVA_HOME = /usr/lib/jvm/java-8-openjdk-amd64
  HOME = /home/vagrant

Package Directory: /home/vagrant/.julia/v0.6
2 required packages:
 - JSON                          0.17.2
 - RecursiveArrayTools           0.14.6
5 additional packages:
 - Compat                        0.63.0
 - Nullables                     0.0.5
 - RecipesBase                   0.2.3
 - Requires                      0.4.3
 - StaticArrays                  0.7.0
INFO: Computing test dependencies for RecursiveArrayTools...
INFO: Installing Unitful v0.7.1
INFO: Testing RecursiveArrayTools
Test Summary: | Pass  Total
Utils Tests   |    7      7
  9.498665 seconds (4.35 M allocations: 236.551 MiB, 2.88% gc time)
Test Summary:    | Pass  Total
Partitions Tests |    9      9
  2.029398 seconds (822.03 k allocations: 39.911 MiB, 0.68% gc time)
Test Summary:           | Pass  Total
VecOfArr Indexing Tests |   19     19
  3.281869 seconds (1.00 M allocations: 53.152 MiB, 0.59% gc time)
Test Summary:            | Pass  Total
VecOfArr Interface Tests |   21     21
  0.854135 seconds (169.67 k allocations: 9.218 MiB, 1.28% gc time)
Test Summary:      | Pass  Total
StaticArrays Tests |   15     15
  2.814852 seconds (344.91 k allocations: 18.728 MiB, 0.35% gc time)
elapsed time: 19.786351309 seconds
INFO: RecursiveArrayTools tests passed
INFO: Removing Unitful v0.7.1

>>> End of log
