>>> 'Pkg.add("RecurrenceAnalysis")' log
INFO: Cloning cache of RecurrenceAnalysis from https://github.com/heliosdrm/RecurrenceAnalysis.jl.git
INFO: Installing Distances v0.4.1
INFO: Installing RecurrenceAnalysis v0.1.0
INFO: Package database updated
INFO: METADATA is out-of-date — you may not have the latest version of RecurrenceAnalysis
INFO: Use `Pkg.update()` to get the latest versions of your packages

>>> 'Pkg.test("RecurrenceAnalysis")' log
Julia Version 0.5.2
Commit f4c6c9d (2017-05-06 16:34 UTC)
Platform Info:
  OS: Linux (x86_64-pc-linux-gnu)
  CPU: Intel(R) Xeon(R) CPU E3-1241 v3 @ 3.50GHz
  WORD_SIZE: 64
           Ubuntu 14.04.5 LTS
  uname: Linux 3.13.0-126-generic #175-Ubuntu SMP Thu Jul 20 17:33:56 UTC 2017 x86_64 x86_64
Memory: 2.9392738342285156 GB (365.43359375 MB free)
Uptime: 30784.0 sec
Load Avg:  0.94189453125  0.978515625  1.00244140625
Intel(R) Xeon(R) CPU E3-1241 v3 @ 3.50GHz: 
       speed         user         nice          sys         idle          irq
#1  3498 MHz    1810112 s       6465 s     174931 s     745548 s         56 s
#2  3498 MHz     517975 s        107 s      80496 s    2418458 s          0 s

  BLAS: libopenblas (USE64BITINT DYNAMIC_ARCH NO_AFFINITY Nehalem)
  LAPACK: libopenblas64_
  LIBM: libopenlibm
  LLVM: libLLVM-3.7.1 (ORCJIT, haswell)
Environment:
  TERM = vt100
  LD_LIBRARY_PATH = :/usr/local/lib/
  PATH = /usr/local/sbin:/usr/local/bin:/usr/sbin:/usr/bin:/sbin:/bin:/usr/games:/usr/local/games:/home/vagrant/julia/bin/
  JAVA_HOME = /usr/lib/jvm/java-8-openjdk-amd64
  HOME = /home/vagrant

Package Directory: /home/vagrant/.julia/v0.5
2 required packages:
 - JSON                          0.13.0
 - RecurrenceAnalysis            0.1.0
2 additional packages:
 - Compat                        0.29.0
 - Distances                     0.4.1
INFO: Testing RecurrenceAnalysis
INFO: RecurrenceAnalysis tests passed

>>> End of log
