>>> 'Pkg.add("Reduce")' log
WARNING: Base.Pkg is deprecated, run `using Pkg` instead
 in module Main
[ Info: Cloning cache of Reduce from https://github.com/chakravala/Reduce.jl.git
[ Info: Installing Reduce v0.2.2
[ Info: Building Reduce
┌ Warning: `is_windows` is deprecated, use `Sys.iswindows` instead.
│   caller = top-level scope
└ @ Core :0
┌ Warning: `spawn(cmds::AbstractCmd)` is deprecated, use `run(cmds, wait=false)` instead.
│   caller = top-level scope at build.jl:11
└ @ Core build.jl:11
┌ Warning: `is_linux` is deprecated, use `Sys.islinux` instead.
│   caller = top-level scope at build.jl:14
└ @ Core build.jl:14
┌ Warning: `spawn(cmds::AbstractCmd)` is deprecated, use `run(cmds, wait=false)` instead.
│   caller = top-level scope at build.jl:21
└ @ Core build.jl:21
Building redpsl ... 
┌ Warning: `is_linux` is deprecated, use `Sys.islinux` instead.
│   caller = top-level scope at build.jl:30
└ @ Core build.jl:30
┌ Warning: `readstring(cmd::AbstractCmd)` is deprecated, use `read(cmd, String)` instead.
│   caller = top-level scope at build.jl:32
└ @ Core build.jl:32
  % Total    % Received % Xferd  Average Speed   Time    Time     Time  Current
                                 Dload  Upload   Total   Spent    Left  Speed
  0     0    0     0    0     0      0      0 --:--:-- --:--:-- --:--:--     0  0     0    0     0    0     0      0      0 --:--:--  0:00:01 --:--:--     0  0     0    0     0    0     0      0      0 --:--:--  0:00:02 --:--:--     0  0     0    0     0    0     0      0      0 --:--:--  0:00:02 --:--:--     0
100   746  100   746    0     0    229      0  0:00:03  0:00:03 --:--:--   229100   746  100   746    0     0    229      0  0:00:03  0:00:03 --:--:--     0

gzip: stdin: not in gzip format
tar: Child returned status 1
tar: Error is not recoverable: exiting now
┌ Error: ------------------------------------------------------------
│ # Build failed for Reduce
│   exception =
│    LoadError: failed process: Process(`tar -xvf reduce.tar.gz`, ProcessExited(2)) [2]
│    Stacktrace:
│     [1] error(::String, ::Base.Process, ::String, ::Int64, ::String) at ./error.jl:42
│     [2] pipeline_error(::Base.Process) at ./process.jl:712
│     [3] #run#534(::Bool, ::Function, ::Cmd) at ./process.jl:670
│     [4] run(::Cmd) at ./process.jl:668
│     [5] top-level scope at /home/vagrant/.julia/v0.7/Reduce/deps/build.jl:38
│     [6] include at ./boot.jl:305 [inlined]
│     [7] include_relative(::Module, ::String) at ./loading.jl:1072
│     [8] include at ./sysimg.jl:29 [inlined]
│     [9] include(::String) at ./loading.jl:1106
│     [10] top-level scope
│     [11] eval at ./boot.jl:308 [inlined]
│     [12] eval at ./sysimg.jl:74 [inlined]
│     [13] evalfile(::String, ::Array{String,1}) at ./loading.jl:1101 (repeats 2 times)
│     [14] #6 at ./none:13 [inlined]
│     [15] cd(::getfield(, Symbol("##6#8")){String}, ::String) at ./file.jl:72
│     [16] (::getfield(, Symbol("##5#7")))(::IOStream) at ./none:12
│     [17] #open#318(::Base.Iterators.Pairs{Union{},Union{},Tuple{},NamedTuple{(),Tuple{}}}, ::Function, ::getfield(, Symbol("##5#7")), ::String, ::Vararg{String,N} where N) at ./iostream.jl:369
│     [18] open(::Function, ::String, ::String) at ./iostream.jl:367
│     [19] top-level scope
│     [20] eval at ./boot.jl:308 [inlined]
│     [21] eval(::Module, ::Expr) at ./sysimg.jl:74
│     [22] exec_options(::Base.JLOptions) at ./client.jl:309
│     [23] _start() at ./client.jl:448
│    in expression starting at /home/vagrant/.julia/v0.7/Reduce/deps/build.jl:38
└ @ Main none:16
┌ Warning: ------------------------------------------------------------
│ # Build error summary
│ 
│ Reduce had build errors.
│ 
│  - packages with build errors remain installed in /home/vagrant/.julia/v0.7
│  - build the package(s) and all dependencies with `Pkg.build("Reduce")`
│  - build a single package by running its `deps/build.jl` script
└ @ Pkg.Entry entry.jl:649
[ Info: Package database updated

>>> 'Pkg.test("Reduce")' log
WARNING: Base.versioninfo is deprecated: it has been moved to the standard library package `InteractiveUtils`.
Add `using InteractiveUtils` to your imports.
 in module Main
WARNING: Base.versioninfo is deprecated: it has been moved to the standard library package `InteractiveUtils`.
Add `using InteractiveUtils` to your imports.
 in module Main
Julia Version 0.7.0-DEV.4449
Commit d1f26785f2 (2018-03-02 17:11 UTC)
Platform Info:
  OS: Linux (x86_64-pc-linux-gnu)
      Ubuntu 14.04.5 LTS
  uname: Linux 3.13.0-135-generic #184-Ubuntu SMP Wed Oct 18 11:55:51 UTC 2017 x86_64 x86_64
  CPU: Intel(R) Xeon(R) CPU E3-1241 v3 @ 3.50GHz: 
              speed         user         nice          sys         idle          irq
       #1  3508 MHz    1627905 s       7687 s      98206 s     458418 s         21 s
       #2  3508 MHz     344122 s         42 s      38077 s    2119421 s          0 s
       
  Memory: 2.93927001953125 GB (815.59765625 MB free)
  Uptime: 25410.0 sec
  Load Avg:  0.9111328125  0.9541015625  0.94970703125
  WORD_SIZE: 64
  LIBM: libopenlibm
  LLVM: libLLVM-3.9.1 (ORCJIT, haswell)
Environment:
  TERM = vt100
  LD_LIBRARY_PATH = :/usr/local/lib/
  PATH = /usr/local/sbin:/usr/local/bin:/usr/sbin:/usr/bin:/sbin:/bin:/usr/games:/usr/local/games:/home/vagrant/julia/bin/
  JAVA_HOME = /usr/lib/jvm/java-8-openjdk-amd64
  HOME = /home/vagrant
Packages:
  Package Directory: /home/vagrant/.julia/v0.7
  Package Status:
2 required packages:
 - JSON                          0.17.1
 - Reduce                        0.2.2
2 additional packages:
 - Compat                        0.56.0
 - Nullables                     0.0.3
WARNING: Base.Pkg is deprecated, run `using Pkg` instead
 in module Main
[ Info: Testing Reduce
┌ Warning: Deprecated syntax `immutable` at /home/vagrant/.julia/v0.7/Reduce/src/Reduce.jl:10.
│ Use `struct` instead.
└ @ nothing Reduce.jl:10
┌ Warning: Deprecated syntax `contains(dirf, "appveyor") ? joinpath(dirf, "..", "deps", "psl"):` at /home/vagrant/.julia/v0.7/Reduce/src/Reduce.jl:40.
│ Use `contains(dirf, "appveyor") ? joinpath(dirf, "..", "deps", "psl") :` instead.
└ @ nothing Reduce.jl:40
┌ Warning: Deprecated syntax `type` at /home/vagrant/.julia/v0.7/Reduce/src/Reduce.jl:58.
│ Use `mutable struct` instead.
└ @ nothing Reduce.jl:58
┌ Warning: Deprecated syntax `immutable` at /home/vagrant/.julia/v0.7/Reduce/src/Reduce.jl:10.
│ Use `struct` instead.
└ @ nothing Reduce.jl:10
┌ Warning: Deprecated syntax `contains(dirf, "appveyor") ? joinpath(dirf, "..", "deps", "psl"):` at /home/vagrant/.julia/v0.7/Reduce/src/Reduce.jl:40.
│ Use `contains(dirf, "appveyor") ? joinpath(dirf, "..", "deps", "psl") :` instead.
└ @ nothing Reduce.jl:40
┌ Warning: Deprecated syntax `type` at /home/vagrant/.julia/v0.7/Reduce/src/Reduce.jl:58.
│ Use `mutable struct` instead.
└ @ nothing Reduce.jl:58
┌ Warning: Deprecated syntax `type` at /home/vagrant/.julia/v0.7/Reduce/src/rexpr.jl:16.
│ Use `mutable struct` instead.
└ @ nothing rexpr.jl:16
┌ Warning: Deprecated syntax `gs?` at /home/vagrant/.julia/v0.7/Reduce/src/rexpr.jl:160.
│ Use `gs ?` instead.
└ @ nothing rexpr.jl:160
┌ Warning: Deprecated syntax `gs ?'"'` at /home/vagrant/.julia/v0.7/Reduce/src/rexpr.jl:160.
│ Use `gs ? '"'` instead.
└ @ nothing rexpr.jl:160
┌ Warning: Deprecated syntax `gs ? "//":` at /home/vagrant/.julia/v0.7/Reduce/src/rexpr.jl:160.
│ Use `gs ? "//" :` instead.
└ @ nothing rexpr.jl:160
┌ Warning: Deprecated syntax `gs ? "//" :"` at /home/vagrant/.julia/v0.7/Reduce/src/rexpr.jl:160.
│ Use `gs ? "//" : "` instead.
└ @ nothing rexpr.jl:160
┌ Warning: `Array{T, 1}(m::Int) where T` is deprecated, use `Array{T, 1}(uninitialized, m)` instead.
│   caller = Reduce.RExpr(::String) at rexpr.jl:22
└ @ Reduce rexpr.jl:22
┌ Warning: Deprecated syntax `parametric method syntax _subst{T}(syme::String, expr::T)` around /home/vagrant/.julia/v0.7/Reduce/src/rexpr.jl:146.
│ Use `_subst(syme::String, expr::T) where T` instead.
└ @ nothing rexpr.jl:146
┌ Warning: Deprecated syntax `parametric method syntax convert{T}(::Type{T}, r::RExpr)` around /home/vagrant/.julia/v0.7/Reduce/src/rexpr.jl:208.
│ Use `convert(#unused#::Type{T}, r::RExpr) where T` instead.
└ @ nothing rexpr.jl:208
┌ Warning: `Array{T, 1}(m::Int) where T` is deprecated, use `Array{T, 1}(uninitialized, m)` instead.
│   caller = Reduce.RExpr(::String) at rexpr.jl:22
└ @ Reduce rexpr.jl:22
┌ Warning: Deprecated syntax `parametric method syntax rcall{T}(expr::T,; on::Array{Symbol, 1} = Symbol[], off::Array{Symbol, 1} = Symbol[])` around /home/vagrant/.julia/v0.7/Reduce/src/rexpr.jl:292.
│ Use `rcall(expr::T,; on::Array{Symbol, 1} = Symbol[], off::Array{Symbol, 1} = Symbol[]) where T` instead.
└ @ nothing rexpr.jl:292
┌ Warning: Deprecated syntax `type` at /home/vagrant/.julia/v0.7/Reduce/src/repl.jl:65.
│ Use `mutable struct` instead.
└ @ nothing repl.jl:65
WARNING: importing deprecated binding Base.LineEdit into Reduce.
WARNING: importing deprecated binding Base.REPL into Reduce.
WARNING: importing deprecated binding Base.REPLCompletions into Reduce.
WARNING: Base.LineEdit is deprecated, use `REPL.LineEdit` instead
  likely near /home/vagrant/.julia/v0.7/Reduce/src/repl.jl:60
WARNING: Base.REPL is deprecated, run `using REPL` instead
  likely near /home/vagrant/.julia/v0.7/Reduce/src/repl.jl:60
WARNING: Base.REPL is deprecated, run `using REPL` instead
  likely near /home/vagrant/.julia/v0.7/Reduce/src/repl.jl:60
WARNING: Base.REPL is deprecated, run `using REPL` instead
  likely near /home/vagrant/.julia/v0.7/Reduce/src/repl.jl:60
WARNING: Base.LineEdit is deprecated, use `REPL.LineEdit` instead
  likely near /home/vagrant/.julia/v0.7/Reduce/src/repl.jl:69
┌ Warning: Deprecated syntax ``const` declaration on local variable` around /home/vagrant/.julia/v0.7/Reduce/src/repl.jl:107.
└ @ nothing repl.jl:107
WARNING: importing deprecated binding Base.factorize into Reduce.
WARNING: could not import Base.besseli into Reduce
WARNING: could not import Base.besselj into Reduce
WARNING: could not import Base.besselk into Reduce
WARNING: could not import Base.bessely into Reduce
WARNING: could not import Base.polygamma into Reduce
WARNING: could not import Base.zeta into Reduce
WARNING: Base.factorize is deprecated: it has been moved to the standard library package `LinearAlgebra`.
Add `using LinearAlgebra` to your imports.
  likely near /home/vagrant/.julia/v0.7/Reduce/src/unary.jl:112
WARNING: Base.factorize is deprecated: it has been moved to the standard library package `LinearAlgebra`.
Add `using LinearAlgebra` to your imports.
  likely near /home/vagrant/.julia/v0.7/Reduce/src/unary.jl:112
WARNING: Base.factorize is deprecated: it has been moved to the standard library package `LinearAlgebra`.
Add `using LinearAlgebra` to your imports.
  likely near /home/vagrant/.julia/v0.7/Reduce/src/unary.jl:112
WARNING: Base.factorize is deprecated: it has been moved to the standard library package `LinearAlgebra`.
Add `using LinearAlgebra` to your imports.
  likely near /home/vagrant/.julia/v0.7/Reduce/src/unary.jl:112
WARNING: Base.factorize is deprecated: it has been moved to the standard library package `LinearAlgebra`.
Add `using LinearAlgebra` to your imports.
  likely near /home/vagrant/.julia/v0.7/Reduce/src/unary.jl:119
WARNING: Base.factorize is deprecated: it has been moved to the standard library package `LinearAlgebra`.
Add `using LinearAlgebra` to your imports.
  likely near /home/vagrant/.julia/v0.7/Reduce/src/unary.jl:119
WARNING: Base.factorize is deprecated: it has been moved to the standard library package `LinearAlgebra`.
Add `using LinearAlgebra` to your imports.
  likely near /home/vagrant/.julia/v0.7/Reduce/src/unary.jl:119
WARNING: Base.factorize is deprecated: it has been moved to the standard library package `LinearAlgebra`.
Add `using LinearAlgebra` to your imports.
  likely near /home/vagrant/.julia/v0.7/Reduce/src/unary.jl:119
WARNING: Base.factorize is deprecated: it has been moved to the standard library package `LinearAlgebra`.
Add `using LinearAlgebra` to your imports.
  likely near /home/vagrant/.julia/v0.7/Reduce/src/unary.jl:119
WARNING: Base.factorize is deprecated: it has been moved to the standard library package `LinearAlgebra`.
Add `using LinearAlgebra` to your imports.
  likely near /home/vagrant/.julia/v0.7/Reduce/src/unary.jl:119
WARNING: Base.factorize is deprecated: it has been moved to the standard library package `LinearAlgebra`.
Add `using LinearAlgebra` to your imports.
  likely near /home/vagrant/.julia/v0.7/Reduce/src/unary.jl:119
WARNING: Base.factorize is deprecated: it has been moved to the standard library package `LinearAlgebra`.
Add `using LinearAlgebra` to your imports.
  likely near /home/vagrant/.julia/v0.7/Reduce/src/unary.jl:119
┌ Warning: Deprecated syntax `parametric method syntax nextprime{T <: Integer}(n::T)` around /home/vagrant/.julia/v0.7/Reduce/src/unary.jl:131.
│ Use `nextprime(n::T) where T <: Integer` instead.
└ @ nothing unary.jl:131
┌ Warning: Deprecated syntax `parametric method syntax euler{T <: Integer}(n::T)` around /home/vagrant/.julia/v0.7/Reduce/src/unary.jl:131.
│ Use `euler(n::T) where T <: Integer` instead.
└ @ nothing unary.jl:131
┌ Warning: Deprecated syntax `parametric method syntax fibonacci{T <: Integer}(n::T)` around /home/vagrant/.julia/v0.7/Reduce/src/unary.jl:131.
│ Use `fibonacci(n::T) where T <: Integer` instead.
└ @ nothing unary.jl:131
┌ Warning: Deprecated syntax `parametric method syntax motzkin{T <: Integer}(n::T)` around /home/vagrant/.julia/v0.7/Reduce/src/unary.jl:131.
│ Use `motzkin(n::T) where T <: Integer` instead.
└ @ nothing unary.jl:131
┌ Warning: Deprecated syntax `parametric method syntax random{T <: Integer}(n::T)` around /home/vagrant/.julia/v0.7/Reduce/src/unary.jl:131.
│ Use `random(n::T) where T <: Integer` instead.
└ @ nothing unary.jl:131
┌ Warning: Deprecated syntax `parametric method syntax random_new_seed{T <: Integer}(n::T)` around /home/vagrant/.julia/v0.7/Reduce/src/unary.jl:131.
│ Use `random_new_seed(n::T) where T <: Integer` instead.
└ @ nothing unary.jl:131
┌ Warning: Deprecated syntax `parametric method syntax ceiling{T <: Real}(x::T)` around /home/vagrant/.julia/v0.7/Reduce/src/unary.jl:139.
│ Use `ceiling(x::T) where T <: Real` instead.
└ @ nothing unary.jl:139
┌ Warning: Deprecated syntax `parametric method syntax fix{T <: Real}(x::T)` around /home/vagrant/.julia/v0.7/Reduce/src/unary.jl:139.
│ Use `fix(x::T) where T <: Real` instead.
└ @ nothing unary.jl:139
┌ Warning: Deprecated syntax `parametric method syntax impart{T <: Number}(x::T)` around /home/vagrant/.julia/v0.7/Reduce/src/unary.jl:147.
│ Use `impart(x::T) where T <: Number` instead.
└ @ nothing unary.jl:147
┌ Warning: Deprecated syntax `parametric method syntax repart{T <: Number}(x::T)` around /home/vagrant/.julia/v0.7/Reduce/src/unary.jl:147.
│ Use `repart(x::T) where T <: Number` instead.
└ @ nothing unary.jl:147
┌ Warning: Deprecated syntax `parametric method syntax bernoulli{T <: Integer}(n::T)` around /home/vagrant/.julia/v0.7/Reduce/src/unary.jl:153.
│ Use `bernoulli(n::T) where T <: Integer` instead.
└ @ nothing unary.jl:153
WARNING: importing deprecated binding Base.STDERR into Reduce.
WARNING: Base.STDERR is deprecated, use stderr instead.
  likely near /home/vagrant/.julia/v0.7/Reduce/test/runtests.jl:1
in Type at /home/vagrant/.julia/v0.7/Reduce/src/Reduce.jl
WARNING: Base.STDERR is deprecated, use stderr instead.
  likely near /home/vagrant/.julia/v0.7/Reduce/test/runtests.jl:1
in Type at /home/vagrant/.julia/v0.7/Reduce/src/Reduce.jl
┌ Warning: `is_windows` is deprecated, use `Sys.iswindows` instead.
│   caller = Reduce.PSL() at Reduce.jl:23
└ @ Reduce Reduce.jl:23
┌ Warning: `is_linux` is deprecated, use `Sys.islinux` instead.
│   caller = Reduce.PSL() at Reduce.jl:27
└ @ Reduce Reduce.jl:27
ERROR: LoadError: InitError: MethodError: no method matching spawn(::Cmd, ::Tuple{Pipe,Pipe,Base.PipeEndpoint})
Closest candidates are:
  spawn(::Base.AbstractCmd) at deprecated.jl:55
Stacktrace:
 [1] Reduce.PSL() at /home/vagrant/.julia/v0.7/Reduce/src/Reduce.jl:34
 [2] Load at /home/vagrant/.julia/v0.7/Reduce/src/Reduce.jl:152 [inlined]
 [3] __init__() at /home/vagrant/.julia/v0.7/Reduce/src/Reduce.jl:147
 [4] _include_from_serialized(::String, ::Array{Any,1}) at ./loading.jl:657
 [5] _require_from_serialized(::String) at ./loading.jl:719
 [6] _require(::Base.PkgId) at ./loading.jl:1009
 [7] require(::Base.PkgId) at ./loading.jl:879
 [8] require(::Module, ::Symbol) at ./loading.jl:874
 [9] include at ./boot.jl:305 [inlined]
 [10] include_relative(::Module, ::String) at ./loading.jl:1072
 [11] include(::Module, ::String) at ./sysimg.jl:29
 [12] exec_options(::Base.JLOptions) at ./client.jl:332
 [13] _start() at ./client.jl:448
during initialization of module Reduce
in expression starting at /home/vagrant/.julia/v0.7/Reduce/test/runtests.jl:1
┌ Error: ------------------------------------------------------------
│ # Testing failed for Reduce
│   exception =
│    failed process: Process(`/home/vagrant/julia/bin/julia -Cnative -J/home/vagrant/julia/lib/julia/sys.so --compile=yes --depwarn=yes --code-coverage=none --color=no --compiled-modules=yes --check-bounds=yes --warn-overwrite=yes --startup-file=yes /home/vagrant/.julia/v0.7/Reduce/test/runtests.jl`, ProcessExited(1)) [1]
│    Stacktrace:
│     [1] error(::String, ::Base.Process, ::String, ::Int64, ::String) at ./error.jl:42
│     [2] pipeline_error(::Base.Process) at ./process.jl:712
│     [3] #run#534(::Bool, ::Function, ::Cmd) at ./process.jl:670
│     [4] run at ./process.jl:668 [inlined]
│     [5] (::getfield(Pkg.Entry, Symbol("##56#57")){Bool,String,Array{AbstractString,1}})() at /buildworker/worker/package_linux64/build/usr/share/julia/site/v0.7/Pkg/src/entry.jl:729
│     [6] cd(::getfield(Pkg.Entry, Symbol("##56#57")){Bool,String,Array{AbstractString,1}}, ::String) at ./file.jl:72
│     [7] #test!#55(::Bool, ::Function, ::String, ::Array{AbstractString,1}, ::Array{AbstractString,1}, ::Array{AbstractString,1}) at /buildworker/worker/package_linux64/build/usr/share/julia/site/v0.7/Pkg/src/entry.jl:717
│     [8] (::getfield(Pkg.Entry, Symbol("#kw##test!")))(::NamedTuple{(:coverage,),Tuple{Bool}}, ::typeof(Pkg.Entry.test!), ::String, ::Array{AbstractString,1}, ::Array{AbstractString,1}, ::Array{AbstractString,1}) at ./<missing>:0
│     [9] #test#59(::Bool, ::Function, ::Array{AbstractString,1}) at /buildworker/worker/package_linux64/build/usr/share/julia/site/v0.7/Pkg/src/entry.jl:756
│     [10] #test at ./<missing>:0 [inlined]
│     [11] #4 at /buildworker/worker/package_linux64/build/usr/share/julia/site/v0.7/Pkg/src/dir.jl:36 [inlined]
│     [12] cd(::getfield(Pkg.Dir, Symbol("##4#7")){Base.Iterators.Pairs{Symbol,Bool,Tuple{Symbol},NamedTuple{(:coverage,),Tuple{Bool}}},typeof(Pkg.Entry.test),Tuple{Array{AbstractString,1}}}, ::String) at ./file.jl:72
│     [13] #cd#1(::Base.Iterators.Pairs{Symbol,Bool,Tuple{Symbol},NamedTuple{(:coverage,),Tuple{Bool}}}, ::Function, ::Function, ::Array{AbstractString,1}, ::Vararg{Array{AbstractString,1},N} where N) at /buildworker/worker/package_linux64/build/usr/share/julia/site/v0.7/Pkg/src/dir.jl:36
│     [14] (::getfield(Pkg.Dir, Symbol("#kw##cd")))(::NamedTuple{(:coverage,),Tuple{Bool}}, ::typeof(Pkg.Dir.cd), ::Function, ::Array{AbstractString,1}, ::Vararg{Array{AbstractString,1},N} where N) at ./<missing>:0
│     [15] #test#3(::Bool, ::Function, ::String, ::Vararg{String,N} where N) at /buildworker/worker/package_linux64/build/usr/share/julia/site/v0.7/Pkg/src/Pkg.jl:276
│     [16] test(::String, ::Vararg{String,N} where N) at /buildworker/worker/package_linux64/build/usr/share/julia/site/v0.7/Pkg/src/Pkg.jl:276
│     [17] top-level scope
│     [18] eval at ./boot.jl:308 [inlined]
│     [19] eval(::Module, ::Expr) at ./sysimg.jl:74
│     [20] exec_options(::Base.JLOptions) at ./client.jl:309
│     [21] _start() at ./client.jl:448
└ @ Pkg.Entry entry.jl:732
ERROR: Reduce had test errors

>>> End of log
