>>> 'Pkg.add("Regression")' log
INFO: Cloning cache of EmpiricalRisks from https://github.com/lindahua/EmpiricalRisks.jl.git
INFO: Cloning cache of Regression from https://github.com/lindahua/Regression.jl.git
INFO: Installing ArrayViews v0.6.4
INFO: Installing EmpiricalRisks v0.2.4
INFO: Installing Reexport v0.0.3
INFO: Installing Regression v0.3.0
INFO: Package database updated

>>> 'Pkg.test("Regression")' log
Julia Version 0.5.0-dev+1968
Commit e55c22a (2016-01-02 23:28 UTC)
Platform Info:
  System: Linux (x86_64-unknown-linux-gnu)
  CPU: Intel(R) Xeon(R) CPU E3-1241 v3 @ 3.50GHz
  WORD_SIZE: 64
  BLAS: libopenblas (USE64BITINT DYNAMIC_ARCH NO_AFFINITY Nehalem)
  LAPACK: libopenblas64_
  LIBM: libopenlibm
  LLVM: libLLVM-3.3
INFO: Testing Regression
* running common.jl ...
WARNING: Base.FloatingPoint is deprecated, use AbstractFloat instead.
  likely near /home/vagrant/.julia/v0.5/EmpiricalRisks/src/common.jl:35
WARNING: Base.FloatingPoint is deprecated, use AbstractFloat instead.
  likely near /home/vagrant/.julia/v0.5/EmpiricalRisks/src/common.jl:36
WARNING: Base.FloatingPoint is deprecated, use AbstractFloat instead.
  likely near /home/vagrant/.julia/v0.5/EmpiricalRisks/src/regularizer.jl:7
WARNING: Base.FloatingPoint is deprecated, use AbstractFloat instead.
  likely near /home/vagrant/.julia/v0.5/EmpiricalRisks/src/regularizer.jl:14
WARNING: Base.FloatingPoint is deprecated, use AbstractFloat instead.
  likely near /home/vagrant/.julia/v0.5/EmpiricalRisks/src/regularizer.jl:37
WARNING: Base.FloatingPoint is deprecated, use AbstractFloat instead.
  likely near /home/vagrant/.julia/v0.5/EmpiricalRisks/src/regularizer.jl:37
WARNING: Base.FloatingPoint is deprecated, use AbstractFloat instead.
  likely near /home/vagrant/.julia/v0.5/EmpiricalRisks/src/regularizer.jl:37
WARNING: Base.FloatingPoint is deprecated, use AbstractFloat instead.
  likely near /home/vagrant/.julia/v0.5/EmpiricalRisks/src/regularizer.jl:41
WARNING: Base.FloatingPoint is deprecated, use AbstractFloat instead.
  likely near /home/vagrant/.julia/v0.5/EmpiricalRisks/src/regularizer.jl:73
WARNING: Base.FloatingPoint is deprecated, use AbstractFloat instead.
  likely near /home/vagrant/.julia/v0.5/EmpiricalRisks/src/regularizer.jl:73
WARNING: Base.FloatingPoint is deprecated, use AbstractFloat instead.
  likely near /home/vagrant/.julia/v0.5/EmpiricalRisks/src/regularizer.jl:73
WARNING: Base.FloatingPoint is deprecated, use AbstractFloat instead.
  likely near /home/vagrant/.julia/v0.5/EmpiricalRisks/src/regularizer.jl:77
WARNING: Base.FloatingPoint is deprecated, use AbstractFloat instead.
  likely near /home/vagrant/.julia/v0.5/EmpiricalRisks/src/regularizer.jl:113
WARNING: Base.FloatingPoint is deprecated, use AbstractFloat instead.
  likely near /home/vagrant/.julia/v0.5/EmpiricalRisks/src/regularizer.jl:113
WARNING: Base.FloatingPoint is deprecated, use AbstractFloat instead.
  likely near /home/vagrant/.julia/v0.5/EmpiricalRisks/src/regularizer.jl:113
WARNING: Base.FloatingPoint is deprecated, use AbstractFloat instead.
  likely near /home/vagrant/.julia/v0.5/EmpiricalRisks/src/regularizer.jl:118
WARNING: Base.FloatingPoint is deprecated, use AbstractFloat instead.
  likely near /home/vagrant/.julia/v0.5/EmpiricalRisks/src/regularizer.jl:199
WARNING: Base.FloatingPoint is deprecated, use AbstractFloat instead.
  likely near /home/vagrant/.julia/v0.5/EmpiricalRisks/src/regularizer.jl:199
WARNING: Base.FloatingPoint is deprecated, use AbstractFloat instead.
  likely near /home/vagrant/.julia/v0.5/EmpiricalRisks/src/regularizer.jl:199
WARNING: Base.FloatingPoint is deprecated, use AbstractFloat instead.
  likely near /home/vagrant/.julia/v0.5/EmpiricalRisks/src/regularizer.jl:203
WARNING: Base.FloatingPoint is deprecated, use AbstractFloat instead.
  likely near /home/vagrant/.julia/v0.5/EmpiricalRisks/src/regularizer.jl:276
WARNING: Base.FloatingPoint is deprecated, use AbstractFloat instead.
  likely near /home/vagrant/.julia/v0.5/EmpiricalRisks/src/regularizer.jl:276
WARNING: Base.FloatingPoint is deprecated, use AbstractFloat instead.
  likely near /home/vagrant/.julia/v0.5/EmpiricalRisks/src/regularizer.jl:276
WARNING: Base.FloatingPoint is deprecated, use AbstractFloat instead.
  likely near /home/vagrant/.julia/v0.5/EmpiricalRisks/src/regularizer.jl:280
WARNING: Base.FloatingPoint is deprecated, use AbstractFloat instead.
  likely near /home/vagrant/.julia/v0.5/Regression/src/regproblems.jl:7
WARNING: Base.FloatingPoint is deprecated, use AbstractFloat instead.
  likely near /home/vagrant/.julia/v0.5/Regression/src/regproblems.jl:7
WARNING: Base.FloatingPoint is deprecated, use AbstractFloat instead.
  likely near /home/vagrant/.julia/v0.5/Regression/src/regproblems.jl:7
WARNING: Base.FloatingPoint is deprecated, use AbstractFloat instead.
  likely near /home/vagrant/.julia/v0.5/Regression/src/regproblems.jl:19
WARNING: Base.FloatingPoint is deprecated, use AbstractFloat instead.
  likely near /home/vagrant/.julia/v0.5/Regression/src/regproblems.jl:19
WARNING: Base.FloatingPoint is deprecated, use AbstractFloat instead.
  likely near /home/vagrant/.julia/v0.5/Regression/src/regproblems.jl:19
WARNING: Base.FloatingPoint is deprecated, use AbstractFloat instead.
  likely near /home/vagrant/.julia/v0.5/Regression/src/regproblems.jl:43
WARNING: Base.FloatingPoint is deprecated, use AbstractFloat instead.
  likely near /home/vagrant/.julia/v0.5/Regression/src/regproblems.jl:43
WARNING: Base.FloatingPoint is deprecated, use AbstractFloat instead.
  likely near /home/vagrant/.julia/v0.5/Regression/src/regproblems.jl:43
WARNING: Base.FloatingPoint is deprecated, use AbstractFloat instead.
  likely near /home/vagrant/.julia/v0.5/Regression/src/regproblems.jl:46
WARNING: Base.FloatingPoint is deprecated, use AbstractFloat instead.
  likely near /home/vagrant/.julia/v0.5/Regression/src/regproblems.jl:46
WARNING: Base.FloatingPoint is deprecated, use AbstractFloat instead.
  likely near /home/vagrant/.julia/v0.5/Regression/src/regproblems.jl:46
WARNING: Base.FloatingPoint is deprecated, use AbstractFloat instead.
  likely near /home/vagrant/.julia/v0.5/Regression/src/regproblems.jl:53
WARNING: Base.FloatingPoint is deprecated, use AbstractFloat instead.
  likely near /home/vagrant/.julia/v0.5/Regression/src/regproblems.jl:53
WARNING: Base.FloatingPoint is deprecated, use AbstractFloat instead.
  likely near /home/vagrant/.julia/v0.5/Regression/src/regproblems.jl:53
WARNING: Base.FloatingPoint is deprecated, use AbstractFloat instead.
  likely near /home/vagrant/.julia/v0.5/Regression/src/regproblems.jl:66
WARNING: Base.FloatingPoint is deprecated, use AbstractFloat instead.
  likely near /home/vagrant/.julia/v0.5/Regression/src/regproblems.jl:66
WARNING: Base.FloatingPoint is deprecated, use AbstractFloat instead.
  likely near /home/vagrant/.julia/v0.5/Regression/src/regproblems.jl:66
WARNING: Base.FloatingPoint is deprecated, use AbstractFloat instead.
  likely near /home/vagrant/.julia/v0.5/Regression/src/optimbase.jl:55
WARNING: Base.FloatingPoint is deprecated, use AbstractFloat instead.
  likely near /home/vagrant/.julia/v0.5/Regression/src/optimbase.jl:58
WARNING: Base.FloatingPoint is deprecated, use AbstractFloat instead.
  likely near /home/vagrant/.julia/v0.5/Regression/src/optimbase.jl:60
WARNING: Base.FloatingPoint is deprecated, use AbstractFloat instead.
  likely near /home/vagrant/.julia/v0.5/Regression/src/optimbase.jl:75
WARNING: Base.FloatingPoint is deprecated, use AbstractFloat instead.
  likely near /home/vagrant/.julia/v0.5/Regression/src/optimbase.jl:78
WARNING: Base.FloatingPoint is deprecated, use AbstractFloat instead.
  likely near /home/vagrant/.julia/v0.5/Regression/src/optimbase.jl:81
WARNING: Base.FloatingPoint is deprecated, use AbstractFloat instead.
  likely near /home/vagrant/.julia/v0.5/Regression/src/optimbase.jl:115
WARNING: Base.FloatingPoint is deprecated, use AbstractFloat instead.
  likely near /home/vagrant/.julia/v0.5/Regression/src/optimbase.jl:141
WARNING: Base.FloatingPoint is deprecated, use AbstractFloat instead.
  likely near /home/vagrant/.julia/v0.5/Regression/src/optimbase.jl:196
WARNING: Base.FloatingPoint is deprecated, use AbstractFloat instead.
  likely near /home/vagrant/.julia/v0.5/Regression/src/optimbase.jl:201
WARNING: Base.FloatingPoint is deprecated, use AbstractFloat instead.
  likely near /home/vagrant/.julia/v0.5/Regression/src/optimbase.jl:208
WARNING: Base.FloatingPoint is deprecated, use AbstractFloat instead.
  likely near /home/vagrant/.julia/v0.5/Regression/src/optimbase.jl:217
WARNING: Base.FloatingPoint is deprecated, use AbstractFloat instead.
  likely near /home/vagrant/.julia/v0.5/Regression/src/solve.jl:5
WARNING: Base.FloatingPoint is deprecated, use AbstractFloat instead.
  likely near /home/vagrant/.julia/v0.5/Regression/src/solve.jl:26
WARNING: Base.FloatingPoint is deprecated, use AbstractFloat instead.
  likely near /home/vagrant/.julia/v0.5/Regression/src/solve.jl:26
WARNING: Base.FloatingPoint is deprecated, use AbstractFloat instead.
  likely near /home/vagrant/.julia/v0.5/Regression/src/solve.jl:26
WARNING: Base.FloatingPoint is deprecated, use AbstractFloat instead.
  likely near /home/vagrant/.julia/v0.5/Regression/src/solve.jl:44
WARNING: Union(args...) is deprecated, use Union{args...} instead.
 in depwarn at deprecated.jl:73
 in call at deprecated.jl:50
 in include at ./boot.jl:262
 in include_from_node1 at ./loading.jl:401
 in include at ./boot.jl:262
 in include_from_node1 at ./loading.jl:401
 in eval at ./boot.jl:265
 [inlined code] from ./sysimg.jl:14
 in require at ./loading.jl:332
 in include at ./boot.jl:262
 in include_from_node1 at ./loading.jl:401
 [inlined code] from /home/vagrant/.julia/v0.5/Regression/test/runtests.jl:12
 in anonymous at no file:0
 in include at ./boot.jl:262
 in include_from_node1 at ./loading.jl:401
 in process_options at ./client.jl:245
 in _start at ./client.jl:301
while loading /home/vagrant/.julia/v0.5/Regression/src/solve.jl, in expression starting on line 140
WARNING: Union(args...) is deprecated, use Union{args...} instead.
 in depwarn at deprecated.jl:73
 in call at deprecated.jl:50
 in include at ./boot.jl:262
 in include_from_node1 at ./loading.jl:401
 in include at ./boot.jl:262
 in include_from_node1 at ./loading.jl:401
 in eval at ./boot.jl:265
 [inlined code] from ./sysimg.jl:14
 in require at ./loading.jl:332
 in include at ./boot.jl:262
 in include_from_node1 at ./loading.jl:401
 [inlined code] from /home/vagrant/.julia/v0.5/Regression/test/runtests.jl:12
 in anonymous at no file:0
 in include at ./boot.jl:262
 in include_from_node1 at ./loading.jl:401
 in process_options at ./client.jl:245
 in _start at ./client.jl:301
while loading /home/vagrant/.julia/v0.5/Regression/src/solve.jl, in expression starting on line 142
WARNING: Base.FloatingPoint is deprecated, use AbstractFloat instead.
  likely near /home/vagrant/.julia/v0.5/Regression/src/proxsolve.jl:18
WARNING: Base.FloatingPoint is deprecated, use AbstractFloat instead.
  likely near /home/vagrant/.julia/v0.5/Regression/src/proxsolve.jl:42
* running linearreg.jl ...
    on llsq
ERROR: LoadError: LoadError: DimensionMismatch("arrays could not be broadcast to a common size")
 in broadcast_shape at broadcast.jl:40
 [inlined code] from broadcast.jl:313
 in _affmul at /home/vagrant/.julia/v0.5/Regression/test/linearreg.jl:13
 in verify_llsq at /home/vagrant/.julia/v0.5/Regression/test/linearreg.jl:34
 [inlined code] from /home/vagrant/.julia/v0.5/Regression/test/linearreg.jl:44
 in anonymous at no file:0
 in include at ./boot.jl:262
 in include_from_node1 at ./loading.jl:401
 [inlined code] from /home/vagrant/.julia/v0.5/Regression/test/runtests.jl:12
 in anonymous at no file:0
 in include at ./boot.jl:262
 in include_from_node1 at ./loading.jl:401
 in process_options at ./client.jl:245
 in _start at ./client.jl:301
while loading /home/vagrant/.julia/v0.5/Regression/test/linearreg.jl, in expression starting on line 42
while loading /home/vagrant/.julia/v0.5/Regression/test/runtests.jl, in expression starting on line 9
=============================[ ERROR: Regression ]==============================

failed process: Process(`/home/vagrant/julia/bin/julia --check-bounds=yes --code-coverage=none --color=no /home/vagrant/.julia/v0.5/Regression/test/runtests.jl`, ProcessExited(1)) [1]

================================================================================
ERROR: Base.Pkg.PkgError("Regression had test errors")
 in test at pkg/entry.jl:671
 in anonymous at pkg/dir.jl:31
 in cd at file.jl:47
 in cd at pkg/dir.jl:31
 in test at pkg.jl:228
 in eval at ./boot.jl:265
 [inlined code] from ./sysimg.jl:14
 in process_options at ./client.jl:222
 in _start at ./client.jl:301

>>> End of log
