INFO: Installing BinDeps v0.2.14
INFO: Installing Calendar v0.4.1
INFO: Installing Codecs v0.1.0
INFO: Installing GnuTLS v0.0.1
INFO: Installing HttpCommon v0.0.5
INFO: Installing HttpParser v0.0.9
INFO: Installing ICU v0.0.4
INFO: Installing Nettle v0.1.3
INFO: Installing Requests v0.0.4
INFO: Installing URIParser v0.0.2
INFO: Installing UTF16 v0.2.0
INFO: Building ICU
INFO: Building Nettle
INFO: Building GnuTLS
INFO: Building HttpParser
LibraryDependency(libhttp_parser)
INFO: REQUIRE updated.
ERROR: test failed: :((get("http://httpbin.org/get").status===200))
 in error at error.jl:21
 in default_handler at test.jl:19
 in do_test at test.jl:39
 in include at boot.jl:238
at /home/idunning/pkgtest/.julia/v0.2/Requests/test/runtests.jl:9
INFO: REQUIRE updated.
