>>> 'Pkg.add("Requests")' log
INFO: Installing BufferedStreams v0.2.1
INFO: Installing Codecs v0.2.0
INFO: Installing HttpCommon v0.2.6
INFO: Installing HttpParser v0.2.0
INFO: Installing Libz v0.2.2
INFO: Installing MbedTLS v0.4.2
INFO: Installing Requests v0.3.12
INFO: Building HttpParser
INFO: Building MbedTLS
Using system libraries...
INFO: Package database updated
INFO: METADATA is out-of-date — you may not have the latest version of Requests
INFO: Use `Pkg.update()` to get the latest versions of your packages

>>> 'Pkg.test("Requests")' log
Julia Version 0.5.0
Commit 3c9d753 (2016-09-19 18:14 UTC)
Platform Info:
  System: Linux (x86_64-pc-linux-gnu)
  CPU: Intel(R) Xeon(R) CPU E3-1241 v3 @ 3.50GHz
  WORD_SIZE: 64
           Ubuntu 14.04.5 LTS
  uname: Linux 3.13.0-107-generic #154-Ubuntu SMP Tue Dec 20 09:57:27 UTC 2016 x86_64 x86_64
Memory: 2.9392738342285156 GB (521.21875 MB free)
Uptime: 19809.0 sec
Load Avg:  0.99609375  1.0  1.03515625
Intel(R) Xeon(R) CPU E3-1241 v3 @ 3.50GHz: 
       speed         user         nice          sys         idle          irq
#1  3500 MHz    1239988 s       4576 s     119143 s     376109 s         48 s
#2  3500 MHz     317002 s       1805 s      56687 s    1562788 s          0 s

  BLAS: libopenblas (USE64BITINT DYNAMIC_ARCH NO_AFFINITY Nehalem)
  LAPACK: libopenblas64_
  LIBM: libopenlibm
  LLVM: libLLVM-3.7.1 (ORCJIT, haswell)
Environment:
  TERM = vt100
  LD_LIBRARY_PATH = :/usr/local/lib/
  PATH = /usr/local/sbin:/usr/local/bin:/usr/sbin:/usr/bin:/sbin:/bin:/usr/games:/usr/local/games:/home/vagrant/julia/bin/
  JAVA_HOME = /usr/lib/jvm/java-7-oracle
  HOME = /home/vagrant

Package Directory: /home/vagrant/.julia/v0.5
2 required packages:
 - JSON                          0.8.0
 - Requests                      0.3.12
24 additional packages:
 - BinDeps                       0.4.5
 - BufferedStreams               0.2.1
 - Calculus                      0.1.15
 - Codecs                        0.2.0
 - Compat                        0.11.0
 - Distributions                 0.11.1
 - GenerativeModels              0.0.0-             master (unregistered)
 - HttpCommon                    0.2.6
 - HttpParser                    0.2.0
 - Iterators                     0.2.0
 - LaTeXStrings                  0.2.0
 - Libz                          0.2.2
 - MbedTLS                       0.4.2
 - PDMats                        0.5.2
 - POMDPBounds                   0.0.0-             master (unregistered)
 - POMDPModels                   0.0.0-             master (unregistered)
 - POMDPToolbox                  0.0.0-             master (unregistered)
 - POMDPs                        0.4.0
 - Rmath                         0.1.6
 - SHA                           0.3.0
 - StatsBase                     0.12.0
 - StatsFuns                     0.3.1
 - TikzPictures                  0.3.5
 - URIParser                     0.1.7
INFO: Testing Requests
INFO: Requests tests passed

>>> End of log
