>>> 'Pkg.add("Restful")' log
INFO: Cloning cache of Restful from https://github.com/ylxdzsw/Restful.jl.git
INFO: Installing BinDeps v0.4.3
INFO: Installing BufferedStreams v0.1.6
INFO: Installing Codecs v0.2.0
INFO: Installing HttpCommon v0.2.6
INFO: Installing HttpParser v0.1.1
INFO: Installing HttpServer v0.1.6
INFO: Installing Libz v0.2.0
INFO: Installing MbedTLS v0.3.0
INFO: Installing Requests v0.3.10
INFO: Installing Restful v0.3.0
INFO: Installing SHA v0.2.1
INFO: Installing URIParser v0.1.6
INFO: Building HttpParser
WARNING: `@windows_only` is deprecated, use `@static if is_windows()` instead
 in depwarn(::String, ::Symbol) at ./deprecated.jl:64
 in @windows_only(::Any) at ./deprecated.jl:489
 in include_from_node1(::String) at ./loading.jl:426
 in evalfile(::String, ::Array{String,1}) at ./loading.jl:442 (repeats 2 times)
 in cd(::##2#4, ::String) at ./file.jl:59
 in (::##1#3)(::IOStream) at ./none:13
 in open(::##1#3, ::String, ::String) at ./iostream.jl:113
 in eval(::Module, ::Any) at ./boot.jl:234
 in process_options(::Base.JLOptions) at ./client.jl:239
 in _start() at ./client.jl:318
while loading /home/vagrant/.julia/v0.5/HttpParser/deps/build.jl, in expression starting on line 6
INFO: Building MbedTLS
INFO: Package database updated

>>> 'Pkg.test("Restful")' log
Julia Version 0.5.0-rc3+0
Commit e6f843b (2016-08-22 23:43 UTC)
Platform Info:
  System: Linux (x86_64-unknown-linux-gnu)
  CPU: Intel(R) Xeon(R) CPU E3-1241 v3 @ 3.50GHz
  WORD_SIZE: 64
           Ubuntu 14.04.5 LTS
  uname: Linux 3.13.0-93-generic #140-Ubuntu SMP Mon Jul 18 21:21:05 UTC 2016 x86_64 x86_64
Memory: 2.4471054077148438 GB (792.4140625 MB free)
Uptime: 17629.0 sec
Load Avg:  0.94091796875  0.9189453125  0.9384765625
Intel(R) Xeon(R) CPU E3-1241 v3 @ 3.50GHz: 
       speed         user         nice          sys         idle          irq
#1  3499 MHz     919679 s       2002 s     116070 s     490175 s         32 s
#2  3499 MHz     244459 s       5832 s      45424 s    1413355 s          1 s

  BLAS: libopenblas (USE64BITINT DYNAMIC_ARCH NO_AFFINITY Nehalem)
  LAPACK: libopenblas64_
  LIBM: libopenlibm
  LLVM: libLLVM-3.7.1 (ORCJIT, haswell)
Environment:
  TERM = vt100
  LD_LIBRARY_PATH = :/usr/local/lib/
  PATH = /usr/local/sbin:/usr/local/bin:/usr/sbin:/usr/bin:/sbin:/bin:/usr/games:/usr/local/games:/home/vagrant/julia/bin/
  JAVA_HOME = /usr/lib/jvm/java-7-oracle
  HOME = /home/vagrant

Package Directory: /home/vagrant/.julia/v0.5
2 required packages:
 - JSON                          0.7.0
 - Restful                       0.3.0
12 additional packages:
 - BinDeps                       0.4.3
 - BufferedStreams               0.1.6
 - Codecs                        0.2.0
 - Compat                        0.8.8
 - HttpCommon                    0.2.6
 - HttpParser                    0.1.1
 - HttpServer                    0.1.6
 - Libz                          0.2.0
 - MbedTLS                       0.3.0
 - Requests                      0.3.10
 - SHA                           0.2.1
 - URIParser                     0.1.6
INFO: Testing Restful
INFO: Recompiling stale cache file /home/vagrant/.julia/lib/v0.5/MbedTLS.ji for module MbedTLS.
INFO: Recompiling stale cache file /home/vagrant/.julia/lib/v0.5/HttpServer.ji for module HttpServer.
INFO: Recompiling stale cache file /home/vagrant/.julia/lib/v0.5/HttpParser.ji for module HttpParser.
INFO: Recompiling stale cache file /home/vagrant/.julia/lib/v0.5/Requests.ji for module Requests.
Listening on 127.0.0.1:8000...
WARNING: bytestring(p::Union{Ptr{Int8},Ptr{UInt8}}) is deprecated, use unsafe_string(p) instead.
 in depwarn(::String, ::Symbol) at ./deprecated.jl:64
 in bytestring(::Ptr{UInt8}) at ./deprecated.jl:50
 in on_headers_complete(::Ptr{HttpParser.Parser}) at /home/vagrant/.julia/v0.5/HttpServer/src/RequestParser.jl:73
 in http_parser_execute(::HttpParser.Parser, ::HttpParser.ParserSettings, ::Array{UInt8,1}) at /home/vagrant/.julia/v0.5/HttpParser/src/HttpParser.jl:92
 in process_client(::HttpServer.Server, ::HttpServer.Client{TCPSocket}, ::Bool) at /home/vagrant/.julia/v0.5/HttpServer/src/HttpServer.jl:388
 in (::HttpServer.##8#10{HttpServer.Server,Bool})() at ./task.jl:360
while loading /home/vagrant/.julia/v0.5/Restful/test/runtests.jl, in expression starting on line 59
INFO: Restful tests passed

>>> End of log
