>>> 'Pkg.add("ResultTypes")' log
INFO: Cloning cache of ResultTypes from https://github.com/iamed2/ResultTypes.jl.git
INFO: Installing ResultTypes v0.1.0
INFO: Package database updated

>>> 'Pkg.test("ResultTypes")' log
Julia Version 0.5.0-rc4+0
Commit 9c76c3e (2016-09-09 01:43 UTC)
Platform Info:
  System: Linux (x86_64-pc-linux-gnu)
  CPU: Intel(R) Xeon(R) CPU E3-1241 v3 @ 3.50GHz
  WORD_SIZE: 64
           Ubuntu 14.04.5 LTS
  uname: Linux 3.13.0-95-generic #142-Ubuntu SMP Fri Aug 12 17:00:09 UTC 2016 x86_64 x86_64
Memory: 2.4471054077148438 GB (582.609375 MB free)
Uptime: 16993.0 sec
Load Avg:  0.94140625  0.58740234375  0.671875
Intel(R) Xeon(R) CPU E3-1241 v3 @ 3.50GHz: 
       speed         user         nice          sys         idle          irq
#1  3500 MHz     874005 s       6326 s     113955 s     488151 s         32 s
#2  3500 MHz     269082 s         72 s      50372 s    1326427 s          0 s

  BLAS: libopenblas (USE64BITINT DYNAMIC_ARCH NO_AFFINITY Nehalem)
  LAPACK: libopenblas64_
  LIBM: libopenlibm
  LLVM: libLLVM-3.7.1 (ORCJIT, haswell)
Environment:
  TERM = vt100
  LD_LIBRARY_PATH = :/usr/local/lib/
  PATH = /usr/local/sbin:/usr/local/bin:/usr/sbin:/usr/bin:/sbin:/bin:/usr/games:/usr/local/games:/home/vagrant/julia/bin/
  JAVA_HOME = /usr/lib/jvm/java-7-oracle
  HOME = /home/vagrant

Package Directory: /home/vagrant/.julia/v0.5
2 required packages:
 - JSON                          0.7.0
 - ResultTypes                   0.1.0
1 additional packages:
 - Compat                        0.9.2
INFO: Testing ResultTypes
Test Summary: | Pass  Total
  Result      |    8      8
Test Summary: | Pass  Total
  ErrorResult |   10     10
Test Summary: | Pass  Total
  Convert     |    8      8
Test Summary: | Pass  Total
  Return      |    4      4
Test Summary: | Pass  Total
  Show        |    2      2
INFO: ResultTypes tests passed

>>> End of log
