>>> 'Pkg.add("ReverseDiffOverload")' log
INFO: Cloning cache of ReverseDiffOverload from https://github.com/LaurenceA/ReverseDiffOverload.jl.git
INFO: Installing BinDeps v0.3.21
INFO: Installing Distributions v0.9.0
INFO: Installing PDMats v0.4.2
INFO: Installing ReverseDiffOverload v0.0.1
INFO: Installing Rmath v0.1.0
INFO: Installing SHA v0.1.2
INFO: Installing StatsBase v0.8.3
INFO: Installing StatsFuns v0.3.0
INFO: Installing URIParser v0.1.5
INFO: Building Rmath
WARNING: Base.ASCIIString is deprecated, use String instead.
  likely near /home/vagrant/.julia/v0.5/Rmath/deps/build.jl:29
WARNING: Base.OS_NAME is deprecated.
  likely near /home/vagrant/.julia/v0.5/Rmath/deps/build.jl:29
WARNING: Base.OS_NAME is deprecated.
  likely near /home/vagrant/.julia/v0.5/Rmath/deps/build.jl:29
WARNING: Base.OS_NAME is deprecated.
  likely near /home/vagrant/.julia/v0.5/Rmath/deps/build.jl:29
WARNING: Base.OS_NAME is deprecated.
  likely near /home/vagrant/.julia/v0.5/Rmath/deps/build.jl:29
WARNING: Base.OS_NAME is deprecated.
  likely near /home/vagrant/.julia/v0.5/Rmath/deps/build.jl:29
WARNING: Base.OS_NAME is deprecated.
  likely near /home/vagrant/.julia/v0.5/Rmath/deps/build.jl:29
WARNING: Base.ASCIIString is deprecated, use String instead.
  likely near /home/vagrant/.julia/v0.5/Rmath/deps/build.jl:29
WARNING: Base.ASCIIString is deprecated, use String instead.
  likely near /home/vagrant/.julia/v0.5/Rmath/deps/build.jl:29
WARNING: Base.ASCIIString is deprecated, use String instead.
  likely near /home/vagrant/.julia/v0.5/Rmath/deps/build.jl:29
WARNING: Base.OS_NAME is deprecated.
  likely near /home/vagrant/.julia/v0.5/Rmath/deps/build.jl:29
WARNING: Base.OS_NAME is deprecated.
  likely near /home/vagrant/.julia/v0.5/Rmath/deps/build.jl:29
WARNING: Base.OS_NAME is deprecated.
  likely near /home/vagrant/.julia/v0.5/Rmath/deps/build.jl:29
WARNING: Base.ASCIIString is deprecated, use String instead.
  likely near /home/vagrant/.julia/v0.5/Rmath/deps/build.jl:29
WARNING: Base.OS_NAME is deprecated.
  likely near /home/vagrant/.julia/v0.5/Rmath/deps/build.jl:29
WARNING: Base.OS_NAME is deprecated.
  likely near /home/vagrant/.julia/v0.5/Rmath/deps/build.jl:29
WARNING: Base.OS_NAME is deprecated.
  likely near /home/vagrant/.julia/v0.5/Rmath/deps/build.jl:29
WARNING: Base.OS_NAME is deprecated.
  likely near /home/vagrant/.julia/v0.5/Rmath/deps/build.jl:29
WARNING: Base.OS_NAME is deprecated.
  likely near /home/vagrant/.julia/v0.5/Rmath/deps/build.jl:29
WARNING: Base.OS_NAME is deprecated.
  likely near /home/vagrant/.julia/v0.5/Rmath/deps/build.jl:29
WARNING: Base.ASCIIString is deprecated, use String instead.
  likely near /home/vagrant/.julia/v0.5/Rmath/deps/build.jl:29
WARNING: Base.ASCIIString is deprecated, use String instead.
  likely near /home/vagrant/.julia/v0.5/Rmath/deps/build.jl:29
WARNING: Base.ASCIIString is deprecated, use String instead.
  likely near /home/vagrant/.julia/v0.5/Rmath/deps/build.jl:29
WARNING: Base.ASCIIString is deprecated, use String instead.
  likely near /home/vagrant/.julia/v0.5/Rmath/deps/build.jl:29
WARNING: Base.ASCIIString is deprecated, use String instead.
  likely near /home/vagrant/.julia/v0.5/Rmath/deps/build.jl:29
WARNING: Base.OS_NAME is deprecated.
  likely near /home/vagrant/.julia/v0.5/Rmath/deps/build.jl:29
in applicable at /home/vagrant/.julia/v0.5/BinDeps/src/dependencies.jl
WARNING: Base.OS_NAME is deprecated.
  likely near /home/vagrant/.julia/v0.5/Rmath/deps/build.jl:29
in applicable at /home/vagrant/.julia/v0.5/BinDeps/src/dependencies.jl
WARNING: Base.ASCIIString is deprecated, use String instead.
  likely near /home/vagrant/.julia/v0.5/Rmath/deps/build.jl:29
WARNING: Base.ASCIIString is deprecated, use String instead.
  likely near /home/vagrant/.julia/v0.5/Rmath/deps/build.jl:29
WARNING: Base.ASCIIString is deprecated, use String instead.
  likely near /home/vagrant/.julia/v0.5/Rmath/deps/build.jl:29
WARNING: Base.OS_NAME is deprecated.
  likely near /home/vagrant/.julia/v0.5/Rmath/deps/build.jl:29
WARNING: Base.OS_NAME is deprecated.
  likely near /home/vagrant/.julia/v0.5/Rmath/deps/build.jl:29
WARNING: Base.OS_NAME is deprecated.
  likely near /home/vagrant/.julia/v0.5/Rmath/deps/build.jl:29
WARNING: Base.OS_NAME is deprecated.
  likely near /home/vagrant/.julia/v0.5/Rmath/deps/build.jl:29
WARNING: Base.OS_NAME is deprecated.
  likely near /home/vagrant/.julia/v0.5/Rmath/deps/build.jl:29
WARNING: Base.OS_NAME is deprecated.
  likely near /home/vagrant/.julia/v0.5/Rmath/deps/build.jl:29
WARNING: Base.OS_NAME is deprecated.
  likely near /home/vagrant/.julia/v0.5/Rmath/deps/build.jl:29
in can_provide at /home/vagrant/.julia/v0.5/BinDeps/src/dependencies.jl
WARNING: Base.OS_NAME is deprecated.
  likely near /home/vagrant/.julia/v0.5/Rmath/deps/build.jl:29
in can_provide at /home/vagrant/.julia/v0.5/BinDeps/src/dependencies.jl
INFO: Package database updated

>>> 'Pkg.test("ReverseDiffOverload")' log
No tests found.
>>> End of log
