>>> 'Pkg.add("ReverseDiffSparse")' log
INFO: Installing Calculus v0.1.10
INFO: Installing DataStructures v0.3.12
INFO: Installing DualNumbers v0.1.3
INFO: Installing NaNMath v0.1.0
INFO: Installing ReverseDiffSparse v0.2.10
INFO: Package database updated
INFO: METADATA is out-of-date — you may not have the latest version of ReverseDiffSparse
INFO: Use `Pkg.update()` to get the latest versions of your packages

>>> 'Pkg.test("ReverseDiffSparse")' log
Julia Version 0.4.0-rc1
Commit e5c6964 (2015-09-09 16:07 UTC)
Platform Info:
  System: Linux (x86_64-unknown-linux-gnu)
  CPU: Intel(R) Core(TM) i5-2500K CPU @ 3.30GHz
  WORD_SIZE: 64
  BLAS: libopenblas (USE64BITINT DYNAMIC_ARCH NO_AFFINITY Sandybridge)
  LAPACK: libopenblas
  LIBM: libopenlibm
  LLVM: libLLVM-3.3
INFO: Computing test dependencies for ReverseDiffSparse...
INFO: Installing Graphs v0.5.5
INFO: Testing ReverseDiffSparse
test_grad.jl:
Passed tests
test_coloring.jl:

WARNING: deprecated syntax "< (" at /home/vagrant/.julia/v0.4/Graphs/src/dijkstra_spath.jl:23.
Use "<(" instead.
WARNING: module Graphs should explicitly import < from Base

WARNING: deprecated syntax "< (" at /home/vagrant/.julia/v0.4/Graphs/src/prim_mst.jl:24.
Use "<(" instead.
Passed tests
test_hessian.jl:
Passed tests
test_output.jl:
INFO: ReverseDiffSparse tests passed
INFO: Removing Graphs v0.5.5

>>> End of log
