>>> 'Pkg.add("Rif")' log
INFO: Installing ArrayViews v0.4.6
INFO: Installing DataArrays v0.2.3
INFO: Installing DataFrames v0.5.9
INFO: Installing GZip v0.2.13
INFO: Installing Reexport v0.0.1
INFO: Installing Rif v0.0.5
INFO: Installing SortingAlgorithms v0.0.2
INFO: Installing StatsBase v0.6.8
INFO: Package database updated
INFO: METADATA is out-of-date a you may not have the latest version of Rif
INFO: Use `Pkg.update()` to get the latest versions of your packages

>>> 'using Rif' log

WARNING: deprecated syntax "{a=>b, ...}" at /home/idunning/pkgtest/.julia/v0.4/Rif/src/Rif.jl:84.
Use "Dict{Any,Any}(a=>b, ...)" instead.

WARNING: deprecated syntax "{a=>b, ...}" at /home/idunning/pkgtest/.julia/v0.4/Rif/src/Rif.jl:92.
Use "Dict{Any,Any}(a=>b, ...)" instead.

WARNING: deprecated syntax "{a=>b, ...}" at /home/idunning/pkgtest/.julia/v0.4/Rif/src/Rif.jl:182.
Use "Dict{Any,Any}(a=>b, ...)" instead.

WARNING: deprecated syntax "{a,b, ...}" at /home/idunning/pkgtest/.julia/v0.4/Rif/src/Rif.jl:320.
Use "Any[a,b, ...]" instead.

WARNING: deprecated syntax "{a,b, ...}" at /home/idunning/pkgtest/.julia/v0.4/Reexport/src/Reexport.jl:11.
Use "Any[a,b, ...]" instead.

WARNING: deprecated syntax "{a,b, ...}" at /home/idunning/pkgtest/.julia/v0.4/Reexport/src/Reexport.jl:14.
Use "Any[a,b, ...]" instead.

WARNING: deprecated syntax "{a for a in b}" at /home/idunning/pkgtest/.julia/v0.4/Reexport/src/Reexport.jl:16.
... truncated ...
Use "Any[a,b, ...]" instead.
gcc -g -Wall -DCSTACK_DEFNS -DRIF_HAS_RSIGHAND -DHAS_READLINE -fno-stack-protector `R CMD config --cppflags` -fPIC -c r_utils.c -o r_utils.o
gcc -g -Wall -DCSTACK_DEFNS -DRIF_HAS_RSIGHAND -DHAS_READLINE -fno-stack-protector `R CMD config --cppflags` -lreadline -Ir_utils -fPIC -c librinterface.c -o librinterface.o
librinterface.c: In function aSexp_getAttributea:
librinterface.c:326:5: warning: return makes pointer from integer without a cast
     return -1;
     ^
librinterface.c: In function anameIndexa:
librinterface.c:395:17: warning: assignment discards aconsta qualifier from pointer target type
       name_item = translateCharUTF8(sexp_item);
                 ^
librinterface.c:398:17: warning: assignment discards aconsta qualifier from pointer target type
       name_item = CHAR(sexp_item);
                 ^
librinterface.c: In function aSexpStrVector_getitema:
librinterface.c:448:9: warning: assignment discards aconsta qualifier from pointer target type
     res = translateCharUTF8(sexp_item);
         ^
librinterface.c:451:9: warning: assignment discards aconsta qualifier from pointer target type
     res = CHAR(sexp_item);
         ^
librinterface.c: In function aSexpDoubleVectorMatrix_new_nofilla:
librinterface.c:640:7: warning: unused variable ana [-Wunused-variable]
   int n = nx * ny;
       ^
librinterface.c: In function aSexpIntVectorMatrix_new_nofilla:
librinterface.c:734:7: warning: unused variable ana [-Wunused-variable]
   int n = nx * ny;
       ^
librinterface.c: In function aSexpBoolVectorMatrix_new_nofilla:
librinterface.c:763:7: warning: unused variable ana [-Wunused-variable]
   int n = nx * ny;
       ^
gcc -lreadline -shared librinterface.o r_utils.o `R CMD config --ldflags` -dynamiclib -o librinterface.so
Julia Version 0.4.0-dev+1031
Commit 706f6ac (2014-10-09 06:32 UTC)
Platform Info:
  System: Linux (x86_64-unknown-linux-gnu)
  CPU: Intel(R) Xeon(R) CPU E5-2650 0 @ 2.00GHz
  WORD_SIZE: 64
  BLAS: libopenblas (USE64BITINT DYNAMIC_ARCH NO_AFFINITY Sandybridge)
  LAPACK: libopenblas
  LIBM: libopenlibm
  LLVM: libLLVM-3.3
*********************************************************
Can't find librinterface.so; attempting to compile...    
*********************************************************
*********************************************************
Compiling complete
*********************************************************

>>> test log

WARNING: deprecated syntax "{a=>b, ...}" at /home/idunning/pkgtest/.julia/v0.4/Rif/src/Rif.jl:84.
Use "Dict{Any,Any}(a=>b, ...)" instead.

WARNING: deprecated syntax "{a=>b, ...}" at /home/idunning/pkgtest/.julia/v0.4/Rif/src/Rif.jl:92.
Use "Dict{Any,Any}(a=>b, ...)" instead.

WARNING: deprecated syntax "{a=>b, ...}" at /home/idunning/pkgtest/.julia/v0.4/Rif/src/Rif.jl:182.
Use "Dict{Any,Any}(a=>b, ...)" instead.

WARNING: deprecated syntax "{a,b, ...}" at /home/idunning/pkgtest/.julia/v0.4/Rif/src/Rif.jl:320.
Use "Any[a,b, ...]" instead.

WARNING: deprecated syntax "{a,b, ...}" at /home/idunning/pkgtest/.julia/v0.4/Reexport/src/Reexport.jl:11.
Use "Any[a,b, ...]" instead.

WARNING: deprecated syntax "{a,b, ...}" at /home/idunning/pkgtest/.julia/v0.4/Reexport/src/Reexport.jl:14.
Use "Any[a,b, ...]" instead.

WARNING: deprecated syntax "{a for a in b}" at /home/idunning/pkgtest/.julia/v0.4/Reexport/src/Reexport.jl:16.
... truncated ...
Use "[]" instead.

WARNING: deprecated syntax "{a for a in b}" at /home/idunning/pkgtest/.julia/v0.4/DataFrames/src/groupeddataframe/grouping.jl:123.
Use "Any[a for a in b]" instead.

WARNING: deprecated syntax "{a for a in b}" at /home/idunning/pkgtest/.julia/v0.4/DataFrames/src/groupeddataframe/grouping.jl:155.
Use "Any[a for a in b]" instead.

WARNING: deprecated syntax "{a for a in b}" at /home/idunning/pkgtest/.julia/v0.4/DataFrames/src/dataframe/reshape.jl:47.
Use "Any[a for a in b]" instead.

WARNING: deprecated syntax "{a for a in b}" at /home/idunning/pkgtest/.julia/v0.4/DataFrames/src/dataframe/reshape.jl:240.
Use "Any[a for a in b]" instead.

WARNING: deprecated syntax "{a,b, ...}" at /home/idunning/pkgtest/.julia/v0.4/DataFrames/src/dataframe/reshape.jl:242.
Use "Any[a,b, ...]" instead.

WARNING: deprecated syntax "{a,b, ...}" at /home/idunning/pkgtest/.julia/v0.4/DataFrames/src/statsmodels/formula.jl:127.
Use "Any[a,b, ...]" instead.

WARNING: deprecated syntax "{a,b, ...}" at /home/idunning/pkgtest/.julia/v0.4/DataFrames/src/statsmodels/formula.jl:145.
Use "Any[a,b, ...]" instead.

WARNING: deprecated syntax "{a,b, ...}" at /home/idunning/pkgtest/.julia/v0.4/DataFrames/src/statsmodels/formula.jl:237.
Use "Any[a,b, ...]" instead.

WARNING: deprecated syntax "{a,b, ...}" at /home/idunning/pkgtest/.julia/v0.4/DataFrames/src/statsmodels/formula.jl:237.
Use "Any[a,b, ...]" instead.

WARNING: deprecated syntax "{a,b, ...}" at /home/idunning/pkgtest/.julia/v0.4/DataFrames/src/deprecated.jl:46.
Use "Any[a,b, ...]" instead.

WARNING: deprecated syntax "{a,b, ...}" at /home/idunning/pkgtest/.julia/v0.4/DataFrames/src/deprecated.jl:246.
Use "Any[a,b, ...]" instead.

WARNING: deprecated syntax "{a,b, ...}" at /home/idunning/pkgtest/.julia/v0.4/DataFrames/src/deprecated.jl:314.
Use "Any[a,b, ...]" instead.
ERROR: could not open file /home/idunning/pkgtest/.julia/v0.4/Rif/environments.jl
 in include at ./boot.jl:245
 in include_from_node1 at ./loading.jl:128
 in anonymous at no file:12
 in include at ./boot.jl:245
 in include_from_node1 at loading.jl:128
 in process_options at ./client.jl:293
 in _start at ./client.jl:362
 in _start_3B_3797 at /home/idunning/julia04/usr/bin/../lib/julia/sys.so
while loading /home/idunning/pkgtest/.julia/v0.4/Rif/run_tests.jl, in expression starting on line 10
Using R_HOME=/usr/lib64/R
 * environments.jl


>>> end of log
