>>> 'Pkg.add("RigidBodySim")' log
INFO: Cloning cache of DrakeVisualizer from https://github.com/rdeits/DrakeVisualizer.jl.git
INFO: Cloning cache of MechanismGeometries from https://github.com/JuliaRobotics/MechanismGeometries.jl.git
INFO: Cloning cache of MeshIO from https://github.com/JuliaIO/MeshIO.jl.git
INFO: Cloning cache of Meshing from https://github.com/JuliaGeometry/Meshing.jl.git
INFO: Cloning cache of RigidBodySim from https://github.com/JuliaRobotics/RigidBodySim.jl.git
INFO: Cloning cache of RigidBodyTreeInspector from https://github.com/rdeits/RigidBodyTreeInspector.jl.git
INFO: Installing AxisAlgorithms v0.2.0
INFO: Installing BinDeps v0.8.7
INFO: Installing BufferedStreams v0.4.0
INFO: Installing CMakeWrapper v0.1.0
INFO: Installing Calculus v0.2.2
INFO: Installing ColorTypes v0.6.7
INFO: Installing CommonSubexpressions v0.0.1
INFO: Installing CoordinateTransformations v0.4.1
INFO: Installing DataStructures v0.7.4
INFO: Installing DiffBase v0.3.2
INFO: Installing DiffEqBase v3.8.0
INFO: Installing DiffEqCallbacks v1.0.0
INFO: Installing DiffEqDiffTools v0.4.0
INFO: Installing DiffEqOperators v1.2.0
INFO: Installing DiffResults v0.0.3
INFO: Installing DiffRules v0.0.4
INFO: Installing Distances v0.5.0
INFO: Installing DocStringExtensions v0.4.4
INFO: Installing DrakeVisualizer v0.3.0
INFO: Installing DualNumbers v0.3.0
INFO: Installing Expokit v0.0.1
INFO: Installing FileIO v0.7.0
INFO: Installing FixedPointNumbers v0.4.6
INFO: Installing ForwardDiff v0.7.4
INFO: Installing FunctionWrappers v0.1.0
INFO: Installing GenericSVD v0.1.0
INFO: Installing GeometryTypes v0.4.4
INFO: Installing Interact v0.7.1
INFO: Installing Interpolations v0.7.3
INFO: Installing IterTools v0.2.1
INFO: Installing IteratorInterfaceExtensions v0.0.2
INFO: Installing Juno v0.4.0
INFO: Installing LCMCore v0.2.0
INFO: Installing LightXML v0.6.0
INFO: Installing LineSearches v3.2.5
INFO: Installing LinearMaps v1.0.4
INFO: Installing LoopThrottle v0.0.1
INFO: Installing MacroTools v0.4.0
INFO: Installing MechanismGeometries v0.0.2
INFO: Installing Media v0.3.0
INFO: Installing MeshIO v0.1.3
INFO: Installing Meshing v0.3.1
INFO: Installing Missings v0.2.7
INFO: Installing MuladdMacro v0.0.2
INFO: Installing NLSolversBase v4.3.0
INFO: Installing NLsolve v1.0.1
INFO: Installing NaNMath v0.3.1
INFO: Installing NamedTuples v4.0.0
INFO: Installing OrdinaryDiffEq v3.7.0
INFO: Installing Parameters v0.8.1
INFO: Installing Ratios v0.2.0
INFO: Installing Reactive v0.6.0
INFO: Installing RecipesBase v0.2.3
INFO: Installing RecursiveArrayTools v0.14.6
INFO: Installing Reexport v0.1.0
INFO: Installing Requires v0.4.3
INFO: Installing RigidBodyDynamics v0.5.0
INFO: Installing RigidBodySim v0.1.0
INFO: Installing RigidBodyTreeInspector v0.4.0
INFO: Installing Roots v0.5.0
INFO: Installing Rotations v0.6.1
INFO: Installing SHA v0.5.6
INFO: Installing ShowItLikeYouBuildIt v0.2.0
INFO: Installing SimpleTraits v0.6.0
INFO: Installing SpecialFunctions v0.3.8
INFO: Installing StaticArrays v0.7.0
INFO: Installing TableTraits v0.2.0
INFO: Installing TypeSortedCollections v0.4.0
INFO: Installing URIParser v0.3.1
INFO: Installing WoodburyMatrices v0.2.2
INFO: Building CMakeWrapper
INFO: Building DiffEqBase
INFO: ~~~ DifferentialEquations.jl *BREAKING* changes  ~~~

We have changed the front-end API on how
users may define equations of motion and 
problems, for all problem types that can
be used in the DifferentialEquations.jl.
These are *BREAKING* changes, and they
also have *NO WARNINGS*!

Please see our latest documentation here:
http://docs.juliadiffeq.org/latest/

or the blogpost that describes the changes:
http://juliadiffeq.org/2018/01/24/Parameters.html

In short, the mutated argument is the first argument,
and parameters are now directly passed
into the equations of motion function. For all
types now mutation goes first, then dependent variables, 
then parameters, then independent variables. 

`f(mutated, dependent variables, p/integrator, independent variables)`

For example, this means that the ODE syntax will be `f(u,p,t)` (for the
out-of-place) and `f(du,u,p,t)` (for the in-place). Notice
that this change also removes the need for ParameterizedFunctions
as now parameters are part of the equations of motion.

For more details please visit the above links!
INFO: Building SpecialFunctions
INFO: Building LCMCore
-I/usr/include/python2.7 -I/usr/include/x86_64-linux-gnu/python2.7  
-I/usr/include/python2.7 -I/usr/include/x86_64-linux-gnu/python2.7  
-I/usr/include/glib-2.0 -I/usr/lib/x86_64-linux-gnu/glib-2.0/include  
-I/usr/include/glib-2.0 -I/usr/lib/x86_64-linux-gnu/glib-2.0/include  
INFO: Building DrakeVisualizer
-I/usr/include/python2.7 -I/usr/include/x86_64-linux-gnu/python2.7  
-I/usr/include/python2.7 -I/usr/include/x86_64-linux-gnu/python2.7  
Installing dependency libqt4-dev via `sudo apt-get install libqt4-dev`:
Reading package lists...
Building dependency tree...
Reading state information...
The following extra packages will be installed:
  libaudio2 libqt4-dbus libqt4-declarative libqt4-designer libqt4-dev-bin
  libqt4-help libqt4-network libqt4-qt3support libqt4-script
  libqt4-scripttools libqt4-sql libqt4-svg libqt4-test libqt4-xml
  libqt4-xmlpatterns libqtcore4 libqtdbus4 libqtgui4 qdbus qt4-linguist-tools
  qt4-qmake qtcore4-l10n
Suggested packages:
  nas libqt4-declarative-folderlistmodel libqt4-declarative-gestures
  libqt4-declarative-particles libqt4-declarative-shaders qt4-qmlviewer
  firebird-dev libmysqlclient-dev libpq-dev libsqlite0-dev libsqlite3-dev
  qt4-dev-tools qt4-doc unixodbc-dev libicu48 qt4-qtconfig
Recommended packages:
  libqt4-opengl-dev libqtwebkit-dev libqt4-sql-mysql libqt4-sql-odbc
  libqt4-sql-psql libqt4-sql-sqlite
The following NEW packages will be installed:
  libaudio2 libqt4-dbus libqt4-declarative libqt4-designer libqt4-dev
  libqt4-dev-bin libqt4-help libqt4-network libqt4-qt3support libqt4-script
  libqt4-scripttools libqt4-sql libqt4-svg libqt4-test libqt4-xml
  libqt4-xmlpatterns libqtcore4 libqtdbus4 libqtgui4 qdbus qt4-linguist-tools
  qt4-qmake qtcore4-l10n
0 upgraded, 23 newly installed, 0 to remove and 0 not upgraded.
Need to get 19.9 MB of archives.
After this operation, 80.9 MB of additional disk space will be used.
Get:1 http://archive.ubuntu.com/ubuntu/ trusty/main libaudio2 amd64 1.9.4-1 [57.1 kB]
Get:2 http://archive.ubuntu.com/ubuntu/ trusty-updates/main qtcore4-l10n all 4:4.8.5+git192-g085f851+dfsg-2ubuntu4.1 [587 kB]
Get:3 http://archive.ubuntu.com/ubuntu/ trusty-updates/main libqtcore4 amd64 4:4.8.5+git192-g085f851+dfsg-2ubuntu4.1 [1,555 kB]
Get:4 http://archive.ubuntu.com/ubuntu/ trusty-updates/main libqt4-xml amd64 4:4.8.5+git192-g085f851+dfsg-2ubuntu4.1 [95.0 kB]
Get:5 http://archive.ubuntu.com/ubuntu/ trusty-updates/main libqtdbus4 amd64 4:4.8.5+git192-g085f851+dfsg-2ubuntu4.1 [180 kB]
Get:6 http://archive.ubuntu.com/ubuntu/ trusty-updates/main libqt4-network amd64 4:4.8.5+git192-g085f851+dfsg-2ubuntu4.1 [543 kB]
Get:7 http://archive.ubuntu.com/ubuntu/ trusty-updates/main libqt4-script amd64 4:4.8.5+git192-g085f851+dfsg-2ubuntu4.1 [776 kB]
Get:8 http://archive.ubuntu.com/ubuntu/ trusty-updates/main libqt4-sql amd64 4:4.8.5+git192-g085f851+dfsg-2ubuntu4.1 [97.4 kB]
Get:9 http://archive.ubuntu.com/ubuntu/ trusty-updates/main libqt4-xmlpatterns amd64 4:4.8.5+git192-g085f851+dfsg-2ubuntu4.1 [1,028 kB]
Get:10 http://archive.ubuntu.com/ubuntu/ trusty-updates/main libqtgui4 amd64 4:4.8.5+git192-g085f851+dfsg-2ubuntu4.1 [4,130 kB]
Get:11 http://archive.ubuntu.com/ubuntu/ trusty-updates/main libqt4-declarative amd64 4:4.8.5+git192-g085f851+dfsg-2ubuntu4.1 [1,076 kB]
Get:12 http://archive.ubuntu.com/ubuntu/ trusty-updates/main libqt4-designer amd64 4:4.8.5+git192-g085f851+dfsg-2ubuntu4.1 [3,596 kB]
Get:13 http://archive.ubuntu.com/ubuntu/ trusty-updates/main libqt4-help amd64 4:4.8.5+git192-g085f851+dfsg-2ubuntu4.1 [202 kB]
Get:14 http://archive.ubuntu.com/ubuntu/ trusty-updates/main libqt4-qt3support amd64 4:4.8.5+git192-g085f851+dfsg-2ubuntu4.1 [1,029 kB]
Get:15 http://archive.ubuntu.com/ubuntu/ trusty-updates/main libqt4-scripttools amd64 4:4.8.5+git192-g085f851+dfsg-2ubuntu4.1 [220 kB]
Get:16 http://archive.ubuntu.com/ubuntu/ trusty-updates/main libqt4-svg amd64 4:4.8.5+git192-g085f851+dfsg-2ubuntu4.1 [137 kB]
Get:17 http://archive.ubuntu.com/ubuntu/ trusty-updates/main libqt4-test amd64 4:4.8.5+git192-g085f851+dfsg-2ubuntu4.1 [60.4 kB]
Get:18 http://archive.ubuntu.com/ubuntu/ trusty-updates/main qdbus amd64 4:4.8.5+git192-g085f851+dfsg-2ubuntu4.1 [28.8 kB]
Get:19 http://archive.ubuntu.com/ubuntu/ trusty-updates/main libqt4-dbus amd64 4:4.8.5+git192-g085f851+dfsg-2ubuntu4.1 [6,438 B]
Get:20 http://archive.ubuntu.com/ubuntu/ trusty-updates/main libqt4-dev-bin amd64 4:4.8.5+git192-g085f851+dfsg-2ubuntu4.1 [1,600 kB]
Get:21 http://archive.ubuntu.com/ubuntu/ trusty-updates/main qt4-linguist-tools amd64 4:4.8.5+git192-g085f851+dfsg-2ubuntu4.1 [827 kB]
Get:22 http://archive.ubuntu.com/ubuntu/ trusty-updates/main qt4-qmake amd64 4:4.8.5+git192-g085f851+dfsg-2ubuntu4.1 [1,231 kB]
Get:23 http://archive.ubuntu.com/ubuntu/ trusty-updates/main libqt4-dev amd64 4:4.8.5+git192-g085f851+dfsg-2ubuntu4.1 [867 kB]
dpkg-preconfigure: unable to re-open stdin: No such file or directory
Fetched 19.9 MB in 6s (3,141 kB/s)
Selecting previously unselected package libaudio2:amd64.
(Reading database ... 78565 files and directories currently installed.)
Preparing to unpack .../libaudio2_1.9.4-1_amd64.deb ...
Unpacking libaudio2:amd64 (1.9.4-1) ...
Selecting previously unselected package qtcore4-l10n.
Preparing to unpack .../qtcore4-l10n_4%3a4.8.5+git192-g085f851+dfsg-2ubuntu4.1_all.deb ...
Unpacking qtcore4-l10n (4:4.8.5+git192-g085f851+dfsg-2ubuntu4.1) ...
Selecting previously unselected package libqtcore4:amd64.
Preparing to unpack .../libqtcore4_4%3a4.8.5+git192-g085f851+dfsg-2ubuntu4.1_amd64.deb ...
Unpacking libqtcore4:amd64 (4:4.8.5+git192-g085f851+dfsg-2ubuntu4.1) ...
Selecting previously unselected package libqt4-xml:amd64.
Preparing to unpack .../libqt4-xml_4%3a4.8.5+git192-g085f851+dfsg-2ubuntu4.1_amd64.deb ...
Unpacking libqt4-xml:amd64 (4:4.8.5+git192-g085f851+dfsg-2ubuntu4.1) ...
Selecting previously unselected package libqtdbus4:amd64.
Preparing to unpack .../libqtdbus4_4%3a4.8.5+git192-g085f851+dfsg-2ubuntu4.1_amd64.deb ...
Unpacking libqtdbus4:amd64 (4:4.8.5+git192-g085f851+dfsg-2ubuntu4.1) ...
Selecting previously unselected package libqt4-network:amd64.
Preparing to unpack .../libqt4-network_4%3a4.8.5+git192-g085f851+dfsg-2ubuntu4.1_amd64.deb ...
Unpacking libqt4-network:amd64 (4:4.8.5+git192-g085f851+dfsg-2ubuntu4.1) ...
Selecting previously unselected package libqt4-script:amd64.
Preparing to unpack .../libqt4-script_4%3a4.8.5+git192-g085f851+dfsg-2ubuntu4.1_amd64.deb ...
Unpacking libqt4-script:amd64 (4:4.8.5+git192-g085f851+dfsg-2ubuntu4.1) ...
Selecting previously unselected package libqt4-sql:amd64.
Preparing to unpack .../libqt4-sql_4%3a4.8.5+git192-g085f851+dfsg-2ubuntu4.1_amd64.deb ...
Unpacking libqt4-sql:amd64 (4:4.8.5+git192-g085f851+dfsg-2ubuntu4.1) ...
Selecting previously unselected package libqt4-xmlpatterns:amd64.
Preparing to unpack .../libqt4-xmlpatterns_4%3a4.8.5+git192-g085f851+dfsg-2ubuntu4.1_amd64.deb ...
Unpacking libqt4-xmlpatterns:amd64 (4:4.8.5+git192-g085f851+dfsg-2ubuntu4.1) ...
Selecting previously unselected package libqtgui4:amd64.
Preparing to unpack .../libqtgui4_4%3a4.8.5+git192-g085f851+dfsg-2ubuntu4.1_amd64.deb ...
Unpacking libqtgui4:amd64 (4:4.8.5+git192-g085f851+dfsg-2ubuntu4.1) ...
Selecting previously unselected package libqt4-declarative:amd64.
Preparing to unpack .../libqt4-declarative_4%3a4.8.5+git192-g085f851+dfsg-2ubuntu4.1_amd64.deb ...
Unpacking libqt4-declarative:amd64 (4:4.8.5+git192-g085f851+dfsg-2ubuntu4.1) ...
Selecting previously unselected package libqt4-designer:amd64.
Preparing to unpack .../libqt4-designer_4%3a4.8.5+git192-g085f851+dfsg-2ubuntu4.1_amd64.deb ...
Unpacking libqt4-designer:amd64 (4:4.8.5+git192-g085f851+dfsg-2ubuntu4.1) ...
Selecting previously unselected package libqt4-help:amd64.
Preparing to unpack .../libqt4-help_4%3a4.8.5+git192-g085f851+dfsg-2ubuntu4.1_amd64.deb ...
Unpacking libqt4-help:amd64 (4:4.8.5+git192-g085f851+dfsg-2ubuntu4.1) ...
Selecting previously unselected package libqt4-qt3support:amd64.
Preparing to unpack .../libqt4-qt3support_4%3a4.8.5+git192-g085f851+dfsg-2ubuntu4.1_amd64.deb ...
Unpacking libqt4-qt3support:amd64 (4:4.8.5+git192-g085f851+dfsg-2ubuntu4.1) ...
Selecting previously unselected package libqt4-scripttools:amd64.
Preparing to unpack .../libqt4-scripttools_4%3a4.8.5+git192-g085f851+dfsg-2ubuntu4.1_amd64.deb ...
Unpacking libqt4-scripttools:amd64 (4:4.8.5+git192-g085f851+dfsg-2ubuntu4.1) ...
Selecting previously unselected package libqt4-svg:amd64.
Preparing to unpack .../libqt4-svg_4%3a4.8.5+git192-g085f851+dfsg-2ubuntu4.1_amd64.deb ...
Unpacking libqt4-svg:amd64 (4:4.8.5+git192-g085f851+dfsg-2ubuntu4.1) ...
Selecting previously unselected package libqt4-test:amd64.
Preparing to unpack .../libqt4-test_4%3a4.8.5+git192-g085f851+dfsg-2ubuntu4.1_amd64.deb ...
Unpacking libqt4-test:amd64 (4:4.8.5+git192-g085f851+dfsg-2ubuntu4.1) ...
Selecting previously unselected package qdbus.
Preparing to unpack .../qdbus_4%3a4.8.5+git192-g085f851+dfsg-2ubuntu4.1_amd64.deb ...
Unpacking qdbus (4:4.8.5+git192-g085f851+dfsg-2ubuntu4.1) ...
Selecting previously unselected package libqt4-dbus:amd64.
Preparing to unpack .../libqt4-dbus_4%3a4.8.5+git192-g085f851+dfsg-2ubuntu4.1_amd64.deb ...
Unpacking libqt4-dbus:amd64 (4:4.8.5+git192-g085f851+dfsg-2ubuntu4.1) ...
Selecting previously unselected package libqt4-dev-bin.
Preparing to unpack .../libqt4-dev-bin_4%3a4.8.5+git192-g085f851+dfsg-2ubuntu4.1_amd64.deb ...
Unpacking libqt4-dev-bin (4:4.8.5+git192-g085f851+dfsg-2ubuntu4.1) ...
Selecting previously unselected package qt4-linguist-tools.
Preparing to unpack .../qt4-linguist-tools_4%3a4.8.5+git192-g085f851+dfsg-2ubuntu4.1_amd64.deb ...
Unpacking qt4-linguist-tools (4:4.8.5+git192-g085f851+dfsg-2ubuntu4.1) ...
Selecting previously unselected package qt4-qmake.
Preparing to unpack .../qt4-qmake_4%3a4.8.5+git192-g085f851+dfsg-2ubuntu4.1_amd64.deb ...
Unpacking qt4-qmake (4:4.8.5+git192-g085f851+dfsg-2ubuntu4.1) ...
Selecting previously unselected package libqt4-dev.
Preparing to unpack .../libqt4-dev_4%3a4.8.5+git192-g085f851+dfsg-2ubuntu4.1_amd64.deb ...
Unpacking libqt4-dev (4:4.8.5+git192-g085f851+dfsg-2ubuntu4.1) ...
Processing triggers for man-db (2.6.7.1-1ubuntu1) ...
Setting up libaudio2:amd64 (1.9.4-1) ...
Setting up qtcore4-l10n (4:4.8.5+git192-g085f851+dfsg-2ubuntu4.1) ...
Setting up libqtcore4:amd64 (4:4.8.5+git192-g085f851+dfsg-2ubuntu4.1) ...
Setting up libqt4-xml:amd64 (4:4.8.5+git192-g085f851+dfsg-2ubuntu4.1) ...
Setting up libqtdbus4:amd64 (4:4.8.5+git192-g085f851+dfsg-2ubuntu4.1) ...
Setting up libqt4-network:amd64 (4:4.8.5+git192-g085f851+dfsg-2ubuntu4.1) ...
Setting up libqt4-script:amd64 (4:4.8.5+git192-g085f851+dfsg-2ubuntu4.1) ...
Setting up libqt4-sql:amd64 (4:4.8.5+git192-g085f851+dfsg-2ubuntu4.1) ...
Setting up libqt4-xmlpatterns:amd64 (4:4.8.5+git192-g085f851+dfsg-2ubuntu4.1) ...
Setting up libqt4-test:amd64 (4:4.8.5+git192-g085f851+dfsg-2ubuntu4.1) ...
Setting up qdbus (4:4.8.5+git192-g085f851+dfsg-2ubuntu4.1) ...
Setting up libqt4-dbus:amd64 (4:4.8.5+git192-g085f851+dfsg-2ubuntu4.1) ...
Setting up qt4-linguist-tools (4:4.8.5+git192-g085f851+dfsg-2ubuntu4.1) ...
Setting up qt4-qmake (4:4.8.5+git192-g085f851+dfsg-2ubuntu4.1) ...
Setting up libqtgui4:amd64 (4:4.8.5+git192-g085f851+dfsg-2ubuntu4.1) ...
Setting up libqt4-declarative:amd64 (4:4.8.5+git192-g085f851+dfsg-2ubuntu4.1) ...
Setting up libqt4-designer:amd64 (4:4.8.5+git192-g085f851+dfsg-2ubuntu4.1) ...
Setting up libqt4-help:amd64 (4:4.8.5+git192-g085f851+dfsg-2ubuntu4.1) ...
Setting up libqt4-qt3support:amd64 (4:4.8.5+git192-g085f851+dfsg-2ubuntu4.1) ...
Setting up libqt4-scripttools:amd64 (4:4.8.5+git192-g085f851+dfsg-2ubuntu4.1) ...
Setting up libqt4-svg:amd64 (4:4.8.5+git192-g085f851+dfsg-2ubuntu4.1) ...
Setting up libqt4-dev-bin (4:4.8.5+git192-g085f851+dfsg-2ubuntu4.1) ...
Setting up libqt4-dev (4:4.8.5+git192-g085f851+dfsg-2ubuntu4.1) ...
Processing triggers for libc-bin (2.19-0ubuntu6.14) ...
Installing dependency libqt4-opengl-dev via `sudo apt-get install libqt4-opengl-dev`:
Reading package lists...
Building dependency tree...
Reading state information...
The following extra packages will be installed:
  libqt4-opengl
The following NEW packages will be installed:
  libqt4-opengl libqt4-opengl-dev
0 upgraded, 2 newly installed, 0 to remove and 0 not upgraded.
Need to get 318 kB of archives.
After this operation, 1,681 kB of additional disk space will be used.
Get:1 http://archive.ubuntu.com/ubuntu/ trusty-updates/main libqt4-opengl amd64 4:4.8.5+git192-g085f851+dfsg-2ubuntu4.1 [295 kB]
Get:2 http://archive.ubuntu.com/ubuntu/ trusty-updates/main libqt4-opengl-dev amd64 4:4.8.5+git192-g085f851+dfsg-2ubuntu4.1 [22.8 kB]
dpkg-preconfigure: unable to re-open stdin: No such file or directory
Fetched 318 kB in 0s (500 kB/s)
Selecting previously unselected package libqt4-opengl:amd64.
(Reading database ... 82514 files and directories currently installed.)
Preparing to unpack .../libqt4-opengl_4%3a4.8.5+git192-g085f851+dfsg-2ubuntu4.1_amd64.deb ...
Unpacking libqt4-opengl:amd64 (4:4.8.5+git192-g085f851+dfsg-2ubuntu4.1) ...
Selecting previously unselected package libqt4-opengl-dev.
Preparing to unpack .../libqt4-opengl-dev_4%3a4.8.5+git192-g085f851+dfsg-2ubuntu4.1_amd64.deb ...
Unpacking libqt4-opengl-dev (4:4.8.5+git192-g085f851+dfsg-2ubuntu4.1) ...
Setting up libqt4-opengl:amd64 (4:4.8.5+git192-g085f851+dfsg-2ubuntu4.1) ...
Setting up libqt4-opengl-dev (4:4.8.5+git192-g085f851+dfsg-2ubuntu4.1) ...
Processing triggers for libc-bin (2.19-0ubuntu6.14) ...
INFO: Attempting to create directory /home/vagrant/.julia/v0.6/DrakeVisualizer/deps/downloads
INFO: Downloading file https://dl.bintray.com/patmarion/director/director-0.1.0-234-g74cea84-ubuntu-14.04.tar.gz
  % Total    % Received % Xferd  Average Speed   Time    Time     Time  Current
                                 Dload  Upload   Total   Spent    Left  Speed
  0     0    0     0    0     0      0      0 --:--:-- --:--:-- --:--:--     0  0     0    0     0    0     0      0      0 --:--:-- --:--:-- --:--:--     0  0     0    0     0    0     0      0      0 --:--:-- --:--:-- --:--:--     0
 12 77.8M   12 10.0M    0     0  7780k      0  0:00:10  0:00:01  0:00:09 7780k 30 77.8M   30 23.9M    0     0  10.2M      0  0:00:07  0:00:02  0:00:05 13.8M 48 77.8M   48 37.4M    0     0  11.2M      0  0:00:06  0:00:03  0:00:03 13.6M 65 77.8M   65 51.0M    0     0  11.7M      0  0:00:06  0:00:04  0:00:02 13.6M 83 77.8M   83 64.7M    0     0  12.1M      0  0:00:06  0:00:05  0:00:01 13.6M 98 77.8M   98 76.3M    0     0  12.0M      0  0:00:06  0:00:06 --:--:-- 13.2M100 77.8M  100 77.8M    0     0  12.1M      0  0:00:06  0:00:06 --:--:-- 13.1M
INFO: Done downloading file https://dl.bintray.com/patmarion/director/director-0.1.0-234-g74cea84-ubuntu-14.04.tar.gz
INFO: Attempting to create directory /home/vagrant/.julia/v0.6/DrakeVisualizer/deps/usr
INFO: Building Interact
WARNING: IJulia is not installed. run Pkg.build("Interact")
once you install IJulia to use Interact inside IJulia
INFO: Building LightXML
INFO: Package database updated

>>> 'Pkg.test("RigidBodySim")' log
Julia Version 0.6.2
Commit d386e40c17 (2017-12-13 18:08 UTC)
Platform Info:
  OS: Linux (x86_64-pc-linux-gnu)
  CPU: Intel(R) Xeon(R) CPU E3-1241 v3 @ 3.50GHz
  WORD_SIZE: 64
           Ubuntu 14.04.5 LTS
  uname: Linux 3.13.0-143-generic #192-Ubuntu SMP Tue Feb 27 10:45:36 UTC 2018 x86_64 x86_64
Memory: 2.939197540283203 GB (380.97265625 MB free)
Uptime: 44069.0 sec
Load Avg:  0.7958984375  0.90869140625  0.9462890625
Intel(R) Xeon(R) CPU E3-1241 v3 @ 3.50GHz: 
       speed         user         nice          sys         idle          irq
#1  3501 MHz    2515202 s       6162 s     183486 s    1079546 s         36 s
#2  3501 MHz     620692 s        126 s      73313 s    3608950 s          0 s

  BLAS: libopenblas (USE64BITINT DYNAMIC_ARCH NO_AFFINITY Nehalem)
  LAPACK: libopenblas64_
  LIBM: libopenlibm
  LLVM: libLLVM-3.9.1 (ORCJIT, haswell)
Environment:
  TERM = vt100
  LD_LIBRARY_PATH = :/usr/local/lib/
  PATH = /usr/local/sbin:/usr/local/bin:/usr/sbin:/usr/bin:/sbin:/bin:/usr/games:/usr/local/games:/home/vagrant/julia/bin/
  JAVA_HOME = /usr/lib/jvm/java-8-openjdk-amd64
  HOME = /home/vagrant

Package Directory: /home/vagrant/.julia/v0.6
2 required packages:
 - JSON                          0.17.2
 - RigidBodySim                  0.1.0
71 additional packages:
 - AxisAlgorithms                0.2.0
 - BinDeps                       0.8.7
 - BufferedStreams               0.4.0
 - CMakeWrapper                  0.1.0
 - Calculus                      0.2.2
 - ColorTypes                    0.6.7
 - CommonSubexpressions          0.0.1
 - Compat                        0.63.0
 - CoordinateTransformations     0.4.1
 - DataStructures                0.7.4
 - DiffBase                      0.3.2
 - DiffEqBase                    3.8.0
 - DiffEqCallbacks               1.0.0
 - DiffEqDiffTools               0.4.0
 - DiffEqOperators               1.2.0
 - DiffResults                   0.0.3
 - DiffRules                     0.0.4
 - Distances                     0.5.0
 - DocStringExtensions           0.4.4
 - DrakeVisualizer               0.3.0
 - DualNumbers                   0.3.0
 - Expokit                       0.0.1
 - FileIO                        0.7.0
 - FixedPointNumbers             0.4.6
 - ForwardDiff                   0.7.4
 - FunctionWrappers              0.1.0
 - GenericSVD                    0.1.0
 - GeometryTypes                 0.4.4
 - Interact                      0.7.1
 - Interpolations                0.7.3
 - IterTools                     0.2.1
 - IteratorInterfaceExtensions   0.0.2
 - Juno                          0.4.0
 - LCMCore                       0.2.0
 - LightXML                      0.6.0
 - LineSearches                  3.2.5
 - LinearMaps                    1.0.4
 - LoopThrottle                  0.0.1
 - MacroTools                    0.4.0
 - MechanismGeometries           0.0.2
 - Media                         0.3.0
 - MeshIO                        0.1.3
 - Meshing                       0.3.1
 - Missings                      0.2.7
 - MuladdMacro                   0.0.2
 - NLSolversBase                 4.3.0
 - NLsolve                       1.0.1
 - NaNMath                       0.3.1
 - NamedTuples                   4.0.0
 - Nullables                     0.0.5
 - OrdinaryDiffEq                3.7.0
 - Parameters                    0.8.1
 - Ratios                        0.2.0
 - Reactive                      0.6.0
 - RecipesBase                   0.2.3
 - RecursiveArrayTools           0.14.6
 - Reexport                      0.1.0
 - Requires                      0.4.3
 - RigidBodyDynamics             0.5.0
 - RigidBodyTreeInspector        0.4.0
 - Roots                         0.5.0
 - Rotations                     0.6.1
 - SHA                           0.5.6
 - ShowItLikeYouBuildIt          0.2.0
 - SimpleTraits                  0.6.0
 - SpecialFunctions              0.3.8
 - StaticArrays                  0.7.0
 - TableTraits                   0.2.0
 - TypeSortedCollections         0.4.0
 - URIParser                     0.3.1
 - WoodburyMatrices              0.2.2
INFO: Computing test dependencies for RigidBodySim...
INFO: Installing NBInclude v1.2.0
INFO: Testing RigidBodySim
ERROR: LoadError: LoadError: UndefVarError: size_fields not defined
Stacktrace:
 [1] include_from_node1(::String) at ./loading.jl:576
 [2] include(::String) at ./sysimg.jl:14
 [3] include_from_node1(::String) at ./loading.jl:576
 [4] include(::String) at ./sysimg.jl:14
 [5] anonymous at ./<missing>:2
while loading /home/vagrant/.julia/v0.6/RigidBodySim/src/lcmtypes.jl, in expression starting on line 24
while loading /home/vagrant/.julia/v0.6/RigidBodySim/src/RigidBodySim.jl, in expression starting on line 11
ERROR: LoadError: Failed to precompile RigidBodySim to /home/vagrant/.julia/lib/v0.6/RigidBodySim.ji.
Stacktrace:
 [1] compilecache(::String) at ./loading.jl:710
 [2] _require(::Symbol) at ./loading.jl:497
 [3] require(::Symbol) at ./loading.jl:405
 [4] include_from_node1(::String) at ./loading.jl:576
 [5] include(::String) at ./sysimg.jl:14
 [6] process_options(::Base.JLOptions) at ./client.jl:305
 [7] _start() at ./client.jl:371
while loading /home/vagrant/.julia/v0.6/RigidBodySim/test/runtests.jl, in expression starting on line 4
============================[ ERROR: RigidBodySim ]=============================

failed process: Process(`/home/vagrant/julia/bin/julia -Cx86-64 -J/home/vagrant/julia/lib/julia/sys.so --compile=yes --depwarn=yes --check-bounds=yes --code-coverage=none --color=no --compilecache=yes /home/vagrant/.julia/v0.6/RigidBodySim/test/runtests.jl`, ProcessExited(1)) [1]

================================================================================
INFO: Removing NBInclude v1.2.0
ERROR: RigidBodySim had test errors

>>> End of log
