>>> 'Pkg.add("RigidBodySim")' log
WARNING: Base.Pkg is deprecated, run `using Pkg` instead
 in module Main
[ Info: Cloning cache of DrakeVisualizer from https://github.com/rdeits/DrakeVisualizer.jl.git
[ Info: Cloning cache of MechanismGeometries from https://github.com/JuliaRobotics/MechanismGeometries.jl.git
[ Info: Cloning cache of MeshIO from https://github.com/JuliaIO/MeshIO.jl.git
[ Info: Cloning cache of Meshing from https://github.com/JuliaGeometry/Meshing.jl.git
[ Info: Cloning cache of RigidBodySim from https://github.com/JuliaRobotics/RigidBodySim.jl.git
[ Info: Cloning cache of RigidBodyTreeInspector from https://github.com/rdeits/RigidBodyTreeInspector.jl.git
[ Info: Installing AxisAlgorithms v0.2.0
[ Info: Installing BinDeps v0.8.7
[ Info: Installing BufferedStreams v0.4.0
[ Info: Installing CMakeWrapper v0.1.0
[ Info: Installing Calculus v0.2.2
[ Info: Installing ColorTypes v0.6.7
[ Info: Installing CommonSubexpressions v0.1.0
[ Info: Installing CoordinateTransformations v0.4.1
[ Info: Installing DataStructures v0.7.4
[ Info: Installing DiffBase v0.3.2
[ Info: Installing DiffEqBase v3.9.0
[ Info: Installing DiffEqCallbacks v1.0.0
[ Info: Installing DiffEqDiffTools v0.4.0
[ Info: Installing DiffEqOperators v1.2.0
[ Info: Installing DiffResults v0.0.3
[ Info: Installing DiffRules v0.0.4
[ Info: Installing Distances v0.6.0
[ Info: Installing DocStringExtensions v0.4.4
[ Info: Installing DrakeVisualizer v0.3.0
[ Info: Installing DualNumbers v0.3.0
[ Info: Installing Expokit v0.0.1
[ Info: Installing FileIO v0.7.0
[ Info: Installing FixedPointNumbers v0.4.6
[ Info: Installing ForwardDiff v0.7.5
[ Info: Installing FunctionWrappers v0.1.0
[ Info: Installing GenericSVD v0.1.0
[ Info: Installing GeometryTypes v0.4.4
[ Info: Installing Interact v0.7.1
[ Info: Installing Interpolations v0.7.3
[ Info: Installing IterTools v0.2.1
[ Info: Installing IteratorInterfaceExtensions v0.0.2
[ Info: Installing Juno v0.4.0
[ Info: Installing LCMCore v0.2.0
[ Info: Installing LightXML v0.6.0
[ Info: Installing LineSearches v3.2.5
[ Info: Installing LinearMaps v1.0.4
[ Info: Installing LoopThrottle v0.0.1
[ Info: Installing MacroTools v0.4.0
[ Info: Installing MechanismGeometries v0.0.2
[ Info: Installing Media v0.3.0
[ Info: Installing MeshIO v0.1.3
[ Info: Installing Meshing v0.3.1
[ Info: Installing Missings v0.2.9
[ Info: Installing MuladdMacro v0.0.2
[ Info: Installing NLSolversBase v4.4.1
[ Info: Installing NLsolve v1.0.1
[ Info: Installing NaNMath v0.3.1
[ Info: Installing NamedTuples v4.0.0
[ Info: Installing OrdinaryDiffEq v3.8.0
[ Info: Installing Parameters v0.8.1
[ Info: Installing Ratios v0.2.0
[ Info: Installing Reactive v0.6.0
[ Info: Installing RecipesBase v0.2.3
[ Info: Installing RecursiveArrayTools v0.14.6
[ Info: Installing Reexport v0.1.0
[ Info: Installing Requires v0.4.3
[ Info: Installing RigidBodyDynamics v0.5.0
[ Info: Installing RigidBodySim v0.1.0
[ Info: Installing RigidBodyTreeInspector v0.4.0
[ Info: Installing Roots v0.5.0
[ Info: Installing Rotations v0.6.1
[ Info: Installing SHA v0.5.6
[ Info: Installing ShowItLikeYouBuildIt v0.2.0
[ Info: Installing SimpleTraits v0.7.1
[ Info: Installing SpecialFunctions v0.4.0
[ Info: Installing StaticArrays v0.7.0
[ Info: Installing TableTraits v0.2.0
[ Info: Installing TypeSortedCollections v0.4.0
[ Info: Installing URIParser v0.3.1
[ Info: Installing WoodburyMatrices v0.2.2
[ Info: Building CMakeWrapper
[ Info: Building DiffEqBase
┌ Warning: `info()` is deprecated, use `@info` instead.
│   caller = top-level scope
└ @ Core :0
INFO: ~~~ DifferentialEquations.jl *BREAKING* changes  ~~~

We have changed the front-end API on how
users may define equations of motion and 
problems, for all problem types that can
be used in the DifferentialEquations.jl.
These are *BREAKING* changes, and they
also have *NO WARNINGS*!

Please see our latest documentation here:
http://docs.juliadiffeq.org/latest/

or the blogpost that describes the changes:
http://juliadiffeq.org/2018/01/24/Parameters.html

In short, the mutated argument is the first argument,
and parameters are now directly passed
into the equations of motion function. For all
types now mutation goes first, then dependent variables, 
then parameters, then independent variables. 

`f(mutated, dependent variables, p/integrator, independent variables)`

For example, this means that the ODE syntax will be `f(u,p,t)` (for the
out-of-place) and `f(du,u,p,t)` (for the in-place). Notice
that this change also removes the need for ParameterizedFunctions
as now parameters are part of the equations of motion.

For more details please visit the above links!
[ Info: Building SpecialFunctions
WARNING: importing deprecated binding Base.Associative into BinDeps.
WARNING: Base.Associative is deprecated, use AbstractDict instead.
  likely near /home/vagrant/.julia/v0.7/SpecialFunctions/deps/binaries.jl:44
in @install at /home/vagrant/.julia/v0.7/BinDeps/src/dependencies.jl
┌ Warning: `contains(haystack, needle)` is deprecated, use `occursin(needle, haystack)` instead.
│   caller = read_sonames() at dependencies.jl:402
└ @ BinDeps dependencies.jl:402
┌ Warning: `contains(haystack, needle)` is deprecated, use `occursin(needle, haystack)` instead.
│   caller = read_sonames() at dependencies.jl:405
└ @ BinDeps dependencies.jl:405
[ Info: Building LCMCore
┌ Warning: `trunc(x::Number, digits)` is deprecated, use `trunc(x; digits=digits)` instead.
│   caller = stale_cachefile(::String, ::String) at loading.jl:1391
└ @ Base loading.jl:1391
WARNING: importing deprecated binding Base.Libdl into CMakeWrapper.
WARNING: Base.Libdl is deprecated, run `using Libdl` instead
  likely near /home/vagrant/.julia/v0.7/CMakeWrapper/src/CMakeWrapper.jl:28
WARNING: importing deprecated binding Base.Associative into CMakeWrapper.
WARNING: Base.Associative is deprecated, use AbstractDict instead.
  likely near /home/vagrant/.julia/v0.7/CMakeWrapper/src/CMakeWrapper.jl:446
WARNING: importing deprecated binding Base.Associative into BinDeps.
WARNING: Base.Associative is deprecated, use AbstractDict instead.
  likely near /home/vagrant/.julia/v0.7/LCMCore/deps/build.jl:73
in @install at /home/vagrant/.julia/v0.7/BinDeps/src/dependencies.jl
-I/usr/include/python2.7 -I/usr/include/x86_64-linux-gnu/python2.7  
┌ Warning: `contains(haystack, needle)` is deprecated, use `occursin(needle, haystack)` instead.
│   caller = read_sonames() at dependencies.jl:402
└ @ BinDeps dependencies.jl:402
┌ Warning: `contains(haystack, needle)` is deprecated, use `occursin(needle, haystack)` instead.
│   caller = read_sonames() at dependencies.jl:405
└ @ BinDeps dependencies.jl:405
-I/usr/include/python2.7 -I/usr/include/x86_64-linux-gnu/python2.7  
-I/usr/include/glib-2.0 -I/usr/lib/x86_64-linux-gnu/glib-2.0/include  
-I/usr/include/glib-2.0 -I/usr/lib/x86_64-linux-gnu/glib-2.0/include  
┌ Warning: `contains(haystack, needle)` is deprecated, use `occursin(needle, haystack)` instead.
│   caller = validate_lcm(::String, ::Ptr{Nothing}) at build.jl:21
└ @ Main.__anon__ build.jl:21
[ Info: Building DrakeVisualizer
┌ Warning: `is_linux` is deprecated, use `Sys.islinux` instead.
│   caller = top-level scope
└ @ Core :0
┌ Warning: `readstring(cmd::AbstractCmd)` is deprecated, use `read(cmd, String)` instead.
│   caller = top-level scope at build.jl:42
└ @ Core build.jl:42
┌ Warning: `readstring(cmd::AbstractCmd)` is deprecated, use `read(cmd, String)` instead.
│   caller = top-level scope at build.jl:44
└ @ Core build.jl:44
WARNING: importing deprecated binding Base.Associative into BinDeps.
WARNING: Base.Associative is deprecated, use AbstractDict instead.
  likely near /home/vagrant/.julia/v0.7/DrakeVisualizer/deps/build.jl:108
in @install at /home/vagrant/.julia/v0.7/BinDeps/src/dependencies.jl
-I/usr/include/python2.7 -I/usr/include/x86_64-linux-gnu/python2.7  
┌ Warning: `contains(haystack, needle)` is deprecated, use `occursin(needle, haystack)` instead.
│   caller = read_sonames() at dependencies.jl:402
└ @ BinDeps dependencies.jl:402
┌ Warning: `contains(haystack, needle)` is deprecated, use `occursin(needle, haystack)` instead.
│   caller = read_sonames() at dependencies.jl:405
└ @ BinDeps dependencies.jl:405
-I/usr/include/python2.7 -I/usr/include/x86_64-linux-gnu/python2.7  
Installing dependency libqt4-dev via `sudo apt-get install libqt4-dev`:
Reading package lists...
Building dependency tree...
Reading state information...
The following extra packages will be installed:
  libaudio2 libqt4-dbus libqt4-declarative libqt4-designer libqt4-dev-bin
  libqt4-help libqt4-network libqt4-qt3support libqt4-script
  libqt4-scripttools libqt4-sql libqt4-svg libqt4-test libqt4-xml
  libqt4-xmlpatterns libqtcore4 libqtdbus4 libqtgui4 qdbus qt4-linguist-tools
  qt4-qmake qtchooser qtcore4-l10n
Suggested packages:
  nas libqt4-declarative-folderlistmodel libqt4-declarative-gestures
  libqt4-declarative-particles libqt4-declarative-shaders qt4-qmlviewer
  firebird-dev libmysqlclient-dev libpq-dev libsqlite0-dev libsqlite3-dev
  qt4-dev-tools qt4-doc unixodbc-dev libicu48 qt4-qtconfig qt4-default
  qt5-default
Recommended packages:
  libqt4-opengl-dev libqtwebkit-dev libqt4-sql-mysql libqt4-sql-odbc
  libqt4-sql-psql libqt4-sql-sqlite
The following NEW packages will be installed:
  libaudio2 libqt4-dbus libqt4-declarative libqt4-designer libqt4-dev
  libqt4-dev-bin libqt4-help libqt4-network libqt4-qt3support libqt4-script
  libqt4-scripttools libqt4-sql libqt4-svg libqt4-test libqt4-xml
  libqt4-xmlpatterns libqtcore4 libqtdbus4 libqtgui4 qdbus qt4-linguist-tools
  qt4-qmake qtchooser qtcore4-l10n
0 upgraded, 24 newly installed, 0 to remove and 4 not upgraded.
Need to get 19.9 MB of archives.
After this operation, 81.0 MB of additional disk space will be used.
Get:1 http://archive.ubuntu.com/ubuntu/ trusty/main libaudio2 amd64 1.9.4-1 [57.1 kB]
Get:2 http://archive.ubuntu.com/ubuntu/ trusty-updates/main qtcore4-l10n all 4:4.8.5+git192-g085f851+dfsg-2ubuntu4.1 [587 kB]
Get:3 http://archive.ubuntu.com/ubuntu/ trusty-updates/main libqtcore4 amd64 4:4.8.5+git192-g085f851+dfsg-2ubuntu4.1 [1,555 kB]
Get:4 http://archive.ubuntu.com/ubuntu/ trusty-updates/main libqt4-xml amd64 4:4.8.5+git192-g085f851+dfsg-2ubuntu4.1 [95.0 kB]
Get:5 http://archive.ubuntu.com/ubuntu/ trusty-updates/main libqtdbus4 amd64 4:4.8.5+git192-g085f851+dfsg-2ubuntu4.1 [180 kB]
Get:6 http://archive.ubuntu.com/ubuntu/ trusty-updates/main libqt4-network amd64 4:4.8.5+git192-g085f851+dfsg-2ubuntu4.1 [543 kB]
Get:7 http://archive.ubuntu.com/ubuntu/ trusty-updates/main libqt4-script amd64 4:4.8.5+git192-g085f851+dfsg-2ubuntu4.1 [776 kB]
Get:8 http://archive.ubuntu.com/ubuntu/ trusty-updates/main libqt4-sql amd64 4:4.8.5+git192-g085f851+dfsg-2ubuntu4.1 [97.4 kB]
Get:9 http://archive.ubuntu.com/ubuntu/ trusty-updates/main libqt4-xmlpatterns amd64 4:4.8.5+git192-g085f851+dfsg-2ubuntu4.1 [1,028 kB]
Get:10 http://archive.ubuntu.com/ubuntu/ trusty-updates/main libqtgui4 amd64 4:4.8.5+git192-g085f851+dfsg-2ubuntu4.1 [4,130 kB]
Get:11 http://archive.ubuntu.com/ubuntu/ trusty-updates/main libqt4-declarative amd64 4:4.8.5+git192-g085f851+dfsg-2ubuntu4.1 [1,076 kB]
Get:12 http://archive.ubuntu.com/ubuntu/ trusty-updates/main libqt4-designer amd64 4:4.8.5+git192-g085f851+dfsg-2ubuntu4.1 [3,596 kB]
Get:13 http://archive.ubuntu.com/ubuntu/ trusty-updates/main libqt4-help amd64 4:4.8.5+git192-g085f851+dfsg-2ubuntu4.1 [202 kB]
Get:14 http://archive.ubuntu.com/ubuntu/ trusty-updates/main libqt4-qt3support amd64 4:4.8.5+git192-g085f851+dfsg-2ubuntu4.1 [1,029 kB]
Get:15 http://archive.ubuntu.com/ubuntu/ trusty-updates/main libqt4-scripttools amd64 4:4.8.5+git192-g085f851+dfsg-2ubuntu4.1 [220 kB]
Get:16 http://archive.ubuntu.com/ubuntu/ trusty-updates/main libqt4-svg amd64 4:4.8.5+git192-g085f851+dfsg-2ubuntu4.1 [137 kB]
Get:17 http://archive.ubuntu.com/ubuntu/ trusty-updates/main libqt4-test amd64 4:4.8.5+git192-g085f851+dfsg-2ubuntu4.1 [60.4 kB]
Get:18 http://archive.ubuntu.com/ubuntu/ trusty/main qtchooser amd64 39-g4717841-3 [18.8 kB]
Get:19 http://archive.ubuntu.com/ubuntu/ trusty-updates/main qdbus amd64 4:4.8.5+git192-g085f851+dfsg-2ubuntu4.1 [28.8 kB]
Get:20 http://archive.ubuntu.com/ubuntu/ trusty-updates/main libqt4-dbus amd64 4:4.8.5+git192-g085f851+dfsg-2ubuntu4.1 [6,438 B]
Get:21 http://archive.ubuntu.com/ubuntu/ trusty-updates/main libqt4-dev-bin amd64 4:4.8.5+git192-g085f851+dfsg-2ubuntu4.1 [1,600 kB]
Get:22 http://archive.ubuntu.com/ubuntu/ trusty-updates/main qt4-linguist-tools amd64 4:4.8.5+git192-g085f851+dfsg-2ubuntu4.1 [827 kB]
Get:23 http://archive.ubuntu.com/ubuntu/ trusty-updates/main qt4-qmake amd64 4:4.8.5+git192-g085f851+dfsg-2ubuntu4.1 [1,231 kB]
Get:24 http://archive.ubuntu.com/ubuntu/ trusty-updates/main libqt4-dev amd64 4:4.8.5+git192-g085f851+dfsg-2ubuntu4.1 [867 kB]
dpkg-preconfigure: unable to re-open stdin: No such file or directory
Fetched 19.9 MB in 10s (1,840 kB/s)
Selecting previously unselected package libaudio2:amd64.
(Reading database ... 74640 files and directories currently installed.)
Preparing to unpack .../libaudio2_1.9.4-1_amd64.deb ...
Unpacking libaudio2:amd64 (1.9.4-1) ...
Selecting previously unselected package qtcore4-l10n.
Preparing to unpack .../qtcore4-l10n_4%3a4.8.5+git192-g085f851+dfsg-2ubuntu4.1_all.deb ...
Unpacking qtcore4-l10n (4:4.8.5+git192-g085f851+dfsg-2ubuntu4.1) ...
Selecting previously unselected package libqtcore4:amd64.
Preparing to unpack .../libqtcore4_4%3a4.8.5+git192-g085f851+dfsg-2ubuntu4.1_amd64.deb ...
Unpacking libqtcore4:amd64 (4:4.8.5+git192-g085f851+dfsg-2ubuntu4.1) ...
Selecting previously unselected package libqt4-xml:amd64.
Preparing to unpack .../libqt4-xml_4%3a4.8.5+git192-g085f851+dfsg-2ubuntu4.1_amd64.deb ...
Unpacking libqt4-xml:amd64 (4:4.8.5+git192-g085f851+dfsg-2ubuntu4.1) ...
Selecting previously unselected package libqtdbus4:amd64.
Preparing to unpack .../libqtdbus4_4%3a4.8.5+git192-g085f851+dfsg-2ubuntu4.1_amd64.deb ...
Unpacking libqtdbus4:amd64 (4:4.8.5+git192-g085f851+dfsg-2ubuntu4.1) ...
Selecting previously unselected package libqt4-network:amd64.
Preparing to unpack .../libqt4-network_4%3a4.8.5+git192-g085f851+dfsg-2ubuntu4.1_amd64.deb ...
Unpacking libqt4-network:amd64 (4:4.8.5+git192-g085f851+dfsg-2ubuntu4.1) ...
Selecting previously unselected package libqt4-script:amd64.
Preparing to unpack .../libqt4-script_4%3a4.8.5+git192-g085f851+dfsg-2ubuntu4.1_amd64.deb ...
Unpacking libqt4-script:amd64 (4:4.8.5+git192-g085f851+dfsg-2ubuntu4.1) ...
Selecting previously unselected package libqt4-sql:amd64.
Preparing to unpack .../libqt4-sql_4%3a4.8.5+git192-g085f851+dfsg-2ubuntu4.1_amd64.deb ...
Unpacking libqt4-sql:amd64 (4:4.8.5+git192-g085f851+dfsg-2ubuntu4.1) ...
Selecting previously unselected package libqt4-xmlpatterns:amd64.
Preparing to unpack .../libqt4-xmlpatterns_4%3a4.8.5+git192-g085f851+dfsg-2ubuntu4.1_amd64.deb ...
Unpacking libqt4-xmlpatterns:amd64 (4:4.8.5+git192-g085f851+dfsg-2ubuntu4.1) ...
Selecting previously unselected package libqtgui4:amd64.
Preparing to unpack .../libqtgui4_4%3a4.8.5+git192-g085f851+dfsg-2ubuntu4.1_amd64.deb ...
Unpacking libqtgui4:amd64 (4:4.8.5+git192-g085f851+dfsg-2ubuntu4.1) ...
Selecting previously unselected package libqt4-declarative:amd64.
Preparing to unpack .../libqt4-declarative_4%3a4.8.5+git192-g085f851+dfsg-2ubuntu4.1_amd64.deb ...
Unpacking libqt4-declarative:amd64 (4:4.8.5+git192-g085f851+dfsg-2ubuntu4.1) ...
Selecting previously unselected package libqt4-designer:amd64.
Preparing to unpack .../libqt4-designer_4%3a4.8.5+git192-g085f851+dfsg-2ubuntu4.1_amd64.deb ...
Unpacking libqt4-designer:amd64 (4:4.8.5+git192-g085f851+dfsg-2ubuntu4.1) ...
Selecting previously unselected package libqt4-help:amd64.
Preparing to unpack .../libqt4-help_4%3a4.8.5+git192-g085f851+dfsg-2ubuntu4.1_amd64.deb ...
Unpacking libqt4-help:amd64 (4:4.8.5+git192-g085f851+dfsg-2ubuntu4.1) ...
Selecting previously unselected package libqt4-qt3support:amd64.
Preparing to unpack .../libqt4-qt3support_4%3a4.8.5+git192-g085f851+dfsg-2ubuntu4.1_amd64.deb ...
Unpacking libqt4-qt3support:amd64 (4:4.8.5+git192-g085f851+dfsg-2ubuntu4.1) ...
Selecting previously unselected package libqt4-scripttools:amd64.
Preparing to unpack .../libqt4-scripttools_4%3a4.8.5+git192-g085f851+dfsg-2ubuntu4.1_amd64.deb ...
Unpacking libqt4-scripttools:amd64 (4:4.8.5+git192-g085f851+dfsg-2ubuntu4.1) ...
Selecting previously unselected package libqt4-svg:amd64.
Preparing to unpack .../libqt4-svg_4%3a4.8.5+git192-g085f851+dfsg-2ubuntu4.1_amd64.deb ...
Unpacking libqt4-svg:amd64 (4:4.8.5+git192-g085f851+dfsg-2ubuntu4.1) ...
Selecting previously unselected package libqt4-test:amd64.
Preparing to unpack .../libqt4-test_4%3a4.8.5+git192-g085f851+dfsg-2ubuntu4.1_amd64.deb ...
Unpacking libqt4-test:amd64 (4:4.8.5+git192-g085f851+dfsg-2ubuntu4.1) ...
Selecting previously unselected package qtchooser.
Preparing to unpack .../qtchooser_39-g4717841-3_amd64.deb ...
Unpacking qtchooser (39-g4717841-3) ...
Selecting previously unselected package qdbus.
Preparing to unpack .../qdbus_4%3a4.8.5+git192-g085f851+dfsg-2ubuntu4.1_amd64.deb ...
Unpacking qdbus (4:4.8.5+git192-g085f851+dfsg-2ubuntu4.1) ...
Selecting previously unselected package libqt4-dbus:amd64.
Preparing to unpack .../libqt4-dbus_4%3a4.8.5+git192-g085f851+dfsg-2ubuntu4.1_amd64.deb ...
Unpacking libqt4-dbus:amd64 (4:4.8.5+git192-g085f851+dfsg-2ubuntu4.1) ...
Selecting previously unselected package libqt4-dev-bin.
Preparing to unpack .../libqt4-dev-bin_4%3a4.8.5+git192-g085f851+dfsg-2ubuntu4.1_amd64.deb ...
Unpacking libqt4-dev-bin (4:4.8.5+git192-g085f851+dfsg-2ubuntu4.1) ...
Selecting previously unselected package qt4-linguist-tools.
Preparing to unpack .../qt4-linguist-tools_4%3a4.8.5+git192-g085f851+dfsg-2ubuntu4.1_amd64.deb ...
Unpacking qt4-linguist-tools (4:4.8.5+git192-g085f851+dfsg-2ubuntu4.1) ...
Selecting previously unselected package qt4-qmake.
Preparing to unpack .../qt4-qmake_4%3a4.8.5+git192-g085f851+dfsg-2ubuntu4.1_amd64.deb ...
Unpacking qt4-qmake (4:4.8.5+git192-g085f851+dfsg-2ubuntu4.1) ...
Selecting previously unselected package libqt4-dev.
Preparing to unpack .../libqt4-dev_4%3a4.8.5+git192-g085f851+dfsg-2ubuntu4.1_amd64.deb ...
Unpacking libqt4-dev (4:4.8.5+git192-g085f851+dfsg-2ubuntu4.1) ...
Processing triggers for man-db (2.6.7.1-1ubuntu1) ...
Setting up libaudio2:amd64 (1.9.4-1) ...
Setting up qtcore4-l10n (4:4.8.5+git192-g085f851+dfsg-2ubuntu4.1) ...
Setting up libqtcore4:amd64 (4:4.8.5+git192-g085f851+dfsg-2ubuntu4.1) ...
Setting up libqt4-xml:amd64 (4:4.8.5+git192-g085f851+dfsg-2ubuntu4.1) ...
Setting up libqtdbus4:amd64 (4:4.8.5+git192-g085f851+dfsg-2ubuntu4.1) ...
Setting up libqt4-network:amd64 (4:4.8.5+git192-g085f851+dfsg-2ubuntu4.1) ...
Setting up libqt4-script:amd64 (4:4.8.5+git192-g085f851+dfsg-2ubuntu4.1) ...
Setting up libqt4-sql:amd64 (4:4.8.5+git192-g085f851+dfsg-2ubuntu4.1) ...
Setting up libqt4-xmlpatterns:amd64 (4:4.8.5+git192-g085f851+dfsg-2ubuntu4.1) ...
Setting up libqt4-test:amd64 (4:4.8.5+git192-g085f851+dfsg-2ubuntu4.1) ...
Setting up qtchooser (39-g4717841-3) ...
Setting up qdbus (4:4.8.5+git192-g085f851+dfsg-2ubuntu4.1) ...
Setting up libqt4-dbus:amd64 (4:4.8.5+git192-g085f851+dfsg-2ubuntu4.1) ...
Setting up qt4-linguist-tools (4:4.8.5+git192-g085f851+dfsg-2ubuntu4.1) ...
Setting up qt4-qmake (4:4.8.5+git192-g085f851+dfsg-2ubuntu4.1) ...
Setting up libqtgui4:amd64 (4:4.8.5+git192-g085f851+dfsg-2ubuntu4.1) ...
Setting up libqt4-declarative:amd64 (4:4.8.5+git192-g085f851+dfsg-2ubuntu4.1) ...
Setting up libqt4-designer:amd64 (4:4.8.5+git192-g085f851+dfsg-2ubuntu4.1) ...
Setting up libqt4-help:amd64 (4:4.8.5+git192-g085f851+dfsg-2ubuntu4.1) ...
Setting up libqt4-qt3support:amd64 (4:4.8.5+git192-g085f851+dfsg-2ubuntu4.1) ...
Setting up libqt4-scripttools:amd64 (4:4.8.5+git192-g085f851+dfsg-2ubuntu4.1) ...
Setting up libqt4-svg:amd64 (4:4.8.5+git192-g085f851+dfsg-2ubuntu4.1) ...
Setting up libqt4-dev-bin (4:4.8.5+git192-g085f851+dfsg-2ubuntu4.1) ...
Setting up libqt4-dev (4:4.8.5+git192-g085f851+dfsg-2ubuntu4.1) ...
Processing triggers for libc-bin (2.19-0ubuntu6.14) ...
Installing dependency libqt4-opengl-dev via `sudo apt-get install libqt4-opengl-dev`:
Reading package lists...
Building dependency tree...
Reading state information...
The following extra packages will be installed:
  libdrm-amdgpu1 libdrm-dev libgl1-mesa-dev libglu1-mesa-dev
  libpthread-stubs0-dev libqt4-opengl libx11-dev libx11-xcb-dev libxau-dev
  libxcb-dri2-0-dev libxcb-dri3-dev libxcb-glx0-dev libxcb-present-dev
  libxcb-randr0 libxcb-randr0-dev libxcb-render0-dev libxcb-shape0
  libxcb-shape0-dev libxcb-sync-dev libxcb-xfixes0 libxcb-xfixes0-dev
  libxcb1-dev libxdamage-dev libxdmcp-dev libxext-dev libxfixes-dev
  libxshmfence-dev libxxf86vm-dev mesa-common-dev x11proto-core-dev
  x11proto-damage-dev x11proto-dri2-dev x11proto-fixes-dev x11proto-gl-dev
  x11proto-input-dev x11proto-kb-dev x11proto-xext-dev
  x11proto-xf86vidmode-dev xorg-sgml-doctools xtrans-dev
Suggested packages:
  libxcb-doc libxext-doc
Recommended packages:
  libx11-doc
The following NEW packages will be installed:
  libdrm-amdgpu1 libdrm-dev libgl1-mesa-dev libglu1-mesa-dev
  libpthread-stubs0-dev libqt4-opengl libqt4-opengl-dev libx11-dev
  libx11-xcb-dev libxau-dev libxcb-dri2-0-dev libxcb-dri3-dev libxcb-glx0-dev
  libxcb-present-dev libxcb-randr0 libxcb-randr0-dev libxcb-render0-dev
  libxcb-shape0 libxcb-shape0-dev libxcb-sync-dev libxcb-xfixes0
  libxcb-xfixes0-dev libxcb1-dev libxdamage-dev libxdmcp-dev libxext-dev
  libxfixes-dev libxshmfence-dev libxxf86vm-dev mesa-common-dev
  x11proto-core-dev x11proto-damage-dev x11proto-dri2-dev x11proto-fixes-dev
  x11proto-gl-dev x11proto-input-dev x11proto-kb-dev x11proto-xext-dev
  x11proto-xf86vidmode-dev xorg-sgml-doctools xtrans-dev
0 upgraded, 41 newly installed, 0 to remove and 4 not upgraded.
Need to get 3,559 kB of archives.
After this operation, 17.8 MB of additional disk space will be used.
Get:1 http://archive.ubuntu.com/ubuntu/ trusty-updates/main libdrm-amdgpu1 amd64 2.4.67-1ubuntu0.14.04.2 [16.4 kB]
Get:2 http://archive.ubuntu.com/ubuntu/ trusty-updates/main libqt4-opengl amd64 4:4.8.5+git192-g085f851+dfsg-2ubuntu4.1 [295 kB]
Get:3 http://archive.ubuntu.com/ubuntu/ trusty/main libxcb-randr0 amd64 1.10-2ubuntu1 [13.9 kB]
Get:4 http://archive.ubuntu.com/ubuntu/ trusty/main libxcb-shape0 amd64 1.10-2ubuntu1 [5,654 B]
Get:5 http://archive.ubuntu.com/ubuntu/ trusty/main libxcb-xfixes0 amd64 1.10-2ubuntu1 [8,486 B]
Get:6 http://archive.ubuntu.com/ubuntu/ trusty-updates/main libdrm-dev amd64 2.4.67-1ubuntu0.14.04.2 [205 kB]
Get:7 http://archive.ubuntu.com/ubuntu/ trusty/main xorg-sgml-doctools all 1:1.11-1 [12.9 kB]
Get:8 http://archive.ubuntu.com/ubuntu/ trusty-updates/main x11proto-core-dev all 7.0.26-1~ubuntu2 [700 kB]
Get:9 http://archive.ubuntu.com/ubuntu/ trusty/main libxau-dev amd64 1:1.0.8-1 [11.1 kB]
Get:10 http://archive.ubuntu.com/ubuntu/ trusty/main libxdmcp-dev amd64 1:1.1.1-1 [26.9 kB]
Get:11 http://archive.ubuntu.com/ubuntu/ trusty/main x11proto-input-dev all 2.3-1 [139 kB]
Get:12 http://archive.ubuntu.com/ubuntu/ trusty/main x11proto-kb-dev all 1.0.6-2 [269 kB]
Get:13 http://archive.ubuntu.com/ubuntu/ trusty-updates/main xtrans-dev all 1.3.5-1~ubuntu14.04.2 [70.7 kB]
Get:14 http://archive.ubuntu.com/ubuntu/ trusty/main libpthread-stubs0-dev amd64 0.3-4 [4,068 B]
Get:15 http://archive.ubuntu.com/ubuntu/ trusty/main libxcb1-dev amd64 1.10-2ubuntu1 [76.6 kB]
Get:16 http://archive.ubuntu.com/ubuntu/ trusty/main libx11-dev amd64 2:1.6.2-1ubuntu2 [629 kB]
Get:17 http://archive.ubuntu.com/ubuntu/ trusty-updates/main mesa-common-dev amd64 10.1.3-0ubuntu0.6 [261 kB]
Get:18 http://archive.ubuntu.com/ubuntu/ trusty/main libx11-xcb-dev amd64 2:1.6.2-1ubuntu2 [9,758 B]
Get:19 http://archive.ubuntu.com/ubuntu/ trusty/main libxcb-dri3-dev amd64 1.10-2ubuntu1 [5,998 B]
Get:20 http://archive.ubuntu.com/ubuntu/ trusty/main libxcb-render0-dev amd64 1.10-2ubuntu1 [16.7 kB]
Get:21 http://archive.ubuntu.com/ubuntu/ trusty/main libxcb-randr0-dev amd64 1.10-2ubuntu1 [20.7 kB]
Get:22 http://archive.ubuntu.com/ubuntu/ trusty/main libxcb-shape0-dev amd64 1.10-2ubuntu1 [7,226 B]
Get:23 http://archive.ubuntu.com/ubuntu/ trusty/main libxcb-xfixes0-dev amd64 1.10-2ubuntu1 [12.0 kB]
Get:24 http://archive.ubuntu.com/ubuntu/ trusty/main libxcb-sync-dev amd64 1.10-2ubuntu1 [10.6 kB]
Get:25 http://archive.ubuntu.com/ubuntu/ trusty/main libxcb-present-dev amd64 1.10-2ubuntu1 [6,988 B]
Get:26 http://archive.ubuntu.com/ubuntu/ trusty/main libxshmfence-dev amd64 1.1-2 [3,452 B]
Get:27 http://archive.ubuntu.com/ubuntu/ trusty/main libxcb-dri2-0-dev amd64 1.10-2ubuntu1 [9,030 B]
Get:28 http://archive.ubuntu.com/ubuntu/ trusty/main libxcb-glx0-dev amd64 1.10-2ubuntu1 [31.2 kB]
Get:29 http://archive.ubuntu.com/ubuntu/ trusty/main x11proto-xext-dev all 7.3.0-1 [212 kB]
Get:30 http://archive.ubuntu.com/ubuntu/ trusty/main x11proto-fixes-dev all 1:5.0-2ubuntu2 [14.2 kB]
Get:31 http://archive.ubuntu.com/ubuntu/ trusty-updates/main libxfixes-dev amd64 1:5.0.1-1ubuntu1.1 [10.8 kB]
Get:32 http://archive.ubuntu.com/ubuntu/ trusty/main x11proto-damage-dev all 1:1.2.1-2 [8,286 B]
Get:33 http://archive.ubuntu.com/ubuntu/ trusty/main libxdamage-dev amd64 1:1.1.4-1ubuntu1 [5,450 B]
Get:34 http://archive.ubuntu.com/ubuntu/ trusty-updates/main libxext-dev amd64 2:1.3.2-1ubuntu0.0.14.04.1 [81.2 kB]
Get:35 http://archive.ubuntu.com/ubuntu/ trusty/main x11proto-xf86vidmode-dev all 2.3.1-2 [6,116 B]
Get:36 http://archive.ubuntu.com/ubuntu/ trusty/main libxxf86vm-dev amd64 1:1.1.3-1 [14.6 kB]
Get:37 http://archive.ubuntu.com/ubuntu/ trusty/main x11proto-dri2-dev all 2.8-2 [12.6 kB]
Get:38 http://archive.ubuntu.com/ubuntu/ trusty/main x11proto-gl-dev all 1.4.17-1 [17.9 kB]
Get:39 http://archive.ubuntu.com/ubuntu/ trusty-updates/main libgl1-mesa-dev amd64 10.1.3-0ubuntu0.6 [5,258 B]
Get:40 http://archive.ubuntu.com/ubuntu/ trusty/main libglu1-mesa-dev amd64 9.0.0-2 [270 kB]
Get:41 http://archive.ubuntu.com/ubuntu/ trusty-updates/main libqt4-opengl-dev amd64 4:4.8.5+git192-g085f851+dfsg-2ubuntu4.1 [22.8 kB]
dpkg-preconfigure: unable to re-open stdin: No such file or directory
Fetched 3,559 kB in 3s (927 kB/s)
Selecting previously unselected package libdrm-amdgpu1:amd64.
(Reading database ... 78634 files and directories currently installed.)
Preparing to unpack .../libdrm-amdgpu1_2.4.67-1ubuntu0.14.04.2_amd64.deb ...
Unpacking libdrm-amdgpu1:amd64 (2.4.67-1ubuntu0.14.04.2) ...
Selecting previously unselected package libqt4-opengl:amd64.
Preparing to unpack .../libqt4-opengl_4%3a4.8.5+git192-g085f851+dfsg-2ubuntu4.1_amd64.deb ...
Unpacking libqt4-opengl:amd64 (4:4.8.5+git192-g085f851+dfsg-2ubuntu4.1) ...
Selecting previously unselected package libxcb-randr0:amd64.
Preparing to unpack .../libxcb-randr0_1.10-2ubuntu1_amd64.deb ...
Unpacking libxcb-randr0:amd64 (1.10-2ubuntu1) ...
Selecting previously unselected package libxcb-shape0:amd64.
Preparing to unpack .../libxcb-shape0_1.10-2ubuntu1_amd64.deb ...
Unpacking libxcb-shape0:amd64 (1.10-2ubuntu1) ...
Selecting previously unselected package libxcb-xfixes0:amd64.
Preparing to unpack .../libxcb-xfixes0_1.10-2ubuntu1_amd64.deb ...
Unpacking libxcb-xfixes0:amd64 (1.10-2ubuntu1) ...
Selecting previously unselected package libdrm-dev:amd64.
Preparing to unpack .../libdrm-dev_2.4.67-1ubuntu0.14.04.2_amd64.deb ...
Unpacking libdrm-dev:amd64 (2.4.67-1ubuntu0.14.04.2) ...
Selecting previously unselected package xorg-sgml-doctools.
Preparing to unpack .../xorg-sgml-doctools_1%3a1.11-1_all.deb ...
Unpacking xorg-sgml-doctools (1:1.11-1) ...
Selecting previously unselected package x11proto-core-dev.
Preparing to unpack .../x11proto-core-dev_7.0.26-1~ubuntu2_all.deb ...
Unpacking x11proto-core-dev (7.0.26-1~ubuntu2) ...
Selecting previously unselected package libxau-dev:amd64.
Preparing to unpack .../libxau-dev_1%3a1.0.8-1_amd64.deb ...
Unpacking libxau-dev:amd64 (1:1.0.8-1) ...
Selecting previously unselected package libxdmcp-dev:amd64.
Preparing to unpack .../libxdmcp-dev_1%3a1.1.1-1_amd64.deb ...
Unpacking libxdmcp-dev:amd64 (1:1.1.1-1) ...
Selecting previously unselected package x11proto-input-dev.
Preparing to unpack .../x11proto-input-dev_2.3-1_all.deb ...
Unpacking x11proto-input-dev (2.3-1) ...
Selecting previously unselected package x11proto-kb-dev.
Preparing to unpack .../x11proto-kb-dev_1.0.6-2_all.deb ...
Unpacking x11proto-kb-dev (1.0.6-2) ...
Selecting previously unselected package xtrans-dev.
Preparing to unpack .../xtrans-dev_1.3.5-1~ubuntu14.04.2_all.deb ...
Unpacking xtrans-dev (1.3.5-1~ubuntu14.04.2) ...
Selecting previously unselected package libpthread-stubs0-dev:amd64.
Preparing to unpack .../libpthread-stubs0-dev_0.3-4_amd64.deb ...
Unpacking libpthread-stubs0-dev:amd64 (0.3-4) ...
Selecting previously unselected package libxcb1-dev:amd64.
Preparing to unpack .../libxcb1-dev_1.10-2ubuntu1_amd64.deb ...
Unpacking libxcb1-dev:amd64 (1.10-2ubuntu1) ...
Selecting previously unselected package libx11-dev:amd64.
Preparing to unpack .../libx11-dev_2%3a1.6.2-1ubuntu2_amd64.deb ...
Unpacking libx11-dev:amd64 (2:1.6.2-1ubuntu2) ...
Selecting previously unselected package mesa-common-dev.
Preparing to unpack .../mesa-common-dev_10.1.3-0ubuntu0.6_amd64.deb ...
Unpacking mesa-common-dev (10.1.3-0ubuntu0.6) ...
Selecting previously unselected package libx11-xcb-dev:amd64.
Preparing to unpack .../libx11-xcb-dev_2%3a1.6.2-1ubuntu2_amd64.deb ...
Unpacking libx11-xcb-dev:amd64 (2:1.6.2-1ubuntu2) ...
Selecting previously unselected package libxcb-dri3-dev:amd64.
Preparing to unpack .../libxcb-dri3-dev_1.10-2ubuntu1_amd64.deb ...
Unpacking libxcb-dri3-dev:amd64 (1.10-2ubuntu1) ...
Selecting previously unselected package libxcb-render0-dev:amd64.
Preparing to unpack .../libxcb-render0-dev_1.10-2ubuntu1_amd64.deb ...
Unpacking libxcb-render0-dev:amd64 (1.10-2ubuntu1) ...
Selecting previously unselected package libxcb-randr0-dev:amd64.
Preparing to unpack .../libxcb-randr0-dev_1.10-2ubuntu1_amd64.deb ...
Unpacking libxcb-randr0-dev:amd64 (1.10-2ubuntu1) ...
Selecting previously unselected package libxcb-shape0-dev:amd64.
Preparing to unpack .../libxcb-shape0-dev_1.10-2ubuntu1_amd64.deb ...
Unpacking libxcb-shape0-dev:amd64 (1.10-2ubuntu1) ...
Selecting previously unselected package libxcb-xfixes0-dev:amd64.
Preparing to unpack .../libxcb-xfixes0-dev_1.10-2ubuntu1_amd64.deb ...
Unpacking libxcb-xfixes0-dev:amd64 (1.10-2ubuntu1) ...
Selecting previously unselected package libxcb-sync-dev:amd64.
Preparing to unpack .../libxcb-sync-dev_1.10-2ubuntu1_amd64.deb ...
Unpacking libxcb-sync-dev:amd64 (1.10-2ubuntu1) ...
Selecting previously unselected package libxcb-present-dev:amd64.
Preparing to unpack .../libxcb-present-dev_1.10-2ubuntu1_amd64.deb ...
Unpacking libxcb-present-dev:amd64 (1.10-2ubuntu1) ...
Selecting previously unselected package libxshmfence-dev:amd64.
Preparing to unpack .../libxshmfence-dev_1.1-2_amd64.deb ...
Unpacking libxshmfence-dev:amd64 (1.1-2) ...
Selecting previously unselected package libxcb-dri2-0-dev:amd64.
Preparing to unpack .../libxcb-dri2-0-dev_1.10-2ubuntu1_amd64.deb ...
Unpacking libxcb-dri2-0-dev:amd64 (1.10-2ubuntu1) ...
Selecting previously unselected package libxcb-glx0-dev:amd64.
Preparing to unpack .../libxcb-glx0-dev_1.10-2ubuntu1_amd64.deb ...
Unpacking libxcb-glx0-dev:amd64 (1.10-2ubuntu1) ...
Selecting previously unselected package x11proto-xext-dev.
Preparing to unpack .../x11proto-xext-dev_7.3.0-1_all.deb ...
Unpacking x11proto-xext-dev (7.3.0-1) ...
Selecting previously unselected package x11proto-fixes-dev.
Preparing to unpack .../x11proto-fixes-dev_1%3a5.0-2ubuntu2_all.deb ...
Unpacking x11proto-fixes-dev (1:5.0-2ubuntu2) ...
Selecting previously unselected package libxfixes-dev:amd64.
Preparing to unpack .../libxfixes-dev_1%3a5.0.1-1ubuntu1.1_amd64.deb ...
Unpacking libxfixes-dev:amd64 (1:5.0.1-1ubuntu1.1) ...
Selecting previously unselected package x11proto-damage-dev.
Preparing to unpack .../x11proto-damage-dev_1%3a1.2.1-2_all.deb ...
Unpacking x11proto-damage-dev (1:1.2.1-2) ...
Selecting previously unselected package libxdamage-dev:amd64.
Preparing to unpack .../libxdamage-dev_1%3a1.1.4-1ubuntu1_amd64.deb ...
Unpacking libxdamage-dev:amd64 (1:1.1.4-1ubuntu1) ...
Selecting previously unselected package libxext-dev:amd64.
Preparing to unpack .../libxext-dev_2%3a1.3.2-1ubuntu0.0.14.04.1_amd64.deb ...
Unpacking libxext-dev:amd64 (2:1.3.2-1ubuntu0.0.14.04.1) ...
Selecting previously unselected package x11proto-xf86vidmode-dev.
Preparing to unpack .../x11proto-xf86vidmode-dev_2.3.1-2_all.deb ...
Unpacking x11proto-xf86vidmode-dev (2.3.1-2) ...
Selecting previously unselected package libxxf86vm-dev:amd64.
Preparing to unpack .../libxxf86vm-dev_1%3a1.1.3-1_amd64.deb ...
Unpacking libxxf86vm-dev:amd64 (1:1.1.3-1) ...
Selecting previously unselected package x11proto-dri2-dev.
Preparing to unpack .../x11proto-dri2-dev_2.8-2_all.deb ...
Unpacking x11proto-dri2-dev (2.8-2) ...
Selecting previously unselected package x11proto-gl-dev.
Preparing to unpack .../x11proto-gl-dev_1.4.17-1_all.deb ...
Unpacking x11proto-gl-dev (1.4.17-1) ...
Selecting previously unselected package libgl1-mesa-dev.
Preparing to unpack .../libgl1-mesa-dev_10.1.3-0ubuntu0.6_amd64.deb ...
Unpacking libgl1-mesa-dev (10.1.3-0ubuntu0.6) ...
Selecting previously unselected package libglu1-mesa-dev.
Preparing to unpack .../libglu1-mesa-dev_9.0.0-2_amd64.deb ...
Unpacking libglu1-mesa-dev (9.0.0-2) ...
Selecting previously unselected package libqt4-opengl-dev.
Preparing to unpack .../libqt4-opengl-dev_4%3a4.8.5+git192-g085f851+dfsg-2ubuntu4.1_amd64.deb ...
Unpacking libqt4-opengl-dev (4:4.8.5+git192-g085f851+dfsg-2ubuntu4.1) ...
Processing triggers for man-db (2.6.7.1-1ubuntu1) ...
Setting up libdrm-amdgpu1:amd64 (2.4.67-1ubuntu0.14.04.2) ...
Setting up libqt4-opengl:amd64 (4:4.8.5+git192-g085f851+dfsg-2ubuntu4.1) ...
Setting up libxcb-randr0:amd64 (1.10-2ubuntu1) ...
Setting up libxcb-shape0:amd64 (1.10-2ubuntu1) ...
Setting up libxcb-xfixes0:amd64 (1.10-2ubuntu1) ...
Setting up libdrm-dev:amd64 (2.4.67-1ubuntu0.14.04.2) ...
Setting up xorg-sgml-doctools (1:1.11-1) ...
Setting up x11proto-core-dev (7.0.26-1~ubuntu2) ...
Setting up libxau-dev:amd64 (1:1.0.8-1) ...
Setting up libxdmcp-dev:amd64 (1:1.1.1-1) ...
Setting up x11proto-input-dev (2.3-1) ...
Setting up x11proto-kb-dev (1.0.6-2) ...
Setting up xtrans-dev (1.3.5-1~ubuntu14.04.2) ...
Setting up libpthread-stubs0-dev:amd64 (0.3-4) ...
Setting up libxcb1-dev:amd64 (1.10-2ubuntu1) ...
Setting up libx11-dev:amd64 (2:1.6.2-1ubuntu2) ...
Setting up mesa-common-dev (10.1.3-0ubuntu0.6) ...
Setting up libx11-xcb-dev:amd64 (2:1.6.2-1ubuntu2) ...
Setting up libxcb-dri3-dev:amd64 (1.10-2ubuntu1) ...
Setting up libxcb-render0-dev:amd64 (1.10-2ubuntu1) ...
Setting up libxcb-randr0-dev:amd64 (1.10-2ubuntu1) ...
Setting up libxcb-shape0-dev:amd64 (1.10-2ubuntu1) ...
Setting up libxcb-xfixes0-dev:amd64 (1.10-2ubuntu1) ...
Setting up libxcb-sync-dev:amd64 (1.10-2ubuntu1) ...
Setting up libxcb-present-dev:amd64 (1.10-2ubuntu1) ...
Setting up libxshmfence-dev:amd64 (1.1-2) ...
Setting up libxcb-dri2-0-dev:amd64 (1.10-2ubuntu1) ...
Setting up libxcb-glx0-dev:amd64 (1.10-2ubuntu1) ...
Setting up x11proto-xext-dev (7.3.0-1) ...
Setting up x11proto-fixes-dev (1:5.0-2ubuntu2) ...
Setting up libxfixes-dev:amd64 (1:5.0.1-1ubuntu1.1) ...
Setting up x11proto-damage-dev (1:1.2.1-2) ...
Setting up libxdamage-dev:amd64 (1:1.1.4-1ubuntu1) ...
Setting up libxext-dev:amd64 (2:1.3.2-1ubuntu0.0.14.04.1) ...
Setting up x11proto-xf86vidmode-dev (2.3.1-2) ...
Setting up libxxf86vm-dev:amd64 (1:1.1.3-1) ...
Setting up x11proto-dri2-dev (2.8-2) ...
Setting up x11proto-gl-dev (1.4.17-1) ...
Setting up libgl1-mesa-dev (10.1.3-0ubuntu0.6) ...
Setting up libglu1-mesa-dev (9.0.0-2) ...
Setting up libqt4-opengl-dev (4:4.8.5+git192-g085f851+dfsg-2ubuntu4.1) ...
Processing triggers for libc-bin (2.19-0ubuntu6.14) ...
┌ Warning: `info()` is deprecated, use `@info` instead.
│   caller = run(::BinDeps.DirectoryRule) at BinDeps.jl:498
└ @ BinDeps BinDeps.jl:498
INFO: Attempting to create directory /home/vagrant/.julia/v0.7/DrakeVisualizer/deps/downloads
┌ Warning: `info()` is deprecated, use `@info` instead.
│   caller = (::getfield(BinDeps, Symbol("##15#17")){BinDeps.FileDownloader})() at BinDeps.jl:364
└ @ BinDeps BinDeps.jl:364
INFO: Downloading file https://dl.bintray.com/patmarion/director/director-0.1.0-234-g74cea84-ubuntu-14.04.tar.gz
  % Total    % Received % Xferd  Average Speed   Time    Time     Time  Current
                                 Dload  Upload   Total   Spent    Left  Speed
  0     0    0     0    0     0      0      0 --:--:-- --:--:-- --:--:--     0  0     0    0     0    0     0      0      0 --:--:-- --:--:-- --:--:--     0  0     0    0     0    0     0      0      0 --:--:-- --:--:-- --:--:--     0
  0     0    0     0    0     0      0      0 --:--:--  0:00:01 --:--:--     0  0     0    0     0    0     0      0      0 --:--:--  0:00:02 --:--:--     0  3 77.8M    3 2603k    0     0   824k      0  0:01:36  0:00:03  0:01:33 2132k 20 77.8M   20 15.9M    0     0  3942k      0  0:00:20  0:00:04  0:00:16 7396k 38 77.8M   38 30.0M    0     0  5976k      0  0:00:13  0:00:05  0:00:08 9583k 56 77.8M   56 43.9M    0     0  7309k      0  0:00:10  0:00:06  0:00:04 10.4M 74 77.8M   74 58.0M    0     0  8308k      0  0:00:09  0:00:07  0:00:02 13.7M 92 77.8M   92 71.9M    0     0  9029k      0  0:00:08  0:00:08 --:--:-- 13.8M100 77.8M  100 77.8M    0     0  9256k      0  0:00:08  0:00:08 --:--:-- 13.8M
┌ Warning: `info()` is deprecated, use `@info` instead.
│   caller = (::getfield(BinDeps, Symbol("##16#18")){BinDeps.FileDownloader})() at BinDeps.jl:364
└ @ BinDeps BinDeps.jl:364
INFO: Done downloading file https://dl.bintray.com/patmarion/director/director-0.1.0-234-g74cea84-ubuntu-14.04.tar.gz
INFO: Attempting to create directory /home/vagrant/.julia/v0.7/DrakeVisualizer/deps/usr
[ Info: Building Interact
WARNING: importing deprecated binding Base.Pkg into __anon__.
WARNING: Base.Pkg is deprecated, run `using Pkg` instead
  likely near /home/vagrant/.julia/v0.7/Interact/deps/build.jl:67
┌ Warning: `warn()` is deprecated, use `@warn` instead.
│   caller = #warn#879(::Base.Iterators.Pairs{Union{},Union{},Tuple{},NamedTuple{(),Tuple{}}}, ::Function, ::String, ::Vararg{String,N} where N) at deprecated.jl:1028
└ @ Base deprecated.jl:1028
WARNING: IJulia is not installed. run Pkg.build("Interact")
once you install IJulia to use Interact inside IJulia
[ Info: Building LightXML
[ Info: Package database updated
┌ Info: METADATA is out-of-date — you may not have the latest version of RigidBodySim
└ Use `Pkg.update()` to get the latest versions of your packages

>>> 'Pkg.test("RigidBodySim")' log
WARNING: Base.versioninfo is deprecated: it has been moved to the standard library package `InteractiveUtils`.
Add `using InteractiveUtils` to your imports.
 in module Main
WARNING: Base.versioninfo is deprecated: it has been moved to the standard library package `InteractiveUtils`.
Add `using InteractiveUtils` to your imports.
 in module Main
Julia Version 0.7.0-DEV.4817
Commit 7c2460930c (2018-04-08 17:02 UTC)
Platform Info:
  OS: Linux (x86_64-pc-linux-gnu)
      Ubuntu 14.04.5 LTS
  uname: Linux 3.13.0-143-generic #192-Ubuntu SMP Tue Feb 27 10:45:36 UTC 2018 x86_64 x86_64
  CPU: Intel(R) Xeon(R) CPU E3-1241 v3 @ 3.50GHz: 
              speed         user         nice          sys         idle          irq
       #1  3496 MHz    2234480 s       6286 s     168338 s     646053 s         22 s
       #2  3496 MHz     505077 s         57 s      57437 s    2960831 s          2 s
       
  Memory: 2.939197540283203 GB (352.56640625 MB free)
  Uptime: 35827.0 sec
  Load Avg:  0.82470703125  0.91650390625  0.9404296875
  WORD_SIZE: 64
  LIBM: libopenlibm
  LLVM: libLLVM-3.9.1 (ORCJIT, haswell)
Environment:
  TERM = vt100
  LD_LIBRARY_PATH = :/usr/local/lib/
  PATH = /usr/local/sbin:/usr/local/bin:/usr/sbin:/usr/bin:/sbin:/bin:/usr/games:/usr/local/games:/home/vagrant/julia/bin/
  JAVA_HOME = /usr/lib/jvm/java-8-openjdk-amd64
  HOME = /home/vagrant
Packages:
  Package Directory: /home/vagrant/.julia/v0.7
  Package Status:
2 required packages:
 - JSON                          0.17.2
 - RigidBodySim                  0.1.0
72 additional packages:
 - AxisAlgorithms                0.2.0
 - BinDeps                       0.8.7
 - BufferedStreams               0.4.0
 - CMakeWrapper                  0.1.0
 - Calculus                      0.2.2
 - ColorTypes                    0.6.7
 - CommonSubexpressions          0.1.0
 - Compat                        0.63.0
 - CoordinateTransformations     0.4.1
 - DataStructures                0.7.4
 - DiffBase                      0.3.2
 - DiffEqBase                    3.9.0
 - DiffEqCallbacks               1.0.0
 - DiffEqDiffTools               0.4.0
 - DiffEqOperators               1.2.0
 - DiffResults                   0.0.3
 - DiffRules                     0.0.4
 - Distances                     0.6.0
 - DocStringExtensions           0.4.4
 - DrakeVisualizer               0.3.0
 - DualNumbers                   0.3.0
 - Expokit                       0.0.1
 - FileIO                        0.7.0
 - FixedPointNumbers             0.4.6
 - ForwardDiff                   0.7.5
 - FunctionWrappers              0.1.0
 - GenericSVD                    0.1.0
 - GeometryTypes                 0.4.4
 - Interact                      0.7.1
 - Interpolations                0.7.3
 - IterTools                     0.2.1
 - IteratorInterfaceExtensions   0.0.2
 - Juno                          0.4.0
 - LCMCore                       0.2.0
 - LightXML                      0.6.0
 - LineSearches                  3.2.5
 - LinearMaps                    1.0.4
 - LoopThrottle                  0.0.1
 - MacroTools                    0.4.0
 - MechanismGeometries           0.0.2
 - Media                         0.3.0
 - MeshIO                        0.1.3
 - Meshing                       0.3.1
 - Missings                      0.2.9
 - MuladdMacro                   0.0.2
 - NLSolversBase                 4.4.1
 - NLsolve                       1.0.1
 - NaNMath                       0.3.1
 - NamedTuples                   4.0.0
 - Nullables                     0.0.5
 - OrdinaryDiffEq                3.8.0
 - Parameters                    0.8.1
 - Ratios                        0.2.0
 - Reactive                      0.6.0
 - RecipesBase                   0.2.3
 - RecursiveArrayTools           0.14.6
 - Reexport                      0.1.0
 - Requires                      0.4.3
 - RigidBodyDynamics             0.5.0
 - RigidBodyTreeInspector        0.4.0
 - Roots                         0.5.0
 - Rotations                     0.6.1
 - SHA                           0.5.6
 - ShowItLikeYouBuildIt          0.2.0
 - SimpleTraits                  0.7.1
 - SpecialFunctions              0.4.0
 - StaticArrays                  0.7.0
 - TableTraits                   0.2.0
 - TypeSortedCollections         0.4.0
 - URIParser                     0.3.1
 - WoodburyMatrices              0.2.2
 - tmpYTePCy                     0.0.0-             non-repo (unregistered)
WARNING: Base.Pkg is deprecated, run `using Pkg` instead
 in module Main
[ Info: Computing test dependencies for RigidBodySim...
[ Info: Installing NBInclude v1.2.0
[ Info: Testing RigidBodySim
WARNING: Base.Random is deprecated, run `using Random` instead
  likely near /home/vagrant/.julia/v0.7/RigidBodyDynamics/src/RigidBodyDynamics.jl:5
WARNING: Base.uninitialized is deprecated, use undef instead.
  likely near /home/vagrant/.julia/v0.7/RigidBodyDynamics/src/RigidBodyDynamics.jl:7
WARNING: Base.uninitialized is deprecated, use undef instead.
  likely near /home/vagrant/.julia/v0.7/RigidBodyDynamics/src/RigidBodyDynamics.jl:7
WARNING: importing deprecated binding Base.eye into Rotations.
WARNING: Base.eye is deprecated: it has been moved to the standard library package `LinearAlgebra`.
Add `using LinearAlgebra` to your imports.
  likely near /home/vagrant/.julia/v0.7/Rotations/src/core_types.jl:108
WARNING: Base.eye is deprecated: it has been moved to the standard library package `LinearAlgebra`.
Add `using LinearAlgebra` to your imports.
  likely near /home/vagrant/.julia/v0.7/Rotations/src/core_types.jl:109
ERROR: LoadError: LoadError: UndefVarError: showarray not defined
Stacktrace:
 [1] getproperty(::Module, ::Symbol) at ./sysimg.jl:13
 [2] top-level scope
 [3] include at ./boot.jl:314 [inlined]
 [4] include_relative(::Module, ::String) at ./loading.jl:1067
 [5] include at ./sysimg.jl:29 [inlined]
 [6] include(::String) at /home/vagrant/.julia/v0.7/Rotations/src/Rotations.jl:4
 [7] top-level scope
 [8] include at ./boot.jl:314 [inlined]
 [9] include_relative(::Module, ::String) at ./loading.jl:1067
 [10] include(::Module, ::String) at ./sysimg.jl:29
 [11] top-level scope
 [12] eval at ./boot.jl:317 [inlined]
 [13] top-level scope at ./<missing>:3
in expression starting at /home/vagrant/.julia/v0.7/Rotations/src/core_types.jl:149
in expression starting at /home/vagrant/.julia/v0.7/Rotations/src/Rotations.jl:11
ERROR: LoadError: Failed to precompile Rotations to /home/vagrant/.julia/compiled/v0.7/Rotations.ji.
Stacktrace:
 [1] error at ./error.jl:33 [inlined]
 [2] compilecache(::Base.PkgId) at ./loading.jl:1201
 [3] _require(::Base.PkgId) at ./loading.jl:974
 [4] require(::Base.PkgId) at ./loading.jl:874
 [5] require(::Module, ::Symbol) at ./loading.jl:869
 [6] include at ./boot.jl:314 [inlined]
 [7] include_relative(::Module, ::String) at ./loading.jl:1067
 [8] include(::Module, ::String) at ./sysimg.jl:29
 [9] top-level scope
 [10] eval at ./boot.jl:317 [inlined]
 [11] top-level scope at ./<missing>:3
in expression starting at /home/vagrant/.julia/v0.7/RigidBodyDynamics/src/RigidBodyDynamics.jl:7
ERROR: LoadError: Failed to precompile RigidBodyDynamics to /home/vagrant/.julia/compiled/v0.7/RigidBodyDynamics.ji.
Stacktrace:
 [1] error at ./error.jl:33 [inlined]
 [2] compilecache(::Base.PkgId) at ./loading.jl:1201
 [3] _require(::Base.PkgId) at ./loading.jl:1003
 [4] require(::Base.PkgId) at ./loading.jl:874
 [5] require(::Module, ::Symbol) at ./loading.jl:869
 [6] include at ./boot.jl:314 [inlined]
 [7] include_relative(::Module, ::String) at ./loading.jl:1067
 [8] include(::Module, ::String) at ./sysimg.jl:29
 [9] exec_options(::Base.JLOptions) at ./client.jl:327
 [10] _start() at ./client.jl:455
in expression starting at /home/vagrant/.julia/v0.7/RigidBodySim/test/runtests.jl:3
┌ Error: ------------------------------------------------------------
│ # Testing failed for RigidBodySim
│   exception =
│    failed process: Process(`/home/vagrant/julia/bin/julia -Cnative -J/home/vagrant/julia/lib/julia/sys.so --compile=yes --depwarn=yes --code-coverage=none --color=no --compiled-modules=yes --check-bounds=yes --warn-overwrite=yes --startup-file=yes /home/vagrant/.julia/v0.7/RigidBodySim/test/runtests.jl`, ProcessExited(1)) [1]
│    Stacktrace:
│     [1] error(::String, ::Base.Process, ::String, ::Int64, ::String) at ./error.jl:42
│     [2] pipeline_error(::Base.Process) at ./process.jl:712
│     [3] #run#542(::Bool, ::Function, ::Cmd) at ./process.jl:670
│     [4] run at ./process.jl:668 [inlined]
│     [5] (::getfield(Pkg.Entry, Symbol("##56#57")){Bool,String,Array{AbstractString,1}})() at /buildworker/worker/package_linux64/build/usr/share/julia/site/v0.7/Pkg/src/entry.jl:729
│     [6] cd(::getfield(Pkg.Entry, Symbol("##56#57")){Bool,String,Array{AbstractString,1}}, ::String) at ./file.jl:72
│     [7] #test!#55(::Bool, ::Function, ::String, ::Array{AbstractString,1}, ::Array{AbstractString,1}, ::Array{AbstractString,1}) at /buildworker/worker/package_linux64/build/usr/share/julia/site/v0.7/Pkg/src/entry.jl:717
│     [8] (::getfield(Pkg.Entry, Symbol("#kw##test!")))(::NamedTuple{(:coverage,),Tuple{Bool}}, ::typeof(Pkg.Entry.test!), ::String, ::Array{AbstractString,1}, ::Array{AbstractString,1}, ::Array{AbstractString,1}) at ./<missing>:0
│     [9] #test#59(::Bool, ::Function, ::Array{AbstractString,1}) at /buildworker/worker/package_linux64/build/usr/share/julia/site/v0.7/Pkg/src/entry.jl:756
│     [10] #test at ./<missing>:0 [inlined]
│     [11] #4 at /buildworker/worker/package_linux64/build/usr/share/julia/site/v0.7/Pkg/src/dir.jl:36 [inlined]
│     [12] cd(::getfield(Pkg.Dir, Symbol("##4#7")){Base.Iterators.Pairs{Symbol,Bool,Tuple{Symbol},NamedTuple{(:coverage,),Tuple{Bool}}},typeof(Pkg.Entry.test),Tuple{Array{AbstractString,1}}}, ::String) at ./file.jl:72
│     [13] #cd#1(::Base.Iterators.Pairs{Symbol,Bool,Tuple{Symbol},NamedTuple{(:coverage,),Tuple{Bool}}}, ::Function, ::Function, ::Array{AbstractString,1}, ::Vararg{Array{AbstractString,1},N} where N) at /buildworker/worker/package_linux64/build/usr/share/julia/site/v0.7/Pkg/src/dir.jl:36
│     [14] (::getfield(Pkg.Dir, Symbol("#kw##cd")))(::NamedTuple{(:coverage,),Tuple{Bool}}, ::typeof(Pkg.Dir.cd), ::Function, ::Array{AbstractString,1}, ::Vararg{Array{AbstractString,1},N} where N) at ./<missing>:0
│     [15] #test#3(::Bool, ::Function, ::String, ::Vararg{String,N} where N) at /buildworker/worker/package_linux64/build/usr/share/julia/site/v0.7/Pkg/src/Pkg.jl:278
│     [16] test(::String, ::Vararg{String,N} where N) at /buildworker/worker/package_linux64/build/usr/share/julia/site/v0.7/Pkg/src/Pkg.jl:278
│     [17] top-level scope
│     [18] eval at ./boot.jl:317 [inlined]
│     [19] eval(::Module, ::Expr) at ./sysimg.jl:74
│     [20] exec_options(::Base.JLOptions) at ./client.jl:304
│     [21] _start() at ./client.jl:455
└ @ Pkg.Entry entry.jl:732
[ Info: Removing NBInclude v1.2.0
ERROR: RigidBodySim had test errors

>>> End of log
