>>> 'Pkg.add("RingBuffers")' log
INFO: Installing Devectorize v0.4.2
INFO: Installing RingBuffers v0.0.1
INFO: Package database updated

>>> 'Pkg.test("RingBuffers")' log
Julia Version 0.4.6
Commit 2e358ce (2016-06-19 17:16 UTC)
Platform Info:
  System: Linux (x86_64-unknown-linux-gnu)
  CPU: Intel(R) Xeon(R) CPU E3-1241 v3 @ 3.50GHz
  WORD_SIZE: 64
           Ubuntu 14.04.5 LTS
  uname: Linux 3.13.0-92-generic #139-Ubuntu SMP Tue Jun 28 20:42:26 UTC 2016 x86_64 x86_64
Memory: 2.4471054077148438 GB (690.41796875 MB free)
Uptime: 20135.0 sec
Load Avg:  0.93359375  0.921875  0.94775390625
Intel(R) Xeon(R) CPU E3-1241 v3 @ 3.50GHz: 
       speed         user         nice          sys         idle          irq
#1  3500 MHz     856570 s       5924 s      86708 s     816258 s         48 s
#2  3500 MHz     590280 s         78 s      75013 s    1240181 s          0 s

  BLAS: libopenblas (USE64BITINT DYNAMIC_ARCH NO_AFFINITY Nehalem)
  LAPACK: libopenblas64_
  LIBM: libopenlibm
  LLVM: libLLVM-3.3
Environment:
  TERM = vt100
  LD_LIBRARY_PATH = :/usr/local/lib/
  PATH = /usr/local/sbin:/usr/local/bin:/usr/sbin:/usr/bin:/sbin:/bin:/usr/games:/usr/local/games:/home/vagrant/julia/bin/
  JAVA_HOME = /usr/lib/jvm/java-7-oracle
  HOME = /home/vagrant

Package Directory: /home/vagrant/.julia/v0.4
2 required packages:
 - JSON                          0.6.0
 - RingBuffers                   0.0.1
2 additional packages:
 - Compat                        0.8.6
 - Devectorize                   0.4.2
INFO: Computing test dependencies for RingBuffers...
INFO: Installing BaseTestNext v0.2.1
INFO: Testing RingBuffers
Test Summary:    | Pass  Total
RingBuffer Tests |   26     26
INFO: RingBuffers tests passed
INFO: Removing BaseTestNext v0.2.1

>>> End of log
