>>> 'Pkg.add("RLEVectors")' log
INFO: Cloning cache of RLEVectors from git://github.com/phaverty/RLEVectors.jl.git
INFO: Installing BinDeps v0.4.5
INFO: Installing DataArrays v0.3.8
INFO: Installing DataFrames v0.7.8
INFO: Installing GZip v0.2.20
INFO: Installing RLEVectors v0.2.9
INFO: Installing Reexport v0.0.3
INFO: Installing Rmath v0.1.2
INFO: Installing SHA v0.2.1
INFO: Installing SortingAlgorithms v0.1.0
INFO: Installing StatsBase v0.9.0
INFO: Installing StatsFuns v0.3.0
INFO: Installing URIParser v0.1.6
INFO: Building Rmath
INFO: Package database updated

>>> 'Pkg.test("RLEVectors")' log
Julia Version 0.4.6
Commit 2e358ce (2016-06-19 17:16 UTC)
Platform Info:
  System: Linux (x86_64-unknown-linux-gnu)
  CPU: Intel(R) Xeon(R) CPU E3-1241 v3 @ 3.50GHz
  WORD_SIZE: 64
           Ubuntu 14.04.5 LTS
  uname: Linux 3.13.0-95-generic #142-Ubuntu SMP Fri Aug 12 17:00:09 UTC 2016 x86_64 x86_64
Memory: 2.4471054077148438 GB (446.4921875 MB free)
Uptime: 18231.0 sec
Load Avg:  1.03857421875  1.001953125  0.9873046875
Intel(R) Xeon(R) CPU E3-1241 v3 @ 3.50GHz: 
       speed         user         nice          sys         idle          irq
#1  3499 MHz     807514 s       5256 s      90389 s     704079 s         38 s
#2  3499 MHz     538628 s       1088 s      80419 s    1110552 s          0 s

  BLAS: libopenblas (USE64BITINT DYNAMIC_ARCH NO_AFFINITY Nehalem)
  LAPACK: libopenblas64_
  LIBM: libopenlibm
  LLVM: libLLVM-3.3
Environment:
  TERM = vt100
  LD_LIBRARY_PATH = :/usr/local/lib/
  PATH = /usr/local/sbin:/usr/local/bin:/usr/sbin:/usr/bin:/sbin:/bin:/usr/games:/usr/local/games:/home/vagrant/julia/bin/
  JAVA_HOME = /usr/lib/jvm/java-7-oracle
  HOME = /home/vagrant

Package Directory: /home/vagrant/.julia/v0.4
2 required packages:
 - JSON                          0.7.0
 - RLEVectors                    0.2.9
12 additional packages:
 - BinDeps                       0.4.5
 - Compat                        0.8.8
 - DataArrays                    0.3.8
 - DataFrames                    0.7.8
 - GZip                          0.2.20
 - Reexport                      0.0.3
 - Rmath                         0.1.2
 - SHA                           0.2.1
 - SortingAlgorithms             0.1.0
 - StatsBase                     0.9.0
 - StatsFuns                     0.3.0
 - URIParser                     0.1.6
INFO: Testing RLEVectors
Testing ...
test_indexing.jl
test_types.jl
test_collections_api.jl
test_math.jl
test_utils.jl
test_sorting.jl
test_describe.jl
test_group_generics.jl
test_ranges.jl
test_runs.jl
Done testing.
INFO: RLEVectors tests passed

>>> End of log
