>>> 'Pkg.add("Rmath")' log
INFO: Installing BinDeps v0.6.0
INFO: Installing Rmath v0.2.0
INFO: Installing SHA v0.3.3
INFO: Installing URIParser v0.2.0
INFO: Building Rmath
INFO: Package database updated

>>> 'Pkg.test("Rmath")' log
Julia Version 0.5.2
Commit f4c6c9d (2017-05-06 16:34 UTC)
Platform Info:
  OS: Linux (x86_64-pc-linux-gnu)
  CPU: Intel(R) Xeon(R) CPU E3-1241 v3 @ 3.50GHz
  WORD_SIZE: 64
           Ubuntu 14.04.5 LTS
  uname: Linux 3.13.0-135-generic #184-Ubuntu SMP Wed Oct 18 11:55:51 UTC 2017 x86_64 x86_64
Memory: 2.93927001953125 GB (632.64453125 MB free)
Uptime: 39395.0 sec
Load Avg:  1.05419921875  0.97802734375  0.9521484375
Intel(R) Xeon(R) CPU E3-1241 v3 @ 3.50GHz: 
       speed         user         nice          sys         idle          irq
#1  3500 MHz    2362234 s       4646 s     257142 s     853651 s         50 s
#2  3500 MHz     608087 s       1842 s      96696 s    3150513 s          1 s

  BLAS: libopenblas (USE64BITINT DYNAMIC_ARCH NO_AFFINITY Nehalem)
  LAPACK: libopenblas64_
  LIBM: libopenlibm
  LLVM: libLLVM-3.7.1 (ORCJIT, haswell)
Environment:
  TERM = vt100
  LD_LIBRARY_PATH = :/usr/local/lib/
  PATH = /usr/local/sbin:/usr/local/bin:/usr/sbin:/usr/bin:/sbin:/bin:/usr/games:/usr/local/games:/home/vagrant/julia/bin/
  JAVA_HOME = /usr/lib/jvm/java-8-openjdk-amd64
  HOME = /home/vagrant

Package Directory: /home/vagrant/.julia/v0.5
2 required packages:
 - JSON                          0.14.0
 - Rmath                         0.2.0
4 additional packages:
 - BinDeps                       0.6.0
 - Compat                        0.37.0
 - SHA                           0.3.3
 - URIParser                     0.2.0
INFO: Testing Rmath
INFO: Rmath tests passed

>>> End of log
