>>> 'Pkg.add("RobustPmap")' log
INFO: Installing BinDeps v0.4.5
INFO: Installing Blosc v0.1.7
INFO: Installing FileIO v0.2.0
INFO: Installing HDF5 v0.6.6
INFO: Installing JLD v0.6.5
INFO: Installing LegacyStrings v0.1.1
INFO: Installing RobustPmap v0.1.9
INFO: Installing SHA v0.2.1
INFO: Installing URIParser v0.1.6
INFO: Building Blosc
INFO: Building HDF5
INFO: Package database updated

>>> 'Pkg.test("RobustPmap")' log
Julia Version 0.6.0-dev.1138
Commit 72725a1 (2016-10-27 21:20 UTC)
Platform Info:
  OS: Linux (x86_64-pc-linux-gnu)
  CPU: Intel(R) Xeon(R) CPU E3-1241 v3 @ 3.50GHz
  WORD_SIZE: 64
           Ubuntu 14.04.5 LTS
  uname: Linux 3.13.0-100-generic #147-Ubuntu SMP Tue Oct 18 16:48:51 UTC 2016 x86_64 x86_64
Memory: 2.939289093017578 GB (494.5546875 MB free)
Uptime: 19052.0 sec
Load Avg:  0.93359375  0.97119140625  0.95458984375
Intel(R) Xeon(R) CPU E3-1241 v3 @ 3.50GHz: 
       speed         user         nice          sys         idle          irq
#1  3499 MHz    1038669 s        327 s     128806 s     522273 s        105 s
#2  3499 MHz     378784 s       5493 s      70987 s    1385246 s          6 s

  BLAS: libopenblas (USE64BITINT DYNAMIC_ARCH NO_AFFINITY Nehalem)
  LAPACK: libopenblas64_
  LIBM: libopenlibm
  LLVM: libLLVM-3.7.1 (ORCJIT, haswell)
Environment:
  TERM = vt100
  LD_LIBRARY_PATH = :/usr/local/lib/
  PATH = /usr/local/sbin:/usr/local/bin:/usr/sbin:/usr/bin:/sbin:/bin:/usr/games:/usr/local/games:/home/vagrant/julia/bin/
  JAVA_HOME = /usr/lib/jvm/java-7-oracle
  HOME = /home/vagrant

Package Directory: /home/vagrant/.julia/v0.6
2 required packages:
 - JSON                          0.8.0
 - RobustPmap                    0.1.9
9 additional packages:
 - BinDeps                       0.4.5
 - Blosc                         0.1.7
 - Compat                        0.9.3
 - FileIO                        0.2.0
 - HDF5                          0.6.6
 - JLD                           0.6.5
 - LegacyStrings                 0.1.1
 - SHA                           0.2.1
 - URIParser                     0.1.6
INFO: Testing RobustPmap
INFO: RobustPmap tests passed

>>> End of log
