Tests exist, tried 'using RobustStats', failed!
INFO: Installing ArrayViews v0.4.4
INFO: Installing BinDeps v0.2.12
INFO: Installing Blocks v0.0.3
INFO: Installing Cairo v0.2.13
INFO: Installing Color v0.2.9
INFO: Installing DataArrays v0.1.9
INFO: Installing DataFrames v0.5.4
INFO: Installing Distributions v0.4.5
INFO: Installing GLM v0.3.2
INFO: Installing GZip v0.2.12
INFO: Installing IniFile v0.2.2
INFO: Installing NumericExtensions v0.6.2
INFO: Installing NumericFuns v0.2.3
INFO: Installing PDMats v0.1.2
INFO: Installing Reexport v0.0.1
INFO: Installing Rmath v0.0.0
INFO: Installing RobustStats v0.0.0
INFO: Installing SortingAlgorithms v0.0.1
INFO: Installing StatsBase v0.3.12
INFO: Installing Tk v0.2.11
INFO: Installing URIParser v0.0.2
INFO: Installing Winston v0.11.0
INFO: Building Cairo
INFO: Building Tk
INFO: Package database updated
ERROR: Stats not found
 in require at loading.jl:47
 in include at boot.jl:244
 in reload_path at loading.jl:152
 in _require at loading.jl:67
 in require at loading.jl:51
 in include at boot.jl:244
 in include_from_node1 at loading.jl:128
while loading /home/idunning/pkgtest/.julia/v0.3/RobustStats/src/RobustStats.jl, in expression starting on line 4
while loading /home/idunning/pkgtest/.julia/v0.3/.trash/RNGTest/testusing.jl, in expression starting on line 1
INFO: Package database updated
