>>> 'Pkg.add("RomanNumerals")' log
INFO: Installing Primes v0.2.0
INFO: Installing RomanNumerals v0.2.2
INFO: Package database updated
INFO: METADATA is out-of-date — you may not have the latest version of RomanNumerals
INFO: Use `Pkg.update()` to get the latest versions of your packages

>>> 'Pkg.test("RomanNumerals")' log
Julia Version 0.6.2
Commit d386e40c17 (2017-12-13 18:08 UTC)
Platform Info:
  OS: Linux (x86_64-pc-linux-gnu)
  CPU: Intel(R) Xeon(R) CPU E3-1241 v3 @ 3.50GHz
  WORD_SIZE: 64
           Ubuntu 14.04.5 LTS
  uname: Linux 3.13.0-135-generic #184-Ubuntu SMP Wed Oct 18 11:55:51 UTC 2017 x86_64 x86_64
Memory: 2.93927001953125 GB (782.30859375 MB free)
Uptime: 38685.0 sec
Load Avg:  0.9970703125  1.0068359375  0.97412109375
Intel(R) Xeon(R) CPU E3-1241 v3 @ 3.50GHz: 
       speed         user         nice          sys         idle          irq
#1  3499 MHz    2413821 s       2634 s     106879 s     735202 s         26 s
#2  3499 MHz     506082 s       3521 s      49445 s    3242478 s          0 s

  BLAS: libopenblas (USE64BITINT DYNAMIC_ARCH NO_AFFINITY Nehalem)
  LAPACK: libopenblas64_
  LIBM: libopenlibm
  LLVM: libLLVM-3.9.1 (ORCJIT, haswell)
Environment:
  TERM = vt100
  LD_LIBRARY_PATH = :/usr/local/lib/
  PATH = /usr/local/sbin:/usr/local/bin:/usr/sbin:/usr/bin:/sbin:/bin:/usr/games:/usr/local/games:/home/vagrant/julia/bin/
  JAVA_HOME = /usr/lib/jvm/java-8-openjdk-amd64
  HOME = /home/vagrant

Package Directory: /home/vagrant/.julia/v0.6
2 required packages:
 - JSON                          0.16.4
 - RomanNumerals                 0.2.2
3 additional packages:
 - Compat                        0.49.0
 - Nullables                     0.0.3
 - Primes                        0.2.0
INFO: Testing RomanNumerals
INFO: RomanNumerals tests passed

>>> End of log
