>>> 'Pkg.add("Roots")' log
INFO: Installing Calculus v0.2.2
INFO: Installing DiffBase v0.1.0
INFO: Installing ForwardDiff v0.4.2
INFO: Installing NaNMath v0.2.6
INFO: Installing Roots v0.4.1
INFO: Installing SpecialFunctions v0.2.0
INFO: Removing Cxx v0.1.1
INFO: Package database updated
INFO: METADATA is out-of-date — you may not have the latest version of Roots
INFO: Use `Pkg.update()` to get the latest versions of your packages

>>> 'Pkg.test("Roots")' log
Julia Version 0.5.2
Commit f4c6c9d (2017-05-06 16:34 UTC)
Platform Info:
  OS: Linux (x86_64-pc-linux-gnu)
  CPU: Intel(R) Xeon(R) CPU E3-1241 v3 @ 3.50GHz
  WORD_SIZE: 64
           Ubuntu 14.04.5 LTS
  uname: Linux 3.13.0-128-generic #177-Ubuntu SMP Tue Aug 8 11:40:23 UTC 2017 x86_64 x86_64
Memory: 2.9392738342285156 GB (1088.87109375 MB free)
Uptime: 37924.0 sec
Load Avg:  1.38330078125  1.8505859375  1.91015625
Intel(R) Xeon(R) CPU E3-1241 v3 @ 3.50GHz: 
       speed         user         nice          sys         idle          irq
#1  3500 MHz    2383788 s       6745 s     213202 s     748504 s         60 s
#2  3500 MHz     865644 s         51 s     100544 s    2723114 s          2 s

  BLAS: libopenblas (USE64BITINT DYNAMIC_ARCH NO_AFFINITY Nehalem)
  LAPACK: libopenblas64_
  LIBM: libopenlibm
  LLVM: libLLVM-3.7.1 (ORCJIT, haswell)
Environment:
  TERM = vt100
  LD_LIBRARY_PATH = :/usr/local/lib/
  PATH = /usr/local/sbin:/usr/local/bin:/usr/sbin:/usr/bin:/sbin:/bin:/usr/games:/usr/local/games:/home/vagrant/julia/bin/
  JAVA_HOME = /usr/lib/jvm/java-8-openjdk-amd64
  HOME = /home/vagrant

Package Directory: /home/vagrant/.julia/v0.5
2 required packages:
 - JSON                          0.13.0
 - Roots                         0.4.1
6 additional packages:
 - Calculus                      0.2.2
 - Compat                        0.31.0
 - DiffBase                      0.1.0
 - ForwardDiff                   0.4.2
 - NaNMath                       0.2.6
 - SpecialFunctions              0.2.0
INFO: Computing test dependencies for Roots...
INFO: No packages to install, update or remove
INFO: Testing Roots
INFO: Roots tests passed
INFO: No packages to install, update or remove

>>> End of log
