>>> 'Pkg.add("Roots")' log
INFO: Installing Polynomials v0.0.3
INFO: Installing PowerSeries v0.1.11
INFO: Installing Roots v0.1.9
INFO: Package database updated

>>> 'using Roots' log
Julia Version 0.3.4
Commit 3392026* (2014-12-26 10:42 UTC)
Platform Info:
  System: Linux (x86_64-unknown-linux-gnu)
  CPU: Intel(R) Xeon(R) CPU E5-2650 0 @ 2.00GHz
  WORD_SIZE: 64
  BLAS: libopenblas (USE64BITINT DYNAMIC_ARCH NO_AFFINITY Sandybridge)
  LAPACK: libopenblas
  LIBM: libopenlibm
  LLVM: libLLVM-3.3

>>> test log
INFO: Testing Roots
INFO: Roots tests passed
INFO: No packages to install, update or remove

>>> end of log
