>>> 'Pkg.add("SaferIntegers")' log
INFO: Cloning cache of SaferIntegers from https://github.com/JeffreySarnoff/SaferIntegers.jl.git
INFO: Installing SaferIntegers v0.0.2
INFO: Package database updated

>>> 'Pkg.test("SaferIntegers")' log
Julia Version 0.6.2
Commit d386e40c17 (2017-12-13 18:08 UTC)
Platform Info:
  OS: Linux (x86_64-pc-linux-gnu)
  CPU: Intel(R) Xeon(R) CPU E3-1241 v3 @ 3.50GHz
  WORD_SIZE: 64
           Ubuntu 14.04.5 LTS
  uname: Linux 3.13.0-135-generic #184-Ubuntu SMP Wed Oct 18 11:55:51 UTC 2017 x86_64 x86_64
Memory: 2.93927001953125 GB (1042.859375 MB free)
Uptime: 44089.0 sec
Load Avg:  0.62109375  0.2421875  0.3056640625
Intel(R) Xeon(R) CPU E3-1241 v3 @ 3.50GHz: 
       speed         user         nice          sys         idle          irq
#1  3499 MHz    2692574 s         94 s     131994 s     956377 s         29 s
#2  3499 MHz     703999 s       5822 s      63910 s    3548710 s          0 s

  BLAS: libopenblas (USE64BITINT DYNAMIC_ARCH NO_AFFINITY Nehalem)
  LAPACK: libopenblas64_
  LIBM: libopenlibm
  LLVM: libLLVM-3.9.1 (ORCJIT, haswell)
Environment:
  TERM = vt100
  LD_LIBRARY_PATH = :/usr/local/lib/
  PATH = /usr/local/sbin:/usr/local/bin:/usr/sbin:/usr/bin:/sbin:/bin:/usr/games:/usr/local/games:/home/vagrant/julia/bin/
  JAVA_HOME = /usr/lib/jvm/java-8-openjdk-amd64
  HOME = /home/vagrant

Package Directory: /home/vagrant/.julia/v0.6
2 required packages:
 - JSON                          0.16.4
 - SaferIntegers                 0.0.2
2 additional packages:
 - Compat                        0.52.0
 - Nullables                     0.0.3
INFO: Testing SaferIntegers
INFO: SaferIntegers tests passed

>>> End of log
