>>> 'Pkg.add("Sampling")' log
INFO: Cloning cache of Sampling from git://github.com/lindahua/Sampling.jl.git
INFO: Installing ArrayViews v0.4.6
INFO: Installing Sampling v0.0.8
INFO: Package database updated

>>> 'using Sampling' log
Julia Version 0.3.1-pre+26
Commit 91ba8a9 (2014-08-26 16:55 UTC)
Platform Info:
  System: Linux (x86_64-unknown-linux-gnu)
  CPU: Intel(R) Xeon(R) CPU E5-2650 0 @ 2.00GHz
  WORD_SIZE: 64
  BLAS: libopenblas (USE64BITINT DYNAMIC_ARCH NO_AFFINITY Sandybridge)
  LAPACK: libopenblas
  LIBM: libopenlibm
  LLVM: libLLVM-3.3

>>> test log
Run tests for Sampling:
 * categorical.jl ...
 * binomial.jl ...
 * poisson.jl ...
 * exponential.jl ...
 * gamma.jl ...

>>> end of log
