>>> 'Pkg.add("SauterSchwabQuadrature")' log
WARNING: Base.Pkg is deprecated, run `using Pkg` instead
 in module Main
[ Info: Cloning cache of CollisionDetection from https://github.com/krcools/CollisionDetection.jl.git
[ Info: Cloning cache of CompScienceMeshes from https://github.com/krcools/CompScienceMeshes.jl.git
[ Info: Cloning cache of SauterSchwabQuadrature from https://github.com/ga96tik/SauterSchwabQuadrature.jl.git
[ Info: Installing BinDeps v0.8.7
[ Info: Installing CollisionDetection v0.0.1
[ Info: Installing Combinatorics v0.5.0
[ Info: Installing CompScienceMeshes v0.1.1
[ Info: Installing FastGaussQuadrature v0.3.0
[ Info: Installing IterTools v0.2.1
[ Info: Installing Polynomials v0.2.1
[ Info: Installing Requires v0.4.3
[ Info: Installing SHA v0.5.6
[ Info: Installing SauterSchwabQuadrature v2.0.0
[ Info: Installing SpecialFunctions v0.3.8
[ Info: Installing StaticArrays v0.7.0
[ Info: Installing URIParser v0.3.1
[ Info: Building SpecialFunctions
WARNING: importing deprecated binding Base.Associative into BinDeps.
WARNING: Base.Associative is deprecated, use AbstractDict instead.
  likely near /home/vagrant/.julia/v0.7/SpecialFunctions/deps/binaries.jl:44
in @install at /home/vagrant/.julia/v0.7/BinDeps/src/dependencies.jl
[ Info: Package database updated
┌ Info: METADATA is out-of-date — you may not have the latest version of SauterSchwabQuadrature
└ Use `Pkg.update()` to get the latest versions of your packages

>>> 'Pkg.test("SauterSchwabQuadrature")' log
WARNING: Base.versioninfo is deprecated: it has been moved to the standard library package `InteractiveUtils`.
Add `using InteractiveUtils` to your imports.
 in module Main
WARNING: Base.versioninfo is deprecated: it has been moved to the standard library package `InteractiveUtils`.
Add `using InteractiveUtils` to your imports.
 in module Main
Julia Version 0.7.0-DEV.4475
Commit c1e7c93169 (2018-03-06 19:47 UTC)
Platform Info:
  OS: Linux (x86_64-pc-linux-gnu)
      Ubuntu 14.04.5 LTS
  uname: Linux 3.13.0-135-generic #184-Ubuntu SMP Wed Oct 18 11:55:51 UTC 2017 x86_64 x86_64
  CPU: Intel(R) Xeon(R) CPU E3-1241 v3 @ 3.50GHz: 
              speed         user         nice          sys         idle          irq
       #1  3500 MHz    2043906 s         98 s     115979 s     603951 s         21 s
       #2  3500 MHz     457554 s       6468 s      47684 s    2667062 s          0 s
       
  Memory: 2.93927001953125 GB (769.421875 MB free)
  Uptime: 32421.0 sec
  Load Avg:  1.03662109375  1.05322265625  1.04541015625
  WORD_SIZE: 64
  LIBM: libopenlibm
  LLVM: libLLVM-3.9.1 (ORCJIT, haswell)
Environment:
  TERM = vt100
  LD_LIBRARY_PATH = :/usr/local/lib/
  PATH = /usr/local/sbin:/usr/local/bin:/usr/sbin:/usr/bin:/sbin:/bin:/usr/games:/usr/local/games:/home/vagrant/julia/bin/
  JAVA_HOME = /usr/lib/jvm/java-8-openjdk-amd64
  HOME = /home/vagrant
Packages:
  Package Directory: /home/vagrant/.julia/v0.7
  Package Status:
2 required packages:
 - JSON                          0.17.1
 - SauterSchwabQuadrature        2.0.0
15 additional packages:
 - BinDeps                       0.8.7
 - CollisionDetection            0.0.1
 - Combinatorics                 0.5.0
 - CompScienceMeshes             0.1.1
 - Compat                        0.56.0
 - FastGaussQuadrature           0.3.0
 - IterTools                     0.2.1
 - Nullables                     0.0.4
 - Polynomials                   0.2.1
 - Requires                      0.4.3
 - SHA                           0.5.6
 - SpecialFunctions              0.3.8
 - StaticArrays                  0.7.0
 - URIParser                     0.3.1
 - tmp4YVuTH                     0.0.0-             non-repo (unregistered)
WARNING: Base.Pkg is deprecated, run `using Pkg` instead
 in module Main
[ Info: Testing SauterSchwabQuadrature
┌ Warning: Deprecated syntax `parametric method syntax legendre{T <: AbstractFloat}(n::Integer, a::T, b::T)` around /home/vagrant/.julia/v0.7/CompScienceMeshes/src/quadrature/SegmentGauss.jl:6.
│ Use `legendre(n::Integer, a::T, b::T) where T <: AbstractFloat` instead.
└ @ nothing SegmentGauss.jl:6
┌ Warning: The postfix .' syntax is deprecated. For vector v in v.', use transpose(v) instead. For matrix A in A.', use copy(transpose(A)) instead, unless A.' appears as an argument of *, / or \. In those cases, use transpose(A) instead. 
└ @ nothing none:0
┌ Warning: Deprecated syntax `type` at /home/vagrant/.julia/v0.7/CompScienceMeshes/src/mesh.jl:9.
│ Use `mutable struct` instead.
└ @ nothing mesh.jl:9
┌ Warning: Deprecated syntax `parametric method syntax fliporientation{N, T}(I::SVector{N, T})` around /home/vagrant/.julia/v0.7/CompScienceMeshes/src/mesh.jl:287.
│ Use `fliporientation(I::SVector{N, T}) where {N, T}` instead.
└ @ nothing mesh.jl:287
┌ Warning: Deprecated syntax `type` at /home/vagrant/.julia/v0.7/CompScienceMeshes/src/subdMesh.jl:3.
│ Use `mutable struct` instead.
└ @ nothing subdMesh.jl:3
┌ Warning: Deprecated syntax `type` at /home/vagrant/.julia/v0.7/CompScienceMeshes/src/subdMesh.jl:8.
│ Use `mutable struct` instead.
└ @ nothing subdMesh.jl:8
┌ Warning: Deprecated syntax `type` at /home/vagrant/.julia/v0.7/CompScienceMeshes/src/subdMesh.jl:15.
│ Use `mutable struct` instead.
└ @ nothing subdMesh.jl:15
┌ Warning: Deprecated syntax `type` at /home/vagrant/.julia/v0.7/CompScienceMeshes/src/subdMesh.jl:22.
│ Use `mutable struct` instead.
└ @ nothing subdMesh.jl:22
┌ Warning: Deprecated syntax `immutable` at /home/vagrant/.julia/v0.7/CompScienceMeshes/src/rectangle.jl:6.
│ Use `struct` instead.
└ @ nothing rectangle.jl:6
┌ Warning: Deprecated syntax `immutable` at /home/vagrant/.julia/v0.7/CompScienceMeshes/src/rectangle.jl:18.
│ Use `struct` instead.
└ @ nothing rectangle.jl:18
┌ Warning: Deprecated syntax `immutable` at /home/vagrant/.julia/v0.7/CompScienceMeshes/src/charts.jl:9.
│ Use `struct` instead.
└ @ nothing charts.jl:9
┌ Warning: Deprecated syntax `(vertices...)` at /home/vagrant/.julia/v0.7/CompScienceMeshes/src/charts.jl:115.
│ Use `(vertices...,)` instead.
└ @ nothing charts.jl:115
┌ Warning: Deprecated syntax `immutable` at /home/vagrant/.julia/v0.7/CompScienceMeshes/src/charts.jl:225.
│ Use `struct` instead.
└ @ nothing charts.jl:225
┌ Warning: Deprecated syntax `parametric method syntax coordtype{U, D, C, N, T}(::Type{Simplex{U, D, C, N, T}})` around /home/vagrant/.julia/v0.7/CompScienceMeshes/src/charts.jl:22.
│ Use `coordtype(#unused#::Type{Simplex{U, D, C, N, T}}) where {U, D, C, N, T}` instead.
└ @ nothing charts.jl:22
┌ Warning: Deprecated syntax `parametric method syntax volume{T}(x::Tuple{T, T})` around /home/vagrant/.julia/v0.7/CompScienceMeshes/src/charts.jl:37.
│ Use `volume(x::Tuple{T, T}) where T` instead.
└ @ nothing charts.jl:37
┌ Warning: Deprecated syntax `parametric method syntax dimension{U, D, C, N, T}(::Type{Simplex{U, D, C, N, T}})` around /home/vagrant/.julia/v0.7/CompScienceMeshes/src/charts.jl:45.
│ Use `dimension(#unused#::Type{Simplex{U, D, C, N, T}}) where {U, D, C, N, T}` instead.
└ @ nothing charts.jl:45
┌ Warning: Deprecated syntax `parametric method syntax universedimension{U, D, C, N, T}(::Type{Simplex{U, D, C, N, T}})` around /home/vagrant/.julia/v0.7/CompScienceMeshes/src/charts.jl:68.
│ Use `universedimension(#unused#::Type{Simplex{U, D, C, N, T}}) where {U, D, C, N, T}` instead.
└ @ nothing charts.jl:68
┌ Warning: Deprecated syntax `parametric method syntax simplex{D1, P}(vertices::SVector{D1, P})` around /home/vagrant/.julia/v0.7/CompScienceMeshes/src/charts.jl:99.
│ Use `simplex(vertices::SVector{D1, P}) where {D1, P}` instead.
└ @ nothing charts.jl:99
┌ Warning: Deprecated syntax `parametric method syntax simplex{D}(vertices, ::Type{Val{D}})` around /home/vagrant/.julia/v0.7/CompScienceMeshes/src/charts.jl:118.
│ Use `simplex(vertices, #unused#::Type{Val{D}}) where D` instead.
└ @ nothing charts.jl:118
┌ Warning: Deprecated syntax `parametric method syntax _normals{C}(tangents, ::Type{Val{C}})` around /home/vagrant/.julia/v0.7/CompScienceMeshes/src/charts.jl:163.
│ Use `_normals(tangents, #unused#::Type{Val{C}}) where C` instead.
└ @ nothing charts.jl:163
┌ Warning: Deprecated syntax `parametric method syntax carttobary{U, D, C, N, T}(p::Simplex{U, D, C, N, T}, cart)` around /home/vagrant/.julia/v0.7/CompScienceMeshes/src/charts.jl:203.
│ Use `carttobary(p::Simplex{U, D, C, N, T}, cart) where {U, D, C, N, T}` instead.
└ @ nothing charts.jl:203
┌ Warning: Deprecated syntax `parametric method syntax (::Type{ReferenceSimplex{D, T, N}}){D, T, N}()` around /home/vagrant/.julia/v0.7/CompScienceMeshes/src/charts.jl:233.
│ Use `(::Type{ReferenceSimplex{D, T, N}})() where {D, T, N}` instead.
└ @ nothing charts.jl:233
┌ Warning: Deprecated syntax `parametric method syntax domain{U, D, C, T, N}(ch::Simplex{U, D, C, N, T})` around /home/vagrant/.julia/v0.7/CompScienceMeshes/src/charts.jl:251.
│ Use `domain(ch::Simplex{U, D, C, N, T}) where {U, D, C, T, N}` instead.
└ @ nothing charts.jl:251
┌ Warning: Deprecated syntax `type` at /home/vagrant/.julia/v0.7/CompScienceMeshes/src/subd_chart.jl:2.
│ Use `mutable struct` instead.
└ @ nothing subd_chart.jl:2
┌ Warning: Deprecated syntax `immutable` at /home/vagrant/.julia/v0.7/CompScienceMeshes/src/sphere.jl:7.
│ Use `struct` instead.
└ @ nothing sphere.jl:7
┌ Warning: Deprecated syntax `immutable` at /home/vagrant/.julia/v0.7/CompScienceMeshes/src/sphere.jl:23.
│ Use `struct` instead.
└ @ nothing sphere.jl:23
┌ Warning: Deprecated syntax `immutable` at /home/vagrant/.julia/v0.7/CompScienceMeshes/src/sphere.jl:26.
│ Use `struct` instead.
└ @ nothing sphere.jl:26
┌ Warning: Deprecated syntax `parametric method syntax coordtype{P, T}(ch::Type{SphereChart{P, T}})` around /home/vagrant/.julia/v0.7/CompScienceMeshes/src/sphere.jl:14.
│ Use `coordtype(ch::Type{SphereChart{P, T}}) where {P, T}` instead.
└ @ nothing sphere.jl:14
┌ Warning: Deprecated syntax `parametric method syntax dimension{P, T}(p::Type{SphereChart{P, T}})` around /home/vagrant/.julia/v0.7/CompScienceMeshes/src/sphere.jl:17.
│ Use `dimension(p::Type{SphereChart{P, T}}) where {P, T}` instead.
└ @ nothing sphere.jl:17
┌ Warning: Deprecated syntax `parametric method syntax universedimension{P, T}(::Type{SphereChart{P, T}})` around /home/vagrant/.julia/v0.7/CompScienceMeshes/src/sphere.jl:20.
│ Use `universedimension(#unused#::Type{SphereChart{P, T}}) where {P, T}` instead.
└ @ nothing sphere.jl:20
┌ Warning: Deprecated syntax `parametric method syntax domain{P, T}(ch::SphereChart{P, T})` around /home/vagrant/.julia/v0.7/CompScienceMeshes/src/sphere.jl:24.
│ Use `domain(ch::SphereChart{P, T}) where {P, T}` instead.
└ @ nothing sphere.jl:24
WARNING: importing deprecated binding Base.cross into CompScienceMeshes.
┌ Warning: Deprecated syntax `parametric method syntax cross{T}(a::Pt{2, T}, b::Pt{2, T})` around /home/vagrant/.julia/v0.7/CompScienceMeshes/src/overlap.jl:2.
│ Use `cross(a::Pt{2, T}, b::Pt{2, T}) where T` instead.
└ @ nothing overlap.jl:2
WARNING: Base.cross is deprecated: it has been moved to the standard library package `LinearAlgebra`.
Add `using LinearAlgebra` to your imports.
  likely near /home/vagrant/.julia/v0.7/CompScienceMeshes/src/overlap.jl:2
┌ Warning: Deprecated syntax `parametric method syntax overlap{U, D, C, N, T}(p1::Simplex{U, D, C, N, T}, p2::Simplex{U, D, C, N, T})` around /home/vagrant/.julia/v0.7/CompScienceMeshes/src/overlap.jl:10.
│ Use `overlap(p1::Simplex{U, D, C, N, T}, p2::Simplex{U, D, C, N, T}) where {U, D, C, N, T}` instead.
└ @ nothing overlap.jl:10
┌ Warning: Deprecated syntax `parametric method syntax overlap{T, U, C}(p::Simplex{U, 0, C, 1, T}, q::Simplex{U, 0, C, 1, T})` around /home/vagrant/.julia/v0.7/CompScienceMeshes/src/overlap.jl:19.
│ Use `overlap(p::Simplex{U, 0, C, 1, T}, q::Simplex{U, 0, C, 1, T}) where {T, U, C}` instead.
└ @ nothing overlap.jl:19
┌ Warning: Deprecated syntax `parametric method syntax overlap{T, U, C}(p::Simplex{U, 1, C, 2, T}, q::Simplex{U, 1, C, 2, T})` around /home/vagrant/.julia/v0.7/CompScienceMeshes/src/overlap.jl:28.
│ Use `overlap(p::Simplex{U, 1, C, 2, T}, q::Simplex{U, 1, C, 2, T}) where {T, U, C}` instead.
└ @ nothing overlap.jl:28
┌ Warning: Deprecated syntax ``const` declaration on local variable` around /home/vagrant/.julia/v0.7/CompScienceMeshes/src/overlap.jl:28.
└ @ nothing overlap.jl:28
┌ Warning: Deprecated syntax `parametric method syntax overlap{T}(p::Simplex{3, 2, 1, 3, T}, q::Simplex{3, 2, 1, 3, T})` around /home/vagrant/.julia/v0.7/CompScienceMeshes/src/overlap.jl:60.
│ Use `overlap(p::Simplex{3, 2, 1, 3, T}, q::Simplex{3, 2, 1, 3, T}) where T` instead.
└ @ nothing overlap.jl:60
┌ Warning: Deprecated syntax ``const` declaration on local variable` around /home/vagrant/.julia/v0.7/CompScienceMeshes/src/overlap.jl:60.
└ @ nothing overlap.jl:60
┌ Warning: Deprecated syntax `parametric method syntax intersection{U, C, T}(p1::Simplex{U, 1, C, 2, T}, p2::Simplex{U, 1, C, 2, T})` around /home/vagrant/.julia/v0.7/CompScienceMeshes/src/intersect.jl:10.
│ Use `intersection(p1::Simplex{U, 1, C, 2, T}, p2::Simplex{U, 1, C, 2, T}) where {U, C, T}` instead.
└ @ nothing intersect.jl:10
┌ Warning: Deprecated syntax `parametric method syntax intersection{U, C}(p1::Simplex{U, 2, C, 3}, p2::Simplex{U, 2, C, 3})` around /home/vagrant/.julia/v0.7/CompScienceMeshes/src/intersect.jl:38.
│ Use `intersection(p1::Simplex{U, 2, C, 3}, p2::Simplex{U, 2, C, 3}) where {U, C}` instead.
└ @ nothing intersect.jl:38
┌ Warning: Deprecated syntax `immutable` at /home/vagrant/.julia/v0.7/CompScienceMeshes/src/neighborhood.jl:1.
│ Use `struct` instead.
└ @ nothing neighborhood.jl:1
┌ Warning: Deprecated syntax `parametric method syntax center{U, D, C, N, T}(p::Simplex{U, D, C, N, T})` around /home/vagrant/.julia/v0.7/CompScienceMeshes/src/neighborhood.jl:36.
│ Use `center(p::Simplex{U, D, C, N, T}) where {U, D, C, N, T}` instead.
└ @ nothing neighborhood.jl:36
┌ Warning: Deprecated syntax `type` at /home/vagrant/.julia/v0.7/CompScienceMeshes/src/subd_neighborhood.jl:2.
│ Use `mutable struct` instead.
└ @ nothing subd_neighborhood.jl:2
┌ Warning: Deprecated syntax `immutable` at /home/vagrant/.julia/v0.7/CompScienceMeshes/src/quadpoints.jl:1.
│ Use `struct` instead.
└ @ nothing quadpoints.jl:1
┌ Warning: Deprecated syntax `type` at /home/vagrant/.julia/v0.7/CollisionDetection/src/octree.jl:2.
│ Use `mutable struct` instead.
└ @ nothing octree.jl:2
┌ Warning: Deprecated syntax `type` at /home/vagrant/.julia/v0.7/CollisionDetection/src/octree.jl:13.
│ Use `mutable struct` instead.
└ @ nothing octree.jl:13
┌ Warning: Deprecated syntax `multiple line breaks between doc string and object` at /home/vagrant/.julia/v0.7/CollisionDetection/src/octree.jl:126.
│ Use `at most one line break` instead.
└ @ nothing octree.jl:126
┌ Warning: Deprecated syntax `type` at /home/vagrant/.julia/v0.7/CollisionDetection/src/octree.jl:384.
│ Use `mutable struct` instead.
└ @ nothing octree.jl:384
┌ Warning: Deprecated syntax `type` at /home/vagrant/.julia/v0.7/CollisionDetection/src/octree.jl:389.
│ Use `mutable struct` instead.
└ @ nothing octree.jl:389
┌ Warning: Deprecated syntax `parametric method syntax boundingbox{P}(v::Vector{P})` around /home/vagrant/.julia/v0.7/CollisionDetection/src/octree.jl:34.
│ Use `boundingbox(v::Vector{P}) where P` instead.
└ @ nothing octree.jl:34
┌ Warning: Deprecated syntax `parametric method syntax Octree{T}(points::Vector, radii::Vector{T}, expanding_ratio = 1, splitcount = 10, minhalfsize = zero(T))` around /home/vagrant/.julia/v0.7/CollisionDetection/src/octree.jl:73.
│ Use `Octree(points::Vector, radii::Vector{T}, expanding_ratio = 1, splitcount = 10, minhalfsize = zero(T)) where T` instead.
└ @ nothing octree.jl:73
┌ Warning: Deprecated syntax `parametric method syntax insert!{P, T}(tree, box, center::P, halfsize::T, point::P, radius::T, id)` around /home/vagrant/.julia/v0.7/CollisionDetection/src/octree.jl:240.
│ Use `insert!(tree, box, center::P, halfsize::T, point::P, radius::T, id) where {P, T}` instead.
└ @ nothing octree.jl:240
┌ Warning: Deprecated syntax `parametric method syntax boundingbox{U, D, C, N, T}(p::Simplex{U, D, C, N, T})` around /home/vagrant/.julia/v0.7/CompScienceMeshes/src/submesh.jl:69.
│ Use `boundingbox(p::Simplex{U, D, C, N, T}) where {U, D, C, N, T}` instead.
└ @ nothing submesh.jl:69
┌ Warning: Deprecated syntax `parametric method syntax boundingbox{N, T <: Number}(p::SVector{N, T})` around /home/vagrant/.julia/v0.7/CompScienceMeshes/src/submesh.jl:90.
│ Use `boundingbox(p::SVector{N, T}) where {N, T <: Number}` instead.
└ @ nothing submesh.jl:90
┌ Warning: Deprecated syntax `immutable` at /home/vagrant/.julia/v0.7/CompScienceMeshes/src/flipped.jl:1.
│ Use `struct` instead.
└ @ nothing flipped.jl:1
┌ Warning: Deprecated syntax `immutable` at /home/vagrant/.julia/v0.7/CompScienceMeshes/src/flipped.jl:9.
│ Use `struct` instead.
└ @ nothing flipped.jl:9
┌ Warning: Deprecated syntax `type` at /home/vagrant/.julia/v0.7/CompScienceMeshes/src/timeaxis.jl:4.
│ Use `mutable struct` instead.
└ @ nothing timeaxis.jl:4
┌ Warning: Deprecated syntax `parametric method syntax meshsegment{T <: Real}(L::T, delta::T, udim = 2)` around /home/vagrant/.julia/v0.7/CompScienceMeshes/src/primitives.jl:5.
│ Use `meshsegment(L::T, delta::T, udim = 2) where T <: Real` instead.
└ @ nothing primitives.jl:5
┌ Warning: Deprecated syntax `parametric method syntax meshcircle{T <: Real}(radius::T, delta::T, udim = 2)` around /home/vagrant/.julia/v0.7/CompScienceMeshes/src/primitives.jl:29.
│ Use `meshcircle(radius::T, delta::T, udim = 2) where T <: Real` instead.
└ @ nothing primitives.jl:29
┌ Warning: Deprecated syntax `parametric method syntax meshrectangle{T}(width::T, height::T, delta::T, udim = 3)` around /home/vagrant/.julia/v0.7/CompScienceMeshes/src/primitives.jl:69.
│ Use `meshrectangle(width::T, height::T, delta::T, udim = 3) where T` instead.
└ @ nothing primitives.jl:69
┌ Warning: Deprecated syntax `parametric method syntax barycentric_refinement{U}(mesh::Mesh{U, 2})` around /home/vagrant/.julia/v0.7/CompScienceMeshes/src/baryref.jl:13.
│ Use `barycentric_refinement(mesh::Mesh{U, 2}) where U` instead.
└ @ nothing baryref.jl:13
┌ Warning: Deprecated syntax `parametric method syntax barycentric_refinement{U}(mesh::Mesh{U, 3})` around /home/vagrant/.julia/v0.7/CompScienceMeshes/src/baryref.jl:59.
│ Use `barycentric_refinement(mesh::Mesh{U, 3}) where U` instead.
└ @ nothing baryref.jl:59
┌ Warning: Deprecated syntax `parametric method syntax bisecting_refinement{U}(mesh::Mesh{U, 3})` around /home/vagrant/.julia/v0.7/CompScienceMeshes/src/baryref.jl:118.
│ Use `bisecting_refinement(mesh::Mesh{U, 3}) where U` instead.
└ @ nothing baryref.jl:118
┌ Warning: Deprecated syntax `multiple line breaks between doc string and object` at /home/vagrant/.julia/v0.7/CompScienceMeshes/src/subdivision.jl:10.
│ Use `at most one line break` instead.
└ @ nothing subdivision.jl:10
┌ Warning: Deprecated syntax `parametric method syntax Loop_subdivision{U}(mesh::Mesh{U, 3})` around /home/vagrant/.julia/v0.7/CompScienceMeshes/src/subdivision.jl:12.
│ Use `Loop_subdivision(mesh::Mesh{U, 3}) where U` instead.
└ @ nothing subdivision.jl:12
┌ Warning: Deprecated syntax `parametric method syntax map_ids{N, T}(c::SVector{N, T}, idmap)` around /home/vagrant/.julia/v0.7/CompScienceMeshes/src/weld.jl:74.
│ Use `map_ids(c::SVector{N, T}, idmap) where {N, T}` instead.
└ @ nothing weld.jl:74
┌ Warning: `current_module()` is deprecated, use `@__MODULE__` instead.
│   caller = @require(::LineNumberNode, ::Module, ::Any, ::Any) at require.jl:51
└ @ Requires require.jl:51
WARNING: importing deprecated binding Base.STDERR into Requires.
WARNING: Base.STDERR is deprecated, use stderr instead.
  likely near /home/vagrant/.julia/v0.7/CompScienceMeshes/src/plotlyjs_glue.jl:52
in err at /home/vagrant/.julia/v0.7/Requires/src/require.jl
WARNING: Base.STDERR is deprecated, use stderr instead.
  likely near /home/vagrant/.julia/v0.7/CompScienceMeshes/src/plotlyjs_glue.jl:52
in err at /home/vagrant/.julia/v0.7/Requires/src/require.jl
WARNING: importing deprecated binding Base.Pkg into SauterSchwabQuadrature.
WARNING: Base.Pkg is deprecated, run `using Pkg` instead
  likely near /home/vagrant/.julia/v0.7/SauterSchwabQuadrature/src/sauterschwabintegral.jl:4
WARNING: Base.Test is deprecated, run `using Test` instead
  likely near /home/vagrant/.julia/v0.7/SauterSchwabQuadrature/test/runtests.jl:2
WARNING: Base.Test is deprecated, run `using Test` instead
  likely near /home/vagrant/.julia/v0.7/SauterSchwabQuadrature/test/test_ce_np_verification.jl:2
WARNING: importing deprecated binding Base.det into CompScienceMeshes.
WARNING: Base.det is deprecated: it has been moved to the standard library package `LinearAlgebra`.
Add `using LinearAlgebra` to your imports.
  likely near /home/vagrant/.julia/v0.7/SauterSchwabQuadrature/test/test_ce_np_verification.jl:16
WARNING: importing deprecated binding Base.norm into CompScienceMeshes.
WARNING: Base.norm is deprecated: it has been moved to the standard library package `LinearAlgebra`.
Add `using LinearAlgebra` to your imports.
  likely near /home/vagrant/.julia/v0.7/SauterSchwabQuadrature/test/test_ce_np_verification.jl:16
WARNING: importing deprecated binding Base.dot into CompScienceMeshes.
WARNING: Base.dot is deprecated: it has been moved to the standard library package `LinearAlgebra`.
Add `using LinearAlgebra` to your imports.
  likely near /home/vagrant/.julia/v0.7/SauterSchwabQuadrature/test/test_ce_np_verification.jl:16
WARNING: Base.dot is deprecated: it has been moved to the standard library package `LinearAlgebra`.
Add `using LinearAlgebra` to your imports.
  likely near /home/vagrant/.julia/v0.7/SauterSchwabQuadrature/test/test_ce_np_verification.jl:16
WARNING: Base.det is deprecated: it has been moved to the standard library package `LinearAlgebra`.
Add `using LinearAlgebra` to your imports.
  likely near /home/vagrant/.julia/v0.7/SauterSchwabQuadrature/test/test_ce_np_verification.jl:16
WARNING: Base.det is deprecated: it has been moved to the standard library package `LinearAlgebra`.
Add `using LinearAlgebra` to your imports.
  likely near /home/vagrant/.julia/v0.7/SauterSchwabQuadrature/test/test_ce_np_verification.jl:16
WARNING: Base.norm is deprecated: it has been moved to the standard library package `LinearAlgebra`.
Add `using LinearAlgebra` to your imports.
  likely near /home/vagrant/.julia/v0.7/SauterSchwabQuadrature/test/test_ce_np_verification.jl:16
WARNING: Base.norm is deprecated: it has been moved to the standard library package `LinearAlgebra`.
Add `using LinearAlgebra` to your imports.
  likely near /home/vagrant/.julia/v0.7/SauterSchwabQuadrature/test/test_ce_np_verification.jl:16
WARNING: Base.dot is deprecated: it has been moved to the standard library package `LinearAlgebra`.
Add `using LinearAlgebra` to your imports.
  likely near /home/vagrant/.julia/v0.7/SauterSchwabQuadrature/test/test_ce_np_verification.jl:16
WARNING: Base.dot is deprecated: it has been moved to the standard library package `LinearAlgebra`.
Add `using LinearAlgebra` to your imports.
  likely near /home/vagrant/.julia/v0.7/SauterSchwabQuadrature/test/test_ce_np_verification.jl:16
WARNING: Base.det is deprecated: it has been moved to the standard library package `LinearAlgebra`.
Add `using LinearAlgebra` to your imports.
  likely near /home/vagrant/.julia/v0.7/SauterSchwabQuadrature/test/test_ce_np_verification.jl:16
WARNING: Base.det is deprecated: it has been moved to the standard library package `LinearAlgebra`.
Add `using LinearAlgebra` to your imports.
  likely near /home/vagrant/.julia/v0.7/SauterSchwabQuadrature/test/test_ce_np_verification.jl:16
in _normals at /home/vagrant/.julia/v0.7/CompScienceMeshes/src/charts.jl
WARNING: Base.det is deprecated: it has been moved to the standard library package `LinearAlgebra`.
Add `using LinearAlgebra` to your imports.
  likely near /home/vagrant/.julia/v0.7/SauterSchwabQuadrature/test/test_ce_np_verification.jl:16
in _normals at /home/vagrant/.julia/v0.7/CompScienceMeshes/src/charts.jl
┌ Warning: `Array{T}(m::Int, n::Int) where T` is deprecated, use `Array{T}(uninitialized, m, n)` instead.
│   caller = _normals(::StaticArrays.SArray{Tuple{2},StaticArrays.SArray{Tuple{3},Float64,1,3},1,2}, ::Type{Val{1}}) at charts.jl:134
└ @ CompScienceMeshes charts.jl:134
┌ Warning: `sub2ind(dims::DimsInteger, I::Integer...)` is deprecated, use `(LinearIndices(dims))[I...]` instead.
│   caller = broadcasted_index(::Tuple{Int64}, ::Array{Int64,1}) at broadcast.jl:92
└ @ StaticArrays broadcast.jl:92
WARNING: Base.norm is deprecated: it has been moved to the standard library package `LinearAlgebra`.
Add `using LinearAlgebra` to your imports.
  likely near /home/vagrant/.julia/v0.7/SauterSchwabQuadrature/test/test_ce_np_verification.jl:22
WARNING: Base.norm is deprecated: it has been moved to the standard library package `LinearAlgebra`.
Add `using LinearAlgebra` to your imports.
  likely near /home/vagrant/.julia/v0.7/SauterSchwabQuadrature/test/test_ce_np_verification.jl:22
WARNING: Base.norm is deprecated: it has been moved to the standard library package `LinearAlgebra`.
Add `using LinearAlgebra` to your imports.
  likely near /home/vagrant/.julia/v0.7/SauterSchwabQuadrature/test/test_ce_np_verification.jl:22
WARNING: Base.norm is deprecated: it has been moved to the standard library package `LinearAlgebra`.
Add `using LinearAlgebra` to your imports.
  likely near /home/vagrant/.julia/v0.7/SauterSchwabQuadrature/test/test_ce_np_verification.jl:22
WARNING: Base.norm is deprecated: it has been moved to the standard library package `LinearAlgebra`.
Add `using LinearAlgebra` to your imports.
  likely near /home/vagrant/.julia/v0.7/SauterSchwabQuadrature/test/test_ce_np_verification.jl:22
WARNING: Base.norm is deprecated: it has been moved to the standard library package `LinearAlgebra`.
Add `using LinearAlgebra` to your imports.
  likely near /home/vagrant/.julia/v0.7/SauterSchwabQuadrature/test/test_ce_np_verification.jl:22
WARNING: Base.dot is deprecated: it has been moved to the standard library package `LinearAlgebra`.
Add `using LinearAlgebra` to your imports.
  likely near /home/vagrant/.julia/v0.7/SauterSchwabQuadrature/test/test_ce_np_verification.jl:22
WARNING: Base.dot is deprecated: it has been moved to the standard library package `LinearAlgebra`.
Add `using LinearAlgebra` to your imports.
  likely near /home/vagrant/.julia/v0.7/SauterSchwabQuadrature/test/test_ce_np_verification.jl:22
WARNING: Base.det is deprecated: it has been moved to the standard library package `LinearAlgebra`.
Add `using LinearAlgebra` to your imports.
  likely near /home/vagrant/.julia/v0.7/SauterSchwabQuadrature/test/test_ce_np_verification.jl:22
WARNING: Base.dot is deprecated: it has been moved to the standard library package `LinearAlgebra`.
Add `using LinearAlgebra` to your imports.
  likely near /home/vagrant/.julia/v0.7/SauterSchwabQuadrature/test/test_ce_np_verification.jl:22
WARNING: Base.dot is deprecated: it has been moved to the standard library package `LinearAlgebra`.
Add `using LinearAlgebra` to your imports.
  likely near /home/vagrant/.julia/v0.7/SauterSchwabQuadrature/test/test_ce_np_verification.jl:22
WARNING: Base.det is deprecated: it has been moved to the standard library package `LinearAlgebra`.
Add `using LinearAlgebra` to your imports.
  likely near /home/vagrant/.julia/v0.7/SauterSchwabQuadrature/test/test_ce_np_verification.jl:22
WARNING: Base.det is deprecated: it has been moved to the standard library package `LinearAlgebra`.
Add `using LinearAlgebra` to your imports.
  likely near /home/vagrant/.julia/v0.7/SauterSchwabQuadrature/test/test_ce_np_verification.jl:22
in _normals at /home/vagrant/.julia/v0.7/CompScienceMeshes/src/charts.jl
WARNING: Base.dot is deprecated: it has been moved to the standard library package `LinearAlgebra`.
Add `using LinearAlgebra` to your imports.
  likely near /home/vagrant/.julia/v0.7/SauterSchwabQuadrature/test/test_ce_np_verification.jl:22
WARNING: Base.dot is deprecated: it has been moved to the standard library package `LinearAlgebra`.
Add `using LinearAlgebra` to your imports.
  likely near /home/vagrant/.julia/v0.7/SauterSchwabQuadrature/test/test_ce_np_verification.jl:22
WARNING: Base.det is deprecated: it has been moved to the standard library package `LinearAlgebra`.
Add `using LinearAlgebra` to your imports.
  likely near /home/vagrant/.julia/v0.7/SauterSchwabQuadrature/test/test_ce_np_verification.jl:22
WARNING: Base.dot is deprecated: it has been moved to the standard library package `LinearAlgebra`.
Add `using LinearAlgebra` to your imports.
  likely near /home/vagrant/.julia/v0.7/SauterSchwabQuadrature/test/test_ce_np_verification.jl:22
WARNING: Base.dot is deprecated: it has been moved to the standard library package `LinearAlgebra`.
Add `using LinearAlgebra` to your imports.
  likely near /home/vagrant/.julia/v0.7/SauterSchwabQuadrature/test/test_ce_np_verification.jl:22
WARNING: Base.det is deprecated: it has been moved to the standard library package `LinearAlgebra`.
Add `using LinearAlgebra` to your imports.
  likely near /home/vagrant/.julia/v0.7/SauterSchwabQuadrature/test/test_ce_np_verification.jl:22
WARNING: importing deprecated binding Base.scale! into FastGaussQuadrature.
WARNING: Base.scale! is deprecated: it has been moved to the standard library package `LinearAlgebra`.
Add `using LinearAlgebra` to your imports.
  likely near /home/vagrant/.julia/v0.7/SauterSchwabQuadrature/test/test_ce_np_verification.jl:22
WARNING: Base.scale! is deprecated: it has been moved to the standard library package `LinearAlgebra`.
Add `using LinearAlgebra` to your imports.
  likely near /home/vagrant/.julia/v0.7/SauterSchwabQuadrature/test/test_ce_np_verification.jl:22
WARNING: Base.det is deprecated: it has been moved to the standard library package `LinearAlgebra`.
Add `using LinearAlgebra` to your imports.
  likely near /home/vagrant/.julia/v0.7/SauterSchwabQuadrature/test/test_ce_np_verification.jl:22
in _normals at /home/vagrant/.julia/v0.7/CompScienceMeshes/src/charts.jl
WARNING: Base.scale! is deprecated: it has been moved to the standard library package `LinearAlgebra`.
Add `using LinearAlgebra` to your imports.
  likely near /home/vagrant/.julia/v0.7/SauterSchwabQuadrature/test/test_ce_np_verification.jl:22
in rec at /home/vagrant/.julia/v0.7/FastGaussQuadrature/src/gausslegendre.jl
WARNING: Base.scale! is deprecated: it has been moved to the standard library package `LinearAlgebra`.
Add `using LinearAlgebra` to your imports.
  likely near /home/vagrant/.julia/v0.7/SauterSchwabQuadrature/test/test_ce_np_verification.jl:22
in gausslegendre at /home/vagrant/.julia/v0.7/FastGaussQuadrature/src/gausslegendre.jl
┌ Warning: `Array{T}(m::Int) where T` is deprecated, use `Array{T}(uninitialized, m)` instead.
│   caller = besselZeroRoots(::Int64) at gausslegendre.jl:245
└ @ FastGaussQuadrature gausslegendre.jl:245
┌ Warning: `scale!(A::AbstractArray, b::Number)` is deprecated, use `rmul!(A, b)` instead.
│   caller = asy at gausslegendre.jl:39 [inlined]
└ @ Core gausslegendre.jl:39
┌ Warning: `Array{T}(m::Int) where T` is deprecated, use `Array{T}(uninitialized, m)` instead.
│   caller = legpts_weights(::Int64, ::Int64, ::Array{Float64,1}) at gausslegendre.jl:112
└ @ FastGaussQuadrature gausslegendre.jl:112
┌ Warning: `Array{T}(m::Int) where T` is deprecated, use `Array{T}(uninitialized, m)` instead.
│   caller = besselJ1(::Int64) at gausslegendre.jl:284
└ @ FastGaussQuadrature gausslegendre.jl:284
┌ Warning: `Array{T}(m::Int) where T` is deprecated, use `Array{T}(uninitialized, m)` instead.
│   caller = innerRec at gausslegendre.jl:212 [inlined]
└ @ Core gausslegendre.jl:212
┌ Warning: `Array{T}(m::Int) where T` is deprecated, use `Array{T}(uninitialized, m)` instead.
│   caller = innerRec at gausslegendre.jl:213 [inlined]
└ @ Core gausslegendre.jl:213
┌ Warning: `Array{T}(m::Int) where T` is deprecated, use `Array{T}(uninitialized, m)` instead.
│   caller = innerRec at gausslegendre.jl:212 [inlined]
└ @ Core gausslegendre.jl:212
┌ Warning: `Array{T}(m::Int) where T` is deprecated, use `Array{T}(uninitialized, m)` instead.
│   caller = innerRec at gausslegendre.jl:213 [inlined]
└ @ Core gausslegendre.jl:213
┌ Warning: `a::AbstractArray + b::Number` is deprecated, use `broadcast(+, a, b)` instead.
│   caller = legendre at SegmentGauss.jl:9 [inlined]
└ @ Core SegmentGauss.jl:9
┌ Warning: `a::AbstractArray + b::Number` is deprecated, use `broadcast(+, a, b)` instead.
│   caller = legendre at SegmentGauss.jl:9 [inlined]
└ @ Core SegmentGauss.jl:9
WARNING: Base.norm is deprecated: it has been moved to the standard library package `LinearAlgebra`.
Add `using LinearAlgebra` to your imports.
  likely near /home/vagrant/.julia/v0.7/SauterSchwabQuadrature/test/test_ce_np_verification.jl:25
WARNING: Base.Test is deprecated, run `using Test` instead
  likely near /home/vagrant/.julia/v0.7/SauterSchwabQuadrature/test/test_cf_np_verification.jl:2
WARNING: Method definition k(Any, Any, Any) in module Main at /home/vagrant/.julia/v0.7/SauterSchwabQuadrature/test/parameterization.jl:3 overwritten at /home/vagrant/.julia/v0.7/SauterSchwabQuadrature/test/parameterization.jl:3.
WARNING: Method definition verifintegral1(CompScienceMeshes.Simplex{3, 2, 1, 3, Float64}, CompScienceMeshes.Simplex{3, 2, 1, 3, Float64}, Any, Int64) in module Main at /home/vagrant/.julia/v0.7/SauterSchwabQuadrature/test/verificationintegral.jl:6 overwritten at /home/vagrant/.julia/v0.7/SauterSchwabQuadrature/test/verificationintegral.jl:6.
WARNING: Method definition verifintegral2(CompScienceMeshes.Simplex{3, 2, 1, 3, Float64}, CompScienceMeshes.Simplex{3, 2, 1, 3, Float64}, Any, Int64) in module Main at /home/vagrant/.julia/v0.7/SauterSchwabQuadrature/test/verificationintegral.jl:30 overwritten at /home/vagrant/.julia/v0.7/SauterSchwabQuadrature/test/verificationintegral.jl:30.
WARNING: Method definition integrand(Any, Any) in module Main at /home/vagrant/.julia/v0.7/SauterSchwabQuadrature/test/test_ce_np_verification.jl:13 overwritten at /home/vagrant/.julia/v0.7/SauterSchwabQuadrature/test/test_cf_np_verification.jl:13.
WARNING: Base.norm is deprecated: it has been moved to the standard library package `LinearAlgebra`.
Add `using LinearAlgebra` to your imports.
  likely near /home/vagrant/.julia/v0.7/SauterSchwabQuadrature/test/test_cf_np_verification.jl:19
WARNING: Base.norm is deprecated: it has been moved to the standard library package `LinearAlgebra`.
Add `using LinearAlgebra` to your imports.
  likely near /home/vagrant/.julia/v0.7/SauterSchwabQuadrature/test/test_cf_np_verification.jl:19
WARNING: Base.norm is deprecated: it has been moved to the standard library package `LinearAlgebra`.
Add `using LinearAlgebra` to your imports.
  likely near /home/vagrant/.julia/v0.7/SauterSchwabQuadrature/test/test_cf_np_verification.jl:19
WARNING: Base.norm is deprecated: it has been moved to the standard library package `LinearAlgebra`.
Add `using LinearAlgebra` to your imports.
  likely near /home/vagrant/.julia/v0.7/SauterSchwabQuadrature/test/test_cf_np_verification.jl:19
WARNING: Base.norm is deprecated: it has been moved to the standard library package `LinearAlgebra`.
Add `using LinearAlgebra` to your imports.
  likely near /home/vagrant/.julia/v0.7/SauterSchwabQuadrature/test/test_cf_np_verification.jl:19
WARNING: Base.norm is deprecated: it has been moved to the standard library package `LinearAlgebra`.
Add `using LinearAlgebra` to your imports.
  likely near /home/vagrant/.julia/v0.7/SauterSchwabQuadrature/test/test_cf_np_verification.jl:19
WARNING: Base.norm is deprecated: it has been moved to the standard library package `LinearAlgebra`.
Add `using LinearAlgebra` to your imports.
  likely near /home/vagrant/.julia/v0.7/SauterSchwabQuadrature/test/test_cf_np_verification.jl:22
WARNING: Base.Test is deprecated, run `using Test` instead
  likely near /home/vagrant/.julia/v0.7/SauterSchwabQuadrature/test/test_cv_np_verification.jl:2
WARNING: Method definition k(Any, Any, Any) in module Main at /home/vagrant/.julia/v0.7/SauterSchwabQuadrature/test/parameterization.jl:3 overwritten at /home/vagrant/.julia/v0.7/SauterSchwabQuadrature/test/parameterization.jl:3.
WARNING: Method definition verifintegral1(CompScienceMeshes.Simplex{3, 2, 1, 3, Float64}, CompScienceMeshes.Simplex{3, 2, 1, 3, Float64}, Any, Int64) in module Main at /home/vagrant/.julia/v0.7/SauterSchwabQuadrature/test/verificationintegral.jl:6 overwritten at /home/vagrant/.julia/v0.7/SauterSchwabQuadrature/test/verificationintegral.jl:6.
WARNING: Method definition verifintegral2(CompScienceMeshes.Simplex{3, 2, 1, 3, Float64}, CompScienceMeshes.Simplex{3, 2, 1, 3, Float64}, Any, Int64) in module Main at /home/vagrant/.julia/v0.7/SauterSchwabQuadrature/test/verificationintegral.jl:30 overwritten at /home/vagrant/.julia/v0.7/SauterSchwabQuadrature/test/verificationintegral.jl:30.
WARNING: Method definition integrand(Any, Any) in module Main at /home/vagrant/.julia/v0.7/SauterSchwabQuadrature/test/test_cf_np_verification.jl:13 overwritten at /home/vagrant/.julia/v0.7/SauterSchwabQuadrature/test/test_cv_np_verification.jl:14.
WARNING: Base.norm is deprecated: it has been moved to the standard library package `LinearAlgebra`.
Add `using LinearAlgebra` to your imports.
  likely near /home/vagrant/.julia/v0.7/SauterSchwabQuadrature/test/test_cv_np_verification.jl:23
WARNING: Base.norm is deprecated: it has been moved to the standard library package `LinearAlgebra`.
Add `using LinearAlgebra` to your imports.
  likely near /home/vagrant/.julia/v0.7/SauterSchwabQuadrature/test/test_cv_np_verification.jl:23
WARNING: Base.norm is deprecated: it has been moved to the standard library package `LinearAlgebra`.
Add `using LinearAlgebra` to your imports.
  likely near /home/vagrant/.julia/v0.7/SauterSchwabQuadrature/test/test_cv_np_verification.jl:23
WARNING: Base.norm is deprecated: it has been moved to the standard library package `LinearAlgebra`.
Add `using LinearAlgebra` to your imports.
  likely near /home/vagrant/.julia/v0.7/SauterSchwabQuadrature/test/test_cv_np_verification.jl:23
WARNING: Base.norm is deprecated: it has been moved to the standard library package `LinearAlgebra`.
Add `using LinearAlgebra` to your imports.
  likely near /home/vagrant/.julia/v0.7/SauterSchwabQuadrature/test/test_cv_np_verification.jl:23
WARNING: Base.norm is deprecated: it has been moved to the standard library package `LinearAlgebra`.
Add `using LinearAlgebra` to your imports.
  likely near /home/vagrant/.julia/v0.7/SauterSchwabQuadrature/test/test_cv_np_verification.jl:23
WARNING: Base.norm is deprecated: it has been moved to the standard library package `LinearAlgebra`.
Add `using LinearAlgebra` to your imports.
  likely near /home/vagrant/.julia/v0.7/SauterSchwabQuadrature/test/test_cv_np_verification.jl:26
WARNING: Base.Test is deprecated, run `using Test` instead
  likely near /home/vagrant/.julia/v0.7/SauterSchwabQuadrature/test/test_cf_p_verification.jl:2
WARNING: Method definition k(Any, Any, Any) in module Main at /home/vagrant/.julia/v0.7/SauterSchwabQuadrature/test/parameterization.jl:3 overwritten at /home/vagrant/.julia/v0.7/SauterSchwabQuadrature/test/parameterization.jl:3.
WARNING: Method definition verifintegral1(CompScienceMeshes.Simplex{3, 2, 1, 3, Float64}, CompScienceMeshes.Simplex{3, 2, 1, 3, Float64}, Any, Int64) in module Main at /home/vagrant/.julia/v0.7/SauterSchwabQuadrature/test/verificationintegral.jl:6 overwritten at /home/vagrant/.julia/v0.7/SauterSchwabQuadrature/test/verificationintegral.jl:6.
WARNING: Method definition verifintegral2(CompScienceMeshes.Simplex{3, 2, 1, 3, Float64}, CompScienceMeshes.Simplex{3, 2, 1, 3, Float64}, Any, Int64) in module Main at /home/vagrant/.julia/v0.7/SauterSchwabQuadrature/test/verificationintegral.jl:30 overwritten at /home/vagrant/.julia/v0.7/SauterSchwabQuadrature/test/verificationintegral.jl:30.
WARNING: Method definition integrand(Any, Any) in module Main at /home/vagrant/.julia/v0.7/SauterSchwabQuadrature/test/test_cv_np_verification.jl:14 overwritten at /home/vagrant/.julia/v0.7/SauterSchwabQuadrature/test/test_cf_p_verification.jl:17.
WARNING: Base.norm is deprecated: it has been moved to the standard library package `LinearAlgebra`.
Add `using LinearAlgebra` to your imports.
  likely near /home/vagrant/.julia/v0.7/SauterSchwabQuadrature/test/test_cf_p_verification.jl:30
WARNING: Base.norm is deprecated: it has been moved to the standard library package `LinearAlgebra`.
Add `using LinearAlgebra` to your imports.
  likely near /home/vagrant/.julia/v0.7/SauterSchwabQuadrature/test/test_cf_p_verification.jl:30
WARNING: Base.norm is deprecated: it has been moved to the standard library package `LinearAlgebra`.
Add `using LinearAlgebra` to your imports.
  likely near /home/vagrant/.julia/v0.7/SauterSchwabQuadrature/test/test_cf_p_verification.jl:30
WARNING: Base.norm is deprecated: it has been moved to the standard library package `LinearAlgebra`.
Add `using LinearAlgebra` to your imports.
  likely near /home/vagrant/.julia/v0.7/SauterSchwabQuadrature/test/test_cf_p_verification.jl:30
WARNING: Base.norm is deprecated: it has been moved to the standard library package `LinearAlgebra`.
Add `using LinearAlgebra` to your imports.
  likely near /home/vagrant/.julia/v0.7/SauterSchwabQuadrature/test/test_cf_p_verification.jl:30
WARNING: Base.norm is deprecated: it has been moved to the standard library package `LinearAlgebra`.
Add `using LinearAlgebra` to your imports.
  likely near /home/vagrant/.julia/v0.7/SauterSchwabQuadrature/test/test_cf_p_verification.jl:30
WARNING: Base.norm is deprecated: it has been moved to the standard library package `LinearAlgebra`.
Add `using LinearAlgebra` to your imports.
  likely near /home/vagrant/.julia/v0.7/SauterSchwabQuadrature/test/test_cf_p_verification.jl:30
WARNING: Base.norm is deprecated: it has been moved to the standard library package `LinearAlgebra`.
Add `using LinearAlgebra` to your imports.
  likely near /home/vagrant/.julia/v0.7/SauterSchwabQuadrature/test/test_cf_p_verification.jl:30
WARNING: Base.norm is deprecated: it has been moved to the standard library package `LinearAlgebra`.
Add `using LinearAlgebra` to your imports.
  likely near /home/vagrant/.julia/v0.7/SauterSchwabQuadrature/test/test_cf_p_verification.jl:30
WARNING: Base.norm is deprecated: it has been moved to the standard library package `LinearAlgebra`.
Add `using LinearAlgebra` to your imports.
  likely near /home/vagrant/.julia/v0.7/SauterSchwabQuadrature/test/test_cf_p_verification.jl:30
WARNING: Base.norm is deprecated: it has been moved to the standard library package `LinearAlgebra`.
Add `using LinearAlgebra` to your imports.
  likely near /home/vagrant/.julia/v0.7/SauterSchwabQuadrature/test/test_cf_p_verification.jl:30
WARNING: Base.norm is deprecated: it has been moved to the standard library package `LinearAlgebra`.
Add `using LinearAlgebra` to your imports.
  likely near /home/vagrant/.julia/v0.7/SauterSchwabQuadrature/test/test_cf_p_verification.jl:30
WARNING: Base.norm is deprecated: it has been moved to the standard library package `LinearAlgebra`.
Add `using LinearAlgebra` to your imports.
  likely near /home/vagrant/.julia/v0.7/SauterSchwabQuadrature/test/test_cf_p_verification.jl:30
WARNING: Base.norm is deprecated: it has been moved to the standard library package `LinearAlgebra`.
Add `using LinearAlgebra` to your imports.
  likely near /home/vagrant/.julia/v0.7/SauterSchwabQuadrature/test/test_cf_p_verification.jl:30
WARNING: Base.norm is deprecated: it has been moved to the standard library package `LinearAlgebra`.
Add `using LinearAlgebra` to your imports.
  likely near /home/vagrant/.julia/v0.7/SauterSchwabQuadrature/test/test_cf_p_verification.jl:33
WARNING: Base.Test is deprecated, run `using Test` instead
  likely near /home/vagrant/.julia/v0.7/SauterSchwabQuadrature/test/test_ce_p_verification.jl:2
WARNING: Method definition k(Any, Any, Any) in module Main at /home/vagrant/.julia/v0.7/SauterSchwabQuadrature/test/parameterization.jl:3 overwritten at /home/vagrant/.julia/v0.7/SauterSchwabQuadrature/test/parameterization.jl:3.
WARNING: Method definition verifintegral1(CompScienceMeshes.Simplex{3, 2, 1, 3, Float64}, CompScienceMeshes.Simplex{3, 2, 1, 3, Float64}, Any, Int64) in module Main at /home/vagrant/.julia/v0.7/SauterSchwabQuadrature/test/verificationintegral.jl:6 overwritten at /home/vagrant/.julia/v0.7/SauterSchwabQuadrature/test/verificationintegral.jl:6.
WARNING: Method definition verifintegral2(CompScienceMeshes.Simplex{3, 2, 1, 3, Float64}, CompScienceMeshes.Simplex{3, 2, 1, 3, Float64}, Any, Int64) in module Main at /home/vagrant/.julia/v0.7/SauterSchwabQuadrature/test/verificationintegral.jl:30 overwritten at /home/vagrant/.julia/v0.7/SauterSchwabQuadrature/test/verificationintegral.jl:30.
WARNING: Method definition integrand(Any, Any) in module Main at /home/vagrant/.julia/v0.7/SauterSchwabQuadrature/test/test_cf_p_verification.jl:17 overwritten at /home/vagrant/.julia/v0.7/SauterSchwabQuadrature/test/test_ce_p_verification.jl:19.
WARNING: Method definition INTEGRAND(Any, Any) in module Main at /home/vagrant/.julia/v0.7/SauterSchwabQuadrature/test/test_cf_p_verification.jl:21 overwritten at /home/vagrant/.julia/v0.7/SauterSchwabQuadrature/test/test_ce_p_verification.jl:23.
WARNING: Base.norm is deprecated: it has been moved to the standard library package `LinearAlgebra`.
Add `using LinearAlgebra` to your imports.
  likely near /home/vagrant/.julia/v0.7/SauterSchwabQuadrature/test/test_ce_p_verification.jl:32
WARNING: Base.norm is deprecated: it has been moved to the standard library package `LinearAlgebra`.
Add `using LinearAlgebra` to your imports.
  likely near /home/vagrant/.julia/v0.7/SauterSchwabQuadrature/test/test_ce_p_verification.jl:32
WARNING: Base.norm is deprecated: it has been moved to the standard library package `LinearAlgebra`.
Add `using LinearAlgebra` to your imports.
  likely near /home/vagrant/.julia/v0.7/SauterSchwabQuadrature/test/test_ce_p_verification.jl:32
WARNING: Base.norm is deprecated: it has been moved to the standard library package `LinearAlgebra`.
Add `using LinearAlgebra` to your imports.
  likely near /home/vagrant/.julia/v0.7/SauterSchwabQuadrature/test/test_ce_p_verification.jl:32
WARNING: Base.norm is deprecated: it has been moved to the standard library package `LinearAlgebra`.
Add `using LinearAlgebra` to your imports.
  likely near /home/vagrant/.julia/v0.7/SauterSchwabQuadrature/test/test_ce_p_verification.jl:32
WARNING: Base.norm is deprecated: it has been moved to the standard library package `LinearAlgebra`.
Add `using LinearAlgebra` to your imports.
  likely near /home/vagrant/.julia/v0.7/SauterSchwabQuadrature/test/test_ce_p_verification.jl:32
WARNING: Base.norm is deprecated: it has been moved to the standard library package `LinearAlgebra`.
Add `using LinearAlgebra` to your imports.
  likely near /home/vagrant/.julia/v0.7/SauterSchwabQuadrature/test/test_ce_p_verification.jl:32
WARNING: Base.norm is deprecated: it has been moved to the standard library package `LinearAlgebra`.
Add `using LinearAlgebra` to your imports.
  likely near /home/vagrant/.julia/v0.7/SauterSchwabQuadrature/test/test_ce_p_verification.jl:32
WARNING: Base.norm is deprecated: it has been moved to the standard library package `LinearAlgebra`.
Add `using LinearAlgebra` to your imports.
  likely near /home/vagrant/.julia/v0.7/SauterSchwabQuadrature/test/test_ce_p_verification.jl:32
WARNING: Base.norm is deprecated: it has been moved to the standard library package `LinearAlgebra`.
Add `using LinearAlgebra` to your imports.
  likely near /home/vagrant/.julia/v0.7/SauterSchwabQuadrature/test/test_ce_p_verification.jl:32
WARNING: Base.norm is deprecated: it has been moved to the standard library package `LinearAlgebra`.
Add `using LinearAlgebra` to your imports.
  likely near /home/vagrant/.julia/v0.7/SauterSchwabQuadrature/test/test_ce_p_verification.jl:32
WARNING: Base.norm is deprecated: it has been moved to the standard library package `LinearAlgebra`.
Add `using LinearAlgebra` to your imports.
  likely near /home/vagrant/.julia/v0.7/SauterSchwabQuadrature/test/test_ce_p_verification.jl:32
WARNING: Base.norm is deprecated: it has been moved to the standard library package `LinearAlgebra`.
Add `using LinearAlgebra` to your imports.
  likely near /home/vagrant/.julia/v0.7/SauterSchwabQuadrature/test/test_ce_p_verification.jl:32
WARNING: Base.norm is deprecated: it has been moved to the standard library package `LinearAlgebra`.
Add `using LinearAlgebra` to your imports.
  likely near /home/vagrant/.julia/v0.7/SauterSchwabQuadrature/test/test_ce_p_verification.jl:32
WARNING: Base.norm is deprecated: it has been moved to the standard library package `LinearAlgebra`.
Add `using LinearAlgebra` to your imports.
  likely near /home/vagrant/.julia/v0.7/SauterSchwabQuadrature/test/test_ce_p_verification.jl:35
WARNING: Base.Test is deprecated, run `using Test` instead
  likely near /home/vagrant/.julia/v0.7/SauterSchwabQuadrature/test/test_cv_p_verification.jl:2
WARNING: Method definition k(Any, Any, Any) in module Main at /home/vagrant/.julia/v0.7/SauterSchwabQuadrature/test/parameterization.jl:3 overwritten at /home/vagrant/.julia/v0.7/SauterSchwabQuadrature/test/parameterization.jl:3.
WARNING: Method definition verifintegral1(CompScienceMeshes.Simplex{3, 2, 1, 3, Float64}, CompScienceMeshes.Simplex{3, 2, 1, 3, Float64}, Any, Int64) in module Main at /home/vagrant/.julia/v0.7/SauterSchwabQuadrature/test/verificationintegral.jl:6 overwritten at /home/vagrant/.julia/v0.7/SauterSchwabQuadrature/test/verificationintegral.jl:6.
WARNING: Method definition verifintegral2(CompScienceMeshes.Simplex{3, 2, 1, 3, Float64}, CompScienceMeshes.Simplex{3, 2, 1, 3, Float64}, Any, Int64) in module Main at /home/vagrant/.julia/v0.7/SauterSchwabQuadrature/test/verificationintegral.jl:30 overwritten at /home/vagrant/.julia/v0.7/SauterSchwabQuadrature/test/verificationintegral.jl:30.
WARNING: Method definition integrand(Any, Any) in module Main at /home/vagrant/.julia/v0.7/SauterSchwabQuadrature/test/test_ce_p_verification.jl:19 overwritten at /home/vagrant/.julia/v0.7/SauterSchwabQuadrature/test/test_cv_p_verification.jl:20.
WARNING: Method definition INTEGRAND(Any, Any) in module Main at /home/vagrant/.julia/v0.7/SauterSchwabQuadrature/test/test_ce_p_verification.jl:23 overwritten at /home/vagrant/.julia/v0.7/SauterSchwabQuadrature/test/test_cv_p_verification.jl:24.
WARNING: Base.norm is deprecated: it has been moved to the standard library package `LinearAlgebra`.
Add `using LinearAlgebra` to your imports.
  likely near /home/vagrant/.julia/v0.7/SauterSchwabQuadrature/test/test_cv_p_verification.jl:32
WARNING: Base.norm is deprecated: it has been moved to the standard library package `LinearAlgebra`.
Add `using LinearAlgebra` to your imports.
  likely near /home/vagrant/.julia/v0.7/SauterSchwabQuadrature/test/test_cv_p_verification.jl:32
WARNING: Base.norm is deprecated: it has been moved to the standard library package `LinearAlgebra`.
Add `using LinearAlgebra` to your imports.
  likely near /home/vagrant/.julia/v0.7/SauterSchwabQuadrature/test/test_cv_p_verification.jl:32
WARNING: Base.norm is deprecated: it has been moved to the standard library package `LinearAlgebra`.
Add `using LinearAlgebra` to your imports.
  likely near /home/vagrant/.julia/v0.7/SauterSchwabQuadrature/test/test_cv_p_verification.jl:32
WARNING: Base.norm is deprecated: it has been moved to the standard library package `LinearAlgebra`.
Add `using LinearAlgebra` to your imports.
  likely near /home/vagrant/.julia/v0.7/SauterSchwabQuadrature/test/test_cv_p_verification.jl:32
WARNING: Base.norm is deprecated: it has been moved to the standard library package `LinearAlgebra`.
Add `using LinearAlgebra` to your imports.
  likely near /home/vagrant/.julia/v0.7/SauterSchwabQuadrature/test/test_cv_p_verification.jl:32
WARNING: Base.norm is deprecated: it has been moved to the standard library package `LinearAlgebra`.
Add `using LinearAlgebra` to your imports.
  likely near /home/vagrant/.julia/v0.7/SauterSchwabQuadrature/test/test_cv_p_verification.jl:32
WARNING: Base.norm is deprecated: it has been moved to the standard library package `LinearAlgebra`.
Add `using LinearAlgebra` to your imports.
  likely near /home/vagrant/.julia/v0.7/SauterSchwabQuadrature/test/test_cv_p_verification.jl:32
WARNING: Base.norm is deprecated: it has been moved to the standard library package `LinearAlgebra`.
Add `using LinearAlgebra` to your imports.
  likely near /home/vagrant/.julia/v0.7/SauterSchwabQuadrature/test/test_cv_p_verification.jl:32
WARNING: Base.norm is deprecated: it has been moved to the standard library package `LinearAlgebra`.
Add `using LinearAlgebra` to your imports.
  likely near /home/vagrant/.julia/v0.7/SauterSchwabQuadrature/test/test_cv_p_verification.jl:32
WARNING: Base.norm is deprecated: it has been moved to the standard library package `LinearAlgebra`.
Add `using LinearAlgebra` to your imports.
  likely near /home/vagrant/.julia/v0.7/SauterSchwabQuadrature/test/test_cv_p_verification.jl:32
WARNING: Base.norm is deprecated: it has been moved to the standard library package `LinearAlgebra`.
Add `using LinearAlgebra` to your imports.
  likely near /home/vagrant/.julia/v0.7/SauterSchwabQuadrature/test/test_cv_p_verification.jl:32
WARNING: Base.norm is deprecated: it has been moved to the standard library package `LinearAlgebra`.
Add `using LinearAlgebra` to your imports.
  likely near /home/vagrant/.julia/v0.7/SauterSchwabQuadrature/test/test_cv_p_verification.jl:32
WARNING: Base.norm is deprecated: it has been moved to the standard library package `LinearAlgebra`.
Add `using LinearAlgebra` to your imports.
  likely near /home/vagrant/.julia/v0.7/SauterSchwabQuadrature/test/test_cv_p_verification.jl:32
WARNING: Base.norm is deprecated: it has been moved to the standard library package `LinearAlgebra`.
Add `using LinearAlgebra` to your imports.
  likely near /home/vagrant/.julia/v0.7/SauterSchwabQuadrature/test/test_cv_p_verification.jl:35
WARNING: Base.Test is deprecated, run `using Test` instead
  likely near /home/vagrant/.julia/v0.7/SauterSchwabQuadrature/test/test_pd_p_verification.jl:2
WARNING: Method definition k(Any, Any, Any) in module Main at /home/vagrant/.julia/v0.7/SauterSchwabQuadrature/test/parameterization.jl:3 overwritten at /home/vagrant/.julia/v0.7/SauterSchwabQuadrature/test/parameterization.jl:3.
WARNING: Method definition verifintegral1(CompScienceMeshes.Simplex{3, 2, 1, 3, Float64}, CompScienceMeshes.Simplex{3, 2, 1, 3, Float64}, Any, Int64) in module Main at /home/vagrant/.julia/v0.7/SauterSchwabQuadrature/test/verificationintegral.jl:6 overwritten at /home/vagrant/.julia/v0.7/SauterSchwabQuadrature/test/verificationintegral.jl:6.
WARNING: Method definition verifintegral2(CompScienceMeshes.Simplex{3, 2, 1, 3, Float64}, CompScienceMeshes.Simplex{3, 2, 1, 3, Float64}, Any, Int64) in module Main at /home/vagrant/.julia/v0.7/SauterSchwabQuadrature/test/verificationintegral.jl:30 overwritten at /home/vagrant/.julia/v0.7/SauterSchwabQuadrature/test/verificationintegral.jl:30.
WARNING: Method definition integrand(Any, Any) in module Main at /home/vagrant/.julia/v0.7/SauterSchwabQuadrature/test/test_cv_p_verification.jl:20 overwritten at /home/vagrant/.julia/v0.7/SauterSchwabQuadrature/test/test_pd_p_verification.jl:21.
WARNING: Method definition INTEGRAND(Any, Any) in module Main at /home/vagrant/.julia/v0.7/SauterSchwabQuadrature/test/test_cv_p_verification.jl:24 overwritten at /home/vagrant/.julia/v0.7/SauterSchwabQuadrature/test/test_pd_p_verification.jl:25.
WARNING: Base.norm is deprecated: it has been moved to the standard library package `LinearAlgebra`.
Add `using LinearAlgebra` to your imports.
  likely near /home/vagrant/.julia/v0.7/SauterSchwabQuadrature/test/test_pd_p_verification.jl:33
WARNING: Base.norm is deprecated: it has been moved to the standard library package `LinearAlgebra`.
Add `using LinearAlgebra` to your imports.
  likely near /home/vagrant/.julia/v0.7/SauterSchwabQuadrature/test/test_pd_p_verification.jl:33
WARNING: Base.norm is deprecated: it has been moved to the standard library package `LinearAlgebra`.
Add `using LinearAlgebra` to your imports.
  likely near /home/vagrant/.julia/v0.7/SauterSchwabQuadrature/test/test_pd_p_verification.jl:33
WARNING: Base.norm is deprecated: it has been moved to the standard library package `LinearAlgebra`.
Add `using LinearAlgebra` to your imports.
  likely near /home/vagrant/.julia/v0.7/SauterSchwabQuadrature/test/test_pd_p_verification.jl:33
WARNING: Base.norm is deprecated: it has been moved to the standard library package `LinearAlgebra`.
Add `using LinearAlgebra` to your imports.
  likely near /home/vagrant/.julia/v0.7/SauterSchwabQuadrature/test/test_pd_p_verification.jl:33
WARNING: Base.norm is deprecated: it has been moved to the standard library package `LinearAlgebra`.
Add `using LinearAlgebra` to your imports.
  likely near /home/vagrant/.julia/v0.7/SauterSchwabQuadrature/test/test_pd_p_verification.jl:33
WARNING: Base.norm is deprecated: it has been moved to the standard library package `LinearAlgebra`.
Add `using LinearAlgebra` to your imports.
  likely near /home/vagrant/.julia/v0.7/SauterSchwabQuadrature/test/test_pd_p_verification.jl:33
WARNING: Base.norm is deprecated: it has been moved to the standard library package `LinearAlgebra`.
Add `using LinearAlgebra` to your imports.
  likely near /home/vagrant/.julia/v0.7/SauterSchwabQuadrature/test/test_pd_p_verification.jl:33
WARNING: Base.norm is deprecated: it has been moved to the standard library package `LinearAlgebra`.
Add `using LinearAlgebra` to your imports.
  likely near /home/vagrant/.julia/v0.7/SauterSchwabQuadrature/test/test_pd_p_verification.jl:33
WARNING: Base.norm is deprecated: it has been moved to the standard library package `LinearAlgebra`.
Add `using LinearAlgebra` to your imports.
  likely near /home/vagrant/.julia/v0.7/SauterSchwabQuadrature/test/test_pd_p_verification.jl:33
WARNING: Base.norm is deprecated: it has been moved to the standard library package `LinearAlgebra`.
Add `using LinearAlgebra` to your imports.
  likely near /home/vagrant/.julia/v0.7/SauterSchwabQuadrature/test/test_pd_p_verification.jl:33
WARNING: Base.norm is deprecated: it has been moved to the standard library package `LinearAlgebra`.
Add `using LinearAlgebra` to your imports.
  likely near /home/vagrant/.julia/v0.7/SauterSchwabQuadrature/test/test_pd_p_verification.jl:33
WARNING: Base.norm is deprecated: it has been moved to the standard library package `LinearAlgebra`.
Add `using LinearAlgebra` to your imports.
  likely near /home/vagrant/.julia/v0.7/SauterSchwabQuadrature/test/test_pd_p_verification.jl:33
WARNING: Base.norm is deprecated: it has been moved to the standard library package `LinearAlgebra`.
Add `using LinearAlgebra` to your imports.
  likely near /home/vagrant/.julia/v0.7/SauterSchwabQuadrature/test/test_pd_p_verification.jl:33
WARNING: Base.norm is deprecated: it has been moved to the standard library package `LinearAlgebra`.
Add `using LinearAlgebra` to your imports.
  likely near /home/vagrant/.julia/v0.7/SauterSchwabQuadrature/test/test_pd_p_verification.jl:36
[ Info: SauterSchwabQuadrature tests passed

>>> End of log
