>>> 'Pkg.add("Sched")' log
WARNING: Base.Pkg is deprecated, run `using Pkg` instead
 in module Main
[ Info: Cloning cache of Sched from https://github.com/scls19fr/Sched.jl.git
[ Info: Installing DataStructures v0.7.4
[ Info: Installing Sched v0.0.1
[ Info: Package database updated
┌ Info: METADATA is out-of-date — you may not have the latest version of Sched
└ Use `Pkg.update()` to get the latest versions of your packages

>>> 'Pkg.test("Sched")' log
WARNING: Base.versioninfo is deprecated: it has been moved to the standard library package `InteractiveUtils`.
Add `using InteractiveUtils` to your imports.
 in module Main
WARNING: Base.versioninfo is deprecated: it has been moved to the standard library package `InteractiveUtils`.
Add `using InteractiveUtils` to your imports.
 in module Main
Julia Version 0.7.0-DEV.3958
Commit f9f11a3102 (2018-02-12 21:30 UTC)
Platform Info:
  OS: Linux (x86_64-pc-linux-gnu)
      Ubuntu 14.04.5 LTS
  uname: Linux 3.13.0-135-generic #184-Ubuntu SMP Wed Oct 18 11:55:51 UTC 2017 x86_64 x86_64
  CPU: Intel(R) Xeon(R) CPU E3-1241 v3 @ 3.50GHz: 
              speed         user         nice          sys         idle          irq
       #1  3500 MHz    2428484 s       4313 s     122459 s     640158 s         27 s
       #2  3500 MHz     492668 s       1594 s      49501 s    3141866 s          0 s
       
  Memory: 2.93927001953125 GB (831.58984375 MB free)
  Uptime: 37568.0 sec
  Load Avg:  0.9951171875  0.998046875  0.9765625
  WORD_SIZE: 64
  LIBM: libopenlibm
  LLVM: libLLVM-3.9.1 (ORCJIT, haswell)
Environment:
  TERM = vt100
  LD_LIBRARY_PATH = :/usr/local/lib/
  PATH = /usr/local/sbin:/usr/local/bin:/usr/sbin:/usr/bin:/sbin:/bin:/usr/games:/usr/local/games:/home/vagrant/julia/bin/
  JAVA_HOME = /usr/lib/jvm/java-8-openjdk-amd64
  HOME = /home/vagrant
Packages:
  Package Directory: /home/vagrant/.julia/v0.7
  Package Status:
2 required packages:
 - JSON                          0.16.4
 - Sched                         0.0.1
4 additional packages:
 - Compat                        0.53.0
 - DataStructures                0.7.4
 - Nullables                     0.0.3
 - tmp1DkVt5                     0.0.0-             non-repo (unregistered)
WARNING: Base.Pkg is deprecated, run `using Pkg` instead
 in module Main
[ Info: Testing Sched
┌ Warning: Deprecated syntax `multiple line breaks between doc string and object` at /home/vagrant/.julia/v0.7/Sched/src/Sched.jl:75.
│ Use `at most one line break` instead.
└ @ nothing Sched.jl:75
┌ Warning: Deprecated syntax `multiple line breaks between doc string and object` at /home/vagrant/.julia/v0.7/Sched/src/Sched.jl:77.
│ Use `at most one line break` instead.
└ @ nothing Sched.jl:77
WARNING: importing deprecated binding Base.now into Sched.
WARNING: Base.now is deprecated: it has been moved to the standard library package `Dates`.
Add `using Dates` to your imports.
  likely near /home/vagrant/.julia/v0.7/Sched/src/Sched.jl:52
WARNING: importing deprecated binding Base.Dates into Sched.
WARNING: Base.Dates is deprecated, run `using Dates` instead
  likely near /home/vagrant/.julia/v0.7/Sched/src/Sched.jl:52
WARNING: Base.now is deprecated: it has been moved to the standard library package `Dates`.
Add `using Dates` to your imports.
  likely near /home/vagrant/.julia/v0.7/Sched/src/Sched.jl:52
WARNING: Base.Dates is deprecated, run `using Dates` instead
  likely near /home/vagrant/.julia/v0.7/Sched/src/Sched.jl:52
WARNING: Base.Dates is deprecated, run `using Dates` instead
  likely near /home/vagrant/.julia/v0.7/Sched/src/Sched.jl:52
WARNING: Base.Dates is deprecated, run `using Dates` instead
  likely near /home/vagrant/.julia/v0.7/Sched/src/Sched.jl:52
WARNING: Base.Dates is deprecated, run `using Dates` instead
  likely near /home/vagrant/.julia/v0.7/Sched/src/Sched.jl:52
in Type at /home/vagrant/.julia/v0.7/Sched/src/Sched.jl
WARNING: Base.Test is deprecated, run `using Test` instead
  likely near /home/vagrant/.julia/v0.7/Sched/test/runtests.jl:3
┌ Warning: Deprecated syntax `implicit assignment to global variable `_time``.
│ Use `global _time` instead.
└ @ nothing none:0
WARNING: Base.DateTime is deprecated: it has been moved to the standard library package `Dates`.
Add `using Dates` to your imports.
  likely near /home/vagrant/.julia/v0.7/Sched/test/runtests.jl:24
in top-level scope at /home/vagrant/.julia/v0.7/Sched/test/runtests.jl
WARNING: Base.DateTime is deprecated: it has been moved to the standard library package `Dates`.
Add `using Dates` to your imports.
  likely near /home/vagrant/.julia/v0.7/Sched/test/runtests.jl:24
in top-level scope at /home/vagrant/.julia/v0.7/Sched/test/runtests.jl
WARNING: Base.DateTime is deprecated: it has been moved to the standard library package `Dates`.
Add `using Dates` to your imports.
  likely near /home/vagrant/.julia/v0.7/Sched/test/runtests.jl:24
in top-level scope at /home/vagrant/.julia/v0.7/Sched/test/runtests.jl
WARNING: Base.DateTime is deprecated: it has been moved to the standard library package `Dates`.
Add `using Dates` to your imports.
  likely near /home/vagrant/.julia/v0.7/Sched/test/runtests.jl:24
in top-level scope at /home/vagrant/.julia/v0.7/Sched/test/runtests.jl
WARNING: Base.DateTime is deprecated: it has been moved to the standard library package `Dates`.
Add `using Dates` to your imports.
  likely near /home/vagrant/.julia/v0.7/Sched/test/runtests.jl:24
in top-level scope at /home/vagrant/.julia/v0.7/Sched/test/runtests.jl
WARNING: Base.DateTime is deprecated: it has been moved to the standard library package `Dates`.
Add `using Dates` to your imports.
  likely near /home/vagrant/.julia/v0.7/Sched/test/runtests.jl:24
in top-level scope at /home/vagrant/.julia/v0.7/Sched/test/runtests.jl
WARNING: Base.DateTime is deprecated: it has been moved to the standard library package `Dates`.
Add `using Dates` to your imports.
  likely near /home/vagrant/.julia/v0.7/Sched/test/runtests.jl:24
in top-level scope at /home/vagrant/.julia/v0.7/Sched/test/runtests.jl
WARNING: Base.DateTime is deprecated: it has been moved to the standard library package `Dates`.
Add `using Dates` to your imports.
  likely near /home/vagrant/.julia/v0.7/Sched/test/runtests.jl:24
in top-level scope at /home/vagrant/.julia/v0.7/Sched/test/runtests.jl
WARNING: Base.DateTime is deprecated: it has been moved to the standard library package `Dates`.
Add `using Dates` to your imports.
  likely near /home/vagrant/.julia/v0.7/Sched/test/runtests.jl:24
in top-level scope at /home/vagrant/.julia/v0.7/Sched/test/runtests.jl
WARNING: Base.DateTime is deprecated: it has been moved to the standard library package `Dates`.
Add `using Dates` to your imports.
  likely near /home/vagrant/.julia/v0.7/Sched/test/runtests.jl:24
in top-level scope at /home/vagrant/.julia/v0.7/Sched/test/runtests.jl
WARNING: Base.Dates is deprecated, run `using Dates` instead
  likely near /home/vagrant/.julia/v0.7/Sched/test/runtests.jl:24
in top-level scope at /home/vagrant/.julia/v0.7/Sched/test/runtests.jl
WARNING: Base.Dates is deprecated, run `using Dates` instead
  likely near /home/vagrant/.julia/v0.7/Sched/test/runtests.jl:24
in top-level scope at /home/vagrant/.julia/v0.7/Sched/test/runtests.jl
WARNING: Base.Dates is deprecated, run `using Dates` instead
  likely near /home/vagrant/.julia/v0.7/Sched/test/runtests.jl:24
in top-level scope at /home/vagrant/.julia/v0.7/Sched/test/runtests.jl
WARNING: Base.Dates is deprecated, run `using Dates` instead
  likely near /home/vagrant/.julia/v0.7/Sched/test/runtests.jl:24
in top-level scope at /home/vagrant/.julia/v0.7/Sched/test/runtests.jl
WARNING: Base.Dates is deprecated, run `using Dates` instead
  likely near /home/vagrant/.julia/v0.7/Sched/test/runtests.jl:24
in top-level scope at /home/vagrant/.julia/v0.7/Sched/test/runtests.jl
WARNING: Base.Dates is deprecated, run `using Dates` instead
  likely near /home/vagrant/.julia/v0.7/Sched/test/runtests.jl:24
in top-level scope at /home/vagrant/.julia/v0.7/Sched/test/runtests.jl
WARNING: Base.Dates is deprecated, run `using Dates` instead
  likely near /home/vagrant/.julia/v0.7/Sched/test/runtests.jl:24
in top-level scope at /home/vagrant/.julia/v0.7/Sched/test/runtests.jl
2018-02-13T11:29:33.125
From print_time_args 2018-02-13T11:29:38.488 positional, argument
From print_time_kwargs 2018-02-13T11:29:38.684 keyword
From print_time_noparam 2018-02-13T11:29:43.306
2018-02-13T11:29:43.316
ms resolution: Test Failed at /home/vagrant/.julia/v0.7/Sched/test/runtests.jl:108
  Expression: (a[1]).action == print_time_kwargs
   Evaluated: print_time_args == print_time_kwargs
Stacktrace:
 [1] macro expansion at /home/vagrant/.julia/v0.7/Sched/test/runtests.jl:108 [inlined]
 [2] macro expansion at /buildworker/worker/package_linux64/build/usr/share/julia/site/v0.7/Test/src/Test.jl:1008 [inlined]
 [3] macro expansion at /home/vagrant/.julia/v0.7/Sched/test/runtests.jl:102 [inlined]
 [4] macro expansion at /buildworker/worker/package_linux64/build/usr/share/julia/site/v0.7/Test/src/Test.jl:1008 [inlined]
 [5] macro expansion at /home/vagrant/.julia/v0.7/Sched/test/runtests.jl:101 [inlined]
 [6] macro expansion at /buildworker/worker/package_linux64/build/usr/share/julia/site/v0.7/Test/src/Test.jl:1008 [inlined]
 [7] top-level scope at /home/vagrant/.julia/v0.7/Sched/test/runtests.jl:26
ms resolution: Test Failed at /home/vagrant/.julia/v0.7/Sched/test/runtests.jl:109
  Expression: (a[2]).action == print_time_args
   Evaluated: print_time_kwargs == print_time_args
Stacktrace:
 [1] macro expansion at /home/vagrant/.julia/v0.7/Sched/test/runtests.jl:109 [inlined]
 [2] macro expansion at /buildworker/worker/package_linux64/build/usr/share/julia/site/v0.7/Test/src/Test.jl:1008 [inlined]
 [3] macro expansion at /home/vagrant/.julia/v0.7/Sched/test/runtests.jl:102 [inlined]
 [4] macro expansion at /buildworker/worker/package_linux64/build/usr/share/julia/site/v0.7/Test/src/Test.jl:1008 [inlined]
 [5] macro expansion at /home/vagrant/.julia/v0.7/Sched/test/runtests.jl:101 [inlined]
 [6] macro expansion at /buildworker/worker/package_linux64/build/usr/share/julia/site/v0.7/Test/src/Test.jl:1008 [inlined]
 [7] top-level scope at /home/vagrant/.julia/v0.7/Sched/test/runtests.jl:26
Test Summary:             | Pass  Fail  Total
Priority Tests            |   17     2     19
  Priority Equality       |    1            1
  Priority Inequality     |    2            2
  Priority order          |    2            2
  Sample                  |    2            2
  empty                   |    2            2
  cancel                  |    2            2
  queue                   |    6     2      8
    ms resolution         |    2     2      4
    lower (ns) resolution |    4            4
ERROR: LoadError: Some tests did not pass: 17 passed, 2 failed, 0 errored, 0 broken.
in expression starting at /home/vagrant/.julia/v0.7/Sched/test/runtests.jl:24
┌ Error: ------------------------------------------------------------
│ # Testing failed for Sched
│   exception =
│    failed process: Process(`/home/vagrant/julia/bin/julia -Cnative -J/home/vagrant/julia/lib/julia/sys.so --compile=yes --depwarn=yes --code-coverage=none --color=no --compiled-modules=yes --check-bounds=yes --warn-overwrite=yes --startup-file=yes /home/vagrant/.julia/v0.7/Sched/test/runtests.jl`, ProcessExited(1)) [1]
│    Stacktrace:
│     [1] error(::String, ::Base.Process, ::String, ::Int64, ::String) at ./error.jl:42
│     [2] pipeline_error(::Base.Process) at ./process.jl:693
│     [3] run(::Cmd) at ./process.jl:655
│     [4] (::getfield(Pkg.Entry, Symbol("##89#92")){Bool,String,Array{AbstractString,1}})() at /buildworker/worker/package_linux64/build/usr/share/julia/site/v0.7/Pkg/src/entry.jl:731
│     [5] cd(::getfield(Pkg.Entry, Symbol("##89#92")){Bool,String,Array{AbstractString,1}}, ::String) at ./file.jl:70
│     [6] #test!#88(::Bool, ::Function, ::String, ::Array{AbstractString,1}, ::Array{AbstractString,1}, ::Array{AbstractString,1}) at /buildworker/worker/package_linux64/build/usr/share/julia/site/v0.7/Pkg/src/entry.jl:719
│     [7] (::getfield(Pkg.Entry, Symbol("#kw##test!")))(::NamedTuple{(:coverage,),Tuple{Bool}}, ::typeof(Pkg.Entry.test!), ::String, ::Array{AbstractString,1}, ::Array{AbstractString,1}, ::Array{AbstractString,1}) at ./<missing>:0
│     [8] #test#96(::Bool, ::Function, ::Array{AbstractString,1}) at /buildworker/worker/package_linux64/build/usr/share/julia/site/v0.7/Pkg/src/entry.jl:758
│     [9] #test at ./<missing>:0 [inlined]
│     [10] #4 at /buildworker/worker/package_linux64/build/usr/share/julia/site/v0.7/Pkg/src/dir.jl:36 [inlined]
│     [11] cd(::getfield(Pkg.Dir, Symbol("##4#7")){Base.Iterators.Pairs{Symbol,Bool,Tuple{Symbol},NamedTuple{(:coverage,),Tuple{Bool}}},typeof(Pkg.Entry.test),Tuple{Array{AbstractString,1}}}, ::String) at ./file.jl:70
│     [12] #cd#1(::Base.Iterators.Pairs{Symbol,Bool,Tuple{Symbol},NamedTuple{(:coverage,),Tuple{Bool}}}, ::Function, ::Function, ::Array{AbstractString,1}, ::Vararg{Array{AbstractString,1},N} where N) at /buildworker/worker/package_linux64/build/usr/share/julia/site/v0.7/Pkg/src/dir.jl:36
│     [13] (::getfield(Pkg.Dir, Symbol("#kw##cd")))(::NamedTuple{(:coverage,),Tuple{Bool}}, ::typeof(Pkg.Dir.cd), ::Function, ::Array{AbstractString,1}, ::Vararg{Array{AbstractString,1},N} where N) at ./<missing>:0
│     [14] #test#3(::Bool, ::Function, ::String, ::Vararg{String,N} where N) at /buildworker/worker/package_linux64/build/usr/share/julia/site/v0.7/Pkg/src/Pkg.jl:275
│     [15] test(::String, ::Vararg{String,N} where N) at /buildworker/worker/package_linux64/build/usr/share/julia/site/v0.7/Pkg/src/Pkg.jl:275
│     [16] top-level scope
│     [17] eval at ./boot.jl:298 [inlined]
│     [18] eval(::Module, ::Expr) at ./sysimg.jl:71
│     [19] exec_options(::Base.JLOptions) at ./client.jl:309
│     [20] _start() at ./client.jl:448
└ @ Pkg.Entry entry.jl:734
ERROR: Sched had test errors

>>> End of log
