>>> 'Pkg.add("ScikitLearnBase")' log
INFO: Installing ScikitLearnBase v0.2.1
INFO: Package database updated
INFO: METADATA is out-of-date — you may not have the latest version of ScikitLearnBase
INFO: Use `Pkg.update()` to get the latest versions of your packages

>>> 'Pkg.test("ScikitLearnBase")' log
Julia Version 0.5.0
Commit 3c9d753 (2016-09-19 18:14 UTC)
Platform Info:
  System: Linux (x86_64-pc-linux-gnu)
  CPU: Intel(R) Xeon(R) CPU E3-1241 v3 @ 3.50GHz
  WORD_SIZE: 64
           Ubuntu 14.04.5 LTS
  uname: Linux 3.13.0-108-generic #155-Ubuntu SMP Wed Jan 11 16:58:52 UTC 2017 x86_64 x86_64
Memory: 2.9392738342285156 GB (1348.1015625 MB free)
Uptime: 26929.0 sec
Load Avg:  1.08056640625  1.08740234375  1.12109375
Intel(R) Xeon(R) CPU E3-1241 v3 @ 3.50GHz: 
       speed         user         nice          sys         idle          irq
#1  3500 MHz    1607702 s       6254 s     132443 s     618932 s         90 s
#2  3500 MHz     518214 s         82 s      70239 s    2033063 s          1 s

  BLAS: libopenblas (USE64BITINT DYNAMIC_ARCH NO_AFFINITY Nehalem)
  LAPACK: libopenblas64_
  LIBM: libopenlibm
  LLVM: libLLVM-3.7.1 (ORCJIT, haswell)
Environment:
  TERM = vt100
  LD_LIBRARY_PATH = :/usr/local/lib/
  PATH = /usr/local/sbin:/usr/local/bin:/usr/sbin:/usr/bin:/sbin:/bin:/usr/games:/usr/local/games:/home/vagrant/julia/bin/
  JAVA_HOME = /usr/lib/jvm/java-7-oracle
  HOME = /home/vagrant

Package Directory: /home/vagrant/.julia/v0.5
2 required packages:
 - JSON                          0.8.3
 - ScikitLearnBase               0.2.1
1 additional packages:
 - Compat                        0.17.0
INFO: Testing ScikitLearnBase
INFO: ScikitLearnBase tests passed

>>> End of log
