>>> 'Pkg.add("SCS")' log
INFO: Installing BinDeps v0.3.15
INFO: Installing Dates v0.4.4
INFO: Installing HttpCommon v0.1.1
INFO: Installing MathProgBase v0.3.16
INFO: Installing SCS v0.0.8
INFO: Installing SHA v0.1.1
INFO: Installing URIParser v0.0.6
INFO: Building SCS
INFO: Package database updated

>>> 'Pkg.test("SCS")' log
Julia Version 0.4.0-pre+7097
Commit c4b089f (2015-08-29 13:17 UTC)
Platform Info:
  System: Linux (x86_64-unknown-linux-gnu)
  CPU: Intel(R) Core(TM) i5-2500K CPU @ 3.30GHz
  WORD_SIZE: 64
  BLAS: libopenblas (USE64BITINT DYNAMIC_ARCH NO_AFFINITY Sandybridge)
  LAPACK: libopenblas
  LIBM: libopenlibm
  LLVM: libLLVM-3.3
INFO: Testing SCS
Running tests:
 Test: direct.jl
----------------------------------------------------------------------------
	SCS v1.1.5 - Splitting Conic Solver
	(c) Brendan O'Donoghue, Stanford University, 2012
----------------------------------------------------------------------------
Lin-sys: sparse-direct, nnz in A = 1
eps = 1.00e-04, alpha = 1.80, max_iters = 20000, normalize = 1, scale = 5.00
Variables n = 1, constraints m = 1
Cones:	primal zero / dual free vars: 1
Setup time: 7.24e-05s
----------------------------------------------------------------------------
 Iter | pri res | dua res | rel gap | pri obj | dua obj | kap/tau | time (s)
----------------------------------------------------------------------------
     0|      inf       inf      -nan       inf       inf       inf  1.71e-05 
    60| 5.71e-07  1.52e-06  6.34e-07  1.00e+00  1.00e+00  7.12e-18  3.23e-05 
----------------------------------------------------------------------------
Status: Solved
Timing: Total solve time: 3.46e-05s
	Lin-sys: nnz in L factor: 3, avg solve time: 7.50e-08s
	Cones: avg projection time: 2.58e-08s
----------------------------------------------------------------------------
Error metrics:
dist(s, K) = 7.1224e-18, dist(y, K*) = 0.0000e+00, s'y/m = 7.1224e-18
|Ax + s - b|_2 / (1 + |b|_2) = 5.7053e-07
|A'y + c|_2 / (1 + |c|_2) = 1.5219e-06
|c'x + b'y| / (1 + |c'x| + |b'y|) = 6.3425e-07
----------------------------------------------------------------------------
c'x = 1.0000, -b'y = 1.0000
============================================================================
----------------------------------------------------------------------------
	SCS v1.1.5 - Splitting Conic Solver
	(c) Brendan O'Donoghue, Stanford University, 2012
----------------------------------------------------------------------------
Lin-sys: sparse-direct, nnz in A = 1
eps = 1.00e-04, alpha = 1.80, max_iters = 20000, normalize = 1, scale = 5.00
Variables n = 1, constraints m = 1
Cones:	primal zero / dual free vars: 1
Setup time: 2.61e-05s
----------------------------------------------------------------------------
 Iter | pri res | dua res | rel gap | pri obj | dua obj | kap/tau | time (s)
----------------------------------------------------------------------------
     0|      inf       inf      -nan       inf       inf       inf  1.47e-05 
    60| 5.71e-07  1.52e-06  6.34e-07  1.00e+00  1.00e+00  7.12e-18  3.23e-05 
----------------------------------------------------------------------------
Status: Solved
Timing: Total solve time: 3.35e-05s
	Lin-sys: nnz in L factor: 3, avg solve time: 6.52e-08s
	Cones: avg projection time: 2.47e-08s
----------------------------------------------------------------------------
Error metrics:
dist(s, K) = 7.1224e-18, dist(y, K*) = 0.0000e+00, s'y/m = 7.1224e-18
|Ax + s - b|_2 / (1 + |b|_2) = 5.7053e-07
|A'y + c|_2 / (1 + |c|_2) = 1.5219e-06
|c'x + b'y| / (1 + |c'x| + |b'y|) = 6.3425e-07
----------------------------------------------------------------------------
c'x = 1.0000, -b'y = 1.0000
============================================================================
----------------------------------------------------------------------------
	SCS v1.1.5 - Splitting Conic Solver
	(c) Brendan O'Donoghue, Stanford University, 2012
----------------------------------------------------------------------------
Lin-sys: sparse-direct, nnz in A = 1012
eps = 1.00e-04, alpha = 1.80, max_iters = 20000, normalize = 1, scale = 5.00
Variables n = 11, constraints m = 112
Cones:	linear vars: 100
	soc vars: 12, soc blks: 1
Setup time: 1.42e-04s
----------------------------------------------------------------------------
 Iter | pri res | dua res | rel gap | pri obj | dua obj | kap/tau | time (s)
----------------------------------------------------------------------------
     0|      inf       inf      -nan      -inf      -inf       inf  2.09e-05 
   100| 1.23e-03  1.21e-02  4.15e-04 -2.61e+00 -2.62e+00  0.00e+00  3.97e-04 
   200| 2.37e-04  2.48e-03  4.69e-05 -2.61e+00 -2.61e+00  0.00e+00  7.97e-04 
   300| 9.44e-05  1.86e-03  6.15e-05 -2.61e+00 -2.61e+00  0.00e+00  1.19e-03 
   400| 4.36e-05  4.20e-04  2.95e-05 -2.61e+00 -2.61e+00  0.00e+00  1.97e-03 
   500| 1.82e-05  1.63e-04  1.42e-06 -2.61e+00 -2.61e+00  0.00e+00  2.35e-03 
   560| 1.17e-05  4.15e-05  6.58e-06 -2.61e+00 -2.61e+00  0.00e+00  2.64e-03 
----------------------------------------------------------------------------
Status: Solved
Timing: Total solve time: 2.64e-03s
	Lin-sys: nnz in L factor: 1225, avg solve time: 2.84e-06s
	Cones: avg projection time: 1.30e-07s
----------------------------------------------------------------------------
Error metrics:
dist(s, K) = 4.0632e-17, dist(y, K*) = 0.0000e+00, s'y/m = 3.7173e-19
|Ax + s - b|_2 / (1 + |b|_2) = 1.1676e-05
|A'y + c|_2 / (1 + |c|_2) = 4.1474e-05
|c'x + b'y| / (1 + |c'x| + |b'y|) = 6.5802e-06
----------------------------------------------------------------------------
c'x = -2.6122, -b'y = -2.6123
============================================================================
----------------------------------------------------------------------------
	SCS v1.1.5 - Splitting Conic Solver
	(c) Brendan O'Donoghue, Stanford University, 2012
----------------------------------------------------------------------------
Lin-sys: sparse-direct, nnz in A = 162
eps = 1.00e-04, alpha = 1.80, max_iters = 20000, normalize = 1, scale = 5.00
Variables n = 24, constraints m = 71
Cones:	primal zero / dual free vars: 10
	linear vars: 10
	soc vars: 6, soc blks: 5
	exp vars: 30, dual exp vars: 15
Setup time: 1.05e-04s
----------------------------------------------------------------------------
 Iter | pri res | dua res | rel gap | pri obj | dua obj | kap/tau | time (s)
----------------------------------------------------------------------------
     0|      inf       inf      -nan      -inf       inf       inf  1.90e-04 
   100| 1.01e-05  2.11e-05  8.71e-07  1.49e+01  1.49e+01  0.00e+00  1.85e-02 
----------------------------------------------------------------------------
Status: Solved
Timing: Total solve time: 1.85e-02s
	Lin-sys: nnz in L factor: 415, avg solve time: 2.15e-06s
	Cones: avg projection time: 1.78e-04s
----------------------------------------------------------------------------
Error metrics:
dist(s, K) = 5.5564e-17, dist(y, K*) = 0.0000e+00, s'y/m = 8.4924e-10
|Ax + s - b|_2 / (1 + |b|_2) = 1.0069e-05
|A'y + c|_2 / (1 + |c|_2) = 2.1081e-05
|c'x + b'y| / (1 + |c'x| + |b'y|) = 8.7092e-07
----------------------------------------------------------------------------
c'x = 14.9011, -b'y = 14.9012
============================================================================
----------------------------------------------------------------------------
	SCS v1.1.5 - Splitting Conic Solver
	(c) Brendan O'Donoghue, Stanford University, 2012
----------------------------------------------------------------------------
Lin-sys: sparse-direct, nnz in A = 66
eps = 1.00e-04, alpha = 1.80, max_iters = 20000, normalize = 1, scale = 5.00
Variables n = 15, constraints m = 46
Cones:	primal zero / dual free vars: 3
	linear vars: 3
	soc vars: 9, soc blks: 3
	sd vars: 19, sd blks: 3
	exp vars: 6, dual exp vars: 6
Setup time: 1.27e-04s
----------------------------------------------------------------------------
 Iter | pri res | dua res | rel gap | pri obj | dua obj | kap/tau | time (s)
----------------------------------------------------------------------------
     0|      inf       inf      -nan      -inf       inf       inf  2.74e-04 
   100| 6.80e-04  1.48e-03  1.15e-03 -1.02e+01 -1.03e+01  1.95e-15  1.13e-02 
   200| 3.49e-05  2.67e-04  6.57e-05 -1.02e+01 -1.02e+01  0.00e+00  2.12e-02 
   220| 1.84e-05  4.90e-05  5.35e-06 -1.02e+01 -1.02e+01  3.92e-15  2.40e-02 
----------------------------------------------------------------------------
Status: Solved
Timing: Total solve time: 2.40e-02s
	Lin-sys: nnz in L factor: 154, avg solve time: 9.21e-07s
	Cones: avg projection time: 1.06e-04s
----------------------------------------------------------------------------
Error metrics:
dist(s, K) = 1.4903e-09, dist(y, K*) = 2.4092e-09, s'y/m = 2.1066e-10
|Ax + s - b|_2 / (1 + |b|_2) = 1.8379e-05
|A'y + c|_2 / (1 + |c|_2) = 4.903 Test: mpb_linear.jl
5e-05
|c'x + b'y| / (1 + |c'x| + |b'y|) = 5.3487e-06
----------------------------------------------------------------------------
c'x = -10.2416, -b'y = -10.2415
============================================================================
WARN: A->p (column pointers) not strictly increasing, column 1 empty
----------------------------------------------------------------------------
	SCS v1.1.5 - Splitting Conic Solver
	(c) Brendan O'Donoghue, Stanford University, 2012
----------------------------------------------------------------------------
Lin-sys: sparse-direct, nnz in A = 25
eps = 1.00e-04, alpha = 1.80, max_iters = 20000, normalize = 1, scale = 5.00
Variables n = 9, constraints m = 28
Cones:	primal zero / dual free vars: 5
	linear vars: 5
	primal + dual power vars: 18
Setup time: 4.78e-05s
----------------------------------------------------------------------------
 Iter | pri res | dua res | rel gap | pri obj | dua obj | kap/tau | time (s)
----------------------------------------------------------------------------
     0|      inf       inf      -nan      -inf      -inf       inf  5.47e-05 
   100| 6.00e-04  2.13e-03  1.46e-05 -3.73e+00 -3.73e+00  0.00e+00  1.03e-03 
   200| 9.30e-05  9.73e-05  1.44e-05 -3.73e+00 -3.73e+00  0.00e+00  2.68e-03 
----------------------------------------------------------------------------
Status: Solved
Timing: Total solve time: 2.68e-03s
	Lin-sys: nnz in L factor: 71, avg solve time: 5.33e-07s
	Cones: avg projection time: 1.20e-05s
----------------------------------------------------------------------------
Error metrics:
dist(s, K) = 4.7057e-17, dist(y, K*) = 0.0000e+00, s'y/m = -3.0729e-17
|Ax + s - b|_2 / (1 + |b|_2) = 9.2956e-05
|A'y + c|_2 / (1 + |c|_2) = 9.7312e-05
|c'x + b'y| / (1 + |c'x| + |b'y|) = 1.4422e-05
----------------------------------------------------------------------------
c'x = -3.7279, -b'y = -3.7278
============================================================================
----------------------------------------------------------------------------
	SCS v1.1.5 - Splitting Conic Solver
	(c) Brendan O'Donoghue, Stanford University, 2012
----------------------------------------------------------------------------
Lin-sys: sparse-direct, nnz in A = 4
eps = 1.00e-04, alpha = 1.80, max_iters = 20000, normalize = 1, scale = 5.00
Variables n = 2, constraints m = 3
Cones:	linear vars: 3
Setup time: 3.89e-05s
----------------------------------------------------------------------------
 Iter | pri res | dua res | rel gap | pri obj | dua obj | kap/tau | time (s)
----------------------------------------------------------------------------
     0|      inf      -nan      -nan      -inf      -nan       inf  3.90e-05 
    60| 2.28e-06  8.91e-07  5.83e-07 -7.50e-01 -7.50e-01  9.47e-18  1.13e-04 
----------------------------------------------------------------------------
Status: Solved
Timing: Total solve time: 1.14e-04s
	Lin-sys: nnz in L factor: 9, avg solve time: 4.59e-07s
	Cones: avg projection time: 3.00e-07s
----------------------------------------------------------------------------
Error metrics:
dist(s, K) = 5.1651e-18, dist(y, K*) = 0.0000e+00, s'y/m = -8.6084e-19
|Ax + s - b|_2 / (1 + |b|_2) = 2.2764e-06
|A'y + c|_2 / (1 + |c|_2) = 8.9058e-07
|c'x + b'y| / (1 + |c'x| + |b'y|) = 5.8318e-07
----------------------------------------------------------------------------
c'x = -0.7500, -b'y = -0.7500
============================================================================
----------------------------------------------------------------------------
	SCS v1.1.5 - Splitting Conic Solver
	(c) Brendan O'Donoghue, Stanford University, 2012
----------------------------------------------------------------------------
Lin-sys: sparse-direct, nnz in A = 4
eps = 1.00e-04, alpha = 1.80, max_iters = 20000, normalize = 1, scale = 5.00
Variables n = 2, constraints m = 3
Cones:	linear vars: 3
Setup time: 3.21e-05s
----------------------------------------------------------------------------
 Iter | pri res | dua res | rel gap | pri obj | dua obj | kap/tau | time (s)
---------------WARNING: Problem is infeasible, but infeasibility ray ("Farkas proof") is unavailable; check that the proper solver options are set.
WARNING: Problem is unbounded, but unbounded ray is unavailable; check that the proper solver options are set.
-------------------------------------------------------------
     0|      inf      -nan      -nan      -inf      -nan       inf  4.16e-04 
    60| 2.28e-06  8.91e-07  5.83e-07 -7.50e-01 -7.50e-01  9.47e-18  4.36e-04 
----------------------------------------------------------------------------
Status: Solved
Timing: Total solve time: 4.37e-04s
	Lin-sys: nnz in L factor: 9, avg solve time: 9.94e-08s
	Cones: avg projection time: 3.48e-08s
----------------------------------------------------------------------------
Error metrics:
dist(s, K) = 5.1651e-18, dist(y, K*) = 0.0000e+00, s'y/m = -8.6084e-19
|Ax + s - b|_2 / (1 + |b|_2) = 2.2764e-06
|A'y + c|_2 / (1 + |c|_2) = 8.9058e-07
|c'x + b'y| / (1 + |c'x| + |b'y|) = 5.8318e-07
----------------------------------------------------------------------------
c'x = -0.7500, -b'y = -0.7500
============================================================================
----------------------------------------------------------------------------
	SCS v1.1.5 - Splitting Conic Solver
	(c) Brendan O'Donoghue, Stanford University, 2012
----------------------------------------------------------------------------
Lin-sys: sparse-direct, nnz in A = 4
eps = 1.00e-04, alpha = 1.80, max_iters = 20000, normalize = 1, scale = 5.00
Variables n = 2, constraints m = 3
Cones:	linear vars: 3
Setup time: 2.93e-05s
----------------------------------------------------------------------------
 Iter | pri res | dua res | rel gap | pri obj | dua obj | kap/tau | time (s)
----------------------------------------------------------------------------
     0|      inf       inf      -nan      -inf       inf       inf  1.07e-05 
    60|      inf       inf      -nan       inf       inf       inf  2.72e-05 
----------------------------------------------------------------------------
Status: Infeasible
Timing: Total solve time: 2.90e-05s
	Lin-sys: nnz in L factor: 9, avg solve time: 9.15e-08s
	Cones: avg projection time: 3.49e-08s
----------------------------------------------------------------------------
Certificate of primal infeasibility:
dist(y, K*) = 0.0000e+00
|A'y|_2 * |b|_2 = 3.3693e-06
b'y = -1.0000
============================================================================
----------------------------------------------------------------------------
	SCS v1.1.5 - Splitting Conic Solver
	(c) Brendan O'Donoghue, Stanford University, 2012
----------------------------------------------------------------------------
Lin-sys: sparse-direct, nnz in A = 4
eps = 1.00e-04, alpha = 1.80, max_iters = 20000, normalize = 1, scale = 5.00
Variables n = 2, constraints m = 3
Cones:	linear vars: 3
Setup time: 3.00e-05s
----------------------------------------------------------------------------
 Iter | pri res | dua res | rel gap | pri obj | dua obj | kap/tau | time (s)
----------------------------------------------------------------------------
     0| 1.93e-03  1.85e+00  3.05e-03 -3.06e-03 -0.00e+00  5.84e-19  1.22e-05 
    40|      inf      -nan      -nan      -inf      -nan       inf  2.42e-05 
----------------------------------------------------------------------------
Status: Unbounded
Timing: Total solve time: 2.60e-05s
	Lin-sys: nnz in L factor: 9, avg solve time: 9.80e-08s
	Cones: avg projection time: 4.21e-08s
----------------------------------------------------------------------------
Certificate of dual infeasibility:
dist(s, K) = 0.0000e+00
|Ax + s|_2 * |c|_2 = 7.8117e-05
c'x = -1.0000
============================================================================
----------------------------------------------------------------------------
	SCS v1.1.5 - Splitting Conic Solver
	(c) Brendan O'Donoghue, Stanford University, 2012
----------------------------------------------------------------------------
Lin-sys: sparse-direct, nnz in A = 12
eps = 1.00e-04, alpha = 1.80, max_iters = 20000, normalize = 1, scale = 5.00
Variables n = 5, constraints m = 8
Cones:	linear vars: 8
Setup time: 4.46e-05s
----------------------------------------------------------------------------
 Iter | pri res | dua res | rel gap | pri obj | dua  Test: options.jl
obj | kap/tau | time (s)
----------------------------------------------------------------------------
     0|      inf       inf      -nan      -inf      -inf       inf  3.76e-04 
   100| 4.74e-04  4.98e-03  4.73e-05 -9.90e+01 -9.90e+01  0.00e+00  4.19e-04 
   200| 7.76e-05  3.29e-04  1.22e-06 -9.90e+01 -9.90e+01  0.00e+00  4.60e-04 
   280| 8.86e-06  7.42e-05  7.90e-07 -9.90e+01 -9.90e+01  0.00e+00  4.93e-04 
----------------------------------------------------------------------------
Status: Solved
Timing: Total solve time: 4.95e-04s
	Lin-sys: nnz in L factor: 25, avg solve time: 1.66e-07s
	Cones: avg projection time: 3.82e-08s
----------------------------------------------------------------------------
Error metrics:
dist(s, K) = 1.5332e-17, dist(y, K*) = 0.0000e+00, s'y/m = 3.5937e-16
|Ax + s - b|_2 / (1 + |b|_2) = 8.8607e-06
|A'y + c|_2 / (1 + |c|_2) = 7.4236e-05
|c'x + b'y| / (1 + |c'x| + |b'y|) = 7.8979e-07
----------------------------------------------------------------------------
c'x = -98.9998, -b'y = -98.9999
============================================================================
----------------------------------------------------------------------------
	SCS v1.1.5 - Splitting Conic Solver
	(c) Brendan O'Donoghue, Stanford University, 2012
----------------------------------------------------------------------------
Lin-sys: sparse-direct, nnz in A = 12
eps = 1.00e-04, alpha = 1.80, max_iters = 20000, normalize = 1, scale = 5.00
Variables n = 5, constraints m = 8
Cones:	linear vars: 8
Setup time: 4.25e-05s
----------------------------------------------------------------------------
 Iter | pri res | dua res | rel gap | pri obj | dua obj | kap/tau | time (s)
----------------------------------------------------------------------------
     0|      inf       inf      -nan      -inf      -inf       inf  1.12e-05 
   100| 4.74e-04  4.98e-03  4.73e-05 -9.90e+01 -9.90e+01  0.00e+00  5.48e-05 
   200| 7.76e-05  3.29e-04  1.22e-06 -9.90e+01 -9.90e+01  0.00e+00  9.64e-05 
   280| 8.86e-06  7.42e-05  7.90e-07 -9.90e+01 -9.90e+01  0.00e+00  1.61e-04 
----------------------------------------------------------------------------
Status: Solved
Timing: Total solve time: 1.62e-04s
	Lin-sys: nnz in L factor: 25, avg solve time: 2.50e-07s
	Cones: avg projection time: 3.74e-08s
----------------------------------------------------------------------------
Error metrics:
dist(s, K) = 1.5332e-17, dist(y, K*) = 0.0000e+00, s'y/m = 3.5937e-16
|Ax + s - b|_2 / (1 + |b|_2) = 8.8607e-06
|A'y + c|_2 / (1 + |c|_2) = 7.4236e-05
|c'x + b'y| / (1 + |c'x| + |b'y|) = 7.8979e-07
----------------------------------------------------------------------------
c'x = -98.9998, -b'y = -98.9999
============================================================================
----------------------------------------------------------------------------
	SCS v1.1.5 - Splitting Conic Solver
	(c) Brendan O'Donoghue, Stanford University, 2012
----------------------------------------------------------------------------
Lin-sys: sparse-direct, nnz in A = 12
eps = 1.00e-08, alpha = 1.80, max_iters = 20000, normalize = 1, scale = 5.00
Variables n = 5, constraints m = 8
Cones:	linear vars: 8
Setup time: 3.21e-05s
----------------------------------------------------------------------------
 Iter | pri res | dua res | rel gap | pri obj | dua obj | kap/tau | time (s)
----------------------------------------------------------------------------
     0|      inf       inf      -nan      -inf      -inf       inf  1.09e-05 
   100| 4.74e-04  4.98e-03  4.73e-05 -9.90e+01 -9.90e+01  0.00e+00  5.40e-05 
   200| 7.76e-05  3.29e-04  1.22e-06 -9.90e+01 -9.90e+01  0.00e+00  9.50e-05 
   300| 6.80e-06  3.16e-05  4.26e-07 -9.90e+01 -9.90e+01  0.00e+00  1.36e-04 
   400| 6.51e-07  5.89e-06  4.39e-08 -9.90e+01 -9.90e+01  0.00e+00  1.77e-04 
   500| 9.30e-08  7.37e-08  1.56e-09 -9.90e+01 -9.90e+01  0.00e+00  2.18e-04 
   600| 6.23e-09  5.99e-08  5.97e-10 -9.90e+01 -9.90e+01  0.00e+00  2.58e-04 
   640| 3.55e-09  9.14e-09  1.63e-10 -9.90e+01 -9.90e+01  0.00e+00  2.76e-04 
------------Problem LIN1
----------------------------------------------------------------
Status: Solved
Timing: Total solve time: 2.78e-04s
	Lin-sys: nnz in L factor: 25, avg solve time: 1.64e-07s
	Cones: avg projection time: 3.56e-08s
----------------------------------------------------------------------------
Error metrics:
dist(s, K) = 1.5332e-17, dist(y, K*) = 0.0000e+00, s'y/m = 2.1354e-17
|Ax + s - b|_2 / (1 + |b|_2) = 3.5532e-09
|A'y + c|_2 / (1 + |c|_2) = 9.1429e-09
|c'x + b'y| / (1 + |c'x| + |b'y|) = 1.6300e-10
----------------------------------------------------------------------------
c'x = -99.0000, -b'y = -99.0000
============================================================================
----------------------------------------------------------------------------
	SCS v1.1.5 - Splitting Conic Solver
	(c) Brendan O'Donoghue, Stanford University, 2012
----------------------------------------------------------------------------
Lin-sys: sparse-direct, nnz in A = 12
eps = 1.00e-08, alpha = 1.80, max_iters = 1, normalize = 1, scale = 5.00
Variables n = 5, constraints m = 8
Cones:	linear vars: 8
Setup time: 3.31e-05s
SCS using variable warm-starting
----------------------------------------------------------------------------
 Iter | pri res | dua res | rel gap | pri obj | dua obj | kap/tau | time (s)
----------------------------------------------------------------------------
     0| 3.92e-09  8.00e-09  2.07e-11 -9.90e+01 -9.90e+01  0.00e+00  2.13e-05 
----------------------------------------------------------------------------
Status: Solved
Timing: Total solve time: 2.32e-05s
	Lin-sys: nnz in L factor: 25, avg solve time: 1.03e-06s
	Cones: avg projection time: 5.44e-07s
----------------------------------------------------------------------------
Error metrics:
dist(s, K) = 1.5332e-17, dist(y, K*) = 0.0000e+00, s'y/m = 2.1354e-17
|Ax + s - b|_2 / (1 + |b|_2) = 3.9169e-09
|A'y + c|_2 / (1 + |c|_2) = 8.0023e-09
|c'x + b'y| / (1 + |c'x| + |b'y|) = 2.0733e-11
----------------------------------------------------------------------------
c'x = -99.0000, -b'y = -99.0000
============================================================================
----------------------------------------------------------------------------
	SCS v1.1.5 - Splitting Conic Solver
	(c) Brendan O'Donoghue, Stanford University, 2012
----------------------------------------------------------------------------
Lin-sys: sparse-direct, nnz in A = 12
eps = 1.00e-04, alpha = 1.80, max_iters = 1, normalize = 1, scale = 5.00
Variables n = 5, constraints m = 8
Cones:	linear vars: 8
Setup time: 3.26e-05s
SCS using variable warm-starting
----------------------------------------------------------------------------
 Iter | pri res | dua res | rel gap | pri obj | dua obj | kap/tau | time (s)
----------------------------------------------------------------------------
     0| 3.34e-09  2.12e-08  1.23e-10 -9.90e+01 -9.90e+01  0.00e+00  1.53e-05 
----------------------------------------------------------------------------
Status: Solved
Timing: Total solve time: 1.68e-05s
	Lin-sys: nnz in L factor: 25, avg solve time: 9.69e-07s
	Cones: avg projection time: 7.60e-07s
----------------------------------------------------------------------------
Error metrics:
dist(s, K) = 1.5332e-17, dist(y, K*) = 0.0000e+00, s'y/m = 2.1354e-17
|Ax + s - b|_2 / (1 + |b|_2) = 3.3439e-09
|A'y + c|_2 / (1 + |c|_2) = 2.1183e-08
|c'x + b'y| / (1 + |c'x| + |b'y|) = 1.2349e-10
----------------------------------------------------------------------------
c'x = -99.0000, -b'y = -99.0000
============================================================================
----------------------------------------------------------------------------
	SCS v1.1.5 - Splitting Conic Solver
	(c) Brendan O'Donoghue, Stanford University, 2012
----------------------------------------------------------------------------
Lin-sys: sparse-direct, nnz in A = 8
eps = 1.00e-04, alpha = 1.80, max_iters = 20000, normalize = 1, scale = 5.00
Variables n = 3, constraints m = 5
Cones:	primal zero / dual free vars: 2
	linear vars: 3
Setup time: 3.Problem LIN1A
Problem LIN2
16e-05s
----------------------------------------------------------------------------
 Iter | pri res | dua res | rel gap | pri obj | dua obj | kap/tau | time (s)
----------------------------------------------------------------------------
     0|      inf       inf      -nan      -inf       inf       inf  1.30e-05 
   100| 6.19e-03  4.07e-02  7.98e-04 -1.10e+01 -1.10e+01  0.00e+00  4.96e-05 
   200| 4.14e-04  3.40e-03  6.62e-05 -1.10e+01 -1.10e+01  0.00e+00  8.31e-05 
   280| 7.53e-05  9.88e-05  2.00e-06 -1.10e+01 -1.10e+01  0.00e+00  1.10e-04 
----------------------------------------------------------------------------
Status: Solved
Timing: Total solve time: 1.12e-04s
	Lin-sys: nnz in L factor: 17, avg solve time: 1.19e-07s
	Cones: avg projection time: 3.19e-08s
----------------------------------------------------------------------------
Error metrics:
dist(s, K) = 1.1509e-17, dist(y, K*) = 0.0000e+00, s'y/m = -1.1891e-17
|Ax + s - b|_2 / (1 + |b|_2) = 7.5268e-05
|A'y + c|_2 / (1 + |c|_2) = 9.8774e-05
|c'x + b'y| / (1 + |c'x| + |b'y|) = 2.0016e-06
----------------------------------------------------------------------------
c'x = -10.9996, -b'y = -10.9996
============================================================================
----------------------------------------------------------------------------
	SCS v1.1.5 - Splitting Conic Solver
	(c) Brendan O'Donoghue, Stanford University, 2012
----------------------------------------------------------------------------
Lin-sys: sparse-direct, nnz in A = 8
eps = 1.00e-04, alpha = 1.80, max_iters = 20000, normalize = 1, scale = 5.00
Variables n = 3, constraints m = 5
Cones:	primal zero / dual free vars: 2
	linear vars: 3
Setup time: 3.40e-05s
----------------------------------------------------------------------------
 Iter | pri res | dua res | rel gap | pri obj | dua obj | kap/tau | time (s)
----------------------------------------------------------------------------
     0|      inf       inf      -nan      -inf       inf       inf  1.12e-05 
   100| 6.19e-03  4.07e-02  7.98e-04 -1.10e+01 -1.10e+01  0.00e+00  4.55e-05 
   200| 4.14e-04  3.40e-03  6.62e-05 -1.10e+01 -1.10e+01  0.00e+00  7.78e-05 
   280| 7.53e-05  9.88e-05  2.00e-06 -1.10e+01 -1.10e+01  0.00e+00  1.04e-04 
----------------------------------------------------------------------------
Status: Solved
Timing: Total solve time: 1.06e-04s
	Lin-sys: nnz in L factor: 17, avg solve time: 1.16e-07s
	Cones: avg projection time: 2.85e-08s
----------------------------------------------------------------------------
Error metrics:
dist(s, K) = 1.1509e-17, dist(y, K*) = 0.0000e+00, s'y/m = -6.0225e-18
|Ax + s - b|_2 / (1 + |b|_2) = 7.5268e-05
|A'y + c|_2 / (1 + |c|_2) = 9.8774e-05
|c'x + b'y| / (1 + |c'x| + |b'y|) = 2.0016e-06
----------------------------------------------------------------------------
c'x = -10.9996, -b'y = -10.9996
============================================================================
----------------------------------------------------------------------------
	SCS v1.1.5 - Splitting Conic Solver
	(c) Brendan O'Donoghue, Stanford University, 2012
----------------------------------------------------------------------------
Lin-sys: sparse-direct, nnz in A = 8
eps = 1.00e-04, alpha = 1.80, max_iters = 20000, normalize = 1, scale = 5.00
Variables n = 4, constraints m = 6
Cones:	primal zero / dual free vars: 4
	linear vars: 2
Setup time: 3.38e-05s
----------------------------------------------------------------------------
 Iter | pri res | dua res | rel gap | pri obj | dua obj | kap/tau | time (s)
----------------------------------------------------------------------------
     0|      inf       inf      -nan      -inf       inf       inf  1.10e-05 
   100| 9.03e-06  7.87e-05  4.15e-07 -8.20e+01 -8.20e+01  2.38e-16  4.75e-05 
----------------------------------------------------------------------------
Status: Solved
Timing: Total solve time: 4.91e-05s
	Lin-sys: nnz in L factor: 18, avg solve time: 1.34e-07s
	Cones: avg projection time: 2.95e-08s
-----------------------------------------------------Problem LIN2A
Problem LIN3
Problem LIN4
-----------------------
Error metrics:
dist(s, K) = 2.3460e-16, dist(y, K*) = 0.0000e+00, s'y/m = -3.8170e-16
|Ax + s - b|_2 / (1 + |b|_2) = 9.0343e-06
|A'y + c|_2 / (1 + |c|_2) = 7.8703e-05
|c'x + b'y| / (1 + |c'x| + |b'y|) = 4.1538e-07
----------------------------------------------------------------------------
c'x = -81.9998, -b'y = -81.9997
============================================================================
----------------------------------------------------------------------------
	SCS v1.1.5 - Splitting Conic Solver
	(c) Brendan O'Donoghue, Stanford University, 2012
----------------------------------------------------------------------------
Lin-sys: sparse-direct, nnz in A = 10
eps = 1.00e-04, alpha = 1.80, max_iters = 20000, normalize = 1, scale = 5.00
Variables n = 4, constraints m = 8
Cones:	primal zero / dual free vars: 4
	linear vars: 4
Setup time: 4.25e-05s
----------------------------------------------------------------------------
 Iter | pri res | dua res | rel gap | pri obj | dua obj | kap/tau | time (s)
----------------------------------------------------------------------------
     0|      inf       inf      -nan      -inf       inf       inf  1.10e-05 
   100| 2.79e-04  1.69e-04  2.83e-06 -8.20e+01 -8.20e+01  0.00e+00  5.05e-05 
   160| 6.99e-06  8.79e-05  2.87e-07 -8.20e+01 -8.20e+01  0.00e+00  7.45e-05 
----------------------------------------------------------------------------
Status: Solved
Timing: Total solve time: 7.60e-05s
	Lin-sys: nnz in L factor: 22, avg solve time: 1.49e-07s
	Cones: avg projection time: 3.28e-08s
----------------------------------------------------------------------------
Error metrics:
dist(s, K) = 2.6256e-17, dist(y, K*) = 0.0000e+00, s'y/m = 2.3794e-17
|Ax + s - b|_2 / (1 + |b|_2) = 6.9916e-06
|A'y + c|_2 / (1 + |c|_2) = 8.7900e-05
|c'x + b'y| / (1 + |c'x| + |b'y|) = 2.8741e-07
----------------------------------------------------------------------------
c'x = -82.0000, -b'y = -81.9999
============================================================================
----------------------------------------------------------------------------
	SCS v1.1.5 - Splitting Conic Solver
	(c) Brendan O'Donoghue, Stanford University, 2012
----------------------------------------------------------------------------
Lin-sys: sparse-direct, nnz in A = 2
eps = 1.00e-04, alpha = 1.80, max_iters = 20000, normalize = 1, scale = 5.00
Variables n = 1, constraints m = 2
Cones:	linear vars: 2
Setup time: 4.02e-05s
----------------------------------------------------------------------------
 Iter | pri res | dua res | rel gap | pri obj | dua obj | kap/tau | time (s)
----------------------------------------------------------------------------
     0|     -nan      -nan      -nan      -nan       inf       inf  4.43e-05 
----------------------------------------------------------------------------
Status: Infeasible
Timing: Total solve time: 5.00e-05s
	Lin-sys: nnz in L factor: 5, avg solve time: 1.12e-05s
	Cones: avg projection time: 4.37e-06s
----------------------------------------------------------------------------
Certificate of primal infeasibility:
dist(y, K*) = 0.0000e+00
|A'y|_2 * |b|_2 = 0.0000e+00
b'y = -1.0000
============================================================================
----------------------------------------------------------------------------
	SCS v1.1.5 - Splitting Conic Solver
	(c) Brendan O'Donoghue, Stanford University, 2012
----------------------------------------------------------------------------
Lin-sys: sparse-direct, nnz in A = 2
eps = 1.00e-04, alpha = 1.80, max_iters = 20000, normalize = 1, scale = 5.00
Variables n = 1, constraints m = 2
Cones:	linear vars: 2
Setup time: 3.02e-05s
----------------------------------------------------------------------------
 Iter | pri res | dua res | rel gap | pri obj | dua obj | kap/tau | time (s)
----------------------------------------------------------------------------
     0|      inf       inf      -nan      -nan       inf       inf  9.75e-06 
----------------------------------------------------------------Problem SOC1
Problem SOC1A
Problem SOC2
------------
Status: Infeasible
Timing: Total solve time: 1.19e-05s
	Lin-sys: nnz in L factor: 5, avg solve time: 8.51e-07s
	Cones: avg projection time: 4.47e-07s
----------------------------------------------------------------------------
Certificate of primal infeasibility:
dist(y, K*) = 0.0000e+00
|A'y|_2 * |b|_2 = 7.9994e-05
b'y = -1.0000
============================================================================
----------------------------------------------------------------------------
	SCS v1.1.5 - Splitting Conic Solver
	(c) Brendan O'Donoghue, Stanford University, 2012
----------------------------------------------------------------------------
Lin-sys: sparse-direct, nnz in A = 4
eps = 1.00e-04, alpha = 1.80, max_iters = 20000, normalize = 1, scale = 5.00
Variables n = 3, constraints m = 4
Cones:	primal zero / dual free vars: 1
	soc vars: 3, soc blks: 1
Setup time: 5.86e-05s
----------------------------------------------------------------------------
 Iter | pri res | dua res | rel gap | pri obj | dua obj | kap/tau | time (s)
----------------------------------------------------------------------------
     0|      inf       inf      -nan      -inf       inf       inf  9.82e-05 
    60| 4.13e-07  3.37e-06  1.92e-06 -1.41e+00 -1.41e+00  0.00e+00  2.45e-04 
----------------------------------------------------------------------------
Status: Solved
Timing: Total solve time: 2.47e-04s
	Lin-sys: nnz in L factor: 11, avg solve time: 1.07e-06s
	Cones: avg projection time: 6.71e-07s
----------------------------------------------------------------------------
Error metrics:
dist(s, K) = 8.3414e-18, dist(y, K*) = 0.0000e+00, s'y/m = 0.0000e+00
|Ax + s - b|_2 / (1 + |b|_2) = 4.1295e-07
|A'y + c|_2 / (1 + |c|_2) = 3.3686e-06
|c'x + b'y| / (1 + |c'x| + |b'y|) = 1.9219e-06
----------------------------------------------------------------------------
c'x = -1.4142, -b'y = -1.4142
============================================================================
----------------------------------------------------------------------------
	SCS v1.1.5 - Splitting Conic Solver
	(c) Brendan O'Donoghue, Stanford University, 2012
----------------------------------------------------------------------------
Lin-sys: sparse-direct, nnz in A = 4
eps = 1.00e-04, alpha = 1.80, max_iters = 20000, normalize = 1, scale = 5.00
Variables n = 3, constraints m = 4
Cones:	primal zero / dual free vars: 1
	soc vars: 3, soc blks: 1
Setup time: 3.07e-05s
----------------------------------------------------------------------------
 Iter | pri res | dua res | rel gap | pri obj | dua obj | kap/tau | time (s)
----------------------------------------------------------------------------
     0|      inf       inf      -nan      -inf       inf       inf  9.91e-06 
    60| 4.13e-07  3.37e-06  1.92e-06 -1.41e+00 -1.41e+00  0.00e+00  3.07e-05 
----------------------------------------------------------------------------
Status: Solved
Timing: Total solve time: 3.21e-05s
	Lin-sys: nnz in L factor: 11, avg solve time: 1.06e-07s
	Cones: avg projection time: 4.87e-08s
----------------------------------------------------------------------------
Error metrics:
dist(s, K) = 8.3414e-18, dist(y, K*) = 0.0000e+00, s'y/m = 0.0000e+00
|Ax + s - b|_2 / (1 + |b|_2) = 4.1295e-07
|A'y + c|_2 / (1 + |c|_2) = 3.3686e-06
|c'x + b'y| / (1 + |c'x| + |b'y|) = 1.9219e-06
----------------------------------------------------------------------------
c'x = -1.4142, -b'y = -1.4142
============================================================================
----------------------------------------------------------------------------
	SCS v1.1.5 - Splitting Conic Solver
	(c) Brendan O'Donoghue, Stanford University, 2012
----------------------------------------------------------------------------
Lin-sys: sparse-direct, nnz in A = 5
eps = 1.00e-04, alpha = 1.80, max_iters = 20000, normalize = 1, scale = 5.00
Variables n = 3, constraints m = 5
Cones:	primal zero / dual free vars: 1
	linear vars: 1
	soc vars: 3, soc blks: 1
Setup time: 4.14e-05s
------------------------------------------------------Problem SOC2
Problem SOC3
Problem 4
----------------------
 Iter | pri res | dua res | rel gap | pri obj | dua obj | kap/tau | time (s)
----------------------------------------------------------------------------
     0|      inf       inf      -nan      -inf       inf       inf  4.10e-04 
    60| 1.96e-06  2.18e-06  6.54e-07 -7.07e-01 -7.07e-01  2.14e-17  4.32e-04 
----------------------------------------------------------------------------
Status: Solved
Timing: Total solve time: 4.34e-04s
	Lin-sys: nnz in L factor: 13, avg solve time: 1.17e-07s
	Cones: avg projection time: 5.45e-08s
----------------------------------------------------------------------------
Error metrics:
dist(s, K) = 8.2073e-18, dist(y, K*) = 0.0000e+00, s'y/m = -4.4409e-17
|Ax + s - b|_2 / (1 + |b|_2) = 1.9646e-06
|A'y + c|_2 / (1 + |c|_2) = 2.1787e-06
|c'x + b'y| / (1 + |c'x| + |b'y|) = 6.5405e-07
----------------------------------------------------------------------------
c'x = -0.7071, -b'y = -0.7071
============================================================================
----------------------------------------------------------------------------
	SCS v1.1.5 - Splitting Conic Solver
	(c) Brendan O'Donoghue, Stanford University, 2012
----------------------------------------------------------------------------
Lin-sys: sparse-direct, nnz in A = 5
eps = 1.00e-04, alpha = 1.80, max_iters = 20000, normalize = 1, scale = 5.00
Variables n = 3, constraints m = 5
Cones:	primal zero / dual free vars: 1
	linear vars: 1
	soc vars: 3, soc blks: 1
Setup time: 5.06e-05s
----------------------------------------------------------------------------
 Iter | pri res | dua res | rel gap | pri obj | dua obj | kap/tau | time (s)
----------------------------------------------------------------------------
     0|      inf       inf      -nan      -inf       inf       inf  1.15e-05 
    60| 1.96e-06  2.18e-06  6.54e-07 -7.07e-01 -7.07e-01  2.14e-17  4.45e-05 
----------------------------------------------------------------------------
Status: Solved
Timing: Total solve time: 4.65e-05s
	Lin-sys: nnz in L factor: 13, avg solve time: 1.20e-07s
	Cones: avg projection time: 5.54e-08s
----------------------------------------------------------------------------
Error metrics:
dist(s, K) = 8.2073e-18, dist(y, K*) = 0.0000e+00, s'y/m = -4.4409e-17
|Ax + s - b|_2 / (1 + |b|_2) = 1.9646e-06
|A'y + c|_2 / (1 + |c|_2) = 2.1787e-06
|c'x + b'y| / (1 + |c'x| + |b'y|) = 6.5405e-07
----------------------------------------------------------------------------
c'x = -0.7071, -b'y = -0.7071
============================================================================
----------------------------------------------------------------------------
	SCS v1.1.5 - Splitting Conic Solver
	(c) Brendan O'Donoghue, Stanford University, 2012
----------------------------------------------------------------------------
Lin-sys: sparse-direct, nnz in A = 4
eps = 1.00e-04, alpha = 1.80, max_iters = 20000, normalize = 1, scale = 5.00
Variables n = 2, constraints m = 4
Cones:	linear vars: 2
	soc vars: 2, soc blks: 1
Setup time: 3.18e-05s
----------------------------------------------------------------------------
 Iter | pri res | dua res | rel gap | pri obj | dua obj | kap/tau | time (s)
----------------------------------------------------------------------------
     0|      inf       inf      -nan      -nan       inf       inf  1.14e-05 
    60|      inf       inf      -nan      -nan       inf       inf  2.99e-05 
----------------------------------------------------------------------------
Status: Infeasible
Timing: Total solve time: 3.17e-05s
	Lin-sys: nnz in L factor: 10, avg solve time: 9.38e-08s
	Cones: avg projection time: 5.08e-08s
----------------------------------------------------------------------------
Certificate of primal infeasibility:
dist(y, K*) = 0.0000e+00
|A'y|_2 * |b|_2 = 5.7183e-06
b'y = -1.0000
============================================================================
----------------------------------------------------------------------------
	SCS v1.1.5 - Splitting Conic Solver
	(c) Brendan O'Donoghue, Stanford UProblem 4A
niversity, 2012
----------------------------------------------------------------------------
Lin-sys: sparse-direct, nnz in A = 5
eps = 1.00e-04, alpha = 1.80, max_iters = 20000, normalize = 1, scale = 5.00
Variables n = 3, constraints m = 5
Cones:	primal zero / dual free vars: 2
	exp vars: 3, dual exp vars: 0
Setup time: 3.59e-04s
----------------------------------------------------------------------------
 Iter | pri res | dua res | rel gap | pri obj | dua obj | kap/tau | time (s)
----------------------------------------------------------------------------
     0|      inf       inf      -nan       inf       inf       inf  3.64e-05 
    60| 5.70e-06  5.33e-06  2.70e-06  6.30e+00  6.30e+00  1.67e-17  3.24e-03 
----------------------------------------------------------------------------
Status: Solved
Timing: Total solve time: 3.24e-03s
	Lin-sys: nnz in L factor: 13, avg solve time: 8.88e-07s
	Cones: avg projection time: 5.01e-05s
----------------------------------------------------------------------------
Error metrics:
dist(s, K) = 4.9955e-17, dist(y, K*) = 0.0000e+00, s'y/m = 7.7053e-10
|Ax + s - b|_2 / (1 + |b|_2) = 5.7028e-06
|A'y + c|_2 / (1 + |c|_2) = 5.3311e-06
|c'x + b'y| / (1 + |c'x| + |b'y|) = 2.7025e-06
----------------------------------------------------------------------------
c'x = 6.2975, -b'y = 6.2975
============================================================================
----------------------------------------------------------------------------
	SCS v1.1.5 - Splitting Conic Solver
	(c) Brendan O'Donoghue, Stanford University, 2012
----------------------------------------------------------------------------
Lin-sys: sparse-direct, nnz in A = 5
eps = 1.00e-04, alpha = 1.80, max_iters = 20000, normalize = 1, scale = 5.00
Variables n = 3, constraints m = 5
Cones:	primal zero / dual free vars: 2
	exp vars: 3, dual exp vars: 0
Setup time: 3.02e-05s
----------------------------------------------------------------------------
 Iter | pri res | dua res | rel gap | pri obj | dua obj | kap/tau | time (s)
----------------------------------------------------------------------------
     0|      inf       inf      -nan       inf       inf       inf  3.66e-05 
    60| 5.70e-06  5.33e-06  2.70e-06  6.30e+00  6.30e+00  1.67e-17  3.13e-03 
----------------------------------------------------------------------------
Status: Solved
Timing: Total solve time: 3.13e-03s
	Lin-sys: nnz in L factor: 13, avg solve time: 1.34e-06s
	Cones: avg projection time: 4.71e-05s
----------------------------------------------------------------------------
Error metrics:
dist(s, K) = 4.9955e-17, dist(y, K*) = 0.0000e+00, s'y/m = 7.7053e-10
|Ax + s - b|_2 / (1 + |b|_2) = 5.7028e-06
|A'y + c|_2 / (1 + |c|_2) = 5.3311e-06
|c'x + b'y| / (1 + |c'x| + |b'y|) = 2.7025e-06
----------------------------------------------------------------------------
c'x = 6.2975, -b'y = 6.2975
============================================================================
INFO: SCS tests passed

>>> End of log
