>>> 'Pkg.add("SDE")' log
INFO: Cloning cache of Cubature from git://github.com/stevengj/Cubature.jl.git
INFO: Cloning cache of SDE from git://github.com/mschauer/SDE.jl.git
INFO: Installing ArrayViews v0.6.2
INFO: Installing BinDeps v0.3.14
INFO: Installing Cubature v1.0.5
INFO: Installing Distributions v0.8.2
INFO: Installing PDMats v0.3.5
INFO: Installing SDE v0.3.1
INFO: Installing SHA v0.0.4
INFO: Installing StatsBase v0.7.0
INFO: Installing StatsFuns v0.1.1
INFO: Installing URIParser v0.0.5
INFO: Building Cubature
  % Total    % Received % Xferd  Average Speed   Time    Time     Time  Current
                                 Dload  Upload   Total   Spent    Left  Speed
  0     0    0     0    0     0      0      0 --:--:-- --:--:-- --:--:--     0  0     0    0     0    0     0      0      0 --:--:-- --:--:-- --:--:--     0  0     0    0     0    0     0      0      0 --:--:--  0:00:01 --:--:--     0  0     0    0     0    0     0      0      0 --:--:--  0:00:02 --:--:--     0  0     0    0     0    0     0      0      0 --:--:--  0:00:03 --:--:--     0  0     0    0     0    0     0      0      0 --:--:--  0:00:04 --:--:--     0  0     0    0     0    0     0      0      0 --:--:--  0:00:05 --:--:--     0  5 14.5M    5  803k    0     0   127k      0  0:01:56  0:00:06  0:01:50  168k 18 14.5M   18 2762k    0     0   378k      0  0:00:39  0:00:07  0:00:32  580k 32 14.5M   32 4844k    0     0   582k      0  0:00:25  0:00:08  0:00:17 1013k 44 14.5M   44 6675k    0     0   717k      0  0:00:20  0:00:09  0:00:11 1402k 55 14.5M   55 8334k    0     0   809k      0  0:00:18  0:00:10  0:00:08 1754k 67 14.5M   67  9.8M    0     0   897k      0  0:00:16  0:00:11  0:00:05 1868k 82 14.5M   82 11.9M    0     0   996k      0  0:00:14  0:00:12  0:00:02 1897k 97 14.5M   97 14.1M    0     0  1084k      0  0:00:13  0:00:13 --:--:-- 1908k100 14.5M  100 14.5M    0     0  1102k      0  0:00:13  0:00:13 --:--:-- 1949k
Compiling hcubature.c...
Compiling pcubature.c...
Linking libcubature...
WARNING: src::AbstractCmd |> dest::AbstractString is deprecated, use pipe(src,dest) instead.
 in depwarn at ./deprecated.jl:63
 in |> at deprecated.jl:49
 in include at ./boot.jl:254
 in include_from_node1 at ./loading.jl:196
 in evalfile at loading.jl:212 (repeats 2 times)
 in anonymous at pkg/entry.jl:652
 in cd at ./file.jl:22
 in build! at pkg/entry.jl:651
 in build at pkg/entry.jl:663
 in resolve at ./pkg/entry.jl:472
 in edit at pkg/entry.jl:26
 in anonymous at task.jl:446
while loading /home/vagrant/.julia/v0.4/Cubature/deps/build.jl, in expression starting on line 26
INFO: Building SDE
Compiling sigma.c...
Linking libsigma...
INFO: Package database updated

>>> 'Pkg.test("SDE")' log
Julia Version 0.4.0-dev+6477
Commit dce9d18* (2015-08-02 23:54 UTC)
Platform Info:
  System: Linux (x86_64-unknown-linux-gnu)
  CPU: Intel(R) Core(TM) i7-4960HQ CPU @ 2.60GHz
  WORD_SIZE: 64
  BLAS: libopenblas (USE64BITINT DYNAMIC_ARCH NO_AFFINITY Nehalem)
  LAPACK: libopenblas
  LIBM: libopenlibm
  LLVM: libLLVM-3.3
INFO: Testing SDE
WARNING: `require` is deprecated, use `using` or `import` instead
 in depwarn at ./deprecated.jl:63
 in require at deprecated.jl:648
 in include at ./boot.jl:254
 in include_from_node1 at ./loading.jl:196
 in process_options at ./client.jl:308
 in _start at ./client.jl:411
while loading /home/vagrant/.julia/v0.4/SDE/test/runtests.jl, in expression starting on line 2

WARNING: deprecated syntax "Vs (" at /home/vagrant/.julia/v0.4/SDE/src/SDE.jl:724.
Use "Vs(" instead.

WARNING: deprecated syntax "dotVs (" at /home/vagrant/.julia/v0.4/SDE/src/SDE.jl:727.
Use "dotVs(" instead.

WARNING: deprecated syntax "Vs (" at /home/vagrant/.julia/v0.4/SDE/src/SDE.jl:736.
Use "Vs(" instead.

WARNING: deprecated syntax "Vs (" at /home/vagrant/.julia/v0.4/SDE/src/SDE.jl:739.
Use "Vs(" instead.

WARNING: deprecated syntax "dotVs (" at /home/vagrant/.julia/v0.4/SDE/src/SDE.jl:743.
Use "dotVs(" instead.

WARNING: deprecated syntax "dotVs (" at /home/vagrant/.julia/v0.4/SDE/src/SDE.jl:746.
Use "dotVs(" instead.
WARNING: module SDE should explicitly import getindex from Base
WARNING: module SDE should explicitly import setindex! from Base
WARNING: both SDE and Distributions export "sample"; uses of it in module Main must be qualified
ERROR: LoadError: LoadError: test error in expression: size(sample(linspace(3.0,4.0,2),Wiener(d)).yy) == (d,2)
UndefVarError: sample not defined
 in anonymous at test.jl:90
 in do_test at test.jl:50
 in include at ./boot.jl:254
 in include_from_node1 at ./loading.jl:196
 in include at ./boot.jl:254
 in include_from_node1 at ./loading.jl:196
 in process_options at ./client.jl:308
 in _start at ./client.jl:411
 in anonymous at test.jl:90
 in do_test at test.jl:50
 in include at ./boot.jl:254
 in include_from_node1 at ./loading.jl:196
 in include at ./boot.jl:254
 in include_from_node1 at ./loading.jl:196
 in process_options at ./client.jl:308
 in _start at ./client.jl:411
while loading /home/vagrant/.julia/v0.4/SDE/test/testsde.jl, in expression starting on line 25
while loading /home/vagrant/.julia/v0.4/SDE/test/runtests.jl, in expression starting on line 6
=================================[ ERROR: SDE ]=================================

failed process: Process(`/home/vagrant/julia/bin/julia --check-bounds=yes --code-coverage=none --color=no /home/vagrant/.julia/v0.4/SDE/test/runtests.jl`, ProcessExited(1)) [1]

================================================================================
ERROR: SDE had test errors
 in error at ./error.jl:21
 in test at pkg/entry.jl:746
 in anonymous at pkg/dir.jl:31
 in cd at file.jl:22
 in cd at pkg/dir.jl:31
 in test at pkg.jl:71
 in process_options at ./client.jl:284
 in _start at ./client.jl:411

>>> End of log
