No tests, tried 'using SDL', failed!
INFO: Installing BinDeps v0.2.12
INFO: Installing Cartesian v0.1.5
INFO: Installing Color v0.2.9
INFO: Installing GetC v1.1.1
INFO: Installing Images v0.2.36
INFO: Installing OpenGL v2.0.3
INFO: Installing SDL v0.1.5
INFO: Installing SIUnits v0.0.1
INFO: Installing TexExtensions v0.0.1
INFO: Installing URIParser v0.0.2
INFO: Installing Zlib v0.1.7
INFO: Building Images
INFO: Building SDL
=================================[ ERROR: SDL ]=================================

None of the selected providers can install dependency libSDL_gfx
while loading /home/idunning/pkgtest/.julia/v0.3/SDL/deps/build.jl, in expression starting on line 44

================================================================================

================================[ BUILD ERRORS ]================================

WARNING: SDL had build errors.

 - packages with build errors remain installed in /home/idunning/pkgtest/.julia/v0.3
 - build a package and all its dependencies with `Pkg.build(pkg)`
 - build a single package by running its `deps/build.jl` script

================================================================================
INFO: Package database updated
ERROR: could not open file /home/idunning/pkgtest/.julia/v0.3/SDL/src/../deps/deps.jl
 in include at boot.jl:244 (repeats 2 times)
 in reload_path at loading.jl:152
 in _require at loading.jl:67
 in require at loading.jl:51
 in include at boot.jl:244
 in include_from_node1 at loading.jl:128
while loading /home/idunning/pkgtest/.julia/v0.3/SDL/src/SDL.jl, in expression starting on line 8
while loading /home/idunning/pkgtest/.julia/v0.3/.trash/SDE/testusing.jl, in expression starting on line 1
INFO: Package database updated
