>>> 'Pkg.add("SDWBA")' log
INFO: Cloning cache of SDWBA from https://github.com/ElOceanografo/SDWBA.jl.git
INFO: Installing Docile v0.5.23
INFO: Installing Lexicon v0.1.18
INFO: Installing SDWBA v0.0.2
INFO: Package database updated

>>> 'Pkg.test("SDWBA")' log
Julia Version 0.5.2
Commit f4c6c9d (2017-05-06 16:34 UTC)
Platform Info:
  OS: Linux (x86_64-pc-linux-gnu)
  CPU: Intel(R) Xeon(R) CPU E3-1241 v3 @ 3.50GHz
  WORD_SIZE: 64
           Ubuntu 14.04.5 LTS
  uname: Linux 3.13.0-128-generic #177-Ubuntu SMP Tue Aug 8 11:40:23 UTC 2017 x86_64 x86_64
Memory: 2.9392738342285156 GB (1066.7109375 MB free)
Uptime: 39228.0 sec
Load Avg:  1.04052734375  1.04150390625  1.16162109375
Intel(R) Xeon(R) CPU E3-1241 v3 @ 3.50GHz: 
       speed         user         nice          sys         idle          irq
#1  3500 MHz    2533034 s       6535 s     240671 s     695238 s         60 s
#2  3500 MHz     853229 s         92 s     107930 s    2868612 s          2 s

  BLAS: libopenblas (USE64BITINT DYNAMIC_ARCH NO_AFFINITY Nehalem)
  LAPACK: libopenblas64_
  LIBM: libopenlibm
  LLVM: libLLVM-3.7.1 (ORCJIT, haswell)
Environment:
  TERM = vt100
  LD_LIBRARY_PATH = :/usr/local/lib/
  PATH = /usr/local/sbin:/usr/local/bin:/usr/sbin:/usr/bin:/sbin:/bin:/usr/games:/usr/local/games:/home/vagrant/julia/bin/
  JAVA_HOME = /usr/lib/jvm/java-8-openjdk-amd64
  HOME = /home/vagrant

Package Directory: /home/vagrant/.julia/v0.5
2 required packages:
 - JSON                          0.13.0
 - SDWBA                         0.0.2
3 additional packages:
 - Compat                        0.30.0
 - Docile                        0.5.23
 - Lexicon                       0.1.18
INFO: Testing SDWBA

Passed all tests.
INFO: SDWBA tests passed

>>> End of log
