>>> 'Pkg.add("SemidefiniteModel")' log
INFO: Cloning cache of SemidefiniteModel from https://github.com/blegat/SemidefiniteModel.jl.git
INFO: Installing GZip v0.2.20
INFO: Installing MathProgBase v0.5.10
INFO: Installing SemidefiniteModel v0.0.1
INFO: Removing ColorTypes v0.2.12
INFO: Removing Colors v0.6.9
INFO: Removing Conda v0.4.0
INFO: Removing Docile v0.5.23
INFO: Removing FixedPointNumbers v0.2.1
INFO: Removing Grid v0.4.2
INFO: Removing Lexicon v0.1.18
INFO: Removing MacroTools v0.3.4
INFO: Removing PyCall v1.8.0
INFO: Removing PyPlot v2.2.4
INFO: Removing Reexport v0.0.3
INFO: Removing Requires v0.3.0
INFO: Removing WoodburyMatrices v0.2.1
INFO: Package database updated
INFO: METADATA is out-of-date — you may not have the latest version of SemidefiniteModel
INFO: Use `Pkg.update()` to get the latest versions of your packages

>>> 'Pkg.test("SemidefiniteModel")' log
Julia Version 0.5.0
Commit 3c9d753 (2016-09-19 18:14 UTC)
Platform Info:
  System: Linux (x86_64-pc-linux-gnu)
  CPU: Intel(R) Xeon(R) CPU E3-1241 v3 @ 3.50GHz
  WORD_SIZE: 64
           Ubuntu 14.04.5 LTS
  uname: Linux 3.13.0-107-generic #154-Ubuntu SMP Tue Dec 20 09:57:27 UTC 2016 x86_64 x86_64
Memory: 2.9392738342285156 GB (970.95703125 MB free)
Uptime: 26182.0 sec
Load Avg:  0.974609375  1.0029296875  1.03369140625
Intel(R) Xeon(R) CPU E3-1241 v3 @ 3.50GHz: 
       speed         user         nice          sys         idle          irq
#1  3500 MHz    1638896 s       4576 s     139347 s     520899 s         62 s
#2  3500 MHz     456191 s       1813 s      68882 s    2032095 s          0 s

  BLAS: libopenblas (USE64BITINT DYNAMIC_ARCH NO_AFFINITY Nehalem)
  LAPACK: libopenblas64_
  LIBM: libopenlibm
  LLVM: libLLVM-3.7.1 (ORCJIT, haswell)
Environment:
  TERM = vt100
  LD_LIBRARY_PATH = :/usr/local/lib/
  PATH = /usr/local/sbin:/usr/local/bin:/usr/sbin:/usr/bin:/sbin:/bin:/usr/games:/usr/local/games:/home/vagrant/julia/bin/
  JAVA_HOME = /usr/lib/jvm/java-7-oracle
  HOME = /home/vagrant

Package Directory: /home/vagrant/.julia/v0.5
2 required packages:
 - JSON                          0.8.0
 - SemidefiniteModel             0.0.1
20 additional packages:
 - BinDeps                       0.4.5
 - Calculus                      0.1.15
 - Compat                        0.11.0
 - Distributions                 0.11.1
 - GZip                          0.2.20
 - GenerativeModels              0.0.0-             master (unregistered)
 - Iterators                     0.2.0
 - LaTeXStrings                  0.2.0
 - MathProgBase                  0.5.10
 - PDMats                        0.5.2
 - POMDPBounds                   0.0.0-             master (unregistered)
 - POMDPModels                   0.0.0-             master (unregistered)
 - POMDPToolbox                  0.0.0-             master (unregistered)
 - POMDPs                        0.4.0
 - Rmath                         0.1.6
 - SHA                           0.3.0
 - StatsBase                     0.12.0
 - StatsFuns                     0.3.1
 - TikzPictures                  0.3.5
 - URIParser                     0.1.7
INFO: Testing SemidefiniteModel
INFO: SemidefiniteModel tests passed
INFO: No packages to install, update or remove

>>> End of log
