>>> 'Pkg.add("SemialgebraicSets")' log
[ Info: Installing MultivariatePolynomials v0.1.2
[ Info: Installing SemialgebraicSets v0.0.2
[ Info: Package database updated

>>> 'Pkg.test("SemialgebraicSets")' log
Julia Version 0.7.0-DEV.3421
Commit 2042dcfc2e (2018-01-16 23:39 UTC)
Platform Info:
  OS: Linux (x86_64-pc-linux-gnu)
      Ubuntu 14.04.5 LTS
  uname: Linux 3.13.0-135-generic #184-Ubuntu SMP Wed Oct 18 11:55:51 UTC 2017 x86_64 x86_64
  CPU: Intel(R) Xeon(R) CPU E3-1241 v3 @ 3.50GHz: 
              speed         user         nice          sys         idle          irq
       #1  3499 MHz    2378590 s        764 s     125907 s     647561 s         19 s
       #2  3499 MHz     491997 s       5822 s      45781 s    3114467 s          0 s
       
  Memory: 2.93927001953125 GB (632.3203125 MB free)
  Uptime: 37134.0 sec
  Load Avg:  1.0029296875  0.998046875  0.9599609375
  WORD_SIZE: 64
  BLAS: libopenblas (USE64BITINT DYNAMIC_ARCH NO_AFFINITY Nehalem)
  LAPACK: libopenblas64_
  LIBM: libopenlibm
  LLVM: libLLVM-3.9.1 (ORCJIT, haswell)
Environment:
  TERM = vt100
  LD_LIBRARY_PATH = :/usr/local/lib/
  PATH = /usr/local/sbin:/usr/local/bin:/usr/sbin:/usr/bin:/sbin:/bin:/usr/games:/usr/local/games:/home/vagrant/julia/bin/
  JAVA_HOME = /usr/lib/jvm/java-8-openjdk-amd64
  HOME = /home/vagrant
Packages:
  Package Directory: /home/vagrant/.julia/v0.7
  Package Status:
2 required packages:
 - JSON                          0.16.4
 - SemialgebraicSets             0.0.2
4 additional packages:
 - Compat                        0.46.0
 - MultivariatePolynomials       0.1.2
 - Nullables                     0.0.3
 - tmpueiSOW                     0.0.0-             non-repo (unregistered)
[ Info: Computing test dependencies for SemialgebraicSets...
[ Info: Installing DynamicPolynomials v0.0.2
[ Info: Testing SemialgebraicSets
WARNING: importing deprecated binding Base.Void into MultivariatePolynomials.
WARNING: Base.Void is deprecated, use Nothing instead.
  likely near /home/vagrant/.julia/v0.7/MultivariatePolynomials/src/comparison.jl:10
WARNING: Base.Void is deprecated, use Nothing instead.
  likely near /home/vagrant/.julia/v0.7/MultivariatePolynomials/src/comparison.jl:11
WARNING: Base.Void is deprecated, use Nothing instead.
  likely near /home/vagrant/.julia/v0.7/MultivariatePolynomials/src/comparison.jl:14
WARNING: Base.Void is deprecated, use Nothing instead.
  likely near /home/vagrant/.julia/v0.7/MultivariatePolynomials/src/comparison.jl:15
┌ Warning: Use of final value of loop variable `i` around /home/vagrant/.julia/v0.7/SemialgebraicSets/src/groebner.jl:131 is deprecated. In the future the variable will be local to the loop instead.
└ @ nothing groebner.jl:131
┌ Warning: Syntax `&argument` around /home/vagrant/.julia/v0.7/SemialgebraicSets/src/schur.jl:37 is deprecated. Remove the `&` and use a `Ref` argument type instead.
└ @ nothing schur.jl:37
┌ Warning: Syntax `&argument` around /home/vagrant/.julia/v0.7/SemialgebraicSets/src/schur.jl:37 is deprecated. Remove the `&` and use a `Ref` argument type instead.
└ @ nothing schur.jl:37
┌ Warning: Syntax `&argument` around /home/vagrant/.julia/v0.7/SemialgebraicSets/src/schur.jl:37 is deprecated. Remove the `&` and use a `Ref` argument type instead.
└ @ nothing schur.jl:37
┌ Warning: Syntax `&argument` around /home/vagrant/.julia/v0.7/SemialgebraicSets/src/schur.jl:37 is deprecated. Remove the `&` and use a `Ref` argument type instead.
└ @ nothing schur.jl:37
┌ Warning: Syntax `&argument` around /home/vagrant/.julia/v0.7/SemialgebraicSets/src/schur.jl:37 is deprecated. Remove the `&` and use a `Ref` argument type instead.
└ @ nothing schur.jl:37
┌ Warning: Syntax `&argument` around /home/vagrant/.julia/v0.7/SemialgebraicSets/src/schur.jl:37 is deprecated. Remove the `&` and use a `Ref` argument type instead.
└ @ nothing schur.jl:37
┌ Warning: Syntax `&argument` around /home/vagrant/.julia/v0.7/SemialgebraicSets/src/schur.jl:37 is deprecated. Remove the `&` and use a `Ref` argument type instead.
└ @ nothing schur.jl:37
┌ Warning: Syntax `&argument` around /home/vagrant/.julia/v0.7/SemialgebraicSets/src/schur.jl:37 is deprecated. Remove the `&` and use a `Ref` argument type instead.
└ @ nothing schur.jl:37
WARNING: importing deprecated binding Base.Void into SemialgebraicSets.
WARNING: Base.Void is deprecated, use Nothing instead.
  likely near /home/vagrant/.julia/v0.7/SemialgebraicSets/src/schur.jl:19
┌ Warning: Syntax `&argument` around /home/vagrant/.julia/v0.7/SemialgebraicSets/src/schur.jl:37 is deprecated. Remove the `&` and use a `Ref` argument type instead.
└ @ nothing schur.jl:37
┌ Warning: Syntax `&argument` around /home/vagrant/.julia/v0.7/SemialgebraicSets/src/schur.jl:37 is deprecated. Remove the `&` and use a `Ref` argument type instead.
└ @ nothing schur.jl:37
┌ Warning: Syntax `&argument` around /home/vagrant/.julia/v0.7/SemialgebraicSets/src/schur.jl:37 is deprecated. Remove the `&` and use a `Ref` argument type instead.
└ @ nothing schur.jl:37
┌ Warning: Syntax `&argument` around /home/vagrant/.julia/v0.7/SemialgebraicSets/src/schur.jl:37 is deprecated. Remove the `&` and use a `Ref` argument type instead.
└ @ nothing schur.jl:37
┌ Warning: Syntax `&argument` around /home/vagrant/.julia/v0.7/SemialgebraicSets/src/schur.jl:37 is deprecated. Remove the `&` and use a `Ref` argument type instead.
└ @ nothing schur.jl:37
┌ Warning: Syntax `&argument` around /home/vagrant/.julia/v0.7/SemialgebraicSets/src/schur.jl:37 is deprecated. Remove the `&` and use a `Ref` argument type instead.
└ @ nothing schur.jl:37
┌ Warning: Syntax `&argument` around /home/vagrant/.julia/v0.7/SemialgebraicSets/src/schur.jl:37 is deprecated. Remove the `&` and use a `Ref` argument type instead.
└ @ nothing schur.jl:37
┌ Warning: Syntax `&argument` around /home/vagrant/.julia/v0.7/SemialgebraicSets/src/schur.jl:37 is deprecated. Remove the `&` and use a `Ref` argument type instead.
└ @ nothing schur.jl:37
WARNING: Base.Void is deprecated, use Nothing instead.
  likely near /home/vagrant/.julia/v0.7/SemialgebraicSets/src/schur.jl:19
WARNING: importing deprecated binding Base.AbstractRNG into SemialgebraicSets.
ERROR: LoadError: LoadError: TypeError: in TypeVar, in upper bound, expected Type, got typeof(Base.AbstractRNG)
Stacktrace:
 [1] TypeVar(::Symbol, ::Any) at ./boot.jl:318
 [2] top-level scope
 [3] include at ./boot.jl:292 [inlined]
 [4] include_relative(::Module, ::String) at ./loading.jl:521
 [5] include at ./sysimg.jl:26 [inlined]
 [6] include(::String) at /home/vagrant/.julia/v0.7/SemialgebraicSets/src/SemialgebraicSets.jl:3
 [7] top-level scope
 [8] include at ./boot.jl:292 [inlined]
 [9] include_relative(::Module, ::String) at ./loading.jl:521
 [10] include(::Module, ::String) at ./sysimg.jl:26
 [11] top-level scope
 [12] eval at ./boot.jl:295 [inlined]
 [13] top-level scope at ./<missing>:2
in expression starting at /home/vagrant/.julia/v0.7/SemialgebraicSets/src/solve.jl:92
in expression starting at /home/vagrant/.julia/v0.7/SemialgebraicSets/src/SemialgebraicSets.jl:28
ERROR: LoadError: Failed to precompile SemialgebraicSets to /home/vagrant/.julia/lib/v0.7/SemialgebraicSets.ji.
Stacktrace:
 [1] error at ./error.jl:33 [inlined]
 [2] compilecache(::String) at ./loading.jl:648
 [3] compilecache at ./loading.jl:605 [inlined]
 [4] _require(::Symbol) at ./loading.jl:460
 [5] require(::Symbol) at ./loading.jl:333
 [6] include at ./boot.jl:292 [inlined]
 [7] include_relative(::Module, ::String) at ./loading.jl:521
 [8] include(::Module, ::String) at ./sysimg.jl:26
 [9] process_options(::Base.JLOptions) at ./client.jl:324
 [10] _start() at ./client.jl:375
in expression starting at /home/vagrant/.julia/v0.7/SemialgebraicSets/test/runtests.jl:1
┌ Error: ------------------------------------------------------------
│ # Testing failed for SemialgebraicSets
│   exception =
│    failed process: Process(`/home/vagrant/julia/bin/julia -Cnative -J/home/vagrant/julia/lib/julia/sys.so --compile=yes --depwarn=yes --code-coverage=none --color=no --compiled-modules=yes --check-bounds=yes --warn-overwrite=yes --startup-file=yes /home/vagrant/.julia/v0.7/SemialgebraicSets/test/runtests.jl`, ProcessExited(1)) [1]
│    Stacktrace:
│     [1] error(::String, ::Base.Process, ::String, ::Int64, ::String) at ./error.jl:42
│     [2] pipeline_error(::Base.Process) at ./process.jl:707
│     [3] run(::Cmd) at ./process.jl:669
│     [4] (::getfield(Base.Pkg.Entry, Symbol("##91#94")){Bool,String,Array{AbstractString,1}})() at ./pkg/entry.jl:730
│     [5] cd(::getfield(Base.Pkg.Entry, Symbol("##91#94")){Bool,String,Array{AbstractString,1}}, ::String) at ./file.jl:70
│     [6] #test!#90(::Bool, ::Function, ::String, ::Array{AbstractString,1}, ::Array{AbstractString,1}, ::Array{AbstractString,1}) at ./pkg/entry.jl:718
│     [7] (::getfield(Base.Pkg.Entry, Symbol("#kw##test!")))(::NamedTuple{(:coverage,),Tuple{Bool}}, ::typeof(Base.Pkg.Entry.test!), ::String, ::Array{AbstractString,1}, ::Array{AbstractString,1}, ::Array{AbstractString,1}) at ./<missing>:0
│     [8] #test#98(::Bool, ::Function, ::Array{AbstractString,1}) at ./pkg/entry.jl:757
│     [9] (::getfield(Base.Pkg.Entry, Symbol("#kw##test")))(::NamedTuple{(:coverage,),Tuple{Bool}}, ::typeof(Base.Pkg.Entry.test), ::Array{AbstractString,1}) at ./<missing>:0
│     [10] (::getfield(Base.Pkg.Dir, Symbol("##4#7")){Base.Iterators.IndexValue{Symbol,Bool,Tuple{Symbol},NamedTuple{(:coverage,),Tuple{Bool}}},typeof(Base.Pkg.Entry.test),Tuple{Array{AbstractString,1}}})() at ./pkg/dir.jl:36
│     [11] cd(::getfield(Base.Pkg.Dir, Symbol("##4#7")){Base.Iterators.IndexValue{Symbol,Bool,Tuple{Symbol},NamedTuple{(:coverage,),Tuple{Bool}}},typeof(Base.Pkg.Entry.test),Tuple{Array{AbstractString,1}}}, ::String) at ./file.jl:70
│     [12] #cd#1(::Base.Iterators.IndexValue{Symbol,Bool,Tuple{Symbol},NamedTuple{(:coverage,),Tuple{Bool}}}, ::Function, ::Function, ::Array{AbstractString,1}, ::Vararg{Array{AbstractString,1},N} where N) at ./pkg/dir.jl:36
│     [13] (::getfield(Base.Pkg.Dir, Symbol("#kw##cd")))(::NamedTuple{(:coverage,),Tuple{Bool}}, ::typeof(Base.Pkg.Dir.cd), ::Function, ::Array{AbstractString,1}, ::Vararg{Array{AbstractString,1},N} where N) at ./<missing>:0
│     [14] #test#3(::Bool, ::Function, ::String, ::Vararg{String,N} where N) at ./pkg/pkg.jl:274
│     [15] test(::String, ::Vararg{String,N} where N) at ./pkg/pkg.jl:274
│     [16] top-level scope
│     [17] eval at ./boot.jl:295 [inlined]
│     [18] eval(::Module, ::Expr) at ./sysimg.jl:71
│     [19] process_options(::Base.JLOptions) at ./client.jl:301
│     [20] _start() at ./client.jl:375
└ @ Base.Pkg.Entry entry.jl:733
[ Info: Removing DynamicPolynomials v0.0.2
ERROR: SemialgebraicSets had test errors

>>> End of log
