>>> 'Pkg.add("SFML")' log
INFO: Cloning cache of SFML from https://github.com/zyedidia/SFML.jl.git
INFO: Installing SFML v0.2.0
INFO: Building SFML
WARNING: `@windows_only` is deprecated, use `@static if is_windows()` instead
 in depwarn(::String, ::Symbol) at ./deprecated.jl:64
 in @windows_only(::Any) at ./deprecated.jl:489
 in include_from_node1(::String) at ./loading.jl:488
 in evalfile(::String, ::Array{String,1}) at ./loading.jl:504 (repeats 2 times)
 in cd(::##2#4, ::String) at ./file.jl:59
 in (::##1#3)(::IOStream) at ./none:13
 in open(::##1#3, ::String, ::String) at ./iostream.jl:113
 in eval(::Module, ::Any) at ./boot.jl:234
 in process_options(::Base.JLOptions) at ./client.jl:242
 in _start() at ./client.jl:321
while loading /home/vagrant/.julia/v0.5/SFML/deps/build.jl, in expression starting on line 1
WARNING: Base.WORD_SIZE is deprecated.
  likely near /home/vagrant/.julia/v0.5/SFML/deps/build.jl:69
WARNING: Base.WORD_SIZE is deprecated.
  likely near /home/vagrant/.julia/v0.5/SFML/deps/build.jl:69
WARNING: Base.WORD_SIZE is deprecated.
  likely near /home/vagrant/.julia/v0.5/SFML/deps/build.jl:69
WARNING: Base.WORD_SIZE is deprecated.
  likely near /home/vagrant/.julia/v0.5/SFML/deps/build.jl:69
WARNING: Base.WORD_SIZE is deprecated.
  likely near /home/vagrant/.julia/v0.5/SFML/deps/build.jl:69
WARNING: Base.WORD_SIZE is deprecated.
  likely near /home/vagrant/.julia/v0.5/SFML/deps/build.jl:69
WARNING: Base.WORD_SIZE is deprecated.
  likely near /home/vagrant/.julia/v0.5/SFML/deps/build.jl:69
WARNING: Base.WORD_SIZE is deprecated.
  likely near /home/vagrant/.julia/v0.5/SFML/deps/build.jl:69
WARNING: Base.WORD_SIZE is deprecated.
  likely near /home/vagrant/.julia/v0.5/SFML/deps/build.jl:69
in anonymous at <missing>
WARNING: Base.WORD_SIZE is deprecated.
  likely near /home/vagrant/.julia/v0.5/SFML/deps/build.jl:69
in anonymous at <missing>
Downloading SFML...
  % Total    % Received % Xferd  Average Speed   Time    Time     Time  Current
                                 Dload  Upload   Total   Spent    Left  Speed
  0     0    0     0    0     0      0      0 --:--:-- --:--:-- --:--:--     0  0     0    0     0    0     0      0      0 --:--:-- --:--:-- --:--:--     0100   168  100   168    0     0    234      0 --:--:-- --:--:-- --:--:--   234
  9 1951k    9  181k    0     0  81377      0  0:00:24  0:00:02  0:00:22 81377 43 1951k   43  839k    0     0   341k      0  0:00:05  0:00:02  0:00:03 3638k100 1951k  100 1951k    0     0   764k      0  0:00:02  0:00:02 --:--:-- 6416k
Downloading CSFML...
  % Total    % Received % Xferd  Average Speed   Time    Time     Time  Current
                                 Dload  Upload   Total   Spent    Left  Speed
  0     0    0     0    0     0      0      0 --:--:-- --:--:-- --:--:--     0100   168  100   168    0     0    850      0 --:--:-- --:--:-- --:--:--   852
  4 1515k    4 70693    0     0  80691      0  0:00:19 --:--:--  0:00:19 80691100 1515k  100 1515k    0     0   909k      0  0:00:01  0:00:01 --:--:-- 1829k
WARNING: `@unix_only` is deprecated, use `@static if is_unix()` instead
 in depwarn(::String, ::Symbol) at ./deprecated.jl:64
 in @unix_only(::Any) at ./deprecated.jl:493
 in include_from_node1(::String) at ./loading.jl:488
 in process_options(::Base.JLOptions) at ./client.jl:265
 in _start() at ./client.jl:321
while loading /home/vagrant/.julia/v0.5/SFML/src/c/createlib.jl, in expression starting on line 5
Successfully built SFML.jl!
INFO: Package database updated
INFO: METADATA is out-of-date — you may not have the latest version of SFML
INFO: Use `Pkg.update()` to get the latest versions of your packages

>>> 'Pkg.test("SFML")' log
Julia Version 0.5.2
Commit f4c6c9d (2017-05-06 16:34 UTC)
Platform Info:
  OS: Linux (x86_64-pc-linux-gnu)
  CPU: Intel(R) Xeon(R) CPU E3-1241 v3 @ 3.50GHz
  WORD_SIZE: 64
           Ubuntu 14.04.5 LTS
  uname: Linux 3.13.0-119-generic #166-Ubuntu SMP Wed May 3 12:18:55 UTC 2017 x86_64 x86_64
Memory: 2.9392738342285156 GB (2279.6171875 MB free)
Uptime: 38334.0 sec
Load Avg:  1.03271484375  1.06298828125  1.0849609375
Intel(R) Xeon(R) CPU E3-1241 v3 @ 3.50GHz: 
       speed         user         nice          sys         idle          irq
#1  3499 MHz    2499244 s       1846 s     232210 s     624321 s         62 s
#2  3499 MHz     798169 s       5187 s     106216 s    2821227 s          1 s

  BLAS: libopenblas (USE64BITINT DYNAMIC_ARCH NO_AFFINITY Nehalem)
  LAPACK: libopenblas64_
  LIBM: libopenlibm
  LLVM: libLLVM-3.7.1 (ORCJIT, haswell)
Environment:
  TERM = vt100
  LD_LIBRARY_PATH = :/usr/local/lib/
  PATH = /usr/local/sbin:/usr/local/bin:/usr/sbin:/usr/bin:/sbin:/bin:/usr/games:/usr/local/games:/home/vagrant/julia/bin/
  JAVA_HOME = /usr/lib/jvm/java-7-oracle
  HOME = /home/vagrant

Package Directory: /home/vagrant/.julia/v0.5
2 required packages:
 - JSON                          0.12.0
 - SFML                          0.2.0
1 additional packages:
 - Compat                        0.26.0
INFO: Testing SFML
WARNING: replacing module SFML.
Could not resolve dependencies:
	libGLEW.so.1.10 => not found
Could not resolve dependencies:
	libopenal.so.1 => not found
Something has gone wrong with the SFML installation.
ErrorException("could not load library \"libsfml-audio\"\nlibopenal.so.1: cannot open shared object file: No such file or directory")
INFO: SFML tests passed

>>> End of log
