>>> 'Pkg.add("Shannon")' log
INFO: Cloning cache of Shannon from https://github.com/kzahedi/Shannon.jl.git
INFO: Installing SHA v0.3.0
INFO: Installing Shannon v0.3.0
INFO: Package database updated

>>> 'Pkg.test("Shannon")' log
Julia Version 0.6.0-dev.1973
Commit f4ed16b (2017-01-06 23:58 UTC)
Platform Info:
  OS: Linux (x86_64-pc-linux-gnu)
  CPU: Intel(R) Xeon(R) CPU E3-1241 v3 @ 3.50GHz
  WORD_SIZE: 64
           Ubuntu 14.04.5 LTS
  uname: Linux 3.13.0-106-generic #153-Ubuntu SMP Tue Dec 6 15:44:32 UTC 2016 x86_64 x86_64
Memory: 2.9392738342285156 GB (551.05859375 MB free)
Uptime: 20028.0 sec
Load Avg:  0.91796875  0.96044921875  1.01904296875
Intel(R) Xeon(R) CPU E3-1241 v3 @ 3.50GHz: 
       speed         user         nice          sys         idle          irq
#1  3500 MHz    1237116 s       6630 s     121413 s     401432 s         40 s
#2  3500 MHz     356396 s        273 s      61296 s    1539187 s          1 s

  BLAS: libopenblas (USE64BITINT DYNAMIC_ARCH NO_AFFINITY Nehalem)
  LAPACK: libopenblas64_
  LIBM: libopenlibm
  LLVM: libLLVM-3.9.1 (ORCJIT, haswell)
Environment:
  TERM = vt100
  LD_LIBRARY_PATH = :/usr/local/lib/
  PATH = /usr/local/sbin:/usr/local/bin:/usr/sbin:/usr/bin:/sbin:/bin:/usr/games:/usr/local/games:/home/vagrant/julia/bin/
  JAVA_HOME = /usr/lib/jvm/java-7-oracle
  HOME = /home/vagrant

Package Directory: /home/vagrant/.julia/v0.6
2 required packages:
 - JSON                          0.8.0
 - Shannon                       0.3.0
18 additional packages:
 - BinDeps                       0.4.5
 - Calculus                      0.1.15
 - Compat                        0.10.0
 - Distributions                 0.11.1
 - GenerativeModels              0.0.0-             master (unregistered)
 - Iterators                     0.2.0
 - LaTeXStrings                  0.2.0
 - PDMats                        0.5.2
 - POMDPBounds                   0.0.0-             master (unregistered)
 - POMDPModels                   0.0.0-             master (unregistered)
 - POMDPToolbox                  0.0.0-             master (unregistered)
 - POMDPs                        0.4.0
 - Rmath                         0.1.6
 - SHA                           0.3.0
 - StatsBase                     0.12.0
 - StatsFuns                     0.3.1
 - TikzPictures                  0.3.5
 - URIParser                     0.1.6
INFO: Testing Shannon
WARNING: Method definition fe1ph(Array{Int64, 1}) in module Shannon at /home/vagrant/.julia/v0.6/Shannon/src/distribution.jl:1 overwritten at /home/vagrant/.julia/v0.6/Shannon/src/distribution.jl:1.
WARNING: Method definition fe2p(Array{Int64, 2}) in module Shannon at /home/vagrant/.julia/v0.6/Shannon/src/distribution.jl:4 overwritten at /home/vagrant/.julia/v0.6/Shannon/src/distribution.jl:4.
WARNING: Method definition fe1p(Array{Int64, 1}) in module Shannon at /home/vagrant/.julia/v0.6/Shannon/src/distribution.jl:17 overwritten at /home/vagrant/.julia/v0.6/Shannon/src/distribution.jl:17.
WARNING: Method definition fe3p(Array{Int64, 2}) in module Shannon at /home/vagrant/.julia/v0.6/Shannon/src/distribution.jl:27 overwritten at /home/vagrant/.julia/v0.6/Shannon/src/distribution.jl:27.
WARNING: Method definition fe3c2p(Array{Int64, 2}) in module Shannon at /home/vagrant/.julia/v0.6/Shannon/src/distribution.jl:45 overwritten at /home/vagrant/.julia/v0.6/Shannon/src/distribution.jl:45.
WARNING: Method definition fe2c1p(Array{Int64, 2}) in module Shannon at /home/vagrant/.julia/v0.6/Shannon/src/distribution.jl:61 overwritten at /home/vagrant/.julia/v0.6/Shannon/src/distribution.jl:61.
WARNING: Method definition fe1ph(Array{Int64, 1}) in module Shannon at /home/vagrant/.julia/v0.6/Shannon/src/distribution.jl:1 overwritten at /home/vagrant/.julia/v0.6/Shannon/src/distribution.jl:1.
WARNING: Method definition fe2p(Array{Int64, 2}) in module Shannon at /home/vagrant/.julia/v0.6/Shannon/src/distribution.jl:4 overwritten at /home/vagrant/.julia/v0.6/Shannon/src/distribution.jl:4.
WARNING: Method definition fe1p(Array{Int64, 1}) in module Shannon at /home/vagrant/.julia/v0.6/Shannon/src/distribution.jl:17 overwritten at /home/vagrant/.julia/v0.6/Shannon/src/distribution.jl:17.
WARNING: Method definition fe3p(Array{Int64, 2}) in module Shannon at /home/vagrant/.julia/v0.6/Shannon/src/distribution.jl:27 overwritten at /home/vagrant/.julia/v0.6/Shannon/src/distribution.jl:27.
WARNING: Method definition fe3c2p(Array{Int64, 2}) in module Shannon at /home/vagrant/.julia/v0.6/Shannon/src/distribution.jl:45 overwritten at /home/vagrant/.julia/v0.6/Shannon/src/distribution.jl:45.
WARNING: Method definition fe2c1p(Array{Int64, 2}) in module Shannon at /home/vagrant/.julia/v0.6/Shannon/src/distribution.jl:61 overwritten at /home/vagrant/.julia/v0.6/Shannon/src/distribution.jl:61.
WARNING: Method definition fe1ph(Array{Int64, 1}) in module Shannon at /home/vagrant/.julia/v0.6/Shannon/src/distribution.jl:1 overwritten at /home/vagrant/.julia/v0.6/Shannon/src/distribution.jl:1.
WARNING: Method definition fe2p(Array{Int64, 2}) in module Shannon at /home/vagrant/.julia/v0.6/Shannon/src/distribution.jl:4 overwritten at /home/vagrant/.julia/v0.6/Shannon/src/distribution.jl:4.
WARNING: Method definition fe1p(Array{Int64, 1}) in module Shannon at /home/vagrant/.julia/v0.6/Shannon/src/distribution.jl:17 overwritten at /home/vagrant/.julia/v0.6/Shannon/src/distribution.jl:17.
WARNING: Method definition fe3p(Array{Int64, 2}) in module Shannon at /home/vagrant/.julia/v0.6/Shannon/src/distribution.jl:27 overwritten at /home/vagrant/.julia/v0.6/Shannon/src/distribution.jl:27.
WARNING: Method definition fe3c2p(Array{Int64, 2}) in module Shannon at /home/vagrant/.julia/v0.6/Shannon/src/distribution.jl:45 overwritten at /home/vagrant/.julia/v0.6/Shannon/src/distribution.jl:45.
WARNING: Method definition fe2c1p(Array{Int64, 2}) in module Shannon at /home/vagrant/.julia/v0.6/Shannon/src/distribution.jl:61 overwritten at /home/vagrant/.julia/v0.6/Shannon/src/distribution.jl:61.
ERROR: LoadError: LoadError: LoadError: syntax: incomplete: "function" at /home/vagrant/.julia/v0.6/Shannon/src/te.jl:7 requires end
Stacktrace:
 [1] include_from_node1(::String) at ./loading.jl:532
 [2] include(::String) at ./sysimg.jl:14
 [3] include_from_node1(::String) at ./loading.jl:532
while loading /home/vagrant/.julia/v0.6/Shannon/src/te.jl, in expression starting on line 7
while loading /home/vagrant/.julia/v0.6/Shannon/src/Shannon.jl, in expression starting on line 9
while loading /home/vagrant/.julia/v0.6/Shannon/test/runtests.jl, in expression starting on line 1
===============================[ ERROR: Shannon ]===============================

failed process: Process(`/home/vagrant/julia/bin/julia -Cx86-64 -J/home/vagrant/julia/lib/julia/sys.so --compile=yes --depwarn=yes --check-bounds=yes --code-coverage=none --color=no --compilecache=yes /home/vagrant/.julia/v0.6/Shannon/test/runtests.jl`, ProcessExited(1)) [1]

================================================================================
ERROR: Shannon had test errors

>>> End of log
