>>> 'Pkg.add("Shannon")' log
INFO: Cloning cache of Shannon from https://github.com/kzahedi/Shannon.jl.git
INFO: Installing ArrayViews v0.6.4
INFO: Installing Shannon v0.3.0
INFO: Installing StatsBase v0.7.4
INFO: Installing StatsFuns v0.2.0
INFO: Package database updated
INFO: METADATA is out-of-date — you may not have the latest version of Shannon
INFO: Use `Pkg.update()` to get the latest versions of your packages

>>> 'Pkg.test("Shannon")' log
Julia Version 0.5.0-dev+2918
Commit 1eacbbb (2016-02-28 16:56 UTC)
Platform Info:
  System: Linux (x86_64-unknown-linux-gnu)
  CPU: Intel(R) Xeon(R) CPU E3-1241 v3 @ 3.50GHz
  WORD_SIZE: 64
  BLAS: libopenblas (USE64BITINT DYNAMIC_ARCH NO_AFFINITY Nehalem)
  LAPACK: libopenblas64_
  LIBM: libopenlibm
  LLVM: libLLVM-3.7.1
INFO: Testing Shannon
WARNING: Method definition fe1ph(Array{Int64, 1}) in module Shannon at /home/vagrant/.julia/v0.5/Shannon/src/distribution.jl:1 overwritten at /home/vagrant/.julia/v0.5/Shannon/src/distribution.jl:1.
WARNING: Method definition fe2p(Array{Int64, 2}) in module Shannon at /home/vagrant/.julia/v0.5/Shannon/src/distribution.jl:4 overwritten at /home/vagrant/.julia/v0.5/Shannon/src/distribution.jl:4.
WARNING: Method definition fe1p(Array{Int64, 1}) in module Shannon at /home/vagrant/.julia/v0.5/Shannon/src/distribution.jl:17 overwritten at /home/vagrant/.julia/v0.5/Shannon/src/distribution.jl:17.
WARNING: Method definition fe3p(Array{Int64, 2}) in module Shannon at /home/vagrant/.julia/v0.5/Shannon/src/distribution.jl:27 overwritten at /home/vagrant/.julia/v0.5/Shannon/src/distribution.jl:27.
WARNING: Method definition fe3c2p(Array{Int64, 2}) in module Shannon at /home/vagrant/.julia/v0.5/Shannon/src/distribution.jl:45 overwritten at /home/vagrant/.julia/v0.5/Shannon/src/distribution.jl:45.
WARNING: Method definition fe2c1p(Array{Int64, 2}) in module Shannon at /home/vagrant/.julia/v0.5/Shannon/src/distribution.jl:61 overwritten at /home/vagrant/.julia/v0.5/Shannon/src/distribution.jl:61.
WARNING: Method definition fe1ph(Array{Int64, 1}) in module Shannon at /home/vagrant/.julia/v0.5/Shannon/src/distribution.jl:1 overwritten at /home/vagrant/.julia/v0.5/Shannon/src/distribution.jl:1.
WARNING: Method definition fe2p(Array{Int64, 2}) in module Shannon at /home/vagrant/.julia/v0.5/Shannon/src/distribution.jl:4 overwritten at /home/vagrant/.julia/v0.5/Shannon/src/distribution.jl:4.
WARNING: Method definition fe1p(Array{Int64, 1}) in module Shannon at /home/vagrant/.julia/v0.5/Shannon/src/distribution.jl:17 overwritten at /home/vagrant/.julia/v0.5/Shannon/src/distribution.jl:17.
WARNING: Method definition fe3p(Array{Int64, 2}) in module Shannon at /home/vagrant/.julia/v0.5/Shannon/src/distribution.jl:27 overwritten at /home/vagrant/.julia/v0.5/Shannon/src/distribution.jl:27.
WARNING: Method definition fe3c2p(Array{Int64, 2}) in module Shannon at /home/vagrant/.julia/v0.5/Shannon/src/distribution.jl:45 overwritten at /home/vagrant/.julia/v0.5/Shannon/src/distribution.jl:45.
WARNING: Method definition fe2c1p(Array{Int64, 2}) in module Shannon at /home/vagrant/.julia/v0.5/Shannon/src/distribution.jl:61 overwritten at /home/vagrant/.julia/v0.5/Shannon/src/distribution.jl:61.
WARNING: Method definition fe1ph(Array{Int64, 1}) in module Shannon at /home/vagrant/.julia/v0.5/Shannon/src/distribution.jl:1 overwritten at /home/vagrant/.julia/v0.5/Shannon/src/distribution.jl:1.
WARNING: Method definition fe2p(Array{Int64, 2}) in module Shannon at /home/vagrant/.julia/v0.5/Shannon/src/distribution.jl:4 overwritten at /home/vagrant/.julia/v0.5/Shannon/src/distribution.jl:4.
WARNING: Method definition fe1p(Array{Int64, 1}) in module Shannon at /home/vagrant/.julia/v0.5/Shannon/src/distribution.jl:17 overwritten at /home/vagrant/.julia/v0.5/Shannon/src/distribution.jl:17.
WARNING: Method definition fe3p(Array{Int64, 2}) in module Shannon at /home/vagrant/.julia/v0.5/Shannon/src/distribution.jl:27 overwritten at /home/vagrant/.julia/v0.5/Shannon/src/distribution.jl:27.
WARNING: Method definition fe3c2p(Array{Int64, 2}) in module Shannon at /home/vagrant/.julia/v0.5/Shannon/src/distribution.jl:45 overwritten at /home/vagrant/.julia/v0.5/Shannon/src/distribution.jl:45.
WARNING: Method definition fe2c1p(Array{Int64, 2}) in module Shannon at /home/vagrant/.julia/v0.5/Shannon/src/distribution.jl:61 overwritten at /home/vagrant/.julia/v0.5/Shannon/src/distribution.jl:61.
ERROR: LoadError: LoadError: LoadError: syntax: unhandled expr (incomplete incomplete: "function" at /home/vagrant/.julia/v0.5/Shannon/src/te.jl:7 requires end)
 in include(::UTF8String) at ./boot.jl:264
 in include_from_node1(::ASCIIString) at ./loading.jl:417
 in include(::ASCIIString) at ./boot.jl:264
 in include_from_node1(::ASCIIString) at ./loading.jl:417
 in eval(::Module, ::Any) at ./boot.jl:267
 [inlined code] from ./sysimg.jl:14
 in require(::Symbol) at ./loading.jl:348
 in include(::ASCIIString) at ./boot.jl:264
 in include_from_node1(::UTF8String) at ./loading.jl:417
 in process_options(::Base.JLOptions) at ./client.jl:262
 in _start() at ./client.jl:318
while loading /home/vagrant/.julia/v0.5/Shannon/src/te.jl, in expression starting on line 7
while loading /home/vagrant/.julia/v0.5/Shannon/src/Shannon.jl, in expression starting on line 9
while loading /home/vagrant/.julia/v0.5/Shannon/test/runtests.jl, in expression starting on line 1
===============================[ ERROR: Shannon ]===============================

failed process: Process(`/home/vagrant/julia/bin/julia -Cx86-64 -J/home/vagrant/julia/lib/julia/sys.so --compile=yes --check-bounds=yes --code-coverage=none --color=no /home/vagrant/.julia/v0.5/Shannon/test/runtests.jl`, ProcessExited(1)) [1]

================================================================================
ERROR: Base.Pkg.PkgError("Shannon had test errors")
 in #test#55(::Bool, ::Any, ::Array{AbstractString,1}) at ./pkg/entry.jl:671
 [inlined code] from ./boot.jl:331
 in (::Base.Pkg.Dir.##2#3{Array{Any,1},Base.Pkg.Entry.#test,Tuple{Array{AbstractString,1}}})() at ./pkg/dir.jl:31
 in cd(::Base.Pkg.Dir.##2#3{Array{Any,1},Base.Pkg.Entry.#test,Tuple{Array{AbstractString,1}}}, ::UTF8String) at ./file.jl:48
 in #cd#1(::Array{Any,1}, ::Any, ::Any, ::Array{AbstractString,1}, ::Vararg{Array{AbstractString,1}}) at ./pkg/dir.jl:31
 [inlined code] from ./boot.jl:331
 in #test#4(::Bool, ::Any, ::ASCIIString, ::Vararg{ASCIIString}) at ./pkg.jl:228
 in eval(::Module, ::Any) at ./boot.jl:267
 [inlined code] from ./sysimg.jl:14
 in process_options(::Base.JLOptions) at ./client.jl:239
 in _start() at ./client.jl:318

>>> End of log
