>>> 'Pkg.add("Shannon")' log
INFO: Cloning cache of Shannon from git://github.com/kzahedi/Shannon.jl.git
INFO: Installing ArrayViews v0.4.6
INFO: Installing Shannon v0.0.3
INFO: Installing StatsBase v0.6.6
INFO: Package database updated

>>> 'using Shannon' log
Julia Version 0.3.1
Commit c03f413* (2014-09-21 21:30 UTC)
Platform Info:
  System: Linux (x86_64-unknown-linux-gnu)
  CPU: Intel(R) Xeon(R) CPU E5-2650 0 @ 2.00GHz
  WORD_SIZE: 64
  BLAS: libopenblas (USE64BITINT DYNAMIC_ARCH NO_AFFINITY Sandybridge)
  LAPACK: libopenblas
  LIBM: libopenlibm
  LLVM: libLLVM-3.3

>>> test log
INFO: Testing Shannon
INFO: Shannon tests passed
INFO: No packages to install, update or remove

>>> end of log
