>>> 'Pkg.add("ShapeModels")' log
INFO: Cloning cache of ShapeModels from https://github.com/rened/ShapeModels.jl.git
INFO: Installing ArrayViews v0.6.4
INFO: Installing BinDeps v0.3.20
INFO: Installing Blosc v0.1.4
INFO: Installing ColorTypes v0.2.0
INFO: Installing Colors v0.6.2
INFO: Installing Conda v0.1.9
INFO: Installing Dates v0.4.4
INFO: Installing FactCheck v0.4.2
INFO: Installing FixedPointNumbers v0.1.1
INFO: Installing FunctionalData v0.1.0
INFO: Installing FunctionalDataUtils v0.1.0
INFO: Installing HDF5 v0.5.7
INFO: Installing LaTeXStrings v0.1.6
INFO: Installing MultivariateStats v0.2.1
INFO: Installing PyCall v1.2.0
INFO: Installing PyPlot v2.1.1
INFO: Installing Reexport v0.0.3
INFO: Installing SHA v0.1.2
INFO: Installing ShapeModels v0.0.3
INFO: Installing StatsBase v0.7.4
INFO: Installing StatsFuns v0.2.0
INFO: Installing URIParser v0.1.2
INFO: Building Blosc
INFO: Building HDF5
INFO: Building PyCall
WARNING: readall is deprecated, use readstring instead.
 in depwarn(Base.#depwarn, ASCIIString, Symbol) at ./deprecated.jl:64
 in readall(Base.#readall, Cmd, Vararg{Cmd}) at ./deprecated.jl:30
 in pyconfigvar(__anon__.#pyconfigvar#3, ASCIIString, ASCIIString) at /home/vagrant/.julia/v0.5/PyCall/deps/build.jl:25
 in pyconfigvar(__anon__.#pyconfigvar#3, ASCIIString, ASCIIString, ASCIIString) at /home/vagrant/.julia/v0.5/PyCall/deps/build.jl:26
 [inlined code] from ./stat.jl:100
 in anonymous at ./no file:4294967295
 in include at ./boot.jl:264
 in include_from_node1 at ./loading.jl:417
 in eval at ./boot.jl:267
 [inlined code] from ./sysimg.jl:14
 in evalfile(Base.#evalfile, ASCIIString, Array{UTF8String,1}) at ./loading.jl:433 (repeats 2 times)
 in cd(Base.Filesystem.#cd, ##2#4, ASCIIString) at ./file.jl:47
 in #1(##1#3, IOStream) at ./none:13
 in open(Base.#open, ##1#3, ASCIIString, ASCIIString) at ./iostream.jl:114
 in eval at ./boot.jl:267
 [inlined code] from ./sysimg.jl:14
 in process_options at ./client.jl:221
 in _start at ./client.jl:300
while loading /home/vagrant/.julia/v0.5/PyCall/deps/build.jl, in expression starting on line 17
INFO: No system-wide Python was found; got the following error:
could not spawn `'' -c "import distutils.sysconfig; print(distutils.sysconfig.get_config_var('VERSION'))"`: no such file or directory (ENOENT)
using the Python distribution in the Conda package
WARNING: isexecutable is deprecated as it implied that the file would actually be executable by the user; consider using `isfile` instead. see also the system man page for `access`
 in depwarn(Base.#depwarn, ASCIIString, Symbol) at ./deprecated.jl:64
 [inlined code] from ./deprecated.jl:912
 in _install_conda(Conda.#_install_conda, Bool) at /home/vagrant/.julia/v0.5/Conda/src/Conda.jl:119
 [inlined code] from /home/vagrant/.julia/v0.5/Conda/src/Conda.jl:106
 in anonymous at ./no file:4294967295
 in include at ./boot.jl:264
 in include_from_node1 at ./loading.jl:417
 in eval at ./boot.jl:267
 [inlined code] from ./sysimg.jl:14
 in evalfile(Base.#evalfile, ASCIIString, Array{UTF8String,1}) at ./loading.jl:433 (repeats 2 times)
 in cd(Base.Filesystem.#cd, ##2#4, ASCIIString) at ./file.jl:47
 in #1(##1#3, IOStream) at ./none:13
 in open(Base.#open, ##1#3, ASCIIString, ASCIIString) at ./iostream.jl:114
 in eval at ./boot.jl:267
 [inlined code] from ./sysimg.jl:14
 in process_options at ./client.jl:221
 in _start at ./client.jl:300
while loading /home/vagrant/.julia/v0.5/PyCall/deps/build.jl, in expression starting on line 17
Fetching package metadata: ....
Solving package specifications: ...................
# All requested packages already installed.
# packages in environment at /home/vagrant/.julia/v0.5/Conda/deps/usr:
#
numpy                     1.10.2                   py27_0  
WARNING: readall is deprecated, use readstring instead.
 in depwarn(Base.#depwarn, ASCIIString, Symbol) at ./deprecated.jl:64
 in readall(Base.#readall, Cmd, Vararg{Cmd}) at ./deprecated.jl:30
 in pysys(__anon__.#pysys#4, ASCIIString, ASCIIString) at /home/vagrant/.julia/v0.5/PyCall/deps/build.jl:30
 in find_libpython(__anon__.#find_libpython#5, ASCIIString) at /home/vagrant/.julia/v0.5/PyCall/deps/build.jl:48
 [inlined code] from /home/vagrant/.julia/v0.5/PyCall/deps/build.jl:143
 in anonymous at ./no file:4294967295
 in include at ./boot.jl:264
 in include_from_node1 at ./loading.jl:417
 in eval at ./boot.jl:267
 [inlined code] from ./sysimg.jl:14
 in evalfile(Base.#evalfile, ASCIIString, Array{UTF8String,1}) at ./loading.jl:433 (repeats 2 times)
 in cd(Base.Filesystem.#cd, ##2#4, ASCIIString) at ./file.jl:47
 in #1(##1#3, IOStream) at ./none:13
 in open(Base.#open, ##1#3, ASCIIString, ASCIIString) at ./iostream.jl:114
 in eval at ./boot.jl:267
 [inlined code] from ./sysimg.jl:14
 in process_options at ./client.jl:221
 in _start at ./client.jl:300
while loading /home/vagrant/.julia/v0.5/PyCall/deps/build.jl, in expression starting on line 17
INFO: PyCall is using /home/vagrant/.julia/v0.5/Conda/deps/usr/bin/python (Python 2.7.11) at /home/vagrant/.julia/v0.5/Conda/deps/usr/bin/python, libpython = /home/vagrant/.julia/v0.5/Conda/deps/usr/lib/libpython2.7.so
INFO: Package database updated
INFO: METADATA is out-of-date — you may not have the latest version of ShapeModels
INFO: Use `Pkg.update()` to get the latest versions of your packages

>>> 'Pkg.test("ShapeModels")' log
Julia Version 0.5.0-dev+2440
Commit 2bb94d6 (2016-02-01 02:22 UTC)
Platform Info:
  System: Linux (x86_64-unknown-linux-gnu)
  CPU: Intel(R) Xeon(R) CPU E3-1241 v3 @ 3.50GHz
  WORD_SIZE: 64
  BLAS: libopenblas (USE64BITINT DYNAMIC_ARCH NO_AFFINITY Nehalem)
  LAPACK: libopenblas64_
  LIBM: libopenlibm
  LLVM: libLLVM-3.7.1
INFO: Computing test dependencies for ShapeModels...
INFO: No packages to install, update or remove
INFO: Testing ShapeModels
Running runtests.jl ...
WARNING: Base.FloatingPoint is deprecated, use AbstractFloat instead.
  likely near /home/vagrant/.julia/v0.5/MultivariateStats/src/common.jl:25
WARNING: Base.FloatingPoint is deprecated, use AbstractFloat instead.
  likely near /home/vagrant/.julia/v0.5/MultivariateStats/src/common.jl:101
WARNING: Base.FloatingPoint is deprecated, use AbstractFloat instead.
  likely near /home/vagrant/.julia/v0.5/MultivariateStats/src/lreg.jl:22
WARNING: Base.FloatingPoint is deprecated, use AbstractFloat instead.
  likely near /home/vagrant/.julia/v0.5/MultivariateStats/src/lreg.jl:22
WARNING: Base.FloatingPoint is deprecated, use AbstractFloat instead.
  likely near /home/vagrant/.julia/v0.5/MultivariateStats/src/lreg.jl:22
WARNING: Base.FloatingPoint is deprecated, use AbstractFloat instead.
  likely near /home/vagrant/.julia/v0.5/MultivariateStats/src/lreg.jl:38
WARNING: Base.FloatingPoint is deprecated, use AbstractFloat instead.
  likely near /home/vagrant/.julia/v0.5/MultivariateStats/src/lreg.jl:38
WARNING: Base.FloatingPoint is deprecated, use AbstractFloat instead.
  likely near /home/vagrant/.julia/v0.5/MultivariateStats/src/lreg.jl:38
WARNING: Base.FloatingPoint is deprecated, use AbstractFloat instead.
  likely near /home/vagrant/.julia/v0.5/MultivariateStats/src/lreg.jl:45
WARNING: Base.FloatingPoint is deprecated, use AbstractFloat instead.
  likely near /home/vagrant/.julia/v0.5/MultivariateStats/src/lreg.jl:45
WARNING: Base.FloatingPoint is deprecated, use AbstractFloat instead.
  likely near /home/vagrant/.julia/v0.5/MultivariateStats/src/lreg.jl:45
WARNING: Base.FloatingPoint is deprecated, use AbstractFloat instead.
  likely near /home/vagrant/.julia/v0.5/MultivariateStats/src/lreg.jl:52
WARNING: Base.FloatingPoint is deprecated, use AbstractFloat instead.
  likely near /home/vagrant/.julia/v0.5/MultivariateStats/src/lreg.jl:52
WARNING: Base.FloatingPoint is deprecated, use AbstractFloat instead.
  likely near /home/vagrant/.julia/v0.5/MultivariateStats/src/lreg.jl:52
WARNING: Base.FloatingPoint is deprecated, use AbstractFloat instead.
  likely near /home/vagrant/.julia/v0.5/MultivariateStats/src/lreg.jl:61
WARNING: Union(args...) is deprecated, use Union{args...} instead.
 in depwarn(Base.#depwarn, ASCIIString, Symbol) at ./deprecated.jl:64
 in Type(Type{Union}, Type{Real}, Type{Union{DenseArray{T,1},DenseArray{T,2}}}) at ./deprecated.jl:50
 in include at ./boot.jl:264
 in include_from_node1 at ./loading.jl:417
 in include at ./boot.jl:264
 in include_from_node1 at ./loading.jl:417
 in eval at ./boot.jl:267
 [inlined code] from ./sysimg.jl:14
 in require at ./loading.jl:348
 in include at ./boot.jl:264
 in include_from_node1 at ./loading.jl:417
 in eval at ./boot.jl:267
 [inlined code] from ./sysimg.jl:14
 in require at ./loading.jl:348
 in include at ./boot.jl:264
 in include_from_node1 at ./loading.jl:417
 in process_options at ./client.jl:244
 in _start at ./client.jl:300
while loading /home/vagrant/.julia/v0.5/MultivariateStats/src/lreg.jl, in expression starting on line 61
WARNING: Base.FloatingPoint is deprecated, use AbstractFloat instead.
  likely near /home/vagrant/.julia/v0.5/MultivariateStats/src/whiten.jl:7
WARNING: Base.FloatingPoint is deprecated, use AbstractFloat instead.
  likely near /home/vagrant/.julia/v0.5/MultivariateStats/src/whiten.jl:16
WARNING: Base.FloatingPoint is deprecated, use AbstractFloat instead.
  likely near /home/vagrant/.julia/v0.5/MultivariateStats/src/whiten.jl:17
WARNING: Base.FloatingPoint is deprecated, use AbstractFloat instead.
  likely near /home/vagrant/.julia/v0.5/MultivariateStats/src/whiten.jl:19
WARNING: Base.FloatingPoint is deprecated, use AbstractFloat instead.
  likely near /home/vagrant/.julia/v0.5/MultivariateStats/src/whiten.jl:22
WARNING: Base.FloatingPoint is deprecated, use AbstractFloat instead.
  likely near /home/vagrant/.julia/v0.5/MultivariateStats/src/whiten.jl:28
WARNING: Base.FloatingPoint is deprecated, use AbstractFloat instead.
  likely near /home/vagrant/.julia/v0.5/MultivariateStats/src/whiten.jl:28
WARNING: Base.FloatingPoint is deprecated, use AbstractFloat instead.
  likely near /home/vagrant/.julia/v0.5/MultivariateStats/src/whiten.jl:28
WARNING: Base.FloatingPoint is deprecated, use AbstractFloat instead.
  likely near /home/vagrant/.julia/v0.5/MultivariateStats/src/whiten.jl:33
WARNING: Method definition (::Type{MultivariateStats.Whitening})(Array{#T<:AbstractFloat, 1}, Array{#T<:AbstractFloat, 2}) in module MultivariateStats at /home/vagrant/.julia/v0.5/MultivariateStats/src/whiten.jl:29 overwritten at /home/vagrant/.julia/v0.5/MultivariateStats/src/whiten.jl:34.
WARNING: Base.FloatingPoint is deprecated, use AbstractFloat instead.
  likely near /home/vagrant/.julia/v0.5/MultivariateStats/src/whiten.jl:49
WARNING: Base.FloatingPoint is deprecated, use AbstractFloat instead.
  likely near /home/vagrant/.julia/v0.5/MultivariateStats/src/whiten.jl:49
WARNING: Base.FloatingPoint is deprecated, use AbstractFloat instead.
  likely near /home/vagrant/.julia/v0.5/MultivariateStats/src/whiten.jl:49
WARNING: Base.FloatingPoint is deprecated, use AbstractFloat instead.
  likely near /home/vagrant/.julia/v0.5/MultivariateStats/src/whiten.jl:61
WARNING: Base.FloatingPoint is deprecated, use AbstractFloat instead.
  likely near /home/vagrant/.julia/v0.5/MultivariateStats/src/whiten.jl:74
WARNING: Base.FloatingPoint is deprecated, use AbstractFloat instead.
  likely near /home/vagrant/.julia/v0.5/MultivariateStats/src/pca.jl:5
WARNING: Base.FloatingPoint is deprecated, use AbstractFloat instead.
  likely near /home/vagrant/.julia/v0.5/MultivariateStats/src/pca.jl:5
WARNING: Base.FloatingPoint is deprecated, use AbstractFloat instead.
  likely near /home/vagrant/.julia/v0.5/MultivariateStats/src/pca.jl:5
WARNING: Base.FloatingPoint is deprecated, use AbstractFloat instead.
  likely near /home/vagrant/.julia/v0.5/MultivariateStats/src/pca.jl:15
WARNING: Base.FloatingPoint is deprecated, use AbstractFloat instead.
  likely near /home/vagrant/.julia/v0.5/MultivariateStats/src/pca.jl:46
WARNING: Base.FloatingPoint is deprecated, use AbstractFloat instead.
  likely near /home/vagrant/.julia/v0.5/MultivariateStats/src/pca.jl:47
WARNING: Base.FloatingPoint is deprecated, use AbstractFloat instead.
  likely near /home/vagrant/.julia/v0.5/MultivariateStats/src/pca.jl:77
WARNING: Base.FloatingPoint is deprecated, use AbstractFloat instead.
  likely near /home/vagrant/.julia/v0.5/MultivariateStats/src/pca.jl:85
WARNING: Base.FloatingPoint is deprecated, use AbstractFloat instead.
  likely near /home/vagrant/.julia/v0.5/MultivariateStats/src/pca.jl:99
WARNING: Base.FloatingPoint is deprecated, use AbstractFloat instead.
  likely near /home/vagrant/.julia/v0.5/MultivariateStats/src/pca.jl:99
WARNING: Base.FloatingPoint is deprecated, use AbstractFloat instead.
  likely near /home/vagrant/.julia/v0.5/MultivariateStats/src/pca.jl:99
WARNING: Base.FloatingPoint is deprecated, use AbstractFloat instead.
  likely near /home/vagrant/.julia/v0.5/MultivariateStats/src/pca.jl:113
WARNING: Base.FloatingPoint is deprecated, use AbstractFloat instead.
  likely near /home/vagrant/.julia/v0.5/MultivariateStats/src/pca.jl:113
WARNING: Base.FloatingPoint is deprecated, use AbstractFloat instead.
  likely near /home/vagrant/.julia/v0.5/MultivariateStats/src/pca.jl:113
WARNING: Base.FloatingPoint is deprecated, use AbstractFloat instead.
  likely near /home/vagrant/.julia/v0.5/MultivariateStats/src/pca.jl:133
WARNING: Base.FloatingPoint is deprecated, use AbstractFloat instead.
  likely near /home/vagrant/.julia/v0.5/MultivariateStats/src/pca.jl:133
WARNING: Base.FloatingPoint is deprecated, use AbstractFloat instead.
  likely near /home/vagrant/.julia/v0.5/MultivariateStats/src/pca.jl:133
WARNING: Base.FloatingPoint is deprecated, use AbstractFloat instead.
  likely near /home/vagrant/.julia/v0.5/MultivariateStats/src/lda.jl:7
WARNING: Base.FloatingPoint is deprecated, use AbstractFloat instead.
  likely near /home/vagrant/.julia/v0.5/MultivariateStats/src/lda.jl:7
WARNING: Base.FloatingPoint is deprecated, use AbstractFloat instead.
  likely near /home/vagrant/.julia/v0.5/MultivariateStats/src/lda.jl:7
WARNING: Base.FloatingPoint is deprecated, use AbstractFloat instead.
  likely near /home/vagrant/.julia/v0.5/MultivariateStats/src/lda.jl:31
WARNING: Base.FloatingPoint is deprecated, use AbstractFloat instead.
  likely near /home/vagrant/.julia/v0.5/MultivariateStats/src/lda.jl:42
WARNING: Base.FloatingPoint is deprecated, use AbstractFloat instead.
  likely near /home/vagrant/.julia/v0.5/MultivariateStats/src/lda.jl:49
WARNING: Base.FloatingPoint is deprecated, use AbstractFloat instead.
  likely near /home/vagrant/.julia/v0.5/MultivariateStats/src/lda.jl:62
WARNING: Base.FloatingPoint is deprecated, use AbstractFloat instead.
  likely near /home/vagrant/.julia/v0.5/MultivariateStats/src/lda.jl:62
WARNING: Base.FloatingPoint is deprecated, use AbstractFloat instead.
  likely near /home/vagrant/.julia/v0.5/MultivariateStats/src/lda.jl:62
WARNING: Base.FloatingPoint is deprecated, use AbstractFloat instead.
  likely near /home/vagrant/.julia/v0.5/MultivariateStats/src/lda.jl:80
WARNING: Base.FloatingPoint is deprecated, use AbstractFloat instead.
  likely near /home/vagrant/.julia/v0.5/MultivariateStats/src/lda.jl:94
WARNING: Base.FloatingPoint is deprecated, use AbstractFloat instead.
  likely near /home/vagrant/.julia/v0.5/MultivariateStats/src/lda.jl:143
WARNING: Base.FloatingPoint is deprecated, use AbstractFloat instead.
  likely near /home/vagrant/.julia/v0.5/MultivariateStats/src/lda.jl:143
WARNING: Base.FloatingPoint is deprecated, use AbstractFloat instead.
  likely near /home/vagrant/.julia/v0.5/MultivariateStats/src/lda.jl:143
WARNING: Base.FloatingPoint is deprecated, use AbstractFloat instead.
  likely near /home/vagrant/.julia/v0.5/MultivariateStats/src/lda.jl:161
WARNING: Base.FloatingPoint is deprecated, use AbstractFloat instead.
  likely near /home/vagrant/.julia/v0.5/MultivariateStats/src/lda.jl:163
WARNING: Base.FloatingPoint is deprecated, use AbstractFloat instead.
  likely near /home/vagrant/.julia/v0.5/MultivariateStats/src/lda.jl:163
WARNING: Base.FloatingPoint is deprecated, use AbstractFloat instead.
  likely near /home/vagrant/.julia/v0.5/MultivariateStats/src/lda.jl:163
WARNING: Base.FloatingPoint is deprecated, use AbstractFloat instead.
  likely near /home/vagrant/.julia/v0.5/MultivariateStats/src/lda.jl:174
WARNING: Base.FloatingPoint is deprecated, use AbstractFloat instead.
  likely near /home/vagrant/.julia/v0.5/MultivariateStats/src/lda.jl:174
WARNING: Base.FloatingPoint is deprecated, use AbstractFloat instead.
  likely near /home/vagrant/.julia/v0.5/MultivariateStats/src/lda.jl:174
WARNING: Base.FloatingPoint is deprecated, use AbstractFloat instead.
  likely near /home/vagrant/.julia/v0.5/MultivariateStats/src/lda.jl:183
WARNING: Base.FloatingPoint is deprecated, use AbstractFloat instead.
  likely near /home/vagrant/.julia/v0.5/MultivariateStats/src/lda.jl:186
WARNING: Base.FloatingPoint is deprecated, use AbstractFloat instead.
  likely near /home/vagrant/.julia/v0.5/MultivariateStats/src/lda.jl:211
INFO: Recompiling stale cache file /home/vagrant/.julia/lib/v0.5/HDF5.ji for module HDF5.
WARNING: Method definition h5l_exists(Any, Any, Any) in module HDF5 at /home/vagrant/.julia/v0.5/HDF5/src/plain.jl:2026 overwritten at /home/vagrant/.julia/v0.5/HDF5/src/plain.jl:2052.
ERROR: LoadError: LoadError: cannot add methods to an abstract type
 in include at ./boot.jl:264
 in include_from_node1 at ./loading.jl:417
 in include at ./boot.jl:264
 in include_from_node1 at ./loading.jl:417
 in eval at ./boot.jl:267
 [inlined code] from ./sysimg.jl:14
 in process_options at ./client.jl:221
 in _start at ./client.jl:300
while loading /home/vagrant/.julia/v0.5/FunctionalData/src/computing.jl, in expression starting on line 521
while loading /home/vagrant/.julia/v0.5/FunctionalData/src/FunctionalData.jl, in expression starting on line 11
ERROR: LoadError: Failed to precompile FunctionalData to /home/vagrant/.julia/lib/v0.5/FunctionalData.ji
 in error at ./error.jl:21
 in require at ./loading.jl:328
 in include at ./boot.jl:264
 in include_from_node1 at ./loading.jl:417
 in eval at ./boot.jl:267
 [inlined code] from ./sysimg.jl:14
 in process_options at ./client.jl:221
 in _start at ./client.jl:300
while loading /home/vagrant/.julia/v0.5/FunctionalDataUtils/src/FunctionalDataUtils.jl, in expression starting on line 5
ERROR: LoadError: LoadError: Failed to precompile FunctionalDataUtils to /home/vagrant/.julia/lib/v0.5/FunctionalDataUtils.ji
 in error at ./error.jl:21
 in compilecache(Base.#compilecache, ASCIIString) at ./loading.jl:496
 in require at ./loading.jl:355
 in include at ./boot.jl:264
 in include_from_node1 at ./loading.jl:417
 in eval at ./boot.jl:267
 [inlined code] from ./sysimg.jl:14
 in require at ./loading.jl:348
 in include at ./boot.jl:264
 in include_from_node1 at ./loading.jl:417
 in process_options at ./client.jl:244
 in _start at ./client.jl:300
while loading /home/vagrant/.julia/v0.5/ShapeModels/src/ShapeModels.jl, in expression starting on line 3
while loading /home/vagrant/.julia/v0.5/ShapeModels/test/runtests.jl, in expression starting on line 2
=============================[ ERROR: ShapeModels ]=============================

failed process: Process(`/home/vagrant/julia/bin/julia --check-bounds=yes --code-coverage=none --color=no /home/vagrant/.julia/v0.5/ShapeModels/test/runtests.jl`, ProcessExited(1)) [1]

================================================================================
INFO: No packages to install, update or remove
ERROR: Base.Pkg.PkgError("ShapeModels had test errors")
 in #test#55(Base.Pkg.Entry.##test#55, Bool, Any, Array{AbstractString,1}) at ./pkg/entry.jl:671
 [inlined code] from ./boot.jl:331
 in #2(Base.Pkg.Dir.##2#3{Array{Any,1},Base.Pkg.Entry.#test,Tuple{Array{AbstractString,1}}}) at ./pkg/dir.jl:31
 in cd(Base.Filesystem.#cd, Base.Pkg.Dir.##2#3{Array{Any,1},Base.Pkg.Entry.#test,Tuple{Array{AbstractString,1}}}, UTF8String) at ./file.jl:47
 in #cd#1(Base.Pkg.Dir.##cd#1, Array{Any,1}, Any, Any, Array{AbstractString,1}, Vararg{Array{AbstractString,1}}) at ./pkg/dir.jl:31
 [inlined code] from ./boot.jl:331
 in #test#4(Base.Pkg.##test#4, Bool, Any, ASCIIString, Vararg{ASCIIString}) at ./pkg.jl:228
 in eval at ./boot.jl:267
 [inlined code] from ./sysimg.jl:14
 in process_options at ./client.jl:221
 in _start at ./client.jl:300

>>> End of log
