>>> 'Pkg.add("Shapefile")' log
INFO: Cloning cache of Shapefile from git://github.com/JuliaGeo/Shapefile.jl.git
INFO: Installing Shapefile v0.0.3
INFO: Package database updated

>>> 'Pkg.test("Shapefile")' log
Julia Version 0.4.7
Commit ae26b25 (2016-09-18 16:17 UTC)
Platform Info:
  System: Linux (x86_64-pc-linux-gnu)
  CPU: Intel(R) Xeon(R) CPU E3-1241 v3 @ 3.50GHz
  WORD_SIZE: 64
           Ubuntu 14.04.5 LTS
  uname: Linux 3.13.0-110-generic #157-Ubuntu SMP Mon Feb 20 11:54:05 UTC 2017 x86_64 x86_64
Memory: 2.9392738342285156 GB (2371.71875 MB free)
Uptime: 29238.0 sec
Load Avg:  0.9775390625  1.0048828125  1.013671875
Intel(R) Xeon(R) CPU E3-1241 v3 @ 3.50GHz: 
       speed         user         nice          sys         idle          irq
#1  3499 MHz    1392418 s       2442 s     114604 s    1125129 s         98 s
#2  3499 MHz     939532 s       4260 s      99876 s    1772716 s          1 s

  BLAS: libopenblas (USE64BITINT DYNAMIC_ARCH NO_AFFINITY Nehalem)
  LAPACK: libopenblas64_
  LIBM: libopenlibm
  LLVM: libLLVM-3.3
Environment:
  TERM = vt100
  LD_LIBRARY_PATH = :/usr/local/lib/
  PATH = /usr/local/sbin:/usr/local/bin:/usr/sbin:/usr/bin:/sbin:/bin:/usr/games:/usr/local/games:/home/vagrant/julia/bin/
  JAVA_HOME = /usr/lib/jvm/java-7-oracle
  HOME = /home/vagrant

Package Directory: /home/vagrant/.julia/v0.4
2 required packages:
 - JSON                          0.8.3
 - Shapefile                     0.0.3
1 additional packages:
 - Compat                        0.19.0
INFO: Computing test dependencies for Shapefile...
INFO: Installing FactCheck v0.4.3
INFO: Testing Shapefile
WARNING: The `=>` syntax is deprecated, use `-->` instead
INFO: Shapefile tests passed
INFO: Removing FactCheck v0.4.3

>>> End of log
