>>> 'Pkg.add("Showoff")' log
INFO: Installing Iterators v0.2.0
INFO: Installing Showoff v0.0.7
INFO: Package database updated

>>> 'Pkg.test("Showoff")' log
Julia Version 0.4.7
Commit ae26b25 (2016-09-18 16:17 UTC)
Platform Info:
  System: Linux (x86_64-pc-linux-gnu)
  CPU: Intel(R) Xeon(R) CPU E3-1241 v3 @ 3.50GHz
  WORD_SIZE: 64
           Ubuntu 14.04.5 LTS
  uname: Linux 3.13.0-100-generic #147-Ubuntu SMP Tue Oct 18 16:48:51 UTC 2016 x86_64 x86_64
Memory: 2.939289093017578 GB (2363.0390625 MB free)
Uptime: 24191.0 sec
Load Avg:  1.1513671875  0.984375  0.966796875
Intel(R) Xeon(R) CPU E3-1241 v3 @ 3.50GHz: 
       speed         user         nice          sys         idle          irq
#1  3500 MHz    1166809 s       7650 s     110192 s     888192 s         90 s
#2  3500 MHz     736144 s         55 s     100719 s    1478832 s          1 s

  BLAS: libopenblas (USE64BITINT DYNAMIC_ARCH NO_AFFINITY Nehalem)
  LAPACK: libopenblas64_
  LIBM: libopenlibm
  LLVM: libLLVM-3.3
Environment:
  TERM = vt100
  LD_LIBRARY_PATH = :/usr/local/lib/
  PATH = /usr/local/sbin:/usr/local/bin:/usr/sbin:/usr/bin:/sbin:/bin:/usr/games:/usr/local/games:/home/vagrant/julia/bin/
  JAVA_HOME = /usr/lib/jvm/java-7-oracle
  HOME = /home/vagrant

Package Directory: /home/vagrant/.julia/v0.4
2 required packages:
 - JSON                          0.8.0
 - Showoff                       0.0.7
2 additional packages:
 - Compat                        0.9.3
 - Iterators                     0.2.0
INFO: Testing Showoff
INFO: Showoff tests passed

>>> End of log
