>>> 'Pkg.add("SigmoidalProgramming")' log
INFO: Cloning cache of SigmoidalProgramming from https://github.com/madeleineudell/SigmoidalProgramming.jl.git
INFO: Installing SigmoidalProgramming v0.0.1
INFO: Package database updated

>>> 'Pkg.test("SigmoidalProgramming")' log
Julia Version 0.6.0-dev.2985
Commit 2cd3ff7 (2017-02-26 06:00 UTC)
Platform Info:
  OS: Linux (x86_64-pc-linux-gnu)
  CPU: Intel(R) Xeon(R) CPU E3-1241 v3 @ 3.50GHz
  WORD_SIZE: 64
           Ubuntu 14.04.5 LTS
  uname: Linux 3.13.0-110-generic #157-Ubuntu SMP Mon Feb 20 11:54:05 UTC 2017 x86_64 x86_64
Memory: 2.9392738342285156 GB (1977.40625 MB free)
Uptime: 21761.0 sec
Load Avg:  0.994140625  1.00048828125  1.04541015625
Intel(R) Xeon(R) CPU E3-1241 v3 @ 3.50GHz: 
       speed         user         nice          sys         idle          irq
#1  3499 MHz    1305797 s       3712 s     118297 s     464616 s         72 s
#2  3499 MHz     326663 s       2919 s      57367 s    1724009 s          4 s

  BLAS: libopenblas (USE64BITINT DYNAMIC_ARCH NO_AFFINITY Nehalem)
  LAPACK: libopenblas64_
  LIBM: libopenlibm
  LLVM: libLLVM-3.9.1 (ORCJIT, haswell)
Environment:
  TERM = vt100
  LD_LIBRARY_PATH = :/usr/local/lib/
  PATH = /usr/local/sbin:/usr/local/bin:/usr/sbin:/usr/bin:/sbin:/bin:/usr/games:/usr/local/games:/home/vagrant/julia/bin/
  JAVA_HOME = /usr/lib/jvm/java-7-oracle
  HOME = /home/vagrant

Package Directory: /home/vagrant/.julia/v0.6
2 required packages:
 - JSON                          0.8.3
 - SigmoidalProgramming          0.0.1
1 additional packages:
 - Compat                        0.19.0
INFO: Testing SigmoidalProgramming
ERROR: LoadError: ArgumentError: Module SigmoidalPrograming not found in current path.
Run `Pkg.add("SigmoidalPrograming")` to install the SigmoidalPrograming package.
Stacktrace:
 [1] require(::Symbol) at ./loading.jl:403
 [2] include_from_node1(::String) at ./loading.jl:539
 [3] include(::String) at ./sysimg.jl:14
 [4] process_options(::Base.JLOptions) at ./client.jl:305
 [5] _start() at ./client.jl:371
while loading /home/vagrant/.julia/v0.6/SigmoidalProgramming/test/runtests.jl, in expression starting on line 1
========================[ ERROR: SigmoidalProgramming ]=========================

failed process: Process(`/home/vagrant/julia/bin/julia -Cx86-64 -J/home/vagrant/julia/lib/julia/sys.so --compile=yes --depwarn=yes --check-bounds=yes --code-coverage=none --color=no --compilecache=yes /home/vagrant/.julia/v0.6/SigmoidalProgramming/test/runtests.jl`, ProcessExited(1)) [1]

================================================================================
ERROR: SigmoidalProgramming had test errors

>>> End of log
