>>> 'Pkg.add("SignalView")' log
INFO: Cloning cache of GraphLayout from git://github.com/IainNZ/GraphLayout.jl.git
INFO: Cloning cache of SignalView from git://github.com/SimonDanisch/SignalView.jl.git
INFO: Installing BinDeps v0.4.2
INFO: Installing Calculus v0.1.15
INFO: Installing Cbc v0.2.3
INFO: Installing Clp v0.2.2
INFO: Installing ColorTypes v0.2.5
INFO: Installing ColorVectorSpace v0.1.6
INFO: Installing Colors v0.6.6
INFO: Installing Compose v0.4.2
INFO: Installing DataStructures v0.4.5
INFO: Installing DualNumbers v0.2.2
INFO: Installing FileIO v0.1.0
INFO: Installing FixedPointNumbers v0.1.4
INFO: Installing FixedSizeArrays v0.2.2
INFO: Installing ForwardDiff v0.2.2
INFO: Installing FreeType v1.0.3
INFO: Installing GLAbstraction v0.1.0
INFO: Installing GLFW v1.1.3
INFO: Installing GLVisualize v0.0.10
INFO: Installing GLWindow v0.1.4
INFO: Installing GeometryTypes v0.1.6
INFO: Installing GraphLayout v0.3.1
INFO: Installing Graphics v0.1.3
INFO: Installing Images v0.5.8
INFO: Installing Iterators v0.1.10
INFO: Installing JuMP v0.14.0
INFO: Installing Lazy v0.11.0
INFO: Installing MacroTools v0.3.2
INFO: Installing MathProgBase v0.5.2
INFO: Installing Measures v0.0.3
INFO: Installing MeshIO v0.0.5
INFO: Installing ModernGL v0.0.8
INFO: Installing Mustache v0.0.15
INFO: Installing NaNMath v0.2.1
INFO: Installing Packing v0.0.4
INFO: Installing Quaternions v0.1.1
INFO: Installing Reactive v0.3.4
INFO: Installing Reexport v0.0.3
INFO: Installing ReverseDiffSparse v0.5.8
INFO: Installing Rmath v0.1.2
INFO: Installing SHA v0.2.0
INFO: Installing SIUnits v0.0.6
INFO: Installing SignalView v0.0.1
INFO: Installing SignedDistanceFields v0.0.1
INFO: Installing StatsBase v0.9.0
INFO: Installing StatsFuns v0.3.0
INFO: Installing TexExtensions v0.0.3
INFO: Installing URIParser v0.1.6
INFO: Installing Zlib v0.1.12
INFO: Building Cbc
INFO: Building FreeType
INFO: Building GLFW
INFO: Building GLFW 3.1.2 library from source
-- Looking for XOpenDisplay in /usr/lib/x86_64-linux-gnu/libX11.so;/usr/lib/x86_64-linux-gnu/libXext.so
-- Looking for XOpenDisplay in /usr/lib/x86_64-linux-gnu/libX11.so;/usr/lib/x86_64-linux-gnu/libXext.so - found
-- Looking for gethostbyname
-- Looking for gethostbyname - found
-- Looking for connect
-- Looking for connect - found
-- Looking for remove
-- Looking for remove - found
-- Looking for shmat
-- Looking for shmat - found
-- Found X11: /usr/lib/x86_64-linux-gnu/libX11.so
-- Found OpenGL: /usr/lib/x86_64-linux-gnu/libGL.so  
-- Looking for include file pthread.h
-- Looking for include file pthread.h - found
-- Looking for pthread_create
-- Looking for pthread_create - not found
-- Looking for pthread_create in pthreads
-- Looking for pthread_create in pthreads - not found
-- Looking for pthread_create in pthread
-- Looking for pthread_create in pthread - found
-- Found Threads: TRUE  
-- Using X11 for window creation
-- Using GLX for context creation
CMake Error at CMakeLists.txt:269 (message):
  The RandR library and headers were not found


-- Configuring incomplete, errors occurred!
See also "/home/vagrant/.julia/v0.4/GLFW/deps/builds/glfw-3.1.2/CMakeFiles/CMakeOutput.log".
See also "/home/vagrant/.julia/v0.4/GLFW/deps/builds/glfw-3.1.2/CMakeFiles/CMakeError.log".
ERROR: failed process: Process(`cmake -DBUILD_SHARED_LIBS=ON -DCMAKE_INSTALL_PREFIX=../../usr64 -DGLFW_BUILD_DOCS=OFF -DGLFW_BUILD_EXAMPLES=OFF -DGLFW_BUILD_TESTS=OFF ../../src/glfw-3.1.2`, ProcessExited(1)) [1]
WARNING: On Linux, you might not have xorg-dev and libglu1-mesa-dev installed, which you can get via the commandline with for example
sudo apt-get install  xorg-dev libglu1-mesa-dev
If that doesn't help, try to install GLFW manually
(see http://www.glfw.org/download.html for more information)
INFO: Building Rmath
INFO: Package database updated
INFO: METADATA is out-of-date — you may not have the latest version of SignalView
INFO: Use `Pkg.update()` to get the latest versions of your packages

>>> 'Pkg.test("SignalView")' log
Julia Version 0.4.6
Commit 2e358ce (2016-06-19 17:16 UTC)
Platform Info:
  System: Linux (x86_64-unknown-linux-gnu)
  CPU: Intel(R) Xeon(R) CPU E3-1241 v3 @ 3.50GHz
  WORD_SIZE: 64
           Ubuntu 14.04.5 LTS
  uname: Linux 3.13.0-93-generic #140-Ubuntu SMP Mon Jul 18 21:21:05 UTC 2016 x86_64 x86_64
Memory: 2.4471054077148438 GB (780.86328125 MB free)
Uptime: 22530.0 sec
Load Avg:  1.24365234375  1.0419921875  0.93359375
Intel(R) Xeon(R) CPU E3-1241 v3 @ 3.50GHz: 
       speed         user         nice          sys         idle          irq
#1  3500 MHz     996724 s       2866 s     100876 s     870554 s         32 s
#2  3500 MHz     659004 s       3814 s      88284 s    1388502 s          0 s

  BLAS: libopenblas (USE64BITINT DYNAMIC_ARCH NO_AFFINITY Nehalem)
  LAPACK: libopenblas64_
  LIBM: libopenlibm
  LLVM: libLLVM-3.3
Environment:
  TERM = vt100
  LD_LIBRARY_PATH = :/usr/local/lib/
  PATH = /usr/local/sbin:/usr/local/bin:/usr/sbin:/usr/bin:/sbin:/bin:/usr/games:/usr/local/games:/home/vagrant/julia/bin/
  JAVA_HOME = /usr/lib/jvm/java-7-oracle
  HOME = /home/vagrant

Package Directory: /home/vagrant/.julia/v0.4
2 required packages:
 - JSON                          0.6.0
 - SignalView                    0.0.1
48 additional packages:
 - BinDeps                       0.4.2
 - Calculus                      0.1.15
 - Cbc                           0.2.3
 - Clp                           0.2.2
 - ColorTypes                    0.2.5
 - ColorVectorSpace              0.1.6
 - Colors                        0.6.6
 - Compat                        0.8.6
 - Compose                       0.4.2
 - DataStructures                0.4.5
 - DualNumbers                   0.2.2
 - FileIO                        0.1.0
 - FixedPointNumbers             0.1.4
 - FixedSizeArrays               0.2.2
 - ForwardDiff                   0.2.2
 - FreeType                      1.0.3
 - GLAbstraction                 0.1.0
 - GLFW                          1.1.3
 - GLVisualize                   0.0.10
 - GLWindow                      0.1.4
 - GeometryTypes                 0.1.6
 - GraphLayout                   0.3.1
 - Graphics                      0.1.3
 - Images                        0.5.8
 - Iterators                     0.1.10
 - JuMP                          0.14.0
 - Lazy                          0.11.0
 - MacroTools                    0.3.2
 - MathProgBase                  0.5.2
 - Measures                      0.0.3
 - MeshIO                        0.0.5
 - ModernGL                      0.0.8
 - Mustache                      0.0.15
 - NaNMath                       0.2.1
 - Packing                       0.0.4
 - Quaternions                   0.1.1
 - Reactive                      0.3.4
 - Reexport                      0.0.3
 - ReverseDiffSparse             0.5.8
 - Rmath                         0.1.2
 - SHA                           0.2.0
 - SIUnits                       0.0.6
 - SignedDistanceFields          0.0.1
 - StatsBase                     0.9.0
 - StatsFuns                     0.3.0
 - TexExtensions                 0.0.3
 - URIParser                     0.1.6
 - Zlib                          0.1.12
INFO: Testing SignalView
ERROR: LoadError: ArgumentError: ReactiveDebug not found in path
 in require at ./loading.jl:249
 in include at ./boot.jl:261
 in include_from_node1 at ./loading.jl:320
 in process_options at ./client.jl:280
 in _start at ./client.jl:378
while loading /home/vagrant/.julia/v0.4/SignalView/test/runtests.jl, in expression starting on line 1
=============================[ ERROR: SignalView ]==============================

failed process: Process(`/home/vagrant/julia/bin/julia --check-bounds=yes --code-coverage=none --color=no /home/vagrant/.julia/v0.4/SignalView/test/runtests.jl`, ProcessExited(1)) [1]

================================================================================
ERROR: SignalView had test errors
 in error at ./error.jl:21
 in test at pkg/entry.jl:803
 in anonymous at pkg/dir.jl:31
 in cd at file.jl:22
 in cd at pkg/dir.jl:31
 in test at pkg.jl:71
 in process_options at ./client.jl:257
 in _start at ./client.jl:378

>>> End of log
