>>> 'Pkg.add("SignalView")' log
INFO: Cloning cache of FreeType from https://github.com/JuliaGraphics/FreeType.jl.git
INFO: Cloning cache of FreeTypeAbstraction from https://github.com/JuliaGraphics/FreeTypeAbstraction.jl.git
INFO: Cloning cache of GLAbstraction from https://github.com/JuliaGL/GLAbstraction.jl.git
INFO: Cloning cache of GLFW from https://github.com/JuliaGL/GLFW.jl.git
INFO: Cloning cache of GLVisualize from https://github.com/JuliaGL/GLVisualize.jl.git
INFO: Cloning cache of GLWindow from https://github.com/JuliaGL/GLWindow.jl.git
INFO: Cloning cache of GraphLayout from https://github.com/IainNZ/GraphLayout.jl.git
INFO: Cloning cache of SignalView from https://github.com/SimonDanisch/SignalView.jl.git
INFO: Cloning cache of SignedDistanceFields from https://github.com/JuliaGraphics/SignedDistanceFields.jl.git
INFO: Cloning cache of UnicodeFun from https://github.com/SimonDanisch/UnicodeFun.jl.git
INFO: Installing AxisAlgorithms v0.2.0
INFO: Installing AxisArrays v0.1.4
INFO: Installing BinDeps v0.6.0
INFO: Installing Calculus v0.2.2
INFO: Installing CatIndices v0.0.2
INFO: Installing Cbc v0.3.2
INFO: Installing Clp v0.3.1
INFO: Installing ColorTypes v0.6.1
INFO: Installing ColorVectorSpace v0.4.4
INFO: Installing Colors v0.8.1
INFO: Installing CommonSubexpressions v0.0.1
INFO: Installing Compose v0.5.3
INFO: Installing ComputationalResources v0.0.2
INFO: Installing CoordinateTransformations v0.4.1
INFO: Installing CustomUnitRanges v0.0.4
INFO: Installing DataStructures v0.6.1
INFO: Installing DiffBase v0.2.0
INFO: Installing DualNumbers v0.3.0
INFO: Installing FFTViews v0.0.2
INFO: Installing FileIO v0.5.1
INFO: Installing FixedPointNumbers v0.4.0
INFO: Installing ForwardDiff v0.5.0
INFO: Installing FreeType v1.3.0
INFO: Installing FreeTypeAbstraction v0.1.0
INFO: Installing GLAbstraction v0.5.1
INFO: Installing GLFW v1.4.0
INFO: Installing GLVisualize v0.6.1
INFO: Installing GLWindow v0.7.0
INFO: Installing GeometryTypes v0.4.2
INFO: Installing GraphLayout v0.3.1
INFO: Installing Graphics v0.2.0
INFO: Installing IdentityRanges v0.0.1
INFO: Installing ImageAxes v0.3.1
INFO: Installing ImageCore v0.4.1
INFO: Installing ImageFiltering v0.2.1
INFO: Installing ImageMetadata v0.3.0
INFO: Installing ImageMorphology v0.0.2
INFO: Installing ImageTransformations v0.4.0
INFO: Installing Images v0.11.3
INFO: Installing IndirectArrays v0.1.1
INFO: Installing Interpolations v0.6.3
INFO: Installing IntervalSets v0.1.1
INFO: Installing IterTools v0.1.0
INFO: Installing JuMP v0.18.0
INFO: Installing MacroTools v0.3.7
INFO: Installing MappedArrays v0.0.7
INFO: Installing MathProgBase v0.6.4
INFO: Installing Measures v0.1.0
INFO: Installing MeshIO v0.1.0
INFO: Installing ModernGL v0.2.1
INFO: Installing NaNMath v0.2.6
INFO: Installing OffsetArrays v0.3.0
INFO: Installing Packing v0.1.0
INFO: Installing PaddedViews v0.1.0
INFO: Installing Quaternions v0.3.0
INFO: Installing RangeArrays v0.2.0
INFO: Installing Ratios v0.1.0
INFO: Installing Reactive v0.6.0
INFO: Installing RealInterface v0.0.3
INFO: Installing Reexport v0.0.3
INFO: Installing Requires v0.4.3
INFO: Installing ReverseDiffSparse v0.8.0
INFO: Installing Rotations v0.6.0
INFO: Installing SHA v0.5.1
INFO: Installing SIUnits v0.1.0
INFO: Installing ShowItLikeYouBuildIt v0.1.0
INFO: Installing SignalView v0.0.1
INFO: Installing SignedDistanceFields v0.2.0
INFO: Installing SimpleTraits v0.5.1
INFO: Installing SpecialFunctions v0.3.1
INFO: Installing StaticArrays v0.6.2
INFO: Installing StatsBase v0.18.0
INFO: Installing TexExtensions v0.1.0
INFO: Installing TiledIteration v0.0.2
INFO: Installing URIParser v0.2.0
INFO: Installing UnicodeFun v0.1.0
INFO: Installing WoodburyMatrices v0.2.2
INFO: Building Cbc
INFO: Attempting to Create directory /home/vagrant/.julia/v0.6/Cbc/deps/downloads
INFO: Directory /home/vagrant/.julia/v0.6/Cbc/deps/downloads already created
INFO: Downloading file http://www.coin-or.org/download/source/Cbc/Cbc-2.9.8.tgz
  % Total    % Received % Xferd  Average Speed   Time    Time     Time  Current
                                 Dload  Upload   Total   Spent    Left  Speed
  0     0    0     0    0     0      0      0 --:--:-- --:--:-- --:--:--     0  0     0    0     0    0     0      0      0 --:--:-- --:--:-- --:--:--     0100   265  100   265    0     0    774      0 --:--:-- --:--:-- --:--:--   774
 88 13.0M   88 11.5M    0     0  11.2M      0  0:00:01  0:00:01 --:--:-- 11.2M100 13.0M  100 13.0M    0     0  12.5M      0  0:00:01  0:00:01 --:--:--  100M
INFO: Done downloading file http://www.coin-or.org/download/source/Cbc/Cbc-2.9.8.tgz
INFO: Attempting to Create directory /home/vagrant/.julia/v0.6/Cbc/deps/src
INFO: Attempting to Create directory /home/vagrant/.julia/v0.6/Cbc/deps
INFO: Directory /home/vagrant/.julia/v0.6/Cbc/deps already created
INFO: Changing Directory to /home/vagrant/.julia/v0.6/Cbc/deps/src/Cbc-2.9.8
./configure: line 5844: cd: /home/vagrant/.julia/v0.6/Cbc/deps/usr: No such file or directory
./configure: line 2236: cd: /home/vagrant/.julia/v0.6/Cbc/deps/usr: No such file or directory
./configure: line 2308: cd: /home/vagrant/.julia/v0.6/Cbc/deps/usr: No such file or directory
./configure: line 6877: cd: /home/vagrant/.julia/v0.6/Cbc/deps/usr: No such file or directory
configure: WARNING: Cannot find C-function for checking Inf.
configure: WARNING: Cannot find C-function for checking NaN.
./configure: line 5268: cd: /home/vagrant/.julia/v0.6/Cbc/deps/usr: No such file or directory
configure: WARNING: No solver available, examples will not work.
./configure: line 5300: cd: /home/vagrant/.julia/v0.6/Cbc/deps/usr: No such file or directory
./configure: line 5270: cd: /home/vagrant/.julia/v0.6/Cbc/deps/usr: No such file or directory
./configure: line 5304: cd: /home/vagrant/.julia/v0.6/Cbc/deps/usr: No such file or directory
INFO: Changing Directory to /home/vagrant/.julia/v0.6/Cbc/deps/src/Cbc-2.9.8
CoinFactorization2.cpp: In member function 'int CoinFactorization::factorDense()':
CoinFactorization2.cpp:521:11: warning: conversion to 'CoinBigIndex {aka int}' from 'long unsigned int' may alter its value [-Wconversion]
   newSize += (numberDense_+1)/(sizeof(CoinFactorizationDouble)/sizeof(int));
           ^
CoinFactorization2.cpp:522:11: warning: conversion to 'CoinBigIndex {aka int}' from 'long unsigned int' may alter its value [-Wconversion]
   newSize += 2*((numberDense_+3)/(sizeof(CoinFactorizationDouble)/sizeof(short)));
           ^
CoinFactorization2.cpp:523:11: warning: conversion to 'CoinBigIndex {aka int}' from 'long unsigned int' may alter its value [-Wconversion]
   newSize += ((numberRows_+3)/(sizeof(CoinFactorizationDouble)/sizeof(short)));
           ^
CoinFactorization3.cpp: In member function 'void CoinFactorization::updateColumnLSparsish(CoinIndexedVector*, int*) const':
CoinFactorization3.cpp:401:36: warning: conversion to 'int' from 'long unsigned int' may alter its value [-Wconversion]
   int nInBig = sizeof(CoinBigIndex)/sizeof(int);
                                    ^
CoinFactorization4.cpp: In member function 'void CoinFactorization::updateColumnTransposeUSparsish(CoinIndexedVector*, int) const':
CoinFactorization4.cpp:936:36: warning: conversion to 'int' from 'long unsigned int' may alter its value [-Wconversion]
   int nInBig = sizeof(CoinBigIndex)/sizeof(int);
                                    ^
CoinFactorization4.cpp: In member function 'void CoinFactorization::updateColumnTransposeLSparsish(CoinIndexedVector*) const':
CoinFactorization4.cpp:1301:36: warning: conversion to 'int' from 'long unsigned int' may alter its value [-Wconversion]
   int nInBig = sizeof(CoinBigIndex)/sizeof(int);
                                    ^
CoinLpIO.cpp: In member function 'void CoinLpIO::readLp(FILE*)':
CoinLpIO.cpp:2268:29: warning: conversion to 'int' from 'size_t {aka long unsigned int}' may alter its value [-Wconversion]
       int length=strlen(buff);
                             ^
CoinLpIO.cpp:2320:31: warning: conversion to 'int' from 'size_t {aka long unsigned int}' may alter its value [-Wconversion]
       int length=strlen(next+1);
                               ^
CoinMessage.cpp: In constructor 'CoinMessage::CoinMessage(CoinMessages::Language)':
CoinMessage.cpp:77:34: warning: conversion to 'int' from 'long unsigned int' may alter its value [-Wconversion]
   CoinMessages(sizeof(us_english)/sizeof(Coin_message))
                                  ^
CoinMessageHandler.cpp: In member function 'CoinMessageHandler& CoinMessageHandler::operator<<(double)':
CoinMessageHandler.cpp:834:35: warning: format not a string literal and no format arguments [-Wformat-security]
      sprintf(messageOut_,format_+2);
                                   ^
CoinStructuredModel.cpp: In member function 'int CoinStructuredModel::decompose(const CoinPackedMatrix&, const double*, const double*, const double*, const double*, const double*, int, int, int*, double)':
CoinStructuredModel.cpp:761:10: warning: variable 'goodDW' set but not used [-Wunused-but-set-variable]
     bool goodDW=true;
          ^
CoinStructuredModel.cpp:1343:10: warning: variable 'goodBenders' set but not used [-Wunused-but-set-variable]
     bool goodBenders=true;
          ^
CoinPresolveDual.cpp: In static member function 'static const CoinPresolveAction* remove_dual_action::presolve(CoinPresolveMatrix*, const CoinPresolveAction*)':
CoinPresolveDual.cpp:236:20: warning: unused variable 'lb' [-Wunused-variable]
       const double lb = clo[icol] ;
                    ^
CoinPresolveDual.cpp:237:20: warning: unused variable 'ub' [-Wunused-variable]
       const double ub = cup[icol] ;
                    ^
CoinPresolveDual.cpp:642:13: warning: unused variable 'no_clb' [-Wunused-variable]
  const bool no_clb = (active[j]&5)==0 ;
             ^
CoinPresolveDupcol.cpp: In member function 'virtual void gubrow_action::postsolve(CoinPostsolveMatrix*) const':
CoinPresolveDupcol.cpp:1761:11: warning: unused variable 'rcosts' [-Wunused-variable]
   double *rcosts = prob->rcosts_ ;
           ^
CoinRational.cpp: In member function 'bool CoinRational::nearestRational_(double, double, long int)':
CoinRational.cpp:30:27: warning: conversion to 'double' from 'long int' may alter its value [-Wconversion]
       double mediant = (a + c)/(double(b + d));
                           ^
CoinRational.cpp:60:30: warning: conversion to 'long int' from 'double' may alter its value [-Wconversion]
    numerator_ += labs(intpart) * denominator_;
                              ^
CoinRational.cpp:64:52: warning: conversion to 'double' from 'long int' may alter its value [-Wconversion]
    return fabs(val - numerator_/double(denominator_)) <= maxdelta;
                                                    ^
OsiRowCutDebugger.cpp: In member function 'bool OsiRowCutDebugger::activate(const OsiSolverInterface&, const char*)':
OsiRowCutDebugger.cpp:319:43: warning: conversion to 'int' from 'long unsigned int' may alter its value [-Wconversion]
     int numIndices = sizeof(intIndicesAt1)/sizeof(int);
                                           ^
OsiRowCutDebugger.cpp:329:37: warning: conversion to 'int' from 'long unsigned int' may alter its value [-Wconversion]
     int vecLen = sizeof(intIndicesV)/sizeof(int);
                                     ^
OsiRowCutDebugger.cpp:338:43: warning: conversion to 'int' from 'long unsigned int' may alter its value [-Wconversion]
     int numIndices = sizeof(intIndicesAt1)/sizeof(int);
                                           ^
OsiRowCutDebugger.cpp:347:43: warning: conversion to 'int' from 'long unsigned int' may alter its value [-Wconversion]
     int numIndices = sizeof(intIndicesAt1)/sizeof(int);
                                           ^
OsiRowCutDebugger.cpp:356:43: warning: conversion to 'int' from 'long unsigned int' may alter its value [-Wconversion]
     int numIndices = sizeof(intIndicesAt1)/sizeof(int);
                                           ^
OsiRowCutDebugger.cpp:365:43: warning: conversion to 'int' from 'long unsigned int' may alter its value [-Wconversion]
     int numIndices = sizeof(intIndicesAt1)/sizeof(int);
                                           ^
OsiRowCutDebugger.cpp:374:43: warning: conversion to 'int' from 'long unsigned int' may alter its value [-Wconversion]
     int numIndices = sizeof(intIndicesAt1)/sizeof(int);
                                           ^
OsiRowCutDebugger.cpp:383:43: warning: conversion to 'int' from 'long unsigned int' may alter its value [-Wconversion]
     int numIndices = sizeof(intIndicesAt1)/sizeof(int);
                                           ^
OsiRowCutDebugger.cpp:395:43: warning: conversion to 'int' from 'long unsigned int' may alter its value [-Wconversion]
     int numIndices = sizeof(intIndicesAt1)/sizeof(int);
                                           ^
OsiRowCutDebugger.cpp:406:43: warning: conversion to 'int' from 'long unsigned int' may alter its value [-Wconversion]
     int numIndices = sizeof(intIndicesAt1)/sizeof(int);
                                           ^
OsiRowCutDebugger.cpp:416:43: warning: conversion to 'int' from 'long unsigned int' may alter its value [-Wconversion]
     int numIndices = sizeof(intIndicesAt1)/sizeof(int);
                                           ^
OsiRowCutDebugger.cpp:427:43: warning: conversion to 'int' from 'long unsigned int' may alter its value [-Wconversion]
     int numIndices = sizeof(intIndicesAt1)/sizeof(int);
                                           ^
OsiRowCutDebugger.cpp:445:43: warning: conversion to 'int' from 'long unsigned int' may alter its value [-Wconversion]
     int numIndices = sizeof(intIndicesAt1)/sizeof(int);
                                           ^
OsiRowCutDebugger.cpp:462:43: warning: conversion to 'int' from 'long unsigned int' may alter its value [-Wconversion]
     int numIndices = sizeof(intIndicesAt1)/sizeof(int);
                                           ^
OsiRowCutDebugger.cpp:475:43: warning: conversion to 'int' from 'long unsigned int' may alter its value [-Wconversion]
     int numIndices = sizeof(intIndicesAt1)/sizeof(int);
                                           ^
OsiRowCutDebugger.cpp:485:37: warning: conversion to 'int' from 'long unsigned int' may alter its value [-Wconversion]
     int vecLen = sizeof(intIndicesV)/sizeof(int);
                                     ^
OsiRowCutDebugger.cpp:497:43: warning: conversion to 'int' from 'long unsigned int' may alter its value [-Wconversion]
     int numIndices = sizeof(intIndicesAt1)/sizeof(int);
                                           ^
OsiRowCutDebugger.cpp:509:43: warning: conversion to 'int' from 'long unsigned int' may alter its value [-Wconversion]
     int numIndices = sizeof(intIndicesAt1)/sizeof(int);
                                           ^
OsiRowCutDebugger.cpp:520:43: warning: conversion to 'int' from 'long unsigned int' may alter its value [-Wconversion]
     int numIndices = sizeof(intIndicesAt1)/sizeof(int);
                                           ^
OsiRowCutDebugger.cpp:532:43: warning: conversion to 'int' from 'long unsigned int' may alter its value [-Wconversion]
     int numIndices = sizeof(intIndicesAt1)/sizeof(int);
                                           ^
OsiRowCutDebugger.cpp:543:43: warning: conversion to 'int' from 'long unsigned int' may alter its value [-Wconversion]
     int numIndices = sizeof(intIndicesAt1)/sizeof(int);
                                           ^
OsiRowCutDebugger.cpp:554:43: warning: conversion to 'int' from 'long unsigned int' may alter its value [-Wconversion]
     int numIndices = sizeof(intIndicesAt1)/sizeof(int);
                                           ^
OsiRowCutDebugger.cpp:563:43: warning: conversion to 'int' from 'long unsigned int' may alter its value [-Wconversion]
     int numIndices = sizeof(intIndicesAt1)/sizeof(int);
                                           ^
OsiRowCutDebugger.cpp:573:43: warning: conversion to 'int' from 'long unsigned int' may alter its value [-Wconversion]
     int numIndices = sizeof(intIndicesAt1)/sizeof(int);
                                           ^
OsiRowCutDebugger.cpp:584:43: warning: conversion to 'int' from 'long unsigned int' may alter its value [-Wconversion]
     int numIndices = sizeof(intIndicesAt1)/sizeof(int);
                                           ^
OsiRowCutDebugger.cpp:594:43: warning: conversion to 'int' from 'long unsigned int' may alter its value [-Wconversion]
     int numIndices = sizeof(intIndicesAt1)/sizeof(int);
                                           ^
OsiRowCutDebugger.cpp:603:43: warning: conversion to 'int' from 'long unsigned int' may alter its value [-Wconversion]
     int numIndices = sizeof(intIndicesAt1)/sizeof(int);
                                           ^
OsiRowCutDebugger.cpp:612:43: warning: conversion to 'int' from 'long unsigned int' may alter its value [-Wconversion]
     int numIndices = sizeof(intIndicesAt1)/sizeof(int);
                                           ^
OsiRowCutDebugger.cpp:627:43: warning: conversion to 'int' from 'long unsigned int' may alter its value [-Wconversion]
     int numIndices = sizeof(intIndicesAt1)/sizeof(int);
                                           ^
OsiRowCutDebugger.cpp:648:43: warning: conversion to 'int' from 'long unsigned int' may alter its value [-Wconversion]
     int numIndices = sizeof(intIndicesAt1)/sizeof(int);
                                           ^
OsiRowCutDebugger.cpp:665:43: warning: conversion to 'int' from 'long unsigned int' may alter its value [-Wconversion]
     int numIndices = sizeof(intIndicesAt1)/sizeof(int);
                                           ^
OsiRowCutDebugger.cpp:718:43: warning: conversion to 'int' from 'long unsigned int' may alter its value [-Wconversion]
     int numIndices = sizeof(intIndicesAt1)/sizeof(int);
                                           ^
OsiRowCutDebugger.cpp:727:43: warning: conversion to 'int' from 'long unsigned int' may alter its value [-Wconversion]
     int numIndices = sizeof(intIndicesAt1)/sizeof(int);
                                           ^
OsiRowCutDebugger.cpp:737:43: warning: conversion to 'int' from 'long unsigned int' may alter its value [-Wconversion]
     int numIndices = sizeof(intIndicesAt1)/sizeof(int);
                                           ^
OsiRowCutDebugger.cpp:747:43: warning: conversion to 'int' from 'long unsigned int' may alter its value [-Wconversion]
     int numIndices = sizeof(intIndicesAt1)/sizeof(int);
                                           ^
OsiRowCutDebugger.cpp:759:43: warning: conversion to 'int' from 'long unsigned int' may alter its value [-Wconversion]
     int numIndices = sizeof(intIndicesAt1)/sizeof(int);
                                           ^
OsiRowCutDebugger.cpp:769:43: warning: conversion to 'int' from 'long unsigned int' may alter its value [-Wconversion]
     int numIndices = sizeof(intIndicesAt1)/sizeof(int);
                                           ^
OsiRowCutDebugger.cpp:778:43: warning: conversion to 'int' from 'long unsigned int' may alter its value [-Wconversion]
     int numIndices = sizeof(intIndicesAt1)/sizeof(int);
                                           ^
OsiRowCutDebugger.cpp:826:43: warning: conversion to 'int' from 'long unsigned int' may alter its value [-Wconversion]
     int numIndices = sizeof(intIndicesAt1)/sizeof(int);
                                           ^
OsiRowCutDebugger.cpp:887:43: warning: conversion to 'int' from 'long unsigned int' may alter its value [-Wconversion]
     int numIndices = sizeof(intIndicesAt1)/sizeof(int);
                                           ^
OsiRowCutDebugger.cpp:904:37: warning: conversion to 'int' from 'long unsigned int' may alter its value [-Wconversion]
     int vecLen = sizeof(intIndicesV)/sizeof(int);
                                     ^
OsiRowCutDebugger.cpp:924:37: warning: conversion to 'int' from 'long unsigned int' may alter its value [-Wconversion]
     int vecLen = sizeof(intIndicesV)/sizeof(int);
                                     ^
OsiRowCutDebugger.cpp:965:37: warning: conversion to 'int' from 'long unsigned int' may alter its value [-Wconversion]
     int vecLen = sizeof(intIndicesV)/sizeof(int);
                                     ^
OsiRowCutDebugger.cpp:1007:37: warning: conversion to 'int' from 'long unsigned int' may alter its value [-Wconversion]
     int vecLen = sizeof(intIndicesV)/sizeof(int);
                                     ^
OsiRowCutDebugger.cpp:1049:37: warning: conversion to 'int' from 'long unsigned int' may alter its value [-Wconversion]
     int vecLen = sizeof(intIndicesV)/sizeof(int);
                                     ^
OsiRowCutDebugger.cpp:1097:37: warning: conversion to 'int' from 'long unsigned int' may alter its value [-Wconversion]
     int vecLen = sizeof(intIndicesV)/sizeof(int);
                                     ^
OsiRowCutDebugger.cpp:1107:37: warning: conversion to 'int' from 'long unsigned int' may alter its value [-Wconversion]
     int vecLen = sizeof(intIndicesV)/sizeof(int);
                                     ^
OsiRowCutDebugger.cpp:1130:37: warning: conversion to 'int' from 'long unsigned int' may alter its value [-Wconversion]
     int vecLen = sizeof(intIndicesV)/sizeof(int);
                                     ^
OsiRowCutDebugger.cpp:1152:37: warning: conversion to 'int' from 'long unsigned int' may alter its value [-Wconversion]
     int vecLen = sizeof(intIndicesV)/sizeof(int);
                                     ^
OsiRowCutDebugger.cpp:1164:37: warning: conversion to 'int' from 'long unsigned int' may alter its value [-Wconversion]
     int vecLen = sizeof(intIndicesV)/sizeof(int);
                                     ^
OsiRowCutDebugger.cpp:1175:43: warning: conversion to 'int' from 'long unsigned int' may alter its value [-Wconversion]
     int numIndices = sizeof(intIndicesAt1)/sizeof(int);
                                           ^
OsiRowCutDebugger.cpp:1186:43: warning: conversion to 'int' from 'long unsigned int' may alter its value [-Wconversion]
     int numIndices = sizeof(intIndicesAt1)/sizeof(int);
                                           ^
OsiRowCutDebugger.cpp:1197:43: warning: conversion to 'int' from 'long unsigned int' may alter its value [-Wconversion]
     int numIndices = sizeof(intIndicesAt1)/sizeof(int);
                                           ^
OsiRowCutDebugger.cpp:1207:43: warning: conversion to 'int' from 'long unsigned int' may alter its value [-Wconversion]
     int numIndices = sizeof(intIndicesAt1)/sizeof(int);
                                           ^
OsiRowCutDebugger.cpp:1219:43: warning: conversion to 'int' from 'long unsigned int' may alter its value [-Wconversion]
     int numIndices = sizeof(intIndicesAt1)/sizeof(int);
                                           ^
OsiRowCutDebugger.cpp:1230:43: warning: conversion to 'int' from 'long unsigned int' may alter its value [-Wconversion]
     int numIndices = sizeof(intIndicesAt1)/sizeof(int);
                                           ^
OsiRowCutDebugger.cpp:1244:37: warning: conversion to 'int' from 'long unsigned int' may alter its value [-Wconversion]
     int vecLen = sizeof(intIndicesV)/sizeof(int);
                                     ^
OsiRowCutDebugger.cpp:1258:37: warning: conversion to 'int' from 'long unsigned int' may alter its value [-Wconversion]
     int vecLen = sizeof(intIndicesV)/sizeof(int);
                                     ^
OsiRowCutDebugger.cpp:1268:43: warning: conversion to 'int' from 'long unsigned int' may alter its value [-Wconversion]
     int numIndices = sizeof(intIndicesAt1)/sizeof(int);
                                           ^
OsiSolverInterface.cpp: In member function 'int OsiSolverInterface::differentModel(OsiSolverInterface&, bool)':
OsiSolverInterface.cpp:1880:8: warning: unused variable 'gotHint' [-Wunused-variable]
   bool gotHint = (getHintParam(OsiDoReducePrint,takeHint,strength));
        ^
libtool: install: warning: relinking `libOsi.la'
libtool: install: warning: relinking `libOsiCommonTests.la'
ClpMessage.cpp: In constructor 'ClpMessage::ClpMessage(CoinMessages::Language)':
ClpMessage.cpp:128:42: warning: conversion to 'int' from 'long unsigned int' may alter its value [-Wconversion]
      CoinMessages(sizeof(clp_us_english) / sizeof(Clp_message))
                                          ^
ClpPlusMinusOneMatrix.cpp:459:13: warning: 'doPlusOnes' defined but not used [-Wunused-variable]
 static bool doPlusOnes=true;
             ^
ClpSimplex.cpp: In member function 'int ClpSimplex::fathom(void*)':
ClpSimplex.cpp:11081:15: warning: unused variable 'statusWeights' [-Wunused-variable]
           int statusWeights = fastDual2(info);
               ^
ClpSimplexDual.cpp: In member function 'int ClpSimplexDual::dualColumn0(const CoinIndexedVector*, const CoinIndexedVector*, CoinIndexedVector*, double, double&, double&, double&)':
ClpSimplexDual.cpp:3621:15: warning: unused variable 'bound' [-Wunused-variable]
     FakeBound bound = getFakeBound(jSequence);
               ^
ClpSimplexOther.cpp: In member function 'int ClpSimplexOther::setInDual(ClpSimplex*)':
ClpSimplexOther.cpp:1313:12: warning: unused variable 'statusD' [-Wunused-variable]
     Status statusD = dualProblem->getRowStatus(iColumn);
            ^
ClpSimplexOther.cpp:1314:12: warning: unused variable 'statusDJ' [-Wunused-variable]
     Status statusDJ = dualProblem->getColumnStatus(jColumn);
            ^
ClpSimplexOther.cpp:1352:12: warning: unused variable 'statusD' [-Wunused-variable]
     Status statusD = dualProblem->getColumnStatus(iRow);
            ^
ClpSolver.cpp: In function 'void statistics(ClpSimplex*, ClpSimplex*)':
ClpSolver.cpp:3756:10: warning: variable 'numberWritten' set but not used [-Wunused-but-set-variable]
   size_t numberWritten;
          ^
libtool: install: warning: relinking `libClp.la'
libtool: install: warning: relinking `libClpSolver.la'
OsiClpSolverInterface.cpp: In member function 'virtual void OsiClpSolverInterface::initialSolve()':
OsiClpSolverInterface.cpp:148:8: warning: variable 'gotHint' set but not used [-Wunused-but-set-variable]
   bool gotHint = (getHintParam(OsiDoReducePrint,takeHint,strength));
        ^
OsiClpSolverInterface.cpp: In member function 'virtual void OsiClpSolverInterface::resolve()':
OsiClpSolverInterface.cpp:843:8: warning: variable 'gotHint' set but not used [-Wunused-but-set-variable]
   bool gotHint = (getHintParam(OsiDoInBranchAndCut,takeHint,strength));
        ^
OsiClpSolverInterface.cpp: In member function 'int OsiClpSolverInterface::infeasibleOtherWay(char*)':
OsiClpSolverInterface.cpp:9986:22: warning: conversion to 'char' from 'int' may alter its value [-Wconversion]
    whichWay[iColumn] *=2;
                      ^
OsiClpSolverInterface.cpp:9991:22: warning: conversion to 'char' from 'int' may alter its value [-Wconversion]
    whichWay[iColumn] *=2;
                      ^
OsiClpSolverInterface.cpp:9841:7: warning: unused variable 'iRow' [-Wunused-variable]
   int iRow,iColumn;
       ^
OsiClpSolverInterface.cpp:9859:17: warning: unused variable 'objective' [-Wunused-variable]
   const double *objective = getObjCoefficients() ;
                 ^
OsiClpSolverInterface.cpp:9860:10: warning: unused variable 'direction' [-Wunused-variable]
   double direction = getObjSense();
          ^
libtool: install: warning: relinking `libOsiClp.la'
libtool: link: warning: `-version-info/-version-number' is ignored for convenience libraries
libtool: link: warning: `-version-info/-version-number' is ignored for convenience libraries
libtool: link: warning: `-version-info/-version-number' is ignored for convenience libraries
libtool: link: warning: `-version-info/-version-number' is ignored for convenience libraries
CglGMI.cpp: In member function 'bool CglGMI::scaleCutIntegral(double*, int*, int, double&)':
CglGMI.cpp:891:8: warning: unused variable 'numerator' [-Wunused-variable]
   long numerator = 0, denominator = 0;
        ^
CglGMI.cpp:891:23: warning: unused variable 'denominator' [-Wunused-variable]
   long numerator = 0, denominator = 0;
                       ^
libtool: link: warning: `-version-info/-version-number' is ignored for convenience libraries
libtool: link: warning: `-version-info/-version-number' is ignored for convenience libraries
libtool: link: warning: `-version-info/-version-number' is ignored for convenience libraries
libtool: link: warning: `-version-info/-version-number' is ignored for convenience libraries
libtool: link: warning: `-version-info/-version-number' is ignored for convenience libraries
libtool: link: warning: `-version-info/-version-number' is ignored for convenience libraries
libtool: link: warning: `-version-info/-version-number' is ignored for convenience libraries
libtool: link: warning: `-version-info/-version-number' is ignored for convenience libraries
In file included from ../CglTreeInfo.hpp:11:0,
                 from ../CglCutGenerator.hpp:10,
                 from ../CglStored.hpp:11,
                 from CglPreProcess.hpp:13,
                 from CglPreProcess.cpp:13:
/home/vagrant/.julia/v0.6/Cbc/deps/src/Cbc-2.9.8/CoinUtils/src/CoinHelperFunctions.hpp: In member function 'OsiSolverInterface* CglPreProcess::modified(OsiSolverInterface*, bool, int&, int, int)':
/home/vagrant/.julia/v0.6/Cbc/deps/src/Cbc-2.9.8/CoinUtils/src/CoinHelperFunctions.hpp:550:29: warning: 'colLower[1]' may be used uninitialized in this function [-Wmaybe-uninitialized]
     return (x1 > x2) ? x1 : x2;
                             ^
CglPreProcess.cpp:4157:12: note: 'colLower[1]' was declared here
     double colLower[TRIPLE_COLS],colUpper[TRIPLE_COLS];
            ^
In file included from ../CglTreeInfo.hpp:11:0,
                 from ../CglCutGenerator.hpp:10,
                 from ../CglStored.hpp:11,
                 from CglPreProcess.hpp:13,
                 from CglPreProcess.cpp:13:
/home/vagrant/.julia/v0.6/Cbc/deps/src/Cbc-2.9.8/CoinUtils/src/CoinHelperFunctions.hpp:561:29: warning: 'colUpper[1]' may be used uninitialized in this function [-Wmaybe-uninitialized]
     return (x1 < x2) ? x1 : x2;
                             ^
CglPreProcess.cpp:4157:34: note: 'colUpper[1]' was declared here
     double colLower[TRIPLE_COLS],colUpper[TRIPLE_COLS];
                                  ^
libtool: link: warning: `-version-info/-version-number' is ignored for convenience libraries
CglProbing.cpp: In member function 'int CglProbing::probe(const OsiSolverInterface&, const OsiRowCutDebugger*, OsiCuts&, double*, double*, CoinPackedMatrix*, CoinPackedMatrix*, const CoinBigIndex*, const int*, const double*, const double*, const char*, double*, double*, int*, CglTreeInfo*)':
CglProbing.cpp:2978:40: warning: conversion to 'unsigned int' from 'long unsigned int' may alter its value [-Wconversion]
   unsigned int DIratio = sizeof(double)/sizeof(int);
                                        ^
libtool: link: warning: `-version-info/-version-number' is ignored for convenience libraries
libtool: link: warning: `-version-info/-version-number' is ignored for convenience libraries
libtool: link: warning: `-version-info/-version-number' is ignored for convenience libraries
libtool: link: warning: `-version-info/-version-number' is ignored for convenience libraries
libtool: link: warning: `-version-info/-version-number' is ignored for convenience libraries
CglTwomir.cpp: In member function 'virtual void CglTwomir::generateCuts(const OsiSolverInterface&, OsiCuts&, CglTreeInfo)':
CglTwomir.cpp:487:13: warning: 'numberOriginalRows' may be used uninitialized in this function [-Wmaybe-uninitialized]
  delRow[i]=i+numberOriginalRows;
             ^
libtool: link: warning: `-version-info/-version-number' is ignored for convenience libraries
CglZeroHalf.cpp: In member function 'virtual void CglZeroHalf::refreshSolver(OsiSolverInterface*)':
CglZeroHalf.cpp:376:7: warning: unused variable 'saveMr' [-Wunused-variable]
   int saveMr=mr_;
       ^
CglZeroHalf.cpp:377:7: warning: unused variable 'saveMnz' [-Wunused-variable]
   int saveMnz=mnz_;
       ^
Cgl012cut.cpp: In member function 'cut_list* Cgl012Cut::basic_separation()':
Cgl012cut.cpp:2146:20: warning: conversion to 'short int' from 'int' may alter its value [-Wconversion]
          FALSE,TRUE); 
                    ^
libtool: link: warning: `-version-info/-version-number' is ignored for convenience libraries
CglMessage.cpp: In constructor 'CglMessage::CglMessage(CoinMessages::Language)':
CglMessage.cpp:38:34: warning: conversion to 'int' from 'long unsigned int' may alter its value [-Wconversion]
   CoinMessages(sizeof(us_english)/sizeof(Cgl_message))
                                  ^
CglStored.cpp: In constructor 'CglStored::CglStored(const char*)':
CglStored.cpp:293:33: warning: ignoring return value of 'size_t fread(void*, size_t, size_t, FILE*)', declared with attribute warn_unused_result [-Wunused-result]
       fread(&n,sizeof(int),1,fp);
                                 ^
CglStored.cpp:308:37: warning: ignoring return value of 'size_t fread(void*, size_t, size_t, FILE*)', declared with attribute warn_unused_result [-Wunused-result]
       fread(rhs,sizeof(double),2,fp);
                                     ^
CglStored.cpp:310:36: warning: ignoring return value of 'size_t fread(void*, size_t, size_t, FILE*)', declared with attribute warn_unused_result [-Wunused-result]
       fread(index,sizeof(int),n,fp);
                                    ^
CglStored.cpp:311:45: warning: ignoring return value of 'size_t fread(void*, size_t, size_t, FILE*)', declared with attribute warn_unused_result [-Wunused-result]
       fread(coefficient,sizeof(double),n,fp);
                                             ^
libtool: install: warning: relinking `libCgl.la'
CbcHeuristicDive.cpp: In member function 'void CbcHeuristicDive::setPriorities()':
CbcHeuristicDive.cpp:244:35: warning: conversion to 'unsigned int:29' from 'unsigned int' may alter its value [-Wconversion]
       priority_[nInteger].priority=static_cast<unsigned int>(level);
                                   ^
CbcHeuristicDive.cpp:251:38: warning: conversion to 'unsigned char:3' from 'unsigned int' may alter its value [-Wconversion]
       priority_[nInteger++].direction=static_cast<unsigned char>(direction);
                                      ^
CbcHeuristicDive.cpp: In member function 'int CbcHeuristicDive::solution(double&, int&, int&, OsiRowCut**, CbcSubProblem**&, double*)':
CbcHeuristicDive.cpp:411:9: warning: unused variable 'numberReducedCostFixed' [-Wunused-variable]
     int numberReducedCostFixed = 0;
         ^
CbcHeuristicRENS.cpp: In member function 'virtual int CbcHeuristicRENS::solution(double&, double*)':
CbcHeuristicRENS.cpp:461:50: warning: conversion to 'int' from 'long unsigned int' may alter its value [-Wconversion]
      int nPass = (sizeof(factors)/sizeof(double))-1;
                                                  ^
CbcHeuristicDW.cpp: In member function 'virtual int CbcHeuristicDW::solution(double&, double*)':
CbcHeuristicDW.cpp:1114:17: warning: unused variable 'dj' [-Wunused-variable]
  const double * dj = model.solver()->getReducedCost();
                 ^
CbcHeuristicDW.cpp:1116:17: warning: unused variable 'lower' [-Wunused-variable]
  const double * lower = model.solver()->getColLower();
                 ^
CbcHeuristicDW.cpp:1117:17: warning: unused variable 'upper' [-Wunused-variable]
  const double * upper = model.solver()->getColUpper();
                 ^
CbcHeuristicDW.cpp:1118:17: warning: unused variable 'solution' [-Wunused-variable]
  const double * solution = model.solver()->getColSolution();
                 ^
CbcHeuristicDW.cpp:1119:9: warning: unused variable 'gap' [-Wunused-variable]
  double gap = CoinMax(bestObjective_-model.solver()->getObjValue(),
         ^
CbcHeuristicDW.cpp:1121:6: warning: unused variable 'numberColumns2' [-Wunused-variable]
  int numberColumns2=model.solver()->getNumCols();
      ^
CbcMessage.cpp: In constructor 'CbcMessage::CbcMessage(CoinMessages::Language)':
CbcMessage.cpp:78:41: warning: conversion to 'int' from 'long unsigned int' may alter its value [-Wconversion]
         CoinMessages(sizeof(us_english) / sizeof(Cbc_message))
                                         ^
CbcNode.cpp: In function 'int solveAnalyze(void*)':
CbcNode.cpp:4257:15: warning: unused variable 'simplex' [-Wunused-variable]
  ClpSimplex * simplex = osiclp ? osiclp->getModelPtr() : NULL;
               ^
CbcNode.cpp: In member function 'int CbcNode::analyze(CbcModel*, double*)':
CbcNode.cpp:4832:12: warning: variable 'satisfied' set but not used [-Wunused-but-set-variable]
       bool satisfied = false;
            ^
CbcNode.cpp:5275:22: warning: unused variable 'lower' [-Wunused-variable]
       const double * lower =temp->getColLower();
                      ^
CbcNode.cpp:5276:22: warning: unused variable 'upper' [-Wunused-variable]
       const double * upper =temp->getColUpper();
                      ^
CbcNode.cpp:4615:8: warning: variable 'needResolve' set but not used [-Wunused-but-set-variable]
   bool needResolve = false;
        ^
CbcNode.cpp:4788:7: warning: variable 'iDone' set but not used [-Wunused-but-set-variable]
   int iDone=-1;
       ^
CbcThread.cpp: In function 'double getTime()':
CbcThread.cpp:178:43: warning: conversion to 'double' from '__time_t {aka long int}' may alter its value [-Wconversion]
       static_cast<double>(absTime2.tv_nsec);
                                           ^
CbcSolver.cpp: In function 'int CbcMain1(int, const char**, CbcModel&, int (*)(CbcModel*, int), CbcSolverUsefulData&)':
CbcSolver.cpp:7991:48: warning: conversion to 'int' from 'size_t {aka long unsigned int}' may alter its value [-Wconversion]
        int lengthName = strlen(fileName.c_str());
                                                ^
CbcSolver.cpp:8131:31: warning: conversion to 'int' from 'size_t {aka long unsigned int}' may alter its value [-Wconversion]
       int length = strlen(name);
                               ^
CbcSolver.cpp:8305:30: warning: conversion to 'int' from 'size_t {aka long unsigned int}' may alter its value [-Wconversion]
        int length=strlen(name);
                              ^
CbcSolver.cpp:8306:33: warning: conversion to 'int' from 'size_t {aka long unsigned int}' may alter its value [-Wconversion]
        int lengthMask=strlen(pos);
                                 ^
CbcMipStartIO.cpp: In function 'int readMIPStart(CbcModel*, const char*, std::vector<std::pair<std::basic_string<char>, double> >&, double&)':
CbcMipStartIO.cpp:77:46: warning: comparison between signed and unsigned integer expressions [-Wsign-compare]
       if (colValues.size()<model->getNumCols()) {
                                              ^
libtool: install: warning: relinking `libCbc.la'
libtool: install: warning: relinking `libCbcSolver.la'
In file included from OsiCbcSolverInterface.cpp:40:0:
OsiCbcSolverInterface.hpp:304:68: warning: large integer implicitly truncated to unsigned type [-Woverflow]
     virtual std::string getObjName (unsigned maxLen = std::string::npos) const ;
                                                                    ^
OsiCbcSolverInterface.hpp:313:39: warning: large integer implicitly truncated to unsigned type [-Woverflow]
        unsigned maxLen = std::string::npos) const ;
                                       ^
OsiCbcSolverInterface.hpp:335:39: warning: large integer implicitly truncated to unsigned type [-Woverflow]
        unsigned maxLen = std::string::npos) const ;
                                       ^
libtool: install: warning: relinking `libOsiCbc.la'
INFO: Building FreeType
WARNING: Compat.ASCIIString is deprecated, use String instead.
  likely near /home/vagrant/.julia/v0.6/FreeType/deps/build.jl:24
INFO: Building GLFW
INFO: Attempting to Create directory /home/vagrant/.julia/v0.6/GLFW/deps/downloads
INFO: Downloading file https://github.com/glfw/glfw/archive/3.2.1.tar.gz
  % Total    % Received % Xferd  Average Speed   Time    Time     Time  Current
                                 Dload  Upload   Total   Spent    Left  Speed
  0     0    0     0    0     0      0      0 --:--:-- --:--:-- --:--:--     0100   116    0   116    0     0   1021      0 --:--:-- --:--:-- --:--:--  1026
  0     0    0     0    0     0      0      0 --:--:-- --:--:-- --:--:--     0  0     0    0 64033    0     0  34858      0 --:--:--  0:00:01 --:--:-- 38597  0     0    0  461k    0     0   249k      0 --:--:--  0:00:01 --:--:--  275k
INFO: Done downloading file https://github.com/glfw/glfw/archive/3.2.1.tar.gz
INFO: Attempting to Create directory /home/vagrant/.julia/v0.6/GLFW/deps/src
INFO: Attempting to Create directory /home/vagrant/.julia/v0.6/GLFW/deps
INFO: Directory /home/vagrant/.julia/v0.6/GLFW/deps already created
INFO: Changing Directory to /home/vagrant/.julia/v0.6/GLFW/deps/src/glfw-3.2.1
CMake Error at CMakeLists.txt:222 (message):
  The RandR library and headers were not found


================================[ ERROR: GLFW ]=================================

LoadError: failed process: Process(`cmake -DBUILD_SHARED_LIBS=ON -DCMAKE_INSTALL_PREFIX=/home/vagrant/.julia/v0.6/GLFW/deps/usr -DGLFW_BUILD_DOCS=OFF -DGLFW_BUILD_EXAMPLES=OFF -DGLFW_BUILD_TESTS=OFF .`, ProcessExited(1)) [1]
while loading /home/vagrant/.julia/v0.6/GLFW/deps/build.jl, in expression starting on line 52

================================================================================

================================[ BUILD ERRORS ]================================

WARNING: GLFW had build errors.

 - packages with build errors remain installed in /home/vagrant/.julia/v0.6
 - build the package(s) and all dependencies with `Pkg.build("GLFW")`
 - build a single package by running its `deps/build.jl` script

================================================================================
INFO: Package database updated
INFO: METADATA is out-of-date — you may not have the latest version of SignalView
INFO: Use `Pkg.update()` to get the latest versions of your packages

>>> 'Pkg.test("SignalView")' log
Julia Version 0.6.0
Commit 9036443 (2017-06-19 13:05 UTC)
Platform Info:
  OS: Linux (x86_64-pc-linux-gnu)
  CPU: Intel(R) Xeon(R) CPU E3-1241 v3 @ 3.50GHz
  WORD_SIZE: 64
           Ubuntu 14.04.5 LTS
  uname: Linux 3.13.0-129-generic #178-Ubuntu SMP Fri Aug 11 12:48:20 UTC 2017 x86_64 x86_64
Memory: 2.9392738342285156 GB (1561.7578125 MB free)
Uptime: 65561.0 sec
Load Avg:  0.66552734375  0.8349609375  0.9326171875
Intel(R) Xeon(R) CPU E3-1241 v3 @ 3.50GHz: 
       speed         user         nice          sys         idle          irq
#1  3500 MHz    4253658 s       2214 s     185965 s    1078844 s         70 s
#2  3500 MHz     917972 s       4274 s      91352 s    5426978 s          1 s

  BLAS: libopenblas (USE64BITINT DYNAMIC_ARCH NO_AFFINITY Nehalem)
  LAPACK: libopenblas64_
  LIBM: libopenlibm
  LLVM: libLLVM-3.9.1 (ORCJIT, haswell)
Environment:
  TERM = vt100
  LD_LIBRARY_PATH = :/usr/local/lib/
  PATH = /usr/local/sbin:/usr/local/bin:/usr/sbin:/usr/bin:/sbin:/bin:/usr/games:/usr/local/games:/home/vagrant/julia/bin/
  JAVA_HOME = /usr/lib/jvm/java-8-openjdk-amd64
  HOME = /home/vagrant

Package Directory: /home/vagrant/.julia/v0.6
2 required packages:
 - JSON                          0.13.0
 - SignalView                    0.0.1
77 additional packages:
 - AxisAlgorithms                0.2.0
 - AxisArrays                    0.1.4
 - BinDeps                       0.6.0
 - Calculus                      0.2.2
 - CatIndices                    0.0.2
 - Cbc                           0.3.2
 - Clp                           0.3.1
 - ColorTypes                    0.6.1
 - ColorVectorSpace              0.4.4
 - Colors                        0.8.1
 - CommonSubexpressions          0.0.1
 - Compat                        0.31.0
 - Compose                       0.5.3
 - ComputationalResources        0.0.2
 - CoordinateTransformations     0.4.1
 - CustomUnitRanges              0.0.4
 - DataStructures                0.6.1
 - DiffBase                      0.2.0
 - DualNumbers                   0.3.0
 - FFTViews                      0.0.2
 - FileIO                        0.5.1
 - FixedPointNumbers             0.4.0
 - ForwardDiff                   0.5.0
 - FreeType                      1.3.0
 - FreeTypeAbstraction           0.1.0
 - GLAbstraction                 0.5.1
 - GLFW                          1.4.0
 - GLVisualize                   0.6.1
 - GLWindow                      0.7.0
 - GeometryTypes                 0.4.2
 - GraphLayout                   0.3.1
 - Graphics                      0.2.0
 - IdentityRanges                0.0.1
 - ImageAxes                     0.3.1
 - ImageCore                     0.4.1
 - ImageFiltering                0.2.1
 - ImageMetadata                 0.3.0
 - ImageMorphology               0.0.2
 - ImageTransformations          0.4.0
 - Images                        0.11.3
 - IndirectArrays                0.1.1
 - Interpolations                0.6.3
 - IntervalSets                  0.1.1
 - IterTools                     0.1.0
 - JuMP                          0.18.0
 - MacroTools                    0.3.7
 - MappedArrays                  0.0.7
 - MathProgBase                  0.6.4
 - Measures                      0.1.0
 - MeshIO                        0.1.0
 - ModernGL                      0.2.1
 - NaNMath                       0.2.6
 - OffsetArrays                  0.3.0
 - Packing                       0.1.0
 - PaddedViews                   0.1.0
 - Quaternions                   0.3.0
 - RangeArrays                   0.2.0
 - Ratios                        0.1.0
 - Reactive                      0.6.0
 - RealInterface                 0.0.3
 - Reexport                      0.0.3
 - Requires                      0.4.3
 - ReverseDiffSparse             0.8.0
 - Rotations                     0.6.0
 - SHA                           0.5.1
 - SIUnits                       0.1.0
 - ShowItLikeYouBuildIt          0.1.0
 - SignedDistanceFields          0.2.0
 - SimpleTraits                  0.5.1
 - SpecialFunctions              0.3.1
 - StaticArrays                  0.6.2
 - StatsBase                     0.18.0
 - TexExtensions                 0.1.0
 - TiledIteration                0.0.2
 - URIParser                     0.2.0
 - UnicodeFun                    0.1.0
 - WoodburyMatrices              0.2.2
INFO: Testing SignalView
ERROR: LoadError: ArgumentError: Module ReactiveDebug not found in current path.
Run `Pkg.add("ReactiveDebug")` to install the ReactiveDebug package.
Stacktrace:
 [1] _require(::Symbol) at ./loading.jl:428
 [2] require(::Symbol) at ./loading.jl:398
 [3] include_from_node1(::String) at ./loading.jl:569
 [4] include(::String) at ./sysimg.jl:14
 [5] process_options(::Base.JLOptions) at ./client.jl:305
 [6] _start() at ./client.jl:371
while loading /home/vagrant/.julia/v0.6/SignalView/test/runtests.jl, in expression starting on line 1
=============================[ ERROR: SignalView ]==============================

failed process: Process(`/home/vagrant/julia/bin/julia -Cx86-64 -J/home/vagrant/julia/lib/julia/sys.so --compile=yes --depwarn=yes --check-bounds=yes --code-coverage=none --color=no --compilecache=yes /home/vagrant/.julia/v0.6/SignalView/test/runtests.jl`, ProcessExited(1)) [1]

================================================================================
ERROR: SignalView had test errors

>>> End of log
