>>> 'Pkg.add("SIMD")' log
INFO: Cloning cache of SIMD from https://github.com/eschnett/SIMD.jl.git
INFO: Installing SIMD v0.1.1
INFO: Package database updated
INFO: METADATA is out-of-date — you may not have the latest version of SIMD
INFO: Use `Pkg.update()` to get the latest versions of your packages

>>> 'Pkg.test("SIMD")' log
Julia Version 0.5.0
Commit 3c9d753 (2016-09-19 18:14 UTC)
Platform Info:
  System: Linux (x86_64-pc-linux-gnu)
  CPU: Intel(R) Xeon(R) CPU E3-1241 v3 @ 3.50GHz
  WORD_SIZE: 64
           Ubuntu 14.04.5 LTS
  uname: Linux 3.13.0-108-generic #155-Ubuntu SMP Wed Jan 11 16:58:52 UTC 2017 x86_64 x86_64
Memory: 2.9392738342285156 GB (1781.1796875 MB free)
Uptime: 28244.0 sec
Load Avg:  0.833984375  0.9423828125  1.01318359375
Intel(R) Xeon(R) CPU E3-1241 v3 @ 3.50GHz: 
       speed         user         nice          sys         idle          irq
#1  3503 MHz    1666976 s       6305 s     149324 s     653128 s         60 s
#2  3503 MHz     501246 s        993 s      76793 s    2172604 s          1 s

  BLAS: libopenblas (USE64BITINT DYNAMIC_ARCH NO_AFFINITY Nehalem)
  LAPACK: libopenblas64_
  LIBM: libopenlibm
  LLVM: libLLVM-3.7.1 (ORCJIT, haswell)
Environment:
  TERM = vt100
  LD_LIBRARY_PATH = :/usr/local/lib/
  PATH = /usr/local/sbin:/usr/local/bin:/usr/sbin:/usr/bin:/sbin:/bin:/usr/games:/usr/local/games:/home/vagrant/julia/bin/
  JAVA_HOME = /usr/lib/jvm/java-7-oracle
  HOME = /home/vagrant

Package Directory: /home/vagrant/.julia/v0.5
2 required packages:
 - JSON                          0.8.3
 - SIMD                          0.1.1
1 additional packages:
 - Compat                        0.18.0
INFO: Testing SIMD
INFO: Basic definitions
INFO: Type properties
INFO: Type conversion
INFO: Element-wise access
INFO: Integer arithmetic functions
INFO: Floating point arithmetic functions
INFO: Type promotion
INFO: Reduction operations
INFO: Load and store functions
INFO: Real-world examples
INFO: SIMD tests passed

>>> End of log
