>>> 'Pkg.add("Sims")' log
INFO: Cloning cache of Sims from https://github.com/tshort/Sims.jl.git
INFO: Installing BinDeps v0.3.20
INFO: Installing MacroTools v0.2.1
INFO: Installing Requires v0.2.2
INFO: Installing SHA v0.1.2
INFO: Installing Sims v0.1.0
INFO: Installing Sundials v0.2.0
INFO: Installing URIParser v0.1.2
INFO: Building Sundials
INFO: Building Sims
DASKR/ddaskr.f:1932.20:

     *   RWORK(LRX),JROOT,IRT,RWORK(LROUND),INFO(3),                    
                    1
Warning: Rank mismatch in argument 'jroot' at (1) (rank-1 and scalar)
DASKR/ddaskr.f:1955.20:

     *   RWORK(LRX),JROOT,IRT,RWORK(LROUND),INFO(3),                    
                    1
Warning: Rank mismatch in argument 'jroot' at (1) (rank-1 and scalar)
DASKR/ddaskr.f:2183.20:

     *   RWORK(LRX),JROOT,IRT,RWORK(LROUND),INFO(3),                    
                    1
Warning: Rank mismatch in argument 'jroot' at (1) (rank-1 and scalar)
DASKR/dlinpk.f:763.72:

   10 assign 30 to next                                                 
                                                                        1
Warning: Deleted feature: ASSIGN statement at (1)
DASKR/dlinpk.f:768.19:

   20    go to next,(30, 50, 70, 110)                                   
                   1
Warning: Deleted feature: Assigned GOTO statement at (1)
DASKR/dlinpk.f:770.72:

      assign 50 to next                                                 
                                                                        1
Warning: Deleted feature: ASSIGN statement at (1)
DASKR/dlinpk.f:779.72:

      assign 70 to next                                                 
                                                                        1
Warning: Deleted feature: ASSIGN statement at (1)
DASKR/dlinpk.f:785.72:

      assign 110 to next                                                
                                                                        1
Warning: Deleted feature: ASSIGN statement at (1)
INFO: Package database updated

>>> 'Pkg.test("Sims")' log
Julia Version 0.5.0-dev+2440
Commit 2bb94d6 (2016-02-01 02:22 UTC)
Platform Info:
  System: Linux (x86_64-unknown-linux-gnu)
  CPU: Intel(R) Xeon(R) CPU E3-1241 v3 @ 3.50GHz
  WORD_SIZE: 64
  BLAS: libopenblas (USE64BITINT DYNAMIC_ARCH NO_AFFINITY Nehalem)
  LAPACK: libopenblas64_
  LIBM: libopenlibm
  LLVM: libLLVM-3.7.1
INFO: Testing Sims
ERROR: LoadError: LoadError: module Docile not found in current path; you should rm("/home/vagrant/.julia/lib/v0.5/Docile.ji") to remove the orphaned cache file
 in error at ./error.jl:21
 [inlined code] from ./strings/io.jl:33
 in recompile_stale(Base.#recompile_stale, Symbol, UTF8String) at ./loading.jl:568
 in _require_from_serialized(Base.#_require_from_serialized, Int64, Symbol, UTF8String, Bool) at ./loading.jl:164
 in _require_from_serialized at ./loading.jl:193
 in require at ./loading.jl:323
 in include at ./boot.jl:264
 in include_from_node1 at ./loading.jl:417
 in eval at ./boot.jl:267
 [inlined code] from ./sysimg.jl:14
 in require at ./loading.jl:348
 in include at ./boot.jl:264
 in include_from_node1 at ./loading.jl:417
 in process_options at ./client.jl:244
 in _start at ./client.jl:300
while loading /home/vagrant/.julia/v0.5/Sims/src/Sims.jl, in expression starting on line 37
while loading /home/vagrant/.julia/v0.5/Sims/test/runtests.jl, in expression starting on line 1
================================[ ERROR: Sims ]=================================

failed process: Process(`/home/vagrant/julia/bin/julia --check-bounds=yes --code-coverage=none --color=no /home/vagrant/.julia/v0.5/Sims/test/runtests.jl`, ProcessExited(1)) [1]

================================================================================
ERROR: Base.Pkg.PkgError("Sims had test errors")
 in #test#55(Base.Pkg.Entry.##test#55, Bool, Any, Array{AbstractString,1}) at ./pkg/entry.jl:671
 [inlined code] from ./boot.jl:331
 in #2(Base.Pkg.Dir.##2#3{Array{Any,1},Base.Pkg.Entry.#test,Tuple{Array{AbstractString,1}}}) at ./pkg/dir.jl:31
 in cd(Base.Filesystem.#cd, Base.Pkg.Dir.##2#3{Array{Any,1},Base.Pkg.Entry.#test,Tuple{Array{AbstractString,1}}}, UTF8String) at ./file.jl:47
 in #cd#1(Base.Pkg.Dir.##cd#1, Array{Any,1}, Any, Any, Array{AbstractString,1}, Vararg{Array{AbstractString,1}}) at ./pkg/dir.jl:31
 [inlined code] from ./boot.jl:331
 in #test#4(Base.Pkg.##test#4, Bool, Any, ASCIIString, Vararg{ASCIIString}) at ./pkg.jl:228
 in eval at ./boot.jl:267
 [inlined code] from ./sysimg.jl:14
 in process_options at ./client.jl:221
 in _start at ./client.jl:300

>>> End of log
