>>> 'Pkg.add("Sims")' log
DASKR/ddaskr.f:1932.20:

     *   RWORK(LRX),JROOT,IRT,RWORK(LROUND),INFO(3),                    
                    1
Warning: Rank mismatch in argument 'jroot' at (1) (rank-1 and scalar)
DASKR/ddaskr.f:1955.20:

     *   RWORK(LRX),JROOT,IRT,RWORK(LROUND),INFO(3),                    
                    1
Warning: Rank mismatch in argument 'jroot' at (1) (rank-1 and scalar)
DASKR/ddaskr.f:2183.20:

     *   RWORK(LRX),JROOT,IRT,RWORK(LROUND),INFO(3),                    
                    1
Warning: Rank mismatch in argument 'jroot' at (1) (rank-1 and scalar)
DASKR/dlinpk.f:763.72:

   10 assign 30 to next                                                 
                                                                        1
Warning: Deleted feature: ASSIGN statement at (1)
DASKR/dlinpk.f:768.19:

   20    go to next,(30, 50, 70, 110)                                   
                   1
Warning: Deleted feature: Assigned GOTO statement at (1)
DASKR/dlinpk.f:770.72:

      assign 50 to next                                                 
                                                                        1
Warning: Deleted feature: ASSIGN statement at (1)
DASKR/dlinpk.f:779.72:

      assign 70 to next                                                 
                                                                        1
Warning: Deleted feature: ASSIGN statement at (1)
DASKR/dlinpk.f:785.72:

      assign 110 to next                                                
                                                                        1
Warning: Deleted feature: ASSIGN statement at (1)
INFO: Cloning cache of Sims from git://github.com/tshort/Sims.jl.git
INFO: Installing Requires v0.1.1
INFO: Installing Sims v0.1.0
INFO: Installing Sundials v0.1.2
INFO: Building Sundials
INFO: Building Sims
INFO: Package database updated

>>> 'using Sims' log
ERROR: Docile not found
 in require at loading.jl:47
 in include at ./boot.jl:245
 in include_from_node1 at ./loading.jl:128
 in reload_path at loading.jl:152
 in _require at loading.jl:67
 in require at loading.jl:51
 in include at ./boot.jl:245
 in include_from_node1 at loading.jl:128
 in process_options at ./client.jl:285
 in _start at ./client.jl:354
while loading /home/idunning/pkgtest/.julia/v0.3/Sims/src/Sims.jl, in expression starting on line 37
while loading /home/idunning/pkgtest/.julia/v0.3/Sims/testusing.jl, in expression starting on line 2
Julia Version 0.3.4
Commit 3392026* (2014-12-26 10:42 UTC)
Platform Info:
  System: Linux (x86_64-unknown-linux-gnu)
  CPU: Intel(R) Xeon(R) CPU E5-2650 0 @ 2.00GHz
  WORD_SIZE: 64
  BLAS: libopenblas (USE64BITINT DYNAMIC_ARCH NO_AFFINITY Sandybridge)
  LAPACK: libopenblas
  LIBM: libopenlibm
  LLVM: libLLVM-3.3


>>> test log
no tests to run
>>> end of log
