>>> 'Pkg.add("SingularSpectrumAnalysis")' log
[ Info: Cloning cache of SingularSpectrumAnalysis from https://github.com/baggepinnen/SingularSpectrumAnalysis.jl.git @ Base.Pkg.Cache cache.jl:43
[ Info: Installing Requires v0.4.3 @ Base.Pkg.Entry entry.jl:543
[ Info: Installing SingularSpectrumAnalysis v0.0.3 @ Base.Pkg.Entry entry.jl:543
[ Info: Package database updated @ Base.Pkg.Entry entry.jl:32
┌ Info: METADATA is out-of-date — you may not have the latest version of SingularSpectrumAnalysis
│ Use `Pkg.update()` to get the latest versions of your packages
└ @ Base.Pkg.Entry entry.jl:74

>>> 'Pkg.test("SingularSpectrumAnalysis")' log
Julia Version 0.7.0-DEV.3246
Commit 2138144d3a (2018-01-04 02:34 UTC)
Platform Info:
  OS: Linux (x86_64-pc-linux-gnu)
      Ubuntu 14.04.5 LTS
  uname: Linux 3.13.0-135-generic #184-Ubuntu SMP Wed Oct 18 11:55:51 UTC 2017 x86_64 x86_64
  CPU: Intel(R) Xeon(R) CPU E3-1241 v3 @ 3.50GHz: 
              speed         user         nice          sys         idle          irq
       #1  3507 MHz    5139563 s        140 s     252223 s    1153850 s         74 s
       #2  3507 MHz    1076127 s         72 s      99760 s    6418217 s          1 s
       
  Memory: 2.93927001953125 GB (794.6171875 MB free)
  Uptime: 77428.0 sec
  Load Avg:  0.9765625  0.9609375  0.95458984375
  WORD_SIZE: 64
  BLAS: libopenblas (USE64BITINT DYNAMIC_ARCH NO_AFFINITY Nehalem)
  LAPACK: libopenblas64_
  LIBM: libopenlibm
  LLVM: libLLVM-3.9.1 (ORCJIT, haswell)
Environment:
  TERM = vt100
  LD_LIBRARY_PATH = :/usr/local/lib/
  PATH = /usr/local/sbin:/usr/local/bin:/usr/sbin:/usr/bin:/sbin:/bin:/usr/games:/usr/local/games:/home/vagrant/julia/bin/
  JAVA_HOME = /usr/lib/jvm/java-8-openjdk-amd64
  HOME = /home/vagrant
Packages:
  Package Directory: /home/vagrant/.julia/v0.7
  Package Status:
2 required packages:
 - JSON                          0.16.3
 - SingularSpectrumAnalysis      0.0.3
4 additional packages:
 - Compat                        0.42.0
 - Nullables                     0.0.2
 - Requires                      0.4.3
 - tmpPOOpwT                     0.0.0-             non-repo (unregistered)
[ Info: Testing SingularSpectrumAnalysis @ Base.Pkg.Entry entry.jl:723
┌ Warning: current_module() is deprecated, use `@__MODULE__` instead.
│   caller = @require(::LineNumberNode, ::Module, ::Any, ::Any) at require.jl:51
└ @ Requires require.jl:51
WARNING: Base.Test is deprecated, run `using Test` instead.
  likely near /home/vagrant/.julia/v0.7/SingularSpectrumAnalysis/test/runtests.jl:2
ERROR: LoadError: MethodError: no method matching sin(::StepRangeLen{Float64,Base.TwicePrecision{Float64},Base.TwicePrecision{Float64}})
Closest candidates are:
  sin(!Matched::Missing) at missing.jl:69
  sin(!Matched::BigFloat) at mpfr.jl:646
  sin(!Matched::Complex{Float16}) at math.jl:972
  ...
Stacktrace:
 [1] top-level scope
 [2] include at ./boot.jl:295 [inlined]
 [3] include_relative(::Module, ::String) at ./loading.jl:521
 [4] include(::Module, ::String) at ./sysimg.jl:26
 [5] process_options(::Base.JLOptions) at ./client.jl:323
 [6] _start() at ./client.jl:374
in expression starting at /home/vagrant/.julia/v0.7/SingularSpectrumAnalysis/test/runtests.jl:10
┌ Error: ------------------------------------------------------------
│ # Testing failed for SingularSpectrumAnalysis
│   exception = ErrorException("failed process: Process(`/home/vagrant/julia/bin/julia -Cnative -J/home/vagrant/julia/lib/julia/sys.so --compile=yes --depwarn=yes --code-coverage=none --color=no --compiled-modules=yes --check-bounds=yes --warn-overwrite=yes --startup-file=yes /home/vagrant/.julia/v0.7/SingularSpectrumAnalysis/test/runtests.jl`, ProcessExited(1)) [1]")
└ @ Base.Pkg.Entry entry.jl:739
ERROR: SingularSpectrumAnalysis had test errors

>>> End of log
