>>> 'Pkg.add("SkyCoords")' log
INFO: Cloning cache of SkyCoords from https://github.com/kbarbary/SkyCoords.jl.git
INFO: Installing SkyCoords v0.1.1
INFO: Package database updated

>>> 'Pkg.test("SkyCoords")' log
Julia Version 0.6.0-dev.999
Commit 6a76dc7 (2016-10-17 21:39 UTC)
Platform Info:
  OS: Linux (x86_64-pc-linux-gnu)
  CPU: Intel(R) Xeon(R) CPU E3-1241 v3 @ 3.50GHz
  WORD_SIZE: 64
           Ubuntu 14.04.5 LTS
  uname: Linux 3.13.0-98-generic #145-Ubuntu SMP Sat Oct 8 20:13:07 UTC 2016 x86_64 x86_64
Memory: 2.939289093017578 GB (566.83984375 MB free)
Uptime: 34488.0 sec
Load Avg:  1.11572265625  0.66796875  0.43603515625
Intel(R) Xeon(R) CPU E3-1241 v3 @ 3.50GHz: 
       speed         user         nice          sys         idle          irq
#1  3507 MHz     854628 s       2425 s     148127 s    2284880 s         50 s
#2  3507 MHz     237863 s       4522 s      55837 s    3108593 s          2 s

  BLAS: libopenblas (USE64BITINT DYNAMIC_ARCH NO_AFFINITY Nehalem)
  LAPACK: libopenblas64_
  LIBM: libopenlibm
  LLVM: libLLVM-3.7.1 (ORCJIT, haswell)
Environment:
  TERM = vt100
  LD_LIBRARY_PATH = :/usr/local/lib/
  PATH = /usr/local/sbin:/usr/local/bin:/usr/sbin:/usr/bin:/sbin:/bin:/usr/games:/usr/local/games:/home/vagrant/julia/bin/
  JAVA_HOME = /usr/lib/jvm/java-7-oracle
  HOME = /home/vagrant

Package Directory: /home/vagrant/.julia/v0.6
2 required packages:
 - JSON                          0.8.0
 - SkyCoords                     0.1.1
1 additional packages:
 - Compat                        0.9.2
INFO: Testing SkyCoords
    icrs --> fk5j2000 : max=0.0000"  mean=0.0000"   min=0.0000"
    icrs --> fk5j1975 : max=0.0000"  mean=0.0000"   min=0.0000"
    icrs -->      gal : max=0.0000"  mean=0.0000"   min=0.0000"
fk5j2000 -->     icrs : max=0.0000"  mean=0.0000"   min=0.0000"
fk5j2000 --> fk5j1975 : max=0.0000"  mean=0.0000"   min=0.0000"
fk5j2000 -->      gal : max=0.0000"  mean=0.0000"   min=0.0000"
fk5j1975 -->     icrs : max=0.0000"  mean=0.0000"   min=0.0000"
fk5j1975 --> fk5j2000 : max=0.0000"  mean=0.0000"   min=0.0000"
fk5j1975 -->      gal : max=0.0000"  mean=0.0000"   min=0.0000"
     gal -->     icrs : max=0.0000"  mean=0.0000"   min=0.0000"
     gal --> fk5j2000 : max=0.0000"  mean=0.0000"   min=0.0000"
     gal --> fk5j1975 : max=0.0000"  mean=0.0000"   min=0.0000"

All tests passed.
INFO: SkyCoords tests passed

>>> End of log
