>>> 'Pkg.add("SLHA")' log
[ Info: Cloning cache of SLHA from https://github.com/freeboson/SLHA.jl.git @ Base.Pkg.Cache cache.jl:43
[ Info: Installing SLHA v0.1.0 @ Base.Pkg.Entry entry.jl:543
[ Info: Package database updated @ Base.Pkg.Entry entry.jl:32
┌ Info: METADATA is out-of-date — you may not have the latest version of SLHA
│ Use `Pkg.update()` to get the latest versions of your packages
└ @ Base.Pkg.Entry entry.jl:74

>>> 'Pkg.test("SLHA")' log
Julia Version 0.7.0-DEV.3246
Commit 2138144d3a (2018-01-04 02:34 UTC)
Platform Info:
  OS: Linux (x86_64-pc-linux-gnu)
      Ubuntu 14.04.5 LTS
  uname: Linux 3.13.0-135-generic #184-Ubuntu SMP Wed Oct 18 11:55:51 UTC 2017 x86_64 x86_64
  CPU: Intel(R) Xeon(R) CPU E3-1241 v3 @ 3.50GHz: 
              speed         user         nice          sys         idle          irq
       #1  3507 MHz    5162448 s        140 s     253396 s    1154508 s         74 s
       #2  3507 MHz    1076701 s         72 s      99989 s    6449578 s          1 s
       
  Memory: 2.93927001953125 GB (787.55859375 MB free)
  Uptime: 77752.0 sec
  Load Avg:  1.01318359375  0.99853515625  0.9599609375
  WORD_SIZE: 64
  BLAS: libopenblas (USE64BITINT DYNAMIC_ARCH NO_AFFINITY Nehalem)
  LAPACK: libopenblas64_
  LIBM: libopenlibm
  LLVM: libLLVM-3.9.1 (ORCJIT, haswell)
Environment:
  TERM = vt100
  LD_LIBRARY_PATH = :/usr/local/lib/
  PATH = /usr/local/sbin:/usr/local/bin:/usr/sbin:/usr/bin:/sbin:/bin:/usr/games:/usr/local/games:/home/vagrant/julia/bin/
  JAVA_HOME = /usr/lib/jvm/java-8-openjdk-amd64
  HOME = /home/vagrant
Packages:
  Package Directory: /home/vagrant/.julia/v0.7
  Package Status:
2 required packages:
 - JSON                          0.16.3
 - SLHA                          0.1.0
3 additional packages:
 - Compat                        0.42.0
 - Nullables                     0.0.2
 - tmpPOOpwT                     0.0.0-             non-repo (unregistered)
[ Info: Testing SLHA @ Base.Pkg.Entry entry.jl:723
WARNING: importing deprecated binding Base.Nullable into SLHA.
ERROR: LoadError: LoadError: LoadError: TypeError: in Type{...} expression, expected UnionAll, got typeof(Base.Nullable)
Stacktrace:
 [1] top-level scope
 [2] include at ./boot.jl:295 [inlined]
 [3] include_relative(::Module, ::String) at ./loading.jl:521
 [4] include at ./sysimg.jl:26 [inlined]
 [5] include(::String) at /home/vagrant/.julia/v0.7/SLHA/src/SLHA.jl:1
 [6] top-level scope
 [7] include at ./boot.jl:295 [inlined]
 [8] include_relative(::Module, ::String) at ./loading.jl:521
 [9] _require(::Symbol) at ./loading.jl:453
 [10] require(::Symbol) at ./loading.jl:333
 [11] include at ./boot.jl:295 [inlined]
 [12] include_relative(::Module, ::String) at ./loading.jl:521
 [13] include(::Module, ::String) at ./sysimg.jl:26
 [14] process_options(::Base.JLOptions) at ./client.jl:323
 [15] _start() at ./client.jl:374
in expression starting at /home/vagrant/.julia/v0.7/SLHA/src/types.jl:9
in expression starting at /home/vagrant/.julia/v0.7/SLHA/src/SLHA.jl:35
in expression starting at /home/vagrant/.julia/v0.7/SLHA/test/runtests.jl:1
┌ Error: ------------------------------------------------------------
│ # Testing failed for SLHA
│   exception = ErrorException("failed process: Process(`/home/vagrant/julia/bin/julia -Cnative -J/home/vagrant/julia/lib/julia/sys.so --compile=yes --depwarn=yes --code-coverage=none --color=no --compiled-modules=yes --check-bounds=yes --warn-overwrite=yes --startup-file=yes /home/vagrant/.julia/v0.7/SLHA/test/runtests.jl`, ProcessExited(1)) [1]")
└ @ Base.Pkg.Entry entry.jl:739
ERROR: SLHA had test errors

>>> End of log
