>>> 'Pkg.add("SliceSampler")' log
INFO: Installing Options v0.2.2
INFO: Installing SliceSampler v0.0.0
INFO: Package database updated

>>> 'using SliceSampler' log
ERROR: SliceSampler not found
 in require at ./loading.jl:49
 in require_3B_3957 at /home/idunning/julia04/usr/bin/../lib/julia/sys.so
 in include at ./boot.jl:245
 in include_from_node1 at loading.jl:128
 in process_options at ./client.jl:293
 in _start at ./client.jl:362
 in _start_3B_3783 at /home/idunning/julia04/usr/bin/../lib/julia/sys.so
while loading /home/idunning/pkgtest/.julia/v0.4/SliceSampler/testusing.jl, in expression starting on line 2
Julia Version 0.4.0-dev+1077
Commit c3a406c (2014-10-14 05:44 UTC)
Platform Info:
  System: Linux (x86_64-unknown-linux-gnu)
  CPU: Intel(R) Xeon(R) CPU E5-2650 0 @ 2.00GHz
  WORD_SIZE: 64
  BLAS: libopenblas (USE64BITINT DYNAMIC_ARCH NO_AFFINITY Sandybridge)
  LAPACK: libopenblas
  LIBM: libopenlibm
  LLVM: libLLVM-3.3


>>> test log
no tests to run
>>> end of log
