>>> 'Pkg.add("SloanDigitalSkySurvey")' log
INFO: Cloning cache of SloanDigitalSkySurvey from https://github.com/rgiordan/SloanDigitalSkySurvey.jl.git
INFO: Cloning cache of WCS from https://github.com/JuliaAstro/WCS.jl.git
INFO: Installing BinDeps v0.6.0
INFO: Installing Calculus v0.2.2
INFO: Installing DataArrays v0.4.1
INFO: Installing DataFrames v0.9.1
INFO: Installing DataStructures v0.6.1
INFO: Installing DiffBase v0.1.0
INFO: Installing DualNumbers v0.3.0
INFO: Installing FITSIO v0.10.0
INFO: Installing FileIO v0.5.1
INFO: Installing ForwardDiff v0.4.2
INFO: Installing GZip v0.3.0
INFO: Installing Grid v0.4.2
INFO: Installing LineSearches v0.1.5
INFO: Installing NaNMath v0.2.6
INFO: Installing Optim v0.4.6
INFO: Installing Reexport v0.0.3
INFO: Installing SHA v0.3.3
INFO: Installing SloanDigitalSkySurvey v0.1.1
INFO: Installing SortingAlgorithms v0.1.1
INFO: Installing SpecialFunctions v0.2.0
INFO: Installing StatsBase v0.17.0
INFO: Installing URIParser v0.2.0
INFO: Installing WCS v0.2.0
INFO: Installing WoodburyMatrices v0.2.2
INFO: Building FITSIO
INFO: Building WCS
INFO: Attempting to Create directory /home/vagrant/.julia/v0.5/WCS/deps/downloads
INFO: Downloading file https://cache.julialang.org/ftp://ftp.atnf.csiro.au/pub/software/wcslib/wcslib-5.13.tar.bz2
  % Total    % Received % Xferd  Average Speed   Time    Time     Time  Current
                                 Dload  Upload   Total   Spent    Left  Speed
  0     0    0     0    0     0      0      0 --:--:-- --:--:-- --:--:--     0  0     0    0     0    0     0      0      0 --:--:-- --:--:-- --:--:--     0100   455  100   455    0     0   2287      0 --:--:-- --:--:-- --:--:--  2286
100 2170k  100 2170k    0     0  2529k      0 --:--:-- --:--:-- --:--:-- 2529k
INFO: Done downloading file https://cache.julialang.org/ftp://ftp.atnf.csiro.au/pub/software/wcslib/wcslib-5.13.tar.bz2
INFO: Attempting to Create directory /home/vagrant/.julia/v0.5/WCS/deps/src
INFO: Attempting to Create directory /home/vagrant/.julia/v0.5/WCS/deps
INFO: Directory /home/vagrant/.julia/v0.5/WCS/deps already created
INFO: Changing Directory to /home/vagrant/.julia/v0.5/WCS/deps/src/wcslib-5.13
checking build system type... x86_64-unknown-linux-gnu
checking for flex... no
configure: WARNING: Flex version 2.5.9 or later does not appear to be
           available, will use pre-generated sources.
checking for gcc... gcc
checking whether the C compiler works... yes
checking for C compiler default output file name... a.out
checking for suffix of executables... 
checking whether we are cross compiling... no
checking for suffix of object files... o
checking whether we are using the GNU C compiler... yes
checking whether gcc accepts -g... yes
checking for gcc option to accept ISO C89... none needed
checking how to run the C preprocessor... gcc -E
checking for gcc... (cached) gcc
checking whether we are using the GNU C compiler... (cached) yes
checking whether gcc accepts -g... (cached) yes
checking for gcc option to accept ISO C89... (cached) none needed
checking for gcc option to accept ISO C99... -std=gnu99
checking for gcc -std=gnu99 option to accept ISO Standard C... (cached) -std=gnu99
checking for an ANSI C-conforming const... yes
checking for grep that handles long lines and -e... /bin/grep
checking for egrep... /bin/grep -E
checking for ANSI C header files... yes
checking for sys/types.h... yes
checking for sys/stat.h... yes
checking for stdlib.h... yes
checking for string.h... yes
checking for memory.h... yes
checking for strings.h... yes
checking for inttypes.h... yes
checking for stdint.h... yes
checking for unistd.h... yes
checking for size_t... yes
checking for off_t... yes
checking for int8_t... yes
checking for int16_t... yes
checking for int32_t... yes
checking for uint8_t... yes
checking for uint16_t... yes
checking for uint32_t... yes
checking for ANSI C header files... (cached) yes
checking ctype.h usability... yes
checking ctype.h presence... yes
checking for ctype.h... yes
checking errno.h usability... yes
checking errno.h presence... yes
checking for errno.h... yes
checking limits.h usability... yes
checking limits.h presence... yes
checking for limits.h... yes
checking locale.h usability... yes
checking locale.h presence... yes
checking for locale.h... yes
checking math.h usability... yes
checking math.h presence... yes
checking for math.h... yes
checking setjmp.h usability... yes
checking setjmp.h presence... yes
checking for setjmp.h... yes
checking stdarg.h usability... yes
checking stdarg.h presence... yes
checking for stdarg.h... yes
checking stdio.h usability... yes
checking stdio.h presence... yes
checking for stdio.h... yes
checking for stdlib.h... (cached) yes
checking for string.h... (cached) yes
checking for floor in -lm... yes
checking for _LARGEFILE_SOURCE value needed for large files... no
checking for stdlib.h... (cached) yes
checking for GNU libc compatible malloc... yes
checking for stdlib.h... (cached) yes
checking for GNU libc compatible realloc... yes
checking whether lstat correctly handles trailing slash... yes
checking whether stat accepts an empty string... no
checking for vprintf... yes
checking for _doprnt... no
checking for floor... yes
checking for memset... yes
checking for pow... yes
checking for setlocale... yes
checking for sqrt... yes
checking for strchr... yes
checking for strstr... yes
checking for cosd in -lsunmath... no
checking for sincos... yes
checking size of int... 4
checking size of long int... 8
checking size of long long int... 8
checking for printf z format modifier for size_t type... yes
configure: WARNING: Compilation of Fortran wrappers and PGSBOX disabled
checking for printf$LDBLStub in -lSystemStubs... no
checking for ranlib... ranlib
checking whether ln -s works... yes
checking for a BSD-compatible install... /usr/bin/install -c
configure: End of primary configuration.

configure: Looking for libraries etc. for utilities and test suite...
checking for unistd.h... (cached) yes
checking for _LARGEFILE_SOURCE value needed for large files... (cached) no
checking for special C compiler options needed for large files... no
checking for _FILE_OFFSET_BITS value needed for large files... no
configure: WARNING: CFITSIO disabled
configure: WARNING: PGPLOT disabled
configure: WARNING: Compilation of WCS utilities disabled
configure: End of auxiliary configuration.

configure: Configuring files...
configure: creating ./config.status
config.status: creating makedefs
config.status: creating wcslib.pc
config.status: creating wcsconfig.h
config.status: creating wcsconfig_f77.h
config.status: creating wcsconfig_tests.h
config.status: creating wcsconfig_utils.h
make[1]: Entering directory `/home/vagrant/.julia/v0.5/WCS/deps/src/wcslib-5.13/C'

cp flexed/fitshdr.c .

cp flexed/wcsbth.c .

cp flexed/wcspih.c .

cp flexed/wcsulex.c .

cp flexed/wcsutrn.c .

gcc -std=gnu99 -DHAVE_CONFIG_H -I. -I.. -g -O2 -c cel.c
ar r libwcs-5.13.a cel.o
ar: creating libwcs-5.13.a

gcc -std=gnu99 -DHAVE_CONFIG_H -I. -I.. -g -O2 -c dis.c
ar r libwcs-5.13.a dis.o

gcc -std=gnu99 -DHAVE_CONFIG_H -I. -I.. -g -O2 -c fitshdr.c
ar r libwcs-5.13.a fitshdr.o

gcc -std=gnu99 -DHAVE_CONFIG_H -I. -I.. -g -O2 -c lin.c
ar r libwcs-5.13.a lin.o

gcc -std=gnu99 -DHAVE_CONFIG_H -I. -I.. -g -O2 -c log.c
ar r libwcs-5.13.a log.o

gcc -std=gnu99 -DHAVE_CONFIG_H -I. -I.. -g -O2 -c prj.c
ar r libwcs-5.13.a prj.o

gcc -std=gnu99 -DHAVE_CONFIG_H -I. -I.. -g -O2 -c spc.c
ar r libwcs-5.13.a spc.o

gcc -std=gnu99 -DHAVE_CONFIG_H -I. -I.. -g -O2 -c sph.c
ar r libwcs-5.13.a sph.o

gcc -std=gnu99 -DHAVE_CONFIG_H -I. -I.. -g -O2 -c spx.c
ar r libwcs-5.13.a spx.o

gcc -std=gnu99 -DHAVE_CONFIG_H -I. -I.. -g -O2 -c tab.c
ar r libwcs-5.13.a tab.o

gcc -std=gnu99 -DHAVE_CONFIG_H -I. -I.. -g -O2 -c wcs.c
ar r libwcs-5.13.a wcs.o

gcc -std=gnu99 -DHAVE_CONFIG_H -I. -I.. -g -O2 -c wcsbth.c
ar r libwcs-5.13.a wcsbth.o

gcc -std=gnu99 -DHAVE_CONFIG_H -I. -I.. -g -O2 -c wcserr.c
ar r libwcs-5.13.a wcserr.o

gcc -std=gnu99 -DHAVE_CONFIG_H -I. -I.. -g -O2 -c wcsfix.c
ar r libwcs-5.13.a wcsfix.o

gcc -std=gnu99 -DHAVE_CONFIG_H -I. -I.. -g -O2 -c wcshdr.c
ar r libwcs-5.13.a wcshdr.o

gcc -std=gnu99 -DHAVE_CONFIG_H -I. -I.. -g -O2 -c wcspih.c
ar r libwcs-5.13.a wcspih.o

gcc -std=gnu99 -DHAVE_CONFIG_H -I. -I.. -g -O2 -c wcsprintf.c
ar r libwcs-5.13.a wcsprintf.o

gcc -std=gnu99 -DHAVE_CONFIG_H -I. -I.. -g -O2 -c wcstrig.c
ar r libwcs-5.13.a wcstrig.o

gcc -std=gnu99 -DHAVE_CONFIG_H -I. -I.. -g -O2 -c wcsulex.c
ar r libwcs-5.13.a wcsulex.o

gcc -std=gnu99 -DHAVE_CONFIG_H -I. -I.. -g -O2 -c wcsunits.c
ar r libwcs-5.13.a wcsunits.o

gcc -std=gnu99 -DHAVE_CONFIG_H -I. -I.. -g -O2 -c wcsutil.c
ar r libwcs-5.13.a wcsutil.o

gcc -std=gnu99 -DHAVE_CONFIG_H -I. -I.. -g -O2 -c wcsutrn.c
ar r libwcs-5.13.a wcsutrn.o

ranlib libwcs-5.13.a

gcc -std=gnu99 -DHAVE_CONFIG_H -I. -I.. -g -O2 -fPIC -c cel.c
ar r libwcs-PIC.a cel.o
ar: creating libwcs-PIC.a

gcc -std=gnu99 -DHAVE_CONFIG_H -I. -I.. -g -O2 -fPIC -c dis.c
ar r libwcs-PIC.a dis.o

gcc -std=gnu99 -DHAVE_CONFIG_H -I. -I.. -g -O2 -fPIC -c fitshdr.c
ar r libwcs-PIC.a fitshdr.o

gcc -std=gnu99 -DHAVE_CONFIG_H -I. -I.. -g -O2 -fPIC -c lin.c
ar r libwcs-PIC.a lin.o

gcc -std=gnu99 -DHAVE_CONFIG_H -I. -I.. -g -O2 -fPIC -c log.c
ar r libwcs-PIC.a log.o

gcc -std=gnu99 -DHAVE_CONFIG_H -I. -I.. -g -O2 -fPIC -c prj.c
ar r libwcs-PIC.a prj.o

gcc -std=gnu99 -DHAVE_CONFIG_H -I. -I.. -g -O2 -fPIC -c spc.c
ar r libwcs-PIC.a spc.o

gcc -std=gnu99 -DHAVE_CONFIG_H -I. -I.. -g -O2 -fPIC -c sph.c
ar r libwcs-PIC.a sph.o

gcc -std=gnu99 -DHAVE_CONFIG_H -I. -I.. -g -O2 -fPIC -c spx.c
ar r libwcs-PIC.a spx.o

gcc -std=gnu99 -DHAVE_CONFIG_H -I. -I.. -g -O2 -fPIC -c tab.c
ar r libwcs-PIC.a tab.o

gcc -std=gnu99 -DHAVE_CONFIG_H -I. -I.. -g -O2 -fPIC -c wcs.c
ar r libwcs-PIC.a wcs.o

gcc -std=gnu99 -DHAVE_CONFIG_H -I. -I.. -g -O2 -fPIC -c wcsbth.c
ar r libwcs-PIC.a wcsbth.o

gcc -std=gnu99 -DHAVE_CONFIG_H -I. -I.. -g -O2 -fPIC -c wcserr.c
ar r libwcs-PIC.a wcserr.o

gcc -std=gnu99 -DHAVE_CONFIG_H -I. -I.. -g -O2 -fPIC -c wcsfix.c
ar r libwcs-PIC.a wcsfix.o

gcc -std=gnu99 -DHAVE_CONFIG_H -I. -I.. -g -O2 -fPIC -c wcshdr.c
ar r libwcs-PIC.a wcshdr.o

gcc -std=gnu99 -DHAVE_CONFIG_H -I. -I.. -g -O2 -fPIC -c wcspih.c
ar r libwcs-PIC.a wcspih.o

gcc -std=gnu99 -DHAVE_CONFIG_H -I. -I.. -g -O2 -fPIC -c wcsprintf.c
ar r libwcs-PIC.a wcsprintf.o

gcc -std=gnu99 -DHAVE_CONFIG_H -I. -I.. -g -O2 -fPIC -c wcstrig.c
ar r libwcs-PIC.a wcstrig.o

gcc -std=gnu99 -DHAVE_CONFIG_H -I. -I.. -g -O2 -fPIC -c wcsulex.c
ar r libwcs-PIC.a wcsulex.o

gcc -std=gnu99 -DHAVE_CONFIG_H -I. -I.. -g -O2 -fPIC -c wcsunits.c
ar r libwcs-PIC.a wcsunits.o

gcc -std=gnu99 -DHAVE_CONFIG_H -I. -I.. -g -O2 -fPIC -c wcsutil.c
ar r libwcs-PIC.a wcsutil.o

gcc -std=gnu99 -DHAVE_CONFIG_H -I. -I.. -g -O2 -fPIC -c wcsutrn.c
ar r libwcs-PIC.a wcsutrn.o

mkdir tmp && \
	     cd tmp && \
	     trap 'cd .. ; rm -f -r tmp' 0 1 2 3 15 ; \
	     ar x ../libwcs-PIC.a && \
	     gcc -std=gnu99 -fPIC -shared -Wl,-hlibwcs.so.5 -o libwcs.so.5.13 *.o  -lm  && \
	     mv libwcs.so.5.13 ..
if [ ! -d "/home/vagrant/.julia/v0.5/WCS/deps/usr/lib" ] ; then \
	     /usr/bin/install -c -d -m 2775 /home/vagrant/.julia/v0.5/WCS/deps/usr/lib ; \
	   fi
/usr/bin/install -c -m 644 libwcs-5.13.a /home/vagrant/.julia/v0.5/WCS/deps/usr/lib
ranlib /home/vagrant/.julia/v0.5/WCS/deps/usr/lib/libwcs-5.13.a
if [ -h "/home/vagrant/.julia/v0.5/WCS/deps/usr/lib/libwcs.a" ] ; then \
	     rm -f /home/vagrant/.julia/v0.5/WCS/deps/usr/lib/libwcs.a ; \
	   fi
ln -s libwcs-5.13.a /home/vagrant/.julia/v0.5/WCS/deps/usr/lib/libwcs.a
if [ "libwcs.so.5.13" != "" ] ; then \
	     /usr/bin/install -c -m 755 libwcs.so.5.13 /home/vagrant/.julia/v0.5/WCS/deps/usr/lib ; \
	     if [ -h "/home/vagrant/.julia/v0.5/WCS/deps/usr/lib/libwcs.so.5" ] ; then \
	       rm -f /home/vagrant/.julia/v0.5/WCS/deps/usr/lib/libwcs.so.5 ; \
	     fi ; \
	     ln -s libwcs.so.5.13 /home/vagrant/.julia/v0.5/WCS/deps/usr/lib/libwcs.so.5 ; \
	     if [ "libwcs.so" != "" ] ; then \
	       if [ -h "/home/vagrant/.julia/v0.5/WCS/deps/usr/lib/libwcs.so" ] ; then \
	         rm -f /home/vagrant/.julia/v0.5/WCS/deps/usr/lib/libwcs.so ; \
	       fi ; \
	       ln -s libwcs.so.5 /home/vagrant/.julia/v0.5/WCS/deps/usr/lib/libwcs.so ; \
	     fi ; \
	   fi
if [ ! -d "/home/vagrant/.julia/v0.5/WCS/deps/usr/include/wcslib-5.13" ] ; then \
	     /usr/bin/install -c -d -m 2775 /home/vagrant/.julia/v0.5/WCS/deps/usr/include/wcslib-5.13 ; \
	   fi
/usr/bin/install -c -m 444 *.h /home/vagrant/.julia/v0.5/WCS/deps/usr/include/wcslib-5.13
rm -f /home/vagrant/.julia/v0.5/WCS/deps/usr/include/wcslib
ln -s wcslib-5.13 /home/vagrant/.julia/v0.5/WCS/deps/usr/include/wcslib
make[1]: Leaving directory `/home/vagrant/.julia/v0.5/WCS/deps/src/wcslib-5.13/C'
/usr/bin/install -c -m 444 wcsconfig.h wcsconfig_f77.h /home/vagrant/.julia/v0.5/WCS/deps/usr/include/wcslib-5.13
if [ ! -d "/home/vagrant/.julia/v0.5/WCS/deps/usr/share/doc/wcslib-5.13" ] ; then \
	     /usr/bin/install -c -d -m 2775 /home/vagrant/.julia/v0.5/WCS/deps/usr/share/doc/wcslib-5.13 ; \
	   fi
/usr/bin/install -c -m 444 CHANGES COPYING* README /home/vagrant/.julia/v0.5/WCS/deps/usr/share/doc/wcslib-5.13
if [ -h /home/vagrant/.julia/v0.5/WCS/deps/usr/share/doc/wcslib ] ; then \
	     rm -f /home/vagrant/.julia/v0.5/WCS/deps/usr/share/doc/wcslib ; \
	     ln -s wcslib-5.13 /home/vagrant/.julia/v0.5/WCS/deps/usr/share/doc/wcslib ; \
	   fi
if [ ! -d "/home/vagrant/.julia/v0.5/WCS/deps/usr/share/doc/wcslib-5.13" ] ; then \
	     /usr/bin/install -c -d -m 2775 /home/vagrant/.julia/v0.5/WCS/deps/usr/share/doc/wcslib-5.13 ; \
	   fi
/usr/bin/install -c -m 444 wcslib.pdf /home/vagrant/.julia/v0.5/WCS/deps/usr/share/doc/wcslib-5.13
if [ ! -d "/home/vagrant/.julia/v0.5/WCS/deps/usr/share/doc/wcslib-5.13/html" ] ; then \
	     /usr/bin/install -c -d -m 2775 /home/vagrant/.julia/v0.5/WCS/deps/usr/share/doc/wcslib-5.13/html ; \
	   fi
/usr/bin/install -c -m 444 html/* /home/vagrant/.julia/v0.5/WCS/deps/usr/share/doc/wcslib-5.13/html
if [ ! -d "/home/vagrant/.julia/v0.5/WCS/deps/usr/lib/pkgconfig" ] ; then \
	     /usr/bin/install -c -d -m 2775 /home/vagrant/.julia/v0.5/WCS/deps/usr/lib/pkgconfig ; \
	   fi
/usr/bin/install -c -m 444 wcslib.pc /home/vagrant/.julia/v0.5/WCS/deps/usr/lib/pkgconfig/wcslib.pc
INFO: Package database updated
INFO: METADATA is out-of-date — you may not have the latest version of SloanDigitalSkySurvey
INFO: Use `Pkg.update()` to get the latest versions of your packages

>>> 'Pkg.test("SloanDigitalSkySurvey")' log
Julia Version 0.5.2
Commit f4c6c9d (2017-05-06 16:34 UTC)
Platform Info:
  OS: Linux (x86_64-pc-linux-gnu)
  CPU: Intel(R) Xeon(R) CPU E3-1241 v3 @ 3.50GHz
  WORD_SIZE: 64
           Ubuntu 14.04.5 LTS
  uname: Linux 3.13.0-129-generic #178-Ubuntu SMP Fri Aug 11 12:48:20 UTC 2017 x86_64 x86_64
Memory: 2.9392738342285156 GB (1106.53125 MB free)
Uptime: 43335.0 sec
Load Avg:  1.1279296875  1.01611328125  0.99658203125
Intel(R) Xeon(R) CPU E3-1241 v3 @ 3.50GHz: 
       speed         user         nice          sys         idle          irq
#1  3500 MHz    2676796 s       6982 s     275386 s     879442 s        100 s
#2  3500 MHz     995873 s        161 s     121540 s    3104441 s          1 s

  BLAS: libopenblas (USE64BITINT DYNAMIC_ARCH NO_AFFINITY Nehalem)
  LAPACK: libopenblas64_
  LIBM: libopenlibm
  LLVM: libLLVM-3.7.1 (ORCJIT, haswell)
Environment:
  TERM = vt100
  LD_LIBRARY_PATH = :/usr/local/lib/
  PATH = /usr/local/sbin:/usr/local/bin:/usr/sbin:/usr/bin:/sbin:/bin:/usr/games:/usr/local/games:/home/vagrant/julia/bin/
  JAVA_HOME = /usr/lib/jvm/java-8-openjdk-amd64
  HOME = /home/vagrant

Package Directory: /home/vagrant/.julia/v0.5
2 required packages:
 - JSON                          0.13.0
 - SloanDigitalSkySurvey         0.1.1
24 additional packages:
 - BinDeps                       0.6.0
 - Calculus                      0.2.2
 - Compat                        0.31.0
 - DataArrays                    0.4.1
 - DataFrames                    0.9.1
 - DataStructures                0.6.1
 - DiffBase                      0.1.0
 - DualNumbers                   0.3.0
 - FITSIO                        0.10.0
 - FileIO                        0.5.1
 - ForwardDiff                   0.4.2
 - GZip                          0.3.0
 - Grid                          0.4.2
 - LineSearches                  0.1.5
 - NaNMath                       0.2.6
 - Optim                         0.4.6
 - Reexport                      0.0.3
 - SHA                           0.3.3
 - SortingAlgorithms             0.1.1
 - SpecialFunctions              0.2.0
 - StatsBase                     0.17.0
 - URIParser                     0.2.0
 - WCS                           0.2.0
 - WoodburyMatrices              0.2.2
INFO: Testing SloanDigitalSkySurvey
WARNING: Method definition describe(AbstractArray) in module StatsBase at /home/vagrant/.julia/v0.5/StatsBase/src/scalarstats.jl:560 overwritten in module DataFrames at /home/vagrant/.julia/v0.5/DataFrames/src/abstractdataframe/abstractdataframe.jl:407.
WARNING: Base.ASCIIString is deprecated, use String instead.
  likely near /home/vagrant/.julia/v0.5/Optim/src/types.jl:24
WARNING: Base.ASCIIString is deprecated, use String instead.
  likely near /home/vagrant/.julia/v0.5/Optim/src/types.jl:24
WARNING: Base.ASCIIString is deprecated, use String instead.
  likely near /home/vagrant/.julia/v0.5/Optim/src/types.jl:42
WARNING: Base.ASCIIString is deprecated, use String instead.
  likely near /home/vagrant/.julia/v0.5/Optim/src/types.jl:42
WARNING: Base.ASCIIString is deprecated, use String instead.
  likely near /home/vagrant/.julia/v0.5/Optim/src/problems/unconstrained.jl:10
WARNING: Base.ASCIIString is deprecated, use String instead.
  likely near /home/vagrant/.julia/v0.5/Optim/src/problems/unconstrained.jl:10
WARNING: Base.ASCIIString is deprecated, use String instead.
  likely near /home/vagrant/.julia/v0.5/Optim/src/problems/unconstrained.jl:21
WARNING: Base.ASCIIString is deprecated, use String instead.
  likely near /home/vagrant/.julia/v0.5/Optim/src/problems/unconstrained.jl:45
WARNING: Base.ASCIIString is deprecated, use String instead.
  likely near /home/vagrant/.julia/v0.5/Optim/src/problems/unconstrained.jl:45
WARNING: Base.ASCIIString is deprecated, use String instead.
  likely near /home/vagrant/.julia/v0.5/Optim/src/problems/unconstrained.jl:45
WARNING: Base.ASCIIString is deprecated, use String instead.
  likely near /home/vagrant/.julia/v0.5/Optim/src/problems/unconstrained.jl:45
Running sdss tests.
WARNING: Base.ASCIIString is deprecated, use String instead.
  likely near /home/vagrant/.julia/v0.5/SloanDigitalSkySurvey/test/test_sdss.jl:102
WARNING: Base.ASCIIString is deprecated, use String instead.
  likely near /home/vagrant/.julia/v0.5/SloanDigitalSkySurvey/test/test_sdss.jl:102
WARNING: Base.ASCIIString is deprecated, use String instead.
  likely near /home/vagrant/.julia/v0.5/SloanDigitalSkySurvey/test/test_sdss.jl:102
WARNING: Base.ASCIIString is deprecated, use String instead.
  likely near /home/vagrant/.julia/v0.5/SloanDigitalSkySurvey/test/test_sdss.jl:102
WARNING: Base.ASCIIString is deprecated, use String instead.
  likely near /home/vagrant/.julia/v0.5/SloanDigitalSkySurvey/test/test_sdss.jl:102
WARNING: Base.ASCIIString is deprecated, use String instead.
  likely near /home/vagrant/.julia/v0.5/SloanDigitalSkySurvey/test/test_sdss.jl:102
WARNING: Base.ASCIIString is deprecated, use String instead.
  likely near /home/vagrant/.julia/v0.5/SloanDigitalSkySurvey/test/test_sdss.jl:102
ERROR: LoadError: LoadError: OutOfMemoryError()
 in broadcast_t at ./broadcast.jl:228 [inlined]
 in broadcast at ./broadcast.jl:230 [inlined]
 in .+(::Array{Float32,2}, ::Array{Float32,4}) at ./broadcast.jl:304
 in load_raw_field(::String, ::String, ::String, ::String, ::Int64, ::Float32) at /home/vagrant/.julia/v0.5/SloanDigitalSkySurvey/src/SDSS.jl:188
 in test_load_field() at /home/vagrant/.julia/v0.5/SloanDigitalSkySurvey/test/test_sdss.jl:75
 in include_from_node1(::String) at ./loading.jl:488 (repeats 2 times)
 in process_options(::Base.JLOptions) at ./client.jl:265
 in _start() at ./client.jl:321
while loading /home/vagrant/.julia/v0.5/SloanDigitalSkySurvey/test/test_sdss.jl, in expression starting on line 102
while loading /home/vagrant/.julia/v0.5/SloanDigitalSkySurvey/test/runtests.jl, in expression starting on line 7
========================[ ERROR: SloanDigitalSkySurvey ]========================

failed process: Process(`/home/vagrant/julia/bin/julia -Cx86-64 -J/home/vagrant/julia/lib/julia/sys.so --compile=yes --depwarn=yes --check-bounds=yes --code-coverage=none --color=no --compilecache=yes /home/vagrant/.julia/v0.5/SloanDigitalSkySurvey/test/runtests.jl`, ProcessExited(1)) [1]

================================================================================
ERROR: SloanDigitalSkySurvey had test errors
 in #test#61(::Bool, ::Function, ::Array{AbstractString,1}) at ./pkg/entry.jl:748
 in (::Base.Pkg.Entry.#kw##test)(::Array{Any,1}, ::Base.Pkg.Entry.#test, ::Array{AbstractString,1}) at ./<missing>:0
 in (::Base.Pkg.Dir.##2#3{Array{Any,1},Base.Pkg.Entry.#test,Tuple{Array{AbstractString,1}}})() at ./pkg/dir.jl:31
 in cd(::Base.Pkg.Dir.##2#3{Array{Any,1},Base.Pkg.Entry.#test,Tuple{Array{AbstractString,1}}}, ::String) at ./file.jl:59
 in #cd#1(::Array{Any,1}, ::Function, ::Function, ::Array{AbstractString,1}, ::Vararg{Array{AbstractString,1},N}) at ./pkg/dir.jl:31
 in (::Base.Pkg.Dir.#kw##cd)(::Array{Any,1}, ::Base.Pkg.Dir.#cd, ::Function, ::Array{AbstractString,1}, ::Vararg{Array{AbstractString,1},N}) at ./<missing>:0
 in #test#3(::Bool, ::Function, ::String, ::Vararg{String,N}) at ./pkg/pkg.jl:258
 in test(::String, ::Vararg{String,N}) at ./pkg/pkg.jl:258
 in eval(::Module, ::Any) at ./boot.jl:234
 in process_options(::Base.JLOptions) at ./client.jl:242
 in _start() at ./client.jl:321

>>> End of log
