>>> 'Pkg.add("SmoothingKernels")' log
INFO: Cloning cache of SmoothingKernels from git://github.com/johnmyleswhite/SmoothingKernels.jl.git
INFO: Installing SmoothingKernels v0.0.0
INFO: Installing StatsBase v0.11.1
INFO: Package database updated
INFO: METADATA is out-of-date — you may not have the latest version of SmoothingKernels
INFO: Use `Pkg.update()` to get the latest versions of your packages

>>> 'Pkg.test("SmoothingKernels")' log
Julia Version 0.4.7
Commit ae26b25 (2016-09-18 16:17 UTC)
Platform Info:
  System: Linux (x86_64-pc-linux-gnu)
  CPU: Intel(R) Xeon(R) CPU E3-1241 v3 @ 3.50GHz
  WORD_SIZE: 64
           Ubuntu 14.04.5 LTS
  uname: Linux 3.13.0-98-generic #145-Ubuntu SMP Sat Oct 8 20:13:07 UTC 2016 x86_64 x86_64
Memory: 2.939289093017578 GB (1522.12109375 MB free)
Uptime: 24510.0 sec
Load Avg:  0.90185546875  0.95849609375  0.95458984375
Intel(R) Xeon(R) CPU E3-1241 v3 @ 3.50GHz: 
       speed         user         nice          sys         idle          irq
#1  3495 MHz    1188291 s       3793 s     108414 s     868920 s        130 s
#2  3495 MHz     688249 s       2649 s      94898 s    1552817 s          2 s

  BLAS: libopenblas (USE64BITINT DYNAMIC_ARCH NO_AFFINITY Nehalem)
  LAPACK: libopenblas64_
  LIBM: libopenlibm
  LLVM: libLLVM-3.3
Environment:
  TERM = vt100
  LD_LIBRARY_PATH = :/usr/local/lib/
  PATH = /usr/local/sbin:/usr/local/bin:/usr/sbin:/usr/bin:/sbin:/bin:/usr/games:/usr/local/games:/home/vagrant/julia/bin/
  JAVA_HOME = /usr/lib/jvm/java-7-oracle
  HOME = /home/vagrant

Package Directory: /home/vagrant/.julia/v0.4
2 required packages:
 - JSON                          0.8.0
 - SmoothingKernels              0.0.0
2 additional packages:
 - Compat                        0.9.2
 - StatsBase                     0.11.1
INFO: Testing SmoothingKernels

WARNING: deprecated syntax "[a=>b, ...]" at /home/vagrant/.julia/v0.4/SmoothingKernels/src/SmoothingKernels.jl:5.
Use "Dict(a=>b, ...)" instead.

WARNING: deprecated syntax "[a=>b, ...]" at /home/vagrant/.julia/v0.4/SmoothingKernels/src/SmoothingKernels.jl:17.
Use "Dict(a=>b, ...)" instead.
WARNING: float64(x) is deprecated, use Float64(x) instead.
 in depwarn at deprecated.jl:73
 in float64 at deprecated.jl:50
 in triweight at /home/vagrant/.julia/v0.4/SmoothingKernels/src/kernels.jl:21
 in anonymous at test.jl:92
 in do_test at test.jl:50
 [inlined code] from /home/vagrant/.julia/v0.4/SmoothingKernels/test/kernels.jl:9
 in anonymous at no file:0
 in include at ./boot.jl:261
 in include_from_node1 at ./loading.jl:333
 [inlined code] from /home/vagrant/.julia/v0.4/SmoothingKernels/test/runtests.jl:5
 in anonymous at no file:0
 in include at ./boot.jl:261
 in include_from_node1 at ./loading.jl:333
 in process_options at ./client.jl:280
 in _start at ./client.jl:378
while loading /home/vagrant/.julia/v0.4/SmoothingKernels/test/kernels.jl, in expression starting on line 6
WARNING: float64(x) is deprecated, use Float64(x) instead.
 in depwarn at deprecated.jl:73
 in float64 at deprecated.jl:50
 in triangular at /home/vagrant/.julia/v0.4/SmoothingKernels/src/kernels.jl:6
 in anonymous at test.jl:92
 in do_test at test.jl:50
 [inlined code] from /home/vagrant/.julia/v0.4/SmoothingKernels/test/kernels.jl:9
 in anonymous at no file:0
 in include at ./boot.jl:261
 in include_from_node1 at ./loading.jl:333
 [inlined code] from /home/vagrant/.julia/v0.4/SmoothingKernels/test/runtests.jl:5
 in anonymous at no file:0
 in include at ./boot.jl:261
 in include_from_node1 at ./loading.jl:333
 in process_options at ./client.jl:280
 in _start at ./client.jl:378
while loading /home/vagrant/.julia/v0.4/SmoothingKernels/test/kernels.jl, in expression starting on line 6
WARNING: float64(x) is deprecated, use Float64(x) instead.
 in depwarn at deprecated.jl:73
 in float64 at deprecated.jl:50
 in epanechnikov at /home/vagrant/.julia/v0.4/SmoothingKernels/src/kernels.jl:11
 in anonymous at test.jl:92
 in do_test at test.jl:50
 [inlined code] from /home/vagrant/.julia/v0.4/SmoothingKernels/test/kernels.jl:9
 in anonymous at no file:0
 in include at ./boot.jl:261
 in include_from_node1 at ./loading.jl:333
 [inlined code] from /home/vagrant/.julia/v0.4/SmoothingKernels/test/runtests.jl:5
 in anonymous at no file:0
 in include at ./boot.jl:261
 in include_from_node1 at ./loading.jl:333
 in process_options at ./client.jl:280
 in _start at ./client.jl:378
while loading /home/vagrant/.julia/v0.4/SmoothingKernels/test/kernels.jl, in expression starting on line 6
WARNING: float64(x) is deprecated, use Float64(x) instead.
 in depwarn at deprecated.jl:73
 in float64 at deprecated.jl:50
 in biweight at /home/vagrant/.julia/v0.4/SmoothingKernels/src/kernels.jl:16
 in anonymous at test.jl:92
 in do_test at test.jl:50
 [inlined code] from /home/vagrant/.julia/v0.4/SmoothingKernels/test/kernels.jl:9
 in anonymous at no file:0
 in include at ./boot.jl:261
 in include_from_node1 at ./loading.jl:333
 [inlined code] from /home/vagrant/.julia/v0.4/SmoothingKernels/test/runtests.jl:5
 in anonymous at no file:0
 in include at ./boot.jl:261
 in include_from_node1 at ./loading.jl:333
 in process_options at ./client.jl:280
 in _start at ./client.jl:378
while loading /home/vagrant/.julia/v0.4/SmoothingKernels/test/kernels.jl, in expression starting on line 6
WARNING: float64(x) is deprecated, use Float64(x) instead.
 in depwarn at deprecated.jl:73
 in float64 at deprecated.jl:50
 in tricube at /home/vagrant/.julia/v0.4/SmoothingKernels/src/kernels.jl:26
 in anonymous at test.jl:92
 in do_test at test.jl:50
 [inlined code] from /home/vagrant/.julia/v0.4/SmoothingKernels/test/kernels.jl:9
 in anonymous at no file:0
 in include at ./boot.jl:261
 in include_from_node1 at ./loading.jl:333
 [inlined code] from /home/vagrant/.julia/v0.4/SmoothingKernels/test/runtests.jl:5
 in anonymous at no file:0
 in include at ./boot.jl:261
 in include_from_node1 at ./loading.jl:333
 in process_options at ./client.jl:280
 in _start at ./client.jl:378
while loading /home/vagrant/.julia/v0.4/SmoothingKernels/test/kernels.jl, in expression starting on line 6
WARNING: float64(x) is deprecated, use Float64(x) instead.
 in depwarn at deprecated.jl:73
 in float64 at deprecated.jl:50
 in cosine at /home/vagrant/.julia/v0.4/SmoothingKernels/src/kernels.jl:36
 in anonymous at test.jl:92
 in do_test at test.jl:50
 [inlined code] from /home/vagrant/.julia/v0.4/SmoothingKernels/test/kernels.jl:9
 in anonymous at no file:0
 in include at ./boot.jl:261
 in include_from_node1 at ./loading.jl:333
 [inlined code] from /home/vagrant/.julia/v0.4/SmoothingKernels/test/runtests.jl:5
 in anonymous at no file:0
 in include at ./boot.jl:261
 in include_from_node1 at ./loading.jl:333
 in process_options at ./client.jl:280
 in _start at ./client.jl:378
while loading /home/vagrant/.julia/v0.4/SmoothingKernels/test/kernels.jl, in expression starting on line 6
WARNING: float64(x) is deprecated, use Float64(x) instead.
 in depwarn at deprecated.jl:73
 in float64 at deprecated.jl:50
 in uniform at /home/vagrant/.julia/v0.4/SmoothingKernels/src/kernels.jl:1
 in anonymous at test.jl:92
 in do_test at test.jl:50
 [inlined code] from /home/vagrant/.julia/v0.4/SmoothingKernels/test/kernels.jl:9
 in anonymous at no file:0
 in include at ./boot.jl:261
 in include_from_node1 at ./loading.jl:333
 [inlined code] from /home/vagrant/.julia/v0.4/SmoothingKernels/test/runtests.jl:5
 in anonymous at no file:0
 in include at ./boot.jl:261
 in include_from_node1 at ./loading.jl:333
 in process_options at ./client.jl:280
 in _start at ./client.jl:378
while loading /home/vagrant/.julia/v0.4/SmoothingKernels/test/kernels.jl, in expression starting on line 6
INFO: SmoothingKernels tests passed

>>> End of log
