>>> 'Pkg.add("SoftConfidenceWeighted")' log
INFO: Cloning cache of SoftConfidenceWeighted from https://github.com/IshitaTakeshi/SoftConfidenceWeighted.jl.git
INFO: Installing BinDeps v0.4.5
INFO: Installing Calculus v0.1.15
INFO: Installing Distributions v0.11.0
INFO: Installing PDMats v0.5.1
INFO: Installing Rmath v0.1.4
INFO: Installing SHA v0.2.1
INFO: Installing SoftConfidenceWeighted v0.2.0
INFO: Installing StatsBase v0.11.1
INFO: Installing StatsFuns v0.3.1
INFO: Installing URIParser v0.1.6
INFO: Building Rmath
INFO: Package database updated

>>> 'Pkg.test("SoftConfidenceWeighted")' log
Julia Version 0.6.0-dev.1230
Commit ce6a0c3 (2016-11-10 21:09 UTC)
Platform Info:
  OS: Linux (x86_64-pc-linux-gnu)
  CPU: Intel(R) Xeon(R) CPU E3-1241 v3 @ 3.50GHz
  WORD_SIZE: 64
           Ubuntu 14.04.5 LTS
  uname: Linux 3.13.0-101-generic #148-Ubuntu SMP Thu Oct 20 22:08:32 UTC 2016 x86_64 x86_64
Memory: 2.939281463623047 GB (1557.2265625 MB free)
Uptime: 23624.0 sec
Load Avg:  0.947265625  0.9853515625  0.9599609375
Intel(R) Xeon(R) CPU E3-1241 v3 @ 3.50GHz: 
       speed         user         nice          sys         idle          irq
#1  3499 MHz    1338428 s       5137 s     176769 s     587240 s         81 s
#2  3499 MHz     361416 s        877 s      83586 s    1854946 s          0 s

  BLAS: libopenblas (USE64BITINT DYNAMIC_ARCH NO_AFFINITY Nehalem)
  LAPACK: libopenblas64_
  LIBM: libopenlibm
  LLVM: libLLVM-3.7.1 (ORCJIT, haswell)
Environment:
  TERM = vt100
  LD_LIBRARY_PATH = :/usr/local/lib/
  PATH = /usr/local/sbin:/usr/local/bin:/usr/sbin:/usr/bin:/sbin:/bin:/usr/games:/usr/local/games:/home/vagrant/julia/bin/
  JAVA_HOME = /usr/lib/jvm/java-7-oracle
  HOME = /home/vagrant

Package Directory: /home/vagrant/.julia/v0.6
2 required packages:
 - JSON                          0.8.0
 - SoftConfidenceWeighted        0.2.0
10 additional packages:
 - BinDeps                       0.4.5
 - Calculus                      0.1.15
 - Compat                        0.9.3
 - Distributions                 0.11.0
 - PDMats                        0.5.1
 - Rmath                         0.1.4
 - SHA                           0.2.1
 - StatsBase                     0.11.1
 - StatsFuns                     0.3.1
 - URIParser                     0.1.6
INFO: Testing SoftConfidenceWeighted
TEST DIGITS

BATCH
	type: SCW1
	accuracy: 1.0

BATCH
	type: SCW2
	accuracy: 1.0

ONLINE
	type: SCW1
	accuracy: 1.0

ONLINE
	type: SCW2
	accuracy: 1.0

BATCH
	type: SCW1
	accuracy: 1.0

BATCH
	type: SCW2
	accuracy: 1.0

ONLINE
	type: SCW1
	accuracy: 1.0

ONLINE
	type: SCW2
	accuracy: 1.0

INFO: SoftConfidenceWeighted tests passed

>>> End of log
