>>> 'Pkg.add("SolarSystemLib")' log
INFO: Cloning cache of SolarSystemLib from https://github.com/moisespsena/SolarSystemLib.jl.git
INFO: Installing SolarSystemLib v0.0.2
INFO: Package database updated
INFO: METADATA is out-of-date — you may not have the latest version of SolarSystemLib
INFO: Use `Pkg.update()` to get the latest versions of your packages

>>> 'Pkg.test("SolarSystemLib")' log
Julia Version 0.6.0
Commit 9036443 (2017-06-19 13:05 UTC)
Platform Info:
  OS: Linux (x86_64-pc-linux-gnu)
  CPU: Intel(R) Xeon(R) CPU E3-1241 v3 @ 3.50GHz
  WORD_SIZE: 64
           Ubuntu 14.04.5 LTS
  uname: Linux 3.13.0-121-generic #170-Ubuntu SMP Wed Jun 14 09:04:33 UTC 2017 x86_64 x86_64
Memory: 2.9392738342285156 GB (834.890625 MB free)
Uptime: 64532.0 sec
Load Avg:  0.96923828125  0.9853515625  1.03466796875
Intel(R) Xeon(R) CPU E3-1241 v3 @ 3.50GHz: 
       speed         user         nice          sys         idle          irq
#1  3500 MHz    4280876 s       5222 s     193638 s     883941 s         74 s
#2  3500 MHz     902506 s       1659 s      99657 s    5316316 s          1 s

  BLAS: libopenblas (USE64BITINT DYNAMIC_ARCH NO_AFFINITY Nehalem)
  LAPACK: libopenblas64_
  LIBM: libopenlibm
  LLVM: libLLVM-3.9.1 (ORCJIT, haswell)
Environment:
  TERM = vt100
  LD_LIBRARY_PATH = :/usr/local/lib/
  PATH = /usr/local/sbin:/usr/local/bin:/usr/sbin:/usr/bin:/sbin:/bin:/usr/games:/usr/local/games:/home/vagrant/julia/bin/
  JAVA_HOME = /usr/lib/jvm/java-8-openjdk-amd64
  HOME = /home/vagrant

Package Directory: /home/vagrant/.julia/v0.6
2 required packages:
 - JSON                          0.12.0
 - SolarSystemLib                0.0.2
1 additional packages:
 - Compat                        0.26.0
INFO: Testing SolarSystemLib
INFO: SolarSystemLib tests passed

>>> End of log
