>>> 'Pkg.add("Soundex")' log
INFO: Installing Soundex v0.0.0
INFO: Package database updated

>>> 'using Soundex' log
Julia Version 0.4.0-dev+549
Commit 13da365 (2014-09-12 04:36 UTC)
Platform Info:
  System: Linux (x86_64-unknown-linux-gnu)
  CPU: Intel(R) Xeon(R) CPU E5-2650 0 @ 2.00GHz
  WORD_SIZE: 64
  BLAS: libopenblas (USE64BITINT DYNAMIC_ARCH NO_AFFINITY Sandybridge)
  LAPACK: libopenblas
  LIBM: libopenlibm
  LLVM: libLLVM-3.3

>>> test log

ERROR: `contains` has no method matching contains(::Array{Char,1}, ::Char)
 in encode at /home/idunning/pkgtest/.julia/v0.4/Soundex/src/Soundex.jl:11
 in soundex! at /home/idunning/pkgtest/.julia/v0.4/Soundex/src/Soundex.jl:36
 in soundex at /home/idunning/pkgtest/.julia/v0.4/Soundex/src/Soundex.jl:78
 in include at ./boot.jl:246
 in include_from_node1 at loading.jl:128
 in process_options at ./client.jl:285
 in _start at ./client.jl:354
 in _start_3B_3601 at /home/idunning/julia04/usr/bin/../lib/julia/sys.so
while loading /home/idunning/pkgtest/.julia/v0.4/Soundex/test/soundex.jl, in expression starting on line 4

>>> end of log
