>>> 'Pkg.add("SpecialFunctions")' log
INFO: Cloning cache of SpecialFunctions from https://github.com/JuliaMath/SpecialFunctions.jl.git
INFO: Installing SpecialFunctions v0.1.0
INFO: Package database updated
INFO: METADATA is out-of-date — you may not have the latest version of SpecialFunctions
INFO: Use `Pkg.update()` to get the latest versions of your packages

>>> 'Pkg.test("SpecialFunctions")' log
Julia Version 0.5.0
Commit 3c9d753 (2016-09-19 18:14 UTC)
Platform Info:
  System: Linux (x86_64-pc-linux-gnu)
  CPU: Intel(R) Xeon(R) CPU E3-1241 v3 @ 3.50GHz
  WORD_SIZE: 64
           Ubuntu 14.04.5 LTS
  uname: Linux 3.13.0-108-generic #155-Ubuntu SMP Wed Jan 11 16:58:52 UTC 2017 x86_64 x86_64
Memory: 2.9392738342285156 GB (1353.24609375 MB free)
Uptime: 29828.0 sec
Load Avg:  1.04248046875  1.001953125  1.0185546875
Intel(R) Xeon(R) CPU E3-1241 v3 @ 3.50GHz: 
       speed         user         nice          sys         idle          irq
#1  3503 MHz    1773700 s       6305 s     159330 s     675093 s         62 s
#2  3503 MHz     520353 s        993 s      80753 s    2304211 s          1 s

  BLAS: libopenblas (USE64BITINT DYNAMIC_ARCH NO_AFFINITY Nehalem)
  LAPACK: libopenblas64_
  LIBM: libopenlibm
  LLVM: libLLVM-3.7.1 (ORCJIT, haswell)
Environment:
  TERM = vt100
  LD_LIBRARY_PATH = :/usr/local/lib/
  PATH = /usr/local/sbin:/usr/local/bin:/usr/sbin:/usr/bin:/sbin:/bin:/usr/games:/usr/local/games:/home/vagrant/julia/bin/
  JAVA_HOME = /usr/lib/jvm/java-7-oracle
  HOME = /home/vagrant

Package Directory: /home/vagrant/.julia/v0.5
2 required packages:
 - JSON                          0.8.3
 - SpecialFunctions              0.1.0
1 additional packages:
 - Compat                        0.18.0
INFO: Testing SpecialFunctions
Test Summary:   | Pass  Total
  error functions |  358    358
Test Summary: | Pass  Total
  airy        |   83     83
Test Summary:    | Pass  Total
  bessel functions |  288    288
Test Summary:     | Pass  Total
  gamma and friends |   73     73
Test Summary: | Pass  Total
  zeta        |   12     12
Test Summary:                       | Pass  Total
  digamma, trigamma, polygamma & zeta |  239    239
Test Summary:                    | Pass  Total
  vectorization of 2-arg functions |   45     45
Test Summary: | Pass  Total
  MPFR        |   10     10
Test Summary:           | Pass  Total
  Base Julia issue #17474 |   24     24
INFO: SpecialFunctions tests passed

>>> End of log
