>>> 'Pkg.add("SPTK")' log
[ Info: Cloning cache of SPTK from https://github.com/r9y9/SPTK.jl.git
[ Info: Installing BinDeps v0.8.6
[ Info: Installing SHA v0.5.3
[ Info: Installing SPTK v0.2.1
[ Info: Installing URIParser v0.3.0
[ Info: Building SPTK
┌ Warning: `isalnum(c::Char)` is deprecated, use `isalpha(c) || isnumeric(c)` instead.
│   caller = is_userinfo_char at parser.jl:4 [inlined]
└ @ Core parser.jl:4
┌ Warning: `isalnum(c::Char)` is deprecated, use `isalpha(c) || isnumeric(c)` instead.
│   caller = is_host_char at parser.jl:8 [inlined]
└ @ Core parser.jl:8
┌ Warning: `isalnum(c::Char)` is deprecated, use `isalpha(c) || isnumeric(c)` instead.
│   caller = is_host_char at parser.jl:8 [inlined]
└ @ Core parser.jl:8
WARNING: importing deprecated binding Base.Associative into BinDeps.
WARNING: Base.Associative is deprecated, use AbstractDict instead.
  likely near /home/vagrant/.julia/v0.7/SPTK/deps/build.jl:35
in @install at /home/vagrant/.julia/v0.7/BinDeps/src/dependencies.jl
┌ Warning: `info()` is deprecated, use `@info` instead.
│   caller = run(::BinDeps.DirectoryRule) at BinDeps.jl:496
└ @ BinDeps BinDeps.jl:496
INFO: Attempting to create directory /home/vagrant/.julia/v0.7/SPTK/deps/downloads
┌ Warning: `info()` is deprecated, use `@info` instead.
│   caller = (::getfield(BinDeps, Symbol("##15#17")){BinDeps.FileDownloader})() at BinDeps.jl:362
└ @ BinDeps BinDeps.jl:362
INFO: Downloading file https://github.com/r9y9/SPTK/archive/v3.8.9.tar.gz
  % Total    % Received % Xferd  Average Speed   Time    Time     Time  Current
                                 Dload  Upload   Total   Spent    Left  Speed
  0     0    0     0    0     0      0      0 --:--:-- --:--:-- --:--:--     0100   117    0   117    0     0    630      0 --:--:-- --:--:-- --:--:--   632
  0     0    0     0    0     0      0      0 --:--:-- --:--:-- --:--:--     0  0     0    0 27903    0     0  17380      0 --:--:--  0:00:01 --:--:-- 27572  0     0    0  560k    0     0   263k      0 --:--:--  0:00:02 --:--:--  364k
┌ Warning: `info()` is deprecated, use `@info` instead.
│   caller = (::getfield(BinDeps, Symbol("##16#18")){BinDeps.FileDownloader})() at BinDeps.jl:362
└ @ BinDeps BinDeps.jl:362
INFO: Done downloading file https://github.com/r9y9/SPTK/archive/v3.8.9.tar.gz
INFO: Attempting to create directory /home/vagrant/.julia/v0.7/SPTK/deps/src
INFO: Attempting to create directory /home/vagrant/.julia/v0.7/SPTK/deps
┌ Warning: `info()` is deprecated, use `@info` instead.
│   caller = run(::BinDeps.DirectoryRule) at BinDeps.jl:503
└ @ BinDeps BinDeps.jl:503
INFO: Directory /home/vagrant/.julia/v0.7/SPTK/deps already exists
┌ Warning: `info()` is deprecated, use `@info` instead.
│   caller = run(::BinDeps.SynchronousStepCollection) at BinDeps.jl:524
└ @ BinDeps BinDeps.jl:524
INFO: Changing directory to /home/vagrant/.julia/v0.7/SPTK/deps/src/SPTK-3.8.9
Setting top to                           : /home/vagrant/.julia/v0.7/SPTK/deps/src/SPTK-3.8.9 
Setting out to                           : /home/vagrant/.julia/v0.7/SPTK/deps/src/SPTK-3.8.9/build 
Checking for 'gcc' (C compiler)          : /usr/bin/gcc 
Checking for header fcntl.h              : yes 
Checking for header limits.h             : yes 
Checking for header stdlib.h             : yes 
Checking for header string.h             : yes 

SPTK has been configured as follows:

[Build information]
Package:                 SPTK-3.8.9
build (compile on):      x86_64-linux
host endian:             little
Compiler:                gcc
Compiler version:        4.8.4
CFLAGS:                  -O2 -Wall -fno-common -Wstrict-prototypes -ansi

'configure' finished successfully (0.270s)
INFO: Changing directory to /home/vagrant/.julia/v0.7/SPTK/deps/src/SPTK-3.8.9
Waf: Entering directory `/home/vagrant/.julia/v0.7/SPTK/deps/src/SPTK-3.8.9/build'
[ 1/99] Compiling bin/acep/_acep.c
[ 2/99] Compiling bin/acorr/_acorr.c
[ 3/99] Compiling bin/agcep/_agcep.c
[ 4/99] Compiling bin/amcep/_amcep.c
[ 5/99] Compiling bin/average/_average.c
[ 6/99] Compiling bin/b2mc/_b2mc.c
[ 7/99] Compiling bin/c2acr/_c2acr.c
[ 8/99] Compiling bin/c2ir/_c2ir.c
[ 9/99] Compiling bin/c2ndps/_c2ndps.c
[10/99] Compiling bin/c2sp/_c2sp.c
[11/99] Compiling bin/clip/_clip.c
[12/99] Compiling bin/dct/_dct.c
[13/99] Compiling bin/df2/_df2.c
[14/99] Compiling bin/dfs/_dfs.c
[15/99] Compiling bin/excite/_excite.c
[16/99] Compiling bin/fft/_fft.c
[17/99] Compiling bin/fft2/_fft2.c
[18/99] Compiling bin/fftcep/_fftcep.c
[19/99] Compiling bin/fftr/_fftr.c
[20/99] Compiling bin/fftr2/_fftr2.c
[21/99] Compiling bin/freqt/_freqt.c
[22/99] Compiling bin/gc2gc/_gc2gc.c
[23/99] Compiling bin/gcep/_gcep.c
[24/99] Compiling bin/glsadf/_glsadf.c
[25/99] Compiling bin/gmm/_gmm.c
[26/99] Compiling bin/gnorm/_gnorm.c
[27/99] Compiling bin/grpdelay/_grpdelay.c
[28/99] Compiling bin/histogram/_histogram.c
[29/99] Compiling bin/ifft/_ifft.c
[30/99] Compiling bin/ifft2/_ifft2.c
[31/99] Compiling bin/ifftr/_ifftr.c
[32/99] Compiling bin/ignorm/_ignorm.c
[33/99] Compiling bin/imsvq/_imsvq.c
[34/99] Compiling bin/ivq/_ivq.c
[35/99] Compiling bin/lbg/_lbg.c
[36/99] Compiling bin/levdur/_levdur.c
[37/99] Compiling bin/lmadf/_lmadf.c
../bin/levdur/_levdur.c: In function ‘levdur’:
../bin/levdur/_levdur.c:100:4: warning: implicit declaration of function ‘isnan’ [-Wimplicit-function-declaration]
    if ((((rmd < 0.0) ? -rmd : rmd) <= eps) || isnan(rmd))
    ^

[38/99] Compiling bin/lpc/_lpc.c
[39/99] Compiling bin/lpc2c/_lpc2c.c
[40/99] Compiling bin/lpc2lsp/_lpc2lsp.c
[41/99] Compiling bin/lpc2par/_lpc2par.c
[42/99] Compiling bin/lsp2lpc/_lsp2lpc.c
[43/99] Compiling bin/lsp2sp/_lsp2sp.c
[44/99] Compiling bin/lspcheck/_lspcheck.c
[45/99] Compiling bin/lspdf/_lspdf.c
[46/99] Compiling bin/ltcdf/_ltcdf.c
[47/99] Compiling bin/mc2b/_mc2b.c
[48/99] Compiling bin/mcep/_mcep.c
[49/99] Compiling bin/mfcc/_mfcc.c
[50/99] Compiling bin/mgc2mgc/_mgc2mgc.c
[51/99] Compiling bin/mgc2sp/_mgc2sp.c
[52/99] Compiling bin/mgcep/_mgcep.c
[53/99] Compiling bin/mgclsp2sp/_mgclsp2sp.c
[54/99] Compiling bin/mglsadf/_mglsadf.c
[55/99] Compiling bin/mlpg/_mlpg.c
[56/99] Compiling bin/mlsadf/_mlsadf.c
[57/99] Compiling bin/msvq/_msvq.c
[58/99] Compiling bin/ndps2c/_ndps2c.c
[59/99] Compiling bin/norm0/_norm0.c
[60/99] Compiling bin/nrand/_nrand.c
[61/99] Compiling bin/par2lpc/_par2lpc.c
[62/99] Compiling bin/phase/_phase.c
[63/99] Compiling bin/poledf/_poledf.c
[64/99] Compiling bin/reverse/_reverse.c
[65/99] Compiling bin/rmse/_rmse.c
[66/99] Compiling bin/root_pol/_root_pol.c
[67/99] Compiling bin/smcep/_smcep.c
[68/99] Compiling bin/transpose/_transpose.c
[69/99] Compiling bin/uels/_uels.c
[70/99] Compiling bin/ulaw/_ulaw.c
[71/99] Compiling bin/vc/_vc.c
[72/99] Compiling bin/vq/_vq.c
[73/99] Compiling bin/window/_window.c
[74/99] Compiling bin/zcross/_zcross.c
[75/99] Compiling bin/zerodf/_zerodf.c
[76/99] Compiling bin/pitch/swipe/swipe.c
[77/99] Compiling bin/pitch/swipe/vector.c
[78/99] Compiling bin/pitch/snack/jkGetF0.c
[79/99] Compiling bin/pitch/snack/sigproc.c
[80/99] Compiling bin/vc/hts_engine_API/HTS_misc.c
[81/99] Compiling bin/vc/hts_engine_API/HTS_pstream.c
[82/99] Compiling bin/vc/hts_engine_API/HTS_sstream.c
[83/99] Compiling lib/agexp.c
[84/99] Compiling lib/cholesky.c
[85/99] Compiling lib/fileio.c
[86/99] Compiling lib/fillz.c
[87/99] Compiling lib/getfp.c
[88/99] Compiling lib/getmem.c
[89/99] Compiling lib/gexp.c
[90/99] Compiling lib/glog.c
[91/99] Compiling lib/invert.c
[92/99] Compiling lib/matrix.c
[93/99] Compiling lib/movem.c
[94/99] Compiling lib/mseq.c
[95/99] Compiling lib/theq.c
[96/99] Compiling lib/toeplitz.c
[97/99] Compiling SPTK.pc.in
../lib/theq.c: In function ‘inverse’:
../lib/theq.c:99:4: warning: implicit declaration of function ‘isnan’ [-Wimplicit-function-declaration]
    if ((fabs(det) < eps) || isnan(det)) {
    ^

[98/99] Linking build/bin/libSPTK.so
[99/99] Symlinking build/bin/libSPTK.so
Waf: Leaving directory `/home/vagrant/.julia/v0.7/SPTK/deps/src/SPTK-3.8.9/build'
'build' finished successfully (4.106s)
INFO: Changing directory to /home/vagrant/.julia/v0.7/SPTK/deps/src/SPTK-3.8.9
Waf: Entering directory `/home/vagrant/.julia/v0.7/SPTK/deps/src/SPTK-3.8.9/build'
+ install /home/vagrant/.julia/v0.7/SPTK/deps/usr/include/SPTK/SPTK.h (from include/SPTK.h)
+ install /home/vagrant/.julia/v0.7/SPTK/deps/usr/lib/libSPTK.so.3.8.9 (from build/bin/libSPTK.so)
+ symlink /home/vagrant/.julia/v0.7/SPTK/deps/usr/lib/libSPTK.so (to libSPTK.so.3.8.9)
+ symlink /home/vagrant/.julia/v0.7/SPTK/deps/usr/lib/libSPTK.so.3 (to libSPTK.so.3.8.9)
+ install /home/vagrant/.julia/v0.7/SPTK/deps/usr/lib/pkgconfig/SPTK.pc (from build/SPTK.pc)
Waf: Leaving directory `/home/vagrant/.julia/v0.7/SPTK/deps/src/SPTK-3.8.9/build'
'install' finished successfully (0.106s)
[ Info: Package database updated
┌ Info: METADATA is out-of-date — you may not have the latest version of SPTK
└ Use `Pkg.update()` to get the latest versions of your packages

>>> 'Pkg.test("SPTK")' log
Julia Version 0.7.0-DEV.3519
Commit 5ecba29832 (2018-01-22 20:58 UTC)
Platform Info:
  OS: Linux (x86_64-pc-linux-gnu)
      Ubuntu 14.04.5 LTS
  uname: Linux 3.13.0-135-generic #184-Ubuntu SMP Wed Oct 18 11:55:51 UTC 2017 x86_64 x86_64
  CPU: Intel(R) Xeon(R) CPU E3-1241 v3 @ 3.50GHz: 
              speed         user         nice          sys         idle          irq
       #1  3500 MHz    3228692 s       6736 s     164836 s    1046816 s         57 s
       #2  3500 MHz     831574 s         94 s      68252 s    4215231 s          0 s
       
  Memory: 2.93927001953125 GB (1090.1953125 MB free)
  Uptime: 52015.0 sec
  Load Avg:  1.15087890625  1.015625  1.029296875
  WORD_SIZE: 64
  LIBM: libopenlibm
  LLVM: libLLVM-3.9.1 (ORCJIT, haswell)
Environment:
  TERM = vt100
  LD_LIBRARY_PATH = :/usr/local/lib/
  PATH = /usr/local/sbin:/usr/local/bin:/usr/sbin:/usr/bin:/sbin:/bin:/usr/games:/usr/local/games:/home/vagrant/julia/bin/
  JAVA_HOME = /usr/lib/jvm/java-8-openjdk-amd64
  HOME = /home/vagrant
Packages:
  Package Directory: /home/vagrant/.julia/v0.7
  Package Status:
2 required packages:
 - JSON                          0.16.4
 - SPTK                          0.2.1
6 additional packages:
 - BinDeps                       0.8.6
 - Compat                        0.49.0
 - Nullables                     0.0.3
 - SHA                           0.5.3
 - URIParser                     0.3.0
 - tmpoFILxC                     0.0.0-             non-repo (unregistered)
[ Info: Testing SPTK
WARNING: importing deprecated binding Base.Void into SPTK.
WARNING: Base.Void is deprecated, use Nothing instead.
  likely near /home/vagrant/.julia/v0.7/SPTK/src/conversions.jl:5
WARNING: Base.Void is deprecated, use Nothing instead.
  likely near /home/vagrant/.julia/v0.7/SPTK/src/conversions.jl:21
WARNING: Base.Void is deprecated, use Nothing instead.
  likely near /home/vagrant/.julia/v0.7/SPTK/src/conversions.jl:69
WARNING: Base.Void is deprecated, use Nothing instead.
  likely near /home/vagrant/.julia/v0.7/SPTK/src/conversions.jl:83
WARNING: Base.Void is deprecated, use Nothing instead.
  likely near /home/vagrant/.julia/v0.7/SPTK/src/conversions.jl:101
WARNING: Base.Void is deprecated, use Nothing instead.
  likely near /home/vagrant/.julia/v0.7/SPTK/src/conversions.jl:118
WARNING: Base.Void is deprecated, use Nothing instead.
  likely near /home/vagrant/.julia/v0.7/SPTK/src/conversions.jl:133
WARNING: Base.Void is deprecated, use Nothing instead.
  likely near /home/vagrant/.julia/v0.7/SPTK/src/conversions.jl:148
WARNING: Base.Void is deprecated, use Nothing instead.
  likely near /home/vagrant/.julia/v0.7/SPTK/src/conversions.jl:163
WARNING: Base.Void is deprecated, use Nothing instead.
  likely near /home/vagrant/.julia/v0.7/SPTK/src/conversions.jl:178
WARNING: Base.Void is deprecated, use Nothing instead.
  likely near /home/vagrant/.julia/v0.7/SPTK/src/conversions.jl:190
WARNING: Base.Void is deprecated, use Nothing instead.
  likely near /home/vagrant/.julia/v0.7/SPTK/src/conversions.jl:201
WARNING: Base.Void is deprecated, use Nothing instead.
  likely near /home/vagrant/.julia/v0.7/SPTK/src/conversions.jl:221
WARNING: Base.Void is deprecated, use Nothing instead.
  likely near /home/vagrant/.julia/v0.7/SPTK/src/conversions.jl:235
WARNING: Base.Void is deprecated, use Nothing instead.
  likely near /home/vagrant/.julia/v0.7/SPTK/src/conversions.jl:259
WARNING: Base.Void is deprecated, use Nothing instead.
  likely near /home/vagrant/.julia/v0.7/SPTK/src/conversions.jl:277
WARNING: Base.Void is deprecated, use Nothing instead.
  likely near /home/vagrant/.julia/v0.7/SPTK/src/conversions.jl:295
WARNING: Base.Void is deprecated, use Nothing instead.
  likely near /home/vagrant/.julia/v0.7/SPTK/src/conversions.jl:314
WARNING: Base.Void is deprecated, use Nothing instead.
  likely near /home/vagrant/.julia/v0.7/SPTK/src/conversions.jl:333
WARNING: Base.Void is deprecated, use Nothing instead.
  likely near /home/vagrant/.julia/v0.7/SPTK/src/conversions.jl:360
WARNING: Base.Void is deprecated, use Nothing instead.
  likely near /home/vagrant/.julia/v0.7/SPTK/src/conversions.jl:385
WARNING: Base.Void is deprecated, use Nothing instead.
  likely near /home/vagrant/.julia/v0.7/SPTK/src/excite.jl:3
WARNING: Base.Void is deprecated, use Nothing instead.
  likely near /home/vagrant/.julia/v0.7/SPTK/src/f0.jl:5
WARNING: Base.Void is deprecated, use Nothing instead.
  likely near /home/vagrant/.julia/v0.7/SPTK/src/mfcc.jl:4
WARNING: Base.Void is deprecated, use Nothing instead.
  likely near /home/vagrant/.julia/v0.7/SPTK/src/mgcep.jl:98
WARNING: Base.Void is deprecated, use Nothing instead.
  likely near /home/vagrant/.julia/v0.7/SPTK/src/mgcep.jl:98
WARNING: Base.Void is deprecated, use Nothing instead.
  likely near /home/vagrant/.julia/v0.7/SPTK/src/mgcep.jl:98
WARNING: Base.Void is deprecated, use Nothing instead.
  likely near /home/vagrant/.julia/v0.7/SPTK/src/mgcep.jl:213
WARNING: Base.Void is deprecated, use Nothing instead.
  likely near /home/vagrant/.julia/v0.7/SPTK/src/utils.jl:4
┌ Warning: Deprecated syntax `immutable` at /home/vagrant/.julia/v0.7/SPTK/src/window.jl:3.
│ Use `struct` instead.
└ @ nothing window.jl:3
WARNING: Base.Test is deprecated, run `using Test` instead.
  likely near /home/vagrant/.julia/v0.7/SPTK/test/runtests.jl:2
┌ Warning: Deprecated syntax `catch @test # /home/vagrant/.julia/v0.7/SPTK/test/common.jl, line 4 false` at /home/vagrant/.julia/v0.7/SPTK/test/common.jl:4.
│ Use `catch; @test # /home/vagrant/.julia/v0.7/SPTK/test/common.jl, line 4 false` instead.
└ @ nothing common.jl:4
┌ Warning: Deprecated syntax `catch @test # /home/vagrant/.julia/v0.7/SPTK/test/common.jl, line 5 false` at /home/vagrant/.julia/v0.7/SPTK/test/common.jl:5.
│ Use `catch; @test # /home/vagrant/.julia/v0.7/SPTK/test/common.jl, line 5 false` instead.
└ @ nothing common.jl:5
┌ Warning: Deprecated syntax `catch @test # /home/vagrant/.julia/v0.7/SPTK/test/common.jl, line 10 false` at /home/vagrant/.julia/v0.7/SPTK/test/common.jl:10.
│ Use `catch; @test # /home/vagrant/.julia/v0.7/SPTK/test/common.jl, line 10 false` instead.
└ @ nothing common.jl:10
┌ Warning: Deprecated syntax `catch @test # /home/vagrant/.julia/v0.7/SPTK/test/common.jl, line 11 false` at /home/vagrant/.julia/v0.7/SPTK/test/common.jl:11.
│ Use `catch; @test # /home/vagrant/.julia/v0.7/SPTK/test/common.jl, line 11 false` instead.
└ @ nothing common.jl:11
┌ Warning: Deprecated syntax `catch @test # /home/vagrant/.julia/v0.7/SPTK/test/common.jl, line 16 false` at /home/vagrant/.julia/v0.7/SPTK/test/common.jl:16.
│ Use `catch; @test # /home/vagrant/.julia/v0.7/SPTK/test/common.jl, line 16 false` instead.
└ @ nothing common.jl:16
┌ Warning: Deprecated syntax `catch @test # /home/vagrant/.julia/v0.7/SPTK/test/common.jl, line 17 false` at /home/vagrant/.julia/v0.7/SPTK/test/common.jl:17.
│ Use `catch; @test # /home/vagrant/.julia/v0.7/SPTK/test/common.jl, line 17 false` instead.
└ @ nothing common.jl:17
┌ Warning: Deprecated syntax `parametric method syntax fill_toeplitz!{T}(A::AbstractMatrix{T}, t::AbstractVector{T})` around /home/vagrant/.julia/v0.7/SPTK/test/lib.jl:30.
│ Use `fill_toeplitz!(A::AbstractMatrix{T}, t::AbstractVector{T}) where T` instead.
└ @ nothing lib.jl:30
┌ Warning: Deprecated syntax `parametric method syntax fill_hankel!{T}(A::AbstractMatrix{T}, h::AbstractVector{T})` around /home/vagrant/.julia/v0.7/SPTK/test/lib.jl:38.
│ Use `fill_hankel!(A::AbstractMatrix{T}, h::AbstractVector{T}) where T` instead.
└ @ nothing lib.jl:38
test library routines
-- test_agexp
-- test_gexp
-- test_glog
-- test_mseq
-- test_theq
ERROR: LoadError: LoadError: Base.srand has been moved to the standard library package Random.
Restart Julia and then run `using Random` to load it.
Stacktrace:
 [1] error(::Function, ::String, ::String, ::String, ::String, ::String, ::String) at ./error.jl:42
 [2] #srand#915 at ./deprecated.jl:138 [inlined]
 [3] srand at ./deprecated.jl:138 [inlined]
 [4] test_theq() at /home/vagrant/.julia/v0.7/SPTK/test/lib.jl:48
 [5] top-level scope
 [6] include at ./boot.jl:292 [inlined]
 [7] include_relative(::Module, ::String) at ./loading.jl:1011
 [8] include(::Module, ::String) at ./sysimg.jl:26
 [9] include(::String) at ./sysimg.jl:65
 [10] top-level scope at ./<missing>:118
 [11] include at ./boot.jl:292 [inlined]
 [12] include_relative(::Module, ::String) at ./loading.jl:1011
 [13] include(::Module, ::String) at ./sysimg.jl:26
 [14] process_options(::Base.JLOptions) at ./client.jl:334
 [15] _start() at ./client.jl:386
in expression starting at /home/vagrant/.julia/v0.7/SPTK/test/lib.jl:136
in expression starting at /home/vagrant/.julia/v0.7/SPTK/test/runtests.jl:104
┌ Error: ------------------------------------------------------------
│ # Testing failed for SPTK
│   exception =
│    failed process: Process(`/home/vagrant/julia/bin/julia -Cnative -J/home/vagrant/julia/lib/julia/sys.so --compile=yes --depwarn=yes --code-coverage=none --color=no --compiled-modules=yes --check-bounds=yes --warn-overwrite=yes --startup-file=yes /home/vagrant/.julia/v0.7/SPTK/test/runtests.jl`, ProcessExited(1)) [1]
│    Stacktrace:
│     [1] error(::String, ::Base.Process, ::String, ::Int64, ::String) at ./error.jl:42
│     [2] pipeline_error(::Base.Process) at ./process.jl:698
│     [3] run(::Cmd) at ./process.jl:660
│     [4] (::getfield(Base.Pkg.Entry, Symbol("##89#92")){Bool,String,Array{AbstractString,1}})() at ./pkg/entry.jl:729
│     [5] cd(::getfield(Base.Pkg.Entry, Symbol("##89#92")){Bool,String,Array{AbstractString,1}}, ::String) at ./file.jl:70
│     [6] #test!#88(::Bool, ::Function, ::String, ::Array{AbstractString,1}, ::Array{AbstractString,1}, ::Array{AbstractString,1}) at ./pkg/entry.jl:717
│     [7] (::getfield(Base.Pkg.Entry, Symbol("#kw##test!")))(::NamedTuple{(:coverage,),Tuple{Bool}}, ::typeof(Base.Pkg.Entry.test!), ::String, ::Array{AbstractString,1}, ::Array{AbstractString,1}, ::Array{AbstractString,1}) at ./<missing>:0
│     [8] #test#96(::Bool, ::Function, ::Array{AbstractString,1}) at ./pkg/entry.jl:756
│     [9] (::getfield(Base.Pkg.Entry, Symbol("#kw##test")))(::NamedTuple{(:coverage,),Tuple{Bool}}, ::typeof(Base.Pkg.Entry.test), ::Array{AbstractString,1}) at ./<missing>:0
│     [10] (::getfield(Base.Pkg.Dir, Symbol("##4#7")){Base.Iterators.IndexValue{Symbol,Bool,Tuple{Symbol},NamedTuple{(:coverage,),Tuple{Bool}}},typeof(Base.Pkg.Entry.test),Tuple{Array{AbstractString,1}}})() at ./pkg/dir.jl:36
│     [11] cd(::getfield(Base.Pkg.Dir, Symbol("##4#7")){Base.Iterators.IndexValue{Symbol,Bool,Tuple{Symbol},NamedTuple{(:coverage,),Tuple{Bool}}},typeof(Base.Pkg.Entry.test),Tuple{Array{AbstractString,1}}}, ::String) at ./file.jl:70
│     [12] #cd#1(::Base.Iterators.IndexValue{Symbol,Bool,Tuple{Symbol},NamedTuple{(:coverage,),Tuple{Bool}}}, ::Function, ::Function, ::Array{AbstractString,1}, ::Vararg{Array{AbstractString,1},N} where N) at ./pkg/dir.jl:36
│     [13] (::getfield(Base.Pkg.Dir, Symbol("#kw##cd")))(::NamedTuple{(:coverage,),Tuple{Bool}}, ::typeof(Base.Pkg.Dir.cd), ::Function, ::Array{AbstractString,1}, ::Vararg{Array{AbstractString,1},N} where N) at ./<missing>:0
│     [14] #test#3(::Bool, ::Function, ::String, ::Vararg{String,N} where N) at ./pkg/pkg.jl:274
│     [15] test(::String, ::Vararg{String,N} where N) at ./pkg/pkg.jl:274
│     [16] top-level scope
│     [17] eval at ./boot.jl:295 [inlined]
│     [18] eval(::Module, ::Expr) at ./sysimg.jl:71
│     [19] process_options(::Base.JLOptions) at ./client.jl:311
│     [20] _start() at ./client.jl:386
└ @ Base.Pkg.Entry entry.jl:732
ERROR: SPTK had test errors

>>> End of log
