>>> 'Pkg.add("StackTraces")' log
INFO: Installing StackTraces v0.1.1
INFO: Package database updated
INFO: METADATA is out-of-date — you may not have the latest version of StackTraces
INFO: Use `Pkg.update()` to get the latest versions of your packages

>>> 'Pkg.test("StackTraces")' log
Julia Version 0.6.0-dev.1897
Commit 8563fc5 (2017-01-04 09:23 UTC)
Platform Info:
  OS: Linux (x86_64-pc-linux-gnu)
  CPU: Intel(R) Xeon(R) CPU E3-1241 v3 @ 3.50GHz
  WORD_SIZE: 64
           Ubuntu 14.04.5 LTS
  uname: Linux 3.13.0-105-generic #152-Ubuntu SMP Fri Dec 2 15:37:11 UTC 2016 x86_64 x86_64
Memory: 2.9392738342285156 GB (1136.17578125 MB free)
Uptime: 23375.0 sec
Load Avg:  0.9970703125  0.9853515625  1.029296875
Intel(R) Xeon(R) CPU E3-1241 v3 @ 3.50GHz: 
       speed         user         nice          sys         idle          irq
#1  3499 MHz    1427582 s         67 s     128860 s     502033 s         54 s
#2  3499 MHz     404280 s         85 s      67981 s    1804916 s          0 s

  BLAS: libopenblas (USE64BITINT DYNAMIC_ARCH NO_AFFINITY Nehalem)
  LAPACK: libopenblas64_
  LIBM: libopenlibm
  LLVM: libLLVM-3.9.1 (ORCJIT, haswell)
Environment:
  TERM = vt100
  LD_LIBRARY_PATH = :/usr/local/lib/
  PATH = /usr/local/sbin:/usr/local/bin:/usr/sbin:/usr/bin:/sbin:/bin:/usr/games:/usr/local/games:/home/vagrant/julia/bin/
  JAVA_HOME = /usr/lib/jvm/java-7-oracle
  HOME = /home/vagrant

Package Directory: /home/vagrant/.julia/v0.6
2 required packages:
 - JSON                          0.8.0
 - StackTraces                   0.1.1
18 additional packages:
 - BinDeps                       0.4.5
 - Calculus                      0.1.15
 - Compat                        0.10.0
 - Distributions                 0.11.1
 - GenerativeModels              0.0.0-             master (unregistered)
 - Iterators                     0.2.0
 - LaTeXStrings                  0.2.0
 - PDMats                        0.5.2
 - POMDPBounds                   0.0.0-             master (unregistered)
 - POMDPModels                   0.0.0-             master (unregistered)
 - POMDPToolbox                  0.0.0-             master (unregistered)
 - POMDPs                        0.4.0
 - Rmath                         0.1.5
 - SHA                           0.3.0
 - StatsBase                     0.11.1
 - StatsFuns                     0.3.1
 - TikzPictures                  0.3.5
 - URIParser                     0.1.6
INFO: Computing test dependencies for StackTraces...
INFO: Installing FactCheck v0.4.3
INFO: Testing StackTraces
WARNING: StackTraces.jl is deprecated. Please use Base.stacktrace() and Base.catch_stacktrace() instead.

  > basic
    Error :: (line:272) :: basic
      Expression: [:child,:parent,:grandparent] --> [f.func for f = stack[1:3]]
      BoundsError: attempt to access 0-element Array{StackTraces.StackFrame,1} at index [1:3]
      Stacktrace:
       [1] throw_boundserror(::Array{StackTraces.StackFrame,1}, ::Tuple{UnitRange{Int64}}) at ./abstractarray.jl:335
       [2] checkbounds at ./abstractarray.jl:292 [inlined]
       [3] getindex at ./array.jl:457 [inlined]
       [4] (::##3#72{Array{StackTraces.StackFrame,1}})(::Array{Symbol,1}) at /home/vagrant/.julia/v0.6/FactCheck/src/FactCheck.jl:260
       [5] do_fact(::##7#76{##3#72{Array{StackTraces.StackFrame,1}}}, ::Expr, ::Symbol, ::FactCheck.ResultMetadata) at /home/vagrant/.julia/v0.6/FactCheck/src/FactCheck.jl:334
       [6] macro expansion at /home/vagrant/.julia/v0.6/FactCheck/src/FactCheck.jl:272 [inlined]
       [7] (::##2#71)() at /home/vagrant/.julia/v0.6/StackTraces/test/runtests.jl:25
       [8] context(::##2#71, ::String) at /home/vagrant/.julia/v0.6/FactCheck/src/FactCheck.jl:475
       [9] (::##1#70)() at /home/vagrant/.julia/v0.6/StackTraces/test/runtests.jl:24
       [10] facts(::##1#70, ::Void) at /home/vagrant/.julia/v0.6/FactCheck/src/FactCheck.jl:449
       [11] facts(::Function) at /home/vagrant/.julia/v0.6/FactCheck/src/FactCheck.jl:462
       [12] include_from_node1(::String) at ./loading.jl:532
       [13] include(::String) at ./sysimg.jl:14
       [14] process_options(::Base.JLOptions) at ./client.jl:298
       [15] _start() at ./client.jl:364
ERROR: LoadError: BoundsError: attempt to access 0-element Array{StackTraces.StackFrame,1} at index [1:3]
Stacktrace:
 [1] throw_boundserror(::Array{StackTraces.StackFrame,1}, ::Tuple{UnitRange{Int64}}) at ./abstractarray.jl:335
 [2] checkbounds at ./abstractarray.jl:292 [inlined]
 [3] getindex at ./array.jl:457 [inlined]
 [4] (::##2#71)() at /home/vagrant/.julia/v0.6/StackTraces/test/runtests.jl:27
 [5] context(::##2#71, ::String) at /home/vagrant/.julia/v0.6/FactCheck/src/FactCheck.jl:475
 [6] (::##1#70)() at /home/vagrant/.julia/v0.6/StackTraces/test/runtests.jl:24
 [7] facts(::##1#70, ::Void) at /home/vagrant/.julia/v0.6/FactCheck/src/FactCheck.jl:449
 [8] facts(::Function) at /home/vagrant/.julia/v0.6/FactCheck/src/FactCheck.jl:462
 [9] include_from_node1(::String) at ./loading.jl:532
 [10] include(::String) at ./sysimg.jl:14
 [11] process_options(::Base.JLOptions) at ./client.jl:298
 [12] _start() at ./client.jl:364
while loading /home/vagrant/.julia/v0.6/StackTraces/test/runtests.jl, in expression starting on line 23
=============================[ ERROR: StackTraces ]=============================

failed process: Process(`/home/vagrant/julia/bin/julia -Cx86-64 -J/home/vagrant/julia/lib/julia/sys.so --compile=yes --depwarn=yes --check-bounds=yes --code-coverage=none --color=no --compilecache=yes /home/vagrant/.julia/v0.6/StackTraces/test/runtests.jl`, ProcessExited(1)) [1]

================================================================================
INFO: Removing FactCheck v0.4.3
ERROR: StackTraces had test errors
Stacktrace:
 [1] #test#61(::Bool, ::Function, ::Array{AbstractString,1}) at ./pkg/entry.jl:754
 [2] (::Base.Pkg.Entry.#kw##test)(::Array{Any,1}, ::Base.Pkg.Entry.#test, ::Array{AbstractString,1}) at ./<missing>:0
 [3] (::Base.Pkg.Dir.##2#3{Array{Any,1},Base.Pkg.Entry.#test,Tuple{Array{AbstractString,1}}})() at ./pkg/dir.jl:31
 [4] cd(::Base.Pkg.Dir.##2#3{Array{Any,1},Base.Pkg.Entry.#test,Tuple{Array{AbstractString,1}}}, ::String) at ./file.jl:69
 [5] #cd#1(::Array{Any,1}, ::Function, ::Function, ::Array{AbstractString,1}, ::Vararg{Array{AbstractString,1},N}) at ./pkg/dir.jl:31
 [6] (::Base.Pkg.Dir.#kw##cd)(::Array{Any,1}, ::Base.Pkg.Dir.#cd, ::Function, ::Array{AbstractString,1}, ::Vararg{Array{AbstractString,1},N}) at ./<missing>:0
 [7] #test#3(::Bool, ::Function, ::String, ::Vararg{String,N}) at ./pkg/pkg.jl:261
 [8] test(::String, ::Vararg{String,N}) at ./pkg/pkg.jl:261
 [9] eval(::Module, ::Any) at ./boot.jl:236
 [10] process_options(::Base.JLOptions) at ./client.jl:275
 [11] _start() at ./client.jl:364

>>> End of log
