>>> 'Pkg.add("StatsdClient")' log
INFO: Installing StatsdClient v0.0.1
INFO: Package database updated

>>> 'using StatsdClient' log
Julia Version 0.4.0-dev+291
Commit 954d16f (2014-08-21 19:01 UTC)
Platform Info:
  System: Linux (x86_64-unknown-linux-gnu)
  CPU: Intel(R) Xeon(R) CPU E5-2650 0 @ 2.00GHz
  WORD_SIZE: 64
  BLAS: libopenblas (USE64BITINT DYNAMIC_ARCH NO_AFFINITY Sandybridge)
  LAPACK: libopenblas
  LIBM: libopenlibm
  LLVM: libLLVM-3.3

>>> test log
test.increment:1|c:test.increment:1|c
test.decrement:-1|c:test.decrement:-1|c
test.count:412|c:test.count:412|c
test.timing:38|ms:test.timing:38|ms
test.gauge:123|g:test.gauge:123|g
test.set:7623|s:test.set:7623|s

>>> end of log
