>>> 'Pkg.add("StatsFuns")' log
[ Info: Installing BinDeps v0.8.6
[ Info: Installing Rmath v0.3.2
[ Info: Installing SHA v0.5.6
[ Info: Installing SpecialFunctions v0.3.8
[ Info: Installing StatsFuns v0.5.0
[ Info: Installing URIParser v0.3.0
[ Info: Building Rmath
┌ Warning: `isalnum(c::Char)` is deprecated, use `isalpha(c) || isnumeric(c)` instead.
│   caller = is_userinfo_char at parser.jl:4 [inlined]
└ @ Core parser.jl:4
┌ Warning: `isalnum(c::Char)` is deprecated, use `isalpha(c) || isnumeric(c)` instead.
│   caller = is_host_char at parser.jl:8 [inlined]
└ @ Core parser.jl:8
┌ Warning: `isalnum(c::Char)` is deprecated, use `isalpha(c) || isnumeric(c)` instead.
│   caller = is_host_char at parser.jl:8 [inlined]
└ @ Core parser.jl:8
WARNING: importing deprecated binding Base.Associative into BinDeps.
WARNING: Base.Associative is deprecated, use AbstractDict instead.
  likely near /home/vagrant/.julia/v0.7/Rmath/deps/build.jl:47
in @install at /home/vagrant/.julia/v0.7/BinDeps/src/dependencies.jl
[ Info: Building SpecialFunctions
┌ Warning: `isalnum(c::Char)` is deprecated, use `isalpha(c) || isnumeric(c)` instead.
│   caller = is_userinfo_char at parser.jl:4 [inlined]
└ @ Core parser.jl:4
┌ Warning: `isalnum(c::Char)` is deprecated, use `isalpha(c) || isnumeric(c)` instead.
│   caller = is_host_char at parser.jl:8 [inlined]
└ @ Core parser.jl:8
┌ Warning: `isalnum(c::Char)` is deprecated, use `isalpha(c) || isnumeric(c)` instead.
│   caller = is_host_char at parser.jl:8 [inlined]
└ @ Core parser.jl:8
WARNING: importing deprecated binding Base.Associative into BinDeps.
WARNING: Base.Associative is deprecated, use AbstractDict instead.
  likely near /home/vagrant/.julia/v0.7/SpecialFunctions/deps/binaries.jl:44
in @install at /home/vagrant/.julia/v0.7/BinDeps/src/dependencies.jl
[ Info: Package database updated
┌ Info: METADATA is out-of-date — you may not have the latest version of StatsFuns
└ Use `Pkg.update()` to get the latest versions of your packages

>>> 'Pkg.test("StatsFuns")' log
Julia Version 0.7.0-DEV.3583
Commit 7d3991f784 (2018-01-26 19:00 UTC)
Platform Info:
  OS: Linux (x86_64-pc-linux-gnu)
      Ubuntu 14.04.5 LTS
  uname: Linux 3.13.0-135-generic #184-Ubuntu SMP Wed Oct 18 11:55:51 UTC 2017 x86_64 x86_64
  CPU: Intel(R) Xeon(R) CPU E3-1241 v3 @ 3.50GHz: 
              speed         user         nice          sys         idle          irq
       #1  3499 MHz    3326649 s         98 s     162397 s     867059 s         42 s
       #2  3499 MHz     734608 s       7450 s      62407 s    4231146 s          0 s
       
  Memory: 2.93927001953125 GB (1010.09375 MB free)
  Uptime: 51147.0 sec
  Load Avg:  0.9970703125  0.9853515625  0.95458984375
  WORD_SIZE: 64
  LIBM: libopenlibm
  LLVM: libLLVM-3.9.1 (ORCJIT, haswell)
Environment:
  TERM = vt100
  LD_LIBRARY_PATH = :/usr/local/lib/
  PATH = /usr/local/sbin:/usr/local/bin:/usr/sbin:/usr/bin:/sbin:/bin:/usr/games:/usr/local/games:/home/vagrant/julia/bin/
  JAVA_HOME = /usr/lib/jvm/java-8-openjdk-amd64
  HOME = /home/vagrant
Packages:
  Package Directory: /home/vagrant/.julia/v0.7
  Package Status:
2 required packages:
 - JSON                          0.16.4
 - StatsFuns                     0.5.0
8 additional packages:
 - BinDeps                       0.8.6
 - Compat                        0.49.0
 - Nullables                     0.0.3
 - Rmath                         0.3.2
 - SHA                           0.5.6
 - SpecialFunctions              0.3.8
 - URIParser                     0.3.0
 - tmpJpLd7f                     0.0.0-             non-repo (unregistered)
[ Info: Computing test dependencies for StatsFuns...
[ Info: Installing CommonSubexpressions v0.0.1
[ Info: Installing DiffResults v0.0.3
[ Info: Installing DiffRules v0.0.3
[ Info: Installing ForwardDiff v0.7.2
[ Info: Installing NaNMath v0.3.0
[ Info: Installing StaticArrays v0.6.6
[ Info: Building SpecialFunctions
┌ Warning: `isalnum(c::Char)` is deprecated, use `isalpha(c) || isnumeric(c)` instead.
│   caller = is_userinfo_char at parser.jl:4 [inlined]
└ @ Core parser.jl:4
┌ Warning: `isalnum(c::Char)` is deprecated, use `isalpha(c) || isnumeric(c)` instead.
│   caller = is_host_char at parser.jl:8 [inlined]
└ @ Core parser.jl:8
┌ Warning: `isalnum(c::Char)` is deprecated, use `isalpha(c) || isnumeric(c)` instead.
│   caller = is_host_char at parser.jl:8 [inlined]
└ @ Core parser.jl:8
WARNING: importing deprecated binding Base.Associative into BinDeps.
WARNING: Base.Associative is deprecated, use AbstractDict instead.
  likely near /home/vagrant/.julia/v0.7/SpecialFunctions/deps/binaries.jl:44
in @install at /home/vagrant/.julia/v0.7/BinDeps/src/dependencies.jl
[ Info: Testing StatsFuns
* running basicfuns.jl
WARNING: Base.Test is deprecated, run `using Test` instead.
  likely near /home/vagrant/.julia/v0.7/StatsFuns/test/basicfuns.jl:2
	testing xlogx & xlogy ...
	testing logistic & logit ...
	testing log1psq ...
	testing log1pexp ...
	testing log1mexp ...
	testing log2mexp ...
	testing logexpm1 ...
	testing log1pmx ...
	testing logmxp1 ...
	testing logsumexp ...
	testing softmax ...
┌ Warning: `Array{T}(d::NTuple{N, Int}) where {T, N}` is deprecated, use `Array{T}(uninitialized, d)` instead.
│   caller = softmax(::Array{Float64,1}) at basicfuns.jl:157
└ @ StatsFuns basicfuns.jl:157
* running rmath.jl
WARNING: Base.Test is deprecated, run `using Test` instead.
  likely near /home/vagrant/.julia/v0.7/StatsFuns/test/rmath.jl:2
	testing beta ...
┌ Warning: `parse(str::AbstractString; kwargs...)` is deprecated, use `Meta.parse(str; kwargs...)` instead.
│   caller = get_rmathfun(::String) at rmath.jl:28
└ @ Main rmath.jl:28
	testing binom ...
	testing chisq ...
	testing fdist ...
	testing gamma ...
	testing hyper ...
	testing nbeta ...
	testing nbinom ...
	testing nchisq ...
	testing nfdist ...
	testing norm ...
	testing ntdist ...
	testing pois ...
	testing tdist ...
* running generic.jl
WARNING: importing deprecated binding Base.AbstractRNG into ForwardDiff.
WARNING: Base.AbstractRNG is deprecated: it has been moved to the standard library package `Random`.
Add a `using Random` to your imports..
  likely near /home/vagrant/.julia/v0.7/ForwardDiff/src/partials.jl:45
WARNING: Base.AbstractRNG is deprecated: it has been moved to the standard library package `Random`.
Add a `using Random` to your imports..
  likely near /home/vagrant/.julia/v0.7/ForwardDiff/src/partials.jl:46
WARNING: Base.AbstractRNG is deprecated: it has been moved to the standard library package `Random`.
Add a `using Random` to your imports..
  likely near /home/vagrant/.julia/v0.7/ForwardDiff/src/partials.jl:162
WARNING: Base.AbstractRNG is deprecated: it has been moved to the standard library package `Random`.
Add a `using Random` to your imports..
  likely near /home/vagrant/.julia/v0.7/ForwardDiff/src/partials.jl:190
WARNING: Base.AbstractRNG is deprecated: it has been moved to the standard library package `Random`.
Add a `using Random` to your imports..
  likely near /home/vagrant/.julia/v0.7/ForwardDiff/src/dual.jl:255
WARNING: Base.AbstractRNG is deprecated: it has been moved to the standard library package `Random`.
Add a `using Random` to your imports..
  likely near /home/vagrant/.julia/v0.7/ForwardDiff/src/dual.jl:256
	testing beta ...
	testing chisq ...
	testing fdist ...
	testing gamma ...
	testing norm ...
	testing tdist ...
[ Info: StatsFuns tests passed
[ Info: Removing CommonSubexpressions v0.0.1
[ Info: Removing DiffResults v0.0.3
[ Info: Removing DiffRules v0.0.3
[ Info: Removing ForwardDiff v0.7.2
[ Info: Removing NaNMath v0.3.0
[ Info: Removing StaticArrays v0.6.6

>>> End of log
