>>> 'Pkg.add("StatFiles")' log
INFO: Cloning cache of StatFiles from https://github.com/davidanthoff/StatFiles.jl.git
INFO: Installing BinDeps v0.6.0
INFO: Installing CategoricalArrays v0.1.4
INFO: Installing DataArrays v0.5.3
INFO: Installing DataFrames v0.10.0
INFO: Installing DataStreams v0.1.3
INFO: Installing DataStructures v0.5.3
INFO: Installing DataTables v0.0.3
INFO: Installing DataValues v0.1.0
INFO: Installing FileIO v0.3.1
INFO: Installing GZip v0.3.0
INFO: Installing IterableTables v0.3.0
INFO: Installing NamedTuples v4.0.0
INFO: Installing NullableArrays v0.1.1
INFO: Installing ReadStat v0.1.1
INFO: Installing Reexport v0.0.3
INFO: Installing Requires v0.4.3
INFO: Installing SHA v0.3.3
INFO: Installing SortingAlgorithms v0.1.1
INFO: Installing SpecialFunctions v0.1.1
INFO: Installing StatFiles v0.0.1
INFO: Installing StatsBase v0.16.0
INFO: Installing URIParser v0.1.8
INFO: Installing WeakRefStrings v0.2.0
INFO: Building DataValues
INFO: Building ReadStat
INFO: Package database updated
INFO: METADATA is out-of-date — you may not have the latest version of StatFiles
INFO: Use `Pkg.update()` to get the latest versions of your packages

>>> 'Pkg.test("StatFiles")' log
Julia Version 0.6.0-rc3.0
Commit ad290e9 (2017-06-07 11:53 UTC)
Platform Info:
  OS: Linux (x86_64-pc-linux-gnu)
  CPU: Intel(R) Xeon(R) CPU E3-1241 v3 @ 3.50GHz
  WORD_SIZE: 64
           Ubuntu 14.04.5 LTS
  uname: Linux 3.13.0-119-generic #166-Ubuntu SMP Wed May 3 12:18:55 UTC 2017 x86_64 x86_64
Memory: 2.9392738342285156 GB (1113.84375 MB free)
Uptime: 64728.0 sec
Load Avg:  1.0029296875  1.0146484375  0.97607421875
Intel(R) Xeon(R) CPU E3-1241 v3 @ 3.50GHz: 
       speed         user         nice          sys         idle          irq
#1  3503 MHz    4276717 s       6211 s     192515 s     955370 s         90 s
#2  3503 MHz     972339 s        412 s     100101 s    5269563 s          2 s

  BLAS: libopenblas (USE64BITINT DYNAMIC_ARCH NO_AFFINITY Nehalem)
  LAPACK: libopenblas64_
  LIBM: libopenlibm
  LLVM: libLLVM-3.9.1 (ORCJIT, haswell)
Environment:
  TERM = vt100
  LD_LIBRARY_PATH = :/usr/local/lib/
  PATH = /usr/local/sbin:/usr/local/bin:/usr/sbin:/usr/bin:/sbin:/bin:/usr/games:/usr/local/games:/home/vagrant/julia/bin/
  JAVA_HOME = /usr/lib/jvm/java-7-oracle
  HOME = /home/vagrant

Package Directory: /home/vagrant/.julia/v0.6
2 required packages:
 - JSON                          0.12.0
 - StatFiles                     0.0.1
23 additional packages:
 - BinDeps                       0.6.0
 - CategoricalArrays             0.1.4
 - Compat                        0.26.0
 - DataArrays                    0.5.3
 - DataFrames                    0.10.0
 - DataStreams                   0.1.3
 - DataStructures                0.5.3
 - DataTables                    0.0.3
 - DataValues                    0.1.0
 - FileIO                        0.3.1
 - GZip                          0.3.0
 - IterableTables                0.3.0
 - NamedTuples                   4.0.0
 - NullableArrays                0.1.1
 - ReadStat                      0.1.1
 - Reexport                      0.0.3
 - Requires                      0.4.3
 - SHA                           0.3.3
 - SortingAlgorithms             0.1.1
 - SpecialFunctions              0.1.1
 - StatsBase                     0.16.0
 - URIParser                     0.1.8
 - WeakRefStrings                0.2.0
INFO: Testing StatFiles
StatFiles: Error During Test
  Got an exception of type FileIO.UnknownFormat{FileIO.File{FileIO.DataFormat{:UNKNOWN}}} outside of a @test
  FileIO.File{FileIO.DataFormat{:UNKNOWN}}("/home/vagrant/.julia/v0.6/StatFiles/test/types.dta") couldn't be recognized by FileIO.
  
  Stacktrace:
   [1] #load#17(::Array{Any,1}, ::Function, ::FileIO.File{FileIO.DataFormat{:UNKNOWN}}) at /home/vagrant/.julia/v0.6/FileIO/src/loadsave.jl:77
   [2] load(::FileIO.File{FileIO.DataFormat{:UNKNOWN}}) at /home/vagrant/.julia/v0.6/FileIO/src/loadsave.jl:75
   [3] #load#13(::Array{Any,1}, ::Function, ::String) at /home/vagrant/.julia/v0.6/FileIO/src/loadsave.jl:45
   [4] macro expansion at /home/vagrant/.julia/v0.6/StatFiles/test/runtests.jl:8 [inlined]
   [5] macro expansion at ./test.jl:856 [inlined]
   [6] anonymous at ./<missing>:?
   [7] include_from_node1(::String) at ./loading.jl:569
   [8] include(::String) at ./sysimg.jl:14
   [9] process_options(::Base.JLOptions) at ./client.jl:305
   [10] _start() at ./client.jl:371
Test Summary: | Error  Total
StatFiles     |     1      1
ERROR: LoadError: Some tests did not pass: 0 passed, 0 failed, 1 errored, 0 broken.
while loading /home/vagrant/.julia/v0.6/StatFiles/test/runtests.jl, in expression starting on line 6
==============================[ ERROR: StatFiles ]==============================

failed process: Process(`/home/vagrant/julia/bin/julia -Cx86-64 -J/home/vagrant/julia/lib/julia/sys.so --compile=yes --depwarn=yes --check-bounds=yes --code-coverage=none --color=no --compilecache=yes /home/vagrant/.julia/v0.6/StatFiles/test/runtests.jl`, ProcessExited(1)) [1]

================================================================================
ERROR: StatFiles had test errors

>>> End of log
