>>> 'Pkg.add("SteadyStateDiffEq")' log
INFO: Cloning cache of SteadyStateDiffEq from https://github.com/JuliaDiffEq/SteadyStateDiffEq.jl.git
INFO: Installing Calculus v0.2.2
INFO: Installing CommonSubexpressions v0.0.1
INFO: Installing DataStructures v0.6.1
INFO: Installing DiffBase v0.2.0
INFO: Installing DiffEqBase v1.17.0
INFO: Installing Distances v0.5.0
INFO: Installing ForwardDiff v0.5.0
INFO: Installing Hiccup v0.1.1
INFO: Installing Juno v0.3.0
INFO: Installing LineSearches v2.2.1
INFO: Installing LinearMaps v1.0.0
INFO: Installing MacroTools v0.3.7
INFO: Installing Media v0.3.0
INFO: Installing NLSolversBase v2.1.3
INFO: Installing NLsolve v0.11.0
INFO: Installing NaNMath v0.2.6
INFO: Installing Parameters v0.7.2
INFO: Installing RealInterface v0.0.3
INFO: Installing RecipesBase v0.2.0
INFO: Installing RecursiveArrayTools v0.11.2
INFO: Installing SimpleTraits v0.5.0
INFO: Installing SpecialFunctions v0.2.0
INFO: Installing StaticArrays v0.6.1
INFO: Installing SteadyStateDiffEq v0.1.0
INFO: Package database updated
INFO: METADATA is out-of-date — you may not have the latest version of SteadyStateDiffEq
INFO: Use `Pkg.update()` to get the latest versions of your packages

>>> 'Pkg.test("SteadyStateDiffEq")' log
Julia Version 0.6.0
Commit 9036443 (2017-06-19 13:05 UTC)
Platform Info:
  OS: Linux (x86_64-pc-linux-gnu)
  CPU: Intel(R) Xeon(R) CPU E3-1241 v3 @ 3.50GHz
  WORD_SIZE: 64
           Ubuntu 14.04.5 LTS
  uname: Linux 3.13.0-125-generic #174-Ubuntu SMP Mon Jul 10 18:51:24 UTC 2017 x86_64 x86_64
Memory: 2.9392738342285156 GB (1131.78515625 MB free)
Uptime: 70303.0 sec
Load Avg:  1.0029296875  1.01123046875  0.9599609375
Intel(R) Xeon(R) CPU E3-1241 v3 @ 3.50GHz: 
       speed         user         nice          sys         idle          irq
#1  3499 MHz    4597010 s       7396 s     215813 s    1067958 s         58 s
#2  3499 MHz     993644 s         59 s     119184 s    5772303 s          0 s

  BLAS: libopenblas (USE64BITINT DYNAMIC_ARCH NO_AFFINITY Nehalem)
  LAPACK: libopenblas64_
  LIBM: libopenlibm
  LLVM: libLLVM-3.9.1 (ORCJIT, haswell)
Environment:
  TERM = vt100
  LD_LIBRARY_PATH = :/usr/local/lib/
  PATH = /usr/local/sbin:/usr/local/bin:/usr/sbin:/usr/bin:/sbin:/bin:/usr/games:/usr/local/games:/home/vagrant/julia/bin/
  JAVA_HOME = /usr/lib/jvm/java-8-openjdk-amd64
  HOME = /home/vagrant

Package Directory: /home/vagrant/.julia/v0.6
2 required packages:
 - JSON                          0.13.0
 - SteadyStateDiffEq             0.1.0
24 additional packages:
 - Calculus                      0.2.2
 - CommonSubexpressions          0.0.1
 - Compat                        0.29.0
 - DataStructures                0.6.1
 - DiffBase                      0.2.0
 - DiffEqBase                    1.17.0
 - Distances                     0.5.0
 - ForwardDiff                   0.5.0
 - Hiccup                        0.1.1
 - Juno                          0.3.0
 - LineSearches                  2.2.1
 - LinearMaps                    1.0.0
 - MacroTools                    0.3.7
 - Media                         0.3.0
 - NLSolversBase                 2.1.3
 - NLsolve                       0.11.0
 - NaNMath                       0.2.6
 - Parameters                    0.7.2
 - RealInterface                 0.0.3
 - RecipesBase                   0.2.0
 - RecursiveArrayTools           0.11.2
 - SimpleTraits                  0.5.0
 - SpecialFunctions              0.2.0
 - StaticArrays                  0.6.1
INFO: Computing test dependencies for SteadyStateDiffEq...
INFO: Installing BinDeps v0.7.0
INFO: Installing SHA v0.5.0
INFO: Installing Sundials v0.13.0
INFO: Installing URIParser v0.2.0
INFO: Building Sundials
INFO: Testing SteadyStateDiffEq
ERROR: LoadError: MethodError: no method matching DiffEqBase.SteadyStateProblem{Array{Float64,1},true,#f,UniformScaling{Int64}}(::#f, ::Array{Float64,1}, ::UniformScaling{Int64})
Stacktrace:
 [1] (::DiffEqBase.##call#146#147)(::UniformScaling{Int64}, ::Type{DiffEqBase.SteadyStateProblem{true,isinplace,F,MM} where MM where F where isinplace}, ::Function, ::Array{Float64,1}) at /home/vagrant/.julia/v0.6/DiffEqBase/src/problems/steady_state_problems.jl:7
 [2] DiffEqBase.SteadyStateProblem{true,isinplace,F,MM} where MM where F where isinplace(::Function, ::Array{Float64,1}) at /home/vagrant/.julia/v0.6/DiffEqBase/src/problems/steady_state_problems.jl:7
 [3] #SteadyStateProblem#148(::Array{Any,1}, ::Type{T} where T, ::Function, ::Array{Float64,1}) at /home/vagrant/.julia/v0.6/DiffEqBase/src/problems/steady_state_problems.jl:13
 [4] DiffEqBase.SteadyStateProblem(::Function, ::Array{Float64,1}) at /home/vagrant/.julia/v0.6/DiffEqBase/src/problems/steady_state_problems.jl:12
 [5] include_from_node1(::String) at ./loading.jl:569
 [6] include(::String) at ./sysimg.jl:14
 [7] process_options(::Base.JLOptions) at ./client.jl:305
 [8] _start() at ./client.jl:371
while loading /home/vagrant/.julia/v0.6/SteadyStateDiffEq/test/runtests.jl, in expression starting on line 9
==========================[ ERROR: SteadyStateDiffEq ]==========================

failed process: Process(`/home/vagrant/julia/bin/julia -Cx86-64 -J/home/vagrant/julia/lib/julia/sys.so --compile=yes --depwarn=yes --check-bounds=yes --code-coverage=none --color=no --compilecache=yes /home/vagrant/.julia/v0.6/SteadyStateDiffEq/test/runtests.jl`, ProcessExited(1)) [1]

================================================================================
INFO: Removing BinDeps v0.7.0
INFO: Removing SHA v0.5.0
INFO: Removing Sundials v0.13.0
INFO: Removing URIParser v0.2.0
ERROR: SteadyStateDiffEq had test errors

>>> End of log
