>>> 'Pkg.add("Stochy")' log
[ Info: Cloning cache of Stochy from https://github.com/null-a/Stochy.jl.git @ Base.Pkg.Cache cache.jl:43
[ Info: Installing BinDeps v0.8.2 @ Base.Pkg.Entry entry.jl:543
[ Info: Installing Calculus v0.2.2 @ Base.Pkg.Entry entry.jl:543
[ Info: Installing DataStructures v0.7.4 @ Base.Pkg.Entry entry.jl:543
[ Info: Installing Distributions v0.15.0 @ Base.Pkg.Entry entry.jl:543
[ Info: Installing PDMats v0.8.0 @ Base.Pkg.Entry entry.jl:543
[ Info: Installing QuadGK v0.2.0 @ Base.Pkg.Entry entry.jl:543
[ Info: Installing Rmath v0.3.1 @ Base.Pkg.Entry entry.jl:543
[ Info: Installing SHA v0.5.2 @ Base.Pkg.Entry entry.jl:543
[ Info: Installing SortingAlgorithms v0.2.0 @ Base.Pkg.Entry entry.jl:543
[ Info: Installing SpecialFunctions v0.3.7 @ Base.Pkg.Entry entry.jl:543
[ Info: Installing StatsBase v0.19.5 @ Base.Pkg.Entry entry.jl:543
[ Info: Installing StatsFuns v0.5.0 @ Base.Pkg.Entry entry.jl:543
[ Info: Installing Stochy v0.0.2 @ Base.Pkg.Entry entry.jl:543
[ Info: Installing URIParser v0.3.0 @ Base.Pkg.Entry entry.jl:543
[ Info: Building SpecialFunctions @ Main none:10
WARNING: importing deprecated binding Base.Associative into BinDeps.
WARNING: Base.Associative is deprecated, use AbstractDict instead.
  likely near /home/vagrant/.julia/v0.7/SpecialFunctions/deps/binaries.jl:44
in @install at /home/vagrant/.julia/v0.7/BinDeps/src/dependencies.jl
┌ Warning: `unshift!` is deprecated, use `pushfirst!` instead.
│   caller = #_find_library#48(::Type, ::Function, ::BinDeps.LibraryDependency) at dependencies.jl:652
└ @ BinDeps dependencies.jl:652
┌ Warning: `unshift!` is deprecated, use `pushfirst!` instead.
│   caller = #_find_library#48(::DataType, ::Function, ::BinDeps.LibraryDependency) at dependencies.jl:652
└ @ BinDeps dependencies.jl:652
[ Info: Building Rmath @ Main none:10
WARNING: importing deprecated binding Base.Associative into BinDeps.
WARNING: Base.Associative is deprecated, use AbstractDict instead.
  likely near /home/vagrant/.julia/v0.7/Rmath/deps/build.jl:47
in @install at /home/vagrant/.julia/v0.7/BinDeps/src/dependencies.jl
[ Info: Package database updated @ Base.Pkg.Entry entry.jl:32
┌ Info: METADATA is out-of-date — you may not have the latest version of Stochy
│ Use `Pkg.update()` to get the latest versions of your packages
└ @ Base.Pkg.Entry entry.jl:74

>>> 'Pkg.test("Stochy")' log
Julia Version 0.7.0-DEV.3309
Commit b96097b66f (2018-01-07 00:26 UTC)
Platform Info:
  OS: Linux (x86_64-pc-linux-gnu)
      Ubuntu 14.04.5 LTS
  uname: Linux 3.13.0-135-generic #184-Ubuntu SMP Wed Oct 18 11:55:51 UTC 2017 x86_64 x86_64
  CPU: Intel(R) Xeon(R) CPU E3-1241 v3 @ 3.50GHz: 
              speed         user         nice          sys         idle          irq
       #1  3499 MHz    3204086 s         95 s     156020 s     719640 s         22 s
       #2  3499 MHz     556678 s         96 s      57714 s    4161748 s          0 s
       
  Memory: 2.93927001953125 GB (912.484375 MB free)
  Uptime: 48410.0 sec
  Load Avg:  0.9404296875  0.9775390625  0.9599609375
  WORD_SIZE: 64
  BLAS: libopenblas (USE64BITINT DYNAMIC_ARCH NO_AFFINITY Nehalem)
  LAPACK: libopenblas64_
  LIBM: libopenlibm
  LLVM: libLLVM-3.9.1 (ORCJIT, haswell)
Environment:
  TERM = vt100
  LD_LIBRARY_PATH = :/usr/local/lib/
  PATH = /usr/local/sbin:/usr/local/bin:/usr/sbin:/usr/bin:/sbin:/bin:/usr/games:/usr/local/games:/home/vagrant/julia/bin/
  JAVA_HOME = /usr/lib/jvm/java-8-openjdk-amd64
  HOME = /home/vagrant
Packages:
  Package Directory: /home/vagrant/.julia/v0.7
  Package Status:
2 required packages:
 - JSON                          0.16.3
 - Stochy                        0.0.2
16 additional packages:
 - BinDeps                       0.8.2
 - Calculus                      0.2.2
 - Compat                        0.43.0
 - DataStructures                0.7.4
 - Distributions                 0.15.0
 - Nullables                     0.0.2
 - PDMats                        0.8.0
 - QuadGK                        0.2.0
 - Rmath                         0.3.1
 - SHA                           0.5.2
 - SortingAlgorithms             0.2.0
 - SpecialFunctions              0.3.7
 - StatsBase                     0.19.5
 - StatsFuns                     0.5.0
 - URIParser                     0.3.0
 - tmpKrnEES                     0.0.0-             non-repo (unregistered)
[ Info: Testing Stochy @ Base.Pkg.Entry entry.jl:723
ERROR: LoadError: LoadError: syntax: extra token "Ctx" after end of expression
Stacktrace:
 [1] include at ./boot.jl:295 [inlined]
 [2] include_relative(::Module, ::String) at ./loading.jl:521
 [3] _require(::Symbol) at ./loading.jl:453
 [4] require(::Symbol) at ./loading.jl:333
 [5] include at ./boot.jl:295 [inlined]
 [6] include_relative(::Module, ::String) at ./loading.jl:521
 [7] include(::Module, ::String) at ./sysimg.jl:26
 [8] process_options(::Base.JLOptions) at ./client.jl:324
 [9] _start() at ./client.jl:375
in expression starting at /home/vagrant/.julia/v0.7/Stochy/src/Stochy.jl:29
in expression starting at /home/vagrant/.julia/v0.7/Stochy/test/runtests.jl:1
┌ Error: ------------------------------------------------------------
│ # Testing failed for Stochy
│   exception = ErrorException("failed process: Process(`/home/vagrant/julia/bin/julia -Cnative -J/home/vagrant/julia/lib/julia/sys.so --compile=yes --depwarn=yes --code-coverage=none --color=no --compiled-modules=yes --check-bounds=yes --warn-overwrite=yes --startup-file=yes /home/vagrant/.julia/v0.7/Stochy/test/runtests.jl`, ProcessExited(1)) [1]")
└ @ Base.Pkg.Entry entry.jl:739
ERROR: Stochy had test errors

>>> End of log
