>>> 'Pkg.add("StochasticDiffEq")' log
[ Info: Installing BinDeps v0.8.2 @ Base.Pkg.Entry entry.jl:543
[ Info: Installing Calculus v0.2.2 @ Base.Pkg.Entry entry.jl:543
[ Info: Installing CommonSubexpressions v0.0.1 @ Base.Pkg.Entry entry.jl:543
[ Info: Installing DataStructures v0.7.3 @ Base.Pkg.Entry entry.jl:543
[ Info: Installing DiffBase v0.3.2 @ Base.Pkg.Entry entry.jl:543
[ Info: Installing DiffEqBase v2.9.0 @ Base.Pkg.Entry entry.jl:543
[ Info: Installing DiffEqDiffTools v0.2.0 @ Base.Pkg.Entry entry.jl:543
[ Info: Installing DiffEqNoiseProcess v0.7.2 @ Base.Pkg.Entry entry.jl:543
[ Info: Installing DiffResults v0.0.2 @ Base.Pkg.Entry entry.jl:543
[ Info: Installing DiffRules v0.0.2 @ Base.Pkg.Entry entry.jl:543
[ Info: Installing Distances v0.5.0 @ Base.Pkg.Entry entry.jl:543
[ Info: Installing ForwardDiff v0.7.0 @ Base.Pkg.Entry entry.jl:543
[ Info: Installing FunctionWrappers v0.1.0 @ Base.Pkg.Entry entry.jl:543
[ Info: Installing Hiccup v0.1.1 @ Base.Pkg.Entry entry.jl:543
[ Info: Installing Juno v0.3.2 @ Base.Pkg.Entry entry.jl:543
[ Info: Installing LineSearches v3.2.3 @ Base.Pkg.Entry entry.jl:543
[ Info: Installing LinearMaps v1.0.4 @ Base.Pkg.Entry entry.jl:543
[ Info: Installing MacroTools v0.4.0 @ Base.Pkg.Entry entry.jl:543
[ Info: Installing Media v0.3.0 @ Base.Pkg.Entry entry.jl:543
[ Info: Installing MuladdMacro v0.0.2 @ Base.Pkg.Entry entry.jl:543
[ Info: Installing NLSolversBase v3.1.0 @ Base.Pkg.Entry entry.jl:543
[ Info: Installing NLsolve v0.13.0 @ Base.Pkg.Entry entry.jl:543
[ Info: Installing NaNMath v0.3.0 @ Base.Pkg.Entry entry.jl:543
[ Info: Installing Parameters v0.8.1 @ Base.Pkg.Entry entry.jl:543
[ Info: Installing RandomNumbers v0.1.0 @ Base.Pkg.Entry entry.jl:543
[ Info: Installing RecipesBase v0.2.3 @ Base.Pkg.Entry entry.jl:543
[ Info: Installing RecursiveArrayTools v0.14.0 @ Base.Pkg.Entry entry.jl:543
[ Info: Installing Reexport v0.1.0 @ Base.Pkg.Entry entry.jl:543
[ Info: Installing Requires v0.4.3 @ Base.Pkg.Entry entry.jl:543
[ Info: Installing ResettableStacks v0.2.0 @ Base.Pkg.Entry entry.jl:543
[ Info: Installing Roots v0.4.2 @ Base.Pkg.Entry entry.jl:543
[ Info: Installing SHA v0.5.2 @ Base.Pkg.Entry entry.jl:543
[ Info: Installing SimpleTraits v0.5.1 @ Base.Pkg.Entry entry.jl:543
[ Info: Installing SpecialFunctions v0.3.6 @ Base.Pkg.Entry entry.jl:543
[ Info: Installing StaticArrays v0.6.6 @ Base.Pkg.Entry entry.jl:543
[ Info: Installing StochasticDiffEq v2.22.0 @ Base.Pkg.Entry entry.jl:543
[ Info: Installing URIParser v0.3.0 @ Base.Pkg.Entry entry.jl:543
[ Info: Building RandomNumbers @ Main none:10
┌ Warning: `warn()` is deprecated, use `@warn` instead.
│   caller = #warn#959(::Base.Iterators.IndexValue{Union{},Union{},Tuple{},NamedTuple{(),Tuple{}}}, ::Function, ::String, ::Vararg{String,N} where N) at deprecated.jl:3644
└ @ Base deprecated.jl:3644
WARNING: AES-NI will not be compiled.
[ Info: Building SpecialFunctions @ Main none:10
WARNING: importing deprecated binding Base.Void into __anon__.
WARNING: Base.Void is deprecated, use Nothing instead.
  likely near /home/vagrant/.julia/v0.7/SpecialFunctions/deps/build.jl:6
WARNING: Base.Void is deprecated, use Nothing instead.
  likely near /home/vagrant/.julia/v0.7/SpecialFunctions/deps/build.jl:6
WARNING: Base.Void is deprecated, use Nothing instead.
  likely near /home/vagrant/.julia/v0.7/SpecialFunctions/deps/build.jl:6
WARNING: Base.Void is deprecated, use Nothing instead.
  likely near /home/vagrant/.julia/v0.7/SpecialFunctions/deps/build.jl:6
WARNING: Base.Void is deprecated, use Nothing instead.
  likely near /home/vagrant/.julia/v0.7/SpecialFunctions/deps/build.jl:6
WARNING: Base.Void is deprecated, use Nothing instead.
  likely near /home/vagrant/.julia/v0.7/SpecialFunctions/deps/build.jl:6
WARNING: importing deprecated binding Base.Associative into BinDeps.
WARNING: Base.Associative is deprecated, use AbstractDict instead.
  likely near /home/vagrant/.julia/v0.7/SpecialFunctions/deps/binaries.jl:44
in @install at /home/vagrant/.julia/v0.7/BinDeps/src/dependencies.jl
┌ Warning: `unshift!` is deprecated, use `pushfirst!` instead.
│   caller = #_find_library#48(::Type, ::Function, ::BinDeps.LibraryDependency) at dependencies.jl:652
└ @ BinDeps dependencies.jl:652
┌ Warning: `unshift!` is deprecated, use `pushfirst!` instead.
│   caller = #_find_library#48(::DataType, ::Function, ::BinDeps.LibraryDependency) at dependencies.jl:652
└ @ BinDeps dependencies.jl:652
[ Info: Package database updated @ Base.Pkg.Entry entry.jl:32
┌ Info: METADATA is out-of-date — you may not have the latest version of StochasticDiffEq
│ Use `Pkg.update()` to get the latest versions of your packages
└ @ Base.Pkg.Entry entry.jl:74

>>> 'Pkg.test("StochasticDiffEq")' log
Julia Version 0.7.0-DEV.3246
Commit 2138144d3a (2018-01-04 02:34 UTC)
Platform Info:
  OS: Linux (x86_64-pc-linux-gnu)
      Ubuntu 14.04.5 LTS
  uname: Linux 3.13.0-135-generic #184-Ubuntu SMP Wed Oct 18 11:55:51 UTC 2017 x86_64 x86_64
  CPU: Intel(R) Xeon(R) CPU E3-1241 v3 @ 3.50GHz: 
              speed         user         nice          sys         idle          irq
       #1  3507 MHz    5553592 s        146 s     274884 s    1225610 s         74 s
       #2  3507 MHz    1138500 s       5799 s     107380 s    6954798 s          1 s
       
  Memory: 2.93927001953125 GB (456.91015625 MB free)
  Uptime: 83675.0 sec
  Load Avg:  0.98779296875  0.91259765625  0.95458984375
  WORD_SIZE: 64
  BLAS: libopenblas (USE64BITINT DYNAMIC_ARCH NO_AFFINITY Nehalem)
  LAPACK: libopenblas64_
  LIBM: libopenlibm
  LLVM: libLLVM-3.9.1 (ORCJIT, haswell)
Environment:
  TERM = vt100
  LD_LIBRARY_PATH = :/usr/local/lib/
  PATH = /usr/local/sbin:/usr/local/bin:/usr/sbin:/usr/bin:/sbin:/bin:/usr/games:/usr/local/games:/home/vagrant/julia/bin/
  JAVA_HOME = /usr/lib/jvm/java-8-openjdk-amd64
  HOME = /home/vagrant
Packages:
  Package Directory: /home/vagrant/.julia/v0.7
  Package Status:
2 required packages:
 - JSON                          0.16.3
 - StochasticDiffEq              2.22.0
39 additional packages:
 - BinDeps                       0.8.2
 - Calculus                      0.2.2
 - CommonSubexpressions          0.0.1
 - Compat                        0.42.0
 - DataStructures                0.7.3
 - DiffBase                      0.3.2
 - DiffEqBase                    2.9.0
 - DiffEqDiffTools               0.2.0
 - DiffEqNoiseProcess            0.7.2
 - DiffResults                   0.0.2
 - DiffRules                     0.0.2
 - Distances                     0.5.0
 - ForwardDiff                   0.7.0
 - FunctionWrappers              0.1.0
 - Hiccup                        0.1.1
 - Juno                          0.3.2
 - LineSearches                  3.2.3
 - LinearMaps                    1.0.4
 - MacroTools                    0.4.0
 - Media                         0.3.0
 - MuladdMacro                   0.0.2
 - NLSolversBase                 3.1.0
 - NLsolve                       0.13.0
 - NaNMath                       0.3.0
 - Nullables                     0.0.2
 - Parameters                    0.8.1
 - RandomNumbers                 0.1.0
 - RecipesBase                   0.2.3
 - RecursiveArrayTools           0.14.0
 - Reexport                      0.1.0
 - Requires                      0.4.3
 - ResettableStacks              0.2.0
 - Roots                         0.4.2
 - SHA                           0.5.2
 - SimpleTraits                  0.5.1
 - SpecialFunctions              0.3.6
 - StaticArrays                  0.6.6
 - URIParser                     0.3.0
 - tmpPOOpwT                     0.0.0-             non-repo (unregistered)
[ Info: Computing test dependencies for StochasticDiffEq... @ Base.Pkg.Entry entry.jl:713
[ Info: Installing ChunkedArrays v0.1.1 @ Base.Pkg.Entry entry.jl:543
[ Info: Installing Conda v0.7.1 @ Base.Pkg.Entry entry.jl:543
[ Info: Installing DiffEqDevTools v0.11.3 @ Base.Pkg.Entry entry.jl:543
[ Info: Installing DiffEqMonteCarlo v0.9.1 @ Base.Pkg.Entry entry.jl:543
[ Info: Installing DiffEqPDEBase v0.3.5 @ Base.Pkg.Entry entry.jl:543
[ Info: Installing DiffEqProblemLibrary v0.11.0 @ Base.Pkg.Entry entry.jl:543
[ Info: Installing DistributedArrays v0.4.0 @ Base.Pkg.Entry entry.jl:543
[ Info: Installing Distributions v0.15.0 @ Base.Pkg.Entry entry.jl:543
[ Info: Installing EllipsisNotation v0.3.0 @ Base.Pkg.Entry entry.jl:543
[ Info: Installing PDMats v0.8.0 @ Base.Pkg.Entry entry.jl:543
[ Info: Installing ParameterizedFunctions v2.3.1 @ Base.Pkg.Entry entry.jl:543
[ Info: Installing Primes v0.2.0 @ Base.Pkg.Entry entry.jl:543
[ Info: Installing QuadGK v0.2.0 @ Base.Pkg.Entry entry.jl:543
[ Info: Installing Rmath v0.3.1 @ Base.Pkg.Entry entry.jl:543
[ Info: Installing SortingAlgorithms v0.2.0 @ Base.Pkg.Entry entry.jl:543
[ Info: Installing SpecialMatrices v0.1.3 @ Base.Pkg.Entry entry.jl:543
[ Info: Installing StatsBase v0.19.4 @ Base.Pkg.Entry entry.jl:543
[ Info: Installing StatsFuns v0.5.0 @ Base.Pkg.Entry entry.jl:543
[ Info: Installing SymEngine v0.3.0 @ Base.Pkg.Entry entry.jl:543
[ Info: Installing VectorizedRoutines v0.0.2 @ Base.Pkg.Entry entry.jl:543
[ Info: Building Conda @ Main none:10
┌ Warning: `isdefined(:symbol)` is deprecated, use `@isdefined symbol` instead
│   caller = ip:0x0
└ @ Core :-1
┌ Warning: `readstring(filename::AbstractString)` is deprecated, use `read(filename, String)` instead.
│   caller = top-level scope
└ @ Core :0
[ Info: Building RandomNumbers @ Main none:10
┌ Warning: `warn()` is deprecated, use `@warn` instead.
│   caller = #warn#959(::Base.Iterators.IndexValue{Union{},Union{},Tuple{},NamedTuple{(),Tuple{}}}, ::Function, ::String, ::Vararg{String,N} where N) at deprecated.jl:3644
└ @ Base deprecated.jl:3644
WARNING: AES-NI will not be compiled.
[ Info: Building SpecialFunctions @ Main none:10
WARNING: importing deprecated binding Base.Void into __anon__.
WARNING: Base.Void is deprecated, use Nothing instead.
  likely near /home/vagrant/.julia/v0.7/SpecialFunctions/deps/build.jl:6
WARNING: Base.Void is deprecated, use Nothing instead.
  likely near /home/vagrant/.julia/v0.7/SpecialFunctions/deps/build.jl:6
WARNING: Base.Void is deprecated, use Nothing instead.
  likely near /home/vagrant/.julia/v0.7/SpecialFunctions/deps/build.jl:6
WARNING: Base.Void is deprecated, use Nothing instead.
  likely near /home/vagrant/.julia/v0.7/SpecialFunctions/deps/build.jl:6
WARNING: Base.Void is deprecated, use Nothing instead.
  likely near /home/vagrant/.julia/v0.7/SpecialFunctions/deps/build.jl:6
WARNING: Base.Void is deprecated, use Nothing instead.
  likely near /home/vagrant/.julia/v0.7/SpecialFunctions/deps/build.jl:6
WARNING: importing deprecated binding Base.Associative into BinDeps.
WARNING: Base.Associative is deprecated, use AbstractDict instead.
  likely near /home/vagrant/.julia/v0.7/SpecialFunctions/deps/binaries.jl:44
in @install at /home/vagrant/.julia/v0.7/BinDeps/src/dependencies.jl
┌ Warning: `unshift!` is deprecated, use `pushfirst!` instead.
│   caller = #_find_library#48(::Type, ::Function, ::BinDeps.LibraryDependency) at dependencies.jl:652
└ @ BinDeps dependencies.jl:652
┌ Warning: `unshift!` is deprecated, use `pushfirst!` instead.
│   caller = #_find_library#48(::DataType, ::Function, ::BinDeps.LibraryDependency) at dependencies.jl:652
└ @ BinDeps dependencies.jl:652
[ Info: Building Rmath @ Main none:10
WARNING: importing deprecated binding Base.Associative into BinDeps.
WARNING: Base.Associative is deprecated, use AbstractDict instead.
  likely near /home/vagrant/.julia/v0.7/Rmath/deps/build.jl:47
in @install at /home/vagrant/.julia/v0.7/BinDeps/src/dependencies.jl
[ Info: Building SymEngine @ Main none:10
┌ Warning: `is_windows` is deprecated, use `Sys.iswindows` instead.
│   caller = top-level scope
└ @ Core :0
┌ Warning: `is_apple` is deprecated, use `Sys.isapple` instead.
│   caller = top-level scope at build.jl:14
└ @ Core build.jl:14
┌ Warning: `is_windows` is deprecated, use `Sys.iswindows` instead.
│   caller = top-level scope
└ @ Core :0
WARNING: importing deprecated binding Base.Associative into BinDeps.
WARNING: Base.Associative is deprecated, use AbstractDict instead.
  likely near /home/vagrant/.julia/v0.7/SymEngine/deps/build.jl:50
in @install at /home/vagrant/.julia/v0.7/BinDeps/src/dependencies.jl
[ Info: Testing StochasticDiffEq @ Base.Pkg.Entry entry.jl:723
WARNING: Method definition __init__() in module Requires at /home/vagrant/.julia/v0.7/Requires/src/init.jl:9 overwritten in module RecursiveArrayTools at /home/vagrant/.julia/v0.7/Requires/src/init.jl:9.
[ Warning: Replacing module `StaticArrays` @ Base loading.jl:350
[ Warning: Replacing module `Requires` @ Base loading.jl:350
[ Warning: Replacing module `Compat` @ Base loading.jl:350
[ Warning: Replacing module `RecipesBase` @ Base loading.jl:350
WARNING: Method definition __init__() in module Requires at /home/vagrant/.julia/v0.7/Requires/src/init.jl:9 overwritten in module DiffEqBase at /home/vagrant/.julia/v0.7/Requires/src/init.jl:9.
┌ Warning: Deprecated syntax `type` at /home/vagrant/.julia/v0.7/Juno/src/types.jl:3.
│ Use `mutable struct` instead.
└ @ nothing types.jl:3
┌ Warning: Deprecated syntax `type` at /home/vagrant/.julia/v0.7/Juno/src/types.jl:4.
│ Use `mutable struct` instead.
└ @ nothing types.jl:4
┌ Warning: Deprecated syntax `type` at /home/vagrant/.julia/v0.7/Juno/src/types.jl:6.
│ Use `mutable struct` instead.
└ @ nothing types.jl:6
┌ Warning: Deprecated syntax `type` at /home/vagrant/.julia/v0.7/Juno/src/types.jl:7.
│ Use `mutable struct` instead.
└ @ nothing types.jl:7
┌ Warning: Deprecated syntax `type` at /home/vagrant/.julia/v0.7/Juno/src/types.jl:8.
│ Use `mutable struct` instead.
└ @ nothing types.jl:8
┌ Warning: Deprecated syntax `type` at /home/vagrant/.julia/v0.7/Juno/src/types.jl:24.
│ Use `mutable struct` instead.
└ @ nothing types.jl:24
┌ Warning: Deprecated syntax `immutable` at /home/vagrant/.julia/v0.7/Juno/src/types.jl:28.
│ Use `struct` instead.
└ @ nothing types.jl:28
┌ Warning: Deprecated syntax `immutable` at /home/vagrant/.julia/v0.7/Juno/src/types.jl:33.
│ Use `struct` instead.
└ @ nothing types.jl:33
┌ Warning: Deprecated syntax `immutable` at /home/vagrant/.julia/v0.7/Juno/src/types.jl:38.
│ Use `struct` instead.
└ @ nothing types.jl:38
┌ Warning: Deprecated syntax `type` at /home/vagrant/.julia/v0.7/Juno/src/types.jl:45.
│ Use `mutable struct` instead.
└ @ nothing types.jl:45
┌ Warning: Deprecated syntax `immutable` at /home/vagrant/.julia/v0.7/Juno/src/types.jl:54.
│ Use `struct` instead.
└ @ nothing types.jl:54
┌ Warning: Deprecated syntax `type` at /home/vagrant/.julia/v0.7/Juno/src/types.jl:68.
│ Use `mutable struct` instead.
└ @ nothing types.jl:68
┌ Warning: Deprecated syntax `type` at /home/vagrant/.julia/v0.7/Juno/src/types.jl:77.
│ Use `mutable struct` instead.
└ @ nothing types.jl:77
┌ Warning: Deprecated syntax `type` at /home/vagrant/.julia/v0.7/Hiccup/src/Hiccup.jl:18.
│ Use `mutable struct` instead.
└ @ nothing Hiccup.jl:18
┌ Warning: Deprecated syntax `parametric method syntax tag{T}(node::Node{T})` around /home/vagrant/.julia/v0.7/Hiccup/src/Hiccup.jl:23.
│ Use `tag(node::Node{T}) where T` instead.
└ @ nothing Hiccup.jl:23
WARNING: importing deprecated binding Base.Associative into Hiccup.
WARNING: Base.Associative is deprecated, use AbstractDict instead.
  likely near /home/vagrant/.julia/v0.7/Hiccup/src/Hiccup.jl:37
WARNING: Base.Associative is deprecated, use AbstractDict instead.
  likely near /home/vagrant/.julia/v0.7/Hiccup/src/Hiccup.jl:37
WARNING: Base.Associative is deprecated, use AbstractDict instead.
  likely near /home/vagrant/.julia/v0.7/Hiccup/src/Hiccup.jl:37
ERROR: LoadError: LoadError: AssertionError: isexpr(ts, :tuple)
Stacktrace:
 [1] @tags(::LineNumberNode, ::Module, ::Any) at /home/vagrant/.julia/v0.7/Hiccup/src/Hiccup.jl:110
 [2] include at ./boot.jl:295 [inlined]
 [3] include_relative(::Module, ::String) at ./loading.jl:521
 [4] include(::Module, ::String) at ./sysimg.jl:26
 [5] top-level scope
 [6] eval at ./boot.jl:298 [inlined]
 [7] top-level scope at ./<missing>:2
in expression starting at /home/vagrant/.julia/v0.7/Hiccup/src/Hiccup.jl:118
in expression starting at /home/vagrant/.julia/v0.7/Hiccup/src/Hiccup.jl:123
ERROR: LoadError: LoadError: Failed to precompile Hiccup to /home/vagrant/.julia/lib/v0.7/Hiccup.ji.
Stacktrace:
 [1] error at ./error.jl:33 [inlined]
 [2] compilecache(::String) at ./loading.jl:648
 [3] compilecache at ./loading.jl:605 [inlined]
 [4] _require(::Symbol) at ./loading.jl:440
 [5] require(::Symbol) at ./loading.jl:333
 [6] include at ./boot.jl:295 [inlined]
 [7] include_relative(::Module, ::String) at ./loading.jl:521
 [8] include at ./sysimg.jl:26 [inlined]
 [9] include(::String) at /home/vagrant/.julia/v0.7/Juno/src/Juno.jl:3
 [10] top-level scope
 [11] include at ./boot.jl:295 [inlined]
 [12] include_relative(::Module, ::String) at ./loading.jl:521
 [13] include(::Module, ::String) at ./sysimg.jl:26
 [14] top-level scope
 [15] eval at ./boot.jl:298 [inlined]
 [16] top-level scope at ./<missing>:2
in expression starting at /home/vagrant/.julia/v0.7/Juno/src/utils.jl:1
in expression starting at /home/vagrant/.julia/v0.7/Juno/src/Juno.jl:29
ERROR: LoadError: Failed to precompile Juno to /home/vagrant/.julia/lib/v0.7/Juno.ji.
Stacktrace:
 [1] error at ./error.jl:33 [inlined]
 [2] compilecache(::String) at ./loading.jl:648
 [3] compilecache at ./loading.jl:605 [inlined]
 [4] _require(::Symbol) at ./loading.jl:440
 [5] require(::Symbol) at ./loading.jl:333
 [6] include at ./boot.jl:295 [inlined]
 [7] include_relative(::Module, ::String) at ./loading.jl:521
 [8] include(::Module, ::String) at ./sysimg.jl:26
 [9] top-level scope
 [10] eval at ./boot.jl:298 [inlined]
 [11] top-level scope at ./<missing>:2
in expression starting at /home/vagrant/.julia/v0.7/StochasticDiffEq/src/StochasticDiffEq.jl:14
ERROR: LoadError: Failed to precompile StochasticDiffEq to /home/vagrant/.julia/lib/v0.7/StochasticDiffEq.ji.
Stacktrace:
 [1] error at ./error.jl:33 [inlined]
 [2] compilecache(::String) at ./loading.jl:648
 [3] compilecache at ./loading.jl:605 [inlined]
 [4] _require(::Symbol) at ./loading.jl:460
 [5] require(::Symbol) at ./loading.jl:333
 [6] include at ./boot.jl:295 [inlined]
 [7] include_relative(::Module, ::String) at ./loading.jl:521
 [8] include(::Module, ::String) at ./sysimg.jl:26
 [9] process_options(::Base.JLOptions) at ./client.jl:323
 [10] _start() at ./client.jl:374
in expression starting at /home/vagrant/.julia/v0.7/StochasticDiffEq/test/runtests.jl:1
┌ Error: ------------------------------------------------------------
│ # Testing failed for StochasticDiffEq
│   exception = ErrorException("failed process: Process(`/home/vagrant/julia/bin/julia -Cnative -J/home/vagrant/julia/lib/julia/sys.so --compile=yes --depwarn=yes --code-coverage=none --color=no --compiled-modules=yes --check-bounds=yes --warn-overwrite=yes --startup-file=yes /home/vagrant/.julia/v0.7/StochasticDiffEq/test/runtests.jl`, ProcessExited(1)) [1]")
└ @ Base.Pkg.Entry entry.jl:739
[ Info: Removing ChunkedArrays v0.1.1 @ Base.Pkg.Entry entry.jl:546
[ Info: Removing Conda v0.7.1 @ Base.Pkg.Entry entry.jl:546
[ Info: Removing DiffEqDevTools v0.11.3 @ Base.Pkg.Entry entry.jl:546
[ Info: Removing DiffEqMonteCarlo v0.9.1 @ Base.Pkg.Entry entry.jl:546
[ Info: Removing DiffEqPDEBase v0.3.5 @ Base.Pkg.Entry entry.jl:546
[ Info: Removing DiffEqProblemLibrary v0.11.0 @ Base.Pkg.Entry entry.jl:546
[ Info: Removing DistributedArrays v0.4.0 @ Base.Pkg.Entry entry.jl:546
[ Info: Removing Distributions v0.15.0 @ Base.Pkg.Entry entry.jl:546
[ Info: Removing EllipsisNotation v0.3.0 @ Base.Pkg.Entry entry.jl:546
[ Info: Removing PDMats v0.8.0 @ Base.Pkg.Entry entry.jl:546
[ Info: Removing ParameterizedFunctions v2.3.1 @ Base.Pkg.Entry entry.jl:546
[ Info: Removing Primes v0.2.0 @ Base.Pkg.Entry entry.jl:546
[ Info: Removing QuadGK v0.2.0 @ Base.Pkg.Entry entry.jl:546
[ Info: Removing Rmath v0.3.1 @ Base.Pkg.Entry entry.jl:546
[ Info: Removing SortingAlgorithms v0.2.0 @ Base.Pkg.Entry entry.jl:546
[ Info: Removing SpecialMatrices v0.1.3 @ Base.Pkg.Entry entry.jl:546
[ Info: Removing StatsBase v0.19.4 @ Base.Pkg.Entry entry.jl:546
[ Info: Removing StatsFuns v0.5.0 @ Base.Pkg.Entry entry.jl:546
[ Info: Removing SymEngine v0.3.0 @ Base.Pkg.Entry entry.jl:546
[ Info: Removing VectorizedRoutines v0.0.2 @ Base.Pkg.Entry entry.jl:546
ERROR: StochasticDiffEq had test errors

>>> End of log
