>>> 'Pkg.add("StochasticSearch")' log
INFO: Cloning cache of StochasticSearch from https://github.com/phrb/StochasticSearch.jl.git
INFO: Installing FactCheck v0.4.3
INFO: Installing StochasticSearch v0.3.0
INFO: Package database updated

>>> 'Pkg.test("StochasticSearch")' log
Julia Version 0.6.0-dev.1946
Commit f550489 (2017-01-06 00:37 UTC)
Platform Info:
  OS: Linux (x86_64-pc-linux-gnu)
  CPU: Intel(R) Xeon(R) CPU E3-1241 v3 @ 3.50GHz
  WORD_SIZE: 64
           Ubuntu 14.04.5 LTS
  uname: Linux 3.13.0-106-generic #153-Ubuntu SMP Tue Dec 6 15:44:32 UTC 2016 x86_64 x86_64
Memory: 2.9392738342285156 GB (1093.80859375 MB free)
Uptime: 24865.0 sec
Load Avg:  1.03759765625  1.0576171875  1.04541015625
Intel(R) Xeon(R) CPU E3-1241 v3 @ 3.50GHz: 
       speed         user         nice          sys         idle          irq
#1  3499 MHz    1484368 s        526 s     142785 s     560539 s         86 s
#2  3499 MHz     470404 s       6484 s      74785 s    1861856 s          3 s

  BLAS: libopenblas (USE64BITINT DYNAMIC_ARCH NO_AFFINITY Nehalem)
  LAPACK: libopenblas64_
  LIBM: libopenlibm
  LLVM: libLLVM-3.9.1 (ORCJIT, haswell)
Environment:
  TERM = vt100
  LD_LIBRARY_PATH = :/usr/local/lib/
  PATH = /usr/local/sbin:/usr/local/bin:/usr/sbin:/usr/bin:/sbin:/bin:/usr/games:/usr/local/games:/home/vagrant/julia/bin/
  JAVA_HOME = /usr/lib/jvm/java-7-oracle
  HOME = /home/vagrant

Package Directory: /home/vagrant/.julia/v0.6
2 required packages:
 - JSON                          0.8.0
 - StochasticSearch              0.3.0
19 additional packages:
 - BinDeps                       0.4.5
 - Calculus                      0.1.15
 - Compat                        0.10.0
 - Distributions                 0.11.1
 - FactCheck                     0.4.3
 - GenerativeModels              0.0.0-             master (unregistered)
 - Iterators                     0.2.0
 - LaTeXStrings                  0.2.0
 - PDMats                        0.5.2
 - POMDPBounds                   0.0.0-             master (unregistered)
 - POMDPModels                   0.0.0-             master (unregistered)
 - POMDPToolbox                  0.0.0-             master (unregistered)
 - POMDPs                        0.4.0
 - Rmath                         0.1.6
 - SHA                           0.3.0
 - StatsBase                     0.12.0
 - StatsFuns                     0.3.1
 - TikzPictures                  0.3.5
 - URIParser                     0.1.6
INFO: Testing StochasticSearch
WARNING: is is deprecated, use === instead.
Stacktrace:
 [1] depwarn(::String, ::Symbol) at ./deprecated.jl:64
 [2] is(::Symbol, ::Vararg{Any,N}) at ./deprecated.jl:30
 [3] @fact_throws(::Vararg{Any,N}) at /home/vagrant/.julia/v0.6/FactCheck/src/FactCheck.jl:307
 [4] include_from_node1(::String) at ./loading.jl:532
 [5] include(::String) at ./sysimg.jl:14
 [6] include_from_node1(::String) at ./loading.jl:532
 [7] include(::String) at ./sysimg.jl:14
 [8] process_options(::Base.JLOptions) at ./client.jl:308
 [9] _start() at ./client.jl:374
while loading /home/vagrant/.julia/v0.6/StochasticSearch/test/parameter.jl, in expression starting on line 3
[NumberParameter]
  > constructor
  > neighbor!
WARNING: is is deprecated, use === instead.
Stacktrace:
 [1] depwarn(::String, ::Symbol) at ./deprecated.jl:64
 [2] is(::Int64, ::Vararg{Int64,N}) at ./deprecated.jl:30
 [3] (::FactCheck.##6#8{FactCheck.##10#11{Int64}})(::Int64) at /home/vagrant/.julia/v0.6/FactCheck/src/helpers.jl:18
 [4] (::##34#196)(::Int64) at /home/vagrant/.julia/v0.6/FactCheck/src/FactCheck.jl:264
 [5] do_fact(::##35#197{##34#196}, ::Expr, ::Symbol, ::FactCheck.ResultMetadata) at /home/vagrant/.julia/v0.6/FactCheck/src/FactCheck.jl:334
 [6] macro expansion at /home/vagrant/.julia/v0.6/FactCheck/src/FactCheck.jl:272 [inlined]
 [7] (::##31#193)() at /home/vagrant/.julia/v0.6/StochasticSearch/test/parameter.jl:34
 [8] context(::##31#193, ::String) at /home/vagrant/.julia/v0.6/FactCheck/src/FactCheck.jl:475
 [9] (::##1#163)() at /home/vagrant/.julia/v0.6/StochasticSearch/test/parameter.jl:28
 [10] facts(::##1#163, ::String) at /home/vagrant/.julia/v0.6/FactCheck/src/FactCheck.jl:449
 [11] include_from_node1(::String) at ./loading.jl:532
 [12] include(::String) at ./sysimg.jl:14
 [13] include_from_node1(::String) at ./loading.jl:532
 [14] include(::String) at ./sysimg.jl:14
 [15] process_options(::Base.JLOptions) at ./client.jl:308
 [16] _start() at ./client.jl:374
while loading /home/vagrant/.julia/v0.6/StochasticSearch/test/parameter.jl, in expression starting on line 3
  > constructor
  > perturb!
  > constructor
  > perturb!
86 facts verified.
[EnumParameter]
    [EnumParameter]
    name   : test
    current: test
    values : 
    [EnumParameter]
    name   : test
    current: test
    values : 
    [StringParameter]
    name : test
    value: "a"
    ***
    [StringParameter]
    name : test
    value: "b"
    ***
    [EnumParameter]
    name   : test
    current: test
    values : 
    [StringParameter]
    name : test
    value: "c"

  > constructors
  > perturb! and perturb_elements!
  > neighbor!
37 facts verified.
[PermutationParameter]
  > constructor
  > neighbor!
    [PermutationParameter]
    name : test
    value: [1,2,3,4,5,6]
    size : 6
    [PermutationParameter]
    name : test
    value: [4,1,3,5,6,2]
    size : 6
    [PermutationParameter]
    name : test
    value: [4,1,3,5,6,2]
    size : 6
    [PermutationParameter]
    name : test
    value: [2,6,3,5,1,4]
    size : 6
  > perturb!
    [PermutationParameter]
    name : test
    value: [1,2,3,4,5,6]
    size : 6
    [PermutationParameter]
    name : test
    value: [3,5,6,4,2,1]
    size : 6
9 facts verified.
[StringParameter]
7 facts verified.
[BoolParameter]
  > perturb!
  > neighbor!
    [BoolParameter]
    name : test
    value: true
6 facts verified.
[Configuration]
  > constructors
  > perturb!
  > neighbor!
  [Configuration]
  name      : test
  parameters:
    [NumberParameter]
    name : i0
    min  : 1.000000
    max  : 38.000000
    value: 3.000000
    ***
    [NumberParameter]
    name : i3
    min  : 2.330000
    max  : 85.330000
    value: 22.200000
    ***
    [NumberParameter]
    name : i1
    min  : 4.000000
    max  : 66.000000
    value: 55.000000
    ***
    [StringParameter]
    name : i2
    value: "value"

  > update! and convert
27 facts verified.
[Run]
  > constructors
1 fact verified.
[Search]
  > optimize and simulated_annealing
[Result]
Cost              : 1.0
Found in Iteration: 1
Current Iteration : 1
Technique         : Initialize
Function Calls    : 1
  ***
[Result]
Cost              : 0.4975873255274596
Found in Iteration: 41
Current Iteration : 101
Technique         : Simulated Annealing
Function Calls    : 41
  ***
[Result]
Cost              : 0.3890969375054851
Found in Iteration: 301
Current Iteration : 201
Technique         : Simulated Annealing
Function Calls    : 301
  ***
[Result]
Cost              : 0.3890969375054851
Found in Iteration: 301
Current Iteration : 301
Technique         : Simulated Annealing
Function Calls    : 301
  ***
[Result]
Cost              : 0.385812178817049
Found in Iteration: 793
Current Iteration : 401
Technique         : Simulated Annealing
Function Calls    : 793
  ***
[Result]
Cost              : 0.36245742043440116
Found in Iteration: 861
Current Iteration : 501
Technique         : Simulated Annealing
Function Calls    : 861
  ***
[Result]
Cost              : 0.30849133936432177
Found in Iteration: 1137
Current Iteration : 601
Technique         : Simulated Annealing
Function Calls    : 1137
  ***
[Result]
Cost              : 0.30849133936432177
Found in Iteration: 1137
Current Iteration : 701
Technique         : Simulated Annealing
Function Calls    : 1137
  ***
[Result]
Cost              : 0.30849133936432177
Found in Iteration: 1137
Current Iteration : 801
Technique         : Simulated Annealing
Function Calls    : 1137
  ***
[Result]
Cost              : 0.30849133936432177
Found in Iteration: 1137
Current Iteration : 901
Technique         : Simulated Annealing
Function Calls    : 1137
  ***
[Result]
Cost              : 0.30849133936432177
Found in Iteration: 1137
Current Iteration : 1001
Technique         : Simulated Annealing
Function Calls    : 1137
  ***
[Final Result]
Cost                  : 0.30849133936432177
Found in Iteration    : 1137
Current Iteration     : 1081
Technique             : Simulated Annealing
Function Calls        : 1137
Starting Configuration:
  [Configuration]
  name      : rosenbrock_config
  parameters:
    [NumberParameter]
    name : i0
    min  : -2.000000
    max  : 2.000000
    value: 0.446657
    ***
    [NumberParameter]
    name : i1
    min  : -2.000000
    max  : 2.000000
    value: 0.157860
Minimum Configuration :
  [Configuration]
  name      : rosenbrock_config
  parameters:
    [NumberParameter]
    name : i0
    min  : -2.000000
    max  : 2.000000
    value: 0.446657
    ***
    [NumberParameter]
    name : i1
    min  : -2.000000
    max  : 2.000000
    value: 0.204302
0.30849133936432177
2 facts verified.
[Search]
  > iterative_first_improvement
[Result]
Cost              : 1.0
Found in Iteration: 1
Current Iteration : 1
Technique         : Initialize
Function Calls    : 1
  ***
[Result]
Cost              : 1.0
Found in Iteration: 1
Current Iteration : 101
Technique         : Initialize
Function Calls    : 1
  ***
[Result]
Cost              : 0.9911650689639437
Found in Iteration: 2
Current Iteration : 201
Technique         : Iterative First Improvement
Function Calls    : 203
  ***
[Result]
Cost              : 0.7051841261438049
Found in Iteration: 3
Current Iteration : 301
Technique         : Iterative First Improvement
Function Calls    : 239
  ***
[Result]
Cost              : 0.08523040871778595
Found in Iteration: 4
Current Iteration : 401
Technique         : Iterative First Improvement
Function Calls    : 348
  ***
[Result]
Cost              : 0.08523040871778595
Found in Iteration: 4
Current Iteration : 501
Technique         : Iterative First Improvement
Function Calls    : 348
  ***
[Result]
Cost              : 0.08523040871778595
Found in Iteration: 4
Current Iteration : 601
Technique         : Iterative First Improvement
Function Calls    : 348
  ***
[Result]
Cost              : 0.025976505841528927
Found in Iteration: 5
Current Iteration : 701
Technique         : Iterative First Improvement
Function Calls    : 668
  ***
[Result]
Cost              : 0.025976505841528927
Found in Iteration: 5
Current Iteration : 801
Technique         : Iterative First Improvement
Function Calls    : 668
  ***
[Result]
Cost              : 0.025976505841528927
Found in Iteration: 5
Current Iteration : 901
Technique         : Iterative First Improvement
Function Calls    : 668
  ***
[Final Result]
Cost                  : 0.025976505841528927
Found in Iteration    : 5
Current Iteration     : 1001
Technique             : Iterative First Improvement
Function Calls        : 668
Starting Configuration:
  [Configuration]
  name      : rosenbrock_config
  parameters:
    [NumberParameter]
    name : i0
    min  : -2.000000
    max  : 2.000000
    value: 1.137850
    ***
    [NumberParameter]
    name : i1
    min  : -2.000000
    max  : 2.000000
    value: 1.268967
Minimum Configuration :
  [Configuration]
  name      : rosenbrock_config
  parameters:
    [NumberParameter]
    name : i0
    min  : -2.000000
    max  : 2.000000
    value: 1.101296
    ***
    [NumberParameter]
    name : i1
    min  : -2.000000
    max  : 2.000000
    value: 1.225389
0.025976505841528927
2 facts verified.
[Search]
  > iterative_probabilistic_improvement
[Result]
Cost              : 1.0
Found in Iteration: 1
Current Iteration : 1
Technique         : Initialize
Function Calls    : 1
  ***
[Result]
Cost              : 1.0
Found in Iteration: 1
Current Iteration : 101
Technique         : Initialize
Function Calls    : 1
  ***
[Result]
Cost              : 0.3172381000434867
Found in Iteration: 116
Current Iteration : 201
Technique         : Iterative Probabilistic Improvement
Function Calls    : 116
  ***
[Result]
Cost              : 0.3172381000434867
Found in Iteration: 116
Current Iteration : 301
Technique         : Iterative Probabilistic Improvement
Function Calls    : 116
  ***
[Result]
Cost              : 0.3172381000434867
Found in Iteration: 116
Current Iteration : 401
Technique         : Iterative Probabilistic Improvement
Function Calls    : 116
  ***
[Result]
Cost              : 0.3172381000434867
Found in Iteration: 116
Current Iteration : 501
Technique         : Iterative Probabilistic Improvement
Function Calls    : 116
  ***
[Result]
Cost              : 0.3172381000434867
Found in Iteration: 116
Current Iteration : 601
Technique         : Iterative Probabilistic Improvement
Function Calls    : 116
  ***
[Result]
Cost              : 0.3172381000434867
Found in Iteration: 116
Current Iteration : 701
Technique         : Iterative Probabilistic Improvement
Function Calls    : 116
  ***
[Result]
Cost              : 0.3172381000434867
Found in Iteration: 116
Current Iteration : 801
Technique         : Iterative Probabilistic Improvement
Function Calls    : 116
  ***
[Result]
Cost              : 0.3172381000434867
Found in Iteration: 116
Current Iteration : 901
Technique         : Iterative Probabilistic Improvement
Function Calls    : 116
  ***
[Final Result]
Cost                  : 0.3172381000434867
Found in Iteration    : 116
Current Iteration     : 1001
Technique             : Iterative Probabilistic Improvement
Function Calls        : 116
Starting Configuration:
  [Configuration]
  name      : rosenbrock_config
  parameters:
    [NumberParameter]
    name : i0
    min  : -2.000000
    max  : 2.000000
    value: 0.440378
    ***
    [NumberParameter]
    name : i1
    min  : -2.000000
    max  : 2.000000
    value: 0.049943
Minimum Configuration :
  [Configuration]
  name      : rosenbrock_config
  parameters:
    [NumberParameter]
    name : i0
    min  : -2.000000
    max  : 2.000000
    value: 0.440378
    ***
    [NumberParameter]
    name : i1
    min  : -2.000000
    max  : 2.000000
    value: 0.200306
0.3172381000434867
2 facts verified.
[Search]
  > randomized_first_improvement
[Result]
Cost              : 1.0
Found in Iteration: 1
Current Iteration : 1
Technique         : Initialize
Function Calls    : 1
  ***
[Result]
Cost              : 0.39017904186858576
Found in Iteration: 2
Current Iteration : 101
Technique         : Randomized First Improvement
Function Calls    : 49
  ***
[Result]
Cost              : 0.0811359568924278
Found in Iteration: 29
Current Iteration : 201
Technique         : Randomized First Improvement
Function Calls    : 184
  ***
[Result]
Cost              : 0.0811359568924278
Found in Iteration: 29
Current Iteration : 301
Technique         : Randomized First Improvement
Function Calls    : 184
  ***
[Result]
Cost              : 0.0811359568924278
Found in Iteration: 29
Current Iteration : 401
Technique         : Randomized First Improvement
Function Calls    : 184
  ***
[Result]
Cost              : 0.0811359568924278
Found in Iteration: 29
Current Iteration : 501
Technique         : Randomized First Improvement
Function Calls    : 184
  ***
[Result]
Cost              : 0.0811359568924278
Found in Iteration: 29
Current Iteration : 601
Technique         : Randomized First Improvement
Function Calls    : 184
  ***
[Result]
Cost              : 0.0811359568924278
Found in Iteration: 29
Current Iteration : 701
Technique         : Randomized First Improvement
Function Calls    : 184
  ***
[Result]
Cost              : 0.0811359568924278
Found in Iteration: 29
Current Iteration : 801
Technique         : Randomized First Improvement
Function Calls    : 184
  ***
[Result]
Cost              : 0.0811359568924278
Found in Iteration: 29
Current Iteration : 901
Technique         : Randomized First Improvement
Function Calls    : 184
  ***
[Final Result]
Cost                  : 0.0811359568924278
Found in Iteration    : 29
Current Iteration     : 1001
Technique             : Randomized First Improvement
Function Calls        : 184
Starting Configuration:
  [Configuration]
  name      : rosenbrock_config
  parameters:
    [NumberParameter]
    name : i0
    min  : -2.000000
    max  : 2.000000
    value: 1.113147
    ***
    [NumberParameter]
    name : i1
    min  : -2.000000
    max  : 2.000000
    value: 1.741523
Minimum Configuration :
  [Configuration]
  name      : rosenbrock_config
  parameters:
    [NumberParameter]
    name : i0
    min  : -2.000000
    max  : 2.000000
    value: 0.722111
    ***
    [NumberParameter]
    name : i1
    min  : -2.000000
    max  : 2.000000
    value: 0.515188
0.0811359568924278
2 facts verified.
[Search]
  > iterative_greedy_construction
[Result]
Cost              : 1.0
Found in Iteration: 1
Current Iteration : 1
Technique         : Initialize
Function Calls    : 1
  ***
[Result]
Cost              : 0.6902222343101229
Found in Iteration: 3
Current Iteration : 101
Technique         : Iterative Greedy Construction
Function Calls    : 79
  ***
[Result]
Cost              : 0.6531685599359673
Found in Iteration: 4
Current Iteration : 201
Technique         : Iterative Greedy Construction
Function Calls    : 115
  ***
[Result]
Cost              : 0.6465325754134323
Found in Iteration: 4
Current Iteration : 301
Technique         : Iterative Greedy Construction
Function Calls    : 223
  ***
[Result]
Cost              : 0.6465325754134323
Found in Iteration: 4
Current Iteration : 401
Technique         : Iterative Greedy Construction
Function Calls    : 223
  ***
[Result]
Cost              : 0.6465325754134323
Found in Iteration: 4
Current Iteration : 501
Technique         : Iterative Greedy Construction
Function Calls    : 223
  ***
[Result]
Cost              : 0.6465325754134323
Found in Iteration: 4
Current Iteration : 601
Technique         : Iterative Greedy Construction
Function Calls    : 223
  ***
[Result]
Cost              : 0.6465325754134323
Found in Iteration: 4
Current Iteration : 701
Technique         : Iterative Greedy Construction
Function Calls    : 223
  ***
[Result]
Cost              : 0.6465325754134323
Found in Iteration: 4
Current Iteration : 801
Technique         : Iterative Greedy Construction
Function Calls    : 223
  ***
[Result]
Cost              : 0.6465325754134323
Found in Iteration: 4
Current Iteration : 901
Technique         : Iterative Greedy Construction
Function Calls    : 223
  ***
[Final Result]
Cost                  : 0.6465325754134323
Found in Iteration    : 4
Current Iteration     : 1001
Technique             : Iterative Greedy Construction
Function Calls        : 223
Starting Configuration:
  [Configuration]
  name      : rosenbrock_config
  parameters:
    [NumberParameter]
    name : i0
    min  : -2.000000
    max  : 2.000000
    value: 0.196283
    ***
    [NumberParameter]
    name : i1
    min  : -2.000000
    max  : 2.000000
    value: 0.030037
Minimum Configuration :
  [Configuration]
  name      : rosenbrock_config
  parameters:
    [NumberParameter]
    name : i0
    min  : -2.000000
    max  : 2.000000
    value: 0.196283
    ***
    [NumberParameter]
    name : i1
    min  : -2.000000
    max  : 2.000000
    value: 0.040919
0.6465325754134323
2 facts verified.
[Search]
  > iterated local search
[Result]
Cost              : 1.0
Found in Iteration: 1
Current Iteration : 1
Technique         : Initialize
Function Calls    : 1
  ***
[Result]
Cost              : 0.010296395375837219
Found in Iteration: 117
Current Iteration : 87
Technique         : Iterated Local Search
Function Calls    : 3568
  ***
[Result]
Cost              : 8.892880667819335e-5
Found in Iteration: 298
Current Iteration : 152
Technique         : Iterated Local Search
Function Calls    : 9187
  ***
[Final Result]
Cost                  : 8.892880667819335e-5
Found in Iteration    : 298
Current Iteration     : 225
Technique             : Iterated Local Search
Function Calls        : 9187
Starting Configuration:
  [Configuration]
  name      : rosenbrock_config
  parameters:
    [NumberParameter]
    name : i0
    min  : -2.000000
    max  : 2.000000
    value: 1.007955
    ***
    [NumberParameter]
    name : i1
    min  : -2.000000
    max  : 2.000000
    value: 1.001886
Minimum Configuration :
  [Configuration]
  name      : rosenbrock_config
  parameters:
    [NumberParameter]
    name : i0
    min  : -2.000000
    max  : 2.000000
    value: 1.000472
    ***
    [NumberParameter]
    name : i1
    min  : -2.000000
    max  : 2.000000
    value: 1.001886
8.892880667819335e-5
2 facts verified.
[unit_value]
  > EnumParameter
  > IntegerParameter
  > FloatParameter
6 facts verified.
INFO: StochasticSearch tests passed

>>> End of log
