>>> 'Pkg.add("StrFormat")' log
INFO: Cloning cache of Format from https://github.com/JuliaString/Format.jl.git
INFO: Cloning cache of StrFormat from https://github.com/JuliaString/StrFormat.jl.git
INFO: Installing CharSetEncodings v0.1.3
INFO: Installing ChrBase v0.1.2
INFO: Installing Format v0.6.4
INFO: Installing ModuleInterfaceTools v0.1.3
INFO: Installing MurmurHash3 v0.1.3
INFO: Installing PCRE2 v0.1.1
INFO: Installing StrAPI v0.1.2
INFO: Installing StrBase v0.1.3
INFO: Installing StrFormat v0.1.1
INFO: Installing StrLiterals v0.1.2
INFO: Installing StrRegex v0.1.2
INFO: Building PCRE2
INFO: Package database updated

>>> 'Pkg.test("StrFormat")' log
Julia Version 0.6.3
Commit d55cadc350 (2018-05-28 20:20 UTC)
Platform Info:
  OS: Linux (x86_64-pc-linux-gnu)
  CPU: Intel(R) Xeon(R) CPU E3-1241 v3 @ 3.50GHz
  WORD_SIZE: 64
           Ubuntu 14.04.5 LTS
  uname: Linux 3.13.0-143-generic #192-Ubuntu SMP Tue Feb 27 10:45:36 UTC 2018 x86_64 x86_64
Memory: 2.939197540283203 GB (978.18359375 MB free)
Uptime: 60891.0 sec
Load Avg:  0.62890625  0.88671875  0.92529296875
Intel(R) Xeon(R) CPU E3-1241 v3 @ 3.50GHz: 
       speed         user         nice          sys         idle          irq
#1  3499 MHz    3862186 s       3314 s     278585 s     972443 s         11 s
#2  3499 MHz     585676 s        512 s      86137 s    5321263 s          0 s

  BLAS: libopenblas (USE64BITINT DYNAMIC_ARCH NO_AFFINITY Nehalem)
  LAPACK: libopenblas64_
  LIBM: libopenlibm
  LLVM: libLLVM-3.9.1 (ORCJIT, haswell)
Environment:
  TERM = vt100
  LD_LIBRARY_PATH = :/usr/local/lib/
  PATH = /usr/local/sbin:/usr/local/bin:/usr/sbin:/usr/bin:/sbin:/bin:/usr/games:/usr/local/games:/home/vagrant/julia/bin/
  JAVA_HOME = /usr/lib/jvm/java-8-openjdk-amd64
  HOME = /home/vagrant

Package Directory: /home/vagrant/.julia/v0.6
10 required packages:
 - Cairo                         0.5.2
 - Colors                        0.8.2
 - Conda                         0.8.1
 - Distributions                 0.15.0
 - JSON                          0.17.2
 - POMDPModels                   0.2.2
 - PyCall                        1.17.1
 - PyPlot                        2.5.0
 - RDatasets                     0.4.0
 - StrFormat                     0.1.1
81 additional packages:
 - AbstractTrees                 0.1.0
 - AssetRegistry                 0.0.1
 - AutoHashEquals                0.2.0
 - BinDeps                       0.8.8
 - BinaryProvider                0.3.2
 - Blink                         0.6.2
 - CPUTime                       0.0.5
 - CSV                           0.2.5
 - Calculus                      0.4.0
 - CategoricalArrays             0.3.10
 - CharSetEncodings              0.1.3
 - ChrBase                       0.1.2
 - CodecZlib                     0.4.3
 - ColorTypes                    0.6.7
 - Compat                        0.69.0
 - D3Trees                       0.2.0
 - DataFrames                    0.11.6
 - DataStreams                   0.3.6
 - DataStructures                0.8.3
 - DiscreteValueIteration        0.0.0-             master (unregistered)
 - Emoji_Entities                0.2.4              81d15593 (dirty)
 - FileIO                        0.9.0
 - FixedPointNumbers             0.4.6
 - Format                        0.6.4
 - Graphics                      0.3.0
 - HTML_Entities                 0.2.4              1a5cf18a (dirty)
 - Hiccup                        0.1.1
 - HttpCommon                    0.4.0
 - HttpParser                    0.3.1
 - HttpServer                    0.3.1
 - InternedStrings               0.6.2
 - Iterators                     0.3.1
 - LaTeXStrings                  1.0.0
 - LaTeX_Entities                0.2.4              96871748 (dirty)
 - Lazy                          0.12.1
 - LightXML                      0.6.0
 - MCTS                          0.0.0-             master (unregistered)
 - MacroTools                    0.4.1
 - MbedTLS                       0.5.11
 - Missings                      0.2.9
 - Mocking                       0.5.3
 - ModuleInterfaceTools          0.1.3
 - MurmurHash3                   0.1.3
 - Mustache                      0.3.2
 - Mux                           0.3.0
 - NaNMath                       0.3.1
 - NamedTuples                   4.0.2
 - Nullables                     0.0.5
 - PCRE2                         0.1.1
 - PDMats                        0.8.0
 - POMDPToolbox                  0.2.7
 - POMDPXFiles                   0.0.0-             master (unregistered)
 - POMDPs                        0.6.7
 - Pidfile                       1.0.0
 - ProgressMeter                 0.5.5
 - QMDP                          0.0.0-             master (unregistered)
 - QuadGK                        0.2.1
 - RData                         0.4.0
 - Reexport                      0.1.0
 - Requires                      0.4.4
 - Rmath                         0.3.3
 - SARSOP                        0.0.0-             master (unregistered)
 - SHA                           0.5.7
 - SortingAlgorithms             0.2.1
 - SpecialFunctions              0.5.0
 - StaticArrays                  0.7.1
 - StatsBase                     0.23.0
 - StatsFuns                     0.6.0
 - StrAPI                        0.1.2
 - StrBase                       0.1.3
 - StrLiterals                   0.1.2
 - StrRegex                      0.1.2
 - StrTables                     0.2.4
 - TabularTDLearning             0.0.0-             master (unregistered)
 - TikzPictures                  1.2.0
 - TimeZones                     0.7.2
 - TranscodingStreams            0.5.2
 - URIParser                     0.3.1
 - VersionParsing                1.1.1
 - WeakRefStrings                0.4.7
 - WebSockets                    0.5.0
INFO: Testing StrFormat
WARNING: Method definition ==(Any) in module Compat at /home/vagrant/.julia/v0.6/Compat/src/Compat.jl:915 overwritten in module StrAPI at /home/vagrant/.julia/v0.6/StrAPI/src/compat.jl:78.
WARNING: Method definition isequal(Any) in module Compat at /home/vagrant/.julia/v0.6/Compat/src/Compat.jl:919 overwritten in module StrAPI at /home/vagrant/.julia/v0.6/StrAPI/src/compat.jl:63.
WARNING: Method definition in(Any) in module Compat at /home/vagrant/.julia/v0.6/Compat/src/Compat.jl:924 overwritten in module StrAPI at /home/vagrant/.julia/v0.6/StrAPI/src/compat.jl:91.
WARNING: Method definition length(AbstractString, Int64, Int64) in module Compat at /home/vagrant/.julia/v0.6/Compat/src/Compat.jl:1927 overwritten in module StrBase at /home/vagrant/.julia/v0.6/StrBase/src/compat.jl:57.
WARNING: Method definition length(AbstractString, Integer, Integer) in module Compat at /home/vagrant/.julia/v0.6/Compat/src/Compat.jl:1925 overwritten in module StrBase at /home/vagrant/.julia/v0.6/StrBase/src/compat.jl:68.
WARNING: Method definition ==(Any) in module Compat at /home/vagrant/.julia/v0.6/Compat/src/Compat.jl:915 overwritten in module StrAPI at /home/vagrant/.julia/v0.6/StrAPI/src/compat.jl:78.
WARNING: Method definition isequal(Any) in module Compat at /home/vagrant/.julia/v0.6/Compat/src/Compat.jl:919 overwritten in module StrAPI at /home/vagrant/.julia/v0.6/StrAPI/src/compat.jl:63.
WARNING: Method definition in(Any) in module Compat at /home/vagrant/.julia/v0.6/Compat/src/Compat.jl:924 overwritten in module StrAPI at /home/vagrant/.julia/v0.6/StrAPI/src/compat.jl:91.
WARNING: Method definition length(AbstractString, Int64, Int64) in module Compat at /home/vagrant/.julia/v0.6/Compat/src/Compat.jl:1927 overwritten in module StrBase at /home/vagrant/.julia/v0.6/StrBase/src/compat.jl:57.
WARNING: Method definition length(AbstractString, Integer, Integer) in module Compat at /home/vagrant/.julia/v0.6/Compat/src/Compat.jl:1925 overwritten in module StrBase at /home/vagrant/.julia/v0.6/StrBase/src/compat.jl:68.
Test Summary: | Pass  Total
C Formatting  |  257    257
Test Summary:     | Pass  Total
Python Formatting |  120    120
INFO: StrFormat tests passed

>>> End of log
