>>> 'Pkg.add("StringInterpolation")' log
INFO: Cloning cache of StringInterpolation from https://github.com/EricForgy/StringInterpolation.jl.git
INFO: Installing StringInterpolation v0.0.1
INFO: Package database updated

>>> 'Pkg.test("StringInterpolation")' log
Julia Version 0.5.0-rc3+0
Commit e6f843b (2016-08-22 23:43 UTC)
Platform Info:
  System: Linux (x86_64-unknown-linux-gnu)
  CPU: Intel(R) Xeon(R) CPU E3-1241 v3 @ 3.50GHz
  WORD_SIZE: 64
           Ubuntu 14.04.5 LTS
  uname: Linux 3.13.0-93-generic #140-Ubuntu SMP Mon Jul 18 21:21:05 UTC 2016 x86_64 x86_64
Memory: 2.4471054077148438 GB (781.03125 MB free)
Uptime: 25091.0 sec
Load Avg:  0.9208984375  0.943359375  0.9501953125
Intel(R) Xeon(R) CPU E3-1241 v3 @ 3.50GHz: 
       speed         user         nice          sys         idle          irq
#1  3499 MHz    1325180 s       2002 s     160996 s     671704 s         46 s
#2  3499 MHz     386503 s       5832 s      61167 s    1972823 s          1 s

  BLAS: libopenblas (USE64BITINT DYNAMIC_ARCH NO_AFFINITY Nehalem)
  LAPACK: libopenblas64_
  LIBM: libopenlibm
  LLVM: libLLVM-3.7.1 (ORCJIT, haswell)
Environment:
  TERM = vt100
  LD_LIBRARY_PATH = :/usr/local/lib/
  PATH = /usr/local/sbin:/usr/local/bin:/usr/sbin:/usr/bin:/sbin:/bin:/usr/games:/usr/local/games:/home/vagrant/julia/bin/
  JAVA_HOME = /usr/lib/jvm/java-7-oracle
  HOME = /home/vagrant

Package Directory: /home/vagrant/.julia/v0.5
2 required packages:
 - JSON                          0.7.0
 - StringInterpolation           0.0.1
1 additional packages:
 - Compat                        0.8.8
INFO: Testing StringInterpolation
INFO: StringInterpolation tests passed

>>> End of log
