>>> 'Pkg.add("StrICU")' log
INFO: Cloning cache of StrICU from https://github.com/JuliaString/StrICU.jl.git
INFO: Installing CharSetEncodings v0.1.3
INFO: Installing ChrBase v0.1.2
INFO: Installing ModuleInterfaceTools v0.1.4
INFO: Installing MurmurHash3 v0.1.3
INFO: Installing StrAPI v0.1.2
INFO: Installing StrBase v0.1.3
INFO: Installing StrICU v0.1.1
INFO: Building StrICU
INFO: Package database updated

>>> 'Pkg.test("StrICU")' log
Julia Version 0.6.3
Commit d55cadc350 (2018-05-28 20:20 UTC)
Platform Info:
  OS: Linux (x86_64-pc-linux-gnu)
  CPU: Intel(R) Xeon(R) CPU E3-1241 v3 @ 3.50GHz
  WORD_SIZE: 64
           Ubuntu 14.04.5 LTS
  uname: Linux 3.13.0-143-generic #192-Ubuntu SMP Tue Feb 27 10:45:36 UTC 2018 x86_64 x86_64
Memory: 2.939197540283203 GB (1061.20703125 MB free)
Uptime: 62067.0 sec
Load Avg:  1.0322265625  1.03369140625  1.03515625
Intel(R) Xeon(R) CPU E3-1241 v3 @ 3.50GHz: 
       speed         user         nice          sys         idle          irq
#1  3495 MHz    3822260 s        378 s     288896 s    1138139 s         14 s
#2  3495 MHz     810326 s       5323 s      92509 s    5198670 s          0 s

  BLAS: libopenblas (USE64BITINT DYNAMIC_ARCH NO_AFFINITY Nehalem)
  LAPACK: libopenblas64_
  LIBM: libopenlibm
  LLVM: libLLVM-3.9.1 (ORCJIT, haswell)
Environment:
  TERM = vt100
  LD_LIBRARY_PATH = :/usr/local/lib/
  PATH = /usr/local/sbin:/usr/local/bin:/usr/sbin:/usr/bin:/sbin:/bin:/usr/games:/usr/local/games:/home/vagrant/julia/bin/
  JAVA_HOME = /usr/lib/jvm/java-8-openjdk-amd64
  HOME = /home/vagrant

Package Directory: /home/vagrant/.julia/v0.6
7 required packages:
 - Conda                         0.8.1
 - JSON                          0.17.2
 - POMDPModels                   0.2.2
 - PyCall                        1.17.1
 - PyPlot                        2.5.0
 - RDatasets                     0.4.0
 - StrICU                        0.1.1
73 additional packages:
 - AbstractTrees                 0.1.0
 - AssetRegistry                 0.0.1
 - AutoHashEquals                0.2.0
 - BinDeps                       0.8.8
 - BinaryProvider                0.3.2
 - Blink                         0.6.2
 - CPUTime                       0.0.5
 - CSV                           0.2.5
 - Calculus                      0.4.0
 - CategoricalArrays             0.3.10
 - CharSetEncodings              0.1.3
 - ChrBase                       0.1.2
 - CodecZlib                     0.4.3
 - ColorTypes                    0.6.7
 - Colors                        0.8.2
 - Compat                        0.69.0
 - D3Trees                       0.2.0
 - DataFrames                    0.11.6
 - DataStreams                   0.3.6
 - DataStructures                0.8.3
 - DiscreteValueIteration        0.0.0-             master (unregistered)
 - Distributions                 0.15.0
 - Emoji_Entities                0.2.4              81d15593 (dirty)
 - FileIO                        0.9.1
 - FixedPointNumbers             0.4.6
 - HTML_Entities                 0.2.4              1a5cf18a (dirty)
 - Hiccup                        0.1.1
 - HttpCommon                    0.4.0
 - HttpParser                    0.4.0
 - HttpServer                    0.3.1
 - InternedStrings               0.6.2
 - Iterators                     0.3.1
 - LaTeXStrings                  1.0.0
 - LaTeX_Entities                0.2.4              96871748 (dirty)
 - Lazy                          0.12.1
 - LightXML                      0.6.0
 - MCTS                          0.0.0-             master (unregistered)
 - MacroTools                    0.4.2
 - MbedTLS                       0.5.11
 - Missings                      0.2.10
 - Mocking                       0.5.3
 - ModuleInterfaceTools          0.1.4
 - MurmurHash3                   0.1.3
 - Mustache                      0.3.3
 - Mux                           0.3.0
 - NamedTuples                   4.0.2
 - Nullables                     0.0.5
 - PDMats                        0.8.0
 - POMDPToolbox                  0.2.7
 - POMDPs                        0.6.7
 - Pidfile                       1.0.0
 - ProgressMeter                 0.5.5
 - QuadGK                        0.2.1
 - RData                         0.4.0
 - Reexport                      0.1.0
 - Requires                      0.4.4
 - Rmath                         0.4.0
 - SHA                           0.5.7
 - SortingAlgorithms             0.2.1
 - SpecialFunctions              0.6.0
 - StaticArrays                  0.7.2
 - StatsBase                     0.23.1
 - StatsFuns                     0.6.1
 - StrAPI                        0.1.2
 - StrBase                       0.1.3
 - StrTables                     0.2.4
 - TikzPictures                  1.2.0
 - TimeZones                     0.7.2
 - TranscodingStreams            0.5.2
 - URIParser                     0.3.1
 - VersionParsing                1.1.1
 - WeakRefStrings                0.4.7
 - WebSockets                    0.5.0
INFO: Testing StrICU
ERROR: LoadError: LoadError: MethodError: no method matching m_eval(::Expr)
Closest candidates are:
  m_eval(::Any, !Matched::Any) at /home/vagrant/.julia/v0.6/ModuleInterfaceTools/src/ModuleInterfaceTools.jl:88
Stacktrace:
 [1] macro expansion at /home/vagrant/.julia/v0.6/StrAPI/src/uni.jl:61 [inlined]
 [2] anonymous at ./<missing>:?
 [3] include_from_node1(::String) at ./loading.jl:576
 [4] include(::String) at ./sysimg.jl:14
 [5] include_from_node1(::String) at ./loading.jl:576
 [6] include(::String) at ./sysimg.jl:14
 [7] anonymous at ./<missing>:2
while loading /home/vagrant/.julia/v0.6/StrAPI/src/uni.jl, in expression starting on line 60
while loading /home/vagrant/.julia/v0.6/StrAPI/src/StrAPI.jl, in expression starting on line 136
m_eval(StrICU, import StrAPI)
Failed to precompile StrAPI to /home/vagrant/.julia/lib/v0.6/StrAPI.ji.
Stacktrace:
 [1] compilecache(::String) at ./loading.jl:710
 [2] _require(::Symbol) at ./loading.jl:497
 [3] require(::Symbol) at ./loading.jl:405
 [4] m_eval(::Module, ::Expr) at /home/vagrant/.julia/v0.6/ModuleInterfaceTools/src/ModuleInterfaceTools.jl:89
 [5] _api(::Module, ::Symbol, ::Tuple{Expr}) at /home/vagrant/.julia/v0.6/ModuleInterfaceTools/src/ModuleInterfaceTools.jl:338
 [6] @api(::Symbol, ::Vararg{Any,N} where N) at /home/vagrant/.julia/v0.6/ModuleInterfaceTools/src/ModuleInterfaceTools.jl:396
 [7] include_from_node1(::String) at ./loading.jl:576
 [8] eval(::Module, ::Any) at ./boot.jl:235
 [9] _require(::Symbol) at ./loading.jl:490
 [10] require(::Symbol) at ./loading.jl:405
 [11] include_from_node1(::String) at ./loading.jl:576
 [12] include(::String) at ./sysimg.jl:14
 [13] process_options(::Base.JLOptions) at ./client.jl:305
 [14] _start() at ./client.jl:371
ERROR: LoadError: LoadError: MethodError: no method matching m_eval(::Expr)
Closest candidates are:
  m_eval(::Any, !Matched::Any) at /home/vagrant/.julia/v0.6/ModuleInterfaceTools/src/ModuleInterfaceTools.jl:88
Stacktrace:
 [1] macro expansion at /home/vagrant/.julia/v0.6/StrAPI/src/uni.jl:61 [inlined]
 [2] anonymous at ./<missing>:?
 [3] include_from_node1(::String) at ./loading.jl:576
 [4] include(::String) at ./sysimg.jl:14
 [5] include_from_node1(::String) at ./loading.jl:576
 [6] include(::String) at ./sysimg.jl:14
 [7] anonymous at ./<missing>:2
while loading /home/vagrant/.julia/v0.6/StrAPI/src/uni.jl, in expression starting on line 60
while loading /home/vagrant/.julia/v0.6/StrAPI/src/StrAPI.jl, in expression starting on line 136
m_eval(CharSetEncodings, import StrAPI)
Failed to precompile StrAPI to /home/vagrant/.julia/lib/v0.6/StrAPI.ji.
Stacktrace:
 [1] compilecache(::String) at ./loading.jl:710
 [2] _require(::Symbol) at ./loading.jl:463
 [3] require(::Symbol) at ./loading.jl:405
 [4] m_eval(::Module, ::Expr) at /home/vagrant/.julia/v0.6/ModuleInterfaceTools/src/ModuleInterfaceTools.jl:89
 [5] _api(::Module, ::Symbol, ::Tuple{Symbol}) at /home/vagrant/.julia/v0.6/ModuleInterfaceTools/src/ModuleInterfaceTools.jl:346
 [6] @api(::Symbol, ::Vararg{Any,N} where N) at /home/vagrant/.julia/v0.6/ModuleInterfaceTools/src/ModuleInterfaceTools.jl:396
 [7] include_from_node1(::String) at ./loading.jl:576
 [8] include(::String) at ./sysimg.jl:14
 [9] anonymous at ./<missing>:2
 [10] eval(::Module, ::Any) at ./boot.jl:235
 [11] process_options(::Base.JLOptions) at ./client.jl:286
 [12] _start() at ./client.jl:371
m_eval(CharSetEncodings, StrAPI)
UndefVarError: StrAPI not defined
Stacktrace:
 [1] m_eval(::Module, ::Symbol) at /home/vagrant/.julia/v0.6/ModuleInterfaceTools/src/ModuleInterfaceTools.jl:89
 [2] _api(::Module, ::Symbol, ::Tuple{Symbol}) at /home/vagrant/.julia/v0.6/ModuleInterfaceTools/src/ModuleInterfaceTools.jl:360
 [3] @api(::Symbol, ::Vararg{Any,N} where N) at /home/vagrant/.julia/v0.6/ModuleInterfaceTools/src/ModuleInterfaceTools.jl:396
 [4] include_from_node1(::String) at ./loading.jl:576
 [5] include(::String) at ./sysimg.jl:14
 [6] anonymous at ./<missing>:2
 [7] eval(::Module, ::Any) at ./boot.jl:235
 [8] process_options(::Base.JLOptions) at ./client.jl:286
 [9] _start() at ./client.jl:371
m_eval(CharSetEncodings, StrAPI)
UndefVarError: StrAPI not defined
Stacktrace:
 [1] m_eval(::Module, ::Symbol) at /home/vagrant/.julia/v0.6/ModuleInterfaceTools/src/ModuleInterfaceTools.jl:89
 [2] _api_extend(::Module, ::Set{Symbol}, ::Bool) at /home/vagrant/.julia/v0.6/ModuleInterfaceTools/src/ModuleInterfaceTools.jl:264
 [3] _api(::Module, ::Symbol, ::Tuple{Symbol}) at /home/vagrant/.julia/v0.6/ModuleInterfaceTools/src/ModuleInterfaceTools.jl:373
 [4] @api(::Symbol, ::Vararg{Any,N} where N) at /home/vagrant/.julia/v0.6/ModuleInterfaceTools/src/ModuleInterfaceTools.jl:396
 [5] include_from_node1(::String) at ./loading.jl:576
 [6] include(::String) at ./sysimg.jl:14
 [7] anonymous at ./<missing>:2
 [8] eval(::Module, ::Any) at ./boot.jl:235
 [9] process_options(::Base.JLOptions) at ./client.jl:286
 [10] _start() at ./client.jl:371
ERROR: LoadError: MethodError: no method matching names(::Void)
Closest candidates are:
  names(!Matched::Module, !Matched::Bool, !Matched::Bool) at reflection.jl:87
  names(!Matched::Module, !Matched::Bool) at reflection.jl:87
  names(!Matched::Module) at reflection.jl:87
Stacktrace:
 [1] include_from_node1(::String) at ./loading.jl:576
 [2] include(::String) at ./sysimg.jl:14
 [3] anonymous at ./<missing>:2
while loading /home/vagrant/.julia/v0.6/CharSetEncodings/src/CharSetEncodings.jl, in expression starting on line 12
m_eval(StrICU, import CharSetEncodings)
Failed to precompile CharSetEncodings to /home/vagrant/.julia/lib/v0.6/CharSetEncodings.ji.
Stacktrace:
 [1] compilecache(::String) at ./loading.jl:710
 [2] _require(::Symbol) at ./loading.jl:497
 [3] require(::Symbol) at ./loading.jl:405
 [4] m_eval(::Module, ::Expr) at /home/vagrant/.julia/v0.6/ModuleInterfaceTools/src/ModuleInterfaceTools.jl:89
 [5] _api(::Module, ::Symbol, ::Tuple{Expr}) at /home/vagrant/.julia/v0.6/ModuleInterfaceTools/src/ModuleInterfaceTools.jl:338
 [6] @api(::Symbol, ::Vararg{Any,N} where N) at /home/vagrant/.julia/v0.6/ModuleInterfaceTools/src/ModuleInterfaceTools.jl:396
 [7] include_from_node1(::String) at ./loading.jl:576
 [8] eval(::Module, ::Any) at ./boot.jl:235
 [9] _require(::Symbol) at ./loading.jl:490
 [10] require(::Symbol) at ./loading.jl:405
 [11] include_from_node1(::String) at ./loading.jl:576
 [12] include(::String) at ./sysimg.jl:14
 [13] process_options(::Base.JLOptions) at ./client.jl:305
 [14] _start() at ./client.jl:371
ERROR: LoadError: LoadError: MethodError: no method matching m_eval(::Expr)
Closest candidates are:
  m_eval(::Any, !Matched::Any) at /home/vagrant/.julia/v0.6/ModuleInterfaceTools/src/ModuleInterfaceTools.jl:88
Stacktrace:
 [1] macro expansion at /home/vagrant/.julia/v0.6/StrAPI/src/uni.jl:61 [inlined]
 [2] anonymous at ./<missing>:?
 [3] include_from_node1(::String) at ./loading.jl:576
 [4] include(::String) at ./sysimg.jl:14
 [5] include_from_node1(::String) at ./loading.jl:576
 [6] include(::String) at ./sysimg.jl:14
 [7] anonymous at ./<missing>:2
while loading /home/vagrant/.julia/v0.6/StrAPI/src/uni.jl, in expression starting on line 60
while loading /home/vagrant/.julia/v0.6/StrAPI/src/StrAPI.jl, in expression starting on line 136
m_eval(ChrBase, import StrAPI)
Failed to precompile StrAPI to /home/vagrant/.julia/lib/v0.6/StrAPI.ji.
Stacktrace:
 [1] compilecache(::String) at ./loading.jl:710
 [2] _require(::Symbol) at ./loading.jl:463
 [3] require(::Symbol) at ./loading.jl:405
 [4] m_eval(::Module, ::Expr) at /home/vagrant/.julia/v0.6/ModuleInterfaceTools/src/ModuleInterfaceTools.jl:89
 [5] _api(::Module, ::Symbol, ::Tuple{Expr}) at /home/vagrant/.julia/v0.6/ModuleInterfaceTools/src/ModuleInterfaceTools.jl:338
 [6] @api(::Symbol, ::Vararg{Any,N} where N) at /home/vagrant/.julia/v0.6/ModuleInterfaceTools/src/ModuleInterfaceTools.jl:396
 [7] include_from_node1(::String) at ./loading.jl:576
 [8] include(::String) at ./sysimg.jl:14
 [9] anonymous at ./<missing>:2
 [10] eval(::Module, ::Any) at ./boot.jl:235
 [11] process_options(::Base.JLOptions) at ./client.jl:286
 [12] _start() at ./client.jl:371
ERROR: LoadError: LoadError: MethodError: no method matching m_eval(::Expr)
Closest candidates are:
  m_eval(::Any, !Matched::Any) at /home/vagrant/.julia/v0.6/ModuleInterfaceTools/src/ModuleInterfaceTools.jl:88
Stacktrace:
 [1] macro expansion at /home/vagrant/.julia/v0.6/StrAPI/src/uni.jl:61 [inlined]
 [2] anonymous at ./<missing>:?
 [3] include_from_node1(::String) at ./loading.jl:576
 [4] include(::String) at ./sysimg.jl:14
 [5] include_from_node1(::String) at ./loading.jl:576
 [6] include(::String) at ./sysimg.jl:14
 [7] anonymous at ./<missing>:2
while loading /home/vagrant/.julia/v0.6/StrAPI/src/uni.jl, in expression starting on line 60
while loading /home/vagrant/.julia/v0.6/StrAPI/src/StrAPI.jl, in expression starting on line 136
m_eval(CharSetEncodings, import StrAPI)
Failed to precompile StrAPI to /home/vagrant/.julia/lib/v0.6/StrAPI.ji.
Stacktrace:
 [1] compilecache(::String) at ./loading.jl:710
 [2] _require(::Symbol) at ./loading.jl:463
 [3] require(::Symbol) at ./loading.jl:405
 [4] m_eval(::Module, ::Expr) at /home/vagrant/.julia/v0.6/ModuleInterfaceTools/src/ModuleInterfaceTools.jl:89
 [5] _api(::Module, ::Symbol, ::Tuple{Symbol}) at /home/vagrant/.julia/v0.6/ModuleInterfaceTools/src/ModuleInterfaceTools.jl:346
 [6] @api(::Symbol, ::Vararg{Any,N} where N) at /home/vagrant/.julia/v0.6/ModuleInterfaceTools/src/ModuleInterfaceTools.jl:396
 [7] include_from_node1(::String) at ./loading.jl:576
 [8] include(::String) at ./sysimg.jl:14
 [9] anonymous at ./<missing>:2
 [10] eval(::Module, ::Any) at ./boot.jl:235
 [11] process_options(::Base.JLOptions) at ./client.jl:286
 [12] _start() at ./client.jl:371
m_eval(CharSetEncodings, StrAPI)
UndefVarError: StrAPI not defined
Stacktrace:
 [1] m_eval(::Module, ::Symbol) at /home/vagrant/.julia/v0.6/ModuleInterfaceTools/src/ModuleInterfaceTools.jl:89
 [2] _api(::Module, ::Symbol, ::Tuple{Symbol}) at /home/vagrant/.julia/v0.6/ModuleInterfaceTools/src/ModuleInterfaceTools.jl:360
 [3] @api(::Symbol, ::Vararg{Any,N} where N) at /home/vagrant/.julia/v0.6/ModuleInterfaceTools/src/ModuleInterfaceTools.jl:396
 [4] include_from_node1(::String) at ./loading.jl:576
 [5] include(::String) at ./sysimg.jl:14
 [6] anonymous at ./<missing>:2
 [7] eval(::Module, ::Any) at ./boot.jl:235
 [8] process_options(::Base.JLOptions) at ./client.jl:286
 [9] _start() at ./client.jl:371
m_eval(CharSetEncodings, StrAPI)
UndefVarError: StrAPI not defined
Stacktrace:
 [1] m_eval(::Module, ::Symbol) at /home/vagrant/.julia/v0.6/ModuleInterfaceTools/src/ModuleInterfaceTools.jl:89
 [2] _api_extend(::Module, ::Set{Symbol}, ::Bool) at /home/vagrant/.julia/v0.6/ModuleInterfaceTools/src/ModuleInterfaceTools.jl:264
 [3] _api(::Module, ::Symbol, ::Tuple{Symbol}) at /home/vagrant/.julia/v0.6/ModuleInterfaceTools/src/ModuleInterfaceTools.jl:373
 [4] @api(::Symbol, ::Vararg{Any,N} where N) at /home/vagrant/.julia/v0.6/ModuleInterfaceTools/src/ModuleInterfaceTools.jl:396
 [5] include_from_node1(::String) at ./loading.jl:576
 [6] include(::String) at ./sysimg.jl:14
 [7] anonymous at ./<missing>:2
 [8] eval(::Module, ::Any) at ./boot.jl:235
 [9] process_options(::Base.JLOptions) at ./client.jl:286
 [10] _start() at ./client.jl:371
ERROR: LoadError: MethodError: no method matching names(::Void)
Closest candidates are:
  names(!Matched::Module, !Matched::Bool, !Matched::Bool) at reflection.jl:87
  names(!Matched::Module, !Matched::Bool) at reflection.jl:87
  names(!Matched::Module) at reflection.jl:87
Stacktrace:
 [1] include_from_node1(::String) at ./loading.jl:576
 [2] include(::String) at ./sysimg.jl:14
 [3] anonymous at ./<missing>:2
while loading /home/vagrant/.julia/v0.6/CharSetEncodings/src/CharSetEncodings.jl, in expression starting on line 12
m_eval(ChrBase, import CharSetEncodings)
Failed to precompile CharSetEncodings to /home/vagrant/.julia/lib/v0.6/CharSetEncodings.ji.
Stacktrace:
 [1] compilecache(::String) at ./loading.jl:710
 [2] _require(::Symbol) at ./loading.jl:463
 [3] require(::Symbol) at ./loading.jl:405
 [4] m_eval(::Module, ::Expr) at /home/vagrant/.julia/v0.6/ModuleInterfaceTools/src/ModuleInterfaceTools.jl:89
 [5] _api(::Module, ::Symbol, ::Tuple{Expr}) at /home/vagrant/.julia/v0.6/ModuleInterfaceTools/src/ModuleInterfaceTools.jl:338
 [6] @api(::Symbol, ::Vararg{Any,N} where N) at /home/vagrant/.julia/v0.6/ModuleInterfaceTools/src/ModuleInterfaceTools.jl:396
 [7] include_from_node1(::String) at ./loading.jl:576
 [8] include(::String) at ./sysimg.jl:14
 [9] anonymous at ./<missing>:2
 [10] eval(::Module, ::Any) at ./boot.jl:235
 [11] process_options(::Base.JLOptions) at ./client.jl:286
 [12] _start() at ./client.jl:371
m_eval(ChrBase, CharSetEncodings)
UndefVarError: CharSetEncodings not defined
Stacktrace:
 [1] m_eval(::Module, ::Symbol) at /home/vagrant/.julia/v0.6/ModuleInterfaceTools/src/ModuleInterfaceTools.jl:89
 [2] _api(::Module, ::Symbol, ::Tuple{Expr}) at /home/vagrant/.julia/v0.6/ModuleInterfaceTools/src/ModuleInterfaceTools.jl:360
 [3] @api(::Symbol, ::Vararg{Any,N} where N) at /home/vagrant/.julia/v0.6/ModuleInterfaceTools/src/ModuleInterfaceTools.jl:396
 [4] include_from_node1(::String) at ./loading.jl:576
 [5] include(::String) at ./sysimg.jl:14
 [6] anonymous at ./<missing>:2
 [7] eval(::Module, ::Any) at ./boot.jl:235
 [8] process_options(::Base.JLOptions) at ./client.jl:286
 [9] _start() at ./client.jl:371
m_eval(ChrBase, StrAPI)
UndefVarError: StrAPI not defined
Stacktrace:
 [1] m_eval(::Module, ::Symbol) at /home/vagrant/.julia/v0.6/ModuleInterfaceTools/src/ModuleInterfaceTools.jl:89
 [2] _api(::Module, ::Symbol, ::Tuple{Expr}) at /home/vagrant/.julia/v0.6/ModuleInterfaceTools/src/ModuleInterfaceTools.jl:360
 [3] @api(::Symbol, ::Vararg{Any,N} where N) at /home/vagrant/.julia/v0.6/ModuleInterfaceTools/src/ModuleInterfaceTools.jl:396
 [4] include_from_node1(::String) at ./loading.jl:576
 [5] include(::String) at ./sysimg.jl:14
 [6] anonymous at ./<missing>:2
 [7] eval(::Module, ::Any) at ./boot.jl:235
 [8] process_options(::Base.JLOptions) at ./client.jl:286
 [9] _start() at ./client.jl:371
m_eval(ChrBase, CharSetEncodings)
UndefVarError: CharSetEncodings not defined
Stacktrace:
 [1] m_eval(::Module, ::Symbol) at /home/vagrant/.julia/v0.6/ModuleInterfaceTools/src/ModuleInterfaceTools.jl:89
 [2] _api_extend(::Module, ::Set{Symbol}, ::Bool) at /home/vagrant/.julia/v0.6/ModuleInterfaceTools/src/ModuleInterfaceTools.jl:264
 [3] _api(::Module, ::Symbol, ::Tuple{Expr}) at /home/vagrant/.julia/v0.6/ModuleInterfaceTools/src/ModuleInterfaceTools.jl:373
 [4] @api(::Symbol, ::Vararg{Any,N} where N) at /home/vagrant/.julia/v0.6/ModuleInterfaceTools/src/ModuleInterfaceTools.jl:396
 [5] include_from_node1(::String) at ./loading.jl:576
 [6] include(::String) at ./sysimg.jl:14
 [7] anonymous at ./<missing>:2
 [8] eval(::Module, ::Any) at ./boot.jl:235
 [9] process_options(::Base.JLOptions) at ./client.jl:286
 [10] _start() at ./client.jl:371
ERROR: LoadError: MethodError: no method matching names(::Void)
Closest candidates are:
  names(!Matched::Module, !Matched::Bool, !Matched::Bool) at reflection.jl:87
  names(!Matched::Module, !Matched::Bool) at reflection.jl:87
  names(!Matched::Module) at reflection.jl:87
Stacktrace:
 [1] include_from_node1(::String) at ./loading.jl:576
 [2] include(::String) at ./sysimg.jl:14
 [3] anonymous at ./<missing>:2
while loading /home/vagrant/.julia/v0.6/ChrBase/src/ChrBase.jl, in expression starting on line 13
m_eval(StrICU, import ChrBase)
Failed to precompile ChrBase to /home/vagrant/.julia/lib/v0.6/ChrBase.ji.
Stacktrace:
 [1] compilecache(::String) at ./loading.jl:710
 [2] _require(::Symbol) at ./loading.jl:497
 [3] require(::Symbol) at ./loading.jl:405
 [4] m_eval(::Module, ::Expr) at /home/vagrant/.julia/v0.6/ModuleInterfaceTools/src/ModuleInterfaceTools.jl:89
 [5] _api(::Module, ::Symbol, ::Tuple{Expr}) at /home/vagrant/.julia/v0.6/ModuleInterfaceTools/src/ModuleInterfaceTools.jl:338
 [6] @api(::Symbol, ::Vararg{Any,N} where N) at /home/vagrant/.julia/v0.6/ModuleInterfaceTools/src/ModuleInterfaceTools.jl:396
 [7] include_from_node1(::String) at ./loading.jl:576
 [8] eval(::Module, ::Any) at ./boot.jl:235
 [9] _require(::Symbol) at ./loading.jl:490
 [10] require(::Symbol) at ./loading.jl:405
 [11] include_from_node1(::String) at ./loading.jl:576
 [12] include(::String) at ./sysimg.jl:14
 [13] process_options(::Base.JLOptions) at ./client.jl:305
 [14] _start() at ./client.jl:371
ERROR: LoadError: LoadError: MethodError: no method matching m_eval(::Expr)
Closest candidates are:
  m_eval(::Any, !Matched::Any) at /home/vagrant/.julia/v0.6/ModuleInterfaceTools/src/ModuleInterfaceTools.jl:88
Stacktrace:
 [1] macro expansion at /home/vagrant/.julia/v0.6/StrAPI/src/uni.jl:61 [inlined]
 [2] anonymous at ./<missing>:?
 [3] include_from_node1(::String) at ./loading.jl:576
 [4] include(::String) at ./sysimg.jl:14
 [5] include_from_node1(::String) at ./loading.jl:576
 [6] include(::String) at ./sysimg.jl:14
 [7] anonymous at ./<missing>:2
while loading /home/vagrant/.julia/v0.6/StrAPI/src/uni.jl, in expression starting on line 60
while loading /home/vagrant/.julia/v0.6/StrAPI/src/StrAPI.jl, in expression starting on line 136
m_eval(StrBase, import StrAPI)
Failed to precompile StrAPI to /home/vagrant/.julia/lib/v0.6/StrAPI.ji.
Stacktrace:
 [1] compilecache(::String) at ./loading.jl:710
 [2] _require(::Symbol) at ./loading.jl:463
 [3] require(::Symbol) at ./loading.jl:405
 [4] m_eval(::Module, ::Expr) at /home/vagrant/.julia/v0.6/ModuleInterfaceTools/src/ModuleInterfaceTools.jl:89
 [5] _api(::Module, ::Symbol, ::Tuple{Expr}) at /home/vagrant/.julia/v0.6/ModuleInterfaceTools/src/ModuleInterfaceTools.jl:338
 [6] @api(::Symbol, ::Vararg{Any,N} where N) at /home/vagrant/.julia/v0.6/ModuleInterfaceTools/src/ModuleInterfaceTools.jl:396
 [7] include_from_node1(::String) at ./loading.jl:576
 [8] include(::String) at ./sysimg.jl:14
 [9] anonymous at ./<missing>:2
 [10] eval(::Module, ::Any) at ./boot.jl:235
 [11] process_options(::Base.JLOptions) at ./client.jl:286
 [12] _start() at ./client.jl:371
ERROR: LoadError: LoadError: MethodError: no method matching m_eval(::Expr)
Closest candidates are:
  m_eval(::Any, !Matched::Any) at /home/vagrant/.julia/v0.6/ModuleInterfaceTools/src/ModuleInterfaceTools.jl:88
Stacktrace:
 [1] macro expansion at /home/vagrant/.julia/v0.6/StrAPI/src/uni.jl:61 [inlined]
 [2] anonymous at ./<missing>:?
 [3] include_from_node1(::String) at ./loading.jl:576
 [4] include(::String) at ./sysimg.jl:14
 [5] include_from_node1(::String) at ./loading.jl:576
 [6] include(::String) at ./sysimg.jl:14
 [7] anonymous at ./<missing>:2
while loading /home/vagrant/.julia/v0.6/StrAPI/src/uni.jl, in expression starting on line 60
while loading /home/vagrant/.julia/v0.6/StrAPI/src/StrAPI.jl, in expression starting on line 136
m_eval(CharSetEncodings, import StrAPI)
Failed to precompile StrAPI to /home/vagrant/.julia/lib/v0.6/StrAPI.ji.
Stacktrace:
 [1] compilecache(::String) at ./loading.jl:710
 [2] _require(::Symbol) at ./loading.jl:463
 [3] require(::Symbol) at ./loading.jl:405
 [4] m_eval(::Module, ::Expr) at /home/vagrant/.julia/v0.6/ModuleInterfaceTools/src/ModuleInterfaceTools.jl:89
 [5] _api(::Module, ::Symbol, ::Tuple{Symbol}) at /home/vagrant/.julia/v0.6/ModuleInterfaceTools/src/ModuleInterfaceTools.jl:346
 [6] @api(::Symbol, ::Vararg{Any,N} where N) at /home/vagrant/.julia/v0.6/ModuleInterfaceTools/src/ModuleInterfaceTools.jl:396
 [7] include_from_node1(::String) at ./loading.jl:576
 [8] include(::String) at ./sysimg.jl:14
 [9] anonymous at ./<missing>:2
 [10] eval(::Module, ::Any) at ./boot.jl:235
 [11] process_options(::Base.JLOptions) at ./client.jl:286
 [12] _start() at ./client.jl:371
m_eval(CharSetEncodings, StrAPI)
UndefVarError: StrAPI not defined
Stacktrace:
 [1] m_eval(::Module, ::Symbol) at /home/vagrant/.julia/v0.6/ModuleInterfaceTools/src/ModuleInterfaceTools.jl:89
 [2] _api(::Module, ::Symbol, ::Tuple{Symbol}) at /home/vagrant/.julia/v0.6/ModuleInterfaceTools/src/ModuleInterfaceTools.jl:360
 [3] @api(::Symbol, ::Vararg{Any,N} where N) at /home/vagrant/.julia/v0.6/ModuleInterfaceTools/src/ModuleInterfaceTools.jl:396
 [4] include_from_node1(::String) at ./loading.jl:576
 [5] include(::String) at ./sysimg.jl:14
 [6] anonymous at ./<missing>:2
 [7] eval(::Module, ::Any) at ./boot.jl:235
 [8] process_options(::Base.JLOptions) at ./client.jl:286
 [9] _start() at ./client.jl:371
m_eval(CharSetEncodings, StrAPI)
UndefVarError: StrAPI not defined
Stacktrace:
 [1] m_eval(::Module, ::Symbol) at /home/vagrant/.julia/v0.6/ModuleInterfaceTools/src/ModuleInterfaceTools.jl:89
 [2] _api_extend(::Module, ::Set{Symbol}, ::Bool) at /home/vagrant/.julia/v0.6/ModuleInterfaceTools/src/ModuleInterfaceTools.jl:264
 [3] _api(::Module, ::Symbol, ::Tuple{Symbol}) at /home/vagrant/.julia/v0.6/ModuleInterfaceTools/src/ModuleInterfaceTools.jl:373
 [4] @api(::Symbol, ::Vararg{Any,N} where N) at /home/vagrant/.julia/v0.6/ModuleInterfaceTools/src/ModuleInterfaceTools.jl:396
 [5] include_from_node1(::String) at ./loading.jl:576
 [6] include(::String) at ./sysimg.jl:14
 [7] anonymous at ./<missing>:2
 [8] eval(::Module, ::Any) at ./boot.jl:235
 [9] process_options(::Base.JLOptions) at ./client.jl:286
 [10] _start() at ./client.jl:371
ERROR: LoadError: MethodError: no method matching names(::Void)
Closest candidates are:
  names(!Matched::Module, !Matched::Bool, !Matched::Bool) at reflection.jl:87
  names(!Matched::Module, !Matched::Bool) at reflection.jl:87
  names(!Matched::Module) at reflection.jl:87
Stacktrace:
 [1] include_from_node1(::String) at ./loading.jl:576
 [2] include(::String) at ./sysimg.jl:14
 [3] anonymous at ./<missing>:2
while loading /home/vagrant/.julia/v0.6/CharSetEncodings/src/CharSetEncodings.jl, in expression starting on line 12
m_eval(StrBase, import CharSetEncodings)
Failed to precompile CharSetEncodings to /home/vagrant/.julia/lib/v0.6/CharSetEncodings.ji.
Stacktrace:
 [1] compilecache(::String) at ./loading.jl:710
 [2] _require(::Symbol) at ./loading.jl:463
 [3] require(::Symbol) at ./loading.jl:405
 [4] m_eval(::Module, ::Expr) at /home/vagrant/.julia/v0.6/ModuleInterfaceTools/src/ModuleInterfaceTools.jl:89
 [5] _api(::Module, ::Symbol, ::Tuple{Expr}) at /home/vagrant/.julia/v0.6/ModuleInterfaceTools/src/ModuleInterfaceTools.jl:338
 [6] @api(::Symbol, ::Vararg{Any,N} where N) at /home/vagrant/.julia/v0.6/ModuleInterfaceTools/src/ModuleInterfaceTools.jl:396
 [7] include_from_node1(::String) at ./loading.jl:576
 [8] include(::String) at ./sysimg.jl:14
 [9] anonymous at ./<missing>:2
 [10] eval(::Module, ::Any) at ./boot.jl:235
 [11] process_options(::Base.JLOptions) at ./client.jl:286
 [12] _start() at ./client.jl:371
ERROR: LoadError: LoadError: MethodError: no method matching m_eval(::Expr)
Closest candidates are:
  m_eval(::Any, !Matched::Any) at /home/vagrant/.julia/v0.6/ModuleInterfaceTools/src/ModuleInterfaceTools.jl:88
Stacktrace:
 [1] macro expansion at /home/vagrant/.julia/v0.6/StrAPI/src/uni.jl:61 [inlined]
 [2] anonymous at ./<missing>:?
 [3] include_from_node1(::String) at ./loading.jl:576
 [4] include(::String) at ./sysimg.jl:14
 [5] include_from_node1(::String) at ./loading.jl:576
 [6] include(::String) at ./sysimg.jl:14
 [7] anonymous at ./<missing>:2
while loading /home/vagrant/.julia/v0.6/StrAPI/src/uni.jl, in expression starting on line 60
while loading /home/vagrant/.julia/v0.6/StrAPI/src/StrAPI.jl, in expression starting on line 136
m_eval(ChrBase, import StrAPI)
Failed to precompile StrAPI to /home/vagrant/.julia/lib/v0.6/StrAPI.ji.
Stacktrace:
 [1] compilecache(::String) at ./loading.jl:710
 [2] _require(::Symbol) at ./loading.jl:463
 [3] require(::Symbol) at ./loading.jl:405
 [4] m_eval(::Module, ::Expr) at /home/vagrant/.julia/v0.6/ModuleInterfaceTools/src/ModuleInterfaceTools.jl:89
 [5] _api(::Module, ::Symbol, ::Tuple{Expr}) at /home/vagrant/.julia/v0.6/ModuleInterfaceTools/src/ModuleInterfaceTools.jl:338
 [6] @api(::Symbol, ::Vararg{Any,N} where N) at /home/vagrant/.julia/v0.6/ModuleInterfaceTools/src/ModuleInterfaceTools.jl:396
 [7] include_from_node1(::String) at ./loading.jl:576
 [8] include(::String) at ./sysimg.jl:14
 [9] anonymous at ./<missing>:2
 [10] eval(::Module, ::Any) at ./boot.jl:235
 [11] process_options(::Base.JLOptions) at ./client.jl:286
 [12] _start() at ./client.jl:371
ERROR: LoadError: LoadError: MethodError: no method matching m_eval(::Expr)
Closest candidates are:
  m_eval(::Any, !Matched::Any) at /home/vagrant/.julia/v0.6/ModuleInterfaceTools/src/ModuleInterfaceTools.jl:88
Stacktrace:
 [1] macro expansion at /home/vagrant/.julia/v0.6/StrAPI/src/uni.jl:61 [inlined]
 [2] anonymous at ./<missing>:?
 [3] include_from_node1(::String) at ./loading.jl:576
 [4] include(::String) at ./sysimg.jl:14
 [5] include_from_node1(::String) at ./loading.jl:576
 [6] include(::String) at ./sysimg.jl:14
 [7] anonymous at ./<missing>:2
while loading /home/vagrant/.julia/v0.6/StrAPI/src/uni.jl, in expression starting on line 60
while loading /home/vagrant/.julia/v0.6/StrAPI/src/StrAPI.jl, in expression starting on line 136
m_eval(CharSetEncodings, import StrAPI)
Failed to precompile StrAPI to /home/vagrant/.julia/lib/v0.6/StrAPI.ji.
Stacktrace:
 [1] compilecache(::String) at ./loading.jl:710
 [2] _require(::Symbol) at ./loading.jl:463
 [3] require(::Symbol) at ./loading.jl:405
 [4] m_eval(::Module, ::Expr) at /home/vagrant/.julia/v0.6/ModuleInterfaceTools/src/ModuleInterfaceTools.jl:89
 [5] _api(::Module, ::Symbol, ::Tuple{Symbol}) at /home/vagrant/.julia/v0.6/ModuleInterfaceTools/src/ModuleInterfaceTools.jl:346
 [6] @api(::Symbol, ::Vararg{Any,N} where N) at /home/vagrant/.julia/v0.6/ModuleInterfaceTools/src/ModuleInterfaceTools.jl:396
 [7] include_from_node1(::String) at ./loading.jl:576
 [8] include(::String) at ./sysimg.jl:14
 [9] anonymous at ./<missing>:2
 [10] eval(::Module, ::Any) at ./boot.jl:235
 [11] process_options(::Base.JLOptions) at ./client.jl:286
 [12] _start() at ./client.jl:371
m_eval(CharSetEncodings, StrAPI)
UndefVarError: StrAPI not defined
Stacktrace:
 [1] m_eval(::Module, ::Symbol) at /home/vagrant/.julia/v0.6/ModuleInterfaceTools/src/ModuleInterfaceTools.jl:89
 [2] _api(::Module, ::Symbol, ::Tuple{Symbol}) at /home/vagrant/.julia/v0.6/ModuleInterfaceTools/src/ModuleInterfaceTools.jl:360
 [3] @api(::Symbol, ::Vararg{Any,N} where N) at /home/vagrant/.julia/v0.6/ModuleInterfaceTools/src/ModuleInterfaceTools.jl:396
 [4] include_from_node1(::String) at ./loading.jl:576
 [5] include(::String) at ./sysimg.jl:14
 [6] anonymous at ./<missing>:2
 [7] eval(::Module, ::Any) at ./boot.jl:235
 [8] process_options(::Base.JLOptions) at ./client.jl:286
 [9] _start() at ./client.jl:371
m_eval(CharSetEncodings, StrAPI)
UndefVarError: StrAPI not defined
Stacktrace:
 [1] m_eval(::Module, ::Symbol) at /home/vagrant/.julia/v0.6/ModuleInterfaceTools/src/ModuleInterfaceTools.jl:89
 [2] _api_extend(::Module, ::Set{Symbol}, ::Bool) at /home/vagrant/.julia/v0.6/ModuleInterfaceTools/src/ModuleInterfaceTools.jl:264
 [3] _api(::Module, ::Symbol, ::Tuple{Symbol}) at /home/vagrant/.julia/v0.6/ModuleInterfaceTools/src/ModuleInterfaceTools.jl:373
 [4] @api(::Symbol, ::Vararg{Any,N} where N) at /home/vagrant/.julia/v0.6/ModuleInterfaceTools/src/ModuleInterfaceTools.jl:396
 [5] include_from_node1(::String) at ./loading.jl:576
 [6] include(::String) at ./sysimg.jl:14
 [7] anonymous at ./<missing>:2
 [8] eval(::Module, ::Any) at ./boot.jl:235
 [9] process_options(::Base.JLOptions) at ./client.jl:286
 [10] _start() at ./client.jl:371
ERROR: LoadError: MethodError: no method matching names(::Void)
Closest candidates are:
  names(!Matched::Module, !Matched::Bool, !Matched::Bool) at reflection.jl:87
  names(!Matched::Module, !Matched::Bool) at reflection.jl:87
  names(!Matched::Module) at reflection.jl:87
Stacktrace:
 [1] include_from_node1(::String) at ./loading.jl:576
 [2] include(::String) at ./sysimg.jl:14
 [3] anonymous at ./<missing>:2
while loading /home/vagrant/.julia/v0.6/CharSetEncodings/src/CharSetEncodings.jl, in expression starting on line 12
m_eval(ChrBase, import CharSetEncodings)
Failed to precompile CharSetEncodings to /home/vagrant/.julia/lib/v0.6/CharSetEncodings.ji.
Stacktrace:
 [1] compilecache(::String) at ./loading.jl:710
 [2] _require(::Symbol) at ./loading.jl:463
 [3] require(::Symbol) at ./loading.jl:405
 [4] m_eval(::Module, ::Expr) at /home/vagrant/.julia/v0.6/ModuleInterfaceTools/src/ModuleInterfaceTools.jl:89
 [5] _api(::Module, ::Symbol, ::Tuple{Expr}) at /home/vagrant/.julia/v0.6/ModuleInterfaceTools/src/ModuleInterfaceTools.jl:338
 [6] @api(::Symbol, ::Vararg{Any,N} where N) at /home/vagrant/.julia/v0.6/ModuleInterfaceTools/src/ModuleInterfaceTools.jl:396
 [7] include_from_node1(::String) at ./loading.jl:576
 [8] include(::String) at ./sysimg.jl:14
 [9] anonymous at ./<missing>:2
 [10] eval(::Module, ::Any) at ./boot.jl:235
 [11] process_options(::Base.JLOptions) at ./client.jl:286
 [12] _start() at ./client.jl:371
m_eval(ChrBase, CharSetEncodings)
UndefVarError: CharSetEncodings not defined
Stacktrace:
 [1] m_eval(::Module, ::Symbol) at /home/vagrant/.julia/v0.6/ModuleInterfaceTools/src/ModuleInterfaceTools.jl:89
 [2] _api(::Module, ::Symbol, ::Tuple{Expr}) at /home/vagrant/.julia/v0.6/ModuleInterfaceTools/src/ModuleInterfaceTools.jl:360
 [3] @api(::Symbol, ::Vararg{Any,N} where N) at /home/vagrant/.julia/v0.6/ModuleInterfaceTools/src/ModuleInterfaceTools.jl:396
 [4] include_from_node1(::String) at ./loading.jl:576
 [5] include(::String) at ./sysimg.jl:14
 [6] anonymous at ./<missing>:2
 [7] eval(::Module, ::Any) at ./boot.jl:235
 [8] process_options(::Base.JLOptions) at ./client.jl:286
 [9] _start() at ./client.jl:371
m_eval(ChrBase, StrAPI)
UndefVarError: StrAPI not defined
Stacktrace:
 [1] m_eval(::Module, ::Symbol) at /home/vagrant/.julia/v0.6/ModuleInterfaceTools/src/ModuleInterfaceTools.jl:89
 [2] _api(::Module, ::Symbol, ::Tuple{Expr}) at /home/vagrant/.julia/v0.6/ModuleInterfaceTools/src/ModuleInterfaceTools.jl:360
 [3] @api(::Symbol, ::Vararg{Any,N} where N) at /home/vagrant/.julia/v0.6/ModuleInterfaceTools/src/ModuleInterfaceTools.jl:396
 [4] include_from_node1(::String) at ./loading.jl:576
 [5] include(::String) at ./sysimg.jl:14
 [6] anonymous at ./<missing>:2
 [7] eval(::Module, ::Any) at ./boot.jl:235
 [8] process_options(::Base.JLOptions) at ./client.jl:286
 [9] _start() at ./client.jl:371
m_eval(ChrBase, CharSetEncodings)
UndefVarError: CharSetEncodings not defined
Stacktrace:
 [1] m_eval(::Module, ::Symbol) at /home/vagrant/.julia/v0.6/ModuleInterfaceTools/src/ModuleInterfaceTools.jl:89
 [2] _api_extend(::Module, ::Set{Symbol}, ::Bool) at /home/vagrant/.julia/v0.6/ModuleInterfaceTools/src/ModuleInterfaceTools.jl:264
 [3] _api(::Module, ::Symbol, ::Tuple{Expr}) at /home/vagrant/.julia/v0.6/ModuleInterfaceTools/src/ModuleInterfaceTools.jl:373
 [4] @api(::Symbol, ::Vararg{Any,N} where N) at /home/vagrant/.julia/v0.6/ModuleInterfaceTools/src/ModuleInterfaceTools.jl:396
 [5] include_from_node1(::String) at ./loading.jl:576
 [6] include(::String) at ./sysimg.jl:14
 [7] anonymous at ./<missing>:2
 [8] eval(::Module, ::Any) at ./boot.jl:235
 [9] process_options(::Base.JLOptions) at ./client.jl:286
 [10] _start() at ./client.jl:371
ERROR: LoadError: MethodError: no method matching names(::Void)
Closest candidates are:
  names(!Matched::Module, !Matched::Bool, !Matched::Bool) at reflection.jl:87
  names(!Matched::Module, !Matched::Bool) at reflection.jl:87
  names(!Matched::Module) at reflection.jl:87
Stacktrace:
 [1] include_from_node1(::String) at ./loading.jl:576
 [2] include(::String) at ./sysimg.jl:14
 [3] anonymous at ./<missing>:2
while loading /home/vagrant/.julia/v0.6/ChrBase/src/ChrBase.jl, in expression starting on line 13
m_eval(StrBase, import ChrBase)
Failed to precompile ChrBase to /home/vagrant/.julia/lib/v0.6/ChrBase.ji.
Stacktrace:
 [1] compilecache(::String) at ./loading.jl:710
 [2] _require(::Symbol) at ./loading.jl:463
 [3] require(::Symbol) at ./loading.jl:405
 [4] m_eval(::Module, ::Expr) at /home/vagrant/.julia/v0.6/ModuleInterfaceTools/src/ModuleInterfaceTools.jl:89
 [5] _api(::Module, ::Symbol, ::Tuple{Expr}) at /home/vagrant/.julia/v0.6/ModuleInterfaceTools/src/ModuleInterfaceTools.jl:338
 [6] @api(::Symbol, ::Vararg{Any,N} where N) at /home/vagrant/.julia/v0.6/ModuleInterfaceTools/src/ModuleInterfaceTools.jl:396
 [7] include_from_node1(::String) at ./loading.jl:576
 [8] include(::String) at ./sysimg.jl:14
 [9] anonymous at ./<missing>:2
 [10] eval(::Module, ::Any) at ./boot.jl:235
 [11] process_options(::Base.JLOptions) at ./client.jl:286
 [12] _start() at ./client.jl:371
m_eval(StrBase, ChrBase)
UndefVarError: ChrBase not defined
Stacktrace:
 [1] m_eval(::Module, ::Symbol) at /home/vagrant/.julia/v0.6/ModuleInterfaceTools/src/ModuleInterfaceTools.jl:89
 [2] _api(::Module, ::Symbol, ::Tuple{Expr}) at /home/vagrant/.julia/v0.6/ModuleInterfaceTools/src/ModuleInterfaceTools.jl:360
 [3] @api(::Symbol, ::Vararg{Any,N} where N) at /home/vagrant/.julia/v0.6/ModuleInterfaceTools/src/ModuleInterfaceTools.jl:396
 [4] include_from_node1(::String) at ./loading.jl:576
 [5] include(::String) at ./sysimg.jl:14
 [6] anonymous at ./<missing>:2
 [7] eval(::Module, ::Any) at ./boot.jl:235
 [8] process_options(::Base.JLOptions) at ./client.jl:286
 [9] _start() at ./client.jl:371
m_eval(StrBase, CharSetEncodings)
UndefVarError: CharSetEncodings not defined
Stacktrace:
 [1] m_eval(::Module, ::Symbol) at /home/vagrant/.julia/v0.6/ModuleInterfaceTools/src/ModuleInterfaceTools.jl:89
 [2] _api(::Module, ::Symbol, ::Tuple{Expr}) at /home/vagrant/.julia/v0.6/ModuleInterfaceTools/src/ModuleInterfaceTools.jl:360
 [3] @api(::Symbol, ::Vararg{Any,N} where N) at /home/vagrant/.julia/v0.6/ModuleInterfaceTools/src/ModuleInterfaceTools.jl:396
 [4] include_from_node1(::String) at ./loading.jl:576
 [5] include(::String) at ./sysimg.jl:14
 [6] anonymous at ./<missing>:2
 [7] eval(::Module, ::Any) at ./boot.jl:235
 [8] process_options(::Base.JLOptions) at ./client.jl:286
 [9] _start() at ./client.jl:371
m_eval(StrBase, StrAPI)
UndefVarError: StrAPI not defined
Stacktrace:
 [1] m_eval(::Module, ::Symbol) at /home/vagrant/.julia/v0.6/ModuleInterfaceTools/src/ModuleInterfaceTools.jl:89
 [2] _api(::Module, ::Symbol, ::Tuple{Expr}) at /home/vagrant/.julia/v0.6/ModuleInterfaceTools/src/ModuleInterfaceTools.jl:360
 [3] @api(::Symbol, ::Vararg{Any,N} where N) at /home/vagrant/.julia/v0.6/ModuleInterfaceTools/src/ModuleInterfaceTools.jl:396
 [4] include_from_node1(::String) at ./loading.jl:576
 [5] include(::String) at ./sysimg.jl:14
 [6] anonymous at ./<missing>:2
 [7] eval(::Module, ::Any) at ./boot.jl:235
 [8] process_options(::Base.JLOptions) at ./client.jl:286
 [9] _start() at ./client.jl:371
m_eval(StrBase, ChrBase)
UndefVarError: ChrBase not defined
Stacktrace:
 [1] m_eval(::Module, ::Symbol) at /home/vagrant/.julia/v0.6/ModuleInterfaceTools/src/ModuleInterfaceTools.jl:89
 [2] _api_extend(::Module, ::Set{Symbol}, ::Bool) at /home/vagrant/.julia/v0.6/ModuleInterfaceTools/src/ModuleInterfaceTools.jl:264
 [3] _api(::Module, ::Symbol, ::Tuple{Expr}) at /home/vagrant/.julia/v0.6/ModuleInterfaceTools/src/ModuleInterfaceTools.jl:373
 [4] @api(::Symbol, ::Vararg{Any,N} where N) at /home/vagrant/.julia/v0.6/ModuleInterfaceTools/src/ModuleInterfaceTools.jl:396
 [5] include_from_node1(::String) at ./loading.jl:576
 [6] include(::String) at ./sysimg.jl:14
 [7] anonymous at ./<missing>:2
 [8] eval(::Module, ::Any) at ./boot.jl:235
 [9] process_options(::Base.JLOptions) at ./client.jl:286
 [10] _start() at ./client.jl:371
ERROR: LoadError: MethodError: no method matching names(::Void)
Closest candidates are:
  names(!Matched::Module, !Matched::Bool, !Matched::Bool) at reflection.jl:87
  names(!Matched::Module, !Matched::Bool) at reflection.jl:87
  names(!Matched::Module) at reflection.jl:87
Stacktrace:
 [1] include_from_node1(::String) at ./loading.jl:576
 [2] include(::String) at ./sysimg.jl:14
 [3] anonymous at ./<missing>:2
while loading /home/vagrant/.julia/v0.6/StrBase/src/StrBase.jl, in expression starting on line 14
m_eval(StrICU, import StrBase)
Failed to precompile StrBase to /home/vagrant/.julia/lib/v0.6/StrBase.ji.
Stacktrace:
 [1] compilecache(::String) at ./loading.jl:710
 [2] _require(::Symbol) at ./loading.jl:497
 [3] require(::Symbol) at ./loading.jl:405
 [4] m_eval(::Module, ::Expr) at /home/vagrant/.julia/v0.6/ModuleInterfaceTools/src/ModuleInterfaceTools.jl:89
 [5] _api(::Module, ::Symbol, ::Tuple{Expr}) at /home/vagrant/.julia/v0.6/ModuleInterfaceTools/src/ModuleInterfaceTools.jl:338
 [6] @api(::Symbol, ::Vararg{Any,N} where N) at /home/vagrant/.julia/v0.6/ModuleInterfaceTools/src/ModuleInterfaceTools.jl:396
 [7] include_from_node1(::String) at ./loading.jl:576
 [8] eval(::Module, ::Any) at ./boot.jl:235
 [9] _require(::Symbol) at ./loading.jl:490
 [10] require(::Symbol) at ./loading.jl:405
 [11] include_from_node1(::String) at ./loading.jl:576
 [12] include(::String) at ./sysimg.jl:14
 [13] process_options(::Base.JLOptions) at ./client.jl:305
 [14] _start() at ./client.jl:371
m_eval(StrICU, ChrBase)
UndefVarError: ChrBase not defined
Stacktrace:
 [1] m_eval(::Module, ::Symbol) at /home/vagrant/.julia/v0.6/ModuleInterfaceTools/src/ModuleInterfaceTools.jl:89
 [2] _api(::Module, ::Symbol, ::Tuple{Expr}) at /home/vagrant/.julia/v0.6/ModuleInterfaceTools/src/ModuleInterfaceTools.jl:360
 [3] @api(::Symbol, ::Vararg{Any,N} where N) at /home/vagrant/.julia/v0.6/ModuleInterfaceTools/src/ModuleInterfaceTools.jl:396
 [4] include_from_node1(::String) at ./loading.jl:576
 [5] eval(::Module, ::Any) at ./boot.jl:235
 [6] _require(::Symbol) at ./loading.jl:490
 [7] require(::Symbol) at ./loading.jl:405
 [8] include_from_node1(::String) at ./loading.jl:576
 [9] include(::String) at ./sysimg.jl:14
 [10] process_options(::Base.JLOptions) at ./client.jl:305
 [11] _start() at ./client.jl:371
m_eval(StrICU, StrBase)
UndefVarError: StrBase not defined
Stacktrace:
 [1] m_eval(::Module, ::Symbol) at /home/vagrant/.julia/v0.6/ModuleInterfaceTools/src/ModuleInterfaceTools.jl:89
 [2] _api(::Module, ::Symbol, ::Tuple{Expr}) at /home/vagrant/.julia/v0.6/ModuleInterfaceTools/src/ModuleInterfaceTools.jl:360
 [3] @api(::Symbol, ::Vararg{Any,N} where N) at /home/vagrant/.julia/v0.6/ModuleInterfaceTools/src/ModuleInterfaceTools.jl:396
 [4] include_from_node1(::String) at ./loading.jl:576
 [5] eval(::Module, ::Any) at ./boot.jl:235
 [6] _require(::Symbol) at ./loading.jl:490
 [7] require(::Symbol) at ./loading.jl:405
 [8] include_from_node1(::String) at ./loading.jl:576
 [9] include(::String) at ./sysimg.jl:14
 [10] process_options(::Base.JLOptions) at ./client.jl:305
 [11] _start() at ./client.jl:371
m_eval(StrICU, CharSetEncodings)
UndefVarError: CharSetEncodings not defined
Stacktrace:
 [1] m_eval(::Module, ::Symbol) at /home/vagrant/.julia/v0.6/ModuleInterfaceTools/src/ModuleInterfaceTools.jl:89
 [2] _api(::Module, ::Symbol, ::Tuple{Expr}) at /home/vagrant/.julia/v0.6/ModuleInterfaceTools/src/ModuleInterfaceTools.jl:360
 [3] @api(::Symbol, ::Vararg{Any,N} where N) at /home/vagrant/.julia/v0.6/ModuleInterfaceTools/src/ModuleInterfaceTools.jl:396
 [4] include_from_node1(::String) at ./loading.jl:576
 [5] eval(::Module, ::Any) at ./boot.jl:235
 [6] _require(::Symbol) at ./loading.jl:490
 [7] require(::Symbol) at ./loading.jl:405
 [8] include_from_node1(::String) at ./loading.jl:576
 [9] include(::String) at ./sysimg.jl:14
 [10] process_options(::Base.JLOptions) at ./client.jl:305
 [11] _start() at ./client.jl:371
m_eval(StrICU, StrAPI)
UndefVarError: StrAPI not defined
Stacktrace:
 [1] m_eval(::Module, ::Symbol) at /home/vagrant/.julia/v0.6/ModuleInterfaceTools/src/ModuleInterfaceTools.jl:89
 [2] _api(::Module, ::Symbol, ::Tuple{Expr}) at /home/vagrant/.julia/v0.6/ModuleInterfaceTools/src/ModuleInterfaceTools.jl:360
 [3] @api(::Symbol, ::Vararg{Any,N} where N) at /home/vagrant/.julia/v0.6/ModuleInterfaceTools/src/ModuleInterfaceTools.jl:396
 [4] include_from_node1(::String) at ./loading.jl:576
 [5] eval(::Module, ::Any) at ./boot.jl:235
 [6] _require(::Symbol) at ./loading.jl:490
 [7] require(::Symbol) at ./loading.jl:405
 [8] include_from_node1(::String) at ./loading.jl:576
 [9] include(::String) at ./sysimg.jl:14
 [10] process_options(::Base.JLOptions) at ./client.jl:305
 [11] _start() at ./client.jl:371
m_eval(StrICU, ChrBase)
UndefVarError: ChrBase not defined
Stacktrace:
 [1] m_eval(::Module, ::Symbol) at /home/vagrant/.julia/v0.6/ModuleInterfaceTools/src/ModuleInterfaceTools.jl:89
 [2] _api_extend(::Module, ::Set{Symbol}, ::Bool) at /home/vagrant/.julia/v0.6/ModuleInterfaceTools/src/ModuleInterfaceTools.jl:264
 [3] _api(::Module, ::Symbol, ::Tuple{Expr}) at /home/vagrant/.julia/v0.6/ModuleInterfaceTools/src/ModuleInterfaceTools.jl:373
 [4] @api(::Symbol, ::Vararg{Any,N} where N) at /home/vagrant/.julia/v0.6/ModuleInterfaceTools/src/ModuleInterfaceTools.jl:396
 [5] include_from_node1(::String) at ./loading.jl:576
 [6] eval(::Module, ::Any) at ./boot.jl:235
 [7] _require(::Symbol) at ./loading.jl:490
 [8] require(::Symbol) at ./loading.jl:405
 [9] include_from_node1(::String) at ./loading.jl:576
 [10] include(::String) at ./sysimg.jl:14
 [11] process_options(::Base.JLOptions) at ./client.jl:305
 [12] _start() at ./client.jl:371
ERROR: LoadError: LoadError: MethodError: no method matching names(::Void)
Closest candidates are:
  names(!Matched::Module, !Matched::Bool, !Matched::Bool) at reflection.jl:87
  names(!Matched::Module, !Matched::Bool) at reflection.jl:87
  names(!Matched::Module) at reflection.jl:87
Stacktrace:
 [1] include_from_node1(::String) at ./loading.jl:576
while loading /home/vagrant/.julia/v0.6/StrICU/src/StrICU.jl, in expression starting on line 15
while loading /home/vagrant/.julia/v0.6/StrICU/test/runtests.jl, in expression starting on line 1
===============================[ ERROR: StrICU ]================================

failed process: Process(`/home/vagrant/julia/bin/julia -Cgeneric -J/home/vagrant/julia/lib/julia/sys.so --compile=yes --depwarn=yes --check-bounds=yes --code-coverage=none --color=no --compilecache=yes /home/vagrant/.julia/v0.6/StrICU/test/runtests.jl`, ProcessExited(1)) [1]

================================================================================
ERROR: StrICU had test errors

>>> End of log
