>>> 'Pkg.add("StringEncodings")' log
INFO: Cloning cache of StringEncodings from https://github.com/nalimilan/StringEncodings.jl.git
INFO: Installing BinDeps v0.4.5
INFO: Installing LegacyStrings v0.1.1
INFO: Installing SHA v0.2.1
INFO: Installing StringEncodings v0.1.1
INFO: Installing URIParser v0.1.6
INFO: Building StringEncodings
WARNING: `@windows_only` is deprecated, use `@static if is_windows()` instead
 in depwarn(::String, ::Symbol) at ./deprecated.jl:64
 in @windows_only(::ANY) at ./deprecated.jl:486
 in include_from_node1(::String) at ./loading.jl:532
 in include(::SubString{String}) at ./sysimg.jl:14
 in evalfile(::SubString{String}, ::Array{String,1}) at ./loading.jl:572 (repeats 2 times)
 in cd(::##2#4, ::String) at ./file.jl:69
 in (::##1#3)(::IOStream) at ./none:13
 in open(::##1#3, ::String, ::String) at ./iostream.jl:152
 in eval(::Module, ::Any) at ./boot.jl:236
 in process_options(::Base.JLOptions) at ./client.jl:248
 in _start() at ./client.jl:335
while loading /home/vagrant/.julia/v0.6/StringEncodings/deps/build.jl, in expression starting on line 37
INFO: Package database updated
INFO: METADATA is out-of-date — you may not have the latest version of StringEncodings
INFO: Use `Pkg.update()` to get the latest versions of your packages

>>> 'Pkg.test("StringEncodings")' log
Julia Version 0.6.0-dev.1045
Commit 0faf8ce (2016-10-19 16:55 UTC)
Platform Info:
  OS: Linux (x86_64-pc-linux-gnu)
  CPU: Intel(R) Xeon(R) CPU E3-1241 v3 @ 3.50GHz
  WORD_SIZE: 64
           Ubuntu 14.04.5 LTS
  uname: Linux 3.13.0-98-generic #145-Ubuntu SMP Sat Oct 8 20:13:07 UTC 2016 x86_64 x86_64
Memory: 2.939289093017578 GB (1310.40625 MB free)
Uptime: 38853.0 sec
Load Avg:  0.28076171875  0.09033203125  0.1083984375
Intel(R) Xeon(R) CPU E3-1241 v3 @ 3.50GHz: 
       speed         user         nice          sys         idle          irq
#1  3499 MHz     877942 s       3691 s      95866 s    2741140 s         21 s
#2  3499 MHz     218089 s       2330 s      43886 s    3592148 s          0 s

  BLAS: libopenblas (USE64BITINT DYNAMIC_ARCH NO_AFFINITY Nehalem)
  LAPACK: libopenblas64_
  LIBM: libopenlibm
  LLVM: libLLVM-3.7.1 (ORCJIT, haswell)
Environment:
  TERM = vt100
  LD_LIBRARY_PATH = :/usr/local/lib/
  PATH = /usr/local/sbin:/usr/local/bin:/usr/sbin:/usr/bin:/sbin:/bin:/usr/games:/usr/local/games:/home/vagrant/julia/bin/
  JAVA_HOME = /usr/lib/jvm/java-7-oracle
  HOME = /home/vagrant

Package Directory: /home/vagrant/.julia/v0.6
2 required packages:
 - JSON                          0.8.0
 - StringEncodings               0.1.1
5 additional packages:
 - BinDeps                       0.4.5
 - Compat                        0.9.3
 - LegacyStrings                 0.1.1
 - SHA                           0.2.1
 - URIParser                     0.1.6
INFO: Testing StringEncodings
INFO: StringEncodings tests passed

>>> End of log
