>>> 'Pkg.add("Sugar")' log
INFO: Cloning cache of Sugar from https://github.com/SimonDanisch/Sugar.jl.git
INFO: Installing DataStructures v0.6.1
INFO: Installing MacroTools v0.3.7
INFO: Installing Matcha v0.0.2
INFO: Installing StaticArrays v0.3.1
INFO: Installing Sugar v0.2.0
INFO: Package database updated

>>> 'Pkg.test("Sugar")' log
Julia Version 0.5.2
Commit f4c6c9d (2017-05-06 16:34 UTC)
Platform Info:
  OS: Linux (x86_64-pc-linux-gnu)
  CPU: Intel(R) Xeon(R) CPU E3-1241 v3 @ 3.50GHz
  WORD_SIZE: 64
           Ubuntu 14.04.5 LTS
  uname: Linux 3.13.0-135-generic #184-Ubuntu SMP Wed Oct 18 11:55:51 UTC 2017 x86_64 x86_64
Memory: 2.93927001953125 GB (950.234375 MB free)
Uptime: 52087.0 sec
Load Avg:  0.97119140625  0.97900390625  0.96533203125
Intel(R) Xeon(R) CPU E3-1241 v3 @ 3.50GHz: 
       speed         user         nice          sys         idle          irq
#1  3500 MHz    3222614 s       4646 s     337668 s    1041400 s         81 s
#2  3500 MHz     988743 s       1842 s     135655 s    3961734 s          1 s

  BLAS: libopenblas (USE64BITINT DYNAMIC_ARCH NO_AFFINITY Nehalem)
  LAPACK: libopenblas64_
  LIBM: libopenlibm
  LLVM: libLLVM-3.7.1 (ORCJIT, haswell)
Environment:
  TERM = vt100
  LD_LIBRARY_PATH = :/usr/local/lib/
  PATH = /usr/local/sbin:/usr/local/bin:/usr/sbin:/usr/bin:/sbin:/bin:/usr/games:/usr/local/games:/home/vagrant/julia/bin/
  JAVA_HOME = /usr/lib/jvm/java-8-openjdk-amd64
  HOME = /home/vagrant

Package Directory: /home/vagrant/.julia/v0.5
2 required packages:
 - JSON                          0.14.0
 - Sugar                         0.2.0
5 additional packages:
 - Compat                        0.37.0
 - DataStructures                0.6.1
 - MacroTools                    0.3.7
 - Matcha                        0.0.2
 - StaticArrays                  0.3.1
INFO: Testing Sugar
Test Summary:                   | Pass  Total
  ast rewriting and normalization |   21     21
Test Summary:       | Pass  Total
  method dependencies |    6      6
Test Summary: | Pass  Total
  for + ifelse |    1      1
INFO: Sugar tests passed

>>> End of log
