>>> 'Pkg.add("SunlightAPIs")' log
INFO: Cloning cache of SunlightAPIs from git://github.com/WestleyArgentum/SunlightAPIs.jl.git
INFO: Installing Codecs v0.1.4
INFO: Installing GnuTLS v0.0.4
INFO: Installing HttpParser v0.0.12
INFO: Installing Nettle v0.1.10
INFO: Installing Requests v0.2.0
INFO: Installing SunlightAPIs v0.0.3
INFO: Installing Zlib v0.1.8
INFO: Building Nettle
INFO: Building GnuTLS

WARNING: deprecated syntax "{a=>b, ...}" at /home/vagrant/.julia/v0.4/GnuTLS/deps/build.jl:15.
Use "Dict{Any,Any}(a=>b, ...)" instead.

WARNING: deprecated syntax "{a=>b, ...}" at /home/vagrant/.julia/v0.4/GnuTLS/deps/build.jl:48.
Use "Dict{Any,Any}(a=>b, ...)" instead.

WARNING: deprecated syntax "{a=>b, ...}" at /home/vagrant/.julia/v0.4/GnuTLS/deps/build.jl:53.
Use "Dict{Any,Any}(a=>b, ...)" instead.

WARNING: deprecated syntax "[a=>b, ...]" at /home/vagrant/.julia/v0.4/GnuTLS/deps/build.jl:55.
Use "Dict(a=>b, ...)" instead.
INFO: Building HttpParser
INFO: Package database updated

>>> 'Pkg.test("SunlightAPIs")' log
Julia Version 0.4.0-pre+7097
Commit c4b089f (2015-08-29 13:17 UTC)
Platform Info:
  System: Linux (x86_64-unknown-linux-gnu)
  CPU: Intel(R) Core(TM) i5-2500K CPU @ 3.30GHz
  WORD_SIZE: 64
  BLAS: libopenblas (USE64BITINT DYNAMIC_ARCH NO_AFFINITY Sandybridge)
  LAPACK: libopenblas
  LIBM: libopenlibm
  LLVM: libLLVM-3.3
INFO: Testing SunlightAPIs

WARNING: deprecated syntax "{}" at /home/vagrant/.julia/v0.4/SunlightAPIs/src/utils.jl:16.
Use "[]" instead.

WARNING: deprecated syntax "{a=>b, ...}" at /home/vagrant/.julia/v0.4/SunlightAPIs/src/influence-explorer.jl:151.
Use "Dict{Any,Any}(a=>b, ...)" instead.
INFO: SunlightAPIs tests passed

>>> End of log
