>>> 'Pkg.add("SurrealNumbers")' log
WARNING: Base.Pkg is deprecated, run `using Pkg` instead
 in module Main
[ Info: Cloning cache of SurrealNumbers from https://github.com/mroughan/SurrealNumbers.jl.git
[ Info: Installing SurrealNumbers v0.0.2
[ Info: Package database updated

>>> 'Pkg.test("SurrealNumbers")' log
WARNING: Base.versioninfo is deprecated: it has been moved to the standard library package `InteractiveUtils`.
Add `using InteractiveUtils` to your imports.
 in module Main
WARNING: Base.versioninfo is deprecated: it has been moved to the standard library package `InteractiveUtils`.
Add `using InteractiveUtils` to your imports.
 in module Main
Julia Version 0.7.0-DEV.5095
Commit 2a21849b10 (2018-05-12 22:13 UTC)
Platform Info:
  OS: Linux (x86_64-pc-linux-gnu)
      Ubuntu 14.04.5 LTS
  uname: Linux 3.13.0-143-generic #192-Ubuntu SMP Tue Feb 27 10:45:36 UTC 2018 x86_64 x86_64
  CPU: Intel(R) Xeon(R) CPU E3-1241 v3 @ 3.50GHz: 
              speed         user         nice          sys         idle          irq
       #1  3500 MHz    4433845 s       6476 s     308421 s    1282122 s         56 s
       #2  3500 MHz     983725 s        100 s     102340 s    5922077 s          2 s
       
  Memory: 2.939197540283203 GB (823.09765625 MB free)
  Uptime: 71379.0 sec
  Load Avg:  0.9326171875  0.9580078125  0.95166015625
  WORD_SIZE: 64
  LIBM: libopenlibm
  LLVM: libLLVM-6.0.0 (ORCJIT, haswell)
Environment:
  TERM = vt100
  LD_LIBRARY_PATH = :/usr/local/lib/
  PATH = /usr/local/sbin:/usr/local/bin:/usr/sbin:/usr/bin:/sbin:/bin:/usr/games:/usr/local/games:/home/vagrant/julia/bin/
  JAVA_HOME = /usr/lib/jvm/java-8-openjdk-amd64
  HOME = /home/vagrant
Packages:
  Package Directory: /home/vagrant/.julia/v0.7
  Package Status:
5 required packages:
 - Conda                         0.7.1
 - JSON                          0.17.2
 - PyCall                        1.16.1
 - PyPlot                        2.5.0
 - SurrealNumbers                0.0.2
13 additional packages:
 - BinDeps                       0.8.8
 - ColorTypes                    0.6.7
 - Colors                        0.8.2
 - Compat                        0.64.0
 - FixedPointNumbers             0.4.6
 - LaTeXStrings                  0.3.0
 - MacroTools                    0.4.0
 - Nullables                     0.0.5
 - Reexport                      0.1.0
 - SHA                           0.5.7
 - URIParser                     0.3.1
 - VersionParsing                1.1.0
 - tmpUchVR1                     0.0.0-             non-repo (unregistered)
WARNING: Base.Pkg is deprecated, run `using Pkg` instead
 in module Main
[ Info: Testing SurrealNumbers
┌ Warning: `importall` is deprecated, use `using` or individual `import` statements instead
│   caller = ip:0x0
└ @ Core :-1
WARNING: importing deprecated binding Base.permute into SurrealNumbers.
WARNING: importing deprecated binding Base.rank into SurrealNumbers.
WARNING: importing deprecated binding Base.randn! into SurrealNumbers.
WARNING: importing deprecated binding Base.diag into SurrealNumbers.
WARNING: importing deprecated binding Base.eigmin into SurrealNumbers.
WARNING: importing deprecated binding Base.DevNull into SurrealNumbers.
WARNING: importing deprecated binding Base.getpeername into SurrealNumbers.
WARNING: importing deprecated binding Base.randstring into SurrealNumbers.
WARNING: importing deprecated binding Base.peakflops into SurrealNumbers.
WARNING: importing deprecated binding Base.edit into SurrealNumbers.
WARNING: importing deprecated binding Base.TypeOrder into SurrealNumbers.
WARNING: importing deprecated binding Base.normalize_string into SurrealNumbers.
WARNING: importing deprecated binding Base.sqrtm into SurrealNumbers.
WARNING: importing deprecated binding Base.RemoteException into SurrealNumbers.
WARNING: importing deprecated binding Base.dropzeros! into SurrealNumbers.
WARNING: importing deprecated binding Base.LinSpace into SurrealNumbers.
WARNING: importing deprecated binding Base.remotecall_fetch into SurrealNumbers.
WARNING: importing deprecated binding Base.base64encode into SurrealNumbers.
WARNING: importing deprecated binding Base.nprocs into SurrealNumbers.
WARNING: importing deprecated binding Base.lufact! into SurrealNumbers.
WARNING: importing deprecated binding Base.LibGit2 into SurrealNumbers.
WARNING: importing deprecated binding Base.sylvester into SurrealNumbers.
WARNING: importing deprecated binding Base.sprandn into SurrealNumbers.
WARNING: importing deprecated binding Base.dot into SurrealNumbers.
WARNING: importing deprecated binding Base.HasOrder into SurrealNumbers.
WARNING: importing deprecated binding Base.normalize into SurrealNumbers.
WARNING: importing deprecated binding Base.istril into SurrealNumbers.
WARNING: importing deprecated binding Base.methodswith into SurrealNumbers.
WARNING: importing deprecated binding Base.unsafe_get into SurrealNumbers.
WARNING: importing deprecated binding Base.Base64DecodePipe into SurrealNumbers.
WARNING: importing deprecated binding Base.@code_warntype into SurrealNumbers.
WARNING: importing deprecated binding Base.eigvecs into SurrealNumbers.
WARNING: importing deprecated binding Base.WorkerConfig into SurrealNumbers.
WARNING: importing deprecated binding Base.@ip_str into SurrealNumbers.
WARNING: importing deprecated binding Base.condskeel into SurrealNumbers.
WARNING: importing deprecated binding Base.svd into SurrealNumbers.
WARNING: importing deprecated binding Base.MersenneTwister into SurrealNumbers.
WARNING: importing deprecated binding Base.Hermitian into SurrealNumbers.
WARNING: importing deprecated binding Base.cholfact into SurrealNumbers.
WARNING: importing deprecated binding Base.randperm! into SurrealNumbers.
WARNING: importing deprecated binding Base.Dates into SurrealNumbers.
WARNING: importing deprecated binding Base.@code_typed into SurrealNumbers.
WARNING: importing deprecated binding Base.crc32c into SurrealNumbers.
WARNING: importing deprecated binding Base.LineEdit into SurrealNumbers.
WARNING: importing deprecated binding Base.is_assigned_char into SurrealNumbers.
WARNING: importing deprecated binding Base.schur into SurrealNumbers.
WARNING: importing deprecated binding Base.@dateformat_str into SurrealNumbers.
WARNING: importing deprecated binding Base.diagm into SurrealNumbers.
WARNING: importing deprecated binding Base.stringmime into SurrealNumbers.
WARNING: importing deprecated binding Base.@functionloc into SurrealNumbers.
WARNING: importing deprecated binding Base.apropos into SurrealNumbers.
WARNING: importing deprecated binding Base.ldltfact into SurrealNumbers.
WARNING: importing deprecated binding Base.nworkers into SurrealNumbers.
WARNING: importing deprecated binding Base.expm into SurrealNumbers.
WARNING: importing deprecated binding Base.eye into SurrealNumbers.
WARNING: importing deprecated binding Base.Complex128 into SurrealNumbers.
WARNING: importing deprecated binding Base.IPv4 into SurrealNumbers.
WARNING: importing deprecated binding Base.watch_file into SurrealNumbers.
WARNING: importing deprecated binding Base.STDIN into SurrealNumbers.
WARNING: importing deprecated binding Base.SymTridiagonal into SurrealNumbers.
WARNING: importing deprecated binding Base.subtypes into SurrealNumbers.
WARNING: importing deprecated binding Base.Distributed into SurrealNumbers.
WARNING: importing deprecated binding Base.STDERR into SurrealNumbers.
WARNING: importing deprecated binding Base.svdvals into SurrealNumbers.
WARNING: importing deprecated binding Base.addprocs into SurrealNumbers.
WARNING: importing deprecated binding Base.connect into SurrealNumbers.
WARNING: importing deprecated binding Base.readdlm into SurrealNumbers.
WARNING: importing deprecated binding Base.@code_llvm into SurrealNumbers.
WARNING: importing deprecated binding Base.REPLCompletions into SurrealNumbers.
WARNING: importing deprecated binding Base.givens into SurrealNumbers.
WARNING: importing deprecated binding Base.ObjectIdDict into SurrealNumbers.
WARNING: importing deprecated binding Base.pmap into SurrealNumbers.
WARNING: importing deprecated binding Base.clear! into SurrealNumbers.
WARNING: importing deprecated binding Base.bkfact into SurrealNumbers.
WARNING: importing deprecated binding Base.Transpose into SurrealNumbers.
WARNING: importing deprecated binding Base.NullException into SurrealNumbers.
WARNING: importing deprecated binding Base.AbstractSparseArray into SurrealNumbers.
WARNING: importing deprecated binding Base.accept into SurrealNumbers.
WARNING: importing deprecated binding Base.RandomDevice into SurrealNumbers.
WARNING: importing deprecated binding Base.trace into SurrealNumbers.
WARNING: importing deprecated binding Base.scale! into SurrealNumbers.
WARNING: importing deprecated binding Base.manage into SurrealNumbers.
WARNING: importing deprecated binding Base.logdet into SurrealNumbers.
WARNING: importing deprecated binding Base.launch into SurrealNumbers.
WARNING: importing deprecated binding Base.cholfact! into SurrealNumbers.
WARNING: importing deprecated binding Base.ordschur! into SurrealNumbers.
WARNING: importing deprecated binding Base.AbstractSerializer into SurrealNumbers.
WARNING: importing deprecated binding Base.Range into SurrealNumbers.
WARNING: importing deprecated binding Base.RemoteChannel into SurrealNumbers.
WARNING: importing deprecated binding Base.nzrange into SurrealNumbers.
WARNING: importing deprecated binding Base.default_worker_pool into SurrealNumbers.
WARNING: importing deprecated binding Base.ConjArray into SurrealNumbers.
WARNING: importing deprecated binding Base.@doc_str into SurrealNumbers.
WARNING: importing deprecated binding Base.randcycle! into SurrealNumbers.
WARNING: importing deprecated binding Base.Factorization into SurrealNumbers.
WARNING: importing deprecated binding Base.schurfact into SurrealNumbers.
WARNING: importing deprecated binding Base.@fetchfrom into SurrealNumbers.
WARNING: importing deprecated binding Base.sparsevec into SurrealNumbers.
WARNING: importing deprecated binding Base.cross into SurrealNumbers.
WARNING: importing deprecated binding Base.Test into SurrealNumbers.
WARNING: importing deprecated binding Base.deserialize into SurrealNumbers.
WARNING: importing deprecated binding Base.bkfact! into SurrealNumbers.
WARNING: importing deprecated binding Base.TypeRangeStep into SurrealNumbers.
WARNING: importing deprecated binding Base.PollingFileWatcher into SurrealNumbers.
WARNING: importing deprecated binding Base.svds into SurrealNumbers.
WARNING: importing deprecated binding Base.@edit into SurrealNumbers.
WARNING: importing deprecated binding Base.φ into SurrealNumbers.
WARNING: importing deprecated binding Base.send into SurrealNumbers.
WARNING: importing deprecated binding Base.qrfact! into SurrealNumbers.
WARNING: importing deprecated binding Base.UDPSocket into SurrealNumbers.
WARNING: importing deprecated binding Base.hessfact! into SurrealNumbers.
WARNING: importing deprecated binding Base.Complex64 into SurrealNumbers.
WARNING: importing deprecated binding Base.recv into SurrealNumbers.
WARNING: importing deprecated binding Base.procs into SurrealNumbers.
WARNING: importing deprecated binding Base.eig into SurrealNumbers.
WARNING: importing deprecated binding Base.@spawn into SurrealNumbers.
WARNING: importing deprecated binding Base.eigmax into SurrealNumbers.
WARNING: importing deprecated binding Base.normalize! into SurrealNumbers.
WARNING: importing deprecated binding Base.e into SurrealNumbers.
WARNING: importing deprecated binding Base.Bidiagonal into SurrealNumbers.
WARNING: importing deprecated binding Base.@everywhere into SurrealNumbers.
WARNING: importing deprecated binding Base.@code_lowered into SurrealNumbers.
WARNING: importing deprecated binding Base.Diagonal into SurrealNumbers.
WARNING: importing deprecated binding Base.SharedArray into SurrealNumbers.
WARNING: importing deprecated binding Base.ClusterManager into SurrealNumbers.
WARNING: importing deprecated binding Base.serialize into SurrealNumbers.
WARNING: importing deprecated binding Base.srand into SurrealNumbers.
WARNING: importing deprecated binding Base.AbstractRNG into SurrealNumbers.
WARNING: importing deprecated binding Base.UniformScaling into SurrealNumbers.
WARNING: importing deprecated binding Base.spdiagm into SurrealNumbers.
WARNING: importing deprecated binding Base.readcsv into SurrealNumbers.
WARNING: importing deprecated binding Base.sum_kbn into SurrealNumbers.
WARNING: importing deprecated binding Base.@which into SurrealNumbers.
WARNING: importing deprecated binding Base.Libdl into SurrealNumbers.
WARNING: importing deprecated binding Base.shuffle! into SurrealNumbers.
WARNING: importing deprecated binding Base.init_worker into SurrealNumbers.
WARNING: importing deprecated binding Base.CartesianRange into SurrealNumbers.
WARNING: importing deprecated binding Base.pinv into SurrealNumbers.
WARNING: importing deprecated binding Base.sparse into SurrealNumbers.
WARNING: importing deprecated binding Base.triu! into SurrealNumbers.
WARNING: importing deprecated binding Base.findnz into SurrealNumbers.
WARNING: importing deprecated binding Base.catalan into SurrealNumbers.
WARNING: importing deprecated binding Base.lqfact! into SurrealNumbers.
WARNING: importing deprecated binding Base.eulergamma into SurrealNumbers.
WARNING: importing deprecated binding Base.shuffle into SurrealNumbers.
WARNING: importing deprecated binding Base.BLAS into SurrealNumbers.
WARNING: importing deprecated binding Base.code_native into SurrealNumbers.
WARNING: importing deprecated binding Base.logm into SurrealNumbers.
WARNING: importing deprecated binding Base.lu into SurrealNumbers.
WARNING: importing deprecated binding Base.@code_native into SurrealNumbers.
WARNING: importing deprecated binding Base.Symmetric into SurrealNumbers.
WARNING: importing deprecated binding Base.spones into SurrealNumbers.
WARNING: importing deprecated binding Base.repmat into SurrealNumbers.
WARNING: importing deprecated binding Base.Complex32 into SurrealNumbers.
WARNING: importing deprecated binding Base.getsockname into SurrealNumbers.
WARNING: importing deprecated binding Base.IPAddr into SurrealNumbers.
WARNING: importing deprecated binding Base.isdiag into SurrealNumbers.
WARNING: importing deprecated binding Base.speye into SurrealNumbers.
WARNING: importing deprecated binding Base.@parallel into SurrealNumbers.
WARNING: importing deprecated binding Base.blkdiag into SurrealNumbers.
WARNING: importing deprecated binding Base.remote_do into SurrealNumbers.
WARNING: importing deprecated binding Base.AbstractSparseMatrix into SurrealNumbers.
WARNING: importing deprecated binding Base.randexp into SurrealNumbers.
WARNING: importing deprecated binding Base.Uninitialized into SurrealNumbers.
WARNING: importing deprecated binding Base.Nullable into SurrealNumbers.
WARNING: importing deprecated binding Base.remotecall_wait into SurrealNumbers.
WARNING: importing deprecated binding Base.whos into SurrealNumbers.
WARNING: importing deprecated binding Base.gradient into SurrealNumbers.
WARNING: importing deprecated binding Base.@sprintf into SurrealNumbers.
WARNING: importing deprecated binding Base.issymmetric into SurrealNumbers.
WARNING: importing deprecated binding Base.writedlm into SurrealNumbers.
WARNING: importing deprecated binding Base.cond into SurrealNumbers.
WARNING: importing deprecated binding Base.RowVector into SurrealNumbers.
WARNING: importing deprecated binding Base.nnz into SurrealNumbers.
WARNING: importing deprecated binding Base.getnameinfo into SurrealNumbers.
WARNING: importing deprecated binding Base.Future into SurrealNumbers.
WARNING: importing deprecated binding Base.eigs into SurrealNumbers.
WARNING: importing deprecated binding Base.ordschur into SurrealNumbers.
WARNING: importing deprecated binding Base.LowerTriangular into SurrealNumbers.
WARNING: importing deprecated binding Base.remotecall into SurrealNumbers.
WARNING: importing deprecated binding Base.linreg into SurrealNumbers.
WARNING: importing deprecated binding Base.logabsdet into SurrealNumbers.
WARNING: importing deprecated binding Base.isposdef into SurrealNumbers.
WARNING: importing deprecated binding Base.uninitialized into SurrealNumbers.
WARNING: importing deprecated binding Base.randsubseq into SurrealNumbers.
WARNING: importing deprecated binding Base.now into SurrealNumbers.
WARNING: importing deprecated binding Base.REPL into SurrealNumbers.
WARNING: importing deprecated binding Base.Base64EncodePipe into SurrealNumbers.
WARNING: importing deprecated binding Base.myid into SurrealNumbers.
WARNING: importing deprecated binding Base.isposdef! into SurrealNumbers.
WARNING: importing deprecated binding Base.listenany into SurrealNumbers.
WARNING: importing deprecated binding Base.γ into SurrealNumbers.
WARNING: importing deprecated binding Base.SparseVector into SurrealNumbers.
WARNING: importing deprecated binding Base.vecdot into SurrealNumbers.
WARNING: importing deprecated binding Base.poll_fd into SurrealNumbers.
WARNING: importing deprecated binding Base.eu into SurrealNumbers.
WARNING: importing deprecated binding Base.ldltfact! into SurrealNumbers.
WARNING: importing deprecated binding Base.ConjVector into SurrealNumbers.
WARNING: importing deprecated binding Base.eigvals into SurrealNumbers.
WARNING: importing deprecated binding Base.iteratoreltype into SurrealNumbers.
WARNING: importing deprecated binding Base.× into SurrealNumbers.
WARNING: importing deprecated binding Base.SparseArrays into SurrealNumbers.
WARNING: importing deprecated binding Base.graphemes into SurrealNumbers.
WARNING: importing deprecated binding Base.ParseError into SurrealNumbers.
WARNING: importing deprecated binding Base.rmprocs into SurrealNumbers.
WARNING: importing deprecated binding Base.Random into SurrealNumbers.
WARNING: importing deprecated binding Base.Profile into SurrealNumbers.
WARNING: importing deprecated binding Base.@printf into SurrealNumbers.
WARNING: importing deprecated binding Base.poll_file into SurrealNumbers.
WARNING: importing deprecated binding Base.@less into SurrealNumbers.
WARNING: importing deprecated binding Base.isnull into SurrealNumbers.
WARNING: importing deprecated binding Base.@spawnat into SurrealNumbers.
WARNING: importing deprecated binding Base.ArithmeticOverflows into SurrealNumbers.
WARNING: importing deprecated binding Base.Associative into SurrealNumbers.
WARNING: importing deprecated binding Base.writecsv into SurrealNumbers.
WARNING: importing deprecated binding Base.I into SurrealNumbers.
WARNING: importing deprecated binding Base.svdfact! into SurrealNumbers.
WARNING: importing deprecated binding Base.getipaddr into SurrealNumbers.
WARNING: importing deprecated binding Base.lyap into SurrealNumbers.
WARNING: importing deprecated binding Base.DateTime into SurrealNumbers.
WARNING: importing deprecated binding Base.cumsum_kbn into SurrealNumbers.
WARNING: importing deprecated binding Base.CachingPool into SurrealNumbers.
WARNING: importing deprecated binding Base.TypeArithmetic into SurrealNumbers.
WARNING: importing deprecated binding Base.Pkg into SurrealNumbers.
WARNING: importing deprecated binding Base.Void into SurrealNumbers.
WARNING: importing deprecated binding Base.bitrand into SurrealNumbers.
WARNING: importing deprecated binding Base.SparseMatrixCSC into SurrealNumbers.
WARNING: importing deprecated binding Base.qrfact into SurrealNumbers.
WARNING: importing deprecated binding Base.recvfrom into SurrealNumbers.
WARNING: importing deprecated binding Base.lufact into SurrealNumbers.
WARNING: importing deprecated binding Base.Mmap into SurrealNumbers.
WARNING: importing deprecated binding Base.LinAlg into SurrealNumbers.
WARNING: importing deprecated binding Base.eigfact into SurrealNumbers.
WARNING: importing deprecated binding Base.norm into SurrealNumbers.
WARNING: importing deprecated binding Base.code_llvm into SurrealNumbers.
WARNING: importing deprecated binding Base.SerializationState into SurrealNumbers.
WARNING: importing deprecated binding Base.interrupt into SurrealNumbers.
WARNING: importing deprecated binding Base.transpose! into SurrealNumbers.
WARNING: importing deprecated binding Base.workers into SurrealNumbers.
WARNING: importing deprecated binding Base.Serializer into SurrealNumbers.
WARNING: importing deprecated binding Base.STDOUT into SurrealNumbers.
WARNING: importing deprecated binding Base.getalladdrinfo into SurrealNumbers.
WARNING: importing deprecated binding Base.Tridiagonal into SurrealNumbers.
WARNING: importing deprecated binding Base.Terminals into SurrealNumbers.
WARNING: importing deprecated binding Base.versioninfo into SurrealNumbers.
WARNING: importing deprecated binding Base.AbstractSparseVector into SurrealNumbers.
WARNING: importing deprecated binding Base.getaddrinfo into SurrealNumbers.
WARNING: importing deprecated binding Base.nullspace into SurrealNumbers.
WARNING: importing deprecated binding Base.det into SurrealNumbers.
WARNING: importing deprecated binding Base.WorkerPool into SurrealNumbers.
WARNING: importing deprecated binding Base.less into SurrealNumbers.
WARNING: importing deprecated binding Base.randsubseq! into SurrealNumbers.
WARNING: importing deprecated binding Base.IntSet into SurrealNumbers.
WARNING: importing deprecated binding Base.listen into SurrealNumbers.
WARNING: importing deprecated binding Base.issparse into SurrealNumbers.
WARNING: importing deprecated binding Base.chol into SurrealNumbers.
WARNING: importing deprecated binding Base.FileMonitor into SurrealNumbers.
WARNING: importing deprecated binding Base.golden into SurrealNumbers.
WARNING: importing deprecated binding Base.randexp! into SurrealNumbers.
WARNING: importing deprecated binding Base.randperm into SurrealNumbers.
WARNING: importing deprecated binding Base.tril! into SurrealNumbers.
WARNING: importing deprecated binding Base.DateFormat into SurrealNumbers.
WARNING: importing deprecated binding Base.varinfo into SurrealNumbers.
WARNING: importing deprecated binding Base.Adjoint into SurrealNumbers.
WARNING: importing deprecated binding Base.eigvals! into SurrealNumbers.
WARNING: importing deprecated binding Base.schurfact! into SurrealNumbers.
WARNING: importing deprecated binding Base.code_warntype into SurrealNumbers.
WARNING: importing deprecated binding Base.diagind into SurrealNumbers.
WARNING: importing deprecated binding Base.lqfact into SurrealNumbers.
WARNING: importing deprecated binding Base.rowvals into SurrealNumbers.
WARNING: importing deprecated binding Base.randjump into SurrealNumbers.
WARNING: importing deprecated binding Base.colon into SurrealNumbers.
WARNING: importing deprecated binding Base.dropzeros into SurrealNumbers.
WARNING: importing deprecated binding Base.ishermitian into SurrealNumbers.
WARNING: importing deprecated binding Base.sprand into SurrealNumbers.
WARNING: importing deprecated binding Base.spzeros into SurrealNumbers.
WARNING: importing deprecated binding Base.svdfact into SurrealNumbers.
WARNING: importing deprecated binding Base.triu into SurrealNumbers.
WARNING: importing deprecated binding Base.nonzeros into SurrealNumbers.
WARNING: importing deprecated binding Base.istriu into SurrealNumbers.
WARNING: importing deprecated binding Base.qr into SurrealNumbers.
WARNING: importing deprecated binding Base.TCPSocket into SurrealNumbers.
WARNING: importing deprecated binding Base.expm! into SurrealNumbers.
WARNING: importing deprecated binding Base.tril into SurrealNumbers.
WARNING: importing deprecated binding Base.⋅ into SurrealNumbers.
WARNING: importing deprecated binding Base.ConjMatrix into SurrealNumbers.
WARNING: importing deprecated binding Base.UpperTriangular into SurrealNumbers.
WARNING: importing deprecated binding Base.hessfact into SurrealNumbers.
WARNING: importing deprecated binding Base.eigfact! into SurrealNumbers.
WARNING: importing deprecated binding Base.factorize into SurrealNumbers.
WARNING: importing deprecated binding Base.base64decode into SurrealNumbers.
WARNING: importing deprecated binding Base.@profile into SurrealNumbers.
WARNING: importing deprecated binding Base.rand! into SurrealNumbers.
WARNING: importing deprecated binding Base.adjoint! into SurrealNumbers.
WARNING: importing deprecated binding Base.vecnorm into SurrealNumbers.
WARNING: importing deprecated binding Base.Display into SurrealNumbers.
WARNING: importing deprecated binding Base.ProcessExitedException into SurrealNumbers.
WARNING: importing deprecated binding Base.iteratorsize into SurrealNumbers.
WARNING: importing deprecated binding Base.lq into SurrealNumbers.
WARNING: importing deprecated binding Base.IPv6 into SurrealNumbers.
WARNING: importing deprecated binding Base.Markdown into SurrealNumbers.
WARNING: importing deprecated binding Base.randcycle into SurrealNumbers.
WARNING: importing deprecated binding Base.@fetch into SurrealNumbers.
WARNING: importing deprecated binding Base.svdvals! into SurrealNumbers.
WARNING: importing deprecated binding Base.remote into SurrealNumbers.
┌ Warning: Deprecated syntax `parametric method syntax promote_rule{T <: Real}(::Type{T}, ::Type{SurrealFinite})` around /home/vagrant/.julia/v0.7/SurrealNumbers/src/SurrealFinite.jl:128.
│ Use `promote_rule(#unused#::Type{T}, #unused#::Type{SurrealFinite}) where T <: Real` instead.
└ @ nothing SurrealFinite.jl:128
┌ Warning: `Array{T, 1}(m::Int) where T` is deprecated, use `Array{T, 1}(undef, m)` instead.
│   caller = top-level scope
└ @ Core :0
x1 = <┌ Warning: `print_with_color(color, args...; kwargs...)` is deprecated, use `printstyled(args...; kwargs..., color=color)` instead.
│   caller = show(::Base.GenericIOBuffer{Array{UInt8,1}}, ::SurrealFinite) at SurrealFinite.jl:262
└ @ SurrealNumbers SurrealFinite.jl:262
{0}:{}>
 z = ┌ Warning: `print_with_color(color, args...; kwargs...)` is deprecated, use `printstyled(args...; kwargs..., color=color)` instead.
│   caller = show(::Base.PipeEndpoint, ::SurrealFinite) at SurrealFinite.jl:262
└ @ SurrealNumbers SurrealFinite.jl:262
1
x4 = <{-1}:{0, 1}>
x5 = <{-1, <{-1}:{0, 1}>, 0}:{1}>
s1 = <{0}:{1}>
s2 = <{1//2}:{1}>
x41 = 4, x42 = <{3}:{}>, x43 = <{<{<{<{<{<{}:{<{}:{}>}>}:{<{<{}:{}>}:{}>}>}:{<{<{<{}:{}>}:{}>}:{}>}>}:{<{<{<{<{}:{}>}:{}>}:{}>}:{}>}>}:{<{<{<{<{<{}:{}>}:{}>}:{}>}:{}>}:{}>}>}:{}>
Test Summary: | Pass  Total
comparisons   |   10     10
┌ Warning: Constructors no longer fall back to `convert`. A constructor `AbstractFloat(::SurrealFinite)` should be defined instead.
│   caller = float(::SurrealFinite) at float.jl:266
└ @ Base float.jl:266
Test Summary:   | Pass  Total
basic operators |   15     15
Test Summary:       | Pass  Total
generation function |    8      8
┌ Warning: `bits` is deprecated, use `bitstring` instead.
│   caller = convert(::Type{SurrealFinite}, ::Float64) at SurrealFinite.jl:62
└ @ SurrealNumbers SurrealFinite.jl:62
Test Summary:      | Pass  Total
convert to surreal |    7      7
┌ Warning: Constructors no longer fall back to `convert`. A constructor `AbstractFloat(::SurrealFinite)` should be defined instead.
│   caller = float at float.jl:266 [inlined]
└ @ Core float.jl:266
┌ Warning: Constructors no longer fall back to `convert`. A constructor `AbstractFloat(::SurrealFinite)` should be defined instead.
│   caller = float at float.jl:266 [inlined]
└ @ Core float.jl:266
Test Summary:    | Pass  Total
array operations |    6      6
Test Summary:    | Pass  Total
simple functions |   20     20
Test Summary:   | Pass  Total
simplifications |    4      4
Test Summary:                        | Pass  Total
conversion from surreal back to real |   15     15
Test Summary: | Pass  Total
promotion     |    5      5
[ Info: SurrealNumbers tests passed

>>> End of log
