>>> 'Pkg.add("SVMLightLoader")' log
INFO: Installing HTTPClient v0.1.6
INFO: Installing LibCURL v0.1.6
INFO: Installing SVMLightLoader v0.2.1
INFO: Building LibCURL
INFO: Package database updated

>>> 'Pkg.test("SVMLightLoader")' log
Julia Version 0.4.0-rc2
Commit fa52609* (2015-09-18 17:51 UTC)
Platform Info:
  System: Linux (x86_64-unknown-linux-gnu)
  CPU: Intel(R) Xeon(R) CPU E5-2650 0 @ 2.00GHz
  WORD_SIZE: 64
  BLAS: libopenblas (USE64BITINT DYNAMIC_ARCH NO_AFFINITY Sandybridge)
  LAPACK: libopenblas
  LIBM: libopenlibm
  LLVM: libLLVM-3.3
INFO: Testing SVMLightLoader
WARNING: Base.String is deprecated, use AbstractString instead.
WARNING: Base.String is deprecated, use AbstractString instead.
Testing isnumeric
Testing line_to_data
Testing load_svmlight_file
Testing iteration of SVMLightFile
Testing length(s::SVMLightFile)
Testing List Comprehensions
INFO: SVMLightLoader tests passed

>>> End of log
