>>> 'Pkg.add("SweepOperator")' log
WARNING: Base.Pkg is deprecated, run `using Pkg` instead
 in module Main
[ Info: Installing SweepOperator v0.1.0
[ Info: Package database updated
┌ Info: METADATA is out-of-date — you may not have the latest version of SweepOperator
└ Use `Pkg.update()` to get the latest versions of your packages

>>> 'Pkg.test("SweepOperator")' log
WARNING: Base.versioninfo is deprecated: it has been moved to the standard library package `InteractiveUtils`.
Add `using InteractiveUtils` to your imports.
 in module Main
WARNING: Base.versioninfo is deprecated: it has been moved to the standard library package `InteractiveUtils`.
Add `using InteractiveUtils` to your imports.
 in module Main
Julia Version 0.7.0-DEV.4931
Commit de705f3b69 (2018-04-22 20:14 UTC)
Platform Info:
  OS: Linux (x86_64-pc-linux-gnu)
      Ubuntu 14.04.5 LTS
  uname: Linux 3.13.0-143-generic #192-Ubuntu SMP Tue Feb 27 10:45:36 UTC 2018 x86_64 x86_64
  CPU: Intel(R) Xeon(R) CPU E3-1241 v3 @ 3.50GHz: 
              speed         user         nice          sys         idle          irq
       #1  3493 MHz    4038584 s       2876 s     305222 s    1213647 s         49 s
       #2  3493 MHz     966378 s       4263 s     104798 s    5304162 s          1 s
       
  Memory: 2.939197540283203 GB (939.56640625 MB free)
  Uptime: 64985.0 sec
  Load Avg:  0.9345703125  0.9609375  0.95166015625
  WORD_SIZE: 64
  LIBM: libopenlibm
  LLVM: libLLVM-3.9.1 (ORCJIT, haswell)
Environment:
  TERM = vt100
  LD_LIBRARY_PATH = :/usr/local/lib/
  PATH = /usr/local/sbin:/usr/local/bin:/usr/sbin:/usr/bin:/sbin:/bin:/usr/games:/usr/local/games:/home/vagrant/julia/bin/
  JAVA_HOME = /usr/lib/jvm/java-8-openjdk-amd64
  HOME = /home/vagrant
Packages:
  Package Directory: /home/vagrant/.julia/v0.7
  Package Status:
5 required packages:
 - Conda                         0.7.1
 - JSON                          0.17.2
 - PyCall                        1.15.0
 - PyPlot                        2.5.0
 - SweepOperator                 0.1.0
12 additional packages:
 - BinDeps                       0.8.8
 - ColorTypes                    0.6.7
 - Colors                        0.8.2
 - Compat                        0.63.0
 - FixedPointNumbers             0.4.6
 - LaTeXStrings                  0.3.0
 - MacroTools                    0.4.0
 - Nullables                     0.0.5
 - Reexport                      0.1.0
 - SHA                           0.5.7
 - URIParser                     0.3.1
 - tmpAWQstC                     0.0.0-             non-repo (unregistered)
WARNING: Base.Pkg is deprecated, run `using Pkg` instead
 in module Main
[ Info: Testing SweepOperator
┌ Warning: Deprecated syntax `parametric method syntax sweep!{T <: LinAlg.BlasFloat}(A::AMat{T}, k::Integer, inv::Bool = false)` around /home/vagrant/.julia/v0.7/SweepOperator/src/SweepOperator.jl:30.
│ Use `sweep!(A::AMat{T}, k::Integer, inv::Bool = false) where T <: LinAlg.BlasFloat` instead.
└ @ nothing SweepOperator.jl:30
WARNING: importing deprecated binding Base.LinAlg into SweepOperator.
WARNING: Base.LinAlg is deprecated, run `using LinearAlgebra` instead
  likely near /home/vagrant/.julia/v0.7/SweepOperator/src/SweepOperator.jl:8
WARNING: Base.LinAlg is deprecated, run `using LinearAlgebra` instead
  likely near /home/vagrant/.julia/v0.7/SweepOperator/src/SweepOperator.jl:8
WARNING: Base.LinAlg is deprecated, run `using LinearAlgebra` instead
  likely near /home/vagrant/.julia/v0.7/SweepOperator/src/SweepOperator.jl:8
┌ Warning: Deprecated syntax `parametric method syntax sweep!{T <: LinAlg.BlasFloat, I <: Integer}(A::AMat{T}, ks::AVec{I}, inv::Bool = false)` around /home/vagrant/.julia/v0.7/SweepOperator/src/SweepOperator.jl:46.
│ Use `sweep!(A::AMat{T}, ks::AVec{I}, inv::Bool = false) where {T <: LinAlg.BlasFloat, I <: Integer}` instead.
└ @ nothing SweepOperator.jl:46
WARNING: Base.LinAlg is deprecated, run `using LinearAlgebra` instead
  likely near /home/vagrant/.julia/v0.7/SweepOperator/src/SweepOperator.jl:45
WARNING: Base.LinAlg is deprecated, run `using LinearAlgebra` instead
  likely near /home/vagrant/.julia/v0.7/SweepOperator/src/SweepOperator.jl:45
WARNING: Base.Test is deprecated, run `using Test` instead
  likely near /home/vagrant/.julia/v0.7/SweepOperator/test/runtests.jl:2
WARNING: importing deprecated binding Base.Symmetric into SweepOperator.
WARNING: Base.Symmetric is deprecated: it has been moved to the standard library package `LinearAlgebra`.
Add `using LinearAlgebra` to your imports.
  likely near /home/vagrant/.julia/v0.7/SweepOperator/test/runtests.jl:9
WARNING: importing deprecated binding Base.BLAS into SweepOperator.
WARNING: Base.BLAS is deprecated: it has been moved to the standard library package `LinearAlgebra`.
Add `using LinearAlgebra` to your imports.
  likely near /home/vagrant/.julia/v0.7/SweepOperator/test/runtests.jl:9
WARNING: importing deprecated binding Base.scale! into SweepOperator.
WARNING: Base.scale! is deprecated: it has been moved to the standard library package `LinearAlgebra`.
Add `using LinearAlgebra` to your imports.
  likely near /home/vagrant/.julia/v0.7/SweepOperator/test/runtests.jl:9
WARNING: Base.Symmetric is deprecated: it has been moved to the standard library package `LinearAlgebra`.
Add `using LinearAlgebra` to your imports.
  likely near /home/vagrant/.julia/v0.7/SweepOperator/test/runtests.jl:9
WARNING: Base.Symmetric is deprecated: it has been moved to the standard library package `LinearAlgebra`.
Add `using LinearAlgebra` to your imports.
  likely near /home/vagrant/.julia/v0.7/SweepOperator/test/runtests.jl:9
WARNING: Base.BLAS is deprecated: it has been moved to the standard library package `LinearAlgebra`.
Add `using LinearAlgebra` to your imports.
  likely near /home/vagrant/.julia/v0.7/SweepOperator/test/runtests.jl:9
WARNING: Base.scale! is deprecated: it has been moved to the standard library package `LinearAlgebra`.
Add `using LinearAlgebra` to your imports.
  likely near /home/vagrant/.julia/v0.7/SweepOperator/test/runtests.jl:9
WARNING: Base.scale! is deprecated: it has been moved to the standard library package `LinearAlgebra`.
Add `using LinearAlgebra` to your imports.
  likely near /home/vagrant/.julia/v0.7/SweepOperator/test/runtests.jl:9
in sweep! at /home/vagrant/.julia/v0.7/SweepOperator/src/SweepOperator.jl
┌ Warning: `scale!(A::AbstractArray, b::Number)` is deprecated, use `rmul!(A, b)` instead.
│   caller = sweep!(::Array{Float64,2}, ::Int64, ::Bool) at SweepOperator.jl:34
└ @ SweepOperator SweepOperator.jl:34
Test Summary:    | Pass  Total
Sweep One By One |    2      2
Test Summary: | Pass  Total
Sweep All     |    1      1
┌ Warning: Deprecated syntax `implicit assignment to global variable `x``.
│ Use `global x` instead.
└ @ nothing none:0
Test Summary:     | Pass  Total
Linear Regression |    1      1
[ Info: SweepOperator tests passed

>>> End of log
