>>> 'Pkg.add("SymDict")' log
INFO: Cloning cache of SymDict from git://github.com/samoconnor/SymDict.jl.git
INFO: Installing SymDict v0.0.5
INFO: Package database updated

>>> 'Pkg.test("SymDict")' log
Julia Version 0.4.7
Commit ae26b25 (2016-09-18 16:17 UTC)
Platform Info:
  System: Linux (x86_64-pc-linux-gnu)
  CPU: Intel(R) Xeon(R) CPU E3-1241 v3 @ 3.50GHz
  WORD_SIZE: 64
           Ubuntu 14.04.5 LTS
  uname: Linux 3.13.0-100-generic #147-Ubuntu SMP Tue Oct 18 16:48:51 UTC 2016 x86_64 x86_64
Memory: 2.939289093017578 GB (967.51953125 MB free)
Uptime: 28187.0 sec
Load Avg:  1.28173828125  1.0888671875  1.06494140625
Intel(R) Xeon(R) CPU E3-1241 v3 @ 3.50GHz: 
       speed         user         nice          sys         idle          irq
#1  3499 MHz    1358181 s       6574 s     116868 s    1045723 s        136 s
#2  3499 MHz     891626 s         60 s     100127 s    1717560 s          2 s

  BLAS: libopenblas (USE64BITINT DYNAMIC_ARCH NO_AFFINITY Nehalem)
  LAPACK: libopenblas64_
  LIBM: libopenlibm
  LLVM: libLLVM-3.3
Environment:
  TERM = vt100
  LD_LIBRARY_PATH = :/usr/local/lib/
  PATH = /usr/local/sbin:/usr/local/bin:/usr/sbin:/usr/bin:/sbin:/bin:/usr/games:/usr/local/games:/home/vagrant/julia/bin/
  JAVA_HOME = /usr/lib/jvm/java-7-oracle
  HOME = /home/vagrant

Package Directory: /home/vagrant/.julia/v0.4
2 required packages:
 - JSON                          0.8.0
 - SymDict                       0.0.5
1 additional packages:
 - Compat                        0.9.3
INFO: Testing SymDict
INFO: SymDict tests passed

>>> End of log
