>>> 'Pkg.add("SymPy")' log
INFO: Cloning cache of SymPy from git://github.com/jverzani/SymPy.jl.git
INFO: Installing Plots v0.4.2
INFO: Installing SymPy v0.2.30
INFO: Building PyCall
INFO: PyCall is using /usr/bin/python (Python 2.7.6) at /usr/bin/python, libpython = libpython2.7
INFO: Package database updated
INFO: METADATA is out-of-date — you may not have the latest version of SymPy
INFO: Use `Pkg.update()` to get the latest versions of your packages

>>> 'Pkg.test("SymPy")' log
Julia Version 0.3.11
Commit 483dbf5* (2015-07-27 06:18 UTC)
Platform Info:
  System: Linux (x86_64-unknown-linux-gnu)
  CPU: Intel(R) Xeon(R) CPU E3-1241 v3 @ 3.50GHz
  WORD_SIZE: 64
  BLAS: libopenblas (USE64BITINT DYNAMIC_ARCH NO_AFFINITY Nehalem)
  LAPACK: libopenblas
  LIBM: libopenlibm
  LLVM: libLLVM-3.3
INFO: Testing SymPy
ERROR: PyError (:PyImport_ImportModule) <type 'exceptions.ImportError'>
ImportError('No module named mpmath',)

 in pyerr_check at /home/vagrant/.julia/v0.3/PyCall/src/exception.jl:61
 in pyimport at /home/vagrant/.julia/v0.3/PyCall/src/PyCall.jl:81
 in mpmath_init at /home/vagrant/.julia/v0.3/PyCall/src/conversions.jl:659
 in Sym at /home/vagrant/.julia/v0.3/SymPy/src/utils.jl:12
 in include at ./boot.jl:245
 in include_from_node1 at ./loading.jl:128
 in include at ./boot.jl:245
 in include_from_node1 at loading.jl:128
 in process_options at ./client.jl:285
 in _start at ./client.jl:354
while loading /home/vagrant/.julia/v0.3/SymPy/test/tests.jl, in expression starting on line 22
while loading /home/vagrant/.julia/v0.3/SymPy/test/runtests.jl, in expression starting on line 1
================================[ ERROR: SymPy ]================================

failed process: Process(`/home/vagrant/julia/bin/julia /home/vagrant/.julia/v0.3/SymPy/test/runtests.jl`, ProcessExited(1)) [1]

================================================================================
INFO: No packages to install, update or remove
ERROR: SymPy had test errors
 in error at error.jl:21
 in test at pkg/entry.jl:718
 in anonymous at pkg/dir.jl:28
 in cd at ./file.jl:20
 in cd at pkg/dir.jl:28
 in test at pkg.jl:67
 in process_options at ./client.jl:213
 in _start at ./client.jl:354

>>> End of log
