>>> 'Pkg.add("Synchrony")' log
INFO: Cloning cache of Synchrony from git://github.com/simonster/Synchrony.jl.git
INFO: Installing ArrayViews v0.6.3
INFO: Installing DSP v0.0.10
INFO: Installing NumericExtensions v0.6.2
INFO: Installing NumericFuns v0.2.3
INFO: Installing Polynomials v0.0.3
INFO: Installing Reexport v0.0.2
INFO: Installing Synchrony v0.0.1
INFO: Package database updated
INFO: METADATA is out-of-date — you may not have the latest version of Synchrony
INFO: Use `Pkg.update()` to get the latest versions of your packages

>>> 'Pkg.test("Synchrony")' log
Julia Version 0.4.0-pre+7119
Commit 0568edb (2015-09-01 17:02 UTC)
Platform Info:
  System: Linux (x86_64-unknown-linux-gnu)
  CPU: Intel(R) Core(TM) i5-2500K CPU @ 3.30GHz
  WORD_SIZE: 64
  BLAS: libopenblas (USE64BITINT DYNAMIC_ARCH NO_AFFINITY Sandybridge)
  LAPACK: libopenblas
  LIBM: libopenlibm
  LLVM: libLLVM-3.3
INFO: Testing Synchrony
Running tests:
 * multitaper.jl
WARNING: could not import Base.add! into NumericExtensions
ERROR: LoadError: LoadError: LoadError: LoadError: LoadError: ArgumentError: invalid type for argument s1 in method definition for mapshape at /home/vagrant/.julia/v0.4/NumericExtensions/src/shapes.jl:44
 in include at ./boot.jl:259
 in include_from_node1 at ./loading.jl:271
 in include at ./boot.jl:259
 in include_from_node1 at ./loading.jl:271
 in require at ./loading.jl:210
 in include at ./boot.jl:259
 in include_from_node1 at ./loading.jl:271
 in require at ./loading.jl:210
 in include at ./boot.jl:259
 in include_from_node1 at ./loading.jl:271
 in anonymous at no file:12
 in include at ./boot.jl:259
 in include_from_node1 at ./loading.jl:271
 in process_options at ./client.jl:308
 in _start at ./client.jl:411
while loading /home/vagrant/.julia/v0.4/NumericExtensions/src/shapes.jl, in expression starting on line 44
while loading /home/vagrant/.julia/v0.4/NumericExtensions/src/NumericExtensions.jl, in expression starting on line 117
while loading /home/vagrant/.julia/v0.4/Synchrony/src/Synchrony.jl, in expression starting on line 21
while loading /home/vagrant/.julia/v0.4/Synchrony/test/multitaper.jl, in expression starting on line 1
while loading /home/vagrant/.julia/v0.4/Synchrony/test/runtests.jl, in expression starting on line 10
==============================[ ERROR: Synchrony ]==============================

failed process: Process(`/home/vagrant/julia/bin/julia --check-bounds=yes --code-coverage=none --color=no /home/vagrant/.julia/v0.4/Synchrony/test/runtests.jl`, ProcessExited(1)) [1]

================================================================================
ERROR: Synchrony had test errors
 in error at ./error.jl:21
 in test at pkg/entry.jl:753
 in anonymous at pkg/dir.jl:31
 in cd at file.jl:22
 in cd at pkg/dir.jl:31
 in test at pkg.jl:71
 in process_options at ./client.jl:284
 in _start at ./client.jl:411

>>> End of log
