>>> 'Pkg.add("TaylorIntegration")' log
[ Info: Cloning cache of TaylorIntegration from https://github.com/PerezHz/TaylorIntegration.jl.git @ Base.Pkg.Cache cache.jl:43
[ Info: Installing TaylorIntegration v0.2.0 @ Base.Pkg.Entry entry.jl:543
[ Info: Installing TaylorSeries v0.7.1 @ Base.Pkg.Entry entry.jl:543
[ Info: Package database updated @ Base.Pkg.Entry entry.jl:32
┌ Info: METADATA is out-of-date — you may not have the latest version of TaylorIntegration
│ Use `Pkg.update()` to get the latest versions of your packages
└ @ Base.Pkg.Entry entry.jl:74

>>> 'Pkg.test("TaylorIntegration")' log
Julia Version 0.7.0-DEV.3246
Commit 2138144d3a (2018-01-04 02:34 UTC)
Platform Info:
  OS: Linux (x86_64-pc-linux-gnu)
      Ubuntu 14.04.5 LTS
  uname: Linux 3.13.0-135-generic #184-Ubuntu SMP Wed Oct 18 11:55:51 UTC 2017 x86_64 x86_64
  CPU: Intel(R) Xeon(R) CPU E3-1241 v3 @ 3.50GHz: 
              speed         user         nice          sys         idle          irq
       #1  3507 MHz    5908173 s        154 s     293406 s    1267962 s         75 s
       #2  3507 MHz    1174581 s       5801 s     112470 s    7424123 s          1 s
       
  Memory: 2.93927001953125 GB (589.2109375 MB free)
  Uptime: 88844.0 sec
  Load Avg:  1.04248046875  1.0146484375  0.96533203125
  WORD_SIZE: 64
  BLAS: libopenblas (USE64BITINT DYNAMIC_ARCH NO_AFFINITY Nehalem)
  LAPACK: libopenblas64_
  LIBM: libopenlibm
  LLVM: libLLVM-3.9.1 (ORCJIT, haswell)
Environment:
  TERM = vt100
  LD_LIBRARY_PATH = :/usr/local/lib/
  PATH = /usr/local/sbin:/usr/local/bin:/usr/sbin:/usr/bin:/sbin:/bin:/usr/games:/usr/local/games:/home/vagrant/julia/bin/
  JAVA_HOME = /usr/lib/jvm/java-8-openjdk-amd64
  HOME = /home/vagrant
Packages:
  Package Directory: /home/vagrant/.julia/v0.7
  Package Status:
2 required packages:
 - JSON                          0.16.3
 - TaylorIntegration             0.2.0
4 additional packages:
 - Compat                        0.42.0
 - Nullables                     0.0.2
 - TaylorSeries                  0.7.1
 - tmpPOOpwT                     0.0.0-             non-repo (unregistered)
[ Info: Computing test dependencies for TaylorIntegration... @ Base.Pkg.Entry entry.jl:713
[ Info: No packages to install, update or remove @ Base.Pkg.Entry entry.jl:517
[ Info: Testing TaylorIntegration @ Base.Pkg.Entry entry.jl:723
┌ Warning: `parse(str::AbstractString; kwargs...)` is deprecated, use `Meta.parse(str; kwargs...)` instead.
│   caller = _internalmutfunc_call(::TaylorSeries._InternalMutFuncs) at dictmutfunct.jl:132
└ @ TaylorSeries dictmutfunct.jl:132
[ Warning: Deprecated syntax ``const` declaration on local variable` around /home/vagrant/.julia/v0.7/TaylorIntegration/src/explicitode.jl:276. @ nothing explicitode.jl:276
[ Warning: Deprecated syntax ``const` declaration on local variable` around /home/vagrant/.julia/v0.7/TaylorIntegration/src/explicitode.jl:277. @ nothing explicitode.jl:277
[ Warning: Deprecated syntax ``const` declaration on local variable` around /home/vagrant/.julia/v0.7/TaylorIntegration/src/explicitode.jl:280. @ nothing explicitode.jl:280
[ Warning: Deprecated syntax ``const` declaration on local variable` around /home/vagrant/.julia/v0.7/TaylorIntegration/src/explicitode.jl:281. @ nothing explicitode.jl:281
[ Warning: Deprecated syntax ``const` declaration on local variable` around /home/vagrant/.julia/v0.7/TaylorIntegration/src/explicitode.jl:314. @ nothing explicitode.jl:314
[ Warning: Deprecated syntax ``const` declaration on local variable` around /home/vagrant/.julia/v0.7/TaylorIntegration/src/explicitode.jl:316. @ nothing explicitode.jl:316
[ Warning: Deprecated syntax ``const` declaration on local variable` around /home/vagrant/.julia/v0.7/TaylorIntegration/src/explicitode.jl:319. @ nothing explicitode.jl:319
[ Warning: Deprecated syntax ``const` declaration on local variable` around /home/vagrant/.julia/v0.7/TaylorIntegration/src/explicitode.jl:320. @ nothing explicitode.jl:320
[ Warning: Deprecated syntax ``const` declaration on local variable` around /home/vagrant/.julia/v0.7/TaylorIntegration/src/explicitode.jl:321. @ nothing explicitode.jl:321
[ Warning: Deprecated syntax ``const` declaration on local variable` around /home/vagrant/.julia/v0.7/TaylorIntegration/src/explicitode.jl:322. @ nothing explicitode.jl:322
[ Warning: Deprecated syntax ``const` declaration on local variable` around /home/vagrant/.julia/v0.7/TaylorIntegration/src/explicitode.jl:428. @ nothing explicitode.jl:428
[ Warning: Deprecated syntax ``const` declaration on local variable` around /home/vagrant/.julia/v0.7/TaylorIntegration/src/explicitode.jl:432. @ nothing explicitode.jl:432
[ Warning: Deprecated syntax ``const` declaration on local variable` around /home/vagrant/.julia/v0.7/TaylorIntegration/src/explicitode.jl:433. @ nothing explicitode.jl:433
WARNING: importing deprecated binding Base.Range into TaylorIntegration.
WARNING: Base.Range is deprecated, use AbstractRange instead.
  likely near /home/vagrant/.julia/v0.7/TaylorIntegration/src/explicitode.jl:355
WARNING: Base.Range is deprecated, use AbstractRange instead.
  likely near /home/vagrant/.julia/v0.7/TaylorIntegration/src/explicitode.jl:355
WARNING: Base.Range is deprecated, use AbstractRange instead.
  likely near /home/vagrant/.julia/v0.7/TaylorIntegration/src/explicitode.jl:355
WARNING: Base.Range is deprecated, use AbstractRange instead.
  likely near /home/vagrant/.julia/v0.7/TaylorIntegration/src/explicitode.jl:355
[ Warning: Deprecated syntax ``const` declaration on local variable` around /home/vagrant/.julia/v0.7/TaylorIntegration/src/explicitode.jl:471. @ nothing explicitode.jl:471
[ Warning: Deprecated syntax ``const` declaration on local variable` around /home/vagrant/.julia/v0.7/TaylorIntegration/src/explicitode.jl:473. @ nothing explicitode.jl:473
[ Warning: Deprecated syntax ``const` declaration on local variable` around /home/vagrant/.julia/v0.7/TaylorIntegration/src/explicitode.jl:479. @ nothing explicitode.jl:479
[ Warning: Deprecated syntax ``const` declaration on local variable` around /home/vagrant/.julia/v0.7/TaylorIntegration/src/explicitode.jl:480. @ nothing explicitode.jl:480
[ Warning: Deprecated syntax ``const` declaration on local variable` around /home/vagrant/.julia/v0.7/TaylorIntegration/src/explicitode.jl:481. @ nothing explicitode.jl:481
[ Warning: Deprecated syntax ``const` declaration on local variable` around /home/vagrant/.julia/v0.7/TaylorIntegration/src/explicitode.jl:482. @ nothing explicitode.jl:482
WARNING: Base.Range is deprecated, use AbstractRange instead.
  likely near /home/vagrant/.julia/v0.7/TaylorIntegration/src/explicitode.jl:465
WARNING: Base.Range is deprecated, use AbstractRange instead.
  likely near /home/vagrant/.julia/v0.7/TaylorIntegration/src/explicitode.jl:465
WARNING: Base.Range is deprecated, use AbstractRange instead.
  likely near /home/vagrant/.julia/v0.7/TaylorIntegration/src/explicitode.jl:465
[ Warning: Deprecated syntax ``const` declaration on local variable` around /home/vagrant/.julia/v0.7/TaylorIntegration/src/liapunovspectrum.jl:166. @ nothing liapunovspectrum.jl:166
[ Warning: Deprecated syntax ``const` declaration on local variable` around /home/vagrant/.julia/v0.7/TaylorIntegration/src/liapunovspectrum.jl:168. @ nothing liapunovspectrum.jl:168
[ Warning: Deprecated syntax ``const` declaration on local variable` around /home/vagrant/.julia/v0.7/TaylorIntegration/src/liapunovspectrum.jl:169. @ nothing liapunovspectrum.jl:169
[ Warning: Deprecated syntax ``const` declaration on local variable` around /home/vagrant/.julia/v0.7/TaylorIntegration/src/liapunovspectrum.jl:170. @ nothing liapunovspectrum.jl:170
[ Warning: Deprecated syntax ``const` declaration on local variable` around /home/vagrant/.julia/v0.7/TaylorIntegration/src/liapunovspectrum.jl:171. @ nothing liapunovspectrum.jl:171
[ Warning: Deprecated syntax ``const` declaration on local variable` around /home/vagrant/.julia/v0.7/TaylorIntegration/src/liapunovspectrum.jl:183. @ nothing liapunovspectrum.jl:183
[ Warning: Deprecated syntax ``const` declaration on local variable` around /home/vagrant/.julia/v0.7/TaylorIntegration/src/liapunovspectrum.jl:188. @ nothing liapunovspectrum.jl:188
[ Warning: Deprecated syntax ``const` declaration on local variable` around /home/vagrant/.julia/v0.7/TaylorIntegration/src/liapunovspectrum.jl:189. @ nothing liapunovspectrum.jl:189
[ Warning: Deprecated syntax ``const` declaration on local variable` around /home/vagrant/.julia/v0.7/TaylorIntegration/src/liapunovspectrum.jl:196. @ nothing liapunovspectrum.jl:196
[ Warning: Deprecated syntax ``const` declaration on local variable` around /home/vagrant/.julia/v0.7/TaylorIntegration/src/liapunovspectrum.jl:197. @ nothing liapunovspectrum.jl:197
[ Warning: Deprecated syntax ``const` declaration on local variable` around /home/vagrant/.julia/v0.7/TaylorIntegration/src/liapunovspectrum.jl:198. @ nothing liapunovspectrum.jl:198
[ Warning: Deprecated syntax ``const` declaration on local variable` around /home/vagrant/.julia/v0.7/TaylorIntegration/src/liapunovspectrum.jl:199. @ nothing liapunovspectrum.jl:199
[ Warning: Deprecated syntax ``const` declaration on local variable` around /home/vagrant/.julia/v0.7/TaylorIntegration/src/liapunovspectrum.jl:200. @ nothing liapunovspectrum.jl:200
[ Warning: Deprecated syntax ``const` declaration on local variable` around /home/vagrant/.julia/v0.7/TaylorIntegration/src/liapunovspectrum.jl:202. @ nothing liapunovspectrum.jl:202
[ Warning: Deprecated syntax ``const` declaration on local variable` around /home/vagrant/.julia/v0.7/TaylorIntegration/src/liapunovspectrum.jl:203. @ nothing liapunovspectrum.jl:203
[ Warning: Deprecated syntax ``const` declaration on local variable` around /home/vagrant/.julia/v0.7/TaylorIntegration/src/liapunovspectrum.jl:204. @ nothing liapunovspectrum.jl:204
[ Warning: Deprecated syntax ``const` declaration on local variable` around /home/vagrant/.julia/v0.7/TaylorIntegration/src/liapunovspectrum.jl:205. @ nothing liapunovspectrum.jl:205
[ Warning: Deprecated syntax ``const` declaration on local variable` around /home/vagrant/.julia/v0.7/TaylorIntegration/src/liapunovspectrum.jl:206. @ nothing liapunovspectrum.jl:206
[ Warning: Deprecated syntax ``const` declaration on local variable` around /home/vagrant/.julia/v0.7/TaylorIntegration/src/liapunovspectrum.jl:248. @ nothing liapunovspectrum.jl:248
[ Warning: Deprecated syntax ``const` declaration on local variable` around /home/vagrant/.julia/v0.7/TaylorIntegration/src/liapunovspectrum.jl:250. @ nothing liapunovspectrum.jl:250
[ Warning: Deprecated syntax ``const` declaration on local variable` around /home/vagrant/.julia/v0.7/TaylorIntegration/src/liapunovspectrum.jl:251. @ nothing liapunovspectrum.jl:251
[ Warning: Deprecated syntax ``const` declaration on local variable` around /home/vagrant/.julia/v0.7/TaylorIntegration/src/liapunovspectrum.jl:252. @ nothing liapunovspectrum.jl:252
[ Warning: Deprecated syntax ``const` declaration on local variable` around /home/vagrant/.julia/v0.7/TaylorIntegration/src/liapunovspectrum.jl:265. @ nothing liapunovspectrum.jl:265
[ Warning: Deprecated syntax ``const` declaration on local variable` around /home/vagrant/.julia/v0.7/TaylorIntegration/src/liapunovspectrum.jl:266. @ nothing liapunovspectrum.jl:266
[ Warning: Deprecated syntax ``const` declaration on local variable` around /home/vagrant/.julia/v0.7/TaylorIntegration/src/liapunovspectrum.jl:268. @ nothing liapunovspectrum.jl:268
[ Warning: Deprecated syntax ``const` declaration on local variable` around /home/vagrant/.julia/v0.7/TaylorIntegration/src/liapunovspectrum.jl:277. @ nothing liapunovspectrum.jl:277
[ Warning: Deprecated syntax ``const` declaration on local variable` around /home/vagrant/.julia/v0.7/TaylorIntegration/src/liapunovspectrum.jl:278. @ nothing liapunovspectrum.jl:278
[ Warning: Deprecated syntax ``const` declaration on local variable` around /home/vagrant/.julia/v0.7/TaylorIntegration/src/liapunovspectrum.jl:279. @ nothing liapunovspectrum.jl:279
[ Warning: Deprecated syntax ``const` declaration on local variable` around /home/vagrant/.julia/v0.7/TaylorIntegration/src/liapunovspectrum.jl:280. @ nothing liapunovspectrum.jl:280
[ Warning: Deprecated syntax ``const` declaration on local variable` around /home/vagrant/.julia/v0.7/TaylorIntegration/src/liapunovspectrum.jl:281. @ nothing liapunovspectrum.jl:281
[ Warning: Deprecated syntax ``const` declaration on local variable` around /home/vagrant/.julia/v0.7/TaylorIntegration/src/liapunovspectrum.jl:283. @ nothing liapunovspectrum.jl:283
[ Warning: Deprecated syntax ``const` declaration on local variable` around /home/vagrant/.julia/v0.7/TaylorIntegration/src/liapunovspectrum.jl:284. @ nothing liapunovspectrum.jl:284
[ Warning: Deprecated syntax ``const` declaration on local variable` around /home/vagrant/.julia/v0.7/TaylorIntegration/src/liapunovspectrum.jl:285. @ nothing liapunovspectrum.jl:285
[ Warning: Deprecated syntax ``const` declaration on local variable` around /home/vagrant/.julia/v0.7/TaylorIntegration/src/liapunovspectrum.jl:286. @ nothing liapunovspectrum.jl:286
[ Warning: Deprecated syntax ``const` declaration on local variable` around /home/vagrant/.julia/v0.7/TaylorIntegration/src/liapunovspectrum.jl:287. @ nothing liapunovspectrum.jl:287
WARNING: Base.Range is deprecated, use AbstractRange instead.
  likely near /home/vagrant/.julia/v0.7/TaylorIntegration/src/liapunovspectrum.jl:243
WARNING: Base.Range is deprecated, use AbstractRange instead.
  likely near /home/vagrant/.julia/v0.7/TaylorIntegration/src/liapunovspectrum.jl:243
WARNING: Base.Range is deprecated, use AbstractRange instead.
  likely near /home/vagrant/.julia/v0.7/TaylorIntegration/src/liapunovspectrum.jl:243
WARNING: Base.Test is deprecated, run `using Test` instead.
  likely near /home/vagrant/.julia/v0.7/TaylorIntegration/test/one_ode.jl:4
Tests: dot{x}=x^2, x(0) = 1: Error During Test at /home/vagrant/.julia/v0.7/TaylorIntegration/test/one_ode.jl:10
  Got an exception of type BoundsError outside of a @test
  BoundsError: attempt to access 1-element Array{Float64,1} at index [2]
  Stacktrace:
   [1] getindex at ./array.jl:639 [inlined]
   [2] getindex at /home/vagrant/.julia/v0.7/TaylorSeries/src/auxiliary.jl:76 [inlined]
   [3] jetcoeffs!(::getfield(, Symbol("#eqs_mov#1")), ::Taylor1{Float64}, ::Taylor1{Float64}) at /home/vagrant/.julia/v0.7/TaylorIntegration/src/explicitode.jl:39
   [4] macro expansion at /home/vagrant/.julia/v0.7/TaylorIntegration/test/one_ode.jl:16 [inlined]
   [5] macro expansion at /buildworker/worker/package_linux64/build/usr/share/julia/site/v0.7/Test/src/Test.jl:980 [inlined]
   [6] top-level scope at /home/vagrant/.julia/v0.7/TaylorIntegration/test/one_ode.jl:11
   [7] include at ./boot.jl:295 [inlined]
   [8] include_relative(::Module, ::String) at ./loading.jl:521
   [9] include(::Module, ::String) at ./sysimg.jl:26
   [10] include(::String) at ./sysimg.jl:65
   [11] top-level scope at ./<missing>:13
   [12] include at ./boot.jl:295 [inlined]
   [13] include_relative(::Module, ::String) at ./loading.jl:521
   [14] include(::Module, ::String) at ./sysimg.jl:26
   [15] process_options(::Base.JLOptions) at ./client.jl:323
   [16] _start() at ./client.jl:374
Test Summary:               | Error  Total
Tests: dot{x}=x^2, x(0) = 1 |     1      1
ERROR: LoadError: LoadError: Some tests did not pass: 0 passed, 0 failed, 1 errored, 0 broken.
in expression starting at /home/vagrant/.julia/v0.7/TaylorIntegration/test/one_ode.jl:10
in expression starting at /home/vagrant/.julia/v0.7/TaylorIntegration/test/runtests.jl:12
┌ Error: ------------------------------------------------------------
│ # Testing failed for TaylorIntegration
│   exception = ErrorException("failed process: Process(`/home/vagrant/julia/bin/julia -Cnative -J/home/vagrant/julia/lib/julia/sys.so --compile=yes --depwarn=yes --code-coverage=none --color=no --compiled-modules=yes --check-bounds=yes --warn-overwrite=yes --startup-file=yes /home/vagrant/.julia/v0.7/TaylorIntegration/test/runtests.jl`, ProcessExited(1)) [1]")
└ @ Base.Pkg.Entry entry.jl:739
[ Info: No packages to install, update or remove @ Base.Pkg.Entry entry.jl:517
ERROR: TaylorIntegration had test errors

>>> End of log
