>>> 'Pkg.add("Temporal")' log
INFO: Cloning cache of Temporal from https://github.com/dysonance/Temporal.jl.git
INFO: Installing BinDeps v0.4.5
INFO: Installing BufferedStreams v0.2.0
INFO: Installing Codecs v0.2.0
INFO: Installing HttpCommon v0.2.6
INFO: Installing HttpParser v0.2.0
INFO: Installing Libz v0.2.0
INFO: Installing MbedTLS v0.3.0
INFO: Installing Requests v0.3.11
INFO: Installing SHA v0.3.0
INFO: Installing Temporal v0.2.0
INFO: Installing URIParser v0.1.6
INFO: Building HttpParser
INFO: Building MbedTLS
INFO: Package database updated

>>> 'Pkg.test("Temporal")' log
Julia Version 0.5.0
Commit 3c9d753 (2016-09-19 18:14 UTC)
Platform Info:
  System: Linux (x86_64-pc-linux-gnu)
  CPU: Intel(R) Xeon(R) CPU E3-1241 v3 @ 3.50GHz
  WORD_SIZE: 64
           Ubuntu 14.04.5 LTS
  uname: Linux 3.13.0-103-generic #150-Ubuntu SMP Thu Nov 24 10:34:17 UTC 2016 x86_64 x86_64
Memory: 2.9392738342285156 GB (720.36328125 MB free)
Uptime: 33962.0 sec
Load Avg:  1.01513671875  0.9853515625  1.00927734375
Intel(R) Xeon(R) CPU E3-1241 v3 @ 3.50GHz: 
       speed         user         nice          sys         idle          irq
#1  3500 MHz    1762145 s       6490 s     166504 s    1095263 s         78 s
#2  3500 MHz     494821 s        104 s      77435 s    2743644 s          1 s

  BLAS: libopenblas (USE64BITINT DYNAMIC_ARCH NO_AFFINITY Nehalem)
  LAPACK: libopenblas64_
  LIBM: libopenlibm
  LLVM: libLLVM-3.7.1 (ORCJIT, haswell)
Environment:
  TERM = vt100
  LD_LIBRARY_PATH = :/usr/local/lib/
  PATH = /usr/local/sbin:/usr/local/bin:/usr/sbin:/usr/bin:/sbin:/bin:/usr/games:/usr/local/games:/home/vagrant/julia/bin/
  JAVA_HOME = /usr/lib/jvm/java-7-oracle
  HOME = /home/vagrant

Package Directory: /home/vagrant/.julia/v0.5
2 required packages:
 - JSON                          0.8.0
 - Temporal                      0.2.0
28 additional packages:
 - BinDeps                       0.4.5
 - BufferedStreams               0.2.0
 - CategoricalArrays             0.1.0
 - Codecs                        0.2.0
 - Compat                        0.9.5
 - DataArrays                    0.3.10
 - DataFrames                    0.8.5
 - DataStreams                   0.1.2
 - DataStreamsIntegrationTests   0.0.1              e92cc45b (dirty)
 - FileIO                        0.2.0
 - GZip                          0.2.20
 - Hiccup                        0.0.3
 - HttpCommon                    0.2.6
 - HttpParser                    0.2.0
 - Juno                          0.2.5
 - Lazy                          0.11.4
 - Libz                          0.2.0
 - MacroTools                    0.3.2
 - MbedTLS                       0.3.0
 - Media                         0.2.4
 - NullableArrays                0.0.10
 - Reexport                      0.0.3
 - Requests                      0.3.11
 - SHA                           0.3.0
 - SortingAlgorithms             0.1.0
 - StatsBase                     0.11.1
 - URIParser                     0.1.6
 - WeakRefStrings                0.2.0
INFO: Testing Temporal
INFO: Temporal tests passed

>>> End of log
