>>> 'Pkg.add("Temporal")' log
INFO: Cloning cache of Temporal from git://github.com/dysonance/Temporal.jl.git
INFO: Installing Dates v0.4.4
INFO: Installing Temporal v0.0.5
INFO: Package database updated
INFO: METADATA is out-of-date — you may not have the latest version of Temporal
INFO: Use `Pkg.update()` to get the latest versions of your packages

>>> 'Pkg.test("Temporal")' log
Julia Version 0.4.6
Commit 2e358ce (2016-06-19 17:16 UTC)
Platform Info:
  System: Linux (x86_64-unknown-linux-gnu)
  CPU: Intel(R) Xeon(R) CPU E3-1241 v3 @ 3.50GHz
  WORD_SIZE: 64
           Ubuntu 14.04.5 LTS
  uname: Linux 3.13.0-92-generic #139-Ubuntu SMP Tue Jun 28 20:42:26 UTC 2016 x86_64 x86_64
Memory: 2.4471054077148438 GB (979.94140625 MB free)
Uptime: 27912.0 sec
Load Avg:  0.98583984375  0.9658203125  0.91552734375
Intel(R) Xeon(R) CPU E3-1241 v3 @ 3.50GHz: 
       speed         user         nice          sys         idle          irq
#1  3499 MHz    1152257 s       6312 s     115598 s    1194412 s         69 s
#2  3499 MHz     829435 s        342 s      96740 s    1719680 s          1 s

  BLAS: libopenblas (USE64BITINT DYNAMIC_ARCH NO_AFFINITY Nehalem)
  LAPACK: libopenblas64_
  LIBM: libopenlibm
  LLVM: libLLVM-3.3
Environment:
  TERM = vt100
  LD_LIBRARY_PATH = :/usr/local/lib/
  PATH = /usr/local/sbin:/usr/local/bin:/usr/sbin:/usr/bin:/sbin:/bin:/usr/games:/usr/local/games:/home/vagrant/julia/bin/
  JAVA_HOME = /usr/lib/jvm/java-7-oracle
  HOME = /home/vagrant

Package Directory: /home/vagrant/.julia/v0.4
2 required packages:
 - JSON                          0.6.0
 - Temporal                      0.0.5
2 additional packages:
 - Compat                        0.8.6
 - Dates                         0.4.4
INFO: Testing Temporal
INFO: Temporal tests passed

>>> End of log
