>>> 'Pkg.add("TensorOperations")' log
INFO: Installing TensorOperations v0.5.0
INFO: Package database updated
INFO: METADATA is out-of-date — you may not have the latest version of TensorOperations
INFO: Use `Pkg.update()` to get the latest versions of your packages

>>> 'Pkg.test("TensorOperations")' log
Julia Version 0.6.0-dev.787
Commit c71f205 (2016-09-26 16:28 UTC)
Platform Info:
  OS: Linux (x86_64-pc-linux-gnu)
  CPU: Intel(R) Xeon(R) CPU E3-1241 v3 @ 3.50GHz
  WORD_SIZE: 64
           Ubuntu 14.04.5 LTS
  uname: Linux 3.13.0-98-generic #145-Ubuntu SMP Sat Oct 8 20:13:07 UTC 2016 x86_64 x86_64
Memory: 2.939289093017578 GB (485.67578125 MB free)
Uptime: 24268.0 sec
Load Avg:  1.1220703125  1.02978515625  0.9794921875
Intel(R) Xeon(R) CPU E3-1241 v3 @ 3.50GHz: 
       speed         user         nice          sys         idle          irq
#1  3504 MHz    1399888 s       7434 s     143614 s     619496 s        104 s
#2  3504 MHz     450218 s         96 s      78522 s    1823754 s          0 s

  BLAS: libopenblas (USE64BITINT DYNAMIC_ARCH NO_AFFINITY Nehalem)
  LAPACK: libopenblas64_
  LIBM: libopenlibm
  LLVM: libLLVM-3.7.1 (ORCJIT, haswell)
Environment:
  TERM = vt100
  LD_LIBRARY_PATH = :/usr/local/lib/
  PATH = /usr/local/sbin:/usr/local/bin:/usr/sbin:/usr/bin:/sbin:/bin:/usr/games:/usr/local/games:/home/vagrant/julia/bin/
  JAVA_HOME = /usr/lib/jvm/java-7-oracle
  HOME = /home/vagrant

Package Directory: /home/vagrant/.julia/v0.6
2 required packages:
 - JSON                          0.8.0
 - TensorOperations              0.5.0
1 additional packages:
 - Compat                        0.9.2
INFO: Testing TensorOperations
INFO: TensorOperations tests passed

>>> End of log
