>>> 'Pkg.add("TerminalExtensions")' log
INFO: Cloning cache of TerminalExtensions from https://github.com/Keno/TerminalExtensions.jl.git
INFO: Installing TerminalExtensions v0.2.0
INFO: Package database updated
INFO: METADATA is out-of-date — you may not have the latest version of TerminalExtensions
INFO: Use `Pkg.update()` to get the latest versions of your packages

>>> 'Pkg.test("TerminalExtensions")' log
Julia Version 0.6.0
Commit 9036443 (2017-06-19 13:05 UTC)
Platform Info:
  OS: Linux (x86_64-pc-linux-gnu)
  CPU: Intel(R) Xeon(R) CPU E3-1241 v3 @ 3.50GHz
  WORD_SIZE: 64
           Ubuntu 14.04.5 LTS
  uname: Linux 3.13.0-121-generic #170-Ubuntu SMP Wed Jun 14 09:04:33 UTC 2017 x86_64 x86_64
Memory: 2.9392738342285156 GB (892.17578125 MB free)
Uptime: 70095.0 sec
Load Avg:  1.04248046875  1.001953125  1.01318359375
Intel(R) Xeon(R) CPU E3-1241 v3 @ 3.50GHz: 
       speed         user         nice          sys         idle          irq
#1  3495 MHz    4683764 s       7276 s     211529 s     912825 s         82 s
#2  3495 MHz     931994 s         52 s     106639 s    5839036 s          2 s

  BLAS: libopenblas (USE64BITINT DYNAMIC_ARCH NO_AFFINITY Nehalem)
  LAPACK: libopenblas64_
  LIBM: libopenlibm
  LLVM: libLLVM-3.9.1 (ORCJIT, haswell)
Environment:
  TERM = vt100
  LD_LIBRARY_PATH = :/usr/local/lib/
  PATH = /usr/local/sbin:/usr/local/bin:/usr/sbin:/usr/bin:/sbin:/bin:/usr/games:/usr/local/games:/home/vagrant/julia/bin/
  JAVA_HOME = /usr/lib/jvm/java-8-openjdk-amd64
  HOME = /home/vagrant

Package Directory: /home/vagrant/.julia/v0.6
2 required packages:
 - JSON                          0.12.0
 - TerminalExtensions            0.2.0
1 additional packages:
 - Compat                        0.26.0
INFO: Testing TerminalExtensions
INFO: TerminalExtensions tests passed

>>> End of log
