>>> 'Pkg.add("TerminalUI")' log
[ Info: Cloning cache of TerminalUI from https://github.com/Keno/TerminalUI.jl.git
[ Info: Cloning cache of VT100 from https://github.com/Keno/VT100.jl.git
[ Info: Installing AbstractTrees v0.1.0
[ Info: Installing ColorTypes v0.6.6
[ Info: Installing Colors v0.8.2
[ Info: Installing DataStructures v0.7.4
[ Info: Installing FixedPointNumbers v0.4.3
[ Info: Installing Reactive v0.6.0
[ Info: Installing Reexport v0.1.0
[ Info: Installing TerminalUI v0.0.2
[ Info: Installing VT100 v0.2.3
[ Info: Package database updated
┌ Info: METADATA is out-of-date — you may not have the latest version of TerminalUI
└ Use `Pkg.update()` to get the latest versions of your packages

>>> 'Pkg.test("TerminalUI")' log
Julia Version 0.7.0-DEV.3456
Commit 87cf094e05 (2018-01-18 22:18 UTC)
Platform Info:
  OS: Linux (x86_64-pc-linux-gnu)
      Ubuntu 14.04.5 LTS
  uname: Linux 3.13.0-135-generic #184-Ubuntu SMP Wed Oct 18 11:55:51 UTC 2017 x86_64 x86_64
  CPU: Intel(R) Xeon(R) CPU E3-1241 v3 @ 3.50GHz: 
              speed         user         nice          sys         idle          irq
       #1  3500 MHz    3806803 s       5672 s     185112 s     948367 s         29 s
       #2  3500 MHz     768552 s       1723 s      71403 s    4903479 s          1 s
       
  Memory: 2.93927001953125 GB (970.4765625 MB free)
  Uptime: 58564.0 sec
  Load Avg:  1.0029296875  1.0146484375  0.98681640625
  WORD_SIZE: 64
  LIBM: libopenlibm
  LLVM: libLLVM-3.9.1 (ORCJIT, haswell)
Environment:
  TERM = vt100
  LD_LIBRARY_PATH = :/usr/local/lib/
  PATH = /usr/local/sbin:/usr/local/bin:/usr/sbin:/usr/bin:/sbin:/bin:/usr/games:/usr/local/games:/home/vagrant/julia/bin/
  JAVA_HOME = /usr/lib/jvm/java-8-openjdk-amd64
  HOME = /home/vagrant
Packages:
  Package Directory: /home/vagrant/.julia/v0.7
  Package Status:
2 required packages:
 - JSON                          0.16.4
 - TerminalUI                    0.0.2
11 additional packages:
 - AbstractTrees                 0.1.0
 - ColorTypes                    0.6.6
 - Colors                        0.8.2
 - Compat                        0.46.0
 - DataStructures                0.7.4
 - FixedPointNumbers             0.4.3
 - Nullables                     0.0.3
 - Reactive                      0.6.0
 - Reexport                      0.1.0
 - VT100                         0.2.3
 - tmpFveHGf                     0.0.0-             non-repo (unregistered)
[ Info: Computing test dependencies for TerminalUI...
[ Info: Installing AxisAlgorithms v0.2.0
[ Info: Installing BinDeps v0.8.5
[ Info: Installing Calculus v0.2.2
[ Info: Installing CommonSubexpressions v0.0.1
[ Info: Installing Compose v0.5.4
[ Info: Installing Contour v0.4.0
[ Info: Installing CoupledFields v0.0.1
[ Info: Installing DataArrays v0.6.2
[ Info: Installing DataFrames v0.10.1
[ Info: Installing DiffResults v0.0.3
[ Info: Installing DiffRules v0.0.2
[ Info: Installing Distances v0.5.0
[ Info: Installing Distributions v0.15.0
[ Info: Installing DualNumbers v0.3.0
[ Info: Installing FileIO v0.6.1
[ Info: Installing ForwardDiff v0.7.0
[ Info: Installing GZip v0.3.0
[ Info: Installing Gadfly v0.6.4
[ Info: Installing Hexagons v0.1.0
[ Info: Installing Hiccup v0.1.1
[ Info: Installing Interpolations v0.7.3
[ Info: Installing IterTools v0.2.0
[ Info: Installing Juno v0.3.2
[ Info: Installing KernelDensity v0.4.0
[ Info: Installing LineSearches v3.2.3
[ Info: Installing Loess v0.3.0
[ Info: Installing MacroTools v0.4.0
[ Info: Installing Measures v0.1.0
[ Info: Installing Media v0.3.0
[ Info: Installing NLSolversBase v4.1.1
[ Info: Installing NaNMath v0.3.0
[ Info: Installing Optim v0.12.0
[ Info: Installing PDMats v0.8.0
[ Info: Installing Parameters v0.8.1
[ Info: Installing PositiveFactorizations v0.1.0
[ Info: Installing QuadGK v0.2.0
[ Info: Installing Ratios v0.2.0
[ Info: Installing Rmath v0.3.1
[ Info: Installing SHA v0.5.3
[ Info: Installing ShowItLikeYouBuildIt v0.2.0
[ Info: Installing Showoff v0.1.1
[ Info: Installing SortingAlgorithms v0.2.0
[ Info: Installing SpecialFunctions v0.3.8
[ Info: Installing StaticArrays v0.6.6
[ Info: Installing StatsBase v0.19.5
[ Info: Installing StatsFuns v0.5.0
[ Info: Installing URIParser v0.3.0
[ Info: Installing WoodburyMatrices v0.2.2
[ Info: Building SpecialFunctions
┌ Warning: `isalnum(c::Char)` is deprecated, use `isalpha(c) || isnumeric(c)` instead.
│   caller = is_userinfo_char at parser.jl:4 [inlined]
└ @ Core parser.jl:4
┌ Warning: `isalnum(c::Char)` is deprecated, use `isalpha(c) || isnumeric(c)` instead.
│   caller = is_host_char at parser.jl:8 [inlined]
└ @ Core parser.jl:8
┌ Warning: `isalnum(c::Char)` is deprecated, use `isalpha(c) || isnumeric(c)` instead.
│   caller = is_host_char at parser.jl:8 [inlined]
└ @ Core parser.jl:8
WARNING: importing deprecated binding Base.Associative into BinDeps.
WARNING: Base.Associative is deprecated, use AbstractDict instead.
  likely near /home/vagrant/.julia/v0.7/SpecialFunctions/deps/binaries.jl:44
in @install at /home/vagrant/.julia/v0.7/BinDeps/src/dependencies.jl
[ Info: Building Rmath
┌ Warning: `isalnum(c::Char)` is deprecated, use `isalpha(c) || isnumeric(c)` instead.
│   caller = is_userinfo_char at parser.jl:4 [inlined]
└ @ Core parser.jl:4
┌ Warning: `isalnum(c::Char)` is deprecated, use `isalpha(c) || isnumeric(c)` instead.
│   caller = is_host_char at parser.jl:8 [inlined]
└ @ Core parser.jl:8
┌ Warning: `isalnum(c::Char)` is deprecated, use `isalpha(c) || isnumeric(c)` instead.
│   caller = is_host_char at parser.jl:8 [inlined]
└ @ Core parser.jl:8
┌ Error: ------------------------------------------------------------
│ # Build failed for Rmath
│   exception =
│    LoadError: UndefVarError: Libdl not defined
│    Stacktrace:
│     [1] top-level scope at /home/vagrant/.julia/v0.7/BinDeps/src/BinDeps.jl:278
│     [2] include at ./boot.jl:292 [inlined]
│     [3] include_relative(::Module, ::String) at ./loading.jl:521
│     [4] include at ./sysimg.jl:26 [inlined]
│     [5] include(::String) at ./loading.jl:555
│     [6] top-level scope
│     [7] eval at ./boot.jl:295 [inlined]
│     [8] eval at ./sysimg.jl:71 [inlined]
│     [9] evalfile(::String, ::Array{String,1}) at ./loading.jl:550 (repeats 2 times)
│     [10] #2 at ./none:12 [inlined]
│     [11] cd(::getfield(, Symbol("##2#5")){String}, ::String) at ./file.jl:70
│     [12] (::getfield(, Symbol("##1#3")))(::IOStream) at ./none:11
│     [13] open(::getfield(, Symbol("##1#3")), ::String, ::String) at ./iostream.jl:310
│     [14] top-level scope
│     [15] eval at ./boot.jl:295 [inlined]
│     [16] eval(::Module, ::Expr) at ./sysimg.jl:71
│     [17] process_options(::Base.JLOptions) at ./client.jl:301
│     [18] _start() at ./client.jl:375
│    in expression starting at /home/vagrant/.julia/v0.7/Rmath/deps/build.jl:278
└ @ Main none:15
┌ Warning: ------------------------------------------------------------
│ # Build error summary
│ 
│ Rmath had build errors.
│ 
│  - packages with build errors remain installed in /home/vagrant/.julia/v0.7
│  - build the package(s) and all dependencies with `Pkg.build("Rmath")`
│  - build a single package by running its `deps/build.jl` script
└ @ Base.Pkg.Entry entry.jl:650
[ Info: Testing TerminalUI
┌ Warning: Deprecated syntax `type` at /home/vagrant/.julia/v0.7/TerminalUI/src/TerminalUI.jl:23.
│ Use `mutable struct` instead.
└ @ nothing TerminalUI.jl:23
┌ Warning: Deprecated syntax `type` at /home/vagrant/.julia/v0.7/TerminalUI/src/TerminalUI.jl:23.
│ Use `mutable struct` instead.
└ @ nothing TerminalUI.jl:23
ERROR: LoadError: syntax: extra token "Widget" after end of expression
Stacktrace:
 [1] include at ./boot.jl:292 [inlined]
 [2] include_relative(::Module, ::String) at ./loading.jl:521
 [3] include(::Module, ::String) at ./sysimg.jl:26
 [4] top-level scope
 [5] eval at ./boot.jl:295 [inlined]
 [6] top-level scope at ./<missing>:2
in expression starting at /home/vagrant/.julia/v0.7/TerminalUI/src/TerminalUI.jl:68
ERROR: LoadError: Failed to precompile TerminalUI to /home/vagrant/.julia/lib/v0.7/TerminalUI.ji.
Stacktrace:
 [1] error at ./error.jl:33 [inlined]
 [2] compilecache(::String) at ./loading.jl:648
 [3] compilecache at ./loading.jl:605 [inlined]
 [4] _require(::Symbol) at ./loading.jl:460
 [5] require(::Symbol) at ./loading.jl:333
 [6] include at ./boot.jl:292 [inlined]
 [7] include_relative(::Module, ::String) at ./loading.jl:521
 [8] include(::Module, ::String) at ./sysimg.jl:26
 [9] process_options(::Base.JLOptions) at ./client.jl:324
 [10] _start() at ./client.jl:375
in expression starting at /home/vagrant/.julia/v0.7/TerminalUI/test/runtests.jl:1
┌ Error: ------------------------------------------------------------
│ # Testing failed for TerminalUI
│   exception =
│    failed process: Process(`/home/vagrant/julia/bin/julia -Cnative -J/home/vagrant/julia/lib/julia/sys.so --compile=yes --depwarn=yes --code-coverage=none --color=no --compiled-modules=yes --check-bounds=yes --warn-overwrite=yes --startup-file=yes /home/vagrant/.julia/v0.7/TerminalUI/test/runtests.jl`, ProcessExited(1)) [1]
│    Stacktrace:
│     [1] error(::String, ::Base.Process, ::String, ::Int64, ::String) at ./error.jl:42
│     [2] pipeline_error(::Base.Process) at ./process.jl:694
│     [3] run(::Cmd) at ./process.jl:656
│     [4] (::getfield(Base.Pkg.Entry, Symbol("##91#94")){Bool,String,Array{AbstractString,1}})() at ./pkg/entry.jl:730
│     [5] cd(::getfield(Base.Pkg.Entry, Symbol("##91#94")){Bool,String,Array{AbstractString,1}}, ::String) at ./file.jl:70
│     [6] #test!#90(::Bool, ::Function, ::String, ::Array{AbstractString,1}, ::Array{AbstractString,1}, ::Array{AbstractString,1}) at ./pkg/entry.jl:718
│     [7] (::getfield(Base.Pkg.Entry, Symbol("#kw##test!")))(::NamedTuple{(:coverage,),Tuple{Bool}}, ::typeof(Base.Pkg.Entry.test!), ::String, ::Array{AbstractString,1}, ::Array{AbstractString,1}, ::Array{AbstractString,1}) at ./<missing>:0
│     [8] #test#98(::Bool, ::Function, ::Array{AbstractString,1}) at ./pkg/entry.jl:757
│     [9] (::getfield(Base.Pkg.Entry, Symbol("#kw##test")))(::NamedTuple{(:coverage,),Tuple{Bool}}, ::typeof(Base.Pkg.Entry.test), ::Array{AbstractString,1}) at ./<missing>:0
│     [10] (::getfield(Base.Pkg.Dir, Symbol("##4#7")){Base.Iterators.IndexValue{Symbol,Bool,Tuple{Symbol},NamedTuple{(:coverage,),Tuple{Bool}}},typeof(Base.Pkg.Entry.test),Tuple{Array{AbstractString,1}}})() at ./pkg/dir.jl:36
│     [11] cd(::getfield(Base.Pkg.Dir, Symbol("##4#7")){Base.Iterators.IndexValue{Symbol,Bool,Tuple{Symbol},NamedTuple{(:coverage,),Tuple{Bool}}},typeof(Base.Pkg.Entry.test),Tuple{Array{AbstractString,1}}}, ::String) at ./file.jl:70
│     [12] #cd#1(::Base.Iterators.IndexValue{Symbol,Bool,Tuple{Symbol},NamedTuple{(:coverage,),Tuple{Bool}}}, ::Function, ::Function, ::Array{AbstractString,1}, ::Vararg{Array{AbstractString,1},N} where N) at ./pkg/dir.jl:36
│     [13] (::getfield(Base.Pkg.Dir, Symbol("#kw##cd")))(::NamedTuple{(:coverage,),Tuple{Bool}}, ::typeof(Base.Pkg.Dir.cd), ::Function, ::Array{AbstractString,1}, ::Vararg{Array{AbstractString,1},N} where N) at ./<missing>:0
│     [14] #test#3(::Bool, ::Function, ::String, ::Vararg{String,N} where N) at ./pkg/pkg.jl:274
│     [15] test(::String, ::Vararg{String,N} where N) at ./pkg/pkg.jl:274
│     [16] top-level scope
│     [17] eval at ./boot.jl:295 [inlined]
│     [18] eval(::Module, ::Expr) at ./sysimg.jl:71
│     [19] process_options(::Base.JLOptions) at ./client.jl:301
│     [20] _start() at ./client.jl:375
└ @ Base.Pkg.Entry entry.jl:733
[ Info: Removing AxisAlgorithms v0.2.0
[ Info: Removing BinDeps v0.8.5
[ Info: Removing Calculus v0.2.2
[ Info: Removing CommonSubexpressions v0.0.1
[ Info: Removing Compose v0.5.4
[ Info: Removing Contour v0.4.0
[ Info: Removing CoupledFields v0.0.1
[ Info: Removing DataArrays v0.6.2
[ Info: Removing DataFrames v0.10.1
[ Info: Removing DiffResults v0.0.3
[ Info: Removing DiffRules v0.0.2
[ Info: Removing Distances v0.5.0
[ Info: Removing Distributions v0.15.0
[ Info: Removing DualNumbers v0.3.0
[ Info: Removing FileIO v0.6.1
[ Info: Removing ForwardDiff v0.7.0
[ Info: Removing GZip v0.3.0
[ Info: Removing Gadfly v0.6.4
[ Info: Removing Hexagons v0.1.0
[ Info: Removing Hiccup v0.1.1
[ Info: Removing Interpolations v0.7.3
[ Info: Removing IterTools v0.2.0
[ Info: Removing Juno v0.3.2
[ Info: Removing KernelDensity v0.4.0
[ Info: Removing LineSearches v3.2.3
[ Info: Removing Loess v0.3.0
[ Info: Removing MacroTools v0.4.0
[ Info: Removing Measures v0.1.0
[ Info: Removing Media v0.3.0
[ Info: Removing NLSolversBase v4.1.1
[ Info: Removing NaNMath v0.3.0
[ Info: Removing Optim v0.12.0
[ Info: Removing PDMats v0.8.0
[ Info: Removing Parameters v0.8.1
[ Info: Removing PositiveFactorizations v0.1.0
[ Info: Removing QuadGK v0.2.0
[ Info: Removing Ratios v0.2.0
[ Info: Removing Rmath v0.3.1
[ Info: Removing SHA v0.5.3
[ Info: Removing ShowItLikeYouBuildIt v0.2.0
[ Info: Removing Showoff v0.1.1
[ Info: Removing SortingAlgorithms v0.2.0
[ Info: Removing SpecialFunctions v0.3.8
[ Info: Removing StaticArrays v0.6.6
[ Info: Removing StatsBase v0.19.5
[ Info: Removing StatsFuns v0.5.0
[ Info: Removing URIParser v0.3.0
[ Info: Removing WoodburyMatrices v0.2.2
ERROR: TerminalUI had test errors

>>> End of log
