>>> 'Pkg.add("TermWin")' log
INFO: Cloning cache of DataFramesMeta from git://github.com/JuliaStats/DataFramesMeta.jl.git
INFO: Cloning cache of TermWin from git://github.com/tonyhffong/TermWin.jl.git
INFO: Installing ArrayViews v0.6.2
INFO: Installing DataArrays v0.2.17
INFO: Installing DataFrames v0.6.8
INFO: Installing DataFramesMeta v0.0.1
INFO: Installing Docile v0.5.13
INFO: Installing Formatting v0.1.3
INFO: Installing GZip v0.2.17
INFO: Installing Lint v0.1.67
INFO: Installing Reexport v0.0.2
INFO: Installing SortingAlgorithms v0.0.5
INFO: Installing StatsBase v0.7.0
INFO: Installing StatsFuns v0.1.1
INFO: Installing TermWin v0.0.30
INFO: Package database updated

>>> 'Pkg.test("TermWin")' log
Julia Version 0.3.11
Commit 483dbf5* (2015-07-27 06:18 UTC)
Platform Info:
  System: Linux (x86_64-unknown-linux-gnu)
  CPU: Intel(R) Core(TM) i7-4960HQ CPU @ 2.60GHz
  WORD_SIZE: 64
  BLAS: libopenblas (USE64BITINT DYNAMIC_ARCH NO_AFFINITY Nehalem)
  LAPACK: libopenblas
  LIBM: libopenlibm
  LLVM: libLLVM-3.3
INFO: Computing test dependencies for TermWin...
INFO: No packages to install, update or remove
INFO: Testing TermWin
INFO: Installing Dates v0.3.2
INFO: Package database updated
/home/vagrant/.julia/v0.3/TermWin/src/consts.jl
/home/vagrant/.julia/v0.3/TermWin/src/ccall.jl
/home/vagrant/.julia/v0.3/TermWin/src/twtypes.jl
/home/vagrant/.julia/v0.3/TermWin/src/strutils.jl
/home/vagrant/.julia/v0.3/TermWin/src/format.jl
/home/vagrant/.julia/v0.3/TermWin/src/dfutils.jl
/home/vagrant/.julia/v0.3/TermWin/src/twobj.jl
/home/vagrant/.julia/v0.3/TermWin/src/twscreen.jl
/home/vagrant/.julia/v0.3/TermWin/src/twprogress.jl
/home/vagrant/.julia/v0.3/TermWin/src/twviewer.jl
/home/vagrant/.julia/v0.3/TermWin/src/twentry.jl
/home/vagrant/.julia/v0.3/TermWin/src/readtoken.jl
/home/vagrant/.julia/v0.3/TermWin/src/twtree.jl
/home/vagrant/.julia/v0.3/TermWin/src/twfunc.jl
/home/vagrant/.julia/v0.3/TermWin/src/twpopup.jl
/home/vagrant/.julia/v0.3/TermWin/src/twmultiselect.jl
/home/vagrant/.julia/v0.3/TermWin/src/twcalendar.jl
/home/vagrant/.julia/v0.3/TermWin/src/twdftable.jl
[]
INFO: TermWin tests passed
INFO: No packages to install, update or remove

>>> End of log
