>>> 'Pkg.add("ThingSpeak")' log
INFO: Cloning cache of ThingSpeak from https://github.com/ggggggggg/ThingSpeak.jl.git
INFO: Installing BinDeps v0.8.6
INFO: Installing BufferedStreams v0.3.3
INFO: Installing Codecs v0.4.0
INFO: Installing HttpCommon v0.4.0
INFO: Installing HttpParser v0.3.1
INFO: Installing Libz v0.2.4
INFO: Installing MbedTLS v0.5.5
INFO: Installing Requests v0.5.1
INFO: Installing SHA v0.5.6
INFO: Installing ThingSpeak v0.0.2
INFO: Installing URIParser v0.3.0
INFO: Building HttpParser
INFO: Building MbedTLS
Using system libraries...
INFO: Package database updated

>>> 'Pkg.test("ThingSpeak")' log
Package was unable to be tested.

>>> End of log
