>>> 'Pkg.add("TikzGraphs")' log
INFO: Cloning cache of TikzGraphs from https://github.com/sisl/TikzGraphs.jl.git
INFO: Installing AutoHashEquals v0.1.1
INFO: Installing BinDeps v0.4.5
INFO: Installing Blosc v0.2.0
INFO: Installing Calculus v0.2.0
INFO: Installing DataStructures v0.5.2
INFO: Installing Distributions v0.12.0
INFO: Installing FileIO v0.3.0
INFO: Installing GZip v0.2.20
INFO: Installing HDF5 v0.7.3
INFO: Installing JLD v0.6.9
INFO: Installing LaTeXStrings v0.2.0
INFO: Installing LegacyStrings v0.2.0
INFO: Installing LightGraphs v0.7.2
INFO: Installing LightXML v0.4.0
INFO: Installing PDMats v0.5.4
INFO: Installing ParserCombinator v1.7.11
INFO: Installing QuadGK v0.1.1
INFO: Installing Rmath v0.1.6
INFO: Installing SHA v0.3.1
INFO: Installing StatsBase v0.13.0
INFO: Installing StatsFuns v0.4.0
INFO: Installing TikzGraphs v0.3.0
INFO: Installing TikzPictures v0.3.5
INFO: Installing URIParser v0.1.8
INFO: Building Blosc
INFO: Building Rmath
WARNING: Array{T}(::Type{T}, m::Int) is deprecated, use Array{T}(m) instead.
Stacktrace:
 [1] depwarn(::String, ::Symbol) at ./deprecated.jl:64
 [2] Array(::Type{Tuple{BinDeps.DependencyProvider,Dict{Symbol,Any}}}, ::Int64) at ./deprecated.jl:51
 [3] #_library_dependency#21(::Array{Any,1}, ::Function, ::BinDeps.PackageContext, ::String) at /home/vagrant/.julia/v0.6/BinDeps/src/dependencies.jl:60
 [4] (::BinDeps.#kw##_library_dependency)(::Array{Any,1}, ::BinDeps.#_library_dependency, ::BinDeps.PackageContext, ::String) at ./<missing>:0
 [5] #library_dependency#1(::Array{Any,1}, ::Function, ::String, ::Vararg{String,N} where N) at /home/vagrant/.julia/v0.6/BinDeps/src/dependencies.jl:86
 [6] (::__anon__.#kw##library_dependency)(::Array{Any,1}, ::__anon__.#library_dependency, ::String, ::Vararg{String,N} where N) at ./<missing>:0
 [7] include_from_node1(::String) at ./loading.jl:539
 [8] include(::String) at ./sysimg.jl:14
 [9] evalfile(::String, ::Array{String,1}) at ./loading.jl:573 (repeats 2 times)
 [10] cd(::##2#4, ::String) at ./file.jl:69
 [11] (::##1#3)(::IOStream) at ./none:12
 [12] open(::##1#3, ::String, ::String) at ./iostream.jl:152
 [13] eval(::Module, ::Any) at ./boot.jl:235
 [14] process_options(::Base.JLOptions) at ./client.jl:286
 [15] _start() at ./client.jl:371
while loading /home/vagrant/.julia/v0.6/Rmath/deps/build.jl, in expression starting on line 5
WARNING: takebuf_string(b) is deprecated, use String(take!(b)) instead.
Stacktrace:
 [1] depwarn(::String, ::Symbol) at ./deprecated.jl:64
 [2] takebuf_string(::Base.AbstractIOBuffer{Array{UInt8,1}}) at ./deprecated.jl:51
 [3] macro expansion at /home/vagrant/.julia/v0.6/BinDeps/src/dependencies.jl:887 [inlined]
 [4] anonymous at ./<missing>:?
 [5] include_from_node1(::String) at ./loading.jl:539
 [6] include(::String) at ./sysimg.jl:14
 [7] evalfile(::String, ::Array{String,1}) at ./loading.jl:573 (repeats 2 times)
 [8] cd(::##2#4, ::String) at ./file.jl:69
 [9] (::##1#3)(::IOStream) at ./none:12
 [10] open(::##1#3, ::String, ::String) at ./iostream.jl:152
 [11] eval(::Module, ::Any) at ./boot.jl:235
 [12] process_options(::Base.JLOptions) at ./client.jl:286
 [13] _start() at ./client.jl:371
while loading /home/vagrant/.julia/v0.6/Rmath/deps/build.jl, in expression starting on line 43
INFO: Building HDF5
WARNING: Array{T}(::Type{T}, m::Int) is deprecated, use Array{T}(m) instead.
Stacktrace:
 [1] depwarn(::String, ::Symbol) at ./deprecated.jl:64
 [2] Array(::Type{Tuple{BinDeps.DependencyProvider,Dict{Symbol,Any}}}, ::Int64) at ./deprecated.jl:51
 [3] #_library_dependency#21(::Array{Any,1}, ::Function, ::BinDeps.PackageContext, ::String) at /home/vagrant/.julia/v0.6/BinDeps/src/dependencies.jl:60
 [4] (::BinDeps.#kw##_library_dependency)(::Array{Any,1}, ::BinDeps.#_library_dependency, ::BinDeps.PackageContext, ::String) at ./<missing>:0
 [5] #library_dependency#1(::Array{Any,1}, ::Function, ::String, ::Vararg{String,N} where N) at /home/vagrant/.julia/v0.6/BinDeps/src/dependencies.jl:86
 [6] (::__anon__.#kw##library_dependency)(::Array{Any,1}, ::__anon__.#library_dependency, ::String, ::Vararg{String,N} where N) at ./<missing>:0
 [7] include_from_node1(::String) at ./loading.jl:539
 [8] include(::String) at ./sysimg.jl:14
 [9] evalfile(::String, ::Array{String,1}) at ./loading.jl:573 (repeats 2 times)
 [10] cd(::##2#4, ::String) at ./file.jl:69
 [11] (::##1#3)(::IOStream) at ./none:12
 [12] open(::##1#3, ::String, ::String) at ./iostream.jl:152
 [13] eval(::Module, ::Any) at ./boot.jl:235
 [14] process_options(::Base.JLOptions) at ./client.jl:286
 [15] _start() at ./client.jl:371
while loading /home/vagrant/.julia/v0.6/HDF5/deps/build.jl, in expression starting on line 6
WARNING: takebuf_string(b) is deprecated, use String(take!(b)) instead.
Stacktrace:
 [1] depwarn(::String, ::Symbol) at ./deprecated.jl:64
 [2] takebuf_string(::Base.AbstractIOBuffer{Array{UInt8,1}}) at ./deprecated.jl:51
 [3] macro expansion at /home/vagrant/.julia/v0.6/BinDeps/src/dependencies.jl:887 [inlined]
 [4] anonymous at ./<missing>:?
 [5] include_from_node1(::String) at ./loading.jl:539
 [6] include(::String) at ./sysimg.jl:14
 [7] evalfile(::String, ::Array{String,1}) at ./loading.jl:573 (repeats 2 times)
 [8] cd(::##2#4, ::String) at ./file.jl:69
 [9] (::##1#3)(::IOStream) at ./none:12
 [10] open(::##1#3, ::String, ::String) at ./iostream.jl:152
 [11] eval(::Module, ::Any) at ./boot.jl:235
 [12] process_options(::Base.JLOptions) at ./client.jl:286
 [13] _start() at ./client.jl:371
while loading /home/vagrant/.julia/v0.6/HDF5/deps/build.jl, in expression starting on line 27
INFO: Building LightXML
INFO: Package database updated
INFO: METADATA is out-of-date — you may not have the latest version of TikzGraphs
INFO: Use `Pkg.update()` to get the latest versions of your packages

>>> 'Pkg.test("TikzGraphs")' log
Julia Version 0.6.0-dev.2788
Commit 8341444 (2017-02-12 23:04 UTC)
Platform Info:
  OS: Linux (x86_64-pc-linux-gnu)
  CPU: Intel(R) Xeon(R) CPU E3-1241 v3 @ 3.50GHz
  WORD_SIZE: 64
           Ubuntu 14.04.5 LTS
  uname: Linux 3.13.0-108-generic #155-Ubuntu SMP Wed Jan 11 16:58:52 UTC 2017 x86_64 x86_64
Memory: 2.9392738342285156 GB (1263.140625 MB free)
Uptime: 27500.0 sec
Load Avg:  0.9970703125  0.9853515625  0.955078125
Intel(R) Xeon(R) CPU E3-1241 v3 @ 3.50GHz: 
       speed         user         nice          sys         idle          irq
#1  3500 MHz    1642334 s       5124 s     139237 s     626220 s        114 s
#2  3500 MHz     485642 s       2026 s      73106 s    2107219 s          1 s

  BLAS: libopenblas (USE64BITINT DYNAMIC_ARCH NO_AFFINITY Nehalem)
  LAPACK: libopenblas64_
  LIBM: libopenlibm
  LLVM: libLLVM-3.9.1 (ORCJIT, haswell)
Environment:
  TERM = vt100
  LD_LIBRARY_PATH = :/usr/local/lib/
  PATH = /usr/local/sbin:/usr/local/bin:/usr/sbin:/usr/bin:/sbin:/bin:/usr/games:/usr/local/games:/home/vagrant/julia/bin/
  JAVA_HOME = /usr/lib/jvm/java-7-oracle
  HOME = /home/vagrant

Package Directory: /home/vagrant/.julia/v0.6
2 required packages:
 - JSON                          0.8.3
 - TikzGraphs                    0.3.0
24 additional packages:
 - AutoHashEquals                0.1.1
 - BinDeps                       0.4.5
 - Blosc                         0.2.0
 - Calculus                      0.2.0
 - Compat                        0.17.0
 - DataStructures                0.5.2
 - Distributions                 0.12.0
 - FileIO                        0.3.0
 - GZip                          0.2.20
 - HDF5                          0.7.3
 - JLD                           0.6.9
 - LaTeXStrings                  0.2.0
 - LegacyStrings                 0.2.0
 - LightGraphs                   0.7.2
 - LightXML                      0.4.0
 - PDMats                        0.5.4
 - ParserCombinator              1.7.11
 - QuadGK                        0.1.1
 - Rmath                         0.1.6
 - SHA                           0.3.1
 - StatsBase                     0.13.0
 - StatsFuns                     0.4.0
 - TikzPictures                  0.3.5
 - URIParser                     0.1.8
INFO: Computing test dependencies for TikzGraphs...
INFO: Installing NBInclude v1.1.0
INFO: Testing TikzGraphs

WARNING: deprecated syntax "abstract Layout" at /home/vagrant/.julia/v0.6/TikzGraphs/src/TikzGraphs.jl:18.
Use "abstract type Layout end" instead.

WARNING: deprecated syntax "abstract AbstractPathState" at /home/vagrant/.julia/v0.6/LightGraphs/src/core.jl:2.
Use "abstract type AbstractPathState end" instead.

WARNING: deprecated syntax "typealias Edge Pair{Int,Int}" at /home/vagrant/.julia/v0.6/LightGraphs/src/core.jl:8.
Use "const Edge = Pair{Int,Int}" instead.

WARNING: deprecated syntax "typealias SimpleGraph Union{Graph,DiGraph}" at /home/vagrant/.julia/v0.6/LightGraphs/src/core.jl:36.
Use "const SimpleGraph = Union{Graph,DiGraph}" instead.

WARNING: deprecated syntax "abstract SimpleGraphVisitor" at /home/vagrant/.julia/v0.6/LightGraphs/src/traversals/graphvisit.jl:7.
Use "abstract type SimpleGraphVisitor end" instead.

WARNING: deprecated syntax "abstract SimpleGraphVisitAlgorithm" at /home/vagrant/.julia/v0.6/LightGraphs/src/traversals/graphvisit.jl:30.
Use "abstract type SimpleGraphVisitAlgorithm end" instead.

WARNING: deprecated syntax "typealias AbstractEdgeMap{T} Associative{Edge,T}" at /home/vagrant/.julia/v0.6/LightGraphs/src/traversals/graphvisit.jl:32.
Use "AbstractEdgeMap{T} = Associative{Edge,T}" instead.

WARNING: deprecated syntax "typealias AbstractVertexMap{T} Union{AbstractVector{T},Associative{Int,T}}" at /home/vagrant/.julia/v0.6/LightGraphs/src/traversals/graphvisit.jl:33.
Use "AbstractVertexMap{T} = Union{AbstractVector{T},Associative{Int,T}}" instead.

WARNING: deprecated syntax "abstract AbstractMASVisitor<:SimpleGraphVisitor" at /home/vagrant/.julia/v0.6/LightGraphs/src/traversals/maxadjvisit.jl:17.
Use "abstract type AbstractMASVisitor<:SimpleGraphVisitor end" instead.
ERROR: LoadError: LoadError: TypeError: Type{...} expression: expected UnionAll, got Base.Collections.#PriorityQueue
Stacktrace:
 [1] include_from_node1(::String) at ./loading.jl:539
 [2] include(::String) at ./sysimg.jl:14
 [3] include_from_node1(::String) at ./loading.jl:539
 [4] include(::String) at ./sysimg.jl:14
 [5] anonymous at ./<missing>:2
while loading /home/vagrant/.julia/v0.6/LightGraphs/src/traversals/maxadjvisit.jl, in expression starting on line 18
while loading /home/vagrant/.julia/v0.6/LightGraphs/src/LightGraphs.jl, in expression starting on line 137
ERROR: LoadError: LoadError: Failed to precompile LightGraphs to /home/vagrant/.julia/lib/v0.6/LightGraphs.ji.
Stacktrace:
 [1] compilecache(::String) at ./loading.jl:673
 [2] require(::Symbol) at ./loading.jl:460
 [3] include_from_node1(::String) at ./loading.jl:539
while loading /home/vagrant/.julia/v0.6/TikzGraphs/src/TikzGraphs.jl, in expression starting on line 10
while loading /home/vagrant/.julia/v0.6/TikzGraphs/test/runtests.jl, in expression starting on line 1
=============================[ ERROR: TikzGraphs ]==============================

failed process: Process(`/home/vagrant/julia/bin/julia -Cx86-64 -J/home/vagrant/julia/lib/julia/sys.so --compile=yes --depwarn=yes --check-bounds=yes --code-coverage=none --color=no --compilecache=yes /home/vagrant/.julia/v0.6/TikzGraphs/test/runtests.jl`, ProcessExited(1)) [1]

================================================================================
INFO: Removing NBInclude v1.1.0
ERROR: TikzGraphs had test errors

>>> End of log
