>>> 'Pkg.add("TimeSeriesResampler")' log
INFO: Cloning cache of TimeSeriesResampler from https://github.com/femtotrader/TimeSeriesResampler.jl.git
INFO: Installing TimeFrames v0.0.6
INFO: Installing TimeSeries v0.9.1
INFO: Installing TimeSeriesResampler v0.0.6
INFO: Package database updated
INFO: METADATA is out-of-date — you may not have the latest version of TimeSeriesResampler
INFO: Use `Pkg.update()` to get the latest versions of your packages

>>> 'Pkg.test("TimeSeriesResampler")' log
Julia Version 0.6.0-pre.beta.28
Commit cab83c5 (2017-04-05 01:16 UTC)
Platform Info:
  OS: Linux (x86_64-pc-linux-gnu)
  CPU: Intel(R) Xeon(R) CPU E3-1241 v3 @ 3.50GHz
  WORD_SIZE: 64
           Ubuntu 14.04.5 LTS
  uname: Linux 3.13.0-116-generic #163-Ubuntu SMP Fri Mar 31 14:13:22 UTC 2017 x86_64 x86_64
Memory: 2.9392738342285156 GB (698.3203125 MB free)
Uptime: 34412.0 sec
Load Avg:  1.0029296875  0.9853515625  1.02099609375
Intel(R) Xeon(R) CPU E3-1241 v3 @ 3.50GHz: 
       speed         user         nice          sys         idle          irq
#1  3504 MHz    2085456 s       6432 s     163292 s     765016 s        184 s
#2  3504 MHz     638307 s         94 s      86791 s    2596131 s          8 s

  BLAS: libopenblas (USE64BITINT DYNAMIC_ARCH NO_AFFINITY Nehalem)
  LAPACK: libopenblas64_
  LIBM: libopenlibm
  LLVM: libLLVM-3.9.1 (ORCJIT, haswell)
Environment:
  TERM = vt100
  LD_LIBRARY_PATH = :/usr/local/lib/
  PATH = /usr/local/sbin:/usr/local/bin:/usr/sbin:/usr/bin:/sbin:/bin:/usr/games:/usr/local/games:/home/vagrant/julia/bin/
  JAVA_HOME = /usr/lib/jvm/java-7-oracle
  HOME = /home/vagrant

Package Directory: /home/vagrant/.julia/v0.6
2 required packages:
 - JSON                          0.8.3
 - TimeSeriesResampler           0.0.6
3 additional packages:
 - Compat                        0.22.0
 - TimeFrames                    0.0.6
 - TimeSeries                    0.9.1
INFO: Testing TimeSeriesResampler

WARNING: deprecated syntax "abstract AbstractAction" at /home/vagrant/.julia/v0.6/TimeSeriesResampler/src/resample.jl:6.
Use "abstract type AbstractAction end" instead.

WARNING: deprecated syntax "abstract TimeFrame" at /home/vagrant/.julia/v0.6/TimeFrames/src/TimeFrames.jl:14.
Use "abstract type TimeFrame end" instead.

WARNING: deprecated syntax "abstract AbstractPeriodFrame<:TimeFrame" at /home/vagrant/.julia/v0.6/TimeFrames/src/TimeFrames.jl:24.
Use "abstract type AbstractPeriodFrame<:TimeFrame end" instead.

WARNING: deprecated syntax "abstract AbstractTimePeriodFrame<:AbstractPeriodFrame" at /home/vagrant/.julia/v0.6/TimeFrames/src/TimeFrames.jl:25.
Use "abstract type AbstractTimePeriodFrame<:AbstractPeriodFrame end" instead.

WARNING: deprecated syntax "abstract AbstractDatePeriodFrame<:AbstractPeriodFrame" at /home/vagrant/.julia/v0.6/TimeFrames/src/TimeFrames.jl:26.
Use "abstract type AbstractDatePeriodFrame<:AbstractPeriodFrame end" instead.

WARNING: deprecated syntax "typealias DateOrDateTime Union{Date,DateTime}" at /home/vagrant/.julia/v0.6/TimeFrames/src/TimeFrames.jl:235.
Use "const DateOrDateTime = Union{Date,DateTime}" instead.

WARNING: deprecated syntax "inner constructor TimePeriodFrame(...) around /home/vagrant/.julia/v0.6/TimeFrames/src/TimeFrames.jl:30".
Use "TimePeriodFrame{T}(...) where T" instead.

WARNING: deprecated syntax "inner constructor TimePeriodFrame(...) around /home/vagrant/.julia/v0.6/TimeFrames/src/TimeFrames.jl:31".
Use "TimePeriodFrame{T}(...) where T" instead.

WARNING: deprecated syntax "inner constructor DatePeriodFrame(...) around /home/vagrant/.julia/v0.6/TimeFrames/src/TimeFrames.jl:37".
Use "DatePeriodFrame{T}(...) where T" instead.

WARNING: deprecated syntax "inner constructor DatePeriodFrame(...) around /home/vagrant/.julia/v0.6/TimeFrames/src/TimeFrames.jl:38".
Use "DatePeriodFrame{T}(...) where T" instead.
TimeFrames.CustomTimeFrame(#2)
TimeFrames.Minute(15 minutes, Begin::TimeFrames.Boundary = 1)
TimeFrames.Minute(15 minutes, Begin::TimeFrames.Boundary = 1)
15T
TimeFrames.CustomTimeFrame(#2)
TimeFrames.Minute(15 minutes, Begin::TimeFrames.Boundary = 1)
TimeFrames.Minute(15 minutes, Begin::TimeFrames.Boundary = 1)
15T
INFO: TimeSeriesResampler tests passed

>>> End of log
