>>> 'Pkg.add("Timestamps")' log
INFO: Cloning cache of Timestamps from https://github.com/JuliaQuant/Timestamps.jl.git
INFO: Installing Dates v0.4.4
INFO: Installing Timestamps v0.0.2
INFO: Package database updated
INFO: METADATA is out-of-date — you may not have the latest version of Timestamps
INFO: Use `Pkg.update()` to get the latest versions of your packages

>>> 'Pkg.test("Timestamps")' log
Julia Version 0.5.0-dev+2918
Commit 1eacbbb (2016-02-28 16:56 UTC)
Platform Info:
  System: Linux (x86_64-unknown-linux-gnu)
  CPU: Intel(R) Xeon(R) CPU E3-1241 v3 @ 3.50GHz
  WORD_SIZE: 64
  BLAS: libopenblas (USE64BITINT DYNAMIC_ARCH NO_AFFINITY Nehalem)
  LAPACK: libopenblas64_
  LIBM: libopenlibm
  LLVM: libLLVM-3.7.1
INFO: Computing test dependencies for Timestamps...
INFO: Installing FactCheck v0.4.2
INFO: Installing MarketData v0.2.6
INFO: Installing TimeSeries v0.5.10
INFO: Testing Timestamps
WARNING: Method definition require(Symbol) in module Base at loading.jl:308 overwritten at /home/vagrant/.julia/v0.5/Requires/src/hook.jl:17.
WARNING: Union(args...) is deprecated, use Union{args...} instead.
 in depwarn(::ASCIIString, ::Symbol) at ./deprecated.jl:64
 in Union(::Type{Date}, ::Type{Base.Dates.Day}, ::Type{T}) at ./deprecated.jl:50
 in include(::UTF8String) at ./boot.jl:264
 in include_from_node1(::ASCIIString) at ./loading.jl:417
 in include(::ASCIIString) at ./boot.jl:264
 in include_from_node1(::ASCIIString) at ./loading.jl:417
 in eval(::Module, ::Any) at ./boot.jl:267
 [inlined code] from ./sysimg.jl:14
 in require(::Symbol) at ./loading.jl:348
 in include(::ASCIIString) at ./boot.jl:264
 in include_from_node1(::UTF8String) at ./loading.jl:417
 in process_options(::Base.JLOptions) at ./client.jl:262
 in _start() at ./client.jl:318
while loading /home/vagrant/.julia/v0.5/Timestamps/src/timestamp.jl, in expression starting on line 3
WARNING: Union(args...) is deprecated, use Union{args...} instead.
 in depwarn(::ASCIIString, ::Symbol) at ./deprecated.jl:64
 in Union(::Type{Date}, ::Type{Base.Dates.Day}, ::Type{T}) at ./deprecated.jl:50
 in include(::UTF8String) at ./boot.jl:264
 in include_from_node1(::ASCIIString) at ./loading.jl:417
 in include(::ASCIIString) at ./boot.jl:264
 in include_from_node1(::ASCIIString) at ./loading.jl:417
 in eval(::Module, ::Any) at ./boot.jl:267
 [inlined code] from ./sysimg.jl:14
 in require(::Symbol) at ./loading.jl:348
 in include(::ASCIIString) at ./boot.jl:264
 in include_from_node1(::UTF8String) at ./loading.jl:417
 in process_options(::Base.JLOptions) at ./client.jl:262
 in _start() at ./client.jl:318
while loading /home/vagrant/.julia/v0.5/Timestamps/src/timestamp.jl, in expression starting on line 3
WARNING: module Timestamps should explicitly import + from Base
WARNING: module Timestamps should explicitly import - from Base
WARNING: module Timestamps should explicitly import * from Base
WARNING: module Timestamps should explicitly import / from Base
WARNING: Union(args...) is deprecated, use Union{args...} instead.
 in depwarn(::ASCIIString, ::Symbol) at ./deprecated.jl:64
 in Union(::Type{Int64}, ::Type{Float64}) at ./deprecated.jl:50
 [inlined code] from /home/vagrant/.julia/v0.5/Timestamps/src/Timestamps.jl:7
 in anonymous at ./no file:4294967295
 in include(::UTF8String) at ./boot.jl:264
 in include_from_node1(::ASCIIString) at ./loading.jl:417
 in include(::ASCIIString) at ./boot.jl:264
 in include_from_node1(::ASCIIString) at ./loading.jl:417
 in eval(::Module, ::Any) at ./boot.jl:267
 [inlined code] from ./sysimg.jl:14
 in require(::Symbol) at ./loading.jl:348
 in include(::ASCIIString) at ./boot.jl:264
 in include_from_node1(::UTF8String) at ./loading.jl:417
 in process_options(::Base.JLOptions) at ./client.jl:262
 in _start() at ./client.jl:318
while loading /home/vagrant/.julia/v0.5/Timestamps/src/operators.jl, in expression starting on line 15
WARNING: Union(args...) is deprecated, use Union{args...} instead.
 in depwarn(::ASCIIString, ::Symbol) at ./deprecated.jl:64
 in Union(::Type{Int64}, ::Type{Float64}) at ./deprecated.jl:50
 [inlined code] from /home/vagrant/.julia/v0.5/Timestamps/src/Timestamps.jl:7
 in anonymous at ./no file:4294967295
 in include(::UTF8String) at ./boot.jl:264
 in include_from_node1(::ASCIIString) at ./loading.jl:417
 in include(::ASCIIString) at ./boot.jl:264
 in include_from_node1(::ASCIIString) at ./loading.jl:417
 in eval(::Module, ::Any) at ./boot.jl:267
 [inlined code] from ./sysimg.jl:14
 in require(::Symbol) at ./loading.jl:348
 in include(::ASCIIString) at ./boot.jl:264
 in include_from_node1(::UTF8String) at ./loading.jl:417
 in process_options(::Base.JLOptions) at ./client.jl:262
 in _start() at ./client.jl:318
while loading /home/vagrant/.julia/v0.5/Timestamps/src/operators.jl, in expression starting on line 15
WARNING: Union(args...) is deprecated, use Union{args...} instead.
 in depwarn(::ASCIIString, ::Symbol) at ./deprecated.jl:64
 in Union(::Type{Int64}, ::Type{Float64}) at ./deprecated.jl:50
 [inlined code] from /home/vagrant/.julia/v0.5/Timestamps/src/Timestamps.jl:7
 in anonymous at ./no file:4294967295
 in include(::UTF8String) at ./boot.jl:264
 in include_from_node1(::ASCIIString) at ./loading.jl:417
 in include(::ASCIIString) at ./boot.jl:264
 in include_from_node1(::ASCIIString) at ./loading.jl:417
 in eval(::Module, ::Any) at ./boot.jl:267
 [inlined code] from ./sysimg.jl:14
 in require(::Symbol) at ./loading.jl:348
 in include(::ASCIIString) at ./boot.jl:264
 in include_from_node1(::UTF8String) at ./loading.jl:417
 in process_options(::Base.JLOptions) at ./client.jl:262
 in _start() at ./client.jl:318
while loading /home/vagrant/.julia/v0.5/Timestamps/src/operators.jl, in expression starting on line 15
WARNING: Union(args...) is deprecated, use Union{args...} instead.
 in depwarn(::ASCIIString, ::Symbol) at ./deprecated.jl:64
 in Union(::Type{Int64}, ::Type{Float64}) at ./deprecated.jl:50
 [inlined code] from /home/vagrant/.julia/v0.5/Timestamps/src/Timestamps.jl:7
 in anonymous at ./no file:4294967295
 in include(::UTF8String) at ./boot.jl:264
 in include_from_node1(::ASCIIString) at ./loading.jl:417
 in include(::ASCIIString) at ./boot.jl:264
 in include_from_node1(::ASCIIString) at ./loading.jl:417
 in eval(::Module, ::Any) at ./boot.jl:267
 [inlined code] from ./sysimg.jl:14
 in require(::Symbol) at ./loading.jl:348
 in include(::ASCIIString) at ./boot.jl:264
 in include_from_node1(::UTF8String) at ./loading.jl:417
 in process_options(::Base.JLOptions) at ./client.jl:262
 in _start() at ./client.jl:318
while loading /home/vagrant/.julia/v0.5/Timestamps/src/operators.jl, in expression starting on line 15
WARNING: module Timestamps should explicitly import > from Base
WARNING: module Timestamps should explicitly import < from Base
WARNING: module Timestamps should explicitly import < from Base
WARNING: module Timestamps should explicitly import >= from Base
WARNING: module Timestamps should explicitly import <= from Base
WARNING: Union(args...) is deprecated, use Union{args...} instead.
 in depwarn(::ASCIIString, ::Symbol) at ./deprecated.jl:64
 in Union(::Type{Int64}, ::Type{Float64}) at ./deprecated.jl:50
 [inlined code] from /home/vagrant/.julia/v0.5/Timestamps/src/Timestamps.jl:7
 in anonymous at ./no file:4294967295
 in include(::UTF8String) at ./boot.jl:264
 in include_from_node1(::ASCIIString) at ./loading.jl:417
 in include(::ASCIIString) at ./boot.jl:264
 in include_from_node1(::ASCIIString) at ./loading.jl:417
 in eval(::Module, ::Any) at ./boot.jl:267
 [inlined code] from ./sysimg.jl:14
 in require(::Symbol) at ./loading.jl:348
 in include(::ASCIIString) at ./boot.jl:264
 in include_from_node1(::UTF8String) at ./loading.jl:417
 in process_options(::Base.JLOptions) at ./client.jl:262
 in _start() at ./client.jl:318
while loading /home/vagrant/.julia/v0.5/Timestamps/src/operators.jl, in expression starting on line 38
WARNING: module Timestamps should explicitly import < from Base
WARNING: module Timestamps should explicitly import < from Base
WARNING: Union(args...) is deprecated, use Union{args...} instead.
 in depwarn(::ASCIIString, ::Symbol) at ./deprecated.jl:64
 in Union(::Type{Int64}, ::Type{Float64}) at ./deprecated.jl:50
 [inlined code] from /home/vagrant/.julia/v0.5/Timestamps/src/Timestamps.jl:7
 in anonymous at ./no file:4294967295
 in include(::UTF8String) at ./boot.jl:264
 in include_from_node1(::ASCIIString) at ./loading.jl:417
 in include(::ASCIIString) at ./boot.jl:264
 in include_from_node1(::ASCIIString) at ./loading.jl:417
 in eval(::Module, ::Any) at ./boot.jl:267
 [inlined code] from ./sysimg.jl:14
 in require(::Symbol) at ./loading.jl:348
 in include(::ASCIIString) at ./boot.jl:264
 in include_from_node1(::UTF8String) at ./loading.jl:417
 in process_options(::Base.JLOptions) at ./client.jl:262
 in _start() at ./client.jl:318
while loading /home/vagrant/.julia/v0.5/Timestamps/src/operators.jl, in expression starting on line 38
WARNING: Union(args...) is deprecated, use Union{args...} instead.
 in depwarn(::ASCIIString, ::Symbol) at ./deprecated.jl:64
 in Union(::Type{Int64}, ::Type{Float64}) at ./deprecated.jl:50
 [inlined code] from /home/vagrant/.julia/v0.5/Timestamps/src/Timestamps.jl:7
 in anonymous at ./no file:4294967295
 in include(::UTF8String) at ./boot.jl:264
 in include_from_node1(::ASCIIString) at ./loading.jl:417
 in include(::ASCIIString) at ./boot.jl:264
 in include_from_node1(::ASCIIString) at ./loading.jl:417
 in eval(::Module, ::Any) at ./boot.jl:267
 [inlined code] from ./sysimg.jl:14
 in require(::Symbol) at ./loading.jl:348
 in include(::ASCIIString) at ./boot.jl:264
 in include_from_node1(::UTF8String) at ./loading.jl:417
 in process_options(::Base.JLOptions) at ./client.jl:262
 in _start() at ./client.jl:318
while loading /home/vagrant/.julia/v0.5/Timestamps/src/operators.jl, in expression starting on line 38
WARNING: Union(args...) is deprecated, use Union{args...} instead.
 in depwarn(::ASCIIString, ::Symbol) at ./deprecated.jl:64
 in Union(::Type{Int64}, ::Type{Float64}) at ./deprecated.jl:50
 [inlined code] from /home/vagrant/.julia/v0.5/Timestamps/src/Timestamps.jl:7
 in anonymous at ./no file:4294967295
 in include(::UTF8String) at ./boot.jl:264
 in include_from_node1(::ASCIIString) at ./loading.jl:417
 in include(::ASCIIString) at ./boot.jl:264
 in include_from_node1(::ASCIIString) at ./loading.jl:417
 in eval(::Module, ::Any) at ./boot.jl:267
 [inlined code] from ./sysimg.jl:14
 in require(::Symbol) at ./loading.jl:348
 in include(::ASCIIString) at ./boot.jl:264
 in include_from_node1(::UTF8String) at ./loading.jl:417
 in process_options(::Base.JLOptions) at ./client.jl:262
 in _start() at ./client.jl:318
while loading /home/vagrant/.julia/v0.5/Timestamps/src/operators.jl, in expression starting on line 38
ERROR: LoadError: MethodError: objects of type LambdaInfo are not callable
 [inlined code] from /home/vagrant/.julia/v0.5/Requires/src/require.jl:11
 in require(::Symbol) at /home/vagrant/.julia/v0.5/Requires/src/hook.jl:17
 in include(::ASCIIString) at ./boot.jl:264
 in include_from_node1(::UTF8String) at ./loading.jl:417
 in process_options(::Base.JLOptions) at ./client.jl:262
 in _start() at ./client.jl:318
while loading /home/vagrant/.julia/v0.5/Timestamps/test/runtests.jl, in expression starting on line 1
=============================[ ERROR: Timestamps ]==============================

failed process: Process(`/home/vagrant/julia/bin/julia -Cx86-64 -J/home/vagrant/julia/lib/julia/sys.so --compile=yes --check-bounds=yes --code-coverage=none --color=no /home/vagrant/.julia/v0.5/Timestamps/test/runtests.jl`, ProcessExited(1)) [1]

================================================================================
INFO: Removing FactCheck v0.4.2
INFO: Removing MarketData v0.2.6
INFO: Removing TimeSeries v0.5.10
ERROR: Base.Pkg.PkgError("Timestamps had test errors")
 in #test#55(::Bool, ::Any, ::Array{AbstractString,1}) at ./pkg/entry.jl:671
 [inlined code] from ./boot.jl:331
 in (::Base.Pkg.Dir.##2#3{Array{Any,1},Base.Pkg.Entry.#test,Tuple{Array{AbstractString,1}}})() at ./pkg/dir.jl:31
 in cd(::Base.Pkg.Dir.##2#3{Array{Any,1},Base.Pkg.Entry.#test,Tuple{Array{AbstractString,1}}}, ::UTF8String) at ./file.jl:48
 in #cd#1(::Array{Any,1}, ::Any, ::Any, ::Array{AbstractString,1}, ::Vararg{Array{AbstractString,1}}) at ./pkg/dir.jl:31
 [inlined code] from ./boot.jl:331
 in #test#4(::Bool, ::Any, ::ASCIIString, ::Vararg{ASCIIString}) at ./pkg.jl:228
 in eval(::Module, ::Any) at ./boot.jl:267
 [inlined code] from ./sysimg.jl:14
 in process_options(::Base.JLOptions) at ./client.jl:239
 in _start() at ./client.jl:318

>>> End of log
