>>> 'Pkg.add("TimeData")' log
INFO: Installing Datetime v0.1.6
INFO: Installing TimeData v0.3.0
INFO: Building Datetime
INFO: Package database updated

>>> 'using TimeData' log

>>> test log

 Running abstract function tests


 Running constraints tests


 Running constructor tests


 Running conversion tests


 Running DataFrame extension tests


 Running documentation tests


 Running getindex tests:
   Running getindex for Timedata{T}
   Running getindex for Timenum{T}
   Running getindex for Timematr{T}

 Running iterator tests


 Running timematr tests


 Running operator tests


>>> end of log
