>>> 'Pkg.add("TimeData")' log
INFO: Installing ArrayViews v0.4.6
INFO: Installing DataArrays v0.2.2
INFO: Installing DataFrames v0.5.9
INFO: Installing Dates v0.4.4
INFO: Installing GZip v0.2.13
INFO: Installing Reexport v0.0.1
INFO: Installing SortingAlgorithms v0.0.2
INFO: Installing StatsBase v0.6.6
INFO: Installing TimeData v0.4.0
INFO: Installing TimeSeries v0.4.5
INFO: Package database updated
INFO: METADATA is out-of-date a you may not have the latest version of TimeData
INFO: Use `Pkg.update()` to get the latest versions of your packages

>>> 'using TimeData' log

WARNING: deprecated syntax "(T=>Int)[]" at /home/idunning/pkgtest/.julia/v0.4/StatsBase/src/scalarstats.jl:98.
Use "Dict{T,Int}()" instead.

WARNING: deprecated syntax "(T=>Int)[]" at /home/idunning/pkgtest/.julia/v0.4/StatsBase/src/scalarstats.jl:122.
Use "Dict{T,Int}()" instead.

WARNING: deprecated syntax "(T=>Float64)[]" at /home/idunning/pkgtest/.julia/v0.4/StatsBase/src/counts.jl:162.
Use "Dict{T,Float64}()" instead.

WARNING: deprecated syntax "(T=>Int)[]" at /home/idunning/pkgtest/.julia/v0.4/StatsBase/src/counts.jl:192.
Use "Dict{T,Int}()" instead.

WARNING: deprecated syntax "(T=>W)[]" at /home/idunning/pkgtest/.julia/v0.4/StatsBase/src/counts.jl:193.
Use "Dict{T,W}()" instead.

WARNING: deprecated syntax "(T=>Int)[]" at /home/idunning/pkgtest/.julia/v0.4/StatsBase/src/misc.jl:66.
Use "Dict{T,Int}()" instead.

WARNING: deprecated syntax "(T=>Int)[]" at /home/idunning/pkgtest/.julia/v0.4/StatsBase/src/misc.jl:77.
Use "Dict{T,Int}()" instead.

WARNING: deprecated syntax "[a=>b, ...]" at /home/idunning/pkgtest/.julia/v0.4/DataFrames/src/RDA.jl:11.
Use "Dict(a=>b, ...)" instead.
Warning: requiring "Dates" did not define a corresponding module.
Warning: requiring "Dates" did not define a corresponding module.
Julia Version 0.4.0-dev+998
Commit e24fac0 (2014-10-07 22:02 UTC)
Platform Info:
  System: Linux (x86_64-unknown-linux-gnu)
  CPU: Intel(R) Xeon(R) CPU E5-2650 0 @ 2.00GHz
  WORD_SIZE: 64
  BLAS: libopenblas (USE64BITINT DYNAMIC_ARCH NO_AFFINITY Sandybridge)
  LAPACK: libopenblas
  LIBM: libopenlibm
  LLVM: libLLVM-3.3

>>> test log

WARNING: deprecated syntax "(T=>Int)[]" at /home/idunning/pkgtest/.julia/v0.4/StatsBase/src/scalarstats.jl:98.
Use "Dict{T,Int}()" instead.

WARNING: deprecated syntax "(T=>Int)[]" at /home/idunning/pkgtest/.julia/v0.4/StatsBase/src/scalarstats.jl:122.
Use "Dict{T,Int}()" instead.

WARNING: deprecated syntax "(T=>Float64)[]" at /home/idunning/pkgtest/.julia/v0.4/StatsBase/src/counts.jl:162.
Use "Dict{T,Float64}()" instead.

WARNING: deprecated syntax "(T=>Int)[]" at /home/idunning/pkgtest/.julia/v0.4/StatsBase/src/counts.jl:192.
Use "Dict{T,Int}()" instead.

WARNING: deprecated syntax "(T=>W)[]" at /home/idunning/pkgtest/.julia/v0.4/StatsBase/src/counts.jl:193.
Use "Dict{T,W}()" instead.

WARNING: deprecated syntax "(T=>Int)[]" at /home/idunning/pkgtest/.julia/v0.4/StatsBase/src/misc.jl:66.
Use "Dict{T,Int}()" instead.

WARNING: deprecated syntax "(T=>Int)[]" at /home/idunning/pkgtest/.julia/v0.4/StatsBase/src/misc.jl:77.
Use "Dict{T,Int}()" instead.

WARNING: deprecated syntax "[a=>b, ...]" at /home/idunning/pkgtest/.julia/v0.4/DataFrames/src/RDA.jl:11.
Use "Dict(a=>b, ...)" instead.
Warning: requiring "Dates" did not define a corresponding module.
Warning: requiring "Dates" did not define a corresponding module.
Running abstract function tests

ERROR: `Dict{Symbol,Union(AbstractArray{Real,1},Real)}` has no method matching Dict{Symbol,Union(AbstractArray{Real,1},Real)}(::(Symbol,Symbol,Symbol,Symbol), ::(Int64,Int64,Int64,Int64))
 in convert at /home/idunning/pkgtest/.julia/v0.4/DataFrames/src/dataframe/dataframe.jl:984
 in composeDataFrame at /home/idunning/pkgtest/.julia/v0.4/TimeData/src/dataframe_extensions.jl:26
 in Timedata at /home/idunning/pkgtest/.julia/v0.4/TimeData/src/constructors.jl:32
 in anonymous at no file:26
 in include at ./boot.jl:245
 in include_from_node1 at ./loading.jl:128
 in anonymous at no file:26
 in include at ./boot.jl:245
 in include_from_node1 at loading.jl:128
 in process_options at ./client.jl:293
 in _start at ./client.jl:362
 in _start_3B_3789 at /home/idunning/julia04/usr/bin/../lib/julia/sys.so
while loading /home/idunning/pkgtest/.julia/v0.4/TimeData/test/abstractFuncs.jl, in expression starting on line 25
while loading /home/idunning/pkgtest/.julia/v0.4/TimeData/test/runtests.jl, in expression starting on line 25

INFO: Testing TimeData
==============================[ ERROR: TimeData ]===============================

failed process: Process(`/home/idunning/julia04/usr/bin/julia /home/idunning/pkgtest/.julia/v0.4/TimeData/test/runtests.jl`, ProcessExited(1)) [1]

================================================================================
INFO: No packages to install, update or remove
ERROR: TimeData had test errors
 in error at error.jl:21
 in test at pkg/entry.jl:719
 in anonymous at pkg/dir.jl:28
 in cd at ./file.jl:20
 in cd at pkg/dir.jl:28
 in test at pkg.jl:68
 in process_options at ./client.jl:221
 in _start at ./client.jl:362
 in _start_3B_3789 at /home/idunning/julia04/usr/bin/../lib/julia/sys.so

>>> end of log
