>>> 'Pkg.add("TimeSeries")' log
ERROR: fixed packages introduce conflicting requirements for TimeSeries: 
       available versions are 0.0.0, 0.0.1, 0.1.0, 0.1.1, 0.1.2, 0.1.3, 0.1.4, 0.1.5, 0.1.6, 0.1.7, 0.2.0, 0.3.0, 0.3.1, 0.3.2, 0.3.3, 0.3.4, 0.3.5, 0.3.6, 0.3.7, 0.3.8, 0.3.9, 0.3.10, 0.3.11, 0.3.12, 0.3.13, 0.3.14, 0.4.0, 0.4.1, 0.4.2, 0.4.3, 0.4.4, 0.4.5, 0.4.6, 0.4.7, 0.5.0, 0.5.1, 0.5.2, 0.5.3, 0.5.4, 0.5.5, 0.5.6, 0.5.7, 0.5.8, 0.5.9, 0.5.10 and 0.5.11
ERROR: fixed packages introduce conflicting requirements for TimeSeries: 
       available versions are 0.0.0, 0.0.1, 0.1.0, 0.1.1, 0.1.2, 0.1.3, 0.1.4, 0.1.5, 0.1.6, 0.1.7, 0.2.0, 0.3.0, 0.3.1, 0.3.2, 0.3.3, 0.3.4, 0.3.5, 0.3.6, 0.3.7, 0.3.8, 0.3.9, 0.3.10, 0.3.11, 0.3.12, 0.3.13, 0.3.14, 0.4.0, 0.4.1, 0.4.2, 0.4.3, 0.4.4, 0.4.5, 0.4.6, 0.4.7, 0.5.0, 0.5.1, 0.5.2, 0.5.3, 0.5.4, 0.5.5, 0.5.6, 0.5.7, 0.5.8, 0.5.9, 0.5.10 and 0.5.11
ERROR: fixed packages introduce conflicting requirements for TimeSeries: 
       available versions are 0.0.0, 0.0.1, 0.1.0, 0.1.1, 0.1.2, 0.1.3, 0.1.4, 0.1.5, 0.1.6, 0.1.7, 0.2.0, 0.3.0, 0.3.1, 0.3.2, 0.3.3, 0.3.4, 0.3.5, 0.3.6, 0.3.7, 0.3.8, 0.3.9, 0.3.10, 0.3.11, 0.3.12, 0.3.13, 0.3.14, 0.4.0, 0.4.1, 0.4.2, 0.4.3, 0.4.4, 0.4.5, 0.4.6, 0.4.7, 0.5.0, 0.5.1, 0.5.2, 0.5.3, 0.5.4, 0.5.5, 0.5.6, 0.5.7, 0.5.8, 0.5.9, 0.5.10 and 0.5.11
ERROR: fixed packages introduce conflicting requirements for TimeSeries: 
       available versions are 0.0.0, 0.0.1, 0.1.0, 0.1.1, 0.1.2, 0.1.3, 0.1.4, 0.1.5, 0.1.6, 0.1.7, 0.2.0, 0.3.0, 0.3.1, 0.3.2, 0.3.3, 0.3.4, 0.3.5, 0.3.6, 0.3.7, 0.3.8, 0.3.9, 0.3.10, 0.3.11, 0.3.12, 0.3.13, 0.3.14, 0.4.0, 0.4.1, 0.4.2, 0.4.3, 0.4.4, 0.4.5, 0.4.6, 0.4.7, 0.5.0, 0.5.1, 0.5.2, 0.5.3, 0.5.4, 0.5.5, 0.5.6, 0.5.7, 0.5.8, 0.5.9, 0.5.10 and 0.5.11
ERROR: fixed packages introduce conflicting requirements for TimeSeries: 
       available versions are 0.0.0, 0.0.1, 0.1.0, 0.1.1, 0.1.2, 0.1.3, 0.1.4, 0.1.5, 0.1.6, 0.1.7, 0.2.0, 0.3.0, 0.3.1, 0.3.2, 0.3.3, 0.3.4, 0.3.5, 0.3.6, 0.3.7, 0.3.8, 0.3.9, 0.3.10, 0.3.11, 0.3.12, 0.3.13, 0.3.14, 0.4.0, 0.4.1, 0.4.2, 0.4.3, 0.4.4, 0.4.5, 0.4.6, 0.4.7, 0.5.0, 0.5.1, 0.5.2, 0.5.3, 0.5.4, 0.5.5, 0.5.6, 0.5.7, 0.5.8, 0.5.9, 0.5.10 and 0.5.11
ERROR: fixed packages introduce conflicting requirements for TimeSeries: 
       available versions are 0.0.0, 0.0.1, 0.1.0, 0.1.1, 0.1.2, 0.1.3, 0.1.4, 0.1.5, 0.1.6, 0.1.7, 0.2.0, 0.3.0, 0.3.1, 0.3.2, 0.3.3, 0.3.4, 0.3.5, 0.3.6, 0.3.7, 0.3.8, 0.3.9, 0.3.10, 0.3.11, 0.3.12, 0.3.13, 0.3.14, 0.4.0, 0.4.1, 0.4.2, 0.4.3, 0.4.4, 0.4.5, 0.4.6, 0.4.7, 0.5.0, 0.5.1, 0.5.2, 0.5.3, 0.5.4, 0.5.5, 0.5.6, 0.5.7, 0.5.8, 0.5.9, 0.5.10 and 0.5.11
ERROR: fixed packages introduce conflicting requirements for TimeSeries: 
       available versions are 0.0.0, 0.0.1, 0.1.0, 0.1.1, 0.1.2, 0.1.3, 0.1.4, 0.1.5, 0.1.6, 0.1.7, 0.2.0, 0.3.0, 0.3.1, 0.3.2, 0.3.3, 0.3.4, 0.3.5, 0.3.6, 0.3.7, 0.3.8, 0.3.9, 0.3.10, 0.3.11, 0.3.12, 0.3.13, 0.3.14, 0.4.0, 0.4.1, 0.4.2, 0.4.3, 0.4.4, 0.4.5, 0.4.6, 0.4.7, 0.5.0, 0.5.1, 0.5.2, 0.5.3, 0.5.4, 0.5.5, 0.5.6, 0.5.7, 0.5.8, 0.5.9, 0.5.10 and 0.5.11
ERROR: fixed packages introduce conflicting requirements for TimeSeries: 
       available versions are 0.0.0, 0.0.1, 0.1.0, 0.1.1, 0.1.2, 0.1.3, 0.1.4, 0.1.5, 0.1.6, 0.1.7, 0.2.0, 0.3.0, 0.3.1, 0.3.2, 0.3.3, 0.3.4, 0.3.5, 0.3.6, 0.3.7, 0.3.8, 0.3.9, 0.3.10, 0.3.11, 0.3.12, 0.3.13, 0.3.14, 0.4.0, 0.4.1, 0.4.2, 0.4.3, 0.4.4, 0.4.5, 0.4.6, 0.4.7, 0.5.0, 0.5.1, 0.5.2, 0.5.3, 0.5.4, 0.5.5, 0.5.6, 0.5.7, 0.5.8, 0.5.9, 0.5.10 and 0.5.11
ERROR: fixed packages introduce conflicting requirements for TimeSeries: 
       available versions are 0.0.0, 0.0.1, 0.1.0, 0.1.1, 0.1.2, 0.1.3, 0.1.4, 0.1.5, 0.1.6, 0.1.7, 0.2.0, 0.3.0, 0.3.1, 0.3.2, 0.3.3, 0.3.4, 0.3.5, 0.3.6, 0.3.7, 0.3.8, 0.3.9, 0.3.10, 0.3.11, 0.3.12, 0.3.13, 0.3.14, 0.4.0, 0.4.1, 0.4.2, 0.4.3, 0.4.4, 0.4.5, 0.4.6, 0.4.7, 0.5.0, 0.5.1, 0.5.2, 0.5.3, 0.5.4, 0.5.5, 0.5.6, 0.5.7, 0.5.8, 0.5.9, 0.5.10 and 0.5.11
ERROR: fixed packages introduce conflicting requirements for TimeSeries: 
       available versions are 0.0.0, 0.0.1, 0.1.0, 0.1.1, 0.1.2, 0.1.3, 0.1.4, 0.1.5, 0.1.6, 0.1.7, 0.2.0, 0.3.0, 0.3.1, 0.3.2, 0.3.3, 0.3.4, 0.3.5, 0.3.6, 0.3.7, 0.3.8, 0.3.9, 0.3.10, 0.3.11, 0.3.12, 0.3.13, 0.3.14, 0.4.0, 0.4.1, 0.4.2, 0.4.3, 0.4.4, 0.4.5, 0.4.6, 0.4.7, 0.5.0, 0.5.1, 0.5.2, 0.5.3, 0.5.4, 0.5.5, 0.5.6, 0.5.7, 0.5.8, 0.5.9, 0.5.10 and 0.5.11
ERROR: fixed packages introduce conflicting requirements for TimeSeries: 
       available versions are 0.0.0, 0.0.1, 0.1.0, 0.1.1, 0.1.2, 0.1.3, 0.1.4, 0.1.5, 0.1.6, 0.1.7, 0.2.0, 0.3.0, 0.3.1, 0.3.2, 0.3.3, 0.3.4, 0.3.5, 0.3.6, 0.3.7, 0.3.8, 0.3.9, 0.3.10, 0.3.11, 0.3.12, 0.3.13, 0.3.14, 0.4.0, 0.4.1, 0.4.2, 0.4.3, 0.4.4, 0.4.5, 0.4.6, 0.4.7, 0.5.0, 0.5.1, 0.5.2, 0.5.3, 0.5.4, 0.5.5, 0.5.6, 0.5.7, 0.5.8, 0.5.9, 0.5.10 and 0.5.11
ERROR: fixed packages introduce conflicting requirements for TimeSeries: 
       available versions are 0.0.0, 0.0.1, 0.1.0, 0.1.1, 0.1.2, 0.1.3, 0.1.4, 0.1.5, 0.1.6, 0.1.7, 0.2.0, 0.3.0, 0.3.1, 0.3.2, 0.3.3, 0.3.4, 0.3.5, 0.3.6, 0.3.7, 0.3.8, 0.3.9, 0.3.10, 0.3.11, 0.3.12, 0.3.13, 0.3.14, 0.4.0, 0.4.1, 0.4.2, 0.4.3, 0.4.4, 0.4.5, 0.4.6, 0.4.7, 0.5.0, 0.5.1, 0.5.2, 0.5.3, 0.5.4, 0.5.5, 0.5.6, 0.5.7, 0.5.8, 0.5.9, 0.5.10 and 0.5.11
ERROR: fixed packages introduce conflicting requirements for TimeSeries: 
       available versions are 0.0.0, 0.0.1, 0.1.0, 0.1.1, 0.1.2, 0.1.3, 0.1.4, 0.1.5, 0.1.6, 0.1.7, 0.2.0, 0.3.0, 0.3.1, 0.3.2, 0.3.3, 0.3.4, 0.3.5, 0.3.6, 0.3.7, 0.3.8, 0.3.9, 0.3.10, 0.3.11, 0.3.12, 0.3.13, 0.3.14, 0.4.0, 0.4.1, 0.4.2, 0.4.3, 0.4.4, 0.4.5, 0.4.6, 0.4.7, 0.5.0, 0.5.1, 0.5.2, 0.5.3, 0.5.4, 0.5.5, 0.5.6, 0.5.7, 0.5.8, 0.5.9, 0.5.10 and 0.5.11
ERROR: fixed packages introduce conflicting requirements for TimeSeries: 
       available versions are 0.0.0, 0.0.1, 0.1.0, 0.1.1, 0.1.2, 0.1.3, 0.1.4, 0.1.5, 0.1.6, 0.1.7, 0.2.0, 0.3.0, 0.3.1, 0.3.2, 0.3.3, 0.3.4, 0.3.5, 0.3.6, 0.3.7, 0.3.8, 0.3.9, 0.3.10, 0.3.11, 0.3.12, 0.3.13, 0.3.14, 0.4.0, 0.4.1, 0.4.2, 0.4.3, 0.4.4, 0.4.5, 0.4.6, 0.4.7, 0.5.0, 0.5.1, 0.5.2, 0.5.3, 0.5.4, 0.5.5, 0.5.6, 0.5.7, 0.5.8, 0.5.9, 0.5.10 and 0.5.11
ERROR: fixed packages introduce conflicting requirements for TimeSeries: 
       available versions are 0.0.0, 0.0.1, 0.1.0, 0.1.1, 0.1.2, 0.1.3, 0.1.4, 0.1.5, 0.1.6, 0.1.7, 0.2.0, 0.3.0, 0.3.1, 0.3.2, 0.3.3, 0.3.4, 0.3.5, 0.3.6, 0.3.7, 0.3.8, 0.3.9, 0.3.10, 0.3.11, 0.3.12, 0.3.13, 0.3.14, 0.4.0, 0.4.1, 0.4.2, 0.4.3, 0.4.4, 0.4.5, 0.4.6, 0.4.7, 0.5.0, 0.5.1, 0.5.2, 0.5.3, 0.5.4, 0.5.5, 0.5.6, 0.5.7, 0.5.8, 0.5.9, 0.5.10 and 0.5.11
ERROR: fixed packages introduce conflicting requirements for TimeSeries: 
       available versions are 0.0.0, 0.0.1, 0.1.0, 0.1.1, 0.1.2, 0.1.3, 0.1.4, 0.1.5, 0.1.6, 0.1.7, 0.2.0, 0.3.0, 0.3.1, 0.3.2, 0.3.3, 0.3.4, 0.3.5, 0.3.6, 0.3.7, 0.3.8, 0.3.9, 0.3.10, 0.3.11, 0.3.12, 0.3.13, 0.3.14, 0.4.0, 0.4.1, 0.4.2, 0.4.3, 0.4.4, 0.4.5, 0.4.6, 0.4.7, 0.5.0, 0.5.1, 0.5.2, 0.5.3, 0.5.4, 0.5.5, 0.5.6, 0.5.7, 0.5.8, 0.5.9, 0.5.10 and 0.5.11
ERROR: fixed packages introduce conflicting requirements for TimeSeries: 
       available versions are 0.0.0, 0.0.1, 0.1.0, 0.1.1, 0.1.2, 0.1.3, 0.1.4, 0.1.5, 0.1.6, 0.1.7, 0.2.0, 0.3.0, 0.3.1, 0.3.2, 0.3.3, 0.3.4, 0.3.5, 0.3.6, 0.3.7, 0.3.8, 0.3.9, 0.3.10, 0.3.11, 0.3.12, 0.3.13, 0.3.14, 0.4.0, 0.4.1, 0.4.2, 0.4.3, 0.4.4, 0.4.5, 0.4.6, 0.4.7, 0.5.0, 0.5.1, 0.5.2, 0.5.3, 0.5.4, 0.5.5, 0.5.6, 0.5.7, 0.5.8, 0.5.9, 0.5.10 and 0.5.11
INFO: Installing TimeSeries v0.5.11
INFO: Package database updated
INFO: METADATA is out-of-date — you may not have the latest version of TimeSeries
INFO: Use `Pkg.update()` to get the latest versions of your packages
INFO: Nothing to be done
INFO: METADATA is out-of-date — you may not have the latest version of TimeSeries
INFO: Use `Pkg.update()` to get the latest versions of your packages

>>> 'Pkg.test("TimeSeries")' log
Julia Version 0.3.12
Commit 80aa779 (2015-10-26 12:41 UTC)
Platform Info:
  System: Linux (x86_64-unknown-linux-gnu)
  CPU: Intel(R) Xeon(R) CPU E3-1241 v3 @ 3.50GHz
  WORD_SIZE: 64
           Ubuntu 14.04.4 LTS
  uname: Linux 3.13.0-92-generic #139-Ubuntu SMP Tue Jun 28 20:42:26 UTC 2016 x86_64 x86_64
Memory: 2.4471054077148438 GB (741.10546875 MB free)
Uptime: 25259.0 sec
Load Avg:  1.05419921875  1.0625  1.0244140625
Intel(R) Xeon(R) CPU E3-1241 v3 @ 3.50GHz: 
       speed         user         nice          sys         idle          irq
#1  3499 MHz    1004138 s       4300 s     100792 s    1105390 s         61 s
#2  3499 MHz     731684 s       1425 s      91736 s    1559790 s          1 s

  BLAS: libopenblas (USE64BITINT DYNAMIC_ARCH NO_AFFINITY Nehalem)
  LAPACK: libopenblas
  LIBM: libopenlibm
  LLVM: libLLVM-3.3
Environment:
  TERM = vt100
  LD_LIBRARY_PATH = :/usr/local/lib/
  PATH = /usr/local/sbin:/usr/local/bin:/usr/sbin:/usr/bin:/sbin:/bin:/usr/games:/usr/local/games:/home/vagrant/julia/bin/
  JAVA_HOME = /usr/lib/jvm/java-7-oracle
  HOME = /home/vagrant

Package Directory: /home/vagrant/.julia/v0.3
3 required packages:
 - Dates                         0.3.2
 - JSON                          0.6.0
 - TimeSeries                    0.5.11
1 additional packages:
 - Compat                        0.8.6
INFO: Computing test dependencies for TimeSeries...
INFO: Installing FactCheck v0.4.3
INFO: Installing MarketData v0.3.0
INFO: Testing TimeSeries
WARNING: The `=>` syntax is deprecated, use `-->` instead
field extraction methods work
  > timestamp, values, colnames and meta
4 facts verified.
type constructors enforce invariants
  > unequal length between values and timestamp fails
  > unequal length between colnames and array width fails
  > duplicate timestamp values fails
  > mangled order of timestamp values fails
  > flipping occurs when needed
6 facts verified.
conversion methods
  > convert works 
4 facts verified.
getindex methods
  > getindex on single Int and Date
  > getindex on array of Int and Date
  > getindex on range of Int and Date
  > getindex on range of DateTime when only Date is in timestamp
  > getindex on range of Date
  > getindex on single column name
  > getindex on multiple column name
  > getindex on 1d returns 1d object
17 facts verified.
find methods
  > findall returns correct row numbers array
  > findwhen returns correct Dates array
4 facts verified.
split date operations
  > from and to correctly subset
  > bydate methods correctly subset
7 facts verified.
element wrappers
  > type element wrappers isolate elements
4 facts verified.
time series methods
  > lag takes previous day and timestamps it to next day
  > lag accepts kwarg
  > lag operates on 2d arrays
  > lag returns 1d from 1d time arrays
  > lag returns 2d from 2d time arrays
  > lead takes next day and timestamps it to current day
  > lead accepts kwarg
  > lead operates on 2d arrays
  > lead returns 1d from 1d time arrays
  > lead returns 2d from 2d time arrays
  > correct simple return value
  > correct log return value
  > moving supplies correct window length
  > upto method accumulates
20 facts verified.
base element-wise operators on TimeArray values
  > correct alignment and operation between two TimeVectors
  > only values on intersecting Dates computed
  > correct dot operation between TimeVectors values and Int/Float64 and viceversa
  > element-wise mathematical operations between 2d time array and 1d time array
  > correct non-dot operation between TimeVectors values and Int/Float64 and viceversa
  > correct operation between two TimeVectors values returns bool for comparisons
  > correct operation between TimeVectors values and Int/Float64 (and viceversa) returns bool for comparison
45 facts verified.
basecall works with Base methods
  > cumsum works
  > log works
2 facts verified.
collapse operations
  > collapse squishes correctly
4 facts verified.
merge works correctly
  > takes colnames kwarg correctly
  > returns correct alignment with Dates and values
  > aligns with disparate sized objects
  > column names match the correct values
19 facts verified.
construction with and without meta field
  > default meta field to Nothing
  > allow objects in meta field
2 facts verified.
get index operations preserve meta
  > index by integer row
  > index by integer range
  > index by column name
  > index by date range
4 facts verified.
split operations preserve meta
  > by
  > from
  > to
3 facts verified.
apply operations preserve meta
  > lag
  > lead
  > percentchange
  > moving
  > upto
5 facts verified.
combine operations preserve meta
  > merge when both have identical meta
  > merge when both have different meta
  > collapse
3 facts verified.
basecall operations preserve meta
  > basecall
1 fact verified.
mathematical and comparison operations preserve meta
  > .+
  > .<
2 facts verified.
readwrite accepts meta argument
  > Apple is present
1 fact verified.
readwrite parses csv file correctly
  > 1d values array works
  > 2d values array works
  > Specifying DateTime string format for reading
  > timestamp parses to correct type
  > readtimearray accepts meta field
9 facts verified.
const values are set the package defaults
  > SHOWINT
  > DECIMALS
2 facts verified.
INFO: TimeSeries tests passed
INFO: Removing FactCheck v0.4.3
INFO: Removing MarketData v0.3.0

>>> End of log
