>>> 'Pkg.add("Timestamps")' log
INFO: Cloning cache of Timestamps from git://github.com/JuliaQuant/Timestamps.jl.git
INFO: Installing Requires v0.1.3
INFO: Installing Timestamps v0.0.2
INFO: Package database updated

>>> 'Pkg.test("Timestamps")' log
Julia Version 0.4.0-pre+7097
Commit c4b089f (2015-08-29 13:17 UTC)
Platform Info:
  System: Linux (x86_64-unknown-linux-gnu)
  CPU: Intel(R) Core(TM) i5-2500K CPU @ 3.30GHz
  WORD_SIZE: 64
  BLAS: libopenblas (USE64BITINT DYNAMIC_ARCH NO_AFFINITY Sandybridge)
  LAPACK: libopenblas
  LIBM: libopenlibm
  LLVM: libLLVM-3.3
INFO: Computing test dependencies for Timestamps...
INFO: Installing FactCheck v0.4.0
INFO: Installing MarketData v0.2.4
INFO: Installing TimeSeries v0.5.10
INFO: Testing Timestamps
WARNING: module Timestamps should explicitly import + from Base
WARNING: module Timestamps should explicitly import - from Base
WARNING: module Timestamps should explicitly import * from Base
WARNING: module Timestamps should explicitly import / from Base
WARNING: module Timestamps should explicitly import > from Base
WARNING: module Timestamps should explicitly import < from Base
WARNING: module Timestamps should explicitly import >= from Base
WARNING: module Timestamps should explicitly import <= from Base
WARNING: module Timestamps should explicitly import < from Base
WARNING: module TimeSeries should explicitly import .+ from Base
WARNING: module TimeSeries should explicitly import .- from Base
WARNING: module TimeSeries should explicitly import .* from Base
WARNING: module TimeSeries should explicitly import ./ from Base
WARNING: module TimeSeries should explicitly import .^ from Base
WARNING: module TimeSeries should explicitly import + from Base
WARNING: module TimeSeries should explicitly import - from Base
WARNING: module TimeSeries should explicitly import * from Base
WARNING: module TimeSeries should explicitly import / from Base
WARNING: module TimeSeries should explicitly import ^ from Base
WARNING: module TimeSeries should explicitly import .> from Base
WARNING: module TimeSeries should explicitly import .< from Base
WARNING: module TimeSeries should explicitly import .== from Base
WARNING: module TimeSeries should explicitly import .>= from Base
WARNING: module TimeSeries should explicitly import .<= from Base
ERROR: LoadError: LoadError: ArgumentError: Non-digit character encountered
 in getslot at dates/io.jl:143
 in parse at dates/io.jl:158
 in call at dates/io.jl:202
 in readtimearray at /home/vagrant/.julia/v0.4/TimeSeries/src/readwrite.jl:17
 in include at ./boot.jl:259
 in include_from_node1 at ./loading.jl:271
 in require at ./loading.jl:210
 in include at ./boot.jl:259
 in include_from_node1 at ./loading.jl:271
 in process_options at ./client.jl:308
 in _start at ./client.jl:411
while loading /home/vagrant/.julia/v0.4/MarketData/src/MarketData.jl, in expression starting on line 33
while loading /home/vagrant/.julia/v0.4/Timestamps/test/runtests.jl, in expression starting on line 1
=============================[ ERROR: Timestamps ]==============================

failed process: Process(`/home/vagrant/julia/bin/julia --check-bounds=yes --code-coverage=none --color=no /home/vagrant/.julia/v0.4/Timestamps/test/runtests.jl`, ProcessExited(1)) [1]

================================================================================
INFO: Removing FactCheck v0.4.0
INFO: Removing MarketData v0.2.4
INFO: Removing TimeSeries v0.5.10
ERROR: Timestamps had test errors
 in error at ./error.jl:21
 in test at pkg/entry.jl:753
 in anonymous at pkg/dir.jl:31
 in cd at file.jl:22
 in cd at pkg/dir.jl:31
 in test at pkg.jl:71
 in process_options at ./client.jl:284
 in _start at ./client.jl:411

>>> End of log
