>>> 'Pkg.add("TOML")' log
INFO: Installing JSON v0.3.8
INFO: Installing TOML v0.2.0
INFO: Package database updated
INFO: METADATA is out-of-date a you may not have the latest version of TOML
INFO: Use `Pkg.update()` to get the latest versions of your packages

>>> 'using TOML' log
Julia Version 0.4.0-dev+856
Commit 46c7bbf (2014-09-30 04:44 UTC)
Platform Info:
  System: Linux (x86_64-unknown-linux-gnu)
  CPU: Intel(R) Xeon(R) CPU E5-2650 0 @ 2.00GHz
  WORD_SIZE: 64
  BLAS: libopenblas (USE64BITINT DYNAMIC_ARCH NO_AFFINITY Sandybridge)
  LAPACK: libopenblas
  LIBM: libopenlibm
  LLVM: libLLVM-3.3

>>> test log
ERROR: InexactError()
 in anonymous at no file
 in include at ./boot.jl:245
 in include_from_node1 at ./loading.jl:128
 in reload_path at loading.jl:152
 in _require at loading.jl:67
 in require at loading.jl:51
 in include at ./boot.jl:245
 in include_from_node1 at loading.jl:128
 in process_options at ./client.jl:285
 in _start at ./client.jl:354
 in _start_3B_3624 at /home/idunning/julia04/usr/bin/../lib/julia/sys.so
while loading /home/idunning/pkgtest/.julia/v0.4/JSON/src/JSON.jl, in expression starting on line 11
while loading /home/idunning/pkgtest/.julia/v0.4/TOML/test/test.jl, in expression starting on line 4


>>> end of log
