>>> 'Pkg.add("TraceCalls")' log
INFO: Cloning cache of ClobberingReload from https://github.com/cstjean/ClobberingReload.jl.git
INFO: Cloning cache of TraceCalls from https://github.com/cstjean/TraceCalls.jl.git
INFO: Installing ClobberingReload v0.2.1
INFO: Installing Crayons v0.4.1
INFO: Installing Memoize v0.2.0
INFO: Installing Revise v0.1.1
INFO: Installing TraceCalls v0.0.9
INFO: Package database updated
INFO: METADATA is out-of-date — you may not have the latest version of TraceCalls
INFO: Use `Pkg.update()` to get the latest versions of your packages

>>> 'Pkg.test("TraceCalls")' log
Julia Version 0.6.4
Commit 9d11f62bcb (2018-07-09 19:09 UTC)
Platform Info:
  OS: Linux (x86_64-pc-linux-gnu)
  CPU: Intel(R) Xeon(R) CPU E3-1241 v3 @ 3.50GHz
  WORD_SIZE: 64
           Ubuntu 14.04.5 LTS
  uname: Linux 3.13.0-143-generic #192-Ubuntu SMP Tue Feb 27 10:45:36 UTC 2018 x86_64 x86_64
Memory: 2.939197540283203 GB (1692.55859375 MB free)
Uptime: 74566.0 sec
Load Avg:  1.01953125  1.02099609375  1.02392578125
Intel(R) Xeon(R) CPU E3-1241 v3 @ 3.50GHz: 
       speed         user         nice          sys         idle          irq
#1  3500 MHz    4743001 s         93 s     320336 s    1183863 s         18 s
#2  3500 MHz     836506 s      13618 s     108428 s    6365025 s          0 s

  BLAS: libopenblas (USE64BITINT DYNAMIC_ARCH NO_AFFINITY Nehalem MAX_THREADS=16)
  LAPACK: libopenblas64_
  LIBM: libopenlibm
  LLVM: libLLVM-3.9.1 (ORCJIT, haswell)
Environment:
  TERM = vt100
  LD_LIBRARY_PATH = :/usr/local/lib/
  PATH = /usr/local/sbin:/usr/local/bin:/usr/sbin:/usr/bin:/sbin:/bin:/usr/games:/usr/local/games:/home/vagrant/julia/bin/
  JAVA_HOME = /usr/lib/jvm/java-8-openjdk-amd64
  HOME = /home/vagrant

Package Directory: /home/vagrant/.julia/v0.6
7 required packages:
 - Conda                         0.8.1
 - JSON                          0.17.2
 - POMDPModels                   0.2.2
 - PyCall                        1.17.1
 - PyPlot                        2.6.0
 - RDatasets                     0.4.0
 - TraceCalls                    0.0.9
71 additional packages:
 - AbstractTrees                 0.1.0
 - AssetRegistry                 0.0.2
 - AutoHashEquals                0.2.0
 - BinDeps                       0.8.8
 - BinaryProvider                0.3.3
 - Blink                         0.6.2
 - CPUTime                       0.1.0
 - CSV                           0.2.5
 - Calculus                      0.4.0
 - CategoricalArrays             0.3.10
 - ClobberingReload              0.2.1
 - CodecZlib                     0.4.3
 - ColorTypes                    0.6.7
 - Colors                        0.8.2
 - Compat                        0.70.0
 - Crayons                       0.4.1
 - D3Trees                       0.2.0
 - DataFrames                    0.11.6
 - DataStreams                   0.3.6
 - DataStructures                0.8.4
 - DiscreteValueIteration        0.0.0-             master (unregistered)
 - Distributions                 0.15.0
 - Emoji_Entities                0.2.4              81d15593 (dirty)
 - FileIO                        0.9.1
 - FixedPointNumbers             0.4.6
 - HTML_Entities                 0.2.4              1a5cf18a (dirty)
 - Hiccup                        0.1.1
 - HttpCommon                    0.4.0
 - HttpParser                    0.4.0
 - HttpServer                    0.3.1
 - InternedStrings               0.6.2
 - Iterators                     0.3.1
 - LaTeXStrings                  1.0.0
 - LaTeX_Entities                0.2.4              96871748 (dirty)
 - Lazy                          0.12.1
 - LightXML                      0.6.1
 - MCTS                          0.0.0-             master (unregistered)
 - MacroTools                    0.4.2
 - MbedTLS                       0.5.12
 - Memoize                       0.2.0
 - Missings                      0.2.10
 - Mocking                       0.5.5
 - Mustache                      0.3.3
 - Mux                           0.3.0
 - NamedTuples                   4.0.2
 - Nullables                     0.0.6
 - PDMats                        0.8.0
 - POMDPToolbox                  0.2.7
 - POMDPs                        0.6.7
 - Pidfile                       1.0.0
 - ProgressMeter                 0.5.6
 - QuadGK                        0.3.0
 - RData                         0.4.0
 - Reexport                      0.1.0
 - Requires                      0.4.4
 - Revise                        0.1.1
 - Rmath                         0.4.0
 - SHA                           0.5.7
 - SortingAlgorithms             0.2.1
 - SpecialFunctions              0.6.0
 - StaticArrays                  0.7.2
 - StatsBase                     0.23.1
 - StatsFuns                     0.6.1
 - StrTables                     0.2.4
 - TikzPictures                  1.2.0
 - TimeZones                     0.7.2
 - TranscodingStreams            0.5.2
 - URIParser                     0.3.1
 - VersionParsing                1.1.1
 - WeakRefStrings                0.4.7
 - WebSockets                    0.5.0
INFO: Computing test dependencies for TraceCalls...
INFO: Installing AxisAlgorithms v0.2.0
INFO: Installing BenchmarkTools v0.3.2
INFO: Installing Cbc v0.3.2
INFO: Installing Clp v0.4.0
INFO: Installing CommonSubexpressions v0.1.0
INFO: Installing Compose v0.6.0
INFO: Installing Contour v0.4.0
INFO: Installing CoupledFields v0.0.1
INFO: Installing DataArrays v0.7.0
INFO: Installing DiffBase v0.3.2
INFO: Installing DiffEqBase v3.13.3
INFO: Installing DiffEqDiffTools v0.4.1
INFO: Installing DiffEqOperators v1.3.0
INFO: Installing DiffResults v0.0.3
INFO: Installing DiffRules v0.0.6
INFO: Installing Distances v0.6.0
INFO: Installing DualNumbers v0.4.0
INFO: Installing ForwardDiff v0.7.5
INFO: Installing FunctionWrappers v0.1.0
INFO: Installing Gadfly v0.7.0
INFO: Installing GenericSVD v0.1.0
INFO: Installing Hexagons v0.1.0
INFO: Installing IndirectArrays v0.4.2
INFO: Installing Interpolations v0.7.3
INFO: Installing IterTools v0.2.1
INFO: Installing IteratorInterfaceExtensions v0.0.2
INFO: Installing JuMP v0.18.2
INFO: Installing Juno v0.4.1
INFO: Installing KernelDensity v0.4.1
INFO: Installing LightGraphs v0.12.0
INFO: Installing LineSearches v3.2.5
INFO: Installing LinearMaps v1.0.4
INFO: Installing Loess v0.3.0
INFO: Installing MathProgBase v0.7.1
INFO: Installing Measures v0.2.0
INFO: Installing Media v0.3.0
INFO: Installing MuladdMacro v0.0.2
INFO: Installing NBInclude v2.0.0
INFO: Installing NLSolversBase v4.4.1
INFO: Installing NLsolve v1.0.1
INFO: Installing NaNMath v0.3.1
INFO: Installing Optim v0.14.1
INFO: Installing OrdinaryDiffEq v3.21.0
INFO: Installing Parameters v0.9.0
INFO: Installing PositiveFactorizations v0.1.0
INFO: Installing Ratios v0.2.0
INFO: Installing RecipesBase v0.3.1
INFO: Installing RecursiveArrayTools v0.15.0
INFO: Installing ReverseDiffSparse v0.8.1
INFO: Installing Roots v0.6.0
INFO: Installing ShowItLikeYouBuildIt v0.2.0
INFO: Installing Showoff v0.2.0
INFO: Installing SimpleTraits v0.6.0
INFO: Installing TableTraits v0.2.0
INFO: Installing WoodburyMatrices v0.3.0
INFO: Building Cbc
INFO: Building SpecialFunctions
INFO: Building DiffEqBase
INFO: ~~~ DifferentialEquations.jl *BREAKING* changes  ~~~

We have changed the front-end API on how
users may define equations of motion and 
problems, for all problem types that can
be used in the DifferentialEquations.jl.
These are *BREAKING* changes, and they
also have *NO WARNINGS*!

Please see our latest documentation here:
http://docs.juliadiffeq.org/latest/

or the blogpost that describes the changes:
http://juliadiffeq.org/2018/01/24/Parameters.html

In short, the mutated argument is the first argument,
and parameters are now directly passed
into the equations of motion function. For all
types now mutation goes first, then dependent variables, 
then parameters, then independent variables. 

`f(mutated, dependent variables, p/integrator, independent variables)`

For example, this means that the ODE syntax will be `f(u,p,t)` (for the
out-of-place) and `f(du,u,p,t)` (for the in-place). Notice
that this change also removes the need for ParameterizedFunctions
as now parameters are part of the equations of motion.

For more details please visit the above links!
INFO: Building Rmath
INFO: Building CodecZlib
INFO: Testing TraceCalls
WARNING: omitting /home/vagrant/julia/share/julia/base/strings/strings/errors.jl from revision tracking
WARNING: omitting /home/vagrant/julia/share/julia/base/strings/strings/types.jl from revision tracking
WARNING: omitting /home/vagrant/julia/share/julia/base/strings/strings/basic.jl from revision tracking
WARNING: omitting /home/vagrant/julia/share/julia/base/strings/strings/search.jl from revision tracking
WARNING: omitting /home/vagrant/julia/share/julia/base/strings/strings/util.jl from revision tracking
WARNING: omitting /home/vagrant/julia/share/julia/base/strings/strings/io.jl from revision tracking
WARNING: omitting /home/vagrant/julia/share/julia/base/strings/strings/utf8proc.jl from revision tracking
WARNING: omitting /home/vagrant/julia/share/julia/base/grisu/grisu/float.jl from revision tracking
WARNING: omitting /home/vagrant/julia/share/julia/base/grisu/grisu/fastshortest.jl from revision tracking
WARNING: omitting /home/vagrant/julia/share/julia/base/grisu/grisu/fastprecision.jl from revision tracking
WARNING: omitting /home/vagrant/julia/share/julia/base/grisu/grisu/fastfixed.jl from revision tracking
WARNING: omitting /home/vagrant/julia/share/julia/base/grisu/grisu/bignums.jl from revision tracking
WARNING: omitting /home/vagrant/julia/share/julia/base/grisu/grisu/bignum.jl from revision tracking
WARNING: Only 0/1 methods of vcat in /home/vagrant/julia/share/julia/base/linalg/uniformscaling.jl were found.
WARNING: replacing module Moo
WARNING: replacing module Moo
WARNING: Method definition @defVar(Any...) in module JuMP at /home/vagrant/.julia/v0.6/JuMP/src/deprecated.jl:18 overwritten at /home/vagrant/.julia/v0.6/JuMP/src/deprecated.jl:18.
WARNING: Method definition @defVars(Any...) in module JuMP at /home/vagrant/.julia/v0.6/JuMP/src/deprecated.jl:18 overwritten at /home/vagrant/.julia/v0.6/JuMP/src/deprecated.jl:18.
WARNING: Method definition @setObjective(Any...) in module JuMP at /home/vagrant/.julia/v0.6/JuMP/src/deprecated.jl:18 overwritten at /home/vagrant/.julia/v0.6/JuMP/src/deprecated.jl:18.
WARNING: Method definition @setNLObjective(Any...) in module JuMP at /home/vagrant/.julia/v0.6/JuMP/src/deprecated.jl:18 overwritten at /home/vagrant/.julia/v0.6/JuMP/src/deprecated.jl:18.
WARNING: Method definition @addConstraint(Any...) in module JuMP at /home/vagrant/.julia/v0.6/JuMP/src/deprecated.jl:18 overwritten at /home/vagrant/.julia/v0.6/JuMP/src/deprecated.jl:18.
WARNING: Method definition @addConstraints(Any...) in module JuMP at /home/vagrant/.julia/v0.6/JuMP/src/deprecated.jl:18 overwritten at /home/vagrant/.julia/v0.6/JuMP/src/deprecated.jl:18.
WARNING: Method definition @addNLConstraint(Any...) in module JuMP at /home/vagrant/.julia/v0.6/JuMP/src/deprecated.jl:18 overwritten at /home/vagrant/.julia/v0.6/JuMP/src/deprecated.jl:18.
WARNING: Method definition @addNLConstraints(Any...) in module JuMP at /home/vagrant/.julia/v0.6/JuMP/src/deprecated.jl:18 overwritten at /home/vagrant/.julia/v0.6/JuMP/src/deprecated.jl:18.
WARNING: Method definition @addSDPConstraint(Any...) in module JuMP at /home/vagrant/.julia/v0.6/JuMP/src/deprecated.jl:18 overwritten at /home/vagrant/.julia/v0.6/JuMP/src/deprecated.jl:18.
WARNING: Method definition @defExpr(Any...) in module JuMP at /home/vagrant/.julia/v0.6/JuMP/src/deprecated.jl:18 overwritten at /home/vagrant/.julia/v0.6/JuMP/src/deprecated.jl:18.
WARNING: Method definition @defNLExpr(Any...) in module JuMP at /home/vagrant/.julia/v0.6/JuMP/src/deprecated.jl:18 overwritten at /home/vagrant/.julia/v0.6/JuMP/src/deprecated.jl:18.
WARNING: Method definition @defNLParam(Any...) in module JuMP at /home/vagrant/.julia/v0.6/JuMP/src/deprecated.jl:18 overwritten at /home/vagrant/.julia/v0.6/JuMP/src/deprecated.jl:18.
WARNING: Method definition @defConstrRef(Any...) in module JuMP at /home/vagrant/.julia/v0.6/JuMP/src/deprecated.jl:18 overwritten at /home/vagrant/.julia/v0.6/JuMP/src/deprecated.jl:18.
WARNING: Method definition @addLazyConstraint(Any...) in module JuMP at /home/vagrant/.julia/v0.6/JuMP/src/deprecated.jl:18 overwritten at /home/vagrant/.julia/v0.6/JuMP/src/deprecated.jl:18.
WARNING: Method definition @addusercut(Any...) in module JuMP at /home/vagrant/.julia/v0.6/JuMP/src/deprecated.jl:18 overwritten at /home/vagrant/.julia/v0.6/JuMP/src/deprecated.jl:18.
Max 5 x + 3 y
Subject to
 x + 5 y ≤ 3
 0 ≤ x ≤ 2
 0 ≤ y ≤ 30
Objective value: 10.6
x = 2.0
y = 0.2
WARNING: Only 0/1 methods of DataStructures.OrderedDict in /home/vagrant/julia/share/julia/base/sysimg.jl were found.
Dear Travis, please spare this slow process a few more minutes of runtime (1).
Error During Test
  Test threw an exception of type AssertionError
  Expression: ctree_size(@trace(OrdinaryDiffEq, OrdinaryDiffEq.solve(prob, Tsit5(), reltol=1.0e-8, abstol=1.0e-8))) > 20
  AssertionError: !(tr.value isa Exception)
  Stacktrace:
   [1] ctree_size(::TraceCalls.Trace) at /home/vagrant/.julia/v0.6/TraceCalls/test/runtests.jl:16
   [2] include_from_node1(::String) at ./loading.jl:576
   [3] include(::String) at ./sysimg.jl:14
   [4] process_options(::Base.JLOptions) at ./client.jl:305
   [5] _start() at ./client.jl:371
ERROR: LoadError: There was an error during testing
while loading /home/vagrant/.julia/v0.6/TraceCalls/test/runtests.jl, in expression starting on line 144
=============================[ ERROR: TraceCalls ]==============================

failed process: Process(`/home/vagrant/julia/bin/julia -Cgeneric -J/home/vagrant/julia/lib/julia/sys.so --compile=yes --depwarn=yes --check-bounds=yes --code-coverage=none --color=no --compilecache=yes /home/vagrant/.julia/v0.6/TraceCalls/test/runtests.jl`, ProcessExited(1)) [1]

================================================================================
INFO: Removing AxisAlgorithms v0.2.0
INFO: Removing BenchmarkTools v0.3.2
INFO: Removing Cbc v0.3.2
INFO: Removing Clp v0.4.0
INFO: Removing CommonSubexpressions v0.1.0
INFO: Removing Compose v0.6.0
INFO: Removing Contour v0.4.0
INFO: Removing CoupledFields v0.0.1
INFO: Removing DataArrays v0.7.0
INFO: Removing DiffBase v0.3.2
INFO: Removing DiffEqBase v3.13.3
INFO: Removing DiffEqDiffTools v0.4.1
INFO: Removing DiffEqOperators v1.3.0
INFO: Removing DiffResults v0.0.3
INFO: Removing DiffRules v0.0.6
INFO: Removing Distances v0.6.0
INFO: Removing DualNumbers v0.4.0
INFO: Removing ForwardDiff v0.7.5
INFO: Removing FunctionWrappers v0.1.0
INFO: Removing Gadfly v0.7.0
INFO: Removing GenericSVD v0.1.0
INFO: Removing Hexagons v0.1.0
INFO: Removing IndirectArrays v0.4.2
INFO: Removing Interpolations v0.7.3
INFO: Removing IterTools v0.2.1
INFO: Removing IteratorInterfaceExtensions v0.0.2
INFO: Removing JuMP v0.18.2
INFO: Removing Juno v0.4.1
INFO: Removing KernelDensity v0.4.1
INFO: Removing LightGraphs v0.12.0
INFO: Removing LineSearches v3.2.5
INFO: Removing LinearMaps v1.0.4
INFO: Removing Loess v0.3.0
INFO: Removing MathProgBase v0.7.1
INFO: Removing Measures v0.2.0
INFO: Removing Media v0.3.0
INFO: Removing MuladdMacro v0.0.2
INFO: Removing NBInclude v2.0.0
INFO: Removing NLSolversBase v4.4.1
INFO: Removing NLsolve v1.0.1
INFO: Removing NaNMath v0.3.1
INFO: Removing Optim v0.14.1
INFO: Removing OrdinaryDiffEq v3.21.0
INFO: Removing Parameters v0.9.0
INFO: Removing PositiveFactorizations v0.1.0
INFO: Removing Ratios v0.2.0
INFO: Removing RecipesBase v0.3.1
INFO: Removing RecursiveArrayTools v0.15.0
INFO: Removing ReverseDiffSparse v0.8.1
INFO: Removing Roots v0.6.0
INFO: Removing ShowItLikeYouBuildIt v0.2.0
INFO: Removing Showoff v0.2.0
INFO: Removing SimpleTraits v0.6.0
INFO: Removing TableTraits v0.2.0
INFO: Removing WoodburyMatrices v0.3.0
ERROR: TraceCalls had test errors

>>> End of log
