>>> 'Pkg.add("TrafficAssignment")' log
INFO: Cloning cache of TrafficAssignment from git://github.com/chkwon/TrafficAssignment.jl.git
INFO: Installing Calculus v0.1.15
INFO: Installing DataStructures v0.3.14
INFO: Installing Docile v0.5.23
INFO: Installing DualNumbers v0.1.5
INFO: Installing Graphs v0.6.0
INFO: Installing NaNMath v0.1.1
INFO: Installing Optim v0.4.4
INFO: Installing TrafficAssignment v0.0.4
INFO: Package database updated
INFO: METADATA is out-of-date — you may not have the latest version of TrafficAssignment
INFO: Use `Pkg.update()` to get the latest versions of your packages

>>> 'Pkg.test("TrafficAssignment")' log
Julia Version 0.3.12
Commit 80aa779 (2015-10-26 12:41 UTC)
Platform Info:
  System: Linux (x86_64-unknown-linux-gnu)
  CPU: Intel(R) Xeon(R) CPU E3-1241 v3 @ 3.50GHz
  WORD_SIZE: 64
           Ubuntu 14.04.4 LTS
  uname: Linux 3.13.0-92-generic #139-Ubuntu SMP Tue Jun 28 20:42:26 UTC 2016 x86_64 x86_64
Memory: 2.4471054077148438 GB (596.9296875 MB free)
Uptime: 21358.0 sec
Load Avg:  1.12158203125  1.001953125  0.97705078125
Intel(R) Xeon(R) CPU E3-1241 v3 @ 3.50GHz: 
       speed         user         nice          sys         idle          irq
#1  3499 MHz     857064 s       2855 s      92687 s     932299 s         31 s
#2  3499 MHz     568025 s       1957 s      83301 s    1365302 s          1 s

  BLAS: libopenblas (USE64BITINT DYNAMIC_ARCH NO_AFFINITY Nehalem)
  LAPACK: libopenblas
  LIBM: libopenlibm
  LLVM: libLLVM-3.3
Environment:
  TERM = vt100
  LD_LIBRARY_PATH = :/usr/local/lib/
  PATH = /usr/local/sbin:/usr/local/bin:/usr/sbin:/usr/bin:/sbin:/bin:/usr/games:/usr/local/games:/home/vagrant/julia/bin/
  JAVA_HOME = /usr/lib/jvm/java-7-oracle
  HOME = /home/vagrant

Package Directory: /home/vagrant/.julia/v0.3
2 required packages:
 - JSON                          0.6.0
 - TrafficAssignment             0.0.4
15 additional packages:
 - BinDeps                       0.3.21
 - Calculus                      0.1.15
 - Compat                        0.8.6
 - DataStructures                0.3.14
 - Dates                         0.3.2
 - Docile                        0.5.23
 - DualNumbers                   0.1.5
 - Graphs                        0.6.0
 - HttpCommon                    0.1.2
 - NaNMath                       0.1.1
 - OCCA                          0.0.1              f9fb1c0c (dirty)
 - Optim                         0.4.4
 - SHA                           0.1.2
 - SQLite                        0.2.1              1e393253 (dirty)
 - URIParser                     0.0.7
INFO: Testing TrafficAssignment
Data Loading Completed, time:0.15989208221435547 seconds
-------------------------------------
Network Name: Winnipeg
Method: bfw
Line Search Step: exact
Maximum Interation Number: 5
Tolerance for AEC: 0.001
Number of processors: 1
Setup time = 0.17823004722595215 seconds
k=1,	tauk=0.22465908176424598,	objective=904275.9301677854,	aec=7.154598511096991
k=2,	tauk=0.2905103578143073,	objective=854304.3423460124,	aec=1.4634866958290225
k=3,	tauk=0.16745519619941762,	objective=841952.9944779441,	aec=0.4728478630266457
k=4,	tauk=0.7139830493175315,	objective=840027.6592205064,	aec=0.3924602999100331
k=5,	tauk=0.9999999814878309,	objective=834992.5938624137,	aec=0.4398776289059796
Iteration time = 25.95962905883789 seconds
INFO: TrafficAssignment tests passed
INFO: No packages to install, update or remove

>>> End of log
