>>> 'Pkg.add("Transit")' log
INFO: Cloning cache of Decimals from git://github.com/tinybike/Decimals.jl.git
INFO: Cloning cache of Transit from git://github.com/russolsen/Transit.jl.git
INFO: Installing DataStructures v0.4.4
INFO: Installing Decimals v0.1.0
INFO: Installing Transit v0.8.1
INFO: Package database updated
INFO: METADATA is out-of-date — you may not have the latest version of Transit
INFO: Use `Pkg.update()` to get the latest versions of your packages

>>> 'Pkg.test("Transit")' log
Julia Version 0.4.5
Commit 2ac304d (2016-03-18 00:58 UTC)
Platform Info:
  System: Linux (x86_64-unknown-linux-gnu)
  CPU: Intel(R) Xeon(R) CPU E3-1241 v3 @ 3.50GHz
  WORD_SIZE: 64
  BLAS: libopenblas (USE64BITINT DYNAMIC_ARCH NO_AFFINITY Nehalem)
  LAPACK: libopenblas64_
  LIBM: libopenlibm
  LLVM: libLLVM-3.3
INFO: Testing Transit
Running tset.jl
Running decoder.jl
WARNING: replacing module Transit
Running encoder.jl
Running roundtrip.jl
WARNING: replacing module TestEncoder
Running exemplar.jl
WARNING: replacing module Transit
ERROR: LoadError: LoadError: test error in expression: test_exemplars()
SystemError: opening file ../transit-format/examples/0.8/simple/nil.json: No such file or directory
 in open at ./iostream.jl:90
 in open at iostream.jl:99
 in test_reading at /home/vagrant/.julia/v0.4/Transit/test/exemplar.jl:378
 in test_exemplars at /home/vagrant/.julia/v0.4/Transit/test/exemplar.jl:389
 in anonymous at test.jl:92
 in do_test at test.jl:50
 in include at ./boot.jl:261
 in include_from_node1 at ./loading.jl:320
 in run_test at /home/vagrant/.julia/v0.4/Transit/test/runtests.jl:5
 in include at ./boot.jl:261
 in include_from_node1 at ./loading.jl:320
 in process_options at ./client.jl:280
 in _start at ./client.jl:378
 in open at ./iostream.jl:90
 in open at iostream.jl:99
 in test_reading at /home/vagrant/.julia/v0.4/Transit/test/exemplar.jl:378
 in test_exemplars at /home/vagrant/.julia/v0.4/Transit/test/exemplar.jl:389
 in anonymous at test.jl:92
 in do_test at test.jl:50
 in include at ./boot.jl:261
 in include_from_node1 at ./loading.jl:320
 in run_test at /home/vagrant/.julia/v0.4/Transit/test/runtests.jl:5
 in include at ./boot.jl:261
 in include_from_node1 at ./loading.jl:320
 in process_options at ./client.jl:280
 in _start at ./client.jl:378
while loading /home/vagrant/.julia/v0.4/Transit/test/exemplar.jl, in expression starting on line 398
while loading /home/vagrant/.julia/v0.4/Transit/test/runtests.jl, in expression starting on line 12
===============================[ ERROR: Transit ]===============================

failed process: Process(`/home/vagrant/julia/bin/julia --check-bounds=yes --code-coverage=none --color=no /home/vagrant/.julia/v0.4/Transit/test/runtests.jl`, ProcessExited(1)) [1]

================================================================================
ERROR: Transit had test errors
 in error at ./error.jl:21
 in test at pkg/entry.jl:803
 in anonymous at pkg/dir.jl:31
 in cd at file.jl:22
 in cd at pkg/dir.jl:31
 in test at pkg.jl:71
 in process_options at ./client.jl:257
 in _start at ./client.jl:378

>>> End of log
