>>> 'Pkg.add("TreeView")' log
INFO: Cloning cache of CommonSubexpressions from https://github.com/rdeits/CommonSubexpressions.jl.git
INFO: Cloning cache of TreeView from https://github.com/dpsanders/TreeView.jl.git
INFO: Installing AutoHashEquals v0.1.1
INFO: Installing BinDeps v0.4.7
INFO: Installing Blosc v0.2.0
INFO: Installing Calculus v0.2.0
INFO: Installing CommonSubexpressions v0.0.1
INFO: Installing DataStructures v0.5.2
INFO: Installing Distributions v0.12.1
INFO: Installing FileIO v0.3.0
INFO: Installing GZip v0.2.20
INFO: Installing HDF5 v0.7.3
INFO: Installing JLD v0.6.9
INFO: Installing LaTeXStrings v0.2.0
INFO: Installing LegacyStrings v0.2.0
INFO: Installing LightGraphs v0.7.2
INFO: Installing LightXML v0.4.0
INFO: Installing MacroTools v0.3.4
INFO: Installing PDMats v0.5.6
INFO: Installing ParserCombinator v1.7.11
INFO: Installing QuadGK v0.1.1
INFO: Installing Rmath v0.1.6
INFO: Installing SHA v0.3.1
INFO: Installing SpecialFunctions v0.1.1
INFO: Installing StatsBase v0.13.1
INFO: Installing StatsFuns v0.4.0
INFO: Installing TikzGraphs v0.3.0
INFO: Installing TikzPictures v0.3.5
INFO: Installing TreeView v0.1.0
INFO: Installing URIParser v0.1.8
INFO: Building Blosc
INFO: Building Rmath
INFO: Building HDF5
INFO: Building LightXML
INFO: Package database updated
INFO: METADATA is out-of-date — you may not have the latest version of TreeView
INFO: Use `Pkg.update()` to get the latest versions of your packages

>>> 'Pkg.test("TreeView")' log
Julia Version 0.5.0
Commit 3c9d753 (2016-09-19 18:14 UTC)
Platform Info:
  System: Linux (x86_64-pc-linux-gnu)
  CPU: Intel(R) Xeon(R) CPU E3-1241 v3 @ 3.50GHz
  WORD_SIZE: 64
           Ubuntu 14.04.5 LTS
  uname: Linux 3.13.0-109-generic #156-Ubuntu SMP Wed Feb 8 16:09:17 UTC 2017 x86_64 x86_64
Memory: 2.9392738342285156 GB (402.12109375 MB free)
Uptime: 38435.0 sec
Load Avg:  1.0068359375  1.017578125  1.00244140625
Intel(R) Xeon(R) CPU E3-1241 v3 @ 3.50GHz: 
       speed         user         nice          sys         idle          irq
#1  3496 MHz    2211483 s       6248 s     214119 s     952419 s        172 s
#2  3496 MHz     773378 s        240 s     105314 s    2828279 s          3 s

  BLAS: libopenblas (USE64BITINT DYNAMIC_ARCH NO_AFFINITY Nehalem)
  LAPACK: libopenblas64_
  LIBM: libopenlibm
  LLVM: libLLVM-3.7.1 (ORCJIT, haswell)
Environment:
  TERM = vt100
  LD_LIBRARY_PATH = :/usr/local/lib/
  PATH = /usr/local/sbin:/usr/local/bin:/usr/sbin:/usr/bin:/sbin:/bin:/usr/games:/usr/local/games:/home/vagrant/julia/bin/
  JAVA_HOME = /usr/lib/jvm/java-7-oracle
  HOME = /home/vagrant

Package Directory: /home/vagrant/.julia/v0.5
2 required packages:
 - JSON                          0.8.3
 - TreeView                      0.1.0
28 additional packages:
 - AutoHashEquals                0.1.1
 - BinDeps                       0.4.7
 - Blosc                         0.2.0
 - Calculus                      0.2.0
 - CommonSubexpressions          0.0.1
 - Compat                        0.19.0
 - DataStructures                0.5.2
 - Distributions                 0.12.1
 - FileIO                        0.3.0
 - GZip                          0.2.20
 - HDF5                          0.7.3
 - JLD                           0.6.9
 - LaTeXStrings                  0.2.0
 - LegacyStrings                 0.2.0
 - LightGraphs                   0.7.2
 - LightXML                      0.4.0
 - MacroTools                    0.3.4
 - PDMats                        0.5.6
 - ParserCombinator              1.7.11
 - QuadGK                        0.1.1
 - Rmath                         0.1.6
 - SHA                           0.3.1
 - SpecialFunctions              0.1.1
 - StatsBase                     0.13.1
 - StatsFuns                     0.4.0
 - TikzGraphs                    0.3.0
 - TikzPictures                  0.3.5
 - URIParser                     0.1.8
INFO: Testing TreeView
Test Summary: | Pass  Total
  @tree       |    6      6
Test Summary:            | Pass  Total
  latex special characters |    1      1
Test Summary: | Pass  Total
  DAG         |    3      3
INFO: TreeView tests passed

>>> End of log
