>>> 'Pkg.add("TriangleMesh")' log
WARNING: Base.Pkg is deprecated, run `using Pkg` instead
 in module Main
[ Info: Cloning cache of TriangleMesh from https://github.com/konsim83/TriangleMesh.jl.git
[ Info: Installing BinDeps v0.8.7
[ Info: Installing ProgressMeter v0.5.5
[ Info: Installing SHA v0.5.6
[ Info: Installing TriangleMesh v0.1.0
[ Info: Installing URIParser v0.3.1
[ Info: Building TriangleMesh
┌ Warning: `is_windows` is deprecated, use `Sys.iswindows` instead.
│   caller = top-level scope
└ @ Core :0
┌ Warning: `is_apple` is deprecated, use `Sys.isapple` instead.
│   caller = top-level scope at build.jl:31
└ @ Core build.jl:31
WARNING: importing deprecated binding Base.Associative into BinDeps.
WARNING: Base.Associative is deprecated, use AbstractDict instead.
  likely near /home/vagrant/.julia/v0.7/TriangleMesh/deps/build.jl:49
in @install at /home/vagrant/.julia/v0.7/BinDeps/src/dependencies.jl
┌ Warning: `info()` is deprecated, use `@info` instead.
│   caller = run(::BinDeps.SynchronousStepCollection) at BinDeps.jl:526
└ @ BinDeps BinDeps.jl:526
INFO: Changing directory to /home/vagrant/.julia/v0.7/TriangleMesh/deps/src
Clearing obj and lib directory...
INFO: Changing directory to /home/vagrant/.julia/v0.7/TriangleMesh/deps/src
Building object file   triangle.o
Building object file   tesselate.o
Linking object files into   libtesselate
INFO: Changing directory to /home/vagrant/.julia/v0.7/TriangleMesh/deps/src
INFO: Changing directory to /home/vagrant/.julia/v0.7/TriangleMesh/deps/src
INFO: Changing directory to /home/vagrant/.julia/v0.7/TriangleMesh/deps/src
INFO: Changing directory to /home/vagrant/.julia/v0.7/TriangleMesh/deps/src
INFO: Changing directory to /home/vagrant/.julia/v0.7/TriangleMesh/deps/src
Clearing obj and lib directory...
[ Info: Package database updated

>>> 'Pkg.test("TriangleMesh")' log
WARNING: Base.versioninfo is deprecated: it has been moved to the standard library package `InteractiveUtils`.
Add `using InteractiveUtils` to your imports.
 in module Main
WARNING: Base.versioninfo is deprecated: it has been moved to the standard library package `InteractiveUtils`.
Add `using InteractiveUtils` to your imports.
 in module Main
Julia Version 0.7.0-DEV.4449
Commit d1f26785f2 (2018-03-02 17:11 UTC)
Platform Info:
  OS: Linux (x86_64-pc-linux-gnu)
      Ubuntu 14.04.5 LTS
  uname: Linux 3.13.0-135-generic #184-Ubuntu SMP Wed Oct 18 11:55:51 UTC 2017 x86_64 x86_64
  CPU: Intel(R) Xeon(R) CPU E3-1241 v3 @ 3.50GHz: 
              speed         user         nice          sys         idle          irq
       #1  3508 MHz    3989290 s       7714 s     224891 s    1117532 s         80 s
       #2  3508 MHz     900256 s         48 s      85973 s    5187976 s          4 s
       
  Memory: 2.93927001953125 GB (1915.375 MB free)
  Uptime: 62902.0 sec
  Load Avg:  1.01513671875  1.0009765625  1.0244140625
  WORD_SIZE: 64
  LIBM: libopenlibm
  LLVM: libLLVM-3.9.1 (ORCJIT, haswell)
Environment:
  TERM = vt100
  LD_LIBRARY_PATH = :/usr/local/lib/
  PATH = /usr/local/sbin:/usr/local/bin:/usr/sbin:/usr/bin:/sbin:/bin:/usr/games:/usr/local/games:/home/vagrant/julia/bin/
  JAVA_HOME = /usr/lib/jvm/java-8-openjdk-amd64
  HOME = /home/vagrant
Packages:
  Package Directory: /home/vagrant/.julia/v0.7
  Package Status:
2 required packages:
 - JSON                          0.17.1
 - TriangleMesh                  0.1.0
7 additional packages:
 - BinDeps                       0.8.7
 - Compat                        0.56.0
 - Nullables                     0.0.3
 - ProgressMeter                 0.5.5
 - SHA                           0.5.6
 - URIParser                     0.3.1
 - tmpwtT1Hq                     0.0.0-             non-repo (unregistered)
WARNING: Base.Pkg is deprecated, run `using Pkg` instead
 in module Main
[ Info: Testing TriangleMesh
WARNING: importing deprecated binding Base.Pkg into TriangleMesh.
WARNING: Base.Pkg is deprecated, run `using Pkg` instead
  likely near /home/vagrant/.julia/v0.7/TriangleMesh/src/TriangleMesh.jl:35
WARNING: importing deprecated binding Base.Libdl into TriangleMesh.
WARNING: Base.Libdl is deprecated, run `using Libdl` instead
  likely near /home/vagrant/.julia/v0.7/TriangleMesh/src/TriangleMesh.jl:38
WARNING: Base.Pkg is deprecated, run `using Pkg` instead
  likely near /home/vagrant/.julia/v0.7/TriangleMesh/src/TriangleMesh.jl:38
ERROR: LoadError: LoadError: LoadError: syntax: invalid escape sequence
Stacktrace:
 [1] include at ./boot.jl:305 [inlined]
 [2] include_relative(::Module, ::String) at ./loading.jl:1072
 [3] include at ./sysimg.jl:29 [inlined]
 [4] include(::String) at /home/vagrant/.julia/v0.7/TriangleMesh/src/TriangleMesh.jl:5
 [5] top-level scope
 [6] include at ./boot.jl:305 [inlined]
 [7] include_relative(::Module, ::String) at ./loading.jl:1072
 [8] _require(::Base.PkgId) at ./loading.jl:998
 [9] require(::Base.PkgId) at ./loading.jl:879
 [10] require(::Module, ::Symbol) at ./loading.jl:874
 [11] include at ./boot.jl:305 [inlined]
 [12] include_relative(::Module, ::String) at ./loading.jl:1072
 [13] include(::Module, ::String) at ./sysimg.jl:29
 [14] exec_options(::Base.JLOptions) at ./client.jl:332
 [15] _start() at ./client.jl:448
in expression starting at /home/vagrant/.julia/v0.7/TriangleMesh/src/TriangleMesh_polygon_constructors.jl:220
in expression starting at /home/vagrant/.julia/v0.7/TriangleMesh/src/TriangleMesh.jl:46
in expression starting at /home/vagrant/.julia/v0.7/TriangleMesh/test/runtests.jl:1
┌ Error: ------------------------------------------------------------
│ # Testing failed for TriangleMesh
│   exception =
│    failed process: Process(`/home/vagrant/julia/bin/julia -Cnative -J/home/vagrant/julia/lib/julia/sys.so --compile=yes --depwarn=yes --code-coverage=none --color=no --compiled-modules=yes --check-bounds=yes --warn-overwrite=yes --startup-file=yes /home/vagrant/.julia/v0.7/TriangleMesh/test/runtests.jl`, ProcessExited(1)) [1]
│    Stacktrace:
│     [1] error(::String, ::Base.Process, ::String, ::Int64, ::String) at ./error.jl:42
│     [2] pipeline_error(::Base.Process) at ./process.jl:712
│     [3] #run#534(::Bool, ::Function, ::Cmd) at ./process.jl:670
│     [4] run at ./process.jl:668 [inlined]
│     [5] (::getfield(Pkg.Entry, Symbol("##56#57")){Bool,String,Array{AbstractString,1}})() at /buildworker/worker/package_linux64/build/usr/share/julia/site/v0.7/Pkg/src/entry.jl:729
│     [6] cd(::getfield(Pkg.Entry, Symbol("##56#57")){Bool,String,Array{AbstractString,1}}, ::String) at ./file.jl:72
│     [7] #test!#55(::Bool, ::Function, ::String, ::Array{AbstractString,1}, ::Array{AbstractString,1}, ::Array{AbstractString,1}) at /buildworker/worker/package_linux64/build/usr/share/julia/site/v0.7/Pkg/src/entry.jl:717
│     [8] (::getfield(Pkg.Entry, Symbol("#kw##test!")))(::NamedTuple{(:coverage,),Tuple{Bool}}, ::typeof(Pkg.Entry.test!), ::String, ::Array{AbstractString,1}, ::Array{AbstractString,1}, ::Array{AbstractString,1}) at ./<missing>:0
│     [9] #test#59(::Bool, ::Function, ::Array{AbstractString,1}) at /buildworker/worker/package_linux64/build/usr/share/julia/site/v0.7/Pkg/src/entry.jl:756
│     [10] #test at ./<missing>:0 [inlined]
│     [11] #4 at /buildworker/worker/package_linux64/build/usr/share/julia/site/v0.7/Pkg/src/dir.jl:36 [inlined]
│     [12] cd(::getfield(Pkg.Dir, Symbol("##4#7")){Base.Iterators.Pairs{Symbol,Bool,Tuple{Symbol},NamedTuple{(:coverage,),Tuple{Bool}}},typeof(Pkg.Entry.test),Tuple{Array{AbstractString,1}}}, ::String) at ./file.jl:72
│     [13] #cd#1(::Base.Iterators.Pairs{Symbol,Bool,Tuple{Symbol},NamedTuple{(:coverage,),Tuple{Bool}}}, ::Function, ::Function, ::Array{AbstractString,1}, ::Vararg{Array{AbstractString,1},N} where N) at /buildworker/worker/package_linux64/build/usr/share/julia/site/v0.7/Pkg/src/dir.jl:36
│     [14] (::getfield(Pkg.Dir, Symbol("#kw##cd")))(::NamedTuple{(:coverage,),Tuple{Bool}}, ::typeof(Pkg.Dir.cd), ::Function, ::Array{AbstractString,1}, ::Vararg{Array{AbstractString,1},N} where N) at ./<missing>:0
│     [15] #test#3(::Bool, ::Function, ::String, ::Vararg{String,N} where N) at /buildworker/worker/package_linux64/build/usr/share/julia/site/v0.7/Pkg/src/Pkg.jl:276
│     [16] test(::String, ::Vararg{String,N} where N) at /buildworker/worker/package_linux64/build/usr/share/julia/site/v0.7/Pkg/src/Pkg.jl:276
│     [17] top-level scope
│     [18] eval at ./boot.jl:308 [inlined]
│     [19] eval(::Module, ::Expr) at ./sysimg.jl:74
│     [20] exec_options(::Base.JLOptions) at ./client.jl:309
│     [21] _start() at ./client.jl:448
└ @ Pkg.Entry entry.jl:732
ERROR: TriangleMesh had test errors

>>> End of log
