>>> 'Pkg.add("TupleTools")' log
INFO: Cloning cache of TupleTools from https://github.com/Jutho/TupleTools.jl.git
INFO: Installing TupleTools v0.1.0
INFO: Package database updated
INFO: METADATA is out-of-date — you may not have the latest version of TupleTools
INFO: Use `Pkg.update()` to get the latest versions of your packages

>>> 'Pkg.test("TupleTools")' log
Julia Version 0.6.2
Commit d386e40c17 (2017-12-13 18:08 UTC)
Platform Info:
  OS: Linux (x86_64-pc-linux-gnu)
  CPU: Intel(R) Xeon(R) CPU E3-1241 v3 @ 3.50GHz
  WORD_SIZE: 64
           Ubuntu 14.04.5 LTS
  uname: Linux 3.13.0-135-generic #184-Ubuntu SMP Wed Oct 18 11:55:51 UTC 2017 x86_64 x86_64
Memory: 2.93927001953125 GB (2226.27734375 MB free)
Uptime: 108065.0 sec
Load Avg:  1.0498046875  1.05517578125  1.03515625
Intel(R) Xeon(R) CPU E3-1241 v3 @ 3.50GHz: 
       speed         user         nice          sys         idle          irq
#1  3499 MHz    7030633 s        118 s     303724 s    1780417 s        116 s
#2  3499 MHz    1748107 s       6434 s     158043 s    8709663 s          2 s

  BLAS: libopenblas (USE64BITINT DYNAMIC_ARCH NO_AFFINITY Nehalem)
  LAPACK: libopenblas64_
  LIBM: libopenlibm
  LLVM: libLLVM-3.9.1 (ORCJIT, haswell)
Environment:
  TERM = vt100
  LD_LIBRARY_PATH = :/usr/local/lib/
  PATH = /usr/local/sbin:/usr/local/bin:/usr/sbin:/usr/bin:/sbin:/bin:/usr/games:/usr/local/games:/home/vagrant/julia/bin/
  JAVA_HOME = /usr/lib/jvm/java-8-openjdk-amd64
  HOME = /home/vagrant

Package Directory: /home/vagrant/.julia/v0.6
2 required packages:
 - JSON                          0.16.3
 - TupleTools                    0.1.0
2 additional packages:
 - Compat                        0.41.0
 - Nullables                     0.0.1
INFO: Testing TupleTools
INFO: TupleTools tests passed

>>> End of log
