>>> 'Pkg.add("Turing")' log
INFO: Cloning cache of Turing from https://github.com/yebai/Turing.jl.git
INFO: Installing BinDeps v0.4.5
INFO: Installing Calculus v0.1.15
INFO: Installing Distributions v0.11.0
INFO: Installing ForwardDiff v0.2.5
INFO: Installing NaNMath v0.2.2
INFO: Installing PDMats v0.5.1
INFO: Installing Rmath v0.1.4
INFO: Installing SHA v0.3.0
INFO: Installing StatsFuns v0.3.1
INFO: Installing Turing v0.1.0
INFO: Installing URIParser v0.1.6
INFO: Building Rmath
INFO: Building Turing
gcc -DJULIA_ENABLE_THREADING=1 -fPIC -DJULIA_INIT_DIR=\"/home/vagrant/julia/lib\" -I/home/vagrant/julia/include/julia -std=gnu99  -O2 -shared -fPIC task.c -L/home/vagrant/julia/lib -Wl,-rpath,/home/vagrant/julia/lib -ljulia -o libtask.so
INFO: Package database updated

>>> 'Pkg.test("Turing")' log
Julia Version 0.5.0
Commit 3c9d753 (2016-09-19 18:14 UTC)
Platform Info:
  System: Linux (x86_64-pc-linux-gnu)
  CPU: Intel(R) Xeon(R) CPU E3-1241 v3 @ 3.50GHz
  WORD_SIZE: 64
           Ubuntu 14.04.5 LTS
  uname: Linux 3.13.0-101-generic #148-Ubuntu SMP Thu Oct 20 22:08:32 UTC 2016 x86_64 x86_64
Memory: 2.939281463623047 GB (387.35546875 MB free)
Uptime: 32907.0 sec
Load Avg:  0.94775390625  1.00146484375  0.9794921875
Intel(R) Xeon(R) CPU E3-1241 v3 @ 3.50GHz: 
       speed         user         nice          sys         idle          irq
#1  3500 MHz    1938642 s       3018 s     183968 s     793067 s        135 s
#2  3500 MHz     558129 s       3862 s      89647 s    2539988 s          2 s

  BLAS: libopenblas (USE64BITINT DYNAMIC_ARCH NO_AFFINITY Nehalem)
  LAPACK: libopenblas64_
  LIBM: libopenlibm
  LLVM: libLLVM-3.7.1 (ORCJIT, haswell)
Environment:
  TERM = vt100
  LD_LIBRARY_PATH = :/usr/local/lib/
  PATH = /usr/local/sbin:/usr/local/bin:/usr/sbin:/usr/bin:/sbin:/bin:/usr/games:/usr/local/games:/home/vagrant/julia/bin/
  JAVA_HOME = /usr/lib/jvm/java-7-oracle
  HOME = /home/vagrant

Package Directory: /home/vagrant/.julia/v0.5
2 required packages:
 - JSON                          0.8.0
 - Turing                        0.1.0
28 additional packages:
 - BinDeps                       0.4.5
 - Calculus                      0.1.15
 - CategoricalArrays             0.1.0
 - Compat                        0.9.4
 - DataArrays                    0.3.10
 - DataFrames                    0.8.5
 - DataStreams                   0.1.2
 - DataStreamsIntegrationTests   0.0.1              e92cc45b (dirty)
 - Distributions                 0.11.0
 - FileIO                        0.2.0
 - ForwardDiff                   0.2.5
 - GZip                          0.2.20
 - Hiccup                        0.0.3
 - Juno                          0.2.5
 - Lazy                          0.11.4
 - MacroTools                    0.3.2
 - Media                         0.2.4
 - NaNMath                       0.2.2
 - NullableArrays                0.0.10
 - PDMats                        0.5.1
 - Reexport                      0.0.3
 - Rmath                         0.1.4
 - SHA                           0.3.0
 - SortingAlgorithms             0.1.0
 - StatsBase                     0.11.1
 - StatsFuns                     0.3.1
 - URIParser                     0.1.6
 - WeakRefStrings                0.2.0
INFO: Testing Turing
[runtests.jl] testing starts
[runtests.jl] "assume.jl" is running
WARNING: Method definition betapdf(Real, Real, Real) in module StatsFuns at /home/vagrant/.julia/v0.5/StatsFuns/src/distrs/beta.jl:16 overwritten in module Turing at /home/vagrant/.julia/v0.5/Turing/src/Turing.jl:16.
WARNING: Method definition betalogpdf(Real, Real, Real) in module RFunctions at /home/vagrant/.julia/v0.5/StatsFuns/src/rmath.jl:59 overwritten in module Turing at /home/vagrant/.julia/v0.5/Turing/src/Turing.jl:17.
WARNING: Method definition gammapdf(Real, Real, Real) in module RFunctions at /home/vagrant/.julia/v0.5/StatsFuns/src/rmath.jl:56 overwritten in module Turing at /home/vagrant/.julia/v0.5/Turing/src/Turing.jl:18.
WARNING: Method definition gammalogpdf(Real, Real, Real) in module RFunctions at /home/vagrant/.julia/v0.5/StatsFuns/src/rmath.jl:59 overwritten in module Turing at /home/vagrant/.julia/v0.5/Turing/src/Turing.jl:19.
WARNING: using Distributions.sampler in module Turing conflicts with an existing identifier.

WARNING: deprecated syntax "[a=>b for (a,b) in c]".
Use "Dict(a=>b for (a,b) in c)" instead.
[PG]: Iter 10 out of 1000
[PG]: Iter 20 out of 1000
[PG]: Iter 30 out of 1000
[PG]: Iter 40 out of 1000
[PG]: Iter 50 out of 1000
[PG]: Iter 60 out of 1000
[PG]: Iter 70 out of 1000
[PG]: Iter 80 out of 1000
[PG]: Iter 90 out of 1000
[PG]: Iter 100 out of 1000
[PG]: Iter 110 out of 1000
[PG]: Iter 120 out of 1000
[PG]: Iter 130 out of 1000
[PG]: Iter 140 out of 1000
[PG]: Iter 150 out of 1000
[PG]: Iter 160 out of 1000
[PG]: Iter 170 out of 1000
[PG]: Iter 180 out of 1000
[PG]: Iter 190 out of 1000
[PG]: Iter 200 out of 1000
[PG]: Iter 210 out of 1000
[PG]: Iter 220 out of 1000
[PG]: Iter 230 out of 1000
[PG]: Iter 240 out of 1000
[PG]: Iter 250 out of 1000
[PG]: Iter 260 out of 1000
[PG]: Iter 270 out of 1000
[PG]: Iter 280 out of 1000
[PG]: Iter 290 out of 1000
[PG]: Iter 300 out of 1000
[PG]: Iter 310 out of 1000
[PG]: Iter 320 out of 1000
[PG]: Iter 330 out of 1000
[PG]: Iter 340 out of 1000
[PG]: Iter 350 out of 1000
[PG]: Iter 360 out of 1000
[PG]: Iter 370 out of 1000
[PG]: Iter 380 out of 1000
[PG]: Iter 390 out of 1000
[PG]: Iter 400 out of 1000
[PG]: Iter 410 out of 1000
[PG]: Iter 420 out of 1000
[PG]: Iter 430 out of 1000
[PG]: Iter 440 out of 1000
[PG]: Iter 450 out of 1000
[PG]: Iter 460 out of 1000
[PG]: Iter 470 out of 1000
[PG]: Iter 480 out of 1000
[PG]: Iter 490 out of 1000
[PG]: Iter 500 out of 1000
[PG]: Iter 510 out of 1000
[PG]: Iter 520 out of 1000
[PG]: Iter 530 out of 1000
[PG]: Iter 540 out of 1000
[PG]: Iter 550 out of 1000
[PG]: Iter 560 out of 1000
[PG]: Iter 570 out of 1000
[PG]: Iter 580 out of 1000
[PG]: Iter 590 out of 1000
[PG]: Iter 600 out of 1000
[PG]: Iter 610 out of 1000
[PG]: Iter 620 out of 1000
[PG]: Iter 630 out of 1000
[PG]: Iter 640 out of 1000
[PG]: Iter 650 out of 1000
[PG]: Iter 660 out of 1000
[PG]: Iter 670 out of 1000
[PG]: Iter 680 out of 1000
[PG]: Iter 690 out of 1000
[PG]: Iter 700 out of 1000
[PG]: Iter 710 out of 1000
[PG]: Iter 720 out of 1000
[PG]: Iter 730 out of 1000
[PG]: Iter 740 out of 1000
[PG]: Iter 750 out of 1000
[PG]: Iter 760 out of 1000
[PG]: Iter 770 out of 1000
[PG]: Iter 780 out of 1000
[PG]: Iter 790 out of 1000
[PG]: Iter 800 out of 1000
[PG]: Iter 810 out of 1000
[PG]: Iter 820 out of 1000
[PG]: Iter 830 out of 1000
[PG]: Iter 840 out of 1000
[PG]: Iter 850 out of 1000
[PG]: Iter 860 out of 1000
[PG]: Iter 870 out of 1000
[PG]: Iter 880 out of 1000
[PG]: Iter 890 out of 1000
[PG]: Iter 900 out of 1000
[PG]: Iter 910 out of 1000
[PG]: Iter 920 out of 1000
[PG]: Iter 930 out of 1000
[PG]: Iter 940 out of 1000
[PG]: Iter 950 out of 1000
[PG]: Iter 960 out of 1000
[PG]: Iter 970 out of 1000
[PG]: Iter 980 out of 1000
[PG]: Iter 990 out of 1000
[PG]: Iter 1000 out of 1000
[runtests.jl] "assume.jl" is successful
[runtests.jl] "observe.jl" is running
[PG]: Iter 10 out of 10
[runtests.jl] "observe.jl" is successful
[runtests.jl] "predict.jl" is running
[runtests.jl] "predict.jl" is successful
[runtests.jl] "noparam.jl" is running
[PG]: Iter 10 out of 10
[runtests.jl] "noparam.jl" is successful
[runtests.jl] "opt_param_of_dist.jl" is running
WARNING: Method definition testassume() in module Main at /home/vagrant/.julia/v0.5/Turing/test/assume.jl:8 overwritten at /home/vagrant/.julia/v0.5/Turing/test/opt_param_of_dist.jl:6.
[runtests.jl] "opt_param_of_dist.jl" is successful
[runtests.jl] "copy_particle_container.jl" is running
[runtests.jl] "copy_particle_container.jl" is successful
[runtests.jl] "chain_utility.jl" is running
[runtests.jl] "chain_utility.jl" is successful
[runtests.jl] "util.jl" is running
[runtests.jl] "util.jl" is successful
[runtests.jl] "replay.jl" is running
[HMC]: Finshed with accept rate = 1.0 (re-runs for 0 times)
[runtests.jl] "replay.jl" is successful
[runtests.jl] "graidnetinfo.jl" is running
[runtests.jl] "graidnetinfo.jl" is successful
[runtests.jl] "resample.jl" is running
[runtests.jl] "resample.jl" is successful
[runtests.jl] "particlecontainer.jl" is running
[runtests.jl] "particlecontainer.jl" is successful
[runtests.jl] "multivariate_support_for_hmc.jl" is running
[HMC]: Finshed with accept rate = 0.3 (re-runs for 0 times)
[runtests.jl] "multivariate_support_for_hmc.jl" is successful
[runtests.jl] "importance_sampling.jl" is running
[runtests.jl] "importance_sampling.jl" is successful
[runtests.jl] "tarray3.jl" is running
[runtests.jl] "tarray3.jl" is successful
[runtests.jl] "clonetask.jl" is running
[runtests.jl] "clonetask.jl" is successful
[runtests.jl] "trace.jl" is running
[runtests.jl] "trace.jl" is successful
[runtests.jl] "pass_dual_to_dists.jl" is running
[runtests.jl] "pass_dual_to_dists.jl" is successful
[runtests.jl] all tests pass
INFO: Turing tests passed

>>> End of log
