>>> 'Pkg.add("Typeclass")' log
WARNING: Base.Pkg is deprecated, run `using Pkg` instead
 in module Main
[ Info: Cloning cache of Typeclass from https://github.com/jasonmorton/Typeclass.jl.git
[ Info: Installing Typeclass v0.0.1
[ Info: Package database updated

>>> 'Pkg.test("Typeclass")' log
WARNING: Base.versioninfo is deprecated: it has been moved to the standard library package `InteractiveUtils`.
Add `using InteractiveUtils` to your imports.
 in module Main
WARNING: Base.versioninfo is deprecated: it has been moved to the standard library package `InteractiveUtils`.
Add `using InteractiveUtils` to your imports.
 in module Main
Julia Version 0.7.0-DEV.4449
Commit d1f26785f2 (2018-03-02 17:11 UTC)
Platform Info:
  OS: Linux (x86_64-pc-linux-gnu)
      Ubuntu 14.04.5 LTS
  uname: Linux 3.13.0-135-generic #184-Ubuntu SMP Wed Oct 18 11:55:51 UTC 2017 x86_64 x86_64
  CPU: Intel(R) Xeon(R) CPU E3-1241 v3 @ 3.50GHz: 
              speed         user         nice          sys         idle          irq
       #1  3508 MHz    4043024 s       7714 s     228031 s    1132639 s         84 s
       #2  3508 MHz     912536 s         48 s      87116 s    5257760 s          4 s
       
  Memory: 2.93927001953125 GB (1665.96484375 MB free)
  Uptime: 63760.0 sec
  Load Avg:  0.994140625  0.974609375  0.9921875
  WORD_SIZE: 64
  LIBM: libopenlibm
  LLVM: libLLVM-3.9.1 (ORCJIT, haswell)
Environment:
  TERM = vt100
  LD_LIBRARY_PATH = :/usr/local/lib/
  PATH = /usr/local/sbin:/usr/local/bin:/usr/sbin:/usr/bin:/sbin:/bin:/usr/games:/usr/local/games:/home/vagrant/julia/bin/
  JAVA_HOME = /usr/lib/jvm/java-8-openjdk-amd64
  HOME = /home/vagrant
Packages:
  Package Directory: /home/vagrant/.julia/v0.7
  Package Status:
2 required packages:
 - JSON                          0.17.1
 - Typeclass                     0.0.1
3 additional packages:
 - Compat                        0.56.0
 - Nullables                     0.0.3
 - tmpwtT1Hq                     0.0.0-             non-repo (unregistered)
WARNING: Base.Pkg is deprecated, run `using Pkg` instead
 in module Main
[ Info: Testing Typeclass
┌ Warning: Deprecated syntax `type` at /home/vagrant/.julia/v0.7/Typeclass/test/runtests.jl:24.
│ Use `mutable struct` instead.
└ @ nothing runtests.jl:24
┌ Warning: Deprecated syntax `type` at /home/vagrant/.julia/v0.7/Typeclass/test/runtests.jl:39.
│ Use `mutable struct` instead.
└ @ nothing runtests.jl:39
┌ Warning: Deprecated syntax `type` at /home/vagrant/.julia/v0.7/Typeclass/test/runtests.jl:79.
│ Use `mutable struct` instead.
└ @ nothing runtests.jl:79
┌ Warning: Deprecated syntax `type` at /home/vagrant/.julia/v0.7/Typeclass/test/runtests.jl:159.
│ Use `mutable struct` instead.
└ @ nothing runtests.jl:159
┌ Warning: Deprecated syntax `type` at /home/vagrant/.julia/v0.7/Typeclass/test/runtests.jl:163.
│ Use `mutable struct` instead.
└ @ nothing runtests.jl:163
┌ Warning: Deprecated syntax `(b.head == :block) && (length(b.args) == 2) && (b.args[1].head == :line)?` at /home/vagrant/.julia/v0.7/Typeclass/src/Typeclass.jl:44.
│ Use `(b.head == :block) && (length(b.args) == 2) && (b.args[1].head == :line) ?` instead.
└ @ nothing Typeclass.jl:44
┌ Warning: Deprecated syntax `(b.head == :block) && (length(b.args) == 2) && (b.args[1].head == :line) ? b.args[2] :error` at /home/vagrant/.julia/v0.7/Typeclass/src/Typeclass.jl:44.
│ Use `(b.head == :block) && (length(b.args) == 2) && (b.args[1].head == :line) ? b.args[2] : error` instead.
└ @ nothing Typeclass.jl:44
┌ Warning: Deprecated syntax `immutable` at /home/vagrant/.julia/v0.7/Typeclass/src/Typeclass.jl:78.
│ Use `struct` instead.
└ @ nothing Typeclass.jl:78
┌ Warning: Deprecated syntax `type` at /home/vagrant/.julia/v0.7/Typeclass/src/Typeclass.jl:97.
│ Use `mutable struct` instead.
└ @ nothing Typeclass.jl:97
┌ Warning: Deprecated syntax `haskey(binding, s)?` at /home/vagrant/.julia/v0.7/Typeclass/src/Typeclass.jl:114.
│ Use `haskey(binding, s) ?` instead.
└ @ nothing Typeclass.jl:114
┌ Warning: Deprecated syntax `haskey(binding, s) ? binding[s] :s` at /home/vagrant/.julia/v0.7/Typeclass/src/Typeclass.jl:114.
│ Use `haskey(binding, s) ? binding[s] : s` instead.
└ @ nothing Typeclass.jl:114
┌ Warning: Deprecated syntax `(length(args) > 2)?` at /home/vagrant/.julia/v0.7/Typeclass/src/Typeclass.jl:120.
│ Use `(length(args) > 2) ?` instead.
└ @ nothing Typeclass.jl:120
┌ Warning: Deprecated syntax `(default_impl == nothing)?` at /home/vagrant/.julia/v0.7/Typeclass/src/Typeclass.jl:148.
│ Use `(default_impl == nothing) ?` instead.
└ @ nothing Typeclass.jl:148
┌ Warning: Deprecated syntax `(default_impl == nothing) ? error("Class method $LHS required by $class_name not implemented in instance declaration for $implementing_type_name") :nothing` at /home/vagrant/.julia/v0.7/Typeclass/src/Typeclass.jl:148.
│ Use `(default_impl == nothing) ? error("Class method $LHS required by $class_name not implemented in instance declaration for $implementing_type_name") : nothing` instead.
└ @ nothing Typeclass.jl:148
┌ Warning: Deprecated syntax `overwrite?` at /home/vagrant/.julia/v0.7/Typeclass/src/Typeclass.jl:154.
│ Use `overwrite ?` instead.
└ @ nothing Typeclass.jl:154
ERROR: LoadError: LoadError: syntax: { } vector syntax is discontinued
Stacktrace:
 [1] include at ./boot.jl:305 [inlined]
 [2] include_relative(::Module, ::String) at ./loading.jl:1072
 [3] _require(::Base.PkgId) at ./loading.jl:998
 [4] require(::Base.PkgId) at ./loading.jl:879
 [5] require(::Module, ::Symbol) at ./loading.jl:874
 [6] include at ./boot.jl:305 [inlined]
 [7] include_relative(::Module, ::String) at ./loading.jl:1072
 [8] include(::Module, ::String) at ./sysimg.jl:29
 [9] exec_options(::Base.JLOptions) at ./client.jl:332
 [10] _start() at ./client.jl:448
in expression starting at /home/vagrant/.julia/v0.7/Typeclass/src/Typeclass.jl:23
in expression starting at /home/vagrant/.julia/v0.7/Typeclass/test/runtests.jl:1
┌ Error: ------------------------------------------------------------
│ # Testing failed for Typeclass
│   exception =
│    failed process: Process(`/home/vagrant/julia/bin/julia -Cnative -J/home/vagrant/julia/lib/julia/sys.so --compile=yes --depwarn=yes --code-coverage=none --color=no --compiled-modules=yes --check-bounds=yes --warn-overwrite=yes --startup-file=yes /home/vagrant/.julia/v0.7/Typeclass/test/runtests.jl`, ProcessExited(1)) [1]
│    Stacktrace:
│     [1] error(::String, ::Base.Process, ::String, ::Int64, ::String) at ./error.jl:42
│     [2] pipeline_error(::Base.Process) at ./process.jl:712
│     [3] #run#534(::Bool, ::Function, ::Cmd) at ./process.jl:670
│     [4] run at ./process.jl:668 [inlined]
│     [5] (::getfield(Pkg.Entry, Symbol("##56#57")){Bool,String,Array{AbstractString,1}})() at /buildworker/worker/package_linux64/build/usr/share/julia/site/v0.7/Pkg/src/entry.jl:729
│     [6] cd(::getfield(Pkg.Entry, Symbol("##56#57")){Bool,String,Array{AbstractString,1}}, ::String) at ./file.jl:72
│     [7] #test!#55(::Bool, ::Function, ::String, ::Array{AbstractString,1}, ::Array{AbstractString,1}, ::Array{AbstractString,1}) at /buildworker/worker/package_linux64/build/usr/share/julia/site/v0.7/Pkg/src/entry.jl:717
│     [8] (::getfield(Pkg.Entry, Symbol("#kw##test!")))(::NamedTuple{(:coverage,),Tuple{Bool}}, ::typeof(Pkg.Entry.test!), ::String, ::Array{AbstractString,1}, ::Array{AbstractString,1}, ::Array{AbstractString,1}) at ./<missing>:0
│     [9] #test#59(::Bool, ::Function, ::Array{AbstractString,1}) at /buildworker/worker/package_linux64/build/usr/share/julia/site/v0.7/Pkg/src/entry.jl:756
│     [10] #test at ./<missing>:0 [inlined]
│     [11] #4 at /buildworker/worker/package_linux64/build/usr/share/julia/site/v0.7/Pkg/src/dir.jl:36 [inlined]
│     [12] cd(::getfield(Pkg.Dir, Symbol("##4#7")){Base.Iterators.Pairs{Symbol,Bool,Tuple{Symbol},NamedTuple{(:coverage,),Tuple{Bool}}},typeof(Pkg.Entry.test),Tuple{Array{AbstractString,1}}}, ::String) at ./file.jl:72
│     [13] #cd#1(::Base.Iterators.Pairs{Symbol,Bool,Tuple{Symbol},NamedTuple{(:coverage,),Tuple{Bool}}}, ::Function, ::Function, ::Array{AbstractString,1}, ::Vararg{Array{AbstractString,1},N} where N) at /buildworker/worker/package_linux64/build/usr/share/julia/site/v0.7/Pkg/src/dir.jl:36
│     [14] (::getfield(Pkg.Dir, Symbol("#kw##cd")))(::NamedTuple{(:coverage,),Tuple{Bool}}, ::typeof(Pkg.Dir.cd), ::Function, ::Array{AbstractString,1}, ::Vararg{Array{AbstractString,1},N} where N) at ./<missing>:0
│     [15] #test#3(::Bool, ::Function, ::String, ::Vararg{String,N} where N) at /buildworker/worker/package_linux64/build/usr/share/julia/site/v0.7/Pkg/src/Pkg.jl:276
│     [16] test(::String, ::Vararg{String,N} where N) at /buildworker/worker/package_linux64/build/usr/share/julia/site/v0.7/Pkg/src/Pkg.jl:276
│     [17] top-level scope
│     [18] eval at ./boot.jl:308 [inlined]
│     [19] eval(::Module, ::Expr) at ./sysimg.jl:74
│     [20] exec_options(::Base.JLOptions) at ./client.jl:309
│     [21] _start() at ./client.jl:448
└ @ Pkg.Entry entry.jl:732
ERROR: Typeclass had test errors

>>> End of log
