>>> 'Pkg.add("TypedDelegation")' log
INFO: Cloning cache of TypedDelegation from https://github.com/JuliaArbTypes/TypedDelegation.jl.git
INFO: Installing TypedDelegation v0.2.0
INFO: Package database updated
INFO: METADATA is out-of-date — you may not have the latest version of TypedDelegation
INFO: Use `Pkg.update()` to get the latest versions of your packages

>>> 'Pkg.test("TypedDelegation")' log
Julia Version 0.6.2
Commit d386e40c17 (2017-12-13 18:08 UTC)
Platform Info:
  OS: Linux (x86_64-pc-linux-gnu)
  CPU: Intel(R) Xeon(R) CPU E3-1241 v3 @ 3.50GHz
  WORD_SIZE: 64
           Ubuntu 14.04.5 LTS
  uname: Linux 3.13.0-135-generic #184-Ubuntu SMP Wed Oct 18 11:55:51 UTC 2017 x86_64 x86_64
Memory: 2.93927001953125 GB (1945.9609375 MB free)
Uptime: 79473.0 sec
Load Avg:  0.9228515625  0.998046875  1.0400390625
Intel(R) Xeon(R) CPU E3-1241 v3 @ 3.50GHz: 
       speed         user         nice          sys         idle          irq
#1  3513 MHz    4973649 s       6835 s     214562 s    1564110 s         88 s
#2  3513 MHz    1185040 s         87 s     102484 s    6484011 s          2 s

  BLAS: libopenblas (USE64BITINT DYNAMIC_ARCH NO_AFFINITY Nehalem)
  LAPACK: libopenblas64_
  LIBM: libopenlibm
  LLVM: libLLVM-3.9.1 (ORCJIT, haswell)
Environment:
  TERM = vt100
  LD_LIBRARY_PATH = :/usr/local/lib/
  PATH = /usr/local/sbin:/usr/local/bin:/usr/sbin:/usr/bin:/sbin:/bin:/usr/games:/usr/local/games:/home/vagrant/julia/bin/
  JAVA_HOME = /usr/lib/jvm/java-8-openjdk-amd64
  HOME = /home/vagrant

Package Directory: /home/vagrant/.julia/v0.6
2 required packages:
 - JSON                          0.17.1
 - TypedDelegation               0.2.0
2 additional packages:
 - Compat                        0.55.0
 - Nullables                     0.0.3
INFO: Testing TypedDelegation
INFO: TypedDelegation tests passed

>>> End of log
