>>> 'Pkg.add("Typeclass")' log
INFO: Cloning cache of Typeclass from git://github.com/jasonmorton/Typeclass.jl.git
INFO: Installing Typeclass v0.0.1
INFO: Package database updated

>>> 'using Typeclass' log
Julia Version 0.3.4
Commit 3392026* (2014-12-26 10:42 UTC)
Platform Info:
  System: Linux (x86_64-unknown-linux-gnu)
  CPU: Intel(R) Xeon(R) CPU E5-2650 0 @ 2.00GHz
  WORD_SIZE: 64
  BLAS: libopenblas (USE64BITINT DYNAMIC_ARCH NO_AFFINITY Sandybridge)
  LAPACK: libopenblas
  LIBM: libopenlibm
  LLVM: libLLVM-3.3

>>> test log
INFO: Instance delcaration omitted method x::Int == y::Int is already defined, skipping specializing Eq class method
INFO: Instance delcaration omitted method x::Float64 == y::Float64 is already defined, skipping specializing Eq class method
INFO: Instance delcaration omitted method x::Bad == y::Bad is already defined, skipping specializing Eq class method
INFO: Instance delcaration omitted method x::Foo == y::Foo is already defined, skipping specializing Eq class method
INFO: Instance delcaration omitted method x::TestNameEq == y::TestNameEq is already defined, skipping specializing NameEq class method
INFO: Instance delcaration omitted method x::TestNameEq != y::TestNameEq is already defined, skipping specializing NameEq class method
INFO: Instance delcaration omitted method x::Int + y::Int is already defined, skipping specializing Addable class method
INFO: Instance delcaration omitted method f::Mat | g::Mat is already defined, skipping specializing MonoidalCategory class method
INFO: Testing Typeclass
INFO: Typeclass tests passed
INFO: No packages to install, update or remove

>>> end of log
