>>> 'Pkg.add("TypedPolynomials")' log
INFO: Cloning cache of TypedPolynomials from https://github.com/JuliaAlgebra/TypedPolynomials.jl.git
INFO: Installing MacroTools v0.4.0
INFO: Installing MultivariatePolynomials v0.1.4
INFO: Installing TypedPolynomials v0.0.1
INFO: Package database updated
INFO: METADATA is out-of-date — you may not have the latest version of TypedPolynomials
INFO: Use `Pkg.update()` to get the latest versions of your packages

>>> 'Pkg.test("TypedPolynomials")' log
Julia Version 0.6.2
Commit d386e40c17 (2017-12-13 18:08 UTC)
Platform Info:
  OS: Linux (x86_64-pc-linux-gnu)
  CPU: Intel(R) Xeon(R) CPU E3-1241 v3 @ 3.50GHz
  WORD_SIZE: 64
           Ubuntu 14.04.5 LTS
  uname: Linux 3.13.0-143-generic #192-Ubuntu SMP Tue Feb 27 10:45:36 UTC 2018 x86_64 x86_64
Memory: 2.939197540283203 GB (1853.6875 MB free)
Uptime: 93284.0 sec
Load Avg:  0.923828125  0.98193359375  1.0166015625
Intel(R) Xeon(R) CPU E3-1241 v3 @ 3.50GHz: 
       speed         user         nice          sys         idle          irq
#1  3499 MHz    5698094 s       6830 s     362376 s    1923192 s         78 s
#2  3499 MHz    1343695 s       2604 s     138442 s    7627454 s          2 s

  BLAS: libopenblas (USE64BITINT DYNAMIC_ARCH NO_AFFINITY Nehalem)
  LAPACK: libopenblas64_
  LIBM: libopenlibm
  LLVM: libLLVM-3.9.1 (ORCJIT, haswell)
Environment:
  TERM = vt100
  LD_LIBRARY_PATH = :/usr/local/lib/
  PATH = /usr/local/sbin:/usr/local/bin:/usr/sbin:/usr/bin:/sbin:/bin:/usr/games:/usr/local/games:/home/vagrant/julia/bin/
  JAVA_HOME = /usr/lib/jvm/java-8-openjdk-amd64
  HOME = /home/vagrant

Package Directory: /home/vagrant/.julia/v0.6
2 required packages:
 - JSON                          0.17.2
 - TypedPolynomials              0.0.1
4 additional packages:
 - Compat                        0.64.0
 - MacroTools                    0.4.0
 - MultivariatePolynomials       0.1.4
 - Nullables                     0.0.5
INFO: Computing test dependencies for TypedPolynomials...
INFO: Installing BenchmarkTools v0.3.0
INFO: Installing NBInclude v1.2.0
INFO: Testing TypedPolynomials
WARNING: could not import LinAlg.adjoint into TypedPolynomials
x * x = x^2
x ^ 3 = x^3
x * y = xy
x + z = x + z
Test Summary:    | Pass  Total
TypedPolynomials |  381    381
Test Summary:                           | Pass  Total
MultivariatePolynomials interface tests |  599    599
INFO: TypedPolynomials tests passed
INFO: Removing BenchmarkTools v0.3.0
INFO: Removing NBInclude v1.2.0

>>> End of log
