>>> 'Pkg.add("TypedTables")' log
INFO: Installing NullableArrays v0.0.10
INFO: Installing Reexport v0.0.3
INFO: Installing TypedTables v0.1.2
INFO: Package database updated

>>> 'Pkg.test("TypedTables")' log
Julia Version 0.6.0-dev.1973
Commit f4ed16b (2017-01-06 23:58 UTC)
Platform Info:
  OS: Linux (x86_64-pc-linux-gnu)
  CPU: Intel(R) Xeon(R) CPU E3-1241 v3 @ 3.50GHz
  WORD_SIZE: 64
           Ubuntu 14.04.5 LTS
  uname: Linux 3.13.0-106-generic #153-Ubuntu SMP Tue Dec 6 15:44:32 UTC 2016 x86_64 x86_64
Memory: 2.9392738342285156 GB (387.13671875 MB free)
Uptime: 28079.0 sec
Load Avg:  1.01806640625  0.955078125  0.99853515625
Intel(R) Xeon(R) CPU E3-1241 v3 @ 3.50GHz: 
       speed         user         nice          sys         idle          irq
#1  3500 MHz    1721164 s       6630 s     163729 s     580012 s         96 s
#2  3500 MHz     513004 s        273 s      83328 s    2134830 s          1 s

  BLAS: libopenblas (USE64BITINT DYNAMIC_ARCH NO_AFFINITY Nehalem)
  LAPACK: libopenblas64_
  LIBM: libopenlibm
  LLVM: libLLVM-3.9.1 (ORCJIT, haswell)
Environment:
  TERM = vt100
  LD_LIBRARY_PATH = :/usr/local/lib/
  PATH = /usr/local/sbin:/usr/local/bin:/usr/sbin:/usr/bin:/sbin:/bin:/usr/games:/usr/local/games:/home/vagrant/julia/bin/
  JAVA_HOME = /usr/lib/jvm/java-7-oracle
  HOME = /home/vagrant

Package Directory: /home/vagrant/.julia/v0.6
2 required packages:
 - JSON                          0.8.0
 - TypedTables                   0.1.2
20 additional packages:
 - BinDeps                       0.4.5
 - Calculus                      0.1.15
 - Compat                        0.10.0
 - Distributions                 0.11.1
 - GenerativeModels              0.0.0-             master (unregistered)
 - Iterators                     0.2.0
 - LaTeXStrings                  0.2.0
 - NullableArrays                0.0.10
 - PDMats                        0.5.2
 - POMDPBounds                   0.0.0-             master (unregistered)
 - POMDPModels                   0.0.0-             master (unregistered)
 - POMDPToolbox                  0.0.0-             master (unregistered)
 - POMDPs                        0.4.0
 - Reexport                      0.0.3
 - Rmath                         0.1.6
 - SHA                           0.3.0
 - StatsBase                     0.12.0
 - StatsFuns                     0.3.1
 - TikzPictures                  0.3.5
 - URIParser                     0.1.6
INFO: Computing test dependencies for TypedTables...
INFO: Installing BaseTestNext v0.2.2
INFO: Testing TypedTables
Cell:
 ┌───┐
 │ A │
 ├───┤
 │ 1 │
 └───┘
3-row Column:
    ╒═══╕
Row │ A │
    ├───┤
  1 │ 1 │
  2 │ 2 │
  3 │ 3 │
    ╘═══╛
2-column Row:
 ╓───┬────────╖
 ║ A │ B      ║
 ╟───┼────────╢
 ║ 1 │ 2.0000 ║
 ╙───┴────────╜
Introspection: Error During Test
  Test threw an exception of type MethodError
  Expression: names(@inferred(rename(r,Val{:A},Val{:A_new}))) == (:A_new,:B)
  MethodError: no method matching columnindex(::Tuple{Symbol,Symbol}, ::Symbol)
  The applicable method may be too new: running in world age 20655, while current world is 20931.
  Closest candidates are:
    columnindex{N}(::Tuple{Vararg{Symbol,N}}, ::Symbol) at /home/vagrant/.julia/v0.6/TypedTables/src/Row.jl:93 (method too new to be called from this world context.)
    columnindex{N}(::Tuple{Vararg{Symbol,N}}, ::Any) at /home/vagrant/.julia/v0.6/TypedTables/src/Row.jl:91 (method too new to be called from this world context.)
    columnindex{N,M}(::Tuple{Vararg{Symbol,N}}, !Matched::Tuple{Vararg{Symbol,M}}) at /home/vagrant/.julia/v0.6/TypedTables/src/Row.jl:101 (method too new to be called from this world context.)
  Stacktrace:
   [1] rename(...) at /home/vagrant/.julia/v0.6/TypedTables/src/Row.jl:82
   [2] macro expansion; at /home/vagrant/.julia/v0.6/TypedTables/test/test_row.jl:29 [inlined]
   [3] macro expansion; at ./test.jl:750 [inlined]
   [4] macro expansion; at /home/vagrant/.julia/v0.6/TypedTables/test/test_row.jl:0 [inlined]
   [5] macro expansion; at ./test.jl:750 [inlined]
   [6] anonymous at ./<missing>:?
Introspection: Test Failed
  Expression: @Row(A::Int64 = 1,B::Float64 = 2.0) == @Row(B::Float64 = 2.0,A::Int64 = 1)
   Evaluated: 2-column Row:
 ╓───┬────────╖
 ║ A │ B      ║
 ╟───┼────────╢
 ║ 1 │ 2.0000 ║
 ╙───┴────────╜ == 2-column Row:
 ╓────────┬───╖
 ║ B      │ A ║
 ╟────────┼───╢
 ║ 2.0000 │ 1 ║
 ╙────────┴───╜
Stacktrace:
 [1] macro expansion; at /home/vagrant/.julia/v0.6/TypedTables/test/test_row.jl:32 [inlined]
 [2] macro expansion; at ./test.jl:750 [inlined]
 [3] macro expansion; at /home/vagrant/.julia/v0.6/TypedTables/test/test_row.jl:0 [inlined]
 [4] macro expansion; at ./test.jl:750 [inlined]
 [5] anonymous at ./<missing>:?
Accessing and iterating: Error During Test
  Test threw an exception of type MethodError
  Expression: permutecols(r,Val{(:B,:A)}) == Row{(:B,:A)}((2.0,1))
  MethodError: no method matching permutator(::Tuple{Symbol,Symbol}, ::Tuple{Symbol,Symbol})
  The applicable method may be too new: running in world age 20680, while current world is 20931.
  Closest candidates are:
    permutator{N}(::Tuple{Vararg{Symbol,N}}, ::Tuple{Vararg{Symbol,N}}) at /home/vagrant/.julia/v0.6/TypedTables/src/Row.jl:168 (method too new to be called from this world context.)
  Stacktrace:
   [1] permutecols(...) at /home/vagrant/.julia/v0.6/TypedTables/src/Row.jl:160
   [2] macro expansion; at /home/vagrant/.julia/v0.6/TypedTables/test/test_row.jl:48 [inlined]
   [3] macro expansion; at ./test.jl:750 [inlined]
   [4] macro expansion; at /home/vagrant/.julia/v0.6/TypedTables/test/test_row.jl:0 [inlined]
   [5] macro expansion; at ./test.jl:750 [inlined]
   [6] anonymous at ./<missing>:?
3-row × 2-column Table:
    ╔═══╤════════╗
Row ║ A │ B      ║
    ╟───┼────────╢
  1 ║ 1 │ 2.0000 ║
  2 ║ 2 │ 4.0000 ║
  3 ║ 3 │ 6.0000 ║
    ╚═══╧════════╝
ERROR: LoadError: Some tests did not pass: 186 passed, 1 failed, 2 errored, 0 broken.
while loading /home/vagrant/.julia/v0.6/TypedTables/test/runtests.jl, in expression starting on line 11
=============================[ ERROR: TypedTables ]=============================

failed process: Process(`/home/vagrant/julia/bin/julia -Cx86-64 -J/home/vagrant/julia/lib/julia/sys.so --compile=yes --depwarn=yes --check-bounds=yes --code-coverage=none --color=no --compilecache=yes /home/vagrant/.julia/v0.6/TypedTables/test/runtests.jl`, ProcessExited(1)) [1]

================================================================================
INFO: Removing BaseTestNext v0.2.2
ERROR: TypedTables had test errors

>>> End of log
