>>> 'Pkg.add("Units")' log
INFO: Cloning cache of Units from git://github.com/timholy/Units.jl.git
INFO: Installing Units v0.2.5
INFO: Package database updated
INFO: METADATA is out-of-date a you may not have the latest version of Units
INFO: Use `Pkg.update()` to get the latest versions of your packages

>>> 'using Units' log
Julia Version 0.3.1-pre+26
Commit 91ba8a9 (2014-08-26 16:55 UTC)
Platform Info:
  System: Linux (x86_64-unknown-linux-gnu)
  CPU: Intel(R) Xeon(R) CPU E5-2650 0 @ 2.00GHz
  WORD_SIZE: 64
  BLAS: libopenblas (USE64BITINT DYNAMIC_ARCH NO_AFFINITY Sandybridge)
  LAPACK: libopenblas
  LIBM: libopenlibm
  LLVM: libLLVM-3.3
WARNING: This package is deprecated. Use SIUnits instead. See the README/homepage for information on porting your code

>>> test log
380 am
380 $mu$m
380 micrometer
32.0 F = 0.0 C
WARNING: This package is deprecated. Use SIUnits instead. See the README/homepage for information on porting your code
WARNING: @test_throws without an exception type is deprecated
	 Use @test_throws MethodError q1 / q2
 in backtrace at error.jl:30
 in include at ./boot.jl:245
 in include_from_node1 at ./loading.jl:128
 in include at ./boot.jl:245
 in include_from_node1 at loading.jl:128
 in process_options at ./client.jl:285
 in _start at ./client.jl:354
 in _start_3B_1717 at /home/idunning/julia03/usr/bin/../lib/julia/sys.so
INFO: Testing Units
INFO: Units tests passed
INFO: No packages to install, update or remove

>>> end of log
