>>> 'Pkg.add("Units")' log
INFO: Cloning cache of Units from git://github.com/timholy/Units.jl.git
INFO: Installing Units v0.2.5
INFO: Package database updated
INFO: METADATA is out-of-date — you may not have the latest version of Units
INFO: Use `Pkg.update()` to get the latest versions of your packages

>>> 'Pkg.test("Units")' log
Julia Version 0.4.0-pre+7304
Commit b3a1be5 (2015-09-05 13:59 UTC)
Platform Info:
  System: Linux (x86_64-unknown-linux-gnu)
  CPU: Intel(R) Core(TM) i5-2500K CPU @ 3.30GHz
  WORD_SIZE: 64
  BLAS: libopenblas (USE64BITINT DYNAMIC_ARCH NO_AFFINITY Sandybridge)
  LAPACK: libopenblas
  LIBM: libopenlibm
  LLVM: libLLVM-3.3
INFO: Testing Units

WARNING: deprecated syntax "{a,b, ...}" at /home/vagrant/.julia/v0.4/Units/src/Units.jl:159.
Use "Any[a,b, ...]" instead.

WARNING: deprecated syntax "(String=>Tuple)[]" at /home/vagrant/.julia/v0.4/Units/src/Units.jl:240.
Use "Dict{String,Tuple}()" instead.

WARNING: deprecated syntax "{a,b, ...}" at /home/vagrant/.julia/v0.4/Units/src/Units.jl:325.
Use "Any[a,b, ...]" instead.

WARNING: deprecated syntax "{a,b, ...}" at /home/vagrant/.julia/v0.4/Units/src/Units.jl:327.
Use "Any[a,b, ...]" instead.

WARNING: deprecated syntax "{a,b, ...}" at /home/vagrant/.julia/v0.4/Units/src/Units.jl:349.
Use "Any[a,b, ...]" instead.

WARNING: deprecated syntax "{a,b, ...}" at /home/vagrant/.julia/v0.4/Units/src/Units.jl:351.
Use "Any[a,b, ...]" instead.

WARNING: deprecated syntax "{a,b, ...}" at /home/vagrant/.julia/v0.4/Units/src/Units.jl:361.
Use "Any[a,b, ...]" instead.

WARNING: deprecated syntax "{a,b, ...}" at /home/vagrant/.julia/v0.4/Units/src/Units.jl:380.
Use "Any[a,b, ...]" instead.

WARNING: deprecated syntax "{a,b, ...}" at /home/vagrant/.julia/v0.4/Units/src/Units.jl:382.
Use "Any[a,b, ...]" instead.

WARNING: deprecated syntax "{a,b, ...}" at /home/vagrant/.julia/v0.4/Units/src/Units.jl:392.
Use "Any[a,b, ...]" instead.

WARNING: deprecated syntax "{a,b, ...}" at /home/vagrant/.julia/v0.4/Units/src/Units.jl:409.
Use "Any[a,b, ...]" instead.

WARNING: deprecated syntax "{a,b, ...}" at /home/vagrant/.julia/v0.4/Units/src/Units.jl:411.
Use "Any[a,b, ...]" instead.

WARNING: deprecated syntax "{a,b, ...}" at /home/vagrant/.julia/v0.4/Units/src/Units.jl:421.
Use "Any[a,b, ...]" instead.

WARNING: deprecated syntax "{a,b, ...}" at /home/vagrant/.julia/v0.4/Units/src/Units.jl:435.
Use "Any[a,b, ...]" instead.

WARNING: deprecated syntax "{a,b, ...}" at /home/vagrant/.julia/v0.4/Units/src/Units.jl:437.
Use "Any[a,b, ...]" instead.
WARNING: This package is deprecated. Use SIUnits instead. See the README/homepage for information on porting your code
WARNING: ntuple(n::Integer,f::Function) is deprecated, use ntuple(f,n) instead.
 in depwarn at ./deprecated.jl:73
 in ntuple at deprecated.jl:50
 in anonymous at /home/vagrant/.julia/v0.4/Units/src/Units.jl:184
 in include at ./boot.jl:260
 in include_from_node1 at ./loading.jl:271
 in require at ./loading.jl:210
 in include at ./boot.jl:260
 in include_from_node1 at ./loading.jl:271
 in include at ./boot.jl:260
 in include_from_node1 at ./loading.jl:271
 in process_options at ./client.jl:308
 in _start at ./client.jl:411
while loading /home/vagrant/.julia/v0.4/Units/src/Units.jl, in expression starting on line 136
WARNING: both Units and Base export "base"; uses of it in module Main must be qualified
ERROR: LoadError: LoadError: test error in expression: base(l) == Meter
UndefVarError: base not defined
 in anonymous at test.jl:90
 in do_test at test.jl:50
 in include at ./boot.jl:260
 in include_from_node1 at ./loading.jl:271
 in include at ./boot.jl:260
 in include_from_node1 at ./loading.jl:271
 in process_options at ./client.jl:308
 in _start at ./client.jl:411
 in anonymous at test.jl:90
 in do_test at test.jl:50
 in include at ./boot.jl:260
 in include_from_node1 at ./loading.jl:271
 in include at ./boot.jl:260
 in include_from_node1 at ./loading.jl:271
 in process_options at ./client.jl:308
 in _start at ./client.jl:411
while loading /home/vagrant/.julia/v0.4/Units/test/units.jl, in expression starting on line 6
while loading /home/vagrant/.julia/v0.4/Units/test/runtests.jl, in expression starting on line 1
================================[ ERROR: Units ]================================

failed process: Process(`/home/vagrant/julia/bin/julia --check-bounds=yes --code-coverage=none --color=no /home/vagrant/.julia/v0.4/Units/test/runtests.jl`, ProcessExited(1)) [1]

================================================================================
ERROR: Units had test errors
 in error at ./error.jl:21
 [inlined code] from pkg/entry.jl:753
 in __test#412__ at no file:0
 in test at no file
 in anonymous at pkg/dir.jl:31
 in cd at file.jl:22
 [inlined code] from pkg/dir.jl:31
 in __cd#396__ at no file:0
 in cd at no file
 in __test#420__ at no file
 in test at no file
 in process_options at ./client.jl:284
 in _start at ./client.jl:411

>>> End of log
