>>> 'Pkg.add("Units")' log
[ Info: Cloning cache of Units from https://github.com/timholy/Units.jl.git @ Base.Pkg.Cache cache.jl:43
[ Info: Installing Units v0.2.5 @ Base.Pkg.Entry entry.jl:543
[ Info: Package database updated @ Base.Pkg.Entry entry.jl:32
┌ Info: METADATA is out-of-date — you may not have the latest version of Units
│ Use `Pkg.update()` to get the latest versions of your packages
└ @ Base.Pkg.Entry entry.jl:74

>>> 'Pkg.test("Units")' log
Julia Version 0.7.0-DEV.3246
Commit 2138144d3a (2018-01-04 02:34 UTC)
Platform Info:
  OS: Linux (x86_64-pc-linux-gnu)
      Ubuntu 14.04.5 LTS
  uname: Linux 3.13.0-135-generic #184-Ubuntu SMP Wed Oct 18 11:55:51 UTC 2017 x86_64 x86_64
  CPU: Intel(R) Xeon(R) CPU E3-1241 v3 @ 3.50GHz: 
              speed         user         nice          sys         idle          irq
       #1  3507 MHz    6484322 s        155 s     322166 s    1315076 s         75 s
       #2  3507 MHz    1217004 s       5804 s     122546 s    8170907 s          1 s
       
  Memory: 2.93927001953125 GB (764.24609375 MB free)
  Uptime: 96957.0 sec
  Load Avg:  1.01025390625  1.01904296875  1.04541015625
  WORD_SIZE: 64
  BLAS: libopenblas (USE64BITINT DYNAMIC_ARCH NO_AFFINITY Nehalem)
  LAPACK: libopenblas64_
  LIBM: libopenlibm
  LLVM: libLLVM-3.9.1 (ORCJIT, haswell)
Environment:
  TERM = vt100
  LD_LIBRARY_PATH = :/usr/local/lib/
  PATH = /usr/local/sbin:/usr/local/bin:/usr/sbin:/usr/bin:/sbin:/bin:/usr/games:/usr/local/games:/home/vagrant/julia/bin/
  JAVA_HOME = /usr/lib/jvm/java-8-openjdk-amd64
  HOME = /home/vagrant
Packages:
  Package Directory: /home/vagrant/.julia/v0.7
  Package Status:
2 required packages:
 - JSON                          0.16.3
 - Units                         0.2.5
3 additional packages:
 - Compat                        0.42.0
 - Nullables                     0.0.2
 - tmpPOOpwT                     0.0.0-             non-repo (unregistered)
[ Info: Testing Units @ Base.Pkg.Entry entry.jl:723
ERROR: LoadError: LoadError: LoadError: syntax: extra token "SIPrefix" after end of expression
Stacktrace:
 [1] include at ./boot.jl:295 [inlined]
 [2] include_relative(::Module, ::String) at ./loading.jl:521
 [3] _require(::Symbol) at ./loading.jl:453
 [4] require(::Symbol) at ./loading.jl:333
 [5] include at ./boot.jl:295 [inlined]
 [6] include_relative(::Module, ::String) at ./loading.jl:521
 [7] include(::Module, ::String) at ./sysimg.jl:26
 [8] include(::String) at ./sysimg.jl:65
 [9] top-level scope
 [10] include at ./boot.jl:295 [inlined]
 [11] include_relative(::Module, ::String) at ./loading.jl:521
 [12] include(::Module, ::String) at ./sysimg.jl:26
 [13] process_options(::Base.JLOptions) at ./client.jl:323
 [14] _start() at ./client.jl:374
in expression starting at /home/vagrant/.julia/v0.7/Units/src/Units.jl:84
in expression starting at /home/vagrant/.julia/v0.7/Units/test/units.jl:1
in expression starting at /home/vagrant/.julia/v0.7/Units/test/runtests.jl:1
┌ Error: ------------------------------------------------------------
│ # Testing failed for Units
│   exception = ErrorException("failed process: Process(`/home/vagrant/julia/bin/julia -Cnative -J/home/vagrant/julia/lib/julia/sys.so --compile=yes --depwarn=yes --code-coverage=none --color=no --compiled-modules=yes --check-bounds=yes --warn-overwrite=yes --startup-file=yes /home/vagrant/.julia/v0.7/Units/test/runtests.jl`, ProcessExited(1)) [1]")
└ @ Base.Pkg.Entry entry.jl:739
ERROR: Units had test errors

>>> End of log
