>>> 'Pkg.add("UnitfulIntegration")' log
WARNING: Base.Pkg is deprecated, run `using Pkg` instead
 in module Main
[ Info: Cloning cache of UnitfulIntegration from https://github.com/ajkeller34/UnitfulIntegration.jl.git
[ Info: Installing DataStructures v0.7.4
[ Info: Installing QuadGK v0.2.0
[ Info: Installing Unitful v0.7.1
[ Info: Installing UnitfulIntegration v0.0.1
[ Info: Package database updated
┌ Info: METADATA is out-of-date — you may not have the latest version of UnitfulIntegration
└ Use `Pkg.update()` to get the latest versions of your packages

>>> 'Pkg.test("UnitfulIntegration")' log
WARNING: Base.versioninfo is deprecated: it has been moved to the standard library package `InteractiveUtils`.
Add `using InteractiveUtils` to your imports.
 in module Main
WARNING: Base.versioninfo is deprecated: it has been moved to the standard library package `InteractiveUtils`.
Add `using InteractiveUtils` to your imports.
 in module Main
Julia Version 0.7.0-DEV.4465
Commit f569ebe9bc (2018-03-04 15:47 UTC)
Platform Info:
  OS: Linux (x86_64-pc-linux-gnu)
      Ubuntu 14.04.5 LTS
  uname: Linux 3.13.0-135-generic #184-Ubuntu SMP Wed Oct 18 11:55:51 UTC 2017 x86_64 x86_64
  CPU: Intel(R) Xeon(R) CPU E3-1241 v3 @ 3.50GHz: 
              speed         user         nice          sys         idle          irq
       #1  3515 MHz    4093043 s         93 s     223139 s    1166641 s         78 s
       #2  3515 MHz     940846 s       5810 s      85803 s    5281763 s          1 s
       
  Memory: 2.93927001953125 GB (1154.765625 MB free)
  Uptime: 64295.0 sec
  Load Avg:  0.9970703125  0.998046875  0.97607421875
  WORD_SIZE: 64
  LIBM: libopenlibm
  LLVM: libLLVM-3.9.1 (ORCJIT, haswell)
Environment:
  TERM = vt100
  LD_LIBRARY_PATH = :/usr/local/lib/
  PATH = /usr/local/sbin:/usr/local/bin:/usr/sbin:/usr/bin:/sbin:/bin:/usr/games:/usr/local/games:/home/vagrant/julia/bin/
  JAVA_HOME = /usr/lib/jvm/java-8-openjdk-amd64
  HOME = /home/vagrant
Packages:
  Package Directory: /home/vagrant/.julia/v0.7
  Package Status:
2 required packages:
 - JSON                          0.17.1
 - UnitfulIntegration            0.0.1
6 additional packages:
 - Compat                        0.56.0
 - DataStructures                0.7.4
 - Nullables                     0.0.4
 - QuadGK                        0.2.0
 - Unitful                       0.7.1
 - tmpmuUYsF                     0.0.0-             non-repo (unregistered)
WARNING: Base.Pkg is deprecated, run `using Pkg` instead
 in module Main
[ Info: Testing UnitfulIntegration
┌ Warning: Deprecated syntax `parametric method syntax QuadGK.quadgk{T <: AbstractFloat, D, U}(f, a::Quantity{T, D, U}, b::Quantity{T, D, U}, c::Quantity{T, D, U}...; abstol = NaN, reltol = sqrt(eps(T)), maxevals = (10 ^ 7), order = 7, norm = vecnorm)` around /home/vagrant/.julia/v0.7/UnitfulIntegration/src/UnitfulIntegration.jl:20.
│ Use `QuadGK.quadgk(f, a::Quantity{T, D, U}, b::Quantity{T, D, U}, c::Quantity{T, D, U}...; abstol = NaN, reltol = sqrt(eps(T)), maxevals = (10 ^ 7), order = 7, norm = vecnorm) where {T <: AbstractFloat, D, U}` instead.
└ @ nothing UnitfulIntegration.jl:20
┌ Warning: Deprecated syntax `parametric method syntax QuadGK.quadgk{T <: AbstractFloat, D, U}(f, a::Quantity{Complex{T}, D, U}, b::Quantity{Complex{T}, D, U}, c::Quantity{Complex{T}, D, U}...; abstol = NaN, reltol = sqrt(eps(T)), maxevals = (10 ^ 7), order = 7, norm = vecnorm)` around /home/vagrant/.julia/v0.7/UnitfulIntegration/src/UnitfulIntegration.jl:30.
│ Use `QuadGK.quadgk(f, a::Quantity{Complex{T}, D, U}, b::Quantity{Complex{T}, D, U}, c::Quantity{Complex{T}, D, U}...; abstol = NaN, reltol = sqrt(eps(T)), maxevals = (10 ^ 7), order = 7, norm = vecnorm) where {T <: AbstractFloat, D, U}` instead.
└ @ nothing UnitfulIntegration.jl:30
┌ Warning: Deprecated syntax `parametric method syntax _do_quadgk{Tw, T <: Real, D, U}(f, s::Array{Quantity{T, D, U}, 1}, n, ::Type{Tw}, abstol, reltol, maxevals, nrm)` around /home/vagrant/.julia/v0.7/UnitfulIntegration/src/UnitfulIntegration.jl:41.
│ Use `_do_quadgk(f, s::Array{Quantity{T, D, U}, 1}, n, #unused#::Type{Tw}, abstol, reltol, maxevals, nrm) where {Tw, T <: Real, D, U}` instead.
└ @ nothing UnitfulIntegration.jl:41
┌ Warning: Deprecated syntax `parametric method syntax _do_quadgk{Tw}(f, s, n, ::Type{Tw}, abstol, reltol, maxevals, nrm)` around /home/vagrant/.julia/v0.7/UnitfulIntegration/src/UnitfulIntegration.jl:67.
│ Use `_do_quadgk(f, s, n, #unused#::Type{Tw}, abstol, reltol, maxevals, nrm) where Tw` instead.
└ @ nothing UnitfulIntegration.jl:67
WARNING: Base.Test is deprecated, run `using Test` instead
  likely near /home/vagrant/.julia/v0.7/UnitfulIntegration/test/runtests.jl:2
WARNING: importing deprecated binding Base.vecnorm into QuadGK.
WARNING: Base.vecnorm is deprecated: it has been moved to the standard library package `LinearAlgebra`.
Add `using LinearAlgebra` to your imports.
  likely near /home/vagrant/.julia/v0.7/UnitfulIntegration/test/runtests.jl:9
WARNING: importing deprecated binding Base.SymTridiagonal into QuadGK.
WARNING: Base.SymTridiagonal is deprecated: it has been moved to the standard library package `LinearAlgebra`.
Add `using LinearAlgebra` to your imports.
  likely near /home/vagrant/.julia/v0.7/UnitfulIntegration/test/runtests.jl:9
WARNING: importing deprecated binding Base.eigvals into QuadGK.
WARNING: Base.eigvals is deprecated: it has been moved to the standard library package `LinearAlgebra`.
Add `using LinearAlgebra` to your imports.
  likely near /home/vagrant/.julia/v0.7/UnitfulIntegration/test/runtests.jl:9
WARNING: Base.SymTridiagonal is deprecated: it has been moved to the standard library package `LinearAlgebra`.
Add `using LinearAlgebra` to your imports.
  likely near /home/vagrant/.julia/v0.7/UnitfulIntegration/test/runtests.jl:9
WARNING: Base.SymTridiagonal is deprecated: it has been moved to the standard library package `LinearAlgebra`.
Add `using LinearAlgebra` to your imports.
  likely near /home/vagrant/.julia/v0.7/UnitfulIntegration/test/runtests.jl:9
WARNING: Base.eigvals is deprecated: it has been moved to the standard library package `LinearAlgebra`.
Add `using LinearAlgebra` to your imports.
  likely near /home/vagrant/.julia/v0.7/UnitfulIntegration/test/runtests.jl:9
WARNING: importing deprecated binding Base.scale! into QuadGK.
WARNING: Base.scale! is deprecated: it has been moved to the standard library package `LinearAlgebra`.
Add `using LinearAlgebra` to your imports.
  likely near /home/vagrant/.julia/v0.7/UnitfulIntegration/test/runtests.jl:9
WARNING: Base.scale! is deprecated: it has been moved to the standard library package `LinearAlgebra`.
Add `using LinearAlgebra` to your imports.
  likely near /home/vagrant/.julia/v0.7/UnitfulIntegration/test/runtests.jl:9
WARNING: Base.vecnorm is deprecated: it has been moved to the standard library package `LinearAlgebra`.
Add `using LinearAlgebra` to your imports.
  likely near /home/vagrant/.julia/v0.7/UnitfulIntegration/test/runtests.jl:9
WARNING: Base.vecnorm is deprecated: it has been moved to the standard library package `LinearAlgebra`.
Add `using LinearAlgebra` to your imports.
  likely near /home/vagrant/.julia/v0.7/UnitfulIntegration/test/runtests.jl:9
WARNING: Base.eigvals is deprecated: it has been moved to the standard library package `LinearAlgebra`.
Add `using LinearAlgebra` to your imports.
  likely near /home/vagrant/.julia/v0.7/UnitfulIntegration/test/runtests.jl:9
in eignewt at /home/vagrant/.julia/v0.7/QuadGK/src/QuadGK.jl
WARNING: Base.scale! is deprecated: it has been moved to the standard library package `LinearAlgebra`.
Add `using LinearAlgebra` to your imports.
  likely near /home/vagrant/.julia/v0.7/UnitfulIntegration/test/runtests.jl:9
in eigvec1 at /home/vagrant/.julia/v0.7/QuadGK/src/QuadGK.jl
WARNING: importing deprecated binding Base.vecnorm into UnitfulIntegration.
WARNING: Base.vecnorm is deprecated: it has been moved to the standard library package `LinearAlgebra`.
Add `using LinearAlgebra` to your imports.
  likely near /home/vagrant/.julia/v0.7/UnitfulIntegration/test/runtests.jl:12
WARNING: Base.vecnorm is deprecated: it has been moved to the standard library package `LinearAlgebra`.
Add `using LinearAlgebra` to your imports.
  likely near /home/vagrant/.julia/v0.7/UnitfulIntegration/test/runtests.jl:12
WARNING: Base.vecnorm is deprecated: it has been moved to the standard library package `LinearAlgebra`.
Add `using LinearAlgebra` to your imports.
  likely near /home/vagrant/.julia/v0.7/UnitfulIntegration/test/runtests.jl:12
WARNING: Base.vecnorm is deprecated: it has been moved to the standard library package `LinearAlgebra`.
Add `using LinearAlgebra` to your imports.
  likely near /home/vagrant/.julia/v0.7/UnitfulIntegration/test/runtests.jl:21
WARNING: Base.vecnorm is deprecated: it has been moved to the standard library package `LinearAlgebra`.
Add `using LinearAlgebra` to your imports.
  likely near /home/vagrant/.julia/v0.7/UnitfulIntegration/test/runtests.jl:21
WARNING: Base.vecnorm is deprecated: it has been moved to the standard library package `LinearAlgebra`.
Add `using LinearAlgebra` to your imports.
  likely near /home/vagrant/.julia/v0.7/UnitfulIntegration/test/runtests.jl:21
WARNING: Base.vecnorm is deprecated: it has been moved to the standard library package `LinearAlgebra`.
Add `using LinearAlgebra` to your imports.
  likely near /home/vagrant/.julia/v0.7/UnitfulIntegration/test/runtests.jl:29
WARNING: Base.vecnorm is deprecated: it has been moved to the standard library package `LinearAlgebra`.
Add `using LinearAlgebra` to your imports.
  likely near /home/vagrant/.julia/v0.7/UnitfulIntegration/test/runtests.jl:29
WARNING: Base.vecnorm is deprecated: it has been moved to the standard library package `LinearAlgebra`.
Add `using LinearAlgebra` to your imports.
  likely near /home/vagrant/.julia/v0.7/UnitfulIntegration/test/runtests.jl:29
WARNING: Base.vecnorm is deprecated: it has been moved to the standard library package `LinearAlgebra`.
Add `using LinearAlgebra` to your imports.
  likely near /home/vagrant/.julia/v0.7/UnitfulIntegration/test/runtests.jl:29
WARNING: Base.vecnorm is deprecated: it has been moved to the standard library package `LinearAlgebra`.
Add `using LinearAlgebra` to your imports.
  likely near /home/vagrant/.julia/v0.7/UnitfulIntegration/test/runtests.jl:29
[ Info: UnitfulIntegration tests passed

>>> End of log
