>>> 'Pkg.add("Unrolled")' log
INFO: Cloning cache of Unrolled from https://github.com/cstjean/Unrolled.jl.git
INFO: Installing MacroTools v0.4.0
INFO: Installing Unrolled v0.0.1
INFO: Package database updated
INFO: METADATA is out-of-date — you may not have the latest version of Unrolled
INFO: Use `Pkg.update()` to get the latest versions of your packages

>>> 'Pkg.test("Unrolled")' log
Julia Version 0.6.1
Commit 0d7248e2ff (2017-10-24 22:15 UTC)
Platform Info:
  OS: Linux (x86_64-pc-linux-gnu)
  CPU: Intel(R) Xeon(R) CPU E3-1241 v3 @ 3.50GHz
  WORD_SIZE: 64
           Ubuntu 14.04.5 LTS
  uname: Linux 3.13.0-135-generic #184-Ubuntu SMP Wed Oct 18 11:55:51 UTC 2017 x86_64 x86_64
Memory: 2.93927001953125 GB (1484.359375 MB free)
Uptime: 98215.0 sec
Load Avg:  0.9970703125  0.998046875  0.9921875
Intel(R) Xeon(R) CPU E3-1241 v3 @ 3.50GHz: 
       speed         user         nice          sys         idle          irq
#1  3499 MHz    6566904 s         59 s     287772 s    1391359 s         81 s
#2  3499 MHz    1365358 s       6487 s     131716 s    8156083 s          0 s

  BLAS: libopenblas (USE64BITINT DYNAMIC_ARCH NO_AFFINITY Nehalem)
  LAPACK: libopenblas64_
  LIBM: libopenlibm
  LLVM: libLLVM-3.9.1 (ORCJIT, haswell)
Environment:
  TERM = vt100
  LD_LIBRARY_PATH = :/usr/local/lib/
  PATH = /usr/local/sbin:/usr/local/bin:/usr/sbin:/usr/bin:/sbin:/bin:/usr/games:/usr/local/games:/home/vagrant/julia/bin/
  JAVA_HOME = /usr/lib/jvm/java-8-openjdk-amd64
  HOME = /home/vagrant

Package Directory: /home/vagrant/.julia/v0.6
2 required packages:
 - JSON                          0.16.1
 - Unrolled                      0.0.1
2 additional packages:
 - Compat                        0.37.0
 - MacroTools                    0.4.0
INFO: Computing test dependencies for Unrolled...
INFO: Installing QuickTypes v0.2.0
INFO: Installing StaticArrays v0.6.6
INFO: Testing Unrolled
INFO: Unrolled tests passed
INFO: Removing QuickTypes v0.2.0
INFO: Removing StaticArrays v0.6.6

>>> End of log
