>>> 'Pkg.add("UnsafeArrays")' log
WARNING: Base.Pkg is deprecated, run `using Pkg` instead
 in module Main
[ Info: Cloning cache of UnsafeArrays from https://github.com/oschulz/UnsafeArrays.jl.git
[ Info: Installing UnsafeArrays v0.1.0
[ Info: Package database updated

>>> 'Pkg.test("UnsafeArrays")' log
WARNING: Base.versioninfo is deprecated: it has been moved to the standard library package `InteractiveUtils`.
Add `using InteractiveUtils` to your imports.
 in module Main
WARNING: Base.versioninfo is deprecated: it has been moved to the standard library package `InteractiveUtils`.
Add `using InteractiveUtils` to your imports.
 in module Main
Julia Version 0.7.0-DEV.4959
Commit 509d6a1a88 (2018-04-27 21:12 UTC)
Platform Info:
  OS: Linux (x86_64-pc-linux-gnu)
      Ubuntu 14.04.5 LTS
  uname: Linux 3.13.0-143-generic #192-Ubuntu SMP Tue Feb 27 10:45:36 UTC 2018 x86_64 x86_64
  CPU: Intel(R) Xeon(R) CPU E3-1241 v3 @ 3.50GHz: 
              speed         user         nice          sys         idle          irq
       #1  3511 MHz    5109116 s       4192 s     395745 s    1468892 s         76 s
       #2  3511 MHz    1112620 s       5207 s     123247 s    6785448 s          3 s
       
  Memory: 2.939197540283203 GB (925.78125 MB free)
  Uptime: 82099.0 sec
  Load Avg:  1.1298828125  1.0185546875  0.96533203125
  WORD_SIZE: 64
  LIBM: libopenlibm
  LLVM: libLLVM-3.9.1 (ORCJIT, haswell)
Environment:
  TERM = vt100
  LD_LIBRARY_PATH = :/usr/local/lib/
  PATH = /usr/local/sbin:/usr/local/bin:/usr/sbin:/usr/bin:/sbin:/bin:/usr/games:/usr/local/games:/home/vagrant/julia/bin/
  JAVA_HOME = /usr/lib/jvm/java-8-openjdk-amd64
  HOME = /home/vagrant
Packages:
  Package Directory: /home/vagrant/.julia/v0.7
  Package Status:
5 required packages:
 - Conda                         0.7.1
 - JSON                          0.17.2
 - PyCall                        1.16.0
 - PyPlot                        2.5.0
 - UnsafeArrays                  0.1.0
13 additional packages:
 - BinDeps                       0.8.8
 - ColorTypes                    0.6.7
 - Colors                        0.8.2
 - Compat                        0.64.0
 - FixedPointNumbers             0.4.6
 - LaTeXStrings                  0.3.0
 - MacroTools                    0.4.0
 - Nullables                     0.0.5
 - Reexport                      0.1.0
 - SHA                           0.5.7
 - URIParser                     0.3.1
 - VersionParsing                1.1.0
 - tmpDpr733                     0.0.0-             non-repo (unregistered)
WARNING: Base.Pkg is deprecated, run `using Pkg` instead
 in module Main
[ Info: Testing UnsafeArrays
Test Summary:        | Pass  Total
Package UnsafeArrays |  161    161
[ Info: UnsafeArrays tests passed

>>> End of log
