>>> 'Pkg.add("URITemplate")' log
INFO: Cloning cache of URITemplate from git://github.com/JuliaWeb/URITemplate.jl.git
INFO: Installing URITemplate v0.0.1
INFO: Package database updated
INFO: METADATA is out-of-date — you may not have the latest version of URITemplate
INFO: Use `Pkg.update()` to get the latest versions of your packages

>>> 'Pkg.test("URITemplate")' log
Julia Version 0.4.0-rc4
Commit e9c9c92* (2015-10-04 03:14 UTC)
Platform Info:
  System: Linux (x86_64-unknown-linux-gnu)
  CPU: Intel(R) Xeon(R) CPU E3-1241 v3 @ 3.50GHz
  WORD_SIZE: 64
  BLAS: libopenblas (USE64BITINT DYNAMIC_ARCH NO_AFFINITY Nehalem)
  LAPACK: libopenblas64_
  LIBM: libopenlibm
  LLVM: libLLVM-3.3
INFO: Testing URITemplate
WARNING: Base.Uint8 is deprecated, use UInt8 instead.
WARNING: Base.String is deprecated, use AbstractString instead.
WARNING: Base.String is deprecated, use AbstractString instead.
WARNING: Base.String is deprecated, use AbstractString instead.

WARNING: deprecated syntax "{a=>b, ...}" at /home/vagrant/.julia/v0.4/URITemplate/test/runtests.jl:5.
Use "Dict{Any,Any}(a=>b, ...)" instead.
WARNING: Base.String is deprecated, use AbstractString instead.
WARNING: Base.String is deprecated, use AbstractString instead.
WARNING: Base.String is deprecated, use AbstractString instead.
WARNING: Base.String is deprecated, use AbstractString instead.
WARNING: Base.String is deprecated, use AbstractString instead.
WARNING: Base.String is deprecated, use AbstractString instead.
WARNING: Base.String is deprecated, use AbstractString instead.
WARNING: Base.String is deprecated, use AbstractString instead.
WARNING: Base.String is deprecated, use AbstractString instead.
WARNING: Base.String is deprecated, use AbstractString instead.
WARNING: Base.String is deprecated, use AbstractString instead.
WARNING: Base.String is deprecated, use AbstractString instead.
WARNING: Base.String is deprecated, use AbstractString instead.
WARNING: Base.String is deprecated, use AbstractString instead.
WARNING: Base.String is deprecated, use AbstractString instead.
WARNING: Base.String is deprecated, use AbstractString instead.
WARNING: Base.String is deprecated, use AbstractString instead.
WARNING: Base.String is deprecated, use AbstractString instead.
WARNING: Base.String is deprecated, use AbstractString instead.
WARNING: Base.String is deprecated, use AbstractString instead.
WARNING: Base.String is deprecated, use AbstractString instead.
WARNING: Base.String is deprecated, use AbstractString instead.
WARNING: Base.String is deprecated, use AbstractString instead.
in expand at /home/vagrant/.julia/v0.4/URITemplate/src/URITemplate.jl:68
WARNING: Base.String is deprecated, use AbstractString instead.
in expand at /home/vagrant/.julia/v0.4/URITemplate/src/URITemplate.jl:68
WARNING: Base.String is deprecated, use AbstractString instead.
in expand at /home/vagrant/.julia/v0.4/URITemplate/src/URITemplate.jl:68
WARNING: Base.String is deprecated, use AbstractString instead.
in expand at /home/vagrant/.julia/v0.4/URITemplate/src/URITemplate.jl:220
WARNING: Base.String is deprecated, use AbstractString instead.
in expand at /home/vagrant/.julia/v0.4/URITemplate/src/URITemplate.jl:220
WARNING: Base.String is deprecated, use AbstractString instead.
in expand at /home/vagrant/.julia/v0.4/URITemplate/src/URITemplate.jl:220
ERROR: LoadError: test error in expression: expand("{var}",l1) == "value"
MethodError: `convert` has no method matching convert(::Type{Pair{Any,Any}}, ::Int64)
This may have arisen from a call to the constructor Pair{Any,Any}(...),
since type constructors fall back to convert methods.
Closest candidates are:
  Pair{A,B}(::Any, !Matched::Any)
  call{T}(::Type{T}, ::Any)
  convert{T}(::Type{T}, !Matched::T)
 in getindex at array.jl:167
 in expand at /home/vagrant/.julia/v0.4/URITemplate/src/URITemplate.jl:68
 in anonymous at test.jl:90
 in do_test at test.jl:50
 in include at ./boot.jl:261
 in include_from_node1 at ./loading.jl:304
 in process_options at ./client.jl:308
 in _start at ./client.jl:411
 in getindex at array.jl:167
 in expand at /home/vagrant/.julia/v0.4/URITemplate/src/URITemplate.jl:68
 in anonymous at test.jl:90
 in do_test at test.jl:50
 in include at ./boot.jl:261
 in include_from_node1 at ./loading.jl:304
 in process_options at ./client.jl:308
 in _start at ./client.jl:411
while loading /home/vagrant/.julia/v0.4/URITemplate/test/runtests.jl, in expression starting on line 6
=============================[ ERROR: URITemplate ]=============================

failed process: Process(`/home/vagrant/julia/bin/julia --check-bounds=yes --code-coverage=none --color=no /home/vagrant/.julia/v0.4/URITemplate/test/runtests.jl`, ProcessExited(1)) [1]

================================================================================
ERROR: URITemplate had test errors
 in error at ./error.jl:21
 in test at pkg/entry.jl:753
 in anonymous at pkg/dir.jl:31
 in cd at file.jl:22
 in cd at pkg/dir.jl:31
 in test at pkg.jl:71
 in process_options at ./client.jl:284
 in _start at ./client.jl:411

>>> End of log
