>>> 'Pkg.add("URLParse")' log
INFO: Cloning cache of URLParse from git://github.com/tanmaykm/URLParse.jl.git
INFO: Installing URLParse v0.0.0
INFO: Package database updated
INFO: METADATA is out-of-date — you may not have the latest version of URLParse
INFO: Use `Pkg.update()` to get the latest versions of your packages

>>> 'Pkg.test("URLParse")' log
Julia Version 0.4.0-dev+6253
Commit a97b24b (2015-07-26 15:40 UTC)
Platform Info:
  System: Linux (x86_64-unknown-linux-gnu)
  CPU: Intel(R) Core(TM) i7-4960HQ CPU @ 2.60GHz
  WORD_SIZE: 64
  BLAS: libopenblas (USE64BITINT DYNAMIC_ARCH NO_AFFINITY Nehalem)
  LAPACK: libopenblas
  LIBM: libopenlibm
  LLVM: libLLVM-3.3
INFO: Testing URLParse
WARNING: The URLParse.jl package has been deprecated in favour of JuliaWeb/URIParser.jl
https://github.com/JuliaWeb/URIParser.jl
As of Julia 0.4 this package will no longer be installable 
through `Pkg.add`. Please convert your code accordingly.
WARNING: parseint(s,base) is deprecated, use parse(Int,s,base) instead.
 in depwarn at ./deprecated.jl:63
 in parseint at deprecated.jl:49
 in include at ./boot.jl:254
 in include_from_node1 at ./loading.jl:197
 in include at ./boot.jl:254
 in include_from_node1 at ./loading.jl:197
 in require at ./loading.jl:146
 in include at ./boot.jl:254
 in include_from_node1 at ./loading.jl:197
 in process_options at ./client.jl:308
 in _start at ./client.jl:411
while loading /home/vagrant/.julia/v0.4/URLParse/src/urlescape.jl, in expression starting on line 23
WARNING: [a] concatenation is deprecated; use collect(a) instead
 in depwarn at ./deprecated.jl:63
 in oldstyle_vcat_warning at ./abstractarray.jl:29
 in vect at abstractarray.jl:32
 in include at ./boot.jl:254
 in include_from_node1 at ./loading.jl:197
 in include at ./boot.jl:254
 in include_from_node1 at ./loading.jl:197
 in require at ./loading.jl:146
 in include at ./boot.jl:254
 in include_from_node1 at ./loading.jl:197
 in process_options at ./client.jl:308
 in _start at ./client.jl:411
while loading /home/vagrant/.julia/v0.4/URLParse/src/urlescape.jl, in expression starting on line 23
WARNING: [a] concatenation is deprecated; use collect(a) instead
 in depwarn at ./deprecated.jl:63
 in oldstyle_vcat_warning at ./abstractarray.jl:29
 in vect at abstractarray.jl:32
 in include at ./boot.jl:254
 in include_from_node1 at ./loading.jl:197
 in include at ./boot.jl:254
 in include_from_node1 at ./loading.jl:197
 in require at ./loading.jl:146
 in include at ./boot.jl:254
 in include_from_node1 at ./loading.jl:197
 in process_options at ./client.jl:308
 in _start at ./client.jl:411
while loading /home/vagrant/.julia/v0.4/URLParse/src/urlescape.jl, in expression starting on line 28
ERROR: LoadError: LoadError: TypeError: apply_type: in Dict, expected Type{T}, got Tuple{DataType,DataType,DataType}
 in include at ./boot.jl:254
 in include_from_node1 at ./loading.jl:197
 in require at ./loading.jl:146
 in include at ./boot.jl:254
 in include_from_node1 at ./loading.jl:197
 in process_options at ./client.jl:308
 in _start at ./client.jl:411
while loading /home/vagrant/.julia/v0.4/URLParse/src/URLParse.jl, in expression starting on line 53
while loading /home/vagrant/.julia/v0.4/URLParse/test/runtests.jl, in expression starting on line 1
==============================[ ERROR: URLParse ]===============================

failed process: Process(`/home/vagrant/julia/bin/julia --check-bounds=yes --code-coverage=none --color=no /home/vagrant/.julia/v0.4/URLParse/test/runtests.jl`, ProcessExited(1)) [1]

================================================================================
INFO: No packages to install, update or remove
ERROR: URLParse had test errors
 in error at ./error.jl:21
 in test at pkg/entry.jl:746
 in anonymous at pkg/dir.jl:31
 in cd at file.jl:22
 in cd at pkg/dir.jl:31
 in test at pkg.jl:71
 in process_options at ./client.jl:284
 in _start at ./client.jl:411

>>> End of log
