>>> 'Pkg.add("ValueHistories")' log
WARNING: Base.Pkg is deprecated, run `using Pkg` instead
 in module Main
[ Info: Cloning cache of ValueHistories from https://github.com/JuliaML/ValueHistories.jl.git
[ Info: Installing DataStructures v0.7.4
[ Info: Installing RecipesBase v0.2.3
[ Info: Installing ValueHistories v0.4.0
[ Info: Package database updated
┌ Info: METADATA is out-of-date — you may not have the latest version of ValueHistories
└ Use `Pkg.update()` to get the latest versions of your packages

>>> 'Pkg.test("ValueHistories")' log
WARNING: Base.versioninfo is deprecated: it has been moved to the standard library package `InteractiveUtils`.
Add `using InteractiveUtils` to your imports.
 in module Main
WARNING: Base.versioninfo is deprecated: it has been moved to the standard library package `InteractiveUtils`.
Add `using InteractiveUtils` to your imports.
 in module Main
Julia Version 0.7.0-DEV.4854
Commit 18ac6e6aa4 (2018-04-10 22:31 UTC)
Platform Info:
  OS: Linux (x86_64-pc-linux-gnu)
      Ubuntu 14.04.5 LTS
  uname: Linux 3.13.0-143-generic #192-Ubuntu SMP Tue Feb 27 10:45:36 UTC 2018 x86_64 x86_64
  CPU: Intel(R) Xeon(R) CPU E3-1241 v3 @ 3.50GHz: 
              speed         user         nice          sys         idle          irq
       #1  3498 MHz    5172749 s       1719 s     382786 s    1579244 s         95 s
       #2  3498 MHz    1237043 s       5324 s     128138 s    6830553 s          2 s
       
  Memory: 2.939197540283203 GB (715.76953125 MB free)
  Uptime: 83910.0 sec
  Load Avg:  0.9228515625  0.96875  0.9521484375
  WORD_SIZE: 64
  LIBM: libopenlibm
  LLVM: libLLVM-3.9.1 (ORCJIT, haswell)
Environment:
  TERM = vt100
  LD_LIBRARY_PATH = :/usr/local/lib/
  PATH = /usr/local/sbin:/usr/local/bin:/usr/sbin:/usr/bin:/sbin:/bin:/usr/games:/usr/local/games:/home/vagrant/julia/bin/
  JAVA_HOME = /usr/lib/jvm/java-8-openjdk-amd64
  HOME = /home/vagrant
Packages:
  Package Directory: /home/vagrant/.julia/v0.7
  Package Status:
5 required packages:
 - Conda                         0.7.1
 - JSON                          0.17.2
 - PyCall                        1.15.0
 - PyPlot                        2.5.0
 - ValueHistories                0.4.0
14 additional packages:
 - BinDeps                       0.8.7
 - ColorTypes                    0.6.7
 - Colors                        0.8.2
 - Compat                        0.63.0
 - DataStructures                0.7.4
 - FixedPointNumbers             0.4.6
 - LaTeXStrings                  0.3.0
 - MacroTools                    0.4.0
 - Nullables                     0.0.5
 - RecipesBase                   0.2.3
 - Reexport                      0.1.0
 - SHA                           0.5.6
 - URIParser                     0.3.1
 - tmpYJ0puZ                     0.0.0-             non-repo (unregistered)
WARNING: Base.Pkg is deprecated, run `using Pkg` instead
 in module Main
[ Info: Testing ValueHistories
WARNING: Base.Test is deprecated, run `using Test` instead
  likely near /home/vagrant/.julia/v0.7/ValueHistories/test/runtests.jl:2
┌ Warning: `Array{T}(m::Int) where T` is deprecated, use `Array{T}(undef, m)` instead.
│   caller = Type at history.jl:7 [inlined]
└ @ Core history.jl:7
┌ Warning: `Array{T}(m::Int) where T` is deprecated, use `Array{T}(undef, m)` instead.
│   caller = Type at history.jl:7 [inlined]
└ @ Core history.jl:7
100 elements {Int64,Float64}
History
  * types: Int64, Float64
  * length: 100
┌ Warning: `a::AbstractArray + b::Number` is deprecated, use `broadcast(+, a, b)` instead.
│   caller = macro expansion at tst_history.jl:44 [inlined]
└ @ Core tst_history.jl:44
┌ Warning: `Array{T}(m::Int) where T` is deprecated, use `Array{T}(undef, m)` instead.
│   caller = History(::Type{String}, ::Type{UInt8}) at history.jl:7
└ @ ValueHistories history.jl:7
┌ Warning: `Array{T}(m::Int) where T` is deprecated, use `Array{T}(undef, m)` instead.
│   caller = History(::Type{String}, ::Type{UInt8}) at history.jl:7
└ @ ValueHistories history.jl:7
History
  * types: UInt8, String
  * length: 100
WARNING: Base.uninitialized is deprecated, use undef instead.
  likely near /home/vagrant/.julia/v0.7/ValueHistories/test/tst_history.jl:1
WARNING: Base.uninitialized is deprecated, use undef instead.
  likely near /home/vagrant/.julia/v0.7/ValueHistories/test/tst_history.jl:1
WARNING: Base.uninitialized is deprecated, use undef instead.
  likely near /home/vagrant/.julia/v0.7/ValueHistories/test/tst_history.jl:1
WARNING: Base.uninitialized is deprecated, use undef instead.
  likely near /home/vagrant/.julia/v0.7/ValueHistories/test/tst_history.jl:1
WARNING: Base.uninitialized is deprecated, use undef instead.
  likely near /home/vagrant/.julia/v0.7/ValueHistories/test/tst_history.jl:1
WARNING: Base.uninitialized is deprecated, use undef instead.
  likely near /home/vagrant/.julia/v0.7/ValueHistories/test/tst_history.jl:1
WARNING: Base.uninitialized is deprecated, use undef instead.
  likely near /home/vagrant/.julia/v0.7/ValueHistories/test/tst_history.jl:1
WARNING: Base.uninitialized is deprecated, use undef instead.
  likely near /home/vagrant/.julia/v0.7/ValueHistories/test/tst_history.jl:1
WARNING: Base.uninitialized is deprecated, use undef instead.
  likely near /home/vagrant/.julia/v0.7/ValueHistories/test/tst_history.jl:1
100 elements {Int64,Float64}
QHistory
    types: Int64, Float64
    length: 100
┌ Warning: `Array{T}(m::Int) where T` is deprecated, use `Array{T}(undef, m)` instead.
│   caller = get(::QHistory{Int64,Float64}) at qhistory.jl:42
└ @ ValueHistories qhistory.jl:42
WARNING: Base.uninitialized is deprecated, use undef instead.
  likely near /home/vagrant/.julia/v0.7/ValueHistories/test/tst_history.jl:1
WARNING: Base.uninitialized is deprecated, use undef instead.
  likely near /home/vagrant/.julia/v0.7/ValueHistories/test/tst_history.jl:1
WARNING: Base.uninitialized is deprecated, use undef instead.
  likely near /home/vagrant/.julia/v0.7/ValueHistories/test/tst_history.jl:1
WARNING: Base.uninitialized is deprecated, use undef instead.
  likely near /home/vagrant/.julia/v0.7/ValueHistories/test/tst_history.jl:1
WARNING: Base.uninitialized is deprecated, use undef instead.
  likely near /home/vagrant/.julia/v0.7/ValueHistories/test/tst_history.jl:1
WARNING: Base.uninitialized is deprecated, use undef instead.
  likely near /home/vagrant/.julia/v0.7/ValueHistories/test/tst_history.jl:1
WARNING: Base.uninitialized is deprecated, use undef instead.
  likely near /home/vagrant/.julia/v0.7/ValueHistories/test/tst_history.jl:1
WARNING: Base.uninitialized is deprecated, use undef instead.
  likely near /home/vagrant/.julia/v0.7/ValueHistories/test/tst_history.jl:1
WARNING: Base.uninitialized is deprecated, use undef instead.
  likely near /home/vagrant/.julia/v0.7/ValueHistories/test/tst_history.jl:1
QHistory
    types: UInt8, String
    length: 100
┌ Warning: `Array{T}(m::Int) where T` is deprecated, use `Array{T}(undef, m)` instead.
│   caller = get(::QHistory{UInt8,String}) at qhistory.jl:42
└ @ ValueHistories qhistory.jl:42
Test Summary:       | Pass  Total
[->] tst_history.jl | 1028   1028
┌ Warning: `Array{T}(m::Int) where T` is deprecated, use `Array{T}(undef, m)` instead.
│   caller = Type at history.jl:7 [inlined]
└ @ Core history.jl:7
┌ Warning: `Array{T}(m::Int) where T` is deprecated, use `Array{T}(undef, m)` instead.
│   caller = Type at history.jl:7 [inlined]
└ @ Core history.jl:7
┌ Warning: `Array{T}(m::Int) where T` is deprecated, use `Array{T}(undef, m)` instead.
│   caller = Type at history.jl:7 [inlined]
└ @ Core history.jl:7
┌ Warning: `Array{T}(m::Int) where T` is deprecated, use `Array{T}(undef, m)` instead.
│   caller = Type at history.jl:7 [inlined]
└ @ Core history.jl:7
MVHistory{History}
  :myint2 => 5 elements {Int64,Int64}
  :myf => 56 elements {Int64,Int64}
  :myint => 5 elements {Int64,Int64}
MVHistory{History}
  :myint2 => 5 elements {Int64,Int64}
  :myf => 56 elements {Int64,Int64}
  :myint => 5 elements {Int64,Int64}
┌ Warning: `Array{T}(m::Int) where T` is deprecated, use `Array{T}(undef, m)` instead.
│   caller = get(::MVHistory{History}, ::Symbol) at mvhistory.jl:57
└ @ ValueHistories mvhistory.jl:57
┌ Warning: `a::AbstractArray + b::Number` is deprecated, use `broadcast(+, a, b)` instead.
│   caller = macro expansion at tst_mvhistory.jl:47 [inlined]
└ @ Core tst_mvhistory.jl:47
WARNING: Base.uninitialized is deprecated, use undef instead.
  likely near /home/vagrant/.julia/v0.7/ValueHistories/test/tst_mvhistory.jl:54
WARNING: Base.uninitialized is deprecated, use undef instead.
  likely near /home/vagrant/.julia/v0.7/ValueHistories/test/tst_mvhistory.jl:54
WARNING: Base.uninitialized is deprecated, use undef instead.
  likely near /home/vagrant/.julia/v0.7/ValueHistories/test/tst_mvhistory.jl:54
WARNING: Base.uninitialized is deprecated, use undef instead.
  likely near /home/vagrant/.julia/v0.7/ValueHistories/test/tst_mvhistory.jl:54
WARNING: Base.uninitialized is deprecated, use undef instead.
  likely near /home/vagrant/.julia/v0.7/ValueHistories/test/tst_mvhistory.jl:54
WARNING: Base.uninitialized is deprecated, use undef instead.
  likely near /home/vagrant/.julia/v0.7/ValueHistories/test/tst_mvhistory.jl:54
WARNING: Base.uninitialized is deprecated, use undef instead.
  likely near /home/vagrant/.julia/v0.7/ValueHistories/test/tst_mvhistory.jl:54
WARNING: Base.uninitialized is deprecated, use undef instead.
  likely near /home/vagrant/.julia/v0.7/ValueHistories/test/tst_mvhistory.jl:54
WARNING: Base.uninitialized is deprecated, use undef instead.
  likely near /home/vagrant/.julia/v0.7/ValueHistories/test/tst_mvhistory.jl:54
WARNING: Base.uninitialized is deprecated, use undef instead.
  likely near /home/vagrant/.julia/v0.7/ValueHistories/test/tst_mvhistory.jl:54
WARNING: Base.uninitialized is deprecated, use undef instead.
  likely near /home/vagrant/.julia/v0.7/ValueHistories/test/tst_mvhistory.jl:54
┌ Warning: `Array{T}(m::Int) where T` is deprecated, use `Array{T}(undef, m)` instead.
│   caller = get(::MVHistory{QHistory}, ::Symbol) at mvhistory.jl:57
└ @ ValueHistories mvhistory.jl:57
┌ Warning: `linspace(start, stop, length::Integer)` is deprecated, use `range(start, stop=stop, length=length)` instead.
│   caller = macro expansion at tst_mvhistory.jl:77 [inlined]
└ @ Core tst_mvhistory.jl:77
┌ Warning: `Array{T}(m::Int) where T` is deprecated, use `Array{T}(undef, m)` instead.
│   caller = Type at history.jl:7 [inlined]
└ @ Core history.jl:7
┌ Warning: `Array{T}(m::Int) where T` is deprecated, use `Array{T}(undef, m)` instead.
│   caller = Type at history.jl:7 [inlined]
└ @ Core history.jl:7
┌ Warning: `findfirst(A, v)` is deprecated, use `coalesce(findfirst(isequal(v), A), 0)` instead.
│   caller = increment!(::MVHistory{History}, ::Symbol, ::Int64, ::Int64) at mvhistory.jl:110
└ @ ValueHistories mvhistory.jl:110
Test Summary:         | Pass  Total
[->] tst_mvhistory.jl |  543    543
   --> Baseline: 100 loops that accumulates a Float64
  0.010770 seconds (9.87 k allocations: 573.986 KiB)
  0.000005 seconds (5 allocations: 176 bytes)
   --> History: 100 loops tracking accumulator as Float64
  0.015785 seconds (9.99 k allocations: 579.400 KiB)
  0.000010 seconds (17 allocations: 4.547 KiB)
   --> History: Converting result into arrays
  0.000123 seconds (7 allocations: 256 bytes)
  0.000045 seconds (7 allocations: 256 bytes)
   --> QHistory: 100 loops tracking accumulator as Float64
  0.014838 seconds (9.98 k allocations: 575.369 KiB)
  0.000073 seconds (5 allocations: 176 bytes)
   --> QHistory: Converting result into arrays
  0.000765 seconds (995 allocations: 38.578 KiB)
  0.000602 seconds (995 allocations: 38.578 KiB)
   --> MVHistory: 100 loops tracking accumulator as Float64 and String
┌ Warning: `Array{T}(m::Int) where T` is deprecated, use `Array{T}(undef, m)` instead.
│   caller = Type at history.jl:7 [inlined]
└ @ Core history.jl:7
┌ Warning: `Array{T}(m::Int) where T` is deprecated, use `Array{T}(undef, m)` instead.
│   caller = Type at history.jl:7 [inlined]
└ @ Core history.jl:7
  0.045183 seconds (28.21 k allocations: 1.667 MiB)
  0.000953 seconds (1.10 k allocations: 79.766 KiB)
   --> MVHistory: Converting result into arrays
  0.029154 seconds (6.07 k allocations: 371.830 KiB)
  0.000789 seconds (427 allocations: 24.578 KiB)
Test Summary:      |
[->] bm_history.jl | No tests
[ Info: ValueHistories tests passed

>>> End of log
