>>> 'Pkg.add("Variography")' log
INFO: Cloning cache of GeoStatsBase from https://github.com/juliohm/GeoStatsBase.jl.git
INFO: Cloning cache of Variography from https://github.com/juliohm/Variography.jl.git
INFO: Installing Distances v0.6.0
INFO: Installing GeoStatsBase v0.0.10
INFO: Installing Parameters v0.8.1
INFO: Installing RecipesBase v0.2.3
INFO: Installing Variography v0.0.1
INFO: Building SpecialFunctions
INFO: Package database updated

>>> 'Pkg.test("Variography")' log
Julia Version 0.6.2
Commit d386e40c17 (2017-12-13 18:08 UTC)
Platform Info:
  OS: Linux (x86_64-pc-linux-gnu)
  CPU: Intel(R) Xeon(R) CPU E3-1241 v3 @ 3.50GHz
  WORD_SIZE: 64
           Ubuntu 14.04.5 LTS
  uname: Linux 3.13.0-143-generic #192-Ubuntu SMP Tue Feb 27 10:45:36 UTC 2018 x86_64 x86_64
Memory: 2.939197540283203 GB (1303.515625 MB free)
Uptime: 93636.0 sec
Load Avg:  1.0703125  1.015625  0.97314453125
Intel(R) Xeon(R) CPU E3-1241 v3 @ 3.50GHz: 
       speed         user         nice          sys         idle          irq
#1  3495 MHz    5683191 s       7231 s     384654 s    1979216 s        117 s
#2  3495 MHz    1543679 s        227 s     156496 s    7474567 s          2 s

  BLAS: libopenblas (USE64BITINT DYNAMIC_ARCH NO_AFFINITY Nehalem)
  LAPACK: libopenblas64_
  LIBM: libopenlibm
  LLVM: libLLVM-3.9.1 (ORCJIT, haswell)
Environment:
  TERM = vt100
  LD_LIBRARY_PATH = :/usr/local/lib/
  PATH = /usr/local/sbin:/usr/local/bin:/usr/sbin:/usr/bin:/sbin:/bin:/usr/games:/usr/local/games:/home/vagrant/julia/bin/
  JAVA_HOME = /usr/lib/jvm/java-8-openjdk-amd64
  HOME = /home/vagrant

Package Directory: /home/vagrant/.julia/v0.6
6 required packages:
 - Conda                         0.7.1
 - JSON                          0.17.2
 - PyCall                        1.15.0
 - PyPlot                        2.5.0
 - RDatasets                     0.4.0
 - Variography                   0.0.1
33 additional packages:
 - BinDeps                       0.8.7
 - BinaryProvider                0.2.8
 - CSV                           0.2.4
 - CategoricalArrays             0.3.7
 - CodecZlib                     0.4.3
 - ColorTypes                    0.6.7
 - Colors                        0.8.2
 - Compat                        0.63.0
 - DataFrames                    0.11.5
 - DataStreams                   0.3.4
 - DataStructures                0.7.4
 - Distances                     0.6.0
 - FileIO                        0.7.0
 - FixedPointNumbers             0.4.6
 - GeoStatsBase                  0.0.10
 - LaTeXStrings                  0.3.0
 - MacroTools                    0.4.0
 - Missings                      0.2.9
 - Mocking                       0.5.1
 - NamedTuples                   4.0.0
 - Nullables                     0.0.5
 - Parameters                    0.8.1
 - RData                         0.4.0
 - RecipesBase                   0.2.3
 - Reexport                      0.1.0
 - SHA                           0.5.6
 - SortingAlgorithms             0.2.0
 - SpecialFunctions              0.4.0
 - StatsBase                     0.20.1
 - TimeZones                     0.6.4
 - TranscodingStreams            0.5.2
 - URIParser                     0.3.1
 - WeakRefStrings                0.4.3
INFO: Computing test dependencies for Variography...
INFO: Cloning cache of GeoStatsDevTools from https://github.com/juliohm/GeoStatsDevTools.jl.git
INFO: Cloning cache of GeoStatsImages from https://github.com/juliohm/GeoStatsImages.jl.git
INFO: Cloning cache of VisualRegressionTests from https://github.com/JuliaPlots/VisualRegressionTests.jl.git
INFO: Installing AbstractFFTs v0.3.1
INFO: Installing AxisAlgorithms v0.2.0
INFO: Installing AxisArrays v0.2.1
INFO: Installing Calculus v0.2.2
INFO: Installing CatIndices v0.1.0
INFO: Installing ColorVectorSpace v0.5.2
INFO: Installing ComputationalResources v0.2.0
INFO: Installing Contour v0.4.0
INFO: Installing CoordinateTransformations v0.4.1
INFO: Installing CustomUnitRanges v0.1.0
INFO: Installing Distributions v0.15.0
INFO: Installing DualNumbers v0.3.0
INFO: Installing FFTViews v0.1.0
INFO: Installing FFTW v0.0.4
INFO: Installing GR v0.30.0
INFO: Installing GeoStatsDevTools v0.1.2
INFO: Installing GeoStatsImages v0.1.2
INFO: Installing Graphics v0.3.0
INFO: Installing IdentityRanges v0.1.0
INFO: Installing ImageAxes v0.4.0
INFO: Installing ImageCore v0.5.0
INFO: Installing ImageDistances v0.0.2
INFO: Installing ImageFiltering v0.3.0
INFO: Installing ImageMagick v0.5.1
INFO: Installing ImageMetadata v0.4.0
INFO: Installing ImageMorphology v0.0.2
INFO: Installing ImageTransformations v0.4.1
INFO: Installing Images v0.13.0
INFO: Installing IndirectArrays v0.4.2
INFO: Installing Interpolations v0.7.3
INFO: Installing IntervalSets v0.2.0
INFO: Installing IterTools v0.2.1
INFO: Installing MappedArrays v0.0.7
INFO: Installing Measures v0.2.0
INFO: Installing NaNMath v0.3.1
INFO: Installing OffsetArrays v0.5.0
INFO: Installing PDMats v0.8.0
INFO: Installing PaddedViews v0.3.0
INFO: Installing PlotThemes v0.2.0
INFO: Installing PlotUtils v0.4.4
INFO: Installing Plots v0.16.0
INFO: Installing ProgressMeter v0.5.5
INFO: Installing QuadGK v0.2.1
INFO: Installing RangeArrays v0.2.0
INFO: Installing Ratios v0.2.0
INFO: Installing Requires v0.4.3
INFO: Installing Rmath v0.3.2
INFO: Installing Rotations v0.6.1
INFO: Installing SIUnits v0.1.0
INFO: Installing ShowItLikeYouBuildIt v0.2.0
INFO: Installing Showoff v0.1.1
INFO: Installing SimpleTraits v0.6.0
INFO: Installing StaticArrays v0.7.0
INFO: Installing StatsFuns v0.5.0
INFO: Installing TexExtensions v0.1.0
INFO: Installing TiledIteration v0.1.0
INFO: Installing VisualRegressionTests v0.1.0
INFO: Installing WoodburyMatrices v0.2.2
INFO: Building SpecialFunctions
INFO: Building Rmath
INFO: Building FFTW
INFO: Building GR
INFO: Downloading pre-compiled GR 0.30.2 Ubuntu binary
  % Total    % Received % Xferd  Average Speed   Time    Time     Time  Current
                                 Dload  Upload   Total   Spent    Left  Speed
  0     0    0     0    0     0      0      0 --:--:-- --:--:-- --:--:--     0  0     0    0     0    0     0      0      0 --:--:-- --:--:-- --:--:--     0  0 38.8M    0 16384    0     0  13881      0  0:48:51  0:00:01  0:48:50 13872  1 38.8M    1  560k    0     0   260k      0  0:02:32  0:00:02  0:02:30  260k  7 38.8M    7 2864k    0     0   904k      0  0:00:43  0:00:03  0:00:40  904k 24 38.8M   24 9552k    0     0  2310k      0  0:00:17  0:00:04  0:00:13 2310k 58 38.8M   58 22.7M    0     0  4534k      0  0:00:08  0:00:05  0:00:03 4772k 69 38.8M   69 26.7M    0     0  4318k      0  0:00:09  0:00:06  0:00:03 5302k100 38.8M  100 38.8M    0     0  5835k      0  0:00:06  0:00:06 --:--:-- 8406k
INFO: Building CodecZlib
INFO: Building ImageMagick
INFO: Building Plots
INFO: Testing Variography
WARNING: Gtk not loaded. err: ArgumentError("Module Gtk not found in current path.\nRun `Pkg.add(\"Gtk\")` to install the Gtk package.")
Test Summary:  | Pass  Total
Variography.jl |   41     41
INFO: Variography tests passed
INFO: Removing AbstractFFTs v0.3.1
INFO: Removing AxisAlgorithms v0.2.0
INFO: Removing AxisArrays v0.2.1
INFO: Removing Calculus v0.2.2
INFO: Removing CatIndices v0.1.0
INFO: Removing ColorVectorSpace v0.5.2
INFO: Removing ComputationalResources v0.2.0
INFO: Removing Contour v0.4.0
INFO: Removing CoordinateTransformations v0.4.1
INFO: Removing CustomUnitRanges v0.1.0
INFO: Removing Distributions v0.15.0
INFO: Removing DualNumbers v0.3.0
INFO: Removing FFTViews v0.1.0
INFO: Removing FFTW v0.0.4
INFO: Removing GR v0.30.0
INFO: Removing GeoStatsDevTools v0.1.2
INFO: Removing GeoStatsImages v0.1.2
INFO: Removing Graphics v0.3.0
INFO: Removing IdentityRanges v0.1.0
INFO: Removing ImageAxes v0.4.0
INFO: Removing ImageCore v0.5.0
INFO: Removing ImageDistances v0.0.2
INFO: Removing ImageFiltering v0.3.0
INFO: Removing ImageMagick v0.5.1
INFO: Removing ImageMetadata v0.4.0
INFO: Removing ImageMorphology v0.0.2
INFO: Removing ImageTransformations v0.4.1
INFO: Removing Images v0.13.0
INFO: Removing IndirectArrays v0.4.2
INFO: Removing Interpolations v0.7.3
INFO: Removing IntervalSets v0.2.0
INFO: Removing IterTools v0.2.1
INFO: Removing MappedArrays v0.0.7
INFO: Removing Measures v0.2.0
INFO: Removing NaNMath v0.3.1
INFO: Removing OffsetArrays v0.5.0
INFO: Removing PDMats v0.8.0
INFO: Removing PaddedViews v0.3.0
INFO: Removing PlotThemes v0.2.0
INFO: Removing PlotUtils v0.4.4
INFO: Removing Plots v0.16.0
INFO: Removing ProgressMeter v0.5.5
INFO: Removing QuadGK v0.2.1
INFO: Removing RangeArrays v0.2.0
INFO: Removing Ratios v0.2.0
INFO: Removing Requires v0.4.3
INFO: Removing Rmath v0.3.2
INFO: Removing Rotations v0.6.1
INFO: Removing SIUnits v0.1.0
INFO: Removing ShowItLikeYouBuildIt v0.2.0
INFO: Removing Showoff v0.1.1
INFO: Removing SimpleTraits v0.6.0
INFO: Removing StaticArrays v0.7.0
INFO: Removing StatsFuns v0.5.0
INFO: Removing TexExtensions v0.1.0
INFO: Removing TiledIteration v0.1.0
INFO: Removing VisualRegressionTests v0.1.0
INFO: Removing WoodburyMatrices v0.2.2

>>> End of log
