>>> 'Pkg.add("VectorizedRoutines")' log
[ Info: Installing BinDeps v0.8.6
[ Info: Installing Calculus v0.2.2
[ Info: Installing DataStructures v0.7.4
[ Info: Installing Distributions v0.15.0
[ Info: Installing PDMats v0.8.0
[ Info: Installing QuadGK v0.2.0
[ Info: Installing Rmath v0.3.2
[ Info: Installing SHA v0.5.6
[ Info: Installing SortingAlgorithms v0.2.0
[ Info: Installing SpecialFunctions v0.3.8
[ Info: Installing StatsBase v0.19.5
[ Info: Installing StatsFuns v0.5.0
[ Info: Installing URIParser v0.3.0
[ Info: Installing VectorizedRoutines v0.0.2
[ Info: Building SpecialFunctions
┌ Warning: `isalnum(c::Char)` is deprecated, use `isalpha(c) || isnumeric(c)` instead.
│   caller = is_userinfo_char at parser.jl:4 [inlined]
└ @ Core parser.jl:4
┌ Warning: `isalnum(c::Char)` is deprecated, use `isalpha(c) || isnumeric(c)` instead.
│   caller = is_host_char at parser.jl:8 [inlined]
└ @ Core parser.jl:8
┌ Warning: `isalnum(c::Char)` is deprecated, use `isalpha(c) || isnumeric(c)` instead.
│   caller = is_host_char at parser.jl:8 [inlined]
└ @ Core parser.jl:8
WARNING: importing deprecated binding Base.Associative into BinDeps.
WARNING: Base.Associative is deprecated, use AbstractDict instead.
  likely near /home/vagrant/.julia/v0.7/SpecialFunctions/deps/binaries.jl:44
in @install at /home/vagrant/.julia/v0.7/BinDeps/src/dependencies.jl
[ Info: Building Rmath
┌ Warning: `isalnum(c::Char)` is deprecated, use `isalpha(c) || isnumeric(c)` instead.
│   caller = is_userinfo_char at parser.jl:4 [inlined]
└ @ Core parser.jl:4
┌ Warning: `isalnum(c::Char)` is deprecated, use `isalpha(c) || isnumeric(c)` instead.
│   caller = is_host_char at parser.jl:8 [inlined]
└ @ Core parser.jl:8
┌ Warning: `isalnum(c::Char)` is deprecated, use `isalpha(c) || isnumeric(c)` instead.
│   caller = is_host_char at parser.jl:8 [inlined]
└ @ Core parser.jl:8
WARNING: importing deprecated binding Base.Associative into BinDeps.
WARNING: Base.Associative is deprecated, use AbstractDict instead.
  likely near /home/vagrant/.julia/v0.7/Rmath/deps/build.jl:47
in @install at /home/vagrant/.julia/v0.7/BinDeps/src/dependencies.jl
[ Info: Package database updated
┌ Info: METADATA is out-of-date — you may not have the latest version of VectorizedRoutines
└ Use `Pkg.update()` to get the latest versions of your packages

>>> 'Pkg.test("VectorizedRoutines")' log
Julia Version 0.7.0-DEV.3583
Commit 7d3991f784 (2018-01-26 19:00 UTC)
Platform Info:
  OS: Linux (x86_64-pc-linux-gnu)
      Ubuntu 14.04.5 LTS
  uname: Linux 3.13.0-135-generic #184-Ubuntu SMP Wed Oct 18 11:55:51 UTC 2017 x86_64 x86_64
  CPU: Intel(R) Xeon(R) CPU E3-1241 v3 @ 3.50GHz: 
              speed         user         nice          sys         idle          irq
       #1  3499 MHz    4812108 s        112 s     229139 s    1294092 s         74 s
       #2  3499 MHz    1126980 s       7456 s      88128 s    6085129 s          0 s
       
  Memory: 2.93927001953125 GB (744.484375 MB free)
  Uptime: 74292.0 sec
  Load Avg:  0.95751953125  0.97216796875  0.95458984375
  WORD_SIZE: 64
  LIBM: libopenlibm
  LLVM: libLLVM-3.9.1 (ORCJIT, haswell)
Environment:
  TERM = vt100
  LD_LIBRARY_PATH = :/usr/local/lib/
  PATH = /usr/local/sbin:/usr/local/bin:/usr/sbin:/usr/bin:/sbin:/bin:/usr/games:/usr/local/games:/home/vagrant/julia/bin/
  JAVA_HOME = /usr/lib/jvm/java-8-openjdk-amd64
  HOME = /home/vagrant
Packages:
  Package Directory: /home/vagrant/.julia/v0.7
  Package Status:
2 required packages:
 - JSON                          0.16.4
 - VectorizedRoutines            0.0.2
16 additional packages:
 - BinDeps                       0.8.6
 - Calculus                      0.2.2
 - Compat                        0.49.0
 - DataStructures                0.7.4
 - Distributions                 0.15.0
 - Nullables                     0.0.3
 - PDMats                        0.8.0
 - QuadGK                        0.2.0
 - Rmath                         0.3.2
 - SHA                           0.5.6
 - SortingAlgorithms             0.2.0
 - SpecialFunctions              0.3.8
 - StatsBase                     0.19.5
 - StatsFuns                     0.5.0
 - URIParser                     0.3.0
 - tmpJpLd7f                     0.0.0-             non-repo (unregistered)
[ Info: Testing VectorizedRoutines
┌ Warning: Deprecated syntax `parametric method syntax findlocalextrema{T, N}(img::AbstractArray{T, N}, region::Union{Tuple{Int}, Vector{Int}, UnitRange{Int}, Int}, edges::Bool, order::Base.Order.Ordering)` around /home/vagrant/.julia/v0.7/VectorizedRoutines/src/internal.jl:5.
│ Use `findlocalextrema(img::AbstractArray{T, N}, region::Union{Tuple{Int}, Vector{Int}, UnitRange{Int}, Int}, edges::Bool, order::Base.Order.Ordering) where {T, N}` instead.
└ @ nothing internal.jl:5
┌ Warning: Deprecated syntax `parametric method syntax ndgrid{T}(v1::AbstractVector{T}, v2::AbstractVector{T})` around /home/vagrant/.julia/v0.7/VectorizedRoutines/src/matlab.jl:9.
│ Use `ndgrid(v1::AbstractVector{T}, v2::AbstractVector{T}) where T` instead.
└ @ nothing matlab.jl:9
┌ Warning: Deprecated syntax `parametric method syntax ndgrid{T}(vs::AbstractVector{T}...)` around /home/vagrant/.julia/v0.7/VectorizedRoutines/src/matlab.jl:22.
│ Use `ndgrid(vs::AbstractVector{T}...) where T` instead.
└ @ nothing matlab.jl:22
┌ Warning: Deprecated syntax `parametric method syntax meshgrid{T}(vx::AbstractVector{T}, vy::AbstractVector{T})` around /home/vagrant/.julia/v0.7/VectorizedRoutines/src/matlab.jl:51.
│ Use `meshgrid(vx::AbstractVector{T}, vy::AbstractVector{T}) where T` instead.
└ @ nothing matlab.jl:51
┌ Warning: Deprecated syntax `parametric method syntax meshgrid{T}(vx::AbstractVector{T}, vy::AbstractVector{T}, vz::AbstractVector{T})` around /home/vagrant/.julia/v0.7/VectorizedRoutines/src/matlab.jl:65.
│ Use `meshgrid(vx::AbstractVector{T}, vy::AbstractVector{T}, vz::AbstractVector{T}) where T` instead.
└ @ nothing matlab.jl:65
WARNING: importing deprecated binding Base.logdet into PDMats.
WARNING: importing deprecated binding Base.diag into PDMats.
WARNING: importing deprecated binding Base.diagm into PDMats.
WARNING: importing deprecated binding Base.eigmax into PDMats.
WARNING: importing deprecated binding Base.eigmin into PDMats.
WARNING: Base.BLAS is deprecated: it has been moved to the standard library package `LinearAlgebra`.
Add a `using LinearAlgebra` to your imports..
  likely near /home/vagrant/.julia/v0.7/PDMats/src/PDMats.jl:39
ERROR: LoadError: UndefVarError: LAPACK not defined
Stacktrace:
 [1] include at ./boot.jl:292 [inlined]
 [2] include_relative(::Module, ::String) at ./loading.jl:1012
 [3] include(::Module, ::String) at ./sysimg.jl:26
 [4] top-level scope
 [5] eval at ./boot.jl:295 [inlined]
 [6] top-level scope at ./<missing>:3
in expression starting at /home/vagrant/.julia/v0.7/PDMats/src/PDMats.jl:40
ERROR: LoadError: Failed to precompile PDMats to /home/vagrant/.julia/lib/v0.7/PDMats.ji.
Stacktrace:
 [1] error at ./error.jl:33 [inlined]
 [2] compilecache(::Base.PkgId) at ./loading.jl:1156
 [3] _require(::Base.PkgId) at ./loading.jl:920
 [4] require(::Module, ::Symbol) at ./loading.jl:820
 [5] include at ./boot.jl:292 [inlined]
 [6] include_relative(::Module, ::String) at ./loading.jl:1012
 [7] include(::Module, ::String) at ./sysimg.jl:26
 [8] top-level scope
 [9] eval at ./boot.jl:295 [inlined]
 [10] top-level scope at ./<missing>:3
in expression starting at /home/vagrant/.julia/v0.7/Distributions/src/Distributions.jl:5
ERROR: LoadError: LoadError: Failed to precompile Distributions to /home/vagrant/.julia/lib/v0.7/Distributions.ji.
Stacktrace:
 [1] error at ./error.jl:33 [inlined]
 [2] compilecache(::Base.PkgId) at ./loading.jl:1156
 [3] _require(::Base.PkgId) at ./loading.jl:920
 [4] require(::Module, ::Symbol) at ./loading.jl:820
 [5] include at ./boot.jl:292 [inlined]
 [6] include_relative(::Module, ::String) at ./loading.jl:1012
 [7] include at ./sysimg.jl:26 [inlined]
 [8] include(::String) at /home/vagrant/.julia/v0.7/VectorizedRoutines/src/VectorizedRoutines.jl:3
 [9] top-level scope
 [10] include at ./boot.jl:292 [inlined]
 [11] include_relative(::Module, ::String) at ./loading.jl:1012
 [12] include(::Module, ::String) at ./sysimg.jl:26
 [13] top-level scope
 [14] eval at ./boot.jl:295 [inlined]
 [15] top-level scope at ./<missing>:3
in expression starting at /home/vagrant/.julia/v0.7/VectorizedRoutines/src/r.jl:3
in expression starting at /home/vagrant/.julia/v0.7/VectorizedRoutines/src/VectorizedRoutines.jl:8
ERROR: LoadError: Failed to precompile VectorizedRoutines to /home/vagrant/.julia/lib/v0.7/VectorizedRoutines.ji.
Stacktrace:
 [1] error at ./error.jl:33 [inlined]
 [2] compilecache(::Base.PkgId) at ./loading.jl:1156
 [3] _require(::Base.PkgId) at ./loading.jl:949
 [4] require(::Module, ::Symbol) at ./loading.jl:820
 [5] include at ./boot.jl:292 [inlined]
 [6] include_relative(::Module, ::String) at ./loading.jl:1012
 [7] include(::Module, ::String) at ./sysimg.jl:26
 [8] process_options(::Base.JLOptions) at ./client.jl:334
 [9] _start() at ./client.jl:386
in expression starting at /home/vagrant/.julia/v0.7/VectorizedRoutines/test/runtests.jl:1
┌ Error: ------------------------------------------------------------
│ # Testing failed for VectorizedRoutines
│   exception =
│    failed process: Process(`/home/vagrant/julia/bin/julia -Cnative -J/home/vagrant/julia/lib/julia/sys.so --compile=yes --depwarn=yes --code-coverage=none --color=no --compiled-modules=yes --check-bounds=yes --warn-overwrite=yes --startup-file=yes /home/vagrant/.julia/v0.7/VectorizedRoutines/test/runtests.jl`, ProcessExited(1)) [1]
│    Stacktrace:
│     [1] error(::String, ::Base.Process, ::String, ::Int64, ::String) at ./error.jl:42
│     [2] pipeline_error(::Base.Process) at ./process.jl:698
│     [3] run(::Cmd) at ./process.jl:660
│     [4] (::getfield(Base.Pkg.Entry, Symbol("##89#92")){Bool,String,Array{AbstractString,1}})() at ./pkg/entry.jl:729
│     [5] cd(::getfield(Base.Pkg.Entry, Symbol("##89#92")){Bool,String,Array{AbstractString,1}}, ::String) at ./file.jl:70
│     [6] #test!#88(::Bool, ::Function, ::String, ::Array{AbstractString,1}, ::Array{AbstractString,1}, ::Array{AbstractString,1}) at ./pkg/entry.jl:717
│     [7] (::getfield(Base.Pkg.Entry, Symbol("#kw##test!")))(::NamedTuple{(:coverage,),Tuple{Bool}}, ::typeof(Base.Pkg.Entry.test!), ::String, ::Array{AbstractString,1}, ::Array{AbstractString,1}, ::Array{AbstractString,1}) at ./<missing>:0
│     [8] #test#96(::Bool, ::Function, ::Array{AbstractString,1}) at ./pkg/entry.jl:756
│     [9] (::getfield(Base.Pkg.Entry, Symbol("#kw##test")))(::NamedTuple{(:coverage,),Tuple{Bool}}, ::typeof(Base.Pkg.Entry.test), ::Array{AbstractString,1}) at ./<missing>:0
│     [10] (::getfield(Base.Pkg.Dir, Symbol("##4#7")){Base.Iterators.IndexValue{Symbol,Bool,Tuple{Symbol},NamedTuple{(:coverage,),Tuple{Bool}}},typeof(Base.Pkg.Entry.test),Tuple{Array{AbstractString,1}}})() at ./pkg/dir.jl:36
│     [11] cd(::getfield(Base.Pkg.Dir, Symbol("##4#7")){Base.Iterators.IndexValue{Symbol,Bool,Tuple{Symbol},NamedTuple{(:coverage,),Tuple{Bool}}},typeof(Base.Pkg.Entry.test),Tuple{Array{AbstractString,1}}}, ::String) at ./file.jl:70
│     [12] #cd#1(::Base.Iterators.IndexValue{Symbol,Bool,Tuple{Symbol},NamedTuple{(:coverage,),Tuple{Bool}}}, ::Function, ::Function, ::Array{AbstractString,1}, ::Vararg{Array{AbstractString,1},N} where N) at ./pkg/dir.jl:36
│     [13] (::getfield(Base.Pkg.Dir, Symbol("#kw##cd")))(::NamedTuple{(:coverage,),Tuple{Bool}}, ::typeof(Base.Pkg.Dir.cd), ::Function, ::Array{AbstractString,1}, ::Vararg{Array{AbstractString,1},N} where N) at ./<missing>:0
│     [14] #test#3(::Bool, ::Function, ::String, ::Vararg{String,N} where N) at ./pkg/pkg.jl:274
│     [15] test(::String, ::Vararg{String,N} where N) at ./pkg/pkg.jl:274
│     [16] top-level scope
│     [17] eval at ./boot.jl:295 [inlined]
│     [18] eval(::Module, ::Expr) at ./sysimg.jl:71
│     [19] process_options(::Base.JLOptions) at ./client.jl:311
│     [20] _start() at ./client.jl:386
└ @ Base.Pkg.Entry entry.jl:732
ERROR: VectorizedRoutines had test errors

>>> End of log
