>>> 'Pkg.add("VersionParsing")' log
WARNING: Base.Pkg is deprecated, run `using Pkg` instead
 in module Main
[ Info: Cloning cache of VersionParsing from https://github.com/stevengj/VersionParsing.jl.git
[ Info: Installing VersionParsing v1.1.0
[ Info: Package database updated
┌ Info: METADATA is out-of-date — you may not have the latest version of VersionParsing
└ Use `Pkg.update()` to get the latest versions of your packages

>>> 'Pkg.test("VersionParsing")' log
WARNING: Base.versioninfo is deprecated: it has been moved to the standard library package `InteractiveUtils`.
Add `using InteractiveUtils` to your imports.
 in module Main
WARNING: Base.versioninfo is deprecated: it has been moved to the standard library package `InteractiveUtils`.
Add `using InteractiveUtils` to your imports.
 in module Main
Julia Version 0.7.0-DEV.4747
Commit bce5bbef9b (2018-04-04 21:54 UTC)
Platform Info:
  OS: Linux (x86_64-pc-linux-gnu)
      Ubuntu 14.04.5 LTS
  uname: Linux 3.13.0-143-generic #192-Ubuntu SMP Tue Feb 27 10:45:36 UTC 2018 x86_64 x86_64
  CPU: Intel(R) Xeon(R) CPU E3-1241 v3 @ 3.50GHz: 
              speed         user         nice          sys         idle          irq
       #1  3492 MHz    5012988 s       5774 s     369122 s    1613736 s         98 s
       #2  3492 MHz    1278418 s       1721 s     133283 s    6591722 s          2 s
       
  Memory: 2.939197540283203 GB (773.0859375 MB free)
  Uptime: 81557.0 sec
  Load Avg:  0.90673828125  0.95458984375  0.94970703125
  WORD_SIZE: 64
  LIBM: libopenlibm
  LLVM: libLLVM-3.9.1 (ORCJIT, haswell)
Environment:
  TERM = vt100
  LD_LIBRARY_PATH = :/usr/local/lib/
  PATH = /usr/local/sbin:/usr/local/bin:/usr/sbin:/usr/bin:/sbin:/bin:/usr/games:/usr/local/games:/home/vagrant/julia/bin/
  JAVA_HOME = /usr/lib/jvm/java-8-openjdk-amd64
  HOME = /home/vagrant
Packages:
  Package Directory: /home/vagrant/.julia/v0.7
  Package Status:
5 required packages:
 - Conda                         0.7.1
 - JSON                          0.17.2
 - PyCall                        1.15.0
 - PyPlot                        2.5.0
 - VersionParsing                1.1.0
12 additional packages:
 - BinDeps                       0.8.7
 - ColorTypes                    0.6.7
 - Colors                        0.8.2
 - Compat                        0.63.0
 - FixedPointNumbers             0.4.6
 - LaTeXStrings                  0.3.0
 - MacroTools                    0.4.0
 - Nullables                     0.0.5
 - Reexport                      0.1.0
 - SHA                           0.5.6
 - URIParser                     0.3.1
 - tmpxxO5Tm                     0.0.0-             non-repo (unregistered)
WARNING: Base.Pkg is deprecated, run `using Pkg` instead
 in module Main
[ Info: Testing VersionParsing
┌ Warning: `contains(haystack, needle)` is deprecated, use `occursin(needle, haystack)` instead.
│   caller = vparse(::String) at VersionParsing.jl:42
└ @ VersionParsing VersionParsing.jl:42
┌ Warning: `contains(haystack, needle)` is deprecated, use `occursin(needle, haystack)` instead.
│   caller = vparse(::String) at VersionParsing.jl:43
└ @ VersionParsing VersionParsing.jl:43
[ Info: VersionParsing tests passed

>>> End of log
