>>> 'Pkg.add("VirtualArrays")' log
INFO: Installing VirtualArrays v0.1.1
INFO: Package database updated
INFO: METADATA is out-of-date — you may not have the latest version of VirtualArrays
INFO: Use `Pkg.update()` to get the latest versions of your packages

>>> 'Pkg.test("VirtualArrays")' log
Julia Version 0.4.7
Commit ae26b25 (2016-09-18 16:17 UTC)
Platform Info:
  System: Linux (x86_64-pc-linux-gnu)
  CPU: Intel(R) Xeon(R) CPU E3-1241 v3 @ 3.50GHz
  WORD_SIZE: 64
           Ubuntu 14.04.5 LTS
  uname: Linux 3.13.0-119-generic #166-Ubuntu SMP Wed May 3 12:18:55 UTC 2017 x86_64 x86_64
Memory: 2.9392738342285156 GB (644.5 MB free)
Uptime: 46493.0 sec
Load Avg:  0.90576171875  0.955078125  1.0078125
Intel(R) Xeon(R) CPU E3-1241 v3 @ 3.50GHz: 
       speed         user         nice          sys         idle          irq
#1  3500 MHz    2261754 s       5318 s     166869 s    1752512 s         89 s
#2  3500 MHz    1555993 s       2255 s     138414 s    2809240 s          2 s

  BLAS: libopenblas (USE64BITINT DYNAMIC_ARCH NO_AFFINITY Nehalem)
  LAPACK: libopenblas64_
  LIBM: libopenlibm
  LLVM: libLLVM-3.3
Environment:
  TERM = vt100
  LD_LIBRARY_PATH = :/usr/local/lib/
  PATH = /usr/local/sbin:/usr/local/bin:/usr/sbin:/usr/bin:/sbin:/bin:/usr/games:/usr/local/games:/home/vagrant/julia/bin/
  JAVA_HOME = /usr/lib/jvm/java-7-oracle
  HOME = /home/vagrant

Package Directory: /home/vagrant/.julia/v0.4
2 required packages:
 - JSON                          0.9.1
 - VirtualArrays                 0.1.1
1 additional packages:
 - Compat                        0.25.2
INFO: Computing test dependencies for VirtualArrays...
INFO: Installing FactCheck v0.4.3
INFO: Testing VirtualArrays
virtual_cat is like cat
  > empty parameters
  > concatenating no arrays
  > concatenating one 1 d array
  > concatenating two 1 d arrays
23 facts verified.
virtual_vcat is like vcat
  > concatenating two 1 d arrays
8 facts verified.
virtual_hcat is like hcat
  > concatenating two 1 d arrays
8 facts verified.
Creating a VirtualArray
  > normal case
  > one parent
  > multiple parent
  > 1 2 dimensional parent
  > 2 dimensional parents
  > multiple 2 dimensional parents
  > 1 multi dimensional parents
  > 2 multi dimensional parents
  > multi multi dimensional parents
57 facts verified.
Creating VirtualArrays and expanding on different dimensions
  > 1 2 dimensional parent
  > 2 dimensional parents
  > multiple 2 dimensional parents
  > 1 multi dimensional parents
  > 2 multi dimensional parents
  > multi multi dimensional parents
  > creating an 1 d VirtualArray with 1 d parents of different lengths
  > creating an 2 d VirtualArray with 2 d parents of different lengths
  > creating an 2 d VirtualArray with 2 d parents of different heights
  > creating an 2 d VirtualArray with 1 d parents
  > creating an 3> d VirtualArray with 1 d parents
62 facts verified.
Creating VirtualArrays oddly
  > storing float array into a real VirtualArray
5 facts verified.
Modifying values in a VirtualArray with 1 d arrays
  > normal case changing one VirtualArray element in the first parent
  > normal case changing one parent element in the first parent
  > normal case changing one VirtualArray element in the any parent
  > normal case changing one element in the any parent
  > changing a value when the parent is a subarray
19 facts verified.
Modifying values in a VirtualArray with 2 d arrays
  > normal case changing one VirtualArray element in the first parent
  > normal case changing one parent element in the first parent
  > normal case changing one VirtualArray element in the any parent
  > normal case changing one element in the any parent
13 facts verified.
Modifying values in a VirtualArray with mulit d arrays
  > normal case changing one VirtualArray element in the first parent
  > normal case changing one parent element in the first parent
  > normal case changing one VirtualArray element in the any parent
  > normal case changing one element in the any parent
12 facts verified.
Modifying values in a VirtualArray with mulit d arrays and expand in different dimensions
  > normal case changing one VirtualArray element in the first parent
  > normal case changing one parent element in the first parent
  > normal case changing one VirtualArray element in the any parent
  > normal case changing one element in the any parent
12 facts verified.
Accessing VirtualArray values oddly
  > accessing the element with a bunch of 1's padded on
  > setting the element with a bunch of 1's padded on
  > accessing a multi d VirtualArray like a 1 d array when expanded on dimension 1
  > accessing a multi d VirtualArray like a 1 d array when expanded on dimension 2
  > accessing a multi d VirtualArray like a 1 d array when expanded on dimension above 2
13 facts verified.
Modifying values in a 1 d VirtualArray with 1 d arrays of different lengths
  > modifying a value in the first parent from VirtualArray
  > modifying a value in the second parent from VirtualArray
  > modifying a value in the first parent from the parent
  > modifying a value in the second parent from the parent
12 facts verified.
modifying values of m d VirtualArrays with n d parents
  > modifying the value in the first parent from VirtualArray
  > modifying the value in the second parent from VirtualArray
  > modifying the value in the first parent from the parent
  > modifying the value in the second parent from the parent
12 facts verified.
Errors while using VirtualArray
  > out of bounds indexing on 1 1d array
  > tring to create a VirtualArray of the wrong type
  > out of bounds indexing on multiple 1d arrays
  > out of bounds setting on 1 1d array
  > out of bounds setting on multiple 1d arrays
  > throw the right type of error when accessing the array wrong
  > trying to make an 2 d array of 1 d parents of different sizes
  > creating an 2 d VirtualArray with 2 d parents of different lengths on the wrong dimension
20 facts verified.
Check the memory usage of VirtualArray
  > simple test
4 facts verified.
INFO: VirtualArrays tests passed
INFO: Removing FactCheck v0.4.3

>>> End of log
