>>> 'Pkg.add("VoronoiDelaunay")' log
WARNING: Base.Pkg is deprecated, run `using Pkg` instead.
 in module Main
[ Info: Installing ColorTypes v0.6.6
[ Info: Installing Colors v0.8.2
[ Info: Installing FixedPointNumbers v0.4.5
[ Info: Installing GeometricalPredicates v0.1.0
[ Info: Installing Reexport v0.1.0
[ Info: Installing VoronoiDelaunay v0.2.0
[ Info: Package database updated
┌ Info: METADATA is out-of-date — you may not have the latest version of VoronoiDelaunay
└ Use `Pkg.update()` to get the latest versions of your packages

>>> 'Pkg.test("VoronoiDelaunay")' log
WARNING: Base.versioninfo is deprecated: it has been moved to the standard library package `InteractiveUtils`.
Add a `using InteractiveUtils` to your imports..
 in module Main
WARNING: Base.versioninfo is deprecated: it has been moved to the standard library package `InteractiveUtils`.
Add a `using InteractiveUtils` to your imports..
 in module Main
Julia Version 0.7.0-DEV.3703
Commit 358ccc2b20 (2018-02-02 20:43 UTC)
Platform Info:
  OS: Linux (x86_64-pc-linux-gnu)
      Ubuntu 14.04.5 LTS
  uname: Linux 3.13.0-135-generic #184-Ubuntu SMP Wed Oct 18 11:55:51 UTC 2017 x86_64 x86_64
  CPU: Intel(R) Xeon(R) CPU E3-1241 v3 @ 3.50GHz: 
              speed         user         nice          sys         idle          irq
       #1  3499 MHz    5060283 s       1582 s     242572 s    1331167 s         82 s
       #2  3499 MHz    1057614 s       5872 s      91835 s    6511089 s          1 s
       
  Memory: 2.93927001953125 GB (970.9375 MB free)
  Uptime: 78216.0 sec
  Load Avg:  1.01220703125  0.99658203125  0.9599609375
  WORD_SIZE: 64
  LIBM: libopenlibm
  LLVM: libLLVM-3.9.1 (ORCJIT, haswell)
Environment:
  TERM = vt100
  LD_LIBRARY_PATH = :/usr/local/lib/
  PATH = /usr/local/sbin:/usr/local/bin:/usr/sbin:/usr/bin:/sbin:/bin:/usr/games:/usr/local/games:/home/vagrant/julia/bin/
  JAVA_HOME = /usr/lib/jvm/java-8-openjdk-amd64
  HOME = /home/vagrant
Packages:
  Package Directory: /home/vagrant/.julia/v0.7
  Package Status:
2 required packages:
 - JSON                          0.16.4
 - VoronoiDelaunay               0.2.0
8 additional packages:
 - ColorTypes                    0.6.6
 - Colors                        0.8.2
 - Compat                        0.51.0
 - FixedPointNumbers             0.4.5
 - GeometricalPredicates         0.1.0
 - Nullables                     0.0.3
 - Reexport                      0.1.0
 - tmpWso3Ip                     0.0.0-             non-repo (unregistered)
WARNING: Base.Pkg is deprecated, run `using Pkg` instead.
 in module Main
[ Info: Testing VoronoiDelaunay
┌ Warning: Deprecated syntax `type` at /home/vagrant/.julia/v0.7/VoronoiDelaunay/src/VoronoiDelaunay.jl:30.
│ Use `mutable struct` instead.
└ @ nothing VoronoiDelaunay.jl:30
┌ Warning: Deprecated syntax `type` at /home/vagrant/.julia/v0.7/VoronoiDelaunay/src/VoronoiDelaunay.jl:87.
│ Use `mutable struct` instead.
└ @ nothing VoronoiDelaunay.jl:87
┌ Warning: Deprecated syntax `immutable` at /home/vagrant/.julia/v0.7/VoronoiDelaunay/src/VoronoiDelaunay.jl:136.
│ Use `struct` instead.
└ @ nothing VoronoiDelaunay.jl:136
┌ Warning: Deprecated syntax `immutable` at /home/vagrant/.julia/v0.7/VoronoiDelaunay/src/VoronoiDelaunay.jl:143.
│ Use `struct` instead.
└ @ nothing VoronoiDelaunay.jl:143
┌ Warning: Deprecated syntax `immutable` at /home/vagrant/.julia/v0.7/VoronoiDelaunay/src/VoronoiDelaunay.jl:154.
│ Use `struct` instead.
└ @ nothing VoronoiDelaunay.jl:154
┌ Warning: Deprecated syntax `type` at /home/vagrant/.julia/v0.7/VoronoiDelaunay/src/VoronoiDelaunay.jl:251.
│ Use `mutable struct` instead.
└ @ nothing VoronoiDelaunay.jl:251
┌ Warning: `using A.B` will only be allowed for modules, not single bindings. Use `using A: B` instead
│   caller = ip:0x0
└ @ Core :-1
ERROR: LoadError: UndefVarError: isconcrete not defined
Stacktrace:
 [1] include at ./boot.jl:296 [inlined]
 [2] include_relative(::Module, ::String) at ./loading.jl:1012
 [3] include(::Module, ::String) at ./sysimg.jl:26
 [4] top-level scope
 [5] eval at ./boot.jl:299 [inlined]
 [6] top-level scope at ./<missing>:3
in expression starting at /home/vagrant/.julia/v0.7/ColorTypes/src/ColorTypes.jl:9
ERROR: LoadError: Failed to precompile ColorTypes to /home/vagrant/.julia/lib/v0.7/ColorTypes.ji.
Stacktrace:
 [1] error at ./error.jl:33 [inlined]
 [2] compilecache(::Base.PkgId) at ./loading.jl:1157
 [3] _require(::Base.PkgId) at ./loading.jl:920
 [4] require(::Module, ::Symbol) at ./loading.jl:820
 [5] include at ./boot.jl:296 [inlined]
 [6] include_relative(::Module, ::String) at ./loading.jl:1012
 [7] include(::Module, ::String) at ./sysimg.jl:26
 [8] top-level scope
 [9] eval at ./boot.jl:299 [inlined]
 [10] top-level scope at ./<missing>:3
in expression starting at /home/vagrant/.julia/v0.7/Colors/src/Colors.jl:5
ERROR: LoadError: LoadError: Failed to precompile Colors to /home/vagrant/.julia/lib/v0.7/Colors.ji.
Stacktrace:
 [1] error at ./error.jl:33 [inlined]
 [2] compilecache(::Base.PkgId) at ./loading.jl:1157
 [3] _require(::Base.PkgId) at ./loading.jl:949
 [4] require(::Module, ::Symbol) at ./loading.jl:820
 [5] include at ./boot.jl:296 [inlined]
 [6] include_relative(::Module, ::String) at ./loading.jl:1012
 [7] _require(::Base.PkgId) at ./loading.jl:939
 [8] require(::Module, ::Symbol) at ./loading.jl:820
 [9] include at ./boot.jl:296 [inlined]
 [10] include_relative(::Module, ::String) at ./loading.jl:1012
 [11] include(::Module, ::String) at ./sysimg.jl:26
 [12] exec_options(::Base.JLOptions) at ./client.jl:332
 [13] _start() at ./client.jl:447
in expression starting at /home/vagrant/.julia/v0.7/VoronoiDelaunay/src/VoronoiDelaunay.jl:25
in expression starting at /home/vagrant/.julia/v0.7/VoronoiDelaunay/test/runtests.jl:1
┌ Error: ------------------------------------------------------------
│ # Testing failed for VoronoiDelaunay
│   exception =
│    failed process: Process(`/home/vagrant/julia/bin/julia -Cnative -J/home/vagrant/julia/lib/julia/sys.so --compile=yes --depwarn=yes --code-coverage=none --color=no --compiled-modules=yes --check-bounds=yes --warn-overwrite=yes --startup-file=yes /home/vagrant/.julia/v0.7/VoronoiDelaunay/test/runtests.jl`, ProcessExited(1)) [1]
│    Stacktrace:
│     [1] error(::String, ::Base.Process, ::String, ::Int64, ::String) at ./error.jl:42
│     [2] pipeline_error(::Base.Process) at ./process.jl:698
│     [3] run(::Cmd) at ./process.jl:660
│     [4] (::getfield(Pkg.Entry, Symbol("##89#92")){Bool,String,Array{AbstractString,1}})() at /buildworker/worker/package_linux64/build/usr/share/julia/site/v0.7/Pkg/src/entry.jl:731
│     [5] cd(::getfield(Pkg.Entry, Symbol("##89#92")){Bool,String,Array{AbstractString,1}}, ::String) at ./file.jl:70
│     [6] #test!#88(::Bool, ::Function, ::String, ::Array{AbstractString,1}, ::Array{AbstractString,1}, ::Array{AbstractString,1}) at /buildworker/worker/package_linux64/build/usr/share/julia/site/v0.7/Pkg/src/entry.jl:719
│     [7] (::getfield(Pkg.Entry, Symbol("#kw##test!")))(::NamedTuple{(:coverage,),Tuple{Bool}}, ::typeof(Pkg.Entry.test!), ::String, ::Array{AbstractString,1}, ::Array{AbstractString,1}, ::Array{AbstractString,1}) at ./<missing>:0
│     [8] #test#96(::Bool, ::Function, ::Array{AbstractString,1}) at /buildworker/worker/package_linux64/build/usr/share/julia/site/v0.7/Pkg/src/entry.jl:758
│     [9] (::getfield(Pkg.Entry, Symbol("#kw##test")))(::NamedTuple{(:coverage,),Tuple{Bool}}, ::typeof(Pkg.Entry.test), ::Array{AbstractString,1}) at ./<missing>:0
│     [10] (::getfield(Pkg.Dir, Symbol("##4#7")){Base.Iterators.Pairs{Symbol,Bool,Tuple{Symbol},NamedTuple{(:coverage,),Tuple{Bool}}},typeof(Pkg.Entry.test),Tuple{Array{AbstractString,1}}})() at /buildworker/worker/package_linux64/build/usr/share/julia/site/v0.7/Pkg/src/dir.jl:36
│     [11] cd(::getfield(Pkg.Dir, Symbol("##4#7")){Base.Iterators.Pairs{Symbol,Bool,Tuple{Symbol},NamedTuple{(:coverage,),Tuple{Bool}}},typeof(Pkg.Entry.test),Tuple{Array{AbstractString,1}}}, ::String) at ./file.jl:70
│     [12] #cd#1(::Base.Iterators.Pairs{Symbol,Bool,Tuple{Symbol},NamedTuple{(:coverage,),Tuple{Bool}}}, ::Function, ::Function, ::Array{AbstractString,1}, ::Vararg{Array{AbstractString,1},N} where N) at /buildworker/worker/package_linux64/build/usr/share/julia/site/v0.7/Pkg/src/dir.jl:36
│     [13] (::getfield(Pkg.Dir, Symbol("#kw##cd")))(::NamedTuple{(:coverage,),Tuple{Bool}}, ::typeof(Pkg.Dir.cd), ::Function, ::Array{AbstractString,1}, ::Vararg{Array{AbstractString,1},N} where N) at ./<missing>:0
│     [14] #test#3(::Bool, ::Function, ::String, ::Vararg{String,N} where N) at /buildworker/worker/package_linux64/build/usr/share/julia/site/v0.7/Pkg/src/Pkg.jl:275
│     [15] test(::String, ::Vararg{String,N} where N) at /buildworker/worker/package_linux64/build/usr/share/julia/site/v0.7/Pkg/src/Pkg.jl:275
│     [16] top-level scope
│     [17] eval at ./boot.jl:299 [inlined]
│     [18] eval(::Module, ::Expr) at ./sysimg.jl:71
│     [19] exec_options(::Base.JLOptions) at ./client.jl:309
│     [20] _start() at ./client.jl:447
└ @ Pkg.Entry entry.jl:734
ERROR: VoronoiDelaunay had test errors

>>> End of log
