>>> 'Pkg.add("VoronoiCells")' log
INFO: Cloning cache of VoronoiCells from git://github.com/robertdj/VoronoiCells.jl.git
INFO: Installing GeometricalPredicates v0.0.4
INFO: Installing VoronoiCells v0.1.2
INFO: Installing VoronoiDelaunay v0.0.1
INFO: Package database updated
INFO: METADATA is out-of-date — you may not have the latest version of VoronoiCells
INFO: Use `Pkg.update()` to get the latest versions of your packages

>>> 'Pkg.test("VoronoiCells")' log
Julia Version 0.4.6
Commit 2e358ce (2016-06-19 17:16 UTC)
Platform Info:
  System: Linux (x86_64-unknown-linux-gnu)
  CPU: Intel(R) Xeon(R) CPU E3-1241 v3 @ 3.50GHz
  WORD_SIZE: 64
  BLAS: libopenblas (USE64BITINT DYNAMIC_ARCH NO_AFFINITY Nehalem)
  LAPACK: libopenblas64_
  LIBM: libopenlibm
  LLVM: libLLVM-3.3
INFO: Computing test dependencies for VoronoiCells...
INFO: Cloning cache of Deldir from https://github.com/robertdj/Deldir.jl.git
INFO: Installing Deldir v0.0.3
INFO: Building Rmath
INFO: Building Deldir
INFO: Testing VoronoiCells
WARNING: Union(args...) is deprecated, use Union{args...} instead.
 in depwarn at deprecated.jl:73
 in call at deprecated.jl:50
 in include at ./boot.jl:261
 in include_from_node1 at ./loading.jl:320
 in require at ./loading.jl:259
 in include at ./boot.jl:261
 in include_from_node1 at ./loading.jl:320
 in require at ./loading.jl:259
 in include at ./boot.jl:261
 in include_from_node1 at ./loading.jl:320
 in require at ./loading.jl:259
 in include at ./boot.jl:261
 in include_from_node1 at ./loading.jl:320
 in include at ./boot.jl:261
 in include_from_node1 at ./loading.jl:320
 in process_options at ./client.jl:280
 in _start at ./client.jl:378
while loading /home/vagrant/.julia/v0.4/GeometricalPredicates/src/GeometricalPredicates.jl, in expression starting on line 76
WARNING: Union(args...) is deprecated, use Union{args...} instead.
 in depwarn at deprecated.jl:73
 in call at deprecated.jl:50
 in include at ./boot.jl:261
 in include_from_node1 at ./loading.jl:320
 in require at ./loading.jl:259
 in include at ./boot.jl:261
 in include_from_node1 at ./loading.jl:320
 in require at ./loading.jl:259
 in include at ./boot.jl:261
 in include_from_node1 at ./loading.jl:320
 in require at ./loading.jl:259
 in include at ./boot.jl:261
 in include_from_node1 at ./loading.jl:320
 in include at ./boot.jl:261
 in include_from_node1 at ./loading.jl:320
 in process_options at ./client.jl:280
 in _start at ./client.jl:378
while loading /home/vagrant/.julia/v0.4/GeometricalPredicates/src/GeometricalPredicates.jl, in expression starting on line 77
WARNING: module GeometricalPredicates should explicitly import ! from Base
WARNING: module GeometricalPredicates should explicitly import ! from Base
WARNING: Base.Uint64 is deprecated, use UInt64 instead.
  likely near /home/vagrant/.julia/v0.4/VoronoiCells/test/Voronoiarea.jl:9
WARNING: Base.Uint64 is deprecated, use UInt64 instead.
  likely near /home/vagrant/.julia/v0.4/VoronoiCells/test/Voronoiarea.jl:9
WARNING: Base.Uint64 is deprecated, use UInt64 instead.
  likely near /home/vagrant/.julia/v0.4/VoronoiCells/test/Voronoiarea.jl:9
WARNING: sizehint(A,n) is deprecated, use sizehint!(A,n) instead.
 in depwarn at deprecated.jl:73
 in sizehint at deprecated.jl:50
 in call at /home/vagrant/.julia/v0.4/VoronoiDelaunay/src/VoronoiDelaunay.jl:81
 in voronoicells at /home/vagrant/.julia/v0.4/VoronoiCells/src/Corners.jl:58
 in voronoiarea at /home/vagrant/.julia/v0.4/VoronoiCells/src/Area.jl:13
 in include at ./boot.jl:261
 in include_from_node1 at ./loading.jl:320
 in include at ./boot.jl:261
 in include_from_node1 at ./loading.jl:320
 in process_options at ./client.jl:280
 in _start at ./client.jl:378
while loading /home/vagrant/.julia/v0.4/VoronoiCells/test/Voronoiarea.jl, in expression starting on line 9
WARNING: sizehint(A,n) is deprecated, use sizehint!(A,n) instead.
 in depwarn at deprecated.jl:73
 in sizehint at deprecated.jl:50
 in sizehint at /home/vagrant/.julia/v0.4/VoronoiDelaunay/src/VoronoiDelaunay.jl:92
 in call at /home/vagrant/.julia/v0.4/VoronoiDelaunay/src/VoronoiDelaunay.jl:82
 in voronoicells at /home/vagrant/.julia/v0.4/VoronoiCells/src/Corners.jl:58
 in voronoiarea at /home/vagrant/.julia/v0.4/VoronoiCells/src/Area.jl:13
 in include at ./boot.jl:261
 in include_from_node1 at ./loading.jl:320
 in include at ./boot.jl:261
 in include_from_node1 at ./loading.jl:320
 in process_options at ./client.jl:280
 in _start at ./client.jl:378
while loading /home/vagrant/.julia/v0.4/VoronoiCells/test/Voronoiarea.jl, in expression starting on line 9
WARNING: int(x::AbstractFloat) is deprecated, use round(Int,x) instead.
 in depwarn at deprecated.jl:73
 in int at deprecated.jl:50
 in _mssort! at /home/vagrant/.julia/v0.4/GeometricalPredicates/src/GeometricalPredicates.jl:1133
 in push! at /home/vagrant/.julia/v0.4/VoronoiDelaunay/src/VoronoiDelaunay.jl:604
 in voronoicells at /home/vagrant/.julia/v0.4/VoronoiCells/src/Corners.jl:59
 in voronoiarea at /home/vagrant/.julia/v0.4/VoronoiCells/src/Area.jl:13
 in include at ./boot.jl:261
 in include_from_node1 at ./loading.jl:320
 in include at ./boot.jl:261
 in include_from_node1 at ./loading.jl:320
 in process_options at ./client.jl:280
 in _start at ./client.jl:378
while loading /home/vagrant/.julia/v0.4/VoronoiCells/test/Voronoiarea.jl, in expression starting on line 9
WARNING: int(x::AbstractFloat) is deprecated, use round(Int,x) instead.
 in depwarn at deprecated.jl:73
 in int at deprecated.jl:50
 in _mssort! at /home/vagrant/.julia/v0.4/GeometricalPredicates/src/GeometricalPredicates.jl:1133
 in push! at /home/vagrant/.julia/v0.4/VoronoiDelaunay/src/VoronoiDelaunay.jl:604
 in voronoicells at /home/vagrant/.julia/v0.4/VoronoiCells/src/Corners.jl:59
 in voronoiarea at /home/vagrant/.julia/v0.4/VoronoiCells/src/Area.jl:13
 in include at ./boot.jl:261
 in include_from_node1 at ./loading.jl:320
 in include at ./boot.jl:261
 in include_from_node1 at ./loading.jl:320
 in process_options at ./client.jl:280
 in _start at ./client.jl:378
while loading /home/vagrant/.julia/v0.4/VoronoiCells/test/Voronoiarea.jl, in expression starting on line 9
ERROR: LoadError: LoadError: BoundsError: attempt to access 100-element Array{VoronoiCells.IndexablePoint2D,1}:
 VoronoiCells.IndexablePoint2D(1.7145576264142708,1.1495276743404053,1) 
 VoronoiCells.IndexablePoint2D(1.8925219558479451,1.2247292530248204,2) 
 VoronoiCells.IndexablePoint2D(1.1048988351742741,1.6300793979394104,3) 
 VoronoiCells.IndexablePoint2D(1.1983343394060961,1.1510094551134875,4) 
 VoronoiCells.IndexablePoint2D(1.832900412258728,1.8518358712177405,5)  
 VoronoiCells.IndexablePoint2D(1.6467810721359182,1.1797874362339575,6) 
 VoronoiCells.IndexablePoint2D(1.7529326171152095,1.4093035805364529,7) 
 VoronoiCells.IndexablePoint2D(1.8167711619502818,1.9712436189026532,8) 
 VoronoiCells.IndexablePoint2D(1.1110513029295994,1.897691039271121,9)  
 VoronoiCells.IndexablePoint2D(1.0836391545835802,1.5272883544558797,10)
 ⋮                                                                      
 VoronoiCells.IndexablePoint2D(1.0524623917379679,1.7976613526342082,92)
 VoronoiCells.IndexablePoint2D(1.847712806816666,1.7679305156697867,93) 
 VoronoiCells.IndexablePoint2D(1.4729662276126745,1.223962144943968,94) 
 VoronoiCells.IndexablePoint2D(1.753055106611245,1.880836988980517,95)  
 VoronoiCells.IndexablePoint2D(1.264391304994517,1.1782948145801555,96) 
 VoronoiCells.IndexablePoint2D(1.8306823934326752,1.3924166874488326,97)
 VoronoiCells.IndexablePoint2D(1.3880682182466026,1.215069492765551,98) 
 VoronoiCells.IndexablePoint2D(1.325636688959414,1.2570693484118385,99) 
 VoronoiCells.IndexablePoint2D(1.026801746750479,1.2467493887721814,100)
  at index [-1]
 in add_bounding_corners! at /home/vagrant/.julia/v0.4/VoronoiCells/src/Corners.jl:126
 in voronoicells at /home/vagrant/.julia/v0.4/VoronoiCells/src/Corners.jl:74
 in voronoiarea at /home/vagrant/.julia/v0.4/VoronoiCells/src/Area.jl:13
 in include at ./boot.jl:261
 in include_from_node1 at ./loading.jl:320
 in include at ./boot.jl:261
 in include_from_node1 at ./loading.jl:320
 in process_options at ./client.jl:280
 in _start at ./client.jl:378
while loading /home/vagrant/.julia/v0.4/VoronoiCells/test/Voronoiarea.jl, in expression starting on line 9
while loading /home/vagrant/.julia/v0.4/VoronoiCells/test/runtests.jl, in expression starting on line 1
============================[ ERROR: VoronoiCells ]=============================

failed process: Process(`/home/vagrant/julia/bin/julia --check-bounds=yes --code-coverage=none --color=no /home/vagrant/.julia/v0.4/VoronoiCells/test/runtests.jl`, ProcessExited(1)) [1]

================================================================================
INFO: Removing Deldir v0.0.3
ERROR: VoronoiCells had test errors
 in error at ./error.jl:21
 in test at pkg/entry.jl:803
 in anonymous at pkg/dir.jl:31
 in cd at file.jl:22
 in cd at pkg/dir.jl:31
 in test at pkg.jl:71
 in process_options at ./client.jl:257
 in _start at ./client.jl:378

>>> End of log
