>>> 'Pkg.add("VSL")' log
INFO: Cloning cache of VSL from https://github.com/sunoru/VSL.jl.git
INFO: Installing VSL v0.0.1
INFO: Package database updated
INFO: METADATA is out-of-date — you may not have the latest version of VSL
INFO: Use `Pkg.update()` to get the latest versions of your packages

>>> 'Pkg.test("VSL")' log
Julia Version 0.5.0-pre+5606
Commit 5fe9e53 (2016-07-21 19:23 UTC)
Platform Info:
  System: Linux (x86_64-unknown-linux-gnu)
  CPU: Intel(R) Xeon(R) CPU E3-1241 v3 @ 3.50GHz
  WORD_SIZE: 64
  BLAS: libopenblas (USE64BITINT DYNAMIC_ARCH NO_AFFINITY Nehalem)
  LAPACK: libopenblas64_
  LIBM: libopenlibm
  LLVM: libLLVM-3.7.1 (ORCJIT, haswell)
INFO: Testing VSL
WARNING: symbol is deprecated, use Symbol instead.
 in depwarn(::String, ::Symbol) at ./deprecated.jl:64
 in symbol(::String, ::Vararg{String,N}) at ./deprecated.jl:30
 in collect(::Base.Generator{Array{Any,1},VSL.##4#6}) at ./array.jl:268
 in @vsl_distribution_continuous(::Any, ::Any, ::Expr, ::Vararg{Expr,N}) at /home/vagrant/.julia/v0.5/VSL/src/continuous_distributions.jl:7
 in include_from_node1(::String) at ./loading.jl:426 (repeats 2 times)
 in macro expansion; at ./none:2 [inlined]
 in anonymous at ./<missing>:?
 in eval(::Module, ::Any) at ./boot.jl:234
 in process_options(::Base.JLOptions) at ./client.jl:239
 in _start() at ./client.jl:318
while loading /home/vagrant/.julia/v0.5/VSL/src/continuous_distributions.jl, in expression starting on line 102
WARNING: symbol is deprecated, use Symbol instead.
 in depwarn(::String, ::Symbol) at ./deprecated.jl:64
 in symbol(::String, ::Vararg{String,N}) at ./deprecated.jl:30
 in collect_to!(::Array{Symbol,1}, ::Base.Generator{Array{Any,1},VSL.##4#6}, ::Int64, ::Int64) at ./array.jl:300
 in collect(::Base.Generator{Array{Any,1},VSL.##4#6}) at ./array.jl:269
 in @vsl_distribution_continuous(::Any, ::Any, ::Expr, ::Vararg{Expr,N}) at /home/vagrant/.julia/v0.5/VSL/src/continuous_distributions.jl:7
 in include_from_node1(::String) at ./loading.jl:426 (repeats 2 times)
 in macro expansion; at ./none:2 [inlined]
 in anonymous at ./<missing>:?
 in eval(::Module, ::Any) at ./boot.jl:234
 in process_options(::Base.JLOptions) at ./client.jl:239
 in _start() at ./client.jl:318
while loading /home/vagrant/.julia/v0.5/VSL/src/continuous_distributions.jl, in expression starting on line 102
WARNING: symbol is deprecated, use Symbol instead.
 in depwarn(::String, ::Symbol) at ./deprecated.jl:64
 in symbol(::String, ::Vararg{String,N}) at ./deprecated.jl:30
 in collect(::Base.Generator{Array{Any,1},VSL.##8#10}) at ./array.jl:268
 in @register_rand_functions_continuous(::Any, ::Any, ::Any, ::Any, ::Any) at /home/vagrant/.julia/v0.5/VSL/src/continuous_distributions.jl:31
 in include_from_node1(::String) at ./loading.jl:426 (repeats 2 times)
 in macro expansion; at ./none:2 [inlined]
 in anonymous at ./<missing>:?
 in eval(::Module, ::Any) at ./boot.jl:234
 in process_options(::Base.JLOptions) at ./client.jl:239
 in _start() at ./client.jl:318
while loading /home/vagrant/.julia/v0.5/VSL/src/continuous_distributions.jl, in expression starting on line 109
WARNING: symbol is deprecated, use Symbol instead.
 in depwarn(::String, ::Symbol) at ./deprecated.jl:64
 in symbol(::String, ::Vararg{String,N}) at ./deprecated.jl:30
 in collect_to!(::Array{Symbol,1}, ::Base.Generator{Array{Any,1},VSL.##8#10}, ::Int64, ::Int64) at ./array.jl:300
 in collect(::Base.Generator{Array{Any,1},VSL.##8#10}) at ./array.jl:269
 in @register_rand_functions_continuous(::Any, ::Any, ::Any, ::Any, ::Any) at /home/vagrant/.julia/v0.5/VSL/src/continuous_distributions.jl:31
 in include_from_node1(::String) at ./loading.jl:426 (repeats 2 times)
 in macro expansion; at ./none:2 [inlined]
 in anonymous at ./<missing>:?
 in eval(::Module, ::Any) at ./boot.jl:234
 in process_options(::Base.JLOptions) at ./client.jl:239
 in _start() at ./client.jl:318
while loading /home/vagrant/.julia/v0.5/VSL/src/continuous_distributions.jl, in expression starting on line 109
WARNING: symbol is deprecated, use Symbol instead.
 in depwarn(::String, ::Symbol) at ./deprecated.jl:64
 in symbol(::String, ::Vararg{String,N}) at ./deprecated.jl:30
 in collect(::Base.Generator{Array{Any,1},VSL.##12#14}) at ./array.jl:268
 in @register_rand_functions_continuous_multivariate(::Any, ::Any, ::Any, ::Any, ::Any) at /home/vagrant/.julia/v0.5/VSL/src/continuous_distributions.jl:66
 in include_from_node1(::String) at ./loading.jl:426 (repeats 2 times)
 in macro expansion; at ./none:2 [inlined]
 in anonymous at ./<missing>:?
 in eval(::Module, ::Any) at ./boot.jl:234
 in process_options(::Base.JLOptions) at ./client.jl:239
 in _start() at ./client.jl:318
while loading /home/vagrant/.julia/v0.5/VSL/src/continuous_distributions.jl, in expression starting on line 147
WARNING: symbol is deprecated, use Symbol instead.
 in depwarn(::String, ::Symbol) at ./deprecated.jl:64
 in symbol(::String, ::Vararg{String,N}) at ./deprecated.jl:30
 in collect_to!(::Array{Symbol,1}, ::Base.Generator{Array{Any,1},VSL.##12#14}, ::Int64, ::Int64) at ./array.jl:300
 in collect(::Base.Generator{Array{Any,1},VSL.##12#14}) at ./array.jl:269
 in @register_rand_functions_continuous_multivariate(::Any, ::Any, ::Any, ::Any, ::Any) at /home/vagrant/.julia/v0.5/VSL/src/continuous_distributions.jl:66
 in include_from_node1(::String) at ./loading.jl:426 (repeats 2 times)
 in macro expansion; at ./none:2 [inlined]
 in anonymous at ./<missing>:?
 in eval(::Module, ::Any) at ./boot.jl:234
 in process_options(::Base.JLOptions) at ./client.jl:239
 in _start() at ./client.jl:318
while loading /home/vagrant/.julia/v0.5/VSL/src/continuous_distributions.jl, in expression starting on line 147
WARNING: symbol is deprecated, use Symbol instead.
 in depwarn(::String, ::Symbol) at ./deprecated.jl:64
 in symbol(::String, ::Vararg{String,N}) at ./deprecated.jl:30
 in collect(::Base.Generator{Array{Any,1},VSL.##18#20}) at ./array.jl:268
 in @vsl_distribution_discrete(::Any, ::Any, ::Expr, ::Vararg{Expr,N}) at /home/vagrant/.julia/v0.5/VSL/src/discrete_distributions.jl:7
 in include_from_node1(::String) at ./loading.jl:426 (repeats 2 times)
 in macro expansion; at ./none:2 [inlined]
 in anonymous at ./<missing>:?
 in eval(::Module, ::Any) at ./boot.jl:234
 in process_options(::Base.JLOptions) at ./client.jl:239
 in _start() at ./client.jl:318
while loading /home/vagrant/.julia/v0.5/VSL/src/discrete_distributions.jl, in expression starting on line 60
WARNING: symbol is deprecated, use Symbol instead.
 in depwarn(::String, ::Symbol) at ./deprecated.jl:64
 in symbol(::String, ::Vararg{String,N}) at ./deprecated.jl:30
 in collect(::Base.Generator{Array{Any,1},VSL.##22#23}) at ./array.jl:268
 in @register_rand_functions_discrete(::Any, ::Any, ::Any, ::Any, ::Any, ::Any, ::Any) at /home/vagrant/.julia/v0.5/VSL/src/discrete_distributions.jl:31
 in include_from_node1(::String) at ./loading.jl:426 (repeats 2 times)
 in macro expansion; at ./none:2 [inlined]
 in anonymous at ./<missing>:?
 in eval(::Module, ::Any) at ./boot.jl:234
 in process_options(::Base.JLOptions) at ./client.jl:239
 in _start() at ./client.jl:318
while loading /home/vagrant/.julia/v0.5/VSL/src/discrete_distributions.jl, in expression starting on line 67
WARNING: symbol is deprecated, use Symbol instead.
 in depwarn(::String, ::Symbol) at ./deprecated.jl:64
 in symbol(::String, ::Vararg{String,N}) at ./deprecated.jl:30
 in collect_to!(::Array{Symbol,1}, ::Base.Generator{Array{Any,1},VSL.##18#20}, ::Int64, ::Int64) at ./array.jl:300
 in collect(::Base.Generator{Array{Any,1},VSL.##18#20}) at ./array.jl:269
 in @vsl_distribution_discrete(::Any, ::Any, ::Expr, ::Vararg{Expr,N}) at /home/vagrant/.julia/v0.5/VSL/src/discrete_distributions.jl:7
 in include_from_node1(::String) at ./loading.jl:426 (repeats 2 times)
 in macro expansion; at ./none:2 [inlined]
 in anonymous at ./<missing>:?
 in eval(::Module, ::Any) at ./boot.jl:234
 in process_options(::Base.JLOptions) at ./client.jl:239
 in _start() at ./client.jl:318
while loading /home/vagrant/.julia/v0.5/VSL/src/discrete_distributions.jl, in expression starting on line 189
WARNING: symbol is deprecated, use Symbol instead.
 in depwarn(::String, ::Symbol) at ./deprecated.jl:64
 in symbol(::String, ::Vararg{String,N}) at ./deprecated.jl:30
 in collect_to!(::Array{Symbol,1}, ::Base.Generator{Array{Any,1},VSL.##22#23}, ::Int64, ::Int64) at ./array.jl:300
 in collect(::Base.Generator{Array{Any,1},VSL.##22#23}) at ./array.jl:269
 in @register_rand_functions_discrete(::Any, ::Any, ::Any, ::Any, ::Any, ::Any, ::Any) at /home/vagrant/.julia/v0.5/VSL/src/discrete_distributions.jl:31
 in include_from_node1(::String) at ./loading.jl:426 (repeats 2 times)
 in macro expansion; at ./none:2 [inlined]
 in anonymous at ./<missing>:?
 in eval(::Module, ::Any) at ./boot.jl:234
 in process_options(::Base.JLOptions) at ./client.jl:239
 in _start() at ./client.jl:318
while loading /home/vagrant/.julia/v0.5/VSL/src/discrete_distributions.jl, in expression starting on line 195
Testing basic random number generators...
ERROR: LoadError: LoadError: error compiling Type: could not load library "libmkl_rt"
libmkl_rt.so: cannot open shared object file: No such file or directory
 in macro expansion; at /home/vagrant/.julia/v0.5/VSL/test/test_brngs.jl:3 [inlined]
 in anonymous at ./<missing>:?
 in include_from_node1(::String) at ./loading.jl:426 (repeats 2 times)
 in process_options(::Base.JLOptions) at ./client.jl:262
 in _start() at ./client.jl:318
while loading /home/vagrant/.julia/v0.5/VSL/test/test_brngs.jl, in expression starting on line 2
while loading /home/vagrant/.julia/v0.5/VSL/test/runtests.jl, in expression starting on line 2
=================================[ ERROR: VSL ]=================================

failed process: Process(`/home/vagrant/julia/bin/julia -Cx86-64 -J/home/vagrant/julia/lib/julia/sys.so --compile=yes --depwarn=yes --check-bounds=yes --code-coverage=none --color=no --compilecache=yes /home/vagrant/.julia/v0.5/VSL/test/runtests.jl`, ProcessExited(1)) [1]

================================================================================
ERROR: VSL had test errors
 in #test#61(::Bool, ::Function, ::Array{AbstractString,1}) at ./pkg/entry.jl:736
 in (::Base.Pkg.Entry.#kw##test)(::Array{Any,1}, ::Base.Pkg.Entry.#test, ::Array{AbstractString,1}) at ./<missing>:0
 in (::Base.Pkg.Dir.##2#3{Array{Any,1},Base.Pkg.Entry.#test,Tuple{Array{AbstractString,1}}})() at ./pkg/dir.jl:31
 in cd(::Base.Pkg.Dir.##2#3{Array{Any,1},Base.Pkg.Entry.#test,Tuple{Array{AbstractString,1}}}, ::String) at ./file.jl:59
 in #cd#1(::Array{Any,1}, ::Function, ::Function, ::Array{AbstractString,1}, ::Vararg{Array{AbstractString,1},N}) at ./pkg/dir.jl:31
 in (::Base.Pkg.Dir.#kw##cd)(::Array{Any,1}, ::Base.Pkg.Dir.#cd, ::Function, ::Array{AbstractString,1}, ::Vararg{Array{AbstractString,1},N}) at ./<missing>:0
 in #test#3(::Bool, ::Function, ::String, ::Vararg{String,N}) at ./pkg/pkg.jl:258
 in test(::String, ::Vararg{String,N}) at ./pkg/pkg.jl:258
 in eval(::Module, ::Any) at ./boot.jl:234
 in process_options(::Base.JLOptions) at ./client.jl:239
 in _start() at ./client.jl:318

>>> End of log
