>>> 'Pkg.add("VStatistic")' log
INFO: Cloning cache of VStatistic from https://github.com/fdabl/VStatistic.jl.git
INFO: Installing BinDeps v0.6.0
INFO: Installing GSL v0.3.6
INFO: Installing SHA v0.3.3
INFO: Installing URIParser v0.2.0
INFO: Installing VStatistic v1.0.0
INFO: Building GSL
INFO: Package database updated
INFO: METADATA is out-of-date — you may not have the latest version of VStatistic
INFO: Use `Pkg.update()` to get the latest versions of your packages

>>> 'Pkg.test("VStatistic")' log
Julia Version 0.5.2
Commit f4c6c9d (2017-05-06 16:34 UTC)
Platform Info:
  OS: Linux (x86_64-pc-linux-gnu)
  CPU: Intel(R) Xeon(R) CPU E3-1241 v3 @ 3.50GHz
  WORD_SIZE: 64
           Ubuntu 14.04.5 LTS
  uname: Linux 3.13.0-129-generic #178-Ubuntu SMP Fri Aug 11 12:48:20 UTC 2017 x86_64 x86_64
Memory: 2.9392738342285156 GB (444.94140625 MB free)
Uptime: 55298.0 sec
Load Avg:  0.97314453125  1.0947265625  1.07666015625
Intel(R) Xeon(R) CPU E3-1241 v3 @ 3.50GHz: 
       speed         user         nice          sys         idle          irq
#1  3500 MHz    3457832 s       6982 s     345094 s    1069037 s        115 s
#2  3500 MHz    1171556 s        161 s     143982 s    4076475 s          1 s

  BLAS: libopenblas (USE64BITINT DYNAMIC_ARCH NO_AFFINITY Nehalem)
  LAPACK: libopenblas64_
  LIBM: libopenlibm
  LLVM: libLLVM-3.7.1 (ORCJIT, haswell)
Environment:
  TERM = vt100
  LD_LIBRARY_PATH = :/usr/local/lib/
  PATH = /usr/local/sbin:/usr/local/bin:/usr/sbin:/usr/bin:/sbin:/bin:/usr/games:/usr/local/games:/home/vagrant/julia/bin/
  JAVA_HOME = /usr/lib/jvm/java-8-openjdk-amd64
  HOME = /home/vagrant

Package Directory: /home/vagrant/.julia/v0.5
2 required packages:
 - JSON                          0.13.0
 - VStatistic                    1.0.0
5 additional packages:
 - BinDeps                       0.6.0
 - Compat                        0.31.0
 - GSL                           0.3.6
 - SHA                           0.3.3
 - URIParser                     0.2.0
INFO: Testing VStatistic
INFO: VStatistic tests passed

>>> End of log
