>>> 'Pkg.add("WAV")' log
INFO: Installing Docile v0.5.23
INFO: Installing FileIO v0.0.6
INFO: Installing WAV v0.7.0
INFO: Package database updated

>>> 'Pkg.test("WAV")' log
Julia Version 0.3.12
Commit 80aa779 (2015-10-26 12:41 UTC)
Platform Info:
  System: Linux (x86_64-unknown-linux-gnu)
  CPU: Intel(R) Xeon(R) CPU E3-1241 v3 @ 3.50GHz
  WORD_SIZE: 64
           Ubuntu 14.04.5 LTS
  uname: Linux 3.13.0-95-generic #142-Ubuntu SMP Fri Aug 12 17:00:09 UTC 2016 x86_64 x86_64
Memory: 2.4471054077148438 GB (452.8515625 MB free)
Uptime: 25020.0 sec
Load Avg:  0.9697265625  1.0009765625  1.029296875
Intel(R) Xeon(R) CPU E3-1241 v3 @ 3.50GHz: 
       speed         user         nice          sys         idle          irq
#1  3500 MHz    1010986 s       4722 s     113544 s    1067626 s         58 s
#2  3500 MHz     740913 s       3026 s      92306 s    1515576 s          2 s

  BLAS: libopenblas (USE64BITINT DYNAMIC_ARCH NO_AFFINITY Nehalem)
  LAPACK: libopenblas
  LIBM: libopenlibm
  LLVM: libLLVM-3.3
Environment:
  TERM = vt100
  LD_LIBRARY_PATH = :/usr/local/lib/
  PATH = /usr/local/sbin:/usr/local/bin:/usr/sbin:/usr/bin:/sbin:/bin:/usr/games:/usr/local/games:/home/vagrant/julia/bin/
  JAVA_HOME = /usr/lib/jvm/java-7-oracle
  HOME = /home/vagrant

Package Directory: /home/vagrant/.julia/v0.3
3 required packages:
 - Dates                         0.3.2
 - JSON                          0.6.1
 - WAV                           0.7.0
3 additional packages:
 - Compat                        0.8.8
 - Docile                        0.5.23
 - FileIO                        0.0.6
INFO: Testing WAV
INFO: WAV tests passed
INFO: No packages to install, update or remove

>>> End of log
