>>> 'Pkg.add("WCSLIB")' log

WARNING: deprecated syntax "[a=>b, ...]" at /home/idunning/pkgtest/.julia/v0.4/WCSLIB/deps/build.jl:28.
Use "Dict(a=>b, ...)" instead.
  % Total    % Received % Xferd  Average Speed   Time    Time     Time  Current
                                 Dload  Upload   Total   Spent    Left  Speed
  0     0    0     0    0     0      0      0 --:--:-- --:--:-- --:--:--     0  0     0    0     0    0     0      0      0 --:--:-- --:--:-- --:--:--     0  0     0    0     0    0     0      0      0 --:--:--  0:00:01 --:--:--     0  0     0    0     0    0     0      0      0 --:--:--  0:00:02 --:--:--     0  0 1832k    0  5472    0     0   1516      0  0:20:37  0:00:03  0:20:34  1516  9 1832k    9  172k    0     0  36760      0  0:00:51  0:00:04  0:00:47 36757 17 1832k   17  315k    0     0  56117      0  0:00:33  0:00:05  0:00:28 64019 29 1832k   29  542k    0     0  82822      0  0:00:22  0:00:06  0:00:16  108k 43 1832k   43  801k    0     0   104k      0  0:00:17  0:00:07  0:00:10  158k 57 1832k   57 1055k    0     0   122k      0  0:00:14  0:00:08  0:00:06  209k 73 1832k   73 1338k    0     0   139k      0  0:00:13  0:00:09  0:00:04  243k 89 1832k   89 1639k    0     0   152k      0  0:00:12  0:00:10  0:00:02  264k100 1832k  100 1832k    0     0   162k      0  0:00:11  0:00:11 --:--:--  281k
checking build system type... x86_64-unknown-linux-gnu
checking for flex... flex
configure: Using Flex version 2.5.39.
checking for gcc... gcc
checking for C compiler default output file name... a.out
checking whether the C compiler works... yes
checking whether we are cross compiling... no
checking for suffix of executables... 
checking for suffix of object files... o
checking whether we are using the GNU C compiler... yes
checking whether gcc accepts -g... yes
checking for gcc option to accept ISO C89... none needed
checking how to run the C preprocessor... gcc -E
checking for gcc... (cached) gcc
... truncated ...
rm -f /home/idunning/pkgtest/.julia/v0.4/WCSLIB/deps/usr/include/wcslib
ln -s wcslib-4.23 /home/idunning/pkgtest/.julia/v0.4/WCSLIB/deps/usr/include/wcslib
make[2]: Leaving directory '/home/idunning/pkgtest/.julia/v0.4/WCSLIB/deps/src/wcslib-4.23/C'
/usr/bin/install -c -m 444 *.inc /home/idunning/pkgtest/.julia/v0.4/WCSLIB/deps/usr/include/wcslib-4.23
make[1]: Leaving directory '/home/idunning/pkgtest/.julia/v0.4/WCSLIB/deps/src/wcslib-4.23/Fortran'
make[1]: Entering directory '/home/idunning/pkgtest/.julia/v0.4/WCSLIB/deps/src/wcslib-4.23/utils'

gcc -std=gnu99 -DHAVE_CONFIG_H -I.. -I../C -g -O2 -c -o fitshdr.o fitshdr.c
gcc -std=gnu99 -o fitshdr fitshdr.o -L/usr/local/lib -lm 
if [ ! -d "/home/idunning/pkgtest/.julia/v0.4/WCSLIB/deps/usr/bin" ] ; then  
     /usr/bin/install -c -d -m 2775 /home/idunning/pkgtest/.julia/v0.4/WCSLIB/deps/usr/bin ;  
   fi
/usr/bin/install -c -m 755 fitshdr /home/idunning/pkgtest/.julia/v0.4/WCSLIB/deps/usr/bin
if [ ! -d "/home/idunning/pkgtest/.julia/v0.4/WCSLIB/deps/usr/share/man" ] ; then  
     /usr/bin/install -c -d -m 2775 /home/idunning/pkgtest/.julia/v0.4/WCSLIB/deps/usr/share/man/man1 ;  
   fi
/usr/bin/install -c -m 644 fitshdr.1 /home/idunning/pkgtest/.julia/v0.4/WCSLIB/deps/usr/share/man/man1
make[1]: Leaving directory '/home/idunning/pkgtest/.julia/v0.4/WCSLIB/deps/src/wcslib-4.23/utils'
/usr/bin/install -c -m 444 wcsconfig.h wcsconfig_f77.h /home/idunning/pkgtest/.julia/v0.4/WCSLIB/deps/usr/include/wcslib-4.23
if [ ! -d "/home/idunning/pkgtest/.julia/v0.4/WCSLIB/deps/usr/share/doc/wcslib-4.23" ] ; then  
     /usr/bin/install -c -d -m 2775 /home/idunning/pkgtest/.julia/v0.4/WCSLIB/deps/usr/share/doc/wcslib-4.23 ;  
   fi
/usr/bin/install -c -m 444 CHANGES COPYING* README /home/idunning/pkgtest/.julia/v0.4/WCSLIB/deps/usr/share/doc/wcslib-4.23
if [ -h /home/idunning/pkgtest/.julia/v0.4/WCSLIB/deps/usr/share/doc/wcslib ] ; then  
     rm -f /home/idunning/pkgtest/.julia/v0.4/WCSLIB/deps/usr/share/doc/wcslib ;  
     ln -s wcslib-4.23 /home/idunning/pkgtest/.julia/v0.4/WCSLIB/deps/usr/share/doc/wcslib ;  
   fi
if [ ! -d "/home/idunning/pkgtest/.julia/v0.4/WCSLIB/deps/usr/share/doc/wcslib-4.23" ] ; then  
     /usr/bin/install -c -d -m 2775 /home/idunning/pkgtest/.julia/v0.4/WCSLIB/deps/usr/share/doc/wcslib-4.23 ;  
   fi
/usr/bin/install -c -m 444 wcslib.pdf /home/idunning/pkgtest/.julia/v0.4/WCSLIB/deps/usr/share/doc/wcslib-4.23
if [ ! -d "/home/idunning/pkgtest/.julia/v0.4/WCSLIB/deps/usr/share/doc/wcslib-4.23/html" ] ; then  
     /usr/bin/install -c -d -m 2775 /home/idunning/pkgtest/.julia/v0.4/WCSLIB/deps/usr/share/doc/wcslib-4.23/html ;  
   fi
/usr/bin/install -c -m 444 html/* /home/idunning/pkgtest/.julia/v0.4/WCSLIB/deps/usr/share/doc/wcslib-4.23/html
if [ ! -d "/home/idunning/pkgtest/.julia/v0.4/WCSLIB/deps/usr/lib/pkgconfig" ] ; then  
     /usr/bin/install -c -d -m 2775 /home/idunning/pkgtest/.julia/v0.4/WCSLIB/deps/usr/lib/pkgconfig ;  
   fi
/usr/bin/install -c -m 444 wcslib.pc /home/idunning/pkgtest/.julia/v0.4/WCSLIB/deps/usr/lib/pkgconfig/wcslib.pc
INFO: Installing WCSLIB v0.1.4
INFO: Building WCSLIB
INFO: Attempting to Create directory /home/idunning/pkgtest/.julia/v0.4/WCSLIB/deps/downloads
INFO: Downloading file ftp://ftp.atnf.csiro.au/pub/software/wcslib/wcslib-4.23.tar.bz2
INFO: Done downloading file ftp://ftp.atnf.csiro.au/pub/software/wcslib/wcslib-4.23.tar.bz2
INFO: Attempting to Create directory /home/idunning/pkgtest/.julia/v0.4/WCSLIB/deps/src
INFO: Attempting to Create directory /home/idunning/pkgtest/.julia/v0.4/WCSLIB/deps
INFO: Directory /home/idunning/pkgtest/.julia/v0.4/WCSLIB/deps already created
INFO: Attempting to Create directory /home/idunning/pkgtest/.julia/v0.4/WCSLIB/deps/src/wcslib-4.23
INFO: Changing Directory to /home/idunning/pkgtest/.julia/v0.4/WCSLIB/deps/src/wcslib-4.23
INFO: Package database updated

>>> 'using WCSLIB' log
Julia Version 0.4.0-dev+1986
Commit 1b9041c (2014-12-08 08:41 UTC)
Platform Info:
  System: Linux (x86_64-unknown-linux-gnu)
  CPU: Intel(R) Xeon(R) CPU E5-2650 0 @ 2.00GHz
  WORD_SIZE: 64
  BLAS: libopenblas (USE64BITINT DYNAMIC_ARCH NO_AFFINITY Sandybridge)
  LAPACK: libopenblas
  LIBM: libopenlibm
  LLVM: libLLVM-3.3

>>> test log
INFO: Testing WCSLIB
INFO: WCSLIB tests passed
INFO: No packages to install, update or remove

>>> end of log
