>>> 'Pkg.add("Weber")' log
INFO: Cloning cache of LibSndFile from https://github.com/JuliaAudio/LibSndFile.jl.git
INFO: Cloning cache of Weber from https://github.com/haberdashPI/Weber.jl.git
INFO: Installing ArgParse v0.4.0
INFO: Installing AxisArrays v0.0.4
INFO: Installing BinDeps v0.4.7
INFO: Installing Calculus v0.2.0
INFO: Installing CatIndices v0.0.2
INFO: Installing ColorTypes v0.3.4
INFO: Installing ColorVectorSpace v0.4.0
INFO: Installing Colors v0.7.3
INFO: Installing ComputationalResources v0.0.2
INFO: Installing Conda v0.5.1
INFO: Installing CustomUnitRanges v0.0.4
INFO: Installing DSP v0.1.1
INFO: Installing DataStructures v0.5.3
INFO: Installing Distributions v0.12.1
INFO: Installing FFTViews v0.0.2
INFO: Installing FileIO v0.3.0
INFO: Installing FixedPointNumbers v0.3.4
INFO: Installing Graphics v0.1.3
INFO: Installing Hiccup v0.1.1
INFO: Installing ImageAxes v0.1.0
INFO: Installing ImageCore v0.1.4
INFO: Installing ImageFiltering v0.1.2
INFO: Installing ImageMetadata v0.2.0
INFO: Installing Images v0.7.0
INFO: Installing IndirectArrays v0.1.1
INFO: Installing IntervalSets v0.0.3
INFO: Installing Iterators v0.3.0
INFO: Installing Juno v0.2.6
INFO: Installing Lazy v0.11.5
INFO: Installing LibSndFile v0.5.1
INFO: Installing MacroTools v0.3.4
INFO: Installing MappedArrays v0.0.6
INFO: Installing Media v0.2.5
INFO: Installing OffsetArrays v0.2.14
INFO: Installing PDMats v0.5.6
INFO: Installing Polynomials v0.1.2
INFO: Installing PyCall v1.10.0
INFO: Installing QuadGK v0.1.1
INFO: Installing RangeArrays v0.1.2
INFO: Installing Reexport v0.0.3
INFO: Installing Rmath v0.1.6
INFO: Installing SHA v0.3.1
INFO: Installing SIUnits v0.1.0
INFO: Installing SampledSignals v0.3.1
INFO: Installing ShowItLikeYouBuildIt v0.0.1
INFO: Installing SimpleTraits v0.3.0
INFO: Installing SpecialFunctions v0.1.1
INFO: Installing StaticArrays v0.3.0
INFO: Installing StatsBase v0.13.1
INFO: Installing StatsFuns v0.4.0
INFO: Installing TexExtensions v0.0.3
INFO: Installing TextWrap v0.1.6
INFO: Installing TiledIteration v0.0.2
INFO: Installing URIParser v0.1.8
INFO: Installing Weber v0.3.7
INFO: Building Conda
INFO: Building Rmath
INFO: Building LibSndFile
WARNING: `@osx_only` is deprecated, use `@static if is_apple()` instead
 in depwarn(::String, ::Symbol) at ./deprecated.jl:64
 in @osx_only(::Any) at ./deprecated.jl:496
 in include_from_node1(::String) at ./loading.jl:488
 in evalfile(::String, ::Array{String,1}) at ./loading.jl:504 (repeats 2 times)
 in cd(::##2#4, ::String) at ./file.jl:59
 in (::##1#3)(::IOStream) at ./none:13
 in open(::##1#3, ::String, ::String) at ./iostream.jl:113
 in eval(::Module, ::Any) at ./boot.jl:234
 in process_options(::Base.JLOptions) at ./client.jl:239
 in _start() at ./client.jl:318
while loading /home/vagrant/.julia/v0.5/LibSndFile/deps/build.jl, in expression starting on line 13
INFO: Building PyCall
INFO: Using the Python distribution in the Conda package by default.
To use a different Python version, set ENV["PYTHON"]="pythoncommand" and re-run Pkg.build("PyCall").
Fetching package metadata ....
WARNING: The remote server could not find the noarch directory for the
requested channel with url: https://conda.anaconda.org/poliastro

It is possible you have given conda an invalid channel. Please double-check
your conda configuration using `conda config --show`.

If the requested url is in fact a valid conda channel, please request that the
channel administrator create `noarch/repodata.json` and associated
`noarch/repodata.json.bz2` files, even if `noarch/repodata.json` is empty.
$ mkdir noarch
$ echo '{}' > noarch/repodata.json
$ bzip2 -k noarch/repodata.json
.......
Solving package specifications: .

# All requested packages already installed.
# packages in environment at /home/vagrant/.julia/v0.5/Conda/deps/usr:
#
numpy                     1.12.0                   py27_0  
INFO: PyCall is using /home/vagrant/.julia/v0.5/Conda/deps/usr/bin/python (Python 2.7.13) at /home/vagrant/.julia/v0.5/Conda/deps/usr/bin/python, libpython = /home/vagrant/.julia/v0.5/Conda/deps/usr/lib/libpython2.7
INFO: /home/vagrant/.julia/v0.5/PyCall/deps/deps.jl has not changed
INFO: /home/vagrant/.julia/v0.5/PyCall/deps/PYTHON has not changed
INFO: Building Weber
================================[ ERROR: Weber ]================================

LoadError: Weber does not support Linux. You can try manually installing SDL2, SDL2_mixer, and SDL2_ttf, and then creating an appropriate deps.jl file in /home/vagrant/.julia/v0.5/Weber/deps. Be warned however that I have encountered strange runtime errors with the linux implementation, possibly related to SDL2 problems.
while loading /home/vagrant/.julia/v0.5/Weber/deps/build.jl, in expression starting on line 58

================================================================================

================================[ BUILD ERRORS ]================================

WARNING: Weber had build errors.

 - packages with build errors remain installed in /home/vagrant/.julia/v0.5
 - build the package(s) and all dependencies with `Pkg.build("Weber")`
 - build a single package by running its `deps/build.jl` script

================================================================================
INFO: Package database updated
INFO: METADATA is out-of-date — you may not have the latest version of Weber
INFO: Use `Pkg.update()` to get the latest versions of your packages

>>> 'Pkg.test("Weber")' log
Julia Version 0.5.0
Commit 3c9d753 (2016-09-19 18:14 UTC)
Platform Info:
  System: Linux (x86_64-pc-linux-gnu)
  CPU: Intel(R) Xeon(R) CPU E3-1241 v3 @ 3.50GHz
  WORD_SIZE: 64
           Ubuntu 14.04.5 LTS
  uname: Linux 3.13.0-109-generic #156-Ubuntu SMP Wed Feb 8 16:09:17 UTC 2017 x86_64 x86_64
Memory: 2.9392738342285156 GB (757.50390625 MB free)
Uptime: 42700.0 sec
Load Avg:  0.947265625  0.53955078125  0.6298828125
Intel(R) Xeon(R) CPU E3-1241 v3 @ 3.50GHz: 
       speed         user         nice          sys         idle          irq
#1  3499 MHz    2459218 s       3488 s     214514 s    1100767 s        160 s
#2  3499 MHz     842955 s       3801 s     110027 s    3163077 s          4 s

  BLAS: libopenblas (USE64BITINT DYNAMIC_ARCH NO_AFFINITY Nehalem)
  LAPACK: libopenblas64_
  LIBM: libopenlibm
  LLVM: libLLVM-3.7.1 (ORCJIT, haswell)
Environment:
  TERM = vt100
  LD_LIBRARY_PATH = :/usr/local/lib/
  PATH = /usr/local/sbin:/usr/local/bin:/usr/sbin:/usr/bin:/sbin:/bin:/usr/games:/usr/local/games:/home/vagrant/julia/bin/
  JAVA_HOME = /usr/lib/jvm/java-7-oracle
  HOME = /home/vagrant

Package Directory: /home/vagrant/.julia/v0.5
2 required packages:
 - JSON                          0.8.3
 - Weber                         0.3.7
55 additional packages:
 - ArgParse                      0.4.0
 - AxisArrays                    0.0.4
 - BinDeps                       0.4.7
 - Calculus                      0.2.0
 - CatIndices                    0.0.2
 - ColorTypes                    0.3.4
 - ColorVectorSpace              0.4.0
 - Colors                        0.7.3
 - Compat                        0.19.0
 - ComputationalResources        0.0.2
 - Conda                         0.5.1
 - CustomUnitRanges              0.0.4
 - DSP                           0.1.1
 - DataStructures                0.5.3
 - Distributions                 0.12.1
 - FFTViews                      0.0.2
 - FileIO                        0.3.0
 - FixedPointNumbers             0.3.4
 - Graphics                      0.1.3
 - Hiccup                        0.1.1
 - ImageAxes                     0.1.0
 - ImageCore                     0.1.4
 - ImageFiltering                0.1.2
 - ImageMetadata                 0.2.0
 - Images                        0.7.0
 - IndirectArrays                0.1.1
 - IntervalSets                  0.0.3
 - Iterators                     0.3.0
 - Juno                          0.2.6
 - Lazy                          0.11.5
 - LibSndFile                    0.5.1
 - MacroTools                    0.3.4
 - MappedArrays                  0.0.6
 - Media                         0.2.5
 - OffsetArrays                  0.2.14
 - PDMats                        0.5.6
 - Polynomials                   0.1.2
 - PyCall                        1.10.0
 - QuadGK                        0.1.1
 - RangeArrays                   0.1.2
 - Reexport                      0.0.3
 - Rmath                         0.1.6
 - SHA                           0.3.1
 - SIUnits                       0.1.0
 - SampledSignals                0.3.1
 - ShowItLikeYouBuildIt          0.0.1
 - SimpleTraits                  0.3.0
 - SpecialFunctions              0.1.1
 - StaticArrays                  0.3.0
 - StatsBase                     0.13.1
 - StatsFuns                     0.4.0
 - TexExtensions                 0.0.3
 - TextWrap                      0.1.6
 - TiledIteration                0.0.2
 - URIParser                     0.1.8
INFO: Testing Weber
ERROR: LoadError: Weber not properly installed. Please run
Pkg.build("Weber")
 in error(::String) at ./error.jl:21
 in include_from_node1(::String) at ./loading.jl:488
 in macro expansion; at ./none:2 [inlined]
 in anonymous at ./<missing>:?
 in eval(::Module, ::Any) at ./boot.jl:234
 in process_options(::Base.JLOptions) at ./client.jl:239
 in _start() at ./client.jl:318
while loading /home/vagrant/.julia/v0.5/Weber/src/Weber.jl, in expression starting on line 69
ERROR: LoadError: Failed to precompile Weber to /home/vagrant/.julia/lib/v0.5/Weber.ji.
 in compilecache(::String) at ./loading.jl:593
 in require(::Symbol) at ./loading.jl:422
 in include_from_node1(::String) at ./loading.jl:488
 in process_options(::Base.JLOptions) at ./client.jl:262
 in _start() at ./client.jl:318
while loading /home/vagrant/.julia/v0.5/Weber/test/runtests.jl, in expression starting on line 1
================================[ ERROR: Weber ]================================

failed process: Process(`/home/vagrant/julia/bin/julia -Cx86-64 -J/home/vagrant/julia/lib/julia/sys.so --compile=yes --depwarn=yes --check-bounds=yes --code-coverage=none --color=no --compilecache=yes /home/vagrant/.julia/v0.5/Weber/test/runtests.jl`, ProcessExited(1)) [1]

================================================================================
ERROR: Weber had test errors
 in #test#61(::Bool, ::Function, ::Array{AbstractString,1}) at ./pkg/entry.jl:740
 in (::Base.Pkg.Entry.#kw##test)(::Array{Any,1}, ::Base.Pkg.Entry.#test, ::Array{AbstractString,1}) at ./<missing>:0
 in (::Base.Pkg.Dir.##2#3{Array{Any,1},Base.Pkg.Entry.#test,Tuple{Array{AbstractString,1}}})() at ./pkg/dir.jl:31
 in cd(::Base.Pkg.Dir.##2#3{Array{Any,1},Base.Pkg.Entry.#test,Tuple{Array{AbstractString,1}}}, ::String) at ./file.jl:59
 in #cd#1(::Array{Any,1}, ::Function, ::Function, ::Array{AbstractString,1}, ::Vararg{Array{AbstractString,1},N}) at ./pkg/dir.jl:31
 in (::Base.Pkg.Dir.#kw##cd)(::Array{Any,1}, ::Base.Pkg.Dir.#cd, ::Function, ::Array{AbstractString,1}, ::Vararg{Array{AbstractString,1},N}) at ./<missing>:0
 in #test#3(::Bool, ::Function, ::String, ::Vararg{String,N}) at ./pkg/pkg.jl:258
 in test(::String, ::Vararg{String,N}) at ./pkg/pkg.jl:258
 in eval(::Module, ::Any) at ./boot.jl:234
 in process_options(::Base.JLOptions) at ./client.jl:239
 in _start() at ./client.jl:318

>>> End of log
