>>> 'Pkg.add("WeberCedrus")' log
WARNING: Base.Pkg is deprecated, run `using Pkg` instead
 in module Main
[ Info: Cloning cache of WeberCedrus from https://github.com/haberdashPI/WeberCedrus.jl.git
[ Info: Installing AbstractFFTs v0.2.1
[ Info: Installing ArgParse v0.5.0
[ Info: Installing AxisAlgorithms v0.2.0
[ Info: Installing AxisArrays v0.2.1
[ Info: Installing BinDeps v0.8.6
[ Info: Installing Calculus v0.2.2
[ Info: Installing CatIndices v0.1.0
[ Info: Installing ColorTypes v0.6.7
[ Info: Installing ColorVectorSpace v0.5.2
[ Info: Installing Colors v0.8.2
[ Info: Installing ComputationalResources v0.2.0
[ Info: Installing Conda v0.7.1
[ Info: Installing CoordinateTransformations v0.4.1
[ Info: Installing CustomUnitRanges v0.1.0
[ Info: Installing DSP v0.3.4
[ Info: Installing DataStructures v0.7.4
[ Info: Installing Distributions v0.15.0
[ Info: Installing DualNumbers v0.3.0
[ Info: Installing FFTViews v0.1.0
[ Info: Installing FFTW v0.1.2
[ Info: Installing FileIO v0.7.0
[ Info: Installing FixedPointNumbers v0.4.6
[ Info: Installing Graphics v0.2.0
[ Info: Installing IdentityRanges v0.1.0
[ Info: Installing ImageAxes v0.4.0
[ Info: Installing ImageCore v0.5.0
[ Info: Installing ImageFiltering v0.2.3
[ Info: Installing ImageMetadata v0.4.0
[ Info: Installing ImageMorphology v0.0.2
[ Info: Installing ImageTransformations v0.4.1
[ Info: Installing Images v0.12.0
[ Info: Installing IndirectArrays v0.3.0
[ Info: Installing Interpolations v0.7.3
[ Info: Installing IntervalSets v0.1.1
[ Info: Installing IterTools v0.2.1
[ Info: Installing Juno v0.4.0
[ Info: Installing LRUCache v0.0.1
[ Info: Installing Lazy v0.12.0
[ Info: Installing LibSndFile v1.0.0
[ Info: Installing MacroTools v0.4.0
[ Info: Installing MappedArrays v0.0.7
[ Info: Installing Media v0.3.0
[ Info: Installing Missings v0.2.6
[ Info: Installing NaNMath v0.3.1
[ Info: Installing OffsetArrays v0.5.0
[ Info: Installing PDMats v0.8.0
[ Info: Installing PaddedViews v0.3.0
[ Info: Installing Polynomials v0.2.1
[ Info: Installing PyCall v1.15.0
[ Info: Installing QuadGK v0.2.0
[ Info: Installing RangeArrays v0.2.0
[ Info: Installing Ratios v0.2.0
[ Info: Installing Reexport v0.1.0
[ Info: Installing Requires v0.4.3
[ Info: Installing Rmath v0.3.2
[ Info: Installing Rotations v0.6.1
[ Info: Installing SHA v0.5.6
[ Info: Installing SIUnits v0.1.0
[ Info: Installing SampledSignals v1.1.2
[ Info: Installing ShowItLikeYouBuildIt v0.2.0
[ Info: Installing SimpleTraits v0.5.1
[ Info: Installing SortingAlgorithms v0.2.0
[ Info: Installing SpecialFunctions v0.3.8
[ Info: Installing StaticArrays v0.6.6
[ Info: Installing StatsBase v0.20.0
[ Info: Installing StatsFuns v0.5.0
[ Info: Installing TexExtensions v0.1.0
[ Info: Installing TextWrap v0.2.0
[ Info: Installing TiledIteration v0.1.0
[ Info: Installing URIParser v0.3.0
[ Info: Installing Unitful v0.7.1
[ Info: Installing Weber v0.5.5
[ Info: Installing WeberCedrus v0.1.0
[ Info: Installing WoodburyMatrices v0.2.2
[ Info: Building SpecialFunctions
┌ Warning: `isalnum(c::Char)` is deprecated, use `isalpha(c) || isnumeric(c)` instead.
│   caller = is_userinfo_char at parser.jl:4 [inlined]
└ @ Core parser.jl:4
┌ Warning: `isalnum(c::Char)` is deprecated, use `isalpha(c) || isnumeric(c)` instead.
│   caller = is_host_char at parser.jl:8 [inlined]
└ @ Core parser.jl:8
┌ Warning: `isalnum(c::Char)` is deprecated, use `isalpha(c) || isnumeric(c)` instead.
│   caller = is_host_char at parser.jl:8 [inlined]
└ @ Core parser.jl:8
WARNING: importing deprecated binding Base.Associative into BinDeps.
WARNING: Base.Associative is deprecated, use AbstractDict instead.
  likely near /home/vagrant/.julia/v0.7/SpecialFunctions/deps/binaries.jl:44
in @install at /home/vagrant/.julia/v0.7/BinDeps/src/dependencies.jl
[ Info: Building Conda
┌ Warning: `isdefined(:symbol)` is deprecated, use `@isdefined symbol` instead
│   caller = ip:0x0
└ @ Core :-1
┌ Warning: `readstring(filename::AbstractString)` is deprecated, use `read(filename, String)` instead.
│   caller = top-level scope
└ @ Core :0
[ Info: Building FFTW
WARNING: importing deprecated binding Base.Libdl into __anon__.
WARNING: Base.Libdl is deprecated, run `using Libdl` instead
  likely near /home/vagrant/.julia/v0.7/FFTW/deps/build_fftw.jl:36
WARNING: Base.Libdl is deprecated, run `using Libdl` instead
  likely near /home/vagrant/.julia/v0.7/FFTW/deps/build_fftw.jl:36
WARNING: Base.Libdl is deprecated, run `using Libdl` instead
  likely near /home/vagrant/.julia/v0.7/FFTW/deps/build_fftw.jl:36
WARNING: Base.Libdl is deprecated, run `using Libdl` instead
  likely near /home/vagrant/.julia/v0.7/FFTW/deps/build_fftw.jl:36
WARNING: Base.Libdl is deprecated, run `using Libdl` instead
  likely near /home/vagrant/.julia/v0.7/FFTW/deps/build_fftw.jl:36
WARNING: Base.Libdl is deprecated, run `using Libdl` instead
  likely near /home/vagrant/.julia/v0.7/FFTW/deps/build_fftw.jl:36
WARNING: Base.Libdl is deprecated, run `using Libdl` instead
  likely near /home/vagrant/.julia/v0.7/FFTW/deps/build_fftw.jl:36
WARNING: Base.Libdl is deprecated, run `using Libdl` instead
  likely near /home/vagrant/.julia/v0.7/FFTW/deps/build_fftw.jl:36
WARNING: Base.Libdl is deprecated, run `using Libdl` instead
  likely near /home/vagrant/.julia/v0.7/FFTW/deps/build_fftw.jl:36
in makealiases at /home/vagrant/.julia/v0.7/FFTW/deps/build_fftw.jl
WARNING: Base.Libdl is deprecated, run `using Libdl` instead
  likely near /home/vagrant/.julia/v0.7/FFTW/deps/build_fftw.jl:36
in makealiases at /home/vagrant/.julia/v0.7/FFTW/deps/build_fftw.jl
┌ Warning: `replace(s::AbstractString, pat, f)` is deprecated, use `replace(s, pat => f)` instead.
│   caller = makealiases(::String) at build_fftw.jl:26
└ @ Main.__anon__ build_fftw.jl:26
┌ Warning: `isalnum(c::Char)` is deprecated, use `isalpha(c) || isnumeric(c)` instead.
│   caller = is_userinfo_char at parser.jl:4 [inlined]
└ @ Core parser.jl:4
┌ Warning: `isalnum(c::Char)` is deprecated, use `isalpha(c) || isnumeric(c)` instead.
│   caller = is_host_char at parser.jl:8 [inlined]
└ @ Core parser.jl:8
┌ Warning: `isalnum(c::Char)` is deprecated, use `isalpha(c) || isnumeric(c)` instead.
│   caller = is_host_char at parser.jl:8 [inlined]
└ @ Core parser.jl:8
WARNING: importing deprecated binding Base.Associative into BinDeps.
WARNING: Base.Associative is deprecated, use AbstractDict instead.
  likely near /home/vagrant/.julia/v0.7/FFTW/deps/build_fftw.jl:112
in @install at /home/vagrant/.julia/v0.7/BinDeps/src/dependencies.jl
[ Info: Building Rmath
┌ Warning: `isalnum(c::Char)` is deprecated, use `isalpha(c) || isnumeric(c)` instead.
│   caller = is_userinfo_char at parser.jl:4 [inlined]
└ @ Core parser.jl:4
┌ Warning: `isalnum(c::Char)` is deprecated, use `isalpha(c) || isnumeric(c)` instead.
│   caller = is_host_char at parser.jl:8 [inlined]
└ @ Core parser.jl:8
┌ Warning: `isalnum(c::Char)` is deprecated, use `isalpha(c) || isnumeric(c)` instead.
│   caller = is_host_char at parser.jl:8 [inlined]
└ @ Core parser.jl:8
WARNING: importing deprecated binding Base.Associative into BinDeps.
WARNING: Base.Associative is deprecated, use AbstractDict instead.
  likely near /home/vagrant/.julia/v0.7/Rmath/deps/build.jl:47
in @install at /home/vagrant/.julia/v0.7/BinDeps/src/dependencies.jl
[ Info: Building LibSndFile
┌ Error: ------------------------------------------------------------
│ # Build failed for LibSndFile
│   exception =
│    LoadError: UndefVarError: JULIA_HOME not defined
│    Stacktrace:
│     [1] top-level scope
│     [2] include at ./boot.jl:295 [inlined]
│     [3] include_relative(::Module, ::String) at ./loading.jl:1060
│     [4] include at ./sysimg.jl:27 [inlined]
│     [5] include(::String) at ./loading.jl:1094
│     [6] top-level scope
│     [7] eval at ./boot.jl:298 [inlined]
│     [8] eval at ./sysimg.jl:72 [inlined]
│     [9] evalfile(::String, ::Array{String,1}) at ./loading.jl:1089 (repeats 2 times)
│     [10] #2 at ./none:15 [inlined]
│     [11] cd(::getfield(, Symbol("##2#4")){String}, ::String) at ./file.jl:70
│     [12] (::getfield(, Symbol("##1#3")))(::IOStream) at ./none:14
│     [13] #open#315(::Base.Iterators.Pairs{Union{},Union{},Tuple{},NamedTuple{(),Tuple{}}}, ::Function, ::getfield(, Symbol("##1#3")), ::String, ::Vararg{String,N} where N) at ./iostream.jl:369
│     [14] open(::Function, ::String, ::String) at ./iostream.jl:367
│     [15] top-level scope
│     [16] eval at ./boot.jl:298 [inlined]
│     [17] eval(::Module, ::Expr) at ./sysimg.jl:72
│     [18] exec_options(::Base.JLOptions) at ./client.jl:309
│     [19] _start() at ./client.jl:448
│    in expression starting at /home/vagrant/.julia/v0.7/LibSndFile/deps/build.jl:5
└ @ Main none:18
[ Info: Building PyCall
┌ Warning: Deprecated syntax `immutable` at /home/vagrant/.julia/v0.7/PyCall/deps/build.jl:11.
│ Use `struct` instead.
└ @ nothing build.jl:11
┌ Warning: Deprecated syntax ``const` declaration on local variable` around /home/vagrant/.julia/v0.7/PyCall/deps/build.jl:50.
└ @ nothing build.jl:50
┌ Warning: Deprecated syntax ``const` declaration on local variable` around /home/vagrant/.julia/v0.7/PyCall/deps/build.jl:145.
└ @ nothing build.jl:145
┌ Warning: Deprecated syntax ``const` declaration on local variable` around /home/vagrant/.julia/v0.7/PyCall/deps/build.jl:187.
└ @ nothing build.jl:187
┌ Warning: Deprecated syntax ``const` declaration on local variable` around /home/vagrant/.julia/v0.7/PyCall/deps/build.jl:187.
└ @ nothing build.jl:187
┌ Warning: Deprecated syntax ``const` declaration on local variable` around /home/vagrant/.julia/v0.7/PyCall/deps/build.jl:188.
└ @ nothing build.jl:188
┌ Warning: Deprecated syntax ``const` declaration on local variable` around /home/vagrant/.julia/v0.7/PyCall/deps/build.jl:207.
└ @ nothing build.jl:207
WARNING: importing deprecated binding Base.Void into __anon__.
WARNING: Base.Void is deprecated, use Nothing instead.
  likely near /home/vagrant/.julia/v0.7/PyCall/deps/depsutils.jl:20
WARNING: Base.Void is deprecated, use Nothing instead.
  likely near /home/vagrant/.julia/v0.7/PyCall/deps/depsutils.jl:20
┌ Warning: `info()` is deprecated, use `@info` instead.
│   caller = top-level scope at build.jl:169
└ @ Core build.jl:169
INFO: Using the Python distribution in the Conda package by default.
To use a different Python version, set ENV["PYTHON"]="pythoncommand" and re-run Pkg.build("PyCall").
Fetching package metadata .................
Solving package specifications: .

# All requested packages already installed.
# packages in environment at /home/vagrant/.julia/v0.7/Conda/deps/usr:
#
numpy                     1.12.1          py27_blas_openblas_201  [blas_openblas]  conda-forge
WARNING: importing deprecated binding Base.Libdl into __anon__.
WARNING: Base.Libdl is deprecated, run `using Libdl` instead
  likely near /home/vagrant/.julia/v0.7/PyCall/deps/build.jl:187
WARNING: Base.Libdl is deprecated, run `using Libdl` instead
  likely near /home/vagrant/.julia/v0.7/PyCall/deps/build.jl:187
WARNING: Base.Libdl is deprecated, run `using Libdl` instead
  likely near /home/vagrant/.julia/v0.7/PyCall/deps/build.jl:187
WARNING: Base.Libdl is deprecated, run `using Libdl` instead
  likely near /home/vagrant/.julia/v0.7/PyCall/deps/build.jl:187
WARNING: Base.Libdl is deprecated, run `using Libdl` instead
  likely near /home/vagrant/.julia/v0.7/PyCall/deps/build.jl:187
WARNING: Base.Libdl is deprecated, run `using Libdl` instead
  likely near /home/vagrant/.julia/v0.7/PyCall/deps/build.jl:187
WARNING: Base.Libdl is deprecated, run `using Libdl` instead
  likely near /home/vagrant/.julia/v0.7/PyCall/deps/build.jl:187
WARNING: Base.Libdl is deprecated, run `using Libdl` instead
  likely near /home/vagrant/.julia/v0.7/PyCall/deps/build.jl:187
WARNING: Base.Libdl is deprecated, run `using Libdl` instead
  likely near /home/vagrant/.julia/v0.7/PyCall/deps/build.jl:187
WARNING: Base.Libdl is deprecated, run `using Libdl` instead
  likely near /home/vagrant/.julia/v0.7/PyCall/deps/build.jl:187
WARNING: Base.Libdl is deprecated, run `using Libdl` instead
  likely near /home/vagrant/.julia/v0.7/PyCall/deps/build.jl:187
WARNING: Base.Libdl is deprecated, run `using Libdl` instead
  likely near /home/vagrant/.julia/v0.7/PyCall/deps/build.jl:187
WARNING: Base.Libdl is deprecated, run `using Libdl` instead
  likely near /home/vagrant/.julia/v0.7/PyCall/deps/build.jl:187
WARNING: Base.Libdl is deprecated, run `using Libdl` instead
  likely near /home/vagrant/.julia/v0.7/PyCall/deps/build.jl:187
WARNING: Base.Libdl is deprecated, run `using Libdl` instead
  likely near /home/vagrant/.julia/v0.7/PyCall/deps/build.jl:187
WARNING: Base.Libdl is deprecated, run `using Libdl` instead
  likely near /home/vagrant/.julia/v0.7/PyCall/deps/build.jl:187
WARNING: Base.Libdl is deprecated, run `using Libdl` instead
  likely near /home/vagrant/.julia/v0.7/PyCall/deps/build.jl:187
WARNING: Base.Libdl is deprecated, run `using Libdl` instead
  likely near /home/vagrant/.julia/v0.7/PyCall/deps/build.jl:187
WARNING: Base.Libdl is deprecated, run `using Libdl` instead
  likely near /home/vagrant/.julia/v0.7/PyCall/deps/build.jl:187
WARNING: Base.Libdl is deprecated, run `using Libdl` instead
  likely near /home/vagrant/.julia/v0.7/PyCall/deps/build.jl:187
WARNING: Base.Libdl is deprecated, run `using Libdl` instead
  likely near /home/vagrant/.julia/v0.7/PyCall/deps/build.jl:187
WARNING: Base.Libdl is deprecated, run `using Libdl` instead
  likely near /home/vagrant/.julia/v0.7/PyCall/deps/build.jl:187
WARNING: Base.Libdl is deprecated, run `using Libdl` instead
  likely near /home/vagrant/.julia/v0.7/PyCall/deps/build.jl:187
WARNING: Base.Libdl is deprecated, run `using Libdl` instead
  likely near /home/vagrant/.julia/v0.7/PyCall/deps/build.jl:187
WARNING: Base.Libdl is deprecated, run `using Libdl` instead
  likely near /home/vagrant/.julia/v0.7/PyCall/deps/build.jl:187
WARNING: Base.Libdl is deprecated, run `using Libdl` instead
  likely near /home/vagrant/.julia/v0.7/PyCall/deps/build.jl:187
WARNING: Base.Libdl is deprecated, run `using Libdl` instead
  likely near /home/vagrant/.julia/v0.7/PyCall/deps/build.jl:187
WARNING: Base.Libdl is deprecated, run `using Libdl` instead
  likely near /home/vagrant/.julia/v0.7/PyCall/deps/build.jl:187
WARNING: Base.Libdl is deprecated, run `using Libdl` instead
  likely near /home/vagrant/.julia/v0.7/PyCall/deps/build.jl:187
WARNING: Base.Libdl is deprecated, run `using Libdl` instead
  likely near /home/vagrant/.julia/v0.7/PyCall/deps/build.jl:187
WARNING: Base.Libdl is deprecated, run `using Libdl` instead
  likely near /home/vagrant/.julia/v0.7/PyCall/deps/build.jl:187
WARNING: Base.Libdl is deprecated, run `using Libdl` instead
  likely near /home/vagrant/.julia/v0.7/PyCall/deps/build.jl:187
WARNING: Base.Libdl is deprecated, run `using Libdl` instead
  likely near /home/vagrant/.julia/v0.7/PyCall/deps/build.jl:187
WARNING: Base.Libdl is deprecated, run `using Libdl` instead
  likely near /home/vagrant/.julia/v0.7/PyCall/deps/build.jl:187
WARNING: Base.Libdl is deprecated, run `using Libdl` instead
  likely near /home/vagrant/.julia/v0.7/PyCall/deps/build.jl:187
WARNING: Base.Libdl is deprecated, run `using Libdl` instead
  likely near /home/vagrant/.julia/v0.7/PyCall/deps/build.jl:187
WARNING: Base.Libdl is deprecated, run `using Libdl` instead
  likely near /home/vagrant/.julia/v0.7/PyCall/deps/build.jl:187
WARNING: Base.Libdl is deprecated, run `using Libdl` instead
  likely near /home/vagrant/.julia/v0.7/PyCall/deps/build.jl:187
WARNING: Base.Libdl is deprecated, run `using Libdl` instead
  likely near /home/vagrant/.julia/v0.7/PyCall/deps/build.jl:187
WARNING: Base.Libdl is deprecated, run `using Libdl` instead
  likely near /home/vagrant/.julia/v0.7/PyCall/deps/build.jl:187
WARNING: Base.Libdl is deprecated, run `using Libdl` instead
  likely near /home/vagrant/.julia/v0.7/PyCall/deps/build.jl:187
WARNING: Base.Libdl is deprecated, run `using Libdl` instead
  likely near /home/vagrant/.julia/v0.7/PyCall/deps/build.jl:187
WARNING: Base.Libdl is deprecated, run `using Libdl` instead
  likely near /home/vagrant/.julia/v0.7/PyCall/deps/build.jl:187
WARNING: Base.Libdl is deprecated, run `using Libdl` instead
  likely near /home/vagrant/.julia/v0.7/PyCall/deps/build.jl:187
WARNING: Base.Libdl is deprecated, run `using Libdl` instead
  likely near /home/vagrant/.julia/v0.7/PyCall/deps/build.jl:187
WARNING: Base.Libdl is deprecated, run `using Libdl` instead
  likely near /home/vagrant/.julia/v0.7/PyCall/deps/build.jl:187
in find_libpython at /home/vagrant/.julia/v0.7/PyCall/deps/build.jl
WARNING: Base.Libdl is deprecated, run `using Libdl` instead
  likely near /home/vagrant/.julia/v0.7/PyCall/deps/build.jl:187
in find_libpython at /home/vagrant/.julia/v0.7/PyCall/deps/build.jl
WARNING: Base.Libdl is deprecated, run `using Libdl` instead
  likely near /home/vagrant/.julia/v0.7/PyCall/deps/build.jl:187
in find_libpython at /home/vagrant/.julia/v0.7/PyCall/deps/build.jl
WARNING: Base.Libdl is deprecated, run `using Libdl` instead
  likely near /home/vagrant/.julia/v0.7/PyCall/deps/build.jl:187
in find_libpython at /home/vagrant/.julia/v0.7/PyCall/deps/build.jl
WARNING: Base.Libdl is deprecated, run `using Libdl` instead
  likely near /home/vagrant/.julia/v0.7/PyCall/deps/build.jl:187
in find_libpython at /home/vagrant/.julia/v0.7/PyCall/deps/build.jl
WARNING: Base.Libdl is deprecated, run `using Libdl` instead
  likely near /home/vagrant/.julia/v0.7/PyCall/deps/build.jl:187
in find_libpython at /home/vagrant/.julia/v0.7/PyCall/deps/build.jl
WARNING: Base.Libdl is deprecated, run `using Libdl` instead
  likely near /home/vagrant/.julia/v0.7/PyCall/deps/build.jl:187
in find_libpython at /home/vagrant/.julia/v0.7/PyCall/deps/build.jl
WARNING: Base.Libdl is deprecated, run `using Libdl` instead
  likely near /home/vagrant/.julia/v0.7/PyCall/deps/build.jl:187
in find_libpython at /home/vagrant/.julia/v0.7/PyCall/deps/build.jl
WARNING: Base.Libdl is deprecated, run `using Libdl` instead
  likely near /home/vagrant/.julia/v0.7/PyCall/deps/build.jl:187
in find_libpython at /home/vagrant/.julia/v0.7/PyCall/deps/build.jl
┌ Warning: `readstring(cmd::AbstractCmd)` is deprecated, use `read(cmd, String)` instead.
│   caller = (::getfield(Main.__anon__, Symbol("#pyvar#2")))(::String, ::String, ::String) at build.jl:39
└ @ Main.__anon__ build.jl:39
┌ Warning: `unshift!` is deprecated, use `pushfirst!` instead.
│   caller = (::getfield(Main.__anon__, Symbol("#find_libpython#5")))(::String) at build.jl:58
└ @ Main.__anon__ build.jl:58
┌ Warning: `unshift!` is deprecated, use `pushfirst!` instead.
│   caller = (::getfield(Main.__anon__, Symbol("#find_libpython#5")))(::String) at build.jl:60
└ @ Main.__anon__ build.jl:60
┌ Warning: `unshift!` is deprecated, use `pushfirst!` instead.
│   caller = (::getfield(Main.__anon__, Symbol("#find_libpython#5")))(::String) at build.jl:60
└ @ Main.__anon__ build.jl:60
┌ Warning: `info()` is deprecated, use `@info` instead.
│   caller = top-level scope at build.jl:209
└ @ Core build.jl:209
INFO: PyCall is using /home/vagrant/.julia/v0.7/Conda/deps/usr/bin/python (Python 2.7.14) at /home/vagrant/.julia/v0.7/Conda/deps/usr/bin/python, libpython = /home/vagrant/.julia/v0.7/Conda/deps/usr/lib/libpython2.7
┌ Warning: `readstring(filename::AbstractString)` is deprecated, use `read(filename, String)` instead.
│   caller = (::getfield(Main.__anon__, Symbol("#writeifchanged#7")))(::String, ::String) at build.jl:224
└ @ Main.__anon__ build.jl:224
┌ Warning: `info()` is deprecated, use `@info` instead.
│   caller = (::getfield(Main.__anon__, Symbol("#writeifchanged#7")))(::String, ::String) at build.jl:228
└ @ Main.__anon__ build.jl:228
INFO: /home/vagrant/.julia/v0.7/PyCall/deps/deps.jl has not changed
┌ Warning: `readstring(filename::AbstractString)` is deprecated, use `read(filename, String)` instead.
│   caller = (::getfield(Main.__anon__, Symbol("#writeifchanged#7")))(::String, ::SubString{String}) at build.jl:224
└ @ Main.__anon__ build.jl:224
┌ Warning: `info()` is deprecated, use `@info` instead.
│   caller = (::getfield(Main.__anon__, Symbol("#writeifchanged#7")))(::String, ::SubString{String}) at build.jl:228
└ @ Main.__anon__ build.jl:228
INFO: /home/vagrant/.julia/v0.7/PyCall/deps/PYTHON has not changed
[ Info: Building Weber
┌ Warning: `is_windows` is deprecated, use `Sys.iswindows` instead.
│   caller = top-level scope
└ @ Core :0
┌ Warning: `is_apple` is deprecated, use `Sys.isapple` instead.
│   caller = top-level scope at build.jl:62
└ @ Core build.jl:62
┌ Warning: `is_linux` is deprecated, use `Sys.islinux` instead.
│   caller = top-level scope at build.jl:86
└ @ Core build.jl:86
┌ Error: ------------------------------------------------------------
│ # Build failed for Weber
│   exception =
│    LoadError: Weber does not support Linux. You can try manually installing SDL2, SDL2_ttf and portaudio and then creating an appropriate deps.jl file in /home/vagrant/.julia/v0.7/Weber/deps. Be warned however that I have encountered strange llvm runtime errors with the linux implementation, possibly related to SDL2 problems.
│    Stacktrace:
│     [1] error(::String, ::String, ::String, ::String, ::String) at ./error.jl:42
│     [2] top-level scope at /home/vagrant/.julia/v0.7/Weber/deps/build.jl:87
│     [3] include at ./boot.jl:295 [inlined]
│     [4] include_relative(::Module, ::String) at ./loading.jl:1060
│     [5] include at ./sysimg.jl:27 [inlined]
│     [6] include(::String) at ./loading.jl:1094
│     [7] top-level scope
│     [8] eval at ./boot.jl:298 [inlined]
│     [9] eval at ./sysimg.jl:72 [inlined]
│     [10] evalfile(::String, ::Array{String,1}) at ./loading.jl:1089 (repeats 2 times)
│     [11] #2 at ./none:15 [inlined]
│     [12] cd(::getfield(, Symbol("##2#4")){String}, ::String) at ./file.jl:70
│     [13] (::getfield(, Symbol("##1#3")))(::IOStream) at ./none:14
│     [14] #open#315(::Base.Iterators.Pairs{Union{},Union{},Tuple{},NamedTuple{(),Tuple{}}}, ::Function, ::getfield(, Symbol("##1#3")), ::String, ::Vararg{String,N} where N) at ./iostream.jl:369
│     [15] open(::Function, ::String, ::String) at ./iostream.jl:367
│     [16] top-level scope
│     [17] eval at ./boot.jl:298 [inlined]
│     [18] eval(::Module, ::Expr) at ./sysimg.jl:72
│     [19] exec_options(::Base.JLOptions) at ./client.jl:309
│     [20] _start() at ./client.jl:448
│    in expression starting at /home/vagrant/.julia/v0.7/Weber/deps/build.jl:87
└ @ Main none:18
[ Info: Building WeberCedrus
Fetching package metadata ...................
Solving package specifications: .

Package plan for installation in environment /home/vagrant/.julia/v0.7/Conda/deps/usr:

The following NEW packages will be INSTALLED:

    pyserial: 3.4-py27_0 conda-forge
    pyxid:    1.0-py27_0 haberdashPI

pyserial-3.4-p   0% |                              | ETA:  --:--:--   0.00  B/spyserial-3.4-p  13% |####                           | ETA:  0:00:00   1.28 MB/spyserial-3.4-p  27% |########                       | ETA:  0:00:00 974.25 kB/spyserial-3.4-p  41% |############                   | ETA:  0:00:00   1.44 MB/spyserial-3.4-p  55% |#################              | ETA:  0:00:00   1.65 MB/spyserial-3.4-p  69% |#####################          | ETA:  0:00:00   2.03 MB/spyserial-3.4-p  83% |#########################      | ETA:  0:00:00   1.83 MB/spyserial-3.4-p  97% |############################## | ETA:  0:00:00   2.11 MB/spyserial-3.4-p 100% |###############################| ETA:  0:00:00   2.15 MB/spyserial-3.4-p 100% |###############################| Time: 0:00:00   2.14 MB/s
pyxid-1.0-py27   0% |                              | ETA:  --:--:--   0.00  B/spyxid-1.0-py27  59% |##################             | Time: 0:00:00  22.23 MB/spyxid-1.0-py27 100% |###############################| Time: 0:00:00   2.16 MB/spyxid-1.0-py27 100% |###############################| Time: 0:00:00   2.10 MB/s
┌ Warning: ------------------------------------------------------------
│ # Build error summary
│ 
│ LibSndFile and Weber had build errors.
│ 
│  - packages with build errors remain installed in /home/vagrant/.julia/v0.7
│  - build the package(s) and all dependencies with `Pkg.build("LibSndFile", "Weber")`
│  - build a single package by running its `deps/build.jl` script
└ @ Pkg.Entry entry.jl:651
[ Info: Package database updated
┌ Info: METADATA is out-of-date — you may not have the latest version of WeberCedrus
└ Use `Pkg.update()` to get the latest versions of your packages

>>> 'Pkg.test("WeberCedrus")' log
WARNING: Base.versioninfo is deprecated: it has been moved to the standard library package `InteractiveUtils`.
Add `using InteractiveUtils` to your imports.
 in module Main
WARNING: Base.versioninfo is deprecated: it has been moved to the standard library package `InteractiveUtils`.
Add `using InteractiveUtils` to your imports.
 in module Main
Julia Version 0.7.0-DEV.4012
Commit 3a47cd4b2e (2018-02-18 14:23 UTC)
Platform Info:
  OS: Linux (x86_64-pc-linux-gnu)
      Ubuntu 14.04.5 LTS
  uname: Linux 3.13.0-135-generic #184-Ubuntu SMP Wed Oct 18 11:55:51 UTC 2017 x86_64 x86_64
  CPU: Intel(R) Xeon(R) CPU E3-1241 v3 @ 3.50GHz: 
              speed         user         nice          sys         idle          irq
       #1  3507 MHz    4347779 s       5321 s     242340 s    1236231 s        110 s
       #2  3507 MHz    1004708 s       1300 s      94371 s    5610352 s          1 s
       
  Memory: 2.93927001953125 GB (797.70703125 MB free)
  Uptime: 68496.0 sec
  Load Avg:  0.95947265625  0.95654296875  0.95166015625
  WORD_SIZE: 64
  LIBM: libopenlibm
  LLVM: libLLVM-3.9.1 (ORCJIT, haswell)
Environment:
  TERM = vt100
  LD_LIBRARY_PATH = :/usr/local/lib/
  PATH = /usr/local/sbin:/usr/local/bin:/usr/sbin:/usr/bin:/sbin:/bin:/usr/games:/usr/local/games:/home/vagrant/julia/bin/
  JAVA_HOME = /usr/lib/jvm/java-8-openjdk-amd64
  HOME = /home/vagrant
Packages:
  Package Directory: /home/vagrant/.julia/v0.7
  Package Status:
2 required packages:
 - JSON                          0.16.4
 - WeberCedrus                   0.1.0
76 additional packages:
 - AbstractFFTs                  0.2.1
 - ArgParse                      0.5.0
 - AxisAlgorithms                0.2.0
 - AxisArrays                    0.2.1
 - BinDeps                       0.8.6
 - Calculus                      0.2.2
 - CatIndices                    0.1.0
 - ColorTypes                    0.6.7
 - ColorVectorSpace              0.5.2
 - Colors                        0.8.2
 - Compat                        0.54.0
 - ComputationalResources        0.2.0
 - Conda                         0.7.1
 - CoordinateTransformations     0.4.1
 - CustomUnitRanges              0.1.0
 - DSP                           0.3.4
 - DataStructures                0.7.4
 - Distributions                 0.15.0
 - DualNumbers                   0.3.0
 - FFTViews                      0.1.0
 - FFTW                          0.1.2
 - FileIO                        0.7.0
 - FixedPointNumbers             0.4.6
 - Graphics                      0.2.0
 - IdentityRanges                0.1.0
 - ImageAxes                     0.4.0
 - ImageCore                     0.5.0
 - ImageFiltering                0.2.3
 - ImageMetadata                 0.4.0
 - ImageMorphology               0.0.2
 - ImageTransformations          0.4.1
 - Images                        0.12.0
 - IndirectArrays                0.3.0
 - Interpolations                0.7.3
 - IntervalSets                  0.1.1
 - IterTools                     0.2.1
 - Juno                          0.4.0
 - LRUCache                      0.0.1
 - Lazy                          0.12.0
 - LibSndFile                    1.0.0
 - MacroTools                    0.4.0
 - MappedArrays                  0.0.7
 - Media                         0.3.0
 - Missings                      0.2.6
 - NaNMath                       0.3.1
 - Nullables                     0.0.3
 - OffsetArrays                  0.5.0
 - PDMats                        0.8.0
 - PaddedViews                   0.3.0
 - Polynomials                   0.2.1
 - PyCall                        1.15.0
 - QuadGK                        0.2.0
 - RangeArrays                   0.2.0
 - Ratios                        0.2.0
 - Reexport                      0.1.0
 - Requires                      0.4.3
 - Rmath                         0.3.2
 - Rotations                     0.6.1
 - SHA                           0.5.6
 - SIUnits                       0.1.0
 - SampledSignals                1.1.2
 - ShowItLikeYouBuildIt          0.2.0
 - SimpleTraits                  0.5.1
 - SortingAlgorithms             0.2.0
 - SpecialFunctions              0.3.8
 - StaticArrays                  0.6.6
 - StatsBase                     0.20.0
 - StatsFuns                     0.5.0
 - TexExtensions                 0.1.0
 - TextWrap                      0.2.0
 - TiledIteration                0.1.0
 - URIParser                     0.3.0
 - Unitful                       0.7.1
 - Weber                         0.5.5
 - WoodburyMatrices              0.2.2
 - tmpETMykl                     0.0.0-             non-repo (unregistered)
WARNING: Base.Pkg is deprecated, run `using Pkg` instead
 in module Main
[ Info: Testing WeberCedrus
┌ Warning: `ismatch(r::Regex, s::AbstractString)` is deprecated, use `contains(s, r)` instead.
│   caller = isbinding at match.jl:14 [inlined]
└ @ Core match.jl:14
┌ Warning: `ismatch(r::Regex, s::AbstractString)` is deprecated, use `contains(s, r)` instead.
│   caller = isslurp at match.jl:29 [inlined]
└ @ Core match.jl:29
┌ Warning: `ismatch(r::Regex, s::AbstractString)` is deprecated, use `contains(s, r)` instead.
│   caller = isbinding at match.jl:14 [inlined]
└ @ Core match.jl:14
┌ Warning: `ismatch(r::Regex, s::AbstractString)` is deprecated, use `contains(s, r)` instead.
│   caller = isslurp at match.jl:29 [inlined]
└ @ Core match.jl:29
┌ Warning: `ismatch(r::Regex, s::AbstractString)` is deprecated, use `contains(s, r)` instead.
│   caller = isslurp(::Symbol) at match.jl:29
└ @ MacroTools match.jl:29
┌ Warning: `ismatch(r::Regex, s::AbstractString)` is deprecated, use `contains(s, r)` instead.
│   caller = isbinding at match.jl:14 [inlined]
└ @ Core match.jl:14
┌ Warning: `current_module()` is deprecated, use `@__MODULE__` instead.
│   caller = macro expansion at macros.jl:231 [inlined]
└ @ Core macros.jl:231
WARNING: importing deprecated binding Base.colon into Lazy.
WARNING: Base.colon is deprecated, use : instead.
  likely near /home/vagrant/.julia/v0.7/Lazy/src/Lazy.jl:62
WARNING: Base.colon is deprecated, use : instead.
  likely near /home/vagrant/.julia/v0.7/Lazy/src/Lazy.jl:62
WARNING: Base.colon is deprecated, use : instead.
  likely near /home/vagrant/.julia/v0.7/Lazy/src/Lazy.jl:63
WARNING: Base.colon is deprecated, use : instead.
  likely near /home/vagrant/.julia/v0.7/Lazy/src/Lazy.jl:63
┌ Warning: `macroexpand(x)` is deprecated, use `macroexpand(module, x)` instead.
│   caller = @rec(::LineNumberNode, ::Module, ::Any) at tail.jl:62
└ @ Lazy tail.jl:62
┌ Warning: `ismatch(r::Regex, s::AbstractString)` is deprecated, use `contains(s, r)` instead.
│   caller = isbinding(::Symbol) at match.jl:14
└ @ MacroTools match.jl:14
┌ Warning: The form `Expr(:let, ex, binds...)` is deprecated. Use `Expr(:let, Expr(:block, binds...), ex)` instead.
└ @ nothing none:0
ERROR: LoadError: LoadError: syntax: invalid let syntax
Stacktrace:
 [1] include at ./boot.jl:295 [inlined]
 [2] include_relative(::Module, ::String) at ./loading.jl:1060
 [3] include at ./sysimg.jl:27 [inlined]
 [4] include(::String) at /home/vagrant/.julia/v0.7/Lazy/src/Lazy.jl:3
 [5] top-level scope
 [6] include at ./boot.jl:295 [inlined]
 [7] include_relative(::Module, ::String) at ./loading.jl:1060
 [8] include(::Module, ::String) at ./sysimg.jl:27
 [9] top-level scope
 [10] eval at ./boot.jl:298 [inlined]
 [11] top-level scope at ./<missing>:3
in expression starting at /home/vagrant/.julia/v0.7/Lazy/src/liblazy.jl:145
in expression starting at /home/vagrant/.julia/v0.7/Lazy/src/Lazy.jl:105
ERROR: LoadError: Failed to precompile Lazy to /home/vagrant/.julia/lib/v0.7/Lazy.ji.
Stacktrace:
 [1] error at ./error.jl:33 [inlined]
 [2] compilecache(::Base.PkgId) at ./loading.jl:1198
 [3] _require(::Base.PkgId) at ./loading.jl:967
 [4] require(::Module, ::Symbol) at ./loading.jl:867
 [5] include at ./boot.jl:295 [inlined]
 [6] include_relative(::Module, ::String) at ./loading.jl:1060
 [7] include(::Module, ::String) at ./sysimg.jl:27
 [8] top-level scope
 [9] eval at ./boot.jl:298 [inlined]
 [10] top-level scope at ./<missing>:3
in expression starting at /home/vagrant/.julia/v0.7/Weber/src/Weber.jl:7
ERROR: LoadError: Failed to precompile Weber to /home/vagrant/.julia/lib/v0.7/Weber.ji.
Stacktrace:
 [1] error at ./error.jl:33 [inlined]
 [2] compilecache(::Base.PkgId) at ./loading.jl:1198
 [3] _require(::Base.PkgId) at ./loading.jl:996
 [4] require(::Module, ::Symbol) at ./loading.jl:867
 [5] include at ./boot.jl:295 [inlined]
 [6] include_relative(::Module, ::String) at ./loading.jl:1060
 [7] include(::Module, ::String) at ./sysimg.jl:27
 [8] exec_options(::Base.JLOptions) at ./client.jl:332
 [9] _start() at ./client.jl:448
in expression starting at /home/vagrant/.julia/v0.7/WeberCedrus/test/runtests.jl:1
┌ Error: ------------------------------------------------------------
│ # Testing failed for WeberCedrus
│   exception =
│    failed process: Process(`/home/vagrant/julia/bin/julia -Cnative -J/home/vagrant/julia/lib/julia/sys.so --compile=yes --depwarn=yes --code-coverage=none --color=no --compiled-modules=yes --check-bounds=yes --warn-overwrite=yes --startup-file=yes /home/vagrant/.julia/v0.7/WeberCedrus/test/runtests.jl`, ProcessExited(1)) [1]
│    Stacktrace:
│     [1] error(::String, ::Base.Process, ::String, ::Int64, ::String) at ./error.jl:42
│     [2] pipeline_error(::Base.Process) at ./process.jl:693
│     [3] run(::Cmd) at ./process.jl:655
│     [4] (::getfield(Pkg.Entry, Symbol("##56#57")){Bool,String,Array{AbstractString,1}})() at /buildworker/worker/package_linux64/build/usr/share/julia/site/v0.7/Pkg/src/entry.jl:731
│     [5] cd(::getfield(Pkg.Entry, Symbol("##56#57")){Bool,String,Array{AbstractString,1}}, ::String) at ./file.jl:70
│     [6] #test!#55(::Bool, ::Function, ::String, ::Array{AbstractString,1}, ::Array{AbstractString,1}, ::Array{AbstractString,1}) at /buildworker/worker/package_linux64/build/usr/share/julia/site/v0.7/Pkg/src/entry.jl:719
│     [7] (::getfield(Pkg.Entry, Symbol("#kw##test!")))(::NamedTuple{(:coverage,),Tuple{Bool}}, ::typeof(Pkg.Entry.test!), ::String, ::Array{AbstractString,1}, ::Array{AbstractString,1}, ::Array{AbstractString,1}) at ./<missing>:0
│     [8] #test#59(::Bool, ::Function, ::Array{AbstractString,1}) at /buildworker/worker/package_linux64/build/usr/share/julia/site/v0.7/Pkg/src/entry.jl:758
│     [9] #test at ./<missing>:0 [inlined]
│     [10] #4 at /buildworker/worker/package_linux64/build/usr/share/julia/site/v0.7/Pkg/src/dir.jl:36 [inlined]
│     [11] cd(::getfield(Pkg.Dir, Symbol("##4#7")){Base.Iterators.Pairs{Symbol,Bool,Tuple{Symbol},NamedTuple{(:coverage,),Tuple{Bool}}},typeof(Pkg.Entry.test),Tuple{Array{AbstractString,1}}}, ::String) at ./file.jl:70
│     [12] #cd#1(::Base.Iterators.Pairs{Symbol,Bool,Tuple{Symbol},NamedTuple{(:coverage,),Tuple{Bool}}}, ::Function, ::Function, ::Array{AbstractString,1}, ::Vararg{Array{AbstractString,1},N} where N) at /buildworker/worker/package_linux64/build/usr/share/julia/site/v0.7/Pkg/src/dir.jl:36
│     [13] (::getfield(Pkg.Dir, Symbol("#kw##cd")))(::NamedTuple{(:coverage,),Tuple{Bool}}, ::typeof(Pkg.Dir.cd), ::Function, ::Array{AbstractString,1}, ::Vararg{Array{AbstractString,1},N} where N) at ./<missing>:0
│     [14] #test#3(::Bool, ::Function, ::String, ::Vararg{String,N} where N) at /buildworker/worker/package_linux64/build/usr/share/julia/site/v0.7/Pkg/src/Pkg.jl:277
│     [15] test(::String, ::Vararg{String,N} where N) at /buildworker/worker/package_linux64/build/usr/share/julia/site/v0.7/Pkg/src/Pkg.jl:277
│     [16] top-level scope
│     [17] eval at ./boot.jl:298 [inlined]
│     [18] eval(::Module, ::Expr) at ./sysimg.jl:72
│     [19] exec_options(::Base.JLOptions) at ./client.jl:309
│     [20] _start() at ./client.jl:448
└ @ Pkg.Entry entry.jl:734
ERROR: WeberCedrus had test errors

>>> End of log
