>>> 'Pkg.add("WebSockets")' log

WARNING: deprecated syntax "{a=>b, ...}" at /home/idunning/pkgtest/.julia/v0.4/Nettle/deps/build.jl:25.
Use "Dict{Any,Any}(a=>b, ...)" instead.

WARNING: deprecated syntax "[a=>b, ...]" at /home/idunning/pkgtest/.julia/v0.4/Nettle/deps/build.jl:38.
Use "Dict(a=>b, ...)" instead.

WARNING: deprecated syntax "{a=>b, ...}" at /home/idunning/pkgtest/.julia/v0.4/GnuTLS/deps/build.jl:15.
Use "Dict{Any,Any}(a=>b, ...)" instead.

WARNING: deprecated syntax "{a=>b, ...}" at /home/idunning/pkgtest/.julia/v0.4/GnuTLS/deps/build.jl:48.
Use "Dict{Any,Any}(a=>b, ...)" instead.

WARNING: deprecated syntax "{a=>b, ...}" at /home/idunning/pkgtest/.julia/v0.4/GnuTLS/deps/build.jl:53.
Use "Dict{Any,Any}(a=>b, ...)" instead.

WARNING: deprecated syntax "[a=>b, ...]" at /home/idunning/pkgtest/.julia/v0.4/GnuTLS/deps/build.jl:55.
Use "Dict(a=>b, ...)" instead.

WARNING: deprecated syntax "[a=>b, ...]" at /home/idunning/pkgtest/.julia/v0.4/HttpParser/deps/build.jl:42.
Use "Dict(a=>b, ...)" instead.
INFO: Installing Docile v0.3.2
INFO: Installing GnuTLS v0.0.1
INFO: Installing HttpCommon v0.0.10
INFO: Installing HttpParser v0.0.10
INFO: Installing HttpServer v0.0.11
INFO: Installing Nettle v0.1.7
INFO: Installing WebSockets v0.0.6
INFO: Building Nettle
INFO: Building GnuTLS
INFO: Building HttpParser
INFO: Package database updated
INFO: METADATA is out-of-date a you may not have the latest version of WebSockets
INFO: Use `Pkg.update()` to get the latest versions of your packages

>>> 'using WebSockets' log

WARNING: deprecated syntax "{a=>b, ...}" at /home/idunning/pkgtest/.julia/v0.4/HttpCommon/src/HttpCommon.jl:93.
Use "Dict{Any,Any}(a=>b, ...)" instead.

WARNING: deprecated syntax "(String=>HttpMethodBitmask)[a=>b, ...]" at /home/idunning/pkgtest/.julia/v0.4/HttpCommon/src/HttpCommon.jl:116.
Use "Dict{String,HttpMethodBitmask}(a=>b, ...)" instead.

WARNING: deprecated syntax "(String=>String)[a=>b, ...]" at /home/idunning/pkgtest/.julia/v0.4/HttpCommon/src/HttpCommon.jl:139.
Use "Dict{String,String}(a=>b, ...)" instead.

WARNING: deprecated syntax "(String=>String)[]" at /home/idunning/pkgtest/.julia/v0.4/HttpCommon/src/HttpCommon.jl:155.
Use "Dict{String,String}()" instead.

WARNING: deprecated syntax "{a,b, ...}" at /home/idunning/pkgtest/.julia/v0.4/HttpCommon/src/HttpCommon.jl:196.
Use "Any[a,b, ...]" instead.

WARNING: deprecated syntax "{a,b, ...}" at /home/idunning/pkgtest/.julia/v0.4/HttpCommon/src/HttpCommon.jl:196.
Use "Any[a,b, ...]" instead.

WARNING: deprecated syntax "{a=>b, ...}" at /home/idunning/pkgtest/.julia/v0.4/HttpCommon/src/mimetypes.jl:981.
Use "Dict{Any,Any}(a=>b, ...)" instead.

WARNING: deprecated syntax "[a=>b, ...]" at /home/idunning/pkgtest/.julia/v0.4/HttpServer/src/HttpServer.jl:9.
Use "Dict(a=>b, ...)" instead.

WARNING: deprecated syntax "{a=>b, ...}" at /home/idunning/pkgtest/.julia/v0.4/GnuTLS/src/errormap.jl:155.
Use "Dict{Any,Any}(a=>b, ...)" instead.
WARNING: Set(a,b...) is deprecated, use Set(Any[a,b...]) instead.
 in depwarn at ./deprecated.jl:40
 in call at deprecated.jl:29
 in include at ./boot.jl:242
 in include_from_node1 at ./loading.jl:128
 in reload_path at ./loading.jl:152
 in _require at ./loading.jl:67
 in require at ./loading.jl:54
 in include at ./boot.jl:242
 in include_from_node1 at ./loading.jl:128
 in reload_path at ./loading.jl:152
 in _require at ./loading.jl:67
 in require at ./loading.jl:52
 in include at ./boot.jl:242
 in include_from_node1 at loading.jl:128
 in process_options at ./client.jl:312
 in _start at ./client.jl:393
WARNING: Dict-based `@docstring` config is deprecated. Use keywords instead.
Julia Version 0.4.0-dev+2212
Commit 3117391 (2014-12-19 21:43 UTC)
Platform Info:
  System: Linux (x86_64-unknown-linux-gnu)
  CPU: Intel(R) Xeon(R) CPU E5-2650 0 @ 2.00GHz
  WORD_SIZE: 64
  BLAS: libopenblas (USE64BITINT DYNAMIC_ARCH NO_AFFINITY Sandybridge)
  LAPACK: libopenblas
  LIBM: libopenlibm
  LLVM: libLLVM-3.3

>>> test log

WARNING: deprecated syntax "{a=>b, ...}" at /home/idunning/pkgtest/.julia/v0.4/HttpCommon/src/HttpCommon.jl:93.
Use "Dict{Any,Any}(a=>b, ...)" instead.

WARNING: deprecated syntax "(String=>HttpMethodBitmask)[a=>b, ...]" at /home/idunning/pkgtest/.julia/v0.4/HttpCommon/src/HttpCommon.jl:116.
Use "Dict{String,HttpMethodBitmask}(a=>b, ...)" instead.

WARNING: deprecated syntax "(String=>String)[a=>b, ...]" at /home/idunning/pkgtest/.julia/v0.4/HttpCommon/src/HttpCommon.jl:139.
Use "Dict{String,String}(a=>b, ...)" instead.

WARNING: deprecated syntax "(String=>String)[]" at /home/idunning/pkgtest/.julia/v0.4/HttpCommon/src/HttpCommon.jl:155.
Use "Dict{String,String}()" instead.

WARNING: deprecated syntax "{a,b, ...}" at /home/idunning/pkgtest/.julia/v0.4/HttpCommon/src/HttpCommon.jl:196.
Use "Any[a,b, ...]" instead.

WARNING: deprecated syntax "{a,b, ...}" at /home/idunning/pkgtest/.julia/v0.4/HttpCommon/src/HttpCommon.jl:196.
Use "Any[a,b, ...]" instead.

WARNING: deprecated syntax "{a=>b, ...}" at /home/idunning/pkgtest/.julia/v0.4/HttpCommon/src/mimetypes.jl:981.
Use "Dict{Any,Any}(a=>b, ...)" instead.

WARNING: deprecated syntax "[a=>b, ...]" at /home/idunning/pkgtest/.julia/v0.4/HttpServer/src/HttpServer.jl:9.
Use "Dict(a=>b, ...)" instead.

WARNING: deprecated syntax "{a=>b, ...}" at /home/idunning/pkgtest/.julia/v0.4/GnuTLS/src/errormap.jl:155.
Use "Dict{Any,Any}(a=>b, ...)" instead.
WARNING: Set(a,b...) is deprecated, use Set(Any[a,b...]) instead.
 in depwarn at ./deprecated.jl:40
 in call at deprecated.jl:29
 in include at ./boot.jl:242
 in include_from_node1 at ./loading.jl:128
 in reload_path at ./loading.jl:152
 in _require at ./loading.jl:67
 in require at ./loading.jl:54
 in include at ./boot.jl:242
 in include_from_node1 at ./loading.jl:128
 in reload_path at ./loading.jl:152
 in _require at ./loading.jl:67
 in require at ./loading.jl:52
 in include at ./boot.jl:242
 in include_from_node1 at loading.jl:128
 in process_options at ./client.jl:312
 in _start at ./client.jl:393
WARNING: Dict-based `@docstring` config is deprecated. Use keywords instead.

>>> end of log
