>>> 'Pkg.add("Whittaker")' log
INFO: Cloning cache of Whittaker from https://github.com/muhlba91/Whittaker.jl.git
INFO: Installing Whittaker v1.0.2
INFO: Package database updated
INFO: METADATA is out-of-date — you may not have the latest version of Whittaker
INFO: Use `Pkg.update()` to get the latest versions of your packages

>>> 'Pkg.test("Whittaker")' log
Julia Version 0.5.1
Commit 6445c82 (2017-03-05 13:25 UTC)
Platform Info:
  OS: Linux (x86_64-pc-linux-gnu)
  CPU: Intel(R) Xeon(R) CPU E3-1241 v3 @ 3.50GHz
  WORD_SIZE: 64
           Ubuntu 14.04.5 LTS
  uname: Linux 3.13.0-113-generic #160-Ubuntu SMP Thu Mar 9 09:27:29 UTC 2017 x86_64 x86_64
Memory: 2.9392738342285156 GB (737.76171875 MB free)
Uptime: 43752.0 sec
Load Avg:  0.9150390625  0.72021484375  0.71484375
Intel(R) Xeon(R) CPU E3-1241 v3 @ 3.50GHz: 
       speed         user         nice          sys         idle          irq
#1  3499 MHz    2581768 s       4539 s     220091 s    1053375 s        216 s
#2  3499 MHz     846624 s       2107 s     123396 s    3263665 s          4 s

  BLAS: libopenblas (USE64BITINT DYNAMIC_ARCH NO_AFFINITY Nehalem)
  LAPACK: libopenblas64_
  LIBM: libopenlibm
  LLVM: libLLVM-3.7.1 (ORCJIT, haswell)
Environment:
  TERM = vt100
  LD_LIBRARY_PATH = :/usr/local/lib/
  PATH = /usr/local/sbin:/usr/local/bin:/usr/sbin:/usr/bin:/sbin:/bin:/usr/games:/usr/local/games:/home/vagrant/julia/bin/
  JAVA_HOME = /usr/lib/jvm/java-7-oracle
  HOME = /home/vagrant

Package Directory: /home/vagrant/.julia/v0.5
2 required packages:
 - JSON                          0.8.3
 - Whittaker                     1.0.2
1 additional packages:
 - Compat                        0.21.0
INFO: Computing test dependencies for Whittaker...
INFO: Installing FactCheck v0.4.3
INFO: Testing Whittaker
Test Summary: | 
  whittaker1  | No tests
Test Summary: | 
  whittaker2  | No tests
INFO: Whittaker tests passed
INFO: Removing FactCheck v0.4.3

>>> End of log
