>>> 'Pkg.add("WinRPM")' log
INFO: Installing HTTPClient v0.1.4
INFO: Installing LibCURL v0.1.5
INFO: Installing LibExpat v0.0.5
INFO: Installing WinRPM v0.1.6
INFO: Installing Zlib v0.1.7
INFO: Building WinRPM
WARNING: Set(a,b...) is deprecated, use Set(Any[a,b...]) instead.
 in call at deprecated.jl:26
 in include at ./boot.jl:242
 in include_from_node1 at ./loading.jl:128
 in include at ./boot.jl:242
 in include_from_node1 at ./loading.jl:128
 in reload_path at ./loading.jl:152
 in _require at ./loading.jl:67
 in require at ./loading.jl:54
 in require_3B_4140 at /home/idunning/julia04/usr/bin/../lib/julia/sys.so
 in include at ./boot.jl:242
 in include_from_node1 at ./loading.jl:128
 in reload_path at ./loading.jl:152
 in _require at ./loading.jl:67
 in require at ./loading.jl:52
 in require_3B_4140 at /home/idunning/julia04/usr/bin/../lib/julia/sys.so
 in include at ./boot.jl:242
 in include_from_node1 at ./loading.jl:128
 in evalfile at loading.jl:168 (repeats 2 times)
 in anonymous at pkg/entry.jl:624
 in cd at ./file.jl:20
 in build! at pkg/entry.jl:623
 in build! at pkg/entry.jl:619 (repeats 2 times)
 in build at pkg/entry.jl:635
 in resolve at ./pkg/entry.jl:393
 in edit at pkg/entry.jl:24
 in anonymous at task.jl:340
WARNING: skipping repodata/repomd.xml, not in cache -- call WinRPM.update() to download
WARNING: split(x,y,l::Integer) is deprecated, use split(x,y; limit=l) instead.
 in split at deprecated.jl:26
 in anonymous at /home/idunning/pkgtest/.julia/v0.4/WinRPM/src/WinRPM.jl:81
 in open at iostream.jl:137
 in getcachedir at /home/idunning/pkgtest/.julia/v0.4/WinRPM/src/WinRPM.jl:76
 in update at /home/idunning/pkgtest/.julia/v0.4/WinRPM/src/WinRPM.jl:131
 in __init__ at /home/idunning/pkgtest/.julia/v0.4/WinRPM/src/WinRPM.jl:40
 in include at ./boot.jl:242
 in include_from_node1 at ./loading.jl:128
 in reload_path at ./loading.jl:152
 in _require at ./loading.jl:67
 in require at ./loading.jl:52
 in require_3B_4140 at /home/idunning/julia04/usr/bin/../lib/julia/sys.so
 in include at ./boot.jl:242
 in include_from_node1 at ./loading.jl:128
 in evalfile at loading.jl:168 (repeats 2 times)
 in anonymous at pkg/entry.jl:624
 in cd at ./file.jl:20
 in build! at pkg/entry.jl:623
 in build! at pkg/entry.jl:619 (repeats 2 times)
 in build at pkg/entry.jl:635
 in resolve at ./pkg/entry.jl:393
 in edit at pkg/entry.jl:24
 in anonymous at task.jl:340
WARNING: skipping repodata/repomd.xml, not in cache -- call WinRPM.update() to download
INFO: Downloading http://download.opensuse.org/repositories/windows:/mingw:/win32/openSUSE_13.1//repodata/repomd.xml
INFO: Downloading http://download.opensuse.org/repositories/windows:/mingw:/win32/openSUSE_13.1//repodata/219f404540b4f8b79cc8147ad684e5948e4289111d99fa64c7dbbbc70226bee7-primary.xml.gz
INFO: Downloading http://download.opensuse.org/repositories/windows:/mingw:/win64/openSUSE_13.1//repodata/repomd.xml
INFO: Downloading http://download.opensuse.org/repositories/windows:/mingw:/win64/openSUSE_13.1//repodata/ed86d97a6dff2592dc9d7d0da3b1a920d52c8c0ecaa87f29ecb757df10bc34c0-primary.xml.gz
INFO: Building LibCURL
INFO: Package database updated
INFO: METADATA is out-of-date a you may not have the latest version of WinRPM
INFO: Use `Pkg.update()` to get the latest versions of your packages

>>> 'using WinRPM' log
Julia Version 0.4.0-dev+1962
Commit 28c4357 (2014-12-06 04:44 UTC)
Platform Info:
  System: Linux (x86_64-unknown-linux-gnu)
  CPU: Intel(R) Xeon(R) CPU E5-2650 0 @ 2.00GHz
  WORD_SIZE: 64
  BLAS: libopenblas (USE64BITINT DYNAMIC_ARCH NO_AFFINITY Sandybridge)
  LAPACK: libopenblas
  LIBM: libopenlibm
  LLVM: libLLVM-3.3
WARNING: Set(a,b...) is deprecated, use Set(Any[a,b...]) instead.
 in call at deprecated.jl:26
 in include at ./boot.jl:242
 in include_from_node1 at ./loading.jl:128
 in include at ./boot.jl:242
 in include_from_node1 at ./loading.jl:128
 in reload_path at ./loading.jl:152
 in _require at ./loading.jl:67
 in require at ./loading.jl:54
 in require_3B_4140 at /home/idunning/julia04/usr/bin/../lib/julia/sys.so
 in include at ./boot.jl:242
 in include_from_node1 at ./loading.jl:128
 in reload_path at ./loading.jl:152
 in _require at ./loading.jl:67
 in require at ./loading.jl:52
 in require_3B_4140 at /home/idunning/julia04/usr/bin/../lib/julia/sys.so
 in include at ./boot.jl:242
 in include_from_node1 at loading.jl:128
 in process_options at ./client.jl:300
 in _start at ./client.jl:382
 in _start_3B_4066 at /home/idunning/julia04/usr/bin/../lib/julia/sys.so
WARNING: split(x,y,l::Integer) is deprecated, use split(x,y; limit=l) instead.
 in split at deprecated.jl:26
 in anonymous at /home/idunning/pkgtest/.julia/v0.4/WinRPM/src/WinRPM.jl:81
 in open at iostream.jl:137
 in getcachedir at /home/idunning/pkgtest/.julia/v0.4/WinRPM/src/WinRPM.jl:76
 in update at /home/idunning/pkgtest/.julia/v0.4/WinRPM/src/WinRPM.jl:131
 in __init__ at /home/idunning/pkgtest/.julia/v0.4/WinRPM/src/WinRPM.jl:40
 in include at ./boot.jl:242
 in include_from_node1 at ./loading.jl:128
 in reload_path at ./loading.jl:152
 in _require at ./loading.jl:67
 in require at ./loading.jl:52
 in require_3B_4140 at /home/idunning/julia04/usr/bin/../lib/julia/sys.so
 in include at ./boot.jl:242
 in include_from_node1 at loading.jl:128
 in process_options at ./client.jl:300
 in _start at ./client.jl:382
 in _start_3B_4066 at /home/idunning/julia04/usr/bin/../lib/julia/sys.so

>>> test log
no tests to run
>>> end of log
