>>> 'Pkg.add("WinReg")' log
[ Info: Cloning cache of WinReg from https://github.com/simonbyrne/WinReg.jl.git @ Base.Pkg.Cache cache.jl:43
[ Info: Installing WinReg v0.2.0 @ Base.Pkg.Entry entry.jl:543
[ Info: Package database updated @ Base.Pkg.Entry entry.jl:32
┌ Info: METADATA is out-of-date — you may not have the latest version of WinReg
│ Use `Pkg.update()` to get the latest versions of your packages
└ @ Base.Pkg.Entry entry.jl:74

>>> 'Pkg.test("WinReg")' log
Julia Version 0.7.0-DEV.3246
Commit 2138144d3a (2018-01-04 02:34 UTC)
Platform Info:
  OS: Linux (x86_64-pc-linux-gnu)
      Ubuntu 14.04.5 LTS
  uname: Linux 3.13.0-135-generic #184-Ubuntu SMP Wed Oct 18 11:55:51 UTC 2017 x86_64 x86_64
  CPU: Intel(R) Xeon(R) CPU E3-1241 v3 @ 3.50GHz: 
              speed         user         nice          sys         idle          irq
       #1  3507 MHz    6860068 s        155 s     341016 s    1385553 s         75 s
       #2  3507 MHz    1248815 s       5804 s     128437 s    8694315 s          1 s
       
  Memory: 2.93927001953125 GB (770.5859375 MB free)
  Uptime: 102626.0 sec
  Load Avg:  1.0029296875  1.0146484375  0.9921875
  WORD_SIZE: 64
  BLAS: libopenblas (USE64BITINT DYNAMIC_ARCH NO_AFFINITY Nehalem)
  LAPACK: libopenblas64_
  LIBM: libopenlibm
  LLVM: libLLVM-3.9.1 (ORCJIT, haswell)
Environment:
  TERM = vt100
  LD_LIBRARY_PATH = :/usr/local/lib/
  PATH = /usr/local/sbin:/usr/local/bin:/usr/sbin:/usr/bin:/sbin:/bin:/usr/games:/usr/local/games:/home/vagrant/julia/bin/
  JAVA_HOME = /usr/lib/jvm/java-8-openjdk-amd64
  HOME = /home/vagrant
Packages:
  Package Directory: /home/vagrant/.julia/v0.7
  Package Status:
2 required packages:
 - JSON                          0.16.3
 - WinReg                        0.2.0
3 additional packages:
 - Compat                        0.42.0
 - Nullables                     0.0.2
 - tmpPOOpwT                     0.0.0-             non-repo (unregistered)
[ Info: Testing WinReg @ Base.Pkg.Entry entry.jl:723
WARNING: Base.Test is deprecated, run `using Test` instead.
  likely near /home/vagrant/.julia/v0.7/WinReg/test/runtests.jl:2
Error During Test at /home/vagrant/.julia/v0.7/WinReg/test/runtests.jl:4
  Test threw an exception of type ErrorException
  Expression: querykey(WinReg.HKEY_LOCAL_MACHINE, "System\\CurrentControlSet\\Control\\Session Manager\\Environment", "OS") == "Windows_NT"
  error compiling querykey: error compiling openkey: could not load library "advapi32"
  advapi32.so: cannot open shared object file: No such file or directory
  Stacktrace:
   [1] top-level scope
   [2] include at ./boot.jl:295 [inlined]
   [3] include_relative(::Module, ::String) at ./loading.jl:521
   [4] include(::Module, ::String) at ./sysimg.jl:26
   [5] process_options(::Base.JLOptions) at ./client.jl:323
   [6] _start() at ./client.jl:374
ERROR: LoadError: There was an error during testing
in expression starting at /home/vagrant/.julia/v0.7/WinReg/test/runtests.jl:4
┌ Error: ------------------------------------------------------------
│ # Testing failed for WinReg
│   exception = ErrorException("failed process: Process(`/home/vagrant/julia/bin/julia -Cnative -J/home/vagrant/julia/lib/julia/sys.so --compile=yes --depwarn=yes --code-coverage=none --color=no --compiled-modules=yes --check-bounds=yes --warn-overwrite=yes --startup-file=yes /home/vagrant/.julia/v0.7/WinReg/test/runtests.jl`, ProcessExited(1)) [1]")
└ @ Base.Pkg.Entry entry.jl:739
ERROR: WinReg had test errors

>>> End of log
