>>> 'Pkg.add("Winston")' log
INFO: Installing Cairo v0.2.28
INFO: Installing Color v0.4.5
INFO: Installing FixedPointNumbers v0.0.7
INFO: Installing Graphics v0.1.0
INFO: Installing IniFile v0.2.4
INFO: Installing Tk v0.3.4
INFO: Installing Winston v0.11.11
INFO: Building Cairo
INFO: Building Tk
INFO: Package database updated

>>> 'Pkg.test("Winston")' log
INFO: Testing Winston
Warning: could not import Base.Text into Tk
Testing that bad inputs don't cause a crash...
Winston: bad xmin
Winston: bad xmin
Winston: bad ymin
Winston: no data in range
Winston: no data in range
Done testing bad inputs
example01 0.0
example02 0.0
example03 0.0
example04 0.0
example06 0.0
example07 0.0
issue008 0.0
issue010 0.0
issue100 0.0
issue143 0.0
issue146a 0.0
issue146b 0.0
issue176 0.0
plot001 0.0
plot002 0.0
plot003 0.0
plot004 0.0
plot005 0.0
plot006 0.0
plot007 0.0
plot008 0.0
plot009 0.0
plot010 0.0
plot011 0.0
plot012 0.0
plot013 0.0
plot014 0.0
plot015 0.0
INFO: Winston tests passed
INFO: No packages to install, update or remove

>>> End of log
