>>> 'Pkg.add("WriteVTK")' log
INFO: Installing BufferedStreams v0.3.3
INFO: Installing Libz v0.2.4
INFO: Installing LightXML v0.5.0
INFO: Installing WriteVTK v0.6.1
INFO: Building LightXML
INFO: Package database updated
INFO: METADATA is out-of-date — you may not have the latest version of WriteVTK
INFO: Use `Pkg.update()` to get the latest versions of your packages

>>> 'Pkg.test("WriteVTK")' log
Julia Version 0.6.2
Commit d386e40c17 (2017-12-13 18:08 UTC)
Platform Info:
  OS: Linux (x86_64-pc-linux-gnu)
  CPU: Intel(R) Xeon(R) CPU E3-1241 v3 @ 3.50GHz
  WORD_SIZE: 64
           Ubuntu 14.04.5 LTS
  uname: Linux 3.13.0-135-generic #184-Ubuntu SMP Wed Oct 18 11:55:51 UTC 2017 x86_64 x86_64
Memory: 2.93927001953125 GB (1779.71484375 MB free)
Uptime: 114252.0 sec
Load Avg:  1.0498046875  1.31494140625  1.1572265625
Intel(R) Xeon(R) CPU E3-1241 v3 @ 3.50GHz: 
       speed         user         nice          sys         idle          irq
#1  3499 MHz    7464880 s        118 s     323769 s    1824106 s        118 s
#2  3499 MHz    1780928 s       6741 s     165362 s    9282410 s          2 s

  BLAS: libopenblas (USE64BITINT DYNAMIC_ARCH NO_AFFINITY Nehalem)
  LAPACK: libopenblas64_
  LIBM: libopenlibm
  LLVM: libLLVM-3.9.1 (ORCJIT, haswell)
Environment:
  TERM = vt100
  LD_LIBRARY_PATH = :/usr/local/lib/
  PATH = /usr/local/sbin:/usr/local/bin:/usr/sbin:/usr/bin:/sbin:/bin:/usr/games:/usr/local/games:/home/vagrant/julia/bin/
  JAVA_HOME = /usr/lib/jvm/java-8-openjdk-amd64
  HOME = /home/vagrant

Package Directory: /home/vagrant/.julia/v0.6
2 required packages:
 - JSON                          0.16.3
 - WriteVTK                      0.6.1
5 additional packages:
 - BufferedStreams               0.3.3
 - Compat                        0.41.0
 - Libz                          0.2.4
 - LightXML                      0.5.0
 - Nullables                     0.0.1
INFO: Computing test dependencies for WriteVTK...
INFO: Installing SHA v0.5.2
INFO: Testing WriteVTK
TEST (first run): multiblock.jl
  1.247129 seconds (363.24 k allocations: 24.271 MiB, 5.14% gc time)
Saved:  multiblock.vtm  multiblock.z01.vts  multiblock.z02.vtr  multiblock.z03.vtu

TEST (first run): rectilinear.jl
  0.100681 seconds (45.60 k allocations: 2.465 MiB)
  0.023220 seconds (1.13 k allocations: 314.947 KiB)
Saved:  rectilinear_2D.vtr  rectilinear_3D.vtr

TEST (first run): imagedata.jl
  0.085894 seconds (9.13 k allocations: 728.989 KiB)
Saved:   imagedata.vti

TEST (first run): structured.jl
  0.060360 seconds (17.37 k allocations: 1.013 MiB)
  0.032237 seconds (24.38 k allocations: 1.092 MiB)
Saved:  structured_2D.vts  structured_3D.vts

TEST (first run): unstructured.jl
  0.103660 seconds (25.06 k allocations: 1.453 MiB)
  0.002356 seconds (2.21 k allocations: 352.453 KiB)
  0.045529 seconds (36.87 k allocations: 4.091 MiB, 13.10% gc time)
Saved:  unstructured_1D.vtu  unstructured_2D.vtu  unstructured_3D.vtu

TEST (first run): pvdCollection.jl
  0.406561 seconds (721.39 k allocations: 18.053 MiB, 1.25% gc time)
Saved:  collection.pvd  collection_00.vtr  collection_01.vtr  collection_02.vtr  collection_03.vtr

TEST (first run): array.jl
Saved:  arraydata_2D.vti  arraydata_3D.vti

============================================================

TEST (second run): multiblock.jl
  0.192603 seconds (42.54 k allocations: 6.999 MiB)
Saved:  multiblock.vtm  multiblock.z01.vts  multiblock.z02.vtr  multiblock.z03.vtu

TEST (second run): rectilinear.jl
  0.001498 seconds (326 allocations: 208.797 KiB)
  0.019090 seconds (394 allocations: 273.750 KiB)
Saved:  rectilinear_2D.vtr  rectilinear_3D.vtr

TEST (second run): imagedata.jl
  0.032671 seconds (1.80 k allocations: 325.973 KiB)
Saved:   imagedata.vti

TEST (second run): structured.jl
  0.001225 seconds (872 allocations: 208.969 KiB)
  0.033053 seconds (24.38 k allocations: 1.092 MiB)
Saved:  structured_2D.vts  structured_3D.vts

TEST (second run): unstructured.jl
  0.000796 seconds (310 allocations: 198.172 KiB)
  0.002291 seconds (2.21 k allocations: 352.453 KiB)
  0.040612 seconds (36.87 k allocations: 4.091 MiB)
Saved:  unstructured_1D.vtu  unstructured_2D.vtu  unstructured_3D.vtu

TEST (second run): pvdCollection.jl
  0.134178 seconds (591.26 k allocations: 10.838 MiB, 2.28% gc time)
Saved:  collection.pvd  collection_00.vtr  collection_01.vtr  collection_02.vtr  collection_03.vtr

TEST (second run): array.jl
Saved:  arraydata_2D.vti  arraydata_3D.vti

INFO: WriteVTK tests passed
INFO: Removing SHA v0.5.2

>>> End of log
