>>> 'Pkg.add("WriteVTK")' log
[ Info: Installing BufferedStreams v0.3.3
[ Info: Installing Libz v0.2.4
[ Info: Installing LightXML v0.5.0
[ Info: Installing WriteVTK v0.6.1
[ Info: Building LightXML
┌ Warning: `is_windows` is deprecated, use `Sys.iswindows` instead.
│   caller = top-level scope
└ @ Core :0
[ Info: Package database updated
┌ Info: METADATA is out-of-date — you may not have the latest version of WriteVTK
└ Use `Pkg.update()` to get the latest versions of your packages

>>> 'Pkg.test("WriteVTK")' log
Julia Version 0.7.0-DEV.3563
Commit cf6303abe0 (2018-01-24 23:08 UTC)
Platform Info:
  OS: Linux (x86_64-pc-linux-gnu)
      Ubuntu 14.04.5 LTS
  uname: Linux 3.13.0-135-generic #184-Ubuntu SMP Wed Oct 18 11:55:51 UTC 2017 x86_64 x86_64
  CPU: Intel(R) Xeon(R) CPU E3-1241 v3 @ 3.50GHz: 
              speed         user         nice          sys         idle          irq
       #1  3499 MHz    5329900 s       2572 s     258087 s    1656884 s         97 s
       #2  3499 MHz    1276243 s       4431 s     117783 s    6881243 s          2 s
       
  Memory: 2.93927001953125 GB (1667.8359375 MB free)
  Uptime: 84666.0 sec
  Load Avg:  0.9833984375  1.03564453125  1.0517578125
  WORD_SIZE: 64
  LIBM: libopenlibm
  LLVM: libLLVM-3.9.1 (ORCJIT, haswell)
Environment:
  TERM = vt100
  LD_LIBRARY_PATH = :/usr/local/lib/
  PATH = /usr/local/sbin:/usr/local/bin:/usr/sbin:/usr/bin:/sbin:/bin:/usr/games:/usr/local/games:/home/vagrant/julia/bin/
  JAVA_HOME = /usr/lib/jvm/java-8-openjdk-amd64
  HOME = /home/vagrant
Packages:
  Package Directory: /home/vagrant/.julia/v0.7
  Package Status:
2 required packages:
 - JSON                          0.16.4
 - WriteVTK                      0.6.1
6 additional packages:
 - BufferedStreams               0.3.3
 - Compat                        0.49.0
 - Libz                          0.2.4
 - LightXML                      0.5.0
 - Nullables                     0.0.3
 - tmp8IAMyc                     0.0.0-             non-repo (unregistered)
[ Info: Computing test dependencies for WriteVTK...
[ Info: Installing SHA v0.5.6
[ Info: Testing WriteVTK
┌ Warning: Deprecated syntax `immutable` at /home/vagrant/.julia/v0.7/WriteVTK/src/WriteVTK.jl:39.
│ Use `struct` instead.
└ @ nothing WriteVTK.jl:39
┌ Warning: Deprecated syntax `immutable` at /home/vagrant/.julia/v0.7/WriteVTK/src/WriteVTK.jl:63.
│ Use `struct` instead.
└ @ nothing WriteVTK.jl:63
┌ Warning: Deprecated syntax `immutable` at /home/vagrant/.julia/v0.7/WriteVTK/src/WriteVTK.jl:71.
│ Use `struct` instead.
└ @ nothing WriteVTK.jl:71
┌ Warning: Deprecated syntax `immutable` at /home/vagrant/.julia/v0.7/WriteVTK/src/WriteVTK.jl:80.
│ Use `struct` instead.
└ @ nothing WriteVTK.jl:80
┌ Warning: Deprecated syntax `immutable` at /home/vagrant/.julia/v0.7/WriteVTK/src/WriteVTK.jl:39.
│ Use `struct` instead.
└ @ nothing WriteVTK.jl:39
┌ Warning: Deprecated syntax `immutable` at /home/vagrant/.julia/v0.7/WriteVTK/src/WriteVTK.jl:63.
│ Use `struct` instead.
└ @ nothing WriteVTK.jl:63
┌ Warning: Deprecated syntax `immutable` at /home/vagrant/.julia/v0.7/WriteVTK/src/WriteVTK.jl:71.
│ Use `struct` instead.
└ @ nothing WriteVTK.jl:71
┌ Warning: Deprecated syntax `immutable` at /home/vagrant/.julia/v0.7/WriteVTK/src/WriteVTK.jl:80.
│ Use `struct` instead.
└ @ nothing WriteVTK.jl:80
┌ Warning: `using A.B` will only be allowed for modules, not single bindings. Use `using A: B` instead
│   caller = ip:0x0
└ @ Core :-1
┌ Warning: Deprecated syntax `immutable` at /home/vagrant/.julia/v0.7/WriteVTK/src/VTKCellTypes.jl:10.
│ Use `struct` instead.
└ @ nothing VTKCellTypes.jl:10
┌ Warning: Deprecated syntax `parametric method syntax MeshCell{T <: Integer}(ctype::VTKCellTypes.VTKCellType, connectivity::Vector{T})` around /home/vagrant/.julia/v0.7/WriteVTK/src/WriteVTK.jl:85.
│ Use `MeshCell(ctype::VTKCellTypes.VTKCellType, connectivity::Vector{T}) where T <: Integer` instead.
└ @ nothing WriteVTK.jl:85
WARNING: importing deprecated binding Base.@sprintf into WriteVTK.
ERROR: LoadError: LoadError: LoadError: Base.@sprintf has been moved to the standard library package Printf.
Restart Julia and then run `using Printf` to load it.
Stacktrace:
 [1] error(::Function, ::String, ::String, ::String, ::String, ::String, ::String) at ./error.jl:42
 [2] #@sprintf#921(::Base.Iterators.IndexValue{Union{},Union{},Tuple{},NamedTuple{(),Tuple{}}}, ::Function, ::LineNumberNode, ::Vararg{Any,N} where N) at ./deprecated.jl:138
 [3] @sprintf(::Vararg{Any,N} where N) at ./deprecated.jl:138
 [4] include at ./boot.jl:292 [inlined]
 [5] include_relative(::Module, ::String) at ./loading.jl:1012
 [6] include at ./sysimg.jl:26 [inlined]
 [7] include(::String) at /home/vagrant/.julia/v0.7/WriteVTK/src/WriteVTK.jl:3
 [8] top-level scope
 [9] include at ./boot.jl:292 [inlined]
 [10] include_relative(::Module, ::String) at ./loading.jl:1012
 [11] include(::Module, ::String) at ./sysimg.jl:26
 [12] top-level scope
 [13] eval at ./boot.jl:295 [inlined]
 [14] top-level scope at ./<missing>:3
in expression starting at /home/vagrant/.julia/v0.7/WriteVTK/src/gridtypes/multiblock.jl:21
in expression starting at /home/vagrant/.julia/v0.7/WriteVTK/src/gridtypes/multiblock.jl:17
in expression starting at /home/vagrant/.julia/v0.7/WriteVTK/src/WriteVTK.jl:96
ERROR: LoadError: Failed to precompile WriteVTK to /home/vagrant/.julia/lib/v0.7/WriteVTK.ji.
Stacktrace:
 [1] error at ./error.jl:33 [inlined]
 [2] compilecache(::Base.PkgId) at ./loading.jl:1156
 [3] _require(::Base.PkgId) at ./loading.jl:949
 [4] require(::Module, ::Symbol) at ./loading.jl:820
 [5] include at ./boot.jl:292 [inlined]
 [6] include_relative(::Module, ::String) at ./loading.jl:1012
 [7] include(::Module, ::String) at ./sysimg.jl:26
 [8] process_options(::Base.JLOptions) at ./client.jl:334
 [9] _start() at ./client.jl:386
in expression starting at /home/vagrant/.julia/v0.7/WriteVTK/test/runtests.jl:3
┌ Error: ------------------------------------------------------------
│ # Testing failed for WriteVTK
│   exception =
│    failed process: Process(`/home/vagrant/julia/bin/julia -Cnative -J/home/vagrant/julia/lib/julia/sys.so --compile=yes --depwarn=yes --code-coverage=none --color=no --compiled-modules=yes --check-bounds=yes --warn-overwrite=yes --startup-file=yes /home/vagrant/.julia/v0.7/WriteVTK/test/runtests.jl`, ProcessExited(1)) [1]
│    Stacktrace:
│     [1] error(::String, ::Base.Process, ::String, ::Int64, ::String) at ./error.jl:42
│     [2] pipeline_error(::Base.Process) at ./process.jl:698
│     [3] run(::Cmd) at ./process.jl:660
│     [4] (::getfield(Base.Pkg.Entry, Symbol("##89#92")){Bool,String,Array{AbstractString,1}})() at ./pkg/entry.jl:729
│     [5] cd(::getfield(Base.Pkg.Entry, Symbol("##89#92")){Bool,String,Array{AbstractString,1}}, ::String) at ./file.jl:70
│     [6] #test!#88(::Bool, ::Function, ::String, ::Array{AbstractString,1}, ::Array{AbstractString,1}, ::Array{AbstractString,1}) at ./pkg/entry.jl:717
│     [7] (::getfield(Base.Pkg.Entry, Symbol("#kw##test!")))(::NamedTuple{(:coverage,),Tuple{Bool}}, ::typeof(Base.Pkg.Entry.test!), ::String, ::Array{AbstractString,1}, ::Array{AbstractString,1}, ::Array{AbstractString,1}) at ./<missing>:0
│     [8] #test#96(::Bool, ::Function, ::Array{AbstractString,1}) at ./pkg/entry.jl:756
│     [9] (::getfield(Base.Pkg.Entry, Symbol("#kw##test")))(::NamedTuple{(:coverage,),Tuple{Bool}}, ::typeof(Base.Pkg.Entry.test), ::Array{AbstractString,1}) at ./<missing>:0
│     [10] (::getfield(Base.Pkg.Dir, Symbol("##4#7")){Base.Iterators.IndexValue{Symbol,Bool,Tuple{Symbol},NamedTuple{(:coverage,),Tuple{Bool}}},typeof(Base.Pkg.Entry.test),Tuple{Array{AbstractString,1}}})() at ./pkg/dir.jl:36
│     [11] cd(::getfield(Base.Pkg.Dir, Symbol("##4#7")){Base.Iterators.IndexValue{Symbol,Bool,Tuple{Symbol},NamedTuple{(:coverage,),Tuple{Bool}}},typeof(Base.Pkg.Entry.test),Tuple{Array{AbstractString,1}}}, ::String) at ./file.jl:70
│     [12] #cd#1(::Base.Iterators.IndexValue{Symbol,Bool,Tuple{Symbol},NamedTuple{(:coverage,),Tuple{Bool}}}, ::Function, ::Function, ::Array{AbstractString,1}, ::Vararg{Array{AbstractString,1},N} where N) at ./pkg/dir.jl:36
│     [13] (::getfield(Base.Pkg.Dir, Symbol("#kw##cd")))(::NamedTuple{(:coverage,),Tuple{Bool}}, ::typeof(Base.Pkg.Dir.cd), ::Function, ::Array{AbstractString,1}, ::Vararg{Array{AbstractString,1},N} where N) at ./<missing>:0
│     [14] #test#3(::Bool, ::Function, ::String, ::Vararg{String,N} where N) at ./pkg/pkg.jl:274
│     [15] test(::String, ::Vararg{String,N} where N) at ./pkg/pkg.jl:274
│     [16] top-level scope
│     [17] eval at ./boot.jl:295 [inlined]
│     [18] eval(::Module, ::Expr) at ./sysimg.jl:71
│     [19] process_options(::Base.JLOptions) at ./client.jl:311
│     [20] _start() at ./client.jl:386
└ @ Base.Pkg.Entry entry.jl:732
[ Info: Removing SHA v0.5.6
ERROR: WriteVTK had test errors

>>> End of log
