>>> 'Pkg.add("XDiff")' log
WARNING: Base.Pkg is deprecated, run `using Pkg` instead
 in module Main
[ Info: Cloning cache of Einsum from https://github.com/ahwillia/Einsum.jl.git
[ Info: Cloning cache of Espresso from https://github.com/dfdx/Espresso.jl.git
[ Info: Cloning cache of XDiff from https://github.com/dfdx/XDiff.jl.git
[ Info: Installing DataStructures v0.7.4
[ Info: Installing Einsum v0.1.0
[ Info: Installing Espresso v0.4.0
[ Info: Installing IterTools v0.2.1
[ Info: Installing MacroTools v0.4.0
[ Info: Installing Matcha v0.1.1
[ Info: Installing StaticArrays v0.7.0
[ Info: Installing Sugar v0.4.5
[ Info: Installing XDiff v0.1.0
[ Info: Package database updated
┌ Info: METADATA is out-of-date — you may not have the latest version of XDiff
└ Use `Pkg.update()` to get the latest versions of your packages

>>> 'Pkg.test("XDiff")' log
WARNING: Base.versioninfo is deprecated: it has been moved to the standard library package `InteractiveUtils`.
Add `using InteractiveUtils` to your imports.
 in module Main
WARNING: Base.versioninfo is deprecated: it has been moved to the standard library package `InteractiveUtils`.
Add `using InteractiveUtils` to your imports.
 in module Main
Julia Version 0.7.0-DEV.4475
Commit c1e7c93169 (2018-03-06 19:47 UTC)
Platform Info:
  OS: Linux (x86_64-pc-linux-gnu)
      Ubuntu 14.04.5 LTS
  uname: Linux 3.13.0-135-generic #184-Ubuntu SMP Wed Oct 18 11:55:51 UTC 2017 x86_64 x86_64
  CPU: Intel(R) Xeon(R) CPU E3-1241 v3 @ 3.50GHz: 
              speed         user         nice          sys         idle          irq
       #1  3500 MHz    4739977 s        123 s     248344 s    1249053 s         88 s
       #2  3500 MHz    1014310 s       6479 s      98523 s    6066839 s          1 s
       
  Memory: 2.93927001953125 GB (1745.07421875 MB free)
  Uptime: 73314.0 sec
  Load Avg:  0.9521484375  1.11181640625  1.13330078125
  WORD_SIZE: 64
  LIBM: libopenlibm
  LLVM: libLLVM-3.9.1 (ORCJIT, haswell)
Environment:
  TERM = vt100
  LD_LIBRARY_PATH = :/usr/local/lib/
  PATH = /usr/local/sbin:/usr/local/bin:/usr/sbin:/usr/bin:/sbin:/bin:/usr/games:/usr/local/games:/home/vagrant/julia/bin/
  JAVA_HOME = /usr/lib/jvm/java-8-openjdk-amd64
  HOME = /home/vagrant
Packages:
  Package Directory: /home/vagrant/.julia/v0.7
  Package Status:
2 required packages:
 - JSON                          0.17.1
 - XDiff                         0.1.0
11 additional packages:
 - Compat                        0.56.0
 - DataStructures                0.7.4
 - Einsum                        0.1.0
 - Espresso                      0.4.0
 - IterTools                     0.2.1
 - MacroTools                    0.4.0
 - Matcha                        0.1.1
 - Nullables                     0.0.4
 - StaticArrays                  0.7.0
 - Sugar                         0.4.5
 - tmp4YVuTH                     0.0.0-             non-repo (unregistered)
WARNING: Base.Pkg is deprecated, run `using Pkg` instead
 in module Main
[ Info: Computing test dependencies for XDiff...
[ Info: Installing BinDeps v0.8.7
[ Info: Installing CommonSubexpressions v0.0.1
[ Info: Installing DiffResults v0.0.3
[ Info: Installing DiffRules v0.0.3
[ Info: Installing ForwardDiff v0.7.3
[ Info: Installing FunctionWrappers v0.1.0
[ Info: Installing NaNMath v0.3.1
[ Info: Installing ReverseDiff v0.2.0
[ Info: Installing SHA v0.5.6
[ Info: Installing SpecialFunctions v0.3.8
[ Info: Installing URIParser v0.3.1
[ Info: Building SpecialFunctions
WARNING: importing deprecated binding Base.Associative into BinDeps.
WARNING: Base.Associative is deprecated, use AbstractDict instead.
  likely near /home/vagrant/.julia/v0.7/SpecialFunctions/deps/binaries.jl:44
in @install at /home/vagrant/.julia/v0.7/BinDeps/src/dependencies.jl
[ Info: Testing XDiff
┌ Warning: Deprecated syntax `([ val for (name, val) = inputs ]...)` at /home/vagrant/.julia/v0.7/XDiff/test/runtests.jl:7.
│ Use `([ val for (name, val) = inputs ]...,)` instead.
└ @ nothing runtests.jl:7
ERROR: LoadError: LoadError: UndefVarError: LabelNode not defined
Stacktrace:
 [1] top-level scope
 [2] include at ./boot.jl:305 [inlined]
 [3] include_relative(::Module, ::String) at ./loading.jl:1072
 [4] include at ./sysimg.jl:29 [inlined]
 [5] include(::String) at /home/vagrant/.julia/v0.7/Sugar/src/Sugar.jl:2
 [6] top-level scope
 [7] include at ./boot.jl:305 [inlined]
 [8] include_relative(::Module, ::String) at ./loading.jl:1072
 [9] include(::Module, ::String) at ./sysimg.jl:29
 [10] top-level scope
 [11] eval at ./boot.jl:308 [inlined]
 [12] top-level scope at ./<missing>:3
in expression starting at /home/vagrant/.julia/v0.7/Sugar/src/patterns.jl:7
in expression starting at /home/vagrant/.julia/v0.7/Sugar/src/Sugar.jl:10
ERROR: LoadError: LoadError: Failed to precompile Sugar to /home/vagrant/.julia/compiled/v0.7/Sugar.ji.
Stacktrace:
 [1] error at ./error.jl:33 [inlined]
 [2] compilecache(::Base.PkgId) at ./loading.jl:1206
 [3] _require(::Base.PkgId) at ./loading.jl:979
 [4] require(::Base.PkgId) at ./loading.jl:879
 [5] require(::Module, ::Symbol) at ./loading.jl:874
 [6] include at ./boot.jl:305 [inlined]
 [7] include_relative(::Module, ::String) at ./loading.jl:1072
 [8] include at ./sysimg.jl:29 [inlined]
 [9] include(::String) at /home/vagrant/.julia/v0.7/Espresso/src/Espresso.jl:4
 [10] top-level scope
 [11] include at ./boot.jl:305 [inlined]
 [12] include_relative(::Module, ::String) at ./loading.jl:1072
 [13] include(::Module, ::String) at ./sysimg.jl:29
 [14] top-level scope
 [15] eval at ./boot.jl:308 [inlined]
 [16] top-level scope at ./<missing>:3
in expression starting at /home/vagrant/.julia/v0.7/Espresso/src/core.jl:9
in expression starting at /home/vagrant/.julia/v0.7/Espresso/src/Espresso.jl:113
ERROR: LoadError: LoadError: Failed to precompile Espresso to /home/vagrant/.julia/compiled/v0.7/Espresso.ji.
Stacktrace:
 [1] error at ./error.jl:33 [inlined]
 [2] compilecache(::Base.PkgId) at ./loading.jl:1206
 [3] _require(::Base.PkgId) at ./loading.jl:979
 [4] require(::Base.PkgId) at ./loading.jl:879
 [5] require(::Module, ::Symbol) at ./loading.jl:874
 [6] include at ./boot.jl:305 [inlined]
 [7] include_relative(::Module, ::String) at ./loading.jl:1072
 [8] include at ./sysimg.jl:29 [inlined]
 [9] include(::String) at /home/vagrant/.julia/v0.7/XDiff/src/XDiff.jl:4
 [10] top-level scope
 [11] include at ./boot.jl:305 [inlined]
 [12] include_relative(::Module, ::String) at ./loading.jl:1072
 [13] include(::Module, ::String) at ./sysimg.jl:29
 [14] top-level scope
 [15] eval at ./boot.jl:308 [inlined]
 [16] top-level scope at ./<missing>:3
in expression starting at /home/vagrant/.julia/v0.7/XDiff/src/core.jl:8
in expression starting at /home/vagrant/.julia/v0.7/XDiff/src/XDiff.jl:17
ERROR: LoadError: Failed to precompile XDiff to /home/vagrant/.julia/compiled/v0.7/XDiff.ji.
Stacktrace:
 [1] error at ./error.jl:33 [inlined]
 [2] compilecache(::Base.PkgId) at ./loading.jl:1206
 [3] _require(::Base.PkgId) at ./loading.jl:1008
 [4] require(::Base.PkgId) at ./loading.jl:879
 [5] require(::Module, ::Symbol) at ./loading.jl:874
 [6] include at ./boot.jl:305 [inlined]
 [7] include_relative(::Module, ::String) at ./loading.jl:1072
 [8] include(::Module, ::String) at ./sysimg.jl:29
 [9] exec_options(::Base.JLOptions) at ./client.jl:327
 [10] _start() at ./client.jl:455
in expression starting at /home/vagrant/.julia/v0.7/XDiff/test/runtests.jl:1
┌ Error: ------------------------------------------------------------
│ # Testing failed for XDiff
│   exception =
│    failed process: Process(`/home/vagrant/julia/bin/julia -Cnative -J/home/vagrant/julia/lib/julia/sys.so --compile=yes --depwarn=yes --code-coverage=none --color=no --compiled-modules=yes --check-bounds=yes --warn-overwrite=yes --startup-file=yes /home/vagrant/.julia/v0.7/XDiff/test/runtests.jl`, ProcessExited(1)) [1]
│    Stacktrace:
│     [1] error(::String, ::Base.Process, ::String, ::Int64, ::String) at ./error.jl:42
│     [2] pipeline_error(::Base.Process) at ./process.jl:712
│     [3] #run#534(::Bool, ::Function, ::Cmd) at ./process.jl:670
│     [4] run at ./process.jl:668 [inlined]
│     [5] (::getfield(Pkg.Entry, Symbol("##56#57")){Bool,String,Array{AbstractString,1}})() at /buildworker/worker/package_linux64/build/usr/share/julia/site/v0.7/Pkg/src/entry.jl:729
│     [6] cd(::getfield(Pkg.Entry, Symbol("##56#57")){Bool,String,Array{AbstractString,1}}, ::String) at ./file.jl:72
│     [7] #test!#55(::Bool, ::Function, ::String, ::Array{AbstractString,1}, ::Array{AbstractString,1}, ::Array{AbstractString,1}) at /buildworker/worker/package_linux64/build/usr/share/julia/site/v0.7/Pkg/src/entry.jl:717
│     [8] (::getfield(Pkg.Entry, Symbol("#kw##test!")))(::NamedTuple{(:coverage,),Tuple{Bool}}, ::typeof(Pkg.Entry.test!), ::String, ::Array{AbstractString,1}, ::Array{AbstractString,1}, ::Array{AbstractString,1}) at ./<missing>:0
│     [9] #test#59(::Bool, ::Function, ::Array{AbstractString,1}) at /buildworker/worker/package_linux64/build/usr/share/julia/site/v0.7/Pkg/src/entry.jl:756
│     [10] #test at ./<missing>:0 [inlined]
│     [11] #4 at /buildworker/worker/package_linux64/build/usr/share/julia/site/v0.7/Pkg/src/dir.jl:36 [inlined]
│     [12] cd(::getfield(Pkg.Dir, Symbol("##4#7")){Base.Iterators.Pairs{Symbol,Bool,Tuple{Symbol},NamedTuple{(:coverage,),Tuple{Bool}}},typeof(Pkg.Entry.test),Tuple{Array{AbstractString,1}}}, ::String) at ./file.jl:72
│     [13] #cd#1(::Base.Iterators.Pairs{Symbol,Bool,Tuple{Symbol},NamedTuple{(:coverage,),Tuple{Bool}}}, ::Function, ::Function, ::Array{AbstractString,1}, ::Vararg{Array{AbstractString,1},N} where N) at /buildworker/worker/package_linux64/build/usr/share/julia/site/v0.7/Pkg/src/dir.jl:36
│     [14] (::getfield(Pkg.Dir, Symbol("#kw##cd")))(::NamedTuple{(:coverage,),Tuple{Bool}}, ::typeof(Pkg.Dir.cd), ::Function, ::Array{AbstractString,1}, ::Vararg{Array{AbstractString,1},N} where N) at ./<missing>:0
│     [15] #test#3(::Bool, ::Function, ::String, ::Vararg{String,N} where N) at /buildworker/worker/package_linux64/build/usr/share/julia/site/v0.7/Pkg/src/Pkg.jl:276
│     [16] test(::String, ::Vararg{String,N} where N) at /buildworker/worker/package_linux64/build/usr/share/julia/site/v0.7/Pkg/src/Pkg.jl:276
│     [17] top-level scope
│     [18] eval at ./boot.jl:308 [inlined]
│     [19] eval(::Module, ::Expr) at ./sysimg.jl:74
│     [20] exec_options(::Base.JLOptions) at ./client.jl:304
│     [21] _start() at ./client.jl:455
└ @ Pkg.Entry entry.jl:732
[ Info: Removing BinDeps v0.8.7
[ Info: Removing CommonSubexpressions v0.0.1
[ Info: Removing DiffResults v0.0.3
[ Info: Removing DiffRules v0.0.3
[ Info: Removing ForwardDiff v0.7.3
[ Info: Removing FunctionWrappers v0.1.0
[ Info: Removing NaNMath v0.3.1
[ Info: Removing ReverseDiff v0.2.0
[ Info: Removing SHA v0.5.6
[ Info: Removing SpecialFunctions v0.3.8
[ Info: Removing URIParser v0.3.1
ERROR: XDiff had test errors

>>> End of log
