>>> 'Pkg.add("Xpress")' log
INFO: Cloning cache of Xpress from https://github.com/JuliaOpt/Xpress.jl.git
INFO: Installing MathProgBase v0.5.8
INFO: Installing Xpress v0.1.0
INFO: Building Xpress
String["xprs"]
===============================[ ERROR: Xpress ]================================

LoadError: Unable to locate Xpress installation, please check your enviromental variable (XPRESSDIR in windows and XPRESS in unix). Note that this must be downloaded separately from fico.com
while loading /home/vagrant/.julia/v0.6/Xpress/deps/build.jl, in expression starting on line 48

================================================================================

================================[ BUILD ERRORS ]================================

WARNING: Xpress had build errors.

 - packages with build errors remain installed in /home/vagrant/.julia/v0.6
 - build the package(s) and all dependencies with `Pkg.build("Xpress")`
 - build a single package by running its `deps/build.jl` script

================================================================================
INFO: Package database updated

>>> 'Pkg.test("Xpress")' log
Julia Version 0.6.0-dev.1768
Commit d7b6ac3 (2016-12-29 23:08 UTC)
Platform Info:
  OS: Linux (x86_64-pc-linux-gnu)
  CPU: Intel(R) Xeon(R) CPU E3-1241 v3 @ 3.50GHz
  WORD_SIZE: 64
           Ubuntu 14.04.5 LTS
  uname: Linux 3.13.0-105-generic #152-Ubuntu SMP Fri Dec 2 15:37:11 UTC 2016 x86_64 x86_64
Memory: 2.9392738342285156 GB (1819.16015625 MB free)
Uptime: 32740.0 sec
Load Avg:  0.8818359375  0.919921875  0.8193359375
Intel(R) Xeon(R) CPU E3-1241 v3 @ 3.50GHz: 
       speed         user         nice          sys         idle          irq
#1  3498 MHz    1857694 s       6292 s     228940 s     820887 s        115 s
#2  3498 MHz     603426 s        668 s     102547 s    2477381 s          3 s

  BLAS: libopenblas (USE64BITINT DYNAMIC_ARCH NO_AFFINITY Nehalem)
  LAPACK: libopenblas64_
  LIBM: libopenlibm
  LLVM: libLLVM-3.9.1 (ORCJIT, haswell)
Environment:
  TERM = vt100
  LD_LIBRARY_PATH = :/usr/local/lib/
  PATH = /usr/local/sbin:/usr/local/bin:/usr/sbin:/usr/bin:/sbin:/bin:/usr/games:/usr/local/games:/home/vagrant/julia/bin/
  JAVA_HOME = /usr/lib/jvm/java-7-oracle
  HOME = /home/vagrant

Package Directory: /home/vagrant/.julia/v0.6
2 required packages:
 - JSON                          0.8.0
 - Xpress                        0.1.0
2 additional packages:
 - Compat                        0.10.0
 - MathProgBase                  0.5.8
INFO: Computing test dependencies for Xpress...
INFO: Installing Calculus v0.1.15
INFO: Installing DataStructures v0.4.6
INFO: Installing DiffBase v0.0.2
INFO: Installing ForwardDiff v0.3.3
INFO: Installing JuMP v0.15.0
INFO: Installing Lazy v0.11.4
INFO: Installing MacroTools v0.3.4
INFO: Installing NaNMath v0.2.2
INFO: Installing ReverseDiffSparse v0.6.0
INFO: Testing Xpress
running lp_01a.jl ...
ERROR: LoadError: Xpress not properly installed. Please run Pkg.build("Xpress")
Stacktrace:
 [1] error(::String) at ./error.jl:21
 [2] include_from_node1(::String) at ./loading.jl:532
 [3] include(::String) at ./sysimg.jl:14
 [4] anonymous at ./<missing>:2
 [5] eval(::Module, ::Any) at ./boot.jl:236
 [6] process_options(::Base.JLOptions) at ./client.jl:275
 [7] _start() at ./client.jl:363
while loading /home/vagrant/.julia/v0.6/Xpress/src/Xpress.jl, in expression starting on line 8
ERROR: LoadError: LoadError: Failed to precompile Xpress to /home/vagrant/.julia/lib/v0.6/Xpress.ji.
Stacktrace:
 [1] compilecache(::String) at ./loading.jl:672
 [2] require(::Symbol) at ./loading.jl:453
 [3] include_from_node1(::String) at ./loading.jl:532
 [4] include(::String) at ./sysimg.jl:14
 [5] evalfile(::String, ::Array{String,1}) at ./loading.jl:572
 [6] macro expansion; at /home/vagrant/.julia/v0.6/Xpress/test/runtests.jl:15 [inlined]
 [7] anonymous at ./<missing>:?
 [8] include_from_node1(::String) at ./loading.jl:532
 [9] include(::String) at ./sysimg.jl:14
 [10] process_options(::Base.JLOptions) at ./client.jl:298
 [11] _start() at ./client.jl:363
while loading /home/vagrant/.julia/v0.6/Xpress/test/lp_01a.jl, in expression starting on line 11
while loading /home/vagrant/.julia/v0.6/Xpress/test/runtests.jl, in expression starting on line 12
===============================[ ERROR: Xpress ]================================

failed process: Process(`/home/vagrant/julia/bin/julia -Cx86-64 -J/home/vagrant/julia/lib/julia/sys.so --compile=yes --depwarn=yes --check-bounds=yes --code-coverage=none --color=no --compilecache=yes /home/vagrant/.julia/v0.6/Xpress/test/runtests.jl`, ProcessExited(1)) [1]

================================================================================
INFO: Removing Calculus v0.1.15
INFO: Removing DataStructures v0.4.6
INFO: Removing DiffBase v0.0.2
INFO: Removing ForwardDiff v0.3.3
INFO: Removing JuMP v0.15.0
INFO: Removing Lazy v0.11.4
INFO: Removing MacroTools v0.3.4
INFO: Removing NaNMath v0.2.2
INFO: Removing ReverseDiffSparse v0.6.0
ERROR: Xpress had test errors
Stacktrace:
 [1] #test#61(::Bool, ::Function, ::Array{AbstractString,1}) at ./pkg/entry.jl:754
 [2] (::Base.Pkg.Entry.#kw##test)(::Array{Any,1}, ::Base.Pkg.Entry.#test, ::Array{AbstractString,1}) at ./<missing>:0
 [3] (::Base.Pkg.Dir.##2#3{Array{Any,1},Base.Pkg.Entry.#test,Tuple{Array{AbstractString,1}}})() at ./pkg/dir.jl:31
 [4] cd(::Base.Pkg.Dir.##2#3{Array{Any,1},Base.Pkg.Entry.#test,Tuple{Array{AbstractString,1}}}, ::String) at ./file.jl:69
 [5] #cd#1(::Array{Any,1}, ::Function, ::Function, ::Array{AbstractString,1}, ::Vararg{Array{AbstractString,1},N}) at ./pkg/dir.jl:31
 [6] (::Base.Pkg.Dir.#kw##cd)(::Array{Any,1}, ::Base.Pkg.Dir.#cd, ::Function, ::Array{AbstractString,1}, ::Vararg{Array{AbstractString,1},N}) at ./<missing>:0
 [7] #test#3(::Bool, ::Function, ::String, ::Vararg{String,N}) at ./pkg/pkg.jl:259
 [8] test(::String, ::Vararg{String,N}) at ./pkg/pkg.jl:259
 [9] eval(::Module, ::Any) at ./boot.jl:236
 [10] process_options(::Base.JLOptions) at ./client.jl:275
 [11] _start() at ./client.jl:363

>>> End of log
