>>> 'Pkg.add("XSV")' log
INFO: Cloning cache of XSV from https://github.com/benhamner/XSV.jl.git
INFO: Installing XSV v0.0.2
INFO: Package database updated
INFO: METADATA is out-of-date — you may not have the latest version of XSV
INFO: Use `Pkg.update()` to get the latest versions of your packages

>>> 'Pkg.test("XSV")' log
Julia Version 0.5.0-dev+4329
Commit ef7101b (2016-05-26 00:11 UTC)
Platform Info:
  System: Linux (x86_64-unknown-linux-gnu)
  CPU: Intel(R) Xeon(R) CPU E3-1241 v3 @ 3.50GHz
  WORD_SIZE: 64
  BLAS: libopenblas (USE64BITINT DYNAMIC_ARCH NO_AFFINITY Nehalem)
  LAPACK: libopenblas64_
  LIBM: libopenlibm
  LLVM: libLLVM-3.7.1 (ORCJIT, haswell)
INFO: Testing XSV
Running tests:
WARNING: Base.ASCIIString is deprecated, use String instead.
  likely near /home/vagrant/.julia/v0.5/XSV/test/readxsv.jl:6
WARNING: Base.UTF8String is deprecated, use String instead.
  likely near /home/vagrant/.julia/v0.5/XSV/test/readxsv.jl:6
WARNING: Base.ASCIIString is deprecated, use String instead.
  likely near /home/vagrant/.julia/v0.5/XSV/test/readxsv.jl:6
in get_string_type at /home/vagrant/.julia/v0.5/XSV/src/readxsv.jl
WARNING: Base.UTF8String is deprecated, use String instead.
  likely near /home/vagrant/.julia/v0.5/XSV/test/readxsv.jl:6
in get_string_type at /home/vagrant/.julia/v0.5/XSV/src/readxsv.jl
WARNING: Base.Uint8 is deprecated, use UInt8 instead.
  likely near /home/vagrant/.julia/v0.5/XSV/test/readxsv.jl:6
WARNING: Base.Uint8 is deprecated, use UInt8 instead.
  likely near /home/vagrant/.julia/v0.5/XSV/test/readxsv.jl:6
WARNING: Base.Uint8 is deprecated, use UInt8 instead.
  likely near /home/vagrant/.julia/v0.5/XSV/test/readxsv.jl:6
WARNING: Base.Uint8 is deprecated, use UInt8 instead.
  likely near /home/vagrant/.julia/v0.5/XSV/test/readxsv.jl:6
WARNING: Base.Uint8 is deprecated, use UInt8 instead.
  likely near /home/vagrant/.julia/v0.5/XSV/test/readxsv.jl:6
WARNING: Base.Uint8 is deprecated, use UInt8 instead.
  likely near /home/vagrant/.julia/v0.5/XSV/test/readxsv.jl:6
WARNING: Base.Uint8 is deprecated, use UInt8 instead.
  likely near /home/vagrant/.julia/v0.5/XSV/test/readxsv.jl:6
WARNING: Base.Uint8 is deprecated, use UInt8 instead.
  likely near /home/vagrant/.julia/v0.5/XSV/test/readxsv.jl:6
WARNING: Base.Uint8 is deprecated, use UInt8 instead.
  likely near /home/vagrant/.julia/v0.5/XSV/test/readxsv.jl:6
WARNING: Base.Uint8 is deprecated, use UInt8 instead.
  likely near /home/vagrant/.julia/v0.5/XSV/test/readxsv.jl:6
WARNING: Base.Uint8 is deprecated, use UInt8 instead.
  likely near /home/vagrant/.julia/v0.5/XSV/test/readxsv.jl:6
WARNING: Base.Uint8 is deprecated, use UInt8 instead.
  likely near /home/vagrant/.julia/v0.5/XSV/test/readxsv.jl:6
WARNING: Base.Uint8 is deprecated, use UInt8 instead.
  likely near /home/vagrant/.julia/v0.5/XSV/test/readxsv.jl:6
WARNING: Base.Uint8 is deprecated, use UInt8 instead.
  likely near /home/vagrant/.julia/v0.5/XSV/test/readxsv.jl:6
WARNING: Base.Uint8 is deprecated, use UInt8 instead.
  likely near /home/vagrant/.julia/v0.5/XSV/test/readxsv.jl:6
WARNING: Base.Uint8 is deprecated, use UInt8 instead.
  likely near /home/vagrant/.julia/v0.5/XSV/test/readxsv.jl:6
WARNING: Base.Uint8 is deprecated, use UInt8 instead.
  likely near /home/vagrant/.julia/v0.5/XSV/test/readxsv.jl:6
WARNING: Base.Uint8 is deprecated, use UInt8 instead.
  likely near /home/vagrant/.julia/v0.5/XSV/test/readxsv.jl:6
WARNING: Base.Uint8 is deprecated, use UInt8 instead.
  likely near /home/vagrant/.julia/v0.5/XSV/test/readxsv.jl:6
WARNING: Base.Uint8 is deprecated, use UInt8 instead.
  likely near /home/vagrant/.julia/v0.5/XSV/test/readxsv.jl:6
WARNING: Base.Uint8 is deprecated, use UInt8 instead.
  likely near /home/vagrant/.julia/v0.5/XSV/test/readxsv.jl:6
WARNING: Base.Uint8 is deprecated, use UInt8 instead.
  likely near /home/vagrant/.julia/v0.5/XSV/test/readxsv.jl:6
WARNING: Base.Uint8 is deprecated, use UInt8 instead.
  likely near /home/vagrant/.julia/v0.5/XSV/test/readxsv.jl:6
WARNING: Base.Uint8 is deprecated, use UInt8 instead.
  likely near /home/vagrant/.julia/v0.5/XSV/test/readxsv.jl:6
WARNING: Base.Uint8 is deprecated, use UInt8 instead.
  likely near /home/vagrant/.julia/v0.5/XSV/test/readxsv.jl:6
WARNING: Base.Uint8 is deprecated, use UInt8 instead.
  likely near /home/vagrant/.julia/v0.5/XSV/test/readxsv.jl:6
WARNING: Base.Uint8 is deprecated, use UInt8 instead.
  likely near /home/vagrant/.julia/v0.5/XSV/test/readxsv.jl:6
WARNING: Base.Uint8 is deprecated, use UInt8 instead.
  likely near /home/vagrant/.julia/v0.5/XSV/test/readxsv.jl:6
WARNING: Base.Uint8 is deprecated, use UInt8 instead.
  likely near /home/vagrant/.julia/v0.5/XSV/test/readxsv.jl:6
WARNING: Base.Uint8 is deprecated, use UInt8 instead.
  likely near /home/vagrant/.julia/v0.5/XSV/test/readxsv.jl:6
WARNING: Base.Uint8 is deprecated, use UInt8 instead.
  likely near /home/vagrant/.julia/v0.5/XSV/test/readxsv.jl:6
WARNING: Base.Uint8 is deprecated, use UInt8 instead.
  likely near /home/vagrant/.julia/v0.5/XSV/test/readxsv.jl:6
WARNING: Base.Uint8 is deprecated, use UInt8 instead.
  likely near /home/vagrant/.julia/v0.5/XSV/test/readxsv.jl:6
WARNING: Base.Uint8 is deprecated, use UInt8 instead.
  likely near /home/vagrant/.julia/v0.5/XSV/test/readxsv.jl:6
WARNING: Base.Uint8 is deprecated, use UInt8 instead.
  likely near /home/vagrant/.julia/v0.5/XSV/test/readxsv.jl:6
WARNING: Base.Uint8 is deprecated, use UInt8 instead.
  likely near /home/vagrant/.julia/v0.5/XSV/test/readxsv.jl:6
WARNING: Base.Uint8 is deprecated, use UInt8 instead.
  likely near /home/vagrant/.julia/v0.5/XSV/test/readxsv.jl:6
WARNING: Base.Uint8 is deprecated, use UInt8 instead.
  likely near /home/vagrant/.julia/v0.5/XSV/test/readxsv.jl:6
WARNING: Base.Uint8 is deprecated, use UInt8 instead.
  likely near /home/vagrant/.julia/v0.5/XSV/test/readxsv.jl:6
WARNING: Base.Uint8 is deprecated, use UInt8 instead.
  likely near /home/vagrant/.julia/v0.5/XSV/test/readxsv.jl:6
WARNING: Base.Uint8 is deprecated, use UInt8 instead.
  likely near /home/vagrant/.julia/v0.5/XSV/test/readxsv.jl:6
WARNING: Base.Uint8 is deprecated, use UInt8 instead.
  likely near /home/vagrant/.julia/v0.5/XSV/test/readxsv.jl:6
WARNING: Base.Uint8 is deprecated, use UInt8 instead.
  likely near /home/vagrant/.julia/v0.5/XSV/test/readxsv.jl:6
WARNING: Base.Uint8 is deprecated, use UInt8 instead.
  likely near /home/vagrant/.julia/v0.5/XSV/test/readxsv.jl:6
WARNING: Base.Uint8 is deprecated, use UInt8 instead.
  likely near /home/vagrant/.julia/v0.5/XSV/test/readxsv.jl:6
WARNING: Base.Uint8 is deprecated, use UInt8 instead.
  likely near /home/vagrant/.julia/v0.5/XSV/test/readxsv.jl:6
WARNING: Base.Uint8 is deprecated, use UInt8 instead.
  likely near /home/vagrant/.julia/v0.5/XSV/test/readxsv.jl:6
WARNING: Base.Uint8 is deprecated, use UInt8 instead.
  likely near /home/vagrant/.julia/v0.5/XSV/test/readxsv.jl:6
WARNING: Base.Uint8 is deprecated, use UInt8 instead.
  likely near /home/vagrant/.julia/v0.5/XSV/test/readxsv.jl:6
WARNING: Base.Uint8 is deprecated, use UInt8 instead.
  likely near /home/vagrant/.julia/v0.5/XSV/test/readxsv.jl:6
WARNING: Base.Uint8 is deprecated, use UInt8 instead.
  likely near /home/vagrant/.julia/v0.5/XSV/test/readxsv.jl:6
WARNING: uint8(x) is deprecated, use UInt8(x) instead.
 in depwarn(::String, ::Symbol) at ./deprecated.jl:64
 in uint8(::Char) at ./deprecated.jl:50
 in #_iterxsv#1(::Char, ::Char, ::String, ::Bool, ::Function, ::Base.AbstractIOBuffer{Array{UInt8,1}}) at /home/vagrant/.julia/v0.5/XSV/src/readxsv.jl:31
 in (::XSV.#kw##_iterxsv)(::Array{Any,1}, ::XSV.#_iterxsv, ::Base.AbstractIOBuffer{Array{UInt8,1}}) at ./null:0
 in (::XSV.##3#4{Char,Char,String,Bool,Base.AbstractIOBuffer{Array{UInt8,1}}})() at ./task.jl:60
while loading /home/vagrant/.julia/v0.5/XSV/test/readxsv.jl, in expression starting on line 6
WARNING: uint8(x) is deprecated, use UInt8(x) instead.
 in depwarn(::String, ::Symbol) at ./deprecated.jl:64
 in uint8(::Char) at ./deprecated.jl:50
 in #_iterxsv#1(::Char, ::Char, ::String, ::Bool, ::Function, ::Base.AbstractIOBuffer{Array{UInt8,1}}) at /home/vagrant/.julia/v0.5/XSV/src/readxsv.jl:32
 in (::XSV.#kw##_iterxsv)(::Array{Any,1}, ::XSV.#_iterxsv, ::Base.AbstractIOBuffer{Array{UInt8,1}}) at ./null:0
 in (::XSV.##3#4{Char,Char,String,Bool,Base.AbstractIOBuffer{Array{UInt8,1}}})() at ./task.jl:60
while loading /home/vagrant/.julia/v0.5/XSV/test/readxsv.jl, in expression starting on line 6
WARNING: Base.Uint8 is deprecated, use UInt8 instead.
  likely near /home/vagrant/.julia/v0.5/XSV/test/readxsv.jl:22
WARNING: Base.Uint8 is deprecated, use UInt8 instead.
  likely near /home/vagrant/.julia/v0.5/XSV/test/readxsv.jl:22
WARNING: Base.Uint8 is deprecated, use UInt8 instead.
  likely near /home/vagrant/.julia/v0.5/XSV/test/readxsv.jl:22
WARNING: Base.Uint8 is deprecated, use UInt8 instead.
  likely near /home/vagrant/.julia/v0.5/XSV/test/readxsv.jl:22
WARNING: Base.Uint8 is deprecated, use UInt8 instead.
  likely near /home/vagrant/.julia/v0.5/XSV/test/readxsv.jl:22
WARNING: Base.Uint8 is deprecated, use UInt8 instead.
  likely near /home/vagrant/.julia/v0.5/XSV/test/readxsv.jl:22
WARNING: Base.Uint8 is deprecated, use UInt8 instead.
  likely near /home/vagrant/.julia/v0.5/XSV/test/readxsv.jl:22
WARNING: Base.Uint8 is deprecated, use UInt8 instead.
  likely near /home/vagrant/.julia/v0.5/XSV/test/readxsv.jl:22
WARNING: Base.Uint8 is deprecated, use UInt8 instead.
  likely near /home/vagrant/.julia/v0.5/XSV/test/readxsv.jl:22
WARNING: Base.Uint8 is deprecated, use UInt8 instead.
  likely near /home/vagrant/.julia/v0.5/XSV/test/readxsv.jl:22
WARNING: Base.Uint8 is deprecated, use UInt8 instead.
  likely near /home/vagrant/.julia/v0.5/XSV/test/readxsv.jl:22
WARNING: Base.Uint8 is deprecated, use UInt8 instead.
  likely near /home/vagrant/.julia/v0.5/XSV/test/readxsv.jl:22
WARNING: Base.Uint8 is deprecated, use UInt8 instead.
  likely near /home/vagrant/.julia/v0.5/XSV/test/readxsv.jl:22
WARNING: Base.Uint8 is deprecated, use UInt8 instead.
  likely near /home/vagrant/.julia/v0.5/XSV/test/readxsv.jl:22
WARNING: Base.Uint8 is deprecated, use UInt8 instead.
  likely near /home/vagrant/.julia/v0.5/XSV/test/readxsv.jl:22
WARNING: Base.Uint8 is deprecated, use UInt8 instead.
  likely near /home/vagrant/.julia/v0.5/XSV/test/readxsv.jl:22
WARNING: Base.Uint8 is deprecated, use UInt8 instead.
  likely near /home/vagrant/.julia/v0.5/XSV/test/readxsv.jl:22
WARNING: Base.Uint8 is deprecated, use UInt8 instead.
  likely near /home/vagrant/.julia/v0.5/XSV/test/readxsv.jl:22
WARNING: Base.Uint8 is deprecated, use UInt8 instead.
  likely near /home/vagrant/.julia/v0.5/XSV/test/readxsv.jl:22
WARNING: Base.Uint8 is deprecated, use UInt8 instead.
  likely near /home/vagrant/.julia/v0.5/XSV/test/readxsv.jl:22
WARNING: Base.Uint8 is deprecated, use UInt8 instead.
  likely near /home/vagrant/.julia/v0.5/XSV/test/readxsv.jl:22
WARNING: Base.Uint8 is deprecated, use UInt8 instead.
  likely near /home/vagrant/.julia/v0.5/XSV/test/readxsv.jl:22
WARNING: Base.Uint8 is deprecated, use UInt8 instead.
  likely near /home/vagrant/.julia/v0.5/XSV/test/readxsv.jl:22
WARNING: Base.Uint8 is deprecated, use UInt8 instead.
  likely near /home/vagrant/.julia/v0.5/XSV/test/readxsv.jl:22
WARNING: Base.Uint8 is deprecated, use UInt8 instead.
  likely near /home/vagrant/.julia/v0.5/XSV/test/readxsv.jl:22
WARNING: Base.Uint8 is deprecated, use UInt8 instead.
  likely near /home/vagrant/.julia/v0.5/XSV/test/readxsv.jl:22
WARNING: Base.Uint8 is deprecated, use UInt8 instead.
  likely near /home/vagrant/.julia/v0.5/XSV/test/readxsv.jl:22
WARNING: Base.Uint8 is deprecated, use UInt8 instead.
  likely near /home/vagrant/.julia/v0.5/XSV/test/readxsv.jl:22
WARNING: Base.Uint8 is deprecated, use UInt8 instead.
  likely near /home/vagrant/.julia/v0.5/XSV/test/readxsv.jl:22
WARNING: Base.Uint8 is deprecated, use UInt8 instead.
  likely near /home/vagrant/.julia/v0.5/XSV/test/readxsv.jl:22
WARNING: Base.Uint8 is deprecated, use UInt8 instead.
  likely near /home/vagrant/.julia/v0.5/XSV/test/readxsv.jl:22
WARNING: Base.Uint8 is deprecated, use UInt8 instead.
  likely near /home/vagrant/.julia/v0.5/XSV/test/readxsv.jl:22
WARNING: Base.Uint8 is deprecated, use UInt8 instead.
  likely near /home/vagrant/.julia/v0.5/XSV/test/readxsv.jl:22
WARNING: Base.Uint8 is deprecated, use UInt8 instead.
  likely near /home/vagrant/.julia/v0.5/XSV/test/readxsv.jl:22
WARNING: Base.Uint8 is deprecated, use UInt8 instead.
  likely near /home/vagrant/.julia/v0.5/XSV/test/readxsv.jl:22
WARNING: Base.Uint8 is deprecated, use UInt8 instead.
  likely near /home/vagrant/.julia/v0.5/XSV/test/readxsv.jl:22
WARNING: Base.Uint8 is deprecated, use UInt8 instead.
  likely near /home/vagrant/.julia/v0.5/XSV/test/readxsv.jl:22
WARNING: Base.Uint8 is deprecated, use UInt8 instead.
  likely near /home/vagrant/.julia/v0.5/XSV/test/readxsv.jl:22
WARNING: Base.Uint8 is deprecated, use UInt8 instead.
  likely near /home/vagrant/.julia/v0.5/XSV/test/readxsv.jl:22
WARNING: Base.Uint8 is deprecated, use UInt8 instead.
  likely near /home/vagrant/.julia/v0.5/XSV/test/readxsv.jl:22
WARNING: Base.Uint8 is deprecated, use UInt8 instead.
  likely near /home/vagrant/.julia/v0.5/XSV/test/readxsv.jl:22
WARNING: Base.Uint8 is deprecated, use UInt8 instead.
  likely near /home/vagrant/.julia/v0.5/XSV/test/readxsv.jl:22
WARNING: Base.Uint8 is deprecated, use UInt8 instead.
  likely near /home/vagrant/.julia/v0.5/XSV/test/readxsv.jl:22
WARNING: Base.Uint8 is deprecated, use UInt8 instead.
  likely near /home/vagrant/.julia/v0.5/XSV/test/readxsv.jl:22
WARNING: Base.Uint8 is deprecated, use UInt8 instead.
  likely near /home/vagrant/.julia/v0.5/XSV/test/readxsv.jl:22
WARNING: Base.Uint8 is deprecated, use UInt8 instead.
  likely near /home/vagrant/.julia/v0.5/XSV/test/readxsv.jl:22
WARNING: Base.Uint8 is deprecated, use UInt8 instead.
  likely near /home/vagrant/.julia/v0.5/XSV/test/readxsv.jl:22
WARNING: Base.Uint8 is deprecated, use UInt8 instead.
  likely near /home/vagrant/.julia/v0.5/XSV/test/readxsv.jl:22
WARNING: Base.Uint8 is deprecated, use UInt8 instead.
  likely near /home/vagrant/.julia/v0.5/XSV/test/readxsv.jl:22
in #_iterxsv#1 at /home/vagrant/.julia/v0.5/XSV/src/readxsv.jl
WARNING: Base.Uint8 is deprecated, use UInt8 instead.
  likely near /home/vagrant/.julia/v0.5/XSV/test/readxsv.jl:22
in #_iterxsv#1 at /home/vagrant/.julia/v0.5/XSV/src/readxsv.jl
WARNING: uint8(x) is deprecated, use UInt8(x) instead.
 in depwarn(::String, ::Symbol) at ./deprecated.jl:64
 in uint8(::Char) at ./deprecated.jl:50
 in #_iterxsv#1(::Char, ::Char, ::String, ::Bool, ::Function, ::IOStream) at /home/vagrant/.julia/v0.5/XSV/src/readxsv.jl:31
 in (::XSV.#kw##_iterxsv)(::Array{Any,1}, ::XSV.#_iterxsv, ::IOStream) at ./null:0
 in (::XSV.##3#4{Char,Char,String,Bool,IOStream})() at ./task.jl:60
while loading /home/vagrant/.julia/v0.5/XSV/test/readxsv.jl, in expression starting on line 22
WARNING: uint8(x) is deprecated, use UInt8(x) instead.
 in depwarn(::String, ::Symbol) at ./deprecated.jl:64
 in uint8(::Char) at ./deprecated.jl:50
 in #_iterxsv#1(::Char, ::Char, ::String, ::Bool, ::Function, ::IOStream) at /home/vagrant/.julia/v0.5/XSV/src/readxsv.jl:32
 in (::XSV.#kw##_iterxsv)(::Array{Any,1}, ::XSV.#_iterxsv, ::IOStream) at ./null:0
 in (::XSV.##3#4{Char,Char,String,Bool,IOStream})() at ./task.jl:60
while loading /home/vagrant/.julia/v0.5/XSV/test/readxsv.jl, in expression starting on line 22
	[1m[32mPASSED[0m: readxsv.jl
INFO: XSV tests passed

>>> End of log
