>>> 'Pkg.add("XSV")' log
INFO: Cloning cache of XSV from https://github.com/benhamner/XSV.jl.git
INFO: Installing XSV v0.0.2
INFO: Package database updated

>>> 'Pkg.test("XSV")' log
Julia Version 0.6.0-dev.1973
Commit f4ed16b (2017-01-06 23:58 UTC)
Platform Info:
  OS: Linux (x86_64-pc-linux-gnu)
  CPU: Intel(R) Xeon(R) CPU E3-1241 v3 @ 3.50GHz
  WORD_SIZE: 64
           Ubuntu 14.04.5 LTS
  uname: Linux 3.13.0-106-generic #153-Ubuntu SMP Tue Dec 6 15:44:32 UTC 2016 x86_64 x86_64
Memory: 2.9392738342285156 GB (1872.6484375 MB free)
Uptime: 31766.0 sec
Load Avg:  1.0029296875  0.98876953125  0.857421875
Intel(R) Xeon(R) CPU E3-1241 v3 @ 3.50GHz: 
       speed         user         nice          sys         idle          irq
#1  3500 MHz    1909191 s       6630 s     182125 s     701341 s        131 s
#2  3500 MHz     564873 s        273 s      92484 s    2426994 s          3 s

  BLAS: libopenblas (USE64BITINT DYNAMIC_ARCH NO_AFFINITY Nehalem)
  LAPACK: libopenblas64_
  LIBM: libopenlibm
  LLVM: libLLVM-3.9.1 (ORCJIT, haswell)
Environment:
  TERM = vt100
  LD_LIBRARY_PATH = :/usr/local/lib/
  PATH = /usr/local/sbin:/usr/local/bin:/usr/sbin:/usr/bin:/sbin:/bin:/usr/games:/usr/local/games:/home/vagrant/julia/bin/
  JAVA_HOME = /usr/lib/jvm/java-7-oracle
  HOME = /home/vagrant

Package Directory: /home/vagrant/.julia/v0.6
2 required packages:
 - JSON                          0.8.0
 - XSV                           0.0.2
18 additional packages:
 - BinDeps                       0.4.5
 - Calculus                      0.1.15
 - Compat                        0.10.0
 - Distributions                 0.11.1
 - GenerativeModels              0.0.0-             master (unregistered)
 - Iterators                     0.2.0
 - LaTeXStrings                  0.2.0
 - PDMats                        0.5.2
 - POMDPBounds                   0.0.0-             master (unregistered)
 - POMDPModels                   0.0.0-             master (unregistered)
 - POMDPToolbox                  0.0.0-             master (unregistered)
 - POMDPs                        0.4.0
 - Rmath                         0.1.6
 - SHA                           0.3.0
 - StatsBase                     0.12.0
 - StatsFuns                     0.3.1
 - TikzPictures                  0.3.5
 - URIParser                     0.1.6
INFO: Testing XSV
Running tests:
WARNING: Base.ASCIIString is deprecated, use String instead.
  likely near /home/vagrant/.julia/v0.6/XSV/test/readxsv.jl:6
WARNING: Base.UTF8String is deprecated, use String instead.
  likely near /home/vagrant/.julia/v0.6/XSV/test/readxsv.jl:6
WARNING: Base.ASCIIString is deprecated, use String instead.
  likely near /home/vagrant/.julia/v0.6/XSV/test/readxsv.jl:6
in get_string_type at /home/vagrant/.julia/v0.6/XSV/src/readxsv.jl
WARNING: Base.UTF8String is deprecated, use String instead.
  likely near /home/vagrant/.julia/v0.6/XSV/test/readxsv.jl:6
in get_string_type at /home/vagrant/.julia/v0.6/XSV/src/readxsv.jl
Error During Test
  Test threw an exception of type UndefVarError
  Expression: ((readxsv("1,2,3\n4,5,6"))[1])[1] == "1"
  UndefVarError: uint8 not defined
  Stacktrace:
   [1] schedule_and_wait(::Task, ::Void) at ./event.jl:127
   [2] consume(::Task) at ./task.jl:313
   [3] done at ./task.jl:318 [inlined]
   [4] #readxsv#6(::Char, ::Char, ::String, ::Bool, ::Function, ::Base.AbstractIOBuffer{Array{UInt8,1}}) at /home/vagrant/.julia/v0.6/XSV/src/readxsv.jl:132
   [5] (::XSV.#kw##readxsv)(::Array{Any,1}, ::XSV.#readxsv, ::Base.AbstractIOBuffer{Array{UInt8,1}}) at ./<missing>:0
   [6] readxsv(::String) at /home/vagrant/.julia/v0.6/XSV/src/readxsv.jl:137
   [7] include_from_node1(::String) at ./loading.jl:532
   [8] include(::String) at ./sysimg.jl:14
   [9] macro expansion; at /home/vagrant/.julia/v0.6/XSV/test/runtests.jl:10 [inlined]
   [10] anonymous at ./<missing>:?
   [11] include_from_node1(::String) at ./loading.jl:532
   [12] include(::String) at ./sysimg.jl:14
   [13] process_options(::Base.JLOptions) at ./client.jl:308
   [14] _start() at ./client.jl:374
	[1m[31mFAILED[0m: readxsv.jl
ERROR: LoadError: LoadError: There was an error during testing
while loading /home/vagrant/.julia/v0.6/XSV/test/readxsv.jl, in expression starting on line 6
while loading /home/vagrant/.julia/v0.6/XSV/test/runtests.jl, in expression starting on line 8
=================================[ ERROR: XSV ]=================================

failed process: Process(`/home/vagrant/julia/bin/julia -Cx86-64 -J/home/vagrant/julia/lib/julia/sys.so --compile=yes --depwarn=yes --check-bounds=yes --code-coverage=none --color=no --compilecache=yes /home/vagrant/.julia/v0.6/XSV/test/runtests.jl`, ProcessExited(1)) [1]

================================================================================
ERROR: XSV had test errors

>>> End of log
