>>> 'Pkg.add("Xtensor")' log
[ Info: Cloning cache of Xtensor from https://github.com/QuantStack/Xtensor.jl.git @ Base.Pkg.Cache cache.jl:43
[ Info: Installing BinDeps v0.8.2 @ Base.Pkg.Entry entry.jl:543
[ Info: Installing CxxWrap v0.5.0 @ Base.Pkg.Entry entry.jl:543
[ Info: Installing SHA v0.5.2 @ Base.Pkg.Entry entry.jl:543
[ Info: Installing URIParser v0.3.0 @ Base.Pkg.Entry entry.jl:543
[ Info: Installing Xtensor v0.0.10 @ Base.Pkg.Entry entry.jl:543
[ Info: Building CxxWrap @ Main none:10
┌ Warning: `is_windows` is deprecated, use `Sys.iswindows` instead.
│   caller = top-level scope
└ @ Core :0
┌ Warning: `is_windows` is deprecated, use `Sys.iswindows` instead.
│   caller = top-level scope
└ @ Core :0
┌ Warning: `is_windows` is deprecated, use `Sys.iswindows` instead.
│   caller = top-level scope
└ @ Core :0
┌ Warning: `is_windows` is deprecated, use `Sys.iswindows` instead.
│   caller = top-level scope
└ @ Core :0
┌ Warning: `is_apple` is deprecated, use `Sys.isapple` instead.
│   caller = top-level scope
└ @ Core :0
┌ Error: ------------------------------------------------------------
│ # Build failed for CxxWrap
│   exception = LoadError("/home/vagrant/.julia/v0.7/CxxWrap/deps/build.jl", 56, UndefVarError(:JULIA_HOME))
└ @ Main none:15
[ Info: Building Xtensor @ Main none:10
┌ Warning: Deprecated syntax `type` at /home/vagrant/.julia/v0.7/CxxWrap/src/CxxWrap.jl:55.
│ Use `mutable struct` instead.
└ @ nothing CxxWrap.jl:55
┌ Warning: Deprecated syntax `immutable` at /home/vagrant/.julia/v0.7/CxxWrap/src/CxxWrap.jl:97.
│ Use `struct` instead.
└ @ nothing CxxWrap.jl:97
┌ Warning: Deprecated syntax `immutable` at /home/vagrant/.julia/v0.7/CxxWrap/src/CxxWrap.jl:102.
│ Use `struct` instead.
└ @ nothing CxxWrap.jl:102
┌ Warning: Deprecated syntax `immutable` at /home/vagrant/.julia/v0.7/CxxWrap/src/CxxWrap.jl:106.
│ Use `struct` instead.
└ @ nothing CxxWrap.jl:106
┌ Warning: Deprecated syntax `type` at /home/vagrant/.julia/v0.7/CxxWrap/src/CxxWrap.jl:116.
│ Use `mutable struct` instead.
└ @ nothing CxxWrap.jl:116
┌ Warning: Deprecated syntax `type` at /home/vagrant/.julia/v0.7/CxxWrap/src/CxxWrap.jl:184.
│ Use `mutable struct` instead.
└ @ nothing CxxWrap.jl:184
┌ Warning: Deprecated syntax `type` at /home/vagrant/.julia/v0.7/CxxWrap/src/CxxWrap.jl:189.
│ Use `mutable struct` instead.
└ @ nothing CxxWrap.jl:189
┌ Warning: Deprecated syntax `([ :(Base.cconvert($t, $a)) for (t, a) = zip(func.reference_argument_types, argsymbols) ]...)` at /home/vagrant/.julia/v0.7/CxxWrap/src/CxxWrap.jl:272.
│ Use `([ :(Base.cconvert($t, $a)) for (t, a) = zip(func.reference_argument_types, argsymbols) ]...,)` instead.
└ @ nothing CxxWrap.jl:272
┌ Warning: Deprecated syntax `immutable` at /home/vagrant/.julia/v0.7/CxxWrap/src/CxxWrap.jl:402.
│ Use `struct` instead.
└ @ nothing CxxWrap.jl:402
┌ Warning: Deprecated syntax `type` at /home/vagrant/.julia/v0.7/CxxWrap/src/CxxWrap.jl:55.
│ Use `mutable struct` instead.
└ @ nothing CxxWrap.jl:55
┌ Warning: Deprecated syntax `immutable` at /home/vagrant/.julia/v0.7/CxxWrap/src/CxxWrap.jl:97.
│ Use `struct` instead.
└ @ nothing CxxWrap.jl:97
┌ Warning: Deprecated syntax `immutable` at /home/vagrant/.julia/v0.7/CxxWrap/src/CxxWrap.jl:102.
│ Use `struct` instead.
└ @ nothing CxxWrap.jl:102
┌ Warning: Deprecated syntax `immutable` at /home/vagrant/.julia/v0.7/CxxWrap/src/CxxWrap.jl:106.
│ Use `struct` instead.
└ @ nothing CxxWrap.jl:106
┌ Warning: Deprecated syntax `type` at /home/vagrant/.julia/v0.7/CxxWrap/src/CxxWrap.jl:116.
│ Use `mutable struct` instead.
└ @ nothing CxxWrap.jl:116
┌ Warning: Deprecated syntax `type` at /home/vagrant/.julia/v0.7/CxxWrap/src/CxxWrap.jl:184.
│ Use `mutable struct` instead.
└ @ nothing CxxWrap.jl:184
┌ Warning: Deprecated syntax `type` at /home/vagrant/.julia/v0.7/CxxWrap/src/CxxWrap.jl:189.
│ Use `mutable struct` instead.
└ @ nothing CxxWrap.jl:189
┌ Warning: Deprecated syntax `([ :(Base.cconvert($t, $a)) for (t, a) = zip(func.reference_argument_types, argsymbols) ]...)` at /home/vagrant/.julia/v0.7/CxxWrap/src/CxxWrap.jl:272.
│ Use `([ :(Base.cconvert($t, $a)) for (t, a) = zip(func.reference_argument_types, argsymbols) ]...,)` instead.
└ @ nothing CxxWrap.jl:272
┌ Warning: Deprecated syntax `immutable` at /home/vagrant/.julia/v0.7/CxxWrap/src/CxxWrap.jl:402.
│ Use `struct` instead.
└ @ nothing CxxWrap.jl:402
┌ Warning: `is_windows` is deprecated, use `Sys.iswindows` instead.
│   caller = top-level scope
└ @ Core :0
ERROR: LoadError: /home/vagrant/.julia/v0.7/CxxWrap/deps/deps.jl not found, CxxWrap did not build properly
Stacktrace:
 [1] error(::String) at ./error.jl:33
 [2] top-level scope at /home/vagrant/.julia/v0.7/CxxWrap/src/CxxWrap.jl:24
 [3] include at ./boot.jl:295 [inlined]
 [4] include_relative(::Module, ::String) at ./loading.jl:521
 [5] include(::Module, ::String) at ./sysimg.jl:26
 [6] top-level scope
 [7] eval at ./boot.jl:298 [inlined]
 [8] top-level scope at ./<missing>:2
in expression starting at /home/vagrant/.julia/v0.7/CxxWrap/src/CxxWrap.jl:24
┌ Error: ------------------------------------------------------------
│ # Build failed for Xtensor
│   exception = LoadError("/home/vagrant/.julia/v0.7/Xtensor/deps/build.jl", 2, ErrorException("Failed to precompile CxxWrap to /home/vagrant/.julia/lib/v0.7/CxxWrap.ji."))
└ @ Main none:15
┌ Warning: ------------------------------------------------------------
│ # Build error summary
│ 
│ Xtensor and CxxWrap had build errors.
│ 
│  - packages with build errors remain installed in /home/vagrant/.julia/v0.7
│  - build the package(s) and all dependencies with `Pkg.build("Xtensor", "CxxWrap")`
│  - build a single package by running its `deps/build.jl` script
└ @ Base.Pkg.Entry entry.jl:656
[ Info: Package database updated @ Base.Pkg.Entry entry.jl:32
┌ Info: METADATA is out-of-date — you may not have the latest version of Xtensor
│ Use `Pkg.update()` to get the latest versions of your packages
└ @ Base.Pkg.Entry entry.jl:74

>>> 'Pkg.test("Xtensor")' log
Julia Version 0.7.0-DEV.3246
Commit 2138144d3a (2018-01-04 02:34 UTC)
Platform Info:
  OS: Linux (x86_64-pc-linux-gnu)
      Ubuntu 14.04.5 LTS
  uname: Linux 3.13.0-135-generic #184-Ubuntu SMP Wed Oct 18 11:55:51 UTC 2017 x86_64 x86_64
  CPU: Intel(R) Xeon(R) CPU E3-1241 v3 @ 3.50GHz: 
              speed         user         nice          sys         idle          irq
       #1  3507 MHz    6977820 s        155 s     347216 s    1395863 s         76 s
       #2  3507 MHz    1258914 s       5804 s     130189 s    8847934 s          1 s
       
  Memory: 2.93927001953125 GB (1626.8515625 MB free)
  Uptime: 104301.0 sec
  Load Avg:  1.0048828125  1.0146484375  1.03466796875
  WORD_SIZE: 64
  BLAS: libopenblas (USE64BITINT DYNAMIC_ARCH NO_AFFINITY Nehalem)
  LAPACK: libopenblas64_
  LIBM: libopenlibm
  LLVM: libLLVM-3.9.1 (ORCJIT, haswell)
Environment:
  TERM = vt100
  LD_LIBRARY_PATH = :/usr/local/lib/
  PATH = /usr/local/sbin:/usr/local/bin:/usr/sbin:/usr/bin:/sbin:/bin:/usr/games:/usr/local/games:/home/vagrant/julia/bin/
  JAVA_HOME = /usr/lib/jvm/java-8-openjdk-amd64
  HOME = /home/vagrant
Packages:
  Package Directory: /home/vagrant/.julia/v0.7
  Package Status:
2 required packages:
 - JSON                          0.16.3
 - Xtensor                       0.0.10
7 additional packages:
 - BinDeps                       0.8.2
 - Compat                        0.42.0
 - CxxWrap                       0.5.0
 - Nullables                     0.0.2
 - SHA                           0.5.2
 - URIParser                     0.3.0
 - tmpPOOpwT                     0.0.0-             non-repo (unregistered)
[ Info: Testing Xtensor @ Base.Pkg.Entry entry.jl:723
┌ Warning: Deprecated syntax `type` at /home/vagrant/.julia/v0.7/CxxWrap/src/CxxWrap.jl:55.
│ Use `mutable struct` instead.
└ @ nothing CxxWrap.jl:55
┌ Warning: Deprecated syntax `immutable` at /home/vagrant/.julia/v0.7/CxxWrap/src/CxxWrap.jl:97.
│ Use `struct` instead.
└ @ nothing CxxWrap.jl:97
┌ Warning: Deprecated syntax `immutable` at /home/vagrant/.julia/v0.7/CxxWrap/src/CxxWrap.jl:102.
│ Use `struct` instead.
└ @ nothing CxxWrap.jl:102
┌ Warning: Deprecated syntax `immutable` at /home/vagrant/.julia/v0.7/CxxWrap/src/CxxWrap.jl:106.
│ Use `struct` instead.
└ @ nothing CxxWrap.jl:106
┌ Warning: Deprecated syntax `type` at /home/vagrant/.julia/v0.7/CxxWrap/src/CxxWrap.jl:116.
│ Use `mutable struct` instead.
└ @ nothing CxxWrap.jl:116
┌ Warning: Deprecated syntax `type` at /home/vagrant/.julia/v0.7/CxxWrap/src/CxxWrap.jl:184.
│ Use `mutable struct` instead.
└ @ nothing CxxWrap.jl:184
┌ Warning: Deprecated syntax `type` at /home/vagrant/.julia/v0.7/CxxWrap/src/CxxWrap.jl:189.
│ Use `mutable struct` instead.
└ @ nothing CxxWrap.jl:189
┌ Warning: Deprecated syntax `([ :(Base.cconvert($t, $a)) for (t, a) = zip(func.reference_argument_types, argsymbols) ]...)` at /home/vagrant/.julia/v0.7/CxxWrap/src/CxxWrap.jl:272.
│ Use `([ :(Base.cconvert($t, $a)) for (t, a) = zip(func.reference_argument_types, argsymbols) ]...,)` instead.
└ @ nothing CxxWrap.jl:272
┌ Warning: Deprecated syntax `immutable` at /home/vagrant/.julia/v0.7/CxxWrap/src/CxxWrap.jl:402.
│ Use `struct` instead.
└ @ nothing CxxWrap.jl:402
┌ Warning: Deprecated syntax `type` at /home/vagrant/.julia/v0.7/CxxWrap/src/CxxWrap.jl:55.
│ Use `mutable struct` instead.
└ @ nothing CxxWrap.jl:55
┌ Warning: Deprecated syntax `immutable` at /home/vagrant/.julia/v0.7/CxxWrap/src/CxxWrap.jl:97.
│ Use `struct` instead.
└ @ nothing CxxWrap.jl:97
┌ Warning: Deprecated syntax `immutable` at /home/vagrant/.julia/v0.7/CxxWrap/src/CxxWrap.jl:102.
│ Use `struct` instead.
└ @ nothing CxxWrap.jl:102
┌ Warning: Deprecated syntax `immutable` at /home/vagrant/.julia/v0.7/CxxWrap/src/CxxWrap.jl:106.
│ Use `struct` instead.
└ @ nothing CxxWrap.jl:106
┌ Warning: Deprecated syntax `type` at /home/vagrant/.julia/v0.7/CxxWrap/src/CxxWrap.jl:116.
│ Use `mutable struct` instead.
└ @ nothing CxxWrap.jl:116
┌ Warning: Deprecated syntax `type` at /home/vagrant/.julia/v0.7/CxxWrap/src/CxxWrap.jl:184.
│ Use `mutable struct` instead.
└ @ nothing CxxWrap.jl:184
┌ Warning: Deprecated syntax `type` at /home/vagrant/.julia/v0.7/CxxWrap/src/CxxWrap.jl:189.
│ Use `mutable struct` instead.
└ @ nothing CxxWrap.jl:189
┌ Warning: Deprecated syntax `([ :(Base.cconvert($t, $a)) for (t, a) = zip(func.reference_argument_types, argsymbols) ]...)` at /home/vagrant/.julia/v0.7/CxxWrap/src/CxxWrap.jl:272.
│ Use `([ :(Base.cconvert($t, $a)) for (t, a) = zip(func.reference_argument_types, argsymbols) ]...,)` instead.
└ @ nothing CxxWrap.jl:272
┌ Warning: Deprecated syntax `immutable` at /home/vagrant/.julia/v0.7/CxxWrap/src/CxxWrap.jl:402.
│ Use `struct` instead.
└ @ nothing CxxWrap.jl:402
┌ Warning: `is_windows` is deprecated, use `Sys.iswindows` instead.
│   caller = top-level scope
└ @ Core :0
ERROR: LoadError: /home/vagrant/.julia/v0.7/CxxWrap/deps/deps.jl not found, CxxWrap did not build properly
Stacktrace:
 [1] error(::String) at ./error.jl:33
 [2] top-level scope at /home/vagrant/.julia/v0.7/CxxWrap/src/CxxWrap.jl:24
 [3] include at ./boot.jl:295 [inlined]
 [4] include_relative(::Module, ::String) at ./loading.jl:521
 [5] include(::Module, ::String) at ./sysimg.jl:26
 [6] top-level scope
 [7] eval at ./boot.jl:298 [inlined]
 [8] top-level scope at ./<missing>:2
in expression starting at /home/vagrant/.julia/v0.7/CxxWrap/src/CxxWrap.jl:24
ERROR: LoadError: LoadError: Failed to precompile CxxWrap to /home/vagrant/.julia/lib/v0.7/CxxWrap.ji.
Stacktrace:
 [1] error at ./error.jl:33 [inlined]
 [2] compilecache(::String) at ./loading.jl:648
 [3] compilecache at ./loading.jl:605 [inlined]
 [4] _require(::Symbol) at ./loading.jl:460
 [5] require(::Symbol) at ./loading.jl:333
 [6] include at ./boot.jl:295 [inlined]
 [7] include_relative(::Module, ::String) at ./loading.jl:521
 [8] include(::Module, ::String) at ./sysimg.jl:26
 [9] include(::String) at ./sysimg.jl:65
 [10] top-level scope
 [11] include at ./boot.jl:295 [inlined]
 [12] include_relative(::Module, ::String) at ./loading.jl:521
 [13] include(::Module, ::String) at ./sysimg.jl:26
 [14] process_options(::Base.JLOptions) at ./client.jl:323
 [15] _start() at ./client.jl:374
in expression starting at /home/vagrant/.julia/v0.7/Xtensor/test/tensors.jl:9
in expression starting at /home/vagrant/.julia/v0.7/Xtensor/test/runtests.jl:9
┌ Error: ------------------------------------------------------------
│ # Testing failed for Xtensor
│   exception = ErrorException("failed process: Process(`/home/vagrant/julia/bin/julia -Cnative -J/home/vagrant/julia/lib/julia/sys.so --compile=yes --depwarn=yes --code-coverage=none --color=no --compiled-modules=yes --check-bounds=yes --warn-overwrite=yes --startup-file=yes /home/vagrant/.julia/v0.7/Xtensor/test/runtests.jl`, ProcessExited(1)) [1]")
└ @ Base.Pkg.Entry entry.jl:739
ERROR: Xtensor had test errors

>>> End of log
