>>> 'Pkg.add("Xtensor")' log
INFO: Cloning cache of Xtensor from https://github.com/QuantStack/Xtensor.jl.git
INFO: Installing BinDeps v0.6.0
INFO: Installing CxxWrap v0.4.1
INFO: Installing SHA v0.3.3
INFO: Installing URIParser v0.1.8
INFO: Installing Xtensor v0.0.3
INFO: Building CxxWrap
INFO: Changing Directory to /home/vagrant/.julia/v0.5/CxxWrap/deps/builds/jlcxx
-- Julia_EXECUTABLE:     /home/vagrant/julia/bin/julia
-- Julia_VERSION_STRING: 0.5.2
-- Julia_INCLUDE_DIRS:   /home/vagrant/julia/include/julia
-- Julia_LIBRARY_DIR:    /home/vagrant/julia/lib
-- Julia_LIBRARY:        /home/vagrant/julia/lib/libjulia.so
-- JULIA_HOME:           /home/vagrant/julia/bin
-- Julia_LLVM_VERSION:   3.7.1
-- JlCxx version: v0.1.1
-- Configuring done
-- Generating done
-- Build files have been written to: /home/vagrant/.julia/v0.5/CxxWrap/deps/builds/jlcxx
Scanning dependencies of target jlcxx
[  5%] Building CXX object CMakeFiles/jlcxx.dir/src/jlcxx.cpp.o
[ 15%] Building CXX object CMakeFiles/jlcxx.dir/src/c_interface.cpp.o
[ 15%] Building CXX object CMakeFiles/jlcxx.dir/src/functions.cpp.o
[ 20%] Linking CXX shared library libjlcxx.so
[ 20%] Built target jlcxx
Scanning dependencies of target except
Scanning dependencies of target parametric
Scanning dependencies of target extended
Scanning dependencies of target functions
[ 25%] Building CXX object examples/CMakeFiles/except.dir/except.cpp.o
[ 30%] Building CXX object examples/CMakeFiles/extended.dir/extended.cpp.o
[ 35%] Building CXX object examples/CMakeFiles/functions.dir/functions.cpp.o
[ 40%] Building CXX object examples/CMakeFiles/parametric.dir/parametric.cpp.o
[ 45%] Linking CXX shared library libexcept.so
[ 45%] Built target except
Scanning dependencies of target inheritance
[ 50%] Building CXX object examples/CMakeFiles/inheritance.dir/inheritance.cpp.o
[ 55%] Linking CXX shared library libextended.so
[ 55%] Built target extended
Scanning dependencies of target jlcxx_containers
[ 60%] Building CXX object examples/CMakeFiles/jlcxx_containers.dir/containers.cpp.o
[ 65%] Linking CXX shared library libinheritance.so
[ 65%] Built target inheritance
Scanning dependencies of target hello
[ 70%] Building CXX object examples/CMakeFiles/hello.dir/hello.cpp.o
[ 75%] Linking CXX shared library libjlcxx_containers.so
[ 75%] Built target jlcxx_containers
Scanning dependencies of target types
[ 80%] Building CXX object examples/CMakeFiles/types.dir/types.cpp.o
[ 85%] Linking CXX shared library libfunctions.so
[ 90%] Linking CXX shared library libhello.so
[ 90%] Built target functions
[ 90%] Built target hello
[ 95%] Linking CXX shared library libparametric.so
[ 95%] Built target parametric
[100%] Linking CXX shared library libtypes.so
[100%] Built target types
Install the project...
-- Install configuration: "Release"
-- Installing: /home/vagrant/.julia/v0.5/CxxWrap/deps/usr/lib/libjlcxx.so.0.1.1
-- Up-to-date: /home/vagrant/.julia/v0.5/CxxWrap/deps/usr/lib/libjlcxx.so.0
-- Up-to-date: /home/vagrant/.julia/v0.5/CxxWrap/deps/usr/lib/libjlcxx.so
-- Set runtime path of "/home/vagrant/.julia/v0.5/CxxWrap/deps/usr/lib/libjlcxx.so.0.1.1" to "/home/vagrant/.julia/v0.5/CxxWrap/deps/usr/lib:/home/vagrant/julia/lib"
-- Installing: /home/vagrant/.julia/v0.5/CxxWrap/deps/usr/include/jlcxx/array.hpp
-- Installing: /home/vagrant/.julia/v0.5/CxxWrap/deps/usr/include/jlcxx/const_array.hpp
-- Installing: /home/vagrant/.julia/v0.5/CxxWrap/deps/usr/include/jlcxx/jlcxx.hpp
-- Installing: /home/vagrant/.julia/v0.5/CxxWrap/deps/usr/include/jlcxx/jlcxx_config.hpp
-- Installing: /home/vagrant/.julia/v0.5/CxxWrap/deps/usr/include/jlcxx/functions.hpp
-- Installing: /home/vagrant/.julia/v0.5/CxxWrap/deps/usr/include/jlcxx/smart_pointers.hpp
-- Installing: /home/vagrant/.julia/v0.5/CxxWrap/deps/usr/include/jlcxx/tuple.hpp
-- Installing: /home/vagrant/.julia/v0.5/CxxWrap/deps/usr/include/jlcxx/type_conversion.hpp
-- Up-to-date: /home/vagrant/.julia/v0.5/CxxWrap/deps/usr/share/cmake/JlCxx/JlCxxConfigExports.cmake
-- Installing: /home/vagrant/.julia/v0.5/CxxWrap/deps/usr/share/cmake/JlCxx/JlCxxConfigExports-release.cmake
-- Up-to-date: /home/vagrant/.julia/v0.5/CxxWrap/deps/usr/share/cmake/JlCxx/JlCxxConfig.cmake
-- Up-to-date: /home/vagrant/.julia/v0.5/CxxWrap/deps/usr/share/cmake/JlCxx/JlCxxConfigVersion.cmake
-- Installing: /home/vagrant/.julia/v0.5/CxxWrap/deps/usr/share/cmake/JlCxx/FindJulia.cmake
-- Installing: /home/vagrant/.julia/v0.5/CxxWrap/deps/usr/lib/libjlcxx_containers.so
-- Set runtime path of "/home/vagrant/.julia/v0.5/CxxWrap/deps/usr/lib/libjlcxx_containers.so" to "/home/vagrant/.julia/v0.5/CxxWrap/deps/usr/lib:/home/vagrant/julia/lib"
-- Installing: /home/vagrant/.julia/v0.5/CxxWrap/deps/usr/lib/libexcept.so
-- Set runtime path of "/home/vagrant/.julia/v0.5/CxxWrap/deps/usr/lib/libexcept.so" to "/home/vagrant/.julia/v0.5/CxxWrap/deps/usr/lib:/home/vagrant/julia/lib"
-- Installing: /home/vagrant/.julia/v0.5/CxxWrap/deps/usr/lib/libextended.so
-- Set runtime path of "/home/vagrant/.julia/v0.5/CxxWrap/deps/usr/lib/libextended.so" to "/home/vagrant/.julia/v0.5/CxxWrap/deps/usr/lib:/home/vagrant/julia/lib"
-- Installing: /home/vagrant/.julia/v0.5/CxxWrap/deps/usr/lib/libfunctions.so
-- Set runtime path of "/home/vagrant/.julia/v0.5/CxxWrap/deps/usr/lib/libfunctions.so" to "/home/vagrant/.julia/v0.5/CxxWrap/deps/usr/lib:/home/vagrant/julia/lib"
-- Installing: /home/vagrant/.julia/v0.5/CxxWrap/deps/usr/lib/libhello.so
-- Set runtime path of "/home/vagrant/.julia/v0.5/CxxWrap/deps/usr/lib/libhello.so" to "/home/vagrant/.julia/v0.5/CxxWrap/deps/usr/lib:/home/vagrant/julia/lib"
-- Installing: /home/vagrant/.julia/v0.5/CxxWrap/deps/usr/lib/libinheritance.so
-- Set runtime path of "/home/vagrant/.julia/v0.5/CxxWrap/deps/usr/lib/libinheritance.so" to "/home/vagrant/.julia/v0.5/CxxWrap/deps/usr/lib:/home/vagrant/julia/lib"
-- Installing: /home/vagrant/.julia/v0.5/CxxWrap/deps/usr/lib/libparametric.so
-- Set runtime path of "/home/vagrant/.julia/v0.5/CxxWrap/deps/usr/lib/libparametric.so" to "/home/vagrant/.julia/v0.5/CxxWrap/deps/usr/lib:/home/vagrant/julia/lib"
-- Installing: /home/vagrant/.julia/v0.5/CxxWrap/deps/usr/lib/libtypes.so
-- Set runtime path of "/home/vagrant/.julia/v0.5/CxxWrap/deps/usr/lib/libtypes.so" to "/home/vagrant/.julia/v0.5/CxxWrap/deps/usr/lib:/home/vagrant/julia/lib"
INFO: Building Xtensor
Building xtensor-core
Building xtensor-julia
Building xtensor-julia-examples
INFO: Attempting to Create directory /home/vagrant/.julia/v0.5/Xtensor/deps/../builds/xtensor
INFO: Changing Directory to /home/vagrant/.julia/v0.5/Xtensor/deps/../builds/xtensor
Cloning into '/home/vagrant/.julia/v0.5/Xtensor/deps/xtensor'...
Note: checking out '89c029c9cf5686b047a9a2e963bf69f894a641b3'.

You are in 'detached HEAD' state. You can look around, make experimental
changes and commit them, and you can discard any commits you make in this
state without impacting any branches by performing another checkout.

If you want to create a new branch to retain commits you create, you may
do so (now or later) by using -b with the checkout command again. Example:

  git checkout -b new_branch_name

-- The C compiler identification is GNU 4.8.4
-- The CXX compiler identification is GNU 4.8.4
-- Check for working C compiler: /usr/bin/cc
-- Check for working C compiler: /usr/bin/cc -- works
-- Detecting C compiler ABI info
-- Detecting C compiler ABI info - done
-- Detecting C compile features
-- Detecting C compile features - done
-- Check for working CXX compiler: /usr/bin/c++
-- Check for working CXX compiler: /usr/bin/c++ -- works
-- Detecting CXX compiler ABI info
-- Detecting CXX compiler ABI info - done
-- Detecting CXX compile features
-- Detecting CXX compile features - done
-- xtensor v0.10.2
-- Configuring done
-- Generating done
-- Build files have been written to: /home/vagrant/.julia/v0.5/Xtensor/builds/xtensor
Install the project...
-- Install configuration: ""
-- Installing: /home/vagrant/.julia/v0.5/Xtensor/deps/usr/include/xtensor/xadapt.hpp
-- Installing: /home/vagrant/.julia/v0.5/Xtensor/deps/usr/include/xtensor/xarray.hpp
-- Installing: /home/vagrant/.julia/v0.5/Xtensor/deps/usr/include/xtensor/xassign.hpp
-- Installing: /home/vagrant/.julia/v0.5/Xtensor/deps/usr/include/xtensor/xaxis_iterator.hpp
-- Installing: /home/vagrant/.julia/v0.5/Xtensor/deps/usr/include/xtensor/xbroadcast.hpp
-- Installing: /home/vagrant/.julia/v0.5/Xtensor/deps/usr/include/xtensor/xbuffer_adaptor.hpp
-- Installing: /home/vagrant/.julia/v0.5/Xtensor/deps/usr/include/xtensor/xbuilder.hpp
-- Installing: /home/vagrant/.julia/v0.5/Xtensor/deps/usr/include/xtensor/xcontainer.hpp
-- Installing: /home/vagrant/.julia/v0.5/Xtensor/deps/usr/include/xtensor/xeval.hpp
-- Installing: /home/vagrant/.julia/v0.5/Xtensor/deps/usr/include/xtensor/xexception.hpp
-- Installing: /home/vagrant/.julia/v0.5/Xtensor/deps/usr/include/xtensor/xexpression.hpp
-- Installing: /home/vagrant/.julia/v0.5/Xtensor/deps/usr/include/xtensor/xfunction.hpp
-- Installing: /home/vagrant/.julia/v0.5/Xtensor/deps/usr/include/xtensor/xgenerator.hpp
-- Installing: /home/vagrant/.julia/v0.5/Xtensor/deps/usr/include/xtensor/xindexview.hpp
-- Installing: /home/vagrant/.julia/v0.5/Xtensor/deps/usr/include/xtensor/xio.hpp
-- Installing: /home/vagrant/.julia/v0.5/Xtensor/deps/usr/include/xtensor/xiterable.hpp
-- Installing: /home/vagrant/.julia/v0.5/Xtensor/deps/usr/include/xtensor/xiterator.hpp
-- Installing: /home/vagrant/.julia/v0.5/Xtensor/deps/usr/include/xtensor/xlayout.hpp
-- Installing: /home/vagrant/.julia/v0.5/Xtensor/deps/usr/include/xtensor/xmath.hpp
-- Installing: /home/vagrant/.julia/v0.5/Xtensor/deps/usr/include/xtensor/xnoalias.hpp
-- Installing: /home/vagrant/.julia/v0.5/Xtensor/deps/usr/include/xtensor/xoperation.hpp
-- Installing: /home/vagrant/.julia/v0.5/Xtensor/deps/usr/include/xtensor/xrandom.hpp
-- Installing: /home/vagrant/.julia/v0.5/Xtensor/deps/usr/include/xtensor/xreducer.hpp
-- Installing: /home/vagrant/.julia/v0.5/Xtensor/deps/usr/include/xtensor/xscalar.hpp
-- Installing: /home/vagrant/.julia/v0.5/Xtensor/deps/usr/include/xtensor/xsemantic.hpp
-- Installing: /home/vagrant/.julia/v0.5/Xtensor/deps/usr/include/xtensor/xstridedview.hpp
-- Installing: /home/vagrant/.julia/v0.5/Xtensor/deps/usr/include/xtensor/xslice.hpp
-- Installing: /home/vagrant/.julia/v0.5/Xtensor/deps/usr/include/xtensor/xstorage.hpp
-- Installing: /home/vagrant/.julia/v0.5/Xtensor/deps/usr/include/xtensor/xstrides.hpp
-- Installing: /home/vagrant/.julia/v0.5/Xtensor/deps/usr/include/xtensor/xtensor.hpp
-- Installing: /home/vagrant/.julia/v0.5/Xtensor/deps/usr/include/xtensor/xtensor_config.hpp
-- Installing: /home/vagrant/.julia/v0.5/Xtensor/deps/usr/include/xtensor/xtensor_forward.hpp
-- Installing: /home/vagrant/.julia/v0.5/Xtensor/deps/usr/include/xtensor/xutils.hpp
-- Installing: /home/vagrant/.julia/v0.5/Xtensor/deps/usr/include/xtensor/xvectorize.hpp
-- Installing: /home/vagrant/.julia/v0.5/Xtensor/deps/usr/include/xtensor/xview.hpp
-- Installing: /home/vagrant/.julia/v0.5/Xtensor/deps/usr/include/xtensor/xoptional.hpp
-- Installing: /home/vagrant/.julia/v0.5/Xtensor/deps/usr/include/xtensor/xmissing.hpp
-- Installing: /home/vagrant/.julia/v0.5/Xtensor/deps/usr/include/xtensor/xfunctorview.hpp
-- Installing: /home/vagrant/.julia/v0.5/Xtensor/deps/usr/include/xtensor/xoffsetview.hpp
-- Installing: /home/vagrant/.julia/v0.5/Xtensor/deps/usr/include/xtensor/xcomplex.hpp
-- Installing: /home/vagrant/.julia/v0.5/Xtensor/deps/usr/include/xtensor/xview_utils.hpp
-- Installing: /home/vagrant/.julia/v0.5/Xtensor/deps/usr/include/xtensor/xcsv.hpp
-- Installing: /home/vagrant/.julia/v0.5/Xtensor/deps/usr/share/cmake/xtensor/xtensorConfig.cmake
-- Installing: /home/vagrant/.julia/v0.5/Xtensor/deps/usr/share/cmake/xtensor/xtensorConfigVersion.cmake
INFO: Attempting to Create directory /home/vagrant/.julia/v0.5/Xtensor/deps/../builds/xtensor-julia
INFO: Changing Directory to /home/vagrant/.julia/v0.5/Xtensor/deps/../builds/xtensor-julia
-- The C compiler identification is GNU 4.8.4
-- The CXX compiler identification is GNU 4.8.4
-- Check for working C compiler: /usr/bin/cc
-- Check for working C compiler: /usr/bin/cc -- works
-- Detecting C compiler ABI info
-- Detecting C compiler ABI info - done
-- Detecting C compile features
-- Detecting C compile features - done
-- Check for working CXX compiler: /usr/bin/c++
-- Check for working CXX compiler: /usr/bin/c++ -- works
-- Detecting CXX compiler ABI info
-- Detecting CXX compiler ABI info - done
-- Detecting CXX compile features
-- Detecting CXX compile features - done
-- xtensor-julia v0.0.3
-- Configuring done
-- Generating done
CMake Warning:
  Manually-specified variables were not used by the project:

    xtensor_DIR


-- Build files have been written to: /home/vagrant/.julia/v0.5/Xtensor/builds/xtensor-julia
Install the project...
-- Install configuration: ""
-- Installing: /home/vagrant/.julia/v0.5/Xtensor/deps/usr/include/xtensor-julia/jlarray.hpp
-- Installing: /home/vagrant/.julia/v0.5/Xtensor/deps/usr/include/xtensor-julia/jlcontainer.hpp
-- Installing: /home/vagrant/.julia/v0.5/Xtensor/deps/usr/include/xtensor-julia/jltensor.hpp
-- Installing: /home/vagrant/.julia/v0.5/Xtensor/deps/usr/include/xtensor-julia/jlvectorize.hpp
-- Installing: /home/vagrant/.julia/v0.5/Xtensor/deps/usr/include/xtensor-julia/xtensor_julia_config.hpp
-- Installing: /home/vagrant/.julia/v0.5/Xtensor/deps/usr/share/cmake/xtensor-julia/xtensor-juliaConfig.cmake
-- Installing: /home/vagrant/.julia/v0.5/Xtensor/deps/usr/share/cmake/xtensor-julia/xtensor-juliaConfigVersion.cmake
INFO: Attempting to Create directory /home/vagrant/.julia/v0.5/Xtensor/deps/../builds/xtensor-julia-examples
INFO: Changing Directory to /home/vagrant/.julia/v0.5/Xtensor/deps/../builds/xtensor-julia-examples
-- The C compiler identification is GNU 4.8.4
-- The CXX compiler identification is GNU 4.8.4
-- Check for working C compiler: /usr/bin/cc
-- Check for working C compiler: /usr/bin/cc -- works
-- Detecting C compiler ABI info
-- Detecting C compiler ABI info - done
-- Detecting C compile features
-- Detecting C compile features - done
-- Check for working CXX compiler: /usr/bin/c++
-- Check for working CXX compiler: /usr/bin/c++ -- works
-- Detecting CXX compiler ABI info
-- Detecting CXX compiler ABI info - done
-- Detecting CXX compile features
-- Detecting CXX compile features - done
-- Julia_EXECUTABLE:     /home/vagrant/julia/bin/julia
-- Julia_VERSION_STRING: 0.5.2
-- Julia_INCLUDE_DIRS:   /home/vagrant/julia/include/julia
-- Julia_LIBRARY_DIR:    /home/vagrant/julia/lib
-- Julia_LIBRARY:        /home/vagrant/julia/lib/libjulia.so
-- JULIA_HOME:           /home/vagrant/julia/bin
-- Julia_LLVM_VERSION:   3.7.1
-- Found Julia: /home/vagrant/julia/lib/libjulia.so (found version "0.5.2") 
-- Configuring done
-- Generating done
-- Build files have been written to: /home/vagrant/.julia/v0.5/Xtensor/builds/xtensor-julia-examples
Scanning dependencies of target tensors
[ 50%] Building CXX object CMakeFiles/tensors.dir/tensors.cpp.o
c++: error: unrecognized command line option ‘-std=c++14’
make[2]: *** [CMakeFiles/tensors.dir/tensors.cpp.o] Error 1
make[1]: *** [CMakeFiles/tensors.dir/all] Error 2
make: *** [all] Error 2
===============================[ ERROR: Xtensor ]===============================

LoadError: failed process: Process(`cmake --build . --config Release --target install`, ProcessExited(2)) [2]
while loading /home/vagrant/.julia/v0.5/Xtensor/deps/build.jl, in expression starting on line 86

================================================================================

================================[ BUILD ERRORS ]================================

WARNING: Xtensor had build errors.

 - packages with build errors remain installed in /home/vagrant/.julia/v0.5
 - build the package(s) and all dependencies with `Pkg.build("Xtensor")`
 - build a single package by running its `deps/build.jl` script

================================================================================
INFO: Package database updated
INFO: METADATA is out-of-date — you may not have the latest version of Xtensor
INFO: Use `Pkg.update()` to get the latest versions of your packages

>>> 'Pkg.test("Xtensor")' log
Julia Version 0.5.2
Commit f4c6c9d (2017-05-06 16:34 UTC)
Platform Info:
  OS: Linux (x86_64-pc-linux-gnu)
  CPU: Intel(R) Xeon(R) CPU E3-1241 v3 @ 3.50GHz
  WORD_SIZE: 64
           Ubuntu 14.04.5 LTS
  uname: Linux 3.13.0-121-generic #170-Ubuntu SMP Wed Jun 14 09:04:33 UTC 2017 x86_64 x86_64
Memory: 2.9392738342285156 GB (1654.09375 MB free)
Uptime: 53564.0 sec
Load Avg:  1.23486328125  1.04638671875  0.89501953125
Intel(R) Xeon(R) CPU E3-1241 v3 @ 3.50GHz: 
       speed         user         nice          sys         idle          irq
#1  3499 MHz    3416429 s       6695 s     289475 s     973367 s        101 s
#2  3499 MHz    1020374 s         40 s     133930 s    4064861 s          1 s

  BLAS: libopenblas (USE64BITINT DYNAMIC_ARCH NO_AFFINITY Nehalem)
  LAPACK: libopenblas64_
  LIBM: libopenlibm
  LLVM: libLLVM-3.7.1 (ORCJIT, haswell)
Environment:
  TERM = vt100
  LD_LIBRARY_PATH = :/usr/local/lib/
  PATH = /usr/local/sbin:/usr/local/bin:/usr/sbin:/usr/bin:/sbin:/bin:/usr/games:/usr/local/games:/home/vagrant/julia/bin/
  JAVA_HOME = /usr/lib/jvm/java-8-openjdk-amd64
  HOME = /home/vagrant

Package Directory: /home/vagrant/.julia/v0.5
2 required packages:
 - JSON                          0.12.0
 - Xtensor                       0.0.3
5 additional packages:
 - BinDeps                       0.6.0
 - Compat                        0.26.0
 - CxxWrap                       0.4.1
 - SHA                           0.3.3
 - URIParser                     0.1.8
INFO: Testing Xtensor
ERROR: LoadError: /home/vagrant/.julia/v0.5/Xtensor/deps/deps.jl not found, package xtensor-julia did not build properly
 in error(::String) at ./error.jl:21
 in include_from_node1(::String) at ./loading.jl:488
 in macro expansion; at ./none:2 [inlined]
 in anonymous at ./<missing>:?
 in eval(::Module, ::Any) at ./boot.jl:234
 in process_options(::Base.JLOptions) at ./client.jl:242
 in _start() at ./client.jl:321
while loading /home/vagrant/.julia/v0.5/Xtensor/src/Xtensor.jl, in expression starting on line 9
ERROR: LoadError: LoadError: Failed to precompile Xtensor to /home/vagrant/.julia/lib/v0.5/Xtensor.ji.
 in compilecache(::String) at ./loading.jl:593
 in require(::Symbol) at ./loading.jl:422
 in include_from_node1(::String) at ./loading.jl:488 (repeats 2 times)
 in process_options(::Base.JLOptions) at ./client.jl:265
 in _start() at ./client.jl:321
while loading /home/vagrant/.julia/v0.5/Xtensor/test/tensors.jl, in expression starting on line 11
while loading /home/vagrant/.julia/v0.5/Xtensor/test/runtests.jl, in expression starting on line 9
===============================[ ERROR: Xtensor ]===============================

failed process: Process(`/home/vagrant/julia/bin/julia -Cx86-64 -J/home/vagrant/julia/lib/julia/sys.so --compile=yes --depwarn=yes --check-bounds=yes --code-coverage=none --color=no --compilecache=yes /home/vagrant/.julia/v0.5/Xtensor/test/runtests.jl`, ProcessExited(1)) [1]

================================================================================
ERROR: Xtensor had test errors
 in #test#61(::Bool, ::Function, ::Array{AbstractString,1}) at ./pkg/entry.jl:748
 in (::Base.Pkg.Entry.#kw##test)(::Array{Any,1}, ::Base.Pkg.Entry.#test, ::Array{AbstractString,1}) at ./<missing>:0
 in (::Base.Pkg.Dir.##2#3{Array{Any,1},Base.Pkg.Entry.#test,Tuple{Array{AbstractString,1}}})() at ./pkg/dir.jl:31
 in cd(::Base.Pkg.Dir.##2#3{Array{Any,1},Base.Pkg.Entry.#test,Tuple{Array{AbstractString,1}}}, ::String) at ./file.jl:59
 in #cd#1(::Array{Any,1}, ::Function, ::Function, ::Array{AbstractString,1}, ::Vararg{Array{AbstractString,1},N}) at ./pkg/dir.jl:31
 in (::Base.Pkg.Dir.#kw##cd)(::Array{Any,1}, ::Base.Pkg.Dir.#cd, ::Function, ::Array{AbstractString,1}, ::Vararg{Array{AbstractString,1},N}) at ./<missing>:0
 in #test#3(::Bool, ::Function, ::String, ::Vararg{String,N}) at ./pkg/pkg.jl:258
 in test(::String, ::Vararg{String,N}) at ./pkg/pkg.jl:258
 in eval(::Module, ::Any) at ./boot.jl:234
 in process_options(::Base.JLOptions) at ./client.jl:242
 in _start() at ./client.jl:321

>>> End of log
