>>> 'Pkg.add("YAML")' log

>>> 'using YAML' log

>>> test log
spec-02-01: PASSED
spec-02-02: PASSED
spec-02-03: PASSED
spec-02-04: PASSED
spec-02-05: PASSED
spec-02-06: PASSED
spec-02-07: PASSED
spec-02-08: PASSED
spec-02-09: PASSED
spec-02-10: PASSED
spec-02-11: PASSED
spec-02-12: PASSED
spec-02-13: PASSED
spec-02-14: PASSED
spec-02-15: PASSED
spec-02-16: PASSED
spec-02-17: PASSED
spec-02-18: PASSED
spec-02-19: PASSED
spec-02-20: PASSED
spec-02-21: PASSED
spec-02-22: PASSED
spec-02-23: PASSED
empty_scalar: PASSED
no_trailing_newline: PASSED

>>> end of log
