>>> 'Pkg.add("Zeros")' log
WARNING: Base.Pkg is deprecated, run `using Pkg` instead
 in module Main
[ Info: Cloning cache of Zeros from https://github.com/perrutquist/Zeros.jl.git
[ Info: Installing Zeros v0.0.1
[ Info: Package database updated

>>> 'Pkg.test("Zeros")' log
WARNING: Base.versioninfo is deprecated: it has been moved to the standard library package `InteractiveUtils`.
Add `using InteractiveUtils` to your imports.
 in module Main
WARNING: Base.versioninfo is deprecated: it has been moved to the standard library package `InteractiveUtils`.
Add `using InteractiveUtils` to your imports.
 in module Main
Julia Version 0.7.0-DEV.3951
Commit 80a8175422 (2018-02-10 19:43 UTC)
Platform Info:
  OS: Linux (x86_64-pc-linux-gnu)
      Ubuntu 14.04.5 LTS
  uname: Linux 3.13.0-135-generic #184-Ubuntu SMP Wed Oct 18 11:55:51 UTC 2017 x86_64 x86_64
  CPU: Intel(R) Xeon(R) CPU E3-1241 v3 @ 3.50GHz: 
              speed         user         nice          sys         idle          irq
       #1  3505 MHz    5795162 s      10436 s     279510 s    1556367 s         98 s
       #2  3505 MHz    1264890 s       5870 s     108363 s    7406557 s          4 s
       
  Memory: 2.93927001953125 GB (1175.796875 MB free)
  Uptime: 89376.0 sec
  Load Avg:  0.98486328125  0.978515625  1.01318359375
  WORD_SIZE: 64
  LIBM: libopenlibm
  LLVM: libLLVM-3.9.1 (ORCJIT, haswell)
Environment:
  TERM = vt100
  LD_LIBRARY_PATH = :/usr/local/lib/
  PATH = /usr/local/sbin:/usr/local/bin:/usr/sbin:/usr/bin:/sbin:/bin:/usr/games:/usr/local/games:/home/vagrant/julia/bin/
  JAVA_HOME = /usr/lib/jvm/java-8-openjdk-amd64
  HOME = /home/vagrant
Packages:
  Package Directory: /home/vagrant/.julia/v0.7
  Package Status:
2 required packages:
 - JSON                          0.16.4
 - Zeros                         0.0.1
3 additional packages:
 - Compat                        0.53.0
 - Nullables                     0.0.3
 - tmpDj2xe9                     0.0.0-             non-repo (unregistered)
WARNING: Base.Pkg is deprecated, run `using Pkg` instead
 in module Main
[ Info: Testing Zeros
┌ Warning: Deprecated syntax `immutable` at /home/vagrant/.julia/v0.7/Zeros/src/Zeros.jl:10.
│ Use `struct` instead.
└ @ nothing Zeros.jl:10
┌ Warning: Deprecated syntax `multiple line breaks between doc string and object` at /home/vagrant/.julia/v0.7/Zeros/src/Zeros.jl:85.
│ Use `at most one line break` instead.
└ @ nothing Zeros.jl:85
┌ Warning: Deprecated syntax `parametric method syntax promote_rule{T <: Number}(::Type{Zero}, ::Type{T})` around /home/vagrant/.julia/v0.7/Zeros/src/Zeros.jl:15.
│ Use `promote_rule(#unused#::Type{Zero}, #unused#::Type{T}) where T <: Number` instead.
└ @ nothing Zeros.jl:15
┌ Warning: Deprecated syntax `parametric method syntax convert{T <: Number}(::Type{T}, ::Zero)` around /home/vagrant/.julia/v0.7/Zeros/src/Zeros.jl:18.
│ Use `convert(#unused#::Type{T}, #unused#::Zero) where T <: Number` instead.
└ @ nothing Zeros.jl:18
┌ Warning: Deprecated syntax `parametric method syntax convert{T <: Number}(::Type{Zero}, x::T)` around /home/vagrant/.julia/v0.7/Zeros/src/Zeros.jl:19.
│ Use `convert(#unused#::Type{Zero}, x::T) where T <: Number` instead.
└ @ nothing Zeros.jl:19
WARNING: Base.Test is deprecated, run `using Test` instead
  likely near /home/vagrant/.julia/v0.7/Zeros/test/runtests.jl:2
┌ Warning: Constructors no longer fall back to `convert`. A constructor `Zero(::Int64)` should be defined instead.
│   caller = top-level scope
└ @ Core :0
┌ Warning: Constructors no longer fall back to `convert`. A constructor `AbstractFloat(::Zero)` should be defined instead.
│   caller = float(::Zero) at float.jl:266
└ @ Base float.jl:266
┌ Warning: Constructors no longer fall back to `convert`. A constructor `Float64(::Zero)` should be defined instead.
│   caller = Float64(::Complex{Zero}) at complex.jl:37
└ @ Base complex.jl:37
[ Info: Zeros tests passed

>>> End of log
