>>> 'Pkg.add("ZMQ")' log
INFO: Installing BinDeps v0.4.5
INFO: Installing SHA v0.2.1
INFO: Installing URIParser v0.1.6
INFO: Installing ZMQ v0.3.4
INFO: Building ZMQ
INFO: Package database updated

>>> 'Pkg.test("ZMQ")' log
Julia Version 0.4.6
Commit 2e358ce (2016-06-19 17:16 UTC)
Platform Info:
  System: Linux (x86_64-unknown-linux-gnu)
  CPU: Intel(R) Xeon(R) CPU E3-1241 v3 @ 3.50GHz
  WORD_SIZE: 64
           Ubuntu 14.04.5 LTS
  uname: Linux 3.13.0-95-generic #142-Ubuntu SMP Fri Aug 12 17:00:09 UTC 2016 x86_64 x86_64
Memory: 2.4471054077148438 GB (1560.19921875 MB free)
Uptime: 31477.0 sec
Load Avg:  1.052734375  0.9677734375  0.84228515625
Intel(R) Xeon(R) CPU E3-1241 v3 @ 3.50GHz: 
       speed         user         nice          sys         idle          irq
#1  3500 MHz    1415018 s       4273 s     147142 s    1172773 s         93 s
#2  3500 MHz     847314 s       1460 s     125001 s    2017683 s          1 s

  BLAS: libopenblas (USE64BITINT DYNAMIC_ARCH NO_AFFINITY Nehalem)
  LAPACK: libopenblas64_
  LIBM: libopenlibm
  LLVM: libLLVM-3.3
Environment:
  TERM = vt100
  LD_LIBRARY_PATH = :/usr/local/lib/
  PATH = /usr/local/sbin:/usr/local/bin:/usr/sbin:/usr/bin:/sbin:/bin:/usr/games:/usr/local/games:/home/vagrant/julia/bin/
  JAVA_HOME = /usr/lib/jvm/java-7-oracle
  HOME = /home/vagrant

Package Directory: /home/vagrant/.julia/v0.4
2 required packages:
 - JSON                          0.7.0
 - ZMQ                           0.3.4
4 additional packages:
 - BinDeps                       0.4.5
 - Compat                        0.9.1
 - SHA                           0.2.1
 - URIParser                     0.1.6
INFO: Testing ZMQ
Testing with ZMQ version 3.2.4
INFO: ZMQ tests passed

>>> End of log
